Load 7680 1-gram new features from /zf18/ll5fy/lab/dataset/amazon_movie/amazon_movie_features.txt...
841 users are loaded from /zf18/ll5fy/lab/dataset/amazon_movie/byUser_70k_review/data/...
Info File Path: /zf18/ll5fy/lab/dataset/amazon_movie/byUser_70k_review/output/5foldsCVColdstart/LDA_User_info.txt
[Info]Start FIXED cross validation...
235 users are loaded from /zf18/ll5fy/lab/dataset/amazon_movie/byUser_70k_review/5foldsCVColdstart/0/...
237 users are loaded from /zf18/ll5fy/lab/dataset/amazon_movie/byUser_70k_review/5foldsCVColdstart/1/...
248 users are loaded from /zf18/ll5fy/lab/dataset/amazon_movie/byUser_70k_review/5foldsCVColdstart/2/...
251 users are loaded from /zf18/ll5fy/lab/dataset/amazon_movie/byUser_70k_review/5foldsCVColdstart/3/...
240 users are loaded from /zf18/ll5fy/lab/dataset/amazon_movie/byUser_70k_review/5foldsCVColdstart/4/...
====================
[Info]Fold No. 0: 
[Info]Analzying corpus: 
...........-- Global corpus: vocabulary size: 7680, review size: 26309, item size: 838, user size: 835
train size = 20962, test size = 5347....
[Info]Analying bipartie graph: 
-- train graph: review size: 20962, item size: 753, user size: 744
[Info]EM Starting multithread LDA_Focus[k:5, alpha:1.01, beta:1.00, Variational]...
==============
[Info]Likelihood -8119666.60083 at step 0 converge to 1.0000000000...
==============
[Info]Likelihood -8118791.62505 at step 1 converge to 0.0001077601...
==============
[Info]Likelihood -8115932.54538 at step 2 converge to 0.0003521558...
==============
[Info]Likelihood -8103744.94334 at step 3 converge to 0.0015016884...
==============
[Info]Likelihood -8069730.74961 at step 4 converge to 0.0041973426...
==============
[Info]Likelihood -8014964.97051 at step 5 converge to 0.0067865683...
==============
[Info]Likelihood -7966861.29768 at step 6 converge to 0.0060017321...
==============
[Info]Likelihood -7935241.07148 at step 7 converge to 0.0039689691...
==============
[Info]Likelihood -7914252.72629 at step 8 converge to 0.0026449537...
==============
[Info]Likelihood -7899349.23403 at step 9 converge to 0.0018831206...
==============
[Info]Likelihood -7888108.26904 at step 10 converge to 0.0014230242...
==============
[Info]Likelihood -7879177.47366 at step 11 converge to 0.0011321847...
==============
[Info]Likelihood -7871810.25772 at step 12 converge to 0.0009350235...
==============
[Info]Likelihood -7865576.19859 at step 13 converge to 0.0007919473...
==============
[Info]Likelihood -7860170.89417 at step 14 converge to 0.0006872102...
==============
[Info]Likelihood -7855355.81687 at step 15 converge to 0.0006125919...
==============
[Info]Likelihood -7850996.91595 at step 16 converge to 0.0005548954...
==============
[Info]Likelihood -7847054.16497 at step 17 converge to 0.0005021975...
==============
[Info]Likelihood -7843458.94655 at step 18 converge to 0.0004581615...
==============
[Info]Likelihood -7840179.78182 at step 19 converge to 0.0004180764...
==============
[Info]Likelihood -7837243.83096 at step 20 converge to 0.0003744749...
==============
[Info]Likelihood -7834552.32498 at step 21 converge to 0.0003434251...
==============
[Info]Likelihood -7831990.71410 at step 22 converge to 0.0003269633...
==============
[Info]Likelihood -7829570.03684 at step 23 converge to 0.0003090756...
==============
[Info]Likelihood -7827310.68826 at step 24 converge to 0.0002885661...
==============
[Info]Likelihood -7825166.75057 at step 25 converge to 0.0002739048...
==============
[Info]Likelihood -7823157.67508 at step 26 converge to 0.0002567454...
==============
[Info]Likelihood -7821317.85812 at step 27 converge to 0.0002351757...
==============
[Info]Likelihood -7819627.66137 at step 28 converge to 0.0002161013...
==============
[Info]Likelihood -7818071.08737 at step 29 converge to 0.0001990599...
==============
[Info]Likelihood -7816615.66445 at step 30 converge to 0.0001861614...
==============
[Info]Likelihood -7815233.66861 at step 31 converge to 0.0001768023...
==============
[Info]Likelihood -7813857.43792 at step 32 converge to 0.0001760959...
==============
[Info]Likelihood -7812533.09018 at step 33 converge to 0.0001694871...
==============
[Info]Likelihood -7811338.48242 at step 34 converge to 0.0001529091...
==============
[Info]Likelihood -7810246.36860 at step 35 converge to 0.0001398114...
==============
[Info]Likelihood -7809227.40624 at step 36 converge to 0.0001304648...
==============
[Info]Likelihood -7808233.54967 at step 37 converge to 0.0001272670...
==============
[Info]Likelihood -7807237.34755 at step 38 converge to 0.0001275835...
==============
[Info]Likelihood -7806236.01810 at step 39 converge to 0.0001282566...
==============
[Info]Likelihood -7805236.50756 at step 40 converge to 0.0001280400...
==============
[Info]Likelihood -7804238.49799 at step 41 converge to 0.0001278641...
==============
[Info]Likelihood -7803293.65171 at step 42 converge to 0.0001210684...
==============
[Info]Likelihood -7802427.13923 at step 43 converge to 0.0001110445...
==============
[Info]Likelihood -7801616.60574 at step 44 converge to 0.0001038822...
==============
[Info]Likelihood -7800778.32143 at step 45 converge to 0.0001074501...
==============
[Info]Likelihood -7800011.46561 at step 46 converge to 0.0000983050...
==============
[Info]Likelihood -7799331.90669 at step 47 converge to 0.0000871228...
==============
[Info]Likelihood -7798682.68029 at step 48 converge to 0.0000832413...
==============
[Info]Likelihood -7798068.88678 at step 49 converge to 0.0000787048...
[Info]Likelihood -7798068.887 after step 50 converge to 0.000079 after 195 seconds...
[Info]Analying bipartie graph: 
-- test graph: review size: 5347, item size: 258, user size: 235
[Info]Start evaluation in thread
[Stat]Test evaluation finished: 5347 docs
[Stat]0 part has 703.000000 docs: perplexity is 2325.275 and log-likelihood is -396.754
[Stat]1 part has 1467.000000 docs: perplexity is 2291.211 and log-likelihood is -423.617
[Stat]2 part has 1059.000000 docs: perplexity is 2134.642 and log-likelihood is -383.628
[Stat]3 part has 2118.000000 docs: perplexity is 2080.187 and log-likelihood is -415.064
[Stat]4 part has 5347.000000 docs: perplexity is 2178.551 and log-likelihood is -408.777
[Info]multithread LDA_Focus[k:5, alpha:1.01, beta:1.00, Variational] Train/Test finished in 197.92 seconds...
TopWord FilePath:/zf18/ll5fy/lab/dataset/amazon_movie/byUser_70k_review/output/5foldsCVColdstart/0/LDA_User_topWords_5.txt
Topic 0(0.22906):	dead(0.00947)	battl(0.00810)	evil(0.00786)	remak(0.00723)	earth(0.00722)	return(0.00663)	king(0.00628)	save(0.00589)	michael(0.00585)	monster(0.00566)	flick(0.00559)	hous(0.00550)	hero(0.00526)	planet(0.00518)	attack(0.00493)	creatur(0.00487)	gore(0.00429)	night(0.00420)	blood(0.00415)	genr(0.00409)	robot(0.00405)	halloween(0.00401)	sequenc(0.00397)	soldier(0.00394)	cool(0.00382)	matrix(0.00354)	ship(0.00350)	episod(0.00343)	wait(0.00335)	superhero(0.00318)	
Topic 1(0.21721):	comedi(0.01188)	laugh(0.00821)	jack(0.00686)	daughter(0.00681)	night(0.00655)	anim(0.00635)	humor(0.00626)	father(0.00603)	voic(0.00519)	brother(0.00499)	hilari(0.00495)	oscar(0.00491)	song(0.00444)	mother(0.00429)	romant(0.00422)	talk(0.00399)	bill(0.00393)	talent(0.00388)	town(0.00384)	marri(0.00368)	joke(0.00361)	decid(0.00355)	frank(0.00343)	kidman(0.00330)	villag(0.00319)	william(0.00317)	babi(0.00314)	support(0.00313)	career(0.00312)	serious(0.00311)	
Topic 2(0.23554):	polit(0.00483)	violenc(0.00469)	histori(0.00464)	natur(0.00435)	peter(0.00420)	understand(0.00418)	father(0.00353)	tale(0.00334)	issu(0.00327)	simpli(0.00326)	side(0.00321)	situat(0.00317)	drama(0.00306)	truth(0.00302)	hollywood(0.00300)	fear(0.00300)	spiderman(0.00298)	focus(0.00295)	case(0.00295)	black(0.00292)	countri(0.00289)	citi(0.00288)	theme(0.00283)	moral(0.00280)	struggl(0.00279)	societi(0.00274)	manag(0.00273)	piec(0.00272)	york(0.00269)	captur(0.00263)	
Topic 3(0.16339):	bond(0.01467)	michael(0.00845)	thriller(0.00818)	jame(0.00776)	bruce(0.00687)	jone(0.00686)	secret(0.00593)	depp(0.00555)	villain(0.00505)	robert(0.00497)	johnni(0.00465)	killer(0.00453)	willi(0.00450)	potter(0.00449)	polic(0.00441)	team(0.00430)	hank(0.00425)	plan(0.00384)	washington(0.00372)	suspens(0.00371)	prison(0.00367)	twist(0.00364)	charli(0.00351)	hero(0.00349)	ryan(0.00337)	toni(0.00333)	daniel(0.00320)	citi(0.00312)	ford(0.00311)	fire(0.00300)	
Topic 4(0.15480):	edit(0.01631)	quot(0.01325)	commentari(0.01100)	qualiti(0.01034)	video(0.01022)	product(0.00914)	visual(0.00893)	audio(0.00873)	documentari(0.00785)	disc(0.00775)	game(0.00725)	digit(0.00673)	shot(0.00667)	rate(0.00659)	camera(0.00612)	amaz(0.00608)	interview(0.00576)	theatric(0.00562)	crew(0.00557)	trek(0.00547)	produc(0.00524)	delet(0.00506)	featurett(0.00502)	collect(0.00501)	track(0.00493)	soundtrack(0.00455)	transfer(0.00452)	sequenc(0.00420)	total(0.00408)	hulk(0.00395)	
237 users are loaded from /zf18/ll5fy/lab/dataset/amazon_movie/byUser_70k_review/5foldsCVColdstart/1/...
235 users are loaded from /zf18/ll5fy/lab/dataset/amazon_movie/byUser_70k_review/5foldsCVColdstart/0/...
248 users are loaded from /zf18/ll5fy/lab/dataset/amazon_movie/byUser_70k_review/5foldsCVColdstart/2/...
251 users are loaded from /zf18/ll5fy/lab/dataset/amazon_movie/byUser_70k_review/5foldsCVColdstart/3/...
240 users are loaded from /zf18/ll5fy/lab/dataset/amazon_movie/byUser_70k_review/5foldsCVColdstart/4/...
====================
[Info]Fold No. 1: 
[Info]Analzying corpus: 
...........-- Global corpus: vocabulary size: 7680, review size: 26309, item size: 838, user size: 835
train size = 21478, test size = 4831....
[Info]Analying bipartie graph: 
-- train graph: review size: 21478, item size: 750, user size: 743
[Info]EM Starting multithread LDA_Focus[k:5, alpha:1.01, beta:1.00, Variational]...
==============
[Info]Likelihood -8500540.82489 at step 0 converge to 1.0000000000...
==============
[Info]Likelihood -8499644.39506 at step 1 converge to 0.0001054556...
==============
[Info]Likelihood -8497002.72447 at step 2 converge to 0.0003107978...
==============
[Info]Likelihood -8483932.16322 at step 3 converge to 0.0015382555...
==============
[Info]Likelihood -8448538.14879 at step 4 converge to 0.0041718880...
==============
[Info]Likelihood -8394595.67630 at step 5 converge to 0.0063848291...
==============
[Info]Likelihood -8346042.41113 at step 6 converge to 0.0057838718...
==============
[Info]Likelihood -8312168.48406 at step 7 converge to 0.0040586814...
==============
[Info]Likelihood -8288657.03522 at step 8 converge to 0.0028285578...
==============
[Info]Likelihood -8271361.59205 at step 9 converge to 0.0020866400...
==============
[Info]Likelihood -8257950.83484 at step 10 converge to 0.0016213482...
==============
[Info]Likelihood -8247095.94593 at step 11 converge to 0.0013144773...
==============
[Info]Likelihood -8237977.88536 at step 12 converge to 0.0011056086...
==============
[Info]Likelihood -8230173.78411 at step 13 converge to 0.0009473321...
==============
[Info]Likelihood -8223481.08624 at step 14 converge to 0.0008131903...
==============
[Info]Likelihood -8217618.20603 at step 15 converge to 0.0007129438...
==============
[Info]Likelihood -8212397.71737 at step 16 converge to 0.0006352800...
==============
[Info]Likelihood -8207744.59500 at step 17 converge to 0.0005665973...
==============
[Info]Likelihood -8203574.02981 at step 18 converge to 0.0005081256...
==============
[Info]Likelihood -8199817.53390 at step 19 converge to 0.0004579097...
==============
[Info]Likelihood -8196409.51170 at step 20 converge to 0.0004156217...
==============
[Info]Likelihood -8193318.22207 at step 21 converge to 0.0003771517...
==============
[Info]Likelihood -8190530.74108 at step 22 converge to 0.0003402139...
==============
[Info]Likelihood -8188008.48505 at step 23 converge to 0.0003079478...
==============
[Info]Likelihood -8185712.88810 at step 24 converge to 0.0002803608...
==============
[Info]Likelihood -8183578.35290 at step 25 converge to 0.0002607635...
==============
[Info]Likelihood -8181476.69470 at step 26 converge to 0.0002568141...
==============
[Info]Likelihood -8179406.21782 at step 27 converge to 0.0002530688...
==============
[Info]Likelihood -8177508.15585 at step 28 converge to 0.0002320538...
==============
[Info]Likelihood -8175724.20898 at step 29 converge to 0.0002181529...
==============
[Info]Likelihood -8174016.62111 at step 30 converge to 0.0002088607...
==============
[Info]Likelihood -8172371.66092 at step 31 converge to 0.0002012426...
==============
[Info]Likelihood -8170827.01867 at step 32 converge to 0.0001890078...
==============
[Info]Likelihood -8169453.76181 at step 33 converge to 0.0001680683...
==============
[Info]Likelihood -8168240.48501 at step 34 converge to 0.0001485138...
==============
[Info]Likelihood -8167145.36239 at step 35 converge to 0.0001340708...
==============
[Info]Likelihood -8166138.55176 at step 36 converge to 0.0001232757...
==============
[Info]Likelihood -8165177.93659 at step 37 converge to 0.0001176340...
==============
[Info]Likelihood -8164244.21232 at step 38 converge to 0.0001143544...
==============
[Info]Likelihood -8163329.17000 at step 39 converge to 0.0001120792...
==============
[Info]Likelihood -8162370.09247 at step 40 converge to 0.0001174861...
==============
[Info]Likelihood -8161367.24112 at step 41 converge to 0.0001228628...
==============
[Info]Likelihood -8160382.92208 at step 42 converge to 0.0001206071...
==============
[Info]Likelihood -8159484.73981 at step 43 converge to 0.0001100662...
==============
[Info]Likelihood -8158694.65096 at step 44 converge to 0.0000968307...
==============
[Info]Likelihood -8157975.93653 at step 45 converge to 0.0000880918...
==============
[Info]Likelihood -8157250.05502 at step 46 converge to 0.0000889781...
==============
[Info]Likelihood -8156536.69928 at step 47 converge to 0.0000874505...
==============
[Info]Likelihood -8155892.87519 at step 48 converge to 0.0000789335...
==============
[Info]Likelihood -8155296.55099 at step 49 converge to 0.0000731157...
[Info]Likelihood -8155296.551 after step 50 converge to 0.000073 after 193 seconds...
[Info]Analying bipartie graph: 
-- test graph: review size: 4831, item size: 245, user size: 237
[Info]Start evaluation in thread
[Stat]Test evaluation finished: 4831 docs
[Stat]0 part has 752.000000 docs: perplexity is 2255.704 and log-likelihood is -379.305
[Stat]1 part has 1116.000000 docs: perplexity is 2201.695 and log-likelihood is -386.753
[Stat]2 part has 1144.000000 docs: perplexity is 2302.620 and log-likelihood is -360.488
[Stat]3 part has 1819.000000 docs: perplexity is 2184.507 and log-likelihood is -378.818
[Stat]4 part has 4831.000000 docs: perplexity is 2225.911 and log-likelihood is -376.386
[Info]multithread LDA_Focus[k:5, alpha:1.01, beta:1.00, Variational] Train/Test finished in 195.58 seconds...
TopWord FilePath:/zf18/ll5fy/lab/dataset/amazon_movie/byUser_70k_review/output/5foldsCVColdstart/1/LDA_User_topWords_5.txt
Topic 0(0.16021):	edit(0.01550)	anim(0.01323)	king(0.01100)	commentari(0.01046)	visual(0.01036)	battl(0.00919)	video(0.00902)	audio(0.00814)	disc(0.00698)	qualiti(0.00696)	product(0.00652)	episod(0.00633)	digit(0.00602)	documentari(0.00567)	amaz(0.00528)	theatric(0.00517)	voic(0.00514)	delet(0.00496)	featurett(0.00486)	jone(0.00484)	sequenc(0.00483)	epic(0.00475)	collect(0.00420)	rate(0.00419)	return(0.00419)	track(0.00419)	cameron(0.00416)	shot(0.00411)	predat(0.00409)	interview(0.00406)	
Topic 1(0.18655):	bond(0.01092)	earth(0.00816)	save(0.00702)	jame(0.00602)	ship(0.00561)	planet(0.00545)	team(0.00493)	robot(0.00477)	hero(0.00467)	crew(0.00463)	govern(0.00446)	race(0.00438)	destroy(0.00427)	mission(0.00422)	futur(0.00416)	sequenc(0.00415)	soldier(0.00409)	attack(0.00402)	captain(0.00377)	plan(0.00375)	presid(0.00373)	fiction(0.00373)	trek(0.00366)	unit(0.00365)	polit(0.00354)	militari(0.00346)	washington(0.00345)	return(0.00342)	transform(0.00338)	battl(0.00329)	
Topic 2(0.17445):	jack(0.01080)	comedi(0.00930)	peter(0.00729)	oscar(0.00588)	depp(0.00528)	talent(0.00517)	spiderman(0.00505)	romant(0.00481)	humor(0.00470)	brilliant(0.00463)	superhero(0.00461)	iron(0.00461)	willi(0.00448)	mari(0.00446)	robert(0.00444)	support(0.00440)	hugh(0.00420)	amaz(0.00419)	johnni(0.00396)	song(0.00395)	pirat(0.00387)	toni(0.00386)	romanc(0.00364)	paul(0.00355)	father(0.00353)	manag(0.00352)	xmen(0.00342)	matt(0.00342)	charli(0.00340)	bourn(0.00332)	
Topic 3(0.24702):	dead(0.01019)	hous(0.00957)	michael(0.00937)	night(0.00816)	remak(0.00736)	flick(0.00684)	laugh(0.00608)	evil(0.00557)	bore(0.00523)	killer(0.00505)	bruce(0.00496)	serious(0.00454)	twist(0.00443)	gore(0.00441)	blood(0.00435)	genr(0.00424)	humor(0.00406)	half(0.00397)	wait(0.00395)	suspens(0.00393)	money(0.00393)	quot(0.00388)	town(0.00383)	brother(0.00371)	room(0.00371)	monster(0.00365)	talk(0.00359)	cool(0.00353)	rent(0.00347)	stupid(0.00343)	
Topic 4(0.23177):	father(0.00573)	violenc(0.00484)	mother(0.00484)	understand(0.00413)	tale(0.00405)	case(0.00390)	histori(0.00372)	daughter(0.00363)	natur(0.00357)	david(0.00349)	potter(0.00347)	drama(0.00345)	brilliant(0.00343)	oscar(0.00334)	support(0.00333)	deal(0.00333)	husband(0.00321)	black(0.00310)	theme(0.00291)	quot(0.00284)	truth(0.00280)	simpli(0.00279)	award(0.00277)	villag(0.00276)	issu(0.00276)	lost(0.00267)	order(0.00265)	william(0.00264)	situat(0.00263)	prison(0.00263)	
248 users are loaded from /zf18/ll5fy/lab/dataset/amazon_movie/byUser_70k_review/5foldsCVColdstart/2/...
235 users are loaded from /zf18/ll5fy/lab/dataset/amazon_movie/byUser_70k_review/5foldsCVColdstart/0/...
237 users are loaded from /zf18/ll5fy/lab/dataset/amazon_movie/byUser_70k_review/5foldsCVColdstart/1/...
251 users are loaded from /zf18/ll5fy/lab/dataset/amazon_movie/byUser_70k_review/5foldsCVColdstart/3/...
240 users are loaded from /zf18/ll5fy/lab/dataset/amazon_movie/byUser_70k_review/5foldsCVColdstart/4/...
====================
[Info]Fold No. 2: 
[Info]Analzying corpus: 
...........-- Global corpus: vocabulary size: 7680, review size: 26309, item size: 838, user size: 835
train size = 21326, test size = 4983....
[Info]Analying bipartie graph: 
-- train graph: review size: 21326, item size: 768, user size: 741
[Info]EM Starting multithread LDA_Focus[k:5, alpha:1.01, beta:1.00, Variational]...
==============
[Info]Likelihood -8330142.86740 at step 0 converge to 1.0000000000...
==============
[Info]Likelihood -8329241.12469 at step 1 converge to 0.0001082506...
==============
[Info]Likelihood -8326388.11851 at step 2 converge to 0.0003425289...
==============
[Info]Likelihood -8312692.50766 at step 3 converge to 0.0016448442...
==============
[Info]Likelihood -8276764.85987 at step 4 converge to 0.0043220229...
==============
[Info]Likelihood -8219927.37809 at step 5 converge to 0.0068671133...
==============
[Info]Likelihood -8168629.92731 at step 6 converge to 0.0062406209...
==============
[Info]Likelihood -8133661.93917 at step 7 converge to 0.0042807654...
==============
[Info]Likelihood -8110077.08670 at step 8 converge to 0.0028996598...
==============
[Info]Likelihood -8093318.71968 at step 9 converge to 0.0020663635...
==============
[Info]Likelihood -8080767.82244 at step 10 converge to 0.0015507726...
==============
[Info]Likelihood -8070960.65101 at step 11 converge to 0.0012136435...
==============
[Info]Likelihood -8063026.84652 at step 12 converge to 0.0009830062...
==============
[Info]Likelihood -8056419.39482 at step 13 converge to 0.0008194753...
==============
[Info]Likelihood -8050793.46354 at step 14 converge to 0.0006983166...
==============
[Info]Likelihood -8045950.96162 at step 15 converge to 0.0006014937...
==============
[Info]Likelihood -8041732.27975 at step 16 converge to 0.0005243236...
==============
[Info]Likelihood -8038017.04688 at step 17 converge to 0.0004619941...
==============
[Info]Likelihood -8034695.90028 at step 18 converge to 0.0004131798...
==============
[Info]Likelihood -8031677.59522 at step 19 converge to 0.0003756589...
==============
[Info]Likelihood -8028914.04036 at step 20 converge to 0.0003440819...
==============
[Info]Likelihood -8026431.64543 at step 21 converge to 0.0003091819...
==============
[Info]Likelihood -8024221.34128 at step 22 converge to 0.0002753782...
==============
[Info]Likelihood -8022226.01296 at step 23 converge to 0.0002486632...
==============
[Info]Likelihood -8020410.62042 at step 24 converge to 0.0002262954...
==============
[Info]Likelihood -8018739.36940 at step 25 converge to 0.0002083747...
==============
[Info]Likelihood -8017161.06312 at step 26 converge to 0.0001968272...
==============
[Info]Likelihood -8015629.56929 at step 27 converge to 0.0001910270...
==============
[Info]Likelihood -8014180.03342 at step 28 converge to 0.0001808387...
==============
[Info]Likelihood -8012803.84093 at step 29 converge to 0.0001717197...
==============
[Info]Likelihood -8011542.21427 at step 30 converge to 0.0001574513...
==============
[Info]Likelihood -8010414.38657 at step 31 converge to 0.0001407754...
==============
[Info]Likelihood -8009398.38844 at step 32 converge to 0.0001268347...
==============
[Info]Likelihood -8008441.62376 at step 33 converge to 0.0001194552...
==============
[Info]Likelihood -8007498.05212 at step 34 converge to 0.0001178221...
==============
[Info]Likelihood -8006583.10155 at step 35 converge to 0.0001142617...
==============
[Info]Likelihood -8005720.83737 at step 36 converge to 0.0001076944...
==============
[Info]Likelihood -8004885.59456 at step 37 converge to 0.0001043307...
==============
[Info]Likelihood -8004116.11459 at step 38 converge to 0.0000961263...
==============
[Info]Likelihood -8003371.73897 at step 39 converge to 0.0000929991...
==============
[Info]Likelihood -8002696.32857 at step 40 converge to 0.0000843907...
==============
[Info]Likelihood -8002093.84897 at step 41 converge to 0.0000752846...
==============
[Info]Likelihood -8001532.01849 at step 42 converge to 0.0000702104...
==============
[Info]Likelihood -8001000.10697 at step 43 converge to 0.0000664762...
==============
[Info]Likelihood -8000502.84035 at step 44 converge to 0.0000621506...
==============
[Info]Likelihood -8000034.32186 at step 45 converge to 0.0000585611...
==============
[Info]Likelihood -7999580.66709 at step 46 converge to 0.0000567066...
==============
[Info]Likelihood -7999143.46097 at step 47 converge to 0.0000546536...
==============
[Info]Likelihood -7998690.07776 at step 48 converge to 0.0000566790...
==============
[Info]Likelihood -7998228.22163 at step 49 converge to 0.0000577415...
[Info]Likelihood -7998228.222 after step 50 converge to 0.000058 after 171 seconds...
[Info]Analying bipartie graph: 
-- test graph: review size: 4983, item size: 226, user size: 248
[Info]Start evaluation in thread
[Stat]Test evaluation finished: 4983 docs
[Stat]0 part has 659.000000 docs: perplexity is 2232.522 and log-likelihood is -403.072
[Stat]1 part has 1295.000000 docs: perplexity is 2183.613 and log-likelihood is -432.048
[Stat]2 part has 1008.000000 docs: perplexity is 2300.296 and log-likelihood is -370.337
[Stat]3 part has 2021.000000 docs: perplexity is 2207.479 and log-likelihood is -388.897
[Stat]4 part has 4983.000000 docs: perplexity is 2221.097 and log-likelihood is -398.231
[Info]multithread LDA_Focus[k:5, alpha:1.01, beta:1.00, Variational] Train/Test finished in 173.72 seconds...
TopWord FilePath:/zf18/ll5fy/lab/dataset/amazon_movie/byUser_70k_review/output/5foldsCVColdstart/2/LDA_User_topWords_5.txt
Topic 0(0.15623):	peter(0.01107)	spiderman(0.00800)	bruce(0.00780)	magic(0.00709)	amaz(0.00699)	return(0.00688)	villain(0.00629)	hero(0.00629)	visual(0.00623)	superhero(0.00553)	depp(0.00547)	johnni(0.00534)	ring(0.00533)	evil(0.00509)	king(0.00502)	battl(0.00497)	episod(0.00466)	lord(0.00450)	tale(0.00438)	favorit(0.00416)	citi(0.00409)	willi(0.00380)	luca(0.00378)	matrix(0.00366)	crow(0.00365)	sequenc(0.00359)	wayn(0.00349)	michael(0.00345)	brilliant(0.00344)	princ(0.00343)	
Topic 1(0.24008):	hous(0.01035)	michael(0.00709)	night(0.00666)	thriller(0.00659)	daughter(0.00642)	suspens(0.00629)	twist(0.00583)	remak(0.00567)	killer(0.00567)	dead(0.00511)	blood(0.00493)	game(0.00484)	room(0.00481)	town(0.00469)	flick(0.00435)	gore(0.00423)	bore(0.00407)	violenc(0.00402)	evil(0.00395)	halloween(0.00389)	shot(0.00381)	genr(0.00370)	brother(0.00366)	case(0.00365)	strang(0.00363)	victim(0.00359)	money(0.00356)	potter(0.00339)	mother(0.00332)	half(0.00327)	
Topic 2(0.22307):	father(0.00584)	histori(0.00534)	battl(0.00487)	polit(0.00472)	countri(0.00465)	jone(0.00450)	king(0.00376)	natur(0.00371)	understand(0.00340)	support(0.00338)	black(0.00333)	soldier(0.00328)	side(0.00328)	moral(0.00304)	drama(0.00302)	simpli(0.00287)	truth(0.00278)	iron(0.00275)	general(0.00273)	histor(0.00271)	order(0.00268)	captur(0.00264)	washington(0.00264)	tale(0.00264)	mother(0.00263)	situat(0.00262)	hero(0.00260)	violenc(0.00260)	pirat(0.00256)	societi(0.00256)	
Topic 3(0.20257):	bond(0.01069)	laugh(0.00812)	anim(0.00776)	earth(0.00757)	humor(0.00712)	comedi(0.00711)	dead(0.00652)	jame(0.00577)	ship(0.00511)	planet(0.00506)	futur(0.00504)	monster(0.00500)	sequenc(0.00496)	robot(0.00490)	crew(0.00456)	team(0.00443)	race(0.00443)	transform(0.00427)	save(0.00425)	termin(0.00378)	mission(0.00358)	creatur(0.00347)	cameron(0.00344)	cool(0.00334)	serious(0.00334)	joke(0.00329)	fast(0.00325)	predat(0.00316)	visual(0.00310)	comput(0.00309)	
Topic 4(0.17805):	edit(0.01357)	commentari(0.00896)	quot(0.00791)	audio(0.00784)	video(0.00702)	oscar(0.00651)	disc(0.00647)	qualiti(0.00643)	song(0.00640)	jack(0.00604)	robert(0.00558)	digit(0.00543)	documentari(0.00542)	frank(0.00521)	product(0.00511)	award(0.00484)	comedi(0.00482)	interview(0.00457)	talk(0.00431)	talent(0.00427)	brilliant(0.00417)	track(0.00410)	theatric(0.00409)	bourn(0.00403)	white(0.00399)	rate(0.00398)	delet(0.00397)	matt(0.00395)	produc(0.00388)	soundtrack(0.00388)	
251 users are loaded from /zf18/ll5fy/lab/dataset/amazon_movie/byUser_70k_review/5foldsCVColdstart/3/...
235 users are loaded from /zf18/ll5fy/lab/dataset/amazon_movie/byUser_70k_review/5foldsCVColdstart/0/...
237 users are loaded from /zf18/ll5fy/lab/dataset/amazon_movie/byUser_70k_review/5foldsCVColdstart/1/...
248 users are loaded from /zf18/ll5fy/lab/dataset/amazon_movie/byUser_70k_review/5foldsCVColdstart/2/...
240 users are loaded from /zf18/ll5fy/lab/dataset/amazon_movie/byUser_70k_review/5foldsCVColdstart/4/...
====================
[Info]Fold No. 3: 
[Info]Analzying corpus: 
...........-- Global corpus: vocabulary size: 7680, review size: 26309, item size: 838, user size: 835
train size = 20753, test size = 5556....
[Info]Analying bipartie graph: 
-- train graph: review size: 20753, item size: 750, user size: 741
[Info]EM Starting multithread LDA_Focus[k:5, alpha:1.01, beta:1.00, Variational]...
==============
[Info]Likelihood -8234816.18979 at step 0 converge to 1.0000000000...
==============
[Info]Likelihood -8233931.36100 at step 1 converge to 0.0001074497...
==============
[Info]Likelihood -8231490.67767 at step 2 converge to 0.0002964177...
==============
[Info]Likelihood -8221396.18472 at step 3 converge to 0.0012263262...
==============
[Info]Likelihood -8191872.50244 at step 4 converge to 0.0035910789...
==============
[Info]Likelihood -8139110.62810 at step 5 converge to 0.0064407587...
==============
[Info]Likelihood -8086308.27638 at step 6 converge to 0.0064874842...
==============
[Info]Likelihood -8049518.49199 at step 7 converge to 0.0045496391...
==============
[Info]Likelihood -8024873.18117 at step 8 converge to 0.0030617124...
==============
[Info]Likelihood -8007525.61654 at step 9 converge to 0.0021617245...
==============
[Info]Likelihood -7994681.62640 at step 10 converge to 0.0016039899...
==============
[Info]Likelihood -7984768.03912 at step 11 converge to 0.0012400228...
==============
[Info]Likelihood -7976854.00291 at step 12 converge to 0.0009911417...
==============
[Info]Likelihood -7970355.25821 at step 13 converge to 0.0008147002...
==============
[Info]Likelihood -7964908.70497 at step 14 converge to 0.0006833514...
==============
[Info]Likelihood -7960247.50919 at step 15 converge to 0.0005852165...
==============
[Info]Likelihood -7956161.92300 at step 16 converge to 0.0005132486...
==============
[Info]Likelihood -7952529.65034 at step 17 converge to 0.0004565358...
==============
[Info]Likelihood -7949310.05602 at step 18 converge to 0.0004048516...
==============
[Info]Likelihood -7946463.32439 at step 19 converge to 0.0003581105...
==============
[Info]Likelihood -7943923.13739 at step 20 converge to 0.0003196626...
==============
[Info]Likelihood -7941614.94583 at step 21 converge to 0.0002905607...
==============
[Info]Likelihood -7939487.47499 at step 22 converge to 0.0002678889...
==============
[Info]Likelihood -7937534.67055 at step 23 converge to 0.0002459610...
==============
[Info]Likelihood -7935745.71401 at step 24 converge to 0.0002253794...
==============
[Info]Likelihood -7934076.45080 at step 25 converge to 0.0002103474...
==============
[Info]Likelihood -7932495.00310 at step 26 converge to 0.0001993235...
==============
[Info]Likelihood -7931047.97214 at step 27 converge to 0.0001824181...
==============
[Info]Likelihood -7929716.18804 at step 28 converge to 0.0001679203...
==============
[Info]Likelihood -7928429.10859 at step 29 converge to 0.0001623109...
==============
[Info]Likelihood -7927243.00273 at step 30 converge to 0.0001496016...
==============
[Info]Likelihood -7926153.16073 at step 31 converge to 0.0001374806...
==============
[Info]Likelihood -7925127.96825 at step 32 converge to 0.0001293430...
==============
[Info]Likelihood -7924149.30801 at step 33 converge to 0.0001234883...
==============
[Info]Likelihood -7923247.25215 at step 34 converge to 0.0001138363...
==============
[Info]Likelihood -7922415.82762 at step 35 converge to 0.0001049348...
==============
[Info]Likelihood -7921663.06824 at step 36 converge to 0.0000950164...
==============
[Info]Likelihood -7920972.47973 at step 37 converge to 0.0000871772...
==============
[Info]Likelihood -7920244.01594 at step 38 converge to 0.0000919665...
==============
[Info]Likelihood -7919462.84080 at step 39 converge to 0.0000986302...
==============
[Info]Likelihood -7918723.60169 at step 40 converge to 0.0000933446...
==============
[Info]Likelihood -7918041.50934 at step 41 converge to 0.0000861367...
==============
[Info]Likelihood -7917391.62213 at step 42 converge to 0.0000820768...
==============
[Info]Likelihood -7916779.14679 at step 43 converge to 0.0000773582...
==============
[Info]Likelihood -7916216.90806 at step 44 converge to 0.0000710186...
==============
[Info]Likelihood -7915692.61844 at step 45 converge to 0.0000662298...
==============
[Info]Likelihood -7915189.78660 at step 46 converge to 0.0000635234...
==============
[Info]Likelihood -7914696.00338 at step 47 converge to 0.0000623843...
==============
[Info]Likelihood -7914206.87528 at step 48 converge to 0.0000618000...
==============
[Info]Likelihood -7913732.84533 at step 49 converge to 0.0000598961...
[Info]Likelihood -7913732.845 after step 50 converge to 0.000060 after 142 seconds...
[Info]Analying bipartie graph: 
-- test graph: review size: 5556, item size: 264, user size: 251
[Info]Start evaluation in thread
[Stat]Test evaluation finished: 5556 docs
[Stat]0 part has 690.000000 docs: perplexity is 2246.483 and log-likelihood is -370.008
[Stat]1 part has 1416.000000 docs: perplexity is 2171.528 and log-likelihood is -386.813
[Stat]2 part has 1155.000000 docs: perplexity is 2215.080 and log-likelihood is -370.433
[Stat]3 part has 2295.000000 docs: perplexity is 2068.945 and log-likelihood is -366.656
[Stat]4 part has 5556.000000 docs: perplexity is 2146.687 and log-likelihood is -372.995
[Info]multithread LDA_Focus[k:5, alpha:1.01, beta:1.00, Variational] Train/Test finished in 144.71 seconds...
TopWord FilePath:/zf18/ll5fy/lab/dataset/amazon_movie/byUser_70k_review/output/5foldsCVColdstart/3/LDA_User_topWords_5.txt
Topic 0(0.14603):	edit(0.01602)	bond(0.01467)	commentari(0.01106)	video(0.00903)	quot(0.00866)	audio(0.00825)	jame(0.00801)	song(0.00792)	qualiti(0.00780)	anim(0.00745)	disc(0.00730)	product(0.00706)	documentari(0.00677)	white(0.00622)	ring(0.00578)	digit(0.00557)	black(0.00551)	interview(0.00543)	amaz(0.00543)	theatric(0.00541)	featurett(0.00513)	soundtrack(0.00508)	talk(0.00502)	voic(0.00492)	potter(0.00490)	danc(0.00475)	delet(0.00472)	shot(0.00465)	sing(0.00455)	produc(0.00451)	
Topic 1(0.18798):	dead(0.01084)	monster(0.00704)	earth(0.00682)	visual(0.00577)	sequenc(0.00557)	creatur(0.00549)	planet(0.00510)	evil(0.00506)	return(0.00487)	ship(0.00470)	crew(0.00455)	captain(0.00452)	depp(0.00446)	king(0.00446)	battl(0.00440)	johnni(0.00422)	jone(0.00409)	save(0.00402)	transform(0.00386)	attack(0.00386)	hugh(0.00385)	futur(0.00383)	robot(0.00364)	mission(0.00362)	predat(0.00359)	hero(0.00351)	destroy(0.00344)	trek(0.00338)	matrix(0.00318)	citi(0.00315)	
Topic 2(0.23953):	comedi(0.01153)	laugh(0.00811)	humor(0.00789)	michael(0.00698)	night(0.00677)	serious(0.00575)	bore(0.00570)	flick(0.00554)	spiderman(0.00530)	remak(0.00509)	peter(0.00505)	hilari(0.00465)	town(0.00427)	jack(0.00409)	money(0.00403)	half(0.00401)	stupid(0.00400)	cool(0.00400)	killer(0.00397)	hous(0.00393)	joke(0.00383)	frank(0.00378)	villain(0.00363)	iron(0.00359)	hate(0.00358)	superhero(0.00354)	halloween(0.00353)	wait(0.00344)	wast(0.00342)	pick(0.00334)	
Topic 3(0.19494):	polit(0.00616)	histori(0.00576)	battl(0.00526)	countri(0.00464)	bruce(0.00460)	robert(0.00439)	father(0.00415)	support(0.00411)	soldier(0.00379)	side(0.00373)	oscar(0.00365)	presid(0.00355)	michael(0.00350)	christian(0.00346)	hero(0.00342)	govern(0.00340)	general(0.00337)	unit(0.00332)	histor(0.00331)	georg(0.00328)	citi(0.00326)	public(0.00323)	order(0.00315)	king(0.00313)	hollywood(0.00311)	bale(0.00305)	hank(0.00294)	washington(0.00291)	moor(0.00290)	wayn(0.00287)	
Topic 4(0.23153):	daughter(0.00756)	mother(0.00627)	thriller(0.00594)	dream(0.00540)	father(0.00507)	hous(0.00490)	violenc(0.00412)	brilliant(0.00402)	understand(0.00391)	lost(0.00386)	drug(0.00379)	husband(0.00357)	oscar(0.00338)	tale(0.00331)	camera(0.00326)	simpli(0.00326)	natur(0.00321)	room(0.00313)	suspens(0.00306)	twist(0.00302)	bourn(0.00300)	case(0.00295)	matt(0.00294)	imagin(0.00285)	situat(0.00283)	theme(0.00283)	drama(0.00279)	york(0.00274)	attent(0.00273)	shot(0.00270)	
240 users are loaded from /zf18/ll5fy/lab/dataset/amazon_movie/byUser_70k_review/5foldsCVColdstart/4/...
235 users are loaded from /zf18/ll5fy/lab/dataset/amazon_movie/byUser_70k_review/5foldsCVColdstart/0/...
237 users are loaded from /zf18/ll5fy/lab/dataset/amazon_movie/byUser_70k_review/5foldsCVColdstart/1/...
248 users are loaded from /zf18/ll5fy/lab/dataset/amazon_movie/byUser_70k_review/5foldsCVColdstart/2/...
251 users are loaded from /zf18/ll5fy/lab/dataset/amazon_movie/byUser_70k_review/5foldsCVColdstart/3/...
====================
[Info]Fold No. 4: 
[Info]Analzying corpus: 
...........-- Global corpus: vocabulary size: 7680, review size: 26309, item size: 838, user size: 835
train size = 20717, test size = 5592....
[Info]Analying bipartie graph: 
-- train graph: review size: 20717, item size: 749, user size: 747
[Info]EM Starting multithread LDA_Focus[k:5, alpha:1.01, beta:1.00, Variational]...
==============
[Info]Likelihood -7994424.01762 at step 0 converge to 1.0000000000...
==============
[Info]Likelihood -7993528.94090 at step 1 converge to 0.0001119626...
==============
[Info]Likelihood -7991008.02453 at step 2 converge to 0.0003153696...
==============
[Info]Likelihood -7980997.18312 at step 3 converge to 0.0012527633...
==============
[Info]Likelihood -7950449.62490 at step 4 converge to 0.0038275365...
==============
[Info]Likelihood -7896091.47555 at step 5 converge to 0.0068371164...
==============
[Info]Likelihood -7846665.32244 at step 6 converge to 0.0062595720...
==============
[Info]Likelihood -7813869.49475 at step 7 converge to 0.0041795879...
==============
[Info]Likelihood -7791897.98845 at step 8 converge to 0.0028118599...
==============
[Info]Likelihood -7776120.93872 at step 9 converge to 0.0020248019...
==============
[Info]Likelihood -7764096.00510 at step 10 converge to 0.0015463923...
==============
[Info]Likelihood -7754531.10419 at step 11 converge to 0.0012319401...
==============
[Info]Likelihood -7746669.00678 at step 12 converge to 0.0010138714...
==============
[Info]Likelihood -7740083.92205 at step 13 converge to 0.0008500537...
==============
[Info]Likelihood -7734467.22293 at step 14 converge to 0.0007256639...
==============
[Info]Likelihood -7729576.66161 at step 15 converge to 0.0006323075...
==============
[Info]Likelihood -7725282.52082 at step 16 converge to 0.0005555467...
==============
[Info]Likelihood -7721502.55831 at step 17 converge to 0.0004892976...
==============
[Info]Likelihood -7718125.52452 at step 18 converge to 0.0004373545...
==============
[Info]Likelihood -7715043.02747 at step 19 converge to 0.0003993842...
==============
[Info]Likelihood -7712177.28502 at step 20 converge to 0.0003714487...
==============
[Info]Likelihood -7709547.00831 at step 21 converge to 0.0003410550...
==============
[Info]Likelihood -7707176.74406 at step 22 converge to 0.0003074453...
==============
[Info]Likelihood -7705020.20142 at step 23 converge to 0.0002798097...
==============
[Info]Likelihood -7703039.04749 at step 24 converge to 0.0002571251...
==============
[Info]Likelihood -7701184.38936 at step 25 converge to 0.0002407697...
==============
[Info]Likelihood -7699468.57377 at step 26 converge to 0.0002227989...
==============
[Info]Likelihood -7697907.21227 at step 27 converge to 0.0002027882...
==============
[Info]Likelihood -7696491.12750 at step 28 converge to 0.0001839571...
==============
[Info]Likelihood -7695149.70794 at step 29 converge to 0.0001742898...
==============
[Info]Likelihood -7693877.88989 at step 30 converge to 0.0001652753...
==============
[Info]Likelihood -7692766.26759 at step 31 converge to 0.0001444814...
==============
[Info]Likelihood -7691757.01163 at step 32 converge to 0.0001311955...
==============
[Info]Likelihood -7690811.69927 at step 33 converge to 0.0001228994...
==============
[Info]Likelihood -7689886.67474 at step 34 converge to 0.0001202766...
==============
[Info]Likelihood -7688921.42212 at step 35 converge to 0.0001255223...
==============
[Info]Likelihood -7687946.07673 at step 36 converge to 0.0001268507...
==============
[Info]Likelihood -7687001.90637 at step 37 converge to 0.0001228118...
==============
[Info]Likelihood -7686088.87724 at step 38 converge to 0.0001187757...
==============
[Info]Likelihood -7685205.92248 at step 39 converge to 0.0001148770...
==============
[Info]Likelihood -7684371.20934 at step 40 converge to 0.0001086130...
==============
[Info]Likelihood -7683606.66506 at step 41 converge to 0.0000994934...
==============
[Info]Likelihood -7682911.02693 at step 42 converge to 0.0000905354...
==============
[Info]Likelihood -7682281.57464 at step 43 converge to 0.0000819289...
==============
[Info]Likelihood -7681736.00412 at step 44 converge to 0.0000710167...
==============
[Info]Likelihood -7681274.16789 at step 45 converge to 0.0000601213...
==============
[Info]Likelihood -7680844.01360 at step 46 converge to 0.0000560004...
==============
[Info]Likelihood -7680370.23855 at step 47 converge to 0.0000616827...
==============
[Info]Likelihood -7679893.28294 at step 48 converge to 0.0000621006...
==============
[Info]Likelihood -7679460.97515 at step 49 converge to 0.0000562909...
[Info]Likelihood -7679460.975 after step 50 converge to 0.000056 after 172 seconds...
[Info]Analying bipartie graph: 
-- test graph: review size: 5592, item size: 263, user size: 240
[Info]Start evaluation in thread
[Stat]Test evaluation finished: 5592 docs
[Stat]0 part has 726.000000 docs: perplexity is 2425.193 and log-likelihood is -430.026
[Stat]1 part has 1348.000000 docs: perplexity is 2326.415 and log-likelihood is -418.998
[Stat]2 part has 1203.000000 docs: perplexity is 2164.281 and log-likelihood is -422.608
[Stat]3 part has 2315.000000 docs: perplexity is 2028.933 and log-likelihood is -398.099
[Stat]4 part has 5592.000000 docs: perplexity is 2178.807 and log-likelihood is -412.555
[Info]multithread LDA_Focus[k:5, alpha:1.01, beta:1.00, Variational] Train/Test finished in 174.90 seconds...
TopWord FilePath:/zf18/ll5fy/lab/dataset/amazon_movie/byUser_70k_review/output/5foldsCVColdstart/4/LDA_User_topWords_5.txt
Topic 0(0.17345):	bond(0.00971)	oscar(0.00920)	song(0.00646)	brilliant(0.00574)	depp(0.00503)	jame(0.00496)	support(0.00477)	father(0.00474)	magic(0.00456)	william(0.00445)	award(0.00445)	robert(0.00439)	johnni(0.00423)	cinematographi(0.00415)	sing(0.00384)	danc(0.00372)	talent(0.00368)	husband(0.00361)	mother(0.00360)	sean(0.00358)	daughter(0.00349)	potter(0.00341)	product(0.00333)	tale(0.00325)	marri(0.00323)	lost(0.00319)	ford(0.00319)	hugh(0.00317)	career(0.00316)	king(0.00315)	
Topic 1(0.15977):	hero(0.00933)	peter(0.00900)	return(0.00822)	earth(0.00788)	visual(0.00703)	villain(0.00677)	sequenc(0.00658)	spiderman(0.00658)	battl(0.00634)	planet(0.00629)	ship(0.00618)	crew(0.00608)	amaz(0.00596)	captain(0.00566)	iron(0.00560)	superhero(0.00525)	transform(0.00518)	episod(0.00496)	save(0.00490)	jame(0.00485)	robot(0.00453)	ring(0.00450)	evil(0.00446)	termin(0.00421)	jone(0.00407)	knight(0.00382)	cameron(0.00378)	xmen(0.00377)	futur(0.00370)	technolog(0.00361)	
Topic 2(0.24192):	dead(0.00964)	hous(0.00706)	violenc(0.00670)	blood(0.00618)	remak(0.00609)	night(0.00585)	monster(0.00562)	town(0.00489)	flick(0.00471)	king(0.00468)	evil(0.00464)	battl(0.00457)	gore(0.00425)	soldier(0.00410)	shot(0.00408)	genr(0.00356)	water(0.00356)	save(0.00349)	creatur(0.00341)	suspens(0.00340)	citi(0.00333)	villag(0.00329)	attack(0.00326)	half(0.00326)	violent(0.00321)	killer(0.00315)	camera(0.00301)	brutal(0.00301)	bodi(0.00299)	fear(0.00299)	
Topic 3(0.22519):	thriller(0.00626)	bruce(0.00464)	polit(0.00440)	case(0.00432)	frank(0.00393)	dream(0.00390)	citi(0.00381)	drama(0.00374)	drug(0.00367)	twist(0.00366)	polic(0.00345)	jack(0.00333)	daughter(0.00323)	situat(0.00316)	deal(0.00313)	presid(0.00310)	understand(0.00308)	support(0.00307)	countri(0.00304)	unit(0.00303)	intellig(0.00302)	matt(0.00292)	hank(0.00288)	truth(0.00287)	plan(0.00286)	robert(0.00282)	govern(0.00280)	secret(0.00280)	hollywood(0.00279)	suspens(0.00274)	
Topic 4(0.19968):	comedi(0.01382)	edit(0.01134)	quot(0.00991)	anim(0.00973)	laugh(0.00958)	commentari(0.00919)	michael(0.00893)	humor(0.00739)	video(0.00713)	disc(0.00650)	qualiti(0.00619)	talk(0.00573)	audio(0.00569)	hilari(0.00521)	documentari(0.00508)	favorit(0.00481)	halloween(0.00480)	joke(0.00427)	theatric(0.00418)	night(0.00412)	delet(0.00401)	track(0.00395)	featurett(0.00390)	collect(0.00382)	transfer(0.00376)	produc(0.00374)	interview(0.00374)	blade(0.00373)	white(0.00365)	voic(0.00341)	

Part 0 -----------------Valid folds: 5
[Stat]Loglikelihood -395.833+/-20.797
[Stat]Perplexity 2297.036+/-71.621
Part 1 -----------------Valid folds: 5
[Stat]Loglikelihood -409.646+/-19.131
[Stat]Perplexity 2234.892+/-62.121
Part 2 -----------------Valid folds: 5
[Stat]Loglikelihood -381.499+/-21.831
[Stat]Perplexity 2223.384+/-68.748
Part 3 -----------------Valid folds: 5
[Stat]Loglikelihood -389.507+/-16.515
[Stat]Perplexity 2114.010+/-69.454
Part 4 -----------------Valid folds: 5
[Stat]Loglikelihood -393.789+/-16.320
[Stat]Perplexity 2190.210+/-29.627
