Load 7680 1-gram new features from /zf18/ll5fy/lab/dataset/amazon_movie/amazon_movie_features.txt...
841 users are loaded from /zf18/ll5fy/lab/dataset/amazon_movie/byUser_70k_review/data/...
Info File Path: /zf18/ll5fy/lab/dataset/amazon_movie/byUser_70k_review/output/5foldsCVColdstart/LDA_Item_info.txt
[Info]Start FIXED cross validation...
235 users are loaded from /zf18/ll5fy/lab/dataset/amazon_movie/byUser_70k_review/5foldsCVColdstart/0/...
237 users are loaded from /zf18/ll5fy/lab/dataset/amazon_movie/byUser_70k_review/5foldsCVColdstart/1/...
248 users are loaded from /zf18/ll5fy/lab/dataset/amazon_movie/byUser_70k_review/5foldsCVColdstart/2/...
251 users are loaded from /zf18/ll5fy/lab/dataset/amazon_movie/byUser_70k_review/5foldsCVColdstart/3/...
240 users are loaded from /zf18/ll5fy/lab/dataset/amazon_movie/byUser_70k_review/5foldsCVColdstart/4/...
====================
[Info]Fold No. 0: 
[Info]Analzying corpus: 
...........-- Global corpus: vocabulary size: 7680, review size: 26309, item size: 838, user size: 835
train size = 20962, test size = 5347....
[Info]Analying bipartie graph: 
-- train graph: review size: 20962, item size: 753, user size: 744
[Info]EM Starting multithread LDA_Focus[k:15, alpha:1.01, beta:1.00, Variational]...
==============
[Info]Likelihood -7608399.52847 at step 0 converge to 1.0000000000...
==============
[Info]Likelihood -7606866.41970 at step 1 converge to 0.0002015021...
==============
[Info]Likelihood -7605136.27645 at step 2 converge to 0.0002274449...
==============
[Info]Likelihood -7601616.90523 at step 3 converge to 0.0004627624...
==============
[Info]Likelihood -7589223.38126 at step 4 converge to 0.0016303800...
==============
[Info]Likelihood -7558799.22522 at step 5 converge to 0.0040088629...
==============
[Info]Likelihood -7501275.66242 at step 6 converge to 0.0076101456...
==============
[Info]Likelihood -7419084.12100 at step 7 converge to 0.0109570085...
==============
[Info]Likelihood -7335084.58912 at step 8 converge to 0.0113220892...
==============
[Info]Likelihood -7268619.03112 at step 9 converge to 0.0090613213...
==============
[Info]Likelihood -7220455.02188 at step 10 converge to 0.0066262944...
==============
[Info]Likelihood -7185151.51337 at step 11 converge to 0.0048893745...
==============
[Info]Likelihood -7158068.68210 at step 12 converge to 0.0037692777...
==============
[Info]Likelihood -7136361.95752 at step 13 converge to 0.0030324834...
==============
[Info]Likelihood -7118432.70370 at step 14 converge to 0.0025123801...
==============
[Info]Likelihood -7103408.77090 at step 15 converge to 0.0021105675...
==============
[Info]Likelihood -7090658.36435 at step 16 converge to 0.0017949701...
==============
[Info]Likelihood -7079623.70872 at step 17 converge to 0.0015562244...
==============
[Info]Likelihood -7069895.49037 at step 18 converge to 0.0013741152...
==============
[Info]Likelihood -7061292.98368 at step 19 converge to 0.0012167799...
==============
[Info]Likelihood -7053635.92029 at step 20 converge to 0.0010843713...
==============
[Info]Likelihood -7046755.41936 at step 21 converge to 0.0009754545...
==============
[Info]Likelihood -7040525.04029 at step 22 converge to 0.0008841486...
==============
[Info]Likelihood -7034826.98389 at step 23 converge to 0.0008093227...
==============
[Info]Likelihood -7029579.58061 at step 24 converge to 0.0007459179...
==============
[Info]Likelihood -7024700.05648 at step 25 converge to 0.0006941417...
==============
[Info]Likelihood -7020135.73822 at step 26 converge to 0.0006497528...
==============
[Info]Likelihood -7015870.54572 at step 27 converge to 0.0006075655...
==============
[Info]Likelihood -7011893.30366 at step 28 converge to 0.0005668922...
==============
[Info]Likelihood -7008174.90164 at step 29 converge to 0.0005302993...
==============
[Info]Likelihood -7004667.29965 at step 30 converge to 0.0005005015...
==============
[Info]Likelihood -7001355.69338 at step 31 converge to 0.0004727714...
==============
[Info]Likelihood -6998247.29769 at step 32 converge to 0.0004439705...
==============
[Info]Likelihood -6995326.33468 at step 33 converge to 0.0004173849...
==============
[Info]Likelihood -6992558.73653 at step 34 converge to 0.0003956353...
==============
[Info]Likelihood -6989918.40602 at step 35 converge to 0.0003775915...
==============
[Info]Likelihood -6987405.82023 at step 36 converge to 0.0003594585...
==============
[Info]Likelihood -6985013.09054 at step 37 converge to 0.0003424346...
==============
[Info]Likelihood -6982712.68739 at step 38 converge to 0.0003293341...
==============
[Info]Likelihood -6980510.35799 at step 39 converge to 0.0003153974...
==============
[Info]Likelihood -6978420.24403 at step 40 converge to 0.0002994214...
==============
[Info]Likelihood -6976427.69506 at step 41 converge to 0.0002855301...
==============
[Info]Likelihood -6974496.18436 at step 42 converge to 0.0002768624...
==============
[Info]Likelihood -6972567.28930 at step 43 converge to 0.0002765641...
==============
[Info]Likelihood -6970641.72872 at step 44 converge to 0.0002761624...
==============
[Info]Likelihood -6968820.34100 at step 45 converge to 0.0002612941...
==============
[Info]Likelihood -6967103.98918 at step 46 converge to 0.0002462902...
==============
[Info]Likelihood -6965470.17256 at step 47 converge to 0.0002345044...
==============
[Info]Likelihood -6963905.42864 at step 48 converge to 0.0002246430...
==============
[Info]Likelihood -6962396.18954 at step 49 converge to 0.0002167231...
[Info]Likelihood -6962396.190 after step 50 converge to 0.000217 after 278 seconds...
[Info]Analying bipartie graph: 
-- test graph: review size: 5347, item size: 258, user size: 235
[Info]Start evaluation in thread
[Stat]Test evaluation finished: 5347 docs
[Stat]0 part has 703.000000 docs: perplexity is 2038.288 and log-likelihood is -390.011
[Stat]1 part has 1467.000000 docs: perplexity is 1908.908 and log-likelihood is -413.622
[Stat]2 part has 1059.000000 docs: perplexity is 1825.547 and log-likelihood is -375.801
[Stat]3 part has 2118.000000 docs: perplexity is 1673.156 and log-likelihood is -403.235
[Stat]4 part has 5347.000000 docs: perplexity is 1809.715 and log-likelihood is -398.913
[Info]multithread LDA_Focus[k:15, alpha:1.01, beta:1.00, Variational] Train/Test finished in 281.06 seconds...
TopWord FilePath:/zf18/ll5fy/lab/dataset/amazon_movie/byUser_70k_review/output/5foldsCVColdstart/0/LDA_Item_topWords_15.txt
Topic 0(0.06143):	battl(0.02673)	king(0.02582)	peter(0.02108)	histori(0.01513)	epic(0.01382)	spiderman(0.01332)	soldier(0.01325)	histor(0.01074)	armi(0.01038)	mari(0.00962)	termin(0.00911)	hero(0.00875)	general(0.00844)	alexand(0.00837)	save(0.00698)	gibson(0.00683)	graphic(0.00587)	miller(0.00547)	militari(0.00522)	privat(0.00515)	vietnam(0.00483)	amaz(0.00423)	japanes(0.00408)	bomb(0.00398)	christ(0.00380)	ancient(0.00378)	roman(0.00374)	jane(0.00371)	combat(0.00354)	fail(0.00350)	
Topic 1(0.06797):	father(0.02695)	mother(0.02050)	daughter(0.02045)	frank(0.01215)	drug(0.01110)	dream(0.00994)	husband(0.00947)	case(0.00937)	washington(0.00861)	plane(0.00735)	clue(0.00694)	deal(0.00664)	cage(0.00643)	treasur(0.00621)	situat(0.00580)	drama(0.00563)	hitchcock(0.00549)	flight(0.00546)	affleck(0.00516)	cash(0.00508)	neighbor(0.00503)	money(0.00498)	addict(0.00440)	lose(0.00419)	convinc(0.00412)	teenag(0.00404)	lawyer(0.00388)	struggl(0.00386)	toni(0.00380)	decid(0.00374)	
Topic 2(0.06386):	jack(0.02942)	oscar(0.02733)	paul(0.01482)	award(0.01403)	babi(0.01171)	island(0.01095)	nicholson(0.00946)	cameron(0.00909)	cold(0.00906)	career(0.00886)	academi(0.00840)	train(0.00832)	mile(0.00826)	mountain(0.00741)	dollar(0.00726)	kong(0.00679)	support(0.00676)	fine(0.00640)	brilliant(0.00621)	kubrick(0.00599)	talent(0.00539)	hollywood(0.00526)	prais(0.00521)	rocki(0.00519)	titan(0.00506)	maggi(0.00502)	ring(0.00489)	jake(0.00481)	manag(0.00443)	trip(0.00440)	
Topic 3(0.10538):	bore(0.01607)	half(0.01578)	cool(0.01381)	flick(0.01359)	total(0.01184)	felt(0.01180)	pace(0.01141)	sequenc(0.01119)	visual(0.01103)	race(0.01093)	slow(0.01077)	fast(0.01010)	basic(0.00924)	matrix(0.00911)	wast(0.00887)	lack(0.00830)	fair(0.00815)	blade(0.00799)	confus(0.00756)	premis(0.00726)	ride(0.00688)	concept(0.00686)	serious(0.00679)	weak(0.00672)	hollywood(0.00667)	simpli(0.00635)	hate(0.00586)	shot(0.00577)	type(0.00575)	averag(0.00570)	
Topic 4(0.07555):	dead(0.03212)	michael(0.02750)	remak(0.02183)	night(0.01983)	town(0.01808)	evil(0.01730)	blood(0.01610)	gore(0.01306)	killer(0.01290)	halloween(0.01201)	atmospher(0.00983)	genr(0.00921)	hous(0.00913)	victim(0.00796)	hell(0.00793)	terror(0.00789)	violenc(0.00768)	suspens(0.00767)	game(0.00767)	hill(0.00714)	myer(0.00688)	fear(0.00660)	monster(0.00611)	jami(0.00595)	dragon(0.00586)	tension(0.00577)	twist(0.00575)	bodi(0.00539)	flick(0.00497)	mask(0.00465)	
Topic 5(0.06767):	thriller(0.02225)	robert(0.01887)	suspens(0.01200)	iron(0.01001)	presid(0.00882)	matt(0.00878)	secret(0.00785)	polit(0.00728)	terrorist(0.00670)	andi(0.00646)	mark(0.00631)	twist(0.00623)	damon(0.00616)	camera(0.00614)	david(0.00607)	streep(0.00599)	bourn(0.00597)	ident(0.00576)	team(0.00564)	boss(0.00546)	intellig(0.00540)	william(0.00530)	govern(0.00508)	georg(0.00504)	attent(0.00494)	drama(0.00472)	robin(0.00444)	deliv(0.00436)	manag(0.00430)	ryan(0.00428)	
Topic 6(0.06912):	earth(0.02083)	planet(0.01500)	ship(0.01455)	creatur(0.01231)	attack(0.01229)	destroy(0.01150)	robot(0.01147)	episod(0.00995)	save(0.00974)	crew(0.00941)	mission(0.00918)	monster(0.00846)	technolog(0.00806)	futur(0.00798)	water(0.00774)	scientist(0.00731)	predat(0.00727)	villag(0.00674)	giant(0.00673)	rescu(0.00672)	transform(0.00659)	land(0.00641)	luca(0.00638)	team(0.00572)	queen(0.00557)	fiction(0.00543)	militari(0.00509)	return(0.00494)	govern(0.00479)	control(0.00474)	
Topic 7(0.05907):	bill(0.01738)	depp(0.01616)	tale(0.01450)	johnni(0.01399)	hugh(0.00946)	song(0.00925)	pirat(0.00924)	wood(0.00914)	romanc(0.00909)	edward(0.00896)	lost(0.00831)	princ(0.00811)	dracula(0.00777)	visual(0.00770)	carter(0.00743)	translat(0.00664)	london(0.00583)	brother(0.00580)	anna(0.00579)	coppola(0.00543)	luci(0.00540)	marri(0.00518)	cinematographi(0.00516)	imagin(0.00507)	amaz(0.00507)	todd(0.00473)	romant(0.00466)	sing(0.00466)	scarlett(0.00465)	chocol(0.00463)	
Topic 8(0.07261):	comedi(0.03842)	anim(0.02998)	laugh(0.02701)	humor(0.02679)	hilari(0.01521)	joke(0.01301)	voic(0.01210)	night(0.01206)	willi(0.01199)	serious(0.00851)	park(0.00749)	brother(0.00686)	stiller(0.00677)	decid(0.00666)	carrey(0.00664)	pixar(0.00658)	stupid(0.00645)	dumb(0.00636)	owen(0.00613)	amus(0.00597)	ferrel(0.00581)	shyamalan(0.00563)	joel(0.00548)	jeff(0.00543)	warm(0.00525)	favorit(0.00511)	romant(0.00509)	cute(0.00508)	coen(0.00493)	fish(0.00465)	
Topic 9(0.06417):	quot(0.02899)	talk(0.01539)	room(0.01339)	rock(0.01169)	moor(0.01149)	danc(0.00896)	hotel(0.00776)	phone(0.00762)	song(0.00761)	teen(0.00728)	hear(0.00708)	quotth(0.00699)	news(0.00691)	alex(0.00669)	parti(0.00649)	road(0.00646)	student(0.00645)	number(0.00643)	sister(0.00637)	colleg(0.00622)	sing(0.00578)	food(0.00555)	penguin(0.00538)	walk(0.00527)	texa(0.00527)	pari(0.00518)	band(0.00501)	today(0.00472)	rent(0.00467)	voic(0.00451)	
Topic 10(0.05410):	hous(0.02286)	return(0.01576)	magic(0.01498)	potter(0.01339)	ghost(0.01275)	xmen(0.01194)	kevin(0.01180)	witch(0.01116)	prison(0.01011)	kate(0.00816)	richard(0.00771)	professor(0.00744)	singer(0.00741)	wizard(0.00613)	fire(0.00566)	spacey(0.00553)	bobbi(0.00546)	secret(0.00544)	spirit(0.00540)	black(0.00529)	lane(0.00525)	older(0.00505)	reev(0.00497)	lord(0.00497)	emma(0.00488)	evil(0.00462)	blair(0.00423)	glass(0.00406)	bryan(0.00404)	theme(0.00403)	
Topic 11(0.07022):	violenc(0.01290)	countri(0.01180)	white(0.01062)	black(0.00972)	hank(0.00949)	public(0.00911)	citi(0.00895)	kidman(0.00882)	societi(0.00878)	polit(0.00852)	hulk(0.00731)	polic(0.00718)	violent(0.00695)	issu(0.00695)	york(0.00640)	gang(0.00640)	nicol(0.00594)	charli(0.00593)	support(0.00575)	scorses(0.00542)	brutal(0.00540)	dicaprio(0.00530)	billi(0.00512)	milk(0.00505)	side(0.00504)	understand(0.00496)	histori(0.00479)	street(0.00478)	brother(0.00470)	penn(0.00468)	
Topic 12(0.06298):	edit(0.03923)	qualiti(0.02723)	commentari(0.02644)	video(0.02457)	product(0.02186)	audio(0.02098)	disc(0.01863)	digit(0.01619)	documentari(0.01599)	rate(0.01453)	collect(0.01435)	interview(0.01413)	track(0.01399)	theatric(0.01351)	delet(0.01217)	featurett(0.01207)	produc(0.01199)	soundtrack(0.01155)	standard(0.01101)	transfer(0.01087)	game(0.01049)	shot(0.00902)	kbps(0.00857)	footag(0.00841)	materi(0.00828)	copi(0.00785)	spanish(0.00773)	size(0.00763)	visual(0.00735)	subtitl(0.00707)	
Topic 13(0.05794):	bruce(0.01991)	villain(0.01714)	hero(0.01675)	fiction(0.01287)	superhero(0.01286)	trek(0.01280)	captain(0.01109)	futur(0.01006)	citi(0.00996)	christian(0.00966)	christoph(0.00925)	bale(0.00814)	knight(0.00762)	wayn(0.00674)	michael(0.00657)	crew(0.00565)	nick(0.00559)	rachel(0.00537)	season(0.00537)	william(0.00519)	brown(0.00514)	brilliant(0.00511)	quest(0.00502)	aveng(0.00493)	kirk(0.00459)	evan(0.00437)	cain(0.00426)	serious(0.00422)	gari(0.00412)	gotham(0.00395)	
Topic 14(0.04793):	bond(0.04923)	jame(0.03460)	jone(0.02310)	daniel(0.01157)	ford(0.01045)	pitt(0.01007)	indiana(0.00949)	brad(0.00894)	royal(0.00887)	casino(0.00784)	georg(0.00700)	nazi(0.00653)	gold(0.00637)	harrison(0.00634)	plan(0.00633)	conneri(0.00633)	hall(0.00625)	indi(0.00618)	sequenc(0.00611)	hitler(0.00607)	sean(0.00582)	villain(0.00580)	lost(0.00554)	steven(0.00544)	hunt(0.00542)	secret(0.00538)	west(0.00523)	roger(0.00508)	raider(0.00506)	judi(0.00456)	
237 users are loaded from /zf18/ll5fy/lab/dataset/amazon_movie/byUser_70k_review/5foldsCVColdstart/1/...
235 users are loaded from /zf18/ll5fy/lab/dataset/amazon_movie/byUser_70k_review/5foldsCVColdstart/0/...
248 users are loaded from /zf18/ll5fy/lab/dataset/amazon_movie/byUser_70k_review/5foldsCVColdstart/2/...
251 users are loaded from /zf18/ll5fy/lab/dataset/amazon_movie/byUser_70k_review/5foldsCVColdstart/3/...
240 users are loaded from /zf18/ll5fy/lab/dataset/amazon_movie/byUser_70k_review/5foldsCVColdstart/4/...
====================
[Info]Fold No. 1: 
[Info]Analzying corpus: 
...........-- Global corpus: vocabulary size: 7680, review size: 26309, item size: 838, user size: 835
train size = 21478, test size = 4831....
[Info]Analying bipartie graph: 
-- train graph: review size: 21478, item size: 750, user size: 743
[Info]EM Starting multithread LDA_Focus[k:15, alpha:1.01, beta:1.00, Variational]...
==============
[Info]Likelihood -7992446.21807 at step 0 converge to 1.0000000000...
==============
[Info]Likelihood -7990867.30166 at step 1 converge to 0.0001975511...
==============
[Info]Likelihood -7989104.01969 at step 2 converge to 0.0002206622...
==============
[Info]Likelihood -7985659.37504 at step 3 converge to 0.0004311678...
==============
[Info]Likelihood -7972070.82586 at step 4 converge to 0.0017016189...
==============
[Info]Likelihood -7936386.73896 at step 5 converge to 0.0044761377...
==============
[Info]Likelihood -7871130.72943 at step 6 converge to 0.0082223828...
==============
[Info]Likelihood -7781629.75026 at step 7 converge to 0.0113707906...
==============
[Info]Likelihood -7689592.37563 at step 8 converge to 0.0118275191...
==============
[Info]Likelihood -7619003.94212 at step 9 converge to 0.0091797367...
==============
[Info]Likelihood -7569276.52257 at step 10 converge to 0.0065267612...
==============
[Info]Likelihood -7533182.42130 at step 11 converge to 0.0047685008...
==============
[Info]Likelihood -7505735.13320 at step 12 converge to 0.0036435183...
==============
[Info]Likelihood -7483947.70438 at step 13 converge to 0.0029027708...
==============
[Info]Likelihood -7466035.80797 at step 14 converge to 0.0023933754...
==============
[Info]Likelihood -7450989.74092 at step 15 converge to 0.0020152685...
==============
[Info]Likelihood -7438148.92427 at step 16 converge to 0.0017233706...
==============
[Info]Likelihood -7427034.46699 at step 17 converge to 0.0014942504...
==============
[Info]Likelihood -7417300.60267 at step 18 converge to 0.0013105991...
==============
[Info]Likelihood -7408730.95271 at step 19 converge to 0.0011553597...
==============
[Info]Likelihood -7401129.60351 at step 20 converge to 0.0010259988...
==============
[Info]Likelihood -7394322.92884 at step 21 converge to 0.0009196805...
==============
[Info]Likelihood -7388211.12152 at step 22 converge to 0.0008265540...
==============
[Info]Likelihood -7382680.50451 at step 23 converge to 0.0007485732...
==============
[Info]Likelihood -7377620.77434 at step 24 converge to 0.0006853514...
==============
[Info]Likelihood -7372953.12664 at step 25 converge to 0.0006326766...
==============
[Info]Likelihood -7368678.08582 at step 26 converge to 0.0005798275...
==============
[Info]Likelihood -7364766.89105 at step 27 converge to 0.0005307865...
==============
[Info]Likelihood -7361148.78676 at step 28 converge to 0.0004912721...
==============
[Info]Likelihood -7357776.93665 at step 29 converge to 0.0004580603...
==============
[Info]Likelihood -7354634.07646 at step 30 converge to 0.0004271481...
==============
[Info]Likelihood -7351694.11770 at step 31 converge to 0.0003997424...
==============
[Info]Likelihood -7348931.18026 at step 32 converge to 0.0003758232...
==============
[Info]Likelihood -7346326.69907 at step 33 converge to 0.0003544027...
==============
[Info]Likelihood -7343861.61971 at step 34 converge to 0.0003355526...
==============
[Info]Likelihood -7341516.47474 at step 35 converge to 0.0003193340...
==============
[Info]Likelihood -7339267.89576 at step 36 converge to 0.0003062826...
==============
[Info]Likelihood -7337100.14403 at step 37 converge to 0.0002953635...
==============
[Info]Likelihood -7335020.21306 at step 38 converge to 0.0002834813...
==============
[Info]Likelihood -7333035.97349 at step 39 converge to 0.0002705159...
==============
[Info]Likelihood -7331140.48205 at step 40 converge to 0.0002584866...
==============
[Info]Likelihood -7329329.84444 at step 41 converge to 0.0002469790...
==============
[Info]Likelihood -7327596.68196 at step 42 converge to 0.0002364694...
==============
[Info]Likelihood -7325927.65886 at step 43 converge to 0.0002277722...
==============
[Info]Likelihood -7324282.65978 at step 44 converge to 0.0002245448...
==============
[Info]Likelihood -7322632.63867 at step 45 converge to 0.0002252809...
==============
[Info]Likelihood -7321040.72994 at step 46 converge to 0.0002173957...
==============
[Info]Likelihood -7319536.52785 at step 47 converge to 0.0002054629...
==============
[Info]Likelihood -7318111.29110 at step 48 converge to 0.0001947168...
==============
[Info]Likelihood -7316759.57827 at step 49 converge to 0.0001847079...
[Info]Likelihood -7316759.578 after step 50 converge to 0.000185 after 183 seconds...
[Info]Analying bipartie graph: 
-- test graph: review size: 4831, item size: 245, user size: 237
[Info]Start evaluation in thread
[Stat]Test evaluation finished: 4831 docs
[Stat]0 part has 752.000000 docs: perplexity is 1988.916 and log-likelihood is -373.121
[Stat]1 part has 1116.000000 docs: perplexity is 1865.414 and log-likelihood is -378.424
[Stat]2 part has 1144.000000 docs: perplexity is 2074.615 and log-likelihood is -355.633
[Stat]3 part has 1819.000000 docs: perplexity is 1881.735 and log-likelihood is -371.468
[Stat]4 part has 4831.000000 docs: perplexity is 1936.405 and log-likelihood is -369.582
[Info]multithread LDA_Focus[k:15, alpha:1.01, beta:1.00, Variational] Train/Test finished in 185.34 seconds...
TopWord FilePath:/zf18/ll5fy/lab/dataset/amazon_movie/byUser_70k_review/output/5foldsCVColdstart/1/LDA_Item_topWords_15.txt
Topic 0(0.07835):	comedi(0.03432)	laugh(0.02533)	humor(0.02411)	hilari(0.01418)	jack(0.01384)	joke(0.01166)	romant(0.01128)	serious(0.01106)	cameron(0.01008)	stupid(0.00829)	andi(0.00772)	mile(0.00694)	streep(0.00648)	night(0.00626)	wast(0.00617)	dumb(0.00599)	romanc(0.00578)	stiller(0.00577)	ferrel(0.00561)	male(0.00557)	hate(0.00548)	avatar(0.00531)	jake(0.00526)	nicholson(0.00518)	adam(0.00513)	type(0.00500)	money(0.00475)	amus(0.00455)	bore(0.00455)	trip(0.00451)	
Topic 1(0.05633):	bill(0.01866)	depp(0.01643)	jack(0.01618)	willi(0.01404)	ride(0.01249)	johnni(0.01231)	pirat(0.01207)	charli(0.01163)	matt(0.01065)	bourn(0.01034)	david(0.01029)	camera(0.01008)	damon(0.00997)	edward(0.00867)	black(0.00830)	davi(0.00742)	hotel(0.00730)	amaz(0.00653)	bank(0.00607)	rush(0.00585)	fast(0.00559)	ident(0.00547)	dead(0.00509)	mark(0.00472)	paul(0.00470)	manag(0.00453)	chocol(0.00435)	sequenc(0.00426)	pulp(0.00425)	pearl(0.00423)	
Topic 2(0.09572):	dead(0.02295)	violenc(0.01925)	remak(0.01849)	flick(0.01793)	blood(0.01479)	genr(0.01318)	killer(0.01176)	gore(0.01109)	evil(0.00973)	twist(0.00910)	violent(0.00843)	victim(0.00779)	atmospher(0.00754)	suspens(0.00708)	game(0.00655)	tension(0.00642)	bodi(0.00622)	brutal(0.00617)	graphic(0.00580)	half(0.00565)	fast(0.00557)	terror(0.00535)	shot(0.00524)	texa(0.00491)	basic(0.00485)	food(0.00475)	intens(0.00474)	road(0.00467)	slow(0.00460)	pace(0.00435)	
Topic 3(0.05890):	king(0.03132)	monster(0.02342)	tale(0.01581)	creatur(0.01579)	villag(0.01127)	ring(0.01084)	matrix(0.01048)	brother(0.01040)	blade(0.00989)	princ(0.00883)	visual(0.00859)	witch(0.00813)	kong(0.00728)	dracula(0.00691)	forest(0.00651)	lord(0.00644)	battl(0.00585)	strang(0.00582)	wood(0.00581)	shyamalan(0.00565)	promis(0.00564)	anna(0.00541)	beast(0.00539)	miller(0.00538)	frank(0.00513)	reev(0.00509)	armi(0.00504)	toro(0.00503)	godfath(0.00493)	amin(0.00402)	
Topic 4(0.06028):	hero(0.02510)	citi(0.02435)	bruce(0.01881)	villain(0.01819)	iron(0.01447)	transform(0.01433)	return(0.01269)	superhero(0.01248)	christian(0.01011)	christoph(0.00978)	bale(0.00852)	knight(0.00847)	wayn(0.00837)	toni(0.00816)	sequenc(0.00762)	hulk(0.00697)	michael(0.00626)	suit(0.00620)	robot(0.00554)	neeson(0.00536)	evil(0.00520)	cool(0.00517)	district(0.00509)	save(0.00468)	aveng(0.00461)	serious(0.00446)	liam(0.00444)	gotham(0.00441)	lane(0.00440)	amaz(0.00432)	
Topic 5(0.05003):	bond(0.04162)	jame(0.03600)	georg(0.01765)	cold(0.01475)	secret(0.01285)	ryan(0.01119)	terrorist(0.00892)	robert(0.00863)	royal(0.00852)	russian(0.00810)	sequenc(0.00777)	hitchcock(0.00723)	hunt(0.00714)	govern(0.00697)	plan(0.00641)	bomb(0.00607)	organ(0.00548)	daniel(0.00531)	casino(0.00524)	conneri(0.00511)	weapon(0.00430)	soviet(0.00427)	villain(0.00398)	fire(0.00397)	sean(0.00394)	gold(0.00382)	intellig(0.00371)	oper(0.00360)	mcclane(0.00356)	pierc(0.00356)	
Topic 6(0.05141):	william(0.01955)	jone(0.01678)	potter(0.01580)	drug(0.01529)	magic(0.01514)	prison(0.01455)	brother(0.01149)	robin(0.01035)	black(0.00880)	professor(0.00780)	fire(0.00751)	richard(0.00711)	student(0.00672)	order(0.00637)	addict(0.00634)	indiana(0.00631)	wizard(0.00604)	washington(0.00603)	daniel(0.00580)	maria(0.00550)	deal(0.00544)	milk(0.00525)	emma(0.00521)	coen(0.00508)	penn(0.00475)	tommi(0.00464)	hawk(0.00460)	david(0.00460)	grow(0.00450)	river(0.00447)	
Topic 7(0.07012):	earth(0.02216)	futur(0.01699)	ship(0.01541)	planet(0.01518)	fiction(0.01456)	crew(0.01247)	save(0.01163)	mission(0.01019)	captain(0.01009)	trek(0.01001)	team(0.00987)	predat(0.00884)	destroy(0.00879)	robot(0.00831)	technolog(0.00796)	scientist(0.00718)	militari(0.00665)	xmen(0.00661)	attack(0.00595)	visual(0.00541)	park(0.00509)	ford(0.00469)	develop(0.00443)	race(0.00414)	land(0.00412)	moon(0.00408)	pilot(0.00379)	board(0.00379)	cure(0.00369)	order(0.00369)	
Topic 8(0.07889):	thriller(0.01727)	polit(0.01472)	daughter(0.01139)	countri(0.00950)	hank(0.00914)	case(0.00904)	moor(0.00855)	kidman(0.00793)	issu(0.00776)	societi(0.00693)	presid(0.00683)	situat(0.00681)	truth(0.00679)	husband(0.00678)	cage(0.00627)	unit(0.00619)	plane(0.00613)	suspens(0.00600)	clue(0.00599)	intellig(0.00552)	nicol(0.00536)	frank(0.00532)	washington(0.00464)	treasur(0.00460)	understand(0.00450)	control(0.00444)	flight(0.00435)	govern(0.00422)	father(0.00411)	jodi(0.00409)	
Topic 9(0.06594):	hous(0.03578)	michael(0.03545)	night(0.02173)	peter(0.02006)	town(0.01744)	room(0.01397)	spiderman(0.01228)	mari(0.01119)	halloween(0.01092)	ghost(0.01053)	door(0.01001)	mother(0.00825)	jump(0.00714)	hill(0.00705)	myer(0.00679)	jami(0.00655)	phone(0.00624)	strang(0.00603)	wait(0.00576)	walk(0.00568)	mask(0.00545)	return(0.00537)	decid(0.00534)	foxx(0.00513)	mike(0.00513)	father(0.00474)	white(0.00466)	talk(0.00445)	silent(0.00445)	neighbor(0.00436)	
Topic 10(0.05957):	quot(0.02834)	dream(0.01965)	song(0.01873)	brilliant(0.01407)	rock(0.01307)	danc(0.01215)	hugh(0.01206)	sing(0.01075)	kevin(0.01025)	alex(0.00947)	black(0.00862)	number(0.00849)	rent(0.00763)	russel(0.00738)	quotth(0.00684)	talent(0.00630)	band(0.00618)	crow(0.00579)	jeff(0.00545)	hoffman(0.00533)	favorit(0.00510)	televis(0.00476)	todd(0.00463)	famous(0.00459)	michell(0.00458)	mother(0.00431)	dude(0.00426)	carl(0.00421)	costner(0.00413)	hollywood(0.00412)	
Topic 11(0.07871):	oscar(0.02307)	award(0.01307)	drama(0.01287)	support(0.01183)	hollywood(0.00854)	robert(0.00784)	career(0.00771)	academi(0.00770)	gang(0.00658)	father(0.00652)	rich(0.00641)	affleck(0.00623)	babi(0.00600)	talent(0.00592)	rose(0.00572)	player(0.00564)	billi(0.00549)	dicaprio(0.00549)	fine(0.00533)	manag(0.00519)	dollar(0.00519)	brilliant(0.00519)	train(0.00512)	struggl(0.00509)	outstand(0.00506)	team(0.00495)	rocki(0.00483)	maggi(0.00483)	affair(0.00480)	money(0.00475)	
Topic 12(0.06261):	edit(0.04022)	commentari(0.02686)	video(0.02316)	qualiti(0.02227)	audio(0.02089)	product(0.01861)	disc(0.01792)	documentari(0.01734)	digit(0.01546)	interview(0.01461)	collect(0.01357)	track(0.01338)	theatric(0.01329)	delet(0.01275)	featurett(0.01249)	rate(0.01169)	talk(0.01063)	produc(0.01046)	shot(0.01038)	soundtrack(0.00989)	transfer(0.00858)	footag(0.00820)	visual(0.00788)	kbps(0.00772)	spanish(0.00764)	white(0.00747)	copi(0.00731)	game(0.00713)	subtitl(0.00708)	bonus(0.00704)	
Topic 13(0.07209):	histori(0.02050)	battl(0.01655)	soldier(0.01138)	histor(0.00953)	epic(0.00939)	general(0.00781)	cultur(0.00726)	pitt(0.00704)	alexand(0.00684)	simpli(0.00652)	pari(0.00636)	brad(0.00627)	father(0.00599)	japanes(0.00597)	side(0.00582)	fail(0.00569)	mother(0.00562)	understand(0.00561)	theme(0.00542)	natur(0.00535)	imagin(0.00515)	queen(0.00500)	barri(0.00484)	carrey(0.00471)	hitler(0.00425)	armi(0.00422)	kate(0.00420)	lack(0.00415)	sunshin(0.00402)	focus(0.00399)	
Topic 14(0.06105):	anim(0.03461)	voic(0.02240)	episod(0.01663)	wall(0.00964)	luca(0.00940)	race(0.00829)	visual(0.00705)	pixar(0.00699)	strike(0.00694)	return(0.00643)	side(0.00637)	mountain(0.00605)	attack(0.00596)	warm(0.00591)	west(0.00588)	wait(0.00558)	luke(0.00538)	father(0.00536)	battl(0.00525)	amaz(0.00510)	brook(0.00505)	bird(0.00497)	fish(0.00487)	reveng(0.00483)	jedi(0.00471)	georg(0.00460)	penguin(0.00456)	wild(0.00453)	phantom(0.00450)	favorit(0.00445)	
248 users are loaded from /zf18/ll5fy/lab/dataset/amazon_movie/byUser_70k_review/5foldsCVColdstart/2/...
235 users are loaded from /zf18/ll5fy/lab/dataset/amazon_movie/byUser_70k_review/5foldsCVColdstart/0/...
237 users are loaded from /zf18/ll5fy/lab/dataset/amazon_movie/byUser_70k_review/5foldsCVColdstart/1/...
251 users are loaded from /zf18/ll5fy/lab/dataset/amazon_movie/byUser_70k_review/5foldsCVColdstart/3/...
240 users are loaded from /zf18/ll5fy/lab/dataset/amazon_movie/byUser_70k_review/5foldsCVColdstart/4/...
====================
[Info]Fold No. 2: 
[Info]Analzying corpus: 
...........-- Global corpus: vocabulary size: 7680, review size: 26309, item size: 838, user size: 835
train size = 21326, test size = 4983....
[Info]Analying bipartie graph: 
-- train graph: review size: 21326, item size: 768, user size: 741
[Info]EM Starting multithread LDA_Focus[k:15, alpha:1.01, beta:1.00, Variational]...
==============
[Info]Likelihood -7820549.63940 at step 0 converge to 1.0000000000...
==============
[Info]Likelihood -7818990.97265 at step 1 converge to 0.0001993040...
==============
[Info]Likelihood -7817251.78030 at step 2 converge to 0.0002224318...
==============
[Info]Likelihood -7814184.14566 at step 3 converge to 0.0003924186...
==============
[Info]Likelihood -7803132.33021 at step 4 converge to 0.0014143275...
==============
[Info]Likelihood -7772116.52360 at step 5 converge to 0.0039747893...
==============
[Info]Likelihood -7711687.65301 at step 6 converge to 0.0077750855...
==============
[Info]Likelihood -7621423.44737 at step 7 converge to 0.0117048576...
==============
[Info]Likelihood -7528594.36892 at step 8 converge to 0.0121800185...
==============
[Info]Likelihood -7458204.87154 at step 9 converge to 0.0093496201...
==============
[Info]Likelihood -7408645.72737 at step 10 converge to 0.0066449159...
==============
[Info]Likelihood -7373033.42776 at step 11 converge to 0.0048068569...
==============
[Info]Likelihood -7346392.72132 at step 12 converge to 0.0036132627...
==============
[Info]Likelihood -7325455.15433 at step 13 converge to 0.0028500473...
==============
[Info]Likelihood -7308366.00123 at step 14 converge to 0.0023328452...
==============
[Info]Likelihood -7294108.81780 at step 15 converge to 0.0019508032...
==============
[Info]Likelihood -7281997.94204 at step 16 converge to 0.0016603640...
==============
[Info]Likelihood -7271458.64756 at step 17 converge to 0.0014473081...
==============
[Info]Likelihood -7262188.80867 at step 18 converge to 0.0012748252...
==============
[Info]Likelihood -7253886.08589 at step 19 converge to 0.0011432810...
==============
[Info]Likelihood -7246403.87883 at step 20 converge to 0.0010314757...
==============
[Info]Likelihood -7239671.29571 at step 21 converge to 0.0009290930...
==============
[Info]Likelihood -7233495.80815 at step 22 converge to 0.0008530066...
==============
[Info]Likelihood -7227787.22299 at step 23 converge to 0.0007891876...
==============
[Info]Likelihood -7222564.89437 at step 24 converge to 0.0007225349...
==============
[Info]Likelihood -7217722.40853 at step 25 converge to 0.0006704662...
==============
[Info]Likelihood -7213192.09655 at step 26 converge to 0.0006276650...
==============
[Info]Likelihood -7208931.23347 at step 27 converge to 0.0005907042...
==============
[Info]Likelihood -7204933.68563 at step 28 converge to 0.0005545271...
==============
[Info]Likelihood -7201208.31089 at step 29 converge to 0.0005170589...
==============
[Info]Likelihood -7197728.20374 at step 30 converge to 0.0004832671...
==============
[Info]Likelihood -7194456.51212 at step 31 converge to 0.0004545450...
==============
[Info]Likelihood -7191370.08611 at step 32 converge to 0.0004290006...
==============
[Info]Likelihood -7188457.55533 at step 33 converge to 0.0004050036...
==============
[Info]Likelihood -7185702.80392 at step 34 converge to 0.0003832187...
==============
[Info]Likelihood -7183088.69149 at step 35 converge to 0.0003637936...
==============
[Info]Likelihood -7180602.70727 at step 36 converge to 0.0003460885...
==============
[Info]Likelihood -7178234.62220 at step 37 converge to 0.0003297892...
==============
[Info]Likelihood -7175976.51261 at step 38 converge to 0.0003145773...
==============
[Info]Likelihood -7173818.78525 at step 39 converge to 0.0003006876...
==============
[Info]Likelihood -7171747.83377 at step 40 converge to 0.0002886819...
==============
[Info]Likelihood -7169748.87530 at step 41 converge to 0.0002787268...
==============
[Info]Likelihood -7167816.51089 at step 42 converge to 0.0002695163...
==============
[Info]Likelihood -7165946.28467 at step 43 converge to 0.0002609199...
==============
[Info]Likelihood -7164134.18348 at step 44 converge to 0.0002528767...
==============
[Info]Likelihood -7162380.38423 at step 45 converge to 0.0002448027...
==============
[Info]Likelihood -7160685.52371 at step 46 converge to 0.0002366337...
==============
[Info]Likelihood -7159047.58919 at step 47 converge to 0.0002287399...
==============
[Info]Likelihood -7157459.08187 at step 48 converge to 0.0002218881...
==============
[Info]Likelihood -7155909.63659 at step 49 converge to 0.0002164798...
[Info]Likelihood -7155909.637 after step 50 converge to 0.000216 after 209 seconds...
[Info]Analying bipartie graph: 
-- test graph: review size: 4983, item size: 226, user size: 248
[Info]Start evaluation in thread
[Stat]Test evaluation finished: 4983 docs
[Stat]0 part has 659.000000 docs: perplexity is 1924.703 and log-likelihood is -395.317
[Stat]1 part has 1295.000000 docs: perplexity is 1809.184 and log-likelihood is -421.478
[Stat]2 part has 1008.000000 docs: perplexity is 2028.014 and log-likelihood is -364.310
[Stat]3 part has 2021.000000 docs: perplexity is 1862.357 and log-likelihood is -380.310
[Stat]4 part has 4983.000000 docs: perplexity is 1885.174 and log-likelihood is -389.757
[Info]multithread LDA_Focus[k:15, alpha:1.01, beta:1.00, Variational] Train/Test finished in 212.00 seconds...
TopWord FilePath:/zf18/ll5fy/lab/dataset/amazon_movie/byUser_70k_review/output/5foldsCVColdstart/2/LDA_Item_topWords_15.txt
Topic 0(0.06053):	battl(0.03227)	hero(0.02825)	peter(0.02659)	king(0.02404)	spiderman(0.01933)	ring(0.01577)	epic(0.01400)	superhero(0.01269)	histori(0.01186)	villain(0.01134)	amaz(0.01108)	lord(0.00982)	histor(0.00933)	xmen(0.00806)	armi(0.00767)	affleck(0.00676)	sequenc(0.00669)	graphic(0.00661)	visual(0.00622)	general(0.00546)	return(0.00521)	raimi(0.00516)	miller(0.00502)	jane(0.00482)	evil(0.00480)	hors(0.00452)	troy(0.00448)	knight(0.00443)	kane(0.00423)	mari(0.00390)	
Topic 1(0.07186):	earth(0.01935)	futur(0.01592)	planet(0.01308)	robot(0.01250)	ship(0.01243)	mission(0.01094)	fiction(0.01024)	save(0.01005)	visual(0.00989)	cameron(0.00896)	crew(0.00872)	destroy(0.00854)	militari(0.00750)	technolog(0.00717)	scientist(0.00655)	attack(0.00633)	trek(0.00630)	govern(0.00554)	captain(0.00540)	giant(0.00532)	avatar(0.00478)	sequenc(0.00464)	control(0.00455)	titan(0.00436)	bomb(0.00431)	blade(0.00430)	race(0.00418)	jame(0.00404)	team(0.00397)	district(0.00397)	
Topic 2(0.06109):	thriller(0.02505)	daughter(0.02396)	suspens(0.02106)	transform(0.01437)	jone(0.01427)	willi(0.01236)	twist(0.01199)	plane(0.01038)	hurt(0.00996)	hulk(0.00961)	ford(0.00876)	villag(0.00866)	gibson(0.00843)	lost(0.00836)	charli(0.00822)	seat(0.00747)	william(0.00746)	ride(0.00744)	indiana(0.00706)	brook(0.00685)	bank(0.00592)	save(0.00579)	search(0.00559)	flight(0.00554)	hunt(0.00541)	bruce(0.00540)	kidnap(0.00528)	indi(0.00528)	sequenc(0.00520)	secret(0.00502)	
Topic 3(0.06566):	dead(0.03541)	blood(0.01727)	gore(0.01394)	potter(0.01230)	creatur(0.01181)	evil(0.01169)	monster(0.00977)	genr(0.00946)	prison(0.00943)	predat(0.00937)	japanes(0.00751)	night(0.00693)	flick(0.00656)	road(0.00582)	shot(0.00578)	romero(0.00554)	survivor(0.00550)	dawn(0.00547)	terror(0.00537)	black(0.00488)	order(0.00468)	fire(0.00454)	resid(0.00444)	virus(0.00444)	texa(0.00440)	attack(0.00428)	gori(0.00417)	professor(0.00414)	hunt(0.00412)	cave(0.00385)	
Topic 4(0.05611):	david(0.01694)	soldier(0.01175)	island(0.01169)	bill(0.01123)	edward(0.00997)	matrix(0.00984)	dragon(0.00909)	kate(0.00888)	brother(0.00763)	doctor(0.00701)	dracula(0.00668)	monster(0.00633)	reev(0.00629)	hitler(0.00616)	trick(0.00586)	nazi(0.00574)	histori(0.00550)	forest(0.00539)	hels(0.00497)	silenc(0.00470)	amin(0.00439)	jackman(0.00431)	fienn(0.00427)	camp(0.00422)	figur(0.00417)	told(0.00413)	russian(0.00396)	theron(0.00387)	order(0.00379)	bride(0.00370)	
Topic 5(0.05425):	citi(0.02072)	episod(0.01648)	bruce(0.01635)	bourn(0.01263)	matt(0.01235)	damon(0.01194)	georg(0.01133)	reveng(0.01014)	christian(0.01013)	wayn(0.00943)	luca(0.00941)	camera(0.00927)	bale(0.00896)	return(0.00757)	pari(0.00738)	hall(0.00723)	christoph(0.00718)	hitchcock(0.00682)	side(0.00682)	neeson(0.00675)	luke(0.00672)	ident(0.00598)	phantom(0.00597)	strike(0.00582)	cain(0.00568)	liam(0.00558)	alfr(0.00545)	fear(0.00533)	favorit(0.00513)	maria(0.00511)	
Topic 6(0.06143):	edit(0.04192)	commentari(0.02647)	qualiti(0.02540)	video(0.02523)	audio(0.02315)	disc(0.01912)	product(0.01874)	rate(0.01756)	documentari(0.01663)	digit(0.01604)	collect(0.01519)	track(0.01449)	interview(0.01414)	theatric(0.01317)	delet(0.01172)	featurett(0.01144)	soundtrack(0.01132)	shot(0.01086)	standard(0.01055)	transfer(0.01049)	talk(0.00970)	produc(0.00926)	materi(0.00896)	kbps(0.00823)	footag(0.00819)	spanish(0.00795)	copi(0.00788)	game(0.00784)	bonus(0.00761)	subtitl(0.00760)	
Topic 7(0.06121):	anim(0.03200)	tale(0.02047)	voic(0.01908)	white(0.01819)	magic(0.01512)	father(0.01227)	mother(0.01146)	hugh(0.01067)	visual(0.00983)	witch(0.00945)	queen(0.00931)	wall(0.00928)	imagin(0.00855)	princ(0.00814)	monster(0.00800)	express(0.00716)	pixar(0.00638)	fish(0.00561)	princess(0.00555)	snow(0.00523)	touch(0.00510)	older(0.00495)	bird(0.00491)	lost(0.00490)	talk(0.00482)	blair(0.00474)	luci(0.00452)	beast(0.00430)	spirit(0.00425)	favorit(0.00411)	
Topic 8(0.08303):	violenc(0.01259)	violent(0.00807)	moral(0.00726)	case(0.00722)	understand(0.00690)	husband(0.00676)	brutal(0.00674)	societi(0.00631)	ryan(0.00596)	situat(0.00584)	kidman(0.00573)	natur(0.00547)	intellig(0.00542)	scorses(0.00530)	polic(0.00510)	nicholson(0.00509)	theme(0.00507)	moor(0.00506)	issu(0.00497)	kubrick(0.00465)	affair(0.00455)	hotel(0.00455)	polit(0.00419)	side(0.00410)	fascin(0.00401)	toro(0.00393)	nicol(0.00392)	connect(0.00388)	fear(0.00374)	privat(0.00374)	
Topic 9(0.06417):	dream(0.01795)	frank(0.01761)	countri(0.01515)	iron(0.01390)	drug(0.01317)	robert(0.01317)	money(0.01211)	termin(0.01145)	train(0.01129)	washington(0.00967)	hank(0.00922)	dicaprio(0.00855)	toni(0.00821)	busi(0.00788)	dollar(0.00747)	deal(0.00728)	rocki(0.00712)	cage(0.00710)	gang(0.00704)	maggi(0.00663)	nick(0.00657)	govern(0.00582)	babi(0.00560)	sell(0.00548)	unit(0.00546)	brother(0.00530)	team(0.00522)	father(0.00515)	manag(0.00494)	leonardo(0.00449)	
Topic 10(0.06798):	comedi(0.03342)	song(0.01513)	night(0.01272)	romant(0.01113)	danc(0.00944)	rent(0.00937)	presid(0.00878)	laugh(0.00849)	televis(0.00849)	adam(0.00835)	sing(0.00808)	alex(0.00783)	hilari(0.00777)	news(0.00697)	georg(0.00651)	number(0.00621)	romanc(0.00586)	food(0.00580)	parti(0.00550)	stiller(0.00540)	owen(0.00532)	marri(0.00521)	mother(0.00509)	bush(0.00506)	paul(0.00500)	father(0.00470)	mile(0.00457)	sandler(0.00456)	manag(0.00455)	humor(0.00440)	
Topic 11(0.10662):	bore(0.01616)	serious(0.01488)	humor(0.01470)	laugh(0.01320)	half(0.01193)	hate(0.01192)	total(0.01108)	stupid(0.00983)	wast(0.00943)	basic(0.00844)	flick(0.00841)	talk(0.00800)	money(0.00794)	type(0.00763)	felt(0.00758)	cool(0.00757)	fail(0.00729)	joke(0.00704)	slow(0.00687)	fair(0.00671)	averag(0.00658)	sort(0.00612)	team(0.00609)	wors(0.00602)	fast(0.00579)	lack(0.00543)	premis(0.00516)	bunch(0.00505)	pitt(0.00500)	hilari(0.00498)	
Topic 12(0.07097):	brilliant(0.02916)	oscar(0.02656)	quot(0.02449)	hollywood(0.01679)	award(0.01624)	support(0.01485)	talent(0.01438)	rock(0.01132)	drama(0.01124)	academi(0.01027)	russel(0.00902)	william(0.00889)	crow(0.00881)	cinematographi(0.00843)	fine(0.00798)	hoffman(0.00767)	master(0.00737)	black(0.00706)	career(0.00702)	author(0.00631)	inspir(0.00601)	genr(0.00584)	piec(0.00548)	compel(0.00534)	today(0.00532)	famous(0.00527)	quotth(0.00526)	terrif(0.00523)	histori(0.00505)	rare(0.00494)	
Topic 13(0.06610):	michael(0.03676)	hous(0.03452)	remak(0.01852)	killer(0.01773)	town(0.01590)	halloween(0.01297)	room(0.01231)	game(0.01017)	night(0.00970)	ghost(0.00906)	door(0.00837)	victim(0.00775)	phone(0.00761)	bodi(0.00733)	myer(0.00728)	hill(0.00704)	strang(0.00699)	teen(0.00659)	brother(0.00636)	jump(0.00635)	jami(0.00614)	teenag(0.00600)	mother(0.00585)	silent(0.00570)	sister(0.00558)	decid(0.00551)	hell(0.00546)	return(0.00542)	rose(0.00502)	evil(0.00493)	
Topic 14(0.04898):	bond(0.04097)	jack(0.02802)	jame(0.02771)	depp(0.01586)	johnni(0.01551)	daniel(0.01475)	black(0.01216)	pirat(0.01193)	mari(0.00972)	royal(0.00891)	davi(0.00782)	paul(0.00748)	casino(0.00726)	barri(0.00686)	carter(0.00653)	captain(0.00625)	cash(0.00614)	jone(0.00608)	gold(0.00595)	secret(0.00533)	juli(0.00516)	bill(0.00503)	lewi(0.00490)	richard(0.00475)	wood(0.00466)	pearl(0.00465)	plainview(0.00435)	sparrow(0.00430)	pride(0.00417)	sequenc(0.00395)	
251 users are loaded from /zf18/ll5fy/lab/dataset/amazon_movie/byUser_70k_review/5foldsCVColdstart/3/...
235 users are loaded from /zf18/ll5fy/lab/dataset/amazon_movie/byUser_70k_review/5foldsCVColdstart/0/...
237 users are loaded from /zf18/ll5fy/lab/dataset/amazon_movie/byUser_70k_review/5foldsCVColdstart/1/...
248 users are loaded from /zf18/ll5fy/lab/dataset/amazon_movie/byUser_70k_review/5foldsCVColdstart/2/...
240 users are loaded from /zf18/ll5fy/lab/dataset/amazon_movie/byUser_70k_review/5foldsCVColdstart/4/...
====================
[Info]Fold No. 3: 
[Info]Analzying corpus: 
...........-- Global corpus: vocabulary size: 7680, review size: 26309, item size: 838, user size: 835
train size = 20753, test size = 5556....
[Info]Analying bipartie graph: 
-- train graph: review size: 20753, item size: 750, user size: 741
[Info]EM Starting multithread LDA_Focus[k:15, alpha:1.01, beta:1.00, Variational]...
==============
[Info]Likelihood -7723713.56090 at step 0 converge to 1.0000000000...
==============
[Info]Likelihood -7722181.34499 at step 1 converge to 0.0001983781...
==============
[Info]Likelihood -7720451.66183 at step 2 converge to 0.0002239889...
==============
[Info]Likelihood -7717169.13132 at step 3 converge to 0.0004251734...
==============
[Info]Likelihood -7705798.42625 at step 4 converge to 0.0014734296...
==============
[Info]Likelihood -7674606.16443 at step 5 converge to 0.0040478949...
==============
[Info]Likelihood -7612966.44541 at step 6 converge to 0.0080316459...
==============
[Info]Likelihood -7529133.25057 at step 7 converge to 0.0110118960...
==============
[Info]Likelihood -7444484.68288 at step 8 converge to 0.0112428038...
==============
[Info]Likelihood -7378080.30557 at step 9 converge to 0.0089199428...
==============
[Info]Likelihood -7330944.18802 at step 10 converge to 0.0063886696...
==============
[Info]Likelihood -7296833.39859 at step 11 converge to 0.0046529872...
==============
[Info]Likelihood -7270972.51420 at step 12 converge to 0.0035441243...
==============
[Info]Likelihood -7250560.62007 at step 13 converge to 0.0028073128...
==============
[Info]Likelihood -7233844.93828 at step 14 converge to 0.0023054330...
==============
[Info]Likelihood -7219755.41655 at step 15 converge to 0.0019477224...
==============
[Info]Likelihood -7207719.66144 at step 16 converge to 0.0016670586...
==============
[Info]Likelihood -7197332.18763 at step 17 converge to 0.0014411595...
==============
[Info]Likelihood -7188271.25483 at step 18 converge to 0.0012589294...
==============
[Info]Likelihood -7180289.02322 at step 19 converge to 0.0011104522...
==============
[Info]Likelihood -7173178.11890 at step 20 converge to 0.0009903368...
==============
[Info]Likelihood -7166773.54740 at step 21 converge to 0.0008928499...
==============
[Info]Likelihood -7160938.56907 at step 22 converge to 0.0008141709...
==============
[Info]Likelihood -7155570.77077 at step 23 converge to 0.0007495942...
==============
[Info]Likelihood -7150633.57983 at step 24 converge to 0.0006899786...
==============
[Info]Likelihood -7146073.30731 at step 25 converge to 0.0006377438...
==============
[Info]Likelihood -7141814.35664 at step 26 converge to 0.0005959847...
==============
[Info]Likelihood -7137860.50886 at step 27 converge to 0.0005536195...
==============
[Info]Likelihood -7134190.89373 at step 28 converge to 0.0005141058...
==============
[Info]Likelihood -7130760.99450 at step 29 converge to 0.0004807692...
==============
[Info]Likelihood -7127514.55733 at step 30 converge to 0.0004552722...
==============
[Info]Likelihood -7124400.29196 at step 31 converge to 0.0004369357...
==============
[Info]Likelihood -7121418.17416 at step 32 converge to 0.0004185781...
==============
[Info]Likelihood -7118590.47841 at step 33 converge to 0.0003970692...
==============
[Info]Likelihood -7115926.04683 at step 34 converge to 0.0003742920...
==============
[Info]Likelihood -7113427.85570 at step 35 converge to 0.0003510704...
==============
[Info]Likelihood -7111073.44417 at step 36 converge to 0.0003309813...
==============
[Info]Likelihood -7108831.20187 at step 37 converge to 0.0003153170...
==============
[Info]Likelihood -7106675.63805 at step 38 converge to 0.0003032234...
==============
[Info]Likelihood -7104602.42595 at step 39 converge to 0.0002917274...
==============
[Info]Likelihood -7102626.50004 at step 40 converge to 0.0002781191...
==============
[Info]Likelihood -7100744.04463 at step 41 converge to 0.0002650365...
==============
[Info]Likelihood -7098943.40942 at step 42 converge to 0.0002535840...
==============
[Info]Likelihood -7097220.60231 at step 43 converge to 0.0002426850...
==============
[Info]Likelihood -7095569.26346 at step 44 converge to 0.0002326740...
==============
[Info]Likelihood -7093972.58015 at step 45 converge to 0.0002250254...
==============
[Info]Likelihood -7092399.68198 at step 46 converge to 0.0002217232...
==============
[Info]Likelihood -7090862.05685 at step 47 converge to 0.0002167990...
==============
[Info]Likelihood -7089404.93561 at step 48 converge to 0.0002054928...
==============
[Info]Likelihood -7088016.43750 at step 49 converge to 0.0001958554...
[Info]Likelihood -7088016.438 after step 50 converge to 0.000196 after 200 seconds...
[Info]Analying bipartie graph: 
-- test graph: review size: 5556, item size: 264, user size: 251
[Info]Start evaluation in thread
[Stat]Test evaluation finished: 5556 docs
[Stat]0 part has 690.000000 docs: perplexity is 1971.806 and log-likelihood is -363.755
[Stat]1 part has 1416.000000 docs: perplexity is 1816.126 and log-likelihood is -377.815
[Stat]2 part has 1155.000000 docs: perplexity is 1932.843 and log-likelihood is -363.879
[Stat]3 part has 2295.000000 docs: perplexity is 1709.076 and log-likelihood is -357.480
[Stat]4 part has 5556.000000 docs: perplexity is 1812.664 and log-likelihood is -364.772
[Info]multithread LDA_Focus[k:15, alpha:1.01, beta:1.00, Variational] Train/Test finished in 202.32 seconds...
TopWord FilePath:/zf18/ll5fy/lab/dataset/amazon_movie/byUser_70k_review/output/5foldsCVColdstart/3/LDA_Item_topWords_15.txt
Topic 0(0.06327):	hous(0.02276)	robert(0.01893)	mother(0.01528)	anim(0.01166)	voic(0.01138)	strang(0.01026)	tale(0.01024)	babi(0.01011)	father(0.01008)	witch(0.00856)	hoffman(0.00847)	door(0.00768)	sister(0.00765)	town(0.00724)	husband(0.00695)	andi(0.00661)	daughter(0.00658)	carter(0.00637)	demon(0.00625)	judg(0.00603)	case(0.00555)	streep(0.00547)	brilliant(0.00514)	neighbor(0.00502)	author(0.00500)	talk(0.00476)	cold(0.00475)	magic(0.00466)	niro(0.00450)	godfath(0.00450)	
Topic 1(0.05123):	bond(0.04223)	jack(0.03060)	jame(0.03046)	nicholson(0.01111)	pitt(0.01083)	danni(0.01026)	brad(0.00907)	xmen(0.00893)	royal(0.00760)	pari(0.00748)	alexand(0.00728)	hall(0.00695)	casino(0.00669)	king(0.00642)	secret(0.00589)	maggi(0.00561)	villain(0.00556)	russian(0.00536)	daughter(0.00515)	judi(0.00512)	troy(0.00499)	plan(0.00488)	retir(0.00473)	eric(0.00471)	owen(0.00471)	georg(0.00468)	conneri(0.00450)	bean(0.00450)	sexi(0.00414)	miller(0.00412)	
Topic 2(0.05575):	bruce(0.02176)	citi(0.01936)	michael(0.01436)	potter(0.01250)	bale(0.01104)	christian(0.01086)	christoph(0.01073)	willi(0.01064)	wayn(0.01039)	washington(0.00994)	knight(0.00990)	villain(0.00921)	cage(0.00855)	morgan(0.00838)	train(0.00818)	order(0.00800)	food(0.00732)	neeson(0.00682)	gari(0.00655)	treasur(0.00624)	cain(0.00573)	alfr(0.00566)	gotham(0.00562)	liam(0.00559)	secret(0.00524)	holm(0.00524)	fast(0.00521)	return(0.00519)	professor(0.00519)	magic(0.00514)	
Topic 3(0.09782):	dead(0.02779)	flick(0.01815)	remak(0.01758)	killer(0.01458)	night(0.01164)	genr(0.01155)	blood(0.01096)	michael(0.01093)	gore(0.01076)	thriller(0.01025)	suspens(0.00941)	victim(0.00909)	halloween(0.00841)	evil(0.00803)	twist(0.00797)	hous(0.00745)	hell(0.00719)	room(0.00649)	cool(0.00591)	stupid(0.00582)	town(0.00570)	half(0.00545)	bodi(0.00510)	jami(0.00498)	violenc(0.00493)	terror(0.00491)	game(0.00488)	drive(0.00483)	tension(0.00467)	driver(0.00461)	
Topic 4(0.05803):	peter(0.02242)	polit(0.01937)	spiderman(0.01760)	transform(0.01603)	hero(0.01407)	presid(0.01253)	govern(0.01138)	moor(0.00992)	superhero(0.00984)	georg(0.00963)	dragon(0.00949)	amaz(0.00893)	unit(0.00847)	terrorist(0.00745)	michael(0.00718)	major(0.00557)	raimi(0.00547)	bush(0.00537)	issu(0.00515)	felt(0.00514)	public(0.00508)	villain(0.00507)	news(0.00487)	silenc(0.00487)	case(0.00459)	prime(0.00419)	focus(0.00415)	bomb(0.00415)	opinion(0.00392)	jane(0.00374)	
Topic 5(0.06351):	edit(0.03711)	commentari(0.02561)	qualiti(0.02300)	video(0.02106)	audio(0.01909)	product(0.01705)	disc(0.01689)	documentari(0.01624)	talk(0.01392)	collect(0.01328)	track(0.01326)	interview(0.01315)	digit(0.01289)	theatric(0.01252)	produc(0.01206)	featurett(0.01188)	shot(0.01148)	delet(0.01092)	transfer(0.01006)	soundtrack(0.00889)	footag(0.00852)	subtitl(0.00802)	rate(0.00797)	hugh(0.00778)	bonus(0.00742)	copi(0.00733)	studio(0.00721)	anim(0.00698)	standard(0.00688)	spanish(0.00686)	
Topic 6(0.06585):	visual(0.02608)	sequenc(0.02391)	battl(0.02302)	episod(0.01359)	return(0.01323)	third(0.01148)	captain(0.01037)	matrix(0.00988)	blade(0.00921)	hero(0.00862)	tale(0.00861)	evil(0.00858)	robot(0.00841)	pirat(0.00815)	amaz(0.00746)	luca(0.00691)	instal(0.00641)	reveng(0.00638)	stun(0.00602)	spectacular(0.00563)	cool(0.00526)	davi(0.00499)	phantom(0.00498)	wait(0.00496)	favorit(0.00492)	side(0.00486)	impress(0.00477)	jone(0.00467)	imagin(0.00464)	lack(0.00454)	
Topic 7(0.06701):	dream(0.02087)	song(0.01762)	rock(0.01155)	danc(0.01130)	sing(0.01015)	kevin(0.00794)	number(0.00765)	romant(0.00701)	talent(0.00693)	rent(0.00692)	alex(0.00641)	kidman(0.00634)	romanc(0.00614)	mother(0.00557)	student(0.00539)	band(0.00497)	penguin(0.00491)	understand(0.00486)	queen(0.00479)	trip(0.00434)	rang(0.00431)	touch(0.00423)	brilliant(0.00419)	youth(0.00417)	nicol(0.00417)	spacey(0.00414)	singer(0.00406)	marri(0.00402)	colleg(0.00391)	earli(0.00387)	
Topic 8(0.07427):	father(0.01977)	frank(0.01599)	soldier(0.01265)	countri(0.01157)	general(0.00885)	hank(0.00776)	societi(0.00775)	japanes(0.00727)	histori(0.00694)	order(0.00684)	understand(0.00680)	truth(0.00611)	battl(0.00602)	situat(0.00600)	brother(0.00591)	moral(0.00553)	natur(0.00546)	commit(0.00539)	side(0.00534)	rais(0.00505)	rocki(0.00491)	suicid(0.00475)	deal(0.00470)	jeff(0.00468)	hulk(0.00461)	hitler(0.00456)	conflict(0.00423)	bridg(0.00406)	vietnam(0.00402)	suffer(0.00390)	
Topic 9(0.05968):	black(0.02379)	drug(0.01563)	iron(0.01473)	violenc(0.01359)	white(0.01346)	jone(0.01292)	predat(0.01158)	toni(0.01041)	polic(0.01035)	ford(0.00918)	money(0.00817)	prison(0.00806)	kubrick(0.00707)	ryan(0.00688)	robert(0.00670)	nick(0.00664)	sean(0.00651)	milk(0.00633)	violent(0.00628)	partner(0.00594)	daughter(0.00588)	penn(0.00586)	deal(0.00568)	steven(0.00561)	case(0.00514)	gang(0.00497)	tommi(0.00485)	harrison(0.00476)	busi(0.00460)	addict(0.00452)	
Topic 10(0.06990):	oscar(0.02161)	william(0.01545)	award(0.01510)	drama(0.01031)	support(0.01017)	bourn(0.01005)	matt(0.00988)	academi(0.00888)	damon(0.00825)	russel(0.00811)	crow(0.00806)	paul(0.00774)	hollywood(0.00760)	race(0.00742)	team(0.00699)	edward(0.00692)	billi(0.00669)	player(0.00633)	robin(0.00595)	career(0.00588)	bank(0.00587)	manag(0.00575)	ident(0.00548)	game(0.00514)	public(0.00480)	pace(0.00429)	money(0.00429)	intellig(0.00428)	brilliant(0.00428)	attent(0.00426)	
Topic 11(0.06411):	king(0.02318)	monster(0.02191)	creatur(0.01626)	david(0.01272)	island(0.01024)	villag(0.00914)	night(0.00820)	wood(0.00795)	bill(0.00736)	kong(0.00692)	black(0.00652)	dracula(0.00614)	hunt(0.00603)	anim(0.00591)	trick(0.00548)	strang(0.00523)	twist(0.00506)	confus(0.00478)	town(0.00475)	develop(0.00474)	hurt(0.00467)	hunter(0.00466)	hels(0.00439)	beast(0.00439)	cure(0.00435)	virus(0.00431)	attack(0.00421)	survivor(0.00406)	water(0.00406)	forest(0.00398)	
Topic 12(0.07605):	comedi(0.03583)	humor(0.02774)	laugh(0.02522)	hilari(0.01447)	joke(0.01179)	johnni(0.01150)	depp(0.01135)	daughter(0.01049)	serious(0.01031)	mari(0.00976)	amus(0.00667)	charli(0.00645)	night(0.00593)	cash(0.00583)	carrey(0.00573)	barri(0.00569)	park(0.00545)	ferrel(0.00530)	wast(0.00529)	favorit(0.00514)	bill(0.00513)	talent(0.00504)	loud(0.00490)	stiller(0.00489)	peter(0.00482)	type(0.00479)	stupid(0.00466)	quirki(0.00455)	franc(0.00453)	brother(0.00449)	
Topic 13(0.06748):	quot(0.02241)	earth(0.01920)	fiction(0.01493)	planet(0.01435)	mission(0.01257)	ship(0.01224)	crew(0.01177)	trek(0.00952)	futur(0.00926)	save(0.00859)	plane(0.00825)	destroy(0.00742)	water(0.00651)	reev(0.00626)	affleck(0.00590)	control(0.00564)	attack(0.00540)	flight(0.00530)	plan(0.00527)	recal(0.00520)	scientist(0.00520)	militari(0.00517)	team(0.00515)	quotth(0.00503)	board(0.00498)	hitchcock(0.00492)	total(0.00485)	race(0.00468)	pilot(0.00437)	independ(0.00431)	
Topic 14(0.06603):	ring(0.01391)	epic(0.01220)	termin(0.01008)	cameron(0.00941)	daniel(0.00914)	dicaprio(0.00756)	histori(0.00742)	graphic(0.00730)	cultur(0.00710)	lord(0.00680)	simpli(0.00679)	gibson(0.00667)	lost(0.00599)	translat(0.00587)	cinematographi(0.00578)	avatar(0.00553)	histor(0.00544)	bill(0.00533)	hollywood(0.00526)	violenc(0.00522)	blood(0.00502)	york(0.00500)	amaz(0.00499)	jake(0.00486)	scorses(0.00485)	slow(0.00481)	futur(0.00473)	filmmak(0.00461)	impress(0.00460)	coppola(0.00453)	
240 users are loaded from /zf18/ll5fy/lab/dataset/amazon_movie/byUser_70k_review/5foldsCVColdstart/4/...
235 users are loaded from /zf18/ll5fy/lab/dataset/amazon_movie/byUser_70k_review/5foldsCVColdstart/0/...
237 users are loaded from /zf18/ll5fy/lab/dataset/amazon_movie/byUser_70k_review/5foldsCVColdstart/1/...
248 users are loaded from /zf18/ll5fy/lab/dataset/amazon_movie/byUser_70k_review/5foldsCVColdstart/2/...
251 users are loaded from /zf18/ll5fy/lab/dataset/amazon_movie/byUser_70k_review/5foldsCVColdstart/3/...
====================
[Info]Fold No. 4: 
[Info]Analzying corpus: 
...........-- Global corpus: vocabulary size: 7680, review size: 26309, item size: 838, user size: 835
train size = 20717, test size = 5592....
[Info]Analying bipartie graph: 
-- train graph: review size: 20717, item size: 749, user size: 747
[Info]EM Starting multithread LDA_Focus[k:15, alpha:1.01, beta:1.00, Variational]...
==============
[Info]Likelihood -7481632.06509 at step 0 converge to 1.0000000000...
==============
[Info]Likelihood -7480123.72812 at step 1 converge to 0.0002016053...
==============
[Info]Likelihood -7478455.77435 at step 2 converge to 0.0002229848...
==============
[Info]Likelihood -7475684.99920 at step 3 converge to 0.0003705010...
==============
[Info]Likelihood -7466892.83291 at step 4 converge to 0.0011761018...
==============
[Info]Likelihood -7440126.11385 at step 5 converge to 0.0035847199...
==============
[Info]Likelihood -7382982.02749 at step 6 converge to 0.0076805266...
==============
[Info]Likelihood -7298153.02498 at step 7 converge to 0.0114898021...
==============
[Info]Likelihood -7209793.87035 at step 8 converge to 0.0121070570...
==============
[Info]Likelihood -7140370.52680 at step 9 converge to 0.0096290331...
==============
[Info]Likelihood -7091741.43510 at step 10 converge to 0.0068104437...
==============
[Info]Likelihood -7057192.81052 at step 11 converge to 0.0048716701...
==============
[Info]Likelihood -7031392.21108 at step 12 converge to 0.0036559295...
==============
[Info]Likelihood -7011230.23142 at step 13 converge to 0.0028674236...
==============
[Info]Likelihood -6994839.69647 at step 14 converge to 0.0023377545...
==============
[Info]Likelihood -6981114.24246 at step 15 converge to 0.0019622257...
==============
[Info]Likelihood -6969371.40599 at step 16 converge to 0.0016820863...
==============
[Info]Likelihood -6959143.34122 at step 17 converge to 0.0014675735...
==============
[Info]Likelihood -6950107.53542 at step 18 converge to 0.0012984078...
==============
[Info]Likelihood -6942030.76251 at step 19 converge to 0.0011621076...
==============
[Info]Likelihood -6934710.93285 at step 20 converge to 0.0010544220...
==============
[Info]Likelihood -6927972.83531 at step 21 converge to 0.0009716479...
==============
[Info]Likelihood -6921730.15637 at step 22 converge to 0.0009010831...
==============
[Info]Likelihood -6915964.66243 at step 23 converge to 0.0008329556...
==============
[Info]Likelihood -6910683.40790 at step 24 converge to 0.0007636324...
==============
[Info]Likelihood -6905881.11393 at step 25 converge to 0.0006949087...
==============
[Info]Likelihood -6901484.80009 at step 26 converge to 0.0006366043...
==============
[Info]Likelihood -6897429.35577 at step 27 converge to 0.0005876191...
==============
[Info]Likelihood -6893651.66468 at step 28 converge to 0.0005476955...
==============
[Info]Likelihood -6890091.72407 at step 29 converge to 0.0005164085...
==============
[Info]Likelihood -6886728.64756 at step 30 converge to 0.0004881033...
==============
[Info]Likelihood -6883557.68457 at step 31 converge to 0.0004604455...
==============
[Info]Likelihood -6880569.00827 at step 32 converge to 0.0004341761...
==============
[Info]Likelihood -6877737.89007 at step 33 converge to 0.0004114657...
==============
[Info]Likelihood -6875076.24779 at step 34 converge to 0.0003869939...
==============
[Info]Likelihood -6872578.14838 at step 35 converge to 0.0003633559...
==============
[Info]Likelihood -6870220.36591 at step 36 converge to 0.0003430710...
==============
[Info]Likelihood -6867983.48461 at step 37 converge to 0.0003255909...
==============
[Info]Likelihood -6865838.58635 at step 38 converge to 0.0003123039...
==============
[Info]Likelihood -6863755.59370 at step 39 converge to 0.0003033850...
==============
[Info]Likelihood -6861742.50254 at step 40 converge to 0.0002932930...
==============
[Info]Likelihood -6859811.85007 at step 41 converge to 0.0002813648...
==============
[Info]Likelihood -6857933.46346 at step 42 converge to 0.0002738248...
==============
[Info]Likelihood -6856114.89674 at step 43 converge to 0.0002651771...
==============
[Info]Likelihood -6854394.39414 at step 44 converge to 0.0002509442...
==============
[Info]Likelihood -6852759.40359 at step 45 converge to 0.0002385317...
==============
[Info]Likelihood -6851191.42745 at step 46 converge to 0.0002288095...
==============
[Info]Likelihood -6849683.03633 at step 47 converge to 0.0002201648...
==============
[Info]Likelihood -6848229.47982 at step 48 converge to 0.0002122078...
==============
[Info]Likelihood -6846826.44065 at step 49 converge to 0.0002048762...
[Info]Likelihood -6846826.441 after step 50 converge to 0.000205 after 164 seconds...
[Info]Analying bipartie graph: 
-- test graph: review size: 5592, item size: 263, user size: 240
[Info]Start evaluation in thread
[Stat]Test evaluation finished: 5592 docs
[Stat]0 part has 726.000000 docs: perplexity is 2093.878 and log-likelihood is -421.921
[Stat]1 part has 1348.000000 docs: perplexity is 1946.178 and log-likelihood is -409.352
[Stat]2 part has 1203.000000 docs: perplexity is 1810.221 and log-likelihood is -412.778
[Stat]3 part has 2315.000000 docs: perplexity is 1626.199 and log-likelihood is -386.532
[Stat]4 part has 5592.000000 docs: perplexity is 1799.000 and log-likelihood is -402.274
[Info]multithread LDA_Focus[k:15, alpha:1.01, beta:1.00, Variational] Train/Test finished in 166.56 seconds...
TopWord FilePath:/zf18/ll5fy/lab/dataset/amazon_movie/byUser_70k_review/output/5foldsCVColdstart/4/LDA_Item_topWords_15.txt
Topic 0(0.07298):	father(0.02543)	mother(0.02229)	daughter(0.02173)	husband(0.01188)	drug(0.01158)	oscar(0.00896)	marri(0.00862)	sister(0.00692)	kidman(0.00676)	andi(0.00626)	deal(0.00605)	rose(0.00585)	robin(0.00570)	drama(0.00543)	cold(0.00527)	maggi(0.00518)	mountain(0.00514)	support(0.00476)	nicol(0.00470)	ladi(0.00468)	queen(0.00464)	trip(0.00461)	decid(0.00422)	affair(0.00420)	rich(0.00416)	touch(0.00415)	streep(0.00412)	colleg(0.00357)	older(0.00356)	case(0.00356)	
Topic 1(0.08712):	dead(0.02909)	hous(0.02572)	remak(0.01846)	michael(0.01583)	killer(0.01569)	night(0.01362)	flick(0.01280)	gore(0.01234)	town(0.01220)	blood(0.01204)	evil(0.01165)	halloween(0.01026)	genr(0.00939)	suspens(0.00865)	hell(0.00799)	ghost(0.00799)	victim(0.00782)	room(0.00742)	atmospher(0.00660)	hitchcock(0.00553)	teen(0.00546)	terror(0.00543)	bodi(0.00543)	twist(0.00538)	tension(0.00534)	myer(0.00504)	door(0.00490)	jami(0.00474)	texa(0.00471)	fear(0.00443)	
Topic 2(0.05881):	bond(0.02822)	robert(0.02748)	jame(0.02384)	polic(0.01312)	matt(0.01147)	damon(0.01001)	bourn(0.00918)	secret(0.00853)	pitt(0.00850)	boss(0.00847)	georg(0.00832)	brad(0.00791)	ident(0.00784)	ryan(0.00636)	money(0.00582)	gang(0.00564)	intellig(0.00556)	rang(0.00555)	kevin(0.00548)	luck(0.00538)	hunt(0.00521)	case(0.00512)	plan(0.00499)	costner(0.00481)	conneri(0.00472)	support(0.00456)	memor(0.00444)	affleck(0.00428)	manag(0.00420)	billi(0.00392)	
Topic 3(0.06729):	black(0.02161)	monster(0.02082)	creatur(0.01415)	water(0.01314)	cool(0.01304)	citi(0.01217)	blade(0.00988)	team(0.00976)	david(0.00937)	pirat(0.00841)	ride(0.00832)	park(0.00792)	half(0.00792)	attack(0.00715)	hunt(0.00680)	rescu(0.00631)	camera(0.00609)	survivor(0.00604)	shot(0.00593)	sequenc(0.00591)	blood(0.00571)	fire(0.00487)	save(0.00476)	flick(0.00468)	captain(0.00466)	wait(0.00456)	virus(0.00430)	hunter(0.00429)	build(0.00422)	cave(0.00421)	
Topic 4(0.06071):	earth(0.02341)	futur(0.02234)	planet(0.01602)	crew(0.01471)	fiction(0.01459)	ship(0.01341)	trek(0.01282)	transform(0.01271)	robot(0.01150)	destroy(0.01119)	mission(0.00815)	save(0.00736)	daniel(0.00718)	technolog(0.00629)	scientist(0.00615)	captain(0.00570)	moon(0.00557)	comput(0.00521)	contact(0.00499)	sunshin(0.00493)	race(0.00446)	generat(0.00440)	kirk(0.00427)	independ(0.00420)	land(0.00419)	food(0.00415)	control(0.00406)	warm(0.00397)	bush(0.00390)	bobbi(0.00365)	
Topic 5(0.05788):	peter(0.02535)	villain(0.01939)	bruce(0.01893)	spiderman(0.01771)	return(0.01576)	hero(0.01457)	superhero(0.01414)	michael(0.01126)	christoph(0.01073)	knight(0.01027)	xmen(0.01014)	bale(0.01006)	christian(0.00835)	rocki(0.00804)	amaz(0.00739)	citi(0.00727)	wayn(0.00724)	reev(0.00651)	evil(0.00640)	jane(0.00609)	raimi(0.00596)	lane(0.00563)	sequenc(0.00525)	save(0.00524)	singer(0.00476)	richard(0.00447)	instal(0.00447)	neeson(0.00443)	kevin(0.00429)	train(0.00413)	
Topic 6(0.05720):	quot(0.03124)	song(0.02241)	episod(0.01559)	mari(0.01317)	danc(0.01275)	sing(0.01213)	rock(0.01180)	number(0.01012)	alex(0.00898)	white(0.00889)	luca(0.00884)	rent(0.00814)	quotth(0.00781)	georg(0.00753)	side(0.00737)	hulk(0.00710)	voic(0.00699)	theatr(0.00681)	hoffman(0.00656)	phantom(0.00648)	televis(0.00615)	carrey(0.00612)	hear(0.00605)	juli(0.00551)	opera(0.00536)	luke(0.00522)	bird(0.00505)	black(0.00501)	favorit(0.00492)	talent(0.00477)	
Topic 7(0.06643):	edit(0.03902)	commentari(0.02537)	qualiti(0.02404)	product(0.02272)	video(0.01975)	disc(0.01794)	documentari(0.01630)	audio(0.01576)	track(0.01385)	collect(0.01310)	interview(0.01309)	theatric(0.01214)	digit(0.01190)	produc(0.01134)	delet(0.01107)	featurett(0.01076)	transfer(0.01038)	talk(0.01012)	soundtrack(0.00976)	shot(0.00971)	footag(0.00873)	dragon(0.00871)	standard(0.00857)	materi(0.00739)	game(0.00712)	copi(0.00705)	bonus(0.00702)	rate(0.00692)	studio(0.00642)	subtitl(0.00623)	
Topic 8(0.06184):	jone(0.01683)	polit(0.01654)	thriller(0.01487)	unit(0.01152)	presid(0.01139)	govern(0.01095)	washington(0.00953)	plane(0.00853)	cage(0.00811)	countri(0.00809)	suspens(0.00804)	ford(0.00798)	histori(0.00729)	treasur(0.00728)	indiana(0.00721)	hitler(0.00690)	clue(0.00653)	terrorist(0.00629)	russian(0.00615)	plan(0.00610)	control(0.00589)	flight(0.00581)	lost(0.00570)	nazi(0.00568)	secret(0.00551)	indi(0.00494)	hollywood(0.00491)	save(0.00488)	attack(0.00486)	harrison(0.00484)	
Topic 9(0.06273):	bill(0.01779)	lost(0.01452)	confus(0.01275)	hugh(0.00960)	dracula(0.00907)	translat(0.00680)	milk(0.00672)	understand(0.00623)	coppola(0.00601)	simpli(0.00598)	penn(0.00593)	felt(0.00589)	prais(0.00577)	match(0.00576)	sean(0.00573)	trick(0.00571)	oscar(0.00560)	impress(0.00556)	hels(0.00550)	keaton(0.00546)	anna(0.00543)	jackman(0.00528)	brook(0.00526)	flaw(0.00473)	mood(0.00472)	attent(0.00445)	scarlett(0.00444)	pulp(0.00438)	kate(0.00424)	focus(0.00422)	
Topic 10(0.07671):	violenc(0.02059)	natur(0.00992)	societi(0.00894)	violent(0.00888)	matrix(0.00790)	graphic(0.00781)	order(0.00760)	brutal(0.00748)	moral(0.00748)	potter(0.00722)	understand(0.00721)	theme(0.00666)	fear(0.00578)	citi(0.00577)	moor(0.00557)	game(0.00526)	issu(0.00514)	prison(0.00500)	suffer(0.00469)	gibson(0.00461)	cinemat(0.00446)	aspect(0.00440)	kubrick(0.00440)	continu(0.00426)	desir(0.00407)	behavior(0.00404)	student(0.00396)	truth(0.00396)	physic(0.00395)	vision(0.00391)	
Topic 11(0.07342):	bore(0.02181)	pace(0.01560)	depp(0.01458)	slow(0.01425)	night(0.01311)	johnni(0.01296)	villag(0.01254)	willi(0.01211)	termin(0.01117)	wast(0.01084)	premis(0.00973)	hate(0.00941)	predat(0.00889)	charli(0.00859)	twist(0.00848)	money(0.00813)	total(0.00799)	wood(0.00775)	sign(0.00769)	edward(0.00713)	carter(0.00692)	felt(0.00668)	shyamalan(0.00651)	cash(0.00594)	rate(0.00550)	dull(0.00548)	walk(0.00537)	brother(0.00533)	strang(0.00527)	fail(0.00497)	
Topic 12(0.05785):	battl(0.03451)	king(0.02755)	soldier(0.01670)	iron(0.01621)	epic(0.01561)	histori(0.01372)	hero(0.01349)	armi(0.00997)	toni(0.00981)	histor(0.00940)	alexand(0.00891)	general(0.00747)	japanes(0.00736)	kong(0.00693)	nick(0.00659)	save(0.00625)	privat(0.00591)	sequenc(0.00566)	hotel(0.00538)	militari(0.00463)	vietnam(0.00462)	side(0.00460)	aveng(0.00460)	downey(0.00453)	combat(0.00439)	speech(0.00423)	suit(0.00414)	captur(0.00393)	industri(0.00393)	cultur(0.00388)	
Topic 13(0.06428):	anim(0.03047)	visual(0.02402)	tale(0.02058)	dream(0.01788)	ring(0.01484)	voic(0.01410)	amaz(0.01321)	lord(0.01193)	magic(0.01136)	imagin(0.00994)	favorit(0.00904)	wall(0.00807)	cameron(0.00792)	dicaprio(0.00741)	princ(0.00652)	golden(0.00648)	white(0.00642)	princess(0.00620)	blue(0.00620)	stun(0.00591)	evil(0.00560)	island(0.00530)	scorses(0.00519)	titan(0.00498)	fish(0.00482)	pixar(0.00482)	bear(0.00481)	mike(0.00466)	simpli(0.00463)	talk(0.00461)	
Topic 14(0.07474):	comedi(0.03673)	laugh(0.02528)	humor(0.02457)	jack(0.02200)	frank(0.01913)	hilari(0.01418)	paul(0.01319)	joke(0.01173)	hank(0.01025)	crow(0.00842)	mile(0.00799)	nicholson(0.00768)	brother(0.00747)	award(0.00695)	oscar(0.00682)	serious(0.00674)	russel(0.00671)	romant(0.00653)	adam(0.00599)	stiller(0.00557)	support(0.00554)	ferrel(0.00550)	hollywood(0.00532)	owen(0.00516)	male(0.00505)	amus(0.00503)	news(0.00501)	manag(0.00498)	penguin(0.00479)	race(0.00467)	

Part 0 -----------------Valid folds: 5
[Stat]Loglikelihood -388.825+/-20.070
[Stat]Perplexity 2003.518+/-57.973
Part 1 -----------------Valid folds: 5
[Stat]Loglikelihood -400.138+/-18.395
[Stat]Perplexity 1869.162+/-52.793
Part 2 -----------------Valid folds: 5
[Stat]Loglikelihood -374.480+/-20.197
[Stat]Perplexity 1934.248+/-105.542
Part 3 -----------------Valid folds: 5
[Stat]Loglikelihood -379.805+/-15.247
[Stat]Perplexity 1750.504+/-102.843
Part 4 -----------------Valid folds: 5
[Stat]Loglikelihood -385.059+/-15.241
[Stat]Perplexity 1848.591+/-53.500
