Load 7680 1-gram new features from /home/ll5fy/TUIR/dataset/amazon_movie/amazon_movie_features.txt...
841 users are loaded from /home/ll5fy/TUIR/dataset/amazon_movie/byUser_70k_review/data/...
Info File Path: /home/ll5fy/TUIR/dataset/amazon_movie/byUser_70k_review/output/5foldsCVColdstart/CTM_info.txt
[Info]Start FIXED cross validation...
235 users are loaded from /home/ll5fy/TUIR/dataset/amazon_movie/byUser_70k_review/5foldsCVColdstart/0/...
237 users are loaded from /home/ll5fy/TUIR/dataset/amazon_movie/byUser_70k_review/5foldsCVColdstart/1/...
248 users are loaded from /home/ll5fy/TUIR/dataset/amazon_movie/byUser_70k_review/5foldsCVColdstart/2/...
251 users are loaded from /home/ll5fy/TUIR/dataset/amazon_movie/byUser_70k_review/5foldsCVColdstart/3/...
240 users are loaded from /home/ll5fy/TUIR/dataset/amazon_movie/byUser_70k_review/5foldsCVColdstart/4/...
====================
[Info]Fold No. 0: 
train size = 20962, test size = 5347....
[Info]Initializing CTM Model...
[Info]EM iteration 0: likelihood is -9776255.80, converges to 1.0000...
[Info]EM iteration 1: likelihood is -8492020.28, converges to 0.1314...
[Info]EM iteration 2: likelihood is -8432027.21, converges to 0.0071...
[Info]EM iteration 3: likelihood is -8385718.66, converges to 0.0055...
[Info]EM iteration 4: likelihood is -8347660.34, converges to 0.0045...
[Info]EM iteration 5: likelihood is -8315390.03, converges to 0.0039...
[Info]EM iteration 6: likelihood is -8287308.96, converges to 0.0034...
[Info]EM iteration 7: likelihood is -8262490.53, converges to 0.0030...
[Info]EM iteration 8: likelihood is -8240584.00, converges to 0.0027...
[Info]EM iteration 9: likelihood is -8221590.67, converges to 0.0023...
[Info]EM iteration 10: likelihood is -8205131.52, converges to 0.0020...
[Info]EM iteration 11: likelihood is -8190765.86, converges to 0.0018...
[Info]EM iteration 12: likelihood is -8178081.42, converges to 0.0015...
[Info]EM iteration 13: likelihood is -8166779.75, converges to 0.0014...
[Info]EM iteration 14: likelihood is -8156694.70, converges to 0.0012...
[Info]EM iteration 15: likelihood is -8147658.11, converges to 0.0011...
[Info]EM iteration 16: likelihood is -8139491.15, converges to 0.0010...
[Info]EM iteration 17: likelihood is -8132046.16, converges to 0.0009...
[Info]EM iteration 18: likelihood is -8125153.73, converges to 0.0008...
[Info]EM iteration 19: likelihood is -8118689.88, converges to 0.0008...
[Info]EM iteration 20: likelihood is -8112605.66, converges to 0.0007...
[Info]EM iteration 21: likelihood is -8106894.64, converges to 0.0007...
[Info]EM iteration 22: likelihood is -8101621.31, converges to 0.0007...
[Info]EM iteration 23: likelihood is -8096733.71, converges to 0.0006...
[Info]EM iteration 24: likelihood is -8092185.45, converges to 0.0006...
[Info]EM iteration 25: likelihood is -8087923.50, converges to 0.0005...
[Info]EM iteration 26: likelihood is -8083882.04, converges to 0.0005...
[Info]EM iteration 27: likelihood is -8080037.41, converges to 0.0005...
[Info]EM iteration 28: likelihood is -8076362.06, converges to 0.0005...
[Info]EM iteration 29: likelihood is -8072798.45, converges to 0.0004...
[Info]EM iteration 30: likelihood is -8069326.48, converges to 0.0004...
[Info]Start evaluation in Normal
[Stat]Test set perplexity is 2339.681 and log-likelihood is -412.572
[Info]CTM[k:30]
 Train/Test finished in 1724.21 seconds...
TopWord FilePath:/home/ll5fy/TUIR/dataset/amazon_movie/byUser_70k_review/output/5foldsCVColdstart/0/CTM_topWords_30.txt
Topic 0(0.04918):	trek(0.01260)	washington(0.01114)	crew(0.00997)	alexand(0.00924)	plane(0.00896)	unit(0.00682)	flight(0.00626)	sunshin(0.00540)	thriller(0.00521)	jodi(0.00501)	captain(0.00492)	kirk(0.00485)	ship(0.00485)	mission(0.00461)	silenc(0.00452)	winslet(0.00436)	joel(0.00425)	oliv(0.00410)	control(0.00380)	lamb(0.00377)	lost(0.00359)	polit(0.00357)	battl(0.00354)	save(0.00349)	khan(0.00347)	room(0.00338)	drama(0.00328)	brilliant(0.00312)	plan(0.00309)	suspens(0.00301)	
Topic 1(0.05305):	earth(0.02758)	planet(0.01845)	robot(0.01360)	futur(0.01197)	destroy(0.01192)	ship(0.01170)	fiction(0.01057)	team(0.01035)	save(0.00994)	mission(0.00957)	technolog(0.00943)	govern(0.00933)	scientist(0.00882)	militari(0.00851)	citi(0.00591)	contact(0.00582)	attack(0.00560)	crew(0.00529)	race(0.00520)	fire(0.00497)	invas(0.00459)	jack(0.00451)	bodi(0.00443)	bomb(0.00435)	nuclear(0.00427)	survivor(0.00411)	giant(0.00403)	third(0.00398)	weapon(0.00383)	intellig(0.00383)	
Topic 2(0.03449):	train(0.01689)	babi(0.01610)	oscar(0.01369)	daughter(0.01282)	dollar(0.01204)	moral(0.01077)	maggi(0.00968)	award(0.00924)	nick(0.00919)	hollywood(0.00877)	rich(0.00868)	drama(0.00794)	town(0.00766)	niro(0.00697)	father(0.00683)	rage(0.00661)	violenc(0.00644)	river(0.00616)	academi(0.00614)	jake(0.00603)	morgan(0.00590)	industri(0.00579)	manag(0.00555)	deal(0.00542)	redempt(0.00528)	hawk(0.00527)	career(0.00517)	simpli(0.00506)	list(0.00495)	convinc(0.00491)	
Topic 3(0.02579):	blade(0.03079)	genr(0.01722)	hunt(0.01385)	half(0.01362)	blood(0.01244)	author(0.01020)	serious(0.01020)	violenc(0.00994)	cool(0.00895)	figur(0.00883)	jessica(0.00878)	issu(0.00761)	basic(0.00755)	major(0.00724)	tough(0.00672)	matter(0.00650)	tire(0.00611)	rare(0.00580)	prove(0.00580)	flick(0.00562)	aspect(0.00549)	biel(0.00547)	domin(0.00545)	visual(0.00539)	fine(0.00496)	felt(0.00488)	glori(0.00477)	qualiti(0.00469)	talk(0.00467)	amaz(0.00457)	
Topic 4(0.03655):	anim(0.04945)	voic(0.01902)	hank(0.01150)	pixar(0.01100)	penguin(0.00893)	wall(0.00886)	fish(0.00849)	bird(0.00795)	nemo(0.00695)	visual(0.00637)	tale(0.00636)	song(0.00609)	miller(0.00595)	father(0.00594)	maria(0.00548)	amaz(0.00526)	food(0.00521)	king(0.00521)	spartan(0.00497)	carl(0.00492)	victor(0.00460)	battl(0.00432)	edward(0.00402)	natur(0.00395)	talk(0.00390)	mountain(0.00375)	town(0.00369)	return(0.00366)	theron(0.00361)	comput(0.00357)	
Topic 5(0.02584):	soldier(0.02756)	battl(0.02322)	hulk(0.02005)	general(0.01523)	crow(0.01491)	russel(0.01269)	armi(0.01255)	japanes(0.01072)	bruce(0.00982)	braddock(0.00887)	vietnam(0.00812)	jess(0.00802)	hero(0.00795)	privat(0.00771)	marin(0.00768)	roth(0.00624)	jame(0.00599)	father(0.00596)	ross(0.00565)	mark(0.00547)	captur(0.00541)	train(0.00531)	support(0.00525)	eric(0.00514)	combat(0.00509)	hurt(0.00431)	cinderella(0.00430)	troop(0.00425)	tyler(0.00410)	flag(0.00400)	
Topic 6(0.03297):	drug(0.01949)	citi(0.01666)	rock(0.01458)	milk(0.01121)	sean(0.01115)	recal(0.01096)	polit(0.01072)	penn(0.01011)	total(0.00964)	street(0.00846)	band(0.00836)	quaid(0.00754)	rachel(0.00708)	white(0.00617)	boyl(0.00598)	toni(0.00597)	camp(0.00553)	millionair(0.00540)	danni(0.00531)	black(0.00527)	polic(0.00518)	slum(0.00491)	danc(0.00460)	garden(0.00450)	dream(0.00432)	student(0.00410)	dougla(0.00409)	mummi(0.00399)	violenc(0.00376)	weisz(0.00373)	
Topic 7(0.01964):	jone(0.04739)	ford(0.02564)	indiana(0.02276)	dracula(0.02198)	russian(0.01517)	indi(0.01515)	harrison(0.01376)	dude(0.01243)	raider(0.01211)	moon(0.01066)	lost(0.01052)	nazi(0.00987)	hels(0.00955)	diari(0.00748)	rockwel(0.00660)	sequenc(0.00649)	shia(0.00604)	templ(0.00598)	return(0.00584)	tommi(0.00577)	coppola(0.00556)	crystal(0.00550)	steven(0.00540)	doom(0.00540)	stoker(0.00526)	jackman(0.00492)	frankenstein(0.00458)	labeouf(0.00458)	prison(0.00446)	bram(0.00439)	
Topic 8(0.03209):	brother(0.03460)	countri(0.02265)	money(0.02119)	violenc(0.01488)	mari(0.01464)	pitt(0.01358)	brad(0.01206)	gibson(0.01064)	coen(0.01036)	christ(0.00784)	franc(0.00729)	josh(0.00725)	violent(0.00619)	jeff(0.00605)	holli(0.00552)	georg(0.00536)	parti(0.00515)	understand(0.00491)	monro(0.00475)	deal(0.00471)	bridg(0.00459)	oscar(0.00459)	support(0.00456)	decid(0.00444)	blood(0.00423)	husband(0.00399)	graphic(0.00397)	product(0.00386)	prostitut(0.00386)	fine(0.00367)	
Topic 9(0.02892):	michael(0.02933)	xmen(0.01900)	bill(0.01187)	dragon(0.01142)	hitchcock(0.01128)	hall(0.01095)	translat(0.00892)	anna(0.00879)	berri(0.00738)	lost(0.00701)	team(0.00669)	brown(0.00659)	owen(0.00651)	billi(0.00626)	wolverin(0.00591)	pulp(0.00560)	anni(0.00538)	patrick(0.00535)	player(0.00494)	singer(0.00491)	cure(0.00472)	night(0.00470)	charlott(0.00453)	jackman(0.00443)	tokyo(0.00437)	professor(0.00437)	derek(0.00428)	hugh(0.00423)	xavier(0.00417)	scarlett(0.00411)	
Topic 10(0.03938):	bruce(0.02231)	spiderman(0.02146)	superhero(0.01920)	villain(0.01082)	peter(0.01037)	bale(0.01018)	hero(0.01006)	wayn(0.00965)	jack(0.00913)	keaton(0.00896)	citi(0.00867)	knight(0.00790)	michael(0.00783)	christian(0.00778)	raimi(0.00715)	carrey(0.00689)	cain(0.00595)	gotham(0.00578)	evil(0.00544)	mile(0.00540)	rocki(0.00528)	nicholson(0.00513)	jane(0.00510)	amaz(0.00479)	christoph(0.00475)	wine(0.00439)	return(0.00432)	save(0.00417)	daredevil(0.00408)	alfr(0.00400)	
Topic 11(0.02730):	black(0.04073)	white(0.02665)	district(0.01060)	stupid(0.00958)	situat(0.00900)	warm(0.00739)	societi(0.00728)	basic(0.00555)	husband(0.00529)	major(0.00528)	racist(0.00523)	prove(0.00519)	connect(0.00514)	mother(0.00496)	suffer(0.00489)	side(0.00480)	racism(0.00476)	natur(0.00470)	decid(0.00459)	maid(0.00425)	impress(0.00415)	victim(0.00410)	develop(0.00398)	clever(0.00396)	fine(0.00377)	commit(0.00376)	budget(0.00369)	motorcycl(0.00368)	understand(0.00367)	walter(0.00355)	
Topic 12(0.02964):	potter(0.02152)	magic(0.01890)	lord(0.01380)	ring(0.01124)	battl(0.00962)	king(0.00924)	princ(0.00839)	kinsey(0.00705)	evil(0.00670)	witch(0.00666)	emma(0.00594)	peter(0.00562)	hogwart(0.00559)	wizard(0.00553)	tale(0.00534)	golden(0.00525)	professor(0.00515)	prison(0.00511)	troy(0.00499)	neeson(0.00483)	fienn(0.00456)	roman(0.00428)	epic(0.00426)	knight(0.00418)	voic(0.00414)	liam(0.00401)	fire(0.00400)	azkaban(0.00399)	gladiat(0.00396)	richard(0.00392)	
Topic 13(0.04741):	bond(0.05192)	edit(0.02768)	commentari(0.02763)	audio(0.02580)	disc(0.02291)	digit(0.01904)	video(0.01607)	featurett(0.01484)	delet(0.01445)	jame(0.01379)	qualiti(0.01263)	theatric(0.01216)	transfer(0.01210)	documentari(0.01113)	kbps(0.01054)	interview(0.00903)	spanish(0.00858)	product(0.00808)	track(0.00780)	bonus(0.00705)	casino(0.00681)	dolbi(0.00680)	royal(0.00641)	rate(0.00626)	conneri(0.00610)	size(0.00591)	subtitl(0.00551)	footag(0.00518)	produc(0.00484)	sequenc(0.00475)	
Topic 14(0.03033):	frank(0.02768)	daniel(0.01308)	master(0.01099)	doctor(0.01045)	oscar(0.00904)	tale(0.00805)	televis(0.00753)	rate(0.00736)	blood(0.00724)	father(0.00713)	lawyer(0.00685)	today(0.00646)	brutal(0.00597)	hell(0.00576)	order(0.00568)	case(0.00563)	land(0.00526)	fascin(0.00525)	religion(0.00516)	paul(0.00499)	plainview(0.00495)	fine(0.00479)	news(0.00444)	understand(0.00418)	brilliant(0.00412)	busi(0.00411)	innoc(0.00406)	earli(0.00405)	cinematographi(0.00402)	hollywood(0.00385)	
Topic 15(0.03144):	matrix(0.02164)	moor(0.01927)	polit(0.01169)	histor(0.01012)	michael(0.00991)	cameron(0.00888)	public(0.00877)	presid(0.00811)	mann(0.00768)	histori(0.00761)	bush(0.00681)	kane(0.00680)	documentari(0.00622)	revolut(0.00597)	titan(0.00580)	avatar(0.00540)	bank(0.00517)	countri(0.00456)	interview(0.00452)	reev(0.00437)	sequenc(0.00436)	jame(0.00428)	truth(0.00417)	epic(0.00395)	battl(0.00385)	keanu(0.00380)	societi(0.00374)	heat(0.00372)	heston(0.00367)	visual(0.00356)	
Topic 16(0.03416):	dead(0.04194)	depp(0.02421)	johnni(0.01611)	pirat(0.01498)	cage(0.01284)	treasur(0.01172)	gore(0.01152)	hitler(0.00834)	todd(0.00764)	romero(0.00759)	dawn(0.00744)	evil(0.00702)	georg(0.00592)	pearl(0.00548)	jack(0.00535)	sweeney(0.00527)	secret(0.00506)	blood(0.00500)	danni(0.00491)	night(0.00481)	london(0.00459)	gate(0.00435)	caribbean(0.00429)	curs(0.00428)	davi(0.00399)	clue(0.00399)	sparrow(0.00396)	shakespear(0.00391)	borat(0.00391)	black(0.00371)	
Topic 17(0.03853):	quot(0.04751)	villag(0.01677)	iron(0.01217)	quotth(0.01151)	ryan(0.01145)	night(0.01048)	sign(0.00929)	pari(0.00923)	water(0.00918)	shyamalan(0.00913)	wood(0.00896)	ladi(0.00893)	queen(0.00856)	hotel(0.00716)	save(0.00600)	cheadl(0.00550)	terrorist(0.00523)	dumb(0.00507)	toni(0.00483)	driver(0.00444)	paul(0.00434)	erin(0.00433)	suspens(0.00431)	drive(0.00430)	carter(0.00430)	manag(0.00418)	twist(0.00407)	attack(0.00376)	town(0.00363)	terri(0.00346)	
Topic 18(0.06466):	comedi(0.04515)	laugh(0.02970)	humor(0.01892)	hilari(0.01704)	joke(0.01221)	romant(0.01161)	willi(0.01082)	charli(0.00995)	song(0.00773)	peter(0.00686)	kevin(0.00674)	mother(0.00602)	adam(0.00599)	hoffman(0.00598)	stiller(0.00567)	talent(0.00546)	sandler(0.00509)	father(0.00489)	danc(0.00487)	serious(0.00469)	daughter(0.00458)	number(0.00436)	jack(0.00424)	favorit(0.00406)	amus(0.00406)	bobbi(0.00399)	romanc(0.00378)	chocol(0.00371)	sing(0.00365)	support(0.00356)	
Topic 19(0.02407):	robert(0.02152)	slow(0.01673)	visual(0.01621)	bore(0.01386)	piec(0.01212)	hollywood(0.00971)	rent(0.00902)	cool(0.00897)	consid(0.00878)	total(0.00867)	suspens(0.00826)	lack(0.00787)	premis(0.00726)	touch(0.00716)	half(0.00710)	understand(0.00698)	knew(0.00697)	wast(0.00656)	graphic(0.00620)	shot(0.00615)	simpli(0.00610)	horribl(0.00608)	genr(0.00592)	rest(0.00581)	pace(0.00578)	amaz(0.00569)	dull(0.00565)	flat(0.00553)	sort(0.00538)	fair(0.00535)	
Topic 20(0.02322):	night(0.04044)	david(0.03338)	histori(0.01936)	william(0.01435)	luck(0.01032)	heaven(0.01024)	larri(0.00812)	natur(0.00805)	neat(0.00686)	owen(0.00679)	denni(0.00674)	rebel(0.00670)	amazon(0.00604)	theme(0.00595)	hollywood(0.00552)	bill(0.00550)	imagin(0.00543)	visual(0.00543)	pace(0.00537)	news(0.00476)	mickey(0.00467)	seek(0.00466)	serious(0.00464)	wise(0.00455)	order(0.00442)	edward(0.00441)	ground(0.00441)	juliann(0.00438)	continu(0.00411)	father(0.00407)	
Topic 21(0.03362):	thriller(0.02855)	matt(0.01797)	dream(0.01796)	polic(0.01482)	killer(0.01390)	brook(0.01133)	damon(0.01128)	twist(0.01120)	scorses(0.00989)	dicaprio(0.00961)	secret(0.00912)	texa(0.00873)	affair(0.00763)	boss(0.00696)	costner(0.00692)	chainsaw(0.00686)	robert(0.00642)	ident(0.00610)	suspens(0.00601)	brilliant(0.00594)	fiona(0.00586)	hurt(0.00571)	massacr(0.00540)	mark(0.00523)	william(0.00504)	rang(0.00500)	clue(0.00483)	leonardo(0.00482)	diaz(0.00470)	violenc(0.00469)	
Topic 22(0.02740):	game(0.04220)	daughter(0.01489)	video(0.01461)	mother(0.01407)	silent(0.01283)	rose(0.01275)	hill(0.01215)	donni(0.00927)	warren(0.00707)	mcclane(0.00700)	nicholson(0.00700)	jack(0.00661)	retir(0.00650)	possess(0.00632)	demon(0.00620)	gyllenha(0.00596)	willi(0.00541)	evil(0.00541)	case(0.00535)	dream(0.00529)	rabbit(0.00523)	letter(0.00505)	comput(0.00491)	nash(0.00469)	connelli(0.00465)	medic(0.00456)	bizarr(0.00453)	understand(0.00446)	decid(0.00445)	town(0.00443)	
Topic 23(0.03792):	remak(0.03638)	halloween(0.02362)	michael(0.02171)	kidman(0.01699)	myer(0.01289)	killer(0.01143)	jami(0.01134)	nicol(0.01105)	cold(0.00939)	foxx(0.00901)	cash(0.00896)	mask(0.00864)	night(0.00756)	father(0.00731)	mountain(0.00705)	song(0.00698)	gore(0.00686)	jude(0.00684)	alex(0.00642)	tension(0.00631)	walk(0.00545)	return(0.00528)	johnni(0.00496)	lauri(0.00467)	hous(0.00448)	mother(0.00445)	sister(0.00442)	sing(0.00438)	blood(0.00430)	flick(0.00425)	
Topic 24(0.02654):	bore(0.01522)	wast(0.01460)	type(0.01371)	sort(0.01337)	talk(0.01319)	typic(0.01192)	flick(0.01160)	case(0.01116)	pace(0.01057)	wors(0.01000)	confus(0.00965)	interpret(0.00963)	rent(0.00936)	affleck(0.00934)	wind(0.00892)	twist(0.00876)	ride(0.00841)	hate(0.00734)	lack(0.00718)	simpli(0.00695)	deliv(0.00668)	scarlett(0.00665)	lose(0.00639)	rest(0.00637)	fast(0.00637)	averag(0.00632)	attent(0.00631)	amaz(0.00630)	weak(0.00605)	general(0.00605)	
Topic 25(0.02054):	episod(0.03883)	luca(0.02154)	luke(0.01662)	ferrel(0.01549)	race(0.01492)	jedi(0.01181)	georg(0.01148)	menac(0.01072)	battl(0.01025)	attack(0.00974)	reveng(0.00862)	darth(0.00838)	return(0.00833)	ricki(0.00732)	yoda(0.00720)	wizard(0.00701)	phantom(0.00691)	strike(0.00682)	side(0.00666)	fast(0.00634)	evil(0.00633)	wick(0.00610)	saga(0.00567)	witch(0.00550)	tornado(0.00531)	ride(0.00502)	voic(0.00498)	diesel(0.00486)	solo(0.00465)	ewan(0.00450)	
Topic 26(0.02276):	predat(0.02350)	transform(0.01789)	hugh(0.01766)	captain(0.01178)	godfath(0.01042)	aveng(0.00939)	toro(0.00933)	roger(0.00881)	hollywood(0.00869)	evan(0.00861)	wolf(0.00749)	werewolf(0.00747)	hero(0.00643)	weav(0.00606)	hugo(0.00584)	hunt(0.00583)	stab(0.00552)	full(0.00535)	aviat(0.00527)	killer(0.00525)	rest(0.00482)	wolfman(0.00469)	produc(0.00468)	hunter(0.00465)	product(0.00445)	sequenc(0.00444)	david(0.00442)	robert(0.00437)	cate(0.00426)	sidney(0.00402)	
Topic 27(0.02237):	termin(0.01971)	bourn(0.01577)	andi(0.01545)	return(0.01507)	streep(0.01391)	lane(0.01130)	york(0.00970)	gang(0.00919)	meryl(0.00890)	phone(0.00837)	jame(0.00778)	doubt(0.00708)	singer(0.00659)	reev(0.00619)	sister(0.00607)	father(0.00591)	brandon(0.00583)	kevin(0.00553)	richard(0.00539)	cameron(0.00538)	brian(0.00510)	luthor(0.00506)	christoph(0.00496)	hackman(0.00495)	ferri(0.00486)	devil(0.00475)	priest(0.00474)	connor(0.00450)	sequenc(0.00449)	spacey(0.00446)	
Topic 28(0.05751):	hous(0.03022)	monster(0.01887)	king(0.01798)	camera(0.01179)	ghost(0.00953)	island(0.00902)	park(0.00880)	creatur(0.00865)	room(0.00830)	suspens(0.00755)	kong(0.00749)	shot(0.00703)	kubrick(0.00669)	door(0.00606)	robin(0.00563)	atmospher(0.00561)	strang(0.00552)	build(0.00536)	jump(0.00514)	night(0.00493)	lost(0.00473)	ring(0.00473)	hors(0.00460)	jack(0.00450)	witch(0.00449)	fear(0.00441)	race(0.00436)	evil(0.00434)	terror(0.00431)	simpson(0.00430)	
Topic 29(0.02266):	bore(0.01579)	hollywood(0.01522)	serious(0.01295)	brilliant(0.01035)	flick(0.01021)	total(0.01000)	hate(0.00955)	shot(0.00929)	fail(0.00914)	drama(0.00843)	rate(0.00819)	felt(0.00812)	cinematographi(0.00781)	piec(0.00741)	natur(0.00733)	wait(0.00709)	genr(0.00658)	premis(0.00642)	case(0.00639)	pace(0.00637)	product(0.00626)	collect(0.00604)	fair(0.00590)	matter(0.00589)	fast(0.00576)	impress(0.00545)	simpli(0.00524)	horribl(0.00502)	confus(0.00501)	intens(0.00501)	
237 users are loaded from /home/ll5fy/TUIR/dataset/amazon_movie/byUser_70k_review/5foldsCVColdstart/1/...
235 users are loaded from /home/ll5fy/TUIR/dataset/amazon_movie/byUser_70k_review/5foldsCVColdstart/0/...
248 users are loaded from /home/ll5fy/TUIR/dataset/amazon_movie/byUser_70k_review/5foldsCVColdstart/2/...
251 users are loaded from /home/ll5fy/TUIR/dataset/amazon_movie/byUser_70k_review/5foldsCVColdstart/3/...
240 users are loaded from /home/ll5fy/TUIR/dataset/amazon_movie/byUser_70k_review/5foldsCVColdstart/4/...
====================
[Info]Fold No. 1: 
train size = 21478, test size = 4831....
[Info]Initializing CTM Model...
[Info]EM iteration 0: likelihood is -10217382.83, converges to 1.0000...
[Info]EM iteration 1: likelihood is -8876605.41, converges to 0.1312...
[Info]EM iteration 2: likelihood is -8812733.68, converges to 0.0072...
[Info]EM iteration 3: likelihood is -8758524.56, converges to 0.0062...
[Info]EM iteration 4: likelihood is -8712052.78, converges to 0.0053...
[Info]EM iteration 5: likelihood is -8673565.91, converges to 0.0044...
[Info]EM iteration 6: likelihood is -8640936.28, converges to 0.0038...
[Info]EM iteration 7: likelihood is -8612994.59, converges to 0.0032...
[Info]EM iteration 8: likelihood is -8589246.89, converges to 0.0028...
[Info]EM iteration 9: likelihood is -8569127.10, converges to 0.0023...
[Info]EM iteration 10: likelihood is -8551770.84, converges to 0.0020...
[Info]EM iteration 11: likelihood is -8536510.38, converges to 0.0018...
[Info]EM iteration 12: likelihood is -8523092.10, converges to 0.0016...
[Info]EM iteration 13: likelihood is -8511189.81, converges to 0.0014...
[Info]EM iteration 14: likelihood is -8500485.65, converges to 0.0013...
[Info]EM iteration 15: likelihood is -8490859.65, converges to 0.0011...
[Info]EM iteration 16: likelihood is -8482092.96, converges to 0.0010...
[Info]EM iteration 17: likelihood is -8473921.69, converges to 0.0010...
[Info]EM iteration 18: likelihood is -8466359.36, converges to 0.0009...
[Info]EM iteration 19: likelihood is -8459368.74, converges to 0.0008...
[Info]EM iteration 20: likelihood is -8452892.26, converges to 0.0008...
[Info]EM iteration 21: likelihood is -8446825.19, converges to 0.0007...
[Info]EM iteration 22: likelihood is -8441203.91, converges to 0.0007...
[Info]EM iteration 23: likelihood is -8435943.84, converges to 0.0006...
[Info]EM iteration 24: likelihood is -8431001.63, converges to 0.0006...
[Info]EM iteration 25: likelihood is -8426302.99, converges to 0.0006...
[Info]EM iteration 26: likelihood is -8421799.52, converges to 0.0005...
[Info]EM iteration 27: likelihood is -8417583.77, converges to 0.0005...
[Info]EM iteration 28: likelihood is -8413714.85, converges to 0.0005...
[Info]EM iteration 29: likelihood is -8410039.29, converges to 0.0004...
[Info]EM iteration 30: likelihood is -8406455.84, converges to 0.0004...
[Info]Start evaluation in Normal
[Stat]Test set perplexity is 2424.831 and log-likelihood is -380.566
[Info]CTM[k:30]
 Train/Test finished in 1881.80 seconds...
TopWord FilePath:/home/ll5fy/TUIR/dataset/amazon_movie/byUser_70k_review/output/5foldsCVColdstart/1/CTM_topWords_30.txt
Topic 0(0.04297):	bruce(0.02132)	bale(0.01160)	wayn(0.01140)	blade(0.01115)	citi(0.01085)	cage(0.01082)	christian(0.01080)	nicholson(0.01033)	treasur(0.00730)	neeson(0.00681)	ford(0.00665)	michael(0.00650)	gang(0.00647)	jack(0.00642)	knight(0.00621)	gotham(0.00601)	dicaprio(0.00598)	villain(0.00561)	cain(0.00555)	liam(0.00542)	team(0.00523)	amin(0.00522)	christoph(0.00507)	nichola(0.00506)	polic(0.00476)	hero(0.00462)	scorses(0.00439)	bank(0.00412)	father(0.00390)	alfr(0.00368)	
Topic 1(0.03110):	washington(0.01627)	bourn(0.01489)	matt(0.01330)	alexand(0.01308)	damon(0.01199)	streep(0.01169)	presid(0.01161)	hulk(0.00979)	edward(0.00946)	polit(0.00818)	oliv(0.00759)	meryl(0.00757)	father(0.00569)	unit(0.00511)	georg(0.00468)	shaw(0.00432)	general(0.00430)	histori(0.00425)	battl(0.00384)	train(0.00383)	ross(0.00383)	joli(0.00377)	marti(0.00371)	robert(0.00370)	bruce(0.00337)	candid(0.00337)	doubt(0.00336)	control(0.00336)	ident(0.00330)	major(0.00326)	
Topic 2(0.03042):	husband(0.02668)	kidman(0.02127)	cold(0.01899)	nicol(0.01442)	mountain(0.01291)	daniel(0.01257)	lost(0.00906)	ladi(0.00806)	jude(0.00769)	romanc(0.00749)	interpret(0.00712)	father(0.00653)	epic(0.00649)	bird(0.00640)	wind(0.00616)	theme(0.00575)	rich(0.00549)	romant(0.00541)	encount(0.00540)	bright(0.00507)	walter(0.00497)	support(0.00469)	wive(0.00466)	zellweg(0.00462)	richard(0.00460)	affair(0.00460)	southern(0.00457)	patient(0.00457)	marri(0.00444)	simpli(0.00442)	
Topic 3(0.02657):	david(0.02581)	kubrick(0.01720)	promis(0.01701)	hotel(0.01637)	third(0.01471)	histori(0.00995)	russian(0.00853)	anna(0.00848)	violenc(0.00819)	strang(0.00819)	danni(0.00813)	understand(0.00784)	confus(0.00711)	translat(0.00679)	watt(0.00659)	viggo(0.00615)	cinemat(0.00593)	diari(0.00558)	drive(0.00551)	stay(0.00542)	deliv(0.00530)	hollywood(0.00519)	shot(0.00509)	basic(0.00493)	naomi(0.00476)	shakespear(0.00470)	duval(0.00463)	twist(0.00456)	save(0.00455)	weird(0.00449)	
Topic 4(0.07696):	earth(0.01898)	robot(0.01184)	planet(0.01183)	race(0.00911)	futur(0.00812)	predat(0.00803)	ship(0.00772)	save(0.00635)	creatur(0.00618)	fiction(0.00592)	destroy(0.00568)	transform(0.00545)	mission(0.00544)	termin(0.00544)	citi(0.00528)	scientist(0.00509)	crew(0.00496)	visual(0.00444)	technolog(0.00428)	militari(0.00425)	govern(0.00411)	team(0.00366)	moon(0.00361)	land(0.00353)	wall(0.00344)	attack(0.00335)	sequenc(0.00322)	giant(0.00321)	district(0.00319)	virus(0.00312)	
Topic 5(0.03971):	hank(0.01642)	soldier(0.01411)	charli(0.01057)	battl(0.01006)	pixar(0.00943)	anim(0.00938)	japanes(0.00851)	histor(0.00840)	father(0.00768)	histori(0.00737)	hitler(0.00730)	fish(0.00634)	willi(0.00627)	penguin(0.00605)	countri(0.00597)	nazi(0.00587)	general(0.00580)	nemo(0.00572)	robin(0.00546)	militari(0.00520)	save(0.00500)	hero(0.00491)	chocol(0.00488)	armi(0.00465)	voic(0.00448)	order(0.00400)	flag(0.00392)	hood(0.00389)	camp(0.00368)	side(0.00358)	
Topic 6(0.02345):	dude(0.01353)	brother(0.01327)	coen(0.01287)	product(0.01243)	bore(0.01236)	hollywood(0.01180)	flick(0.01180)	wast(0.01046)	cool(0.00946)	wors(0.00919)	qualiti(0.00919)	stupid(0.00887)	phone(0.00822)	hall(0.00807)	hate(0.00707)	wait(0.00682)	felt(0.00668)	drama(0.00662)	lack(0.00634)	fine(0.00605)	horribl(0.00582)	countri(0.00553)	hear(0.00551)	memor(0.00539)	deliv(0.00532)	shot(0.00526)	titl(0.00524)	piec(0.00519)	plain(0.00517)	clever(0.00508)	
Topic 7(0.04774):	comedi(0.05295)	laugh(0.03741)	song(0.02417)	humor(0.02042)	hilari(0.02005)	rock(0.01588)	danc(0.01550)	quot(0.01478)	joke(0.01381)	sing(0.01360)	black(0.01139)	romant(0.01123)	talent(0.00928)	stiller(0.00926)	number(0.00868)	band(0.00742)	owen(0.00604)	mother(0.00549)	stupid(0.00537)	manag(0.00531)	bobbi(0.00517)	roll(0.00503)	male(0.00482)	serious(0.00481)	favorit(0.00469)	barrymor(0.00461)	drew(0.00460)	ferrel(0.00453)	adam(0.00433)	amus(0.00413)	
Topic 8(0.02314):	episod(0.03671)	luca(0.02084)	island(0.01897)	plane(0.01879)	kong(0.01630)	flight(0.01190)	luke(0.01173)	georg(0.01119)	jedi(0.01117)	jodi(0.01067)	kyle(0.01013)	battl(0.00931)	daughter(0.00894)	darth(0.00876)	attack(0.00824)	panic(0.00749)	yoda(0.00653)	phantom(0.00631)	sith(0.00628)	room(0.00627)	return(0.00622)	saga(0.00596)	menac(0.00581)	reveng(0.00573)	peter(0.00569)	pilot(0.00554)	side(0.00527)	ewan(0.00522)	strike(0.00480)	christensen(0.00476)	
Topic 9(0.02487):	bill(0.03354)	matrix(0.02361)	hugh(0.02003)	godfath(0.01100)	evan(0.00950)	georg(0.00871)	reev(0.00849)	pulp(0.00831)	hous(0.00735)	fiction(0.00728)	aviat(0.00718)	doom(0.00652)	king(0.00624)	thurman(0.00603)	dicaprio(0.00598)	bride(0.00595)	kathi(0.00587)	amityvill(0.00586)	reed(0.00586)	weav(0.00585)	keanu(0.00583)	volum(0.00575)	coppola(0.00568)	victor(0.00566)	revolut(0.00555)	michael(0.00546)	hollywood(0.00493)	invis(0.00491)	kate(0.00483)	cate(0.00465)	
Topic 10(0.04116):	commentari(0.03863)	edit(0.03734)	audio(0.03017)	disc(0.02587)	video(0.02152)	digit(0.02148)	featurett(0.01803)	delet(0.01791)	theatric(0.01643)	documentari(0.01495)	qualiti(0.01356)	interview(0.01303)	kbps(0.01114)	track(0.01072)	transfer(0.01063)	spanish(0.01043)	product(0.01032)	dead(0.00993)	bonus(0.00884)	footag(0.00809)	dolbi(0.00779)	subtitl(0.00749)	rate(0.00723)	collect(0.00632)	anim(0.00614)	size(0.00587)	romero(0.00578)	crew(0.00566)	produc(0.00546)	talk(0.00539)	
Topic 11(0.04272):	night(0.03495)	town(0.02959)	quot(0.02327)	brother(0.01999)	villag(0.01687)	wood(0.01179)	hunt(0.01086)	water(0.01061)	sign(0.01058)	tale(0.01029)	creatur(0.00993)	babi(0.00894)	quotth(0.00862)	shyamalan(0.00855)	warm(0.00825)	gibson(0.00720)	premis(0.00683)	flick(0.00614)	twist(0.00609)	quaid(0.00552)	stay(0.00552)	forest(0.00542)	blind(0.00530)	genr(0.00504)	strang(0.00493)	wolf(0.00466)	ladi(0.00461)	suspens(0.00437)	full(0.00413)	creeper(0.00406)	
Topic 12(0.02413):	monster(0.04512)	frank(0.03099)	graphic(0.02030)	battl(0.01639)	citi(0.01402)	king(0.01376)	miller(0.01161)	visual(0.01094)	express(0.01055)	dumb(0.01016)	drive(0.00845)	beowulf(0.00840)	interview(0.00827)	theron(0.00795)	camera(0.00788)	spartan(0.00743)	nixon(0.00709)	hero(0.00646)	driver(0.00645)	anim(0.00635)	frost(0.00617)	charliz(0.00536)	armi(0.00498)	comput(0.00478)	persian(0.00478)	histori(0.00456)	amaz(0.00427)	host(0.00422)	shot(0.00415)	motion(0.00407)	
Topic 13(0.02344):	iron(0.03054)	cameron(0.02251)	avatar(0.01340)	anim(0.01267)	hero(0.01225)	toni(0.01071)	jame(0.01064)	captain(0.00984)	aveng(0.00968)	titan(0.00958)	mike(0.00955)	downey(0.00840)	visual(0.00761)	diaz(0.00712)	fiona(0.00704)	voic(0.00648)	thor(0.00595)	suit(0.00587)	robert(0.00572)	king(0.00554)	tiger(0.00498)	jake(0.00460)	princess(0.00459)	nativ(0.00426)	donkey(0.00424)	amaz(0.00415)	chines(0.00403)	firefli(0.00402)	villain(0.00402)	firefight(0.00397)	
Topic 14(0.02430):	michael(0.06794)	halloween(0.02706)	jami(0.01530)	myer(0.01447)	foxx(0.01195)	mask(0.01177)	lauri(0.01065)	milk(0.01054)	white(0.00950)	jane(0.00934)	killer(0.00866)	sister(0.00828)	hous(0.00793)	13th(0.00775)	keaton(0.00774)	night(0.00746)	return(0.00714)	dead(0.00646)	anni(0.00601)	pride(0.00592)	prejudic(0.00591)	mother(0.00562)	darci(0.00551)	stab(0.00506)	brown(0.00443)	nois(0.00443)	doll(0.00428)	pick(0.00416)	collater(0.00404)	boogeyman(0.00385)	
Topic 15(0.02301):	jack(0.05240)	mile(0.02364)	dracula(0.01909)	paul(0.01496)	toro(0.01325)	luci(0.01293)	trip(0.01134)	week(0.00976)	fine(0.00942)	gari(0.00933)	wine(0.00882)	visual(0.00776)	thoma(0.00732)	flaw(0.00671)	tast(0.00649)	fail(0.00585)	blah(0.00526)	marri(0.00516)	develop(0.00481)	stoker(0.00479)	plan(0.00462)	giamatti(0.00450)	sceneri(0.00450)	blood(0.00430)	coppola(0.00418)	guillermo(0.00412)	drink(0.00410)	payn(0.00402)	humor(0.00399)	bram(0.00398)	
Topic 16(0.10282):	hous(0.01661)	violenc(0.01278)	game(0.01106)	thriller(0.01071)	suspens(0.01004)	gore(0.00752)	fear(0.00745)	moor(0.00728)	victim(0.00716)	case(0.00716)	twist(0.00686)	ghost(0.00686)	tension(0.00677)	violent(0.00610)	polit(0.00570)	situat(0.00546)	father(0.00545)	killer(0.00523)	dead(0.00507)	evil(0.00488)	room(0.00478)	camera(0.00455)	issu(0.00450)	intens(0.00447)	societi(0.00442)	atmospher(0.00424)	genr(0.00414)	terror(0.00413)	video(0.00397)	shot(0.00378)	
Topic 17(0.02247):	bore(0.01414)	impress(0.01362)	serious(0.01207)	money(0.01142)	save(0.00847)	sequenc(0.00797)	type(0.00775)	master(0.00759)	humor(0.00758)	understand(0.00668)	attent(0.00667)	carl(0.00656)	appreci(0.00640)	voic(0.00620)	danni(0.00619)	ride(0.00615)	half(0.00588)	blood(0.00587)	cool(0.00583)	piec(0.00562)	joli(0.00559)	greg(0.00558)	lara(0.00553)	formula(0.00529)	titl(0.00519)	rest(0.00510)	tomb(0.00500)	produc(0.00497)	lame(0.00462)	filmmak(0.00450)	
Topic 18(0.03143):	oscar(0.03867)	award(0.02684)	brilliant(0.02594)	william(0.02496)	academi(0.01654)	support(0.01542)	crow(0.01372)	russel(0.01115)	hollywood(0.01009)	deal(0.00932)	robin(0.00904)	nash(0.00834)	larri(0.00759)	dick(0.00752)	money(0.00730)	natur(0.00728)	drama(0.00668)	break(0.00587)	understand(0.00572)	amaz(0.00540)	theori(0.00504)	secret(0.00479)	bell(0.00476)	tommi(0.00456)	countri(0.00443)	amazon(0.00441)	deep(0.00436)	christoph(0.00427)	interact(0.00425)	pull(0.00425)	
Topic 19(0.02599):	remak(0.02810)	robert(0.02444)	affleck(0.01865)	park(0.01489)	willi(0.01250)	dragon(0.01175)	queen(0.01173)	hollywood(0.00866)	mcclane(0.00720)	public(0.00668)	comput(0.00633)	farrel(0.00627)	case(0.00566)	diana(0.00537)	free(0.00534)	altman(0.00510)	tattoo(0.00486)	swedish(0.00471)	alan(0.00464)	lamb(0.00453)	silenc(0.00443)	blair(0.00407)	countri(0.00402)	david(0.00391)	argo(0.00387)	produc(0.00381)	mark(0.00377)	toni(0.00376)	omen(0.00369)	hacker(0.00367)	
Topic 20(0.02503):	jone(0.03179)	alex(0.01652)	boss(0.01550)	pari(0.01456)	indiana(0.01255)	indi(0.00898)	match(0.00748)	ford(0.00711)	ryan(0.00683)	mill(0.00671)	rick(0.00670)	polic(0.00644)	truman(0.00521)	fire(0.00499)	lost(0.00498)	millionair(0.00497)	georg(0.00488)	crystal(0.00483)	kidnap(0.00480)	return(0.00454)	harrison(0.00441)	street(0.00441)	willi(0.00437)	orang(0.00426)	rate(0.00412)	case(0.00402)	luck(0.00389)	casablanca(0.00385)	sequenc(0.00381)	affair(0.00379)	
Topic 21(0.02200):	white(0.03489)	hill(0.02153)	talk(0.01979)	total(0.01750)	anim(0.01733)	silent(0.01632)	standard(0.01491)	full(0.01467)	black(0.01463)	maria(0.01449)	consid(0.01103)	snow(0.01092)	list(0.01006)	rage(0.01001)	simpli(0.00944)	favorit(0.00896)	niro(0.00776)	remot(0.00696)	rose(0.00655)	hollywood(0.00620)	sequenc(0.00616)	edit(0.00577)	lack(0.00534)	felt(0.00527)	mine(0.00504)	soundtrack(0.00495)	bull(0.00492)	concept(0.00484)	amaz(0.00479)	skip(0.00477)	
Topic 22(0.02638):	spiderman(0.02819)	peter(0.02099)	xmen(0.01910)	superhero(0.01778)	mari(0.01462)	lane(0.01261)	return(0.01126)	hero(0.00940)	villain(0.00928)	reev(0.00826)	singer(0.00820)	raimi(0.00739)	bryan(0.00712)	berri(0.00705)	daredevil(0.00573)	wolverin(0.00555)	richard(0.00529)	amaz(0.00508)	luthor(0.00488)	save(0.00476)	sequenc(0.00475)	jane(0.00459)	christoph(0.00458)	kevin(0.00455)	jame(0.00451)	borat(0.00450)	kent(0.00426)	hall(0.00412)	spacey(0.00361)	routh(0.00356)	
Topic 23(0.04182):	dream(0.02458)	daughter(0.02322)	drug(0.02140)	rent(0.01792)	killer(0.01176)	brook(0.00896)	addict(0.00791)	kevin(0.00722)	mother(0.00697)	donni(0.00666)	deal(0.00656)	costner(0.00621)	penn(0.00598)	side(0.00584)	sean(0.00575)	mann(0.00573)	jake(0.00541)	busi(0.00502)	adam(0.00494)	polic(0.00464)	river(0.00464)	understand(0.00451)	toni(0.00447)	roger(0.00427)	money(0.00425)	develop(0.00421)	gyllenha(0.00421)	mystic(0.00407)	heat(0.00392)	mark(0.00391)	
Topic 24(0.03502):	depp(0.02423)	trek(0.01879)	pirat(0.01779)	johnni(0.01547)	ship(0.01229)	captain(0.01218)	pitt(0.01204)	crew(0.01137)	jack(0.00995)	brad(0.00951)	carrey(0.00834)	troy(0.00736)	winslet(0.00671)	todd(0.00630)	pearl(0.00627)	sparrow(0.00598)	kirk(0.00586)	bloom(0.00573)	sunshin(0.00551)	boyl(0.00537)	davi(0.00515)	caribbean(0.00503)	jone(0.00493)	sweeney(0.00492)	carter(0.00466)	battl(0.00461)	dead(0.00450)	kate(0.00444)	joel(0.00434)	king(0.00415)	
Topic 25(0.02517):	imagin(0.02375)	barri(0.01582)	peter(0.01422)	nick(0.01318)	mother(0.01038)	rate(0.00962)	childhood(0.00921)	lack(0.00814)	talk(0.00701)	kate(0.00694)	slow(0.00684)	spin(0.00662)	inspir(0.00657)	touch(0.00653)	brain(0.00629)	carl(0.00605)	tobacco(0.00576)	matter(0.00566)	black(0.00557)	grow(0.00538)	davi(0.00528)	reveng(0.00510)	serious(0.00507)	save(0.00500)	today(0.00485)	sort(0.00471)	piec(0.00469)	shot(0.00466)	produc(0.00459)	hollywood(0.00459)	
Topic 26(0.01513):	bond(0.11901)	jame(0.03987)	royal(0.01821)	casino(0.01467)	conneri(0.01307)	daniel(0.00797)	quantum(0.00768)	monro(0.00760)	holli(0.00748)	brosnan(0.00739)	judi(0.00723)	hitchcock(0.00694)	sean(0.00673)	villain(0.00656)	secret(0.00610)	sequenc(0.00599)	gold(0.00560)	vertigo(0.00558)	dench(0.00556)	pierc(0.00532)	hepburn(0.00508)	plan(0.00449)	lazenbi(0.00389)	mission(0.00379)	fleme(0.00369)	georg(0.00360)	diesel(0.00328)	theme(0.00316)	paul(0.00316)	russia(0.00314)	
Topic 27(0.03374):	king(0.02101)	magic(0.01776)	remak(0.01707)	witch(0.01580)	dead(0.01113)	princ(0.01109)	food(0.01081)	evil(0.01072)	texa(0.01009)	anim(0.00925)	chainsaw(0.00902)	road(0.00872)	massacr(0.00767)	fast(0.00729)	golden(0.00656)	return(0.00651)	west(0.00645)	ring(0.00587)	tale(0.00584)	lord(0.00582)	wizard(0.00540)	knight(0.00518)	bear(0.00499)	wick(0.00486)	lion(0.00461)	wall(0.00454)	jessica(0.00433)	mummi(0.00426)	rachel(0.00425)	illusionist(0.00424)	
Topic 28(0.02571):	potter(0.02789)	andi(0.01509)	rocki(0.01231)	maggi(0.00992)	prison(0.00896)	emma(0.00797)	braddock(0.00769)	hogwart(0.00731)	black(0.00729)	magic(0.00716)	professor(0.00647)	ferrel(0.00606)	babi(0.00551)	fienn(0.00519)	train(0.00498)	ralph(0.00484)	dollar(0.00476)	boxer(0.00470)	azkaban(0.00459)	voic(0.00455)	hermion(0.00453)	order(0.00446)	voldemort(0.00433)	fire(0.00427)	wizard(0.00425)	ring(0.00417)	goblet(0.00398)	lord(0.00389)	cinderella(0.00386)	daniel(0.00385)	
Topic 29(0.02159):	bore(0.01932)	slow(0.01151)	half(0.01092)	pace(0.00975)	serious(0.00957)	favorit(0.00897)	type(0.00892)	matter(0.00833)	forget(0.00831)	rest(0.00748)	wait(0.00738)	flick(0.00725)	cool(0.00706)	collect(0.00672)	dull(0.00659)	terrif(0.00653)	impress(0.00648)	qualiti(0.00630)	touch(0.00622)	shot(0.00586)	horribl(0.00586)	suck(0.00581)	basic(0.00580)	femal(0.00572)	averag(0.00570)	attent(0.00557)	mess(0.00551)	genr(0.00546)	combin(0.00512)	money(0.00498)	
248 users are loaded from /home/ll5fy/TUIR/dataset/amazon_movie/byUser_70k_review/5foldsCVColdstart/2/...
235 users are loaded from /home/ll5fy/TUIR/dataset/amazon_movie/byUser_70k_review/5foldsCVColdstart/0/...
237 users are loaded from /home/ll5fy/TUIR/dataset/amazon_movie/byUser_70k_review/5foldsCVColdstart/1/...
251 users are loaded from /home/ll5fy/TUIR/dataset/amazon_movie/byUser_70k_review/5foldsCVColdstart/3/...
240 users are loaded from /home/ll5fy/TUIR/dataset/amazon_movie/byUser_70k_review/5foldsCVColdstart/4/...
====================
[Info]Fold No. 2: 
train size = 21326, test size = 4983....
[Info]Initializing CTM Model...
[Info]EM iteration 0: likelihood is -10021049.95, converges to 1.0000...
[Info]EM iteration 1: likelihood is -8704443.98, converges to 0.1314...
[Info]EM iteration 2: likelihood is -8641445.42, converges to 0.0072...
[Info]EM iteration 3: likelihood is -8590432.21, converges to 0.0059...
[Info]EM iteration 4: likelihood is -8549808.40, converges to 0.0047...
[Info]EM iteration 5: likelihood is -8516806.87, converges to 0.0039...
[Info]EM iteration 6: likelihood is -8487953.52, converges to 0.0034...
[Info]EM iteration 7: likelihood is -8461642.90, converges to 0.0031...
[Info]EM iteration 8: likelihood is -8437524.64, converges to 0.0029...
[Info]EM iteration 9: likelihood is -8415716.68, converges to 0.0026...
[Info]EM iteration 10: likelihood is -8396339.96, converges to 0.0023...
[Info]EM iteration 11: likelihood is -8379350.68, converges to 0.0020...
[Info]EM iteration 12: likelihood is -8364588.02, converges to 0.0018...
[Info]EM iteration 13: likelihood is -8351792.81, converges to 0.0015...
[Info]EM iteration 14: likelihood is -8340523.53, converges to 0.0013...
[Info]EM iteration 15: likelihood is -8330349.14, converges to 0.0012...
[Info]EM iteration 16: likelihood is -8321083.55, converges to 0.0011...
[Info]EM iteration 17: likelihood is -8312766.24, converges to 0.0010...
[Info]EM iteration 18: likelihood is -8305249.15, converges to 0.0009...
[Info]EM iteration 19: likelihood is -8298362.34, converges to 0.0008...
[Info]EM iteration 20: likelihood is -8291990.45, converges to 0.0008...
[Info]EM iteration 21: likelihood is -8286067.26, converges to 0.0007...
[Info]EM iteration 22: likelihood is -8280494.65, converges to 0.0007...
[Info]EM iteration 23: likelihood is -8275242.71, converges to 0.0006...
[Info]EM iteration 24: likelihood is -8270161.26, converges to 0.0006...
[Info]EM iteration 25: likelihood is -8265200.24, converges to 0.0006...
[Info]EM iteration 26: likelihood is -8260299.16, converges to 0.0006...
[Info]EM iteration 27: likelihood is -8255547.60, converges to 0.0006...
[Info]EM iteration 28: likelihood is -8251042.42, converges to 0.0005...
[Info]EM iteration 29: likelihood is -8246791.56, converges to 0.0005...
[Info]EM iteration 30: likelihood is -8242721.50, converges to 0.0005...
[Info]Start evaluation in Normal
[Stat]Test set perplexity is 2401.720 and log-likelihood is -402.272
[Info]CTM[k:30]
 Train/Test finished in 1887.63 seconds...
TopWord FilePath:/home/ll5fy/TUIR/dataset/amazon_movie/byUser_70k_review/output/5foldsCVColdstart/2/CTM_topWords_30.txt
Topic 0(0.02562):	quot(0.06072)	visual(0.01771)	quotth(0.01368)	clever(0.01177)	fair(0.01128)	sort(0.01042)	impress(0.00955)	genr(0.00881)	bone(0.00810)	rest(0.00791)	charli(0.00762)	hollywood(0.00745)	heaven(0.00741)	develop(0.00704)	plan(0.00648)	mark(0.00611)	huge(0.00604)	gold(0.00595)	guid(0.00589)	combin(0.00583)	fill(0.00545)	toro(0.00540)	fail(0.00539)	strang(0.00527)	lack(0.00518)	type(0.00514)	pacif(0.00512)	hero(0.00511)	kong(0.00499)	subplot(0.00480)	
Topic 1(0.02608):	bond(0.07286)	jame(0.02106)	iron(0.01668)	scorses(0.01310)	casino(0.01291)	royal(0.01154)	robert(0.01122)	toni(0.00892)	island(0.00867)	downey(0.00746)	daniel(0.00726)	villain(0.00688)	conneri(0.00663)	niro(0.00627)	quantum(0.00498)	brosnan(0.00492)	sequenc(0.00472)	borat(0.00456)	cheadl(0.00456)	sean(0.00430)	secret(0.00421)	suit(0.00409)	judi(0.00404)	juri(0.00371)	dench(0.00363)	cool(0.00358)	money(0.00356)	pierc(0.00350)	plan(0.00348)	terrorist(0.00345)	
Topic 2(0.02905):	brilliant(0.02950)	crow(0.02039)	russel(0.01988)	award(0.01316)	oscar(0.01127)	support(0.00991)	nash(0.00848)	drive(0.00845)	academi(0.00809)	paul(0.00751)	drama(0.00701)	rich(0.00580)	milk(0.00522)	driver(0.00516)	insid(0.00501)	affair(0.00490)	mann(0.00462)	braddock(0.00457)	half(0.00449)	heat(0.00432)	whedon(0.00423)	connelli(0.00418)	proof(0.00418)	gosl(0.00410)	husband(0.00394)	fine(0.00393)	touch(0.00391)	understand(0.00383)	river(0.00372)	case(0.00370)	
Topic 3(0.03454):	drug(0.02232)	hous(0.01934)	york(0.01720)	father(0.01682)	gang(0.01427)	money(0.01254)	affleck(0.01227)	bill(0.01115)	citi(0.01063)	case(0.00987)	daughter(0.00910)	nicholson(0.00763)	georg(0.00758)	mother(0.00757)	lawyer(0.00712)	deal(0.00643)	possess(0.00607)	garner(0.00574)	pulp(0.00574)	demon(0.00548)	retir(0.00544)	violenc(0.00528)	situat(0.00511)	kathi(0.00500)	priest(0.00478)	polic(0.00470)	imag(0.00470)	dougla(0.00431)	immigr(0.00429)	lose(0.00427)	
Topic 4(0.01802):	reev(0.02044)	richard(0.01801)	lane(0.01727)	kevin(0.01559)	phantom(0.01334)	opera(0.01237)	simpson(0.01156)	spacey(0.01098)	coppola(0.01001)	nixon(0.00950)	return(0.00883)	frost(0.00825)	gene(0.00703)	interview(0.00702)	kate(0.00661)	christoph(0.00649)	brandon(0.00593)	poseidon(0.00552)	lester(0.00552)	singer(0.00539)	hackman(0.00525)	donner(0.00521)	kent(0.00514)	luthor(0.00480)	sing(0.00474)	televis(0.00472)	episod(0.00471)	scarlett(0.00453)	dian(0.00452)	charlott(0.00432)	
Topic 5(0.02589):	william(0.02316)	pitt(0.01853)	pari(0.01719)	brad(0.01709)	futur(0.01331)	troy(0.01160)	virus(0.01138)	robin(0.00961)	week(0.00951)	king(0.00896)	case(0.00696)	broken(0.00670)	bore(0.00608)	monkey(0.00547)	eric(0.00539)	battl(0.00519)	shot(0.00517)	lost(0.00509)	matter(0.00502)	coulardeau(0.00502)	epic(0.00494)	natur(0.00485)	marti(0.00462)	rage(0.00458)	brian(0.00450)	partner(0.00447)	christoph(0.00433)	insomnia(0.00424)	franc(0.00405)	peter(0.00393)	
Topic 6(0.03639):	ship(0.02030)	planet(0.01722)	societi(0.01684)	fast(0.01514)	food(0.01287)	futur(0.01276)	crew(0.01165)	trek(0.01046)	wall(0.00841)	generat(0.00660)	contact(0.00646)	independ(0.00622)	behavior(0.00583)	intellig(0.00549)	physic(0.00538)	drive(0.00531)	order(0.00530)	visual(0.00498)	popul(0.00470)	natur(0.00462)	understand(0.00451)	size(0.00448)	road(0.00437)	judg(0.00435)	today(0.00433)	strang(0.00418)	rule(0.00413)	decid(0.00412)	morgan(0.00409)	industri(0.00406)	
Topic 7(0.03323):	depp(0.02328)	jack(0.02249)	johnni(0.01806)	pirat(0.01745)	davi(0.01084)	brook(0.01017)	barri(0.00877)	bill(0.00801)	captain(0.00686)	sparrow(0.00631)	black(0.00609)	jone(0.00591)	victor(0.00542)	treasur(0.00539)	dead(0.00528)	peter(0.00526)	knight(0.00513)	king(0.00508)	caribbean(0.00508)	bride(0.00467)	ship(0.00461)	richard(0.00458)	knightley(0.00429)	keira(0.00417)	darci(0.00411)	crew(0.00411)	father(0.00394)	bloom(0.00391)	doom(0.00373)	wood(0.00368)	
Topic 8(0.02672):	jone(0.02774)	episod(0.02160)	luca(0.01849)	ford(0.01540)	georg(0.01451)	indiana(0.01402)	indi(0.01043)	presid(0.01023)	luke(0.01005)	harrison(0.00964)	jedi(0.00883)	carrey(0.00855)	bush(0.00840)	amin(0.00837)	raider(0.00791)	darth(0.00711)	battl(0.00613)	tommi(0.00570)	sith(0.00526)	lost(0.00520)	return(0.00509)	evil(0.00490)	side(0.00460)	yoda(0.00458)	father(0.00407)	reveng(0.00403)	strike(0.00396)	attack(0.00393)	templ(0.00373)	histori(0.00361)	
Topic 9(0.03298):	earth(0.03986)	robot(0.03013)	transform(0.02771)	sequenc(0.01664)	destroy(0.01175)	michael(0.01137)	visual(0.00905)	giant(0.00897)	save(0.00884)	technolog(0.00820)	concept(0.00769)	cool(0.00597)	prime(0.00595)	battl(0.00587)	popcorn(0.00579)	militari(0.00578)	voic(0.00574)	mission(0.00564)	impress(0.00545)	amaz(0.00525)	huge(0.00505)	planet(0.00504)	moon(0.00504)	rest(0.00485)	humor(0.00461)	vehicl(0.00450)	fallen(0.00445)	wast(0.00433)	govern(0.00422)	develop(0.00421)	
Topic 10(0.02358):	frank(0.03549)	cameron(0.02331)	maggi(0.01509)	jame(0.01481)	dicaprio(0.01448)	avatar(0.01396)	titan(0.01302)	dollar(0.01115)	babi(0.00862)	rose(0.00842)	leonardo(0.00749)	jake(0.00652)	nativ(0.00632)	diaz(0.00581)	redempt(0.00541)	prison(0.00529)	oscar(0.00520)	eddi(0.00476)	amaz(0.00472)	father(0.00467)	visual(0.00449)	hudson(0.00443)	blood(0.00437)	danni(0.00429)	blue(0.00418)	train(0.00408)	weaver(0.00402)	pandora(0.00383)	morgan(0.00377)	worthington(0.00372)	
Topic 11(0.02137):	predat(0.03332)	paint(0.01493)	lost(0.01012)	wast(0.00854)	impress(0.00825)	consid(0.00731)	premis(0.00728)	hunt(0.00709)	develop(0.00640)	produc(0.00608)	vermeer(0.00595)	piec(0.00593)	half(0.00589)	deep(0.00574)	whip(0.00569)	serious(0.00569)	forget(0.00564)	slow(0.00540)	total(0.00529)	twist(0.00522)	inspir(0.00518)	stun(0.00509)	land(0.00503)	flaw(0.00474)	basic(0.00443)	hero(0.00432)	cinematographi(0.00430)	save(0.00426)	pearl(0.00417)	fail(0.00410)	
Topic 12(0.02862):	anim(0.06584)	white(0.02545)	voic(0.02134)	pixar(0.01338)	song(0.01281)	black(0.01177)	bird(0.00992)	snow(0.00964)	hero(0.00811)	mari(0.00785)	juli(0.00712)	walt(0.00655)	favorit(0.00645)	hous(0.00639)	tiger(0.00623)	talk(0.00605)	magic(0.00594)	maria(0.00560)	wall(0.00554)	visual(0.00539)	amaz(0.00532)	dragon(0.00528)	hidden(0.00486)	chines(0.00454)	tale(0.00445)	kung(0.00436)	beast(0.00421)	king(0.00409)	master(0.00408)	comput(0.00400)	
Topic 13(0.12351):	remak(0.01248)	hous(0.01230)	michael(0.01145)	dead(0.01077)	flick(0.01016)	night(0.01009)	killer(0.00921)	halloween(0.00866)	gore(0.00757)	blood(0.00743)	genr(0.00711)	evil(0.00651)	stupid(0.00591)	ghost(0.00572)	twist(0.00559)	suspens(0.00555)	town(0.00554)	victim(0.00525)	myer(0.00486)	hell(0.00467)	half(0.00447)	bore(0.00433)	wait(0.00432)	walk(0.00402)	talk(0.00400)	jump(0.00396)	pick(0.00394)	atmospher(0.00389)	bodi(0.00380)	violenc(0.00380)	
Topic 14(0.06573):	soldier(0.01157)	polit(0.00992)	battl(0.00978)	washington(0.00856)	unit(0.00851)	countri(0.00827)	train(0.00668)	govern(0.00659)	side(0.00615)	save(0.00612)	japanes(0.00602)	ryan(0.00602)	hero(0.00575)	militari(0.00571)	general(0.00567)	histori(0.00550)	blade(0.00519)	mission(0.00514)	polic(0.00507)	order(0.00488)	histor(0.00464)	privat(0.00459)	russian(0.00432)	fire(0.00432)	island(0.00409)	situat(0.00399)	attack(0.00381)	jack(0.00381)	moral(0.00371)	conflict(0.00367)	
Topic 15(0.02027):	potter(0.03515)	prison(0.01253)	magic(0.01235)	professor(0.01149)	game(0.01096)	emma(0.01035)	fienn(0.00925)	hogwart(0.00890)	michael(0.00890)	jigsaw(0.00886)	evil(0.00854)	order(0.00829)	ralph(0.00736)	secret(0.00733)	daniel(0.00706)	david(0.00654)	wizard(0.00652)	black(0.00641)	hotel(0.00621)	azkaban(0.00597)	hermion(0.00567)	watson(0.00563)	student(0.00560)	voldemort(0.00551)	cuaron(0.00547)	fire(0.00528)	thompson(0.00500)	phoenix(0.00469)	rowl(0.00463)	rupert(0.00445)	
Topic 16(0.02661):	termin(0.02333)	bruce(0.02236)	christian(0.01744)	wayn(0.01729)	bale(0.01673)	michael(0.01331)	hitchcock(0.01164)	hitler(0.01139)	neeson(0.01125)	citi(0.01074)	cain(0.01060)	dream(0.00964)	alfr(0.00961)	liam(0.00877)	gotham(0.00803)	knight(0.00718)	recal(0.00717)	schwarzenegg(0.00676)	villain(0.00668)	christoph(0.00654)	quaid(0.00653)	holm(0.00626)	futur(0.00582)	fear(0.00581)	jame(0.00543)	connor(0.00514)	kati(0.00503)	return(0.00497)	total(0.00439)	train(0.00438)	
Topic 17(0.04304):	monster(0.02660)	creatur(0.02006)	dead(0.01641)	ring(0.01537)	race(0.01011)	villag(0.00897)	lord(0.00873)	night(0.00846)	dracula(0.00800)	romero(0.00798)	king(0.00744)	dawn(0.00721)	hels(0.00599)	brother(0.00597)	shyamalan(0.00567)	hill(0.00554)	return(0.00550)	evil(0.00526)	silent(0.00502)	cave(0.00501)	town(0.00465)	battl(0.00457)	beowulf(0.00453)	anna(0.00439)	water(0.00437)	land(0.00434)	bobbi(0.00433)	sunshin(0.00417)	werewolf(0.00412)	tale(0.00391)	
Topic 18(0.02348):	tale(0.02343)	hank(0.02220)	danc(0.01555)	mother(0.01414)	hall(0.01100)	host(0.00898)	father(0.00816)	traci(0.00754)	berri(0.00747)	oscar(0.00746)	imagin(0.00728)	ball(0.00715)	charli(0.00705)	ofelia(0.00686)	task(0.00620)	number(0.00603)	toro(0.00575)	full(0.00565)	travi(0.00554)	black(0.00543)	billi(0.00492)	captain(0.00454)	robert(0.00446)	daughter(0.00429)	talent(0.00428)	drag(0.00422)	product(0.00393)	racist(0.00391)	award(0.00391)	walken(0.00389)	
Topic 19(0.02395):	robert(0.01394)	alexand(0.01302)	epic(0.01161)	histori(0.01037)	theme(0.00974)	hollywood(0.00939)	histor(0.00855)	mark(0.00854)	lack(0.00802)	battl(0.00772)	cure(0.00759)	joli(0.00665)	roman(0.00627)	kirk(0.00624)	godfath(0.00589)	nevill(0.00570)	gladiat(0.00546)	simpli(0.00527)	third(0.00522)	khan(0.00522)	today(0.00507)	genr(0.00507)	fail(0.00468)	trek(0.00466)	tomorrow(0.00446)	save(0.00414)	dahlia(0.00407)	genet(0.00407)	produc(0.00393)	captur(0.00383)	
Topic 20(0.04605):	thriller(0.02794)	daughter(0.01860)	willi(0.01411)	room(0.01385)	graphic(0.01222)	david(0.01213)	plane(0.01154)	suspens(0.01034)	king(0.00991)	kubrick(0.00932)	violenc(0.00782)	system(0.00761)	citi(0.00760)	bruce(0.00757)	terrorist(0.00756)	miller(0.00727)	flight(0.00657)	jodi(0.00628)	farrel(0.00570)	build(0.00569)	kyle(0.00551)	panic(0.00545)	free(0.00508)	reveng(0.00505)	plan(0.00505)	battl(0.00487)	control(0.00443)	comput(0.00441)	mcclane(0.00440)	spartan(0.00428)	
Topic 21(0.01980):	spiderman(0.05173)	peter(0.02931)	superhero(0.02674)	gibson(0.01817)	hugh(0.01643)	jane(0.01384)	raimi(0.01337)	mari(0.01268)	amaz(0.00960)	christ(0.00933)	hero(0.00918)	villain(0.00909)	tobey(0.00811)	klaatu(0.00760)	aviat(0.00755)	spider(0.00671)	dunst(0.00656)	goblin(0.00565)	spidey(0.00512)	mayan(0.00506)	hepburn(0.00461)	dicaprio(0.00450)	uncl(0.00430)	hollywood(0.00380)	xmen(0.00379)	jame(0.00378)	tobi(0.00366)	cate(0.00366)	gwen(0.00354)	scorses(0.00338)	
Topic 22(0.03914):	edit(0.04577)	commentari(0.03899)	audio(0.03574)	video(0.03045)	disc(0.02951)	digit(0.02426)	delet(0.01789)	theatric(0.01789)	qualiti(0.01764)	featurett(0.01758)	documentari(0.01486)	transfer(0.01436)	kbps(0.01270)	interview(0.01270)	track(0.01212)	product(0.01148)	bonus(0.01086)	spanish(0.01007)	subtitl(0.00940)	dolbi(0.00910)	rate(0.00887)	footag(0.00806)	collect(0.00791)	size(0.00681)	shot(0.00649)	copi(0.00647)	crew(0.00627)	talk(0.00605)	format(0.00599)	materi(0.00598)	
Topic 23(0.02526):	cage(0.01791)	dream(0.01764)	queen(0.01752)	marri(0.01331)	streep(0.01014)	kane(0.00951)	mother(0.00821)	oscar(0.00751)	andi(0.00739)	addict(0.00697)	husband(0.00658)	meryl(0.00658)	deal(0.00650)	suicid(0.00624)	busi(0.00624)	toni(0.00623)	fiona(0.00605)	princ(0.00599)	parti(0.00586)	struggl(0.00579)	diana(0.00533)	nichola(0.00532)	brown(0.00523)	public(0.00517)	princess(0.00462)	blair(0.00462)	virginia(0.00433)	sell(0.00423)	wear(0.00422)	royal(0.00403)	
Topic 24(0.03406):	bourn(0.01899)	matt(0.01853)	damon(0.01822)	moor(0.01713)	black(0.00730)	rock(0.00700)	ident(0.00694)	kidman(0.00682)	luck(0.00678)	news(0.00659)	camera(0.00614)	jeff(0.00599)	documentari(0.00572)	night(0.00563)	georg(0.00555)	michael(0.00536)	polit(0.00528)	nicol(0.00519)	dude(0.00484)	white(0.00481)	coen(0.00451)	keaton(0.00439)	band(0.00437)	donni(0.00427)	countri(0.00390)	support(0.00389)	david(0.00388)	talk(0.00377)	wive(0.00377)	husband(0.00374)	
Topic 25(0.03191):	daniel(0.01045)	xmen(0.01008)	song(0.00869)	dragon(0.00766)	oscar(0.00637)	cash(0.00629)	plainview(0.00617)	truman(0.00602)	polanski(0.00585)	rosemari(0.00515)	sing(0.00512)	hoffman(0.00508)	paul(0.00499)	theron(0.00486)	daylewi(0.00485)	singer(0.00474)	killer(0.00460)	johnni(0.00455)	blood(0.00450)	carter(0.00435)	brilliant(0.00435)	graham(0.00433)	talent(0.00411)	holli(0.00401)	lamb(0.00391)	wolverin(0.00384)	tron(0.00375)	roug(0.00358)	june(0.00352)	silenc(0.00350)	
Topic 26(0.02855):	team(0.03156)	game(0.02489)	matrix(0.01906)	player(0.01516)	fiction(0.01441)	warm(0.01090)	district(0.01088)	manag(0.00829)	footbal(0.00765)	peter(0.00711)	billi(0.00686)	season(0.00671)	amaz(0.00630)	major(0.00616)	bean(0.00575)	night(0.00519)	gore(0.00497)	revolut(0.00493)	concept(0.00464)	pink(0.00461)	talent(0.00444)	comput(0.00415)	budget(0.00413)	case(0.00411)	sequenc(0.00396)	citi(0.00385)	scientist(0.00382)	town(0.00368)	attent(0.00359)	money(0.00357)	
Topic 27(0.01956):	hulk(0.02683)	edward(0.02428)	rocki(0.02208)	fish(0.01503)	father(0.01495)	trick(0.01166)	magician(0.00954)	magic(0.00940)	aveng(0.00921)	bruce(0.00850)	thor(0.00799)	nemo(0.00798)	iron(0.00773)	ross(0.00709)	king(0.00607)	speech(0.00584)	hero(0.00564)	carter(0.00547)	hurt(0.00538)	jackman(0.00520)	general(0.00520)	twilight(0.00517)	robert(0.00509)	tyler(0.00466)	brother(0.00462)	illusionist(0.00450)	betti(0.00424)	roth(0.00417)	tale(0.00403)	elliot(0.00400)	
Topic 28(0.04763):	comedi(0.05542)	laugh(0.03526)	humor(0.02048)	hilari(0.01996)	romant(0.01673)	joke(0.01311)	alex(0.01279)	adam(0.01001)	ferrel(0.00986)	stiller(0.00878)	romanc(0.00869)	sandler(0.00754)	witch(0.00645)	luci(0.00609)	quirki(0.00581)	jack(0.00568)	amus(0.00558)	drew(0.00544)	song(0.00538)	black(0.00495)	cute(0.00482)	peter(0.00461)	manag(0.00452)	barrymor(0.00450)	lewi(0.00417)	greg(0.00405)	serious(0.00399)	hoffman(0.00381)	hugh(0.00376)	sister(0.00373)	
Topic 29(0.01935):	hollywood(0.01890)	fine(0.01435)	bore(0.01376)	rate(0.01335)	piec(0.01324)	hate(0.01084)	today(0.01021)	simpli(0.01011)	felt(0.00928)	fiction(0.00923)	lack(0.00873)	intrigu(0.00754)	wait(0.00753)	matter(0.00749)	impress(0.00727)	shot(0.00723)	intellig(0.00702)	type(0.00675)	talent(0.00643)	typic(0.00638)	list(0.00623)	pace(0.00618)	rent(0.00596)	collect(0.00595)	touch(0.00592)	slow(0.00589)	side(0.00551)	consid(0.00525)	deep(0.00525)	basic(0.00510)	
251 users are loaded from /home/ll5fy/TUIR/dataset/amazon_movie/byUser_70k_review/5foldsCVColdstart/3/...
235 users are loaded from /home/ll5fy/TUIR/dataset/amazon_movie/byUser_70k_review/5foldsCVColdstart/0/...
237 users are loaded from /home/ll5fy/TUIR/dataset/amazon_movie/byUser_70k_review/5foldsCVColdstart/1/...
248 users are loaded from /home/ll5fy/TUIR/dataset/amazon_movie/byUser_70k_review/5foldsCVColdstart/2/...
240 users are loaded from /home/ll5fy/TUIR/dataset/amazon_movie/byUser_70k_review/5foldsCVColdstart/4/...
====================
[Info]Fold No. 3: 
train size = 20753, test size = 5556....
[Info]Initializing CTM Model...
[Info]EM iteration 0: likelihood is -9908784.54, converges to 1.0000...
[Info]EM iteration 1: likelihood is -8608472.30, converges to 0.1312...
[Info]EM iteration 2: likelihood is -8546741.07, converges to 0.0072...
[Info]EM iteration 3: likelihood is -8495736.73, converges to 0.0060...
[Info]EM iteration 4: likelihood is -8455928.40, converges to 0.0047...
[Info]EM iteration 5: likelihood is -8422163.73, converges to 0.0040...
[Info]EM iteration 6: likelihood is -8391707.98, converges to 0.0036...
[Info]EM iteration 7: likelihood is -8364599.85, converges to 0.0032...
[Info]EM iteration 8: likelihood is -8340768.46, converges to 0.0028...
[Info]EM iteration 9: likelihood is -8319985.61, converges to 0.0025...
[Info]EM iteration 10: likelihood is -8301769.44, converges to 0.0022...
[Info]EM iteration 11: likelihood is -8285773.84, converges to 0.0019...
[Info]EM iteration 12: likelihood is -8271817.03, converges to 0.0017...
[Info]EM iteration 13: likelihood is -8259574.29, converges to 0.0015...
[Info]EM iteration 14: likelihood is -8248688.68, converges to 0.0013...
[Info]EM iteration 15: likelihood is -8238927.79, converges to 0.0012...
[Info]EM iteration 16: likelihood is -8230158.41, converges to 0.0011...
[Info]EM iteration 17: likelihood is -8222258.75, converges to 0.0010...
[Info]EM iteration 18: likelihood is -8215058.16, converges to 0.0009...
[Info]EM iteration 19: likelihood is -8208423.12, converges to 0.0008...
[Info]EM iteration 20: likelihood is -8202303.04, converges to 0.0007...
[Info]EM iteration 21: likelihood is -8196671.19, converges to 0.0007...
[Info]EM iteration 22: likelihood is -8191378.62, converges to 0.0006...
[Info]EM iteration 23: likelihood is -8186461.98, converges to 0.0006...
[Info]EM iteration 24: likelihood is -8181930.28, converges to 0.0006...
[Info]EM iteration 25: likelihood is -8177706.31, converges to 0.0005...
[Info]EM iteration 26: likelihood is -8173782.64, converges to 0.0005...
[Info]EM iteration 27: likelihood is -8170074.81, converges to 0.0005...
[Info]EM iteration 28: likelihood is -8166547.58, converges to 0.0004...
[Info]EM iteration 29: likelihood is -8163096.39, converges to 0.0004...
[Info]EM iteration 30: likelihood is -8159740.96, converges to 0.0004...
[Info]Start evaluation in Normal
[Stat]Test set perplexity is 2264.239 and log-likelihood is -375.587
[Info]CTM[k:30]
 Train/Test finished in 2037.41 seconds...
TopWord FilePath:/home/ll5fy/TUIR/dataset/amazon_movie/byUser_70k_review/output/5foldsCVColdstart/3/CTM_topWords_30.txt
Topic 0(0.02530):	hank(0.02301)	rock(0.02115)	alex(0.01809)	kubrick(0.01572)	mile(0.01009)	band(0.00951)	doom(0.00911)	black(0.00892)	frank(0.00834)	jack(0.00821)	gang(0.00776)	song(0.00744)	evan(0.00711)	jessica(0.00704)	drew(0.00686)	boyl(0.00671)	millionair(0.00671)	barrymor(0.00591)	invis(0.00586)	reed(0.00584)	paul(0.00535)	slum(0.00513)	mari(0.00492)	slumdog(0.00467)	altman(0.00441)	orang(0.00423)	citi(0.00421)	grow(0.00412)	danni(0.00410)	wine(0.00408)	
Topic 1(0.05133):	comedi(0.04997)	laugh(0.02942)	hilari(0.01810)	humor(0.01797)	joke(0.01219)	romant(0.01119)	race(0.01082)	streep(0.00794)	sister(0.00752)	stiller(0.00711)	father(0.00666)	andi(0.00665)	bill(0.00626)	hors(0.00540)	opera(0.00531)	jeff(0.00529)	owen(0.00527)	meryl(0.00524)	phantom(0.00521)	paul(0.00484)	male(0.00463)	hoffman(0.00454)	husband(0.00453)	doubt(0.00412)	knock(0.00403)	ladi(0.00387)	adam(0.00385)	shakespear(0.00379)	stupid(0.00370)	serious(0.00356)	
Topic 2(0.02219):	fast(0.02729)	food(0.02252)	mike(0.01259)	morgan(0.01213)	prison(0.01046)	king(0.01010)	redempt(0.00938)	town(0.00917)	mist(0.00851)	fair(0.00752)	thoma(0.00747)	premis(0.00705)	mcdonald(0.00683)	physic(0.00680)	twilight(0.00677)	lack(0.00675)	size(0.00672)	simpli(0.00610)	type(0.00602)	basic(0.00547)	drama(0.00545)	order(0.00540)	health(0.00503)	understand(0.00499)	consid(0.00485)	bodi(0.00479)	darabont(0.00455)	genr(0.00454)	develop(0.00449)	brought(0.00449)	
Topic 3(0.02617):	termin(0.02355)	trek(0.02336)	futur(0.02021)	crew(0.01164)	recal(0.01031)	team(0.00917)	pitt(0.00782)	kirk(0.00752)	cameron(0.00708)	mission(0.00687)	jame(0.00632)	brad(0.00628)	manag(0.00622)	robert(0.00585)	schwarzenegg(0.00580)	quaid(0.00574)	total(0.00569)	khan(0.00566)	connor(0.00556)	ship(0.00541)	motion(0.00530)	episod(0.00523)	bean(0.00501)	fiction(0.00477)	sequenc(0.00474)	player(0.00468)	ride(0.00450)	rise(0.00448)	marti(0.00427)	eleven(0.00425)	
Topic 4(0.01860):	brother(0.02804)	reveng(0.02250)	money(0.02160)	save(0.02039)	david(0.01495)	matter(0.01359)	deal(0.01052)	theme(0.00901)	convinc(0.00792)	moral(0.00750)	sell(0.00711)	busi(0.00704)	memor(0.00695)	wast(0.00682)	hollywood(0.00678)	ride(0.00655)	thriller(0.00644)	bore(0.00631)	mess(0.00582)	confus(0.00563)	throw(0.00555)	hold(0.00549)	gray(0.00542)	felt(0.00537)	mediocr(0.00535)	talk(0.00521)	shot(0.00500)	drama(0.00488)	case(0.00480)	stay(0.00476)	
Topic 5(0.04852):	bourn(0.01401)	matt(0.01274)	damon(0.01088)	thriller(0.01036)	boss(0.00754)	intellig(0.00736)	case(0.00712)	ryan(0.00709)	polic(0.00657)	phone(0.00654)	ident(0.00644)	train(0.00612)	cold(0.00567)	develop(0.00551)	hoffman(0.00539)	camera(0.00534)	oper(0.00512)	shot(0.00503)	robert(0.00490)	secret(0.00482)	insid(0.00468)	drama(0.00434)	suspens(0.00431)	truman(0.00422)	lawyer(0.00399)	killer(0.00383)	game(0.00366)	author(0.00365)	father(0.00355)	twist(0.00354)	
Topic 6(0.07209):	polit(0.01459)	countri(0.00918)	govern(0.00858)	unit(0.00830)	presid(0.00830)	moor(0.00741)	washington(0.00740)	histori(0.00659)	issu(0.00651)	georg(0.00607)	societi(0.00598)	control(0.00554)	moral(0.00549)	situat(0.00527)	black(0.00506)	terrorist(0.00502)	side(0.00489)	understand(0.00459)	general(0.00451)	white(0.00442)	bush(0.00422)	attack(0.00419)	order(0.00407)	fear(0.00405)	focus(0.00385)	public(0.00384)	violenc(0.00378)	deal(0.00375)	alexand(0.00366)	militari(0.00357)	
Topic 7(0.02293):	anim(0.04273)	voic(0.02381)	kidman(0.01689)	rose(0.01364)	fish(0.01217)	nicol(0.01075)	express(0.00956)	beowulf(0.00894)	pixar(0.00860)	carl(0.00836)	maggi(0.00820)	diaz(0.00801)	cold(0.00734)	joel(0.00681)	father(0.00675)	mountain(0.00670)	technolog(0.00625)	carrey(0.00602)	bird(0.00544)	hous(0.00522)	mother(0.00522)	nemo(0.00508)	sunshin(0.00508)	polar(0.00486)	danni(0.00483)	decid(0.00463)	comput(0.00461)	elli(0.00458)	amaz(0.00447)	talk(0.00434)	
Topic 8(0.02587):	spiderman(0.02923)	potter(0.02126)	peter(0.01870)	daniel(0.01271)	avatar(0.01097)	mari(0.00833)	amaz(0.00771)	plainview(0.00676)	cameron(0.00660)	superhero(0.00653)	magic(0.00652)	jame(0.00545)	uncl(0.00521)	raimi(0.00520)	hogwart(0.00508)	emma(0.00494)	order(0.00456)	daylewi(0.00433)	jake(0.00427)	goblin(0.00425)	titan(0.00417)	dunst(0.00414)	watson(0.00413)	villain(0.00402)	wizard(0.00374)	hero(0.00372)	tobey(0.00368)	voldemort(0.00368)	daredevil(0.00366)	visual(0.00364)	
Topic 9(0.01976):	ring(0.04195)	frank(0.03786)	lord(0.02408)	rocki(0.01989)	babi(0.01270)	train(0.01046)	dollar(0.01033)	match(0.01026)	return(0.00702)	scarlett(0.00586)	larri(0.00574)	peter(0.00559)	maggi(0.00548)	rebecca(0.00474)	middl(0.00464)	boxer(0.00452)	lotr(0.00450)	ricki(0.00449)	consid(0.00449)	frodo(0.00442)	fellowship(0.00435)	champion(0.00433)	bilbo(0.00423)	epic(0.00420)	career(0.00416)	favorit(0.00412)	unexpect(0.00412)	viggo(0.00409)	vicki(0.00406)	wizard(0.00395)	
Topic 10(0.01839):	drive(0.02286)	driver(0.02054)	bore(0.01364)	simpli(0.01252)	half(0.01106)	quirki(0.01045)	wast(0.01025)	wind(0.00992)	serious(0.00896)	standard(0.00850)	thriller(0.00820)	imagin(0.00756)	slow(0.00745)	taxi(0.00725)	travi(0.00717)	hollywood(0.00698)	room(0.00674)	explain(0.00664)	citi(0.00660)	fine(0.00650)	sort(0.00648)	talk(0.00594)	oscar(0.00588)	strang(0.00568)	wait(0.00557)	averag(0.00546)	hold(0.00540)	brilliant(0.00486)	rare(0.00470)	violent(0.00463)	
Topic 11(0.03322):	jack(0.03291)	dream(0.02818)	daughter(0.01979)	nicholson(0.01529)	mother(0.01507)	tale(0.01502)	cage(0.01500)	treasur(0.01021)	secret(0.00894)	golden(0.00744)	father(0.00737)	retir(0.00652)	imagin(0.00624)	warren(0.00618)	clue(0.00599)	pitch(0.00545)	magic(0.00531)	hous(0.00527)	gate(0.00518)	hidden(0.00511)	ofelia(0.00509)	keaton(0.00451)	lost(0.00445)	borat(0.00437)	mountain(0.00428)	reveal(0.00418)	letter(0.00418)	black(0.00379)	task(0.00359)	marri(0.00354)	
Topic 12(0.03091):	bruce(0.03567)	wayn(0.01734)	bale(0.01579)	christian(0.01415)	xmen(0.01229)	superhero(0.01211)	knight(0.01173)	michael(0.01077)	citi(0.01074)	hitler(0.01052)	villain(0.01024)	cain(0.00955)	gotham(0.00937)	neeson(0.00914)	hero(0.00801)	liam(0.00711)	christoph(0.00665)	carrey(0.00619)	alfr(0.00528)	return(0.00493)	morgan(0.00489)	jackman(0.00462)	evil(0.00448)	magician(0.00442)	kati(0.00439)	holm(0.00433)	keaton(0.00420)	fear(0.00397)	bryan(0.00385)	robin(0.00333)	
Topic 13(0.04880):	edit(0.03114)	commentari(0.02869)	audio(0.02322)	disc(0.02063)	video(0.01579)	digit(0.01574)	featurett(0.01446)	delet(0.01321)	theatric(0.01266)	qualiti(0.01229)	documentari(0.01215)	interview(0.01103)	transfer(0.01069)	episod(0.00963)	track(0.00909)	product(0.00852)	bonus(0.00792)	footag(0.00734)	talk(0.00696)	spanish(0.00692)	luca(0.00688)	subtitl(0.00684)	dolbi(0.00650)	visual(0.00637)	shot(0.00579)	collect(0.00552)	soundtrack(0.00502)	produc(0.00498)	kbps(0.00489)	crew(0.00486)	
Topic 14(0.01919):	willi(0.03287)	charli(0.03043)	touch(0.01431)	chocol(0.01387)	weird(0.01251)	creativ(0.01237)	visual(0.01162)	deep(0.01094)	hollywood(0.01023)	amaz(0.00927)	treat(0.00822)	favorit(0.00819)	understand(0.00792)	father(0.00681)	piec(0.00652)	dialog(0.00642)	twist(0.00609)	soundtrack(0.00579)	hate(0.00563)	dull(0.00551)	tone(0.00544)	bore(0.00530)	sceneri(0.00510)	lack(0.00504)	pace(0.00492)	fine(0.00479)	brilliant(0.00479)	drama(0.00474)	oscar(0.00470)	serious(0.00444)	
Topic 15(0.14590):	dead(0.01694)	remak(0.01080)	quot(0.01045)	hous(0.00962)	flick(0.00880)	evil(0.00828)	night(0.00812)	blood(0.00751)	gore(0.00739)	genr(0.00725)	violenc(0.00572)	suspens(0.00550)	killer(0.00548)	town(0.00542)	shot(0.00453)	ghost(0.00450)	twist(0.00433)	hell(0.00426)	witch(0.00419)	stupid(0.00384)	half(0.00378)	cool(0.00378)	victim(0.00361)	fear(0.00352)	jump(0.00346)	walk(0.00343)	rate(0.00340)	atmospher(0.00333)	wait(0.00322)	terror(0.00320)	
Topic 16(0.02126):	iron(0.03602)	toni(0.02413)	crow(0.02413)	russel(0.02085)	daughter(0.01372)	hous(0.01256)	kyle(0.01076)	nash(0.01070)	robert(0.01025)	jodi(0.00939)	downey(0.00860)	plane(0.00822)	todd(0.00777)	suit(0.00725)	aveng(0.00625)	panic(0.00615)	erin(0.00590)	sweeney(0.00529)	connelli(0.00527)	room(0.00519)	brilliant(0.00480)	judg(0.00464)	husband(0.00439)	flight(0.00439)	villain(0.00396)	tooth(0.00390)	support(0.00372)	oscar(0.00367)	mickey(0.00361)	kathi(0.00358)	
Topic 17(0.02929):	depp(0.02042)	michael(0.01909)	dragon(0.01515)	johnni(0.01328)	team(0.01288)	foxx(0.01259)	ferrel(0.01169)	billi(0.00967)	night(0.00923)	mann(0.00876)	silenc(0.00755)	jami(0.00729)	killer(0.00709)	footbal(0.00695)	lamb(0.00691)	case(0.00657)	public(0.00634)	bank(0.00615)	game(0.00601)	figur(0.00542)	news(0.00534)	heat(0.00518)	thriller(0.00496)	player(0.00486)	peter(0.00485)	pink(0.00455)	talent(0.00449)	tattoo(0.00448)	graham(0.00445)	swedish(0.00434)	
Topic 18(0.02437):	monster(0.05113)	creatur(0.02708)	dracula(0.01572)	hels(0.01125)	affleck(0.01062)	moon(0.01046)	cave(0.00930)	mummi(0.00883)	return(0.00827)	wolf(0.00762)	frankenstein(0.00756)	beast(0.00711)	anna(0.00702)	werewolf(0.00674)	hunt(0.00630)	mission(0.00621)	district(0.00599)	werewolv(0.00542)	kate(0.00537)	neil(0.00531)	host(0.00517)	toro(0.00472)	visual(0.00435)	sequenc(0.00433)	brother(0.00409)	scorpion(0.00357)	attack(0.00354)	rescu(0.00354)	hero(0.00354)	cool(0.00350)	
Topic 19(0.02881):	danc(0.01840)	villag(0.01286)	wood(0.01085)	number(0.00964)	night(0.00845)	daughter(0.00843)	mother(0.00774)	kane(0.00756)	shyamalan(0.00749)	jane(0.00746)	mark(0.00689)	song(0.00611)	pride(0.00593)	traci(0.00583)	sing(0.00568)	jess(0.00549)	teenag(0.00536)	support(0.00499)	darci(0.00487)	ferri(0.00465)	holli(0.00445)	collin(0.00443)	manag(0.00440)	mcclane(0.00435)	prejudic(0.00434)	student(0.00418)	town(0.00418)	chicago(0.00416)	free(0.00385)	teacher(0.00383)	
Topic 20(0.02348):	king(0.03553)	william(0.03534)	drug(0.03330)	island(0.02386)	kong(0.01869)	robin(0.01659)	park(0.01406)	speech(0.00865)	york(0.00772)	oscar(0.00637)	hood(0.00636)	anni(0.00599)	luci(0.00582)	peter(0.00572)	hudson(0.00556)	watt(0.00539)	song(0.00538)	black(0.00509)	gift(0.00499)	sequenc(0.00471)	jude(0.00465)	affleck(0.00462)	support(0.00442)	rambo(0.00433)	eddi(0.00431)	product(0.00431)	fine(0.00423)	naomi(0.00423)	richard(0.00416)	monro(0.00414)	
Topic 21(0.02066):	bond(0.09762)	jame(0.03736)	royal(0.01657)	casino(0.01359)	russian(0.01340)	conneri(0.01010)	spacey(0.00934)	daniel(0.00861)	brosnan(0.00852)	berri(0.00750)	pierc(0.00746)	judi(0.00740)	bobbi(0.00715)	villain(0.00712)	kevin(0.00700)	sean(0.00649)	hitchcock(0.00649)	secret(0.00625)	hall(0.00614)	salt(0.00590)	teddi(0.00564)	dench(0.00531)	sequenc(0.00509)	mission(0.00476)	diesel(0.00440)	roger(0.00434)	quantum(0.00417)	russia(0.00397)	barbara(0.00383)	plan(0.00369)	
Topic 22(0.03182):	michael(0.02235)	halloween(0.02175)	ford(0.01574)	jone(0.01362)	milk(0.01125)	myer(0.01049)	sean(0.01016)	penn(0.00974)	coppola(0.00941)	lost(0.00925)	godfath(0.00871)	harrison(0.00799)	bill(0.00709)	lauri(0.00702)	kevin(0.00627)	theron(0.00612)	indiana(0.00597)	translat(0.00559)	black(0.00546)	river(0.00543)	jami(0.00487)	raider(0.00479)	tommi(0.00448)	return(0.00442)	white(0.00434)	josh(0.00434)	charliz(0.00428)	father(0.00423)	tron(0.00403)	support(0.00400)	
Topic 23(0.02009):	planet(0.03614)	predat(0.02997)	earth(0.01515)	return(0.01056)	ship(0.01055)	brook(0.00955)	gene(0.00849)	nixon(0.00759)	reev(0.00712)	hackman(0.00700)	frost(0.00570)	gang(0.00533)	weaver(0.00530)	spaceship(0.00510)	richard(0.00500)	brandon(0.00499)	interview(0.00482)	creatur(0.00465)	york(0.00458)	race(0.00443)	kitti(0.00434)	lane(0.00434)	walter(0.00429)	prison(0.00429)	adam(0.00418)	splice(0.00416)	land(0.00413)	brodi(0.00403)	luthor(0.00391)	crew(0.00389)	
Topic 24(0.02279):	matrix(0.02636)	blade(0.02182)	pitt(0.01415)	carter(0.01378)	cash(0.01188)	brad(0.01128)	troy(0.01085)	pari(0.01066)	costner(0.00883)	johnni(0.00767)	hugo(0.00687)	pulp(0.00670)	june(0.00662)	fiction(0.00653)	victor(0.00579)	reev(0.00564)	rick(0.00539)	revolut(0.00531)	rang(0.00510)	keanu(0.00504)	triniti(0.00484)	phoenix(0.00464)	battl(0.00462)	weav(0.00432)	morpheus(0.00426)	bana(0.00419)	sequenc(0.00414)	brother(0.00394)	casablanca(0.00392)	walk(0.00392)	
Topic 25(0.02176):	rent(0.01697)	brother(0.01506)	penguin(0.01442)	coen(0.01390)	doctor(0.01232)	amin(0.01143)	citi(0.01120)	west(0.01069)	forest(0.01007)	robert(0.00930)	countri(0.00924)	cure(0.00920)	virus(0.00724)	york(0.00701)	nichola(0.00655)	nevill(0.00632)	whitak(0.00628)	feet(0.00612)	song(0.00592)	amaz(0.00568)	leon(0.00565)	roger(0.00564)	march(0.00535)	rage(0.00517)	mumbl(0.00479)	roug(0.00458)	niro(0.00453)	oscar(0.00448)	documentari(0.00448)	sing(0.00442)	
Topic 26(0.03870):	hugh(0.01375)	dicaprio(0.01168)	gibson(0.01083)	scorses(0.01023)	barri(0.00839)	hollywood(0.00774)	robert(0.00764)	oscar(0.00702)	brilliant(0.00676)	leonardo(0.00624)	night(0.00588)	christ(0.00574)	histori(0.00574)	televis(0.00562)	luck(0.00554)	nick(0.00497)	aviat(0.00489)	mother(0.00457)	addict(0.00456)	kate(0.00440)	peter(0.00435)	support(0.00431)	dream(0.00427)	imagin(0.00425)	cate(0.00406)	edward(0.00393)	violenc(0.00387)	davi(0.00385)	cinematographi(0.00384)	award(0.00373)	
Topic 27(0.02771):	transform(0.02720)	earth(0.02609)	robot(0.02219)	giant(0.00908)	jigsaw(0.00693)	michael(0.00668)	maria(0.00662)	rosemari(0.00653)	destroy(0.00641)	visual(0.00629)	independ(0.00606)	paint(0.00556)	sequenc(0.00508)	scientist(0.00488)	invas(0.00485)	militari(0.00469)	trap(0.00463)	prime(0.00459)	polanski(0.00419)	build(0.00397)	fiction(0.00397)	vermeer(0.00374)	decepticon(0.00359)	voic(0.00358)	shia(0.00347)	fallen(0.00343)	graviti(0.00334)	simpli(0.00332)	technolog(0.00326)	piec(0.00317)	
Topic 28(0.04263):	battl(0.02382)	soldier(0.01868)	captain(0.01086)	japanes(0.01053)	pirat(0.01040)	king(0.01018)	ship(0.00976)	hero(0.00870)	epic(0.00838)	armi(0.00785)	hulk(0.00725)	father(0.00710)	bill(0.00606)	tale(0.00597)	anim(0.00574)	jack(0.00562)	sequenc(0.00514)	visual(0.00497)	histor(0.00493)	dead(0.00467)	jone(0.00463)	general(0.00440)	histori(0.00426)	bride(0.00416)	flag(0.00416)	crew(0.00414)	militari(0.00400)	bloom(0.00397)	sparrow(0.00373)	captur(0.00370)	
Topic 29(0.01747):	bore(0.02287)	wast(0.01343)	serious(0.01304)	slow(0.01279)	piec(0.01221)	bottom(0.01193)	lost(0.01140)	pace(0.00995)	touch(0.00911)	lack(0.00893)	money(0.00869)	impress(0.00849)	half(0.00846)	amaz(0.00771)	matter(0.00768)	type(0.00727)	sort(0.00725)	averag(0.00699)	save(0.00697)	talent(0.00675)	drama(0.00673)	visual(0.00659)	twist(0.00633)	felt(0.00568)	bare(0.00523)	flat(0.00508)	minor(0.00487)	rare(0.00485)	soundtrack(0.00482)	oscar(0.00476)	
240 users are loaded from /home/ll5fy/TUIR/dataset/amazon_movie/byUser_70k_review/5foldsCVColdstart/4/...
235 users are loaded from /home/ll5fy/TUIR/dataset/amazon_movie/byUser_70k_review/5foldsCVColdstart/0/...
237 users are loaded from /home/ll5fy/TUIR/dataset/amazon_movie/byUser_70k_review/5foldsCVColdstart/1/...
248 users are loaded from /home/ll5fy/TUIR/dataset/amazon_movie/byUser_70k_review/5foldsCVColdstart/2/...
251 users are loaded from /home/ll5fy/TUIR/dataset/amazon_movie/byUser_70k_review/5foldsCVColdstart/3/...
====================
[Info]Fold No. 4: 
train size = 20717, test size = 5592....
[Info]Initializing CTM Model...
[Info]EM iteration 0: likelihood is -9629955.65, converges to 1.0000...
[Info]EM iteration 1: likelihood is -8367983.30, converges to 0.1310...
[Info]EM iteration 2: likelihood is -8311261.55, converges to 0.0068...
[Info]EM iteration 3: likelihood is -8265494.18, converges to 0.0055...
[Info]EM iteration 4: likelihood is -8227200.98, converges to 0.0046...
[Info]EM iteration 5: likelihood is -8194883.80, converges to 0.0039...
[Info]EM iteration 6: likelihood is -8166923.22, converges to 0.0034...
[Info]EM iteration 7: likelihood is -8142259.28, converges to 0.0030...
[Info]EM iteration 8: likelihood is -8119707.26, converges to 0.0028...
[Info]EM iteration 9: likelihood is -8098741.94, converges to 0.0026...
[Info]EM iteration 10: likelihood is -8079268.34, converges to 0.0024...
[Info]EM iteration 11: likelihood is -8061637.71, converges to 0.0022...
[Info]EM iteration 12: likelihood is -8046005.53, converges to 0.0019...
[Info]EM iteration 13: likelihood is -8032351.25, converges to 0.0017...
[Info]EM iteration 14: likelihood is -8020613.15, converges to 0.0015...
[Info]EM iteration 15: likelihood is -8010399.33, converges to 0.0013...
[Info]EM iteration 16: likelihood is -8001327.99, converges to 0.0011...
[Info]EM iteration 17: likelihood is -7993305.50, converges to 0.0010...
[Info]EM iteration 18: likelihood is -7986100.09, converges to 0.0009...
[Info]EM iteration 19: likelihood is -7979524.17, converges to 0.0008...
[Info]EM iteration 20: likelihood is -7973454.08, converges to 0.0008...
[Info]EM iteration 21: likelihood is -7967751.86, converges to 0.0007...
[Info]EM iteration 22: likelihood is -7962414.94, converges to 0.0007...
[Info]EM iteration 23: likelihood is -7957446.92, converges to 0.0006...
[Info]EM iteration 24: likelihood is -7952802.55, converges to 0.0006...
[Info]EM iteration 25: likelihood is -7948399.77, converges to 0.0006...
[Info]EM iteration 26: likelihood is -7944176.35, converges to 0.0005...
[Info]EM iteration 27: likelihood is -7940102.79, converges to 0.0005...
[Info]EM iteration 28: likelihood is -7936192.39, converges to 0.0005...
[Info]EM iteration 29: likelihood is -7932486.39, converges to 0.0005...
[Info]EM iteration 30: likelihood is -7928925.24, converges to 0.0004...
[Info]Start evaluation in Normal
[Stat]Test set perplexity is 2296.927 and log-likelihood is -415.388
[Info]CTM[k:30]
 Train/Test finished in 2021.01 seconds...
TopWord FilePath:/home/ll5fy/TUIR/dataset/amazon_movie/byUser_70k_review/output/5foldsCVColdstart/4/CTM_topWords_30.txt
Topic 0(0.02264):	comedi(0.04570)	romant(0.02324)	queen(0.01985)	adam(0.01820)	witch(0.01532)	pari(0.01469)	blair(0.01325)	coen(0.01186)	dude(0.01149)	sandler(0.01112)	quirki(0.01077)	project(0.01070)	laugh(0.00930)	brother(0.00918)	humor(0.00890)	diana(0.00749)	owen(0.00747)	royal(0.00676)	drew(0.00662)	cute(0.00613)	amus(0.00579)	public(0.00567)	barrymor(0.00566)	princess(0.00533)	joke(0.00502)	luci(0.00500)	ladi(0.00499)	vinc(0.00478)	prime(0.00453)	mirren(0.00453)	
Topic 1(0.02074):	peter(0.05044)	spiderman(0.04341)	mari(0.02929)	superhero(0.01926)	kong(0.01705)	raimi(0.01505)	jane(0.01165)	amaz(0.01063)	villain(0.00854)	hero(0.00764)	tobey(0.00686)	dunst(0.00620)	uncl(0.00618)	goblin(0.00606)	leatherfac(0.00595)	jack(0.00582)	king(0.00505)	spider(0.00470)	spidey(0.00454)	berg(0.00425)	black(0.00422)	island(0.00409)	aunt(0.00398)	texa(0.00389)	edward(0.00381)	drag(0.00379)	sequenc(0.00377)	save(0.00375)	ricki(0.00364)	jessica(0.00358)	
Topic 2(0.03255):	xmen(0.01437)	alexand(0.01261)	gibson(0.00987)	return(0.00952)	reev(0.00855)	lane(0.00813)	singer(0.00696)	christ(0.00675)	battl(0.00647)	affleck(0.00628)	bryan(0.00620)	epic(0.00617)	brother(0.00604)	histor(0.00584)	spacey(0.00580)	kevin(0.00544)	nazi(0.00509)	histori(0.00498)	brandon(0.00442)	hero(0.00442)	save(0.00420)	roman(0.00418)	luthor(0.00412)	christoph(0.00399)	mayan(0.00390)	wolverin(0.00365)	tribe(0.00355)	jame(0.00352)	sequenc(0.00349)	kent(0.00347)	
Topic 3(0.02551):	bond(0.05922)	jame(0.01447)	rose(0.01398)	robin(0.01221)	hels(0.00983)	conneri(0.00771)	dracula(0.00720)	hood(0.00687)	werewolv(0.00666)	frankenstein(0.00593)	case(0.00501)	black(0.00496)	secret(0.00493)	richard(0.00488)	sean(0.00465)	lawyer(0.00453)	gene(0.00448)	monster(0.00443)	brosnan(0.00440)	jackman(0.00437)	moor(0.00436)	judi(0.00429)	werewolf(0.00425)	king(0.00422)	juri(0.00414)	villain(0.00409)	royal(0.00409)	hackman(0.00395)	client(0.00362)	weisz(0.00359)	
Topic 4(0.06385):	polit(0.01300)	oscar(0.01133)	award(0.00854)	support(0.00779)	crow(0.00763)	public(0.00695)	russel(0.00633)	histori(0.00614)	milk(0.00585)	academi(0.00580)	white(0.00510)	penn(0.00489)	career(0.00476)	brilliant(0.00454)	night(0.00434)	societi(0.00416)	hoffman(0.00414)	sean(0.00400)	moral(0.00395)	truth(0.00390)	cold(0.00384)	insid(0.00379)	braddock(0.00375)	black(0.00374)	william(0.00366)	drama(0.00361)	hollywood(0.00358)	issu(0.00357)	bank(0.00356)	televis(0.00347)	
Topic 5(0.02787):	daughter(0.02324)	matt(0.02298)	damon(0.02156)	bourn(0.01981)	nicholson(0.01588)	ident(0.01331)	intellig(0.01242)	retir(0.00879)	hunt(0.00844)	jack(0.00831)	warren(0.00677)	oper(0.00649)	camera(0.00640)	speech(0.00607)	marri(0.00584)	letter(0.00577)	bate(0.00556)	father(0.00520)	thirti(0.00508)	road(0.00460)	search(0.00436)	thriller(0.00418)	talk(0.00399)	kathi(0.00397)	develop(0.00391)	understand(0.00386)	account(0.00377)	affair(0.00375)	oscar(0.00371)	secret(0.00368)	
Topic 6(0.03315):	violenc(0.03864)	david(0.01486)	alex(0.01348)	violent(0.01312)	kidman(0.01258)	fiction(0.01069)	husband(0.01036)	promis(0.00890)	nicol(0.00889)	graphic(0.00869)	brown(0.00860)	kubrick(0.00818)	russian(0.00799)	park(0.00788)	pulp(0.00782)	anna(0.00730)	histori(0.00704)	rape(0.00547)	brilliant(0.00539)	moor(0.00523)	dumb(0.00517)	felt(0.00474)	natur(0.00473)	theme(0.00469)	understand(0.00465)	watt(0.00448)	brutal(0.00439)	diari(0.00403)	tattoo(0.00374)	bodi(0.00374)	
Topic 7(0.02461):	ring(0.02701)	frank(0.02662)	lord(0.01721)	depp(0.01508)	race(0.01417)	king(0.01168)	todd(0.01105)	hors(0.01017)	magic(0.01016)	wood(0.00931)	johnni(0.00870)	return(0.00844)	sweeney(0.00744)	christoph(0.00697)	trick(0.00654)	peter(0.00653)	magician(0.00626)	mummi(0.00572)	ryan(0.00467)	judg(0.00458)	sleepi(0.00431)	brilliant(0.00422)	jackman(0.00421)	carter(0.00418)	reveng(0.00411)	walken(0.00403)	amaz(0.00394)	whale(0.00394)	illusionist(0.00387)	robinson(0.00372)	
Topic 8(0.04467):	earth(0.02388)	planet(0.01834)	ship(0.01657)	trek(0.01650)	crew(0.01156)	villag(0.01061)	shyamalan(0.00801)	hulk(0.00756)	technolog(0.00700)	fiction(0.00651)	visual(0.00641)	scientist(0.00610)	destroy(0.00580)	creatur(0.00576)	cameron(0.00555)	kirk(0.00548)	titan(0.00544)	jame(0.00521)	save(0.00497)	avatar(0.00457)	mission(0.00433)	captain(0.00396)	night(0.00394)	race(0.00389)	water(0.00383)	khan(0.00375)	sign(0.00336)	spaceship(0.00328)	futur(0.00326)	sequenc(0.00319)	
Topic 9(0.03896):	michael(0.03570)	halloween(0.02229)	comedi(0.02088)	laugh(0.01259)	hilari(0.01256)	myer(0.01078)	father(0.00992)	william(0.00891)	sister(0.00886)	dracula(0.00812)	keaton(0.00780)	lauri(0.00711)	colleg(0.00709)	jeff(0.00704)	student(0.00664)	anni(0.00621)	mother(0.00584)	night(0.00562)	kevin(0.00552)	mask(0.00546)	teenag(0.00444)	knock(0.00435)	jami(0.00414)	monro(0.00389)	return(0.00388)	tron(0.00372)	billi(0.00369)	joke(0.00363)	virgin(0.00363)	lisa(0.00352)	
Topic 10(0.01944):	potter(0.02537)	jone(0.02323)	ford(0.02035)	indiana(0.01803)	indi(0.01344)	harrison(0.01197)	kinsey(0.01051)	magic(0.01013)	raider(0.00897)	emma(0.00747)	order(0.00687)	hogwart(0.00664)	professor(0.00616)	fire(0.00577)	fienn(0.00515)	goblet(0.00515)	prison(0.00502)	voldemort(0.00495)	beowulf(0.00483)	lost(0.00462)	black(0.00460)	templ(0.00454)	thompson(0.00433)	hermion(0.00419)	azkaban(0.00419)	ralph(0.00405)	phoenix(0.00395)	wizard(0.00386)	farrel(0.00382)	return(0.00382)	
Topic 11(0.01914):	transform(0.04270)	robot(0.03370)	tale(0.01949)	wall(0.01446)	model(0.00988)	toro(0.00937)	driver(0.00862)	giant(0.00848)	captain(0.00837)	ofelia(0.00811)	michael(0.00801)	imagin(0.00769)	magic(0.00749)	prime(0.00662)	earth(0.00648)	travi(0.00600)	male(0.00587)	theron(0.00556)	mother(0.00536)	voic(0.00520)	evil(0.00512)	taxi(0.00493)	battl(0.00491)	task(0.00490)	shia(0.00471)	zooland(0.00467)	visual(0.00455)	decepticon(0.00442)	blah(0.00438)	sequenc(0.00430)	
Topic 12(0.16162):	dead(0.01683)	hous(0.01276)	night(0.01057)	remak(0.00946)	flick(0.00938)	blood(0.00847)	gore(0.00738)	evil(0.00732)	town(0.00661)	genr(0.00600)	bore(0.00495)	stupid(0.00476)	twist(0.00465)	killer(0.00445)	half(0.00431)	suspens(0.00426)	money(0.00422)	shot(0.00412)	hell(0.00411)	ghost(0.00406)	cool(0.00397)	serious(0.00397)	humor(0.00392)	laugh(0.00371)	total(0.00368)	pitt(0.00358)	basic(0.00356)	georg(0.00343)	hate(0.00341)	pick(0.00340)	
Topic 13(0.01907):	willi(0.03487)	charli(0.02138)	hitler(0.02104)	chocol(0.01323)	david(0.01281)	maria(0.01100)	warm(0.00955)	golden(0.00942)	depp(0.00922)	match(0.00607)	johnni(0.00597)	scarlett(0.00589)	germani(0.00547)	juli(0.00495)	walt(0.00481)	cole(0.00458)	downfal(0.00450)	song(0.00423)	monkey(0.00409)	rebecca(0.00403)	bunker(0.00389)	mother(0.00378)	vicki(0.00376)	dahl(0.00350)	father(0.00349)	visual(0.00344)	town(0.00331)	flower(0.00330)	understand(0.00326)	berlin(0.00318)	
Topic 14(0.02090):	jack(0.04106)	pirat(0.02473)	cage(0.02274)	treasur(0.01959)	mile(0.01298)	depp(0.01139)	captain(0.01124)	black(0.00923)	troy(0.00916)	bloom(0.00907)	gate(0.00886)	wine(0.00831)	davi(0.00803)	johnni(0.00706)	ship(0.00702)	sparrow(0.00698)	caribbean(0.00696)	clue(0.00642)	king(0.00639)	jone(0.00592)	holli(0.00544)	africa(0.00527)	dead(0.00522)	orlando(0.00516)	third(0.00499)	knight(0.00499)	secret(0.00497)	crew(0.00490)	giamatti(0.00475)	curs(0.00443)	
Topic 15(0.01725):	hank(0.03507)	moon(0.01784)	trap(0.01625)	mission(0.01623)	game(0.01542)	situat(0.01169)	jigsaw(0.01155)	victim(0.00971)	crew(0.00907)	ferri(0.00862)	bell(0.00820)	jone(0.00769)	walter(0.00707)	control(0.00685)	rockwel(0.00652)	wive(0.00610)	routin(0.00599)	kitti(0.00546)	rescu(0.00541)	clue(0.00521)	gump(0.00517)	solv(0.00470)	twist(0.00460)	order(0.00452)	board(0.00446)	chines(0.00434)	forgiv(0.00422)	fear(0.00420)	appreci(0.00411)	kidnap(0.00394)	
Topic 16(0.02522):	bruce(0.03696)	citi(0.01720)	wayn(0.01597)	knight(0.01364)	bale(0.01033)	morgan(0.01007)	christian(0.00963)	carrey(0.00949)	mountain(0.00940)	villain(0.00876)	gotham(0.00807)	west(0.00713)	kati(0.00699)	holm(0.00696)	michael(0.00694)	neeson(0.00690)	train(0.00687)	cold(0.00673)	hero(0.00653)	cain(0.00645)	christoph(0.00631)	return(0.00625)	maggi(0.00589)	superhero(0.00581)	evan(0.00571)	father(0.00551)	tommi(0.00529)	liam(0.00527)	leon(0.00521)	fear(0.00489)	
Topic 17(0.03781):	drug(0.02364)	mother(0.01167)	brother(0.01009)	cash(0.00952)	babi(0.00817)	father(0.00781)	carter(0.00742)	polic(0.00731)	johnni(0.00692)	neighbor(0.00672)	oscar(0.00642)	citi(0.00608)	boyl(0.00596)	daughter(0.00583)	jess(0.00583)	rosemari(0.00555)	addict(0.00552)	grow(0.00545)	millionair(0.00502)	rock(0.00500)	countri(0.00494)	drama(0.00485)	husband(0.00480)	money(0.00480)	erin(0.00467)	deal(0.00464)	walk(0.00420)	june(0.00420)	amaz(0.00398)	hitchcock(0.00394)	
Topic 18(0.02082):	thriller(0.03230)	doctor(0.01805)	hurt(0.01701)	rang(0.01679)	costner(0.01434)	phone(0.01347)	brook(0.01334)	boss(0.01245)	kevin(0.01047)	joli(0.00962)	fine(0.00851)	danc(0.00826)	amin(0.00810)	salt(0.00785)	sort(0.00770)	bird(0.00733)	nichola(0.00711)	duval(0.00696)	genr(0.00684)	forest(0.00684)	twist(0.00651)	pace(0.00635)	side(0.00631)	whitak(0.00604)	dictat(0.00575)	proof(0.00570)	wait(0.00550)	town(0.00550)	farrel(0.00547)	wolv(0.00533)	
Topic 19(0.04301):	anim(0.04313)	song(0.01872)	episod(0.01660)	voic(0.01501)	sing(0.00992)	luca(0.00953)	phantom(0.00822)	king(0.00717)	pixar(0.00698)	white(0.00694)	hero(0.00586)	battl(0.00572)	jedi(0.00565)	snow(0.00544)	princess(0.00533)	visual(0.00521)	luke(0.00512)	opera(0.00496)	georg(0.00467)	return(0.00459)	tale(0.00456)	danc(0.00451)	princ(0.00447)	magic(0.00435)	favorit(0.00433)	darth(0.00417)	evil(0.00416)	queen(0.00416)	side(0.00400)	amaz(0.00368)	
Topic 20(0.03882):	quot(0.04739)	monster(0.03072)	creatur(0.01646)	king(0.01117)	camera(0.01117)	quotth(0.01103)	fear(0.01085)	dragon(0.01046)	killer(0.01029)	silenc(0.00926)	donni(0.00720)	water(0.00705)	lamb(0.00671)	cave(0.00653)	frank(0.00643)	thriller(0.00630)	barri(0.00553)	suspens(0.00537)	mist(0.00531)	thoma(0.00505)	strang(0.00491)	jodi(0.00447)	room(0.00434)	graham(0.00396)	mile(0.00376)	convinc(0.00375)	type(0.00367)	piec(0.00354)	attack(0.00353)	nois(0.00348)	
Topic 21(0.01718):	kate(0.01737)	visual(0.01644)	joel(0.01560)	fish(0.01521)	mark(0.01490)	sunshin(0.01338)	winslet(0.01319)	forget(0.01249)	carrey(0.01185)	confus(0.01099)	decid(0.00944)	eras(0.00920)	hero(0.00898)	clementin(0.00839)	process(0.00797)	pain(0.00621)	save(0.00566)	lose(0.00562)	premis(0.00539)	watchmen(0.00529)	understand(0.00523)	terrif(0.00516)	talent(0.00504)	brain(0.00486)	twist(0.00481)	deliv(0.00477)	issu(0.00463)	sort(0.00463)	procedur(0.00455)	hollywood(0.00430)	
Topic 22(0.02154):	bill(0.04417)	lost(0.04023)	translat(0.01547)	cultur(0.01402)	paint(0.01109)	husband(0.00868)	danc(0.00804)	romanc(0.00776)	coppola(0.00757)	simpli(0.00726)	charlott(0.00710)	japanes(0.00659)	diaz(0.00656)	tokyo(0.00639)	theori(0.00589)	understand(0.00567)	code(0.00565)	volum(0.00564)	thurman(0.00485)	matur(0.00482)	lone(0.00478)	commerci(0.00478)	photograph(0.00473)	traci(0.00452)	touch(0.00452)	scarlett(0.00444)	collin(0.00430)	affair(0.00424)	sexi(0.00405)	hotel(0.00398)	
Topic 23(0.01693):	hitchcock(0.01861)	truth(0.01148)	father(0.00982)	author(0.00923)	wise(0.00881)	tale(0.00753)	vertigo(0.00725)	klaatu(0.00719)	pride(0.00712)	jude(0.00654)	tall(0.00629)	natur(0.00562)	prejudic(0.00537)	robert(0.00530)	mother(0.00519)	sister(0.00517)	brilliant(0.00514)	jane(0.00495)	today(0.00463)	daughter(0.00458)	danc(0.00449)	drama(0.00438)	full(0.00428)	understand(0.00427)	gray(0.00424)	eleg(0.00421)	alfr(0.00419)	judi(0.00416)	rich(0.00412)	peac(0.00403)	
Topic 24(0.03798):	soldier(0.02258)	battl(0.01768)	matrix(0.01529)	presid(0.01435)	militari(0.00917)	japanes(0.00853)	save(0.00817)	armi(0.00752)	general(0.00729)	govern(0.00719)	georg(0.00645)	vietnam(0.00638)	privat(0.00621)	bush(0.00597)	unit(0.00585)	attack(0.00577)	countri(0.00561)	kane(0.00516)	ryan(0.00496)	polit(0.00481)	order(0.00466)	futur(0.00463)	revolut(0.00452)	train(0.00446)	mission(0.00440)	combat(0.00433)	citi(0.00422)	sequenc(0.00416)	side(0.00402)	hugo(0.00398)	
Topic 25(0.02128):	termin(0.03048)	rocki(0.02179)	futur(0.01621)	foxx(0.01253)	food(0.01213)	13th(0.01170)	cameron(0.01101)	jami(0.00777)	camp(0.00767)	connor(0.00765)	district(0.00734)	rick(0.00695)	schwarzenegg(0.00695)	lake(0.00657)	system(0.00562)	game(0.00545)	bodi(0.00538)	fast(0.00529)	judgment(0.00521)	jame(0.00507)	nick(0.00478)	crystal(0.00456)	reveng(0.00443)	casablanca(0.00416)	killer(0.00407)	rambo(0.00404)	mcdonald(0.00400)	return(0.00389)	collater(0.00367)	creeper(0.00366)	
Topic 26(0.05659):	edit(0.03220)	commentari(0.02678)	disc(0.02124)	audio(0.01862)	video(0.01552)	documentari(0.01418)	digit(0.01346)	qualiti(0.01247)	delet(0.01234)	featurett(0.01224)	blade(0.01207)	transfer(0.01202)	theatric(0.01138)	predat(0.01035)	interview(0.00942)	track(0.00920)	product(0.00868)	footag(0.00725)	bonus(0.00724)	andi(0.00688)	collect(0.00620)	penguin(0.00580)	produc(0.00544)	shot(0.00541)	talk(0.00518)	black(0.00482)	spanish(0.00466)	visual(0.00461)	kbps(0.00458)	amaz(0.00457)	
Topic 27(0.03559):	iron(0.02509)	robert(0.02416)	toni(0.01597)	plane(0.01365)	washington(0.01082)	ferrel(0.00910)	unit(0.00807)	flight(0.00774)	downey(0.00712)	aveng(0.00708)	scorses(0.00685)	hotel(0.00666)	stiller(0.00645)	niro(0.00637)	hugh(0.00637)	terrorist(0.00617)	jack(0.00585)	cheadl(0.00569)	hero(0.00490)	suit(0.00477)	thor(0.00473)	paul(0.00466)	mickey(0.00464)	york(0.00447)	comedi(0.00436)	humor(0.00421)	control(0.00416)	news(0.00405)	save(0.00381)	greg(0.00381)	
Topic 28(0.01970):	dream(0.05513)	island(0.02230)	godfath(0.01628)	dicaprio(0.01017)	michael(0.00899)	season(0.00792)	brilliant(0.00771)	hudson(0.00664)	partner(0.00581)	patient(0.00575)	teddi(0.00569)	insan(0.00553)	busi(0.00548)	leonardo(0.00543)	robert(0.00539)	talent(0.00530)	imagin(0.00526)	cinematographi(0.00511)	thriller(0.00505)	mark(0.00490)	jame(0.00469)	visual(0.00456)	number(0.00445)	lost(0.00439)	coppola(0.00437)	amaz(0.00429)	christoph(0.00418)	favorit(0.00418)	suspens(0.00408)	award(0.00399)	
Topic 29(0.01555):	bore(0.01498)	serious(0.01206)	amaz(0.01094)	twist(0.01027)	touch(0.00986)	favorit(0.00955)	understand(0.00918)	glad(0.00870)	flat(0.00851)	impress(0.00843)	easi(0.00834)	thriller(0.00800)	hollywood(0.00796)	type(0.00791)	total(0.00787)	figur(0.00787)	case(0.00752)	humor(0.00737)	rest(0.00732)	matter(0.00712)	simpli(0.00704)	piec(0.00699)	basic(0.00695)	wast(0.00681)	talk(0.00671)	lack(0.00661)	intrigu(0.00653)	cinematographi(0.00650)	rate(0.00647)	attent(0.00641)	

Part 0 -----------------Valid folds: 5
[Stat]Loglikelihood -397.277+/-16.350
[Stat]Perplexity 2345.480+/-60.747
