Load 7680 1-gram new features from /zf18/ll5fy/lab/dataset/amazon_movie/amazon_movie_features.txt...
841 users are loaded from /zf18/ll5fy/lab/dataset/amazon_movie/byUser_70k_review/data/...
Info File Path: /zf18/ll5fy/lab/dataset/amazon_movie/byUser_70k_review/output/5foldsCVColdstart/LDA_User_info.txt
[Info]Start FIXED cross validation...
235 users are loaded from /zf18/ll5fy/lab/dataset/amazon_movie/byUser_70k_review/5foldsCVColdstart/0/...
237 users are loaded from /zf18/ll5fy/lab/dataset/amazon_movie/byUser_70k_review/5foldsCVColdstart/1/...
248 users are loaded from /zf18/ll5fy/lab/dataset/amazon_movie/byUser_70k_review/5foldsCVColdstart/2/...
251 users are loaded from /zf18/ll5fy/lab/dataset/amazon_movie/byUser_70k_review/5foldsCVColdstart/3/...
240 users are loaded from /zf18/ll5fy/lab/dataset/amazon_movie/byUser_70k_review/5foldsCVColdstart/4/...
====================
[Info]Fold No. 0: 
[Info]Analzying corpus: 
...........-- Global corpus: vocabulary size: 7680, review size: 26309, item size: 838, user size: 835
train size = 20962, test size = 5347....
[Info]Analying bipartie graph: 
-- train graph: review size: 20962, item size: 753, user size: 744
[Info]EM Starting multithread LDA_Focus[k:20, alpha:1.01, beta:1.00, Variational]...
==============
[Info]Likelihood -7332819.65993 at step 0 converge to 1.0000000000...
==============
[Info]Likelihood -7331022.72832 at step 1 converge to 0.0002450533...
==============
[Info]Likelihood -7329156.59893 at step 2 converge to 0.0002545524...
==============
[Info]Likelihood -7326746.81772 at step 3 converge to 0.0003287938...
==============
[Info]Likelihood -7320100.44107 at step 4 converge to 0.0009071388...
==============
[Info]Likelihood -7297606.20952 at step 5 converge to 0.0030729403...
==============
[Info]Likelihood -7257425.44950 at step 6 converge to 0.0055060192...
==============
[Info]Likelihood -7196668.26256 at step 7 converge to 0.0083717273...
==============
[Info]Likelihood -7114922.61330 at step 8 converge to 0.0113588186...
==============
[Info]Likelihood -7030849.92912 at step 9 converge to 0.0118163877...
==============
[Info]Likelihood -6960569.03621 at step 10 converge to 0.0099960735...
==============
[Info]Likelihood -6907726.05187 at step 11 converge to 0.0075917621...
==============
[Info]Likelihood -6868419.54830 at step 12 converge to 0.0056902233...
==============
[Info]Likelihood -6838232.49493 at step 13 converge to 0.0043950509...
==============
[Info]Likelihood -6814143.12448 at step 14 converge to 0.0035227481...
==============
[Info]Likelihood -6794351.78460 at step 15 converge to 0.0029044503...
==============
[Info]Likelihood -6777695.57154 at step 16 converge to 0.0024514793...
==============
[Info]Likelihood -6763413.72425 at step 17 converge to 0.0021071834...
==============
[Info]Likelihood -6750974.32108 at step 18 converge to 0.0018392196...
==============
[Info]Likelihood -6739961.82422 at step 19 converge to 0.0016312456...
==============
[Info]Likelihood -6730041.91057 at step 20 converge to 0.0014718056...
==============
[Info]Likelihood -6721005.76975 at step 21 converge to 0.0013426574...
==============
[Info]Likelihood -6712726.54041 at step 22 converge to 0.0012318438...
==============
[Info]Likelihood -6705136.58889 at step 23 converge to 0.0011306809...
==============
[Info]Likelihood -6698121.31708 at step 24 converge to 0.0010462534...
==============
[Info]Likelihood -6691500.71353 at step 25 converge to 0.0009884269...
==============
[Info]Likelihood -6685349.01768 at step 26 converge to 0.0009193298...
==============
[Info]Likelihood -6679721.94891 at step 27 converge to 0.0008417016...
==============
[Info]Likelihood -6674519.42707 at step 28 converge to 0.0007788531...
==============
[Info]Likelihood -6669632.70923 at step 29 converge to 0.0007321453...
==============
[Info]Likelihood -6665073.73565 at step 30 converge to 0.0006835419...
==============
[Info]Likelihood -6660889.25623 at step 31 converge to 0.0006278219...
==============
[Info]Likelihood -6657024.41754 at step 32 converge to 0.0005802286...
==============
[Info]Likelihood -6653396.67311 at step 33 converge to 0.0005449498...
==============
[Info]Likelihood -6649957.83764 at step 34 converge to 0.0005168541...
==============
[Info]Likelihood -6646756.96991 at step 35 converge to 0.0004813365...
==============
[Info]Likelihood -6643760.00159 at step 36 converge to 0.0004508918...
==============
[Info]Likelihood -6640923.59208 at step 37 converge to 0.0004269284...
==============
[Info]Likelihood -6638206.54930 at step 38 converge to 0.0004091363...
==============
[Info]Likelihood -6635582.74510 at step 39 converge to 0.0003952580...
==============
[Info]Likelihood -6633061.85795 at step 40 converge to 0.0003799044...
==============
[Info]Likelihood -6630670.10955 at step 41 converge to 0.0003605798...
==============
[Info]Likelihood -6628399.03258 at step 42 converge to 0.0003425109...
==============
[Info]Likelihood -6626230.48831 at step 43 converge to 0.0003271596...
==============
[Info]Likelihood -6624153.35867 at step 44 converge to 0.0003134708...
==============
[Info]Likelihood -6622165.03897 at step 45 converge to 0.0003001621...
==============
[Info]Likelihood -6620263.25646 at step 46 converge to 0.0002871844...
==============
[Info]Likelihood -6618435.11108 at step 47 converge to 0.0002761439...
==============
[Info]Likelihood -6616668.61592 at step 48 converge to 0.0002669053...
==============
[Info]Likelihood -6614981.24749 at step 49 converge to 0.0002550178...
[Info]Likelihood -6614981.247 after step 50 converge to 0.000255 after 519 seconds...
[Info]Analying bipartie graph: 
-- test graph: review size: 5347, item size: 258, user size: 235
[Info]Start evaluation in thread
[Stat]Test evaluation finished: 5347 docs
[Stat]0 part has 703.000000 docs: perplexity is 1913.973 and log-likelihood is -386.790
[Stat]1 part has 1467.000000 docs: perplexity is 1856.278 and log-likelihood is -412.091
[Stat]2 part has 1059.000000 docs: perplexity is 1661.489 and log-likelihood is -371.089
[Stat]3 part has 2118.000000 docs: perplexity is 1593.252 and log-likelihood is -400.576
[Stat]4 part has 5347.000000 docs: perplexity is 1715.938 and log-likelihood is -396.083
[Info]multithread LDA_Focus[k:20, alpha:1.01, beta:1.00, Variational] Train/Test finished in 521.73 seconds...
TopWord FilePath:/zf18/ll5fy/lab/dataset/amazon_movie/byUser_70k_review/output/5foldsCVColdstart/0/LDA_User_topWords_20.txt
Topic 0(0.05045):	battl(0.02915)	king(0.02314)	histori(0.02226)	soldier(0.01535)	govern(0.01390)	unit(0.01379)	polit(0.01331)	epic(0.01318)	militari(0.01294)	histor(0.01252)	presid(0.01154)	armi(0.01109)	attack(0.01085)	alexand(0.00979)	terrorist(0.00784)	save(0.00749)	general(0.00716)	bomb(0.00710)	control(0.00651)	vietnam(0.00559)	privat(0.00530)	miller(0.00529)	order(0.00526)	gibson(0.00480)	countri(0.00473)	invas(0.00468)	japanes(0.00460)	conflict(0.00454)	roman(0.00451)	captur(0.00445)	
Topic 1(0.04550):	earth(0.03299)	monster(0.02583)	planet(0.02350)	ship(0.02304)	crew(0.02233)	race(0.02221)	robot(0.01817)	creatur(0.01643)	trek(0.01566)	destroy(0.01426)	blade(0.01393)	mission(0.01297)	transform(0.01137)	captain(0.01078)	dracula(0.00915)	fiction(0.00790)	giant(0.00772)	save(0.00701)	rescu(0.00680)	bobbi(0.00629)	contact(0.00626)	scientist(0.00622)	kirk(0.00561)	team(0.00547)	hors(0.00516)	land(0.00485)	attack(0.00458)	return(0.00450)	mummi(0.00424)	order(0.00422)	
Topic 2(0.05532):	thriller(0.02890)	citi(0.02522)	camera(0.01934)	suspens(0.01652)	polic(0.01534)	drug(0.01510)	total(0.01402)	street(0.01071)	drive(0.00916)	phone(0.00861)	recal(0.00808)	intens(0.00797)	affleck(0.00712)	brain(0.00711)	drama(0.00683)	driver(0.00669)	joel(0.00641)	foxx(0.00636)	york(0.00633)	shot(0.00629)	confus(0.00620)	ride(0.00619)	seat(0.00603)	lose(0.00591)	farrel(0.00586)	insid(0.00569)	told(0.00540)	kate(0.00533)	twist(0.00521)	jodi(0.00513)	
Topic 3(0.04068):	side(0.02890)	georg(0.02561)	episod(0.02407)	case(0.02340)	free(0.01687)	wait(0.01649)	reveng(0.01479)	strike(0.01307)	luca(0.01285)	pick(0.01260)	system(0.01105)	attack(0.01038)	menac(0.00948)	season(0.00909)	texa(0.00898)	luke(0.00876)	possess(0.00850)	demon(0.00760)	rose(0.00702)	massacr(0.00662)	chainsaw(0.00657)	lawyer(0.00644)	phantom(0.00626)	jedi(0.00612)	continu(0.00611)	saga(0.00600)	kinsey(0.00596)	doctor(0.00583)	evil(0.00569)	battl(0.00568)	
Topic 4(0.03619):	bond(0.06433)	jame(0.04668)	secret(0.03623)	ryan(0.01573)	russian(0.01220)	royal(0.01214)	plan(0.01163)	bourn(0.01082)	hunt(0.01050)	casino(0.01024)	queen(0.00937)	sexi(0.00911)	hitchcock(0.00851)	conneri(0.00815)	daniel(0.00777)	gold(0.00737)	hall(0.00711)	barri(0.00688)	sean(0.00687)	robert(0.00633)	sequenc(0.00592)	titl(0.00557)	brosnan(0.00555)	soviet(0.00547)	pierc(0.00536)	berri(0.00505)	boat(0.00475)	villain(0.00463)	cold(0.00445)	judi(0.00433)	
Topic 5(0.04983):	michael(0.04867)	hous(0.04335)	remak(0.03144)	night(0.02082)	town(0.01984)	room(0.01941)	game(0.01890)	halloween(0.01730)	evil(0.01465)	ghost(0.01413)	strang(0.01316)	door(0.01236)	atmospher(0.01168)	teenag(0.01151)	hill(0.01064)	teen(0.01012)	myer(0.00988)	jami(0.00846)	mask(0.00733)	silent(0.00727)	resid(0.00676)	sudden(0.00623)	lauri(0.00577)	stay(0.00568)	suspens(0.00496)	eeri(0.00495)	terror(0.00493)	camp(0.00485)	visit(0.00485)	13th(0.00481)	
Topic 6(0.04314):	hero(0.04365)	peter(0.03265)	villain(0.02696)	spiderman(0.02006)	superhero(0.01823)	iron(0.01701)	amaz(0.01674)	mari(0.01604)	drag(0.01311)	hulk(0.01264)	evil(0.01253)	general(0.01144)	jane(0.00870)	suit(0.00758)	captain(0.00722)	aveng(0.00699)	hitler(0.00693)	raimi(0.00678)	nazi(0.00583)	garner(0.00552)	maria(0.00546)	favorit(0.00539)	juli(0.00504)	save(0.00487)	hell(0.00470)	ross(0.00463)	bruce(0.00457)	mark(0.00454)	toni(0.00449)	opinion(0.00417)	
Topic 7(0.05036):	song(0.02411)	walk(0.02270)	money(0.02002)	rent(0.01570)	wood(0.01563)	villag(0.01458)	night(0.01397)	sing(0.01370)	fire(0.01337)	water(0.01328)	prison(0.01200)	sign(0.01187)	agre(0.01125)	carter(0.00918)	danc(0.00878)	wast(0.00863)	ladi(0.00848)	cash(0.00778)	talent(0.00775)	shyamalan(0.00760)	talk(0.00735)	knew(0.00721)	blind(0.00714)	full(0.00647)	rocki(0.00637)	glad(0.00632)	earli(0.00618)	road(0.00617)	figur(0.00611)	phoenix(0.00600)	
Topic 8(0.04424):	father(0.04686)	mother(0.03533)	daughter(0.03116)	david(0.02601)	return(0.01906)	kevin(0.01568)	husband(0.01433)	promis(0.01399)	babi(0.01287)	richard(0.00990)	sister(0.00977)	andi(0.00948)	alex(0.00947)	older(0.00912)	streep(0.00897)	marri(0.00871)	reev(0.00743)	anna(0.00731)	born(0.00711)	doubt(0.00709)	spacey(0.00672)	lane(0.00643)	assist(0.00634)	singer(0.00623)	devil(0.00594)	meryl(0.00575)	wear(0.00573)	knock(0.00554)	letter(0.00539)	kate(0.00538)	
Topic 9(0.05106):	black(0.03395)	white(0.02010)	countri(0.01952)	issu(0.01607)	moor(0.01412)	hank(0.01364)	polit(0.00990)	news(0.00979)	hotel(0.00884)	brother(0.00884)	adam(0.00824)	situat(0.00788)	cultur(0.00749)	food(0.00743)	milk(0.00726)	support(0.00709)	ignor(0.00673)	penn(0.00669)	manag(0.00657)	sell(0.00605)	trip(0.00595)	student(0.00570)	public(0.00538)	sandler(0.00516)	deal(0.00504)	easi(0.00504)	societi(0.00496)	sean(0.00493)	fear(0.00483)	luck(0.00483)	
Topic 10(0.03840):	quot(0.04934)	jone(0.03069)	rock(0.01904)	ford(0.01390)	clue(0.01325)	indiana(0.01261)	cage(0.01219)	lost(0.01205)	quotth(0.01190)	treasur(0.01177)	independ(0.01098)	silenc(0.00898)	harrison(0.00831)	indi(0.00821)	theatr(0.00752)	band(0.00750)	killer(0.00737)	neighbor(0.00737)	televis(0.00728)	todd(0.00725)	tommi(0.00707)	raider(0.00673)	histori(0.00636)	simpson(0.00628)	hunter(0.00589)	thoma(0.00585)	kidnap(0.00579)	lamb(0.00561)	nichola(0.00552)	code(0.00540)	
Topic 11(0.06736):	pace(0.02115)	felt(0.02025)	lack(0.01955)	simpli(0.01738)	team(0.01616)	slow(0.01602)	fair(0.01447)	flaw(0.01253)	genr(0.01183)	fiction(0.01179)	weak(0.01139)	kidman(0.01099)	shot(0.01092)	half(0.01023)	predat(0.00920)	hollywood(0.00902)	develop(0.00899)	pitt(0.00853)	impress(0.00851)	manag(0.00846)	brad(0.00738)	nicol(0.00733)	typic(0.00694)	fail(0.00665)	major(0.00660)	consid(0.00639)	averag(0.00637)	kubrick(0.00616)	compar(0.00610)	rest(0.00596)	
Topic 12(0.03964):	depp(0.02286)	william(0.02046)	willi(0.01854)	charli(0.01534)	johnni(0.01378)	edward(0.01335)	pirat(0.01308)	plane(0.01290)	hoffman(0.01177)	mountain(0.01095)	robin(0.01071)	cold(0.01058)	billi(0.00996)	flight(0.00977)	washington(0.00944)	davi(0.00804)	addict(0.00768)	romanc(0.00736)	bank(0.00728)	toni(0.00672)	chocol(0.00661)	robert(0.00586)	support(0.00562)	brown(0.00557)	larri(0.00557)	hood(0.00555)	holli(0.00539)	pearl(0.00523)	alcohol(0.00511)	michell(0.00502)	
Topic 13(0.07136):	dead(0.03651)	flick(0.02694)	violenc(0.02641)	bore(0.02232)	blood(0.02104)	twist(0.01997)	gore(0.01616)	killer(0.01497)	stupid(0.01258)	rate(0.01206)	hate(0.01181)	horribl(0.01108)	cool(0.00933)	genr(0.00879)	wors(0.00874)	graphic(0.00867)	violent(0.00839)	victim(0.00828)	talk(0.00799)	weird(0.00768)	night(0.00750)	mess(0.00749)	brother(0.00738)	tension(0.00713)	half(0.00697)	type(0.00686)	brook(0.00669)	hype(0.00660)	hell(0.00595)	jump(0.00584)	
Topic 14(0.05259):	comedi(0.05256)	laugh(0.03694)	jack(0.03562)	humor(0.03521)	bill(0.02257)	bruce(0.02214)	hilari(0.02181)	joke(0.01647)	romant(0.01645)	serious(0.01376)	nicholson(0.01252)	christian(0.01130)	bale(0.01058)	mile(0.01003)	knight(0.00984)	stiller(0.00926)	owen(0.00922)	wayn(0.00876)	christoph(0.00802)	ferrel(0.00795)	dumb(0.00781)	morgan(0.00716)	citi(0.00657)	amus(0.00652)	carrey(0.00642)	favorit(0.00627)	keaton(0.00577)	romanc(0.00574)	quirki(0.00567)	cain(0.00554)	
Topic 15(0.04757):	oscar(0.03959)	brilliant(0.03162)	award(0.02166)	frank(0.01788)	robert(0.01690)	potter(0.01579)	support(0.01385)	academi(0.01367)	matt(0.01177)	train(0.01052)	gang(0.01041)	crow(0.01014)	dollar(0.00995)	cinematographi(0.00907)	daniel(0.00866)	scorses(0.00860)	dicaprio(0.00841)	maggi(0.00827)	russel(0.00808)	career(0.00745)	damon(0.00688)	outstand(0.00633)	hugh(0.00617)	hollywood(0.00596)	emma(0.00564)	niro(0.00560)	kane(0.00553)	donni(0.00540)	jake(0.00538)	godfath(0.00537)	
Topic 16(0.04761):	anim(0.04075)	tale(0.03011)	voic(0.02826)	magic(0.01897)	ring(0.01862)	matrix(0.01625)	lord(0.01545)	witch(0.00984)	princ(0.00950)	king(0.00938)	amaz(0.00938)	brother(0.00919)	dragon(0.00910)	pixar(0.00867)	evil(0.00782)	penguin(0.00721)	luci(0.00697)	wall(0.00681)	fish(0.00669)	imagin(0.00668)	bird(0.00634)	golden(0.00582)	princess(0.00578)	nemo(0.00547)	toro(0.00528)	return(0.00526)	bear(0.00520)	wizard(0.00513)	comput(0.00496)	talk(0.00493)	
Topic 17(0.05041):	visual(0.03855)	futur(0.03056)	sequenc(0.02355)	island(0.01348)	xmen(0.01302)	park(0.01215)	technolog(0.01199)	termin(0.01186)	cameron(0.01129)	third(0.00868)	kong(0.00843)	rise(0.00812)	stun(0.00793)	basic(0.00778)	save(0.00772)	budget(0.00758)	develop(0.00705)	comput(0.00702)	impress(0.00695)	titan(0.00632)	cure(0.00600)	amaz(0.00566)	district(0.00564)	concept(0.00513)	popcorn(0.00506)	jackman(0.00505)	hugh(0.00502)	major(0.00501)	mine(0.00496)	cool(0.00484)	
Topic 18(0.06830):	dream(0.01617)	natur(0.01605)	lost(0.01237)	theme(0.00924)	understand(0.00858)	rich(0.00799)	fascin(0.00703)	imagin(0.00657)	situat(0.00630)	pari(0.00594)	desir(0.00572)	vision(0.00562)	societi(0.00555)	soul(0.00549)	touch(0.00548)	suffer(0.00534)	physic(0.00534)	filmmak(0.00518)	difficult(0.00515)	deep(0.00508)	captur(0.00507)	fulli(0.00507)	express(0.00504)	translat(0.00503)	connect(0.00499)	convey(0.00471)	cinemat(0.00469)	warm(0.00462)	truth(0.00455)	appreci(0.00445)	
Topic 19(0.05000):	edit(0.04914)	commentari(0.03313)	qualiti(0.03303)	video(0.03079)	audio(0.02629)	product(0.02623)	disc(0.02335)	documentari(0.02160)	digit(0.02029)	interview(0.01774)	theatric(0.01692)	track(0.01658)	delet(0.01524)	featurett(0.01512)	collect(0.01424)	soundtrack(0.01386)	transfer(0.01352)	rate(0.01255)	produc(0.01118)	kbps(0.01074)	footag(0.01016)	size(0.01002)	copi(0.00973)	spanish(0.00968)	standard(0.00966)	subtitl(0.00886)	bonus(0.00860)	materi(0.00783)	shot(0.00757)	purchas(0.00741)	
237 users are loaded from /zf18/ll5fy/lab/dataset/amazon_movie/byUser_70k_review/5foldsCVColdstart/1/...
235 users are loaded from /zf18/ll5fy/lab/dataset/amazon_movie/byUser_70k_review/5foldsCVColdstart/0/...
248 users are loaded from /zf18/ll5fy/lab/dataset/amazon_movie/byUser_70k_review/5foldsCVColdstart/2/...
251 users are loaded from /zf18/ll5fy/lab/dataset/amazon_movie/byUser_70k_review/5foldsCVColdstart/3/...
240 users are loaded from /zf18/ll5fy/lab/dataset/amazon_movie/byUser_70k_review/5foldsCVColdstart/4/...
====================
[Info]Fold No. 1: 
[Info]Analzying corpus: 
...........-- Global corpus: vocabulary size: 7680, review size: 26309, item size: 838, user size: 835
train size = 21478, test size = 4831....
[Info]Analying bipartie graph: 
-- train graph: review size: 21478, item size: 750, user size: 743
[Info]EM Starting multithread LDA_Focus[k:20, alpha:1.01, beta:1.00, Variational]...
==============
[Info]Likelihood -7717896.03819 at step 0 converge to 1.0000000000...
==============
[Info]Likelihood -7716039.42884 at step 1 converge to 0.0002405590...
==============
[Info]Likelihood -7714089.42914 at step 2 converge to 0.0002527203...
==============
[Info]Likelihood -7711453.89959 at step 3 converge to 0.0003416514...
==============
[Info]Likelihood -7704638.97039 at step 4 converge to 0.0008837412...
==============
[Info]Likelihood -7684212.05458 at step 5 converge to 0.0026512489...
==============
[Info]Likelihood -7639953.42721 at step 6 converge to 0.0057596832...
==============
[Info]Likelihood -7563760.88777 at step 7 converge to 0.0099729063...
==============
[Info]Likelihood -7466995.97842 at step 8 converge to 0.0127932269...
==============
[Info]Likelihood -7373522.79379 at step 9 converge to 0.0125181780...
==============
[Info]Likelihood -7300535.99211 at step 10 converge to 0.0098984981...
==============
[Info]Likelihood -7248109.56807 at step 11 converge to 0.0071811747...
==============
[Info]Likelihood -7209772.73091 at step 12 converge to 0.0052892188...
==============
[Info]Likelihood -7180528.68570 at step 13 converge to 0.0040561674...
==============
[Info]Likelihood -7157372.83678 at step 14 converge to 0.0032248111...
==============
[Info]Likelihood -7138397.71572 at step 15 converge to 0.0026511293...
==============
[Info]Likelihood -7122437.48231 at step 16 converge to 0.0022358286...
==============
[Info]Likelihood -7108723.98521 at step 17 converge to 0.0019253938...
==============
[Info]Likelihood -7096772.83747 at step 18 converge to 0.0016811945...
==============
[Info]Likelihood -7086196.79671 at step 19 converge to 0.0014902606...
==============
[Info]Likelihood -7076767.33973 at step 20 converge to 0.0013306795...
==============
[Info]Likelihood -7068314.52845 at step 21 converge to 0.0011944453...
==============
[Info]Likelihood -7060591.49468 at step 22 converge to 0.0010926273...
==============
[Info]Likelihood -7053363.33938 at step 23 converge to 0.0010237323...
==============
[Info]Likelihood -7046683.93650 at step 24 converge to 0.0009469813...
==============
[Info]Likelihood -7040575.05646 at step 25 converge to 0.0008669156...
==============
[Info]Likelihood -7035027.41145 at step 26 converge to 0.0007879534...
==============
[Info]Likelihood -7029974.52876 at step 27 converge to 0.0007182463...
==============
[Info]Likelihood -7025352.10870 at step 28 converge to 0.0006575301...
==============
[Info]Likelihood -7021082.43069 at step 29 converge to 0.0006077529...
==============
[Info]Likelihood -7017114.31259 at step 30 converge to 0.0005651718...
==============
[Info]Likelihood -7013414.04603 at step 31 converge to 0.0005273203...
==============
[Info]Likelihood -7009939.05157 at step 32 converge to 0.0004954783...
==============
[Info]Likelihood -7006653.44232 at step 33 converge to 0.0004687072...
==============
[Info]Likelihood -7003530.86202 at step 34 converge to 0.0004456593...
==============
[Info]Likelihood -7000550.91825 at step 35 converge to 0.0004254916...
==============
[Info]Likelihood -6997741.89860 at step 36 converge to 0.0004012569...
==============
[Info]Likelihood -6995076.85628 at step 37 converge to 0.0003808432...
==============
[Info]Likelihood -6992544.44171 at step 38 converge to 0.0003620281...
==============
[Info]Likelihood -6990122.25462 at step 39 converge to 0.0003463957...
==============
[Info]Likelihood -6987779.01675 at step 40 converge to 0.0003352213...
==============
[Info]Likelihood -6985525.19177 at step 41 converge to 0.0003225381...
==============
[Info]Likelihood -6983378.42968 at step 42 converge to 0.0003073158...
==============
[Info]Likelihood -6981326.20027 at step 43 converge to 0.0002938734...
==============
[Info]Likelihood -6979334.14067 at step 44 converge to 0.0002853411...
==============
[Info]Likelihood -6977377.74218 at step 45 converge to 0.0002803131...
==============
[Info]Likelihood -6975460.00770 at step 46 converge to 0.0002748503...
==============
[Info]Likelihood -6973622.59965 at step 47 converge to 0.0002634103...
==============
[Info]Likelihood -6971861.35592 at step 48 converge to 0.0002525579...
==============
[Info]Likelihood -6970152.05076 at step 49 converge to 0.0002451720...
[Info]Likelihood -6970152.051 after step 50 converge to 0.000245 after 453 seconds...
[Info]Analying bipartie graph: 
-- test graph: review size: 4831, item size: 245, user size: 237
[Info]Start evaluation in thread
[Stat]Test evaluation finished: 4831 docs
[Stat]0 part has 752.000000 docs: perplexity is 1859.666 and log-likelihood is -369.820
[Stat]1 part has 1116.000000 docs: perplexity is 1823.325 and log-likelihood is -377.278
[Stat]2 part has 1144.000000 docs: perplexity is 1924.132 and log-likelihood is -352.126
[Stat]3 part has 1819.000000 docs: perplexity is 1825.990 and log-likelihood is -369.986
[Stat]4 part has 4831.000000 docs: perplexity is 1852.357 and log-likelihood is -367.416
[Info]multithread LDA_Focus[k:20, alpha:1.01, beta:1.00, Variational] Train/Test finished in 458.31 seconds...
TopWord FilePath:/zf18/ll5fy/lab/dataset/amazon_movie/byUser_70k_review/output/5foldsCVColdstart/1/LDA_User_topWords_20.txt
Topic 0(0.05493):	earth(0.02620)	futur(0.02323)	planet(0.01837)	race(0.01583)	mission(0.01406)	predat(0.01152)	save(0.01115)	technolog(0.00951)	scientist(0.00879)	land(0.00857)	fiction(0.00825)	destroy(0.00765)	kubrick(0.00742)	creatur(0.00698)	recal(0.00673)	total(0.00643)	rescu(0.00605)	survivor(0.00593)	moon(0.00589)	comput(0.00583)	bodi(0.00580)	hunt(0.00579)	brain(0.00579)	warm(0.00568)	independ(0.00522)	deep(0.00472)	virus(0.00450)	water(0.00431)	invas(0.00420)	quaid(0.00413)	
Topic 1(0.05184):	polit(0.02098)	countri(0.02079)	govern(0.01561)	presid(0.01326)	unit(0.01210)	jone(0.01200)	ryan(0.00998)	ford(0.00956)	militari(0.00941)	cage(0.00883)	save(0.00810)	terrorist(0.00798)	general(0.00767)	attack(0.00762)	russian(0.00753)	histori(0.00741)	hotel(0.00737)	order(0.00701)	public(0.00646)	conflict(0.00639)	side(0.00638)	protect(0.00617)	georg(0.00607)	indiana(0.00598)	control(0.00578)	hitler(0.00567)	nazi(0.00555)	steven(0.00554)	harrison(0.00551)	situat(0.00498)	
Topic 2(0.05332):	comedi(0.04870)	humor(0.03797)	laugh(0.03598)	hilari(0.01999)	joke(0.01672)	park(0.01286)	mari(0.01268)	serious(0.01171)	night(0.01129)	male(0.00972)	stiller(0.00819)	amus(0.00810)	dumb(0.00809)	bank(0.00798)	ferrel(0.00796)	owen(0.00786)	barri(0.00785)	theatr(0.00764)	loud(0.00757)	nick(0.00718)	favorit(0.00678)	stupid(0.00597)	jane(0.00556)	bill(0.00519)	witti(0.00515)	type(0.00510)	william(0.00506)	quirki(0.00503)	bobbi(0.00489)	parti(0.00453)	
Topic 3(0.04208):	monster(0.03495)	brother(0.02888)	bill(0.01800)	kidman(0.01582)	matrix(0.01562)	blade(0.01473)	creatur(0.01212)	promis(0.01101)	nicol(0.01073)	dracula(0.01029)	reev(0.00922)	luci(0.00808)	anna(0.00787)	translat(0.00773)	toro(0.00749)	godfath(0.00740)	sandler(0.00678)	coppola(0.00588)	lost(0.00563)	weav(0.00534)	adam(0.00530)	trick(0.00525)	princ(0.00504)	wolf(0.00489)	london(0.00481)	keanu(0.00477)	volum(0.00471)	hels(0.00464)	husband(0.00459)	bride(0.00454)	
Topic 4(0.04090):	frank(0.02537)	magic(0.02349)	ring(0.01946)	potter(0.01937)	prison(0.01846)	lord(0.01737)	black(0.01461)	fire(0.01381)	island(0.01344)	student(0.01160)	kong(0.00997)	order(0.00902)	professor(0.00888)	grow(0.00842)	witch(0.00802)	wizard(0.00741)	daniel(0.00716)	matur(0.00665)	emma(0.00649)	carl(0.00638)	older(0.00635)	secret(0.00614)	lewi(0.00594)	golden(0.00569)	richard(0.00558)	teacher(0.00552)	bear(0.00536)	encount(0.00512)	favorit(0.00511)	hogwart(0.00508)	
Topic 5(0.05108):	edit(0.04876)	commentari(0.03257)	video(0.02809)	audio(0.02534)	qualiti(0.02473)	disc(0.02173)	product(0.02153)	documentari(0.02052)	digit(0.01874)	interview(0.01644)	theatric(0.01612)	track(0.01583)	delet(0.01546)	featurett(0.01514)	collect(0.01438)	soundtrack(0.01402)	rate(0.01232)	transfer(0.01051)	produc(0.01018)	talk(0.01000)	footag(0.00951)	spanish(0.00941)	kbps(0.00936)	copi(0.00871)	subtitl(0.00859)	bonus(0.00854)	shot(0.00797)	materi(0.00685)	size(0.00680)	dolbi(0.00662)	
Topic 6(0.04301):	sequenc(0.02534)	crew(0.02295)	ship(0.02271)	robot(0.02131)	iron(0.02029)	transform(0.01975)	captain(0.01957)	trek(0.01647)	xmen(0.01297)	toni(0.01251)	cool(0.01146)	suit(0.00786)	bridg(0.00709)	board(0.00666)	giant(0.00659)	develop(0.00618)	aveng(0.00605)	huge(0.00558)	pilot(0.00553)	downey(0.00538)	battl(0.00533)	destroy(0.00528)	save(0.00515)	simpson(0.00506)	kirk(0.00498)	televis(0.00494)	return(0.00459)	contact(0.00440)	weapon(0.00425)	rest(0.00425)	
Topic 7(0.05419):	daughter(0.03436)	suspens(0.03102)	twist(0.02996)	thriller(0.02973)	night(0.01893)	room(0.01704)	tension(0.01525)	town(0.01471)	hurt(0.01390)	return(0.01302)	villag(0.01219)	build(0.01091)	sign(0.01067)	seat(0.01060)	plane(0.01016)	mother(0.00895)	premis(0.00760)	flight(0.00745)	brook(0.00711)	intens(0.00711)	water(0.00706)	shyamalan(0.00673)	jodi(0.00651)	ride(0.00645)	husband(0.00638)	wood(0.00619)	father(0.00612)	silenc(0.00611)	fear(0.00583)	jump(0.00571)	
Topic 8(0.06143):	hous(0.03902)	dead(0.03667)	michael(0.03445)	remak(0.02692)	flick(0.02317)	blood(0.01844)	gore(0.01615)	evil(0.01582)	night(0.01426)	halloween(0.01201)	ghost(0.01112)	hell(0.00964)	killer(0.00946)	door(0.00834)	town(0.00778)	myer(0.00747)	hill(0.00740)	jami(0.00720)	texa(0.00702)	terror(0.00659)	pick(0.00641)	road(0.00640)	teen(0.00612)	walk(0.00603)	victim(0.00598)	foxx(0.00564)	dawn(0.00556)	silent(0.00537)	atmospher(0.00527)	chainsaw(0.00525)	
Topic 9(0.03466):	bond(0.05882)	jame(0.04574)	peter(0.04043)	spiderman(0.02295)	hugh(0.01903)	york(0.01472)	gang(0.01469)	dicaprio(0.01181)	royal(0.01135)	daniel(0.01106)	amaz(0.01069)	scorses(0.00891)	casino(0.00741)	conneri(0.00722)	gold(0.00712)	leonardo(0.00682)	raimi(0.00656)	sequenc(0.00566)	judi(0.00565)	villain(0.00554)	sean(0.00544)	boston(0.00528)	aviat(0.00523)	rage(0.00515)	secret(0.00505)	hepburn(0.00494)	pierc(0.00492)	mari(0.00455)	brosnan(0.00442)	famous(0.00438)	
Topic 10(0.04141):	jack(0.04695)	depp(0.02251)	romant(0.02129)	johnni(0.01689)	paul(0.01686)	pirat(0.01656)	romanc(0.01636)	mile(0.01296)	affleck(0.01238)	marri(0.01229)	mountain(0.00983)	carrey(0.00981)	jone(0.00956)	affair(0.00919)	cold(0.00915)	kate(0.00906)	davi(0.00881)	joel(0.00786)	rush(0.00785)	sunshin(0.00756)	richard(0.00749)	winslet(0.00639)	nicholson(0.00625)	jude(0.00612)	pearl(0.00593)	billi(0.00590)	fine(0.00560)	sparrow(0.00556)	forget(0.00543)	decid(0.00523)	
Topic 11(0.04637):	robert(0.03122)	game(0.03045)	david(0.02234)	team(0.01941)	fiction(0.01725)	washington(0.01491)	andi(0.01102)	player(0.01082)	fine(0.01060)	clue(0.00988)	streep(0.00927)	confus(0.00832)	assist(0.00778)	brown(0.00754)	money(0.00728)	wear(0.00650)	manag(0.00641)	meryl(0.00601)	attent(0.00575)	donni(0.00551)	figur(0.00529)	pulp(0.00513)	dream(0.00507)	billi(0.00506)	jake(0.00502)	niro(0.00477)	theron(0.00474)	jess(0.00473)	shaw(0.00468)	footbal(0.00467)	
Topic 12(0.04479):	king(0.03997)	battl(0.03581)	histori(0.02352)	tale(0.02041)	epic(0.01731)	soldier(0.01665)	histor(0.01418)	queen(0.01295)	armi(0.01195)	pitt(0.01123)	alexand(0.01086)	brad(0.01004)	japanes(0.00939)	treasur(0.00873)	hulk(0.00827)	general(0.00779)	miller(0.00752)	robin(0.00730)	princ(0.00695)	troy(0.00596)	ancient(0.00568)	joli(0.00558)	gate(0.00543)	graphic(0.00532)	princess(0.00522)	captur(0.00512)	father(0.00509)	honor(0.00485)	hors(0.00466)	speech(0.00466)	
Topic 13(0.06567):	issu(0.01276)	violenc(0.01178)	drug(0.01168)	understand(0.01057)	dream(0.01008)	case(0.01007)	societi(0.01004)	moor(0.00991)	natur(0.00937)	deal(0.00931)	theme(0.00913)	violent(0.00803)	drive(0.00760)	moral(0.00752)	rich(0.00700)	situat(0.00656)	fascin(0.00585)	concern(0.00567)	rose(0.00563)	desir(0.00559)	demon(0.00500)	cinemat(0.00499)	intellig(0.00488)	physic(0.00475)	strang(0.00464)	connect(0.00438)	possess(0.00437)	truth(0.00437)	fear(0.00435)	behavior(0.00418)	
Topic 14(0.07845):	bore(0.02183)	half(0.01846)	hate(0.01656)	basic(0.01560)	fair(0.01538)	lack(0.01393)	simpli(0.01388)	fail(0.01360)	hollywood(0.01310)	felt(0.01208)	wast(0.01197)	violenc(0.01172)	money(0.01144)	slow(0.01141)	genr(0.01130)	wors(0.01066)	weak(0.01063)	serious(0.01036)	horribl(0.00976)	imagin(0.00890)	total(0.00889)	matter(0.00808)	flaw(0.00796)	averag(0.00768)	stupid(0.00726)	mess(0.00726)	typic(0.00695)	graphic(0.00646)	dull(0.00608)	hitchcock(0.00598)	
Topic 15(0.04363):	citi(0.04229)	hero(0.03622)	bruce(0.02657)	villain(0.02339)	superhero(0.01632)	christoph(0.01473)	christian(0.01427)	willi(0.01312)	train(0.01304)	bale(0.01203)	wayn(0.01183)	michael(0.01045)	reveng(0.00860)	knight(0.00842)	west(0.00772)	neeson(0.00757)	rachel(0.00747)	evil(0.00725)	kidnap(0.00722)	gari(0.00682)	save(0.00674)	kick(0.00674)	alfr(0.00650)	liam(0.00627)	morgan(0.00625)	gotham(0.00623)	fear(0.00598)	cool(0.00597)	return(0.00594)	holm(0.00580)	
Topic 16(0.04809):	anim(0.04449)	voic(0.02826)	song(0.02430)	hank(0.01559)	danc(0.01555)	rent(0.01524)	sing(0.01331)	number(0.01243)	alex(0.01187)	charli(0.01132)	wall(0.01111)	food(0.01025)	fast(0.00977)	pixar(0.00898)	mike(0.00751)	talk(0.00732)	mother(0.00708)	cute(0.00706)	fish(0.00665)	bird(0.00639)	favorit(0.00633)	penguin(0.00586)	amaz(0.00564)	michell(0.00556)	nemo(0.00535)	express(0.00530)	chocol(0.00505)	drew(0.00494)	wind(0.00483)	white(0.00467)	
Topic 17(0.04541):	quot(0.03532)	camera(0.01937)	polic(0.01598)	rock(0.01555)	black(0.01531)	william(0.01486)	white(0.01284)	matt(0.01234)	bourn(0.01199)	damon(0.01157)	kevin(0.01079)	killer(0.00978)	shot(0.00947)	suspect(0.00899)	ident(0.00892)	quotth(0.00853)	case(0.00842)	band(0.00816)	news(0.00754)	penn(0.00673)	phone(0.00643)	district(0.00634)	milk(0.00598)	sean(0.00577)	partner(0.00574)	interpret(0.00534)	secret(0.00527)	talk(0.00517)	luck(0.00511)	mark(0.00499)	
Topic 18(0.05730):	brilliant(0.03503)	oscar(0.03331)	support(0.02393)	award(0.01956)	father(0.01773)	drama(0.01628)	cinematographi(0.01448)	babi(0.01252)	struggl(0.01249)	outstand(0.01196)	academi(0.01193)	career(0.01131)	crow(0.01041)	russel(0.00948)	talent(0.00779)	dollar(0.00760)	inspir(0.00742)	touch(0.00731)	sister(0.00723)	rocki(0.00687)	doubt(0.00675)	hollywood(0.00656)	maggi(0.00645)	prais(0.00631)	hoffman(0.00617)	earn(0.00596)	dragon(0.00585)	rais(0.00576)	manag(0.00572)	compel(0.00567)	
Topic 19(0.04144):	visual(0.04360)	episod(0.01995)	cameron(0.01591)	georg(0.01515)	stun(0.01377)	luca(0.01356)	edward(0.01338)	strike(0.01158)	termin(0.01148)	side(0.01004)	avatar(0.00838)	amaz(0.00826)	menac(0.00784)	titan(0.00779)	luke(0.00777)	judg(0.00746)	paint(0.00742)	attack(0.00707)	maria(0.00706)	jedi(0.00679)	phantom(0.00649)	todd(0.00649)	reveng(0.00635)	carter(0.00633)	return(0.00631)	match(0.00617)	opera(0.00607)	saga(0.00603)	scarlett(0.00568)	battl(0.00553)	
248 users are loaded from /zf18/ll5fy/lab/dataset/amazon_movie/byUser_70k_review/5foldsCVColdstart/2/...
235 users are loaded from /zf18/ll5fy/lab/dataset/amazon_movie/byUser_70k_review/5foldsCVColdstart/0/...
237 users are loaded from /zf18/ll5fy/lab/dataset/amazon_movie/byUser_70k_review/5foldsCVColdstart/1/...
251 users are loaded from /zf18/ll5fy/lab/dataset/amazon_movie/byUser_70k_review/5foldsCVColdstart/3/...
240 users are loaded from /zf18/ll5fy/lab/dataset/amazon_movie/byUser_70k_review/5foldsCVColdstart/4/...
====================
[Info]Fold No. 2: 
[Info]Analzying corpus: 
...........-- Global corpus: vocabulary size: 7680, review size: 26309, item size: 838, user size: 835
train size = 21326, test size = 4983....
[Info]Analying bipartie graph: 
-- train graph: review size: 21326, item size: 768, user size: 741
[Info]EM Starting multithread LDA_Focus[k:20, alpha:1.01, beta:1.00, Variational]...
==============
[Info]Likelihood -7545490.95849 at step 0 converge to 1.0000000000...
==============
[Info]Likelihood -7543665.98805 at step 1 converge to 0.0002418624...
==============
[Info]Likelihood -7541773.98682 at step 2 converge to 0.0002508066...
==============
[Info]Likelihood -7539404.01651 at step 3 converge to 0.0003142457...
==============
[Info]Likelihood -7534183.32596 at step 4 converge to 0.0006924540...
==============
[Info]Likelihood -7517129.58821 at step 5 converge to 0.0022635151...
==============
[Info]Likelihood -7479502.19926 at step 6 converge to 0.0050055528...
==============
[Info]Likelihood -7409200.37139 at step 7 converge to 0.0093992656...
==============
[Info]Likelihood -7311359.12411 at step 8 converge to 0.0132053720...
==============
[Info]Likelihood -7217936.88187 at step 9 converge to 0.0127776848...
==============
[Info]Likelihood -7145423.72565 at step 10 converge to 0.0100462442...
==============
[Info]Likelihood -7092990.14848 at step 11 converge to 0.0073380641...
==============
[Info]Likelihood -7054739.86196 at step 12 converge to 0.0053926885...
==============
[Info]Likelihood -7025931.88279 at step 13 converge to 0.0040834928...
==============
[Info]Likelihood -7003352.20081 at step 14 converge to 0.0032137633...
==============
[Info]Likelihood -6985008.28718 at step 15 converge to 0.0026193047...
==============
[Info]Likelihood -6969712.94512 at step 16 converge to 0.0021897386...
==============
[Info]Likelihood -6956689.21132 at step 17 converge to 0.0018686184...
==============
[Info]Likelihood -6945415.71983 at step 18 converge to 0.0016205254...
==============
[Info]Likelihood -6935535.01113 at step 19 converge to 0.0014226231...
==============
[Info]Likelihood -6926822.55249 at step 20 converge to 0.0012562057...
==============
[Info]Likelihood -6919081.13290 at step 21 converge to 0.0011176004...
==============
[Info]Likelihood -6912156.32897 at step 22 converge to 0.0010008271...
==============
[Info]Likelihood -6905920.36622 at step 23 converge to 0.0009021733...
==============
[Info]Likelihood -6900247.74897 at step 24 converge to 0.0008214136...
==============
[Info]Likelihood -6895031.68176 at step 25 converge to 0.0007559246...
==============
[Info]Likelihood -6890193.90539 at step 26 converge to 0.0007016322...
==============
[Info]Likelihood -6885700.41726 at step 27 converge to 0.0006521570...
==============
[Info]Likelihood -6881513.89238 at step 28 converge to 0.0006080028...
==============
[Info]Likelihood -6877587.27424 at step 29 converge to 0.0005706038...
==============
[Info]Likelihood -6873896.27924 at step 30 converge to 0.0005366700...
==============
[Info]Likelihood -6870420.58662 at step 31 converge to 0.0005056365...
==============
[Info]Likelihood -6867135.33468 at step 32 converge to 0.0004781733...
==============
[Info]Likelihood -6864008.38254 at step 33 converge to 0.0004553503...
==============
[Info]Likelihood -6861002.71006 at step 34 converge to 0.0004378888...
==============
[Info]Likelihood -6858125.62252 at step 35 converge to 0.0004193392...
==============
[Info]Likelihood -6855409.16251 at step 36 converge to 0.0003960937...
==============
[Info]Likelihood -6852836.51145 at step 37 converge to 0.0003752732...
==============
[Info]Likelihood -6850387.61868 at step 38 converge to 0.0003573546...
==============
[Info]Likelihood -6848047.29176 at step 39 converge to 0.0003416342...
==============
[Info]Likelihood -6845798.23729 at step 40 converge to 0.0003284227...
==============
[Info]Likelihood -6843644.65144 at step 41 converge to 0.0003145851...
==============
[Info]Likelihood -6841589.52707 at step 42 converge to 0.0003002968...
==============
[Info]Likelihood -6839609.51391 at step 43 converge to 0.0002894084...
==============
[Info]Likelihood -6837702.58062 at step 44 converge to 0.0002788073...
==============
[Info]Likelihood -6835869.05123 at step 45 converge to 0.0002681499...
==============
[Info]Likelihood -6834099.06129 at step 46 converge to 0.0002589268...
==============
[Info]Likelihood -6832385.38211 at step 47 converge to 0.0002507542...
==============
[Info]Likelihood -6830733.13232 at step 48 converge to 0.0002418262...
==============
[Info]Likelihood -6829133.96781 at step 49 converge to 0.0002341132...
[Info]Likelihood -6829133.968 after step 50 converge to 0.000234 after 444 seconds...
[Info]Analying bipartie graph: 
-- test graph: review size: 4983, item size: 226, user size: 248
[Info]Start evaluation in thread
[Stat]Test evaluation finished: 4983 docs
[Stat]0 part has 659.000000 docs: perplexity is 1852.950 and log-likelihood is -393.331
[Stat]1 part has 1295.000000 docs: perplexity is 1787.204 and log-likelihood is -420.791
[Stat]2 part has 1008.000000 docs: perplexity is 1935.425 and log-likelihood is -362.074
[Stat]3 part has 2021.000000 docs: perplexity is 1827.180 and log-likelihood is -379.347
[Stat]4 part has 4983.000000 docs: perplexity is 1838.912 and log-likelihood is -388.473
[Info]multithread LDA_Focus[k:20, alpha:1.01, beta:1.00, Variational] Train/Test finished in 449.29 seconds...
TopWord FilePath:/zf18/ll5fy/lab/dataset/amazon_movie/byUser_70k_review/output/5foldsCVColdstart/2/LDA_User_topWords_20.txt
Topic 0(0.05785):	earth(0.02484)	futur(0.02313)	fiction(0.01750)	planet(0.01648)	robot(0.01358)	save(0.01339)	race(0.01332)	destroy(0.01075)	technolog(0.00984)	intellig(0.00949)	scientist(0.00803)	land(0.00746)	societi(0.00730)	natur(0.00625)	system(0.00619)	warm(0.00586)	visual(0.00573)	wall(0.00566)	vision(0.00562)	citi(0.00546)	independ(0.00540)	control(0.00508)	concept(0.00493)	today(0.00481)	build(0.00451)	advanc(0.00437)	order(0.00431)	fire(0.00418)	comput(0.00417)	environ(0.00415)	
Topic 1(0.05294):	humor(0.03481)	comedi(0.03406)	laugh(0.03370)	peter(0.03066)	spiderman(0.02466)	hilari(0.01961)	joke(0.01499)	superhero(0.01222)	amaz(0.01102)	jane(0.00964)	rocki(0.00957)	maggi(0.00848)	ferrel(0.00818)	serious(0.00760)	player(0.00711)	raimi(0.00659)	dollar(0.00648)	billi(0.00620)	manag(0.00618)	male(0.00569)	kyle(0.00503)	father(0.00497)	train(0.00494)	lose(0.00492)	bobbi(0.00487)	footbal(0.00464)	night(0.00457)	mari(0.00453)	bean(0.00444)	decid(0.00442)	
Topic 2(0.04185):	bond(0.05300)	jame(0.04508)	sequenc(0.02865)	cool(0.01974)	villain(0.01858)	royal(0.01216)	kick(0.00928)	casino(0.00928)	hall(0.00921)	barri(0.00887)	gold(0.00852)	sexi(0.00816)	secret(0.00772)	plan(0.00754)	daniel(0.00720)	ball(0.00646)	berri(0.00608)	fast(0.00546)	titl(0.00543)	doubl(0.00521)	danni(0.00520)	judi(0.00502)	conneri(0.00501)	vega(0.00499)	deliv(0.00495)	rank(0.00483)	sean(0.00467)	pierc(0.00441)	blond(0.00439)	shot(0.00435)	
Topic 3(0.07351):	half(0.02469)	bore(0.02290)	felt(0.01852)	hate(0.01753)	slow(0.01620)	strang(0.01496)	pace(0.01461)	twist(0.01448)	bill(0.01380)	confus(0.01327)	sort(0.01223)	wast(0.01121)	david(0.01091)	babi(0.01045)	talk(0.01042)	willi(0.00995)	simpli(0.00989)	understand(0.00917)	piec(0.00868)	weird(0.00840)	lack(0.00829)	horribl(0.00806)	total(0.00798)	type(0.00763)	weak(0.00745)	sign(0.00705)	villag(0.00701)	knew(0.00696)	fail(0.00688)	ladi(0.00661)	
Topic 4(0.04014):	lost(0.04476)	georg(0.03137)	jone(0.02540)	episod(0.02329)	hero(0.01703)	presid(0.01518)	luca(0.01443)	return(0.01379)	strike(0.01311)	ford(0.01296)	theatr(0.01133)	side(0.01102)	indiana(0.01044)	luke(0.00953)	season(0.00909)	indi(0.00781)	battl(0.00758)	reveng(0.00724)	harrison(0.00719)	west(0.00663)	jedi(0.00657)	treasur(0.00655)	save(0.00654)	father(0.00649)	saga(0.00630)	histori(0.00630)	wait(0.00629)	raider(0.00593)	evil(0.00566)	secret(0.00562)	
Topic 5(0.03949):	michael(0.06409)	bruce(0.02534)	town(0.02407)	halloween(0.02051)	citi(0.01481)	christoph(0.01424)	wayn(0.01254)	bale(0.01192)	myer(0.01150)	return(0.01117)	hill(0.01083)	christian(0.01073)	mask(0.01039)	affleck(0.01006)	rose(0.00976)	jami(0.00971)	silent(0.00902)	trick(0.00878)	lauri(0.00760)	cain(0.00755)	fear(0.00754)	alfr(0.00754)	reveng(0.00751)	keaton(0.00725)	rachel(0.00682)	josh(0.00680)	morgan(0.00676)	gari(0.00672)	night(0.00606)	holm(0.00606)	
Topic 6(0.05532):	quot(0.03068)	thriller(0.02777)	suspens(0.02687)	killer(0.02358)	room(0.02195)	daughter(0.01586)	case(0.01341)	bourn(0.01322)	matt(0.01296)	damon(0.01175)	ghost(0.01055)	twist(0.01053)	rock(0.01001)	phone(0.00970)	polic(0.00949)	door(0.00946)	tension(0.00900)	ident(0.00856)	andi(0.00792)	clever(0.00690)	neighbor(0.00670)	camera(0.00669)	build(0.00667)	quotth(0.00658)	clue(0.00653)	hous(0.00622)	seat(0.00616)	insid(0.00587)	victim(0.00578)	secret(0.00567)	
Topic 7(0.04283):	transform(0.02259)	iron(0.02021)	visual(0.01397)	hurt(0.01361)	hero(0.01275)	kevin(0.01262)	hulk(0.01242)	toni(0.01112)	robert(0.01063)	general(0.00994)	brook(0.00936)	bridg(0.00873)	rang(0.00846)	suit(0.00839)	jeff(0.00789)	toro(0.00784)	sequenc(0.00745)	nick(0.00660)	opera(0.00620)	develop(0.00611)	captain(0.00606)	aveng(0.00604)	phantom(0.00590)	downey(0.00577)	costner(0.00572)	impress(0.00560)	giant(0.00531)	serious(0.00484)	battl(0.00466)	prime(0.00442)	
Topic 8(0.05856):	violenc(0.02321)	dream(0.02208)	black(0.01983)	drug(0.01467)	violent(0.01311)	issu(0.01153)	white(0.01090)	mother(0.01002)	situat(0.00851)	deal(0.00847)	brutal(0.00823)	busi(0.00756)	sell(0.00674)	kubrick(0.00662)	innoc(0.00620)	doubt(0.00618)	money(0.00598)	difficult(0.00569)	moral(0.00526)	corrupt(0.00520)	polit(0.00512)	district(0.00508)	easi(0.00508)	addict(0.00505)	countri(0.00498)	sister(0.00484)	shot(0.00479)	side(0.00475)	natur(0.00471)	connect(0.00452)	
Topic 9(0.05372):	frank(0.02032)	father(0.01774)	soldier(0.01491)	histori(0.01378)	countri(0.01285)	hank(0.01056)	battl(0.00939)	ryan(0.00910)	japanes(0.00875)	general(0.00803)	prison(0.00758)	histor(0.00753)	privat(0.00748)	cultur(0.00736)	rais(0.00719)	commit(0.00701)	order(0.00611)	suicid(0.00610)	hitler(0.00602)	cold(0.00564)	russian(0.00542)	nazi(0.00531)	affair(0.00481)	captur(0.00476)	paint(0.00468)	authent(0.00462)	told(0.00459)	side(0.00458)	save(0.00456)	vietnam(0.00443)	
Topic 10(0.04044):	york(0.01930)	hugh(0.01738)	danc(0.01584)	dicaprio(0.01408)	gang(0.01371)	cameron(0.01205)	island(0.01201)	scorses(0.01137)	nicholson(0.01115)	robert(0.01058)	jake(0.00929)	titan(0.00927)	avatar(0.00909)	rich(0.00801)	mark(0.00779)	amaz(0.00774)	leonardo(0.00731)	niro(0.00629)	hollywood(0.00567)	visual(0.00554)	cate(0.00534)	talent(0.00531)	michell(0.00530)	godfath(0.00514)	daniel(0.00498)	aviat(0.00497)	walken(0.00489)	hepburn(0.00457)	epic(0.00457)	earli(0.00455)	
Topic 11(0.04757):	game(0.02977)	team(0.02100)	attack(0.01475)	graphic(0.01355)	unit(0.01291)	battl(0.01166)	plane(0.01087)	fear(0.01086)	mission(0.01012)	xmen(0.00975)	trek(0.00952)	plan(0.00950)	govern(0.00898)	queen(0.00836)	terrorist(0.00827)	train(0.00805)	terror(0.00724)	control(0.00715)	flight(0.00700)	trap(0.00695)	miller(0.00687)	camp(0.00589)	armi(0.00571)	oper(0.00566)	blair(0.00565)	held(0.00531)	13th(0.00509)	rest(0.00505)	motion(0.00505)	board(0.00503)	
Topic 12(0.04795):	anim(0.03902)	king(0.02824)	tale(0.02175)	magic(0.02109)	ring(0.01948)	potter(0.01617)	voic(0.01612)	lord(0.01299)	matrix(0.01065)	witch(0.01042)	dragon(0.01000)	princ(0.00924)	pixar(0.00778)	white(0.00695)	black(0.00613)	favorit(0.00583)	amaz(0.00576)	return(0.00570)	order(0.00557)	princess(0.00542)	wizard(0.00541)	snow(0.00538)	evil(0.00525)	professor(0.00523)	imagin(0.00501)	nemo(0.00500)	prison(0.00490)	emma(0.00481)	visual(0.00475)	battl(0.00445)	
Topic 13(0.04125):	hous(0.04763)	evil(0.01902)	termin(0.01875)	monster(0.01760)	hunt(0.01696)	creatur(0.01616)	predat(0.01564)	wood(0.01550)	kate(0.01255)	reev(0.01206)	blade(0.01116)	dracula(0.00932)	resid(0.00774)	anna(0.00695)	hels(0.00693)	carrey(0.00687)	return(0.00599)	alic(0.00550)	schwarzenegg(0.00547)	popcorn(0.00527)	cameron(0.00522)	ride(0.00520)	wolf(0.00519)	lake(0.00505)	coppola(0.00505)	joel(0.00496)	werewolf(0.00491)	full(0.00473)	keanu(0.00464)	david(0.00461)	
Topic 14(0.05054):	song(0.02284)	night(0.01691)	romant(0.01602)	rent(0.01418)	moor(0.01293)	william(0.01269)	number(0.01232)	sing(0.01230)	comedi(0.01185)	adam(0.01104)	mari(0.01042)	alex(0.00954)	parti(0.00906)	news(0.00841)	bank(0.00806)	romanc(0.00794)	owen(0.00754)	robin(0.00719)	stiller(0.00718)	talent(0.00712)	robert(0.00693)	amus(0.00683)	career(0.00683)	bush(0.00673)	mother(0.00659)	hoffman(0.00635)	richard(0.00631)	luck(0.00607)	juli(0.00607)	sandler(0.00606)	
Topic 15(0.06147):	dead(0.04147)	flick(0.02552)	blood(0.02154)	genr(0.01932)	gore(0.01629)	stupid(0.01392)	monster(0.01355)	night(0.01260)	fast(0.01187)	hell(0.01165)	bodi(0.00997)	camera(0.00958)	budget(0.00891)	food(0.00850)	shot(0.00803)	teen(0.00778)	sick(0.00663)	romero(0.00648)	dawn(0.00640)	evil(0.00629)	dumb(0.00599)	survivor(0.00543)	virus(0.00519)	suck(0.00516)	week(0.00508)	citi(0.00504)	bunch(0.00489)	basic(0.00483)	gori(0.00482)	victim(0.00473)	
Topic 16(0.05627):	oscar(0.03221)	brilliant(0.03117)	support(0.02339)	drama(0.02121)	award(0.01873)	cinematographi(0.01240)	washington(0.01166)	academi(0.01130)	russel(0.01100)	crow(0.01073)	husband(0.01042)	kidman(0.00924)	compel(0.00875)	cage(0.00844)	career(0.00820)	fine(0.00800)	outstand(0.00774)	edward(0.00685)	nicol(0.00632)	charli(0.00623)	doctor(0.00570)	sean(0.00542)	interpret(0.00510)	speech(0.00498)	penn(0.00486)	nichola(0.00486)	intellig(0.00464)	amin(0.00451)	hawk(0.00449)	nash(0.00446)	
Topic 17(0.04630):	hollywood(0.03259)	remak(0.02908)	money(0.02107)	drive(0.02013)	paul(0.01736)	road(0.01506)	pitt(0.01215)	pari(0.01136)	brad(0.01115)	total(0.01011)	mile(0.00988)	recal(0.00937)	walk(0.00900)	cash(0.00841)	texa(0.00835)	driver(0.00820)	alexand(0.00741)	brother(0.00736)	jessica(0.00697)	free(0.00695)	trip(0.00670)	doom(0.00653)	daughter(0.00652)	troy(0.00645)	farrel(0.00620)	neeson(0.00610)	carter(0.00576)	johnni(0.00566)	massacr(0.00560)	club(0.00542)	
Topic 18(0.05315):	edit(0.04813)	commentari(0.03042)	video(0.02900)	qualiti(0.02869)	audio(0.02660)	disc(0.02197)	product(0.02084)	documentari(0.01905)	rate(0.01872)	digit(0.01843)	interview(0.01649)	track(0.01537)	theatric(0.01514)	collect(0.01408)	delet(0.01347)	featurett(0.01315)	soundtrack(0.01295)	transfer(0.01196)	talk(0.01024)	produc(0.01008)	shot(0.00958)	kbps(0.00946)	materi(0.00930)	footag(0.00915)	spanish(0.00914)	subtitl(0.00908)	copi(0.00879)	bonus(0.00875)	standard(0.00848)	size(0.00736)	
Topic 19(0.03885):	jack(0.04189)	ship(0.02302)	depp(0.02118)	water(0.01738)	crew(0.01733)	pirat(0.01592)	captain(0.01571)	johnni(0.01441)	gibson(0.01267)	davi(0.00999)	epic(0.00904)	fish(0.00903)	knight(0.00865)	black(0.00837)	curs(0.00730)	bloom(0.00697)	battl(0.00685)	christ(0.00644)	rush(0.00631)	pearl(0.00594)	heaven(0.00592)	visual(0.00575)	sparrow(0.00574)	histor(0.00519)	king(0.00515)	ride(0.00509)	roman(0.00504)	rescu(0.00499)	dead(0.00498)	monkey(0.00497)	
251 users are loaded from /zf18/ll5fy/lab/dataset/amazon_movie/byUser_70k_review/5foldsCVColdstart/3/...
235 users are loaded from /zf18/ll5fy/lab/dataset/amazon_movie/byUser_70k_review/5foldsCVColdstart/0/...
237 users are loaded from /zf18/ll5fy/lab/dataset/amazon_movie/byUser_70k_review/5foldsCVColdstart/1/...
248 users are loaded from /zf18/ll5fy/lab/dataset/amazon_movie/byUser_70k_review/5foldsCVColdstart/2/...
240 users are loaded from /zf18/ll5fy/lab/dataset/amazon_movie/byUser_70k_review/5foldsCVColdstart/4/...
====================
[Info]Fold No. 3: 
[Info]Analzying corpus: 
...........-- Global corpus: vocabulary size: 7680, review size: 26309, item size: 838, user size: 835
train size = 20753, test size = 5556....
[Info]Analying bipartie graph: 
-- train graph: review size: 20753, item size: 750, user size: 741
[Info]EM Starting multithread LDA_Focus[k:20, alpha:1.01, beta:1.00, Variational]...
==============
[Info]Likelihood -7448299.88544 at step 0 converge to 1.0000000000...
==============
[Info]Likelihood -7446502.42316 at step 1 converge to 0.0002413252...
==============
[Info]Likelihood -7444625.84141 at step 2 converge to 0.0002520085...
==============
[Info]Likelihood -7442144.50056 at step 3 converge to 0.0003333063...
==============
[Info]Likelihood -7436356.15028 at step 4 converge to 0.0007777799...
==============
[Info]Likelihood -7419530.03527 at step 5 converge to 0.0022626828...
==============
[Info]Likelihood -7379415.79417 at step 6 converge to 0.0054065744...
==============
[Info]Likelihood -7316817.06001 at step 7 converge to 0.0084828848...
==============
[Info]Likelihood -7230291.35743 at step 8 converge to 0.0118255933...
==============
[Info]Likelihood -7140424.02472 at step 9 converge to 0.0124292823...
==============
[Info]Likelihood -7068453.10390 at step 10 converge to 0.0100793623...
==============
[Info]Likelihood -7015566.27289 at step 11 converge to 0.0074820941...
==============
[Info]Likelihood -6976247.76732 at step 12 converge to 0.0056044664...
==============
[Info]Likelihood -6946010.01349 at step 13 converge to 0.0043343865...
==============
[Info]Likelihood -6921972.83413 at step 14 converge to 0.0034605737...
==============
[Info]Likelihood -6902377.30954 at step 15 converge to 0.0028309161...
==============
[Info]Likelihood -6886053.88455 at step 16 converge to 0.0023648990...
==============
[Info]Likelihood -6872253.16704 at step 17 converge to 0.0020041547...
==============
[Info]Likelihood -6860390.77576 at step 18 converge to 0.0017261284...
==============
[Info]Likelihood -6850009.36190 at step 19 converge to 0.0015132394...
==============
[Info]Likelihood -6840822.42567 at step 20 converge to 0.0013411567...
==============
[Info]Likelihood -6832612.38844 at step 21 converge to 0.0012001535...
==============
[Info]Likelihood -6825190.39607 at step 22 converge to 0.0010862598...
==============
[Info]Likelihood -6818396.07275 at step 23 converge to 0.0009954775...
==============
[Info]Likelihood -6812100.40832 at step 24 converge to 0.0009233351...
==============
[Info]Likelihood -6806251.00795 at step 25 converge to 0.0008586779...
==============
[Info]Likelihood -6800822.41444 at step 26 converge to 0.0007975894...
==============
[Info]Likelihood -6795782.82497 at step 27 converge to 0.0007410265...
==============
[Info]Likelihood -6791099.16182 at step 28 converge to 0.0006892014...
==============
[Info]Likelihood -6786738.99489 at step 29 converge to 0.0006420414...
==============
[Info]Likelihood -6782669.57251 at step 30 converge to 0.0005996138...
==============
[Info]Likelihood -6778861.70630 at step 31 converge to 0.0005614111...
==============
[Info]Likelihood -6775283.38843 at step 32 converge to 0.0005278641...
==============
[Info]Likelihood -6771908.33933 at step 33 converge to 0.0004981414...
==============
[Info]Likelihood -6768719.77316 at step 34 converge to 0.0004708519...
==============
[Info]Likelihood -6765705.24066 at step 35 converge to 0.0004453623...
==============
[Info]Likelihood -6762848.55634 at step 36 converge to 0.0004222301...
==============
[Info]Likelihood -6760129.13691 at step 37 converge to 0.0004021115...
==============
[Info]Likelihood -6757531.16534 at step 38 converge to 0.0003843080...
==============
[Info]Likelihood -6755049.58200 at step 39 converge to 0.0003672322...
==============
[Info]Likelihood -6752685.23279 at step 40 converge to 0.0003500121...
==============
[Info]Likelihood -6750425.36408 at step 41 converge to 0.0003346622...
==============
[Info]Likelihood -6748231.66803 at step 42 converge to 0.0003249715...
==============
[Info]Likelihood -6746120.53293 at step 43 converge to 0.0003128427...
==============
[Info]Likelihood -6744140.66562 at step 44 converge to 0.0002934823...
==============
[Info]Likelihood -6742268.07173 at step 45 converge to 0.0002776623...
==============
[Info]Likelihood -6740462.96136 at step 46 converge to 0.0002677304...
==============
[Info]Likelihood -6738714.88878 at step 47 converge to 0.0002593401...
==============
[Info]Likelihood -6737056.63975 at step 48 converge to 0.0002460779...
==============
[Info]Likelihood -6735499.90138 at step 49 converge to 0.0002310710...
[Info]Likelihood -6735499.901 after step 50 converge to 0.000231 after 405 seconds...
[Info]Analying bipartie graph: 
-- test graph: review size: 5556, item size: 264, user size: 251
[Info]Start evaluation in thread
[Stat]Test evaluation finished: 5556 docs
[Stat]0 part has 690.000000 docs: perplexity is 1835.388 and log-likelihood is -360.318
[Stat]1 part has 1416.000000 docs: perplexity is 1750.485 and log-likelihood is -375.961
[Stat]2 part has 1155.000000 docs: perplexity is 1775.586 and log-likelihood is -359.798
[Stat]3 part has 2295.000000 docs: perplexity is 1623.369 and log-likelihood is -355.009
[Stat]4 part has 5556.000000 docs: perplexity is 1712.341 and log-likelihood is -362.004
[Info]multithread LDA_Focus[k:20, alpha:1.01, beta:1.00, Variational] Train/Test finished in 408.54 seconds...
TopWord FilePath:/zf18/ll5fy/lab/dataset/amazon_movie/byUser_70k_review/output/5foldsCVColdstart/3/LDA_User_topWords_20.txt
Topic 0(0.03780):	amaz(0.05494)	peter(0.04299)	anim(0.04289)	spiderman(0.02737)	mari(0.02260)	kevin(0.01499)	white(0.00992)	reev(0.00921)	return(0.00918)	richard(0.00895)	raimi(0.00851)	jane(0.00833)	lane(0.00794)	snow(0.00730)	spacey(0.00705)	bobbi(0.00618)	superhero(0.00563)	abil(0.00556)	queen(0.00551)	gift(0.00549)	gene(0.00540)	hero(0.00518)	talent(0.00505)	voic(0.00487)	singer(0.00481)	spider(0.00472)	pink(0.00468)	uncl(0.00466)	dunst(0.00464)	favorit(0.00434)	
Topic 1(0.05708):	thriller(0.01756)	govern(0.01244)	intellig(0.01233)	polic(0.01210)	bourn(0.01166)	unit(0.01165)	matt(0.01147)	team(0.01051)	washington(0.01011)	damon(0.00958)	plane(0.00852)	situat(0.00821)	terrorist(0.00733)	train(0.00721)	ident(0.00696)	affleck(0.00680)	oper(0.00675)	control(0.00660)	develop(0.00640)	bank(0.00633)	camera(0.00611)	foxx(0.00607)	plan(0.00594)	flight(0.00592)	xmen(0.00574)	secret(0.00532)	insid(0.00529)	system(0.00519)	suspens(0.00492)	case(0.00488)	
Topic 2(0.07580):	flick(0.02641)	remak(0.02599)	bore(0.02391)	half(0.02326)	hollywood(0.02131)	money(0.01694)	hate(0.01643)	wast(0.01314)	slow(0.01254)	cool(0.01206)	rent(0.01094)	talk(0.01087)	hugh(0.01076)	felt(0.01061)	wors(0.01057)	type(0.01050)	horribl(0.01031)	total(0.01017)	averag(0.00975)	wait(0.00960)	hell(0.00941)	drag(0.00850)	fair(0.00837)	glad(0.00812)	knew(0.00805)	mess(0.00793)	opinion(0.00790)	premis(0.00757)	stupid(0.00718)	hype(0.00699)	
Topic 3(0.06568):	visual(0.02157)	theme(0.01473)	ring(0.01404)	hero(0.01366)	simpli(0.01183)	cinematographi(0.01173)	stun(0.01151)	impress(0.01149)	race(0.01048)	drama(0.01044)	manag(0.00979)	depth(0.00952)	lack(0.00951)	inspir(0.00866)	pace(0.00851)	player(0.00767)	piec(0.00740)	appreci(0.00698)	mountain(0.00659)	felt(0.00657)	cinemat(0.00639)	billi(0.00618)	touch(0.00584)	understand(0.00575)	compel(0.00554)	brilliant(0.00539)	epic(0.00534)	cold(0.00534)	sceneri(0.00528)	game(0.00510)	
Topic 4(0.04171):	tale(0.03406)	imagin(0.03232)	magic(0.02269)	potter(0.01656)	witch(0.01195)	order(0.01190)	voic(0.01187)	student(0.01117)	evil(0.00994)	trick(0.00961)	lord(0.00948)	princ(0.00905)	secret(0.00899)	professor(0.00873)	grow(0.00836)	wizard(0.00716)	matur(0.00689)	david(0.00685)	task(0.00673)	princess(0.00608)	lewi(0.00582)	return(0.00562)	full(0.00551)	emma(0.00545)	encount(0.00531)	colleg(0.00529)	instal(0.00516)	wick(0.00463)	older(0.00460)	fienn(0.00443)	
Topic 5(0.04338):	michael(0.03393)	bruce(0.02835)	villain(0.02134)	dream(0.01814)	citi(0.01496)	bale(0.01439)	matrix(0.01423)	wayn(0.01354)	knight(0.01342)	christoph(0.01337)	christian(0.01312)	robin(0.01228)	superhero(0.01165)	morgan(0.01092)	food(0.01005)	neeson(0.00885)	gari(0.00840)	hero(0.00829)	rachel(0.00823)	return(0.00781)	carrey(0.00767)	cain(0.00746)	fast(0.00740)	gotham(0.00732)	liam(0.00713)	keaton(0.00700)	west(0.00681)	holm(0.00681)	evan(0.00670)	train(0.00665)	
Topic 6(0.05590):	hous(0.03970)	twist(0.02540)	town(0.02414)	killer(0.02317)	suspens(0.02128)	room(0.02039)	strang(0.01771)	night(0.01495)	jump(0.01193)	door(0.01144)	atmospher(0.01076)	dragon(0.01062)	ghost(0.01052)	thriller(0.00931)	rock(0.00821)	phone(0.00804)	tension(0.00799)	weird(0.00719)	build(0.00658)	clue(0.00648)	demon(0.00646)	david(0.00636)	silenc(0.00572)	sudden(0.00541)	stay(0.00535)	reveal(0.00511)	babi(0.00508)	sort(0.00482)	hotel(0.00481)	silent(0.00475)	
Topic 7(0.05904):	histori(0.02106)	polit(0.01750)	award(0.01331)	moral(0.01150)	truth(0.00931)	societi(0.00921)	histor(0.00906)	moor(0.00902)	russel(0.00887)	crow(0.00884)	public(0.00879)	academi(0.00871)	georg(0.00820)	presid(0.00800)	gibson(0.00705)	daniel(0.00703)	support(0.00694)	understand(0.00683)	today(0.00674)	fascin(0.00634)	news(0.00587)	issu(0.00552)	hollywood(0.00544)	speech(0.00531)	brilliant(0.00527)	manipul(0.00519)	bush(0.00508)	countri(0.00494)	natur(0.00482)	general(0.00463)	
Topic 8(0.04443):	citi(0.02265)	york(0.02037)	island(0.01485)	cameron(0.01368)	gang(0.01288)	dicaprio(0.01099)	filmmak(0.01045)	kong(0.00947)	connect(0.00913)	told(0.00913)	blue(0.00899)	scorses(0.00874)	avatar(0.00803)	jake(0.00783)	danni(0.00728)	lost(0.00662)	titan(0.00644)	visual(0.00637)	basic(0.00634)	lose(0.00622)	carl(0.00618)	leonardo(0.00590)	maria(0.00582)	develop(0.00571)	attent(0.00569)	boyl(0.00556)	express(0.00539)	promis(0.00535)	nativ(0.00529)	background(0.00507)	
Topic 9(0.04666):	battl(0.04029)	king(0.03638)	soldier(0.02096)	brother(0.01920)	termin(0.01408)	countri(0.01314)	japanes(0.01234)	armi(0.01103)	pitt(0.01101)	epic(0.01065)	cage(0.01008)	brad(0.00899)	pari(0.00785)	treasur(0.00748)	save(0.00700)	vietnam(0.00666)	forest(0.00655)	general(0.00633)	side(0.00633)	coen(0.00628)	histori(0.00602)	nazi(0.00599)	nichola(0.00583)	militari(0.00548)	hawk(0.00537)	troy(0.00530)	ancient(0.00519)	amin(0.00516)	indiana(0.00510)	eric(0.00498)	
Topic 10(0.04784):	father(0.04188)	daughter(0.03502)	jack(0.03015)	frank(0.02684)	mother(0.02228)	predat(0.01465)	paul(0.01360)	road(0.01339)	hank(0.01291)	trip(0.01188)	nicholson(0.01133)	prison(0.01122)	sister(0.00977)	mile(0.00920)	rose(0.00774)	marri(0.00746)	decid(0.00671)	maggi(0.00635)	suicid(0.00629)	retir(0.00625)	lawyer(0.00581)	money(0.00575)	visit(0.00537)	kane(0.00525)	week(0.00490)	affair(0.00486)	plan(0.00483)	case(0.00483)	husband(0.00481)	brother(0.00480)	
Topic 11(0.05257):	quot(0.02854)	earth(0.02445)	futur(0.02159)	planet(0.01828)	fiction(0.01651)	ship(0.01602)	crew(0.01549)	destroy(0.01395)	mission(0.01362)	robot(0.01305)	trek(0.01211)	comput(0.01133)	save(0.01022)	water(0.00860)	attack(0.00834)	giant(0.00776)	scientist(0.00744)	technolog(0.00727)	militari(0.00692)	captain(0.00671)	recal(0.00669)	quotth(0.00640)	sequenc(0.00558)	independ(0.00542)	total(0.00529)	rescu(0.00529)	pilot(0.00523)	generat(0.00519)	moon(0.00475)	motion(0.00463)	
Topic 12(0.05327):	comedi(0.04943)	humor(0.03894)	laugh(0.03482)	hilari(0.01997)	serious(0.01994)	transform(0.01982)	episod(0.01646)	joke(0.01643)	luca(0.00942)	loud(0.00875)	stupid(0.00807)	andi(0.00795)	amus(0.00742)	ferrel(0.00732)	stiller(0.00676)	reveng(0.00621)	favorit(0.00621)	fish(0.00609)	knock(0.00608)	dumb(0.00557)	formula(0.00539)	luke(0.00529)	brook(0.00512)	william(0.00493)	figur(0.00480)	prime(0.00479)	jedi(0.00458)	male(0.00438)	voic(0.00435)	night(0.00421)	
Topic 13(0.04891):	song(0.02366)	number(0.01646)	romant(0.01567)	danc(0.01501)	sing(0.01355)	romanc(0.01165)	adam(0.01008)	teen(0.00998)	edward(0.00933)	alex(0.00839)	rich(0.00809)	translat(0.00808)	talent(0.00798)	hulk(0.00746)	lost(0.00710)	career(0.00621)	coppola(0.00620)	godfath(0.00586)	quirki(0.00578)	earli(0.00520)	soundtrack(0.00516)	ladi(0.00509)	famous(0.00507)	marri(0.00492)	older(0.00476)	lone(0.00475)	juli(0.00471)	scarlett(0.00454)	full(0.00439)	product(0.00435)	
Topic 14(0.03993):	monster(0.03617)	bill(0.03087)	creatur(0.02404)	johnni(0.01912)	depp(0.01809)	wood(0.01669)	blade(0.01524)	carter(0.01081)	judg(0.01079)	dracula(0.01013)	villag(0.00980)	cash(0.00941)	bride(0.00775)	return(0.00735)	hels(0.00725)	david(0.00711)	beast(0.00687)	doom(0.00687)	kinsey(0.00630)	walk(0.00621)	jessica(0.00606)	jackman(0.00602)	shyamalan(0.00584)	mummi(0.00571)	victor(0.00547)	homag(0.00542)	anna(0.00540)	wolf(0.00518)	pulp(0.00518)	volum(0.00506)	
Topic 15(0.05139):	edit(0.04501)	commentari(0.03106)	video(0.02555)	qualiti(0.02325)	audio(0.02316)	disc(0.02049)	documentari(0.01964)	interview(0.01812)	michael(0.01665)	product(0.01646)	digit(0.01564)	theatric(0.01518)	track(0.01454)	featurett(0.01442)	halloween(0.01351)	delet(0.01325)	collect(0.01305)	transfer(0.01220)	talk(0.01093)	produc(0.01087)	footag(0.01014)	shot(0.00974)	subtitl(0.00974)	soundtrack(0.00972)	bonus(0.00900)	copi(0.00893)	spanish(0.00833)	rate(0.00813)	standard(0.00720)	myer(0.00682)	
Topic 16(0.03999):	jone(0.02740)	iron(0.02274)	willi(0.01562)	toni(0.01551)	park(0.01444)	charli(0.01420)	pirat(0.01320)	captain(0.01207)	third(0.01185)	theatr(0.01180)	davi(0.01068)	bottom(0.00991)	jeff(0.00952)	bridg(0.00951)	streep(0.00894)	suit(0.00876)	nick(0.00784)	jack(0.00759)	tommi(0.00747)	miller(0.00673)	richard(0.00667)	doubt(0.00665)	meryl(0.00591)	downey(0.00567)	aveng(0.00553)	chocol(0.00545)	shakespear(0.00521)	ride(0.00468)	sparrow(0.00456)	deliv(0.00454)	
Topic 17(0.04478):	black(0.04129)	oscar(0.03819)	white(0.02330)	drug(0.02120)	fine(0.01500)	husband(0.01005)	deal(0.00964)	kidman(0.00936)	support(0.00915)	career(0.00891)	milk(0.00859)	alexand(0.00831)	barri(0.00820)	issu(0.00806)	penn(0.00795)	sean(0.00794)	brilliant(0.00760)	addict(0.00754)	josh(0.00709)	river(0.00661)	opera(0.00622)	nicol(0.00615)	phantom(0.00541)	lose(0.00517)	thirti(0.00506)	patrick(0.00500)	joel(0.00489)	mother(0.00463)	talent(0.00461)	difficult(0.00456)	
Topic 18(0.03830):	bond(0.05790)	jame(0.04946)	robert(0.04256)	ford(0.01494)	ryan(0.01455)	secret(0.01375)	georg(0.01220)	russian(0.01058)	royal(0.01043)	hall(0.01041)	titl(0.00973)	hitchcock(0.00922)	casino(0.00917)	sequenc(0.00819)	sexi(0.00804)	roger(0.00797)	harrison(0.00790)	conneri(0.00640)	villain(0.00628)	daniel(0.00622)	rank(0.00569)	berri(0.00555)	plan(0.00554)	sean(0.00552)	pierc(0.00527)	judi(0.00509)	brosnan(0.00505)	money(0.00492)	vega(0.00488)	deliv(0.00441)	
Topic 19(0.05554):	dead(0.04313)	violenc(0.02917)	blood(0.02522)	evil(0.02015)	gore(0.01618)	genr(0.01571)	violent(0.01456)	night(0.01445)	victim(0.01265)	brutal(0.01261)	graphic(0.01154)	terror(0.01052)	trap(0.00964)	fear(0.00842)	kubrick(0.00734)	romero(0.00684)	aliv(0.00670)	dawn(0.00663)	hitler(0.00650)	attack(0.00637)	shot(0.00623)	survivor(0.00621)	general(0.00606)	drive(0.00591)	bodi(0.00588)	camp(0.00547)	situat(0.00517)	gori(0.00517)	game(0.00507)	virus(0.00488)	
240 users are loaded from /zf18/ll5fy/lab/dataset/amazon_movie/byUser_70k_review/5foldsCVColdstart/4/...
235 users are loaded from /zf18/ll5fy/lab/dataset/amazon_movie/byUser_70k_review/5foldsCVColdstart/0/...
237 users are loaded from /zf18/ll5fy/lab/dataset/amazon_movie/byUser_70k_review/5foldsCVColdstart/1/...
248 users are loaded from /zf18/ll5fy/lab/dataset/amazon_movie/byUser_70k_review/5foldsCVColdstart/2/...
251 users are loaded from /zf18/ll5fy/lab/dataset/amazon_movie/byUser_70k_review/5foldsCVColdstart/3/...
====================
[Info]Fold No. 4: 
[Info]Analzying corpus: 
...........-- Global corpus: vocabulary size: 7680, review size: 26309, item size: 838, user size: 835
train size = 20717, test size = 5592....
[Info]Analying bipartie graph: 
-- train graph: review size: 20717, item size: 749, user size: 747
[Info]EM Starting multithread LDA_Focus[k:20, alpha:1.01, beta:1.00, Variational]...
==============
[Info]Likelihood -7205590.27352 at step 0 converge to 1.0000000000...
==============
[Info]Likelihood -7203821.98939 at step 1 converge to 0.0002454045...
==============
[Info]Likelihood -7201992.85878 at step 2 converge to 0.0002539111...
==============
[Info]Likelihood -7199754.25196 at step 3 converge to 0.0003108316...
==============
[Info]Likelihood -7194883.74676 at step 4 converge to 0.0006764821...
==============
[Info]Likelihood -7181427.05335 at step 5 converge to 0.0018703142...
==============
[Info]Likelihood -7150003.58794 at step 6 converge to 0.0043756575...
==============
[Info]Likelihood -7090813.75983 at step 7 converge to 0.0082782935...
==============
[Info]Likelihood -7005367.62808 at step 8 converge to 0.0120502575...
==============
[Info]Likelihood -6916454.53744 at step 9 converge to 0.0126921377...
==============
[Info]Likelihood -6843941.03888 at step 10 converge to 0.0104842009...
==============
[Info]Likelihood -6791147.56109 at step 11 converge to 0.0077139001...
==============
[Info]Likelihood -6753160.36305 at step 12 converge to 0.0055936346...
==============
[Info]Likelihood -6724773.50112 at step 13 converge to 0.0042034929...
==============
[Info]Likelihood -6702559.62289 at step 14 converge to 0.0033032902...
==============
[Info]Likelihood -6684459.50440 at step 15 converge to 0.0027004785...
==============
[Info]Likelihood -6669314.47329 at step 16 converge to 0.0022657077...
==============
[Info]Likelihood -6656426.62573 at step 17 converge to 0.0019324096...
==============
[Info]Likelihood -6645278.65104 at step 18 converge to 0.0016747687...
==============
[Info]Likelihood -6635503.67225 at step 19 converge to 0.0014709660...
==============
[Info]Likelihood -6626815.74082 at step 20 converge to 0.0013093100...
==============
[Info]Likelihood -6618979.17349 at step 21 converge to 0.0011825540...
==============
[Info]Likelihood -6611844.18610 at step 22 converge to 0.0010779589...
==============
[Info]Likelihood -6605327.17165 at step 23 converge to 0.0009856576...
==============
[Info]Likelihood -6599364.91417 at step 24 converge to 0.0009026438...
==============
[Info]Likelihood -6593894.02619 at step 25 converge to 0.0008290022...
==============
[Info]Likelihood -6588837.67663 at step 26 converge to 0.0007668230...
==============
[Info]Likelihood -6584129.80736 at step 27 converge to 0.0007145220...
==============
[Info]Likelihood -6579719.82501 at step 28 converge to 0.0006697897...
==============
[Info]Likelihood -6575562.29255 at step 29 converge to 0.0006318707...
==============
[Info]Likelihood -6571616.50372 at step 30 converge to 0.0006000687...
==============
[Info]Likelihood -6567858.57383 at step 31 converge to 0.0005718425...
==============
[Info]Likelihood -6564294.00039 at step 32 converge to 0.0005427299...
==============
[Info]Likelihood -6560926.54359 at step 33 converge to 0.0005129960...
==============
[Info]Likelihood -6557745.34775 at step 34 converge to 0.0004848699...
==============
[Info]Likelihood -6554729.81579 at step 35 converge to 0.0004598428...
==============
[Info]Likelihood -6551853.79799 at step 36 converge to 0.0004387698...
==============
[Info]Likelihood -6549099.46463 at step 37 converge to 0.0004203899...
==============
[Info]Likelihood -6546460.79532 at step 38 converge to 0.0004029057...
==============
[Info]Likelihood -6543941.27245 at step 39 converge to 0.0003848679...
==============
[Info]Likelihood -6541543.04522 at step 40 converge to 0.0003664806...
==============
[Info]Likelihood -6539250.58339 at step 41 converge to 0.0003504466...
==============
[Info]Likelihood -6537048.00693 at step 42 converge to 0.0003368240...
==============
[Info]Likelihood -6534914.13369 at step 43 converge to 0.0003264277...
==============
[Info]Likelihood -6532805.91337 at step 44 converge to 0.0003226087...
==============
[Info]Likelihood -6530729.53480 at step 45 converge to 0.0003178387...
==============
[Info]Likelihood -6528752.36508 at step 46 converge to 0.0003027487...
==============
[Info]Likelihood -6526888.20137 at step 47 converge to 0.0002855314...
==============
[Info]Likelihood -6525124.95456 at step 48 converge to 0.0002701512...
==============
[Info]Likelihood -6523456.42224 at step 49 converge to 0.0002557089...
[Info]Likelihood -6523456.422 after step 50 converge to 0.000256 after 355 seconds...
[Info]Analying bipartie graph: 
-- test graph: review size: 5592, item size: 263, user size: 240
[Info]Start evaluation in thread
[Stat]Test evaluation finished: 5592 docs
[Stat]0 part has 726.000000 docs: perplexity is 2000.598 and log-likelihood is -419.406
[Stat]1 part has 1348.000000 docs: perplexity is 1939.083 and log-likelihood is -409.155
[Stat]2 part has 1203.000000 docs: perplexity is 1691.647 and log-likelihood is -409.050
[Stat]3 part has 2315.000000 docs: perplexity is 1590.392 and log-likelihood is -385.368
[Stat]4 part has 5592.000000 docs: perplexity is 1744.280 and log-likelihood is -400.616
[Info]multithread LDA_Focus[k:20, alpha:1.01, beta:1.00, Variational] Train/Test finished in 359.04 seconds...
TopWord FilePath:/zf18/ll5fy/lab/dataset/amazon_movie/byUser_70k_review/output/5foldsCVColdstart/4/LDA_User_topWords_20.txt
Topic 0(0.05730):	polit(0.01818)	unit(0.01215)	govern(0.01194)	countri(0.01129)	presid(0.01118)	societi(0.01053)	control(0.01006)	washington(0.00932)	news(0.00862)	public(0.00838)	georg(0.00803)	intellig(0.00789)	truth(0.00749)	issu(0.00725)	attack(0.00721)	histori(0.00704)	white(0.00619)	terrorist(0.00616)	conflict(0.00596)	fear(0.00577)	protect(0.00575)	situat(0.00531)	black(0.00530)	moral(0.00513)	moor(0.00507)	televis(0.00492)	penguin(0.00483)	order(0.00451)	major(0.00445)	today(0.00428)	
Topic 1(0.05214):	comedi(0.05240)	laugh(0.03626)	jack(0.03570)	humor(0.03236)	frank(0.02937)	dream(0.02519)	hilari(0.01906)	joke(0.01699)	hank(0.01472)	matrix(0.01417)	trip(0.01160)	nicholson(0.01133)	romant(0.00975)	amus(0.00928)	dicaprio(0.00847)	serious(0.00827)	stiller(0.00799)	road(0.00795)	pari(0.00689)	loud(0.00664)	buddi(0.00605)	trap(0.00580)	plan(0.00575)	owen(0.00516)	retir(0.00468)	fail(0.00445)	larri(0.00444)	revolut(0.00443)	leonardo(0.00441)	situat(0.00439)	
Topic 2(0.05051):	oscar(0.03789)	brilliant(0.03672)	award(0.02342)	song(0.02315)	talent(0.02200)	robert(0.01901)	support(0.01826)	matt(0.01452)	academi(0.01425)	damon(0.01267)	bourn(0.01162)	crow(0.01107)	sing(0.01090)	pitt(0.01077)	danni(0.01050)	drama(0.01007)	brad(0.01001)	russel(0.00945)	carter(0.00891)	career(0.00846)	affleck(0.00795)	cash(0.00777)	ident(0.00747)	player(0.00737)	outstand(0.00663)	earli(0.00648)	amaz(0.00640)	number(0.00551)	manag(0.00537)	deliv(0.00526)	
Topic 3(0.05106):	citi(0.03122)	mother(0.01966)	bill(0.01923)	polic(0.01737)	drug(0.01673)	york(0.01550)	lost(0.00958)	hitchcock(0.00863)	street(0.00797)	translat(0.00752)	keaton(0.00732)	neighbor(0.00633)	gang(0.00628)	lone(0.00620)	connect(0.00600)	deal(0.00596)	strang(0.00579)	grow(0.00556)	hall(0.00556)	natur(0.00552)	unexpect(0.00539)	gift(0.00531)	shot(0.00515)	understand(0.00515)	stay(0.00514)	quiet(0.00507)	commit(0.00504)	addict(0.00493)	match(0.00492)	photograph(0.00486)	
Topic 4(0.04626):	bond(0.03903)	thriller(0.03400)	jame(0.03215)	suspens(0.02707)	twist(0.01483)	hunt(0.01481)	secret(0.01450)	dragon(0.01266)	killer(0.01249)	russian(0.01120)	island(0.00960)	silenc(0.00855)	roger(0.00824)	ryan(0.00798)	insid(0.00755)	scorses(0.00747)	bank(0.00736)	driver(0.00704)	jodi(0.00688)	conneri(0.00647)	gold(0.00627)	sean(0.00571)	plan(0.00568)	partner(0.00562)	lamb(0.00554)	casino(0.00537)	insan(0.00526)	tens(0.00516)	niro(0.00497)	mann(0.00475)	
Topic 5(0.06061):	hollywood(0.02647)	monster(0.02286)	type(0.01811)	simpli(0.01377)	sort(0.01321)	stupid(0.01256)	matter(0.01169)	manag(0.00933)	typic(0.00902)	serious(0.00830)	fair(0.00817)	averag(0.00755)	dollar(0.00726)	basic(0.00719)	express(0.00704)	dumb(0.00647)	male(0.00634)	understand(0.00617)	impress(0.00617)	titl(0.00588)	situat(0.00572)	roll(0.00571)	develop(0.00567)	bare(0.00558)	talk(0.00519)	folk(0.00514)	avoid(0.00513)	virus(0.00509)	formula(0.00475)	throw(0.00466)	
Topic 6(0.04358):	mari(0.01747)	marri(0.01542)	danc(0.01498)	queen(0.01324)	andi(0.01196)	parti(0.01041)	robert(0.01030)	rose(0.00938)	sister(0.00930)	michael(0.00826)	colleg(0.00818)	ladi(0.00781)	godfath(0.00733)	streep(0.00692)	wear(0.00674)	opera(0.00654)	busi(0.00621)	rang(0.00620)	assist(0.00603)	knock(0.00556)	paint(0.00536)	memor(0.00531)	phantom(0.00530)	toni(0.00496)	model(0.00494)	royal(0.00490)	shakespear(0.00488)	rich(0.00482)	product(0.00481)	mother(0.00475)	
Topic 7(0.04493):	battl(0.03779)	king(0.03349)	soldier(0.02146)	epic(0.01757)	histori(0.01562)	histor(0.01488)	armi(0.01301)	alexand(0.01145)	mile(0.01110)	japanes(0.00999)	cultur(0.00879)	general(0.00861)	food(0.00810)	gibson(0.00770)	privat(0.00759)	train(0.00711)	miller(0.00696)	fine(0.00612)	farrel(0.00610)	oliv(0.00599)	vietnam(0.00594)	militari(0.00585)	captur(0.00578)	combat(0.00546)	honor(0.00534)	save(0.00508)	hawk(0.00480)	ancient(0.00458)	glori(0.00456)	roman(0.00451)	
Topic 8(0.06856):	dead(0.03989)	hous(0.03182)	flick(0.02332)	remak(0.02318)	michael(0.01778)	night(0.01735)	evil(0.01629)	gore(0.01550)	town(0.01397)	blood(0.01294)	halloween(0.01289)	hell(0.01153)	genr(0.01031)	ghost(0.01003)	atmospher(0.00822)	killer(0.00732)	bodi(0.00690)	terror(0.00641)	jump(0.00640)	myer(0.00636)	sick(0.00588)	victim(0.00588)	texa(0.00586)	walk(0.00563)	dawn(0.00555)	romero(0.00544)	door(0.00536)	tension(0.00534)	mask(0.00522)	budget(0.00520)	
Topic 9(0.04219):	father(0.05282)	brother(0.03697)	daughter(0.03218)	game(0.03030)	jone(0.02573)	william(0.02224)	lost(0.02221)	kevin(0.01645)	ford(0.01314)	park(0.01243)	wild(0.01093)	indiana(0.01088)	jeff(0.00995)	hurt(0.00954)	bridg(0.00855)	kidnap(0.00823)	doom(0.00747)	indi(0.00746)	ride(0.00735)	harrison(0.00728)	brook(0.00726)	silent(0.00702)	coen(0.00671)	tommi(0.00606)	evan(0.00602)	dude(0.00582)	kinsey(0.00580)	raider(0.00544)	decid(0.00494)	neeson(0.00491)	
Topic 10(0.04319):	paul(0.02169)	futur(0.01732)	rock(0.01655)	rent(0.01503)	daniel(0.01455)	potter(0.01397)	prison(0.01310)	student(0.01286)	fire(0.01241)	black(0.01225)	adam(0.01184)	alex(0.01165)	order(0.01058)	hear(0.00947)	band(0.00934)	brown(0.00825)	professor(0.00753)	david(0.00732)	thoma(0.00714)	donni(0.00656)	teenag(0.00638)	teacher(0.00631)	ferrel(0.00602)	fiction(0.00595)	author(0.00576)	magic(0.00556)	plainview(0.00552)	quirki(0.00544)	sandler(0.00536)	teen(0.00529)	
Topic 11(0.05526):	quot(0.03582)	bore(0.02594)	water(0.01696)	villag(0.01616)	premis(0.01562)	wast(0.01531)	total(0.01466)	termin(0.01440)	return(0.01352)	night(0.01257)	sign(0.01156)	cage(0.01075)	figur(0.00984)	clue(0.00968)	treasur(0.00966)	reev(0.00956)	quotth(0.00896)	pace(0.00888)	slow(0.00849)	shyamalan(0.00839)	money(0.00735)	lane(0.00714)	twist(0.00697)	save(0.00691)	wood(0.00658)	sequenc(0.00592)	kane(0.00567)	felt(0.00553)	wors(0.00525)	independ(0.00496)	
Topic 12(0.05261):	violenc(0.03579)	depp(0.01807)	violent(0.01706)	willi(0.01503)	brutal(0.01408)	graphic(0.01406)	case(0.01253)	johnni(0.01205)	reveng(0.01165)	blood(0.01101)	charli(0.01099)	judg(0.00858)	kubrick(0.00726)	innoc(0.00695)	hoffman(0.00637)	nick(0.00614)	foxx(0.00610)	deep(0.00609)	victim(0.00592)	barri(0.00571)	twist(0.00561)	rate(0.00560)	chocol(0.00555)	imagin(0.00549)	killer(0.00526)	bizarr(0.00524)	pulp(0.00510)	half(0.00507)	lawyer(0.00490)	moral(0.00488)	
Topic 13(0.04792):	earth(0.02870)	crew(0.02188)	planet(0.01960)	ship(0.01922)	transform(0.01648)	captain(0.01648)	trek(0.01572)	mission(0.01559)	fiction(0.01547)	destroy(0.01427)	robot(0.01411)	pirat(0.01064)	team(0.01026)	futur(0.00970)	save(0.00934)	scientist(0.00791)	technolog(0.00790)	rescu(0.00736)	moon(0.00689)	contact(0.00630)	black(0.00549)	comput(0.00548)	giant(0.00525)	kirk(0.00524)	attack(0.00518)	todd(0.00509)	plan(0.00457)	militari(0.00447)	pitch(0.00428)	huge(0.00402)	
Topic 14(0.04792):	bruce(0.02480)	ring(0.01972)	amaz(0.01893)	camera(0.01869)	race(0.01609)	christian(0.01475)	lord(0.01340)	bale(0.01314)	christoph(0.01186)	knight(0.01129)	michael(0.00954)	wayn(0.00939)	kong(0.00903)	david(0.00843)	favorit(0.00816)	trick(0.00812)	fear(0.00809)	morgan(0.00724)	sequenc(0.00692)	hors(0.00651)	citi(0.00647)	fish(0.00641)	middl(0.00626)	intens(0.00617)	impress(0.00616)	cave(0.00597)	depth(0.00591)	felt(0.00583)	attent(0.00572)	opinion(0.00572)	
Topic 15(0.04532):	hero(0.03463)	peter(0.03146)	spiderman(0.02335)	villain(0.02189)	iron(0.02147)	cool(0.02059)	superhero(0.01845)	xmen(0.01338)	dracula(0.01137)	suit(0.01053)	toni(0.00971)	amaz(0.00920)	hulk(0.00912)	sequenc(0.00844)	raimi(0.00786)	aveng(0.00699)	hels(0.00689)	edward(0.00615)	downey(0.00550)	develop(0.00544)	black(0.00517)	jane(0.00499)	mummi(0.00497)	return(0.00495)	abil(0.00426)	frankenstein(0.00420)	werewolv(0.00416)	jame(0.00414)	werewolf(0.00403)	general(0.00389)	
Topic 16(0.05479):	edit(0.04789)	commentari(0.03114)	qualiti(0.02853)	video(0.02424)	disc(0.02202)	product(0.02049)	documentari(0.01937)	audio(0.01935)	track(0.01673)	collect(0.01630)	interview(0.01585)	theatric(0.01490)	digit(0.01461)	delet(0.01359)	featurett(0.01320)	soundtrack(0.01319)	transfer(0.01274)	shot(0.01249)	talk(0.01181)	produc(0.01021)	standard(0.00992)	footag(0.00975)	rate(0.00889)	bonus(0.00861)	copi(0.00837)	materi(0.00827)	subtitl(0.00801)	purchas(0.00670)	studio(0.00663)	bought(0.00646)	
Topic 17(0.04798):	anim(0.03922)	visual(0.03654)	tale(0.03088)	voic(0.02125)	creatur(0.02065)	white(0.01816)	imagin(0.01521)	blade(0.01365)	wall(0.01207)	stun(0.01155)	predat(0.01138)	magic(0.01137)	cameron(0.01069)	blue(0.00853)	princ(0.00718)	princess(0.00701)	pixar(0.00620)	titan(0.00619)	snow(0.00591)	evil(0.00576)	toro(0.00558)	forest(0.00553)	beast(0.00542)	bear(0.00530)	tree(0.00499)	witch(0.00485)	full(0.00483)	avatar(0.00477)	cute(0.00449)	hunter(0.00427)	
Topic 18(0.04320):	cold(0.01704)	babi(0.01559)	husband(0.01431)	told(0.01401)	plane(0.01248)	promis(0.01201)	kidman(0.01175)	robin(0.01158)	build(0.01138)	mountain(0.01023)	billi(0.00996)	hugh(0.00906)	wind(0.00897)	flight(0.00842)	theme(0.00826)	nicol(0.00818)	richard(0.00735)	romanc(0.00628)	anna(0.00587)	master(0.00564)	piec(0.00537)	room(0.00532)	hood(0.00501)	rosemari(0.00489)	heaven(0.00477)	public(0.00459)	cinematographi(0.00452)	polanski(0.00435)	chines(0.00433)	thin(0.00425)	
Topic 19(0.04465):	side(0.02527)	hate(0.02217)	episod(0.02201)	flaw(0.01223)	strike(0.01216)	rocki(0.01142)	luca(0.01110)	carrey(0.01050)	pain(0.01049)	hitler(0.01024)	river(0.00955)	georg(0.00925)	milk(0.00908)	third(0.00897)	menac(0.00875)	penn(0.00801)	lack(0.00795)	forget(0.00750)	felt(0.00742)	sunshin(0.00733)	sean(0.00712)	fail(0.00697)	joel(0.00690)	luke(0.00670)	attack(0.00670)	lose(0.00658)	posit(0.00650)	negat(0.00649)	kate(0.00647)	understand(0.00624)	

Part 0 -----------------Valid folds: 5
[Stat]Loglikelihood -385.933+/-20.453
[Stat]Perplexity 1892.515+/-60.084
Part 1 -----------------Valid folds: 5
[Stat]Loglikelihood -399.055+/-18.719
[Stat]Perplexity 1831.275+/-64.467
Part 2 -----------------Valid folds: 5
[Stat]Loglikelihood -370.827+/-20.045
[Stat]Perplexity 1797.656+/-114.231
Part 3 -----------------Valid folds: 5
[Stat]Loglikelihood -378.057+/-15.222
[Stat]Perplexity 1692.037+/-110.465
Part 4 -----------------Valid folds: 5
[Stat]Loglikelihood -382.918+/-15.460
[Stat]Perplexity 1772.765+/-60.666
