Load 7680 1-gram new features from /home/ll5fy/TUIR/dataset/amazon_movie/amazon_movie_features.txt...
841 users are loaded from /home/ll5fy/TUIR/dataset/amazon_movie/byUser_70k_review/data/...
Info File Path: /home/ll5fy/TUIR/dataset/amazon_movie/byUser_70k_review/output/5foldsCVColdstart/ETBIR_User_info.txt
[Info]Start FIXED cross validation...
235 users are loaded from /home/ll5fy/TUIR/dataset/amazon_movie/byUser_70k_review/5foldsCVColdstart/0/...
237 users are loaded from /home/ll5fy/TUIR/dataset/amazon_movie/byUser_70k_review/5foldsCVColdstart/1/...
248 users are loaded from /home/ll5fy/TUIR/dataset/amazon_movie/byUser_70k_review/5foldsCVColdstart/2/...
251 users are loaded from /home/ll5fy/TUIR/dataset/amazon_movie/byUser_70k_review/5foldsCVColdstart/3/...
240 users are loaded from /home/ll5fy/TUIR/dataset/amazon_movie/byUser_70k_review/5foldsCVColdstart/4/...
====================
[Info]Fold No. 0: 
[Info]Analzying corpus: 
...........-- Global corpus: vocabulary size: 7680, review size: 26309, item size: 838, user size: 835
train size = 20962, test size = 5347....
[Info]Analying bipartie graph: 
-- train graph: review size: 20962, item size: 753, user size: 744
ETBIR_User[k:5, alpha:1.01000, beta:1.00100, simga:1.01000, rho:1.01000, item~N(1.00000, 1.00000), user~N(1.00000, 1.00000)]

[Info]Initializing documents...
[Info]Initializing users...
[Info]Initializing items...
[Info]Initializing ETBIR model...
====================
[Info]Start EM iteration 1....
[Info]Multi-thread E-Step: 0 iteration, likelihood=-7944039.90, converge to 1.00000000
[Info]Multi-thread E-Step: 10 iteration, likelihood=-8088105.73, converge to 0.00012262
[Info]Multi-thread E-Step: 20 iteration, likelihood=-8095283.54, converge to 0.00007189
[Info]Finish E-Step: 21 iteration, likelihood: -8095283.5402
[Info]M-step 1....
--------------------------
[Info]EM iteration 1: likelihood is -8095283.54, converges to 8095284.54024895...

====================
[Info]Start EM iteration 2....
[Info]Multi-thread E-Step: 0 iteration, likelihood=-8094024.00, converge to 1.00000000
[Info]Multi-thread E-Step: 10 iteration, likelihood=-8087487.12, converge to 0.00004797
[Info]Multi-thread E-Step: 20 iteration, likelihood=-8085410.99, converge to 0.00001664
[Info]Finish E-Step: 21 iteration, likelihood: -8085410.9949
[Info]M-step 2....
--------------------------
[Info]EM iteration 2: likelihood is -8085410.99, converges to 0.00121954...

====================
[Info]Start EM iteration 3....
[Info]Multi-thread E-Step: 0 iteration, likelihood=-8060486.17, converge to 1.00000000
[Info]Multi-thread E-Step: 10 iteration, likelihood=-8013975.57, converge to 0.00017611
[Info]Multi-thread E-Step: 20 iteration, likelihood=-8005771.33, converge to 0.00006965
[Info]Finish E-Step: 21 iteration, likelihood: -8005771.3301
[Info]M-step 3....
--------------------------
[Info]EM iteration 3: likelihood is -8005771.33, converges to 0.00984980...

====================
[Info]Start EM iteration 4....
[Info]Multi-thread E-Step: 0 iteration, likelihood=-7936112.34, converge to 1.00000000
[Info]Multi-thread E-Step: 10 iteration, likelihood=-7889961.96, converge to 0.00013873
[Info]Multi-thread E-Step: 20 iteration, likelihood=-7883067.10, converge to 0.00006134
[Info]Finish E-Step: 21 iteration, likelihood: -7883067.0994
[Info]M-step 4....
--------------------------
[Info]EM iteration 4: likelihood is -7883067.10, converges to 0.01532697...

====================
[Info]Start EM iteration 5....
[Info]Multi-thread E-Step: 0 iteration, likelihood=-7825561.41, converge to 1.00000000
[Info]Multi-thread E-Step: 10 iteration, likelihood=-7811706.82, converge to 0.00005149
[Info]Multi-thread E-Step: 20 iteration, likelihood=-7809115.13, converge to 0.00002233
[Info]Finish E-Step: 21 iteration, likelihood: -7809115.1272
[Info]M-step 5....
--------------------------
[Info]EM iteration 5: likelihood is -7809115.13, converges to 0.00938112...

====================
[Info]Start EM iteration 6....
[Info]Multi-thread E-Step: 0 iteration, likelihood=-7780840.56, converge to 1.00000000
[Info]Finish E-Step: 6 iteration, likelihood: -7780774.0757
[Info]M-step 6....
--------------------------
[Info]EM iteration 6: likelihood is -7780774.08, converges to 0.00362923...

====================
[Info]Start EM iteration 7....
[Info]Multi-thread E-Step: 0 iteration, likelihood=-7767575.50, converge to 1.00000000
[Info]Multi-thread E-Step: 10 iteration, likelihood=-7770131.64, converge to 0.00001010
[Info]Multi-thread E-Step: 20 iteration, likelihood=-7770586.67, converge to 0.00000368
[Info]Finish E-Step: 21 iteration, likelihood: -7770586.6677
[Info]M-step 7....
--------------------------
[Info]EM iteration 7: likelihood is -7770586.67, converges to 0.00130931...

====================
[Info]Start EM iteration 8....
[Info]Multi-thread E-Step: 0 iteration, likelihood=-7763104.76, converge to 1.00000000
[Info]Multi-thread E-Step: 10 iteration, likelihood=-7765788.15, converge to 0.00001336
[Info]Multi-thread E-Step: 20 iteration, likelihood=-7766357.04, converge to 0.00000414
[Info]Finish E-Step: 21 iteration, likelihood: -7766357.0389
[Info]M-step 8....
--------------------------
[Info]EM iteration 8: likelihood is -7766357.04, converges to 0.00054431...

====================
[Info]Start EM iteration 9....
[Info]Multi-thread E-Step: 0 iteration, likelihood=-7761705.45, converge to 1.00000000
[Info]Multi-thread E-Step: 10 iteration, likelihood=-7764038.21, converge to 0.00001205
[Info]Multi-thread E-Step: 20 iteration, likelihood=-7764517.52, converge to 0.00000319
[Info]Finish E-Step: 21 iteration, likelihood: -7764517.5191
[Info]M-step 9....
--------------------------
[Info]EM iteration 9: likelihood is -7764517.52, converges to 0.00023686...

====================
[Info]Start EM iteration 10....
[Info]Multi-thread E-Step: 0 iteration, likelihood=-7761338.59, converge to 1.00000000
[Info]Multi-thread E-Step: 10 iteration, likelihood=-7763338.00, converge to 0.00001020
[Info]Multi-thread E-Step: 20 iteration, likelihood=-7763721.52, converge to 0.00000237
[Info]Finish E-Step: 21 iteration, likelihood: -7763721.5200
[Info]M-step 10....
--------------------------
[Info]EM iteration 10: likelihood is -7763721.52, converges to 0.00010252...

====================
[Info]Start EM iteration 11....
[Info]Multi-thread E-Step: 0 iteration, likelihood=-7761451.64, converge to 1.00000000
[Info]Multi-thread E-Step: 10 iteration, likelihood=-7763190.69, converge to 0.00000835
[Info]Multi-thread E-Step: 20 iteration, likelihood=-7763482.58, converge to 0.00000163
[Info]Finish E-Step: 21 iteration, likelihood: -7763482.5830
[Info]M-step 11....
--------------------------
[Info]EM iteration 11: likelihood is -7763482.58, converges to 0.00003078...

====================
[Info]Start EM iteration 12....
[Info]Multi-thread E-Step: 0 iteration, likelihood=-7761751.29, converge to 1.00000000
[Info]Multi-thread E-Step: 10 iteration, likelihood=-7763246.08, converge to 0.00000669
[Info]Multi-thread E-Step: 20 iteration, likelihood=-7763462.82, converge to 0.00000112
[Info]Finish E-Step: 21 iteration, likelihood: -7763462.8235
[Info]M-step 12....
--------------------------
[Info]EM iteration 12: likelihood is -7763462.82, converges to 0.00000255...

====================
[Info]Start EM iteration 13....
[Info]Multi-thread E-Step: 0 iteration, likelihood=-7762109.69, converge to 1.00000000
[Info]Multi-thread E-Step: 10 iteration, likelihood=-7763424.71, converge to 0.00000537
[Info]Finish E-Step: 19 iteration, likelihood: -7763582.3161
[Info]M-step 13....
--------------------------
[Info]EM iteration 13: likelihood is -7763582.32, converges to 0.00001539...

====================
[Info]Start EM iteration 14....
[Info]Multi-thread E-Step: 0 iteration, likelihood=-7762490.51, converge to 1.00000000
[Info]Multi-thread E-Step: 10 iteration, likelihood=-7763619.73, converge to 0.00000428
[Info]Finish E-Step: 18 iteration, likelihood: -7763733.7035
[Info]M-step 14....
--------------------------
[Info]EM iteration 14: likelihood is -7763733.70, converges to 0.00001950...

====================
[Info]Start EM iteration 15....
[Info]Multi-thread E-Step: 0 iteration, likelihood=-7762770.79, converge to 1.00000000
[Info]Multi-thread E-Step: 10 iteration, likelihood=-7763743.68, converge to 0.00000337
[Info]Finish E-Step: 16 iteration, likelihood: -7763819.2171
[Info]M-step 15....
--------------------------
[Info]EM iteration 15: likelihood is -7763819.22, converges to 0.00001101...

====================
[Info]Start EM iteration 16....
[Info]Multi-thread E-Step: 0 iteration, likelihood=-7762913.92, converge to 1.00000000
[Info]Multi-thread E-Step: 10 iteration, likelihood=-7763752.51, converge to 0.00000271
[Info]Finish E-Step: 15 iteration, likelihood: -7763805.8420
[Info]M-step 16....
--------------------------
[Info]EM iteration 16: likelihood is -7763805.84, converges to 0.00000172...

====================
[Info]Start EM iteration 17....
[Info]Multi-thread E-Step: 0 iteration, likelihood=-7762960.42, converge to 1.00000000
[Info]Multi-thread E-Step: 10 iteration, likelihood=-7763697.51, converge to 0.00000219
[Info]Finish E-Step: 14 iteration, likelihood: -7763734.9027
[Info]M-step 17....
--------------------------
[Info]EM iteration 17: likelihood is -7763734.90, converges to 0.00000914...

====================
[Info]Start EM iteration 18....
[Info]Multi-thread E-Step: 0 iteration, likelihood=-7763006.33, converge to 1.00000000
[Info]Multi-thread E-Step: 10 iteration, likelihood=-7763665.53, converge to 0.00000179
[Info]Finish E-Step: 13 iteration, likelihood: -7763691.2602
[Info]M-step 18....
--------------------------
[Info]EM iteration 18: likelihood is -7763691.26, converges to 0.00000562...

====================
[Info]Start EM iteration 19....
[Info]Multi-thread E-Step: 0 iteration, likelihood=-7763104.59, converge to 1.00000000
[Info]Multi-thread E-Step: 10 iteration, likelihood=-7763697.80, converge to 0.00000156
[Info]Finish E-Step: 12 iteration, likelihood: -7763714.5920
[Info]M-step 19....
--------------------------
[Info]EM iteration 19: likelihood is -7763714.59, converges to 0.00000301...

====================
[Info]Start EM iteration 20....
[Info]Multi-thread E-Step: 0 iteration, likelihood=-7763252.98, converge to 1.00000000
[Info]Multi-thread E-Step: 10 iteration, likelihood=-7763791.85, converge to 0.00000134
[Info]Finish E-Step: 12 iteration, likelihood: -7763806.1204
[Info]M-step 20....
--------------------------
[Info]EM iteration 20: likelihood is -7763806.12, converges to 0.00001179...

====================
[Info]Start EM iteration 21....
[Info]Multi-thread E-Step: 0 iteration, likelihood=-7763429.86, converge to 1.00000000
[Info]Multi-thread E-Step: 10 iteration, likelihood=-7763920.15, converge to 0.00000111
[Info]Finish E-Step: 11 iteration, likelihood: -7763926.6517
[Info]M-step 21....
--------------------------
[Info]EM iteration 21: likelihood is -7763926.65, converges to 0.00001552...

====================
[Info]Start EM iteration 22....
[Info]Multi-thread E-Step: 0 iteration, likelihood=-7763590.77, converge to 1.00000000
[Info]Finish E-Step: 10 iteration, likelihood: -7764037.9448
[Info]M-step 22....
--------------------------
[Info]EM iteration 22: likelihood is -7764037.94, converges to 0.00001433...

====================
[Info]Start EM iteration 23....
[Info]Multi-thread E-Step: 0 iteration, likelihood=-7763713.32, converge to 1.00000000
[Info]Finish E-Step: 10 iteration, likelihood: -7764117.7670
[Info]M-step 23....
--------------------------
[Info]EM iteration 23: likelihood is -7764117.77, converges to 0.00001028...

====================
[Info]Start EM iteration 24....
[Info]Multi-thread E-Step: 0 iteration, likelihood=-7763804.44, converge to 1.00000000
[Info]Finish E-Step: 10 iteration, likelihood: -7764171.2433
[Info]M-step 24....
--------------------------
[Info]EM iteration 24: likelihood is -7764171.24, converges to 0.00000689...

====================
[Info]Start EM iteration 25....
[Info]Multi-thread E-Step: 0 iteration, likelihood=-7763885.07, converge to 1.00000000
[Info]Finish E-Step: 9 iteration, likelihood: -7764214.1580
[Info]M-step 25....
--------------------------
[Info]EM iteration 25: likelihood is -7764214.16, converges to 0.00000553...

====================
[Info]Start EM iteration 26....
[Info]Multi-thread E-Step: 0 iteration, likelihood=-7763928.74, converge to 1.00000000
[Info]Finish E-Step: 9 iteration, likelihood: -7764230.8868
[Info]M-step 26....
--------------------------
[Info]EM iteration 26: likelihood is -7764230.89, converges to 0.00000215...

====================
[Info]Start EM iteration 27....
[Info]Multi-thread E-Step: 0 iteration, likelihood=-7763939.75, converge to 1.00000000
[Info]Finish E-Step: 8 iteration, likelihood: -7764208.4084
[Info]M-step 27....
--------------------------
[Info]EM iteration 27: likelihood is -7764208.41, converges to 0.00000290...

====================
[Info]Start EM iteration 28....
[Info]Multi-thread E-Step: 0 iteration, likelihood=-7763929.83, converge to 1.00000000
[Info]Finish E-Step: 8 iteration, likelihood: -7764179.1313
[Info]M-step 28....
--------------------------
[Info]EM iteration 28: likelihood is -7764179.13, converges to 0.00000377...

====================
[Info]Start EM iteration 29....
[Info]Multi-thread E-Step: 0 iteration, likelihood=-7763903.42, converge to 1.00000000
[Info]Finish E-Step: 8 iteration, likelihood: -7764129.5506
[Info]M-step 29....
--------------------------
[Info]EM iteration 29: likelihood is -7764129.55, converges to 0.00000639...

[Info]Analying bipartie graph: 
-- test graph: review size: 5347, item size: 258, user size: 235
[Info]Start evaluation in thread
---likelihood: -2062598.6866911214
---likelihood: -2064959.2372612818
---likelihood: -2064804.0687215778
---likelihood: -2064960.5252551434
---likelihood: -2064652.181737056
---likelihood: -2064799.4611928675
---likelihood: -2064977.6200319356
---likelihood: -2064700.657939942
---likelihood: -2064602.751016086
---likelihood: -2065051.5989586888
---likelihood: -2064878.3618816747
---likelihood: -2064996.3772296656
---likelihood: -2064975.5894525007
---likelihood: -2064698.4047448144
---likelihood: -2065116.8997075614
---likelihood: -2064899.1273084688
---likelihood: -2064999.0051704857
---likelihood: -2064765.2210255004
---likelihood: -2064827.7365088284
---likelihood: -2064929.88676879
---likelihood: -2064807.3240588137
[Info]Inference finished: likelihood: -2064807.3241
[Stat]Test evaluation finished: 5347 docs
[Stat]0 part has 703.000000 docs: perplexity is 1656.994 and log-likelihood is -379.411
[Stat]1 part has 1467.000000 docs: perplexity is 1579.330 and log-likelihood is -403.244
[Stat]2 part has 1059.000000 docs: perplexity is 1393.886 and log-likelihood is -362.300
[Stat]3 part has 2118.000000 docs: perplexity is 1287.693 and log-likelihood is -389.009
[Stat]4 part has 5347.000000 docs: perplexity is 1423.918 and log-likelihood is -386.162
[Info]ETBIR_User[k:5, alpha:1.01000, beta:1.00100, simga:1.01000, rho:1.01000, item~N(1.00000, 1.00000), user~N(1.00000, 1.00000)]
 Train/Test SUCCEED in 343.05 seconds...
TopWord FilePath:/home/ll5fy/TUIR/dataset/amazon_movie/byUser_70k_review/output/5foldsCVColdstart/0/ETBIR_User_topWords_5.txt
Topic 0(0.17481):	bond(0.01383)	king(0.00870)	battl(0.00669)	jame(0.00615)	robert(0.00500)	frank(0.00478)	citi(0.00450)	father(0.00438)	epic(0.00409)	tale(0.00398)	lost(0.00394)	histori(0.00372)	brother(0.00367)	kidman(0.00367)	bill(0.00364)	island(0.00352)	sequenc(0.00349)	york(0.00348)	shot(0.00347)	daniel(0.00343)	matt(0.00342)	race(0.00337)	violenc(0.00332)	oscar(0.00331)	ring(0.00318)	alexand(0.00314)	sean(0.00307)	pitt(0.00293)	gang(0.00293)	hollywood(0.00279)	
Topic 1(0.17559):	edit(0.01210)	commentari(0.00881)	visual(0.00806)	audio(0.00710)	qualiti(0.00670)	song(0.00661)	product(0.00661)	video(0.00640)	disc(0.00631)	anim(0.00604)	amaz(0.00566)	digit(0.00548)	depp(0.00541)	documentari(0.00477)	oscar(0.00468)	johnni(0.00468)	magic(0.00457)	matrix(0.00451)	theatric(0.00449)	black(0.00442)	potter(0.00437)	delet(0.00409)	featurett(0.00409)	rate(0.00399)	interview(0.00380)	voic(0.00378)	brilliant(0.00376)	sing(0.00371)	transfer(0.00365)	soundtrack(0.00365)	
Topic 2(0.18767):	comedi(0.01314)	humor(0.00878)	laugh(0.00831)	hero(0.00733)	bruce(0.00686)	jone(0.00630)	return(0.00611)	villain(0.00597)	peter(0.00561)	episod(0.00510)	spiderman(0.00494)	serious(0.00489)	hilari(0.00467)	superhero(0.00449)	anim(0.00417)	evil(0.00397)	sequenc(0.00391)	xmen(0.00378)	save(0.00365)	joke(0.00359)	favorit(0.00349)	father(0.00346)	romant(0.00336)	iron(0.00334)	voic(0.00323)	hulk(0.00312)	amaz(0.00311)	william(0.00308)	luca(0.00304)	michael(0.00299)	
Topic 3(0.23519):	hous(0.01027)	night(0.00994)	dead(0.00957)	remak(0.00713)	michael(0.00693)	quot(0.00644)	town(0.00600)	flick(0.00561)	killer(0.00537)	daughter(0.00531)	suspens(0.00511)	monster(0.00505)	blood(0.00480)	twist(0.00446)	gore(0.00441)	evil(0.00437)	creatur(0.00413)	halloween(0.00411)	mother(0.00408)	genr(0.00402)	game(0.00376)	strang(0.00375)	room(0.00368)	talk(0.00356)	bore(0.00344)	ghost(0.00335)	thriller(0.00325)	jack(0.00317)	atmospher(0.00308)	blade(0.00308)	
Topic 4(0.22674):	earth(0.00582)	polit(0.00501)	save(0.00423)	fiction(0.00422)	ship(0.00367)	futur(0.00357)	countri(0.00356)	robot(0.00354)	planet(0.00351)	crew(0.00341)	case(0.00330)	govern(0.00329)	unit(0.00319)	natur(0.00317)	histori(0.00314)	order(0.00313)	mission(0.00301)	moor(0.00300)	trek(0.00299)	understand(0.00298)	drug(0.00297)	soldier(0.00290)	side(0.00287)	situat(0.00286)	drama(0.00279)	control(0.00276)	manag(0.00276)	militari(0.00275)	societi(0.00272)	intellig(0.00270)	
237 users are loaded from /home/ll5fy/TUIR/dataset/amazon_movie/byUser_70k_review/5foldsCVColdstart/1/...
235 users are loaded from /home/ll5fy/TUIR/dataset/amazon_movie/byUser_70k_review/5foldsCVColdstart/0/...
248 users are loaded from /home/ll5fy/TUIR/dataset/amazon_movie/byUser_70k_review/5foldsCVColdstart/2/...
251 users are loaded from /home/ll5fy/TUIR/dataset/amazon_movie/byUser_70k_review/5foldsCVColdstart/3/...
240 users are loaded from /home/ll5fy/TUIR/dataset/amazon_movie/byUser_70k_review/5foldsCVColdstart/4/...
====================
[Info]Fold No. 1: 
[Info]Analzying corpus: 
...........-- Global corpus: vocabulary size: 7680, review size: 26309, item size: 838, user size: 835
train size = 21478, test size = 4831....
[Info]Analying bipartie graph: 
-- train graph: review size: 21478, item size: 750, user size: 743
ETBIR_User[k:5, alpha:1.01000, beta:1.00100, simga:1.01000, rho:1.01000, item~N(1.00000, 1.00000), user~N(1.00000, 1.00000)]

[Info]Initializing documents...
[Info]Initializing users...
[Info]Initializing items...
[Info]Initializing ETBIR model...
====================
[Info]Start EM iteration 1....
[Info]Multi-thread E-Step: 0 iteration, likelihood=-8285596.67, converge to 1.00000000
[Info]Multi-thread E-Step: 10 iteration, likelihood=-8442630.99, converge to 0.00013358
[Info]Multi-thread E-Step: 20 iteration, likelihood=-8450568.52, converge to 0.00007580
[Info]Finish E-Step: 21 iteration, likelihood: -8450568.5205
[Info]M-step 1....
--------------------------
[Info]EM iteration 1: likelihood is -8450568.52, converges to 8450569.52046191...

====================
[Info]Start EM iteration 2....
[Info]Multi-thread E-Step: 0 iteration, likelihood=-8448861.79, converge to 1.00000000
[Info]Multi-thread E-Step: 10 iteration, likelihood=-8441549.71, converge to 0.00005419
[Info]Multi-thread E-Step: 20 iteration, likelihood=-8438700.22, converge to 0.00002379
[Info]Finish E-Step: 21 iteration, likelihood: -8438700.2231
[Info]M-step 2....
--------------------------
[Info]EM iteration 2: likelihood is -8438700.22, converges to 0.00140444...

====================
[Info]Start EM iteration 3....
[Info]Multi-thread E-Step: 0 iteration, likelihood=-8412655.62, converge to 1.00000000
[Info]Multi-thread E-Step: 10 iteration, likelihood=-8357872.34, converge to 0.00020388
[Info]Multi-thread E-Step: 20 iteration, likelihood=-8348023.42, converge to 0.00008048
[Info]Finish E-Step: 21 iteration, likelihood: -8348023.4213
[Info]M-step 3....
--------------------------
[Info]EM iteration 3: likelihood is -8348023.42, converges to 0.01074535...

====================
[Info]Start EM iteration 4....
[Info]Multi-thread E-Step: 0 iteration, likelihood=-8268620.87, converge to 1.00000000
[Info]Multi-thread E-Step: 10 iteration, likelihood=-8219484.29, converge to 0.00014712
[Info]Multi-thread E-Step: 20 iteration, likelihood=-8211770.63, converge to 0.00006580
[Info]Finish E-Step: 21 iteration, likelihood: -8211770.6306
[Info]M-step 4....
--------------------------
[Info]EM iteration 4: likelihood is -8211770.63, converges to 0.01632156...

====================
[Info]Start EM iteration 5....
[Info]Multi-thread E-Step: 0 iteration, likelihood=-8155715.75, converge to 1.00000000
[Info]Multi-thread E-Step: 10 iteration, likelihood=-8145029.38, converge to 0.00004404
[Info]Multi-thread E-Step: 20 iteration, likelihood=-8142705.30, converge to 0.00001916
[Info]Finish E-Step: 21 iteration, likelihood: -8142705.2970
[Info]M-step 5....
--------------------------
[Info]EM iteration 5: likelihood is -8142705.30, converges to 0.00841053...

====================
[Info]Start EM iteration 6....
[Info]Multi-thread E-Step: 0 iteration, likelihood=-8118500.07, converge to 1.00000000
[Info]Multi-thread E-Step: 10 iteration, likelihood=-8120098.82, converge to 0.00000602
[Info]Multi-thread E-Step: 20 iteration, likelihood=-8120335.54, converge to 0.00000158
[Info]Finish E-Step: 21 iteration, likelihood: -8120335.5406
[Info]M-step 6....
--------------------------
[Info]EM iteration 6: likelihood is -8120335.54, converges to 0.00274721...

====================
[Info]Start EM iteration 7....
[Info]Multi-thread E-Step: 0 iteration, likelihood=-8108623.50, converge to 1.00000000
[Info]Multi-thread E-Step: 10 iteration, likelihood=-8112045.38, converge to 0.00001705
[Info]Multi-thread E-Step: 20 iteration, likelihood=-8112825.04, converge to 0.00000562
[Info]Finish E-Step: 21 iteration, likelihood: -8112825.0429
[Info]M-step 7....
--------------------------
[Info]EM iteration 7: likelihood is -8112825.04, converges to 0.00092490...

====================
[Info]Start EM iteration 8....
[Info]Multi-thread E-Step: 0 iteration, likelihood=-8106261.97, converge to 1.00000000
[Info]Multi-thread E-Step: 10 iteration, likelihood=-8109591.50, converge to 0.00001728
[Info]Multi-thread E-Step: 20 iteration, likelihood=-8110343.02, converge to 0.00000501
[Info]Finish E-Step: 21 iteration, likelihood: -8110343.0172
[Info]M-step 8....
--------------------------
[Info]EM iteration 8: likelihood is -8110343.02, converges to 0.00030594...

====================
[Info]Start EM iteration 9....
[Info]Multi-thread E-Step: 0 iteration, likelihood=-8106182.39, converge to 1.00000000
[Info]Multi-thread E-Step: 10 iteration, likelihood=-8108998.73, converge to 0.00001427
[Info]Multi-thread E-Step: 20 iteration, likelihood=-8109583.62, converge to 0.00000355
[Info]Finish E-Step: 21 iteration, likelihood: -8109583.6167
[Info]M-step 9....
--------------------------
[Info]EM iteration 9: likelihood is -8109583.62, converges to 0.00009363...

====================
[Info]Start EM iteration 10....
[Info]Multi-thread E-Step: 0 iteration, likelihood=-8106673.28, converge to 1.00000000
[Info]Multi-thread E-Step: 10 iteration, likelihood=-8109002.63, converge to 0.00001141
[Info]Multi-thread E-Step: 20 iteration, likelihood=-8109447.36, converge to 0.00000251
[Info]Finish E-Step: 21 iteration, likelihood: -8109447.3591
[Info]M-step 10....
--------------------------
[Info]EM iteration 10: likelihood is -8109447.36, converges to 0.00001680...

====================
[Info]Start EM iteration 11....
[Info]Multi-thread E-Step: 0 iteration, likelihood=-8107313.91, converge to 1.00000000
[Info]Multi-thread E-Step: 10 iteration, likelihood=-8109289.41, converge to 0.00000936
[Info]Multi-thread E-Step: 20 iteration, likelihood=-8109632.71, converge to 0.00000191
[Info]Finish E-Step: 21 iteration, likelihood: -8109632.7118
[Info]M-step 11....
--------------------------
[Info]EM iteration 11: likelihood is -8109632.71, converges to 0.00002286...

====================
[Info]Start EM iteration 12....
[Info]Multi-thread E-Step: 0 iteration, likelihood=-8107972.41, converge to 1.00000000
[Info]Multi-thread E-Step: 10 iteration, likelihood=-8109688.60, converge to 0.00000762
[Info]Multi-thread E-Step: 20 iteration, likelihood=-8109953.61, converge to 0.00000136
[Info]Finish E-Step: 21 iteration, likelihood: -8109953.6061
[Info]M-step 12....
--------------------------
[Info]EM iteration 12: likelihood is -8109953.61, converges to 0.00003957...

====================
[Info]Start EM iteration 13....
[Info]Multi-thread E-Step: 0 iteration, likelihood=-8108606.10, converge to 1.00000000
[Info]Multi-thread E-Step: 10 iteration, likelihood=-8110062.99, converge to 0.00000587
[Info]Multi-thread E-Step: 20 iteration, likelihood=-8110258.47, converge to 0.00000103
[Info]Finish E-Step: 21 iteration, likelihood: -8110258.4734
[Info]M-step 13....
--------------------------
[Info]EM iteration 13: likelihood is -8110258.47, converges to 0.00003759...

====================
[Info]Start EM iteration 14....
[Info]Multi-thread E-Step: 0 iteration, likelihood=-8109024.93, converge to 1.00000000
[Info]Multi-thread E-Step: 10 iteration, likelihood=-8110254.62, converge to 0.00000462
[Info]Finish E-Step: 19 iteration, likelihood: -8110396.0132
[Info]M-step 14....
--------------------------
[Info]EM iteration 14: likelihood is -8110396.01, converges to 0.00001696...

====================
[Info]Start EM iteration 15....
[Info]Multi-thread E-Step: 0 iteration, likelihood=-8109290.06, converge to 1.00000000
[Info]Multi-thread E-Step: 10 iteration, likelihood=-8110365.19, converge to 0.00000375
[Info]Finish E-Step: 17 iteration, likelihood: -8110466.7876
[Info]M-step 15....
--------------------------
[Info]EM iteration 15: likelihood is -8110466.79, converges to 0.00000873...

====================
[Info]Start EM iteration 16....
[Info]Multi-thread E-Step: 0 iteration, likelihood=-8109532.90, converge to 1.00000000
[Info]Multi-thread E-Step: 10 iteration, likelihood=-8110489.30, converge to 0.00000315
[Info]Finish E-Step: 16 iteration, likelihood: -8110567.0074
[Info]M-step 16....
--------------------------
[Info]EM iteration 16: likelihood is -8110567.01, converges to 0.00001236...

====================
[Info]Start EM iteration 17....
[Info]Multi-thread E-Step: 0 iteration, likelihood=-8109764.78, converge to 1.00000000
[Info]Multi-thread E-Step: 10 iteration, likelihood=-8110601.40, converge to 0.00000259
[Info]Finish E-Step: 15 iteration, likelihood: -8110658.6124
[Info]M-step 17....
--------------------------
[Info]EM iteration 17: likelihood is -8110658.61, converges to 0.00001129...

====================
[Info]Start EM iteration 18....
[Info]Multi-thread E-Step: 0 iteration, likelihood=-8110028.41, converge to 1.00000000
[Info]Multi-thread E-Step: 10 iteration, likelihood=-8110786.13, converge to 0.00000219
[Info]Finish E-Step: 14 iteration, likelihood: -8110828.2036
[Info]M-step 18....
--------------------------
[Info]EM iteration 18: likelihood is -8110828.20, converges to 0.00002091...

====================
[Info]Start EM iteration 19....
[Info]Multi-thread E-Step: 0 iteration, likelihood=-8110283.46, converge to 1.00000000
[Info]Multi-thread E-Step: 10 iteration, likelihood=-8110945.11, converge to 0.00000175
[Info]Finish E-Step: 13 iteration, likelihood: -8110971.7646
[Info]M-step 19....
--------------------------
[Info]EM iteration 19: likelihood is -8110971.76, converges to 0.00001770...

====================
[Info]Start EM iteration 20....
[Info]Multi-thread E-Step: 0 iteration, likelihood=-8110385.69, converge to 1.00000000
[Info]Multi-thread E-Step: 10 iteration, likelihood=-8110944.58, converge to 0.00000133
[Info]Finish E-Step: 12 iteration, likelihood: -8110958.6069
[Info]M-step 20....
--------------------------
[Info]EM iteration 20: likelihood is -8110958.61, converges to 0.00000162...

====================
[Info]Start EM iteration 21....
[Info]Multi-thread E-Step: 0 iteration, likelihood=-8110377.77, converge to 1.00000000
[Info]Multi-thread E-Step: 10 iteration, likelihood=-8110893.35, converge to 0.00000110
[Info]Finish E-Step: 11 iteration, likelihood: -8110900.0425
[Info]M-step 21....
--------------------------
[Info]EM iteration 21: likelihood is -8110900.04, converges to 0.00000722...

====================
[Info]Start EM iteration 22....
[Info]Multi-thread E-Step: 0 iteration, likelihood=-8110321.25, converge to 1.00000000
[Info]Finish E-Step: 10 iteration, likelihood: -8110786.2200
[Info]M-step 22....
--------------------------
[Info]EM iteration 22: likelihood is -8110786.22, converges to 0.00001403...

====================
[Info]Start EM iteration 23....
[Info]Multi-thread E-Step: 0 iteration, likelihood=-8110248.00, converge to 1.00000000
[Info]Finish E-Step: 10 iteration, likelihood: -8110667.4749
[Info]M-step 23....
--------------------------
[Info]EM iteration 23: likelihood is -8110667.47, converges to 0.00001464...

====================
[Info]Start EM iteration 24....
[Info]Multi-thread E-Step: 0 iteration, likelihood=-8110094.19, converge to 1.00000000
[Info]Finish E-Step: 9 iteration, likelihood: -8110462.5530
[Info]M-step 24....
--------------------------
[Info]EM iteration 24: likelihood is -8110462.55, converges to 0.00002527...

====================
[Info]Start EM iteration 25....
[Info]Multi-thread E-Step: 0 iteration, likelihood=-8109880.02, converge to 1.00000000
[Info]Finish E-Step: 9 iteration, likelihood: -8110212.8956
[Info]M-step 25....
--------------------------
[Info]EM iteration 25: likelihood is -8110212.90, converges to 0.00003078...

====================
[Info]Start EM iteration 26....
[Info]Multi-thread E-Step: 0 iteration, likelihood=-8109677.17, converge to 1.00000000
[Info]Finish E-Step: 8 iteration, likelihood: -8109975.4074
[Info]M-step 26....
--------------------------
[Info]EM iteration 26: likelihood is -8109975.41, converges to 0.00002928...

====================
[Info]Start EM iteration 27....
[Info]Multi-thread E-Step: 0 iteration, likelihood=-8109511.78, converge to 1.00000000
[Info]Finish E-Step: 8 iteration, likelihood: -8109787.6213
[Info]M-step 27....
--------------------------
[Info]EM iteration 27: likelihood is -8109787.62, converges to 0.00002315...

====================
[Info]Start EM iteration 28....
[Info]Multi-thread E-Step: 0 iteration, likelihood=-8109372.93, converge to 1.00000000
[Info]Finish E-Step: 8 iteration, likelihood: -8109625.7021
[Info]M-step 28....
--------------------------
[Info]EM iteration 28: likelihood is -8109625.70, converges to 0.00001997...

====================
[Info]Start EM iteration 29....
[Info]Multi-thread E-Step: 0 iteration, likelihood=-8109243.55, converge to 1.00000000
[Info]Finish E-Step: 7 iteration, likelihood: -8109468.6278
[Info]M-step 29....
--------------------------
[Info]EM iteration 29: likelihood is -8109468.63, converges to 0.00001937...

[Info]Analying bipartie graph: 
-- test graph: review size: 4831, item size: 245, user size: 237
[Info]Start evaluation in thread
---likelihood: -1731555.0596902454
---likelihood: -1733494.4856150986
---likelihood: -1733453.1250772078
[Info]Inference finished: likelihood: -1733453.3473
[Stat]Test evaluation finished: 4831 docs
[Stat]0 part has 752.000000 docs: perplexity is 1556.003 and log-likelihood is -361.063
[Stat]1 part has 1116.000000 docs: perplexity is 1528.760 and log-likelihood is -368.424
[Stat]2 part has 1144.000000 docs: perplexity is 1643.996 and log-likelihood is -344.800
[Stat]3 part has 1819.000000 docs: perplexity is 1533.680 and log-likelihood is -361.392
[Stat]4 part has 4831.000000 docs: perplexity is 1553.338 and log-likelihood is -358.819
[Info]ETBIR_User[k:5, alpha:1.01000, beta:1.00100, simga:1.01000, rho:1.01000, item~N(1.00000, 1.00000), user~N(1.00000, 1.00000)]
 Train/Test SUCCEED in 359.51 seconds...
TopWord FilePath:/home/ll5fy/TUIR/dataset/amazon_movie/byUser_70k_review/output/5foldsCVColdstart/1/ETBIR_User_topWords_5.txt
Topic 0(0.22790):	dead(0.00802)	violenc(0.00685)	thriller(0.00653)	suspens(0.00644)	hous(0.00633)	killer(0.00539)	night(0.00539)	blood(0.00498)	twist(0.00496)	evil(0.00453)	gore(0.00399)	genr(0.00396)	shot(0.00383)	potter(0.00372)	case(0.00362)	town(0.00360)	daughter(0.00348)	david(0.00343)	polic(0.00343)	fear(0.00343)	victim(0.00342)	game(0.00331)	camera(0.00325)	remak(0.00325)	prison(0.00320)	room(0.00319)	tension(0.00317)	brother(0.00303)	flick(0.00298)	villag(0.00296)	
Topic 1(0.21895):	comedi(0.01170)	michael(0.00880)	laugh(0.00851)	quot(0.00768)	humor(0.00675)	night(0.00540)	mother(0.00526)	hilari(0.00482)	daughter(0.00460)	hous(0.00421)	bore(0.00398)	serious(0.00394)	song(0.00388)	joke(0.00380)	talk(0.00371)	romant(0.00371)	rent(0.00367)	halloween(0.00362)	sister(0.00360)	remak(0.00357)	voic(0.00352)	father(0.00352)	talent(0.00343)	stupid(0.00341)	willi(0.00338)	money(0.00337)	kidman(0.00327)	dream(0.00325)	rock(0.00325)	manag(0.00320)	
Topic 2(0.16917):	edit(0.01426)	bond(0.01282)	commentari(0.00962)	jame(0.00786)	video(0.00758)	audio(0.00753)	product(0.00693)	qualiti(0.00665)	disc(0.00646)	digit(0.00556)	episod(0.00541)	documentari(0.00501)	interview(0.00499)	return(0.00488)	visual(0.00478)	theatric(0.00465)	oscar(0.00454)	delet(0.00453)	featurett(0.00450)	track(0.00413)	hugh(0.00412)	shot(0.00406)	sequenc(0.00406)	talk(0.00392)	produc(0.00389)	anim(0.00388)	georg(0.00369)	kevin(0.00365)	amaz(0.00361)	brilliant(0.00347)	
Topic 3(0.19445):	king(0.00882)	earth(0.00786)	peter(0.00741)	ship(0.00597)	citi(0.00576)	visual(0.00574)	bruce(0.00572)	battl(0.00556)	villain(0.00496)	robot(0.00488)	jone(0.00486)	hero(0.00481)	planet(0.00477)	sequenc(0.00467)	depp(0.00464)	save(0.00459)	captain(0.00455)	spiderman(0.00444)	crew(0.00434)	amaz(0.00433)	return(0.00423)	monster(0.00422)	jack(0.00409)	superhero(0.00402)	evil(0.00358)	creatur(0.00352)	cool(0.00348)	johnni(0.00347)	pirat(0.00341)	lord(0.00340)	
Topic 4(0.18954):	polit(0.00605)	histori(0.00538)	countri(0.00463)	anim(0.00462)	battl(0.00450)	iron(0.00446)	hero(0.00415)	soldier(0.00415)	general(0.00393)	govern(0.00392)	support(0.00369)	hollywood(0.00366)	robert(0.00351)	presid(0.00350)	washington(0.00339)	unit(0.00331)	oscar(0.00330)	histor(0.00329)	public(0.00327)	side(0.00319)	militari(0.00310)	toni(0.00309)	natur(0.00308)	moor(0.00308)	father(0.00289)	black(0.00287)	cameron(0.00286)	crow(0.00286)	simpli(0.00283)	cultur(0.00272)	
248 users are loaded from /home/ll5fy/TUIR/dataset/amazon_movie/byUser_70k_review/5foldsCVColdstart/2/...
235 users are loaded from /home/ll5fy/TUIR/dataset/amazon_movie/byUser_70k_review/5foldsCVColdstart/0/...
237 users are loaded from /home/ll5fy/TUIR/dataset/amazon_movie/byUser_70k_review/5foldsCVColdstart/1/...
251 users are loaded from /home/ll5fy/TUIR/dataset/amazon_movie/byUser_70k_review/5foldsCVColdstart/3/...
240 users are loaded from /home/ll5fy/TUIR/dataset/amazon_movie/byUser_70k_review/5foldsCVColdstart/4/...
====================
[Info]Fold No. 2: 
[Info]Analzying corpus: 
...........-- Global corpus: vocabulary size: 7680, review size: 26309, item size: 838, user size: 835
train size = 21326, test size = 4983....
[Info]Analying bipartie graph: 
-- train graph: review size: 21326, item size: 768, user size: 741
ETBIR_User[k:5, alpha:1.01000, beta:1.00100, simga:1.01000, rho:1.01000, item~N(1.00000, 1.00000), user~N(1.00000, 1.00000)]

[Info]Initializing documents...
[Info]Initializing users...
[Info]Initializing items...
[Info]Initializing ETBIR model...
====================
[Info]Start EM iteration 1....
[Info]Multi-thread E-Step: 0 iteration, likelihood=-8131014.35, converge to 1.00000000
[Info]Multi-thread E-Step: 10 iteration, likelihood=-8282374.99, converge to 0.00013243
[Info]Multi-thread E-Step: 20 iteration, likelihood=-8290085.18, converge to 0.00007452
[Info]Finish E-Step: 21 iteration, likelihood: -8290085.1763
[Info]M-step 1....
--------------------------
[Info]EM iteration 1: likelihood is -8290085.18, converges to 8290086.17634933...

====================
[Info]Start EM iteration 2....
[Info]Multi-thread E-Step: 0 iteration, likelihood=-8287980.07, converge to 1.00000000
[Info]Multi-thread E-Step: 10 iteration, likelihood=-8276947.01, converge to 0.00007220
[Info]Multi-thread E-Step: 20 iteration, likelihood=-8273520.95, converge to 0.00002795
[Info]Finish E-Step: 21 iteration, likelihood: -8273520.9473
[Info]M-step 2....
--------------------------
[Info]EM iteration 2: likelihood is -8273520.95, converges to 0.00199808...

====================
[Info]Start EM iteration 3....
[Info]Multi-thread E-Step: 0 iteration, likelihood=-8240469.18, converge to 1.00000000
[Info]Multi-thread E-Step: 10 iteration, likelihood=-8187086.21, converge to 0.00019808
[Info]Multi-thread E-Step: 20 iteration, likelihood=-8177591.73, converge to 0.00007892
[Info]Finish E-Step: 21 iteration, likelihood: -8177591.7346
[Info]M-step 3....
--------------------------
[Info]EM iteration 3: likelihood is -8177591.73, converges to 0.01159473...

====================
[Info]Start EM iteration 4....
[Info]Multi-thread E-Step: 0 iteration, likelihood=-8104796.34, converge to 1.00000000
[Info]Multi-thread E-Step: 10 iteration, likelihood=-8060739.00, converge to 0.00013577
[Info]Multi-thread E-Step: 20 iteration, likelihood=-8053781.91, converge to 0.00006069
[Info]Finish E-Step: 21 iteration, likelihood: -8053781.9099
[Info]M-step 4....
--------------------------
[Info]EM iteration 4: likelihood is -8053781.91, converges to 0.01514013...

====================
[Info]Start EM iteration 5....
[Info]Multi-thread E-Step: 0 iteration, likelihood=-8001021.86, converge to 1.00000000
[Info]Multi-thread E-Step: 10 iteration, likelihood=-7990053.68, converge to 0.00004462
[Info]Multi-thread E-Step: 20 iteration, likelihood=-7987719.31, converge to 0.00001975
[Info]Finish E-Step: 21 iteration, likelihood: -7987719.3125
[Info]M-step 5....
--------------------------
[Info]EM iteration 5: likelihood is -7987719.31, converges to 0.00820268...

====================
[Info]Start EM iteration 6....
[Info]Multi-thread E-Step: 0 iteration, likelihood=-7963670.42, converge to 1.00000000
[Info]Multi-thread E-Step: 10 iteration, likelihood=-7964798.95, converge to 0.00000430
[Info]Finish E-Step: 18 iteration, likelihood: -7964930.7104
[Info]M-step 6....
--------------------------
[Info]EM iteration 6: likelihood is -7964930.71, converges to 0.00285295...

====================
[Info]Start EM iteration 7....
[Info]Multi-thread E-Step: 0 iteration, likelihood=-7954135.09, converge to 1.00000000
[Info]Multi-thread E-Step: 10 iteration, likelihood=-7957646.72, converge to 0.00001757
[Info]Multi-thread E-Step: 20 iteration, likelihood=-7958413.00, converge to 0.00000547
[Info]Finish E-Step: 21 iteration, likelihood: -7958412.9962
[Info]M-step 7....
--------------------------
[Info]EM iteration 7: likelihood is -7958413.00, converges to 0.00081830...

====================
[Info]Start EM iteration 8....
[Info]Multi-thread E-Step: 0 iteration, likelihood=-7952898.55, converge to 1.00000000
[Info]Multi-thread E-Step: 10 iteration, likelihood=-7956319.85, converge to 0.00001750
[Info]Multi-thread E-Step: 20 iteration, likelihood=-7957048.70, converge to 0.00000484
[Info]Finish E-Step: 21 iteration, likelihood: -7957048.7025
[Info]M-step 8....
--------------------------
[Info]EM iteration 8: likelihood is -7957048.70, converges to 0.00017143...

====================
[Info]Start EM iteration 9....
[Info]Multi-thread E-Step: 0 iteration, likelihood=-7953833.46, converge to 1.00000000
[Info]Multi-thread E-Step: 10 iteration, likelihood=-7956702.88, converge to 0.00001420
[Info]Multi-thread E-Step: 20 iteration, likelihood=-7957270.63, converge to 0.00000363
[Info]Finish E-Step: 21 iteration, likelihood: -7957270.6339
[Info]M-step 9....
--------------------------
[Info]EM iteration 9: likelihood is -7957270.63, converges to 0.00002789...

====================
[Info]Start EM iteration 10....
[Info]Multi-thread E-Step: 0 iteration, likelihood=-7955167.24, converge to 1.00000000
[Info]Multi-thread E-Step: 10 iteration, likelihood=-7957534.95, converge to 0.00001114
[Info]Multi-thread E-Step: 20 iteration, likelihood=-7957958.77, converge to 0.00000257
[Info]Finish E-Step: 21 iteration, likelihood: -7957958.7698
[Info]M-step 10....
--------------------------
[Info]EM iteration 10: likelihood is -7957958.77, converges to 0.00008648...

====================
[Info]Start EM iteration 11....
[Info]Multi-thread E-Step: 0 iteration, likelihood=-7956406.01, converge to 1.00000000
[Info]Multi-thread E-Step: 10 iteration, likelihood=-7958337.10, converge to 0.00000876
[Info]Multi-thread E-Step: 20 iteration, likelihood=-7958654.92, converge to 0.00000188
[Info]Finish E-Step: 21 iteration, likelihood: -7958654.9189
[Info]M-step 11....
--------------------------
[Info]EM iteration 11: likelihood is -7958654.92, converges to 0.00008748...

====================
[Info]Start EM iteration 12....
[Info]Multi-thread E-Step: 0 iteration, likelihood=-7957379.90, converge to 1.00000000
[Info]Multi-thread E-Step: 10 iteration, likelihood=-7959015.15, converge to 0.00000704
[Info]Multi-thread E-Step: 20 iteration, likelihood=-7959261.35, converge to 0.00000140
[Info]Finish E-Step: 21 iteration, likelihood: -7959261.3464
[Info]M-step 12....
--------------------------
[Info]EM iteration 12: likelihood is -7959261.35, converges to 0.00007620...

====================
[Info]Start EM iteration 13....
[Info]Multi-thread E-Step: 0 iteration, likelihood=-7958166.74, converge to 1.00000000
[Info]Multi-thread E-Step: 10 iteration, likelihood=-7959564.82, converge to 0.00000581
[Info]Multi-thread E-Step: 20 iteration, likelihood=-7959759.78, converge to 0.00000109
[Info]Finish E-Step: 21 iteration, likelihood: -7959759.7763
[Info]M-step 13....
--------------------------
[Info]EM iteration 13: likelihood is -7959759.78, converges to 0.00006262...

====================
[Info]Start EM iteration 14....
[Info]Multi-thread E-Step: 0 iteration, likelihood=-7958744.34, converge to 1.00000000
[Info]Multi-thread E-Step: 10 iteration, likelihood=-7959954.10, converge to 0.00000479
[Info]Finish E-Step: 19 iteration, likelihood: -7960102.8187
[Info]M-step 14....
--------------------------
[Info]EM iteration 14: likelihood is -7960102.82, converges to 0.00004310...

====================
[Info]Start EM iteration 15....
[Info]Multi-thread E-Step: 0 iteration, likelihood=-7959147.36, converge to 1.00000000
[Info]Multi-thread E-Step: 10 iteration, likelihood=-7960201.73, converge to 0.00000389
[Info]Finish E-Step: 17 iteration, likelihood: -7960305.3017
[Info]M-step 15....
--------------------------
[Info]EM iteration 15: likelihood is -7960305.30, converges to 0.00002544...

====================
[Info]Start EM iteration 16....
[Info]Multi-thread E-Step: 0 iteration, likelihood=-7959461.60, converge to 1.00000000
[Info]Multi-thread E-Step: 10 iteration, likelihood=-7960397.39, converge to 0.00000324
[Info]Finish E-Step: 16 iteration, likelihood: -7960473.9484
[Info]M-step 16....
--------------------------
[Info]EM iteration 16: likelihood is -7960473.95, converges to 0.00002119...

====================
[Info]Start EM iteration 17....
[Info]Multi-thread E-Step: 0 iteration, likelihood=-7959727.12, converge to 1.00000000
[Info]Multi-thread E-Step: 10 iteration, likelihood=-7960564.12, converge to 0.00000271
[Info]Finish E-Step: 15 iteration, likelihood: -7960621.9028
[Info]M-step 17....
--------------------------
[Info]EM iteration 17: likelihood is -7960621.90, converges to 0.00001859...

====================
[Info]Start EM iteration 18....
[Info]Multi-thread E-Step: 0 iteration, likelihood=-7959943.13, converge to 1.00000000
[Info]Multi-thread E-Step: 10 iteration, likelihood=-7960700.40, converge to 0.00000229
[Info]Finish E-Step: 14 iteration, likelihood: -7960741.8042
[Info]M-step 18....
--------------------------
[Info]EM iteration 18: likelihood is -7960741.80, converges to 0.00001506...

====================
[Info]Start EM iteration 19....
[Info]Multi-thread E-Step: 0 iteration, likelihood=-7960075.33, converge to 1.00000000
[Info]Multi-thread E-Step: 10 iteration, likelihood=-7960757.69, converge to 0.00000195
[Info]Finish E-Step: 13 iteration, likelihood: -7960786.2230
[Info]M-step 19....
--------------------------
[Info]EM iteration 19: likelihood is -7960786.22, converges to 0.00000558...

====================
[Info]Start EM iteration 20....
[Info]Multi-thread E-Step: 0 iteration, likelihood=-7960105.96, converge to 1.00000000
[Info]Multi-thread E-Step: 10 iteration, likelihood=-7960719.41, converge to 0.00000168
[Info]Finish E-Step: 13 iteration, likelihood: -7960743.9185
[Info]M-step 20....
--------------------------
[Info]EM iteration 20: likelihood is -7960743.92, converges to 0.00000531...

====================
[Info]Start EM iteration 21....
[Info]Multi-thread E-Step: 0 iteration, likelihood=-7960158.86, converge to 1.00000000
[Info]Multi-thread E-Step: 10 iteration, likelihood=-7960728.33, converge to 0.00000142
[Info]Finish E-Step: 12 iteration, likelihood: -7960744.0435
[Info]M-step 21....
--------------------------
[Info]EM iteration 21: likelihood is -7960744.04, converges to 0.00000002...

====================
[Info]Start EM iteration 22....
[Info]Multi-thread E-Step: 0 iteration, likelihood=-7960346.46, converge to 1.00000000
[Info]Multi-thread E-Step: 10 iteration, likelihood=-7960882.88, converge to 0.00000125
[Info]Finish E-Step: 11 iteration, likelihood: -7960890.6348
[Info]M-step 22....
--------------------------
[Info]EM iteration 22: likelihood is -7960890.63, converges to 0.00001841...

====================
[Info]Start EM iteration 23....
[Info]Multi-thread E-Step: 0 iteration, likelihood=-7960608.23, converge to 1.00000000
[Info]Multi-thread E-Step: 10 iteration, likelihood=-7961104.66, converge to 0.00000113
[Info]Finish E-Step: 11 iteration, likelihood: -7961111.5889
[Info]M-step 23....
--------------------------
[Info]EM iteration 23: likelihood is -7961111.59, converges to 0.00002775...

====================
[Info]Start EM iteration 24....
[Info]Multi-thread E-Step: 0 iteration, likelihood=-7960863.54, converge to 1.00000000
[Info]Finish E-Step: 10 iteration, likelihood: -7961312.9509
[Info]M-step 24....
--------------------------
[Info]EM iteration 24: likelihood is -7961312.95, converges to 0.00002529...

====================
[Info]Start EM iteration 25....
[Info]Multi-thread E-Step: 0 iteration, likelihood=-7961084.85, converge to 1.00000000
[Info]Finish E-Step: 10 iteration, likelihood: -7961491.5933
[Info]M-step 25....
--------------------------
[Info]EM iteration 25: likelihood is -7961491.59, converges to 0.00002244...

====================
[Info]Start EM iteration 26....
[Info]Multi-thread E-Step: 0 iteration, likelihood=-7961292.76, converge to 1.00000000
[Info]Finish E-Step: 9 iteration, likelihood: -7961663.9842
[Info]M-step 26....
--------------------------
[Info]EM iteration 26: likelihood is -7961663.98, converges to 0.00002165...

====================
[Info]Start EM iteration 27....
[Info]Multi-thread E-Step: 0 iteration, likelihood=-7961474.07, converge to 1.00000000
[Info]Finish E-Step: 9 iteration, likelihood: -7961816.2371
[Info]M-step 27....
--------------------------
[Info]EM iteration 27: likelihood is -7961816.24, converges to 0.00001912...

====================
[Info]Start EM iteration 28....
[Info]Multi-thread E-Step: 0 iteration, likelihood=-7961645.24, converge to 1.00000000
[Info]Finish E-Step: 8 iteration, likelihood: -7961959.0822
[Info]M-step 28....
--------------------------
[Info]EM iteration 28: likelihood is -7961959.08, converges to 0.00001794...

====================
[Info]Start EM iteration 29....
[Info]Multi-thread E-Step: 0 iteration, likelihood=-7961794.72, converge to 1.00000000
[Info]Finish E-Step: 8 iteration, likelihood: -7962088.6514
[Info]M-step 29....
--------------------------
[Info]EM iteration 29: likelihood is -7962088.65, converges to 0.00001627...

[Info]Analying bipartie graph: 
-- test graph: review size: 4983, item size: 226, user size: 248
[Info]Start evaluation in thread
---likelihood: -1886112.8110963511
---likelihood: -1888489.4350631011
---likelihood: -1888425.2948936757
---likelihood: -1888499.3485796603
---likelihood: -1888303.0769715027
---likelihood: -1888545.8984157909
---likelihood: -1888239.477506922
---likelihood: -1888263.026772828
---likelihood: -1888455.6933063464
---likelihood: -1888425.3643530477
---likelihood: -1888261.174340971
---likelihood: -1888422.2498779518
---likelihood: -1888407.4824099755
---likelihood: -1888427.456603018
---likelihood: -1888526.925145335
---likelihood: -1888535.0425720247
---likelihood: -1888374.6817659528
---likelihood: -1888570.802767157
---likelihood: -1888402.8601995197
---likelihood: -1888323.5291884788
---likelihood: -1888515.9516487774
[Info]Inference finished: likelihood: -1888515.9516
[Stat]Test evaluation finished: 4983 docs
[Stat]0 part has 659.000000 docs: perplexity is 1570.499 and log-likelihood is -384.686
[Stat]1 part has 1295.000000 docs: perplexity is 1488.265 and log-likelihood is -410.505
[Stat]2 part has 1008.000000 docs: perplexity is 1655.346 and log-likelihood is -354.596
[Stat]3 part has 2021.000000 docs: perplexity is 1508.777 and log-likelihood is -369.676
[Stat]4 part has 4983.000000 docs: perplexity is 1530.689 and log-likelihood is -378.992
[Info]ETBIR_User[k:5, alpha:1.01000, beta:1.00100, simga:1.01000, rho:1.01000, item~N(1.00000, 1.00000), user~N(1.00000, 1.00000)]
 Train/Test SUCCEED in 362.75 seconds...
TopWord FilePath:/home/ll5fy/TUIR/dataset/amazon_movie/byUser_70k_review/output/5foldsCVColdstart/2/ETBIR_User_topWords_5.txt
Topic 0(0.19765):	peter(0.00594)	spiderman(0.00580)	hollywood(0.00415)	futur(0.00411)	countri(0.00376)	termin(0.00363)	polit(0.00352)	georg(0.00351)	understand(0.00348)	histori(0.00324)	superhero(0.00318)	societi(0.00318)	natur(0.00312)	moor(0.00312)	amaz(0.00308)	hugh(0.00307)	predat(0.00303)	money(0.00299)	simpli(0.00294)	violenc(0.00293)	intellig(0.00273)	father(0.00269)	issu(0.00269)	support(0.00262)	paul(0.00260)	hank(0.00259)	dream(0.00258)	robert(0.00249)	develop(0.00249)	alex(0.00249)	
Topic 1(0.18886):	michael(0.01086)	oscar(0.00709)	father(0.00597)	bruce(0.00501)	frank(0.00483)	daughter(0.00466)	drug(0.00462)	halloween(0.00453)	support(0.00447)	citi(0.00422)	brilliant(0.00421)	mother(0.00406)	drama(0.00386)	william(0.00362)	award(0.00359)	dream(0.00354)	talent(0.00343)	christoph(0.00340)	side(0.00339)	polic(0.00330)	sister(0.00321)	episod(0.00317)	deal(0.00314)	train(0.00310)	career(0.00308)	case(0.00305)	dicaprio(0.00304)	damon(0.00297)	return(0.00290)	crow(0.00289)	
Topic 2(0.25878):	dead(0.00975)	comedi(0.00858)	laugh(0.00717)	night(0.00714)	hous(0.00698)	monster(0.00646)	flick(0.00604)	remak(0.00594)	humor(0.00546)	evil(0.00480)	genr(0.00438)	suspens(0.00419)	twist(0.00408)	gore(0.00407)	bore(0.00407)	robot(0.00405)	killer(0.00387)	creatur(0.00385)	room(0.00384)	blood(0.00384)	town(0.00381)	half(0.00368)	transform(0.00364)	strang(0.00355)	serious(0.00342)	bill(0.00334)	stupid(0.00332)	joke(0.00320)	game(0.00311)	hilari(0.00309)	
Topic 3(0.17151):	edit(0.01454)	anim(0.01137)	commentari(0.00925)	video(0.00822)	audio(0.00809)	qualiti(0.00743)	visual(0.00710)	disc(0.00669)	product(0.00638)	quot(0.00615)	digit(0.00561)	amaz(0.00549)	jone(0.00514)	rate(0.00500)	favorit(0.00497)	david(0.00495)	magic(0.00489)	potter(0.00489)	iron(0.00476)	track(0.00471)	theatric(0.00459)	talk(0.00457)	black(0.00454)	voic(0.00446)	white(0.00430)	sequenc(0.00424)	interview(0.00422)	documentari(0.00420)	bourn(0.00417)	collect(0.00412)	
Topic 4(0.18320):	bond(0.01106)	battl(0.01011)	king(0.00752)	earth(0.00667)	hero(0.00645)	jack(0.00644)	jame(0.00642)	ship(0.00535)	save(0.00514)	team(0.00490)	planet(0.00481)	soldier(0.00468)	sequenc(0.00467)	crew(0.00464)	mission(0.00462)	captain(0.00456)	secret(0.00371)	govern(0.00371)	island(0.00368)	histori(0.00356)	militari(0.00347)	depp(0.00338)	villain(0.00333)	unit(0.00331)	black(0.00328)	epic(0.00327)	pirat(0.00322)	plan(0.00317)	armi(0.00308)	destroy(0.00306)	
251 users are loaded from /home/ll5fy/TUIR/dataset/amazon_movie/byUser_70k_review/5foldsCVColdstart/3/...
235 users are loaded from /home/ll5fy/TUIR/dataset/amazon_movie/byUser_70k_review/5foldsCVColdstart/0/...
237 users are loaded from /home/ll5fy/TUIR/dataset/amazon_movie/byUser_70k_review/5foldsCVColdstart/1/...
248 users are loaded from /home/ll5fy/TUIR/dataset/amazon_movie/byUser_70k_review/5foldsCVColdstart/2/...
240 users are loaded from /home/ll5fy/TUIR/dataset/amazon_movie/byUser_70k_review/5foldsCVColdstart/4/...
====================
[Info]Fold No. 3: 
[Info]Analzying corpus: 
...........-- Global corpus: vocabulary size: 7680, review size: 26309, item size: 838, user size: 835
train size = 20753, test size = 5556....
[Info]Analying bipartie graph: 
-- train graph: review size: 20753, item size: 750, user size: 741
ETBIR_User[k:5, alpha:1.01000, beta:1.00100, simga:1.01000, rho:1.01000, item~N(1.00000, 1.00000), user~N(1.00000, 1.00000)]

[Info]Initializing documents...
[Info]Initializing users...
[Info]Initializing items...
[Info]Initializing ETBIR model...
====================
[Info]Start EM iteration 1....
[Info]Multi-thread E-Step: 0 iteration, likelihood=-8046793.86, converge to 1.00000000
[Info]Multi-thread E-Step: 10 iteration, likelihood=-8195079.49, converge to 0.00013210
[Info]Multi-thread E-Step: 20 iteration, likelihood=-8202664.39, converge to 0.00007418
[Info]Finish E-Step: 21 iteration, likelihood: -8202664.3892
[Info]M-step 1....
--------------------------
[Info]EM iteration 1: likelihood is -8202664.39, converges to 8202665.38919255...

====================
[Info]Start EM iteration 2....
[Info]Multi-thread E-Step: 0 iteration, likelihood=-8200919.80, converge to 1.00000000
[Info]Multi-thread E-Step: 10 iteration, likelihood=-8194329.09, converge to 0.00004936
[Info]Multi-thread E-Step: 20 iteration, likelihood=-8191935.40, converge to 0.00001922
[Info]Finish E-Step: 21 iteration, likelihood: -8191935.4036
[Info]M-step 2....
--------------------------
[Info]EM iteration 2: likelihood is -8191935.40, converges to 0.00130799...

====================
[Info]Start EM iteration 3....
[Info]Multi-thread E-Step: 0 iteration, likelihood=-8168141.81, converge to 1.00000000
[Info]Multi-thread E-Step: 10 iteration, likelihood=-8120006.68, converge to 0.00019951
[Info]Multi-thread E-Step: 20 iteration, likelihood=-8110624.34, converge to 0.00007706
[Info]Finish E-Step: 21 iteration, likelihood: -8110624.3381
[Info]M-step 3....
--------------------------
[Info]EM iteration 3: likelihood is -8110624.34, converges to 0.00992575...

====================
[Info]Start EM iteration 4....
[Info]Multi-thread E-Step: 0 iteration, likelihood=-8042866.82, converge to 1.00000000
[Info]Multi-thread E-Step: 10 iteration, likelihood=-7994604.52, converge to 0.00014804
[Info]Multi-thread E-Step: 20 iteration, likelihood=-7987100.23, converge to 0.00006616
[Info]Finish E-Step: 21 iteration, likelihood: -7987100.2285
[Info]M-step 4....
--------------------------
[Info]EM iteration 4: likelihood is -7987100.23, converges to 0.01522991...

====================
[Info]Start EM iteration 5....
[Info]Multi-thread E-Step: 0 iteration, likelihood=-7933026.18, converge to 1.00000000
[Info]Multi-thread E-Step: 10 iteration, likelihood=-7920286.42, converge to 0.00005118
[Info]Multi-thread E-Step: 20 iteration, likelihood=-7917647.21, converge to 0.00002252
[Info]Finish E-Step: 21 iteration, likelihood: -7917647.2137
[Info]M-step 5....
--------------------------
[Info]EM iteration 5: likelihood is -7917647.21, converges to 0.00869565...

====================
[Info]Start EM iteration 6....
[Info]Multi-thread E-Step: 0 iteration, likelihood=-7892564.39, converge to 1.00000000
[Info]Multi-thread E-Step: 10 iteration, likelihood=-7893239.10, converge to 0.00000139
[Info]Finish E-Step: 12 iteration, likelihood: -7893252.7978
[Info]M-step 6....
--------------------------
[Info]EM iteration 6: likelihood is -7893252.80, converges to 0.00308102...

====================
[Info]Start EM iteration 7....
[Info]Multi-thread E-Step: 0 iteration, likelihood=-7881799.84, converge to 1.00000000
[Info]Multi-thread E-Step: 10 iteration, likelihood=-7884913.20, converge to 0.00001491
[Info]Multi-thread E-Step: 20 iteration, likelihood=-7885581.69, converge to 0.00000503
[Info]Finish E-Step: 21 iteration, likelihood: -7885581.6930
[Info]M-step 7....
--------------------------
[Info]EM iteration 7: likelihood is -7885581.69, converges to 0.00097186...

====================
[Info]Start EM iteration 8....
[Info]Multi-thread E-Step: 0 iteration, likelihood=-7879690.24, converge to 1.00000000
[Info]Multi-thread E-Step: 10 iteration, likelihood=-7882836.10, converge to 0.00001632
[Info]Multi-thread E-Step: 20 iteration, likelihood=-7883534.59, converge to 0.00000489
[Info]Finish E-Step: 21 iteration, likelihood: -7883534.5940
[Info]M-step 8....
--------------------------
[Info]EM iteration 8: likelihood is -7883534.59, converges to 0.00025960...

====================
[Info]Start EM iteration 9....
[Info]Multi-thread E-Step: 0 iteration, likelihood=-7880032.35, converge to 1.00000000
[Info]Multi-thread E-Step: 10 iteration, likelihood=-7882719.92, converge to 0.00001395
[Info]Multi-thread E-Step: 20 iteration, likelihood=-7883282.09, converge to 0.00000365
[Info]Finish E-Step: 21 iteration, likelihood: -7883282.0908
[Info]M-step 9....
--------------------------
[Info]EM iteration 9: likelihood is -7883282.09, converges to 0.00003203...

====================
[Info]Start EM iteration 10....
[Info]Multi-thread E-Step: 0 iteration, likelihood=-7880957.97, converge to 1.00000000
[Info]Multi-thread E-Step: 10 iteration, likelihood=-7883240.25, converge to 0.00001160
[Info]Multi-thread E-Step: 20 iteration, likelihood=-7883685.13, converge to 0.00000269
[Info]Finish E-Step: 21 iteration, likelihood: -7883685.1337
[Info]M-step 10....
--------------------------
[Info]EM iteration 10: likelihood is -7883685.13, converges to 0.00005113...

====================
[Info]Start EM iteration 11....
[Info]Multi-thread E-Step: 0 iteration, likelihood=-7881977.80, converge to 1.00000000
[Info]Multi-thread E-Step: 10 iteration, likelihood=-7883942.25, converge to 0.00000978
[Info]Multi-thread E-Step: 20 iteration, likelihood=-7884299.84, converge to 0.00000206
[Info]Finish E-Step: 21 iteration, likelihood: -7884299.8404
[Info]M-step 11....
--------------------------
[Info]EM iteration 11: likelihood is -7884299.84, converges to 0.00007797...

====================
[Info]Start EM iteration 12....
[Info]Multi-thread E-Step: 0 iteration, likelihood=-7883015.57, converge to 1.00000000
[Info]Multi-thread E-Step: 10 iteration, likelihood=-7884756.68, converge to 0.00000812
[Info]Multi-thread E-Step: 20 iteration, likelihood=-7885042.55, converge to 0.00000158
[Info]Finish E-Step: 21 iteration, likelihood: -7885042.5496
[Info]M-step 12....
--------------------------
[Info]EM iteration 12: likelihood is -7885042.55, converges to 0.00009420...

====================
[Info]Start EM iteration 13....
[Info]Multi-thread E-Step: 0 iteration, likelihood=-7884055.45, converge to 1.00000000
[Info]Multi-thread E-Step: 10 iteration, likelihood=-7885588.93, converge to 0.00000659
[Info]Multi-thread E-Step: 20 iteration, likelihood=-7885809.09, converge to 0.00000114
[Info]Finish E-Step: 21 iteration, likelihood: -7885809.0862
[Info]M-step 13....
--------------------------
[Info]EM iteration 13: likelihood is -7885809.09, converges to 0.00009721...

====================
[Info]Start EM iteration 14....
[Info]Multi-thread E-Step: 0 iteration, likelihood=-7884975.90, converge to 1.00000000
[Info]Multi-thread E-Step: 10 iteration, likelihood=-7886303.38, converge to 0.00000527
[Info]Finish E-Step: 19 iteration, likelihood: -7886464.5601
[Info]M-step 14....
--------------------------
[Info]EM iteration 14: likelihood is -7886464.56, converges to 0.00008312...

====================
[Info]Start EM iteration 15....
[Info]Multi-thread E-Step: 0 iteration, likelihood=-7885762.30, converge to 1.00000000
[Info]Multi-thread E-Step: 10 iteration, likelihood=-7886927.97, converge to 0.00000440
[Info]Finish E-Step: 18 iteration, likelihood: -7887050.8522
[Info]M-step 15....
--------------------------
[Info]EM iteration 15: likelihood is -7887050.85, converges to 0.00007434...

====================
[Info]Start EM iteration 16....
[Info]Multi-thread E-Step: 0 iteration, likelihood=-7886467.78, converge to 1.00000000
[Info]Multi-thread E-Step: 10 iteration, likelihood=-7887515.04, converge to 0.00000371
[Info]Finish E-Step: 17 iteration, likelihood: -7887613.5385
[Info]M-step 16....
--------------------------
[Info]EM iteration 16: likelihood is -7887613.54, converges to 0.00007134...

====================
[Info]Start EM iteration 17....
[Info]Multi-thread E-Step: 0 iteration, likelihood=-7887116.08, converge to 1.00000000
[Info]Multi-thread E-Step: 10 iteration, likelihood=-7888059.31, converge to 0.00000317
[Info]Finish E-Step: 16 iteration, likelihood: -7888134.4636
[Info]M-step 17....
--------------------------
[Info]EM iteration 17: likelihood is -7888134.46, converges to 0.00006604...

====================
[Info]Start EM iteration 18....
[Info]Multi-thread E-Step: 0 iteration, likelihood=-7887701.69, converge to 1.00000000
[Info]Multi-thread E-Step: 10 iteration, likelihood=-7888550.66, converge to 0.00000259
[Info]Finish E-Step: 15 iteration, likelihood: -7888604.5363
[Info]M-step 18....
--------------------------
[Info]EM iteration 18: likelihood is -7888604.54, converges to 0.00005959...

====================
[Info]Start EM iteration 19....
[Info]Multi-thread E-Step: 0 iteration, likelihood=-7888233.83, converge to 1.00000000
[Info]Multi-thread E-Step: 10 iteration, likelihood=-7888988.20, converge to 0.00000212
[Info]Finish E-Step: 14 iteration, likelihood: -7889028.3552
[Info]M-step 19....
--------------------------
[Info]EM iteration 19: likelihood is -7889028.36, converges to 0.00005373...

====================
[Info]Start EM iteration 20....
[Info]Multi-thread E-Step: 0 iteration, likelihood=-7888712.35, converge to 1.00000000
[Info]Multi-thread E-Step: 10 iteration, likelihood=-7889384.44, converge to 0.00000179
[Info]Finish E-Step: 13 iteration, likelihood: -7889410.9117
[Info]M-step 20....
--------------------------
[Info]EM iteration 20: likelihood is -7889410.91, converges to 0.00004849...

====================
[Info]Start EM iteration 21....
[Info]Multi-thread E-Step: 0 iteration, likelihood=-7889117.49, converge to 1.00000000
[Info]Multi-thread E-Step: 10 iteration, likelihood=-7889722.86, converge to 0.00000155
[Info]Finish E-Step: 12 iteration, likelihood: -7889739.6008
[Info]M-step 21....
--------------------------
[Info]EM iteration 21: likelihood is -7889739.60, converges to 0.00004166...

====================
[Info]Start EM iteration 22....
[Info]Multi-thread E-Step: 0 iteration, likelihood=-7889430.56, converge to 1.00000000
[Info]Multi-thread E-Step: 10 iteration, likelihood=-7889973.74, converge to 0.00000132
[Info]Finish E-Step: 12 iteration, likelihood: -7889988.3109
[Info]M-step 22....
--------------------------
[Info]EM iteration 22: likelihood is -7889988.31, converges to 0.00003152...

====================
[Info]Start EM iteration 23....
[Info]Multi-thread E-Step: 0 iteration, likelihood=-7889688.13, converge to 1.00000000
[Info]Multi-thread E-Step: 10 iteration, likelihood=-7890181.62, converge to 0.00000113
[Info]Finish E-Step: 11 iteration, likelihood: -7890188.5344
[Info]M-step 23....
--------------------------
[Info]EM iteration 23: likelihood is -7890188.53, converges to 0.00002538...

====================
[Info]Start EM iteration 24....
[Info]Multi-thread E-Step: 0 iteration, likelihood=-7889926.77, converge to 1.00000000
[Info]Multi-thread E-Step: 10 iteration, likelihood=-7890379.81, converge to 0.00000100
[Info]Finish E-Step: 11 iteration, likelihood: -7890386.0704
[Info]M-step 24....
--------------------------
[Info]EM iteration 24: likelihood is -7890386.07, converges to 0.00002504...

====================
[Info]Start EM iteration 25....
[Info]Multi-thread E-Step: 0 iteration, likelihood=-7890142.49, converge to 1.00000000
[Info]Finish E-Step: 10 iteration, likelihood: -7890558.2258
[Info]M-step 25....
--------------------------
[Info]EM iteration 25: likelihood is -7890558.23, converges to 0.00002182...

====================
[Info]Start EM iteration 26....
[Info]Multi-thread E-Step: 0 iteration, likelihood=-7890301.50, converge to 1.00000000
[Info]Finish E-Step: 9 iteration, likelihood: -7890672.1804
[Info]M-step 26....
--------------------------
[Info]EM iteration 26: likelihood is -7890672.18, converges to 0.00001444...

====================
[Info]Start EM iteration 27....
[Info]Multi-thread E-Step: 0 iteration, likelihood=-7890387.95, converge to 1.00000000
[Info]Finish E-Step: 9 iteration, likelihood: -7890727.5801
[Info]M-step 27....
--------------------------
[Info]EM iteration 27: likelihood is -7890727.58, converges to 0.00000702...

====================
[Info]Start EM iteration 28....
[Info]Multi-thread E-Step: 0 iteration, likelihood=-7890412.14, converge to 1.00000000
[Info]Finish E-Step: 8 iteration, likelihood: -7890711.9869
[Info]M-step 28....
--------------------------
[Info]EM iteration 28: likelihood is -7890711.99, converges to 0.00000198...

====================
[Info]Start EM iteration 29....
[Info]Multi-thread E-Step: 0 iteration, likelihood=-7890342.11, converge to 1.00000000
[Info]Finish E-Step: 8 iteration, likelihood: -7890614.6300
[Info]M-step 29....
--------------------------
[Info]EM iteration 29: likelihood is -7890614.63, converges to 0.00001234...

[Info]Analying bipartie graph: 
-- test graph: review size: 5556, item size: 264, user size: 251
[Info]Start evaluation in thread
---likelihood: -1962507.0062262123
---likelihood: -1965012.883970089
---likelihood: -1965074.0349075273
---likelihood: -1965249.4050366841
---likelihood: -1965125.2015537582
---likelihood: -1964890.2774691375
---likelihood: -1965114.9498400893
[Info]Inference finished: likelihood: -1965115.7431
[Stat]Test evaluation finished: 5556 docs
[Stat]0 part has 690.000000 docs: perplexity is 1581.173 and log-likelihood is -353.169
[Stat]1 part has 1416.000000 docs: perplexity is 1488.042 and log-likelihood is -367.784
[Stat]2 part has 1155.000000 docs: perplexity is 1501.847 and log-likelihood is -351.746
[Stat]3 part has 2295.000000 docs: perplexity is 1363.462 and log-likelihood is -346.630
[Stat]4 part has 5556.000000 docs: perplexity is 1443.285 and log-likelihood is -353.693
[Info]ETBIR_User[k:5, alpha:1.01000, beta:1.00100, simga:1.01000, rho:1.01000, item~N(1.00000, 1.00000), user~N(1.00000, 1.00000)]
 Train/Test SUCCEED in 349.79 seconds...
TopWord FilePath:/home/ll5fy/TUIR/dataset/amazon_movie/byUser_70k_review/output/5foldsCVColdstart/3/ETBIR_User_topWords_5.txt
Topic 0(0.21229):	dead(0.00612)	violenc(0.00607)	citi(0.00602)	bruce(0.00550)	hero(0.00503)	spiderman(0.00466)	countri(0.00446)	soldier(0.00444)	battl(0.00433)	father(0.00397)	evil(0.00384)	peter(0.00368)	save(0.00352)	fear(0.00343)	side(0.00335)	govern(0.00333)	blood(0.00333)	general(0.00321)	drug(0.00321)	militari(0.00320)	moral(0.00320)	christian(0.00314)	order(0.00310)	situat(0.00306)	brutal(0.00303)	villain(0.00298)	train(0.00296)	polit(0.00287)	understand(0.00285)	polic(0.00281)	
Topic 1(0.18682):	visual(0.00858)	anim(0.00853)	quot(0.00734)	earth(0.00704)	creatur(0.00564)	planet(0.00536)	ship(0.00495)	monster(0.00494)	king(0.00468)	battl(0.00464)	episod(0.00463)	crew(0.00452)	tale(0.00438)	voic(0.00425)	captain(0.00398)	amaz(0.00398)	return(0.00396)	father(0.00385)	frank(0.00378)	race(0.00371)	robot(0.00366)	futur(0.00366)	sequenc(0.00357)	trek(0.00355)	imagin(0.00343)	matrix(0.00338)	save(0.00336)	fiction(0.00330)	simpli(0.00325)	magic(0.00320)	
Topic 2(0.19385):	edit(0.01102)	commentari(0.00823)	oscar(0.00792)	audio(0.00618)	video(0.00587)	qualiti(0.00586)	award(0.00564)	disc(0.00545)	product(0.00533)	white(0.00533)	song(0.00531)	interview(0.00483)	documentari(0.00479)	black(0.00466)	brilliant(0.00443)	shot(0.00427)	support(0.00419)	talk(0.00414)	histori(0.00410)	featurett(0.00384)	theatric(0.00384)	digit(0.00367)	amaz(0.00366)	soundtrack(0.00351)	delet(0.00343)	track(0.00338)	cinematographi(0.00338)	academi(0.00331)	talent(0.00327)	transfer(0.00325)	
Topic 3(0.15857):	bond(0.01342)	jame(0.01121)	robert(0.00793)	michael(0.00625)	iron(0.00513)	secret(0.00499)	transform(0.00494)	potter(0.00448)	presid(0.00427)	termin(0.00422)	georg(0.00406)	toni(0.00369)	return(0.00347)	hoffman(0.00338)	sequenc(0.00332)	richard(0.00327)	thriller(0.00323)	villain(0.00313)	xmen(0.00303)	dragon(0.00298)	develop(0.00278)	ryan(0.00272)	support(0.00271)	hero(0.00269)	deliv(0.00268)	kevin(0.00268)	cold(0.00267)	fire(0.00264)	andi(0.00258)	affleck(0.00255)	
Topic 4(0.24847):	comedi(0.01058)	hous(0.00762)	night(0.00743)	laugh(0.00725)	jack(0.00666)	remak(0.00592)	flick(0.00576)	humor(0.00570)	dead(0.00544)	daughter(0.00497)	michael(0.00474)	bill(0.00441)	town(0.00437)	hilari(0.00411)	bore(0.00385)	twist(0.00375)	suspens(0.00368)	room(0.00362)	half(0.00357)	gore(0.00352)	stupid(0.00343)	depp(0.00338)	halloween(0.00330)	bourn(0.00327)	killer(0.00325)	lost(0.00324)	serious(0.00324)	rent(0.00320)	genr(0.00317)	joke(0.00317)	
240 users are loaded from /home/ll5fy/TUIR/dataset/amazon_movie/byUser_70k_review/5foldsCVColdstart/4/...
235 users are loaded from /home/ll5fy/TUIR/dataset/amazon_movie/byUser_70k_review/5foldsCVColdstart/0/...
237 users are loaded from /home/ll5fy/TUIR/dataset/amazon_movie/byUser_70k_review/5foldsCVColdstart/1/...
248 users are loaded from /home/ll5fy/TUIR/dataset/amazon_movie/byUser_70k_review/5foldsCVColdstart/2/...
251 users are loaded from /home/ll5fy/TUIR/dataset/amazon_movie/byUser_70k_review/5foldsCVColdstart/3/...
====================
[Info]Fold No. 4: 
[Info]Analzying corpus: 
...........-- Global corpus: vocabulary size: 7680, review size: 26309, item size: 838, user size: 835
train size = 20717, test size = 5592....
[Info]Analying bipartie graph: 
-- train graph: review size: 20717, item size: 749, user size: 747
ETBIR_User[k:5, alpha:1.01000, beta:1.00100, simga:1.01000, rho:1.01000, item~N(1.00000, 1.00000), user~N(1.00000, 1.00000)]

[Info]Initializing documents...
[Info]Initializing users...
[Info]Initializing items...
[Info]Initializing ETBIR model...
====================
[Info]Start EM iteration 1....
[Info]Multi-thread E-Step: 0 iteration, likelihood=-7826451.64, converge to 1.00000000
[Info]Multi-thread E-Step: 10 iteration, likelihood=-7968012.13, converge to 0.00012205
[Info]Multi-thread E-Step: 20 iteration, likelihood=-7975009.34, converge to 0.00007091
[Info]Finish E-Step: 21 iteration, likelihood: -7975009.3399
[Info]M-step 1....
--------------------------
[Info]EM iteration 1: likelihood is -7975009.34, converges to 7975010.33986791...

====================
[Info]Start EM iteration 2....
[Info]Multi-thread E-Step: 0 iteration, likelihood=-7973345.42, converge to 1.00000000
[Info]Multi-thread E-Step: 10 iteration, likelihood=-7966024.78, converge to 0.00004928
[Info]Multi-thread E-Step: 20 iteration, likelihood=-7963840.56, converge to 0.00001816
[Info]Finish E-Step: 21 iteration, likelihood: -7963840.5594
[Info]M-step 2....
--------------------------
[Info]EM iteration 2: likelihood is -7963840.56, converges to 0.00140047...

====================
[Info]Start EM iteration 3....
[Info]Multi-thread E-Step: 0 iteration, likelihood=-7938877.62, converge to 1.00000000
[Info]Multi-thread E-Step: 10 iteration, likelihood=-7893752.06, converge to 0.00018059
[Info]Multi-thread E-Step: 20 iteration, likelihood=-7885484.23, converge to 0.00007074
[Info]Finish E-Step: 21 iteration, likelihood: -7885484.2309
[Info]M-step 3....
--------------------------
[Info]EM iteration 3: likelihood is -7885484.23, converges to 0.00983901...

====================
[Info]Start EM iteration 4....
[Info]Multi-thread E-Step: 0 iteration, likelihood=-7820617.00, converge to 1.00000000
[Info]Multi-thread E-Step: 10 iteration, likelihood=-7775882.77, converge to 0.00013853
[Info]Multi-thread E-Step: 20 iteration, likelihood=-7769046.13, converge to 0.00006197
[Info]Finish E-Step: 21 iteration, likelihood: -7769046.1274
[Info]M-step 4....
--------------------------
[Info]EM iteration 4: likelihood is -7769046.13, converges to 0.01476613...

====================
[Info]Start EM iteration 5....
[Info]Multi-thread E-Step: 0 iteration, likelihood=-7715660.39, converge to 1.00000000
[Info]Multi-thread E-Step: 10 iteration, likelihood=-7703325.78, converge to 0.00004996
[Info]Multi-thread E-Step: 20 iteration, likelihood=-7700829.75, converge to 0.00002188
[Info]Finish E-Step: 21 iteration, likelihood: -7700829.7527
[Info]M-step 5....
--------------------------
[Info]EM iteration 5: likelihood is -7700829.75, converges to 0.00878053...

====================
[Info]Start EM iteration 6....
[Info]Multi-thread E-Step: 0 iteration, likelihood=-7675529.01, converge to 1.00000000
[Info]Multi-thread E-Step: 10 iteration, likelihood=-7675970.67, converge to 0.00000299
[Info]Multi-thread E-Step: 20 iteration, likelihood=-7676101.52, converge to 0.00000134
[Info]Finish E-Step: 21 iteration, likelihood: -7676101.5169
[Info]M-step 6....
--------------------------
[Info]EM iteration 6: likelihood is -7676101.52, converges to 0.00321111...

====================
[Info]Start EM iteration 7....
[Info]Multi-thread E-Step: 0 iteration, likelihood=-7664155.60, converge to 1.00000000
[Info]Multi-thread E-Step: 10 iteration, likelihood=-7667186.20, converge to 0.00001558
[Info]Multi-thread E-Step: 20 iteration, likelihood=-7667859.27, converge to 0.00000520
[Info]Finish E-Step: 21 iteration, likelihood: -7667859.2678
[Info]M-step 7....
--------------------------
[Info]EM iteration 7: likelihood is -7667859.27, converges to 0.00107375...

====================
[Info]Start EM iteration 8....
[Info]Multi-thread E-Step: 0 iteration, likelihood=-7661541.92, converge to 1.00000000
[Info]Multi-thread E-Step: 10 iteration, likelihood=-7664457.39, converge to 0.00001591
[Info]Multi-thread E-Step: 20 iteration, likelihood=-7665130.77, converge to 0.00000496
[Info]Finish E-Step: 21 iteration, likelihood: -7665130.7740
[Info]M-step 8....
--------------------------
[Info]EM iteration 8: likelihood is -7665130.77, converges to 0.00035584...

====================
[Info]Start EM iteration 9....
[Info]Multi-thread E-Step: 0 iteration, likelihood=-7661098.94, converge to 1.00000000
[Info]Multi-thread E-Step: 10 iteration, likelihood=-7663549.63, converge to 0.00001328
[Info]Multi-thread E-Step: 20 iteration, likelihood=-7664078.25, converge to 0.00000360
[Info]Finish E-Step: 21 iteration, likelihood: -7664078.2496
[Info]M-step 9....
--------------------------
[Info]EM iteration 9: likelihood is -7664078.25, converges to 0.00013731...

====================
[Info]Start EM iteration 10....
[Info]Multi-thread E-Step: 0 iteration, likelihood=-7661118.37, converge to 1.00000000
[Info]Multi-thread E-Step: 10 iteration, likelihood=-7663165.21, converge to 0.00001062
[Info]Multi-thread E-Step: 20 iteration, likelihood=-7663560.32, converge to 0.00000252
[Info]Finish E-Step: 21 iteration, likelihood: -7663560.3247
[Info]M-step 10....
--------------------------
[Info]EM iteration 10: likelihood is -7663560.32, converges to 0.00006758...

====================
[Info]Start EM iteration 11....
[Info]Multi-thread E-Step: 0 iteration, likelihood=-7661260.47, converge to 1.00000000
[Info]Multi-thread E-Step: 10 iteration, likelihood=-7662963.72, converge to 0.00000837
[Info]Multi-thread E-Step: 20 iteration, likelihood=-7663255.18, converge to 0.00000170
[Info]Finish E-Step: 21 iteration, likelihood: -7663255.1809
[Info]M-step 11....
--------------------------
[Info]EM iteration 11: likelihood is -7663255.18, converges to 0.00003982...

====================
[Info]Start EM iteration 12....
[Info]Multi-thread E-Step: 0 iteration, likelihood=-7661400.94, converge to 1.00000000
[Info]Multi-thread E-Step: 10 iteration, likelihood=-7662825.31, converge to 0.00000660
[Info]Multi-thread E-Step: 20 iteration, likelihood=-7663042.02, converge to 0.00000115
[Info]Finish E-Step: 21 iteration, likelihood: -7663042.0212
[Info]M-step 12....
--------------------------
[Info]EM iteration 12: likelihood is -7663042.02, converges to 0.00002782...

====================
[Info]Start EM iteration 13....
[Info]Multi-thread E-Step: 0 iteration, likelihood=-7661476.32, converge to 1.00000000
[Info]Multi-thread E-Step: 10 iteration, likelihood=-7662689.16, converge to 0.00000525
[Info]Finish E-Step: 19 iteration, likelihood: -7662843.9231
[Info]M-step 13....
--------------------------
[Info]EM iteration 13: likelihood is -7662843.92, converges to 0.00002585...

====================
[Info]Start EM iteration 14....
[Info]Multi-thread E-Step: 0 iteration, likelihood=-7661550.75, converge to 1.00000000
[Info]Multi-thread E-Step: 10 iteration, likelihood=-7662622.63, converge to 0.00000429
[Info]Finish E-Step: 17 iteration, likelihood: -7662730.9279
[Info]M-step 14....
--------------------------
[Info]EM iteration 14: likelihood is -7662730.93, converges to 0.00001475...

====================
[Info]Start EM iteration 15....
[Info]Multi-thread E-Step: 0 iteration, likelihood=-7661673.84, converge to 1.00000000
[Info]Multi-thread E-Step: 10 iteration, likelihood=-7662623.84, converge to 0.00000359
[Info]Finish E-Step: 16 iteration, likelihood: -7662707.3232
[Info]M-step 15....
--------------------------
[Info]EM iteration 15: likelihood is -7662707.32, converges to 0.00000308...

====================
[Info]Start EM iteration 16....
[Info]Multi-thread E-Step: 0 iteration, likelihood=-7661781.83, converge to 1.00000000
[Info]Multi-thread E-Step: 10 iteration, likelihood=-7662629.29, converge to 0.00000300
[Info]Finish E-Step: 15 iteration, likelihood: -7662689.8270
[Info]M-step 16....
--------------------------
[Info]EM iteration 16: likelihood is -7662689.83, converges to 0.00000228...

====================
[Info]Start EM iteration 17....
[Info]Multi-thread E-Step: 0 iteration, likelihood=-7661876.04, converge to 1.00000000
[Info]Multi-thread E-Step: 10 iteration, likelihood=-7662634.49, converge to 0.00000256
[Info]Finish E-Step: 15 iteration, likelihood: -7662686.0556
[Info]M-step 17....
--------------------------
[Info]EM iteration 17: likelihood is -7662686.06, converges to 0.00000049...

====================
[Info]Start EM iteration 18....
[Info]Multi-thread E-Step: 0 iteration, likelihood=-7661993.95, converge to 1.00000000
[Info]Multi-thread E-Step: 10 iteration, likelihood=-7662676.91, converge to 0.00000215
[Info]Finish E-Step: 14 iteration, likelihood: -7662715.1711
[Info]M-step 18....
--------------------------
[Info]EM iteration 18: likelihood is -7662715.17, converges to 0.00000380...

====================
[Info]Start EM iteration 19....
[Info]Multi-thread E-Step: 0 iteration, likelihood=-7662144.78, converge to 1.00000000
[Info]Multi-thread E-Step: 10 iteration, likelihood=-7662766.39, converge to 0.00000184
[Info]Finish E-Step: 13 iteration, likelihood: -7662793.8143
[Info]M-step 19....
--------------------------
[Info]EM iteration 19: likelihood is -7662793.81, converges to 0.00001026...

====================
[Info]Start EM iteration 20....
[Info]Multi-thread E-Step: 0 iteration, likelihood=-7662301.12, converge to 1.00000000
[Info]Multi-thread E-Step: 10 iteration, likelihood=-7662861.05, converge to 0.00000160
[Info]Finish E-Step: 12 iteration, likelihood: -7662878.2629
[Info]M-step 20....
--------------------------
[Info]EM iteration 20: likelihood is -7662878.26, converges to 0.00001102...

====================
[Info]Start EM iteration 21....
[Info]Multi-thread E-Step: 0 iteration, likelihood=-7662405.25, converge to 1.00000000
[Info]Multi-thread E-Step: 10 iteration, likelihood=-7662908.57, converge to 0.00000133
[Info]Finish E-Step: 12 iteration, likelihood: -7662923.1563
[Info]M-step 21....
--------------------------
[Info]EM iteration 21: likelihood is -7662923.16, converges to 0.00000586...

====================
[Info]Start EM iteration 22....
[Info]Multi-thread E-Step: 0 iteration, likelihood=-7662445.27, converge to 1.00000000
[Info]Multi-thread E-Step: 10 iteration, likelihood=-7662891.86, converge to 0.00000107
[Info]Finish E-Step: 11 iteration, likelihood: -7662898.3644
[Info]M-step 22....
--------------------------
[Info]EM iteration 22: likelihood is -7662898.36, converges to 0.00000324...

====================
[Info]Start EM iteration 23....
[Info]Multi-thread E-Step: 0 iteration, likelihood=-7662423.20, converge to 1.00000000
[Info]Finish E-Step: 10 iteration, likelihood: -7662824.2811
[Info]M-step 23....
--------------------------
[Info]EM iteration 23: likelihood is -7662824.28, converges to 0.00000967...

====================
[Info]Start EM iteration 24....
[Info]Multi-thread E-Step: 0 iteration, likelihood=-7662381.56, converge to 1.00000000
[Info]Finish E-Step: 10 iteration, likelihood: -7662749.1985
[Info]M-step 24....
--------------------------
[Info]EM iteration 24: likelihood is -7662749.20, converges to 0.00000980...

====================
[Info]Start EM iteration 25....
[Info]Multi-thread E-Step: 0 iteration, likelihood=-7662362.70, converge to 1.00000000
[Info]Finish E-Step: 9 iteration, likelihood: -7662697.8421
[Info]M-step 25....
--------------------------
[Info]EM iteration 25: likelihood is -7662697.84, converges to 0.00000670...

====================
[Info]Start EM iteration 26....
[Info]Multi-thread E-Step: 0 iteration, likelihood=-7662369.79, converge to 1.00000000
[Info]Finish E-Step: 9 iteration, likelihood: -7662687.1545
[Info]M-step 26....
--------------------------
[Info]EM iteration 26: likelihood is -7662687.15, converges to 0.00000139...

====================
[Info]Start EM iteration 27....
[Info]Multi-thread E-Step: 0 iteration, likelihood=-7662411.24, converge to 1.00000000
[Info]Finish E-Step: 9 iteration, likelihood: -7662713.3756
[Info]M-step 27....
--------------------------
[Info]EM iteration 27: likelihood is -7662713.38, converges to 0.00000342...

====================
[Info]Start EM iteration 28....
[Info]Multi-thread E-Step: 0 iteration, likelihood=-7662474.14, converge to 1.00000000
[Info]Finish E-Step: 8 iteration, likelihood: -7662749.9877
[Info]M-step 28....
--------------------------
[Info]EM iteration 28: likelihood is -7662749.99, converges to 0.00000478...

====================
[Info]Start EM iteration 29....
[Info]Multi-thread E-Step: 0 iteration, likelihood=-7662524.17, converge to 1.00000000
[Info]Finish E-Step: 8 iteration, likelihood: -7662783.7124
[Info]M-step 29....
--------------------------
[Info]EM iteration 29: likelihood is -7662783.71, converges to 0.00000440...

[Info]Analying bipartie graph: 
-- test graph: review size: 5592, item size: 263, user size: 240
[Info]Start evaluation in thread
---likelihood: -2177980.7220627256
---likelihood: -2180228.3354961826
---likelihood: -2180411.52861441
---likelihood: -2180403.609699453
---likelihood: -2180329.4385364777
---likelihood: -2180464.327421219
---likelihood: -2180519.691964315
---likelihood: -2180216.523522887
---likelihood: -2180614.4198439606
---likelihood: -2180460.1888951394
---likelihood: -2180339.6181719257
---likelihood: -2180398.588798922
---likelihood: -2180385.479508208
---likelihood: -2180460.0306625506
---likelihood: -2180557.061655711
---likelihood: -2180283.628531939
---likelihood: -2180565.065979282
---likelihood: -2180475.5949156154
---likelihood: -2180642.009791291
---likelihood: -2180481.976026828
---likelihood: -2180348.1203479744
[Info]Inference finished: likelihood: -2180348.1203
[Stat]Test evaluation finished: 5592 docs
[Stat]0 part has 726.000000 docs: perplexity is 1730.025 and log-likelihood is -411.389
[Stat]1 part has 1348.000000 docs: perplexity is 1655.822 and log-likelihood is -400.619
[Stat]2 part has 1203.000000 docs: perplexity is 1357.013 and log-likelihood is -396.921
[Stat]3 part has 2315.000000 docs: perplexity is 1274.511 and log-likelihood is -373.793
[Stat]4 part has 5592.000000 docs: perplexity is 1428.719 and log-likelihood is -389.905
[Info]ETBIR_User[k:5, alpha:1.01000, beta:1.00100, simga:1.01000, rho:1.01000, item~N(1.00000, 1.00000), user~N(1.00000, 1.00000)]
 Train/Test SUCCEED in 354.89 seconds...
TopWord FilePath:/home/ll5fy/TUIR/dataset/amazon_movie/byUser_70k_review/output/5foldsCVColdstart/4/ETBIR_User_topWords_5.txt
Topic 0(0.19304):	dead(0.01229)	anim(0.01047)	remak(0.00834)	peter(0.00723)	evil(0.00722)	spiderman(0.00608)	flick(0.00602)	gore(0.00559)	quot(0.00531)	amaz(0.00524)	blood(0.00509)	hous(0.00471)	georg(0.00445)	magic(0.00441)	black(0.00422)	bore(0.00416)	superhero(0.00413)	cool(0.00412)	half(0.00408)	voic(0.00385)	genr(0.00381)	blade(0.00371)	matrix(0.00366)	visual(0.00361)	hero(0.00339)	hell(0.00337)	frank(0.00335)	potter(0.00334)	predat(0.00310)	total(0.00305)	
Topic 1(0.20646):	comedi(0.01253)	laugh(0.00797)	michael(0.00786)	robert(0.00770)	night(0.00674)	humor(0.00603)	iron(0.00508)	hous(0.00465)	father(0.00456)	mother(0.00447)	brother(0.00437)	hilari(0.00437)	halloween(0.00433)	daughter(0.00429)	bill(0.00406)	town(0.00389)	marri(0.00381)	romant(0.00378)	joke(0.00376)	toni(0.00366)	money(0.00362)	mari(0.00352)	jack(0.00349)	sister(0.00337)	ghost(0.00337)	decid(0.00317)	serious(0.00301)	hollywood(0.00287)	lost(0.00285)	husband(0.00276)	
Topic 2(0.23150):	violenc(0.00665)	thriller(0.00617)	killer(0.00488)	twist(0.00450)	polit(0.00428)	suspens(0.00415)	game(0.00378)	case(0.00368)	polic(0.00358)	understand(0.00353)	drug(0.00337)	fear(0.00333)	daughter(0.00322)	father(0.00319)	dream(0.00313)	drama(0.00312)	situat(0.00308)	violent(0.00295)	brutal(0.00292)	deal(0.00288)	victim(0.00285)	matt(0.00281)	develop(0.00273)	tension(0.00268)	reveal(0.00268)	intens(0.00267)	societi(0.00266)	unit(0.00261)	side(0.00261)	citi(0.00261)	
Topic 3(0.17817):	edit(0.01316)	commentari(0.00911)	song(0.00702)	disc(0.00658)	product(0.00630)	qualiti(0.00610)	video(0.00592)	oscar(0.00583)	audio(0.00578)	return(0.00544)	michael(0.00526)	depp(0.00504)	documentari(0.00503)	christoph(0.00473)	brilliant(0.00469)	visual(0.00467)	kevin(0.00449)	episod(0.00448)	digit(0.00437)	interview(0.00431)	theatric(0.00424)	bruce(0.00412)	willi(0.00408)	termin(0.00403)	delet(0.00401)	amaz(0.00398)	track(0.00398)	featurett(0.00395)	sing(0.00382)	transfer(0.00381)	
Topic 4(0.19083):	battl(0.00887)	bond(0.00833)	king(0.00808)	earth(0.00746)	monster(0.00624)	save(0.00530)	crew(0.00522)	soldier(0.00504)	ship(0.00500)	planet(0.00487)	jack(0.00453)	captain(0.00438)	mission(0.00429)	creatur(0.00421)	transform(0.00412)	trek(0.00409)	hero(0.00405)	race(0.00402)	jame(0.00400)	villag(0.00383)	histori(0.00379)	destroy(0.00378)	sequenc(0.00373)	attack(0.00371)	robot(0.00367)	epic(0.00348)	militari(0.00337)	water(0.00334)	return(0.00330)	ring(0.00326)	

Part 0 -----------------Valid folds: 5
[Stat]Loglikelihood -377.943+/-20.322
[Stat]Perplexity 1618.939+/-65.608
Part 1 -----------------Valid folds: 5
[Stat]Loglikelihood -390.115+/-18.263
[Stat]Perplexity 1548.044+/-63.467
Part 2 -----------------Valid folds: 5
[Stat]Loglikelihood -362.073+/-18.305
[Stat]Perplexity 1510.418+/-123.315
Part 3 -----------------Valid folds: 5
[Stat]Loglikelihood -368.100+/-13.986
[Stat]Perplexity 1393.625+/-108.807
Part 4 -----------------Valid folds: 5
[Stat]Loglikelihood -373.514+/-14.611
[Stat]Perplexity 1475.990+/-54.755
