Load 7680 1-gram new features from /home/ll5fy/TUIR/dataset/amazon_movie/amazon_movie_features.txt...
841 users are loaded from /home/ll5fy/TUIR/dataset/amazon_movie/byUser_70k_review/data/...
Info File Path: /home/ll5fy/TUIR/dataset/amazon_movie/byUser_70k_review/output/5foldsCVColdstart/ETBIR_info.txt
[Info]Start FIXED cross validation...
235 users are loaded from /home/ll5fy/TUIR/dataset/amazon_movie/byUser_70k_review/5foldsCVColdstart/0/...
237 users are loaded from /home/ll5fy/TUIR/dataset/amazon_movie/byUser_70k_review/5foldsCVColdstart/1/...
248 users are loaded from /home/ll5fy/TUIR/dataset/amazon_movie/byUser_70k_review/5foldsCVColdstart/2/...
251 users are loaded from /home/ll5fy/TUIR/dataset/amazon_movie/byUser_70k_review/5foldsCVColdstart/3/...
240 users are loaded from /home/ll5fy/TUIR/dataset/amazon_movie/byUser_70k_review/5foldsCVColdstart/4/...
====================
[Info]Fold No. 0: 
[Info]Analzying corpus: 
...........-- Global corpus: vocabulary size: 7680, review size: 26309, item size: 838, user size: 835
train size = 20962, test size = 5347....
[Info]Analying bipartie graph: 
-- train graph: review size: 20962, item size: 753, user size: 744
ETBIR_Normal[k:5, alpha:1.01000, beta:1.00100, simga:1.01000, rho:1.01000, item~N(1.00000, 1.00000), user~N(1.00000, 1.00000)]

[Info]Initializing documents...
[Info]Initializing users...
[Info]Initializing items...
[Info]Initializing ETBIR model...
====================
[Info]Start EM iteration 1....
[Info]Multi-thread E-Step: 0 iteration, likelihood=-7943873.48, converge to 1.00000000
[Info]Multi-thread E-Step: 10 iteration, likelihood=-8083452.43, converge to 0.00009001
[Info]Multi-thread E-Step: 20 iteration, likelihood=-8088848.61, converge to 0.00005568
[Info]Finish E-Step: 21 iteration, likelihood: -8088848.6113
[Info]M-step 1....
--------------------------
[Info]EM iteration 1: likelihood is -8088848.61, converges to 8088849.61125390...

====================
[Info]Start EM iteration 2....
[Info]Multi-thread E-Step: 0 iteration, likelihood=-8087923.62, converge to 1.00000000
[Info]Multi-thread E-Step: 10 iteration, likelihood=-8080327.10, converge to 0.00005789
[Info]Multi-thread E-Step: 20 iteration, likelihood=-8077470.81, converge to 0.00002509
[Info]Finish E-Step: 21 iteration, likelihood: -8077470.8125
[Info]M-step 2....
--------------------------
[Info]EM iteration 2: likelihood is -8077470.81, converges to 0.00140660...

====================
[Info]Start EM iteration 3....
[Info]Multi-thread E-Step: 0 iteration, likelihood=-8050395.73, converge to 1.00000000
[Info]Multi-thread E-Step: 10 iteration, likelihood=-8002117.46, converge to 0.00018419
[Info]Multi-thread E-Step: 20 iteration, likelihood=-7993388.55, converge to 0.00007499
[Info]Finish E-Step: 21 iteration, likelihood: -7993388.5547
[Info]M-step 3....
--------------------------
[Info]EM iteration 3: likelihood is -7993388.55, converges to 0.01040948...

====================
[Info]Start EM iteration 4....
[Info]Multi-thread E-Step: 0 iteration, likelihood=-7923565.45, converge to 1.00000000
[Info]Multi-thread E-Step: 10 iteration, likelihood=-7878737.30, converge to 0.00014099
[Info]Multi-thread E-Step: 20 iteration, likelihood=-7871736.87, converge to 0.00006254
[Info]Finish E-Step: 21 iteration, likelihood: -7871736.8705
[Info]M-step 4....
--------------------------
[Info]EM iteration 4: likelihood is -7871736.87, converges to 0.01521904...

====================
[Info]Start EM iteration 5....
[Info]Multi-thread E-Step: 0 iteration, likelihood=-7820186.53, converge to 1.00000000
[Info]Multi-thread E-Step: 10 iteration, likelihood=-7808349.46, converge to 0.00004810
[Info]Multi-thread E-Step: 20 iteration, likelihood=-7805883.15, converge to 0.00002163
[Info]Finish E-Step: 21 iteration, likelihood: -7805883.1543
[Info]M-step 5....
--------------------------
[Info]EM iteration 5: likelihood is -7805883.15, converges to 0.00836584...

====================
[Info]Start EM iteration 6....
[Info]Multi-thread E-Step: 0 iteration, likelihood=-7782563.41, converge to 1.00000000
[Info]Multi-thread E-Step: 10 iteration, likelihood=-7783239.45, converge to 0.00000224
[Info]Finish E-Step: 13 iteration, likelihood: -7783270.1597
[Info]M-step 6....
--------------------------
[Info]EM iteration 6: likelihood is -7783270.16, converges to 0.00289692...

====================
[Info]Start EM iteration 7....
[Info]Multi-thread E-Step: 0 iteration, likelihood=-7772815.99, converge to 1.00000000
[Info]Multi-thread E-Step: 10 iteration, likelihood=-7775875.69, converge to 0.00001482
[Info]Multi-thread E-Step: 20 iteration, likelihood=-7776526.05, converge to 0.00000488
[Info]Finish E-Step: 21 iteration, likelihood: -7776526.0501
[Info]M-step 7....
--------------------------
[Info]EM iteration 7: likelihood is -7776526.05, converges to 0.00086649...

====================
[Info]Start EM iteration 8....
[Info]Multi-thread E-Step: 0 iteration, likelihood=-7771012.46, converge to 1.00000000
[Info]Multi-thread E-Step: 10 iteration, likelihood=-7774090.52, converge to 0.00001607
[Info]Multi-thread E-Step: 20 iteration, likelihood=-7774759.68, converge to 0.00000468
[Info]Finish E-Step: 21 iteration, likelihood: -7774759.6830
[Info]M-step 8....
--------------------------
[Info]EM iteration 8: likelihood is -7774759.68, converges to 0.00022714...

====================
[Info]Start EM iteration 9....
[Info]Multi-thread E-Step: 0 iteration, likelihood=-7771456.11, converge to 1.00000000
[Info]Multi-thread E-Step: 10 iteration, likelihood=-7774036.23, converge to 0.00001356
[Info]Multi-thread E-Step: 20 iteration, likelihood=-7774581.09, converge to 0.00000355
[Info]Finish E-Step: 21 iteration, likelihood: -7774581.0918
[Info]M-step 9....
--------------------------
[Info]EM iteration 9: likelihood is -7774581.09, converges to 0.00002297...

====================
[Info]Start EM iteration 10....
[Info]Multi-thread E-Step: 0 iteration, likelihood=-7772404.46, converge to 1.00000000
[Info]Multi-thread E-Step: 10 iteration, likelihood=-7774597.99, converge to 0.00001112
[Info]Multi-thread E-Step: 20 iteration, likelihood=-7775011.55, converge to 0.00000239
[Info]Finish E-Step: 21 iteration, likelihood: -7775011.5524
[Info]M-step 10....
--------------------------
[Info]EM iteration 10: likelihood is -7775011.55, converges to 0.00005537...

====================
[Info]Start EM iteration 11....
[Info]Multi-thread E-Step: 0 iteration, likelihood=-7773495.99, converge to 1.00000000
[Info]Multi-thread E-Step: 10 iteration, likelihood=-7775360.44, converge to 0.00000898
[Info]Multi-thread E-Step: 20 iteration, likelihood=-7775668.96, converge to 0.00000168
[Info]Finish E-Step: 21 iteration, likelihood: -7775668.9604
[Info]M-step 11....
--------------------------
[Info]EM iteration 11: likelihood is -7775668.96, converges to 0.00008455...

====================
[Info]Start EM iteration 12....
[Info]Multi-thread E-Step: 0 iteration, likelihood=-7774502.27, converge to 1.00000000
[Info]Multi-thread E-Step: 10 iteration, likelihood=-7776099.80, converge to 0.00000724
[Info]Multi-thread E-Step: 20 iteration, likelihood=-7776333.52, converge to 0.00000121
[Info]Finish E-Step: 21 iteration, likelihood: -7776333.5182
[Info]M-step 12....
--------------------------
[Info]EM iteration 12: likelihood is -7776333.52, converges to 0.00008547...

====================
[Info]Start EM iteration 13....
[Info]Multi-thread E-Step: 0 iteration, likelihood=-7775401.56, converge to 1.00000000
[Info]Multi-thread E-Step: 10 iteration, likelihood=-7776804.95, converge to 0.00000596
[Info]Finish E-Step: 20 iteration, likelihood: -7776991.4414
[Info]M-step 13....
--------------------------
[Info]EM iteration 13: likelihood is -7776991.44, converges to 0.00008461...

====================
[Info]Start EM iteration 14....
[Info]Multi-thread E-Step: 0 iteration, likelihood=-7776209.18, converge to 1.00000000
[Info]Multi-thread E-Step: 10 iteration, likelihood=-7777435.59, converge to 0.00000481
[Info]Finish E-Step: 19 iteration, likelihood: -7777574.7463
[Info]M-step 14....
--------------------------
[Info]EM iteration 14: likelihood is -7777574.75, converges to 0.00007500...

====================
[Info]Start EM iteration 15....
[Info]Multi-thread E-Step: 0 iteration, likelihood=-7776899.93, converge to 1.00000000
[Info]Multi-thread E-Step: 10 iteration, likelihood=-7777984.21, converge to 0.00000390
[Info]Finish E-Step: 17 iteration, likelihood: -7778082.4294
[Info]M-step 15....
--------------------------
[Info]EM iteration 15: likelihood is -7778082.43, converges to 0.00006528...

====================
[Info]Start EM iteration 16....
[Info]Multi-thread E-Step: 0 iteration, likelihood=-7777498.16, converge to 1.00000000
[Info]Multi-thread E-Step: 10 iteration, likelihood=-7778456.68, converge to 0.00000321
[Info]Finish E-Step: 16 iteration, likelihood: -7778532.3807
[Info]M-step 16....
--------------------------
[Info]EM iteration 16: likelihood is -7778532.38, converges to 0.00005785...

====================
[Info]Start EM iteration 17....
[Info]Multi-thread E-Step: 0 iteration, likelihood=-7778015.52, converge to 1.00000000
[Info]Multi-thread E-Step: 10 iteration, likelihood=-7778866.83, converge to 0.00000267
[Info]Finish E-Step: 15 iteration, likelihood: -7778921.9818
[Info]M-step 17....
--------------------------
[Info]EM iteration 17: likelihood is -7778921.98, converges to 0.00005009...

====================
[Info]Start EM iteration 18....
[Info]Multi-thread E-Step: 0 iteration, likelihood=-7778474.58, converge to 1.00000000
[Info]Multi-thread E-Step: 10 iteration, likelihood=-7779233.49, converge to 0.00000227
[Info]Finish E-Step: 14 iteration, likelihood: -7779275.0222
[Info]M-step 18....
--------------------------
[Info]EM iteration 18: likelihood is -7779275.02, converges to 0.00004538...

====================
[Info]Start EM iteration 19....
[Info]Multi-thread E-Step: 0 iteration, likelihood=-7778884.05, converge to 1.00000000
[Info]Multi-thread E-Step: 10 iteration, likelihood=-7779570.91, converge to 0.00000199
[Info]Finish E-Step: 13 iteration, likelihood: -7779600.5516
[Info]M-step 19....
--------------------------
[Info]EM iteration 19: likelihood is -7779600.55, converges to 0.00004185...

====================
[Info]Start EM iteration 20....
[Info]Multi-thread E-Step: 0 iteration, likelihood=-7779250.04, converge to 1.00000000
[Info]Multi-thread E-Step: 10 iteration, likelihood=-7779870.28, converge to 0.00000169
[Info]Finish E-Step: 13 iteration, likelihood: -7779894.8083
[Info]M-step 20....
--------------------------
[Info]EM iteration 20: likelihood is -7779894.81, converges to 0.00003782...

====================
[Info]Start EM iteration 21....
[Info]Multi-thread E-Step: 0 iteration, likelihood=-7779578.42, converge to 1.00000000
[Info]Multi-thread E-Step: 10 iteration, likelihood=-7780135.79, converge to 0.00000143
[Info]Finish E-Step: 12 iteration, likelihood: -7780151.0547
[Info]M-step 21....
--------------------------
[Info]EM iteration 21: likelihood is -7780151.05, converges to 0.00003294...

====================
[Info]Start EM iteration 22....
[Info]Multi-thread E-Step: 0 iteration, likelihood=-7779874.46, converge to 1.00000000
[Info]Multi-thread E-Step: 10 iteration, likelihood=-7780379.50, converge to 0.00000126
[Info]Finish E-Step: 11 iteration, likelihood: -7780387.1305
[Info]M-step 22....
--------------------------
[Info]EM iteration 22: likelihood is -7780387.13, converges to 0.00003034...

====================
[Info]Start EM iteration 23....
[Info]Multi-thread E-Step: 0 iteration, likelihood=-7780126.23, converge to 1.00000000
[Info]Multi-thread E-Step: 10 iteration, likelihood=-7780591.56, converge to 0.00000115
[Info]Finish E-Step: 11 iteration, likelihood: -7780598.4871
[Info]M-step 23....
--------------------------
[Info]EM iteration 23: likelihood is -7780598.49, converges to 0.00002717...

====================
[Info]Start EM iteration 24....
[Info]Multi-thread E-Step: 0 iteration, likelihood=-7780327.37, converge to 1.00000000
[Info]Multi-thread E-Step: 10 iteration, likelihood=-7780751.29, converge to 0.00000102
[Info]Finish E-Step: 11 iteration, likelihood: -7780757.4205
[Info]M-step 24....
--------------------------
[Info]EM iteration 24: likelihood is -7780757.42, converges to 0.00002043...

====================
[Info]Start EM iteration 25....
[Info]Multi-thread E-Step: 0 iteration, likelihood=-7780454.00, converge to 1.00000000
[Info]Finish E-Step: 10 iteration, likelihood: -7780836.7682
[Info]M-step 25....
--------------------------
[Info]EM iteration 25: likelihood is -7780836.77, converges to 0.00001020...

====================
[Info]Start EM iteration 26....
[Info]Multi-thread E-Step: 0 iteration, likelihood=-7780506.47, converge to 1.00000000
[Info]Finish E-Step: 9 iteration, likelihood: -7780840.1186
[Info]M-step 26....
--------------------------
[Info]EM iteration 26: likelihood is -7780840.12, converges to 0.00000043...

====================
[Info]Start EM iteration 27....
[Info]Multi-thread E-Step: 0 iteration, likelihood=-7780498.23, converge to 1.00000000
[Info]Finish E-Step: 9 iteration, likelihood: -7780800.4625
[Info]M-step 27....
--------------------------
[Info]EM iteration 27: likelihood is -7780800.46, converges to 0.00000510...

====================
[Info]Start EM iteration 28....
[Info]Multi-thread E-Step: 0 iteration, likelihood=-7780458.10, converge to 1.00000000
[Info]Finish E-Step: 8 iteration, likelihood: -7780728.5167
[Info]M-step 28....
--------------------------
[Info]EM iteration 28: likelihood is -7780728.52, converges to 0.00000925...

====================
[Info]Start EM iteration 29....
[Info]Multi-thread E-Step: 0 iteration, likelihood=-7780396.65, converge to 1.00000000
[Info]Finish E-Step: 8 iteration, likelihood: -7780648.5194
[Info]M-step 29....
--------------------------
[Info]EM iteration 29: likelihood is -7780648.52, converges to 0.00001028...

[Info]Analying bipartie graph: 
-- test graph: review size: 5347, item size: 258, user size: 235
[Info]Start evaluation in thread
---likelihood: -2063977.1024936591
---likelihood: -2066442.5385357444
---likelihood: -2066544.4256377781
---likelihood: -2066591.3355941153
---likelihood: -2066640.6572516628
---likelihood: -2066035.852409457
---likelihood: -2066202.5889953987
---likelihood: -2066322.6727883662
---likelihood: -2066249.3639331998
---likelihood: -2066444.3301133402
---likelihood: -2066287.4749528703
---likelihood: -2066008.630887955
---likelihood: -2066117.8512783246
---likelihood: -2066102.0744679926
---likelihood: -2065960.4831430283
---likelihood: -2066067.9323262528
---likelihood: -2066249.148128386
---likelihood: -2065804.8680131724
---likelihood: -2065873.0445090893
---likelihood: -2065809.9822073302
---likelihood: -2065716.4851244986
[Info]Inference finished: likelihood: -2065716.4851
[Stat]Test evaluation finished: 5347 docs
[Stat]0 part has 703.000000 docs: perplexity is 1663.078 and log-likelihood is -379.599
[Stat]1 part has 1467.000000 docs: perplexity is 1566.906 and log-likelihood is -402.812
[Stat]2 part has 1059.000000 docs: perplexity is 1400.393 and log-likelihood is -362.533
[Stat]3 part has 2118.000000 docs: perplexity is 1295.643 and log-likelihood is -389.343
[Stat]4 part has 5347.000000 docs: perplexity is 1428.478 and log-likelihood is -386.332
[Info]ETBIR_Normal[k:5, alpha:1.01000, beta:1.00100, simga:1.01000, rho:1.01000, item~N(1.00000, 1.00000), user~N(1.00000, 1.00000)]
 Train/Test SUCCEED in 361.18 seconds...
TopWord FilePath:/home/ll5fy/TUIR/dataset/amazon_movie/byUser_70k_review/output/5foldsCVColdstart/0/ETBIR_topWords_5.txt
Topic 0(0.23934):	anim(0.00903)	flick(0.00593)	visual(0.00583)	night(0.00565)	monster(0.00520)	bore(0.00473)	town(0.00461)	creatur(0.00458)	peter(0.00437)	depp(0.00435)	gore(0.00433)	amaz(0.00432)	genr(0.00425)	twist(0.00422)	dead(0.00419)	spiderman(0.00414)	evil(0.00412)	hero(0.00404)	half(0.00393)	cool(0.00390)	voic(0.00379)	johnni(0.00373)	suspens(0.00373)	hous(0.00352)	save(0.00350)	superhero(0.00345)	blood(0.00344)	willi(0.00341)	imagin(0.00328)	simpli(0.00326)	
Topic 1(0.19570):	king(0.00789)	battl(0.00626)	histori(0.00591)	violenc(0.00571)	tale(0.00556)	father(0.00434)	magic(0.00424)	ring(0.00373)	potter(0.00360)	epic(0.00343)	understand(0.00334)	lord(0.00334)	oscar(0.00332)	histor(0.00321)	brother(0.00320)	drama(0.00317)	side(0.00306)	hank(0.00306)	countri(0.00286)	termin(0.00280)	brutal(0.00278)	matt(0.00274)	alexand(0.00267)	prison(0.00264)	hollywood(0.00255)	brilliant(0.00254)	cinematographi(0.00253)	support(0.00252)	mother(0.00251)	evil(0.00247)	
Topic 2(0.18868):	jack(0.00688)	earth(0.00676)	citi(0.00625)	bruce(0.00529)	dead(0.00521)	jone(0.00513)	robot(0.00431)	polit(0.00425)	ship(0.00391)	save(0.00390)	attack(0.00375)	soldier(0.00361)	govern(0.00351)	crew(0.00348)	fiction(0.00339)	mission(0.00326)	militari(0.00324)	kidman(0.00324)	order(0.00322)	island(0.00319)	presid(0.00317)	futur(0.00316)	lost(0.00311)	unit(0.00300)	cold(0.00295)	destroy(0.00280)	natur(0.00268)	control(0.00266)	intellig(0.00252)	plan(0.00251)	
Topic 3(0.15596):	bond(0.01597)	michael(0.01535)	edit(0.01451)	commentari(0.00997)	jame(0.00977)	video(0.00914)	qualiti(0.00830)	audio(0.00793)	disc(0.00705)	return(0.00666)	documentari(0.00637)	episod(0.00637)	product(0.00627)	digit(0.00612)	halloween(0.00571)	interview(0.00528)	produc(0.00511)	theatric(0.00505)	sequenc(0.00484)	rate(0.00471)	trek(0.00461)	delet(0.00460)	featurett(0.00456)	track(0.00427)	collect(0.00415)	transfer(0.00411)	shot(0.00411)	song(0.00410)	remak(0.00384)	favorit(0.00383)	
Topic 4(0.22032):	comedi(0.01158)	laugh(0.00684)	daughter(0.00644)	quot(0.00637)	hous(0.00575)	humor(0.00477)	killer(0.00477)	hilari(0.00469)	father(0.00445)	oscar(0.00437)	robert(0.00434)	night(0.00425)	dream(0.00420)	brother(0.00410)	money(0.00387)	mother(0.00385)	matrix(0.00372)	paul(0.00358)	romant(0.00338)	hollywood(0.00329)	room(0.00326)	support(0.00320)	blade(0.00319)	career(0.00317)	frank(0.00310)	talk(0.00302)	talent(0.00302)	manag(0.00298)	joke(0.00297)	serious(0.00296)	
237 users are loaded from /home/ll5fy/TUIR/dataset/amazon_movie/byUser_70k_review/5foldsCVColdstart/1/...
235 users are loaded from /home/ll5fy/TUIR/dataset/amazon_movie/byUser_70k_review/5foldsCVColdstart/0/...
248 users are loaded from /home/ll5fy/TUIR/dataset/amazon_movie/byUser_70k_review/5foldsCVColdstart/2/...
251 users are loaded from /home/ll5fy/TUIR/dataset/amazon_movie/byUser_70k_review/5foldsCVColdstart/3/...
240 users are loaded from /home/ll5fy/TUIR/dataset/amazon_movie/byUser_70k_review/5foldsCVColdstart/4/...
====================
[Info]Fold No. 1: 
[Info]Analzying corpus: 
...........-- Global corpus: vocabulary size: 7680, review size: 26309, item size: 838, user size: 835
train size = 21478, test size = 4831....
[Info]Analying bipartie graph: 
-- train graph: review size: 21478, item size: 750, user size: 743
ETBIR_Normal[k:5, alpha:1.01000, beta:1.00100, simga:1.01000, rho:1.01000, item~N(1.00000, 1.00000), user~N(1.00000, 1.00000)]

[Info]Initializing documents...
[Info]Initializing users...
[Info]Initializing items...
[Info]Initializing ETBIR model...
====================
[Info]Start EM iteration 1....
[Info]Multi-thread E-Step: 0 iteration, likelihood=-8285496.44, converge to 1.00000000
[Info]Multi-thread E-Step: 10 iteration, likelihood=-8437939.36, converge to 0.00010504
[Info]Multi-thread E-Step: 20 iteration, likelihood=-8444243.46, converge to 0.00006129
[Info]Finish E-Step: 21 iteration, likelihood: -8444243.4612
[Info]M-step 1....
--------------------------
[Info]EM iteration 1: likelihood is -8444243.46, converges to 8444244.46123751...

====================
[Info]Start EM iteration 2....
[Info]Multi-thread E-Step: 0 iteration, likelihood=-8443155.74, converge to 1.00000000
[Info]Multi-thread E-Step: 10 iteration, likelihood=-8432656.71, converge to 0.00008176
[Info]Multi-thread E-Step: 20 iteration, likelihood=-8428408.36, converge to 0.00003430
[Info]Finish E-Step: 21 iteration, likelihood: -8428408.3614
[Info]M-step 2....
--------------------------
[Info]EM iteration 2: likelihood is -8428408.36, converges to 0.00187525...

====================
[Info]Start EM iteration 3....
[Info]Multi-thread E-Step: 0 iteration, likelihood=-8395259.23, converge to 1.00000000
[Info]Multi-thread E-Step: 10 iteration, likelihood=-8338279.68, converge to 0.00020927
[Info]Multi-thread E-Step: 20 iteration, likelihood=-8327988.63, converge to 0.00008442
[Info]Finish E-Step: 21 iteration, likelihood: -8327988.6343
[Info]M-step 3....
--------------------------
[Info]EM iteration 3: likelihood is -8327988.63, converges to 0.01191444...

====================
[Info]Start EM iteration 4....
[Info]Multi-thread E-Step: 0 iteration, likelihood=-8250299.92, converge to 1.00000000
[Info]Multi-thread E-Step: 10 iteration, likelihood=-8202926.31, converge to 0.00014271
[Info]Multi-thread E-Step: 20 iteration, likelihood=-8195410.87, converge to 0.00006487
[Info]Finish E-Step: 21 iteration, likelihood: -8195410.8743
[Info]M-step 4....
--------------------------
[Info]EM iteration 4: likelihood is -8195410.87, converges to 0.01591954...

====================
[Info]Start EM iteration 5....
[Info]Multi-thread E-Step: 0 iteration, likelihood=-8139746.00, converge to 1.00000000
[Info]Multi-thread E-Step: 10 iteration, likelihood=-8129141.51, converge to 0.00004317
[Info]Multi-thread E-Step: 20 iteration, likelihood=-8126837.43, converge to 0.00001931
[Info]Finish E-Step: 21 iteration, likelihood: -8126837.4306
[Info]M-step 5....
--------------------------
[Info]EM iteration 5: likelihood is -8126837.43, converges to 0.00836730...

====================
[Info]Start EM iteration 6....
[Info]Multi-thread E-Step: 0 iteration, likelihood=-8102242.18, converge to 1.00000000
[Info]Multi-thread E-Step: 10 iteration, likelihood=-8103984.04, converge to 0.00000619
[Info]Multi-thread E-Step: 20 iteration, likelihood=-8104229.34, converge to 0.00000153
[Info]Finish E-Step: 21 iteration, likelihood: -8104229.3368
[Info]M-step 6....
--------------------------
[Info]EM iteration 6: likelihood is -8104229.34, converges to 0.00278191...

====================
[Info]Start EM iteration 7....
[Info]Multi-thread E-Step: 0 iteration, likelihood=-8093302.30, converge to 1.00000000
[Info]Multi-thread E-Step: 10 iteration, likelihood=-8097074.72, converge to 0.00001710
[Info]Multi-thread E-Step: 20 iteration, likelihood=-8097844.35, converge to 0.00000542
[Info]Finish E-Step: 21 iteration, likelihood: -8097844.3538
[Info]M-step 7....
--------------------------
[Info]EM iteration 7: likelihood is -8097844.35, converges to 0.00078786...

====================
[Info]Start EM iteration 8....
[Info]Multi-thread E-Step: 0 iteration, likelihood=-8092211.03, converge to 1.00000000
[Info]Multi-thread E-Step: 10 iteration, likelihood=-8095626.29, converge to 0.00001699
[Info]Multi-thread E-Step: 20 iteration, likelihood=-8096358.30, converge to 0.00000482
[Info]Finish E-Step: 21 iteration, likelihood: -8096358.3034
[Info]M-step 8....
--------------------------
[Info]EM iteration 8: likelihood is -8096358.30, converges to 0.00018351...

====================
[Info]Start EM iteration 9....
[Info]Multi-thread E-Step: 0 iteration, likelihood=-8092920.59, converge to 1.00000000
[Info]Multi-thread E-Step: 10 iteration, likelihood=-8095749.82, converge to 0.00001411
[Info]Multi-thread E-Step: 20 iteration, likelihood=-8096325.29, converge to 0.00000356
[Info]Finish E-Step: 21 iteration, likelihood: -8096325.2868
[Info]M-step 9....
--------------------------
[Info]EM iteration 9: likelihood is -8096325.29, converges to 0.00000408...

====================
[Info]Start EM iteration 10....
[Info]Multi-thread E-Step: 0 iteration, likelihood=-8093911.07, converge to 1.00000000
[Info]Multi-thread E-Step: 10 iteration, likelihood=-8096280.49, converge to 0.00001145
[Info]Multi-thread E-Step: 20 iteration, likelihood=-8096718.60, converge to 0.00000250
[Info]Finish E-Step: 21 iteration, likelihood: -8096718.6011
[Info]M-step 10....
--------------------------
[Info]EM iteration 10: likelihood is -8096718.60, converges to 0.00004858...

====================
[Info]Start EM iteration 11....
[Info]Multi-thread E-Step: 0 iteration, likelihood=-8094828.22, converge to 1.00000000
[Info]Multi-thread E-Step: 10 iteration, likelihood=-8096811.11, converge to 0.00000902
[Info]Multi-thread E-Step: 20 iteration, likelihood=-8097130.56, converge to 0.00000162
[Info]Finish E-Step: 21 iteration, likelihood: -8097130.5632
[Info]M-step 11....
--------------------------
[Info]EM iteration 11: likelihood is -8097130.56, converges to 0.00005088...

====================
[Info]Start EM iteration 12....
[Info]Multi-thread E-Step: 0 iteration, likelihood=-8095523.14, converge to 1.00000000
[Info]Multi-thread E-Step: 10 iteration, likelihood=-8097215.02, converge to 0.00000720
[Info]Multi-thread E-Step: 20 iteration, likelihood=-8097461.33, converge to 0.00000127
[Info]Finish E-Step: 21 iteration, likelihood: -8097461.3329
[Info]M-step 12....
--------------------------
[Info]EM iteration 12: likelihood is -8097461.33, converges to 0.00004085...

====================
[Info]Start EM iteration 13....
[Info]Multi-thread E-Step: 0 iteration, likelihood=-8096034.30, converge to 1.00000000
[Info]Multi-thread E-Step: 10 iteration, likelihood=-8097498.19, converge to 0.00000588
[Info]Finish E-Step: 20 iteration, likelihood: -8097689.6763
[Info]M-step 13....
--------------------------
[Info]EM iteration 13: likelihood is -8097689.68, converges to 0.00002820...

====================
[Info]Start EM iteration 14....
[Info]Multi-thread E-Step: 0 iteration, likelihood=-8096394.38, converge to 1.00000000
[Info]Multi-thread E-Step: 10 iteration, likelihood=-8097665.12, converge to 0.00000477
[Info]Finish E-Step: 18 iteration, likelihood: -8097802.3589
[Info]M-step 14....
--------------------------
[Info]EM iteration 14: likelihood is -8097802.36, converges to 0.00001392...

====================
[Info]Start EM iteration 15....
[Info]Multi-thread E-Step: 0 iteration, likelihood=-8096559.08, converge to 1.00000000
[Info]Multi-thread E-Step: 10 iteration, likelihood=-8097668.39, converge to 0.00000385
[Info]Finish E-Step: 16 iteration, likelihood: -8097759.7862
[Info]M-step 15....
--------------------------
[Info]EM iteration 15: likelihood is -8097759.79, converges to 0.00000526...

====================
[Info]Start EM iteration 16....
[Info]Multi-thread E-Step: 0 iteration, likelihood=-8096513.09, converge to 1.00000000
[Info]Multi-thread E-Step: 10 iteration, likelihood=-8097482.81, converge to 0.00000310
[Info]Finish E-Step: 15 iteration, likelihood: -8097546.6711
[Info]M-step 16....
--------------------------
[Info]EM iteration 16: likelihood is -8097546.67, converges to 0.00002632...

====================
[Info]Start EM iteration 17....
[Info]Multi-thread E-Step: 0 iteration, likelihood=-8096355.67, converge to 1.00000000
[Info]Multi-thread E-Step: 10 iteration, likelihood=-8097204.62, converge to 0.00000248
[Info]Finish E-Step: 14 iteration, likelihood: -8097248.8126
[Info]M-step 17....
--------------------------
[Info]EM iteration 17: likelihood is -8097248.81, converges to 0.00003678...

====================
[Info]Start EM iteration 18....
[Info]Multi-thread E-Step: 0 iteration, likelihood=-8096251.48, converge to 1.00000000
[Info]Multi-thread E-Step: 10 iteration, likelihood=-8097014.88, converge to 0.00000207
[Info]Finish E-Step: 13 iteration, likelihood: -8097045.0053
[Info]M-step 18....
--------------------------
[Info]EM iteration 18: likelihood is -8097045.01, converges to 0.00002517...

====================
[Info]Start EM iteration 19....
[Info]Multi-thread E-Step: 0 iteration, likelihood=-8096251.61, converge to 1.00000000
[Info]Multi-thread E-Step: 10 iteration, likelihood=-8096948.81, converge to 0.00000174
[Info]Finish E-Step: 13 iteration, likelihood: -8096973.9593
[Info]M-step 19....
--------------------------
[Info]EM iteration 19: likelihood is -8096973.96, converges to 0.00000877...

====================
[Info]Start EM iteration 20....
[Info]Multi-thread E-Step: 0 iteration, likelihood=-8096321.81, converge to 1.00000000
[Info]Multi-thread E-Step: 10 iteration, likelihood=-8096945.99, converge to 0.00000141
[Info]Finish E-Step: 12 iteration, likelihood: -8096961.2453
[Info]M-step 20....
--------------------------
[Info]EM iteration 20: likelihood is -8096961.25, converges to 0.00000157...

====================
[Info]Start EM iteration 21....
[Info]Multi-thread E-Step: 0 iteration, likelihood=-8096287.96, converge to 1.00000000
[Info]Multi-thread E-Step: 10 iteration, likelihood=-8096823.78, converge to 0.00000107
[Info]Finish E-Step: 11 iteration, likelihood: -8096830.4119
[Info]M-step 21....
--------------------------
[Info]EM iteration 21: likelihood is -8096830.41, converges to 0.00001616...

====================
[Info]Start EM iteration 22....
[Info]Multi-thread E-Step: 0 iteration, likelihood=-8096259.00, converge to 1.00000000
[Info]Finish E-Step: 10 iteration, likelihood: -8096746.0929
[Info]M-step 22....
--------------------------
[Info]EM iteration 22: likelihood is -8096746.09, converges to 0.00001041...

====================
[Info]Start EM iteration 23....
[Info]Multi-thread E-Step: 0 iteration, likelihood=-8096297.76, converge to 1.00000000
[Info]Finish E-Step: 10 iteration, likelihood: -8096738.7496
[Info]M-step 23....
--------------------------
[Info]EM iteration 23: likelihood is -8096738.75, converges to 0.00000091...

====================
[Info]Start EM iteration 24....
[Info]Multi-thread E-Step: 0 iteration, likelihood=-8096341.69, converge to 1.00000000
[Info]Finish E-Step: 9 iteration, likelihood: -8096727.2453
[Info]M-step 24....
--------------------------
[Info]EM iteration 24: likelihood is -8096727.25, converges to 0.00000142...

====================
[Info]Start EM iteration 25....
[Info]Multi-thread E-Step: 0 iteration, likelihood=-8096316.09, converge to 1.00000000
[Info]Finish E-Step: 9 iteration, likelihood: -8096662.0463
[Info]M-step 25....
--------------------------
[Info]EM iteration 25: likelihood is -8096662.05, converges to 0.00000805...

====================
[Info]Start EM iteration 26....
[Info]Multi-thread E-Step: 0 iteration, likelihood=-8096316.35, converge to 1.00000000
[Info]Finish E-Step: 8 iteration, likelihood: -8096631.7199
[Info]M-step 26....
--------------------------
[Info]EM iteration 26: likelihood is -8096631.72, converges to 0.00000375...

====================
[Info]Start EM iteration 27....
[Info]Multi-thread E-Step: 0 iteration, likelihood=-8096362.95, converge to 1.00000000
[Info]Finish E-Step: 8 iteration, likelihood: -8096658.8096
[Info]M-step 27....
--------------------------
[Info]EM iteration 27: likelihood is -8096658.81, converges to 0.00000335...

====================
[Info]Start EM iteration 28....
[Info]Multi-thread E-Step: 0 iteration, likelihood=-8096390.20, converge to 1.00000000
[Info]Finish E-Step: 8 iteration, likelihood: -8096664.3864
[Info]M-step 28....
--------------------------
[Info]EM iteration 28: likelihood is -8096664.39, converges to 0.00000069...

====================
[Info]Start EM iteration 29....
[Info]Multi-thread E-Step: 0 iteration, likelihood=-8096364.81, converge to 1.00000000
[Info]Finish E-Step: 7 iteration, likelihood: -8096610.7075
[Info]M-step 29....
--------------------------
[Info]EM iteration 29: likelihood is -8096610.71, converges to 0.00000663...

[Info]Analying bipartie graph: 
-- test graph: review size: 4831, item size: 245, user size: 237
[Info]Start evaluation in thread
---likelihood: -1731183.1912808917
---likelihood: -1733011.2450244646
---likelihood: -1732952.7260375135
---likelihood: -1733020.1057473193
---likelihood: -1732777.2974828868
---likelihood: -1732705.3470023153
---likelihood: -1732671.3280077814
---likelihood: -1732827.1342820926
---likelihood: -1732610.5087035066
---likelihood: -1732599.8124932616
---likelihood: -1732513.5022244514
---likelihood: -1732520.2469323575
---likelihood: -1732383.227436919
---likelihood: -1732508.0710743284
---likelihood: -1732372.4905730945
---likelihood: -1732464.3097177108
---likelihood: -1732413.9362968265
---likelihood: -1732675.1607744494
---likelihood: -1732285.1008760957
---likelihood: -1732339.878960922
---likelihood: -1732252.5487454557
[Info]Inference finished: likelihood: -1732252.5487
[Stat]Test evaluation finished: 4831 docs
[Stat]0 part has 752.000000 docs: perplexity is 1544.038 and log-likelihood is -360.683
[Stat]1 part has 1116.000000 docs: perplexity is 1510.878 and log-likelihood is -367.833
[Stat]2 part has 1144.000000 docs: perplexity is 1625.270 and log-likelihood is -344.266
[Stat]3 part has 1819.000000 docs: perplexity is 1532.308 and log-likelihood is -361.348
[Stat]4 part has 4831.000000 docs: perplexity is 1545.451 and log-likelihood is -358.570
[Info]ETBIR_Normal[k:5, alpha:1.01000, beta:1.00100, simga:1.01000, rho:1.01000, item~N(1.00000, 1.00000), user~N(1.00000, 1.00000)]
 Train/Test SUCCEED in 366.86 seconds...
TopWord FilePath:/home/ll5fy/TUIR/dataset/amazon_movie/byUser_70k_review/output/5foldsCVColdstart/1/ETBIR_topWords_5.txt
Topic 0(0.20987):	understand(0.00491)	oscar(0.00490)	hollywood(0.00461)	histori(0.00458)	countri(0.00456)	father(0.00427)	drama(0.00364)	support(0.00355)	lost(0.00351)	hank(0.00348)	simpli(0.00345)	case(0.00326)	natur(0.00318)	kidman(0.00303)	deal(0.00300)	award(0.00298)	matrix(0.00286)	brilliant(0.00276)	situat(0.00276)	crow(0.00275)	told(0.00269)	struggl(0.00268)	focus(0.00267)	jone(0.00267)	histor(0.00265)	issu(0.00261)	brother(0.00257)	tale(0.00253)	mother(0.00252)	side(0.00249)	
Topic 1(0.17476):	edit(0.01282)	anim(0.01178)	commentari(0.00938)	peter(0.00771)	audio(0.00732)	video(0.00680)	return(0.00638)	disc(0.00628)	voic(0.00628)	qualiti(0.00610)	amaz(0.00569)	product(0.00564)	magic(0.00543)	digit(0.00541)	song(0.00505)	visual(0.00502)	spiderman(0.00487)	potter(0.00481)	favorit(0.00468)	documentari(0.00465)	theatric(0.00461)	delet(0.00446)	white(0.00439)	featurett(0.00438)	bruce(0.00429)	superhero(0.00427)	citi(0.00402)	mari(0.00397)	talk(0.00389)	track(0.00374)	
Topic 2(0.22612):	hous(0.01066)	dead(0.01066)	night(0.00847)	remak(0.00763)	michael(0.00727)	suspens(0.00646)	flick(0.00639)	violenc(0.00626)	killer(0.00591)	thriller(0.00547)	twist(0.00533)	blood(0.00532)	town(0.00522)	quot(0.00510)	genr(0.00470)	gore(0.00461)	evil(0.00459)	room(0.00436)	game(0.00395)	black(0.00380)	strang(0.00361)	daughter(0.00358)	halloween(0.00343)	bore(0.00341)	victim(0.00336)	half(0.00334)	walk(0.00331)	ghost(0.00331)	shot(0.00329)	atmospher(0.00325)	
Topic 3(0.19461):	comedi(0.01202)	laugh(0.00765)	robert(0.00604)	humor(0.00588)	frank(0.00459)	daughter(0.00441)	hilari(0.00440)	iron(0.00433)	support(0.00429)	father(0.00415)	william(0.00401)	willi(0.00400)	jack(0.00381)	oscar(0.00380)	moor(0.00376)	washington(0.00370)	bill(0.00363)	team(0.00359)	brilliant(0.00347)	kevin(0.00347)	toni(0.00342)	money(0.00340)	charli(0.00335)	hugh(0.00318)	serious(0.00317)	manag(0.00315)	career(0.00315)	boss(0.00308)	adam(0.00304)	joke(0.00302)	
Topic 4(0.19465):	bond(0.01053)	battl(0.01002)	earth(0.00787)	jame(0.00685)	save(0.00577)	sequenc(0.00572)	ship(0.00552)	planet(0.00540)	king(0.00528)	crew(0.00515)	attack(0.00479)	hero(0.00466)	robot(0.00460)	visual(0.00446)	captain(0.00426)	soldier(0.00410)	mission(0.00405)	episod(0.00392)	destroy(0.00388)	futur(0.00366)	citi(0.00364)	trek(0.00353)	govern(0.00353)	transform(0.00351)	militari(0.00333)	side(0.00322)	fiction(0.00312)	return(0.00310)	armi(0.00301)	race(0.00297)	
248 users are loaded from /home/ll5fy/TUIR/dataset/amazon_movie/byUser_70k_review/5foldsCVColdstart/2/...
235 users are loaded from /home/ll5fy/TUIR/dataset/amazon_movie/byUser_70k_review/5foldsCVColdstart/0/...
237 users are loaded from /home/ll5fy/TUIR/dataset/amazon_movie/byUser_70k_review/5foldsCVColdstart/1/...
251 users are loaded from /home/ll5fy/TUIR/dataset/amazon_movie/byUser_70k_review/5foldsCVColdstart/3/...
240 users are loaded from /home/ll5fy/TUIR/dataset/amazon_movie/byUser_70k_review/5foldsCVColdstart/4/...
====================
[Info]Fold No. 2: 
[Info]Analzying corpus: 
...........-- Global corpus: vocabulary size: 7680, review size: 26309, item size: 838, user size: 835
train size = 21326, test size = 4983....
[Info]Analying bipartie graph: 
-- train graph: review size: 21326, item size: 768, user size: 741
ETBIR_Normal[k:5, alpha:1.01000, beta:1.00100, simga:1.01000, rho:1.01000, item~N(1.00000, 1.00000), user~N(1.00000, 1.00000)]

[Info]Initializing documents...
[Info]Initializing users...
[Info]Initializing items...
[Info]Initializing ETBIR model...
====================
[Info]Start EM iteration 1....
[Info]Multi-thread E-Step: 0 iteration, likelihood=-8130160.81, converge to 1.00000000
[Info]Multi-thread E-Step: 10 iteration, likelihood=-8277532.49, converge to 0.00010290
[Info]Multi-thread E-Step: 20 iteration, likelihood=-8283539.97, converge to 0.00005959
[Info]Finish E-Step: 21 iteration, likelihood: -8283539.9662
[Info]M-step 1....
--------------------------
[Info]EM iteration 1: likelihood is -8283539.97, converges to 8283540.96615351...

====================
[Info]Start EM iteration 2....
[Info]Multi-thread E-Step: 0 iteration, likelihood=-8282006.77, converge to 1.00000000
[Info]Multi-thread E-Step: 10 iteration, likelihood=-8269151.00, converge to 0.00009332
[Info]Multi-thread E-Step: 20 iteration, likelihood=-8264481.98, converge to 0.00003841
[Info]Finish E-Step: 21 iteration, likelihood: -8264481.9761
[Info]M-step 2....
--------------------------
[Info]EM iteration 2: likelihood is -8264481.98, converges to 0.00230071...

====================
[Info]Start EM iteration 3....
[Info]Multi-thread E-Step: 0 iteration, likelihood=-8230088.49, converge to 1.00000000
[Info]Multi-thread E-Step: 10 iteration, likelihood=-8172647.42, converge to 0.00021052
[Info]Multi-thread E-Step: 20 iteration, likelihood=-8162469.32, converge to 0.00008588
[Info]Finish E-Step: 21 iteration, likelihood: -8162469.3234
[Info]M-step 3....
--------------------------
[Info]EM iteration 3: likelihood is -8162469.32, converges to 0.01234350...

====================
[Info]Start EM iteration 4....
[Info]Multi-thread E-Step: 0 iteration, likelihood=-8085844.72, converge to 1.00000000
[Info]Multi-thread E-Step: 10 iteration, likelihood=-8042479.03, converge to 0.00013586
[Info]Multi-thread E-Step: 20 iteration, likelihood=-8035430.97, converge to 0.00006168
[Info]Finish E-Step: 21 iteration, likelihood: -8035430.9682
[Info]M-step 4....
--------------------------
[Info]EM iteration 4: likelihood is -8035430.97, converges to 0.01556372...

====================
[Info]Start EM iteration 5....
[Info]Multi-thread E-Step: 0 iteration, likelihood=-7986418.67, converge to 1.00000000
[Info]Multi-thread E-Step: 10 iteration, likelihood=-7978295.07, converge to 0.00003626
[Info]Multi-thread E-Step: 20 iteration, likelihood=-7976403.47, converge to 0.00001602
[Info]Finish E-Step: 21 iteration, likelihood: -7976403.4729
[Info]M-step 5....
--------------------------
[Info]EM iteration 5: likelihood is -7976403.47, converges to 0.00734590...

====================
[Info]Start EM iteration 6....
[Info]Multi-thread E-Step: 0 iteration, likelihood=-7956060.24, converge to 1.00000000
[Info]Multi-thread E-Step: 10 iteration, likelihood=-7958093.70, converge to 0.00000735
[Info]Multi-thread E-Step: 20 iteration, likelihood=-7958388.48, converge to 0.00000193
[Info]Finish E-Step: 21 iteration, likelihood: -7958388.4849
[Info]M-step 6....
--------------------------
[Info]EM iteration 6: likelihood is -7958388.48, converges to 0.00225854...

====================
[Info]Start EM iteration 7....
[Info]Multi-thread E-Step: 0 iteration, likelihood=-7948864.56, converge to 1.00000000
[Info]Multi-thread E-Step: 10 iteration, likelihood=-7952210.36, converge to 0.00001724
[Info]Multi-thread E-Step: 20 iteration, likelihood=-7952981.52, converge to 0.00000566
[Info]Finish E-Step: 21 iteration, likelihood: -7952981.5198
[Info]M-step 7....
--------------------------
[Info]EM iteration 7: likelihood is -7952981.52, converges to 0.00067940...

====================
[Info]Start EM iteration 8....
[Info]Multi-thread E-Step: 0 iteration, likelihood=-7947812.18, converge to 1.00000000
[Info]Multi-thread E-Step: 10 iteration, likelihood=-7950882.64, converge to 0.00001580
[Info]Multi-thread E-Step: 20 iteration, likelihood=-7951541.48, converge to 0.00000432
[Info]Finish E-Step: 21 iteration, likelihood: -7951541.4765
[Info]M-step 8....
--------------------------
[Info]EM iteration 8: likelihood is -7951541.48, converges to 0.00018107...

====================
[Info]Start EM iteration 9....
[Info]Multi-thread E-Step: 0 iteration, likelihood=-7948317.94, converge to 1.00000000
[Info]Multi-thread E-Step: 10 iteration, likelihood=-7950880.95, converge to 0.00001333
[Info]Multi-thread E-Step: 20 iteration, likelihood=-7951403.22, converge to 0.00000314
[Info]Finish E-Step: 21 iteration, likelihood: -7951403.2173
[Info]M-step 9....
--------------------------
[Info]EM iteration 9: likelihood is -7951403.22, converges to 0.00001739...

====================
[Info]Start EM iteration 10....
[Info]Multi-thread E-Step: 0 iteration, likelihood=-7949120.96, converge to 1.00000000
[Info]Multi-thread E-Step: 10 iteration, likelihood=-7951261.46, converge to 0.00001068
[Info]Multi-thread E-Step: 20 iteration, likelihood=-7951651.01, converge to 0.00000213
[Info]Finish E-Step: 21 iteration, likelihood: -7951651.0086
[Info]M-step 10....
--------------------------
[Info]EM iteration 10: likelihood is -7951651.01, converges to 0.00003116...

====================
[Info]Start EM iteration 11....
[Info]Multi-thread E-Step: 0 iteration, likelihood=-7949907.43, converge to 1.00000000
[Info]Multi-thread E-Step: 10 iteration, likelihood=-7951712.51, converge to 0.00000841
[Info]Multi-thread E-Step: 20 iteration, likelihood=-7951999.02, converge to 0.00000146
[Info]Finish E-Step: 21 iteration, likelihood: -7951999.0223
[Info]M-step 11....
--------------------------
[Info]EM iteration 11: likelihood is -7951999.02, converges to 0.00004377...

====================
[Info]Start EM iteration 12....
[Info]Multi-thread E-Step: 0 iteration, likelihood=-7950609.75, converge to 1.00000000
[Info]Multi-thread E-Step: 10 iteration, likelihood=-7952163.35, converge to 0.00000661
[Info]Multi-thread E-Step: 20 iteration, likelihood=-7952384.25, converge to 0.00000114
[Info]Finish E-Step: 21 iteration, likelihood: -7952384.2522
[Info]M-step 12....
--------------------------
[Info]EM iteration 12: likelihood is -7952384.25, converges to 0.00004844...

====================
[Info]Start EM iteration 13....
[Info]Multi-thread E-Step: 0 iteration, likelihood=-7951375.78, converge to 1.00000000
[Info]Multi-thread E-Step: 10 iteration, likelihood=-7952736.21, converge to 0.00000543
[Info]Finish E-Step: 19 iteration, likelihood: -7952900.6198
[Info]M-step 13....
--------------------------
[Info]EM iteration 13: likelihood is -7952900.62, converges to 0.00006493...

====================
[Info]Start EM iteration 14....
[Info]Multi-thread E-Step: 0 iteration, likelihood=-7952196.56, converge to 1.00000000
[Info]Multi-thread E-Step: 10 iteration, likelihood=-7953397.36, converge to 0.00000433
[Info]Finish E-Step: 18 iteration, likelihood: -7953516.3577
[Info]M-step 14....
--------------------------
[Info]EM iteration 14: likelihood is -7953516.36, converges to 0.00007742...

====================
[Info]Start EM iteration 15....
[Info]Multi-thread E-Step: 0 iteration, likelihood=-7952946.34, converge to 1.00000000
[Info]Multi-thread E-Step: 10 iteration, likelihood=-7953997.10, converge to 0.00000355
[Info]Finish E-Step: 16 iteration, likelihood: -7954079.5743
[Info]M-step 15....
--------------------------
[Info]EM iteration 15: likelihood is -7954079.57, converges to 0.00007081...

====================
[Info]Start EM iteration 16....
[Info]Multi-thread E-Step: 0 iteration, likelihood=-7953609.02, converge to 1.00000000
[Info]Multi-thread E-Step: 10 iteration, likelihood=-7954532.16, converge to 0.00000289
[Info]Finish E-Step: 15 iteration, likelihood: -7954591.0948
[Info]M-step 16....
--------------------------
[Info]EM iteration 16: likelihood is -7954591.09, converges to 0.00006431...

====================
[Info]Start EM iteration 17....
[Info]Multi-thread E-Step: 0 iteration, likelihood=-7954138.61, converge to 1.00000000
[Info]Multi-thread E-Step: 10 iteration, likelihood=-7954956.27, converge to 0.00000236
[Info]Finish E-Step: 14 iteration, likelihood: -7954997.1821
[Info]M-step 17....
--------------------------
[Info]EM iteration 17: likelihood is -7954997.18, converges to 0.00005105...

====================
[Info]Start EM iteration 18....
[Info]Multi-thread E-Step: 0 iteration, likelihood=-7954564.09, converge to 1.00000000
[Info]Multi-thread E-Step: 10 iteration, likelihood=-7955294.93, converge to 0.00000196
[Info]Finish E-Step: 13 iteration, likelihood: -7955323.2373
[Info]M-step 18....
--------------------------
[Info]EM iteration 18: likelihood is -7955323.24, converges to 0.00004099...

====================
[Info]Start EM iteration 19....
[Info]Multi-thread E-Step: 0 iteration, likelihood=-7954930.72, converge to 1.00000000
[Info]Multi-thread E-Step: 10 iteration, likelihood=-7955583.96, converge to 0.00000162
[Info]Finish E-Step: 12 iteration, likelihood: -7955600.9154
[Info]M-step 19....
--------------------------
[Info]EM iteration 19: likelihood is -7955600.92, converges to 0.00003490...

====================
[Info]Start EM iteration 20....
[Info]Multi-thread E-Step: 0 iteration, likelihood=-7955186.67, converge to 1.00000000
[Info]Multi-thread E-Step: 10 iteration, likelihood=-7955763.94, converge to 0.00000131
[Info]Finish E-Step: 11 iteration, likelihood: -7955771.7194
[Info]M-step 20....
--------------------------
[Info]EM iteration 20: likelihood is -7955771.72, converges to 0.00002147...

====================
[Info]Start EM iteration 21....
[Info]Multi-thread E-Step: 0 iteration, likelihood=-7955394.57, converge to 1.00000000
[Info]Multi-thread E-Step: 10 iteration, likelihood=-7955924.10, converge to 0.00000114
[Info]Finish E-Step: 11 iteration, likelihood: -7955931.0342
[Info]M-step 21....
--------------------------
[Info]EM iteration 21: likelihood is -7955931.03, converges to 0.00002003...

====================
[Info]Start EM iteration 22....
[Info]Multi-thread E-Step: 0 iteration, likelihood=-7955657.31, converge to 1.00000000
[Info]Finish E-Step: 10 iteration, likelihood: -7956143.4708
[Info]M-step 22....
--------------------------
[Info]EM iteration 22: likelihood is -7956143.47, converges to 0.00002670...

====================
[Info]Start EM iteration 23....
[Info]Multi-thread E-Step: 0 iteration, likelihood=-7955906.64, converge to 1.00000000
[Info]Finish E-Step: 10 iteration, likelihood: -7956348.7607
[Info]M-step 23....
--------------------------
[Info]EM iteration 23: likelihood is -7956348.76, converges to 0.00002580...

====================
[Info]Start EM iteration 24....
[Info]Multi-thread E-Step: 0 iteration, likelihood=-7956108.95, converge to 1.00000000
[Info]Finish E-Step: 10 iteration, likelihood: -7956500.3937
[Info]M-step 24....
--------------------------
[Info]EM iteration 24: likelihood is -7956500.39, converges to 0.00001906...

====================
[Info]Start EM iteration 25....
[Info]Multi-thread E-Step: 0 iteration, likelihood=-7956277.07, converge to 1.00000000
[Info]Finish E-Step: 9 iteration, likelihood: -7956626.2509
[Info]M-step 25....
--------------------------
[Info]EM iteration 25: likelihood is -7956626.25, converges to 0.00001582...

====================
[Info]Start EM iteration 26....
[Info]Multi-thread E-Step: 0 iteration, likelihood=-7956418.96, converge to 1.00000000
[Info]Finish E-Step: 9 iteration, likelihood: -7956746.8931
[Info]M-step 26....
--------------------------
[Info]EM iteration 26: likelihood is -7956746.89, converges to 0.00001516...

====================
[Info]Start EM iteration 27....
[Info]Multi-thread E-Step: 0 iteration, likelihood=-7956507.03, converge to 1.00000000
[Info]Finish E-Step: 8 iteration, likelihood: -7956807.4121
[Info]M-step 27....
--------------------------
[Info]EM iteration 27: likelihood is -7956807.41, converges to 0.00000761...

====================
[Info]Start EM iteration 28....
[Info]Multi-thread E-Step: 0 iteration, likelihood=-7956558.90, converge to 1.00000000
[Info]Finish E-Step: 8 iteration, likelihood: -7956838.2360
[Info]M-step 28....
--------------------------
[Info]EM iteration 28: likelihood is -7956838.24, converges to 0.00000387...

====================
[Info]Start EM iteration 29....
[Info]Multi-thread E-Step: 0 iteration, likelihood=-7956617.52, converge to 1.00000000
[Info]Finish E-Step: 8 iteration, likelihood: -7956870.8842
[Info]M-step 29....
--------------------------
[Info]EM iteration 29: likelihood is -7956870.88, converges to 0.00000410...

[Info]Analying bipartie graph: 
-- test graph: review size: 4983, item size: 226, user size: 248
[Info]Start evaluation in thread
---likelihood: -1888207.3653403597
---likelihood: -1890553.1221340462
---likelihood: -1890509.7606603417
---likelihood: -1890249.0630910413
---likelihood: -1890121.3011252673
---likelihood: -1890298.7873388615
---likelihood: -1890102.4683780966
---likelihood: -1890160.4328570247
---likelihood: -1890198.4979978045
---likelihood: -1890160.0798068058
---likelihood: -1890035.7279833735
---likelihood: -1889889.1690473158
---likelihood: -1889930.7635360975
---likelihood: -1889977.429911364
---likelihood: -1889900.2087558513
---likelihood: -1889777.4997466258
---likelihood: -1889902.0174974096
---likelihood: -1889834.8190772252
---likelihood: -1889937.9142744667
---likelihood: -1889768.8831392787
---likelihood: -1889819.673125376
[Info]Inference finished: likelihood: -1889819.6731
[Stat]Test evaluation finished: 4983 docs
[Stat]0 part has 659.000000 docs: perplexity is 1584.036 and log-likelihood is -385.134
[Stat]1 part has 1295.000000 docs: perplexity is 1476.775 and log-likelihood is -410.070
[Stat]2 part has 1008.000000 docs: perplexity is 1658.063 and log-likelihood is -354.674
[Stat]3 part has 2021.000000 docs: perplexity is 1523.621 and log-likelihood is -370.170
[Stat]4 part has 4983.000000 docs: perplexity is 1538.457 and log-likelihood is -379.253
[Info]ETBIR_Normal[k:5, alpha:1.01000, beta:1.00100, simga:1.01000, rho:1.01000, item~N(1.00000, 1.00000), user~N(1.00000, 1.00000)]
 Train/Test SUCCEED in 358.73 seconds...
TopWord FilePath:/home/ll5fy/TUIR/dataset/amazon_movie/byUser_70k_review/output/5foldsCVColdstart/2/ETBIR_topWords_5.txt
Topic 0(0.19380):	comedi(0.01212)	laugh(0.00804)	humor(0.00696)	peter(0.00691)	spiderman(0.00683)	hero(0.00651)	villain(0.00528)	iron(0.00510)	serious(0.00474)	superhero(0.00450)	team(0.00427)	termin(0.00426)	hilari(0.00412)	amaz(0.00404)	sequenc(0.00404)	cameron(0.00398)	jone(0.00358)	predat(0.00356)	save(0.00351)	joke(0.00346)	hollywood(0.00338)	jame(0.00334)	hate(0.00324)	hulk(0.00318)	return(0.00316)	bore(0.00301)	cool(0.00301)	pitt(0.00296)	felt(0.00288)	futur(0.00287)	
Topic 1(0.18126):	michael(0.01311)	bond(0.01221)	jame(0.00610)	bruce(0.00596)	citi(0.00548)	halloween(0.00493)	violenc(0.00454)	flick(0.00427)	bill(0.00418)	suspens(0.00411)	quot(0.00402)	willi(0.00390)	killer(0.00384)	moor(0.00375)	night(0.00372)	king(0.00367)	presid(0.00340)	soldier(0.00338)	reveng(0.00322)	christian(0.00316)	violent(0.00314)	fear(0.00310)	shot(0.00307)	wayn(0.00302)	jack(0.00300)	thriller(0.00291)	return(0.00287)	bale(0.00287)	evil(0.00284)	william(0.00280)	
Topic 2(0.17782):	edit(0.01329)	commentari(0.00874)	video(0.00814)	audio(0.00767)	oscar(0.00677)	qualiti(0.00660)	product(0.00635)	disc(0.00632)	david(0.00535)	digit(0.00530)	award(0.00516)	brilliant(0.00507)	magic(0.00500)	cinematographi(0.00465)	potter(0.00463)	interview(0.00461)	ring(0.00447)	theatric(0.00426)	rate(0.00425)	documentari(0.00422)	shot(0.00413)	amaz(0.00409)	black(0.00409)	histori(0.00401)	bourn(0.00395)	visual(0.00386)	track(0.00382)	king(0.00379)	featurett(0.00379)	talk(0.00376)	
Topic 3(0.18775):	anim(0.01042)	earth(0.00651)	monster(0.00600)	battl(0.00598)	jack(0.00560)	visual(0.00548)	song(0.00540)	ship(0.00540)	voic(0.00531)	robot(0.00511)	episod(0.00482)	transform(0.00468)	crew(0.00449)	father(0.00449)	depp(0.00432)	planet(0.00427)	black(0.00409)	captain(0.00407)	johnni(0.00397)	creatur(0.00377)	lost(0.00332)	pirat(0.00325)	attack(0.00309)	hero(0.00306)	water(0.00303)	amaz(0.00298)	mother(0.00298)	return(0.00295)	sing(0.00295)	tale(0.00294)	
Topic 4(0.25938):	dead(0.00706)	hous(0.00594)	daughter(0.00499)	situat(0.00387)	dream(0.00375)	father(0.00370)	night(0.00368)	thriller(0.00354)	mother(0.00353)	twist(0.00346)	husband(0.00340)	drug(0.00338)	blood(0.00324)	hollywood(0.00316)	case(0.00309)	countri(0.00308)	money(0.00306)	understand(0.00295)	remak(0.00295)	manag(0.00291)	natur(0.00282)	deal(0.00281)	frank(0.00275)	drama(0.00264)	game(0.00263)	suspens(0.00261)	room(0.00259)	intellig(0.00259)	violenc(0.00257)	strang(0.00253)	
251 users are loaded from /home/ll5fy/TUIR/dataset/amazon_movie/byUser_70k_review/5foldsCVColdstart/3/...
235 users are loaded from /home/ll5fy/TUIR/dataset/amazon_movie/byUser_70k_review/5foldsCVColdstart/0/...
237 users are loaded from /home/ll5fy/TUIR/dataset/amazon_movie/byUser_70k_review/5foldsCVColdstart/1/...
248 users are loaded from /home/ll5fy/TUIR/dataset/amazon_movie/byUser_70k_review/5foldsCVColdstart/2/...
240 users are loaded from /home/ll5fy/TUIR/dataset/amazon_movie/byUser_70k_review/5foldsCVColdstart/4/...
====================
[Info]Fold No. 3: 
[Info]Analzying corpus: 
...........-- Global corpus: vocabulary size: 7680, review size: 26309, item size: 838, user size: 835
train size = 20753, test size = 5556....
[Info]Analying bipartie graph: 
-- train graph: review size: 20753, item size: 750, user size: 741
ETBIR_Normal[k:5, alpha:1.01000, beta:1.00100, simga:1.01000, rho:1.01000, item~N(1.00000, 1.00000), user~N(1.00000, 1.00000)]

[Info]Initializing documents...
[Info]Initializing users...
[Info]Initializing items...
[Info]Initializing ETBIR model...
====================
[Info]Start EM iteration 1....
[Info]Multi-thread E-Step: 0 iteration, likelihood=-8045601.71, converge to 1.00000000
[Info]Multi-thread E-Step: 10 iteration, likelihood=-8190207.44, converge to 0.00010352
[Info]Multi-thread E-Step: 20 iteration, likelihood=-8196167.42, converge to 0.00005936
[Info]Finish E-Step: 21 iteration, likelihood: -8196167.4209
[Info]M-step 1....
--------------------------
[Info]EM iteration 1: likelihood is -8196167.42, converges to 8196168.42094633...

====================
[Info]Start EM iteration 2....
[Info]Multi-thread E-Step: 0 iteration, likelihood=-8195055.80, converge to 1.00000000
[Info]Multi-thread E-Step: 10 iteration, likelihood=-8186488.94, converge to 0.00006104
[Info]Multi-thread E-Step: 20 iteration, likelihood=-8183418.30, converge to 0.00002674
[Info]Finish E-Step: 21 iteration, likelihood: -8183418.2989
[Info]M-step 2....
--------------------------
[Info]EM iteration 2: likelihood is -8183418.30, converges to 0.00155550...

====================
[Info]Start EM iteration 3....
[Info]Multi-thread E-Step: 0 iteration, likelihood=-8159761.77, converge to 1.00000000
[Info]Multi-thread E-Step: 10 iteration, likelihood=-8111073.73, converge to 0.00020338
[Info]Multi-thread E-Step: 20 iteration, likelihood=-8101453.06, converge to 0.00007992
[Info]Finish E-Step: 21 iteration, likelihood: -8101453.0617
[Info]M-step 3....
--------------------------
[Info]EM iteration 3: likelihood is -8101453.06, converges to 0.01001601...

====================
[Info]Start EM iteration 4....
[Info]Multi-thread E-Step: 0 iteration, likelihood=-8034119.24, converge to 1.00000000
[Info]Multi-thread E-Step: 10 iteration, likelihood=-7987013.32, converge to 0.00014547
[Info]Multi-thread E-Step: 20 iteration, likelihood=-7979582.87, converge to 0.00006598
[Info]Finish E-Step: 21 iteration, likelihood: -7979582.8674
[Info]M-step 4....
--------------------------
[Info]EM iteration 4: likelihood is -7979582.87, converges to 0.01504300...

====================
[Info]Start EM iteration 5....
[Info]Multi-thread E-Step: 0 iteration, likelihood=-7925530.91, converge to 1.00000000
[Info]Multi-thread E-Step: 10 iteration, likelihood=-7913291.34, converge to 0.00004948
[Info]Multi-thread E-Step: 20 iteration, likelihood=-7910722.14, converge to 0.00002227
[Info]Finish E-Step: 21 iteration, likelihood: -7910722.1362
[Info]M-step 5....
--------------------------
[Info]EM iteration 5: likelihood is -7910722.14, converges to 0.00862962...

====================
[Info]Start EM iteration 6....
[Info]Multi-thread E-Step: 0 iteration, likelihood=-7885256.66, converge to 1.00000000
[Info]Multi-thread E-Step: 10 iteration, likelihood=-7885756.21, converge to 0.00000146
[Info]Finish E-Step: 12 iteration, likelihood: -7885770.5807
[Info]M-step 6....
--------------------------
[Info]EM iteration 6: likelihood is -7885770.58, converges to 0.00315414...

====================
[Info]Start EM iteration 7....
[Info]Multi-thread E-Step: 0 iteration, likelihood=-7873750.44, converge to 1.00000000
[Info]Multi-thread E-Step: 10 iteration, likelihood=-7876525.58, converge to 0.00001368
[Info]Multi-thread E-Step: 20 iteration, likelihood=-7877135.29, converge to 0.00000460
[Info]Finish E-Step: 21 iteration, likelihood: -7877135.2897
[Info]M-step 7....
--------------------------
[Info]EM iteration 7: likelihood is -7877135.29, converges to 0.00109505...

====================
[Info]Start EM iteration 8....
[Info]Multi-thread E-Step: 0 iteration, likelihood=-7870289.32, converge to 1.00000000
[Info]Multi-thread E-Step: 10 iteration, likelihood=-7873164.92, converge to 0.00001512
[Info]Multi-thread E-Step: 20 iteration, likelihood=-7873803.00, converge to 0.00000439
[Info]Finish E-Step: 21 iteration, likelihood: -7873803.0046
[Info]M-step 8....
--------------------------
[Info]EM iteration 8: likelihood is -7873803.00, converges to 0.00042303...

====================
[Info]Start EM iteration 9....
[Info]Multi-thread E-Step: 0 iteration, likelihood=-7869495.41, converge to 1.00000000
[Info]Multi-thread E-Step: 10 iteration, likelihood=-7872049.36, converge to 0.00001313
[Info]Multi-thread E-Step: 20 iteration, likelihood=-7872576.50, converge to 0.00000339
[Info]Finish E-Step: 21 iteration, likelihood: -7872576.5036
[Info]M-step 9....
--------------------------
[Info]EM iteration 9: likelihood is -7872576.50, converges to 0.00015577...

====================
[Info]Start EM iteration 10....
[Info]Multi-thread E-Step: 0 iteration, likelihood=-7869663.02, converge to 1.00000000
[Info]Multi-thread E-Step: 10 iteration, likelihood=-7871832.44, converge to 0.00001091
[Info]Multi-thread E-Step: 20 iteration, likelihood=-7872241.75, converge to 0.00000245
[Info]Finish E-Step: 21 iteration, likelihood: -7872241.7535
[Info]M-step 10....
--------------------------
[Info]EM iteration 10: likelihood is -7872241.75, converges to 0.00004252...

====================
[Info]Start EM iteration 11....
[Info]Multi-thread E-Step: 0 iteration, likelihood=-7870010.89, converge to 1.00000000
[Info]Multi-thread E-Step: 10 iteration, likelihood=-7871813.15, converge to 0.00000859
[Info]Multi-thread E-Step: 20 iteration, likelihood=-7872114.80, converge to 0.00000159
[Info]Finish E-Step: 21 iteration, likelihood: -7872114.7990
[Info]M-step 11....
--------------------------
[Info]EM iteration 11: likelihood is -7872114.80, converges to 0.00001613...

====================
[Info]Start EM iteration 12....
[Info]Multi-thread E-Step: 0 iteration, likelihood=-7870290.38, converge to 1.00000000
[Info]Multi-thread E-Step: 10 iteration, likelihood=-7871818.88, converge to 0.00000680
[Info]Multi-thread E-Step: 20 iteration, likelihood=-7872036.24, converge to 0.00000101
[Info]Finish E-Step: 21 iteration, likelihood: -7872036.2378
[Info]M-step 12....
--------------------------
[Info]EM iteration 12: likelihood is -7872036.24, converges to 0.00000998...

====================
[Info]Start EM iteration 13....
[Info]Multi-thread E-Step: 0 iteration, likelihood=-7870487.23, converge to 1.00000000
[Info]Multi-thread E-Step: 10 iteration, likelihood=-7871795.46, converge to 0.00000546
[Info]Finish E-Step: 19 iteration, likelihood: -7871950.9418
[Info]M-step 13....
--------------------------
[Info]EM iteration 13: likelihood is -7871950.94, converges to 0.00001084...

====================
[Info]Start EM iteration 14....
[Info]Multi-thread E-Step: 0 iteration, likelihood=-7870544.93, converge to 1.00000000
[Info]Multi-thread E-Step: 10 iteration, likelihood=-7871594.57, converge to 0.00000392
[Info]Finish E-Step: 16 iteration, likelihood: -7871676.7449
[Info]M-step 14....
--------------------------
[Info]EM iteration 14: likelihood is -7871676.74, converges to 0.00003483...

====================
[Info]Start EM iteration 15....
[Info]Multi-thread E-Step: 0 iteration, likelihood=-7870514.57, converge to 1.00000000
[Info]Multi-thread E-Step: 10 iteration, likelihood=-7871449.85, converge to 0.00000309
[Info]Finish E-Step: 14 iteration, likelihood: -7871500.6589
[Info]M-step 15....
--------------------------
[Info]EM iteration 15: likelihood is -7871500.66, converges to 0.00002237...

====================
[Info]Start EM iteration 16....
[Info]Multi-thread E-Step: 0 iteration, likelihood=-7870632.58, converge to 1.00000000
[Info]Multi-thread E-Step: 10 iteration, likelihood=-7871509.80, converge to 0.00000266
[Info]Finish E-Step: 14 iteration, likelihood: -7871553.5368
[Info]M-step 16....
--------------------------
[Info]EM iteration 16: likelihood is -7871553.54, converges to 0.00000672...

====================
[Info]Start EM iteration 17....
[Info]Multi-thread E-Step: 0 iteration, likelihood=-7870906.92, converge to 1.00000000
[Info]Multi-thread E-Step: 10 iteration, likelihood=-7871724.37, converge to 0.00000236
[Info]Finish E-Step: 14 iteration, likelihood: -7871762.8090
[Info]M-step 17....
--------------------------
[Info]EM iteration 17: likelihood is -7871762.81, converges to 0.00002659...

====================
[Info]Start EM iteration 18....
[Info]Multi-thread E-Step: 0 iteration, likelihood=-7871256.46, converge to 1.00000000
[Info]Multi-thread E-Step: 10 iteration, likelihood=-7871994.30, converge to 0.00000198
[Info]Finish E-Step: 13 iteration, likelihood: -7872022.4746
[Info]M-step 18....
--------------------------
[Info]EM iteration 18: likelihood is -7872022.47, converges to 0.00003299...

====================
[Info]Start EM iteration 19....
[Info]Multi-thread E-Step: 0 iteration, likelihood=-7871613.68, converge to 1.00000000
[Info]Multi-thread E-Step: 10 iteration, likelihood=-7872292.93, converge to 0.00000172
[Info]Finish E-Step: 13 iteration, likelihood: -7872317.8951
[Info]M-step 19....
--------------------------
[Info]EM iteration 19: likelihood is -7872317.90, converges to 0.00003753...

====================
[Info]Start EM iteration 20....
[Info]Multi-thread E-Step: 0 iteration, likelihood=-7871994.01, converge to 1.00000000
[Info]Multi-thread E-Step: 10 iteration, likelihood=-7872615.64, converge to 0.00000149
[Info]Finish E-Step: 12 iteration, likelihood: -7872631.9776
[Info]M-step 20....
--------------------------
[Info]EM iteration 20: likelihood is -7872631.98, converges to 0.00003990...

====================
[Info]Start EM iteration 21....
[Info]Multi-thread E-Step: 0 iteration, likelihood=-7872343.22, converge to 1.00000000
[Info]Multi-thread E-Step: 10 iteration, likelihood=-7872911.98, converge to 0.00000131
[Info]Finish E-Step: 11 iteration, likelihood: -7872919.6519
[Info]M-step 21....
--------------------------
[Info]EM iteration 21: likelihood is -7872919.65, converges to 0.00003654...

====================
[Info]Start EM iteration 22....
[Info]Multi-thread E-Step: 0 iteration, likelihood=-7872649.82, converge to 1.00000000
[Info]Multi-thread E-Step: 10 iteration, likelihood=-7873167.11, converge to 0.00000109
[Info]Finish E-Step: 11 iteration, likelihood: -7873173.5395
[Info]M-step 22....
--------------------------
[Info]EM iteration 22: likelihood is -7873173.54, converges to 0.00003225...

====================
[Info]Start EM iteration 23....
[Info]Multi-thread E-Step: 0 iteration, likelihood=-7872928.39, converge to 1.00000000
[Info]Finish E-Step: 10 iteration, likelihood: -7873404.6031
[Info]M-step 23....
--------------------------
[Info]EM iteration 23: likelihood is -7873404.60, converges to 0.00002935...

====================
[Info]Start EM iteration 24....
[Info]Multi-thread E-Step: 0 iteration, likelihood=-7873164.14, converge to 1.00000000
[Info]Finish E-Step: 10 iteration, likelihood: -7873596.8569
[Info]M-step 24....
--------------------------
[Info]EM iteration 24: likelihood is -7873596.86, converges to 0.00002442...

====================
[Info]Start EM iteration 25....
[Info]Multi-thread E-Step: 0 iteration, likelihood=-7873352.35, converge to 1.00000000
[Info]Finish E-Step: 9 iteration, likelihood: -7873739.3922
[Info]M-step 25....
--------------------------
[Info]EM iteration 25: likelihood is -7873739.39, converges to 0.00001810...

====================
[Info]Start EM iteration 26....
[Info]Multi-thread E-Step: 0 iteration, likelihood=-7873484.54, converge to 1.00000000
[Info]Finish E-Step: 9 iteration, likelihood: -7873830.2034
[Info]M-step 26....
--------------------------
[Info]EM iteration 26: likelihood is -7873830.20, converges to 0.00001153...

====================
[Info]Start EM iteration 27....
[Info]Multi-thread E-Step: 0 iteration, likelihood=-7873567.08, converge to 1.00000000
[Info]Finish E-Step: 8 iteration, likelihood: -7873875.5326
[Info]M-step 27....
--------------------------
[Info]EM iteration 27: likelihood is -7873875.53, converges to 0.00000576...

====================
[Info]Start EM iteration 28....
[Info]Multi-thread E-Step: 0 iteration, likelihood=-7873639.76, converge to 1.00000000
[Info]Finish E-Step: 8 iteration, likelihood: -7873931.9563
[Info]M-step 28....
--------------------------
[Info]EM iteration 28: likelihood is -7873931.96, converges to 0.00000717...

====================
[Info]Start EM iteration 29....
[Info]Multi-thread E-Step: 0 iteration, likelihood=-7873712.89, converge to 1.00000000
[Info]Finish E-Step: 8 iteration, likelihood: -7873986.4894
[Info]M-step 29....
--------------------------
[Info]EM iteration 29: likelihood is -7873986.49, converges to 0.00000693...

[Info]Analying bipartie graph: 
-- test graph: review size: 5556, item size: 264, user size: 251
[Info]Start evaluation in thread
---likelihood: -1958419.8411315132
---likelihood: -1961005.0965059532
---likelihood: -1960897.7796975018
---likelihood: -1960910.6394018293
---likelihood: -1960707.3157580178
---likelihood: -1960576.3776478637
---likelihood: -1960537.1260522953
---likelihood: -1960532.0767941552
---likelihood: -1960581.4647422251
---likelihood: -1960543.0593884327
---likelihood: -1960504.1209231995
---likelihood: -1960486.337469416
---likelihood: -1960579.4829015282
---likelihood: -1960508.7387039682
---likelihood: -1960229.3971465717
---likelihood: -1960526.2837840011
---likelihood: -1960161.868939155
---likelihood: -1960254.7814068429
---likelihood: -1960237.142332431
---likelihood: -1960085.6119073585
---likelihood: -1960201.967446763
[Info]Inference finished: likelihood: -1960201.9674
[Stat]Test evaluation finished: 5556 docs
[Stat]0 part has 690.000000 docs: perplexity is 1561.345 and log-likelihood is -352.564
[Stat]1 part has 1416.000000 docs: perplexity is 1467.832 and log-likelihood is -367.095
[Stat]2 part has 1155.000000 docs: perplexity is 1461.184 and log-likelihood is -350.426
[Stat]3 part has 2295.000000 docs: perplexity is 1333.106 and log-likelihood is -345.548
[Stat]4 part has 5556.000000 docs: perplexity is 1417.268 and log-likelihood is -352.808
[Info]ETBIR_Normal[k:5, alpha:1.01000, beta:1.00100, simga:1.01000, rho:1.01000, item~N(1.00000, 1.00000), user~N(1.00000, 1.00000)]
 Train/Test SUCCEED in 351.54 seconds...
TopWord FilePath:/home/ll5fy/TUIR/dataset/amazon_movie/byUser_70k_review/output/5foldsCVColdstart/3/ETBIR_topWords_5.txt
Topic 0(0.19996):	battl(0.00782)	citi(0.00700)	earth(0.00601)	bruce(0.00541)	soldier(0.00462)	save(0.00441)	ship(0.00389)	transform(0.00387)	mission(0.00383)	train(0.00370)	hero(0.00363)	destroy(0.00353)	planet(0.00350)	govern(0.00345)	histori(0.00341)	militari(0.00339)	unit(0.00338)	side(0.00332)	attack(0.00332)	island(0.00329)	christian(0.00328)	robot(0.00326)	dream(0.00325)	sequenc(0.00325)	predat(0.00321)	michael(0.00317)	epic(0.00312)	order(0.00307)	race(0.00303)	polit(0.00303)	
Topic 1(0.23286):	dead(0.01157)	remak(0.00718)	flick(0.00697)	night(0.00680)	quot(0.00670)	violenc(0.00653)	hous(0.00610)	evil(0.00597)	blood(0.00566)	town(0.00552)	killer(0.00529)	genr(0.00509)	bore(0.00474)	king(0.00469)	gore(0.00441)	michael(0.00429)	suspens(0.00428)	monster(0.00426)	half(0.00414)	twist(0.00407)	episod(0.00397)	creatur(0.00360)	halloween(0.00344)	victim(0.00333)	shot(0.00333)	stupid(0.00327)	trek(0.00319)	felt(0.00315)	wait(0.00304)	strang(0.00303)	
Topic 2(0.16902):	edit(0.01341)	anim(0.00980)	commentari(0.00978)	peter(0.00873)	visual(0.00859)	video(0.00782)	amaz(0.00761)	audio(0.00731)	qualiti(0.00723)	disc(0.00646)	spiderman(0.00639)	product(0.00576)	hero(0.00556)	documentari(0.00507)	digit(0.00493)	theatric(0.00474)	sequenc(0.00468)	featurett(0.00455)	interview(0.00446)	return(0.00444)	collect(0.00433)	track(0.00427)	delet(0.00418)	termin(0.00406)	talk(0.00401)	voic(0.00396)	favorit(0.00392)	soundtrack(0.00388)	superhero(0.00386)	transfer(0.00385)	
Topic 3(0.19106):	bond(0.01109)	jack(0.00854)	oscar(0.00778)	jame(0.00558)	father(0.00552)	jone(0.00531)	brilliant(0.00467)	support(0.00466)	depp(0.00449)	robert(0.00409)	award(0.00407)	potter(0.00370)	bourn(0.00361)	secret(0.00360)	lost(0.00348)	tale(0.00347)	johnni(0.00319)	fine(0.00312)	drama(0.00305)	sean(0.00304)	damon(0.00296)	william(0.00295)	histori(0.00293)	crow(0.00290)	understand(0.00279)	magic(0.00277)	mother(0.00276)	cold(0.00275)	ford(0.00275)	pirat(0.00267)	
Topic 4(0.20709):	comedi(0.01117)	laugh(0.00710)	daughter(0.00600)	brother(0.00501)	humor(0.00499)	drug(0.00469)	black(0.00452)	hilari(0.00439)	money(0.00421)	case(0.00406)	mother(0.00389)	iron(0.00383)	thriller(0.00374)	night(0.00364)	father(0.00363)	deal(0.00347)	hous(0.00345)	manag(0.00335)	joke(0.00321)	team(0.00309)	room(0.00309)	situat(0.00306)	toni(0.00303)	talent(0.00302)	robert(0.00295)	decid(0.00287)	polic(0.00284)	serious(0.00277)	pitt(0.00275)	talk(0.00272)	
240 users are loaded from /home/ll5fy/TUIR/dataset/amazon_movie/byUser_70k_review/5foldsCVColdstart/4/...
235 users are loaded from /home/ll5fy/TUIR/dataset/amazon_movie/byUser_70k_review/5foldsCVColdstart/0/...
237 users are loaded from /home/ll5fy/TUIR/dataset/amazon_movie/byUser_70k_review/5foldsCVColdstart/1/...
248 users are loaded from /home/ll5fy/TUIR/dataset/amazon_movie/byUser_70k_review/5foldsCVColdstart/2/...
251 users are loaded from /home/ll5fy/TUIR/dataset/amazon_movie/byUser_70k_review/5foldsCVColdstart/3/...
====================
[Info]Fold No. 4: 
[Info]Analzying corpus: 
...........-- Global corpus: vocabulary size: 7680, review size: 26309, item size: 838, user size: 835
train size = 20717, test size = 5592....
[Info]Analying bipartie graph: 
-- train graph: review size: 20717, item size: 749, user size: 747
ETBIR_Normal[k:5, alpha:1.01000, beta:1.00100, simga:1.01000, rho:1.01000, item~N(1.00000, 1.00000), user~N(1.00000, 1.00000)]

[Info]Initializing documents...
[Info]Initializing users...
[Info]Initializing items...
[Info]Initializing ETBIR model...
====================
[Info]Start EM iteration 1....
[Info]Multi-thread E-Step: 0 iteration, likelihood=-7825751.13, converge to 1.00000000
[Info]Multi-thread E-Step: 10 iteration, likelihood=-7963267.15, converge to 0.00008986
[Info]Multi-thread E-Step: 20 iteration, likelihood=-7968530.91, converge to 0.00005487
[Info]Finish E-Step: 21 iteration, likelihood: -7968530.9078
[Info]M-step 1....
--------------------------
[Info]EM iteration 1: likelihood is -7968530.91, converges to 7968531.90780800...

====================
[Info]Start EM iteration 2....
[Info]Multi-thread E-Step: 0 iteration, likelihood=-7967117.02, converge to 1.00000000
[Info]Multi-thread E-Step: 10 iteration, likelihood=-7957509.28, converge to 0.00006226
[Info]Multi-thread E-Step: 20 iteration, likelihood=-7954576.46, converge to 0.00002569
[Info]Finish E-Step: 21 iteration, likelihood: -7954576.4619
[Info]M-step 2....
--------------------------
[Info]EM iteration 2: likelihood is -7954576.46, converges to 0.00175119...

====================
[Info]Start EM iteration 3....
[Info]Multi-thread E-Step: 0 iteration, likelihood=-7928634.25, converge to 1.00000000
[Info]Multi-thread E-Step: 10 iteration, likelihood=-7882650.36, converge to 0.00018459
[Info]Multi-thread E-Step: 20 iteration, likelihood=-7874049.16, converge to 0.00007441
[Info]Finish E-Step: 21 iteration, likelihood: -7874049.1621
[Info]M-step 3....
--------------------------
[Info]EM iteration 3: likelihood is -7874049.16, converges to 0.01012339...

====================
[Info]Start EM iteration 4....
[Info]Multi-thread E-Step: 0 iteration, likelihood=-7807865.93, converge to 1.00000000
[Info]Multi-thread E-Step: 10 iteration, likelihood=-7763544.96, converge to 0.00013742
[Info]Multi-thread E-Step: 20 iteration, likelihood=-7756713.57, converge to 0.00006268
[Info]Finish E-Step: 21 iteration, likelihood: -7756713.5702
[Info]M-step 4....
--------------------------
[Info]EM iteration 4: likelihood is -7756713.57, converges to 0.01490156...

====================
[Info]Start EM iteration 5....
[Info]Multi-thread E-Step: 0 iteration, likelihood=-7702483.37, converge to 1.00000000
[Info]Multi-thread E-Step: 10 iteration, likelihood=-7690182.79, converge to 0.00004986
[Info]Multi-thread E-Step: 20 iteration, likelihood=-7687692.27, converge to 0.00002193
[Info]Finish E-Step: 21 iteration, likelihood: -7687692.2677
[Info]M-step 5....
--------------------------
[Info]EM iteration 5: likelihood is -7687692.27, converges to 0.00889827...

====================
[Info]Start EM iteration 6....
[Info]Multi-thread E-Step: 0 iteration, likelihood=-7662600.29, converge to 1.00000000
[Info]Finish E-Step: 9 iteration, likelihood: -7662969.2549
[Info]M-step 6....
--------------------------
[Info]EM iteration 6: likelihood is -7662969.25, converges to 0.00321592...

====================
[Info]Start EM iteration 7....
[Info]Multi-thread E-Step: 0 iteration, likelihood=-7651392.21, converge to 1.00000000
[Info]Multi-thread E-Step: 10 iteration, likelihood=-7654023.82, converge to 0.00001126
[Info]Multi-thread E-Step: 20 iteration, likelihood=-7654475.91, converge to 0.00000323
[Info]Finish E-Step: 21 iteration, likelihood: -7654475.9087
[Info]M-step 7....
--------------------------
[Info]EM iteration 7: likelihood is -7654475.91, converges to 0.00110836...

====================
[Info]Start EM iteration 8....
[Info]Multi-thread E-Step: 0 iteration, likelihood=-7648217.38, converge to 1.00000000
[Info]Multi-thread E-Step: 10 iteration, likelihood=-7650881.90, converge to 0.00001350
[Info]Multi-thread E-Step: 20 iteration, likelihood=-7651412.05, converge to 0.00000346
[Info]Finish E-Step: 21 iteration, likelihood: -7651412.0488
[Info]M-step 8....
--------------------------
[Info]EM iteration 8: likelihood is -7651412.05, converges to 0.00040027...

====================
[Info]Start EM iteration 9....
[Info]Multi-thread E-Step: 0 iteration, likelihood=-7647663.75, converge to 1.00000000
[Info]Multi-thread E-Step: 10 iteration, likelihood=-7650026.27, converge to 0.00001229
[Info]Multi-thread E-Step: 20 iteration, likelihood=-7650483.20, converge to 0.00000278
[Info]Finish E-Step: 21 iteration, likelihood: -7650483.2002
[Info]M-step 9....
--------------------------
[Info]EM iteration 9: likelihood is -7650483.20, converges to 0.00012140...

====================
[Info]Start EM iteration 10....
[Info]Multi-thread E-Step: 0 iteration, likelihood=-7647886.96, converge to 1.00000000
[Info]Multi-thread E-Step: 10 iteration, likelihood=-7649890.35, converge to 0.00001024
[Info]Multi-thread E-Step: 20 iteration, likelihood=-7650248.46, converge to 0.00000203
[Info]Finish E-Step: 21 iteration, likelihood: -7650248.4649
[Info]M-step 10....
--------------------------
[Info]EM iteration 10: likelihood is -7650248.46, converges to 0.00003068...

====================
[Info]Start EM iteration 11....
[Info]Multi-thread E-Step: 0 iteration, likelihood=-7648314.54, converge to 1.00000000
[Info]Multi-thread E-Step: 10 iteration, likelihood=-7650037.94, converge to 0.00000829
[Info]Multi-thread E-Step: 20 iteration, likelihood=-7650309.94, converge to 0.00000144
[Info]Finish E-Step: 21 iteration, likelihood: -7650309.9438
[Info]M-step 11....
--------------------------
[Info]EM iteration 11: likelihood is -7650309.94, converges to 0.00000804...

====================
[Info]Start EM iteration 12....
[Info]Multi-thread E-Step: 0 iteration, likelihood=-7648868.90, converge to 1.00000000
[Info]Multi-thread E-Step: 10 iteration, likelihood=-7650373.69, converge to 0.00000664
[Info]Multi-thread E-Step: 20 iteration, likelihood=-7650581.66, converge to 0.00000102
[Info]Finish E-Step: 21 iteration, likelihood: -7650581.6643
[Info]M-step 12....
--------------------------
[Info]EM iteration 12: likelihood is -7650581.66, converges to 0.00003552...

====================
[Info]Start EM iteration 13....
[Info]Multi-thread E-Step: 0 iteration, likelihood=-7649420.63, converge to 1.00000000
[Info]Multi-thread E-Step: 10 iteration, likelihood=-7650746.99, converge to 0.00000555
[Info]Finish E-Step: 20 iteration, likelihood: -7650919.2653
[Info]M-step 13....
--------------------------
[Info]EM iteration 13: likelihood is -7650919.27, converges to 0.00004413...

====================
[Info]Start EM iteration 14....
[Info]Multi-thread E-Step: 0 iteration, likelihood=-7649826.59, converge to 1.00000000
[Info]Multi-thread E-Step: 10 iteration, likelihood=-7650971.21, converge to 0.00000451
[Info]Finish E-Step: 18 iteration, likelihood: -7651093.7647
[Info]M-step 14....
--------------------------
[Info]EM iteration 14: likelihood is -7651093.76, converges to 0.00002281...

====================
[Info]Start EM iteration 15....
[Info]Multi-thread E-Step: 0 iteration, likelihood=-7649976.63, converge to 1.00000000
[Info]Multi-thread E-Step: 10 iteration, likelihood=-7650971.65, converge to 0.00000361
[Info]Finish E-Step: 16 iteration, likelihood: -7651051.5804
[Info]M-step 15....
--------------------------
[Info]EM iteration 15: likelihood is -7651051.58, converges to 0.00000551...

====================
[Info]Start EM iteration 16....
[Info]Multi-thread E-Step: 0 iteration, likelihood=-7650115.25, converge to 1.00000000
[Info]Multi-thread E-Step: 10 iteration, likelihood=-7651011.77, converge to 0.00000296
[Info]Finish E-Step: 15 iteration, likelihood: -7651069.6271
[Info]M-step 16....
--------------------------
[Info]EM iteration 16: likelihood is -7651069.63, converges to 0.00000236...

====================
[Info]Start EM iteration 17....
[Info]Multi-thread E-Step: 0 iteration, likelihood=-7650321.99, converge to 1.00000000
[Info]Multi-thread E-Step: 10 iteration, likelihood=-7651126.75, converge to 0.00000247
[Info]Finish E-Step: 14 iteration, likelihood: -7651168.6821
[Info]M-step 17....
--------------------------
[Info]EM iteration 17: likelihood is -7651168.68, converges to 0.00001295...

====================
[Info]Start EM iteration 18....
[Info]Multi-thread E-Step: 0 iteration, likelihood=-7650471.84, converge to 1.00000000
[Info]Multi-thread E-Step: 10 iteration, likelihood=-7651170.37, converge to 0.00000194
[Info]Finish E-Step: 13 iteration, likelihood: -7651197.7846
[Info]M-step 18....
--------------------------
[Info]EM iteration 18: likelihood is -7651197.78, converges to 0.00000380...

====================
[Info]Start EM iteration 19....
[Info]Multi-thread E-Step: 0 iteration, likelihood=-7650516.17, converge to 1.00000000
[Info]Multi-thread E-Step: 10 iteration, likelihood=-7651142.30, converge to 0.00000155
[Info]Finish E-Step: 12 iteration, likelihood: -7651158.4609
[Info]M-step 19....
--------------------------
[Info]EM iteration 19: likelihood is -7651158.46, converges to 0.00000514...

====================
[Info]Start EM iteration 20....
[Info]Multi-thread E-Step: 0 iteration, likelihood=-7650545.73, converge to 1.00000000
[Info]Multi-thread E-Step: 10 iteration, likelihood=-7651112.79, converge to 0.00000129
[Info]Finish E-Step: 11 iteration, likelihood: -7651120.2097
[Info]M-step 20....
--------------------------
[Info]EM iteration 20: likelihood is -7651120.21, converges to 0.00000500...

====================
[Info]Start EM iteration 21....
[Info]Multi-thread E-Step: 0 iteration, likelihood=-7650598.99, converge to 1.00000000
[Info]Multi-thread E-Step: 10 iteration, likelihood=-7651109.55, converge to 0.00000103
[Info]Finish E-Step: 11 iteration, likelihood: -7651115.4570
[Info]M-step 21....
--------------------------
[Info]EM iteration 21: likelihood is -7651115.46, converges to 0.00000062...

====================
[Info]Start EM iteration 22....
[Info]Multi-thread E-Step: 0 iteration, likelihood=-7650637.85, converge to 1.00000000
[Info]Finish E-Step: 10 iteration, likelihood: -7651089.3336
[Info]M-step 22....
--------------------------
[Info]EM iteration 22: likelihood is -7651089.33, converges to 0.00000341...

====================
[Info]Start EM iteration 23....
[Info]Multi-thread E-Step: 0 iteration, likelihood=-7650611.06, converge to 1.00000000
[Info]Finish E-Step: 9 iteration, likelihood: -7651001.5288
[Info]M-step 23....
--------------------------
[Info]EM iteration 23: likelihood is -7651001.53, converges to 0.00001148...

====================
[Info]Start EM iteration 24....
[Info]Multi-thread E-Step: 0 iteration, likelihood=-7650529.31, converge to 1.00000000
[Info]Finish E-Step: 9 iteration, likelihood: -7650891.2111
[Info]M-step 24....
--------------------------
[Info]EM iteration 24: likelihood is -7650891.21, converges to 0.00001442...

====================
[Info]Start EM iteration 25....
[Info]Multi-thread E-Step: 0 iteration, likelihood=-7650444.65, converge to 1.00000000
[Info]Finish E-Step: 9 iteration, likelihood: -7650782.7956
[Info]M-step 25....
--------------------------
[Info]EM iteration 25: likelihood is -7650782.80, converges to 0.00001417...

====================
[Info]Start EM iteration 26....
[Info]Multi-thread E-Step: 0 iteration, likelihood=-7650362.18, converge to 1.00000000
[Info]Finish E-Step: 8 iteration, likelihood: -7650674.3280
[Info]M-step 26....
--------------------------
[Info]EM iteration 26: likelihood is -7650674.33, converges to 0.00001418...

====================
[Info]Start EM iteration 27....
[Info]Multi-thread E-Step: 0 iteration, likelihood=-7650345.00, converge to 1.00000000
[Info]Finish E-Step: 8 iteration, likelihood: -7650635.4903
[Info]M-step 27....
--------------------------
[Info]EM iteration 27: likelihood is -7650635.49, converges to 0.00000508...

====================
[Info]Start EM iteration 28....
[Info]Multi-thread E-Step: 0 iteration, likelihood=-7650337.70, converge to 1.00000000
[Info]Finish E-Step: 8 iteration, likelihood: -7650602.2055
[Info]M-step 28....
--------------------------
[Info]EM iteration 28: likelihood is -7650602.21, converges to 0.00000435...

====================
[Info]Start EM iteration 29....
[Info]Multi-thread E-Step: 0 iteration, likelihood=-7650286.22, converge to 1.00000000
[Info]Finish E-Step: 7 iteration, likelihood: -7650520.1806
[Info]M-step 29....
--------------------------
[Info]EM iteration 29: likelihood is -7650520.18, converges to 0.00001072...

[Info]Analying bipartie graph: 
-- test graph: review size: 5592, item size: 263, user size: 240
[Info]Start evaluation in thread
---likelihood: -2177766.7423138744
---likelihood: -2180310.8103874302
---likelihood: -2179837.4167934847
---likelihood: -2180314.173852357
---likelihood: -2179821.1048458284
---likelihood: -2180174.953450787
---likelihood: -2180027.524590629
---likelihood: -2179720.898205848
---likelihood: -2179750.968450942
---likelihood: -2179771.2021680917
---likelihood: -2179633.730064122
---likelihood: -2179779.2591900774
---likelihood: -2179688.3534876206
---likelihood: -2179665.895599566
---likelihood: -2179449.7718806113
---likelihood: -2179736.5271263197
---likelihood: -2179627.87962248
---likelihood: -2179361.1418194682
---likelihood: -2179488.1839694935
---likelihood: -2179679.9550676355
---likelihood: -2179311.5925411647
[Info]Inference finished: likelihood: -2179311.5925
[Stat]Test evaluation finished: 5592 docs
[Stat]0 part has 726.000000 docs: perplexity is 1718.214 and log-likelihood is -411.011
[Stat]1 part has 1348.000000 docs: perplexity is 1641.332 and log-likelihood is -400.144
[Stat]2 part has 1203.000000 docs: perplexity is 1368.153 and log-likelihood is -397.371
[Stat]3 part has 2315.000000 docs: perplexity is 1262.376 and log-likelihood is -373.293
[Stat]4 part has 5592.000000 docs: perplexity is 1423.794 and log-likelihood is -389.720
[Info]ETBIR_Normal[k:5, alpha:1.01000, beta:1.00100, simga:1.01000, rho:1.01000, item~N(1.00000, 1.00000), user~N(1.00000, 1.00000)]
 Train/Test SUCCEED in 345.43 seconds...
TopWord FilePath:/home/ll5fy/TUIR/dataset/amazon_movie/byUser_70k_review/output/5foldsCVColdstart/4/ETBIR_topWords_5.txt
Topic 0(0.18022):	jack(0.00637)	jone(0.00586)	lost(0.00564)	father(0.00549)	oscar(0.00426)	paul(0.00397)	matt(0.00371)	villag(0.00367)	william(0.00363)	termin(0.00360)	water(0.00350)	island(0.00342)	unit(0.00336)	hank(0.00335)	daniel(0.00332)	ring(0.00330)	save(0.00327)	damon(0.00324)	support(0.00323)	hollywood(0.00322)	award(0.00315)	daughter(0.00313)	pirat(0.00304)	bourn(0.00297)	ford(0.00296)	washington(0.00294)	plane(0.00291)	thriller(0.00288)	jame(0.00286)	cold(0.00284)	
Topic 1(0.22231):	dead(0.01191)	hous(0.00994)	night(0.00910)	remak(0.00735)	flick(0.00661)	michael(0.00649)	killer(0.00625)	town(0.00588)	blood(0.00550)	evil(0.00539)	suspens(0.00532)	violenc(0.00509)	gore(0.00491)	genr(0.00469)	twist(0.00457)	monster(0.00432)	thriller(0.00431)	halloween(0.00409)	camera(0.00387)	shot(0.00376)	quot(0.00369)	citi(0.00368)	victim(0.00359)	room(0.00346)	game(0.00332)	hell(0.00328)	fear(0.00327)	bore(0.00320)	stupid(0.00319)	ghost(0.00318)	
Topic 2(0.18127):	battl(0.00656)	histori(0.00652)	king(0.00643)	soldier(0.00531)	polit(0.00460)	return(0.00440)	depp(0.00436)	black(0.00424)	johnni(0.00400)	order(0.00394)	general(0.00386)	david(0.00370)	violenc(0.00364)	histor(0.00341)	side(0.00337)	natur(0.00334)	potter(0.00308)	drug(0.00301)	prison(0.00296)	hero(0.00294)	tale(0.00290)	captur(0.00287)	predat(0.00286)	societi(0.00285)	alexand(0.00284)	understand(0.00274)	dracula(0.00273)	armi(0.00267)	countri(0.00261)	magic(0.00258)	
Topic 3(0.21517):	comedi(0.01187)	bond(0.00818)	laugh(0.00727)	robert(0.00588)	bruce(0.00577)	humor(0.00556)	frank(0.00501)	song(0.00472)	hilari(0.00451)	dream(0.00422)	talent(0.00400)	oscar(0.00392)	daughter(0.00379)	willi(0.00364)	brilliant(0.00355)	jame(0.00336)	serious(0.00334)	support(0.00331)	romant(0.00321)	blade(0.00313)	toni(0.00312)	mother(0.00310)	father(0.00307)	bale(0.00304)	money(0.00300)	joke(0.00294)	citi(0.00281)	career(0.00281)	number(0.00275)	manag(0.00269)	
Topic 4(0.20104):	edit(0.01068)	anim(0.00958)	visual(0.00838)	earth(0.00757)	commentari(0.00748)	peter(0.00716)	amaz(0.00649)	disc(0.00571)	qualiti(0.00555)	sequenc(0.00555)	hero(0.00553)	spiderman(0.00547)	planet(0.00523)	audio(0.00502)	episod(0.00497)	video(0.00483)	transform(0.00438)	crew(0.00427)	futur(0.00426)	trek(0.00420)	superhero(0.00420)	product(0.00417)	battl(0.00407)	race(0.00398)	documentari(0.00393)	digit(0.00379)	ship(0.00377)	robot(0.00377)	fiction(0.00372)	cool(0.00360)	

Part 0 -----------------Valid folds: 5
[Stat]Loglikelihood -377.798+/-20.444
[Stat]Perplexity 1614.142+/-66.082
Part 1 -----------------Valid folds: 5
[Stat]Loglikelihood -389.591+/-18.358
[Stat]Perplexity 1532.745+/-64.471
Part 2 -----------------Valid folds: 5
[Stat]Loglikelihood -361.854+/-18.726
[Stat]Perplexity 1502.613+/-117.859
Part 3 -----------------Valid folds: 5
[Stat]Loglikelihood -367.941+/-14.398
[Stat]Perplexity 1389.411+/-115.354
Part 4 -----------------Valid folds: 5
[Stat]Loglikelihood -373.337+/-14.911
[Stat]Perplexity 1470.690+/-58.338
