Load 7680 1-gram new features from /zf18/ll5fy/lab/dataset/amazon_movie/amazon_movie_features.txt...
841 users are loaded from /zf18/ll5fy/lab/dataset/amazon_movie/byUser_70k_review/data/...
Info File Path: /zf18/ll5fy/lab/dataset/amazon_movie/byUser_70k_review/output/5foldsCVColdstart/LDA_Variational_info.txt
[Info]Start FIXED cross validation...
235 users are loaded from /zf18/ll5fy/lab/dataset/amazon_movie/byUser_70k_review/5foldsCVColdstart/0/...
237 users are loaded from /zf18/ll5fy/lab/dataset/amazon_movie/byUser_70k_review/5foldsCVColdstart/1/...
248 users are loaded from /zf18/ll5fy/lab/dataset/amazon_movie/byUser_70k_review/5foldsCVColdstart/2/...
251 users are loaded from /zf18/ll5fy/lab/dataset/amazon_movie/byUser_70k_review/5foldsCVColdstart/3/...
240 users are loaded from /zf18/ll5fy/lab/dataset/amazon_movie/byUser_70k_review/5foldsCVColdstart/4/...
====================
[Info]Fold No. 0: 
train size = 20962, test size = 5347....
[Info]EM Starting multithread LDA[k:30, alpha:1.01, beta:1.00, Variational]...
==============
[Info]Likelihood -6765154.74432 at step 0 converge to 1.0000000000...
==============
[Info]Likelihood -6763206.95400 at step 1 converge to 0.0002879151...
==============
[Info]Likelihood -6761248.87431 at step 2 converge to 0.0002895194...
==============
[Info]Likelihood -6759130.81835 at step 3 converge to 0.0003132640...
==============
[Info]Likelihood -6754908.71611 at step 4 converge to 0.0006246517...
==============
[Info]Likelihood -6741272.07620 at step 5 converge to 0.0020187749...
==============
[Info]Likelihood -6718815.71276 at step 6 converge to 0.0033311760...
==============
[Info]Likelihood -6682242.83446 at step 7 converge to 0.0054433519...
==============
[Info]Likelihood -6628998.93693 at step 8 converge to 0.0079679681...
==============
[Info]Likelihood -6553797.06578 at step 9 converge to 0.0113443782...
==============
[Info]Likelihood -6466286.61547 at step 10 converge to 0.0133526335...
==============
[Info]Likelihood -6381338.16478 at step 11 converge to 0.0131371304...
==============
[Info]Likelihood -6310199.38420 at step 12 converge to 0.0111479409...
==============
[Info]Likelihood -6254858.78649 at step 13 converge to 0.0087700236...
==============
[Info]Likelihood -6212494.58945 at step 14 converge to 0.0067730062...
==============
[Info]Likelihood -6179395.18335 at step 15 converge to 0.0053278768...
==============
[Info]Likelihood -6152711.63211 at step 16 converge to 0.0043181493...
==============
[Info]Likelihood -6130570.94021 at step 17 converge to 0.0035985259...
==============
[Info]Likelihood -6111742.37141 at step 18 converge to 0.0030712586...
==============
[Info]Likelihood -6095467.07939 at step 19 converge to 0.0026629545...
==============
[Info]Likelihood -6081253.49225 at step 20 converge to 0.0023318290...
==============
[Info]Likelihood -6068706.34792 at step 21 converge to 0.0020632497...
==============
[Info]Likelihood -6057496.88577 at step 22 converge to 0.0018470925...
==============
[Info]Likelihood -6047358.70218 at step 23 converge to 0.0016736589...
==============
[Info]Likelihood -6038128.54513 at step 24 converge to 0.0015263121...
==============
[Info]Likelihood -6029682.06593 at step 25 converge to 0.0013988571...
==============
[Info]Likelihood -6021888.70298 at step 26 converge to 0.0012924998...
==============
[Info]Likelihood -6014649.73376 at step 27 converge to 0.0012021094...
==============
[Info]Likelihood -6007903.45382 at step 28 converge to 0.0011216414...
==============
[Info]Likelihood -6001572.72605 at step 29 converge to 0.0010537333...
==============
[Info]Likelihood -5995592.99164 at step 30 converge to 0.0009963612...
==============
[Info]Likelihood -5989970.88069 at step 31 converge to 0.0009377072...
==============
[Info]Likelihood -5984711.24788 at step 32 converge to 0.0008780732...
==============
[Info]Likelihood -5979782.97191 at step 33 converge to 0.0008234777...
==============
[Info]Likelihood -5975157.56275 at step 34 converge to 0.0007735079...
==============
[Info]Likelihood -5970807.10188 at step 35 converge to 0.0007280914...
==============
[Info]Likelihood -5966707.72638 at step 36 converge to 0.0006865697...
==============
[Info]Likelihood -5962837.80146 at step 37 converge to 0.0006485863...
==============
[Info]Likelihood -5959183.76673 at step 38 converge to 0.0006128013...
==============
[Info]Likelihood -5955737.24049 at step 39 converge to 0.0005783554...
==============
[Info]Likelihood -5952447.80664 at step 40 converge to 0.0005523135...
==============
[Info]Likelihood -5949255.65781 at step 41 converge to 0.0005362750...
==============
[Info]Likelihood -5946226.83074 at step 42 converge to 0.0005091103...
==============
[Info]Likelihood -5943363.68222 at step 43 converge to 0.0004815068...
==============
[Info]Likelihood -5940633.80290 at step 44 converge to 0.0004593155...
==============
[Info]Likelihood -5938024.53695 at step 45 converge to 0.0004392235...
==============
[Info]Likelihood -5935529.80276 at step 46 converge to 0.0004201286...
==============
[Info]Likelihood -5933147.20539 at step 47 converge to 0.0004014128...
==============
[Info]Likelihood -5930875.45837 at step 48 converge to 0.0003828907...
==============
[Info]Likelihood -5928713.50114 at step 49 converge to 0.0003645258...
[Info]Likelihood -5928713.501 after step 50 converge to 0.000365 after 464 seconds...
[Info]Start evaluation in thread
[Stat]Test set perplexity is 1587.353 and log-likelihood is -391.940
[Info]multithread LDA[k:30, alpha:1.01, beta:1.00, Variational] Train/Test finished in 468.22 seconds...
TopWord FilePath:/zf18/ll5fy/lab/dataset/amazon_movie/byUser_70k_review/output/5foldsCVColdstart/0/LDA_Variational_topWords_30.txt
Topic 0(0.02640):	crew(0.04400)	ship(0.03891)	captain(0.03206)	water(0.02931)	mission(0.02789)	trek(0.02645)	island(0.02381)	pirat(0.01839)	rescu(0.01756)	motion(0.01653)	board(0.01260)	spoiler(0.00990)	order(0.00986)	kirk(0.00948)	sequenc(0.00926)	curs(0.00832)	quest(0.00822)	boat(0.00806)	pearl(0.00739)	captur(0.00711)	pitch(0.00681)	khan(0.00649)	bloom(0.00605)	rush(0.00604)	search(0.00552)	leon(0.00540)	caribbean(0.00538)	manag(0.00496)	aboard(0.00490)	sparrow(0.00485)	
Topic 1(0.03156):	killer(0.03703)	room(0.03485)	rock(0.02189)	drive(0.02176)	victim(0.01759)	daughter(0.01617)	phone(0.01574)	door(0.01520)	andi(0.01334)	streep(0.01298)	wear(0.01285)	brook(0.01257)	david(0.01249)	hitchcock(0.01225)	driver(0.01124)	neighbor(0.01111)	silenc(0.01055)	mother(0.01012)	assist(0.00929)	hous(0.00891)	jodi(0.00890)	devil(0.00861)	cell(0.00852)	meryl(0.00832)	costner(0.00797)	panic(0.00765)	william(0.00671)	colleg(0.00668)	lamb(0.00660)	band(0.00653)	
Topic 2(0.04366):	shot(0.05018)	game(0.03757)	camera(0.03106)	cool(0.02993)	team(0.02875)	basic(0.02585)	project(0.01559)	budget(0.01450)	pitt(0.01309)	player(0.01232)	brad(0.01144)	bunch(0.01137)	hype(0.01100)	concept(0.01068)	hate(0.00976)	bodi(0.00955)	major(0.00921)	pari(0.00921)	terrorist(0.00892)	build(0.00874)	talk(0.00828)	type(0.00828)	premis(0.00816)	angl(0.00815)	yeah(0.00814)	stretch(0.00796)	pure(0.00791)	dull(0.00781)	manag(0.00737)	sick(0.00711)	
Topic 3(0.02964):	walk(0.03900)	husband(0.02848)	drug(0.02794)	ladi(0.02289)	kidman(0.02240)	cold(0.02111)	mountain(0.01558)	marri(0.01552)	nicol(0.01499)	food(0.01340)	wind(0.01322)	cash(0.01208)	told(0.01187)	penguin(0.01146)	bright(0.01104)	father(0.01102)	interpret(0.00994)	anna(0.00986)	addict(0.00855)	talk(0.00841)	sean(0.00746)	stay(0.00674)	feet(0.00666)	victor(0.00662)	daughter(0.00661)	birth(0.00626)	march(0.00615)	wive(0.00592)	heroin(0.00580)	bride(0.00579)	
Topic 4(0.04435):	case(0.04472)	twist(0.03955)	suspens(0.03871)	thriller(0.03783)	hollywood(0.03751)	drama(0.03713)	pace(0.03273)	slow(0.02037)	tension(0.01947)	intens(0.01619)	intrigu(0.01613)	typic(0.01497)	genr(0.01406)	convinc(0.01398)	seat(0.01339)	compel(0.01297)	situat(0.01179)	clever(0.00981)	credibl(0.00974)	affleck(0.00966)	build(0.00937)	premis(0.00887)	deal(0.00786)	intellig(0.00771)	manag(0.00764)	ident(0.00755)	grip(0.00725)	reveal(0.00710)	lawyer(0.00666)	tens(0.00666)	
Topic 5(0.03316):	brother(0.04640)	strang(0.02947)	confus(0.02840)	road(0.01701)	weird(0.01654)	adam(0.01553)	carrey(0.01330)	decid(0.01306)	kate(0.01144)	joel(0.01091)	bizarr(0.01076)	jeff(0.01075)	coen(0.01031)	trip(0.01030)	dumb(0.00963)	sunshin(0.00936)	sort(0.00866)	sandler(0.00865)	brain(0.00857)	quirki(0.00834)	pain(0.00831)	donni(0.00821)	barri(0.00817)	dude(0.00812)	mother(0.00807)	bridg(0.00791)	lose(0.00769)	winslet(0.00758)	teenag(0.00756)	touch(0.00730)	
Topic 6(0.04125):	comedi(0.07169)	humor(0.05493)	laugh(0.05040)	serious(0.04180)	hilari(0.02972)	romant(0.02607)	joke(0.02427)	stupid(0.02363)	wast(0.01957)	transform(0.01656)	romanc(0.01605)	hate(0.01527)	loud(0.01276)	edward(0.01266)	stiller(0.01263)	amus(0.01248)	owen(0.01156)	ferrel(0.01084)	male(0.01040)	witti(0.00773)	model(0.00730)	teen(0.00721)	type(0.00680)	idiot(0.00653)	formula(0.00595)	mist(0.00593)	roll(0.00585)	outrag(0.00575)	talent(0.00534)	twilight(0.00532)	
Topic 7(0.03304):	number(0.04082)	song(0.03489)	rent(0.02256)	hank(0.02213)	rich(0.02206)	danc(0.01851)	sing(0.01836)	soundtrack(0.01610)	memor(0.01487)	hoffman(0.01444)	wood(0.01409)	father(0.01371)	talent(0.01210)	mother(0.01104)	parti(0.01040)	today(0.01014)	hall(0.00904)	full(0.00900)	billi(0.00858)	west(0.00850)	juli(0.00840)	host(0.00828)	famous(0.00795)	ball(0.00781)	hear(0.00742)	maria(0.00737)	teenag(0.00704)	earli(0.00693)	jude(0.00691)	holli(0.00677)	
Topic 8(0.03684):	quot(0.04804)	earth(0.04143)	planet(0.02794)	fiction(0.02702)	robot(0.02299)	destroy(0.02248)	militari(0.01708)	save(0.01542)	technolog(0.01529)	scientist(0.01320)	quotth(0.01158)	govern(0.00917)	moon(0.00888)	contact(0.00844)	warm(0.00824)	survivor(0.00822)	giant(0.00765)	invas(0.00764)	vietnam(0.00749)	warn(0.00697)	virus(0.00689)	intellig(0.00585)	advanc(0.00584)	mankind(0.00542)	control(0.00538)	send(0.00535)	hole(0.00525)	plant(0.00514)	marin(0.00509)	attack(0.00508)	
Topic 9(0.03105):	visual(0.05963)	amaz(0.05136)	depp(0.03206)	johnni(0.02780)	matrix(0.02691)	willi(0.02617)	charli(0.02096)	deep(0.01884)	stun(0.01626)	judg(0.01481)	carter(0.01481)	reev(0.01055)	bank(0.00950)	todd(0.00945)	mann(0.00937)	impress(0.00933)	chocol(0.00933)	creativ(0.00905)	weav(0.00884)	imagin(0.00876)	london(0.00875)	keanu(0.00813)	revolut(0.00774)	blow(0.00746)	hugo(0.00687)	sweeney(0.00649)	sequenc(0.00630)	insid(0.00603)	shop(0.00583)	favorit(0.00567)	
Topic 10(0.02531):	bond(0.08915)	jame(0.06465)	secret(0.04725)	hunt(0.03018)	queen(0.01834)	russian(0.01692)	royal(0.01682)	bourn(0.01500)	casino(0.01264)	roger(0.01220)	daniel(0.01219)	gold(0.01137)	conneri(0.01119)	sean(0.01002)	sequenc(0.00889)	plan(0.00878)	judi(0.00820)	brosnan(0.00768)	pierc(0.00745)	soviet(0.00745)	sexi(0.00678)	villain(0.00676)	dench(0.00664)	ryan(0.00614)	prime(0.00610)	diana(0.00592)	nonstop(0.00573)	titl(0.00570)	produc(0.00555)	quantum(0.00533)	
Topic 11(0.03503):	violenc(0.04265)	polit(0.03325)	countri(0.03024)	histori(0.02032)	moor(0.01941)	public(0.01843)	brutal(0.01761)	violent(0.01714)	news(0.01511)	presid(0.01406)	govern(0.01226)	gibson(0.01170)	milk(0.00994)	today(0.00806)	controversi(0.00763)	media(0.00721)	focus(0.00704)	truth(0.00691)	fear(0.00688)	cultur(0.00675)	kane(0.00663)	christ(0.00650)	bush(0.00648)	support(0.00590)	exploit(0.00583)	penn(0.00569)	luck(0.00532)	account(0.00523)	daniel(0.00517)	religion(0.00514)	
Topic 12(0.04049):	edit(0.06098)	qualiti(0.04179)	commentari(0.04111)	video(0.03820)	audio(0.03262)	product(0.03089)	disc(0.02897)	documentari(0.02522)	digit(0.02516)	track(0.02179)	theatric(0.02100)	interview(0.01980)	delet(0.01891)	collect(0.01882)	featurett(0.01877)	transfer(0.01690)	rate(0.01376)	kbps(0.01333)	standard(0.01267)	copi(0.01212)	spanish(0.01201)	size(0.01178)	footag(0.01169)	produc(0.01167)	subtitl(0.01100)	bonus(0.01067)	materi(0.00965)	purchas(0.00921)	altern(0.00898)	dolbi(0.00871)	
Topic 13(0.04602):	half(0.03955)	felt(0.03841)	bore(0.03563)	hous(0.03395)	lack(0.03316)	fair(0.02516)	rate(0.02066)	simpli(0.01986)	horribl(0.01890)	consid(0.01799)	averag(0.01782)	weak(0.01718)	wors(0.01661)	fail(0.01602)	jump(0.01513)	save(0.01503)	drag(0.01483)	compar(0.01381)	flick(0.01297)	bare(0.01223)	ryan(0.01125)	imag(0.01060)	demon(0.01043)	bother(0.01018)	mess(0.00984)	privat(0.00969)	possess(0.00927)	rose(0.00926)	ruin(0.00909)	flaw(0.00893)	
Topic 14(0.04089):	dead(0.05816)	michael(0.05558)	remak(0.03997)	town(0.02865)	evil(0.02853)	blood(0.02662)	gore(0.02392)	halloween(0.02199)	night(0.02013)	ghost(0.01796)	atmospher(0.01775)	flick(0.01674)	hous(0.01498)	terror(0.01357)	hill(0.01209)	myer(0.01161)	genr(0.01093)	jami(0.01089)	texa(0.00899)	hell(0.00859)	mask(0.00859)	silent(0.00852)	foxx(0.00842)	resid(0.00802)	lauri(0.00733)	dawn(0.00733)	romero(0.00714)	chainsaw(0.00679)	gori(0.00661)	massacr(0.00642)	
Topic 15(0.03079):	battl(0.05974)	king(0.03838)	epic(0.02867)	soldier(0.02527)	armi(0.02224)	histori(0.02208)	blade(0.02124)	histor(0.02073)	graphic(0.01888)	alexand(0.01659)	dracula(0.01395)	miller(0.01149)	farrel(0.01078)	general(0.00819)	toro(0.00786)	ancient(0.00774)	combat(0.00699)	gladiat(0.00688)	roman(0.00672)	wolf(0.00648)	mummi(0.00647)	hels(0.00606)	troy(0.00603)	spartan(0.00583)	werewolf(0.00579)	japanes(0.00568)	myth(0.00540)	sequenc(0.00540)	werewolv(0.00537)	coppola(0.00480)	
Topic 16(0.02758):	citi(0.06744)	bruce(0.03322)	christian(0.02169)	bale(0.01662)	knight(0.01495)	wayn(0.01376)	christoph(0.01305)	forev(0.01238)	rachel(0.01182)	polic(0.01118)	danni(0.01080)	district(0.01064)	michael(0.01062)	street(0.01026)	gari(0.00983)	morgan(0.00899)	cain(0.00871)	boyl(0.00861)	gotham(0.00807)	alfr(0.00796)	neeson(0.00792)	holm(0.00743)	corrupt(0.00735)	gritti(0.00716)	liam(0.00697)	africa(0.00681)	chao(0.00678)	millionair(0.00642)	kati(0.00641)	root(0.00623)	
Topic 17(0.03284):	oscar(0.05589)	race(0.03013)	train(0.02987)	babi(0.02336)	fast(0.01991)	inspir(0.01792)	match(0.01675)	support(0.01643)	dollar(0.01561)	father(0.01360)	earn(0.01099)	rocki(0.01004)	maggi(0.00986)	tough(0.00962)	hors(0.00949)	bird(0.00912)	carl(0.00867)	titl(0.00865)	manag(0.00859)	prove(0.00797)	quiet(0.00789)	overcom(0.00761)	bone(0.00760)	braddock(0.00752)	paul(0.00731)	struggl(0.00702)	career(0.00677)	prais(0.00674)	authent(0.00664)	captur(0.00604)	
Topic 18(0.03243):	anim(0.05917)	tale(0.04253)	voic(0.04134)	monster(0.03841)	creatur(0.03340)	witch(0.01869)	king(0.01630)	wall(0.01625)	dragon(0.01345)	pixar(0.01259)	princ(0.01240)	robin(0.01216)	golden(0.01108)	bear(0.00999)	fish(0.00979)	beast(0.00829)	imagin(0.00810)	princess(0.00795)	nemo(0.00795)	joli(0.00784)	comput(0.00735)	simpson(0.00718)	hood(0.00687)	land(0.00682)	father(0.00680)	lion(0.00656)	lewi(0.00647)	mike(0.00623)	fiona(0.00619)	express(0.00617)	
Topic 19(0.03229):	robert(0.04846)	money(0.04387)	dream(0.03774)	frank(0.03536)	bill(0.03012)	mark(0.02222)	busi(0.02161)	matt(0.01883)	boss(0.01648)	gang(0.01617)	york(0.01533)	damon(0.01321)	scorses(0.01270)	dicaprio(0.01241)	polic(0.01170)	partner(0.01012)	support(0.01002)	niro(0.00826)	career(0.00808)	godfath(0.00792)	leonardo(0.00668)	rage(0.00637)	pulp(0.00636)	vega(0.00619)	chicago(0.00619)	hire(0.00586)	master(0.00550)	fiction(0.00546)	trust(0.00535)	dirti(0.00520)	
Topic 20(0.03218):	brilliant(0.06720)	futur(0.04624)	award(0.02525)	park(0.02022)	doctor(0.01706)	academi(0.01589)	alex(0.01439)	matter(0.01323)	industri(0.01302)	defin(0.01280)	talk(0.01280)	glad(0.01262)	forget(0.01258)	knock(0.01137)	russel(0.01067)	crow(0.01005)	william(0.00914)	explain(0.00848)	spin(0.00784)	code(0.00780)	theori(0.00761)	touch(0.00676)	brown(0.00668)	marti(0.00666)	hook(0.00634)	connelli(0.00591)	proof(0.00590)	test(0.00565)	tree(0.00548)	produc(0.00532)	
Topic 21(0.02987):	total(0.05156)	washington(0.02138)	rise(0.02131)	unit(0.02129)	termin(0.01988)	cameron(0.01892)	minor(0.01846)	plane(0.01815)	control(0.01534)	recal(0.01421)	flight(0.01320)	nick(0.01222)	hugh(0.01188)	titan(0.01068)	impress(0.01024)	cost(0.00964)	land(0.00962)	quaid(0.00841)	resist(0.00819)	denni(0.00772)	jake(0.00755)	save(0.00746)	center(0.00725)	sequenc(0.00721)	pilot(0.00691)	avatar(0.00640)	attend(0.00611)	figur(0.00569)	ferri(0.00557)	schwarzenegg(0.00557)	
Topic 22(0.04397):	natur(0.03244)	theme(0.02255)	issu(0.01677)	moral(0.01544)	understand(0.01505)	societi(0.01335)	david(0.01240)	truth(0.01114)	physic(0.01107)	desir(0.00987)	conflict(0.00886)	fulli(0.00872)	intent(0.00865)	aspect(0.00851)	commit(0.00849)	motiv(0.00841)	kubrick(0.00769)	author(0.00766)	vision(0.00743)	essenti(0.00742)	behavior(0.00724)	soul(0.00658)	express(0.00655)	form(0.00650)	intellig(0.00639)	doubt(0.00637)	belief(0.00611)	develop(0.00600)	convey(0.00588)	situat(0.00587)	
Topic 23(0.02892):	side(0.04488)	georg(0.04015)	attack(0.03683)	episod(0.03486)	wait(0.03092)	televis(0.02403)	strike(0.02090)	luca(0.01841)	reveng(0.01838)	theatr(0.01533)	season(0.01430)	menac(0.01402)	luke(0.01258)	river(0.01199)	favorit(0.01198)	phantom(0.00899)	dialog(0.00886)	jedi(0.00879)	neat(0.00876)	master(0.00836)	opera(0.00776)	saga(0.00745)	rebel(0.00701)	continu(0.00665)	evil(0.00660)	darth(0.00624)	pick(0.00618)	battl(0.00612)	spectacular(0.00606)	generat(0.00599)	
Topic 24(0.02695):	magic(0.03484)	fire(0.03243)	ring(0.03131)	prison(0.02738)	lord(0.02681)	potter(0.02649)	student(0.01930)	older(0.01532)	grow(0.01527)	wizard(0.01211)	professor(0.01129)	matur(0.01072)	instal(0.01015)	emma(0.00965)	evil(0.00921)	friendship(0.00917)	task(0.00879)	darker(0.00870)	fienn(0.00815)	order(0.00766)	uncl(0.00733)	third(0.00709)	favorit(0.00700)	wick(0.00697)	hogwart(0.00688)	daniel(0.00682)	watson(0.00640)	danger(0.00624)	ralph(0.00599)	secret(0.00579)	
Topic 25(0.02845):	hero(0.06425)	peter(0.04780)	villain(0.03345)	spiderman(0.02931)	superhero(0.02603)	iron(0.02493)	mari(0.02344)	hulk(0.01847)	suit(0.01625)	jane(0.01398)	general(0.01127)	aveng(0.01021)	raimi(0.00990)	kick(0.00865)	garner(0.00838)	bruce(0.00822)	amaz(0.00719)	evan(0.00691)	ross(0.00665)	sequenc(0.00654)	mcclane(0.00649)	spider(0.00608)	thor(0.00577)	daredevil(0.00574)	roth(0.00574)	dunst(0.00550)	abil(0.00474)	tobey(0.00472)	tyler(0.00460)	toni(0.00455)	
Topic 26(0.02953):	jack(0.05988)	fine(0.05718)	week(0.02417)	nicholson(0.01996)	mile(0.01766)	daughter(0.01708)	kong(0.01451)	thoma(0.01387)	paul(0.01359)	keaton(0.01213)	affair(0.01140)	hitler(0.01030)	franc(0.00978)	trip(0.00941)	plan(0.00875)	mother(0.00863)	retir(0.00858)	promis(0.00818)	warren(0.00701)	gift(0.00698)	letter(0.00689)	wine(0.00657)	overlook(0.00653)	marri(0.00633)	drink(0.00632)	watt(0.00623)	germani(0.00606)	bate(0.00583)	michell(0.00578)	monro(0.00559)	
Topic 27(0.03038):	black(0.06273)	night(0.04794)	white(0.04060)	lost(0.02895)	villag(0.02178)	sign(0.01828)	hurt(0.01476)	translat(0.01233)	shyamalan(0.01135)	toni(0.01101)	blind(0.01056)	sister(0.00994)	hawk(0.00929)	scarlett(0.00875)	thirti(0.00870)	daughter(0.00808)	cultur(0.00807)	bomb(0.00727)	shakespear(0.00690)	davi(0.00683)	focus(0.00657)	paint(0.00559)	connect(0.00525)	wood(0.00523)	coppola(0.00503)	vice(0.00488)	foreign(0.00477)	commerci(0.00475)	salt(0.00468)	talent(0.00463)	
Topic 28(0.02649):	return(0.07644)	kevin(0.02635)	xmen(0.02434)	predat(0.02044)	richard(0.01592)	singer(0.01552)	sequenc(0.01154)	spacey(0.01128)	lane(0.01081)	bobbi(0.01078)	jackman(0.00929)	introduc(0.00921)	fresh(0.00860)	gene(0.00859)	develop(0.00854)	bryan(0.00824)	cure(0.00747)	brian(0.00746)	jean(0.00719)	hugh(0.00705)	suspect(0.00677)	patrick(0.00674)	wolverin(0.00662)	terrif(0.00656)	third(0.00625)	reev(0.00608)	bacon(0.00591)	kate(0.00566)	abil(0.00566)	christoph(0.00563)	
Topic 29(0.02863):	jone(0.04056)	ride(0.02776)	lost(0.02124)	ford(0.01837)	clue(0.01756)	hotel(0.01743)	indiana(0.01667)	list(0.01658)	cage(0.01611)	treasur(0.01556)	trap(0.01516)	steven(0.01252)	nazi(0.01147)	hidden(0.01140)	indi(0.01085)	harrison(0.01080)	tommi(0.01018)	father(0.00992)	bell(0.00938)	independ(0.00912)	raider(0.00887)	histori(0.00876)	search(0.00863)	gate(0.00841)	larri(0.00815)	save(0.00752)	nichola(0.00735)	hunter(0.00732)	dick(0.00721)	cheadl(0.00625)	
237 users are loaded from /zf18/ll5fy/lab/dataset/amazon_movie/byUser_70k_review/5foldsCVColdstart/1/...
235 users are loaded from /zf18/ll5fy/lab/dataset/amazon_movie/byUser_70k_review/5foldsCVColdstart/0/...
248 users are loaded from /zf18/ll5fy/lab/dataset/amazon_movie/byUser_70k_review/5foldsCVColdstart/2/...
251 users are loaded from /zf18/ll5fy/lab/dataset/amazon_movie/byUser_70k_review/5foldsCVColdstart/3/...
240 users are loaded from /zf18/ll5fy/lab/dataset/amazon_movie/byUser_70k_review/5foldsCVColdstart/4/...
====================
[Info]Fold No. 1: 
train size = 21478, test size = 4831....
[Info]EM Starting multithread LDA[k:30, alpha:1.01, beta:1.00, Variational]...
==============
[Info]Likelihood -7151804.65171 at step 0 converge to 1.0000000000...
==============
[Info]Likelihood -7149793.87826 at step 1 converge to 0.0002811561...
==============
[Info]Likelihood -7147772.38502 at step 2 converge to 0.0002827345...
==============
[Info]Likelihood -7145649.85011 at step 3 converge to 0.0002969505...
==============
[Info]Likelihood -7142866.26244 at step 4 converge to 0.0003895500...
==============
[Info]Likelihood -7134783.87215 at step 5 converge to 0.0011315332...
==============
[Info]Likelihood -7108611.67234 at step 6 converge to 0.0036682540...
==============
[Info]Likelihood -7061209.62727 at step 7 converge to 0.0066682564...
==============
[Info]Likelihood -6991989.75143 at step 8 converge to 0.0098028354...
==============
[Info]Likelihood -6901733.18140 at step 9 converge to 0.0129085673...
==============
[Info]Likelihood -6800876.16281 at step 10 converge to 0.0146132886...
==============
[Info]Likelihood -6711224.27798 at step 11 converge to 0.0131824022...
==============
[Info]Likelihood -6641454.37766 at step 12 converge to 0.0103960019...
==============
[Info]Likelihood -6588819.23708 at step 13 converge to 0.0079252431...
==============
[Info]Likelihood -6548337.52154 at step 14 converge to 0.0061440015...
==============
[Info]Likelihood -6516278.27565 at step 15 converge to 0.0048957840...
==============
[Info]Likelihood -6490259.97147 at step 16 converge to 0.0039928166...
==============
[Info]Likelihood -6468752.57321 at step 17 converge to 0.0033137961...
==============
[Info]Likelihood -6450649.60507 at step 18 converge to 0.0027985254...
==============
[Info]Likelihood -6435118.27262 at step 19 converge to 0.0024077160...
==============
[Info]Likelihood -6421569.21957 at step 20 converge to 0.0021054863...
==============
[Info]Likelihood -6409573.91952 at step 21 converge to 0.0018679702...
==============
[Info]Likelihood -6398830.85122 at step 22 converge to 0.0016760971...
==============
[Info]Likelihood -6389110.39725 at step 23 converge to 0.0015190984...
==============
[Info]Likelihood -6380239.87362 at step 24 converge to 0.0013883816...
==============
[Info]Likelihood -6372090.05091 at step 25 converge to 0.0012773537...
==============
[Info]Likelihood -6364544.70848 at step 26 converge to 0.0011841236...
==============
[Info]Likelihood -6357596.31347 at step 27 converge to 0.0010917348...
==============
[Info]Likelihood -6351207.75543 at step 28 converge to 0.0010048700...
==============
[Info]Likelihood -6345314.62938 at step 29 converge to 0.0009278749...
==============
[Info]Likelihood -6339851.36198 at step 30 converge to 0.0008609924...
==============
[Info]Likelihood -6334758.97964 at step 31 converge to 0.0008032337...
==============
[Info]Likelihood -6329980.09355 at step 32 converge to 0.0007543911...
==============
[Info]Likelihood -6325477.17850 at step 33 converge to 0.0007113632...
==============
[Info]Likelihood -6321253.56666 at step 34 converge to 0.0006677143...
==============
[Info]Likelihood -6317297.99581 at step 35 converge to 0.0006257573...
==============
[Info]Likelihood -6313567.50482 at step 36 converge to 0.0005905200...
==============
[Info]Likelihood -6310018.43452 at step 37 converge to 0.0005621339...
==============
[Info]Likelihood -6306621.55464 at step 38 converge to 0.0005383312...
==============
[Info]Likelihood -6303376.60356 at step 39 converge to 0.0005145308...
==============
[Info]Likelihood -6300326.81614 at step 40 converge to 0.0004838339...
==============
[Info]Likelihood -6297446.79952 at step 41 converge to 0.0004571218...
==============
[Info]Likelihood -6294687.79515 at step 42 converge to 0.0004381148...
==============
[Info]Likelihood -6292020.72152 at step 43 converge to 0.0004237023...
==============
[Info]Likelihood -6289463.50192 at step 44 converge to 0.0004064226...
==============
[Info]Likelihood -6287045.70072 at step 45 converge to 0.0003844209...
==============
[Info]Likelihood -6284760.38692 at step 46 converge to 0.0003634957...
==============
[Info]Likelihood -6282584.31130 at step 47 converge to 0.0003462464...
==============
[Info]Likelihood -6280508.29516 at step 48 converge to 0.0003304398...
==============
[Info]Likelihood -6278523.99274 at step 49 converge to 0.0003159461...
[Info]Likelihood -6278523.993 after step 50 converge to 0.000316 after 338 seconds...
[Info]Start evaluation in thread
[Stat]Test set perplexity is 1724.195 and log-likelihood is -363.914
[Info]multithread LDA[k:30, alpha:1.01, beta:1.00, Variational] Train/Test finished in 341.46 seconds...
TopWord FilePath:/zf18/ll5fy/lab/dataset/amazon_movie/byUser_70k_review/output/5foldsCVColdstart/1/LDA_Variational_topWords_30.txt
Topic 0(0.05763):	twist(0.03178)	bore(0.03007)	felt(0.02831)	half(0.02348)	fair(0.02117)	slow(0.02114)	pace(0.02113)	lack(0.01995)	fail(0.01918)	genr(0.01862)	confus(0.01783)	premis(0.01579)	basic(0.01570)	suspens(0.01549)	weak(0.01513)	horribl(0.01511)	averag(0.01500)	hollywood(0.01457)	piec(0.01438)	simpli(0.01390)	sort(0.01276)	understand(0.01193)	wors(0.01049)	clever(0.00972)	knew(0.00971)	avoid(0.00963)	sign(0.00959)	type(0.00890)	figur(0.00886)	bother(0.00870)	
Topic 1(0.02834):	voic(0.04578)	episod(0.03550)	georg(0.02904)	wall(0.02008)	luca(0.02006)	strike(0.01977)	theatr(0.01643)	pixar(0.01491)	menac(0.01421)	anim(0.01336)	side(0.01251)	favorit(0.01185)	luke(0.01149)	hunter(0.01112)	fish(0.01092)	attack(0.01090)	bird(0.01051)	jedi(0.01004)	season(0.00957)	phantom(0.00929)	saga(0.00914)	carl(0.00914)	nemo(0.00888)	dialog(0.00862)	wait(0.00808)	simpson(0.00800)	neat(0.00789)	darth(0.00788)	master(0.00674)	reveng(0.00662)	
Topic 2(0.02712):	return(0.07220)	robert(0.03510)	babi(0.02919)	richard(0.02590)	kevin(0.02436)	wear(0.01850)	andi(0.01818)	assist(0.01556)	born(0.01542)	lane(0.01387)	colleg(0.01293)	reev(0.00966)	devil(0.00963)	spacey(0.00953)	singer(0.00953)	christoph(0.00863)	bryan(0.00750)	birth(0.00742)	gene(0.00726)	icon(0.00723)	pass(0.00696)	fine(0.00628)	fresh(0.00590)	luthor(0.00529)	daili(0.00526)	blunt(0.00517)	earlier(0.00497)	streep(0.00485)	theme(0.00485)	priest(0.00481)	
Topic 3(0.03124):	brother(0.05184)	fiction(0.03868)	father(0.03850)	doubt(0.03385)	black(0.02560)	park(0.02032)	adam(0.01844)	wild(0.01796)	sister(0.01489)	jeff(0.01077)	robert(0.01067)	bridg(0.01035)	talk(0.00929)	streep(0.00897)	coen(0.00894)	dude(0.00821)	impress(0.00793)	pulp(0.00778)	jess(0.00772)	post(0.00674)	revolv(0.00655)	deni(0.00638)	natur(0.00623)	meryl(0.00597)	noir(0.00539)	lost(0.00515)	deliv(0.00495)	flynn(0.00481)	matter(0.00478)	spring(0.00445)	
Topic 4(0.03452):	romant(0.02313)	hank(0.02114)	husband(0.02069)	cold(0.02058)	kidman(0.01835)	marri(0.01650)	ladi(0.01649)	player(0.01471)	rich(0.01417)	billi(0.01359)	nicol(0.01245)	mountain(0.01211)	drama(0.01121)	manag(0.00961)	team(0.00946)	brown(0.00924)	touch(0.00899)	support(0.00894)	hoffman(0.00882)	quiet(0.00820)	ball(0.00740)	jude(0.00702)	game(0.00676)	hall(0.00668)	convey(0.00650)	footbal(0.00623)	pride(0.00600)	told(0.00569)	chicago(0.00557)	trial(0.00540)	
Topic 5(0.03402):	quot(0.05205)	remak(0.04570)	killer(0.03857)	town(0.03435)	drive(0.03107)	william(0.02382)	victim(0.02169)	road(0.02157)	hurt(0.02101)	tension(0.01565)	intens(0.01532)	teen(0.01375)	texa(0.01304)	quotth(0.01257)	sick(0.01191)	brook(0.01168)	ride(0.01085)	pick(0.01076)	driver(0.01025)	chainsaw(0.00960)	massacr(0.00921)	trip(0.00810)	bodi(0.00777)	costner(0.00759)	teenag(0.00685)	rang(0.00680)	pull(0.00677)	case(0.00671)	truck(0.00668)	mill(0.00602)	
Topic 6(0.03611):	polit(0.03131)	issu(0.02417)	societi(0.01857)	presid(0.01794)	truth(0.01794)	moor(0.01781)	public(0.01358)	today(0.01208)	cultur(0.01166)	kubrick(0.01075)	countri(0.00986)	news(0.00849)	side(0.00829)	manipul(0.00816)	concern(0.00811)	parti(0.00810)	major(0.00787)	paint(0.00767)	bush(0.00660)	media(0.00647)	white(0.00641)	black(0.00638)	controversi(0.00625)	connect(0.00527)	understand(0.00523)	case(0.00490)	correct(0.00488)	term(0.00479)	fear(0.00476)	discuss(0.00469)	
Topic 7(0.03798):	futur(0.03436)	save(0.02736)	robot(0.02390)	build(0.02173)	govern(0.02132)	total(0.02125)	attack(0.02115)	control(0.02057)	plan(0.01881)	free(0.01862)	team(0.01591)	willi(0.01317)	militari(0.01287)	weapon(0.01278)	system(0.01244)	comput(0.01237)	unit(0.01208)	order(0.01173)	terrorist(0.01150)	recal(0.01030)	pari(0.01029)	bomb(0.00985)	protect(0.00900)	danger(0.00826)	destroy(0.00768)	kidnap(0.00759)	rule(0.00720)	rescu(0.00668)	week(0.00663)	virus(0.00655)	
Topic 8(0.02685):	jone(0.03122)	potter(0.03036)	magic(0.03003)	prison(0.02921)	fire(0.02557)	ford(0.02084)	student(0.01798)	older(0.01720)	order(0.01527)	instal(0.01492)	professor(0.01459)	indiana(0.01212)	harrison(0.01160)	black(0.01085)	emma(0.01024)	matur(0.00944)	grow(0.00872)	tommi(0.00857)	teacher(0.00845)	wizard(0.00838)	darker(0.00830)	indi(0.00808)	friendship(0.00800)	hogwart(0.00796)	secret(0.00783)	fienn(0.00760)	steven(0.00756)	daniel(0.00700)	watson(0.00694)	favorit(0.00656)	
Topic 9(0.02916):	michael(0.08549)	night(0.04639)	white(0.02627)	halloween(0.02324)	door(0.01767)	myer(0.01444)	jami(0.01395)	phone(0.01384)	hitchcock(0.01265)	talk(0.01194)	neighbor(0.01154)	mask(0.01117)	foxx(0.01092)	lauri(0.00915)	bell(0.00884)	mann(0.00839)	snow(0.00805)	cell(0.00776)	keaton(0.00760)	13th(0.00741)	walk(0.00704)	heat(0.00662)	decid(0.00615)	walt(0.00611)	continu(0.00596)	mistak(0.00583)	stab(0.00570)	anni(0.00553)	pick(0.00546)	nois(0.00536)	
Topic 10(0.04113):	comedi(0.06552)	humor(0.05212)	laugh(0.04835)	serious(0.03158)	hilari(0.02708)	stupid(0.02268)	joke(0.02248)	iron(0.02179)	race(0.01591)	toni(0.01484)	amus(0.01113)	stiller(0.01097)	ferrel(0.01070)	loud(0.01031)	nick(0.00893)	kick(0.00885)	male(0.00879)	formula(0.00864)	witti(0.00792)	boss(0.00682)	model(0.00672)	type(0.00670)	downey(0.00664)	bobbi(0.00657)	buddi(0.00652)	suit(0.00619)	outrag(0.00558)	owen(0.00531)	idiot(0.00499)	fast(0.00475)	
Topic 11(0.03676):	dead(0.06736)	hous(0.06298)	flick(0.04729)	evil(0.04724)	gore(0.02685)	atmospher(0.02260)	ghost(0.01957)	jump(0.01899)	blade(0.01712)	hell(0.01401)	night(0.01295)	demon(0.01275)	possess(0.01116)	genr(0.01099)	resid(0.00945)	dawn(0.00940)	terror(0.00914)	walk(0.00852)	trap(0.00825)	romero(0.00729)	nasti(0.00701)	eeri(0.00695)	strang(0.00683)	georg(0.00665)	horrifi(0.00575)	spirit(0.00547)	stay(0.00542)	factor(0.00525)	survivor(0.00507)	kathi(0.00501)	
Topic 12(0.03101):	daughter(0.05442)	mother(0.04874)	room(0.03316)	father(0.02339)	game(0.01885)	charli(0.01856)	plane(0.01749)	cage(0.01610)	search(0.01553)	clue(0.01547)	rose(0.01453)	hill(0.01436)	treasur(0.01303)	doctor(0.01245)	hidden(0.01164)	flight(0.01162)	maggi(0.01157)	barri(0.01121)	silent(0.01066)	jodi(0.01029)	nichola(0.00814)	kyle(0.00812)	attend(0.00811)	author(0.00791)	willi(0.00790)	amin(0.00756)	panic(0.00756)	chocol(0.00745)	seek(0.00703)	gate(0.00646)	
Topic 13(0.03040):	song(0.03764)	number(0.03138)	rent(0.02517)	rock(0.02500)	danc(0.02326)	sing(0.02050)	mari(0.01990)	alex(0.01820)	soundtrack(0.01469)	band(0.01459)	talent(0.01269)	maria(0.00965)	michell(0.00883)	black(0.00827)	william(0.00826)	favorit(0.00774)	opera(0.00768)	larri(0.00760)	juli(0.00753)	drew(0.00753)	full(0.00748)	barrymor(0.00644)	roll(0.00641)	traci(0.00628)	marti(0.00623)	white(0.00592)	christoph(0.00585)	tune(0.00580)	famous(0.00567)	dick(0.00565)	
Topic 14(0.03802):	sequenc(0.04868)	cool(0.03198)	third(0.03032)	transform(0.02614)	ring(0.02354)	wast(0.01913)	mess(0.01524)	impress(0.01281)	huge(0.01274)	explain(0.01213)	middl(0.01195)	dull(0.01147)	negat(0.01134)	lord(0.01131)	doom(0.01109)	wait(0.01064)	rest(0.01055)	stretch(0.00994)	tire(0.00993)	flat(0.00982)	shot(0.00866)	serious(0.00864)	cheesi(0.00857)	meant(0.00841)	climax(0.00812)	evan(0.00797)	length(0.00786)	frame(0.00732)	major(0.00629)	victor(0.00587)	
Topic 15(0.03901):	thriller(0.03791)	camera(0.02993)	frank(0.02741)	intellig(0.02373)	shot(0.02337)	matt(0.01444)	bourn(0.01402)	damon(0.01352)	affleck(0.01223)	polic(0.01192)	suspens(0.01152)	situat(0.01064)	ident(0.01041)	motiv(0.01033)	filmmak(0.00934)	bank(0.00918)	secret(0.00908)	case(0.00842)	reveal(0.00826)	techniqu(0.00752)	oper(0.00718)	grip(0.00712)	drama(0.00673)	attent(0.00672)	angl(0.00653)	tens(0.00645)	suspect(0.00638)	assign(0.00609)	luck(0.00579)	decis(0.00537)	
Topic 16(0.03263):	oscar(0.05742)	brilliant(0.04422)	award(0.03469)	support(0.02303)	york(0.02240)	academi(0.02113)	hugh(0.02017)	gang(0.01742)	nicholson(0.01482)	dicaprio(0.01372)	career(0.01329)	hollywood(0.01048)	sean(0.01040)	scorses(0.01035)	island(0.00972)	penn(0.00964)	cinematographi(0.00910)	milk(0.00875)	outstand(0.00840)	rage(0.00828)	leonardo(0.00792)	donni(0.00792)	river(0.00743)	fine(0.00738)	niro(0.00695)	scarlett(0.00639)	boston(0.00618)	aviat(0.00607)	hepburn(0.00574)	talent(0.00572)	
Topic 17(0.03278):	david(0.04514)	mark(0.02857)	forget(0.02384)	pain(0.02028)	robin(0.01855)	decid(0.01510)	kate(0.01474)	process(0.01466)	promis(0.01316)	busi(0.01312)	carrey(0.01215)	screenwrit(0.01167)	drama(0.01158)	brain(0.01153)	joel(0.01039)	subplot(0.01026)	sunshin(0.00947)	forev(0.00942)	affair(0.00929)	godfath(0.00927)	talent(0.00908)	desir(0.00905)	quirki(0.00865)	creativ(0.00841)	winslet(0.00792)	franc(0.00780)	case(0.00753)	fell(0.00716)	contriv(0.00706)	hood(0.00681)	
Topic 18(0.03632):	violenc(0.04924)	blood(0.03684)	imagin(0.03639)	hate(0.03188)	violent(0.02481)	brutal(0.02224)	depp(0.02187)	graphic(0.02163)	rate(0.01501)	edward(0.01499)	johnni(0.01457)	vision(0.01456)	reveng(0.01400)	judg(0.01198)	pure(0.01091)	tast(0.01031)	mood(0.00992)	london(0.00824)	todd(0.00815)	carter(0.00774)	cinematographi(0.00742)	creativ(0.00740)	bizarr(0.00688)	club(0.00687)	nuditi(0.00624)	cinemat(0.00585)	opinion(0.00571)	vicious(0.00566)	innoc(0.00565)	theme(0.00552)	
Topic 19(0.02349):	bond(0.08527)	jame(0.06619)	ryan(0.02283)	queen(0.02100)	royal(0.01746)	daniel(0.01740)	russian(0.01663)	secret(0.01606)	hunt(0.01228)	gold(0.01180)	domin(0.01119)	casino(0.01071)	conneri(0.01047)	soviet(0.00875)	sean(0.00751)	pierc(0.00744)	prime(0.00735)	nixon(0.00713)	frost(0.00665)	brosnan(0.00641)	privat(0.00631)	diana(0.00610)	villain(0.00581)	sexi(0.00581)	produc(0.00565)	quantum(0.00551)	judi(0.00546)	minist(0.00544)	diesel(0.00509)	plan(0.00486)	
Topic 20(0.03573):	dream(0.03362)	money(0.02998)	drug(0.02308)	moral(0.02063)	washington(0.01927)	crow(0.01571)	deal(0.01480)	fast(0.01456)	russel(0.01402)	food(0.01391)	danni(0.01317)	hotel(0.01165)	sell(0.01107)	industri(0.00913)	struggl(0.00906)	addict(0.00872)	code(0.00853)	situat(0.00786)	west(0.00743)	hawk(0.00695)	nash(0.00668)	countri(0.00666)	alcohol(0.00655)	solv(0.00645)	connelli(0.00623)	lose(0.00575)	garden(0.00538)	africa(0.00509)	busi(0.00506)	understand(0.00497)	
Topic 21(0.02995):	predat(0.02186)	femal(0.02158)	xmen(0.01910)	scientist(0.01413)	warm(0.01237)	district(0.01004)	toro(0.00992)	dumb(0.00953)	penguin(0.00924)	deep(0.00920)	save(0.00894)	develop(0.00887)	cure(0.00868)	independ(0.00834)	camp(0.00825)	water(0.00800)	jackman(0.00784)	theron(0.00737)	wave(0.00709)	hunt(0.00701)	feet(0.00675)	giant(0.00623)	jean(0.00597)	wolverin(0.00567)	scientif(0.00566)	rise(0.00564)	hole(0.00562)	tomorrow(0.00553)	natur(0.00522)	charliz(0.00510)	
Topic 22(0.02873):	amaz(0.07121)	hero(0.06807)	peter(0.05440)	villain(0.03446)	general(0.03182)	spiderman(0.02939)	superhero(0.02467)	hulk(0.01509)	miller(0.01170)	hitler(0.01098)	nazi(0.01067)	aveng(0.00992)	jane(0.00875)	raimi(0.00840)	struggl(0.00705)	inner(0.00661)	develop(0.00638)	germani(0.00601)	uncl(0.00572)	thor(0.00535)	iron(0.00529)	mari(0.00514)	ross(0.00505)	focus(0.00484)	continu(0.00478)	spider(0.00476)	save(0.00460)	villian(0.00460)	depth(0.00456)	lose(0.00436)	
Topic 23(0.02870):	jack(0.05728)	earth(0.05127)	ship(0.03638)	crew(0.03626)	planet(0.03076)	captain(0.02926)	trek(0.02325)	mission(0.02237)	pirat(0.02075)	black(0.01216)	destroy(0.01114)	moon(0.01062)	contact(0.00936)	board(0.00880)	davi(0.00776)	pearl(0.00733)	land(0.00719)	kirk(0.00703)	sparrow(0.00697)	jone(0.00611)	caribbean(0.00594)	spaceship(0.00587)	generat(0.00577)	klaatu(0.00560)	pitch(0.00549)	pilot(0.00540)	depp(0.00527)	quest(0.00517)	bloom(0.00508)	ride(0.00493)	
Topic 24(0.02598):	citi(0.06871)	bruce(0.04023)	fear(0.02411)	christian(0.02279)	matrix(0.02253)	knight(0.01947)	bale(0.01919)	wayn(0.01887)	morgan(0.01433)	christoph(0.01386)	rachel(0.01348)	neeson(0.01208)	liam(0.01001)	gari(0.00998)	gotham(0.00994)	alfr(0.00960)	holm(0.00931)	cain(0.00918)	weav(0.00775)	gordon(0.00758)	villain(0.00749)	kati(0.00712)	revolut(0.00688)	train(0.00563)	corrupt(0.00561)	continu(0.00546)	michael(0.00538)	cillian(0.00464)	intens(0.00430)	suit(0.00416)	
Topic 25(0.03048):	lost(0.04335)	bill(0.03838)	titl(0.03035)	flaw(0.02685)	paul(0.02548)	romanc(0.02268)	princ(0.01581)	dracula(0.01461)	gorgeous(0.01261)	sceneri(0.01204)	translat(0.01197)	trick(0.01181)	luci(0.01147)	sandler(0.00975)	lewi(0.00934)	reev(0.00852)	loss(0.00830)	manag(0.00827)	braddock(0.00825)	chronicl(0.00824)	coppola(0.00811)	giamatti(0.00741)	bride(0.00685)	volum(0.00671)	cinematographi(0.00662)	hollywood(0.00633)	talk(0.00596)	broken(0.00576)	witch(0.00565)	thurman(0.00561)	
Topic 26(0.03204):	visual(0.06558)	train(0.02755)	stun(0.02183)	technolog(0.02148)	cameron(0.02013)	blue(0.01613)	budget(0.01588)	termin(0.01452)	decad(0.01336)	dollar(0.01330)	jake(0.01256)	rocki(0.01152)	advanc(0.01086)	avatar(0.01060)	titan(0.01047)	technic(0.00847)	mine(0.00809)	nativ(0.00750)	tree(0.00748)	today(0.00730)	project(0.00704)	environ(0.00673)	imag(0.00656)	marin(0.00655)	jame(0.00606)	gyllenha(0.00594)	impress(0.00588)	connect(0.00570)	bodi(0.00568)	weaver(0.00526)	
Topic 27(0.03130):	anim(0.05241)	tale(0.04391)	monster(0.04278)	creatur(0.03418)	villag(0.02055)	king(0.01521)	wood(0.01490)	express(0.01343)	kong(0.01328)	mike(0.01047)	shyamalan(0.01026)	beast(0.00982)	golden(0.00957)	anna(0.00901)	strang(0.00861)	princess(0.00816)	blind(0.00781)	dragon(0.00746)	full(0.00725)	bear(0.00716)	host(0.00637)	beowulf(0.00635)	wolf(0.00622)	watt(0.00613)	forest(0.00596)	fiona(0.00594)	encount(0.00569)	lord(0.00565)	night(0.00555)	water(0.00534)	
Topic 28(0.03260):	battl(0.05673)	histori(0.04776)	king(0.04001)	epic(0.02566)	soldier(0.02469)	histor(0.02067)	armi(0.01797)	pitt(0.01525)	alexand(0.01482)	mile(0.01410)	brad(0.01367)	japanes(0.01297)	speech(0.00854)	troy(0.00810)	honor(0.00723)	gibson(0.00699)	combat(0.00666)	oliv(0.00664)	brave(0.00639)	hors(0.00611)	vietnam(0.00550)	general(0.00537)	spartan(0.00532)	rais(0.00531)	wine(0.00529)	flag(0.00524)	side(0.00492)	countri(0.00475)	ancient(0.00468)	glori(0.00454)	
Topic 29(0.03997):	edit(0.06236)	commentari(0.04168)	video(0.03595)	qualiti(0.03452)	audio(0.03242)	disc(0.02781)	product(0.02428)	documentari(0.02414)	digit(0.02396)	theatric(0.02062)	interview(0.02023)	delet(0.01978)	track(0.01977)	featurett(0.01938)	collect(0.01650)	transfer(0.01331)	footag(0.01254)	rate(0.01224)	spanish(0.01204)	kbps(0.01197)	copi(0.01118)	subtitl(0.01099)	bonus(0.01093)	produc(0.01039)	size(0.00960)	talk(0.00954)	dolbi(0.00847)	altern(0.00777)	master(0.00766)	studio(0.00762)	
248 users are loaded from /zf18/ll5fy/lab/dataset/amazon_movie/byUser_70k_review/5foldsCVColdstart/2/...
235 users are loaded from /zf18/ll5fy/lab/dataset/amazon_movie/byUser_70k_review/5foldsCVColdstart/0/...
237 users are loaded from /zf18/ll5fy/lab/dataset/amazon_movie/byUser_70k_review/5foldsCVColdstart/1/...
251 users are loaded from /zf18/ll5fy/lab/dataset/amazon_movie/byUser_70k_review/5foldsCVColdstart/3/...
240 users are loaded from /zf18/ll5fy/lab/dataset/amazon_movie/byUser_70k_review/5foldsCVColdstart/4/...
====================
[Info]Fold No. 2: 
train size = 21326, test size = 4983....
[Info]EM Starting multithread LDA[k:30, alpha:1.01, beta:1.00, Variational]...
==============
[Info]Likelihood -6978617.36690 at step 0 converge to 1.0000000000...
==============
[Info]Likelihood -6976640.16330 at step 1 converge to 0.0002833231...
==============
[Info]Likelihood -6974649.66800 at step 2 converge to 0.0002853086...
==============
[Info]Likelihood -6972516.21707 at step 3 converge to 0.0003058865...
==============
[Info]Likelihood -6969447.33352 at step 4 converge to 0.0004401400...
==============
[Info]Likelihood -6960896.30834 at step 5 converge to 0.0012269302...
==============
[Info]Likelihood -6938718.57313 at step 6 converge to 0.0031860459...
==============
[Info]Likelihood -6900618.25857 at step 7 converge to 0.0054909727...
==============
[Info]Likelihood -6839419.21914 at step 8 converge to 0.0088686314...
==============
[Info]Likelihood -6754900.37690 at step 9 converge to 0.0123576052...
==============
[Info]Likelihood -6658802.61312 at step 10 converge to 0.0142263777...
==============
[Info]Likelihood -6571524.16628 at step 11 converge to 0.0131072284...
==============
[Info]Likelihood -6502302.89026 at step 12 converge to 0.0105335192...
==============
[Info]Likelihood -6449293.96112 at step 13 converge to 0.0081523316...
==============
[Info]Likelihood -6408503.35738 at step 14 converge to 0.0063248169...
==============
[Info]Likelihood -6376541.42870 at step 15 converge to 0.0049874248...
==============
[Info]Likelihood -6350945.01461 at step 16 converge to 0.0040141532...
==============
[Info]Likelihood -6329862.83097 at step 17 converge to 0.0033195349...
==============
[Info]Likelihood -6311954.19762 at step 18 converge to 0.0028292293...
==============
[Info]Likelihood -6296348.80879 at step 19 converge to 0.0024723546...
==============
[Info]Likelihood -6282467.27042 at step 20 converge to 0.0022046965...
==============
[Info]Likelihood -6269902.57972 at step 21 converge to 0.0019999612...
==============
[Info]Likelihood -6258419.98057 at step 22 converge to 0.0018313840...
==============
[Info]Likelihood -6247892.08104 at step 23 converge to 0.0016821977...
==============
[Info]Likelihood -6238223.00248 at step 24 converge to 0.0015475745...
==============
[Info]Likelihood -6229311.81761 at step 25 converge to 0.0014284813...
==============
[Info]Likelihood -6221022.87923 at step 26 converge to 0.0013306347...
==============
[Info]Likelihood -6213279.83723 at step 27 converge to 0.0012446574...
==============
[Info]Likelihood -6206098.34948 at step 28 converge to 0.0011558288...
==============
[Info]Likelihood -6199421.51727 at step 29 converge to 0.0010758502...
==============
[Info]Likelihood -6193199.04532 at step 30 converge to 0.0010037182...
==============
[Info]Likelihood -6187356.81757 at step 31 converge to 0.0009433296...
==============
[Info]Likelihood -6181884.93959 at step 32 converge to 0.0008843644...
==============
[Info]Likelihood -6176800.39306 at step 33 converge to 0.0008224913...
==============
[Info]Likelihood -6172052.71606 at step 34 converge to 0.0007686305...
==============
[Info]Likelihood -6167605.92592 at step 35 converge to 0.0007204718...
==============
[Info]Likelihood -6163427.53246 at step 36 converge to 0.0006774741...
==============
[Info]Likelihood -6159482.68187 at step 37 converge to 0.0006400417...
==============
[Info]Likelihood -6155751.48917 at step 38 converge to 0.0006057640...
==============
[Info]Likelihood -6152198.91307 at step 39 converge to 0.0005771149...
==============
[Info]Likelihood -6148834.39863 at step 40 converge to 0.0005468800...
==============
[Info]Likelihood -6145647.23143 at step 41 converge to 0.0005183368...
==============
[Info]Likelihood -6142605.75090 at step 42 converge to 0.0004949000...
==============
[Info]Likelihood -6139691.73364 at step 43 converge to 0.0004743943...
==============
[Info]Likelihood -6136899.40672 at step 44 converge to 0.0004547992...
==============
[Info]Likelihood -6134228.26180 at step 45 converge to 0.0004352597...
==============
[Info]Likelihood -6131675.09499 at step 46 converge to 0.0004162165...
==============
[Info]Likelihood -6129234.17810 at step 47 converge to 0.0003980832...
==============
[Info]Likelihood -6126899.28538 at step 48 converge to 0.0003809436...
==============
[Info]Likelihood -6124664.80551 at step 49 converge to 0.0003647000...
[Info]Likelihood -6124664.806 after step 50 converge to 0.000365 after 285 seconds...
[Info]Start evaluation in thread
[Stat]Test set perplexity is 1677.442 and log-likelihood is -383.723
[Info]multithread LDA[k:30, alpha:1.01, beta:1.00, Variational] Train/Test finished in 288.20 seconds...
TopWord FilePath:/zf18/ll5fy/lab/dataset/amazon_movie/byUser_70k_review/output/5foldsCVColdstart/2/LDA_Variational_topWords_30.txt
Topic 0(0.04903):	simpli(0.03645)	felt(0.03286)	lack(0.03202)	understand(0.02946)	impress(0.02698)	focus(0.02075)	opinion(0.02048)	fine(0.02046)	issu(0.01886)	compar(0.01843)	appreci(0.01808)	consid(0.01626)	theme(0.01606)	averag(0.01556)	weak(0.01538)	aspect(0.01505)	matter(0.01342)	materi(0.01308)	major(0.01170)	typic(0.01128)	prais(0.00970)	dragon(0.00862)	negat(0.00852)	hate(0.00843)	colleg(0.00836)	fulli(0.00830)	depth(0.00826)	student(0.00816)	bother(0.00809)	flaw(0.00807)	
Topic 1(0.03024):	lost(0.06440)	jone(0.03605)	collect(0.03064)	hunt(0.02856)	ride(0.02701)	search(0.02047)	ford(0.01803)	steven(0.01760)	clue(0.01472)	indiana(0.01453)	west(0.01205)	wild(0.01107)	hunter(0.01096)	indi(0.01086)	round(0.01084)	sequenc(0.01038)	harrison(0.01000)	kidnap(0.00989)	treasur(0.00971)	twenti(0.00950)	tommi(0.00946)	raider(0.00825)	joli(0.00820)	crystal(0.00763)	piec(0.00648)	money(0.00611)	quest(0.00593)	monkey(0.00591)	pack(0.00525)	hold(0.00522)	
Topic 2(0.04024):	comedi(0.06692)	humor(0.05465)	laugh(0.04935)	hilari(0.02852)	joke(0.02344)	stupid(0.02284)	serious(0.02068)	adam(0.01413)	hotel(0.01286)	dollar(0.01233)	amus(0.01227)	maggi(0.01208)	loud(0.01042)	stiller(0.01022)	sandler(0.00898)	hate(0.00815)	quirki(0.00789)	witti(0.00772)	manag(0.00718)	babi(0.00712)	coen(0.00654)	rose(0.00604)	outrag(0.00575)	daughter(0.00546)	type(0.00499)	greg(0.00493)	idiot(0.00485)	basic(0.00452)	plain(0.00450)	racist(0.00447)	
Topic 3(0.03790):	david(0.03831)	strang(0.02941)	pace(0.02238)	deep(0.02053)	develop(0.01987)	atmospher(0.01944)	edward(0.01914)	natur(0.01798)	avoid(0.01338)	bottom(0.01235)	mood(0.01224)	spoiler(0.01145)	fair(0.01113)	build(0.01096)	weird(0.01056)	deliv(0.01047)	fill(0.00985)	tone(0.00840)	bird(0.00837)	defin(0.00831)	rare(0.00798)	manag(0.00795)	thin(0.00761)	club(0.00757)	bone(0.00750)	tension(0.00749)	carl(0.00744)	credibl(0.00743)	touch(0.00707)	cave(0.00706)	
Topic 4(0.03039):	king(0.04694)	transform(0.03234)	ring(0.03155)	sequenc(0.02097)	lord(0.02060)	express(0.01900)	kubrick(0.01299)	promis(0.01215)	mountain(0.01120)	hidden(0.01088)	sceneri(0.01075)	speech(0.01045)	imag(0.01012)	broken(0.00930)	prime(0.00748)	vision(0.00737)	simpson(0.00727)	cinemat(0.00722)	fallen(0.00717)	tower(0.00695)	gorgeous(0.00680)	beowulf(0.00676)	motion(0.00639)	filmmak(0.00624)	frame(0.00623)	jude(0.00611)	piec(0.00610)	vietnam(0.00599)	imageri(0.00597)	full(0.00589)	
Topic 5(0.03191):	battl(0.05709)	histori(0.05057)	general(0.03044)	soldier(0.02689)	epic(0.02301)	histor(0.01979)	armi(0.01943)	graphic(0.01747)	japanes(0.01612)	pitt(0.01569)	pari(0.01442)	brad(0.01440)	mile(0.01222)	miller(0.01059)	honor(0.00989)	cultur(0.00979)	alexand(0.00957)	fish(0.00944)	troy(0.00833)	side(0.00783)	militari(0.00768)	combat(0.00763)	brave(0.00611)	godfath(0.00608)	king(0.00594)	spartan(0.00561)	gladiat(0.00554)	heaven(0.00543)	ancient(0.00540)	duti(0.00531)	
Topic 6(0.02780):	frank(0.04350)	daughter(0.04050)	york(0.03280)	island(0.02353)	plane(0.02110)	dicaprio(0.02007)	hugh(0.01884)	player(0.01879)	gang(0.01877)	billi(0.01631)	scorses(0.01620)	nicholson(0.01599)	rage(0.01318)	flight(0.01289)	manag(0.01247)	mark(0.01110)	leonardo(0.01041)	jodi(0.01019)	team(0.00959)	kyle(0.00899)	niro(0.00896)	bean(0.00759)	aviat(0.00708)	pilot(0.00670)	insan(0.00667)	cate(0.00652)	hell(0.00636)	vega(0.00576)	money(0.00541)	scorces(0.00519)	
Topic 7(0.03516):	violenc(0.04495)	violent(0.02496)	brutal(0.02250)	moral(0.02244)	washington(0.01846)	easi(0.01754)	author(0.01602)	doctor(0.01580)	cage(0.01348)	sell(0.01168)	natur(0.01022)	fiction(0.00929)	dirti(0.00831)	nichola(0.00784)	corrupt(0.00761)	intens(0.00743)	exploit(0.00723)	amin(0.00713)	hawk(0.00711)	ruthless(0.00696)	twist(0.00678)	abus(0.00656)	ugli(0.00654)	theron(0.00629)	gritti(0.00624)	busi(0.00611)	rule(0.00590)	alcohol(0.00589)	polic(0.00587)	africa(0.00579)	
Topic 8(0.03221):	visual(0.06298)	futur(0.04275)	jame(0.02293)	termin(0.02227)	cameron(0.02080)	planet(0.01971)	technolog(0.01882)	stun(0.01388)	blue(0.01227)	fiction(0.01221)	rise(0.01204)	jake(0.01120)	avatar(0.01102)	titan(0.01056)	advanc(0.00996)	district(0.00919)	independ(0.00801)	popcorn(0.00746)	environ(0.00721)	marin(0.00717)	nativ(0.00693)	schwarzenegg(0.00648)	basic(0.00612)	moon(0.00595)	quaid(0.00586)	denni(0.00540)	save(0.00537)	massiv(0.00532)	tomorrow(0.00516)	technic(0.00511)	
Topic 9(0.03019):	amaz(0.07860)	hero(0.06839)	peter(0.05721)	villain(0.04481)	spiderman(0.04134)	superhero(0.02766)	drag(0.01626)	abil(0.01530)	jane(0.01239)	raimi(0.01104)	mari(0.00971)	uncl(0.00807)	garner(0.00777)	favorit(0.00774)	kick(0.00773)	tobey(0.00648)	daredevil(0.00621)	spider(0.00618)	goblin(0.00589)	jame(0.00572)	sequenc(0.00568)	dunst(0.00566)	icon(0.00553)	villian(0.00548)	cool(0.00543)	evil(0.00512)	continu(0.00491)	decid(0.00484)	genr(0.00470)	aunt(0.00464)	
Topic 10(0.03841):	thriller(0.03717)	camera(0.03164)	suspens(0.03122)	secret(0.02573)	intellig(0.02553)	shot(0.02299)	polit(0.02205)	govern(0.01860)	bourn(0.01783)	unit(0.01775)	matt(0.01744)	damon(0.01677)	intrigu(0.01425)	ident(0.01204)	oper(0.01094)	motiv(0.00987)	countri(0.00969)	intern(0.00845)	filmmak(0.00834)	organ(0.00830)	public(0.00805)	tension(0.00795)	angl(0.00780)	interpret(0.00777)	luck(0.00773)	reveal(0.00701)	kane(0.00676)	suspect(0.00671)	attent(0.00651)	techniqu(0.00650)	
Topic 11(0.02581):	magic(0.03893)	prison(0.03197)	potter(0.03044)	order(0.02083)	instal(0.01962)	match(0.01891)	rocki(0.01726)	professor(0.01519)	fire(0.01472)	matur(0.01095)	opera(0.01035)	phantom(0.00986)	wizard(0.00966)	emma(0.00963)	alan(0.00962)	grow(0.00952)	teacher(0.00935)	darker(0.00906)	teach(0.00900)	secret(0.00886)	third(0.00824)	rate(0.00783)	hogwart(0.00771)	friendship(0.00734)	phoenix(0.00734)	student(0.00729)	favorit(0.00666)	watson(0.00657)	return(0.00568)	deal(0.00526)	
Topic 12(0.04471):	dead(0.05614)	flick(0.03596)	remak(0.03351)	game(0.02696)	town(0.02565)	night(0.02460)	evil(0.02309)	genr(0.02071)	gore(0.01873)	blood(0.01684)	victim(0.01397)	bodi(0.01246)	hell(0.01223)	trap(0.01116)	terror(0.01097)	food(0.00984)	teen(0.00954)	hill(0.00891)	romero(0.00876)	dawn(0.00865)	texa(0.00852)	jump(0.00819)	sick(0.00817)	silent(0.00779)	resid(0.00754)	13th(0.00654)	aliv(0.00634)	budget(0.00630)	gori(0.00630)	gonna(0.00606)	
Topic 13(0.04135):	edit(0.05720)	bond(0.05069)	commentari(0.03722)	video(0.03446)	audio(0.03255)	disc(0.02688)	qualiti(0.02670)	digit(0.02255)	halloween(0.02046)	documentari(0.01874)	theatric(0.01842)	jame(0.01732)	interview(0.01671)	delet(0.01648)	featurett(0.01609)	track(0.01531)	transfer(0.01478)	kbps(0.01157)	myer(0.01123)	rate(0.01101)	subtitl(0.01094)	bonus(0.01070)	spanish(0.01066)	product(0.01056)	copi(0.01001)	footag(0.00996)	royal(0.00953)	size(0.00949)	dolbi(0.00834)	soundtrack(0.00799)	
Topic 14(0.04228):	hollywood(0.05341)	bore(0.03786)	wast(0.02213)	premis(0.02195)	slow(0.02178)	confus(0.02060)	concept(0.01839)	money(0.01576)	matrix(0.01555)	televis(0.01356)	serious(0.01249)	hype(0.01177)	explain(0.01112)	dull(0.01062)	talk(0.01039)	creativ(0.01029)	hole(0.01013)	reev(0.01004)	basic(0.00985)	jeff(0.00980)	fail(0.00970)	bridg(0.00881)	cool(0.00801)	lame(0.00744)	mediocr(0.00739)	budget(0.00715)	program(0.00686)	matter(0.00657)	maker(0.00606)	endless(0.00596)	
Topic 15(0.03009):	robert(0.04910)	earth(0.04109)	robot(0.03122)	iron(0.02926)	weapon(0.01628)	scientist(0.01519)	destroy(0.01495)	toni(0.01435)	park(0.01233)	suit(0.01223)	giant(0.01200)	militari(0.01191)	barri(0.01141)	virus(0.00953)	cure(0.00895)	downey(0.00866)	core(0.00825)	develop(0.00813)	aveng(0.00799)	save(0.00781)	peac(0.00778)	guid(0.00723)	popul(0.00685)	wise(0.00680)	week(0.00638)	klaatu(0.00579)	fiction(0.00548)	thor(0.00536)	test(0.00524)	spread(0.00521)	
Topic 16(0.02712):	michael(0.09122)	citi(0.06173)	fear(0.04068)	bruce(0.04061)	train(0.03599)	christian(0.02153)	wayn(0.01829)	bale(0.01737)	christoph(0.01634)	knight(0.01599)	morgan(0.01480)	neeson(0.01309)	return(0.01201)	rachel(0.01149)	cain(0.01102)	paint(0.01101)	liam(0.01083)	keaton(0.01057)	childhood(0.01035)	alfr(0.01030)	holm(0.00922)	gotham(0.00834)	gari(0.00797)	mask(0.00769)	continu(0.00643)	kati(0.00607)	favorit(0.00585)	figur(0.00462)	jonathan(0.00441)	forev(0.00438)	
Topic 17(0.03149):	song(0.03657)	rent(0.02400)	number(0.02263)	romanc(0.02180)	danc(0.02159)	romant(0.02062)	sing(0.01961)	hulk(0.01789)	queen(0.01786)	alex(0.01636)	rang(0.01343)	sister(0.01143)	roger(0.01041)	ladi(0.00815)	michell(0.00733)	drew(0.00732)	pride(0.00706)	titl(0.00681)	singer(0.00665)	ross(0.00608)	costner(0.00591)	soundtrack(0.00589)	traci(0.00588)	barrymor(0.00576)	prejudic(0.00568)	chicago(0.00566)	shakespear(0.00556)	donni(0.00525)	tune(0.00521)	collin(0.00511)	
Topic 18(0.03050):	monster(0.05209)	half(0.03962)	bill(0.03818)	creatur(0.03372)	wood(0.01936)	xmen(0.01589)	trick(0.01510)	kate(0.01494)	blade(0.01493)	hall(0.01434)	cool(0.01321)	dracula(0.01293)	hels(0.00962)	beast(0.00954)	fake(0.00949)	anna(0.00943)	bride(0.00902)	jackman(0.00834)	berri(0.00821)	pulp(0.00771)	host(0.00754)	wolf(0.00724)	homag(0.00724)	volum(0.00712)	proof(0.00705)	magician(0.00690)	bryan(0.00685)	werewolf(0.00681)	london(0.00665)	frankenstein(0.00634)	
Topic 19(0.03083):	killer(0.03965)	room(0.03447)	rock(0.02357)	ghost(0.01899)	babi(0.01801)	daniel(0.01657)	phone(0.01640)	blood(0.01624)	gibson(0.01511)	hoffman(0.01426)	affleck(0.01343)	brook(0.01337)	band(0.01283)	cold(0.01256)	hitchcock(0.01217)	door(0.01185)	neighbor(0.01067)	thoma(0.01044)	christ(0.00799)	cell(0.00773)	hear(0.00730)	plainview(0.00721)	polanski(0.00683)	roman(0.00675)	roll(0.00648)	rosemari(0.00615)	patrick(0.00597)	hang(0.00546)	daylewi(0.00519)	hurt(0.00506)	
Topic 20(0.03376):	father(0.06822)	mother(0.05148)	tale(0.04313)	imagin(0.03744)	hank(0.01755)	ryan(0.01624)	doubt(0.01519)	truth(0.01334)	demon(0.01263)	privat(0.01247)	andi(0.01217)	tough(0.01174)	innoc(0.01132)	toro(0.01026)	task(0.00998)	charli(0.00903)	told(0.00798)	devil(0.00758)	struggl(0.00709)	streep(0.00696)	priest(0.00692)	possess(0.00681)	soul(0.00658)	full(0.00657)	confront(0.00614)	circumst(0.00529)	compel(0.00508)	countri(0.00499)	caught(0.00496)	sister(0.00494)	
Topic 21(0.03126):	brother(0.04155)	race(0.02779)	fast(0.02621)	drive(0.02224)	danni(0.01685)	road(0.01574)	rais(0.01332)	kevin(0.01315)	news(0.01292)	walk(0.01292)	ferrel(0.01268)	male(0.01226)	formula(0.01162)	cash(0.01162)	night(0.01010)	letter(0.00957)	buddi(0.00934)	driver(0.00867)	figur(0.00866)	carter(0.00839)	brian(0.00781)	gold(0.00778)	bobbi(0.00754)	nail(0.00712)	hors(0.00697)	pair(0.00668)	talent(0.00657)	flash(0.00648)	flag(0.00634)	glori(0.00632)	
Topic 22(0.03190):	black(0.05178)	dream(0.04123)	drug(0.02691)	situat(0.02132)	side(0.01406)	deal(0.01403)	hitler(0.01027)	addict(0.00999)	lose(0.00999)	camp(0.00964)	conflict(0.00905)	nazi(0.00901)	blind(0.00881)	russian(0.00870)	difficult(0.00742)	fate(0.00740)	order(0.00736)	hide(0.00658)	forest(0.00641)	struggl(0.00606)	drama(0.00605)	heroin(0.00585)	pitch(0.00567)	germani(0.00551)	concentr(0.00519)	risk(0.00512)	grip(0.00497)	panic(0.00493)	decis(0.00482)	white(0.00476)	
Topic 23(0.03472):	brilliant(0.06015)	oscar(0.05517)	support(0.03965)	william(0.03635)	award(0.03305)	cinematographi(0.02726)	paul(0.02114)	academi(0.02090)	product(0.02022)	career(0.01975)	russel(0.01796)	crow(0.01754)	talent(0.01638)	drama(0.01414)	mari(0.01395)	bank(0.01271)	produc(0.01252)	robin(0.01156)	golden(0.01151)	night(0.01043)	juli(0.00891)	maria(0.00854)	carrey(0.00827)	insid(0.00778)	owen(0.00763)	franc(0.00746)	larri(0.00731)	nash(0.00729)	outstand(0.00707)	screenwrit(0.00643)	
Topic 24(0.03070):	anim(0.06591)	white(0.04222)	voic(0.04127)	talk(0.03241)	wall(0.02158)	witch(0.01982)	princ(0.01619)	pixar(0.01315)	mike(0.01301)	dumb(0.01210)	snow(0.00949)	luci(0.00919)	favorit(0.00911)	blair(0.00898)	studio(0.00868)	cute(0.00866)	nemo(0.00844)	princess(0.00785)	amazon(0.00766)	knock(0.00740)	project(0.00724)	bell(0.00705)	walt(0.00671)	trash(0.00645)	chronicl(0.00642)	lion(0.00635)	forget(0.00613)	wick(0.00601)	rick(0.00573)	comput(0.00540)	
Topic 25(0.02766):	ship(0.03381)	crew(0.03377)	mission(0.02947)	save(0.02382)	team(0.02232)	captain(0.02229)	richard(0.01897)	return(0.01752)	trek(0.01645)	rescu(0.01339)	board(0.01155)	doom(0.01064)	contact(0.01027)	lane(0.00811)	evan(0.00760)	gene(0.00743)	victor(0.00657)	wave(0.00637)	earth(0.00636)	invis(0.00631)	planet(0.00624)	send(0.00619)	sink(0.00618)	boyl(0.00588)	encount(0.00574)	kirk(0.00527)	launch(0.00523)	rest(0.00517)	reed(0.00503)	reach(0.00499)	
Topic 26(0.03561):	total(0.04248)	case(0.04080)	plan(0.02977)	water(0.02469)	free(0.02088)	willi(0.02077)	system(0.01588)	boss(0.01527)	twist(0.01329)	villag(0.01326)	terrorist(0.01265)	recal(0.01181)	fire(0.01170)	sign(0.01085)	nick(0.00990)	build(0.00948)	pull(0.00902)	polic(0.00818)	bomb(0.00800)	farrel(0.00799)	type(0.00788)	decid(0.00774)	shyamalan(0.00763)	lawyer(0.00748)	jami(0.00729)	ladi(0.00706)	break(0.00684)	unbeliev(0.00670)	reveng(0.00605)	foxx(0.00597)	
Topic 27(0.02456):	jack(0.06410)	depp(0.03227)	johnni(0.03149)	presid(0.02731)	moor(0.02463)	pirat(0.02426)	rush(0.01599)	davi(0.01553)	warm(0.01431)	bush(0.01318)	curs(0.01315)	pearl(0.00946)	media(0.00943)	polit(0.00919)	sparrow(0.00875)	public(0.00776)	dead(0.00774)	bloom(0.00770)	documentari(0.00765)	caribbean(0.00716)	black(0.00708)	vote(0.00646)	todd(0.00588)	georg(0.00575)	truth(0.00572)	turner(0.00565)	gore(0.00549)	captain(0.00540)	bowl(0.00518)	heston(0.00518)	
Topic 28(0.03235):	quot(0.05051)	husband(0.02874)	rich(0.02351)	societi(0.01838)	marri(0.01627)	kidman(0.01564)	parti(0.01560)	pain(0.01370)	affair(0.01264)	quotth(0.01084)	nicol(0.01070)	behavior(0.01069)	sean(0.00967)	suicid(0.00966)	desir(0.00896)	penn(0.00755)	dude(0.00743)	bright(0.00727)	anni(0.00663)	trip(0.00647)	suffer(0.00565)	reveal(0.00558)	convent(0.00541)	dian(0.00534)	forgiv(0.00533)	walter(0.00525)	concern(0.00520)	watt(0.00519)	connect(0.00510)	commit(0.00501)	
Topic 29(0.02983):	hous(0.07594)	wait(0.04145)	georg(0.04077)	episod(0.03182)	predat(0.02175)	return(0.02036)	luca(0.01888)	strike(0.01870)	reveng(0.01743)	theatr(0.01663)	season(0.01503)	side(0.01444)	luke(0.01302)	river(0.01173)	menac(0.01121)	attack(0.01086)	bought(0.01031)	jedi(0.00898)	pick(0.00885)	saga(0.00874)	evil(0.00837)	darth(0.00723)	battl(0.00685)	sand(0.00672)	creator(0.00662)	resurrect(0.00616)	kathi(0.00588)	sith(0.00535)	amityvill(0.00535)	emperor(0.00505)	
251 users are loaded from /zf18/ll5fy/lab/dataset/amazon_movie/byUser_70k_review/5foldsCVColdstart/3/...
235 users are loaded from /zf18/ll5fy/lab/dataset/amazon_movie/byUser_70k_review/5foldsCVColdstart/0/...
237 users are loaded from /zf18/ll5fy/lab/dataset/amazon_movie/byUser_70k_review/5foldsCVColdstart/1/...
248 users are loaded from /zf18/ll5fy/lab/dataset/amazon_movie/byUser_70k_review/5foldsCVColdstart/2/...
240 users are loaded from /zf18/ll5fy/lab/dataset/amazon_movie/byUser_70k_review/5foldsCVColdstart/4/...
====================
[Info]Fold No. 3: 
train size = 20753, test size = 5556....
[Info]EM Starting multithread LDA[k:30, alpha:1.01, beta:1.00, Variational]...
==============
[Info]Likelihood -6880994.01795 at step 0 converge to 1.0000000000...
==============
[Info]Likelihood -6879044.44475 at step 1 converge to 0.0002833273...
==============
[Info]Likelihood -6877087.42522 at step 2 converge to 0.0002844900...
==============
[Info]Likelihood -6875045.80212 at step 3 converge to 0.0002968732...
==============
[Info]Likelihood -6872411.95821 at step 4 converge to 0.0003831020...
==============
[Info]Likelihood -6866403.63094 at step 5 converge to 0.0008742676...
==============
[Info]Likelihood -6849215.53939 at step 6 converge to 0.0025032160...
==============
[Info]Likelihood -6809114.18450 at step 7 converge to 0.0058548829...
==============
[Info]Likelihood -6747779.49990 at step 8 converge to 0.0090077333...
==============
[Info]Likelihood -6662592.25641 at step 9 converge to 0.0126244854...
==============
[Info]Likelihood -6567655.69232 at step 10 converge to 0.0142491932...
==============
[Info]Likelihood -6479591.44493 at step 11 converge to 0.0134087796...
==============
[Info]Likelihood -6408727.65565 at step 12 converge to 0.0109364595...
==============
[Info]Likelihood -6355083.64064 at step 13 converge to 0.0083704626...
==============
[Info]Likelihood -6314187.48049 at step 14 converge to 0.0064351883...
==============
[Info]Likelihood -6282390.76937 at step 15 converge to 0.0050357566...
==============
[Info]Likelihood -6257168.06249 at step 16 converge to 0.0040148262...
==============
[Info]Likelihood -6236691.29498 at step 17 converge to 0.0032725296...
==============
[Info]Likelihood -6219652.88673 at step 18 converge to 0.0027319627...
==============
[Info]Likelihood -6205040.48508 at step 19 converge to 0.0023493918...
==============
[Info]Likelihood -6192249.77512 at step 20 converge to 0.0020613419...
==============
[Info]Likelihood -6180922.47622 at step 21 converge to 0.0018292703...
==============
[Info]Likelihood -6170766.80406 at step 22 converge to 0.0016430674...
==============
[Info]Likelihood -6161528.72223 at step 23 converge to 0.0014970719...
==============
[Info]Likelihood -6153038.61631 at step 24 converge to 0.0013779220...
==============
[Info]Likelihood -6145187.86675 at step 25 converge to 0.0012759142...
==============
[Info]Likelihood -6137905.25845 at step 26 converge to 0.0011850912...
==============
[Info]Likelihood -6131140.84658 at step 27 converge to 0.0011020717...
==============
[Info]Likelihood -6124844.90679 at step 28 converge to 0.0010268790...
==============
[Info]Likelihood -6118965.06467 at step 29 converge to 0.0009599985...
==============
[Info]Likelihood -6113461.57258 at step 30 converge to 0.0008994155...
==============
[Info]Likelihood -6108304.01959 at step 31 converge to 0.0008436387...
==============
[Info]Likelihood -6103464.41361 at step 32 converge to 0.0007922995...
==============
[Info]Likelihood -6098912.60650 at step 33 converge to 0.0007457743...
==============
[Info]Likelihood -6094605.82428 at step 34 converge to 0.0007061558...
==============
[Info]Likelihood -6090502.63069 at step 35 converge to 0.0006732500...
==============
[Info]Likelihood -6086565.59074 at step 36 converge to 0.0006464228...
==============
[Info]Likelihood -6082783.85630 at step 37 converge to 0.0006213248...
==============
[Info]Likelihood -6079186.43813 at step 38 converge to 0.0005914098...
==============
[Info]Likelihood -6075763.90261 at step 39 converge to 0.0005629924...
==============
[Info]Likelihood -6072496.50652 at step 40 converge to 0.0005377754...
==============
[Info]Likelihood -6069376.22037 at step 41 converge to 0.0005138391...
==============
[Info]Likelihood -6066395.05845 at step 42 converge to 0.0004911809...
==============
[Info]Likelihood -6063530.81803 at step 43 converge to 0.0004721487...
==============
[Info]Likelihood -6060752.83304 at step 44 converge to 0.0004581464...
==============
[Info]Likelihood -6058074.90584 at step 45 converge to 0.0004418473...
==============
[Info]Likelihood -6055518.93803 at step 46 converge to 0.0004219109...
==============
[Info]Likelihood -6053070.15298 at step 47 converge to 0.0004043890...
==============
[Info]Likelihood -6050720.11086 at step 48 converge to 0.0003882397...
==============
[Info]Likelihood -6048462.49767 at step 49 converge to 0.0003731148...
[Info]Likelihood -6048462.498 after step 50 converge to 0.000373 after 277 seconds...
[Info]Start evaluation in thread
[Stat]Test set perplexity is 1582.813 and log-likelihood is -358.179
[Info]multithread LDA[k:30, alpha:1.01, beta:1.00, Variational] Train/Test finished in 279.90 seconds...
TopWord FilePath:/zf18/ll5fy/lab/dataset/amazon_movie/byUser_70k_review/output/5foldsCVColdstart/3/LDA_Variational_topWords_30.txt
Topic 0(0.05217):	bore(0.03322)	felt(0.03112)	hate(0.02469)	slow(0.02362)	sort(0.02089)	pace(0.02070)	type(0.02009)	stupid(0.01855)	wors(0.01747)	wast(0.01719)	lack(0.01626)	drive(0.01493)	understand(0.01484)	horribl(0.01445)	basic(0.01289)	hurt(0.01250)	confus(0.01246)	weird(0.01063)	fail(0.01028)	typic(0.01011)	bother(0.01006)	hype(0.01002)	averag(0.00980)	villag(0.00978)	rang(0.00968)	ruin(0.00906)	dull(0.00885)	suspens(0.00875)	mess(0.00852)	opinion(0.00792)	
Topic 1(0.03769):	issu(0.02203)	natur(0.01997)	societi(0.01718)	histori(0.01531)	brutal(0.01476)	moor(0.01453)	gibson(0.01116)	truth(0.01084)	cultur(0.01057)	tear(0.00984)	suffer(0.00978)	paint(0.00959)	violent(0.00956)	understand(0.00954)	cinemat(0.00868)	fear(0.00832)	aspect(0.00790)	belief(0.00759)	controversi(0.00720)	interpret(0.00711)	code(0.00698)	concern(0.00662)	thirti(0.00617)	intellig(0.00607)	intent(0.00589)	christ(0.00589)	account(0.00581)	piec(0.00556)	exploit(0.00552)	heaven(0.00516)	
Topic 2(0.03631):	polit(0.03166)	countri(0.02920)	soldier(0.02478)	govern(0.02083)	presid(0.01862)	japanes(0.01465)	general(0.01343)	militari(0.01327)	public(0.01233)	ryan(0.01136)	unit(0.00998)	histori(0.00968)	news(0.00956)	privat(0.00917)	hitler(0.00897)	conflict(0.00860)	side(0.00842)	order(0.00832)	bomb(0.00822)	bush(0.00798)	vietnam(0.00791)	luck(0.00627)	nazi(0.00589)	battl(0.00583)	russian(0.00575)	attack(0.00569)	armi(0.00540)	rais(0.00533)	combat(0.00523)	georg(0.00513)	
Topic 3(0.04033):	comedi(0.06627)	humor(0.05316)	laugh(0.04665)	hilari(0.02676)	joke(0.02201)	romant(0.01590)	amus(0.01222)	nick(0.01110)	serious(0.01058)	loud(0.01045)	ferrel(0.00981)	stiller(0.00905)	quirki(0.00834)	knock(0.00792)	paul(0.00763)	trip(0.00701)	male(0.00701)	doom(0.00700)	mile(0.00681)	witti(0.00597)	greg(0.00573)	pair(0.00566)	owen(0.00562)	frost(0.00550)	nixon(0.00540)	buddi(0.00524)	anni(0.00518)	night(0.00492)	invis(0.00480)	outrag(0.00474)	
Topic 4(0.02887):	anim(0.05380)	william(0.04286)	voic(0.04063)	white(0.02810)	russel(0.01889)	express(0.01853)	crow(0.01820)	witch(0.01662)	robin(0.01351)	princ(0.01183)	mike(0.01177)	bear(0.01044)	golden(0.01037)	fish(0.01028)	talk(0.00965)	snow(0.00947)	tale(0.00832)	carl(0.00823)	nash(0.00795)	land(0.00787)	bird(0.00695)	beowulf(0.00692)	walt(0.00668)	pixar(0.00665)	broken(0.00664)	wick(0.00661)	lion(0.00575)	princess(0.00566)	touch(0.00563)	facial(0.00563)	
Topic 5(0.04006):	edit(0.05840)	commentari(0.04030)	qualiti(0.03595)	video(0.03314)	audio(0.03004)	disc(0.02658)	documentari(0.02550)	interview(0.02363)	track(0.02330)	product(0.02272)	digit(0.02028)	theatric(0.01969)	featurett(0.01870)	collect(0.01851)	delet(0.01718)	transfer(0.01582)	talk(0.01326)	footag(0.01326)	produc(0.01225)	subtitl(0.01203)	bonus(0.01168)	spanish(0.01118)	copi(0.01113)	shot(0.01089)	soundtrack(0.01046)	standard(0.00900)	rate(0.00881)	dolbi(0.00838)	materi(0.00809)	purchas(0.00715)	
Topic 6(0.04110):	thriller(0.02854)	twist(0.02572)	case(0.02122)	polic(0.01957)	situat(0.01774)	convinc(0.01640)	drama(0.01582)	moral(0.01571)	innoc(0.01063)	money(0.01055)	busi(0.01044)	affleck(0.01025)	trick(0.01001)	lose(0.00912)	deal(0.00873)	partner(0.00854)	reveng(0.00803)	lawyer(0.00756)	godfath(0.00722)	kidnap(0.00712)	flaw(0.00706)	author(0.00681)	develop(0.00674)	commit(0.00670)	dirti(0.00657)	decis(0.00641)	circumst(0.00637)	rivet(0.00581)	firm(0.00569)	consequ(0.00537)	
Topic 7(0.03289):	visual(0.06615)	futur(0.03830)	stun(0.02018)	termin(0.01983)	technolog(0.01890)	cameron(0.01853)	robot(0.01710)	blue(0.01378)	concept(0.01302)	sequenc(0.01251)	giant(0.01149)	impress(0.01148)	avatar(0.01088)	jake(0.01061)	advanc(0.00965)	comput(0.00867)	vision(0.00849)	rise(0.00826)	titan(0.00826)	amaz(0.00824)	popcorn(0.00773)	project(0.00724)	huge(0.00670)	basic(0.00656)	generat(0.00650)	metal(0.00589)	technic(0.00587)	district(0.00583)	jame(0.00578)	vehicl(0.00537)	
Topic 8(0.04300):	half(0.04422)	total(0.04016)	serious(0.02468)	shot(0.02301)	water(0.02155)	fair(0.01766)	cool(0.01736)	blade(0.01612)	weak(0.01540)	camera(0.01479)	money(0.01438)	minor(0.01253)	bottom(0.01172)	figur(0.01138)	recal(0.01106)	bare(0.01020)	flat(0.01019)	knew(0.00995)	plain(0.00886)	suck(0.00863)	complaint(0.00845)	opera(0.00799)	pari(0.00761)	gorgeous(0.00756)	rest(0.00755)	thin(0.00747)	simpli(0.00732)	compar(0.00726)	fake(0.00719)	brook(0.00709)	
Topic 9(0.02614):	return(0.06323)	david(0.05537)	monster(0.04895)	richard(0.02901)	reev(0.01631)	kate(0.01543)	born(0.01491)	dracula(0.01455)	hunter(0.01225)	hels(0.01041)	lane(0.01005)	gene(0.00921)	jackman(0.00905)	anna(0.00857)	mummi(0.00820)	wolf(0.00744)	christoph(0.00717)	frankenstein(0.00700)	bryan(0.00648)	london(0.00632)	werewolf(0.00632)	hackman(0.00615)	birth(0.00560)	holli(0.00544)	babi(0.00544)	studio(0.00531)	joseph(0.00529)	full(0.00521)	singer(0.00520)	werewolv(0.00502)	
Topic 10(0.03122):	number(0.03982)	song(0.03824)	rock(0.02540)	rent(0.02504)	danc(0.02445)	sing(0.02198)	wood(0.01848)	ladi(0.01730)	band(0.01336)	driver(0.01133)	talent(0.01124)	alex(0.01082)	penguin(0.01065)	queen(0.01050)	michell(0.01013)	soundtrack(0.00960)	romanc(0.00852)	roll(0.00692)	feet(0.00677)	shakespear(0.00660)	manag(0.00657)	drew(0.00657)	traci(0.00646)	march(0.00636)	singer(0.00612)	walken(0.00604)	hear(0.00596)	chicago(0.00593)	tune(0.00586)	cute(0.00572)	
Topic 11(0.03043):	father(0.07637)	game(0.04640)	team(0.03975)	doubt(0.02850)	kevin(0.01908)	sister(0.01695)	player(0.01656)	manag(0.01473)	independ(0.01261)	billi(0.01255)	jeff(0.01192)	bridg(0.01183)	river(0.01161)	treasur(0.01149)	streep(0.01120)	clue(0.00940)	assist(0.00898)	kinsey(0.00773)	mother(0.00755)	meryl(0.00741)	adam(0.00740)	laura(0.00739)	hoffman(0.00683)	behavior(0.00666)	footbal(0.00656)	brown(0.00628)	mystic(0.00599)	bean(0.00597)	patrick(0.00596)	wild(0.00562)	
Topic 12(0.03048):	brother(0.05265)	bill(0.04039)	walk(0.03855)	robert(0.02935)	ride(0.02461)	hank(0.02086)	andi(0.01400)	defin(0.01377)	rocki(0.01319)	tough(0.01302)	cash(0.01266)	career(0.01163)	bride(0.00888)	nail(0.00860)	friendship(0.00860)	garner(0.00746)	match(0.00728)	wear(0.00707)	rick(0.00707)	victor(0.00706)	pulp(0.00672)	volum(0.00656)	jess(0.00631)	june(0.00627)	marri(0.00615)	step(0.00609)	brian(0.00588)	paul(0.00570)	simpli(0.00558)	drama(0.00532)	
Topic 13(0.03147):	violenc(0.04903)	hero(0.04231)	iron(0.02914)	graphic(0.02103)	free(0.02078)	toni(0.02064)	list(0.02050)	fire(0.01985)	dragon(0.01866)	kubrick(0.01399)	suit(0.01392)	silenc(0.01053)	hidden(0.01032)	violent(0.00990)	case(0.00926)	rate(0.00862)	kick(0.00845)	aveng(0.00759)	downey(0.00755)	weapon(0.00719)	rape(0.00701)	lamb(0.00671)	robert(0.00607)	impress(0.00530)	reign(0.00513)	graham(0.00510)	mickey(0.00495)	bulli(0.00486)	alex(0.00464)	profil(0.00463)	
Topic 14(0.02858):	citi(0.05421)	bruce(0.04210)	villain(0.02942)	predat(0.02358)	bale(0.02137)	wayn(0.02011)	knight(0.01967)	christian(0.01935)	christoph(0.01682)	superhero(0.01415)	morgan(0.01321)	neeson(0.01320)	carrey(0.01203)	keaton(0.01130)	cain(0.01109)	gotham(0.01087)	liam(0.01081)	alfr(0.01024)	coen(0.01016)	gari(0.01006)	holm(0.00941)	maria(0.00906)	michael(0.00874)	fear(0.00863)	tommi(0.00730)	kati(0.00705)	forev(0.00656)	scarlett(0.00590)	serious(0.00557)	rachel(0.00546)	
Topic 15(0.02957):	peter(0.05436)	amaz(0.04372)	spiderman(0.03462)	mari(0.02860)	husband(0.02414)	lost(0.01901)	jane(0.01482)	translat(0.01299)	barri(0.01196)	juli(0.01079)	raimi(0.01069)	franc(0.01021)	marri(0.01004)	coppola(0.00996)	affair(0.00732)	superhero(0.00732)	uncl(0.00730)	pride(0.00699)	belong(0.00678)	prejudic(0.00616)	dian(0.00615)	spider(0.00597)	dunst(0.00586)	photograph(0.00541)	tobey(0.00531)	inner(0.00529)	darci(0.00477)	charlott(0.00477)	goblin(0.00472)	tokyo(0.00471)	
Topic 16(0.03696):	oscar(0.05238)	support(0.04370)	award(0.03221)	train(0.02358)	struggl(0.02022)	academi(0.01853)	cold(0.01830)	career(0.01816)	outstand(0.01728)	easi(0.01230)	quiet(0.01194)	kidman(0.01164)	mountain(0.01151)	dollar(0.01127)	steven(0.01062)	earn(0.01017)	talent(0.00982)	babi(0.00944)	paul(0.00871)	drama(0.00814)	cinematographi(0.00791)	nicol(0.00765)	convey(0.00737)	hawk(0.00708)	brilliant(0.00683)	fine(0.00593)	prais(0.00591)	authent(0.00579)	robert(0.00545)	manag(0.00530)	
Topic 17(0.02555):	bond(0.08057)	jame(0.06336)	secret(0.02816)	daniel(0.02690)	sean(0.02193)	royal(0.01451)	milk(0.01434)	hall(0.01403)	penn(0.01328)	hitchcock(0.01284)	casino(0.01277)	roger(0.01054)	rank(0.00956)	conneri(0.00891)	judi(0.00862)	plainview(0.00854)	sexi(0.00827)	villain(0.00809)	berri(0.00764)	pierc(0.00727)	titl(0.00716)	brosnan(0.00703)	paul(0.00676)	vega(0.00665)	sequenc(0.00665)	blond(0.00644)	daylewi(0.00604)	dench(0.00559)	gold(0.00511)	mcclane(0.00488)	
Topic 18(0.03269):	black(0.06574)	dream(0.04270)	drug(0.02909)	fast(0.02887)	washington(0.01847)	deal(0.01642)	food(0.01619)	white(0.01246)	road(0.01194)	industri(0.01130)	deep(0.01054)	addict(0.01035)	lone(0.00859)	cave(0.00745)	pitch(0.00676)	hook(0.00652)	spin(0.00633)	lose(0.00628)	decid(0.00617)	danger(0.00580)	noir(0.00525)	difficult(0.00519)	situat(0.00518)	garden(0.00517)	physic(0.00514)	femal(0.00507)	drink(0.00505)	heroin(0.00494)	bodi(0.00487)	tight(0.00484)	
Topic 19(0.02989):	king(0.06009)	battl(0.05237)	frank(0.04312)	epic(0.03268)	race(0.02624)	histori(0.01893)	pitt(0.01837)	cage(0.01636)	brad(0.01540)	histor(0.01274)	alexand(0.01234)	hulk(0.01221)	forest(0.01131)	hors(0.01063)	doctor(0.01049)	speech(0.01037)	armi(0.01014)	nichola(0.00932)	troy(0.00847)	general(0.00844)	ancient(0.00826)	amin(0.00826)	farrel(0.00825)	miller(0.00810)	eric(0.00789)	gladiat(0.00654)	whitak(0.00519)	fine(0.00503)	told(0.00474)	myth(0.00432)	
Topic 20(0.02744):	magic(0.03483)	ring(0.03473)	favorit(0.03398)	jone(0.03300)	lord(0.02850)	potter(0.02575)	prison(0.02560)	order(0.01860)	student(0.01772)	professor(0.01383)	colleg(0.01170)	matur(0.01082)	wizard(0.01053)	teacher(0.01004)	indiana(0.00975)	emma(0.00812)	secret(0.00789)	grow(0.00770)	lost(0.00685)	raider(0.00679)	indi(0.00617)	darker(0.00616)	hogwart(0.00614)	fienn(0.00604)	watson(0.00585)	full(0.00561)	ralph(0.00536)	fire(0.00518)	imagin(0.00486)	doom(0.00474)	
Topic 21(0.03120):	quot(0.04852)	earth(0.04139)	crew(0.03110)	fiction(0.02872)	ship(0.02864)	planet(0.02823)	mission(0.02759)	captain(0.02665)	trek(0.02060)	destroy(0.02027)	ford(0.01735)	motion(0.01294)	quotth(0.01088)	contact(0.01011)	rescu(0.00989)	harrison(0.00905)	lost(0.00813)	moon(0.00777)	guid(0.00681)	plan(0.00664)	kirk(0.00664)	quest(0.00612)	save(0.00601)	order(0.00601)	televis(0.00577)	season(0.00567)	generat(0.00554)	invas(0.00537)	launch(0.00518)	khan(0.00499)	
Topic 22(0.02900):	daughter(0.06511)	jack(0.06174)	mother(0.03911)	depp(0.03091)	johnni(0.02852)	willi(0.02173)	nicholson(0.01997)	charli(0.01914)	judg(0.01493)	carter(0.01403)	bank(0.01380)	rose(0.01313)	older(0.01158)	maggi(0.01098)	retir(0.01087)	public(0.00873)	bobbi(0.00849)	spacey(0.00760)	chocol(0.00758)	warren(0.00735)	touch(0.00703)	todd(0.00667)	decid(0.00615)	deep(0.00605)	letter(0.00551)	marri(0.00550)	shop(0.00537)	stay(0.00467)	tobi(0.00464)	sweeney(0.00431)	
Topic 23(0.02718):	georg(0.03708)	third(0.03663)	episod(0.02773)	bourn(0.02507)	matt(0.02465)	edward(0.02240)	damon(0.02060)	pirat(0.01851)	ident(0.01824)	luca(0.01570)	strike(0.01471)	reveng(0.01241)	davi(0.01189)	instal(0.01151)	side(0.01143)	menac(0.01140)	theatr(0.01122)	sequenc(0.01045)	rush(0.00888)	luke(0.00860)	attack(0.00833)	saga(0.00830)	jedi(0.00764)	return(0.00697)	battl(0.00656)	sparrow(0.00640)	darth(0.00594)	pearl(0.00568)	caribbean(0.00565)	wait(0.00560)	
Topic 24(0.03291):	michael(0.07607)	flick(0.05245)	remak(0.04638)	town(0.04445)	halloween(0.02372)	pick(0.02230)	teenag(0.02021)	night(0.01820)	teen(0.01526)	hill(0.01447)	jami(0.01407)	terror(0.01344)	texa(0.01334)	foxx(0.01226)	myer(0.01198)	mask(0.00998)	cool(0.00959)	josh(0.00954)	chainsaw(0.00944)	massacr(0.00924)	street(0.00919)	silent(0.00894)	mann(0.00883)	heat(0.00821)	wait(0.00776)	lauri(0.00760)	camp(0.00694)	alot(0.00691)	fear(0.00634)	produc(0.00619)	
Topic 25(0.03492):	evil(0.04177)	save(0.02288)	hunt(0.02244)	premis(0.02043)	develop(0.01612)	drag(0.01555)	xmen(0.01400)	hell(0.01373)	scientist(0.01142)	test(0.01123)	abil(0.01120)	survivor(0.00886)	resid(0.00812)	loos(0.00810)	cure(0.00802)	virus(0.00789)	succeed(0.00767)	popul(0.00766)	host(0.00741)	major(0.00691)	break(0.00678)	spoiler(0.00666)	pg13(0.00660)	beast(0.00596)	area(0.00586)	manag(0.00569)	citi(0.00559)	theme(0.00552)	bleak(0.00543)	spread(0.00539)	
Topic 26(0.02918):	transform(0.03247)	control(0.02886)	matrix(0.02076)	plane(0.01879)	search(0.01721)	sequenc(0.01709)	danni(0.01589)	seat(0.01567)	terrorist(0.01409)	center(0.01333)	build(0.01241)	flight(0.01225)	unit(0.01205)	save(0.01065)	jodi(0.00940)	kyle(0.00882)	prime(0.00833)	kane(0.00830)	weav(0.00814)	board(0.00814)	attack(0.00766)	fallen(0.00751)	panic(0.00744)	trade(0.00718)	west(0.00658)	hugo(0.00640)	pilot(0.00638)	plan(0.00631)	target(0.00603)	blow(0.00572)	
Topic 27(0.03196):	hollywood(0.05858)	brilliant(0.03753)	tale(0.03640)	york(0.02939)	fascin(0.02535)	island(0.02324)	hugh(0.02184)	gang(0.01922)	imagin(0.01656)	dicaprio(0.01632)	scorses(0.01313)	insan(0.01130)	fine(0.01120)	rich(0.01062)	task(0.01050)	niro(0.00929)	cinematographi(0.00892)	filmmak(0.00892)	leonardo(0.00876)	mark(0.00740)	cate(0.00733)	rage(0.00733)	patient(0.00629)	aviat(0.00627)	compel(0.00596)	robert(0.00566)	captur(0.00556)	earli(0.00535)	ofelia(0.00527)	told(0.00485)	
Topic 28(0.03638):	hous(0.05807)	killer(0.03323)	room(0.03076)	victim(0.02021)	strang(0.01697)	door(0.01695)	suspens(0.01577)	ghost(0.01542)	tension(0.01513)	atmospher(0.01479)	phone(0.01377)	hotel(0.01179)	trap(0.01071)	jump(0.00974)	stay(0.00967)	demon(0.00905)	possess(0.00881)	talk(0.00875)	neighbor(0.00847)	build(0.00822)	night(0.00802)	insid(0.00748)	bodi(0.00746)	cell(0.00739)	lock(0.00636)	eeri(0.00618)	reveal(0.00617)	hang(0.00616)	visit(0.00599)	hoffman(0.00588)	
Topic 29(0.03443):	dead(0.07821)	genr(0.04170)	blood(0.03536)	gore(0.02644)	creatur(0.02575)	night(0.02001)	budget(0.01736)	park(0.01720)	kong(0.01335)	romero(0.01165)	dawn(0.01129)	yeah(0.00983)	land(0.00932)	flesh(0.00911)	nasti(0.00897)	mouth(0.00882)	gori(0.00880)	toro(0.00826)	brain(0.00777)	tast(0.00774)	gonna(0.00761)	bodi(0.00711)	damn(0.00677)	shot(0.00665)	watt(0.00665)	attack(0.00542)	homag(0.00541)	brodi(0.00526)	naomi(0.00523)	aliv(0.00514)	
240 users are loaded from /zf18/ll5fy/lab/dataset/amazon_movie/byUser_70k_review/5foldsCVColdstart/4/...
235 users are loaded from /zf18/ll5fy/lab/dataset/amazon_movie/byUser_70k_review/5foldsCVColdstart/0/...
237 users are loaded from /zf18/ll5fy/lab/dataset/amazon_movie/byUser_70k_review/5foldsCVColdstart/1/...
248 users are loaded from /zf18/ll5fy/lab/dataset/amazon_movie/byUser_70k_review/5foldsCVColdstart/2/...
251 users are loaded from /zf18/ll5fy/lab/dataset/amazon_movie/byUser_70k_review/5foldsCVColdstart/3/...
====================
[Info]Fold No. 4: 
train size = 20717, test size = 5592....
[Info]EM Starting multithread LDA[k:30, alpha:1.01, beta:1.00, Variational]...
==============
[Info]Likelihood -6637268.25220 at step 0 converge to 1.0000000000...
==============
[Info]Likelihood -6635355.27972 at step 1 converge to 0.0002882168...
==============
[Info]Likelihood -6633435.38524 at step 2 converge to 0.0002893431...
==============
[Info]Likelihood -6631439.56607 at step 3 converge to 0.0003008726...
==============
[Info]Likelihood -6628991.56152 at step 4 converge to 0.0003691513...
==============
[Info]Likelihood -6623781.25062 at step 5 converge to 0.0007859885...
==============
[Info]Likelihood -6608560.96195 at step 6 converge to 0.0022978248...
==============
[Info]Likelihood -6577988.67017 at step 7 converge to 0.0046261648...
==============
[Info]Likelihood -6523536.61187 at step 8 converge to 0.0082779191...
==============
[Info]Likelihood -6441492.16100 at step 9 converge to 0.0125766828...
==============
[Info]Likelihood -6348345.72954 at step 10 converge to 0.0144603811...
==============
[Info]Likelihood -6262598.55086 at step 11 converge to 0.0135070115...
==============
[Info]Likelihood -6194109.19226 at step 12 converge to 0.0109362524...
==============
[Info]Likelihood -6141913.96695 at step 13 converge to 0.0084265911...
==============
[Info]Likelihood -6102034.98872 at step 14 converge to 0.0064929236...
==============
[Info]Likelihood -6070623.91504 at step 15 converge to 0.0051476391...
==============
[Info]Likelihood -6044902.55724 at step 16 converge to 0.0042370205...
==============
[Info]Likelihood -6023152.20536 at step 17 converge to 0.0035981311...
==============
[Info]Likelihood -6004350.02956 at step 18 converge to 0.0031216505...
==============
[Info]Likelihood -5987879.62866 at step 19 converge to 0.0027430781...
==============
[Info]Likelihood -5973357.33936 at step 20 converge to 0.0024252808...
==============
[Info]Likelihood -5960464.47211 at step 21 converge to 0.0021583954...
==============
[Info]Likelihood -5948924.33536 at step 22 converge to 0.0019361137...
==============
[Info]Likelihood -5938498.11785 at step 23 converge to 0.0017526223...
==============
[Info]Likelihood -5929038.85542 at step 24 converge to 0.0015928712...
==============
[Info]Likelihood -5920458.71946 at step 25 converge to 0.0014471378...
==============
[Info]Likelihood -5912668.70272 at step 26 converge to 0.0013157793...
==============
[Info]Likelihood -5905557.22661 at step 27 converge to 0.0012027523...
==============
[Info]Likelihood -5899028.56541 at step 28 converge to 0.0011055115...
==============
[Info]Likelihood -5893013.14432 at step 29 converge to 0.0010197308...
==============
[Info]Likelihood -5887427.43678 at step 30 converge to 0.0009478526...
==============
[Info]Likelihood -5882204.17874 at step 31 converge to 0.0008871885...
==============
[Info]Likelihood -5877315.53109 at step 32 converge to 0.0008310911...
==============
[Info]Likelihood -5872727.21411 at step 33 converge to 0.0007806824...
==============
[Info]Likelihood -5868382.23785 at step 34 converge to 0.0007398566...
==============
[Info]Likelihood -5864219.56474 at step 35 converge to 0.0007093391...
==============
[Info]Likelihood -5860206.46086 at step 36 converge to 0.0006843372...
==============
[Info]Likelihood -5856379.39983 at step 37 converge to 0.0006530591...
==============
[Info]Likelihood -5852746.23775 at step 38 converge to 0.0006203768...
==============
[Info]Likelihood -5849286.87656 at step 39 converge to 0.0005910663...
==============
[Info]Likelihood -5845981.75384 at step 40 converge to 0.0005650471...
==============
[Info]Likelihood -5842817.16945 at step 41 converge to 0.0005413264...
==============
[Info]Likelihood -5839785.65664 at step 42 converge to 0.0005188444...
==============
[Info]Likelihood -5836879.03770 at step 43 converge to 0.0004977270...
==============
[Info]Likelihood -5834089.43916 at step 44 converge to 0.0004779264...
==============
[Info]Likelihood -5831410.59961 at step 45 converge to 0.0004591701...
==============
[Info]Likelihood -5828841.94494 at step 46 converge to 0.0004404860...
==============
[Info]Likelihood -5826389.98955 at step 47 converge to 0.0004206591...
==============
[Info]Likelihood -5824050.47051 at step 48 converge to 0.0004015384...
==============
[Info]Likelihood -5821814.59943 at step 49 converge to 0.0003839031...
[Info]Likelihood -5821814.599 after step 50 converge to 0.000384 after 207 seconds...
[Info]Start evaluation in thread
[Stat]Test set perplexity is 1587.458 and log-likelihood is -395.560
[Info]multithread LDA[k:30, alpha:1.01, beta:1.00, Variational] Train/Test finished in 209.24 seconds...
TopWord FilePath:/zf18/ll5fy/lab/dataset/amazon_movie/byUser_70k_review/output/5foldsCVColdstart/4/LDA_Variational_topWords_30.txt
Topic 0(0.03394):	town(0.04135)	touch(0.03705)	strang(0.03642)	imagin(0.03208)	willi(0.02375)	charli(0.01776)	author(0.01758)	spirit(0.01747)	weird(0.01596)	deep(0.01591)	creativ(0.01541)	memor(0.01467)	ruin(0.01424)	river(0.01197)	childhood(0.01146)	visit(0.01134)	quiet(0.00950)	sceneri(0.00916)	full(0.00911)	chocol(0.00876)	hurt(0.00812)	third(0.00771)	maria(0.00724)	bone(0.00715)	shakespear(0.00704)	drew(0.00635)	elev(0.00631)	block(0.00622)	quirki(0.00621)	tast(0.00614)	
Topic 1(0.03416):	edit(0.06074)	anim(0.06016)	favorit(0.04340)	voic(0.03520)	collect(0.02825)	mari(0.02312)	today(0.01707)	studio(0.01443)	soundtrack(0.01393)	list(0.01357)	white(0.01333)	product(0.01250)	mike(0.01241)	hitchcock(0.01178)	talk(0.01055)	bought(0.01045)	princ(0.00993)	juli(0.00952)	pixar(0.00952)	restor(0.00943)	princess(0.00936)	doubl(0.00856)	snow(0.00766)	beast(0.00728)	full(0.00695)	walt(0.00651)	diaz(0.00624)	bell(0.00621)	anniversari(0.00615)	belov(0.00602)	
Topic 2(0.04130):	half(0.03881)	game(0.03796)	david(0.02690)	fair(0.02565)	basic(0.02375)	train(0.02192)	concept(0.01902)	averag(0.01732)	jump(0.01573)	trap(0.01480)	wors(0.01356)	rocki(0.01315)	sort(0.01265)	player(0.01159)	tough(0.01090)	hole(0.01044)	flick(0.01008)	total(0.00992)	type(0.00975)	mess(0.00966)	felt(0.00958)	situat(0.00919)	donni(0.00749)	cave(0.00745)	formula(0.00744)	premis(0.00711)	genr(0.00707)	cheesi(0.00657)	wast(0.00657)	beat(0.00652)	
Topic 3(0.03106):	black(0.05990)	polit(0.03599)	white(0.02925)	georg(0.02745)	drug(0.02657)	presid(0.02206)	washington(0.01840)	news(0.01533)	unit(0.01467)	countri(0.01407)	food(0.01281)	govern(0.01088)	drink(0.01062)	control(0.01057)	industri(0.01000)	televis(0.00976)	today(0.00884)	addict(0.00809)	bush(0.00781)	corrupt(0.00747)	fast(0.00731)	public(0.00727)	hawk(0.00693)	alcohol(0.00690)	pitch(0.00684)	denni(0.00589)	correct(0.00561)	spin(0.00529)	major(0.00509)	sell(0.00479)	
Topic 4(0.03064):	robert(0.04955)	camera(0.03989)	shot(0.02980)	intellig(0.02918)	termin(0.02171)	matt(0.02153)	edward(0.02129)	damon(0.01880)	futur(0.01737)	bourn(0.01724)	ident(0.01594)	develop(0.01152)	trust(0.01064)	luck(0.01041)	angl(0.00977)	intrigu(0.00785)	sequenc(0.00773)	major(0.00769)	oper(0.00667)	rick(0.00623)	victor(0.00606)	hollywood(0.00604)	cameron(0.00566)	support(0.00560)	connor(0.00550)	twelv(0.00523)	schwarzenegg(0.00520)	break(0.00517)	rise(0.00501)	soderbergh(0.00491)	
Topic 5(0.02843):	hero(0.06112)	peter(0.05175)	spiderman(0.03616)	iron(0.03324)	amaz(0.03281)	superhero(0.02635)	toni(0.02486)	villain(0.02233)	dragon(0.01914)	suit(0.01784)	drag(0.01542)	jane(0.01419)	milk(0.01306)	raimi(0.01218)	penn(0.01152)	aveng(0.01083)	downey(0.00897)	uncl(0.00829)	sean(0.00620)	mari(0.00611)	felt(0.00601)	spider(0.00595)	thor(0.00591)	mystic(0.00566)	tobey(0.00565)	abil(0.00539)	mickey(0.00534)	goblin(0.00533)	dunst(0.00444)	tattoo(0.00439)	
Topic 6(0.02750):	citi(0.06822)	bruce(0.04118)	york(0.02777)	christian(0.02432)	bale(0.02166)	michael(0.01777)	knight(0.01682)	wayn(0.01548)	kong(0.01489)	forev(0.01393)	christoph(0.01291)	morgan(0.01262)	alfr(0.01068)	paint(0.01067)	gari(0.01063)	carrey(0.00983)	miller(0.00982)	rachel(0.00973)	evan(0.00907)	neeson(0.00886)	cain(0.00864)	weight(0.00844)	gotham(0.00772)	holm(0.00769)	fear(0.00768)	liam(0.00702)	chao(0.00671)	kati(0.00658)	build(0.00643)	villain(0.00633)	
Topic 7(0.03367):	earth(0.03994)	crew(0.02976)	ship(0.02694)	planet(0.02658)	mission(0.02371)	transform(0.02369)	captain(0.02359)	destroy(0.01999)	robot(0.01977)	fiction(0.01893)	pirat(0.01491)	technolog(0.01399)	plane(0.01343)	giant(0.01326)	wall(0.01286)	rescu(0.01100)	flight(0.00988)	control(0.00979)	moon(0.00962)	militari(0.00914)	contact(0.00906)	save(0.00888)	titan(0.00879)	comput(0.00863)	board(0.00857)	cameron(0.00850)	land(0.00842)	unit(0.00701)	pilot(0.00681)	avatar(0.00612)	
Topic 8(0.03926):	brilliant(0.05375)	twist(0.04659)	suspens(0.04328)	thriller(0.04255)	dream(0.03794)	killer(0.03285)	polic(0.02460)	insid(0.01757)	tension(0.01449)	island(0.01192)	intens(0.01153)	seat(0.01144)	victim(0.01117)	drama(0.01081)	silenc(0.01075)	drive(0.01030)	driver(0.00965)	deliv(0.00961)	intrigu(0.00960)	scorses(0.00935)	foxx(0.00932)	mann(0.00864)	jodi(0.00862)	tens(0.00763)	insan(0.00744)	partner(0.00729)	grip(0.00728)	cell(0.00716)	lamb(0.00694)	niro(0.00680)	
Topic 9(0.03420):	team(0.03562)	trek(0.02513)	develop(0.01876)	predat(0.01668)	weak(0.01633)	futur(0.01577)	hunt(0.01535)	spoiler(0.01495)	motion(0.01453)	save(0.01273)	season(0.01212)	energi(0.01082)	televis(0.01000)	devic(0.00948)	manag(0.00936)	lack(0.00919)	sequenc(0.00874)	kirk(0.00838)	popcorn(0.00838)	combin(0.00813)	scientist(0.00778)	rest(0.00719)	sort(0.00670)	creator(0.00640)	produc(0.00621)	blast(0.00603)	pick(0.00599)	khan(0.00591)	major(0.00571)	blend(0.00562)	
Topic 10(0.02733):	soldier(0.03681)	depp(0.03256)	johnni(0.02888)	public(0.01841)	japanes(0.01828)	rais(0.01817)	privat(0.01569)	rang(0.01564)	judg(0.01534)	carter(0.01534)	fine(0.01334)	captur(0.01281)	ryan(0.01118)	costner(0.01036)	todd(0.01029)	vietnam(0.01019)	militari(0.00914)	combat(0.00890)	authent(0.00835)	full(0.00814)	duti(0.00755)	battl(0.00714)	conflict(0.00688)	sweeney(0.00682)	serv(0.00669)	save(0.00659)	beach(0.00644)	colonel(0.00597)	common(0.00590)	troop(0.00576)	
Topic 11(0.04019):	case(0.03089)	father(0.02319)	deal(0.02279)	truth(0.02171)	issu(0.02170)	moral(0.01737)	societi(0.01519)	natur(0.01384)	concern(0.01121)	moor(0.00992)	physic(0.00984)	seek(0.00970)	pain(0.00959)	difficult(0.00954)	aspect(0.00948)	rose(0.00939)	system(0.00918)	behavior(0.00891)	evid(0.00845)	desir(0.00836)	phone(0.00801)	reflect(0.00754)	speech(0.00712)	fear(0.00709)	belief(0.00698)	decis(0.00657)	suffer(0.00656)	struggl(0.00631)	convey(0.00620)	nick(0.00595)	
Topic 12(0.02965):	frank(0.04425)	paul(0.03053)	hank(0.02203)	busi(0.01961)	daniel(0.01891)	cage(0.01686)	clue(0.01638)	danni(0.01616)	treasur(0.01514)	west(0.01361)	hotel(0.01348)	independ(0.01242)	blood(0.01112)	thoma(0.01010)	manag(0.00939)	code(0.00937)	gate(0.00909)	father(0.00885)	dicaprio(0.00854)	dollar(0.00789)	plainview(0.00765)	steven(0.00749)	oscar(0.00702)	money(0.00698)	marti(0.00670)	ruthless(0.00652)	lewi(0.00623)	histori(0.00612)	brown(0.00605)	pink(0.00593)	
Topic 13(0.03029):	side(0.05963)	wait(0.04556)	attack(0.04219)	episod(0.02905)	reveng(0.02570)	walk(0.02546)	strike(0.01932)	luca(0.01549)	menac(0.01348)	terrorist(0.01341)	theatr(0.01283)	cash(0.01223)	knew(0.01104)	unbeliev(0.01075)	hate(0.01074)	thirti(0.00857)	luke(0.00845)	jedi(0.00814)	georg(0.00730)	garner(0.00717)	deliv(0.00709)	saga(0.00694)	battl(0.00656)	mist(0.00635)	redempt(0.00622)	darth(0.00600)	june(0.00599)	negat(0.00580)	began(0.00535)	continu(0.00513)	
Topic 14(0.02589):	bond(0.06350)	jame(0.06340)	secret(0.04905)	doctor(0.01994)	russian(0.01788)	sean(0.01648)	roger(0.01348)	rank(0.01307)	barri(0.01109)	conneri(0.01096)	kate(0.01029)	joel(0.01015)	plan(0.00973)	gold(0.00916)	hunt(0.00856)	sunshin(0.00849)	ryan(0.00815)	winslet(0.00807)	forest(0.00802)	soviet(0.00772)	nuclear(0.00695)	titl(0.00657)	carrey(0.00641)	pierc(0.00593)	amin(0.00578)	eras(0.00577)	decid(0.00568)	royal(0.00566)	villain(0.00540)	conspiraci(0.00530)	
Topic 15(0.02747):	monster(0.05169)	creatur(0.03583)	blade(0.02454)	matrix(0.02415)	dracula(0.01955)	trick(0.01462)	godfath(0.01230)	hels(0.01185)	opera(0.01098)	anna(0.01078)	sequenc(0.01040)	phantom(0.00961)	jackman(0.00959)	luci(0.00924)	bride(0.00910)	weav(0.00897)	mummi(0.00854)	revolut(0.00756)	frankenstein(0.00721)	werewolv(0.00715)	hugo(0.00710)	werewolf(0.00694)	coppola(0.00674)	london(0.00655)	flaw(0.00594)	magician(0.00593)	frost(0.00579)	hugh(0.00556)	reev(0.00538)	kate(0.00532)	
Topic 16(0.04130):	hous(0.05326)	michael(0.04350)	remak(0.03769)	evil(0.03265)	gore(0.02469)	blood(0.02403)	halloween(0.02095)	flick(0.01751)	ghost(0.01631)	room(0.01518)	hell(0.01493)	teen(0.01190)	atmospher(0.01189)	myer(0.01089)	door(0.01075)	hill(0.01059)	terror(0.01054)	texa(0.00956)	genr(0.00919)	mask(0.00859)	chainsaw(0.00841)	night(0.00799)	massacr(0.00750)	victim(0.00728)	teenag(0.00728)	gori(0.00722)	13th(0.00709)	road(0.00696)	bodi(0.00687)	lauri(0.00674)	
Topic 17(0.02694):	return(0.06763)	william(0.04308)	jone(0.03715)	kevin(0.02657)	richard(0.02370)	xmen(0.02102)	ford(0.01782)	robin(0.01739)	indiana(0.01571)	doom(0.01265)	spacey(0.01192)	singer(0.01189)	lane(0.01173)	reev(0.01129)	indi(0.01077)	sequenc(0.01051)	harrison(0.01012)	kane(0.00923)	tommi(0.00827)	bryan(0.00814)	christoph(0.00814)	raider(0.00785)	hood(0.00747)	walter(0.00674)	gene(0.00636)	father(0.00623)	crystal(0.00618)	save(0.00597)	brandon(0.00577)	villain(0.00555)	
Topic 18(0.03554):	night(0.05718)	violenc(0.05116)	rate(0.02660)	violent(0.02494)	brutal(0.02334)	villag(0.02226)	graphic(0.02131)	sign(0.01596)	alex(0.01419)	shyamalan(0.01156)	fear(0.01049)	kubrick(0.01038)	promis(0.01034)	gibson(0.00915)	gang(0.00904)	street(0.00859)	virus(0.00823)	survivor(0.00707)	premis(0.00696)	natur(0.00673)	cure(0.00659)	blind(0.00643)	rape(0.00642)	commit(0.00592)	vicious(0.00575)	nuditi(0.00573)	isol(0.00562)	district(0.00531)	mark(0.00490)	monkey(0.00474)	
Topic 19(0.03091):	king(0.05648)	battl(0.05106)	histori(0.04204)	epic(0.02999)	tale(0.02338)	histor(0.02244)	crow(0.01732)	alexand(0.01706)	armi(0.01681)	mile(0.01632)	russel(0.01410)	hors(0.00993)	ancient(0.00919)	farrel(0.00885)	inspir(0.00870)	braddock(0.00768)	gladiat(0.00697)	glori(0.00695)	roman(0.00671)	boyl(0.00666)	troy(0.00665)	hollywood(0.00615)	wine(0.00615)	millionair(0.00583)	nativ(0.00571)	heaven(0.00551)	myth(0.00551)	giamatti(0.00539)	told(0.00516)	support(0.00500)	
Topic 20(0.03987):	lost(0.04533)	understand(0.04030)	bore(0.03829)	bill(0.02704)	husband(0.02240)	confus(0.02088)	theme(0.01770)	cultur(0.01657)	connect(0.01380)	match(0.01293)	translat(0.01093)	lone(0.00921)	club(0.00832)	appreci(0.00798)	dull(0.00788)	dumb(0.00753)	scarlett(0.00683)	simpli(0.00682)	marri(0.00663)	compel(0.00651)	gorgeous(0.00645)	frustrat(0.00616)	jess(0.00600)	rich(0.00580)	devot(0.00570)	drama(0.00567)	photograph(0.00550)	friendship(0.00532)	prais(0.00519)	watt(0.00518)	
Topic 21(0.03111):	express(0.01905)	soul(0.01865)	wear(0.01746)	andi(0.01732)	innoc(0.01642)	blue(0.01550)	convinc(0.01466)	demon(0.01454)	golden(0.01374)	possess(0.01330)	assist(0.01279)	bear(0.01192)	horribl(0.01074)	credibl(0.01019)	streep(0.01001)	mother(0.00967)	devil(0.00910)	ugli(0.00904)	hold(0.00858)	priest(0.00808)	manag(0.00733)	lack(0.00731)	shaw(0.00710)	bodi(0.00709)	attent(0.00672)	broken(0.00671)	meryl(0.00655)	indic(0.00648)	joli(0.00640)	parallel(0.00609)	
Topic 22(0.03797):	dead(0.07615)	brother(0.04462)	money(0.03751)	cool(0.02866)	budget(0.01899)	wild(0.01699)	throw(0.01545)	pitt(0.01501)	brad(0.01395)	flick(0.01276)	jeff(0.01238)	bridg(0.01203)	dawn(0.01058)	romero(0.01036)	suck(0.00997)	yeah(0.00979)	brook(0.00904)	wast(0.00900)	hate(0.00841)	talk(0.00839)	coen(0.00835)	load(0.00830)	lame(0.00760)	damn(0.00751)	pulp(0.00749)	gonna(0.00743)	burn(0.00741)	dude(0.00724)	decid(0.00692)	hype(0.00669)	
Topic 23(0.03207):	quot(0.05596)	jack(0.05594)	daughter(0.05568)	mother(0.04030)	babi(0.02622)	trip(0.01880)	marri(0.01724)	nicholson(0.01673)	adam(0.01638)	quotth(0.01398)	pari(0.01313)	affleck(0.01222)	father(0.01191)	keaton(0.01150)	neighbor(0.01137)	sister(0.01002)	retir(0.00982)	davi(0.00903)	fine(0.00817)	career(0.00770)	decid(0.00747)	sandler(0.00741)	plan(0.00733)	anni(0.00731)	rosemari(0.00688)	hollywood(0.00667)	oscar(0.00657)	romant(0.00646)	warren(0.00637)	greg(0.00619)	
Topic 24(0.03630):	commentari(0.04498)	qualiti(0.04346)	video(0.03502)	disc(0.03178)	documentari(0.02847)	audio(0.02795)	track(0.02683)	product(0.02331)	interview(0.02318)	theatric(0.02149)	digit(0.02109)	delet(0.01962)	featurett(0.01907)	transfer(0.01841)	standard(0.01560)	footag(0.01532)	edit(0.01522)	materi(0.01428)	copi(0.01289)	bonus(0.01226)	altern(0.01217)	subtitl(0.01157)	produc(0.01143)	talk(0.01064)	hulk(0.01004)	spanish(0.01002)	shot(0.00996)	purchas(0.00942)	rate(0.00850)	format(0.00835)	
Topic 25(0.02818):	magic(0.03154)	fire(0.03101)	order(0.02892)	grow(0.02836)	prison(0.02310)	potter(0.02032)	student(0.01907)	colleg(0.01523)	older(0.01414)	maggi(0.01405)	bare(0.01135)	professor(0.01124)	matur(0.01005)	teach(0.00997)	teacher(0.00985)	explain(0.00942)	fate(0.00793)	darker(0.00779)	task(0.00741)	rush(0.00691)	fienn(0.00687)	emma(0.00684)	watson(0.00663)	continu(0.00620)	pick(0.00568)	danger(0.00568)	ralph(0.00565)	introduc(0.00555)	nevill(0.00552)	longer(0.00539)	
Topic 26(0.04020):	visual(0.05410)	pace(0.03412)	slow(0.02714)	ring(0.02527)	impress(0.02415)	race(0.02296)	middl(0.02281)	filmmak(0.02043)	simpli(0.02006)	stun(0.01950)	consid(0.01926)	lord(0.01844)	amaz(0.01804)	wood(0.01612)	doubt(0.01226)	outstand(0.01113)	frame(0.01084)	hugh(0.01040)	huge(0.01018)	fast(0.00974)	length(0.00918)	unexpect(0.00914)	spectacular(0.00872)	depth(0.00867)	felt(0.00845)	opinion(0.00810)	wise(0.00760)	maker(0.00726)	avoid(0.00682)	genr(0.00661)	
Topic 27(0.03260):	general(0.03804)	water(0.02604)	ladi(0.01421)	natur(0.01406)	tear(0.01299)	hitler(0.01284)	order(0.01076)	fail(0.01073)	hidden(0.01067)	ignor(0.01052)	save(0.01001)	ground(0.00932)	warm(0.00931)	risk(0.00922)	penguin(0.00920)	fish(0.00906)	nazi(0.00802)	vast(0.00796)	bomb(0.00762)	protect(0.00711)	femal(0.00699)	mass(0.00694)	bird(0.00694)	danger(0.00692)	brave(0.00639)	condit(0.00617)	posit(0.00605)	countri(0.00594)	overwhelm(0.00588)	chines(0.00585)	
Topic 28(0.03447):	song(0.03718)	talent(0.03210)	oscar(0.03166)	number(0.03106)	award(0.02368)	danc(0.02236)	rock(0.02132)	romanc(0.01964)	sing(0.01939)	rent(0.01905)	cold(0.01720)	academi(0.01621)	kidman(0.01554)	hoffman(0.01490)	bank(0.01377)	mountain(0.01361)	romant(0.01360)	billi(0.01314)	band(0.01261)	nicol(0.01081)	support(0.00837)	career(0.00827)	celebr(0.00798)	famous(0.00789)	roll(0.00723)	truman(0.00669)	earli(0.00667)	chicago(0.00648)	jude(0.00640)	hear(0.00608)	
Topic 29(0.03757):	comedi(0.07596)	humor(0.05684)	laugh(0.05229)	hilari(0.02933)	serious(0.02729)	joke(0.02455)	stupid(0.02288)	queen(0.01632)	loud(0.01370)	park(0.01317)	amus(0.01230)	tale(0.01170)	stiller(0.01153)	ferrel(0.01138)	owen(0.01074)	male(0.00971)	blair(0.00956)	witch(0.00829)	parti(0.00795)	knock(0.00760)	witti(0.00749)	toro(0.00719)	clever(0.00719)	project(0.00709)	outrag(0.00677)	model(0.00640)	type(0.00589)	larri(0.00588)	royal(0.00554)	ofelia(0.00531)	

Part 0 -----------------Valid folds: 5
[Stat]Loglikelihood -378.663+/-14.997
[Stat]Perplexity 1631.852+/-58.243
