Load 7680 1-gram new features from /zf18/ll5fy/lab/dataset/amazon_movie/amazon_movie_features.txt...
841 users are loaded from /zf18/ll5fy/lab/dataset/amazon_movie/byUser_70k_review/data/...
Info File Path: /zf18/ll5fy/lab/dataset/amazon_movie/byUser_70k_review/output/5foldsCVColdstart/LDA_Item_info.txt
[Info]Start FIXED cross validation...
235 users are loaded from /zf18/ll5fy/lab/dataset/amazon_movie/byUser_70k_review/5foldsCVColdstart/0/...
237 users are loaded from /zf18/ll5fy/lab/dataset/amazon_movie/byUser_70k_review/5foldsCVColdstart/1/...
248 users are loaded from /zf18/ll5fy/lab/dataset/amazon_movie/byUser_70k_review/5foldsCVColdstart/2/...
251 users are loaded from /zf18/ll5fy/lab/dataset/amazon_movie/byUser_70k_review/5foldsCVColdstart/3/...
240 users are loaded from /zf18/ll5fy/lab/dataset/amazon_movie/byUser_70k_review/5foldsCVColdstart/4/...
====================
[Info]Fold No. 0: 
[Info]Analzying corpus: 
...........-- Global corpus: vocabulary size: 7680, review size: 26309, item size: 838, user size: 835
train size = 20962, test size = 5347....
[Info]Analying bipartie graph: 
-- train graph: review size: 20962, item size: 753, user size: 744
[Info]EM Starting multithread LDA_Focus[k:5, alpha:1.01, beta:1.00, Variational]...
==============
[Info]Likelihood -8119670.44528 at step 0 converge to 1.0000000000...
==============
[Info]Likelihood -8118817.14182 at step 1 converge to 0.0001050909...
==============
[Info]Likelihood -8116586.52793 at step 2 converge to 0.0002747462...
==============
[Info]Likelihood -8106437.52162 at step 3 converge to 0.0012504033...
==============
[Info]Likelihood -8075437.64919 at step 4 converge to 0.0038241055...
==============
[Info]Likelihood -8019680.57343 at step 5 converge to 0.0069045268...
==============
[Info]Likelihood -7966595.39082 at step 6 converge to 0.0066193637...
==============
[Info]Likelihood -7930968.31770 at step 7 converge to 0.0044720576...
==============
[Info]Likelihood -7907261.06366 at step 8 converge to 0.0029892004...
==============
[Info]Likelihood -7890461.57857 at step 9 converge to 0.0021245644...
==============
[Info]Likelihood -7877810.35476 at step 10 converge to 0.0016033566...
==============
[Info]Likelihood -7867879.94069 at step 11 converge to 0.0012605551...
==============
[Info]Likelihood -7859967.09780 at step 12 converge to 0.0010057147...
==============
[Info]Likelihood -7853440.74631 at step 13 converge to 0.0008303281...
==============
[Info]Likelihood -7847936.04213 at step 14 converge to 0.0007009290...
==============
[Info]Likelihood -7843214.69038 at step 15 converge to 0.0006016043...
==============
[Info]Likelihood -7839088.76573 at step 16 converge to 0.0005260502...
==============
[Info]Likelihood -7835416.49269 at step 17 converge to 0.0004684566...
==============
[Info]Likelihood -7832112.74514 at step 18 converge to 0.0004216429...
==============
[Info]Likelihood -7829113.82552 at step 19 converge to 0.0003829005...
==============
[Info]Likelihood -7826381.35484 at step 20 converge to 0.0003490140...
==============
[Info]Likelihood -7823872.60511 at step 21 converge to 0.0003205504...
==============
[Info]Likelihood -7821551.37878 at step 22 converge to 0.0002966851...
==============
[Info]Likelihood -7819414.55775 at step 23 converge to 0.0002731966...
==============
[Info]Likelihood -7817446.20759 at step 24 converge to 0.0002517260...
==============
[Info]Likelihood -7815605.37366 at step 25 converge to 0.0002354777...
==============
[Info]Likelihood -7813862.50055 at step 26 converge to 0.0002229991...
==============
[Info]Likelihood -7812228.85111 at step 27 converge to 0.0002090707...
==============
[Info]Likelihood -7810702.72179 at step 28 converge to 0.0001953513...
==============
[Info]Likelihood -7809277.50835 at step 29 converge to 0.0001824693...
==============
[Info]Likelihood -7807957.94497 at step 30 converge to 0.0001689738...
==============
[Info]Likelihood -7806730.76355 at step 31 converge to 0.0001571706...
==============
[Info]Likelihood -7805566.75390 at step 32 converge to 0.0001491033...
==============
[Info]Likelihood -7804457.76984 at step 33 converge to 0.0001420760...
==============
[Info]Likelihood -7803415.92641 at step 34 converge to 0.0001334934...
==============
[Info]Likelihood -7802450.29984 at step 35 converge to 0.0001237441...
==============
[Info]Likelihood -7801551.32398 at step 36 converge to 0.0001152171...
==============
[Info]Likelihood -7800701.64056 at step 37 converge to 0.0001089121...
==============
[Info]Likelihood -7799885.57042 at step 38 converge to 0.0001046150...
==============
[Info]Likelihood -7799088.34790 at step 39 converge to 0.0001022095...
==============
[Info]Likelihood -7798304.90610 at step 40 converge to 0.0001004530...
==============
[Info]Likelihood -7797532.16390 at step 41 converge to 0.0000990910...
==============
[Info]Likelihood -7796771.98077 at step 42 converge to 0.0000974902...
==============
[Info]Likelihood -7796035.34023 at step 43 converge to 0.0000944802...
==============
[Info]Likelihood -7795333.98617 at step 44 converge to 0.0000899629...
==============
[Info]Likelihood -7794667.53900 at step 45 converge to 0.0000854931...
==============
[Info]Likelihood -7794012.18144 at step 46 converge to 0.0000840777...
==============
[Info]Likelihood -7793351.51386 at step 47 converge to 0.0000847660...
==============
[Info]Likelihood -7792710.61411 at step 48 converge to 0.0000822367...
==============
[Info]Likelihood -7792120.20107 at step 49 converge to 0.0000757648...
[Info]Likelihood -7792120.201 after step 50 converge to 0.000076 after 128 seconds...
[Info]Analying bipartie graph: 
-- test graph: review size: 5347, item size: 258, user size: 235
[Info]Start evaluation in thread
[Stat]Test evaluation finished: 5347 docs
[Stat]0 part has 703.000000 docs: perplexity is 2373.801 and log-likelihood is -397.811
[Stat]1 part has 1467.000000 docs: perplexity is 2266.365 and log-likelihood is -423.020
[Stat]2 part has 1059.000000 docs: perplexity is 2203.687 and log-likelihood is -385.221
[Stat]3 part has 2118.000000 docs: perplexity is 2069.177 and log-likelihood is -414.776
[Stat]4 part has 5347.000000 docs: perplexity is 2185.793 and log-likelihood is -408.954
[Info]multithread LDA_Focus[k:5, alpha:1.01, beta:1.00, Variational] Train/Test finished in 130.83 seconds...
TopWord FilePath:/zf18/ll5fy/lab/dataset/amazon_movie/byUser_70k_review/output/5foldsCVColdstart/0/LDA_Item_topWords_5.txt
Topic 0(0.19014):	earth(0.00816)	anim(0.00766)	visual(0.00642)	planet(0.00588)	crew(0.00580)	ship(0.00570)	save(0.00564)	futur(0.00561)	race(0.00549)	fiction(0.00470)	robot(0.00449)	sequenc(0.00438)	mission(0.00431)	team(0.00411)	destroy(0.00399)	monster(0.00394)	trek(0.00387)	attack(0.00374)	creatur(0.00340)	xmen(0.00339)	technolog(0.00335)	battl(0.00322)	develop(0.00313)	militari(0.00310)	island(0.00309)	comput(0.00307)	scientist(0.00290)	lost(0.00287)	hero(0.00287)	captain(0.00282)	
Topic 1(0.23305):	hous(0.01032)	dead(0.01018)	night(0.00880)	michael(0.00783)	remak(0.00749)	town(0.00617)	evil(0.00599)	suspens(0.00594)	flick(0.00558)	killer(0.00546)	twist(0.00531)	thriller(0.00509)	blood(0.00486)	gore(0.00452)	game(0.00423)	bore(0.00416)	halloween(0.00416)	genr(0.00395)	room(0.00395)	daughter(0.00361)	camera(0.00360)	walk(0.00359)	strang(0.00357)	potter(0.00356)	atmospher(0.00342)	ghost(0.00340)	black(0.00338)	shot(0.00335)	half(0.00328)	talk(0.00316)	
Topic 2(0.21064):	bond(0.01059)	countri(0.00556)	polit(0.00546)	father(0.00531)	jame(0.00413)	histori(0.00411)	oscar(0.00397)	understand(0.00377)	side(0.00376)	moor(0.00331)	battl(0.00328)	drug(0.00315)	hank(0.00309)	support(0.00306)	drama(0.00303)	black(0.00299)	mother(0.00292)	kidman(0.00289)	husband(0.00284)	deal(0.00283)	natur(0.00283)	georg(0.00282)	sean(0.00282)	situat(0.00281)	white(0.00266)	truth(0.00264)	issu(0.00260)	cold(0.00256)	case(0.00251)	unit(0.00251)	
Topic 3(0.17195):	hero(0.00744)	bruce(0.00659)	king(0.00651)	jone(0.00634)	citi(0.00587)	return(0.00583)	depp(0.00547)	brilliant(0.00538)	villain(0.00529)	johnni(0.00474)	superhero(0.00468)	michael(0.00459)	matrix(0.00457)	oscar(0.00445)	willi(0.00444)	sequenc(0.00418)	amaz(0.00415)	frank(0.00412)	battl(0.00408)	christoph(0.00397)	iron(0.00369)	histori(0.00364)	christian(0.00360)	knight(0.00356)	support(0.00347)	train(0.00341)	violenc(0.00337)	robert(0.00336)	epic(0.00322)	pirat(0.00311)	
Topic 4(0.19422):	comedi(0.01358)	edit(0.01061)	laugh(0.00890)	commentari(0.00865)	quot(0.00730)	humor(0.00707)	audio(0.00686)	peter(0.00667)	song(0.00635)	disc(0.00610)	qualiti(0.00606)	video(0.00590)	hilari(0.00560)	digit(0.00530)	jack(0.00500)	spiderman(0.00472)	theatric(0.00422)	product(0.00419)	documentari(0.00403)	delet(0.00398)	featurett(0.00395)	romant(0.00389)	interview(0.00387)	rate(0.00376)	joke(0.00366)	robert(0.00361)	mari(0.00361)	transfer(0.00355)	favorit(0.00347)	talent(0.00341)	
237 users are loaded from /zf18/ll5fy/lab/dataset/amazon_movie/byUser_70k_review/5foldsCVColdstart/1/...
235 users are loaded from /zf18/ll5fy/lab/dataset/amazon_movie/byUser_70k_review/5foldsCVColdstart/0/...
248 users are loaded from /zf18/ll5fy/lab/dataset/amazon_movie/byUser_70k_review/5foldsCVColdstart/2/...
251 users are loaded from /zf18/ll5fy/lab/dataset/amazon_movie/byUser_70k_review/5foldsCVColdstart/3/...
240 users are loaded from /zf18/ll5fy/lab/dataset/amazon_movie/byUser_70k_review/5foldsCVColdstart/4/...
====================
[Info]Fold No. 1: 
[Info]Analzying corpus: 
...........-- Global corpus: vocabulary size: 7680, review size: 26309, item size: 838, user size: 835
train size = 21478, test size = 4831....
[Info]Analying bipartie graph: 
-- train graph: review size: 21478, item size: 750, user size: 743
[Info]EM Starting multithread LDA_Focus[k:5, alpha:1.01, beta:1.00, Variational]...
==============
[Info]Likelihood -8500541.27608 at step 0 converge to 1.0000000000...
==============
[Info]Likelihood -8499626.33110 at step 1 converge to 0.0001076337...
==============
[Info]Likelihood -8496681.47702 at step 2 converge to 0.0003464687...
==============
[Info]Likelihood -8482630.25313 at step 3 converge to 0.0016537308...
==============
[Info]Likelihood -8443433.56708 at step 4 converge to 0.0046208175...
==============
[Info]Likelihood -8384838.29966 at step 5 converge to 0.0069397440...
==============
[Info]Likelihood -8334121.21048 at step 6 converge to 0.0060486663...
==============
[Info]Likelihood -8298491.73270 at step 7 converge to 0.0042751331...
==============
[Info]Likelihood -8273647.01023 at step 8 converge to 0.0029938841...
==============
[Info]Likelihood -8255649.56299 at step 9 converge to 0.0021752738...
==============
[Info]Likelihood -8241956.21302 at step 10 converge to 0.0016586642...
==============
[Info]Likelihood -8231149.83342 at step 11 converge to 0.0013111426...
==============
[Info]Likelihood -8222335.92532 at step 12 converge to 0.0010707991...
==============
[Info]Likelihood -8214923.86547 at step 13 converge to 0.0009014543...
==============
[Info]Likelihood -8208629.04133 at step 14 converge to 0.0007662669...
==============
[Info]Likelihood -8203235.02575 at step 15 converge to 0.0006571153...
==============
[Info]Likelihood -8198507.67207 at step 16 converge to 0.0005762792...
==============
[Info]Likelihood -8194311.90876 at step 17 converge to 0.0005117716...
==============
[Info]Likelihood -8190570.40279 at step 18 converge to 0.0004565979...
==============
[Info]Likelihood -8187207.69628 at step 19 converge to 0.0004105583...
==============
[Info]Likelihood -8184155.13335 at step 20 converge to 0.0003728454...
==============
[Info]Likelihood -8181343.50647 at step 21 converge to 0.0003435452...
==============
[Info]Likelihood -8178733.52379 at step 22 converge to 0.0003190164...
==============
[Info]Likelihood -8176316.57005 at step 23 converge to 0.0002955169...
==============
[Info]Likelihood -8174056.81974 at step 24 converge to 0.0002763775...
==============
[Info]Likelihood -8171919.99166 at step 25 converge to 0.0002614159...
==============
[Info]Likelihood -8169969.60771 at step 26 converge to 0.0002386690...
==============
[Info]Likelihood -8168213.69837 at step 27 converge to 0.0002149224...
==============
[Info]Likelihood -8166606.82868 at step 28 converge to 0.0001967223...
==============
[Info]Likelihood -8165124.06618 at step 29 converge to 0.0001815641...
==============
[Info]Likelihood -8163747.08894 at step 30 converge to 0.0001686413...
==============
[Info]Likelihood -8162465.48282 at step 31 converge to 0.0001569875...
==============
[Info]Likelihood -8161276.75540 at step 32 converge to 0.0001456334...
==============
[Info]Likelihood -8160164.33006 at step 33 converge to 0.0001363053...
==============
[Info]Likelihood -8159139.06590 at step 34 converge to 0.0001256426...
==============
[Info]Likelihood -8158208.01365 at step 35 converge to 0.0001141116...
==============
[Info]Likelihood -8157352.00751 at step 36 converge to 0.0001049258...
==============
[Info]Likelihood -8156544.67424 at step 37 converge to 0.0000989700...
==============
[Info]Likelihood -8155737.81831 at step 38 converge to 0.0000989213...
==============
[Info]Likelihood -8154879.22724 at step 39 converge to 0.0001052745...
==============
[Info]Likelihood -8154000.39459 at step 40 converge to 0.0001077677...
==============
[Info]Likelihood -8153154.32457 at step 41 converge to 0.0001037613...
==============
[Info]Likelihood -8152317.31329 at step 42 converge to 0.0001026610...
==============
[Info]Likelihood -8151502.46577 at step 43 converge to 0.0000999529...
==============
[Info]Likelihood -8150757.08704 at step 44 converge to 0.0000914407...
==============
[Info]Likelihood -8150087.08699 at step 45 converge to 0.0000822010...
==============
[Info]Likelihood -8149468.64344 at step 46 converge to 0.0000758818...
==============
[Info]Likelihood -8148868.41042 at step 47 converge to 0.0000736530...
==============
[Info]Likelihood -8148277.63119 at step 48 converge to 0.0000724983...
==============
[Info]Likelihood -8147719.09615 at step 49 converge to 0.0000685464...
[Info]Likelihood -8147719.096 after step 50 converge to 0.000069 after 121 seconds...
[Info]Analying bipartie graph: 
-- test graph: review size: 4831, item size: 245, user size: 237
[Info]Start evaluation in thread
[Stat]Test evaluation finished: 4831 docs
[Stat]0 part has 752.000000 docs: perplexity is 2295.506 and log-likelihood is -380.164
[Stat]1 part has 1116.000000 docs: perplexity is 2167.683 and log-likelihood is -385.970
[Stat]2 part has 1144.000000 docs: perplexity is 2338.684 and log-likelihood is -361.211
[Stat]3 part has 1819.000000 docs: perplexity is 2176.706 and log-likelihood is -378.642
[Stat]4 part has 4831.000000 docs: perplexity is 2228.558 and log-likelihood is -376.444
[Info]multithread LDA_Focus[k:5, alpha:1.01, beta:1.00, Variational] Train/Test finished in 122.59 seconds...
TopWord FilePath:/zf18/ll5fy/lab/dataset/amazon_movie/byUser_70k_review/output/5foldsCVColdstart/1/LDA_Item_topWords_5.txt
Topic 0(0.21176):	battl(0.00928)	king(0.00663)	histori(0.00661)	hero(0.00589)	save(0.00501)	polit(0.00448)	side(0.00421)	peter(0.00407)	episod(0.00383)	general(0.00381)	govern(0.00380)	soldier(0.00379)	spiderman(0.00379)	attack(0.00365)	epic(0.00360)	countri(0.00344)	natur(0.00343)	order(0.00327)	georg(0.00326)	understand(0.00324)	simpli(0.00321)	presid(0.00320)	histor(0.00316)	father(0.00315)	moor(0.00314)	violenc(0.00312)	superhero(0.00292)	armi(0.00290)	societi(0.00289)	citi(0.00288)	
Topic 1(0.23596):	hous(0.00991)	dead(0.00935)	michael(0.00821)	night(0.00735)	remak(0.00715)	evil(0.00603)	flick(0.00571)	suspens(0.00566)	killer(0.00566)	blood(0.00526)	twist(0.00520)	monster(0.00503)	town(0.00481)	bruce(0.00433)	gore(0.00429)	thriller(0.00413)	genr(0.00402)	potter(0.00388)	violenc(0.00384)	daughter(0.00378)	room(0.00377)	citi(0.00350)	fear(0.00341)	victim(0.00324)	atmospher(0.00324)	return(0.00323)	halloween(0.00321)	game(0.00311)	ghost(0.00310)	walk(0.00307)	
Topic 2(0.16225):	edit(0.01509)	bond(0.01339)	commentari(0.01010)	earth(0.00913)	video(0.00871)	jame(0.00790)	audio(0.00786)	visual(0.00777)	crew(0.00754)	sequenc(0.00694)	disc(0.00674)	qualiti(0.00628)	planet(0.00627)	ship(0.00626)	robot(0.00584)	digit(0.00582)	product(0.00569)	interview(0.00549)	documentari(0.00543)	theatric(0.00493)	delet(0.00479)	featurett(0.00470)	track(0.00467)	iron(0.00461)	cool(0.00439)	futur(0.00433)	trek(0.00431)	amaz(0.00424)	shot(0.00422)	produc(0.00421)	
Topic 3(0.19663):	oscar(0.00827)	robert(0.00535)	support(0.00529)	award(0.00467)	brilliant(0.00447)	jack(0.00438)	drug(0.00412)	drama(0.00410)	hollywood(0.00390)	case(0.00377)	career(0.00367)	hank(0.00366)	frank(0.00362)	fine(0.00355)	washington(0.00349)	paul(0.00349)	money(0.00342)	hugh(0.00339)	dream(0.00329)	kidman(0.00319)	manag(0.00318)	kevin(0.00309)	thriller(0.00307)	polic(0.00307)	husband(0.00299)	talent(0.00295)	xmen(0.00292)	crow(0.00290)	boss(0.00290)	academi(0.00285)	
Topic 4(0.19340):	comedi(0.01260)	laugh(0.00922)	anim(0.00909)	humor(0.00846)	song(0.00607)	jack(0.00552)	voic(0.00535)	quot(0.00524)	depp(0.00498)	bill(0.00487)	hilari(0.00478)	black(0.00466)	father(0.00456)	romant(0.00405)	joke(0.00403)	mother(0.00395)	danc(0.00395)	brother(0.00382)	willi(0.00377)	johnni(0.00372)	pirat(0.00366)	rock(0.00359)	night(0.00356)	talent(0.00355)	charli(0.00352)	sing(0.00351)	favorit(0.00343)	peter(0.00336)	serious(0.00330)	magic(0.00313)	
248 users are loaded from /zf18/ll5fy/lab/dataset/amazon_movie/byUser_70k_review/5foldsCVColdstart/2/...
235 users are loaded from /zf18/ll5fy/lab/dataset/amazon_movie/byUser_70k_review/5foldsCVColdstart/0/...
237 users are loaded from /zf18/ll5fy/lab/dataset/amazon_movie/byUser_70k_review/5foldsCVColdstart/1/...
251 users are loaded from /zf18/ll5fy/lab/dataset/amazon_movie/byUser_70k_review/5foldsCVColdstart/3/...
240 users are loaded from /zf18/ll5fy/lab/dataset/amazon_movie/byUser_70k_review/5foldsCVColdstart/4/...
====================
[Info]Fold No. 2: 
[Info]Analzying corpus: 
...........-- Global corpus: vocabulary size: 7680, review size: 26309, item size: 838, user size: 835
train size = 21326, test size = 4983....
[Info]Analying bipartie graph: 
-- train graph: review size: 21326, item size: 768, user size: 741
[Info]EM Starting multithread LDA_Focus[k:5, alpha:1.01, beta:1.00, Variational]...
==============
[Info]Likelihood -8330147.57526 at step 0 converge to 1.0000000000...
==============
[Info]Likelihood -8329242.31420 at step 1 converge to 0.0001086729...
==============
[Info]Likelihood -8326319.23772 at step 2 converge to 0.0003509415...
==============
[Info]Likelihood -8312808.88027 at step 3 converge to 0.0016226086...
==============
[Info]Likelihood -8275837.80254 at step 4 converge to 0.0044474832...
==============
[Info]Likelihood -8217559.27560 at step 5 converge to 0.0070420093...
==============
[Info]Likelihood -8165016.54621 at step 6 converge to 0.0063939581...
==============
[Info]Likelihood -8128644.09921 at step 7 converge to 0.0044546691...
==============
[Info]Likelihood -8103888.95193 at step 8 converge to 0.0030454215...
==============
[Info]Likelihood -8086311.01345 at step 9 converge to 0.0021690745...
==============
[Info]Likelihood -8073284.18671 at step 10 converge to 0.0016109728...
==============
[Info]Likelihood -8063259.69050 at step 11 converge to 0.0012416875...
==============
[Info]Likelihood -8055262.40768 at step 12 converge to 0.0009918176...
==============
[Info]Likelihood -8048653.17630 at step 13 converge to 0.0008204862...
==============
[Info]Likelihood -8043147.00411 at step 14 converge to 0.0006841110...
==============
[Info]Likelihood -8038505.08735 at step 15 converge to 0.0005771269...
==============
[Info]Likelihood -8034513.84379 at step 16 converge to 0.0004965156...
==============
[Info]Likelihood -8031027.55213 at step 17 converge to 0.0004339145...
==============
[Info]Likelihood -8027915.91130 at step 18 converge to 0.0003874524...
==============
[Info]Likelihood -8025120.58209 at step 19 converge to 0.0003482011...
==============
[Info]Likelihood -8022660.32521 at step 20 converge to 0.0003065695...
==============
[Info]Likelihood -8020501.04869 at step 21 converge to 0.0002691472...
==============
[Info]Likelihood -8018582.60091 at step 22 converge to 0.0002391930...
==============
[Info]Likelihood -8016865.14953 at step 23 converge to 0.0002141839...
==============
[Info]Likelihood -8015310.33319 at step 24 converge to 0.0001939432...
==============
[Info]Likelihood -8013848.49622 at step 25 converge to 0.0001823806...
==============
[Info]Likelihood -8012466.21858 at step 26 converge to 0.0001724861...
==============
[Info]Likelihood -8011187.92234 at step 27 converge to 0.0001595384...
==============
[Info]Likelihood -8010013.53077 at step 28 converge to 0.0001465939...
==============
[Info]Likelihood -8008914.82595 at step 29 converge to 0.0001371664...
==============
[Info]Likelihood -8007861.68525 at step 30 converge to 0.0001314961...
==============
[Info]Likelihood -8006880.13882 at step 31 converge to 0.0001225728...
==============
[Info]Likelihood -8005986.18197 at step 32 converge to 0.0001116486...
==============
[Info]Likelihood -8005168.36070 at step 33 converge to 0.0001021512...
==============
[Info]Likelihood -8004412.99269 at step 34 converge to 0.0000943600...
==============
[Info]Likelihood -8003699.36181 at step 35 converge to 0.0000891547...
==============
[Info]Likelihood -8002970.54529 at step 36 converge to 0.0000910600...
==============
[Info]Likelihood -8002254.61539 at step 37 converge to 0.0000894580...
==============
[Info]Likelihood -8001591.81258 at step 38 converge to 0.0000828270...
==============
[Info]Likelihood -8000968.14149 at step 39 converge to 0.0000779434...
==============
[Info]Likelihood -8000379.28225 at step 40 converge to 0.0000735985...
==============
[Info]Likelihood -7999816.82472 at step 41 converge to 0.0000703039...
==============
[Info]Likelihood -7999261.78499 at step 42 converge to 0.0000693816...
==============
[Info]Likelihood -7998694.25034 at step 43 converge to 0.0000709484...
==============
[Info]Likelihood -7998143.99516 at step 44 converge to 0.0000687931...
==============
[Info]Likelihood -7997651.47296 at step 45 converge to 0.0000615796...
==============
[Info]Likelihood -7997178.22803 at step 46 converge to 0.0000591730...
==============
[Info]Likelihood -7996689.51665 at step 47 converge to 0.0000611105...
==============
[Info]Likelihood -7996170.83449 at step 48 converge to 0.0000648621...
==============
[Info]Likelihood -7995618.77647 at step 49 converge to 0.0000690403...
[Info]Likelihood -7995618.776 after step 50 converge to 0.000069 after 98 seconds...
[Info]Analying bipartie graph: 
-- test graph: review size: 4983, item size: 226, user size: 248
[Info]Start evaluation in thread
[Stat]Test evaluation finished: 4983 docs
[Stat]0 part has 659.000000 docs: perplexity is 2272.589 and log-likelihood is -404.002
[Stat]1 part has 1295.000000 docs: perplexity is 2180.744 and log-likelihood is -431.974
[Stat]2 part has 1008.000000 docs: perplexity is 2344.291 and log-likelihood is -371.243
[Stat]3 part has 2021.000000 docs: perplexity is 2207.735 and log-likelihood is -388.903
[Stat]4 part has 4983.000000 docs: perplexity is 2233.574 and log-likelihood is -398.521
[Info]multithread LDA_Focus[k:5, alpha:1.01, beta:1.00, Variational] Train/Test finished in 100.25 seconds...
TopWord FilePath:/zf18/ll5fy/lab/dataset/amazon_movie/byUser_70k_review/output/5foldsCVColdstart/2/LDA_Item_topWords_5.txt
Topic 0(0.22497):	dead(0.01040)	hous(0.00971)	edit(0.00969)	michael(0.00859)	commentari(0.00766)	video(0.00730)	remak(0.00695)	audio(0.00670)	night(0.00652)	killer(0.00594)	flick(0.00587)	game(0.00582)	disc(0.00553)	quot(0.00516)	shot(0.00516)	qualiti(0.00504)	rate(0.00489)	talk(0.00478)	digit(0.00464)	genr(0.00462)	gore(0.00459)	halloween(0.00421)	room(0.00421)	blood(0.00418)	evil(0.00394)	suspens(0.00392)	documentari(0.00385)	theatric(0.00379)	total(0.00377)	town(0.00361)	
Topic 1(0.15740):	bond(0.01326)	jame(0.00904)	bruce(0.00764)	thriller(0.00608)	magic(0.00556)	iron(0.00514)	potter(0.00514)	depp(0.00513)	jack(0.00504)	ring(0.00481)	black(0.00477)	termin(0.00469)	secret(0.00467)	willi(0.00451)	return(0.00450)	villain(0.00442)	bourn(0.00438)	daughter(0.00424)	johnni(0.00420)	cameron(0.00406)	damon(0.00396)	matt(0.00394)	pirat(0.00386)	lord(0.00381)	david(0.00367)	sequenc(0.00366)	king(0.00329)	wayn(0.00327)	hulk(0.00320)	plan(0.00320)	
Topic 2(0.22634):	comedi(0.01031)	laugh(0.00686)	oscar(0.00590)	mother(0.00510)	song(0.00503)	humor(0.00482)	father(0.00439)	hilari(0.00439)	daughter(0.00437)	talent(0.00432)	dream(0.00425)	support(0.00416)	drug(0.00405)	night(0.00388)	husband(0.00380)	award(0.00366)	jack(0.00362)	career(0.00353)	manag(0.00339)	black(0.00336)	drama(0.00327)	romant(0.00322)	case(0.00310)	marri(0.00306)	hollywood(0.00300)	brilliant(0.00300)	paul(0.00299)	danc(0.00281)	sing(0.00281)	sister(0.00281)	
Topic 3(0.22926):	battl(0.00763)	earth(0.00607)	histori(0.00465)	polit(0.00453)	save(0.00452)	anim(0.00422)	planet(0.00410)	king(0.00404)	robot(0.00392)	visual(0.00390)	countri(0.00382)	ship(0.00369)	side(0.00366)	soldier(0.00362)	tale(0.00358)	futur(0.00353)	natur(0.00346)	attack(0.00344)	episod(0.00340)	transform(0.00337)	father(0.00335)	govern(0.00315)	order(0.00312)	hero(0.00305)	citi(0.00298)	georg(0.00293)	mission(0.00285)	simpli(0.00284)	militari(0.00278)	general(0.00278)	
Topic 4(0.16202):	spiderman(0.00783)	frank(0.00751)	peter(0.00660)	hero(0.00535)	jone(0.00526)	amaz(0.00517)	bill(0.00496)	hugh(0.00478)	mari(0.00459)	superhero(0.00444)	villain(0.00444)	monster(0.00439)	york(0.00388)	robert(0.00383)	brilliant(0.00375)	dicaprio(0.00375)	sequenc(0.00373)	washington(0.00347)	hollywood(0.00343)	ford(0.00332)	xmen(0.00326)	impress(0.00315)	reev(0.00314)	visual(0.00307)	rocki(0.00304)	cage(0.00303)	scorses(0.00302)	favorit(0.00301)	blade(0.00291)	oscar(0.00291)	
251 users are loaded from /zf18/ll5fy/lab/dataset/amazon_movie/byUser_70k_review/5foldsCVColdstart/3/...
235 users are loaded from /zf18/ll5fy/lab/dataset/amazon_movie/byUser_70k_review/5foldsCVColdstart/0/...
237 users are loaded from /zf18/ll5fy/lab/dataset/amazon_movie/byUser_70k_review/5foldsCVColdstart/1/...
248 users are loaded from /zf18/ll5fy/lab/dataset/amazon_movie/byUser_70k_review/5foldsCVColdstart/2/...
240 users are loaded from /zf18/ll5fy/lab/dataset/amazon_movie/byUser_70k_review/5foldsCVColdstart/4/...
====================
[Info]Fold No. 3: 
[Info]Analzying corpus: 
...........-- Global corpus: vocabulary size: 7680, review size: 26309, item size: 838, user size: 835
train size = 20753, test size = 5556....
[Info]Analying bipartie graph: 
-- train graph: review size: 20753, item size: 750, user size: 741
[Info]EM Starting multithread LDA_Focus[k:5, alpha:1.01, beta:1.00, Variational]...
==============
[Info]Likelihood -8234819.48994 at step 0 converge to 1.0000000000...
==============
[Info]Likelihood -8233933.97927 at step 1 converge to 0.0001075325...
==============
[Info]Likelihood -8231380.95239 at step 2 converge to 0.0003100616...
==============
[Info]Likelihood -8220224.65776 at step 3 converge to 0.0013553369...
==============
[Info]Likelihood -8187220.53977 at step 4 converge to 0.0040149898...
==============
[Info]Likelihood -8133402.59781 at step 5 converge to 0.0065734081...
==============
[Info]Likelihood -8083967.17824 at step 6 converge to 0.0060780736...
==============
[Info]Likelihood -8050812.53120 at step 7 converge to 0.0041012842...
==============
[Info]Likelihood -8028556.75796 at step 8 converge to 0.0027644133...
==============
[Info]Likelihood -8012548.86291 at step 9 converge to 0.0019938696...
==============
[Info]Likelihood -8000288.96586 at step 10 converge to 0.0015300870...
==============
[Info]Likelihood -7990500.82751 at step 11 converge to 0.0012234731...
==============
[Info]Likelihood -7982449.38122 at step 12 converge to 0.0010076272...
==============
[Info]Likelihood -7975654.27014 at step 13 converge to 0.0008512564...
==============
[Info]Likelihood -7969855.65948 at step 14 converge to 0.0007270389...
==============
[Info]Likelihood -7964862.62205 at step 15 converge to 0.0006264903...
==============
[Info]Likelihood -7960521.96661 at step 16 converge to 0.0005449756...
==============
[Info]Likelihood -7956688.39652 at step 17 converge to 0.0004815727...
==============
[Info]Likelihood -7953255.11984 at step 18 converge to 0.0004314957...
==============
[Info]Likelihood -7950152.23398 at step 19 converge to 0.0003901404...
==============
[Info]Likelihood -7947333.26329 at step 20 converge to 0.0003545807...
==============
[Info]Likelihood -7944746.39275 at step 21 converge to 0.0003255017...
==============
[Info]Likelihood -7942411.68531 at step 22 converge to 0.0002938681...
==============
[Info]Likelihood -7940285.53018 at step 23 converge to 0.0002676964...
==============
[Info]Likelihood -7938303.96176 at step 24 converge to 0.0002495588...
==============
[Info]Likelihood -7936432.75762 at step 25 converge to 0.0002357184...
==============
[Info]Likelihood -7934639.20771 at step 26 converge to 0.0002259894...
==============
[Info]Likelihood -7932925.33273 at step 27 converge to 0.0002159991...
==============
[Info]Likelihood -7931328.78288 at step 28 converge to 0.0002012561...
==============
[Info]Likelihood -7929834.94801 at step 29 converge to 0.0001883461...
==============
[Info]Likelihood -7928405.40926 at step 30 converge to 0.0001802735...
==============
[Info]Likelihood -7927009.74065 at step 31 converge to 0.0001760340...
==============
[Info]Likelihood -7925674.98305 at step 32 converge to 0.0001683810...
==============
[Info]Likelihood -7924411.22843 at step 33 converge to 0.0001594507...
==============
[Info]Likelihood -7923193.90933 at step 34 converge to 0.0001536163...
==============
[Info]Likelihood -7922053.57775 at step 35 converge to 0.0001439232...
==============
[Info]Likelihood -7920995.56016 at step 36 converge to 0.0001335535...
==============
[Info]Likelihood -7919997.67681 at step 37 converge to 0.0001259795...
==============
[Info]Likelihood -7919051.21697 at step 38 converge to 0.0001195025...
==============
[Info]Likelihood -7918151.04213 at step 39 converge to 0.0001136721...
==============
[Info]Likelihood -7917293.23809 at step 40 converge to 0.0001083339...
==============
[Info]Likelihood -7916474.01559 at step 41 converge to 0.0001034725...
==============
[Info]Likelihood -7915693.63960 at step 42 converge to 0.0000985762...
==============
[Info]Likelihood -7914949.34992 at step 43 converge to 0.0000940271...
==============
[Info]Likelihood -7914236.72737 at step 44 converge to 0.0000900350...
==============
[Info]Likelihood -7913541.45406 at step 45 converge to 0.0000878510...
==============
[Info]Likelihood -7912832.33254 at step 46 converge to 0.0000896086...
==============
[Info]Likelihood -7912074.54404 at step 47 converge to 0.0000957670...
==============
[Info]Likelihood -7911290.35118 at step 48 converge to 0.0000991134...
==============
[Info]Likelihood -7910553.06771 at step 49 converge to 0.0000931938...
[Info]Likelihood -7910553.068 after step 50 converge to 0.000093 after 84 seconds...
[Info]Analying bipartie graph: 
-- test graph: review size: 5556, item size: 264, user size: 251
[Info]Start evaluation in thread
[Stat]Test evaluation finished: 5556 docs
[Stat]0 part has 690.000000 docs: perplexity is 2283.725 and log-likelihood is -370.796
[Stat]1 part has 1416.000000 docs: perplexity is 2146.425 and log-likelihood is -386.227
[Stat]2 part has 1155.000000 docs: perplexity is 2259.721 and log-likelihood is -371.393
[Stat]3 part has 2295.000000 docs: perplexity is 2049.424 and log-likelihood is -366.201
[Stat]4 part has 5556.000000 docs: perplexity is 2144.927 and log-likelihood is -372.955
[Info]multithread LDA_Focus[k:5, alpha:1.01, beta:1.00, Variational] Train/Test finished in 86.18 seconds...
TopWord FilePath:/zf18/ll5fy/lab/dataset/amazon_movie/byUser_70k_review/output/5foldsCVColdstart/3/LDA_Item_topWords_5.txt
Topic 0(0.16405):	edit(0.01414)	bond(0.01304)	commentari(0.00984)	video(0.00807)	anim(0.00792)	jame(0.00783)	audio(0.00733)	jack(0.00659)	qualiti(0.00652)	disc(0.00649)	crew(0.00646)	planet(0.00601)	earth(0.00593)	visual(0.00551)	sequenc(0.00551)	documentari(0.00539)	product(0.00498)	digit(0.00495)	track(0.00487)	theatric(0.00480)	ship(0.00472)	iron(0.00464)	featurett(0.00456)	interview(0.00440)	shot(0.00435)	bourn(0.00424)	predat(0.00424)	robert(0.00424)	delet(0.00419)	produc(0.00417)	
Topic 1(0.26609):	dead(0.00810)	hous(0.00762)	violenc(0.00639)	remak(0.00613)	suspens(0.00571)	thriller(0.00561)	flick(0.00560)	blood(0.00543)	killer(0.00513)	twist(0.00511)	night(0.00508)	genr(0.00487)	evil(0.00466)	shot(0.00407)	gore(0.00376)	half(0.00373)	town(0.00345)	victim(0.00327)	bore(0.00324)	transform(0.00324)	citi(0.00317)	violent(0.00295)	dream(0.00294)	felt(0.00291)	reveng(0.00288)	room(0.00280)	quot(0.00279)	strang(0.00279)	sequenc(0.00276)	total(0.00272)	
Topic 2(0.15764):	king(0.01097)	battl(0.01000)	michael(0.00697)	soldier(0.00612)	tale(0.00553)	depp(0.00528)	father(0.00516)	monster(0.00506)	johnni(0.00499)	song(0.00496)	return(0.00464)	brother(0.00451)	halloween(0.00428)	termin(0.00410)	captain(0.00393)	hero(0.00389)	hank(0.00374)	epic(0.00370)	histor(0.00366)	armi(0.00365)	lord(0.00361)	sing(0.00361)	histori(0.00360)	japanes(0.00359)	villag(0.00357)	mother(0.00354)	jone(0.00349)	pirat(0.00314)	danc(0.00295)	black(0.00294)	
Topic 3(0.21888):	comedi(0.01058)	laugh(0.00746)	humor(0.00563)	polit(0.00555)	bill(0.00517)	daughter(0.00431)	hilari(0.00410)	night(0.00388)	govern(0.00386)	serious(0.00384)	georg(0.00376)	money(0.00348)	presid(0.00347)	countri(0.00344)	joke(0.00340)	situat(0.00323)	unit(0.00321)	lost(0.00313)	frank(0.00306)	race(0.00305)	intellig(0.00297)	manag(0.00295)	talk(0.00293)	decid(0.00286)	moor(0.00281)	washington(0.00280)	public(0.00274)	support(0.00266)	plan(0.00265)	plane(0.00263)	
Topic 4(0.19334):	oscar(0.00911)	bruce(0.00629)	peter(0.00558)	spiderman(0.00541)	support(0.00489)	brilliant(0.00482)	award(0.00471)	william(0.00462)	father(0.00431)	amaz(0.00426)	michael(0.00388)	mari(0.00374)	superhero(0.00372)	talent(0.00367)	potter(0.00367)	hugh(0.00361)	kevin(0.00327)	christoph(0.00325)	bale(0.00324)	citi(0.00319)	wayn(0.00305)	dream(0.00301)	villain(0.00295)	drama(0.00294)	fine(0.00293)	academi(0.00292)	nicholson(0.00289)	crow(0.00287)	career(0.00284)	robin(0.00277)	
240 users are loaded from /zf18/ll5fy/lab/dataset/amazon_movie/byUser_70k_review/5foldsCVColdstart/4/...
235 users are loaded from /zf18/ll5fy/lab/dataset/amazon_movie/byUser_70k_review/5foldsCVColdstart/0/...
237 users are loaded from /zf18/ll5fy/lab/dataset/amazon_movie/byUser_70k_review/5foldsCVColdstart/1/...
248 users are loaded from /zf18/ll5fy/lab/dataset/amazon_movie/byUser_70k_review/5foldsCVColdstart/2/...
251 users are loaded from /zf18/ll5fy/lab/dataset/amazon_movie/byUser_70k_review/5foldsCVColdstart/3/...
====================
[Info]Fold No. 4: 
[Info]Analzying corpus: 
...........-- Global corpus: vocabulary size: 7680, review size: 26309, item size: 838, user size: 835
train size = 20717, test size = 5592....
[Info]Analying bipartie graph: 
-- train graph: review size: 20717, item size: 749, user size: 747
[Info]EM Starting multithread LDA_Focus[k:5, alpha:1.01, beta:1.00, Variational]...
==============
[Info]Likelihood -7994427.75452 at step 0 converge to 1.0000000000...
==============
[Info]Likelihood -7993532.66667 at step 1 converge to 0.0001119640...
==============
[Info]Likelihood -7990916.46014 at step 2 converge to 0.0003272904...
==============
[Info]Likelihood -7980209.70017 at step 3 converge to 0.0013398663...
==============
[Info]Likelihood -7948455.85363 at step 4 converge to 0.0039790742...
==============
[Info]Likelihood -7893084.11115 at step 5 converge to 0.0069663521...
==============
[Info]Likelihood -7843863.37719 at step 6 converge to 0.0062359318...
==============
[Info]Likelihood -7811070.18701 at step 7 converge to 0.0041807447...
==============
[Info]Likelihood -7788529.25865 at step 8 converge to 0.0028857670...
==============
[Info]Likelihood -7772050.12120 at step 9 converge to 0.0021158215...
==============
[Info]Likelihood -7759408.82081 at step 10 converge to 0.0016265078...
==============
[Info]Likelihood -7749287.05265 at step 11 converge to 0.0013044509...
==============
[Info]Likelihood -7740884.53261 at step 12 converge to 0.0010842959...
==============
[Info]Likelihood -7733717.27750 at step 13 converge to 0.0009258961...
==============
[Info]Likelihood -7727460.53180 at step 14 converge to 0.0008090218...
==============
[Info]Likelihood -7721979.33315 at step 15 converge to 0.0007093144...
==============
[Info]Likelihood -7717121.01274 at step 16 converge to 0.0006291548...
==============
[Info]Likelihood -7712726.02782 at step 17 converge to 0.0005695110...
==============
[Info]Likelihood -7708793.07943 at step 18 converge to 0.0005099297...
==============
[Info]Likelihood -7705254.06504 at step 19 converge to 0.0004590880...
==============
[Info]Likelihood -7702054.86623 at step 20 converge to 0.0004151971...
==============
[Info]Likelihood -7699148.70800 at step 21 converge to 0.0003773225...
==============
[Info]Likelihood -7696480.46566 at step 22 converge to 0.0003465633...
==============
[Info]Likelihood -7694014.27189 at step 23 converge to 0.0003204314...
==============
[Info]Likelihood -7691748.29016 at step 24 converge to 0.0002945123...
==============
[Info]Likelihood -7689674.84290 at step 25 converge to 0.0002695677...
==============
[Info]Likelihood -7687772.36248 at step 26 converge to 0.0002474071...
==============
[Info]Likelihood -7686021.17673 at step 27 converge to 0.0002277884...
==============
[Info]Likelihood -7684400.00523 at step 28 converge to 0.0002109247...
==============
[Info]Likelihood -7682861.55279 at step 29 converge to 0.0002002046...
==============
[Info]Likelihood -7681362.58878 at step 30 converge to 0.0001951049...
==============
[Info]Likelihood -7679964.43239 at step 31 converge to 0.0001820193...
==============
[Info]Likelihood -7678692.82978 at step 32 converge to 0.0001655740...
==============
[Info]Likelihood -7677538.18206 at step 33 converge to 0.0001503703...
==============
[Info]Likelihood -7676478.45635 at step 34 converge to 0.0001380294...
==============
[Info]Likelihood -7675470.93545 at step 35 converge to 0.0001312478...
==============
[Info]Likelihood -7674442.59601 at step 36 converge to 0.0001339774...
==============
[Info]Likelihood -7673437.83702 at step 37 converge to 0.0001309227...
==============
[Info]Likelihood -7672496.58401 at step 38 converge to 0.0001226638...
==============
[Info]Likelihood -7671570.05981 at step 39 converge to 0.0001207592...
==============
[Info]Likelihood -7670631.32250 at step 40 converge to 0.0001223657...
==============
[Info]Likelihood -7669711.81238 at step 41 converge to 0.0001198741...
==============
[Info]Likelihood -7668854.46882 at step 42 converge to 0.0001117830...
==============
[Info]Likelihood -7668067.19566 at step 43 converge to 0.0001026585...
==============
[Info]Likelihood -7667330.86213 at step 44 converge to 0.0000960260...
==============
[Info]Likelihood -7666627.98331 at step 45 converge to 0.0000916719...
==============
[Info]Likelihood -7665956.23980 at step 46 converge to 0.0000876192...
==============
[Info]Likelihood -7665315.62074 at step 47 converge to 0.0000835668...
==============
[Info]Likelihood -7664700.97642 at step 48 converge to 0.0000801851...
==============
[Info]Likelihood -7664113.29078 at step 49 converge to 0.0000766743...
[Info]Likelihood -7664113.291 after step 50 converge to 0.000077 after 100 seconds...
[Info]Analying bipartie graph: 
-- test graph: review size: 5592, item size: 263, user size: 240
[Info]Start evaluation in thread
[Stat]Test evaluation finished: 5592 docs
[Stat]0 part has 726.000000 docs: perplexity is 2396.095 and log-likelihood is -429.360
[Stat]1 part has 1348.000000 docs: perplexity is 2294.940 and log-likelihood is -418.262
[Stat]2 part has 1203.000000 docs: perplexity is 2143.470 and log-likelihood is -422.077
[Stat]3 part has 2315.000000 docs: perplexity is 1996.143 and log-likelihood is -397.247
[Stat]4 part has 5592.000000 docs: perplexity is 2149.335 and log-likelihood is -411.824
[Info]multithread LDA_Focus[k:5, alpha:1.01, beta:1.00, Variational] Train/Test finished in 101.80 seconds...
TopWord FilePath:/zf18/ll5fy/lab/dataset/amazon_movie/byUser_70k_review/output/5foldsCVColdstart/4/LDA_Item_topWords_5.txt
Topic 0(0.18527):	edit(0.01166)	anim(0.01029)	commentari(0.00869)	earth(0.00824)	visual(0.00823)	video(0.00652)	crew(0.00643)	disc(0.00614)	sequenc(0.00581)	futur(0.00571)	qualiti(0.00548)	amaz(0.00547)	planet(0.00543)	monster(0.00541)	audio(0.00540)	ship(0.00538)	fiction(0.00525)	creatur(0.00511)	documentari(0.00502)	product(0.00459)	trek(0.00451)	shot(0.00433)	theatric(0.00411)	digit(0.00408)	robot(0.00405)	track(0.00379)	termin(0.00376)	delet(0.00375)	featurett(0.00368)	transfer(0.00356)	
Topic 1(0.21281):	father(0.00569)	battl(0.00523)	histori(0.00490)	understand(0.00472)	spiderman(0.00466)	peter(0.00454)	soldier(0.00438)	hero(0.00423)	save(0.00388)	natur(0.00388)	polit(0.00387)	citi(0.00370)	superhero(0.00369)	violenc(0.00350)	side(0.00343)	general(0.00339)	countri(0.00320)	societi(0.00317)	issu(0.00316)	unit(0.00314)	simpli(0.00306)	histor(0.00291)	order(0.00289)	presid(0.00283)	struggl(0.00283)	brother(0.00279)	fear(0.00279)	develop(0.00277)	truth(0.00273)	matrix(0.00272)	
Topic 2(0.15212):	quot(0.01042)	return(0.00792)	song(0.00782)	king(0.00710)	jone(0.00709)	magic(0.00613)	depp(0.00593)	johnni(0.00526)	tale(0.00481)	lord(0.00477)	sing(0.00438)	blade(0.00433)	queen(0.00420)	episod(0.00417)	black(0.00406)	georg(0.00404)	evil(0.00394)	danc(0.00393)	potter(0.00389)	pirat(0.00368)	lost(0.00367)	ford(0.00355)	favorit(0.00353)	father(0.00348)	dracula(0.00345)	reev(0.00340)	richard(0.00337)	visual(0.00336)	luca(0.00330)	christoph(0.00328)	
Topic 3(0.18810):	bond(0.00914)	oscar(0.00848)	robert(0.00794)	thriller(0.00643)	jack(0.00637)	jame(0.00553)	award(0.00534)	support(0.00529)	frank(0.00505)	brilliant(0.00492)	dream(0.00381)	case(0.00371)	matt(0.00371)	polic(0.00366)	hank(0.00365)	hollywood(0.00360)	career(0.00359)	manag(0.00353)	drama(0.00348)	fine(0.00333)	bale(0.00333)	washington(0.00328)	secret(0.00327)	damon(0.00324)	william(0.00320)	sean(0.00318)	academi(0.00312)	crow(0.00299)	paul(0.00299)	talent(0.00297)	
Topic 4(0.26169):	comedi(0.01019)	dead(0.00932)	hous(0.00898)	night(0.00893)	laugh(0.00715)	michael(0.00665)	remak(0.00645)	flick(0.00623)	humor(0.00555)	bruce(0.00509)	town(0.00468)	twist(0.00456)	gore(0.00435)	serious(0.00430)	evil(0.00429)	bore(0.00417)	suspens(0.00403)	genr(0.00390)	hilari(0.00390)	killer(0.00389)	decid(0.00370)	halloween(0.00364)	blood(0.00347)	stupid(0.00345)	talk(0.00338)	joke(0.00326)	half(0.00318)	type(0.00310)	room(0.00306)	basic(0.00299)	

Part 0 -----------------Valid folds: 5
[Stat]Loglikelihood -396.427+/-20.324
[Stat]Perplexity 2324.343+/-50.506
Part 1 -----------------Valid folds: 5
[Stat]Loglikelihood -409.091+/-19.282
[Stat]Perplexity 2211.231+/-58.434
Part 2 -----------------Valid folds: 5
[Stat]Loglikelihood -382.229+/-21.338
[Stat]Perplexity 2257.971+/-77.493
Part 3 -----------------Valid folds: 5
[Stat]Loglikelihood -389.154+/-16.489
[Stat]Perplexity 2099.837+/-79.731
Part 4 -----------------Valid folds: 5
[Stat]Loglikelihood -393.739+/-16.202
[Stat]Perplexity 2188.437+/-37.619
