Load 7680 1-gram new features from /zf18/ll5fy/lab/dataset/amazon_movie/amazon_movie_features.txt...
841 users are loaded from /zf18/ll5fy/lab/dataset/amazon_movie/byUser_70k_review/data/...
Info File Path: /zf18/ll5fy/lab/dataset/amazon_movie/byUser_70k_review/output/5foldsCVColdstart/LDA_Variational_info.txt
[Info]Start FIXED cross validation...
235 users are loaded from /zf18/ll5fy/lab/dataset/amazon_movie/byUser_70k_review/5foldsCVColdstart/0/...
237 users are loaded from /zf18/ll5fy/lab/dataset/amazon_movie/byUser_70k_review/5foldsCVColdstart/1/...
248 users are loaded from /zf18/ll5fy/lab/dataset/amazon_movie/byUser_70k_review/5foldsCVColdstart/2/...
251 users are loaded from /zf18/ll5fy/lab/dataset/amazon_movie/byUser_70k_review/5foldsCVColdstart/3/...
240 users are loaded from /zf18/ll5fy/lab/dataset/amazon_movie/byUser_70k_review/5foldsCVColdstart/4/...
====================
[Info]Fold No. 0: 
train size = 20962, test size = 5347....
[Info]EM Starting multithread LDA[k:10, alpha:1.01, beta:1.00, Variational]...
==============
[Info]Likelihood -7873854.76738 at step 0 converge to 1.0000000000...
==============
[Info]Likelihood -7872620.87130 at step 1 converge to 0.0001567080...
==============
[Info]Likelihood -7870994.87460 at step 2 converge to 0.0002065382...
==============
[Info]Likelihood -7865720.73750 at step 3 converge to 0.0006700725...
==============
[Info]Likelihood -7847981.41987 at step 4 converge to 0.0022552692...
==============
[Info]Likelihood -7805444.47721 at step 5 converge to 0.0054201126...
==============
[Info]Likelihood -7731667.15284 at step 6 converge to 0.0094520337...
==============
[Info]Likelihood -7652524.80748 at step 7 converge to 0.0102361294...
==============
[Info]Likelihood -7592242.15419 at step 8 converge to 0.0078774855...
==============
[Info]Likelihood -7551389.50291 at step 9 converge to 0.0053808414...
==============
[Info]Likelihood -7522985.78741 at step 10 converge to 0.0037613893...
==============
[Info]Likelihood -7502110.56154 at step 11 converge to 0.0027748591...
==============
[Info]Likelihood -7485942.40473 at step 12 converge to 0.0021551478...
==============
[Info]Likelihood -7472958.94156 at step 13 converge to 0.0017343792...
==============
[Info]Likelihood -7462256.66989 at step 14 converge to 0.0014321331...
==============
[Info]Likelihood -7453224.80273 at step 15 converge to 0.0012103399...
==============
[Info]Likelihood -7445426.16177 at step 16 converge to 0.0010463445...
==============
[Info]Likelihood -7438551.62175 at step 17 converge to 0.0009233239...
==============
[Info]Likelihood -7432404.05909 at step 18 converge to 0.0008264462...
==============
[Info]Likelihood -7426855.48551 at step 19 converge to 0.0007465382...
==============
[Info]Likelihood -7421818.54135 at step 20 converge to 0.0006782068...
==============
[Info]Likelihood -7417260.01842 at step 21 converge to 0.0006142057...
==============
[Info]Likelihood -7413133.32134 at step 22 converge to 0.0005563641...
==============
[Info]Likelihood -7409385.98391 at step 23 converge to 0.0005054998...
==============
[Info]Likelihood -7405963.97343 at step 24 converge to 0.0004618481...
==============
[Info]Likelihood -7402806.70735 at step 25 converge to 0.0004263140...
==============
[Info]Likelihood -7399958.76678 at step 26 converge to 0.0003847109...
==============
[Info]Likelihood -7397380.21524 at step 27 converge to 0.0003484549...
==============
[Info]Likelihood -7395014.60977 at step 28 converge to 0.0003197896...
==============
[Info]Likelihood -7392823.53696 at step 29 converge to 0.0002962905...
==============
[Info]Likelihood -7390781.70483 at step 30 converge to 0.0002761911...
==============
[Info]Likelihood -7388890.48037 at step 31 converge to 0.0002558896...
==============
[Info]Likelihood -7387118.94397 at step 32 converge to 0.0002397568...
==============
[Info]Likelihood -7385422.48624 at step 33 converge to 0.0002296508...
==============
[Info]Likelihood -7383825.11974 at step 34 converge to 0.0002162864...
==============
[Info]Likelihood -7382369.09885 at step 35 converge to 0.0001971906...
==============
[Info]Likelihood -7381032.90288 at step 36 converge to 0.0001809983...
==============
[Info]Likelihood -7379783.89686 at step 37 converge to 0.0001692183...
==============
[Info]Likelihood -7378606.20537 at step 38 converge to 0.0001595835...
==============
[Info]Likelihood -7377496.13849 at step 39 converge to 0.0001504440...
==============
[Info]Likelihood -7376447.20884 at step 40 converge to 0.0001421796...
==============
[Info]Likelihood -7375442.43583 at step 41 converge to 0.0001362137...
==============
[Info]Likelihood -7374467.07135 at step 42 converge to 0.0001322449...
==============
[Info]Likelihood -7373508.79443 at step 43 converge to 0.0001299452...
==============
[Info]Likelihood -7372569.37903 at step 44 converge to 0.0001274041...
==============
[Info]Likelihood -7371664.48959 at step 45 converge to 0.0001227373...
==============
[Info]Likelihood -7370805.40438 at step 46 converge to 0.0001165388...
==============
[Info]Likelihood -7369987.07167 at step 47 converge to 0.0001110235...
==============
[Info]Likelihood -7369202.38533 at step 48 converge to 0.0001064705...
==============
[Info]Likelihood -7368448.27359 at step 49 converge to 0.0001023329...
[Info]Likelihood -7368448.274 after step 50 converge to 0.000102 after 210 seconds...
[Info]Start evaluation in thread
[Stat]Test set perplexity is 1959.717 and log-likelihood is -403.147
[Info]multithread LDA[k:10, alpha:1.01, beta:1.00, Variational] Train/Test finished in 213.69 seconds...
TopWord FilePath:/zf18/ll5fy/lab/dataset/amazon_movie/byUser_70k_review/output/5foldsCVColdstart/0/LDA_Variational_topWords_10.txt
Topic 0(0.10170):	comedi(0.02560)	humor(0.01809)	laugh(0.01799)	bruce(0.01291)	anim(0.01210)	hilari(0.01066)	dream(0.00911)	voic(0.00873)	joke(0.00821)	song(0.00700)	willi(0.00690)	night(0.00580)	frank(0.00571)	babi(0.00564)	danc(0.00520)	bale(0.00515)	romant(0.00497)	christoph(0.00478)	talent(0.00452)	stiller(0.00451)	carrey(0.00443)	pixar(0.00439)	serious(0.00438)	iron(0.00437)	sing(0.00432)	wayn(0.00427)	adam(0.00418)	nick(0.00407)	toni(0.00402)	citi(0.00396)	
Topic 1(0.11618):	dead(0.01947)	hous(0.01937)	michael(0.01755)	remak(0.01401)	violenc(0.01379)	night(0.01377)	town(0.01154)	suspens(0.01070)	killer(0.01051)	blood(0.01008)	evil(0.00933)	thriller(0.00886)	gore(0.00848)	halloween(0.00779)	room(0.00738)	twist(0.00732)	atmospher(0.00655)	victim(0.00638)	ghost(0.00637)	violent(0.00596)	polic(0.00570)	bodi(0.00557)	door(0.00548)	genr(0.00538)	game(0.00524)	tension(0.00518)	strang(0.00502)	fear(0.00499)	hill(0.00446)	myer(0.00445)	
Topic 2(0.07756):	quot(0.02330)	david(0.01380)	black(0.01274)	magic(0.01152)	prison(0.00976)	potter(0.00945)	rock(0.00930)	witch(0.00767)	student(0.00693)	edward(0.00692)	william(0.00667)	quotth(0.00562)	secret(0.00501)	author(0.00496)	professor(0.00452)	third(0.00441)	richard(0.00435)	wizard(0.00431)	gibson(0.00430)	michael(0.00427)	brown(0.00404)	white(0.00393)	brilliant(0.00392)	theme(0.00377)	futur(0.00360)	band(0.00358)	fire(0.00348)	imagin(0.00348)	emma(0.00345)	christian(0.00337)	
Topic 3(0.06945):	bond(0.03281)	jame(0.02402)	robert(0.01758)	moor(0.01026)	polit(0.00966)	hank(0.00957)	sean(0.00882)	plane(0.00728)	russian(0.00622)	royal(0.00619)	georg(0.00607)	andi(0.00597)	unit(0.00569)	kong(0.00569)	streep(0.00553)	countri(0.00535)	flight(0.00530)	casino(0.00522)	milk(0.00510)	kevin(0.00503)	daniel(0.00473)	penn(0.00473)	secret(0.00446)	anna(0.00427)	support(0.00424)	conneri(0.00422)	control(0.00418)	plan(0.00412)	white(0.00380)	histori(0.00372)	
Topic 4(0.08421):	battl(0.02165)	king(0.01962)	tale(0.01348)	return(0.01284)	epic(0.01021)	ring(0.01003)	histori(0.00952)	episod(0.00842)	soldier(0.00821)	armi(0.00777)	lord(0.00749)	evil(0.00693)	histor(0.00654)	visual(0.00644)	alexand(0.00599)	hero(0.00562)	crow(0.00473)	luca(0.00459)	side(0.00439)	carter(0.00425)	princess(0.00412)	anim(0.00407)	citi(0.00402)	luke(0.00400)	frank(0.00399)	land(0.00392)	queen(0.00392)	reveng(0.00384)	princ(0.00365)	miller(0.00365)	
Topic 5(0.12286):	hollywood(0.00953)	case(0.00570)	moral(0.00552)	natur(0.00547)	situat(0.00527)	villag(0.00512)	truth(0.00479)	piec(0.00474)	societi(0.00470)	manag(0.00456)	public(0.00456)	intellig(0.00436)	washington(0.00430)	polit(0.00419)	simpli(0.00414)	secret(0.00400)	focus(0.00398)	countri(0.00394)	histori(0.00391)	general(0.00390)	govern(0.00389)	order(0.00385)	cameron(0.00373)	filmmak(0.00370)	imagin(0.00362)	charli(0.00361)	side(0.00358)	cage(0.00348)	develop(0.00345)	understand(0.00345)	
Topic 6(0.09847):	earth(0.01508)	planet(0.01086)	ship(0.01053)	crew(0.01039)	futur(0.01002)	captain(0.00874)	robot(0.00831)	creatur(0.00822)	save(0.00818)	destroy(0.00812)	mission(0.00767)	trek(0.00716)	island(0.00631)	fiction(0.00630)	xmen(0.00627)	attack(0.00611)	sequenc(0.00601)	technolog(0.00587)	citi(0.00582)	termin(0.00556)	team(0.00552)	scientist(0.00537)	water(0.00534)	predat(0.00526)	pirat(0.00497)	race(0.00496)	transform(0.00487)	visual(0.00481)	militari(0.00470)	giant(0.00421)	
Topic 7(0.08183):	edit(0.02986)	qualiti(0.02054)	commentari(0.02013)	video(0.01871)	product(0.01729)	audio(0.01597)	jone(0.01425)	disc(0.01419)	documentari(0.01338)	digit(0.01233)	rate(0.01085)	interview(0.01034)	theatric(0.01028)	track(0.01017)	collect(0.00986)	produc(0.00980)	soundtrack(0.00941)	delet(0.00926)	featurett(0.00919)	transfer(0.00828)	visual(0.00794)	game(0.00771)	hulk(0.00723)	ford(0.00683)	shot(0.00664)	kbps(0.00653)	standard(0.00633)	footag(0.00623)	indiana(0.00620)	copi(0.00592)	
Topic 8(0.14213):	bore(0.01203)	half(0.01011)	cool(0.00978)	flick(0.00891)	hate(0.00862)	felt(0.00861)	serious(0.00828)	peter(0.00787)	spiderman(0.00762)	money(0.00744)	brother(0.00715)	villain(0.00691)	monster(0.00688)	wast(0.00675)	matrix(0.00674)	total(0.00653)	superhero(0.00652)	amaz(0.00630)	rent(0.00614)	stupid(0.00614)	slow(0.00609)	basic(0.00605)	lack(0.00604)	hero(0.00601)	wait(0.00576)	confus(0.00550)	type(0.00531)	mari(0.00513)	talk(0.00508)	pace(0.00495)	
Topic 9(0.10559):	jack(0.01726)	father(0.01600)	oscar(0.01514)	daughter(0.01458)	mother(0.01039)	depp(0.00868)	husband(0.00821)	award(0.00795)	johnni(0.00752)	bill(0.00689)	support(0.00688)	blade(0.00586)	drug(0.00572)	marri(0.00572)	ryan(0.00566)	nicholson(0.00555)	kidman(0.00553)	brilliant(0.00541)	fine(0.00520)	lost(0.00514)	career(0.00511)	academi(0.00482)	york(0.00468)	paul(0.00451)	hotel(0.00438)	mile(0.00434)	drama(0.00420)	affair(0.00415)	billi(0.00414)	understand(0.00411)	
237 users are loaded from /zf18/ll5fy/lab/dataset/amazon_movie/byUser_70k_review/5foldsCVColdstart/1/...
235 users are loaded from /zf18/ll5fy/lab/dataset/amazon_movie/byUser_70k_review/5foldsCVColdstart/0/...
248 users are loaded from /zf18/ll5fy/lab/dataset/amazon_movie/byUser_70k_review/5foldsCVColdstart/2/...
251 users are loaded from /zf18/ll5fy/lab/dataset/amazon_movie/byUser_70k_review/5foldsCVColdstart/3/...
240 users are loaded from /zf18/ll5fy/lab/dataset/amazon_movie/byUser_70k_review/5foldsCVColdstart/4/...
====================
[Info]Fold No. 1: 
train size = 21478, test size = 4831....
[Info]EM Starting multithread LDA[k:10, alpha:1.01, beta:1.00, Variational]...
==============
[Info]Likelihood -8256577.10978 at step 0 converge to 1.0000000000...
==============
[Info]Likelihood -8255281.34256 at step 1 converge to 0.0001569376...
==============
[Info]Likelihood -8253436.59035 at step 2 converge to 0.0002234633...
==============
[Info]Likelihood -8247681.18209 at step 3 converge to 0.0006973348...
==============
[Info]Likelihood -8228459.09269 at step 4 converge to 0.0023306053...
==============
[Info]Likelihood -8179345.79833 at step 5 converge to 0.0059687110...
==============
[Info]Likelihood -8096780.44539 at step 6 converge to 0.0100943712...
==============
[Info]Likelihood -8016179.43041 at step 7 converge to 0.0099546993...
==============
[Info]Likelihood -7958429.42743 at step 8 converge to 0.0072041804...
==============
[Info]Likelihood -7918822.02044 at step 9 converge to 0.0049767869...
==============
[Info]Likelihood -7890539.15833 at step 10 converge to 0.0035715997...
==============
[Info]Likelihood -7869343.89554 at step 11 converge to 0.0026861615...
==============
[Info]Likelihood -7852704.78001 at step 12 converge to 0.0021144222...
==============
[Info]Likelihood -7839129.63937 at step 13 converge to 0.0017287216...
==============
[Info]Likelihood -7827768.21660 at step 14 converge to 0.0014493220...
==============
[Info]Likelihood -7818087.47217 at step 15 converge to 0.0012367183...
==============
[Info]Likelihood -7809722.26810 at step 16 converge to 0.0010699809...
==============
[Info]Likelihood -7802434.28274 at step 17 converge to 0.0009331939...
==============
[Info]Likelihood -7796098.39246 at step 18 converge to 0.0008120402...
==============
[Info]Likelihood -7790537.91951 at step 19 converge to 0.0007132379...
==============
[Info]Likelihood -7785595.66519 at step 20 converge to 0.0006343919...
==============
[Info]Likelihood -7781124.84129 at step 21 converge to 0.0005742430...
==============
[Info]Likelihood -7777065.37733 at step 22 converge to 0.0005217066...
==============
[Info]Likelihood -7773361.98478 at step 23 converge to 0.0004761941...
==============
[Info]Likelihood -7769992.24684 at step 24 converge to 0.0004334981...
==============
[Info]Likelihood -7766917.83671 at step 25 converge to 0.0003956774...
==============
[Info]Likelihood -7764073.93888 at step 26 converge to 0.0003661553...
==============
[Info]Likelihood -7761429.28160 at step 27 converge to 0.0003406275...
==============
[Info]Likelihood -7758992.31014 at step 28 converge to 0.0003139849...
==============
[Info]Likelihood -7756751.74807 at step 29 converge to 0.0002887697...
==============
[Info]Likelihood -7754678.54680 at step 30 converge to 0.0002672770...
==============
[Info]Likelihood -7752775.52333 at step 31 converge to 0.0002454033...
==============
[Info]Likelihood -7751042.52693 at step 32 converge to 0.0002235324...
==============
[Info]Likelihood -7749441.19568 at step 33 converge to 0.0002065956...
==============
[Info]Likelihood -7747898.70863 at step 34 converge to 0.0001990449...
==============
[Info]Likelihood -7746395.37997 at step 35 converge to 0.0001940305...
==============
[Info]Likelihood -7745033.29904 at step 36 converge to 0.0001758342...
==============
[Info]Likelihood -7743806.80438 at step 37 converge to 0.0001583589...
==============
[Info]Likelihood -7742683.26660 at step 38 converge to 0.0001450886...
==============
[Info]Likelihood -7741649.88831 at step 39 converge to 0.0001334651...
==============
[Info]Likelihood -7740695.20669 at step 40 converge to 0.0001233176...
==============
[Info]Likelihood -7739797.44811 at step 41 converge to 0.0001159791...
==============
[Info]Likelihood -7738938.08783 at step 42 converge to 0.0001110314...
==============
[Info]Likelihood -7738110.78600 at step 43 converge to 0.0001069012...
==============
[Info]Likelihood -7737323.24573 at step 44 converge to 0.0001017742...
==============
[Info]Likelihood -7736565.38798 at step 45 converge to 0.0000979483...
==============
[Info]Likelihood -7735836.36981 at step 46 converge to 0.0000942302...
==============
[Info]Likelihood -7735140.61269 at step 47 converge to 0.0000899395...
==============
[Info]Likelihood -7734480.54032 at step 48 converge to 0.0000853342...
==============
[Info]Likelihood -7733853.16057 at step 49 converge to 0.0000811147...
[Info]Likelihood -7733853.161 after step 50 converge to 0.000081 after 168 seconds...
[Info]Start evaluation in thread
[Stat]Test set perplexity is 2069.825 and log-likelihood is -372.836
[Info]multithread LDA[k:10, alpha:1.01, beta:1.00, Variational] Train/Test finished in 169.74 seconds...
TopWord FilePath:/zf18/ll5fy/lab/dataset/amazon_movie/byUser_70k_review/output/5foldsCVColdstart/1/LDA_Variational_topWords_10.txt
Topic 0(0.15493):	comedi(0.01819)	quot(0.01377)	flick(0.01303)	remak(0.01221)	laugh(0.01209)	dead(0.01168)	bore(0.01111)	humor(0.01047)	serious(0.00919)	half(0.00852)	hate(0.00768)	depp(0.00743)	gore(0.00731)	stupid(0.00645)	rent(0.00624)	genr(0.00623)	wast(0.00611)	total(0.00606)	basic(0.00571)	money(0.00566)	hilari(0.00563)	cool(0.00560)	johnni(0.00557)	type(0.00547)	pirat(0.00545)	joke(0.00542)	hollywood(0.00533)	wait(0.00479)	black(0.00470)	wors(0.00449)	
Topic 1(0.09520):	song(0.01150)	white(0.01067)	danc(0.00738)	cameron(0.00672)	kidman(0.00642)	sing(0.00636)	romant(0.00580)	sister(0.00577)	black(0.00540)	romanc(0.00517)	andi(0.00514)	oscar(0.00514)	husband(0.00507)	ladi(0.00485)	cultur(0.00480)	rich(0.00472)	hotel(0.00445)	cold(0.00437)	nicol(0.00436)	streep(0.00433)	mountain(0.00424)	york(0.00423)	mother(0.00421)	jake(0.00419)	natur(0.00417)	number(0.00412)	simpli(0.00398)	marri(0.00387)	lost(0.00383)	paint(0.00374)	
Topic 2(0.10542):	hous(0.02161)	night(0.01398)	suspens(0.01205)	daughter(0.01104)	town(0.01088)	killer(0.00983)	room(0.00931)	potter(0.00801)	strang(0.00788)	twist(0.00783)	thriller(0.00751)	return(0.00687)	atmospher(0.00644)	ghost(0.00640)	david(0.00611)	mother(0.00591)	villag(0.00577)	tension(0.00567)	door(0.00540)	blood(0.00535)	reev(0.00481)	build(0.00438)	victim(0.00426)	fear(0.00419)	dracula(0.00391)	jump(0.00386)	secret(0.00368)	lane(0.00368)	stay(0.00366)	evil(0.00365)	
Topic 3(0.08856):	battl(0.02331)	king(0.02077)	tale(0.01228)	episod(0.01106)	visual(0.01105)	evil(0.01067)	sequenc(0.01020)	ring(0.00931)	epic(0.00929)	lord(0.00886)	return(0.00831)	magic(0.00780)	island(0.00718)	matrix(0.00692)	blade(0.00653)	luca(0.00625)	matt(0.00623)	bourn(0.00621)	queen(0.00610)	witch(0.00607)	armi(0.00605)	damon(0.00600)	princ(0.00594)	side(0.00502)	reveng(0.00493)	brother(0.00486)	kong(0.00480)	citi(0.00464)	graphic(0.00462)	creatur(0.00448)	
Topic 4(0.08792):	bond(0.02457)	jame(0.01592)	game(0.01517)	team(0.00952)	secret(0.00833)	thriller(0.00828)	hank(0.00819)	frank(0.00801)	polic(0.00657)	villain(0.00651)	xmen(0.00649)	hunt(0.00646)	sequenc(0.00577)	cage(0.00573)	fiction(0.00543)	plan(0.00536)	termin(0.00529)	royal(0.00503)	clue(0.00480)	treasur(0.00463)	boss(0.00442)	sean(0.00433)	hero(0.00420)	russian(0.00420)	player(0.00391)	hall(0.00364)	kidnap(0.00363)	money(0.00348)	manag(0.00339)	willi(0.00336)	
Topic 5(0.07732):	edit(0.03256)	michael(0.02963)	commentari(0.02175)	video(0.01876)	audio(0.01692)	qualiti(0.01684)	product(0.01609)	disc(0.01451)	documentari(0.01416)	digit(0.01252)	interview(0.01183)	theatric(0.01076)	track(0.01068)	produc(0.01055)	collect(0.01041)	delet(0.01032)	featurett(0.01011)	halloween(0.00919)	rate(0.00908)	shot(0.00896)	soundtrack(0.00872)	talk(0.00843)	transfer(0.00709)	footag(0.00664)	spanish(0.00628)	kbps(0.00625)	copi(0.00602)	materi(0.00587)	subtitl(0.00574)	bonus(0.00570)	
Topic 6(0.07751):	anim(0.02690)	peter(0.01790)	voic(0.01479)	iron(0.01165)	spiderman(0.01100)	hero(0.01083)	superhero(0.00993)	william(0.00992)	amaz(0.00944)	robin(0.00791)	villain(0.00737)	father(0.00720)	alex(0.00714)	monster(0.00702)	mari(0.00659)	humor(0.00650)	dragon(0.00601)	favorit(0.00601)	race(0.00567)	hulk(0.00565)	pixar(0.00541)	brook(0.00478)	ferrel(0.00475)	suit(0.00469)	mike(0.00453)	cute(0.00438)	toni(0.00423)	jeff(0.00420)	comput(0.00416)	kevin(0.00414)	
Topic 7(0.09700):	jack(0.01676)	oscar(0.01173)	histori(0.01074)	award(0.00974)	robert(0.00955)	support(0.00864)	brilliant(0.00862)	paul(0.00841)	hollywood(0.00833)	georg(0.00772)	fine(0.00666)	drama(0.00649)	academi(0.00643)	career(0.00591)	crow(0.00591)	ford(0.00589)	ryan(0.00574)	histor(0.00544)	pitt(0.00543)	washington(0.00534)	alexand(0.00528)	mile(0.00514)	affleck(0.00504)	brad(0.00487)	nicholson(0.00478)	countri(0.00472)	truth(0.00452)	russel(0.00432)	hoffman(0.00431)	dream(0.00426)	
Topic 8(0.10532):	father(0.01059)	bruce(0.00940)	citi(0.00773)	hugh(0.00636)	drug(0.00634)	moral(0.00557)	adam(0.00541)	christian(0.00518)	bale(0.00495)	wayn(0.00487)	understand(0.00474)	train(0.00471)	side(0.00443)	drama(0.00440)	mother(0.00438)	deal(0.00427)	rose(0.00426)	fear(0.00418)	issu(0.00410)	dicaprio(0.00408)	case(0.00407)	struggl(0.00407)	violenc(0.00403)	babi(0.00402)	lose(0.00382)	morgan(0.00382)	maggi(0.00380)	jone(0.00368)	carrey(0.00361)	support(0.00350)	
Topic 9(0.11083):	earth(0.01345)	ship(0.00944)	planet(0.00923)	save(0.00854)	robot(0.00786)	crew(0.00785)	futur(0.00751)	attack(0.00679)	soldier(0.00628)	captain(0.00623)	destroy(0.00617)	trek(0.00603)	mission(0.00599)	transform(0.00587)	polit(0.00581)	govern(0.00574)	militari(0.00570)	moor(0.00544)	predat(0.00533)	fiction(0.00531)	control(0.00520)	charli(0.00465)	unit(0.00462)	order(0.00462)	citi(0.00433)	presid(0.00421)	scientist(0.00402)	technolog(0.00401)	societi(0.00389)	creatur(0.00375)	
248 users are loaded from /zf18/ll5fy/lab/dataset/amazon_movie/byUser_70k_review/5foldsCVColdstart/2/...
235 users are loaded from /zf18/ll5fy/lab/dataset/amazon_movie/byUser_70k_review/5foldsCVColdstart/0/...
237 users are loaded from /zf18/ll5fy/lab/dataset/amazon_movie/byUser_70k_review/5foldsCVColdstart/1/...
251 users are loaded from /zf18/ll5fy/lab/dataset/amazon_movie/byUser_70k_review/5foldsCVColdstart/3/...
240 users are loaded from /zf18/ll5fy/lab/dataset/amazon_movie/byUser_70k_review/5foldsCVColdstart/4/...
====================
[Info]Fold No. 2: 
train size = 21326, test size = 4983....
[Info]EM Starting multithread LDA[k:10, alpha:1.01, beta:1.00, Variational]...
==============
[Info]Likelihood -8085322.36687 at step 0 converge to 1.0000000000...
==============
[Info]Likelihood -8084057.65649 at step 1 converge to 0.0001564205...
==============
[Info]Likelihood -8082320.94194 at step 2 converge to 0.0002148320...
==============
[Info]Likelihood -8076578.03384 at step 3 converge to 0.0007105519...
==============
[Info]Likelihood -8057655.16561 at step 4 converge to 0.0023429314...
==============
[Info]Likelihood -8011439.53715 at step 5 converge to 0.0057356176...
==============
[Info]Likelihood -7933585.07566 at step 6 converge to 0.0097179116...
==============
[Info]Likelihood -7854116.26863 at step 7 converge to 0.0100167587...
==============
[Info]Likelihood -7795919.92616 at step 8 converge to 0.0074096614...
==============
[Info]Likelihood -7756592.16428 at step 9 converge to 0.0050446595...
==============
[Info]Likelihood -7729144.47789 at step 10 converge to 0.0035386270...
==============
[Info]Likelihood -7708879.60080 at step 11 converge to 0.0026218784...
==============
[Info]Likelihood -7693097.11856 at step 12 converge to 0.0020473121...
==============
[Info]Likelihood -7680321.75241 at step 13 converge to 0.0016606272...
==============
[Info]Likelihood -7669703.33832 at step 14 converge to 0.0013825481...
==============
[Info]Likelihood -7660693.79333 at step 15 converge to 0.0011746928...
==============
[Info]Likelihood -7652956.96694 at step 16 converge to 0.0010099381...
==============
[Info]Likelihood -7646223.57325 at step 17 converge to 0.0008798421...
==============
[Info]Likelihood -7640323.40132 at step 18 converge to 0.0007716452...
==============
[Info]Likelihood -7635101.04459 at step 19 converge to 0.0006835256...
==============
[Info]Likelihood -7630428.53794 at step 20 converge to 0.0006119771...
==============
[Info]Likelihood -7626201.34452 at step 21 converge to 0.0005539916...
==============
[Info]Likelihood -7622323.47968 at step 22 converge to 0.0005084923...
==============
[Info]Likelihood -7618710.39108 at step 23 converge to 0.0004740141...
==============
[Info]Likelihood -7615333.35949 at step 24 converge to 0.0004432550...
==============
[Info]Likelihood -7612213.67526 at step 25 converge to 0.0004096583...
==============
[Info]Likelihood -7609331.87527 at step 26 converge to 0.0003785758...
==============
[Info]Likelihood -7606582.48526 at step 27 converge to 0.0003613182...
==============
[Info]Likelihood -7604007.55093 at step 28 converge to 0.0003385140...
==============
[Info]Likelihood -7601719.07956 at step 29 converge to 0.0003009560...
==============
[Info]Likelihood -7599633.67203 at step 30 converge to 0.0002743337...
==============
[Info]Likelihood -7597701.24384 at step 31 converge to 0.0002542791...
==============
[Info]Likelihood -7595926.13328 at step 32 converge to 0.0002336378...
==============
[Info]Likelihood -7594304.21176 at step 33 converge to 0.0002135252...
==============
[Info]Likelihood -7592807.51650 at step 34 converge to 0.0001970813...
==============
[Info]Likelihood -7591405.35670 at step 35 converge to 0.0001846695...
==============
[Info]Likelihood -7590099.74463 at step 36 converge to 0.0001719856...
==============
[Info]Likelihood -7588884.28235 at step 37 converge to 0.0001601379...
==============
[Info]Likelihood -7587744.40456 at step 38 converge to 0.0001502036...
==============
[Info]Likelihood -7586665.77038 at step 39 converge to 0.0001421548...
==============
[Info]Likelihood -7585622.93807 at step 40 converge to 0.0001374559...
==============
[Info]Likelihood -7584578.66487 at step 41 converge to 0.0001376648...
==============
[Info]Likelihood -7583523.87143 at step 42 converge to 0.0001390708...
==============
[Info]Likelihood -7582474.62996 at step 43 converge to 0.0001383580...
==============
[Info]Likelihood -7581455.63275 at step 44 converge to 0.0001343885...
==============
[Info]Likelihood -7580477.99134 at step 45 converge to 0.0001289517...
==============
[Info]Likelihood -7579533.28299 at step 46 converge to 0.0001246238...
==============
[Info]Likelihood -7578605.24830 at step 47 converge to 0.0001224396...
==============
[Info]Likelihood -7577693.44653 at step 48 converge to 0.0001203126...
==============
[Info]Likelihood -7576807.49142 at step 49 converge to 0.0001169162...
[Info]Likelihood -7576807.491 after step 50 converge to 0.000117 after 128 seconds...
[Info]Start evaluation in thread
[Stat]Test set perplexity is 2022.250 and log-likelihood is -393.384
[Info]multithread LDA[k:10, alpha:1.01, beta:1.00, Variational] Train/Test finished in 129.92 seconds...
TopWord FilePath:/zf18/ll5fy/lab/dataset/amazon_movie/byUser_70k_review/output/5foldsCVColdstart/2/LDA_Variational_topWords_10.txt
Topic 0(0.09693):	thriller(0.01326)	killer(0.00983)	case(0.00954)	twist(0.00918)	moor(0.00688)	team(0.00669)	money(0.00641)	dicaprio(0.00606)	boss(0.00588)	game(0.00587)	hoffman(0.00573)	polic(0.00518)	room(0.00515)	pitt(0.00508)	hugh(0.00507)	manag(0.00505)	scorses(0.00489)	hollywood(0.00485)	kevin(0.00479)	island(0.00475)	robert(0.00471)	dragon(0.00466)	matt(0.00463)	brad(0.00457)	insid(0.00451)	hotel(0.00441)	gang(0.00440)	andi(0.00436)	player(0.00432)	mark(0.00421)	
Topic 1(0.07539):	bond(0.02908)	jame(0.02171)	hero(0.01760)	villain(0.01682)	jone(0.01403)	iron(0.01248)	sequenc(0.00991)	secret(0.00832)	monster(0.00758)	ford(0.00700)	toni(0.00698)	royal(0.00667)	reev(0.00661)	cool(0.00644)	ryan(0.00620)	robert(0.00588)	xmen(0.00577)	alex(0.00568)	indiana(0.00564)	sean(0.00535)	return(0.00535)	suit(0.00514)	dracula(0.00512)	casino(0.00439)	kate(0.00424)	indi(0.00421)	queen(0.00415)	anna(0.00393)	harrison(0.00388)	sexi(0.00385)	
Topic 2(0.11899):	countri(0.00923)	polit(0.00869)	situat(0.00665)	govern(0.00644)	transform(0.00633)	drug(0.00605)	moral(0.00564)	termin(0.00556)	unit(0.00554)	societi(0.00541)	bourn(0.00539)	citi(0.00502)	washington(0.00486)	futur(0.00478)	side(0.00465)	hank(0.00464)	intellig(0.00435)	fear(0.00420)	control(0.00416)	issu(0.00411)	plane(0.00411)	deal(0.00400)	protect(0.00395)	conflict(0.00386)	order(0.00378)	camera(0.00375)	daughter(0.00367)	soldier(0.00365)	train(0.00351)	cage(0.00347)	
Topic 3(0.11945):	michael(0.02048)	hous(0.02017)	remak(0.01277)	night(0.01208)	town(0.01099)	flick(0.01071)	bruce(0.00849)	dead(0.00807)	halloween(0.00796)	brother(0.00763)	evil(0.00701)	blood(0.00638)	rent(0.00635)	gore(0.00623)	suspens(0.00588)	genr(0.00566)	ghost(0.00544)	hell(0.00512)	wait(0.00511)	bodi(0.00495)	wayn(0.00487)	jump(0.00484)	door(0.00478)	kidman(0.00467)	bale(0.00462)	stupid(0.00460)	atmospher(0.00457)	fear(0.00450)	myer(0.00447)	return(0.00435)	
Topic 4(0.09094):	oscar(0.01884)	black(0.01342)	award(0.01055)	song(0.01039)	brilliant(0.00923)	potter(0.00868)	support(0.00754)	white(0.00679)	daniel(0.00658)	sing(0.00638)	prison(0.00635)	academi(0.00633)	career(0.00630)	danc(0.00621)	magic(0.00619)	russel(0.00618)	crow(0.00616)	william(0.00599)	talent(0.00562)	paul(0.00557)	rock(0.00535)	student(0.00515)	robert(0.00513)	babi(0.00510)	rocki(0.00492)	maggi(0.00490)	mother(0.00446)	professor(0.00397)	dream(0.00373)	richard(0.00371)	
Topic 5(0.08331):	quot(0.02050)	jack(0.01965)	violenc(0.01758)	bill(0.01316)	depp(0.01038)	johnni(0.01015)	violent(0.00863)	pirat(0.00780)	epic(0.00708)	blood(0.00702)	villag(0.00693)	half(0.00685)	histor(0.00680)	histori(0.00667)	gibson(0.00621)	graphic(0.00616)	edward(0.00616)	charli(0.00576)	kubrick(0.00515)	black(0.00485)	brutal(0.00472)	lane(0.00441)	quotth(0.00440)	christian(0.00439)	general(0.00423)	captain(0.00423)	fine(0.00423)	dead(0.00406)	alexand(0.00404)	hollywood(0.00392)	
Topic 6(0.08116):	edit(0.03094)	commentari(0.01954)	qualiti(0.01895)	video(0.01862)	audio(0.01708)	product(0.01549)	disc(0.01411)	rate(0.01288)	documentari(0.01228)	digit(0.01184)	interview(0.01067)	collect(0.01062)	track(0.01056)	game(0.01023)	theatric(0.00972)	produc(0.00906)	cameron(0.00879)	talk(0.00872)	delet(0.00865)	featurett(0.00845)	shot(0.00840)	soundtrack(0.00827)	transfer(0.00776)	amaz(0.00770)	hulk(0.00702)	standard(0.00677)	visual(0.00653)	materi(0.00649)	white(0.00646)	anim(0.00632)	
Topic 7(0.13847):	visual(0.00922)	simpli(0.00882)	understand(0.00805)	imagin(0.00793)	dream(0.00783)	tale(0.00725)	lack(0.00624)	felt(0.00585)	lost(0.00573)	mother(0.00572)	willi(0.00552)	theme(0.00550)	bore(0.00538)	father(0.00538)	strang(0.00529)	piec(0.00527)	daughter(0.00486)	confus(0.00457)	impress(0.00444)	touch(0.00442)	slow(0.00438)	develop(0.00430)	sort(0.00401)	total(0.00400)	attent(0.00399)	natur(0.00397)	drama(0.00392)	adam(0.00369)	pace(0.00367)	stun(0.00363)	
Topic 8(0.10111):	earth(0.01417)	battl(0.01339)	dead(0.01296)	creatur(0.01031)	ship(0.00961)	planet(0.00958)	save(0.00948)	robot(0.00898)	monster(0.00847)	episod(0.00844)	evil(0.00841)	attack(0.00836)	georg(0.00775)	mission(0.00681)	destroy(0.00660)	crew(0.00654)	predat(0.00590)	land(0.00578)	return(0.00574)	water(0.00542)	matrix(0.00518)	futur(0.00508)	luca(0.00497)	giant(0.00492)	scientist(0.00478)	team(0.00474)	trek(0.00461)	rescu(0.00454)	sequenc(0.00437)	citi(0.00414)	
Topic 9(0.09425):	comedi(0.02569)	humor(0.01997)	peter(0.01899)	laugh(0.01892)	king(0.01847)	anim(0.01690)	spiderman(0.01372)	frank(0.01087)	hilari(0.01021)	ring(0.01005)	joke(0.00895)	voic(0.00795)	father(0.00777)	superhero(0.00700)	race(0.00636)	amaz(0.00634)	battl(0.00560)	japanes(0.00534)	favorit(0.00522)	lord(0.00509)	mari(0.00505)	jane(0.00465)	ferrel(0.00455)	pixar(0.00452)	night(0.00450)	robin(0.00429)	miller(0.00417)	wall(0.00409)	stiller(0.00409)	romant(0.00404)	
251 users are loaded from /zf18/ll5fy/lab/dataset/amazon_movie/byUser_70k_review/5foldsCVColdstart/3/...
235 users are loaded from /zf18/ll5fy/lab/dataset/amazon_movie/byUser_70k_review/5foldsCVColdstart/0/...
237 users are loaded from /zf18/ll5fy/lab/dataset/amazon_movie/byUser_70k_review/5foldsCVColdstart/1/...
248 users are loaded from /zf18/ll5fy/lab/dataset/amazon_movie/byUser_70k_review/5foldsCVColdstart/2/...
240 users are loaded from /zf18/ll5fy/lab/dataset/amazon_movie/byUser_70k_review/5foldsCVColdstart/4/...
====================
[Info]Fold No. 3: 
train size = 20753, test size = 5556....
[Info]EM Starting multithread LDA[k:10, alpha:1.01, beta:1.00, Variational]...
==============
[Info]Likelihood -7989029.54171 at step 0 converge to 1.0000000000...
==============
[Info]Likelihood -7987782.04568 at step 1 converge to 0.0001561511...
==============
[Info]Likelihood -7986074.37782 at step 2 converge to 0.0002137850...
==============
[Info]Likelihood -7981282.20170 at step 3 converge to 0.0006000666...
==============
[Info]Likelihood -7965010.51092 at step 4 converge to 0.0020387314...
==============
[Info]Likelihood -7919522.81258 at step 5 converge to 0.0057109402...
==============
[Info]Likelihood -7840972.78506 at step 6 converge to 0.0099185304...
==============
[Info]Likelihood -7764562.55093 at step 7 converge to 0.0097449942...
==============
[Info]Likelihood -7709155.81955 at step 8 converge to 0.0071358471...
==============
[Info]Likelihood -7671196.36833 at step 9 converge to 0.0049239440...
==============
[Info]Likelihood -7644112.51841 at step 10 converge to 0.0035305901...
==============
[Info]Likelihood -7623576.99194 at step 11 converge to 0.0026864501...
==============
[Info]Likelihood -7607232.72581 at step 12 converge to 0.0021439104...
==============
[Info]Likelihood -7593743.33523 at step 13 converge to 0.0017732323...
==============
[Info]Likelihood -7582388.64374 at step 14 converge to 0.0014952693...
==============
[Info]Likelihood -7572699.96416 at step 15 converge to 0.0012777873...
==============
[Info]Likelihood -7564323.76966 at step 16 converge to 0.0011061041...
==============
[Info]Likelihood -7557077.45415 at step 17 converge to 0.0009579595...
==============
[Info]Likelihood -7550812.08836 at step 18 converge to 0.0008290726...
==============
[Info]Likelihood -7545328.97075 at step 19 converge to 0.0007261626...
==============
[Info]Likelihood -7540457.15487 at step 20 converge to 0.0006456731...
==============
[Info]Likelihood -7536061.05667 at step 21 converge to 0.0005830015...
==============
[Info]Likelihood -7532058.28614 at step 22 converge to 0.0005311489...
==============
[Info]Likelihood -7528380.51260 at step 23 converge to 0.0004882827...
==============
[Info]Likelihood -7524999.42952 at step 24 converge to 0.0004491116...
==============
[Info]Likelihood -7521904.44710 at step 25 converge to 0.0004112934...
==============
[Info]Likelihood -7519042.10973 at step 26 converge to 0.0003805336...
==============
[Info]Likelihood -7516361.24460 at step 27 converge to 0.0003565434...
==============
[Info]Likelihood -7513834.07680 at step 28 converge to 0.0003362222...
==============
[Info]Likelihood -7511467.56067 at step 29 converge to 0.0003149545...
==============
[Info]Likelihood -7509222.91863 at step 30 converge to 0.0002988287...
==============
[Info]Likelihood -7507054.15866 at step 31 converge to 0.0002888128...
==============
[Info]Likelihood -7505005.40473 at step 32 converge to 0.0002729105...
==============
[Info]Likelihood -7503113.37948 at step 33 converge to 0.0002521018...
==============
[Info]Likelihood -7501379.85144 at step 34 converge to 0.0002310412...
==============
[Info]Likelihood -7499738.57202 at step 35 converge to 0.0002187970...
==============
[Info]Likelihood -7498185.33485 at step 36 converge to 0.0002071055...
==============
[Info]Likelihood -7496736.14439 at step 37 converge to 0.0001932722...
==============
[Info]Likelihood -7495373.72072 at step 38 converge to 0.0001817356...
==============
[Info]Likelihood -7494061.79166 at step 39 converge to 0.0001750318...
==============
[Info]Likelihood -7492774.94176 at step 40 converge to 0.0001717159...
==============
[Info]Likelihood -7491534.79745 at step 41 converge to 0.0001655120...
==============
[Info]Likelihood -7490342.21758 at step 42 converge to 0.0001591903...
==============
[Info]Likelihood -7489187.04733 at step 43 converge to 0.0001542213...
==============
[Info]Likelihood -7488082.88796 at step 44 converge to 0.0001474338...
==============
[Info]Likelihood -7487042.49742 at step 45 converge to 0.0001389395...
==============
[Info]Likelihood -7486054.02035 at step 46 converge to 0.0001320250...
==============
[Info]Likelihood -7485086.74571 at step 47 converge to 0.0001292102...
==============
[Info]Likelihood -7484148.22941 at step 48 converge to 0.0001253848...
==============
[Info]Likelihood -7483262.09365 at step 49 converge to 0.0001184017...
[Info]Likelihood -7483262.094 after step 50 converge to 0.000118 after 169 seconds...
[Info]Start evaluation in thread
[Stat]Test set perplexity is 1933.424 and log-likelihood is -367.908
[Info]multithread LDA[k:10, alpha:1.01, beta:1.00, Variational] Train/Test finished in 171.87 seconds...
TopWord FilePath:/zf18/ll5fy/lab/dataset/amazon_movie/byUser_70k_review/output/5foldsCVColdstart/3/LDA_Variational_topWords_10.txt
Topic 0(0.08041):	king(0.02202)	jack(0.01842)	tale(0.01551)	jone(0.01226)	magic(0.01203)	ring(0.01193)	lord(0.01002)	potter(0.00886)	bourn(0.00863)	matt(0.00847)	william(0.00741)	damon(0.00709)	depp(0.00682)	edward(0.00678)	secret(0.00652)	pirat(0.00637)	witch(0.00563)	sean(0.00548)	return(0.00500)	princ(0.00478)	milk(0.00472)	penn(0.00437)	treasur(0.00434)	order(0.00429)	favorit(0.00426)	grow(0.00422)	professor(0.00410)	amaz(0.00404)	fish(0.00395)	wizard(0.00382)	
Topic 1(0.11205):	polit(0.01039)	histori(0.01017)	side(0.00697)	countri(0.00643)	unit(0.00636)	govern(0.00633)	presid(0.00612)	general(0.00606)	order(0.00589)	societi(0.00568)	team(0.00538)	moral(0.00532)	episod(0.00531)	control(0.00520)	intellig(0.00505)	washington(0.00488)	plane(0.00461)	crow(0.00456)	battl(0.00443)	situat(0.00427)	attack(0.00413)	russel(0.00401)	georg(0.00401)	cage(0.00399)	histor(0.00395)	truth(0.00381)	natur(0.00380)	public(0.00368)	conflict(0.00367)	terrorist(0.00353)	
Topic 2(0.10076):	father(0.02060)	daughter(0.01628)	oscar(0.01511)	mother(0.01475)	robert(0.01379)	award(0.00955)	drug(0.00913)	brother(0.00879)	money(0.00833)	husband(0.00719)	case(0.00655)	career(0.00633)	daniel(0.00618)	georg(0.00616)	support(0.00601)	ryan(0.00567)	babi(0.00564)	york(0.00539)	pitt(0.00535)	academi(0.00534)	drama(0.00484)	gang(0.00484)	deal(0.00482)	sister(0.00463)	nicholson(0.00460)	brad(0.00447)	busi(0.00410)	countri(0.00406)	scorses(0.00395)	affair(0.00394)	
Topic 3(0.07654):	michael(0.02917)	bruce(0.01612)	hero(0.01584)	citi(0.01549)	villain(0.01390)	iron(0.01149)	superhero(0.00944)	halloween(0.00910)	christoph(0.00838)	bale(0.00818)	matrix(0.00809)	christian(0.00771)	wayn(0.00770)	willi(0.00754)	return(0.00737)	dragon(0.00736)	train(0.00711)	cool(0.00700)	knight(0.00691)	toni(0.00668)	reev(0.00597)	suit(0.00506)	neeson(0.00506)	carrey(0.00477)	hulk(0.00473)	alexand(0.00466)	myer(0.00460)	morgan(0.00453)	serious(0.00450)	gari(0.00443)	
Topic 4(0.09197):	bond(0.02179)	monster(0.01332)	jame(0.01264)	earth(0.01185)	creatur(0.01083)	ship(0.00918)	planet(0.00898)	battl(0.00805)	soldier(0.00792)	island(0.00747)	mission(0.00716)	predat(0.00709)	termin(0.00685)	water(0.00648)	cameron(0.00635)	hunt(0.00614)	futur(0.00612)	destroy(0.00575)	save(0.00568)	return(0.00533)	captain(0.00511)	militari(0.00484)	sequenc(0.00478)	land(0.00475)	attack(0.00455)	technolog(0.00450)	kong(0.00443)	giant(0.00441)	scientist(0.00402)	citi(0.00400)	
Topic 5(0.10443):	comedi(0.02450)	laugh(0.01725)	humor(0.01636)	song(0.01106)	hilari(0.00989)	frank(0.00909)	joke(0.00807)	serious(0.00781)	danc(0.00731)	romant(0.00720)	rock(0.00686)	hank(0.00652)	rent(0.00622)	moor(0.00619)	sing(0.00617)	number(0.00524)	talent(0.00486)	adam(0.00485)	charli(0.00478)	alex(0.00451)	paul(0.00448)	kidman(0.00444)	andi(0.00443)	manag(0.00427)	night(0.00419)	amus(0.00418)	ladi(0.00409)	streep(0.00372)	boss(0.00363)	ferrel(0.00363)	
Topic 6(0.08269):	edit(0.02837)	commentari(0.01957)	qualiti(0.01647)	peter(0.01646)	video(0.01610)	audio(0.01459)	anim(0.01345)	disc(0.01291)	documentari(0.01242)	spiderman(0.01224)	amaz(0.01213)	interview(0.01148)	product(0.01053)	mari(0.01052)	track(0.01024)	collect(0.01005)	digit(0.00985)	theatric(0.00957)	talk(0.00949)	featurett(0.00908)	soundtrack(0.00844)	delet(0.00835)	shot(0.00779)	produc(0.00778)	transfer(0.00769)	white(0.00654)	footag(0.00648)	subtitl(0.00614)	rate(0.00606)	bonus(0.00567)	
Topic 7(0.10344):	quot(0.01536)	black(0.01492)	dream(0.01367)	hous(0.01238)	bill(0.01139)	david(0.01004)	strang(0.00738)	lost(0.00737)	hugh(0.00694)	talk(0.00637)	room(0.00634)	brilliant(0.00615)	blade(0.00578)	hollywood(0.00547)	door(0.00545)	ghost(0.00513)	phone(0.00481)	imagin(0.00476)	camera(0.00475)	simpli(0.00446)	white(0.00434)	understand(0.00433)	translat(0.00390)	confus(0.00389)	shot(0.00384)	quotth(0.00344)	walk(0.00338)	talent(0.00334)	hear(0.00311)	sort(0.00301)	
Topic 8(0.10950):	visual(0.01491)	lack(0.01070)	sequenc(0.00985)	bore(0.00979)	transform(0.00942)	simpli(0.00832)	felt(0.00813)	race(0.00750)	impress(0.00693)	epic(0.00658)	trek(0.00657)	half(0.00605)	slow(0.00541)	robot(0.00535)	johnni(0.00522)	hollywood(0.00486)	xmen(0.00483)	understand(0.00472)	develop(0.00466)	consid(0.00464)	fail(0.00455)	gibson(0.00446)	flaw(0.00443)	rest(0.00432)	piec(0.00427)	basic(0.00420)	wast(0.00415)	pace(0.00409)	carter(0.00405)	stun(0.00399)	
Topic 9(0.13820):	dead(0.01998)	night(0.01270)	violenc(0.01224)	flick(0.01210)	thriller(0.01202)	remak(0.01193)	suspens(0.01155)	blood(0.01151)	town(0.00962)	killer(0.00944)	twist(0.00942)	genr(0.00838)	evil(0.00758)	gore(0.00748)	victim(0.00667)	violent(0.00613)	hous(0.00579)	game(0.00554)	hell(0.00526)	shot(0.00480)	rate(0.00452)	tension(0.00446)	stupid(0.00437)	ford(0.00425)	atmospher(0.00409)	jump(0.00408)	half(0.00396)	terror(0.00391)	bodi(0.00379)	premis(0.00374)	
240 users are loaded from /zf18/ll5fy/lab/dataset/amazon_movie/byUser_70k_review/5foldsCVColdstart/4/...
235 users are loaded from /zf18/ll5fy/lab/dataset/amazon_movie/byUser_70k_review/5foldsCVColdstart/0/...
237 users are loaded from /zf18/ll5fy/lab/dataset/amazon_movie/byUser_70k_review/5foldsCVColdstart/1/...
248 users are loaded from /zf18/ll5fy/lab/dataset/amazon_movie/byUser_70k_review/5foldsCVColdstart/2/...
251 users are loaded from /zf18/ll5fy/lab/dataset/amazon_movie/byUser_70k_review/5foldsCVColdstart/3/...
====================
[Info]Fold No. 4: 
train size = 20717, test size = 5592....
[Info]EM Starting multithread LDA[k:10, alpha:1.01, beta:1.00, Variational]...
==============
[Info]Likelihood -7747699.39175 at step 0 converge to 1.0000000000...
==============
[Info]Likelihood -7746463.22505 at step 1 converge to 0.0001595527...
==============
[Info]Likelihood -7744752.95290 at step 2 converge to 0.0002207810...
==============
[Info]Likelihood -7739769.25996 at step 3 converge to 0.0006434928...
==============
[Info]Likelihood -7721792.22820 at step 4 converge to 0.0023226832...
==============
[Info]Likelihood -7676270.94349 at step 5 converge to 0.0058951709...
==============
[Info]Likelihood -7607000.38308 at step 6 converge to 0.0090239859...
==============
[Info]Likelihood -7537062.96493 at step 7 converge to 0.0091938234...
==============
[Info]Likelihood -7482749.71345 at step 8 converge to 0.0072061560...
==============
[Info]Likelihood -7443914.54537 at step 9 converge to 0.0051899595...
==============
[Info]Likelihood -7416051.22392 at step 10 converge to 0.0037431007...
==============
[Info]Likelihood -7395223.47208 at step 11 converge to 0.0028084693...
==============
[Info]Likelihood -7378938.98862 at step 12 converge to 0.0022020272...
==============
[Info]Likelihood -7365775.34325 at step 13 converge to 0.0017839483...
==============
[Info]Likelihood -7354923.15791 at step 14 converge to 0.0014733256...
==============
[Info]Likelihood -7345811.83477 at step 15 converge to 0.0012388060...
==============
[Info]Likelihood -7337976.31726 at step 16 converge to 0.0010666646...
==============
[Info]Likelihood -7331103.99665 at step 17 converge to 0.0009365417...
==============
[Info]Likelihood -7324950.10083 at step 18 converge to 0.0008394228...
==============
[Info]Likelihood -7319361.12334 at step 19 converge to 0.0007630055...
==============
[Info]Likelihood -7314252.81274 at step 20 converge to 0.0006979176...
==============
[Info]Likelihood -7309587.00220 at step 21 converge to 0.0006379067...
==============
[Info]Likelihood -7305337.07305 at step 22 converge to 0.0005814185...
==============
[Info]Likelihood -7301454.24881 at step 23 converge to 0.0005315051...
==============
[Info]Likelihood -7297882.13375 at step 24 converge to 0.0004892334...
==============
[Info]Likelihood -7294563.53472 at step 25 converge to 0.0004547345...
==============
[Info]Likelihood -7291466.92871 at step 26 converge to 0.0004245087...
==============
[Info]Likelihood -7288600.83273 at step 27 converge to 0.0003930754...
==============
[Info]Likelihood -7285945.94121 at step 28 converge to 0.0003642526...
==============
[Info]Likelihood -7283459.29876 at step 29 converge to 0.0003412930...
==============
[Info]Likelihood -7281082.70688 at step 30 converge to 0.0003262999...
==============
[Info]Likelihood -7278809.32621 at step 31 converge to 0.0003122311...
==============
[Info]Likelihood -7276747.37357 at step 32 converge to 0.0002832816...
==============
[Info]Likelihood -7274854.96650 at step 33 converge to 0.0002600622...
==============
[Info]Likelihood -7273077.44682 at step 34 converge to 0.0002443375...
==============
[Info]Likelihood -7271363.86200 at step 35 converge to 0.0002356066...
==============
[Info]Likelihood -7269759.73634 at step 36 converge to 0.0002206086...
==============
[Info]Likelihood -7268336.30915 at step 37 converge to 0.0001958011...
==============
[Info]Likelihood -7266937.65318 at step 38 converge to 0.0001924314...
==============
[Info]Likelihood -7265499.20697 at step 39 converge to 0.0001979439...
==============
[Info]Likelihood -7264125.99507 at step 40 converge to 0.0001890045...
==============
[Info]Likelihood -7262845.14714 at step 41 converge to 0.0001763251...
==============
[Info]Likelihood -7261660.61339 at step 42 converge to 0.0001630950...
==============
[Info]Likelihood -7260579.23880 at step 43 converge to 0.0001489156...
==============
[Info]Likelihood -7259583.79748 at step 44 converge to 0.0001371022...
==============
[Info]Likelihood -7258655.53359 at step 45 converge to 0.0001278674...
==============
[Info]Likelihood -7257791.67152 at step 46 converge to 0.0001190113...
==============
[Info]Likelihood -7256982.95628 at step 47 converge to 0.0001114272...
==============
[Info]Likelihood -7256224.51313 at step 48 converge to 0.0001045122...
==============
[Info]Likelihood -7255519.24838 at step 49 converge to 0.0000971945...
[Info]Likelihood -7255519.248 after step 50 converge to 0.000097 after 156 seconds...
[Info]Start evaluation in thread
[Stat]Test set perplexity is 1947.335 and log-likelihood is -406.526
[Info]multithread LDA[k:10, alpha:1.01, beta:1.00, Variational] Train/Test finished in 157.38 seconds...
TopWord FilePath:/zf18/ll5fy/lab/dataset/amazon_movie/byUser_70k_review/output/5foldsCVColdstart/4/LDA_Variational_topWords_10.txt
Topic 0(0.12984):	dead(0.02034)	hous(0.01818)	bond(0.01456)	night(0.01368)	flick(0.01332)	remak(0.01291)	michael(0.01044)	evil(0.00938)	town(0.00882)	blood(0.00868)	gore(0.00864)	halloween(0.00718)	stupid(0.00680)	hell(0.00644)	bore(0.00626)	genr(0.00622)	ghost(0.00559)	half(0.00497)	walk(0.00489)	andi(0.00464)	jump(0.00451)	strang(0.00439)	bodi(0.00434)	wait(0.00430)	atmospher(0.00423)	decid(0.00419)	teen(0.00412)	pick(0.00401)	door(0.00400)	total(0.00398)	
Topic 1(0.09091):	comedi(0.02831)	laugh(0.01868)	humor(0.01866)	peter(0.01799)	spiderman(0.01265)	jack(0.01245)	hilari(0.01086)	mari(0.01053)	daniel(0.00816)	joke(0.00767)	potter(0.00695)	romant(0.00656)	predat(0.00643)	nicholson(0.00608)	paul(0.00605)	student(0.00574)	adam(0.00532)	jane(0.00496)	serious(0.00464)	father(0.00440)	maggi(0.00439)	amaz(0.00429)	stiller(0.00428)	raimi(0.00426)	jame(0.00410)	godfath(0.00385)	black(0.00377)	sunshin(0.00373)	drag(0.00372)	cameron(0.00361)	
Topic 2(0.09586):	oscar(0.01607)	song(0.01239)	mother(0.01095)	brilliant(0.01078)	daughter(0.01070)	dream(0.01068)	depp(0.00960)	father(0.00856)	johnni(0.00848)	husband(0.00823)	hank(0.00716)	sing(0.00709)	award(0.00685)	support(0.00600)	pirat(0.00596)	marri(0.00570)	kidman(0.00543)	jack(0.00539)	danc(0.00535)	charli(0.00532)	talent(0.00477)	ladi(0.00452)	hitchcock(0.00446)	fine(0.00446)	golden(0.00433)	cinematographi(0.00417)	mountain(0.00409)	sean(0.00386)	nicol(0.00378)	touch(0.00365)	
Topic 3(0.08307):	king(0.02147)	anim(0.01982)	jone(0.01283)	battl(0.01200)	tale(0.01104)	ring(0.01101)	magic(0.00958)	lord(0.00938)	episod(0.00925)	voic(0.00887)	return(0.00886)	queen(0.00800)	white(0.00744)	epic(0.00719)	dragon(0.00715)	race(0.00709)	alexand(0.00648)	lost(0.00643)	ford(0.00635)	cage(0.00614)	luca(0.00598)	evil(0.00595)	treasur(0.00551)	father(0.00550)	indiana(0.00546)	histori(0.00530)	black(0.00502)	princ(0.00495)	princess(0.00489)	park(0.00472)	
Topic 4(0.10339):	hero(0.01367)	bruce(0.01204)	villain(0.01193)	sequenc(0.00952)	citi(0.00885)	superhero(0.00876)	return(0.00849)	twist(0.00795)	felt(0.00727)	blade(0.00677)	villag(0.00642)	xmen(0.00634)	bale(0.00633)	develop(0.00603)	premis(0.00601)	willi(0.00590)	michael(0.00581)	genr(0.00574)	save(0.00526)	christian(0.00525)	christoph(0.00517)	lack(0.00501)	impress(0.00500)	pace(0.00498)	serious(0.00472)	knight(0.00462)	deliv(0.00456)	wayn(0.00453)	basic(0.00443)	kong(0.00435)	
Topic 5(0.10671):	thriller(0.01421)	frank(0.00942)	killer(0.00880)	polic(0.00876)	robert(0.00821)	suspens(0.00749)	case(0.00688)	money(0.00668)	matt(0.00663)	twist(0.00662)	manag(0.00622)	game(0.00619)	violenc(0.00610)	damon(0.00578)	bourn(0.00530)	washington(0.00530)	boss(0.00504)	pitt(0.00491)	alex(0.00478)	gang(0.00470)	brad(0.00457)	dicaprio(0.00446)	daughter(0.00433)	drug(0.00425)	citi(0.00422)	tension(0.00421)	room(0.00420)	insid(0.00408)	bank(0.00399)	ident(0.00399)	
Topic 6(0.09315):	earth(0.01457)	crew(0.01074)	planet(0.01001)	ship(0.00980)	iron(0.00959)	save(0.00900)	captain(0.00897)	mission(0.00882)	attack(0.00827)	destroy(0.00811)	trek(0.00802)	robot(0.00719)	fiction(0.00692)	team(0.00678)	militari(0.00671)	unit(0.00630)	futur(0.00627)	toni(0.00612)	govern(0.00567)	plan(0.00565)	control(0.00554)	plane(0.00488)	land(0.00487)	weapon(0.00471)	water(0.00465)	order(0.00434)	technolog(0.00433)	scientist(0.00427)	hitler(0.00425)	soldier(0.00423)	
Topic 7(0.09705):	edit(0.02727)	commentari(0.01773)	qualiti(0.01695)	visual(0.01475)	product(0.01406)	video(0.01381)	disc(0.01254)	documentari(0.01139)	audio(0.01102)	amaz(0.01036)	shot(0.01035)	collect(0.00928)	track(0.00873)	produc(0.00859)	talk(0.00850)	theatric(0.00849)	interview(0.00839)	digit(0.00832)	delet(0.00774)	termin(0.00769)	soundtrack(0.00753)	featurett(0.00752)	transfer(0.00726)	standard(0.00711)	rate(0.00706)	filmmak(0.00667)	studio(0.00629)	materi(0.00608)	favorit(0.00566)	camera(0.00554)	
Topic 8(0.12711):	quot(0.01002)	violenc(0.00751)	understand(0.00742)	natur(0.00731)	histori(0.00647)	transform(0.00576)	societi(0.00556)	side(0.00545)	moral(0.00529)	battl(0.00526)	issu(0.00519)	cultur(0.00512)	matrix(0.00491)	graphic(0.00486)	simpli(0.00483)	countri(0.00468)	truth(0.00461)	soldier(0.00442)	theme(0.00433)	father(0.00433)	hollywood(0.00421)	crow(0.00418)	general(0.00416)	suffer(0.00406)	brutal(0.00398)	deal(0.00388)	japanes(0.00383)	rocki(0.00370)	conflict(0.00363)	histor(0.00360)	
Topic 9(0.07291):	brother(0.01964)	monster(0.01780)	georg(0.01364)	bill(0.01351)	polit(0.01015)	white(0.00771)	hugh(0.00735)	edward(0.00731)	robin(0.00695)	dracula(0.00695)	david(0.00669)	night(0.00658)	news(0.00636)	presid(0.00633)	career(0.00616)	carrey(0.00596)	black(0.00583)	kate(0.00558)	histori(0.00551)	milk(0.00515)	lost(0.00511)	wood(0.00508)	public(0.00500)	support(0.00477)	coppola(0.00461)	cash(0.00425)	hels(0.00421)	translat(0.00414)	televis(0.00414)	richard(0.00412)	

Part 0 -----------------Valid folds: 5
[Stat]Loglikelihood -388.760+/-15.700
[Stat]Perplexity 1986.510+/-51.555
