Load 7680 1-gram new features from /zf18/ll5fy/lab/dataset/amazon_movie/amazon_movie_features.txt...
841 users are loaded from /zf18/ll5fy/lab/dataset/amazon_movie/byUser_70k_review/data/...
Info File Path: /zf18/ll5fy/lab/dataset/amazon_movie/byUser_70k_review/output/5foldsCVColdstart/LDA_Item_info.txt
[Info]Start FIXED cross validation...
235 users are loaded from /zf18/ll5fy/lab/dataset/amazon_movie/byUser_70k_review/5foldsCVColdstart/0/...
237 users are loaded from /zf18/ll5fy/lab/dataset/amazon_movie/byUser_70k_review/5foldsCVColdstart/1/...
248 users are loaded from /zf18/ll5fy/lab/dataset/amazon_movie/byUser_70k_review/5foldsCVColdstart/2/...
251 users are loaded from /zf18/ll5fy/lab/dataset/amazon_movie/byUser_70k_review/5foldsCVColdstart/3/...
240 users are loaded from /zf18/ll5fy/lab/dataset/amazon_movie/byUser_70k_review/5foldsCVColdstart/4/...
====================
[Info]Fold No. 0: 
[Info]Analzying corpus: 
...........-- Global corpus: vocabulary size: 7680, review size: 26309, item size: 838, user size: 835
train size = 20962, test size = 5347....
[Info]Analying bipartie graph: 
-- train graph: review size: 20962, item size: 753, user size: 744
[Info]EM Starting multithread LDA_Focus[k:10, alpha:1.01, beta:1.00, Variational]...
==============
[Info]Likelihood -7873851.26856 at step 0 converge to 1.0000000000...
==============
[Info]Likelihood -7872605.99589 at step 1 converge to 0.0001581529...
==============
[Info]Likelihood -7870933.04218 at step 2 converge to 0.0002125032...
==============
[Info]Likelihood -7865781.89293 at step 3 converge to 0.0006544522...
==============
[Info]Likelihood -7846360.20105 at step 4 converge to 0.0024691368...
==============
[Info]Likelihood -7802567.64849 at step 5 converge to 0.0055812570...
==============
[Info]Likelihood -7727801.71310 at step 6 converge to 0.0095822220...
==============
[Info]Likelihood -7647612.64244 at step 7 converge to 0.0103766988...
==============
[Info]Likelihood -7586776.79328 at step 8 converge to 0.0079548811...
==============
[Info]Likelihood -7545156.40994 at step 9 converge to 0.0054859111...
==============
[Info]Likelihood -7515998.39520 at step 10 converge to 0.0038644679...
==============
[Info]Likelihood -7494390.39244 at step 11 converge to 0.0028749345...
==============
[Info]Likelihood -7477539.64288 at step 12 converge to 0.0022484483...
==============
[Info]Likelihood -7463875.25644 at step 13 converge to 0.0018273907...
==============
[Info]Likelihood -7452540.90232 at step 14 converge to 0.0015185616...
==============
[Info]Likelihood -7442963.07694 at step 15 converge to 0.0012851758...
==============
[Info]Likelihood -7434698.51690 at step 16 converge to 0.0011103857...
==============
[Info]Likelihood -7427451.04889 at step 17 converge to 0.0009748167...
==============
[Info]Likelihood -7421054.24195 at step 18 converge to 0.0008612385...
==============
[Info]Likelihood -7415361.67323 at step 19 converge to 0.0007670836...
==============
[Info]Likelihood -7410234.59174 at step 20 converge to 0.0006914135...
==============
[Info]Likelihood -7405561.01504 at step 21 converge to 0.0006306921...
==============
[Info]Likelihood -7401242.68918 at step 22 converge to 0.0005831193...
==============
[Info]Likelihood -7397261.05277 at step 23 converge to 0.0005379686...
==============
[Info]Likelihood -7393639.28056 at step 24 converge to 0.0004896099...
==============
[Info]Likelihood -7390330.62004 at step 25 converge to 0.0004475009...
==============
[Info]Likelihood -7387247.49825 at step 26 converge to 0.0004171832...
==============
[Info]Likelihood -7384312.79926 at step 27 converge to 0.0003972656...
==============
[Info]Likelihood -7381489.43386 at step 28 converge to 0.0003823464...
==============
[Info]Likelihood -7378776.11795 at step 29 converge to 0.0003675838...
==============
[Info]Likelihood -7376230.43394 at step 30 converge to 0.0003450008...
==============
[Info]Likelihood -7373904.93523 at step 31 converge to 0.0003152693...
==============
[Info]Likelihood -7371782.58420 at step 32 converge to 0.0002878191...
==============
[Info]Likelihood -7369820.92947 at step 33 converge to 0.0002661032...
==============
[Info]Likelihood -7367974.24393 at step 34 converge to 0.0002505740...
==============
[Info]Likelihood -7366216.78418 at step 35 converge to 0.0002385269...
==============
[Info]Likelihood -7364560.61385 at step 36 converge to 0.0002248332...
==============
[Info]Likelihood -7363018.83558 at step 37 converge to 0.0002093510...
==============
[Info]Likelihood -7361581.78688 at step 38 converge to 0.0001951711...
==============
[Info]Likelihood -7360236.51851 at step 39 converge to 0.0001827418...
==============
[Info]Likelihood -7358953.10167 at step 40 converge to 0.0001743717...
==============
[Info]Likelihood -7357647.02236 at step 41 converge to 0.0001774817...
==============
[Info]Likelihood -7356364.93486 at step 42 converge to 0.0001742524...
==============
[Info]Likelihood -7355169.92593 at step 43 converge to 0.0001624456...
==============
[Info]Likelihood -7354011.92448 at step 44 converge to 0.0001574405...
==============
[Info]Likelihood -7352826.91481 at step 45 converge to 0.0001611378...
==============
[Info]Likelihood -7351671.39907 at step 46 converge to 0.0001571526...
==============
[Info]Likelihood -7350590.49802 at step 47 converge to 0.0001470279...
==============
[Info]Likelihood -7349587.38819 at step 48 converge to 0.0001364666...
==============
[Info]Likelihood -7348650.73555 at step 49 converge to 0.0001274429...
[Info]Likelihood -7348650.736 after step 50 converge to 0.000127 after 208 seconds...
[Info]Analying bipartie graph: 
-- test graph: review size: 5347, item size: 258, user size: 235
[Info]Start evaluation in thread
[Stat]Test evaluation finished: 5347 docs
[Stat]0 part has 703.000000 docs: perplexity is 2185.270 and log-likelihood is -393.575
[Stat]1 part has 1467.000000 docs: perplexity is 2033.651 and log-likelihood is -417.088
[Stat]2 part has 1059.000000 docs: perplexity is 1979.906 and log-likelihood is -379.863
[Stat]3 part has 2118.000000 docs: perplexity is 1811.579 and log-likelihood is -407.553
[Stat]4 part has 5347.000000 docs: perplexity is 1948.677 and log-likelihood is -402.847
[Info]multithread LDA_Focus[k:10, alpha:1.01, beta:1.00, Variational] Train/Test finished in 211.55 seconds...
TopWord FilePath:/zf18/ll5fy/lab/dataset/amazon_movie/byUser_70k_review/output/5foldsCVColdstart/0/LDA_Item_topWords_10.txt
Topic 0(0.08240):	edit(0.02988)	commentari(0.02014)	qualiti(0.02006)	video(0.01872)	audio(0.01598)	product(0.01514)	disc(0.01420)	episod(0.01279)	documentari(0.01254)	digit(0.01233)	rate(0.01100)	collect(0.01048)	theatric(0.01029)	interview(0.00989)	track(0.00979)	delet(0.00927)	featurett(0.00920)	transfer(0.00828)	soundtrack(0.00826)	visual(0.00815)	produc(0.00791)	shot(0.00746)	standard(0.00667)	kbps(0.00653)	luca(0.00637)	georg(0.00628)	size(0.00613)	spanish(0.00589)	footag(0.00588)	materi(0.00583)	
Topic 1(0.11251):	comedi(0.02373)	laugh(0.01671)	humor(0.01576)	hilari(0.00989)	peter(0.00912)	spiderman(0.00863)	night(0.00813)	song(0.00802)	joke(0.00793)	mari(0.00650)	serious(0.00570)	daughter(0.00565)	rock(0.00543)	danc(0.00508)	sing(0.00501)	talent(0.00455)	william(0.00447)	villag(0.00431)	robin(0.00425)	stiller(0.00419)	decid(0.00405)	brook(0.00401)	money(0.00398)	talk(0.00392)	rent(0.00386)	kevin(0.00384)	jane(0.00381)	father(0.00368)	romant(0.00361)	stupid(0.00352)	
Topic 2(0.07774):	magic(0.01166)	depp(0.01142)	black(0.01069)	johnni(0.00989)	willi(0.00925)	potter(0.00924)	xmen(0.00823)	charli(0.00714)	richard(0.00710)	hugh(0.00679)	prison(0.00668)	pirat(0.00653)	dragon(0.00598)	princ(0.00573)	brilliant(0.00558)	golden(0.00534)	edward(0.00530)	carter(0.00525)	professor(0.00514)	oscar(0.00502)	david(0.00498)	william(0.00492)	return(0.00489)	secret(0.00485)	lord(0.00468)	fire(0.00460)	hall(0.00457)	witch(0.00457)	singer(0.00451)	billi(0.00437)	
Topic 3(0.09150):	earth(0.01627)	planet(0.01172)	save(0.01139)	ship(0.01136)	futur(0.01130)	crew(0.01112)	mission(0.00883)	robot(0.00880)	fiction(0.00867)	destroy(0.00824)	trek(0.00772)	captain(0.00741)	attack(0.00706)	return(0.00618)	washington(0.00615)	technolog(0.00615)	termin(0.00606)	militari(0.00564)	plane(0.00554)	team(0.00540)	plan(0.00536)	cameron(0.00535)	train(0.00531)	crow(0.00488)	control(0.00465)	water(0.00453)	scientist(0.00446)	order(0.00445)	land(0.00404)	flight(0.00403)	
Topic 4(0.10023):	jack(0.01547)	bruce(0.01219)	case(0.00755)	drama(0.00696)	kidman(0.00675)	christian(0.00643)	nicholson(0.00597)	fine(0.00506)	cold(0.00489)	bale(0.00489)	understand(0.00478)	oscar(0.00475)	romant(0.00464)	nicol(0.00452)	brilliant(0.00437)	adam(0.00429)	hoffman(0.00423)	carrey(0.00419)	michael(0.00418)	hollywood(0.00413)	wayn(0.00404)	ryan(0.00400)	keaton(0.00400)	husband(0.00397)	mile(0.00395)	twist(0.00385)	affleck(0.00380)	morgan(0.00380)	suffer(0.00379)	kubrick(0.00378)	
Topic 5(0.12878):	dead(0.01872)	hous(0.01822)	michael(0.01553)	night(0.01357)	remak(0.01240)	suspens(0.01104)	killer(0.00987)	town(0.00962)	thriller(0.00921)	blood(0.00909)	evil(0.00877)	gore(0.00796)	twist(0.00760)	halloween(0.00732)	room(0.00696)	flick(0.00647)	violenc(0.00645)	atmospher(0.00608)	ghost(0.00592)	game(0.00578)	genr(0.00567)	strang(0.00549)	camera(0.00530)	victim(0.00526)	door(0.00522)	daughter(0.00472)	tension(0.00467)	fear(0.00458)	hell(0.00449)	bodi(0.00446)	
Topic 6(0.11498):	monster(0.01186)	hero(0.01056)	jone(0.01056)	sequenc(0.01010)	bore(0.00873)	cool(0.00849)	creatur(0.00845)	visual(0.00828)	lost(0.00774)	matrix(0.00749)	villain(0.00739)	half(0.00666)	blade(0.00657)	transform(0.00589)	serious(0.00575)	predat(0.00543)	hulk(0.00534)	felt(0.00512)	bill(0.00511)	citi(0.00505)	ford(0.00505)	iron(0.00503)	indiana(0.00454)	lack(0.00444)	amaz(0.00443)	develop(0.00436)	dracula(0.00432)	genr(0.00427)	flick(0.00413)	kong(0.00412)	
Topic 7(0.09900):	anim(0.01810)	king(0.01664)	father(0.01539)	battl(0.01468)	tale(0.01097)	frank(0.01038)	dream(0.00843)	epic(0.00796)	histori(0.00773)	race(0.00740)	soldier(0.00698)	voic(0.00658)	histor(0.00583)	armi(0.00560)	mother(0.00560)	natur(0.00552)	alexand(0.00528)	land(0.00440)	cage(0.00436)	wall(0.00414)	treasur(0.00413)	pixar(0.00394)	island(0.00388)	captur(0.00337)	farrel(0.00332)	penguin(0.00327)	japanes(0.00325)	graphic(0.00310)	dicaprio(0.00309)	hors(0.00303)	
Topic 8(0.07178):	bond(0.03518)	quot(0.02653)	jame(0.02014)	robert(0.01788)	pitt(0.00746)	secret(0.00698)	royal(0.00664)	brad(0.00653)	quotth(0.00640)	scorses(0.00587)	sean(0.00576)	casino(0.00560)	driver(0.00519)	danni(0.00503)	texa(0.00503)	reveng(0.00492)	fast(0.00488)	brilliant(0.00476)	judg(0.00473)	villain(0.00469)	sequenc(0.00467)	conneri(0.00452)	plan(0.00451)	daniel(0.00427)	titl(0.00397)	favorit(0.00393)	street(0.00391)	todd(0.00390)	rage(0.00388)	niro(0.00382)	
Topic 9(0.12108):	polit(0.00966)	countri(0.00886)	violenc(0.00588)	drug(0.00583)	oscar(0.00555)	moor(0.00550)	hank(0.00535)	award(0.00478)	histori(0.00472)	citi(0.00464)	polic(0.00463)	societi(0.00461)	govern(0.00459)	support(0.00447)	side(0.00445)	matt(0.00444)	understand(0.00438)	situat(0.00434)	brother(0.00433)	issu(0.00413)	unit(0.00412)	black(0.00399)	focus(0.00386)	public(0.00385)	drama(0.00370)	money(0.00353)	white(0.00349)	deal(0.00348)	presid(0.00333)	manag(0.00327)	
237 users are loaded from /zf18/ll5fy/lab/dataset/amazon_movie/byUser_70k_review/5foldsCVColdstart/1/...
235 users are loaded from /zf18/ll5fy/lab/dataset/amazon_movie/byUser_70k_review/5foldsCVColdstart/0/...
248 users are loaded from /zf18/ll5fy/lab/dataset/amazon_movie/byUser_70k_review/5foldsCVColdstart/2/...
251 users are loaded from /zf18/ll5fy/lab/dataset/amazon_movie/byUser_70k_review/5foldsCVColdstart/3/...
240 users are loaded from /zf18/ll5fy/lab/dataset/amazon_movie/byUser_70k_review/5foldsCVColdstart/4/...
====================
[Info]Fold No. 1: 
[Info]Analzying corpus: 
...........-- Global corpus: vocabulary size: 7680, review size: 26309, item size: 838, user size: 835
train size = 21478, test size = 4831....
[Info]Analying bipartie graph: 
-- train graph: review size: 21478, item size: 750, user size: 743
[Info]EM Starting multithread LDA_Focus[k:10, alpha:1.01, beta:1.00, Variational]...
==============
[Info]Likelihood -8256575.43292 at step 0 converge to 1.0000000000...
==============
[Info]Likelihood -8255281.12300 at step 1 converge to 0.0001567611...
==============
[Info]Likelihood -8253453.45776 at step 2 converge to 0.0002213935...
==============
[Info]Likelihood -8247684.23345 at step 3 converge to 0.0006990073...
==============
[Info]Likelihood -8224809.22011 at step 4 converge to 0.0027735074...
==============
[Info]Likelihood -8175807.07129 at step 5 converge to 0.0059578463...
==============
[Info]Likelihood -8096897.18156 at step 6 converge to 0.0096516330...
==============
[Info]Likelihood -8014557.52062 at step 7 converge to 0.0101692857...
==============
[Info]Likelihood -7953937.54812 at step 8 converge to 0.0075637329...
==============
[Info]Likelihood -7912007.68596 at step 9 converge to 0.0052715855...
==============
[Info]Likelihood -7881851.84999 at step 10 converge to 0.0038114012...
==============
[Info]Likelihood -7859111.97953 at step 11 converge to 0.0028850923...
==============
[Info]Likelihood -7841171.58950 at step 12 converge to 0.0022827503...
==============
[Info]Likelihood -7826573.06777 at step 13 converge to 0.0018617781...
==============
[Info]Likelihood -7814366.17533 at step 14 converge to 0.0015596727...
==============
[Info]Likelihood -7803963.59927 at step 15 converge to 0.0013312117...
==============
[Info]Likelihood -7794980.99854 at step 16 converge to 0.0011510306...
==============
[Info]Likelihood -7787109.05945 at step 17 converge to 0.0010098728...
==============
[Info]Likelihood -7780126.48398 at step 18 converge to 0.0008966839...
==============
[Info]Likelihood -7773880.03598 at step 19 converge to 0.0008028723...
==============
[Info]Likelihood -7768269.11787 at step 20 converge to 0.0007217655...
==============
[Info]Likelihood -7763209.28792 at step 21 converge to 0.0006513459...
==============
[Info]Likelihood -7758611.94877 at step 22 converge to 0.0005921957...
==============
[Info]Likelihood -7754407.82923 at step 23 converge to 0.0005418649...
==============
[Info]Likelihood -7750556.12896 at step 24 converge to 0.0004967111...
==============
[Info]Likelihood -7747013.06962 at step 25 converge to 0.0004571361...
==============
[Info]Likelihood -7743738.39843 at step 26 converge to 0.0004227011...
==============
[Info]Likelihood -7740699.90757 at step 27 converge to 0.0003923804...
==============
[Info]Likelihood -7737855.11975 at step 28 converge to 0.0003675104...
==============
[Info]Likelihood -7735172.78036 at step 29 converge to 0.0003466515...
==============
[Info]Likelihood -7732649.99061 at step 30 converge to 0.0003261452...
==============
[Info]Likelihood -7730280.23250 at step 31 converge to 0.0003064613...
==============
[Info]Likelihood -7728051.27430 at step 32 converge to 0.0002883412...
==============
[Info]Likelihood -7725951.27263 at step 33 converge to 0.0002717375...
==============
[Info]Likelihood -7723973.88549 at step 34 converge to 0.0002559409...
==============
[Info]Likelihood -7722107.20361 at step 35 converge to 0.0002416738...
==============
[Info]Likelihood -7720335.06612 at step 36 converge to 0.0002294888...
==============
[Info]Likelihood -7718643.23691 at step 37 converge to 0.0002191393...
==============
[Info]Likelihood -7716994.18559 at step 38 converge to 0.0002136452...
==============
[Info]Likelihood -7715264.32206 at step 39 converge to 0.0002241629...
==============
[Info]Likelihood -7713577.17684 at step 40 converge to 0.0002186763...
==============
[Info]Likelihood -7712045.58464 at step 41 converge to 0.0001985580...
==============
[Info]Likelihood -7710612.08913 at step 42 converge to 0.0001858775...
==============
[Info]Likelihood -7709244.23773 at step 43 converge to 0.0001773985...
==============
[Info]Likelihood -7707919.11910 at step 44 converge to 0.0001718870...
==============
[Info]Likelihood -7706620.24857 at step 45 converge to 0.0001685112...
==============
[Info]Likelihood -7705355.39857 at step 46 converge to 0.0001641251...
==============
[Info]Likelihood -7704137.61138 at step 47 converge to 0.0001580443...
==============
[Info]Likelihood -7702961.22848 at step 48 converge to 0.0001526949...
==============
[Info]Likelihood -7701821.31821 at step 49 converge to 0.0001479834...
[Info]Likelihood -7701821.318 after step 50 converge to 0.000148 after 165 seconds...
[Info]Analying bipartie graph: 
-- test graph: review size: 4831, item size: 245, user size: 237
[Info]Start evaluation in thread
[Stat]Test evaluation finished: 4831 docs
[Stat]0 part has 752.000000 docs: perplexity is 2077.031 and log-likelihood is -375.251
[Stat]1 part has 1116.000000 docs: perplexity is 1972.303 and log-likelihood is -381.224
[Stat]2 part has 1144.000000 docs: perplexity is 2147.074 and log-likelihood is -357.231
[Stat]3 part has 1819.000000 docs: perplexity is 1980.949 and log-likelihood is -373.999
[Stat]4 part has 4831.000000 docs: perplexity is 2030.207 and log-likelihood is -371.892
[Info]multithread LDA_Focus[k:10, alpha:1.01, beta:1.00, Variational] Train/Test finished in 167.62 seconds...
TopWord FilePath:/zf18/ll5fy/lab/dataset/amazon_movie/byUser_70k_review/output/5foldsCVColdstart/1/LDA_Item_topWords_10.txt
Topic 0(0.10293):	hous(0.02196)	dead(0.01915)	remak(0.01513)	daughter(0.01367)	killer(0.01140)	room(0.00966)	night(0.00820)	mother(0.00753)	husband(0.00722)	ghost(0.00651)	kidman(0.00612)	suspens(0.00594)	victim(0.00566)	strang(0.00564)	door(0.00557)	thriller(0.00539)	walk(0.00503)	georg(0.00476)	father(0.00463)	drive(0.00437)	bodi(0.00436)	case(0.00431)	nicol(0.00415)	phone(0.00413)	demon(0.00412)	decid(0.00405)	polic(0.00403)	texa(0.00401)	teenag(0.00397)	fear(0.00384)	
Topic 1(0.11638):	oscar(0.01523)	brilliant(0.00870)	award(0.00865)	support(0.00856)	drama(0.00719)	hank(0.00633)	robert(0.00585)	hollywood(0.00564)	career(0.00556)	academi(0.00524)	matt(0.00502)	crow(0.00490)	hugh(0.00481)	case(0.00475)	bourn(0.00475)	damon(0.00470)	talent(0.00464)	pitt(0.00454)	paul(0.00433)	gang(0.00426)	affleck(0.00420)	brad(0.00412)	manag(0.00409)	david(0.00407)	fine(0.00395)	polic(0.00395)	affair(0.00386)	cinematographi(0.00382)	dicaprio(0.00381)	streep(0.00370)	
Topic 2(0.08176):	anim(0.02411)	peter(0.01852)	father(0.01698)	voic(0.01329)	spiderman(0.01022)	william(0.00944)	mari(0.00907)	king(0.00876)	mother(0.00752)	robin(0.00736)	island(0.00730)	amaz(0.00723)	park(0.00667)	kong(0.00519)	touch(0.00515)	pixar(0.00503)	express(0.00459)	imagin(0.00450)	rocki(0.00444)	owen(0.00440)	lost(0.00437)	barri(0.00427)	night(0.00426)	mike(0.00418)	jeff(0.00391)	fish(0.00381)	sister(0.00375)	tale(0.00369)	favorit(0.00368)	natur(0.00366)	
Topic 3(0.14701):	twist(0.01145)	violenc(0.01074)	flick(0.01064)	genr(0.01025)	monster(0.01011)	bore(0.00884)	half(0.00814)	blood(0.00769)	game(0.00767)	night(0.00712)	town(0.00705)	gore(0.00650)	suspens(0.00640)	slow(0.00607)	creatur(0.00582)	felt(0.00560)	total(0.00551)	camera(0.00551)	evil(0.00545)	type(0.00545)	shot(0.00543)	villag(0.00520)	pace(0.00512)	basic(0.00512)	hate(0.00499)	wast(0.00495)	black(0.00489)	confus(0.00483)	premis(0.00470)	thriller(0.00461)	
Topic 4(0.08318):	edit(0.03042)	commentari(0.02032)	video(0.01752)	product(0.01658)	qualiti(0.01605)	audio(0.01580)	disc(0.01355)	documentari(0.01225)	digit(0.01170)	visual(0.01131)	interview(0.01098)	track(0.01013)	theatric(0.01005)	produc(0.00994)	collect(0.00979)	delet(0.00964)	featurett(0.00945)	willi(0.00925)	soundtrack(0.00903)	rate(0.00897)	talk(0.00817)	shot(0.00748)	transfer(0.00652)	footag(0.00619)	amaz(0.00594)	materi(0.00591)	spanish(0.00587)	kbps(0.00584)	copi(0.00551)	studio(0.00540)	
Topic 5(0.07505):	bond(0.02851)	jame(0.02473)	hero(0.01642)	villain(0.01383)	iron(0.01178)	cameron(0.00864)	toni(0.00845)	superhero(0.00824)	xmen(0.00753)	ford(0.00737)	sequenc(0.00701)	kate(0.00683)	ryan(0.00678)	termin(0.00613)	royal(0.00584)	robert(0.00563)	secret(0.00552)	jake(0.00536)	carrey(0.00505)	suit(0.00492)	save(0.00464)	avatar(0.00455)	joel(0.00428)	return(0.00426)	daniel(0.00413)	cool(0.00407)	titan(0.00407)	plan(0.00380)	aveng(0.00374)	harrison(0.00370)	
Topic 6(0.08335):	bruce(0.01260)	return(0.00991)	potter(0.00984)	magic(0.00954)	lord(0.00935)	episod(0.00908)	ring(0.00790)	king(0.00774)	predat(0.00756)	evil(0.00749)	knight(0.00695)	battl(0.00667)	luca(0.00659)	christian(0.00655)	tale(0.00653)	princ(0.00626)	queen(0.00625)	bale(0.00621)	wayn(0.00611)	citi(0.00610)	bill(0.00591)	witch(0.00539)	prison(0.00510)	reveng(0.00483)	dracula(0.00481)	princess(0.00448)	wait(0.00445)	favorit(0.00405)	georg(0.00404)	order(0.00399)	
Topic 7(0.11483):	battl(0.01031)	histori(0.00974)	polit(0.00962)	countri(0.00761)	soldier(0.00676)	govern(0.00651)	histor(0.00561)	general(0.00558)	societi(0.00550)	side(0.00545)	citi(0.00531)	moor(0.00527)	unit(0.00519)	presid(0.00512)	matrix(0.00493)	militari(0.00475)	order(0.00469)	natur(0.00429)	save(0.00416)	issu(0.00416)	alexand(0.00406)	cultur(0.00400)	attack(0.00394)	moral(0.00372)	control(0.00372)	armi(0.00368)	epic(0.00367)	understand(0.00365)	pari(0.00363)	king(0.00359)	
Topic 8(0.08805):	michael(0.01981)	quot(0.01815)	earth(0.01805)	ship(0.01267)	planet(0.01239)	crew(0.01137)	jone(0.01110)	robot(0.01055)	captain(0.01031)	depp(0.00975)	trek(0.00810)	futur(0.00781)	halloween(0.00771)	transform(0.00754)	johnni(0.00733)	pirat(0.00723)	jack(0.00666)	blade(0.00651)	plane(0.00611)	save(0.00605)	team(0.00587)	destroy(0.00580)	mission(0.00553)	return(0.00541)	sequenc(0.00503)	fiction(0.00479)	myer(0.00479)	scientist(0.00454)	quotth(0.00441)	flight(0.00389)	
Topic 9(0.10746):	comedi(0.02332)	laugh(0.01720)	humor(0.01590)	hilari(0.00957)	joke(0.00775)	song(0.00731)	romant(0.00727)	rock(0.00718)	serious(0.00691)	charli(0.00635)	danc(0.00616)	sing(0.00587)	jack(0.00576)	adam(0.00574)	cage(0.00525)	kevin(0.00519)	rent(0.00465)	reev(0.00455)	drug(0.00440)	dream(0.00422)	talent(0.00409)	money(0.00401)	lane(0.00400)	number(0.00393)	ferrel(0.00381)	brother(0.00374)	nick(0.00369)	brook(0.00366)	addict(0.00350)	romanc(0.00342)	
248 users are loaded from /zf18/ll5fy/lab/dataset/amazon_movie/byUser_70k_review/5foldsCVColdstart/2/...
235 users are loaded from /zf18/ll5fy/lab/dataset/amazon_movie/byUser_70k_review/5foldsCVColdstart/0/...
237 users are loaded from /zf18/ll5fy/lab/dataset/amazon_movie/byUser_70k_review/5foldsCVColdstart/1/...
251 users are loaded from /zf18/ll5fy/lab/dataset/amazon_movie/byUser_70k_review/5foldsCVColdstart/3/...
240 users are loaded from /zf18/ll5fy/lab/dataset/amazon_movie/byUser_70k_review/5foldsCVColdstart/4/...
====================
[Info]Fold No. 2: 
[Info]Analzying corpus: 
...........-- Global corpus: vocabulary size: 7680, review size: 26309, item size: 838, user size: 835
train size = 21326, test size = 4983....
[Info]Analying bipartie graph: 
-- train graph: review size: 21326, item size: 768, user size: 741
[Info]EM Starting multithread LDA_Focus[k:10, alpha:1.01, beta:1.00, Variational]...
==============
[Info]Likelihood -8085317.76829 at step 0 converge to 1.0000000000...
==============
[Info]Likelihood -8084041.59921 at step 1 converge to 0.0001578378...
==============
[Info]Likelihood -8082184.81815 at step 2 converge to 0.0002296847...
==============
[Info]Likelihood -8075268.78530 at step 3 converge to 0.0008557133...
==============
[Info]Likelihood -8052634.32213 at step 4 converge to 0.0028029362...
==============
[Info]Likelihood -8001873.57484 at step 5 converge to 0.0063036201...
==============
[Info]Likelihood -7923500.66996 at step 6 converge to 0.0097943193...
==============
[Info]Likelihood -7843523.56835 at step 7 converge to 0.0100936575...
==============
[Info]Likelihood -7783768.88952 at step 8 converge to 0.0076183463...
==============
[Info]Likelihood -7742476.60049 at step 9 converge to 0.0053049223...
==============
[Info]Likelihood -7712753.11542 at step 10 converge to 0.0038390152...
==============
[Info]Likelihood -7690139.96585 at step 11 converge to 0.0029319167...
==============
[Info]Likelihood -7672354.72028 at step 12 converge to 0.0023127337...
==============
[Info]Likelihood -7658138.70660 at step 13 converge to 0.0018528880...
==============
[Info]Likelihood -7646503.67093 at step 14 converge to 0.0015193033...
==============
[Info]Likelihood -7636797.13431 at step 15 converge to 0.0012694085...
==============
[Info]Likelihood -7628603.23975 at step 16 converge to 0.0010729491...
==============
[Info]Likelihood -7621546.48945 at step 17 converge to 0.0009250383...
==============
[Info]Likelihood -7615394.58227 at step 18 converge to 0.0008071731...
==============
[Info]Likelihood -7609939.57873 at step 19 converge to 0.0007163127...
==============
[Info]Likelihood -7605012.17974 at step 20 converge to 0.0006474952...
==============
[Info]Likelihood -7600605.98313 at step 21 converge to 0.0005793806...
==============
[Info]Likelihood -7596642.17379 at step 22 converge to 0.0005215123...
==============
[Info]Likelihood -7593034.54030 at step 23 converge to 0.0004748984...
==============
[Info]Likelihood -7589708.74891 at step 24 converge to 0.0004380056...
==============
[Info]Likelihood -7586600.04083 at step 25 converge to 0.0004095952...
==============
[Info]Likelihood -7583689.38796 at step 26 converge to 0.0003836571...
==============
[Info]Likelihood -7581014.37831 at step 27 converge to 0.0003527320...
==============
[Info]Likelihood -7578536.29049 at step 28 converge to 0.0003268808...
==============
[Info]Likelihood -7576223.66242 at step 29 converge to 0.0003051550...
==============
[Info]Likelihood -7574049.78740 at step 30 converge to 0.0002869338...
==============
[Info]Likelihood -7571993.42552 at step 31 converge to 0.0002715010...
==============
[Info]Likelihood -7570038.13172 at step 32 converge to 0.0002582271...
==============
[Info]Likelihood -7568190.65642 at step 33 converge to 0.0002440510...
==============
[Info]Likelihood -7566433.16575 at step 34 converge to 0.0002322207...
==============
[Info]Likelihood -7564738.09575 at step 35 converge to 0.0002240250...
==============
[Info]Likelihood -7563106.94975 at step 36 converge to 0.0002156249...
==============
[Info]Likelihood -7561552.90803 at step 37 converge to 0.0002054766...
==============
[Info]Likelihood -7560079.00569 at step 38 converge to 0.0001949206...
==============
[Info]Likelihood -7558690.43654 at step 39 converge to 0.0001836712...
==============
[Info]Likelihood -7557319.68202 at step 40 converge to 0.0001813481...
==============
[Info]Likelihood -7555960.40651 at step 41 converge to 0.0001798621...
==============
[Info]Likelihood -7554728.59061 at step 42 converge to 0.0001630257...
==============
[Info]Likelihood -7553580.06447 at step 43 converge to 0.0001520275...
==============
[Info]Likelihood -7552475.27709 at step 44 converge to 0.0001462601...
==============
[Info]Likelihood -7551387.72649 at step 45 converge to 0.0001439992...
==============
[Info]Likelihood -7550335.58204 at step 46 converge to 0.0001393313...
==============
[Info]Likelihood -7549346.48208 at step 47 converge to 0.0001310008...
==============
[Info]Likelihood -7548414.91133 at step 48 converge to 0.0001233975...
==============
[Info]Likelihood -7547527.47236 at step 49 converge to 0.0001175663...
[Info]Likelihood -7547527.472 after step 50 converge to 0.000118 after 129 seconds...
[Info]Analying bipartie graph: 
-- test graph: review size: 4983, item size: 226, user size: 248
[Info]Start evaluation in thread
[Stat]Test evaluation finished: 4983 docs
[Stat]0 part has 659.000000 docs: perplexity is 2044.690 and log-likelihood is -398.478
[Stat]1 part has 1295.000000 docs: perplexity is 1933.746 and log-likelihood is -425.219
[Stat]2 part has 1008.000000 docs: perplexity is 2135.242 and log-likelihood is -366.775
[Stat]3 part has 2021.000000 docs: perplexity is 1982.944 and log-likelihood is -383.479
[Stat]4 part has 4983.000000 docs: perplexity is 2004.596 and log-likelihood is -392.931
[Info]multithread LDA_Focus[k:10, alpha:1.01, beta:1.00, Variational] Train/Test finished in 131.29 seconds...
TopWord FilePath:/zf18/ll5fy/lab/dataset/amazon_movie/byUser_70k_review/output/5foldsCVColdstart/2/LDA_Item_topWords_10.txt
Topic 0(0.08624):	bond(0.02333)	jame(0.01671)	earth(0.01573)	planet(0.01118)	ship(0.01042)	episod(0.00902)	crew(0.00856)	termin(0.00826)	mission(0.00816)	jone(0.00813)	cameron(0.00758)	sequenc(0.00638)	luca(0.00625)	save(0.00591)	futur(0.00582)	ford(0.00561)	technolog(0.00541)	trek(0.00538)	return(0.00495)	destroy(0.00461)	visual(0.00455)	indiana(0.00452)	royal(0.00429)	casino(0.00413)	avatar(0.00408)	attack(0.00403)	titan(0.00401)	battl(0.00378)	lost(0.00372)	villain(0.00365)	
Topic 1(0.10140):	oscar(0.01611)	quot(0.01547)	dream(0.01366)	jack(0.01272)	frank(0.01070)	award(0.00962)	brilliant(0.00941)	drug(0.00935)	robert(0.00790)	money(0.00769)	hollywood(0.00757)	matt(0.00714)	damon(0.00692)	drama(0.00664)	support(0.00643)	russel(0.00622)	career(0.00619)	crow(0.00607)	academi(0.00597)	pitt(0.00536)	train(0.00530)	manag(0.00505)	nicholson(0.00501)	brad(0.00501)	case(0.00495)	talent(0.00492)	rocki(0.00485)	paul(0.00481)	billi(0.00459)	dollar(0.00447)	
Topic 2(0.10384):	violenc(0.01172)	citi(0.00676)	willi(0.00646)	predat(0.00568)	violent(0.00566)	brutal(0.00564)	order(0.00559)	hugh(0.00553)	prison(0.00547)	york(0.00536)	dicaprio(0.00521)	gang(0.00502)	futur(0.00500)	natur(0.00493)	govern(0.00483)	side(0.00482)	free(0.00469)	societi(0.00469)	save(0.00458)	gibson(0.00446)	island(0.00444)	blood(0.00426)	scorses(0.00408)	situat(0.00388)	kubrick(0.00370)	danger(0.00367)	villag(0.00367)	protect(0.00362)	unit(0.00355)	graphic(0.00350)	
Topic 3(0.10351):	comedi(0.02398)	laugh(0.01770)	humor(0.01699)	anim(0.01493)	voic(0.00999)	hilari(0.00997)	song(0.00971)	black(0.00952)	potter(0.00877)	joke(0.00841)	rock(0.00657)	favorit(0.00630)	sing(0.00578)	william(0.00528)	rent(0.00507)	danc(0.00496)	night(0.00493)	race(0.00489)	magic(0.00464)	ferrel(0.00425)	pixar(0.00422)	owen(0.00396)	serious(0.00394)	stiller(0.00382)	talent(0.00378)	andi(0.00377)	number(0.00359)	amus(0.00356)	cute(0.00348)	talk(0.00345)	
Topic 4(0.11389):	dead(0.01466)	monster(0.01374)	bruce(0.01149)	spiderman(0.01147)	peter(0.01113)	villain(0.00938)	transform(0.00937)	hero(0.00913)	citi(0.00824)	superhero(0.00792)	bore(0.00735)	cool(0.00719)	robot(0.00696)	evil(0.00660)	sequenc(0.00640)	amaz(0.00626)	creatur(0.00557)	serious(0.00546)	matrix(0.00525)	wayn(0.00500)	michael(0.00491)	bale(0.00475)	save(0.00471)	return(0.00464)	reev(0.00461)	half(0.00461)	flick(0.00454)	develop(0.00434)	wast(0.00428)	blade(0.00424)	
Topic 5(0.09506):	polit(0.01076)	georg(0.00871)	brother(0.00841)	david(0.00815)	fiction(0.00810)	countri(0.00725)	edward(0.00701)	presid(0.00699)	histori(0.00690)	washington(0.00639)	truth(0.00622)	moor(0.00581)	public(0.00516)	case(0.00499)	bill(0.00484)	secret(0.00471)	cage(0.00468)	charli(0.00454)	white(0.00451)	black(0.00439)	support(0.00432)	michael(0.00430)	piec(0.00428)	night(0.00369)	news(0.00366)	major(0.00360)	barri(0.00357)	moral(0.00343)	issu(0.00342)	bush(0.00338)	
Topic 6(0.12446):	hous(0.01921)	michael(0.01280)	suspens(0.01154)	remak(0.01131)	killer(0.01081)	night(0.01075)	town(0.00938)	thriller(0.00924)	twist(0.00850)	room(0.00798)	gore(0.00788)	flick(0.00761)	halloween(0.00743)	blood(0.00721)	genr(0.00667)	game(0.00666)	dead(0.00658)	victim(0.00571)	ghost(0.00522)	atmospher(0.00505)	evil(0.00491)	bodi(0.00482)	strang(0.00462)	door(0.00450)	phone(0.00445)	jump(0.00418)	myer(0.00417)	hell(0.00405)	terror(0.00382)	walk(0.00378)	
Topic 7(0.08429):	edit(0.03000)	commentari(0.01894)	video(0.01805)	qualiti(0.01793)	audio(0.01656)	product(0.01641)	disc(0.01368)	digit(0.01148)	rate(0.01095)	track(0.01002)	documentari(0.00992)	shot(0.00946)	theatric(0.00943)	soundtrack(0.00892)	bourn(0.00853)	collect(0.00842)	delet(0.00838)	talk(0.00823)	produc(0.00821)	featurett(0.00819)	visual(0.00800)	transfer(0.00752)	interview(0.00746)	camera(0.00714)	hulk(0.00680)	mari(0.00622)	materi(0.00619)	white(0.00612)	cinematographi(0.00597)	kbps(0.00589)	
Topic 8(0.09912):	daughter(0.01542)	mother(0.01405)	father(0.00959)	husband(0.00929)	iron(0.00792)	romant(0.00637)	sister(0.00576)	plane(0.00530)	alex(0.00511)	kidman(0.00506)	hoffman(0.00492)	lost(0.00488)	toni(0.00472)	understand(0.00436)	adam(0.00432)	marri(0.00420)	robert(0.00361)	cold(0.00358)	hall(0.00353)	nicol(0.00346)	romanc(0.00330)	flight(0.00322)	support(0.00313)	natur(0.00307)	sandler(0.00304)	touch(0.00302)	talent(0.00293)	parti(0.00291)	fine(0.00289)	pain(0.00285)	
Topic 9(0.08819):	battl(0.01850)	king(0.01835)	tale(0.01492)	ring(0.00977)	depp(0.00900)	johnni(0.00881)	soldier(0.00857)	lord(0.00806)	epic(0.00786)	visual(0.00765)	father(0.00706)	hero(0.00681)	captain(0.00680)	pirat(0.00677)	hank(0.00662)	queen(0.00599)	armi(0.00577)	magic(0.00572)	return(0.00570)	princ(0.00564)	japanes(0.00557)	histori(0.00542)	histor(0.00479)	imagin(0.00464)	jack(0.00438)	toro(0.00380)	carter(0.00371)	princess(0.00363)	beast(0.00355)	mountain(0.00355)	
251 users are loaded from /zf18/ll5fy/lab/dataset/amazon_movie/byUser_70k_review/5foldsCVColdstart/3/...
235 users are loaded from /zf18/ll5fy/lab/dataset/amazon_movie/byUser_70k_review/5foldsCVColdstart/0/...
237 users are loaded from /zf18/ll5fy/lab/dataset/amazon_movie/byUser_70k_review/5foldsCVColdstart/1/...
248 users are loaded from /zf18/ll5fy/lab/dataset/amazon_movie/byUser_70k_review/5foldsCVColdstart/2/...
240 users are loaded from /zf18/ll5fy/lab/dataset/amazon_movie/byUser_70k_review/5foldsCVColdstart/4/...
====================
[Info]Fold No. 3: 
[Info]Analzying corpus: 
...........-- Global corpus: vocabulary size: 7680, review size: 26309, item size: 838, user size: 835
train size = 20753, test size = 5556....
[Info]Analying bipartie graph: 
-- train graph: review size: 20753, item size: 750, user size: 741
[Info]EM Starting multithread LDA_Focus[k:10, alpha:1.01, beta:1.00, Variational]...
==============
[Info]Likelihood -7989029.07108 at step 0 converge to 1.0000000000...
==============
[Info]Likelihood -7987775.32964 at step 1 converge to 0.0001569329...
==============
[Info]Likelihood -7985979.52665 at step 2 converge to 0.0002248189...
==============
[Info]Likelihood -7980661.43049 at step 3 converge to 0.0006659291...
==============
[Info]Likelihood -7963112.01119 at step 4 converge to 0.0021989931...
==============
[Info]Likelihood -7917844.47811 at step 5 converge to 0.0056846536...
==============
[Info]Likelihood -7842056.83777 at step 6 converge to 0.0095717516...
==============
[Info]Likelihood -7764970.84421 at step 7 converge to 0.0098298183...
==============
[Info]Likelihood -7709160.76042 at step 8 converge to 0.0071874170...
==============
[Info]Likelihood -7670996.78253 at step 9 converge to 0.0049504711...
==============
[Info]Likelihood -7643405.97235 at step 10 converge to 0.0035967699...
==============
[Info]Likelihood -7622278.29135 at step 11 converge to 0.0027641710...
==============
[Info]Likelihood -7605419.80040 at step 12 converge to 0.0022117391...
==============
[Info]Likelihood -7591604.88471 at step 13 converge to 0.0018164567...
==============
[Info]Likelihood -7579994.31200 at step 14 converge to 0.0015293963...
==============
[Info]Likelihood -7569994.83339 at step 15 converge to 0.0013191934...
==============
[Info]Likelihood -7561330.26483 at step 16 converge to 0.0011445937...
==============
[Info]Likelihood -7553690.30751 at step 17 converge to 0.0010103986...
==============
[Info]Likelihood -7546865.35897 at step 18 converge to 0.0009035251...
==============
[Info]Likelihood -7540716.89964 at step 19 converge to 0.0008147037...
==============
[Info]Likelihood -7535141.71749 at step 20 converge to 0.0007393438...
==============
[Info]Likelihood -7530085.52563 at step 21 converge to 0.0006710148...
==============
[Info]Likelihood -7525505.59607 at step 22 converge to 0.0006082175...
==============
[Info]Likelihood -7521356.90726 at step 23 converge to 0.0005512837...
==============
[Info]Likelihood -7517548.61408 at step 24 converge to 0.0005063306...
==============
[Info]Likelihood -7514016.34800 at step 25 converge to 0.0004698694...
==============
[Info]Likelihood -7510730.34685 at step 26 converge to 0.0004373162...
==============
[Info]Likelihood -7507679.68523 at step 27 converge to 0.0004061738...
==============
[Info]Likelihood -7504843.04838 at step 28 converge to 0.0003778314...
==============
[Info]Likelihood -7502181.31551 at step 29 converge to 0.0003546687...
==============
[Info]Likelihood -7499667.52486 at step 30 converge to 0.0003350746...
==============
[Info]Likelihood -7497280.27882 at step 31 converge to 0.0003183136...
==============
[Info]Likelihood -7495004.89039 at step 32 converge to 0.0003034952...
==============
[Info]Likelihood -7492832.41934 at step 33 converge to 0.0002898559...
==============
[Info]Likelihood -7490751.84194 at step 34 converge to 0.0002776757...
==============
[Info]Likelihood -7488742.91870 at step 35 converge to 0.0002681871...
==============
[Info]Likelihood -7486810.86300 at step 36 converge to 0.0002579947...
==============
[Info]Likelihood -7484979.54026 at step 37 converge to 0.0002446065...
==============
[Info]Likelihood -7483240.63122 at step 38 converge to 0.0002323198...
==============
[Info]Likelihood -7481585.24556 at step 39 converge to 0.0002212124...
==============
[Info]Likelihood -7480006.32240 at step 40 converge to 0.0002110413...
==============
[Info]Likelihood -7478493.78556 at step 41 converge to 0.0002022106...
==============
[Info]Likelihood -7477032.83513 at step 42 converge to 0.0001953536...
==============
[Info]Likelihood -7475623.94741 at step 43 converge to 0.0001884287...
==============
[Info]Likelihood -7474279.27746 at step 44 converge to 0.0001798739...
==============
[Info]Likelihood -7472996.00341 at step 45 converge to 0.0001716920...
==============
[Info]Likelihood -7471764.92661 at step 46 converge to 0.0001647367...
==============
[Info]Likelihood -7470569.41926 at step 47 converge to 0.0001600033...
==============
[Info]Likelihood -7469371.45392 at step 48 converge to 0.0001603580...
==============
[Info]Likelihood -7468159.03070 at step 49 converge to 0.0001623193...
[Info]Likelihood -7468159.031 after step 50 converge to 0.000162 after 167 seconds...
[Info]Analying bipartie graph: 
-- test graph: review size: 5556, item size: 264, user size: 251
[Info]Start evaluation in thread
[Stat]Test evaluation finished: 5556 docs
[Stat]0 part has 690.000000 docs: perplexity is 2064.912 and log-likelihood is -365.967
[Stat]1 part has 1416.000000 docs: perplexity is 1927.668 and log-likelihood is -380.815
[Stat]2 part has 1155.000000 docs: perplexity is 2041.432 and log-likelihood is -366.507
[Stat]3 part has 2295.000000 docs: perplexity is 1828.935 and log-likelihood is -360.735
[Stat]4 part has 5556.000000 docs: perplexity is 1925.282 and log-likelihood is -367.702
[Info]multithread LDA_Focus[k:10, alpha:1.01, beta:1.00, Variational] Train/Test finished in 169.20 seconds...
TopWord FilePath:/zf18/ll5fy/lab/dataset/amazon_movie/byUser_70k_review/output/5foldsCVColdstart/3/LDA_Item_topWords_10.txt
Topic 0(0.09824):	bond(0.02311)	violenc(0.01746)	thriller(0.01513)	twist(0.01438)	killer(0.01095)	blood(0.01082)	jame(0.01054)	frank(0.00994)	violent(0.00861)	suspens(0.00846)	brutal(0.00768)	secret(0.00687)	hank(0.00640)	victim(0.00628)	crow(0.00603)	graphic(0.00602)	polic(0.00526)	brilliant(0.00526)	russel(0.00488)	gibson(0.00481)	intens(0.00461)	clue(0.00452)	game(0.00449)	intrigu(0.00429)	royal(0.00416)	cold(0.00404)	case(0.00403)	shot(0.00391)	hunt(0.00383)	histori(0.00381)	
Topic 1(0.12738):	michael(0.01544)	flick(0.01400)	bore(0.01266)	half(0.01043)	cool(0.01030)	remak(0.00837)	wait(0.00809)	felt(0.00778)	stupid(0.00773)	wast(0.00712)	hate(0.00711)	halloween(0.00686)	total(0.00684)	predat(0.00681)	episod(0.00665)	basic(0.00635)	horribl(0.00600)	averag(0.00555)	dragon(0.00548)	money(0.00545)	rate(0.00542)	pick(0.00536)	rent(0.00495)	reveng(0.00465)	lack(0.00459)	wors(0.00457)	serious(0.00437)	slow(0.00437)	talk(0.00436)	sort(0.00431)	
Topic 2(0.08562):	edit(0.02725)	commentari(0.01880)	video(0.01546)	qualiti(0.01540)	audio(0.01402)	product(0.01303)	disc(0.01240)	interview(0.01085)	documentari(0.01069)	iron(0.00986)	shot(0.00947)	digit(0.00946)	theatric(0.00918)	visual(0.00904)	track(0.00891)	featurett(0.00872)	talk(0.00831)	delet(0.00802)	soundtrack(0.00780)	hugh(0.00777)	transfer(0.00738)	collect(0.00730)	produc(0.00682)	toni(0.00661)	david(0.00626)	footag(0.00622)	subtitl(0.00589)	white(0.00550)	bonus(0.00545)	amaz(0.00542)	
Topic 3(0.07723):	bruce(0.01591)	citi(0.01078)	brother(0.01053)	christian(0.00914)	bale(0.00808)	wayn(0.00760)	moor(0.00722)	race(0.00712)	knight(0.00705)	pitt(0.00702)	robin(0.00689)	michael(0.00682)	morgan(0.00613)	daniel(0.00608)	brad(0.00588)	kidman(0.00532)	christoph(0.00519)	epic(0.00512)	father(0.00509)	neeson(0.00499)	food(0.00497)	carrey(0.00471)	ring(0.00457)	return(0.00441)	jeff(0.00433)	cain(0.00419)	william(0.00412)	penguin(0.00412)	gotham(0.00411)	bush(0.00411)	
Topic 4(0.10101):	comedi(0.02407)	jack(0.01707)	laugh(0.01537)	song(0.01241)	humor(0.01116)	depp(0.00930)	voic(0.00865)	johnni(0.00851)	hilari(0.00847)	romant(0.00842)	anim(0.00764)	rock(0.00755)	danc(0.00741)	sing(0.00714)	daughter(0.00703)	willi(0.00653)	nicholson(0.00601)	talent(0.00587)	romanc(0.00575)	black(0.00555)	joke(0.00554)	mother(0.00495)	number(0.00494)	marri(0.00492)	alex(0.00490)	father(0.00489)	adam(0.00463)	favorit(0.00418)	william(0.00389)	cash(0.00386)	
Topic 5(0.08018):	quot(0.01914)	earth(0.01141)	planet(0.00878)	presid(0.00819)	trek(0.00813)	crew(0.00796)	ship(0.00769)	kevin(0.00747)	ford(0.00684)	robert(0.00682)	richard(0.00636)	gang(0.00635)	return(0.00566)	jone(0.00565)	fiction(0.00563)	xmen(0.00563)	team(0.00546)	georg(0.00534)	charli(0.00465)	jame(0.00437)	quotth(0.00429)	plan(0.00421)	reev(0.00419)	west(0.00406)	bank(0.00398)	maggi(0.00392)	rest(0.00391)	michael(0.00389)	nick(0.00377)	evan(0.00367)	
Topic 6(0.10197):	dead(0.02166)	hous(0.02035)	night(0.01398)	town(0.01249)	father(0.00894)	bill(0.00892)	mother(0.00882)	husband(0.00711)	mari(0.00671)	gore(0.00658)	sister(0.00630)	road(0.00624)	remak(0.00576)	daughter(0.00558)	ghost(0.00557)	lost(0.00544)	babi(0.00543)	strang(0.00541)	door(0.00496)	drive(0.00487)	room(0.00485)	hill(0.00457)	evil(0.00436)	andi(0.00423)	robert(0.00419)	texa(0.00400)	stay(0.00394)	decid(0.00391)	hotel(0.00386)	romero(0.00382)	
Topic 7(0.09660):	king(0.01830)	monster(0.01403)	peter(0.01397)	battl(0.01167)	visual(0.01154)	creatur(0.01078)	spiderman(0.01071)	hero(0.01020)	transform(0.00986)	amaz(0.00871)	sequenc(0.00852)	evil(0.00805)	robot(0.00719)	lord(0.00700)	tale(0.00672)	anim(0.00642)	matrix(0.00634)	captain(0.00620)	blade(0.00591)	jone(0.00576)	giant(0.00539)	pirat(0.00523)	ring(0.00508)	return(0.00499)	cage(0.00497)	superhero(0.00487)	kong(0.00443)	magic(0.00415)	villain(0.00402)	comput(0.00397)	
Topic 8(0.10313):	soldier(0.00900)	govern(0.00782)	save(0.00708)	attack(0.00696)	unit(0.00659)	militari(0.00656)	battl(0.00638)	bourn(0.00626)	train(0.00623)	matt(0.00615)	countri(0.00613)	termin(0.00605)	mission(0.00561)	washington(0.00539)	damon(0.00514)	daughter(0.00512)	plane(0.00512)	control(0.00510)	citi(0.00501)	general(0.00448)	order(0.00440)	japanes(0.00438)	hero(0.00428)	ryan(0.00414)	situat(0.00405)	terrorist(0.00402)	oper(0.00400)	polit(0.00395)	protect(0.00393)	futur(0.00382)	
Topic 9(0.12864):	oscar(0.01120)	dream(0.00794)	understand(0.00761)	support(0.00656)	award(0.00593)	polit(0.00578)	brilliant(0.00540)	potter(0.00526)	drama(0.00520)	drug(0.00515)	histori(0.00511)	issu(0.00480)	moral(0.00468)	simpli(0.00465)	deal(0.00452)	natur(0.00442)	theme(0.00433)	black(0.00422)	difficult(0.00418)	cameron(0.00410)	grow(0.00406)	societi(0.00405)	struggl(0.00403)	focus(0.00378)	order(0.00373)	career(0.00371)	imagin(0.00358)	develop(0.00355)	cultur(0.00348)	academi(0.00342)	
240 users are loaded from /zf18/ll5fy/lab/dataset/amazon_movie/byUser_70k_review/5foldsCVColdstart/4/...
235 users are loaded from /zf18/ll5fy/lab/dataset/amazon_movie/byUser_70k_review/5foldsCVColdstart/0/...
237 users are loaded from /zf18/ll5fy/lab/dataset/amazon_movie/byUser_70k_review/5foldsCVColdstart/1/...
248 users are loaded from /zf18/ll5fy/lab/dataset/amazon_movie/byUser_70k_review/5foldsCVColdstart/2/...
251 users are loaded from /zf18/ll5fy/lab/dataset/amazon_movie/byUser_70k_review/5foldsCVColdstart/3/...
====================
[Info]Fold No. 4: 
[Info]Analzying corpus: 
...........-- Global corpus: vocabulary size: 7680, review size: 26309, item size: 838, user size: 835
train size = 20717, test size = 5592....
[Info]Analying bipartie graph: 
-- train graph: review size: 20717, item size: 749, user size: 747
[Info]EM Starting multithread LDA_Focus[k:10, alpha:1.01, beta:1.00, Variational]...
==============
[Info]Likelihood -7747697.00325 at step 0 converge to 1.0000000000...
==============
[Info]Likelihood -7746452.15594 at step 1 converge to 0.0001606732...
==============
[Info]Likelihood -7744626.53358 at step 2 converge to 0.0002356721...
==============
[Info]Likelihood -7738911.53784 at step 3 converge to 0.0007379305...
==============
[Info]Likelihood -7720555.08099 at step 4 converge to 0.0023719688...
==============
[Info]Likelihood -7675382.82756 at step 5 converge to 0.0058509075...
==============
[Info]Likelihood -7601624.83833 at step 6 converge to 0.0096096821...
==============
[Info]Likelihood -7527193.87782 at step 7 converge to 0.0097914541...
==============
[Info]Likelihood -7471053.84154 at step 8 converge to 0.0074582955...
==============
[Info]Likelihood -7431643.54077 at step 9 converge to 0.0052750658...
==============
[Info]Likelihood -7403501.14938 at step 10 converge to 0.0037868328...
==============
[Info]Likelihood -7382531.31901 at step 11 converge to 0.0028324208...
==============
[Info]Likelihood -7366138.55158 at step 12 converge to 0.0022204806...
==============
[Info]Likelihood -7352796.76935 at step 13 converge to 0.0018112315...
==============
[Info]Likelihood -7341558.98281 at step 14 converge to 0.0015283690...
==============
[Info]Likelihood -7331832.32883 at step 15 converge to 0.0013248758...
==============
[Info]Likelihood -7323312.34459 at step 16 converge to 0.0011620539...
==============
[Info]Likelihood -7315726.42888 at step 17 converge to 0.0010358585...
==============
[Info]Likelihood -7308889.44099 at step 18 converge to 0.0009345604...
==============
[Info]Likelihood -7302726.27089 at step 19 converge to 0.0008432430...
==============
[Info]Likelihood -7297187.85834 at step 20 converge to 0.0007584034...
==============
[Info]Likelihood -7292231.77466 at step 21 converge to 0.0006791772...
==============
[Info]Likelihood -7287769.39769 at step 22 converge to 0.0006119357...
==============
[Info]Likelihood -7283721.73498 at step 23 converge to 0.0005554049...
==============
[Info]Likelihood -7280048.59579 at step 24 converge to 0.0005042943...
==============
[Info]Likelihood -7276728.44709 at step 25 converge to 0.0004560613...
==============
[Info]Likelihood -7273702.17861 at step 26 converge to 0.0004158831...
==============
[Info]Likelihood -7270900.44246 at step 27 converge to 0.0003851871...
==============
[Info]Likelihood -7268294.95720 at step 28 converge to 0.0003583442...
==============
[Info]Likelihood -7265880.45290 at step 29 converge to 0.0003321968...
==============
[Info]Likelihood -7263634.25263 at step 30 converge to 0.0003091436...
==============
[Info]Likelihood -7261525.37054 at step 31 converge to 0.0002903343...
==============
[Info]Likelihood -7259544.22470 at step 32 converge to 0.0002728278...
==============
[Info]Likelihood -7257688.11110 at step 33 converge to 0.0002556791...
==============
[Info]Likelihood -7255951.51995 at step 34 converge to 0.0002392761...
==============
[Info]Likelihood -7254308.38820 at step 35 converge to 0.0002264530...
==============
[Info]Likelihood -7252730.06928 at step 36 converge to 0.0002175699...
==============
[Info]Likelihood -7251223.49953 at step 37 converge to 0.0002077245...
==============
[Info]Likelihood -7249792.57871 at step 38 converge to 0.0001973351...
==============
[Info]Likelihood -7248428.29263 at step 39 converge to 0.0001881828...
==============
[Info]Likelihood -7247110.88258 at step 40 converge to 0.0001817511...
==============
[Info]Likelihood -7245827.04850 at step 41 converge to 0.0001771512...
==============
[Info]Likelihood -7244585.22989 at step 42 converge to 0.0001713840...
==============
[Info]Likelihood -7243411.77094 at step 43 converge to 0.0001619774...
==============
[Info]Likelihood -7242301.95157 at step 44 converge to 0.0001532178...
==============
[Info]Likelihood -7241245.77109 at step 45 converge to 0.0001458349...
==============
[Info]Likelihood -7240232.58466 at step 46 converge to 0.0001399188...
==============
[Info]Likelihood -7239244.66334 at step 47 converge to 0.0001364488...
==============
[Info]Likelihood -7238257.83396 at step 48 converge to 0.0001363166...
==============
[Info]Likelihood -7237307.08899 at step 49 converge to 0.0001313500...
[Info]Likelihood -7237307.089 after step 50 converge to 0.000131 after 148 seconds...
[Info]Analying bipartie graph: 
-- test graph: review size: 5592, item size: 263, user size: 240
[Info]Start evaluation in thread
[Stat]Test evaluation finished: 5592 docs
[Stat]0 part has 726.000000 docs: perplexity is 2220.186 and log-likelihood is -425.153
[Stat]1 part has 1348.000000 docs: perplexity is 2084.944 and log-likelihood is -413.075
[Stat]2 part has 1203.000000 docs: perplexity is 1932.515 and log-likelihood is -416.376
[Stat]3 part has 2315.000000 docs: perplexity is 1777.895 and log-likelihood is -391.194
[Stat]4 part has 5592.000000 docs: perplexity is 1938.952 and log-likelihood is -406.295
[Info]multithread LDA_Focus[k:10, alpha:1.01, beta:1.00, Variational] Train/Test finished in 150.06 seconds...
TopWord FilePath:/zf18/ll5fy/lab/dataset/amazon_movie/byUser_70k_review/output/5foldsCVColdstart/4/LDA_Item_topWords_10.txt
Topic 0(0.08341):	peter(0.01498)	spiderman(0.01248)	iron(0.01147)	episod(0.01115)	superhero(0.00996)	mari(0.00973)	hero(0.00842)	toni(0.00780)	knight(0.00743)	villain(0.00672)	andi(0.00624)	luca(0.00569)	rocki(0.00566)	lost(0.00529)	amaz(0.00524)	jane(0.00485)	keaton(0.00450)	maggi(0.00445)	robert(0.00431)	bill(0.00408)	translat(0.00393)	suit(0.00393)	citi(0.00385)	godfath(0.00382)	babi(0.00380)	aveng(0.00374)	match(0.00372)	father(0.00366)	streep(0.00361)	romanc(0.00348)	
Topic 1(0.10203):	violenc(0.01138)	histori(0.01117)	battl(0.01116)	soldier(0.00928)	natur(0.00651)	general(0.00611)	side(0.00586)	histor(0.00570)	brutal(0.00543)	societi(0.00536)	return(0.00535)	cultur(0.00508)	countri(0.00498)	order(0.00477)	graphic(0.00471)	reev(0.00466)	japanes(0.00465)	violent(0.00459)	armi(0.00444)	hero(0.00440)	understand(0.00433)	save(0.00426)	russian(0.00419)	militari(0.00412)	hitler(0.00399)	tale(0.00394)	theme(0.00392)	conflict(0.00391)	captur(0.00360)	gibson(0.00354)	
Topic 2(0.08995):	edit(0.02881)	bond(0.01982)	commentari(0.01873)	qualiti(0.01569)	product(0.01494)	video(0.01456)	jame(0.01415)	disc(0.01324)	documentari(0.01203)	audio(0.01164)	track(0.01017)	interview(0.00961)	theatric(0.00896)	collect(0.00883)	digit(0.00879)	produc(0.00858)	shot(0.00825)	delet(0.00817)	soundtrack(0.00806)	featurett(0.00794)	transfer(0.00767)	talk(0.00748)	visual(0.00746)	cameron(0.00692)	standard(0.00663)	footag(0.00637)	amaz(0.00590)	rate(0.00575)	materi(0.00527)	carrey(0.00526)	
Topic 3(0.10325):	earth(0.01403)	fiction(0.01121)	citi(0.01063)	planet(0.00963)	crew(0.00949)	ship(0.00942)	futur(0.00908)	mission(0.00765)	attack(0.00758)	save(0.00746)	team(0.00708)	water(0.00699)	destroy(0.00625)	matrix(0.00604)	hunt(0.00596)	predat(0.00511)	robot(0.00491)	cage(0.00480)	alex(0.00459)	scientist(0.00447)	plan(0.00442)	treasur(0.00430)	premis(0.00411)	technolog(0.00392)	comput(0.00391)	secret(0.00381)	weapon(0.00380)	sequenc(0.00375)	shyamalan(0.00375)	rescu(0.00372)	
Topic 4(0.09190):	trek(0.00872)	paul(0.00779)	presid(0.00765)	daniel(0.00673)	washington(0.00642)	unit(0.00637)	xmen(0.00625)	polit(0.00614)	crow(0.00585)	alexand(0.00576)	plane(0.00574)	oscar(0.00572)	hugh(0.00556)	brilliant(0.00551)	dream(0.00516)	hollywood(0.00507)	dicaprio(0.00488)	russel(0.00476)	drama(0.00458)	georg(0.00449)	manag(0.00438)	support(0.00419)	oliv(0.00391)	island(0.00383)	flight(0.00354)	jame(0.00342)	scorses(0.00342)	fine(0.00338)	speech(0.00333)	award(0.00333)	
Topic 5(0.10170):	jone(0.01043)	comedi(0.01012)	robert(0.01006)	father(0.00876)	drug(0.00836)	jack(0.00802)	daughter(0.00674)	kevin(0.00673)	matt(0.00671)	support(0.00636)	damon(0.00586)	husband(0.00586)	oscar(0.00580)	william(0.00549)	bourn(0.00537)	cold(0.00528)	robin(0.00513)	ford(0.00504)	kidman(0.00501)	sean(0.00487)	hoffman(0.00480)	case(0.00461)	indiana(0.00449)	boss(0.00444)	news(0.00422)	moor(0.00413)	career(0.00410)	night(0.00408)	mother(0.00403)	milk(0.00381)	
Topic 6(0.11693):	hous(0.01945)	michael(0.01461)	night(0.01422)	killer(0.01142)	town(0.01102)	thriller(0.01086)	suspens(0.01079)	twist(0.01046)	blood(0.00785)	halloween(0.00746)	remak(0.00741)	room(0.00720)	victim(0.00700)	atmospher(0.00621)	game(0.00609)	fear(0.00597)	ghost(0.00581)	strang(0.00564)	tension(0.00526)	polic(0.00512)	violenc(0.00454)	case(0.00446)	teen(0.00445)	door(0.00441)	teenag(0.00434)	gore(0.00413)	bodi(0.00413)	camera(0.00403)	genr(0.00403)	terror(0.00393)	
Topic 7(0.13288):	dead(0.01903)	quot(0.01599)	laugh(0.01373)	flick(0.01298)	bruce(0.01088)	humor(0.01047)	comedi(0.01021)	bore(0.00949)	serious(0.00917)	cool(0.00783)	stupid(0.00740)	half(0.00717)	evil(0.00647)	joke(0.00643)	remak(0.00624)	termin(0.00617)	genr(0.00614)	blade(0.00613)	hate(0.00582)	wast(0.00580)	bale(0.00574)	hilari(0.00557)	basic(0.00534)	rent(0.00517)	total(0.00503)	gore(0.00502)	dracula(0.00468)	hell(0.00468)	wait(0.00461)	type(0.00441)	
Topic 8(0.08563):	song(0.01304)	brother(0.01149)	depp(0.01061)	jack(0.01043)	frank(0.00969)	johnni(0.00941)	willi(0.00824)	hank(0.00792)	sing(0.00784)	danc(0.00735)	potter(0.00696)	pirat(0.00659)	villag(0.00632)	charli(0.00606)	pitt(0.00597)	daughter(0.00575)	brad(0.00555)	oscar(0.00554)	queen(0.00536)	black(0.00532)	nicholson(0.00517)	edward(0.00510)	carter(0.00502)	rock(0.00498)	father(0.00471)	william(0.00442)	wood(0.00431)	billi(0.00419)	cash(0.00417)	prison(0.00405)	
Topic 9(0.09230):	anim(0.02075)	king(0.01978)	monster(0.01425)	voic(0.01088)	ring(0.01016)	visual(0.00986)	tale(0.00978)	transform(0.00941)	creatur(0.00893)	lord(0.00809)	magic(0.00804)	battl(0.00687)	amaz(0.00673)	race(0.00647)	black(0.00639)	white(0.00637)	wall(0.00581)	imagin(0.00539)	epic(0.00538)	sequenc(0.00510)	dragon(0.00504)	evil(0.00478)	hero(0.00475)	kong(0.00465)	giant(0.00430)	impress(0.00421)	dream(0.00399)	simpli(0.00388)	princess(0.00379)	camera(0.00373)	

Part 0 -----------------Valid folds: 5
[Stat]Loglikelihood -391.685+/-20.500
[Stat]Perplexity 2118.418+/-70.481
Part 1 -----------------Valid folds: 5
[Stat]Loglikelihood -403.484+/-18.755
[Stat]Perplexity 1990.462+/-60.468
Part 2 -----------------Valid folds: 5
[Stat]Loglikelihood -377.350+/-20.801
[Stat]Perplexity 2047.234+/-84.191
Part 3 -----------------Valid folds: 5
[Stat]Loglikelihood -383.392+/-15.787
[Stat]Perplexity 1876.460+/-87.681
Part 4 -----------------Valid folds: 5
[Stat]Loglikelihood -388.334+/-15.814
[Stat]Perplexity 1969.543+/-40.593
