Load 7680 1-gram new features from /zf18/ll5fy/lab/dataset/amazon_movie/amazon_movie_features.txt...
841 users are loaded from /zf18/ll5fy/lab/dataset/amazon_movie/byUser_70k_review/data/...
Info File Path: /zf18/ll5fy/lab/dataset/amazon_movie/byUser_70k_review/output/5foldsCVColdstart/LDA_Variational_info.txt
[Info]Start FIXED cross validation...
235 users are loaded from /zf18/ll5fy/lab/dataset/amazon_movie/byUser_70k_review/5foldsCVColdstart/0/...
237 users are loaded from /zf18/ll5fy/lab/dataset/amazon_movie/byUser_70k_review/5foldsCVColdstart/1/...
248 users are loaded from /zf18/ll5fy/lab/dataset/amazon_movie/byUser_70k_review/5foldsCVColdstart/2/...
251 users are loaded from /zf18/ll5fy/lab/dataset/amazon_movie/byUser_70k_review/5foldsCVColdstart/3/...
240 users are loaded from /zf18/ll5fy/lab/dataset/amazon_movie/byUser_70k_review/5foldsCVColdstart/4/...
====================
[Info]Fold No. 0: 
train size = 20962, test size = 5347....
[Info]EM Starting multithread LDA[k:5, alpha:1.01, beta:1.00, Variational]...
==============
[Info]Likelihood -8119673.00021 at step 0 converge to 1.0000000000...
==============
[Info]Likelihood -8118830.16405 at step 1 converge to 0.0001038017...
==============
[Info]Likelihood -8116673.40235 at step 2 converge to 0.0002656493...
==============
[Info]Likelihood -8106837.48407 at step 3 converge to 0.0012118164...
==============
[Info]Likelihood -8075741.82488 at step 4 converge to 0.0038357324...
==============
[Info]Likelihood -8022557.78221 at step 5 converge to 0.0065856542...
==============
[Info]Likelihood -7971907.33534 at step 6 converge to 0.0063135035...
==============
[Info]Likelihood -7936732.46586 at step 7 converge to 0.0044123530...
==============
[Info]Likelihood -7912575.92409 at step 8 converge to 0.0030436382...
==============
[Info]Likelihood -7894897.34745 at step 9 converge to 0.0022342379...
==============
[Info]Likelihood -7881247.99499 at step 10 converge to 0.0017288828...
==============
[Info]Likelihood -7870320.60776 at step 11 converge to 0.0013865047...
==============
[Info]Likelihood -7861455.58409 at step 12 converge to 0.0011263866...
==============
[Info]Likelihood -7854230.42327 at step 13 converge to 0.0009190615...
==============
[Info]Likelihood -7848302.06364 at step 14 converge to 0.0007547983...
==============
[Info]Likelihood -7843377.64662 at step 15 converge to 0.0006274500...
==============
[Info]Likelihood -7839205.59728 at step 16 converge to 0.0005319200...
==============
[Info]Likelihood -7835607.76362 at step 17 converge to 0.0004589539...
==============
[Info]Likelihood -7832469.46361 at step 18 converge to 0.0004005178...
==============
[Info]Likelihood -7829681.68754 at step 19 converge to 0.0003559256...
==============
[Info]Likelihood -7827166.89356 at step 20 converge to 0.0003211873...
==============
[Info]Likelihood -7824909.88589 at step 21 converge to 0.0002883556...
==============
[Info]Likelihood -7822904.85507 at step 22 converge to 0.0002562369...
==============
[Info]Likelihood -7821108.09423 at step 23 converge to 0.0002296795...
==============
[Info]Likelihood -7819461.70494 at step 24 converge to 0.0002105059...
==============
[Info]Likelihood -7817964.40549 at step 25 converge to 0.0001914837...
==============
[Info]Likelihood -7816606.91785 at step 26 converge to 0.0001736370...
==============
[Info]Likelihood -7815371.93800 at step 27 converge to 0.0001579944...
==============
[Info]Likelihood -7814242.32692 at step 28 converge to 0.0001445371...
==============
[Info]Likelihood -7813214.89311 at step 29 converge to 0.0001314822...
==============
[Info]Likelihood -7812282.12009 at step 30 converge to 0.0001193840...
==============
[Info]Likelihood -7811408.62535 at step 31 converge to 0.0001118104...
==============
[Info]Likelihood -7810589.51829 at step 32 converge to 0.0001048604...
==============
[Info]Likelihood -7809831.45191 at step 33 converge to 0.0000970562...
==============
[Info]Likelihood -7809146.00400 at step 34 converge to 0.0000877673...
==============
[Info]Likelihood -7808532.68193 at step 35 converge to 0.0000785389...
==============
[Info]Likelihood -7807967.25445 at step 36 converge to 0.0000724115...
==============
[Info]Likelihood -7807424.55238 at step 37 converge to 0.0000695062...
==============
[Info]Likelihood -7806899.58691 at step 38 converge to 0.0000672393...
==============
[Info]Likelihood -7806390.68278 at step 39 converge to 0.0000651865...
==============
[Info]Likelihood -7805902.83199 at step 40 converge to 0.0000624938...
==============
[Info]Likelihood -7805438.34152 at step 41 converge to 0.0000595050...
==============
[Info]Likelihood -7805002.91710 at step 42 converge to 0.0000557847...
==============
[Info]Likelihood -7804605.61206 at step 43 converge to 0.0000509039...
==============
[Info]Likelihood -7804237.30612 at step 44 converge to 0.0000471908...
==============
[Info]Likelihood -7803867.38716 at step 45 converge to 0.0000473998...
==============
[Info]Likelihood -7803507.50385 at step 46 converge to 0.0000461160...
==============
[Info]Likelihood -7803195.53499 at step 47 converge to 0.0000399780...
==============
[Info]Likelihood -7802924.02070 at step 48 converge to 0.0000347953...
==============
[Info]Likelihood -7802678.84552 at step 49 converge to 0.0000314209...
[Info]Likelihood -7802678.846 after step 50 converge to 0.000031 after 128 seconds...
[Info]Start evaluation in thread
[Stat]Test set perplexity is 2181.860 and log-likelihood is -408.858
[Info]multithread LDA[k:5, alpha:1.01, beta:1.00, Variational] Train/Test finished in 129.82 seconds...
TopWord FilePath:/zf18/ll5fy/lab/dataset/amazon_movie/byUser_70k_review/output/5foldsCVColdstart/0/LDA_Variational_topWords_5.txt
Topic 0(0.19724):	hero(0.00832)	villain(0.00727)	bruce(0.00682)	sequenc(0.00679)	cool(0.00601)	jone(0.00577)	serious(0.00553)	visual(0.00552)	spiderman(0.00491)	amaz(0.00470)	superhero(0.00446)	michael(0.00429)	peter(0.00420)	save(0.00410)	futur(0.00404)	citi(0.00394)	flick(0.00388)	return(0.00383)	blade(0.00381)	humor(0.00380)	half(0.00379)	xmen(0.00375)	willi(0.00361)	bore(0.00357)	evil(0.00354)	iron(0.00349)	develop(0.00339)	impress(0.00337)	total(0.00327)	predat(0.00315)	
Topic 1(0.22676):	dead(0.01027)	hous(0.00981)	night(0.00870)	michael(0.00861)	remak(0.00738)	suspens(0.00629)	town(0.00611)	thriller(0.00584)	blood(0.00568)	killer(0.00548)	twist(0.00509)	violenc(0.00488)	evil(0.00454)	gore(0.00442)	room(0.00431)	depp(0.00430)	flick(0.00417)	game(0.00413)	halloween(0.00406)	walk(0.00389)	strang(0.00384)	daughter(0.00378)	johnni(0.00372)	camera(0.00370)	monster(0.00365)	atmospher(0.00358)	genr(0.00356)	victim(0.00350)	potter(0.00348)	shot(0.00341)	
Topic 2(0.15581):	bond(0.01670)	edit(0.01540)	comedi(0.01506)	commentari(0.01045)	video(0.00922)	jame(0.00837)	audio(0.00830)	laugh(0.00810)	qualiti(0.00768)	disc(0.00737)	black(0.00659)	digit(0.00640)	product(0.00635)	bill(0.00611)	documentari(0.00609)	interview(0.00560)	hilari(0.00559)	humor(0.00544)	jack(0.00544)	theatric(0.00532)	delet(0.00481)	featurett(0.00477)	produc(0.00472)	rate(0.00465)	robert(0.00447)	sean(0.00446)	transfer(0.00430)	track(0.00416)	oscar(0.00386)	joke(0.00384)	
Topic 3(0.19406):	anim(0.00995)	quot(0.00945)	king(0.00834)	voic(0.00680)	father(0.00614)	tale(0.00561)	mother(0.00536)	magic(0.00506)	visual(0.00473)	daughter(0.00462)	return(0.00457)	dream(0.00451)	robot(0.00449)	episod(0.00439)	oscar(0.00416)	matrix(0.00397)	song(0.00379)	battl(0.00361)	romant(0.00359)	lord(0.00348)	touch(0.00346)	kidman(0.00344)	william(0.00330)	queen(0.00326)	jack(0.00318)	ring(0.00315)	marri(0.00314)	brilliant(0.00306)	nicholson(0.00303)	imagin(0.00302)	
Topic 4(0.22612):	earth(0.00541)	polit(0.00509)	histori(0.00502)	battl(0.00457)	ship(0.00448)	crew(0.00411)	save(0.00406)	countri(0.00401)	planet(0.00389)	govern(0.00355)	mission(0.00355)	unit(0.00347)	soldier(0.00346)	order(0.00339)	captain(0.00321)	side(0.00318)	citi(0.00310)	trek(0.00304)	control(0.00293)	militari(0.00291)	fiction(0.00291)	attack(0.00286)	hank(0.00286)	histor(0.00283)	race(0.00282)	hollywood(0.00281)	manag(0.00276)	presid(0.00267)	natur(0.00267)	general(0.00264)	
237 users are loaded from /zf18/ll5fy/lab/dataset/amazon_movie/byUser_70k_review/5foldsCVColdstart/1/...
235 users are loaded from /zf18/ll5fy/lab/dataset/amazon_movie/byUser_70k_review/5foldsCVColdstart/0/...
248 users are loaded from /zf18/ll5fy/lab/dataset/amazon_movie/byUser_70k_review/5foldsCVColdstart/2/...
251 users are loaded from /zf18/ll5fy/lab/dataset/amazon_movie/byUser_70k_review/5foldsCVColdstart/3/...
240 users are loaded from /zf18/ll5fy/lab/dataset/amazon_movie/byUser_70k_review/5foldsCVColdstart/4/...
====================
[Info]Fold No. 1: 
train size = 21478, test size = 4831....
[Info]EM Starting multithread LDA[k:5, alpha:1.01, beta:1.00, Variational]...
==============
[Info]Likelihood -8500549.48991 at step 0 converge to 1.0000000000...
==============
[Info]Likelihood -8499676.18710 at step 1 converge to 0.0001027349...
==============
[Info]Likelihood -8497450.83834 at step 2 converge to 0.0002618157...
==============
[Info]Likelihood -8487971.91386 at step 3 converge to 0.0011155021...
==============
[Info]Likelihood -8458225.49196 at step 4 converge to 0.0035045382...
==============
[Info]Likelihood -8404586.77742 at step 5 converge to 0.0063416038...
==============
[Info]Likelihood -8351025.09794 at step 6 converge to 0.0063729105...
==============
[Info]Likelihood -8312872.66013 at step 7 converge to 0.0045685934...
==============
[Info]Likelihood -8286857.95394 at step 8 converge to 0.0031294484...
==============
[Info]Likelihood -8268228.96958 at step 9 converge to 0.0022480154...
==============
[Info]Likelihood -8254352.20893 at step 10 converge to 0.0016783232...
==============
[Info]Likelihood -8243703.11552 at step 11 converge to 0.0012901186...
==============
[Info]Likelihood -8235282.41073 at step 12 converge to 0.0010214711...
==============
[Info]Likelihood -8228125.54284 at step 13 converge to 0.0008690495...
==============
[Info]Likelihood -8222167.78613 at step 14 converge to 0.0007240722...
==============
[Info]Likelihood -8217039.79768 at step 15 converge to 0.0006236784...
==============
[Info]Likelihood -8212502.21671 at step 16 converge to 0.0005522160...
==============
[Info]Likelihood -8208486.23835 at step 17 converge to 0.0004890079...
==============
[Info]Likelihood -8204986.41807 at step 18 converge to 0.0004263661...
==============
[Info]Likelihood -8201958.42947 at step 19 converge to 0.0003690425...
==============
[Info]Likelihood -8199295.85808 at step 20 converge to 0.0003246263...
==============
[Info]Likelihood -8196905.53917 at step 21 converge to 0.0002915273...
==============
[Info]Likelihood -8194739.88338 at step 22 converge to 0.0002642041...
==============
[Info]Likelihood -8192783.74667 at step 23 converge to 0.0002387064...
==============
[Info]Likelihood -8191003.32663 at step 24 converge to 0.0002173156...
==============
[Info]Likelihood -8189366.94212 at step 25 converge to 0.0001997783...
==============
[Info]Likelihood -8187808.04159 at step 26 converge to 0.0001903567...
==============
[Info]Likelihood -8186304.68280 at step 27 converge to 0.0001836094...
==============
[Info]Likelihood -8184936.93653 at step 28 converge to 0.0001670774...
==============
[Info]Likelihood -8183725.70300 at step 29 converge to 0.0001479832...
==============
[Info]Likelihood -8182641.05939 at step 30 converge to 0.0001325367...
==============
[Info]Likelihood -8181641.67394 at step 31 converge to 0.0001221348...
==============
[Info]Likelihood -8180688.23081 at step 32 converge to 0.0001165345...
==============
[Info]Likelihood -8179815.34330 at step 33 converge to 0.0001067010...
==============
[Info]Likelihood -8179009.17644 at step 34 converge to 0.0000985556...
==============
[Info]Likelihood -8178227.65095 at step 35 converge to 0.0000955526...
==============
[Info]Likelihood -8177516.20806 at step 36 converge to 0.0000869923...
==============
[Info]Likelihood -8176873.03074 at step 37 converge to 0.0000786519...
==============
[Info]Likelihood -8176275.94740 at step 38 converge to 0.0000730210...
==============
[Info]Likelihood -8175723.43893 at step 39 converge to 0.0000675746...
==============
[Info]Likelihood -8175169.54334 at step 40 converge to 0.0000677488...
==============
[Info]Likelihood -8174592.02709 at step 41 converge to 0.0000706427...
==============
[Info]Likelihood -8174082.50766 at step 42 converge to 0.0000623296...
==============
[Info]Likelihood -8173659.77585 at step 43 converge to 0.0000517161...
==============
[Info]Likelihood -8173290.86353 at step 44 converge to 0.0000451343...
==============
[Info]Likelihood -8172955.20416 at step 45 converge to 0.0000410678...
==============
[Info]Likelihood -8172640.02552 at step 46 converge to 0.0000385636...
==============
[Info]Likelihood -8172335.22002 at step 47 converge to 0.0000372958...
==============
[Info]Likelihood -8172049.86255 at step 48 converge to 0.0000349175...
==============
[Info]Likelihood -8171759.85853 at step 49 converge to 0.0000354873...
[Info]Likelihood -8171759.859 after step 50 converge to 0.000035 after 120 seconds...
[Info]Start evaluation in thread
[Stat]Test set perplexity is 2263.820 and log-likelihood is -377.211
[Info]multithread LDA[k:5, alpha:1.01, beta:1.00, Variational] Train/Test finished in 122.39 seconds...
TopWord FilePath:/zf18/ll5fy/lab/dataset/amazon_movie/byUser_70k_review/output/5foldsCVColdstart/1/LDA_Variational_topWords_5.txt
Topic 0(0.17939):	battl(0.01157)	earth(0.00882)	visual(0.00829)	king(0.00763)	ship(0.00619)	planet(0.00606)	episod(0.00533)	save(0.00519)	robot(0.00515)	sequenc(0.00512)	futur(0.00510)	crew(0.00503)	transform(0.00469)	epic(0.00465)	return(0.00449)	hero(0.00429)	fiction(0.00425)	race(0.00414)	jone(0.00405)	trek(0.00396)	histori(0.00393)	captain(0.00388)	soldier(0.00387)	destroy(0.00380)	attack(0.00372)	citi(0.00367)	technolog(0.00355)	cameron(0.00349)	matrix(0.00337)	side(0.00336)	
Topic 1(0.20134):	edit(0.01069)	commentari(0.00805)	oscar(0.00800)	audio(0.00627)	award(0.00542)	disc(0.00538)	documentari(0.00525)	brilliant(0.00517)	histori(0.00487)	qualiti(0.00482)	support(0.00481)	product(0.00474)	video(0.00473)	digit(0.00443)	interview(0.00437)	drug(0.00394)	case(0.00391)	shot(0.00389)	violenc(0.00377)	featurett(0.00375)	robert(0.00372)	hollywood(0.00372)	delet(0.00371)	theatric(0.00344)	drama(0.00342)	talk(0.00335)	black(0.00333)	academi(0.00330)	michael(0.00323)	moor(0.00323)	
Topic 2(0.19584):	anim(0.00924)	mother(0.00772)	hous(0.00759)	father(0.00674)	monster(0.00661)	tale(0.00546)	daughter(0.00544)	jack(0.00496)	voic(0.00479)	depp(0.00452)	song(0.00437)	strang(0.00418)	night(0.00408)	magic(0.00406)	town(0.00388)	husband(0.00382)	creatur(0.00344)	ghost(0.00341)	johnni(0.00338)	villag(0.00337)	black(0.00337)	lost(0.00333)	imagin(0.00333)	pirat(0.00332)	brother(0.00323)	kidman(0.00320)	ladi(0.00310)	sing(0.00286)	marri(0.00282)	witch(0.00278)	
Topic 3(0.18011):	bond(0.01159)	thriller(0.00782)	jame(0.00676)	secret(0.00536)	team(0.00511)	iron(0.00470)	suspens(0.00464)	potter(0.00447)	hero(0.00445)	prison(0.00425)	govern(0.00411)	plan(0.00404)	presid(0.00392)	hank(0.00386)	unit(0.00371)	washington(0.00366)	robert(0.00365)	polit(0.00355)	david(0.00353)	order(0.00353)	polic(0.00346)	situat(0.00341)	develop(0.00336)	save(0.00335)	intellig(0.00319)	daughter(0.00313)	blade(0.00312)	ryan(0.00311)	xmen(0.00306)	matt(0.00306)	
Topic 4(0.24332):	comedi(0.01092)	michael(0.00923)	dead(0.00845)	laugh(0.00806)	remak(0.00752)	humor(0.00690)	flick(0.00682)	night(0.00675)	quot(0.00627)	serious(0.00560)	bore(0.00505)	killer(0.00473)	evil(0.00464)	bruce(0.00463)	hilari(0.00450)	peter(0.00424)	gore(0.00415)	spiderman(0.00413)	genr(0.00404)	cool(0.00387)	rent(0.00368)	hous(0.00366)	joke(0.00365)	money(0.00360)	half(0.00359)	stupid(0.00355)	hate(0.00354)	wait(0.00341)	halloween(0.00338)	talk(0.00337)	
248 users are loaded from /zf18/ll5fy/lab/dataset/amazon_movie/byUser_70k_review/5foldsCVColdstart/2/...
235 users are loaded from /zf18/ll5fy/lab/dataset/amazon_movie/byUser_70k_review/5foldsCVColdstart/0/...
237 users are loaded from /zf18/ll5fy/lab/dataset/amazon_movie/byUser_70k_review/5foldsCVColdstart/1/...
251 users are loaded from /zf18/ll5fy/lab/dataset/amazon_movie/byUser_70k_review/5foldsCVColdstart/3/...
240 users are loaded from /zf18/ll5fy/lab/dataset/amazon_movie/byUser_70k_review/5foldsCVColdstart/4/...
====================
[Info]Fold No. 2: 
train size = 21326, test size = 4983....
[Info]EM Starting multithread LDA[k:5, alpha:1.01, beta:1.00, Variational]...
==============
[Info]Likelihood -8330149.91725 at step 0 converge to 1.0000000000...
==============
[Info]Likelihood -8329285.26564 at step 1 converge to 0.0001037978...
==============
[Info]Likelihood -8327052.78125 at step 2 converge to 0.0002680283...
==============
[Info]Likelihood -8316104.50184 at step 3 converge to 0.0013147844...
==============
[Info]Likelihood -8280514.76792 at step 4 converge to 0.0042796160...
==============
[Info]Likelihood -8224157.64467 at step 5 converge to 0.0068059927...
==============
[Info]Likelihood -8172577.20169 at step 6 converge to 0.0062718208...
==============
[Info]Likelihood -8135820.97634 at step 7 converge to 0.0044975073...
==============
[Info]Likelihood -8110307.47158 at step 8 converge to 0.0031359472...
==============
[Info]Likelihood -8091908.72177 at step 9 converge to 0.0022685638...
==============
[Info]Likelihood -8078015.82644 at step 10 converge to 0.0017168873...
==============
[Info]Likelihood -8067216.49569 at step 11 converge to 0.0013368791...
==============
[Info]Likelihood -8058617.05253 at step 12 converge to 0.0010659740...
==============
[Info]Likelihood -8051544.83107 at step 13 converge to 0.0008775974...
==============
[Info]Likelihood -8045569.29193 at step 14 converge to 0.0007421606...
==============
[Info]Likelihood -8040395.62977 at step 15 converge to 0.0006430449...
==============
[Info]Likelihood -8035938.58610 at step 16 converge to 0.0005543314...
==============
[Info]Likelihood -8032090.27178 at step 17 converge to 0.0004788880...
==============
[Info]Likelihood -8028727.07627 at step 18 converge to 0.0004187198...
==============
[Info]Likelihood -8025771.65078 at step 19 converge to 0.0003681064...
==============
[Info]Likelihood -8023153.33102 at step 20 converge to 0.0003262390...
==============
[Info]Likelihood -8020769.92864 at step 21 converge to 0.0002970655...
==============
[Info]Likelihood -8018547.04987 at step 22 converge to 0.0002771403...
==============
[Info]Likelihood -8016514.06608 at step 23 converge to 0.0002535352...
==============
[Info]Likelihood -8014673.46679 at step 24 converge to 0.0002296010...
==============
[Info]Likelihood -8012996.30531 at step 25 converge to 0.0002092614...
==============
[Info]Likelihood -8011467.05539 at step 26 converge to 0.0001908462...
==============
[Info]Likelihood -8010097.34263 at step 27 converge to 0.0001709690...
==============
[Info]Likelihood -8008857.73709 at step 28 converge to 0.0001547554...
==============
[Info]Likelihood -8007778.75527 at step 29 converge to 0.0001347236...
==============
[Info]Likelihood -8006839.44275 at step 30 converge to 0.0001173000...
==============
[Info]Likelihood -8005976.90710 at step 31 converge to 0.0001077249...
==============
[Info]Likelihood -8005162.21982 at step 32 converge to 0.0001017599...
==============
[Info]Likelihood -8004396.85366 at step 33 converge to 0.0000956091...
==============
[Info]Likelihood -8003687.29797 at step 34 converge to 0.0000886457...
==============
[Info]Likelihood -8003036.28564 at step 35 converge to 0.0000813391...
==============
[Info]Likelihood -8002440.66720 at step 36 converge to 0.0000744241...
==============
[Info]Likelihood -8001885.48307 at step 37 converge to 0.0000693769...
==============
[Info]Likelihood -8001330.68533 at step 38 converge to 0.0000693334...
==============
[Info]Likelihood -8000730.41874 at step 39 converge to 0.0000750208...
==============
[Info]Likelihood -8000088.92091 at step 40 converge to 0.0000801799...
==============
[Info]Likelihood -7999475.97382 at step 41 converge to 0.0000766175...
==============
[Info]Likelihood -7998900.95868 at step 42 converge to 0.0000718816...
==============
[Info]Likelihood -7998359.07353 at step 43 converge to 0.0000677450...
==============
[Info]Likelihood -7997875.47066 at step 44 converge to 0.0000604628...
==============
[Info]Likelihood -7997466.54510 at step 45 converge to 0.0000511293...
==============
[Info]Likelihood -7997114.55701 at step 46 converge to 0.0000440124...
==============
[Info]Likelihood -7996803.03307 at step 47 converge to 0.0000389545...
==============
[Info]Likelihood -7996524.09981 at step 48 converge to 0.0000348806...
==============
[Info]Likelihood -7996256.01583 at step 49 converge to 0.0000335251...
[Info]Likelihood -7996256.016 after step 50 converge to 0.000034 after 98 seconds...
[Info]Start evaluation in thread
[Stat]Test set perplexity is 2218.391 and log-likelihood is -398.168
[Info]multithread LDA[k:5, alpha:1.01, beta:1.00, Variational] Train/Test finished in 99.13 seconds...
TopWord FilePath:/zf18/ll5fy/lab/dataset/amazon_movie/byUser_70k_review/output/5foldsCVColdstart/2/LDA_Variational_topWords_5.txt
Topic 0(0.18573):	battl(0.01010)	visual(0.00778)	earth(0.00768)	monster(0.00762)	king(0.00728)	creatur(0.00556)	ship(0.00524)	planet(0.00517)	robot(0.00496)	save(0.00490)	tale(0.00471)	futur(0.00456)	soldier(0.00449)	hero(0.00438)	crew(0.00436)	captain(0.00431)	depp(0.00419)	epic(0.00405)	sequenc(0.00401)	termin(0.00382)	mission(0.00357)	anim(0.00352)	return(0.00349)	destroy(0.00334)	attack(0.00329)	cameron(0.00325)	predat(0.00320)	pirat(0.00315)	fiction(0.00311)	race(0.00310)	
Topic 1(0.26541):	dead(0.00963)	hous(0.00854)	night(0.00766)	michael(0.00694)	flick(0.00650)	remak(0.00610)	laugh(0.00559)	bore(0.00536)	humor(0.00501)	killer(0.00497)	quot(0.00472)	genr(0.00467)	suspens(0.00436)	twist(0.00426)	half(0.00419)	room(0.00415)	serious(0.00415)	talk(0.00410)	game(0.00409)	blood(0.00407)	town(0.00402)	evil(0.00399)	halloween(0.00376)	gore(0.00372)	total(0.00359)	money(0.00358)	stupid(0.00355)	cool(0.00353)	shot(0.00350)	fast(0.00343)	
Topic 2(0.21096):	spiderman(0.00538)	bruce(0.00514)	polit(0.00496)	peter(0.00468)	citi(0.00441)	hero(0.00436)	thriller(0.00417)	side(0.00409)	iron(0.00408)	villain(0.00384)	case(0.00379)	superhero(0.00372)	countri(0.00363)	secret(0.00341)	georg(0.00340)	intellig(0.00333)	train(0.00331)	bourn(0.00314)	moral(0.00313)	develop(0.00309)	fear(0.00307)	matt(0.00307)	michael(0.00306)	understand(0.00301)	damon(0.00298)	violenc(0.00297)	polic(0.00296)	moor(0.00293)	histori(0.00292)	issu(0.00288)	
Topic 3(0.12951):	edit(0.01906)	bond(0.01639)	commentari(0.01204)	video(0.01067)	audio(0.01052)	jame(0.00930)	qualiti(0.00885)	disc(0.00869)	product(0.00771)	anim(0.00744)	digit(0.00729)	jone(0.00711)	magic(0.00663)	potter(0.00635)	documentari(0.00623)	theatric(0.00599)	interview(0.00581)	black(0.00536)	delet(0.00533)	amaz(0.00532)	favorit(0.00531)	rate(0.00526)	return(0.00523)	featurett(0.00520)	collect(0.00511)	track(0.00505)	ring(0.00487)	transfer(0.00478)	sequenc(0.00459)	produc(0.00452)	
Topic 4(0.20839):	oscar(0.00857)	comedi(0.00732)	father(0.00663)	jack(0.00577)	mother(0.00562)	support(0.00519)	brilliant(0.00490)	award(0.00474)	daughter(0.00464)	frank(0.00461)	talent(0.00453)	song(0.00448)	career(0.00417)	robert(0.00407)	romant(0.00377)	william(0.00347)	marri(0.00338)	hugh(0.00328)	drama(0.00328)	paul(0.00324)	manag(0.00316)	hollywood(0.00314)	husband(0.00311)	drug(0.00307)	fine(0.00306)	dream(0.00305)	black(0.00300)	sister(0.00296)	hank(0.00292)	sing(0.00289)	
251 users are loaded from /zf18/ll5fy/lab/dataset/amazon_movie/byUser_70k_review/5foldsCVColdstart/3/...
235 users are loaded from /zf18/ll5fy/lab/dataset/amazon_movie/byUser_70k_review/5foldsCVColdstart/0/...
237 users are loaded from /zf18/ll5fy/lab/dataset/amazon_movie/byUser_70k_review/5foldsCVColdstart/1/...
248 users are loaded from /zf18/ll5fy/lab/dataset/amazon_movie/byUser_70k_review/5foldsCVColdstart/2/...
240 users are loaded from /zf18/ll5fy/lab/dataset/amazon_movie/byUser_70k_review/5foldsCVColdstart/4/...
====================
[Info]Fold No. 3: 
train size = 20753, test size = 5556....
[Info]EM Starting multithread LDA[k:5, alpha:1.01, beta:1.00, Variational]...
==============
[Info]Likelihood -8234824.57342 at step 0 converge to 1.0000000000...
==============
[Info]Likelihood -8233944.69085 at step 1 converge to 0.0001068490...
==============
[Info]Likelihood -8231398.62093 at step 2 converge to 0.0003092163...
==============
[Info]Likelihood -8220985.32721 at step 3 converge to 0.0012650698...
==============
[Info]Likelihood -8190478.38686 at step 4 converge to 0.0037108618...
==============
[Info]Likelihood -8138531.96027 at step 5 converge to 0.0063422946...
==============
[Info]Likelihood -8089198.19363 at step 6 converge to 0.0060617525...
==============
[Info]Likelihood -8054311.09134 at step 7 converge to 0.0043128010...
==============
[Info]Likelihood -8030128.56136 at step 8 converge to 0.0030024331...
==============
[Info]Likelihood -8012573.83673 at step 9 converge to 0.0021861075...
==============
[Info]Likelihood -7999062.42246 at step 10 converge to 0.0016862764...
==============
[Info]Likelihood -7988170.81319 at step 11 converge to 0.0013616107...
==============
[Info]Likelihood -7979248.61166 at step 12 converge to 0.0011169267...
==============
[Info]Likelihood -7971814.03557 at step 13 converge to 0.0009317389...
==============
[Info]Likelihood -7965481.26536 at step 14 converge to 0.0007943951...
==============
[Info]Likelihood -7960013.14142 at step 15 converge to 0.0006864775...
==============
[Info]Likelihood -7955194.19635 at step 16 converge to 0.0006053941...
==============
[Info]Likelihood -7950863.61105 at step 17 converge to 0.0005443720...
==============
[Info]Likelihood -7946956.41641 at step 18 converge to 0.0004914176...
==============
[Info]Likelihood -7943434.01878 at step 19 converge to 0.0004432386...
==============
[Info]Likelihood -7940273.04427 at step 20 converge to 0.0003979355...
==============
[Info]Likelihood -7937486.82511 at step 21 converge to 0.0003508971...
==============
[Info]Likelihood -7934955.96126 at step 22 converge to 0.0003188495...
==============
[Info]Likelihood -7932677.28586 at step 23 converge to 0.0002871693...
==============
[Info]Likelihood -7930634.90594 at step 24 converge to 0.0002574641...
==============
[Info]Likelihood -7928763.73281 at step 25 converge to 0.0002359424...
==============
[Info]Likelihood -7927049.29006 at step 26 converge to 0.0002162308...
==============
[Info]Likelihood -7925450.00188 at step 27 converge to 0.0002017508...
==============
[Info]Likelihood -7923937.13407 at step 28 converge to 0.0001908873...
==============
[Info]Likelihood -7922539.34583 at step 29 converge to 0.0001764007...
==============
[Info]Likelihood -7921287.17375 at step 30 converge to 0.0001580519...
==============
[Info]Likelihood -7920152.59191 at step 31 converge to 0.0001432320...
==============
[Info]Likelihood -7919097.64646 at step 32 converge to 0.0001331976...
==============
[Info]Likelihood -7918134.65647 at step 33 converge to 0.0001216035...
==============
[Info]Likelihood -7917265.51135 at step 34 converge to 0.0001097664...
==============
[Info]Likelihood -7916490.05837 at step 35 converge to 0.0000979445...
==============
[Info]Likelihood -7915787.79323 at step 36 converge to 0.0000887092...
==============
[Info]Likelihood -7915129.13924 at step 37 converge to 0.0000832076...
==============
[Info]Likelihood -7914450.91553 at step 38 converge to 0.0000856870...
==============
[Info]Likelihood -7913761.60900 at step 39 converge to 0.0000870947...
==============
[Info]Likelihood -7913184.14260 at step 40 converge to 0.0000729699...
==============
[Info]Likelihood -7912724.28862 at step 41 converge to 0.0000581124...
==============
[Info]Likelihood -7912267.83391 at step 42 converge to 0.0000576862...
==============
[Info]Likelihood -7911854.44039 at step 43 converge to 0.0000522472...
==============
[Info]Likelihood -7911522.22437 at step 44 converge to 0.0000419897...
==============
[Info]Likelihood -7911230.10354 at step 45 converge to 0.0000369235...
==============
[Info]Likelihood -7910951.24773 at step 46 converge to 0.0000352481...
==============
[Info]Likelihood -7910673.89297 at step 47 converge to 0.0000350596...
==============
[Info]Likelihood -7910393.84587 at step 48 converge to 0.0000354012...
==============
[Info]Likelihood -7910128.35666 at step 49 converge to 0.0000335621...
[Info]Likelihood -7910128.357 after step 50 converge to 0.000034 after 84 seconds...
[Info]Start evaluation in thread
[Stat]Test set perplexity is 2141.632 and log-likelihood is -372.880
[Info]multithread LDA[k:5, alpha:1.01, beta:1.00, Variational] Train/Test finished in 85.61 seconds...
TopWord FilePath:/zf18/ll5fy/lab/dataset/amazon_movie/byUser_70k_review/output/5foldsCVColdstart/3/LDA_Variational_topWords_5.txt
Topic 0(0.24710):	thriller(0.00517)	polit(0.00489)	violenc(0.00481)	histori(0.00476)	countri(0.00435)	battl(0.00372)	frank(0.00346)	drug(0.00345)	side(0.00343)	understand(0.00336)	soldier(0.00328)	case(0.00323)	order(0.00323)	polic(0.00321)	govern(0.00320)	dream(0.00315)	hollywood(0.00314)	money(0.00306)	situat(0.00296)	unit(0.00295)	deal(0.00294)	intellig(0.00291)	presid(0.00288)	drama(0.00281)	team(0.00281)	citi(0.00279)	brutal(0.00278)	brother(0.00278)	general(0.00277)	moral(0.00276)	
Topic 1(0.14384):	edit(0.01670)	commentari(0.01152)	qualiti(0.01014)	video(0.00948)	visual(0.00913)	audio(0.00859)	product(0.00836)	disc(0.00760)	shot(0.00749)	documentari(0.00730)	interview(0.00675)	anim(0.00666)	talk(0.00642)	amaz(0.00598)	white(0.00593)	track(0.00588)	digit(0.00580)	theatric(0.00563)	collect(0.00555)	produc(0.00554)	featurett(0.00535)	soundtrack(0.00532)	david(0.00510)	rate(0.00500)	predat(0.00497)	delet(0.00491)	transfer(0.00452)	filmmak(0.00400)	fiction(0.00396)	footag(0.00392)	
Topic 2(0.25321):	dead(0.01054)	flick(0.00641)	remak(0.00623)	monster(0.00595)	evil(0.00574)	earth(0.00557)	creatur(0.00460)	genr(0.00450)	sequenc(0.00441)	king(0.00427)	planet(0.00426)	cool(0.00418)	save(0.00417)	night(0.00415)	battl(0.00405)	half(0.00395)	ship(0.00393)	return(0.00392)	blood(0.00391)	gore(0.00387)	bore(0.00374)	wait(0.00368)	attack(0.00358)	transform(0.00349)	suspens(0.00348)	ring(0.00336)	basic(0.00333)	episod(0.00327)	race(0.00306)	robot(0.00305)	
Topic 3(0.14523):	bond(0.01438)	jame(0.00885)	bruce(0.00835)	villain(0.00742)	peter(0.00740)	spiderman(0.00707)	jone(0.00674)	hero(0.00622)	depp(0.00582)	song(0.00565)	amaz(0.00560)	iron(0.00551)	johnni(0.00550)	magic(0.00516)	hugh(0.00502)	superhero(0.00489)	potter(0.00480)	secret(0.00444)	return(0.00443)	bale(0.00424)	sing(0.00417)	michael(0.00406)	willi(0.00405)	wayn(0.00399)	knight(0.00397)	sean(0.00394)	citi(0.00388)	christian(0.00382)	christoph(0.00360)	favorit(0.00334)	
Topic 4(0.21063):	comedi(0.01167)	father(0.00787)	laugh(0.00780)	mother(0.00765)	jack(0.00730)	hous(0.00706)	quot(0.00689)	daughter(0.00686)	michael(0.00619)	humor(0.00547)	hilari(0.00471)	oscar(0.00467)	william(0.00466)	night(0.00432)	husband(0.00419)	town(0.00399)	talent(0.00370)	sister(0.00368)	halloween(0.00358)	joke(0.00346)	romant(0.00337)	lost(0.00337)	decid(0.00334)	marri(0.00330)	bill(0.00327)	support(0.00319)	career(0.00295)	black(0.00287)	nicholson(0.00287)	babi(0.00285)	
240 users are loaded from /zf18/ll5fy/lab/dataset/amazon_movie/byUser_70k_review/5foldsCVColdstart/4/...
235 users are loaded from /zf18/ll5fy/lab/dataset/amazon_movie/byUser_70k_review/5foldsCVColdstart/0/...
237 users are loaded from /zf18/ll5fy/lab/dataset/amazon_movie/byUser_70k_review/5foldsCVColdstart/1/...
248 users are loaded from /zf18/ll5fy/lab/dataset/amazon_movie/byUser_70k_review/5foldsCVColdstart/2/...
251 users are loaded from /zf18/ll5fy/lab/dataset/amazon_movie/byUser_70k_review/5foldsCVColdstart/3/...
====================
[Info]Fold No. 4: 
train size = 20717, test size = 5592....
[Info]EM Starting multithread LDA[k:5, alpha:1.01, beta:1.00, Variational]...
==============
[Info]Likelihood -7994436.11629 at step 0 converge to 1.0000000000...
==============
[Info]Likelihood -7993613.83519 at step 1 converge to 0.0001028567...
==============
[Info]Likelihood -7991702.52249 at step 2 converge to 0.0002391050...
==============
[Info]Likelihood -7982977.99262 at step 3 converge to 0.0010916985...
==============
[Info]Likelihood -7953048.90264 at step 4 converge to 0.0037491134...
==============
[Info]Likelihood -7901684.61190 at step 5 converge to 0.0064584402...
==============
[Info]Likelihood -7853777.07545 at step 6 converge to 0.0060629522...
==============
[Info]Likelihood -7820316.73567 at step 7 converge to 0.0042604137...
==============
[Info]Likelihood -7797236.02223 at step 8 converge to 0.0029513783...
==============
[Info]Likelihood -7780451.51012 at step 9 converge to 0.0021526233...
==============
[Info]Likelihood -7767553.50770 at step 10 converge to 0.0016577447...
==============
[Info]Likelihood -7757277.96448 at step 11 converge to 0.0013228803...
==============
[Info]Likelihood -7748840.18471 at step 12 converge to 0.0010877243...
==============
[Info]Likelihood -7741758.36313 at step 13 converge to 0.0009139202...
==============
[Info]Likelihood -7735738.89187 at step 14 converge to 0.0007775328...
==============
[Info]Likelihood -7730512.94167 at step 15 converge to 0.0006755593...
==============
[Info]Likelihood -7725889.39746 at step 16 converge to 0.0005980902...
==============
[Info]Likelihood -7721809.48390 at step 17 converge to 0.0005280834...
==============
[Info]Likelihood -7718186.95759 at step 18 converge to 0.0004691292...
==============
[Info]Likelihood -7714939.21175 at step 19 converge to 0.0004207913...
==============
[Info]Likelihood -7711997.84854 at step 20 converge to 0.0003812555...
==============
[Info]Likelihood -7709309.93667 at step 21 converge to 0.0003485364...
==============
[Info]Likelihood -7706855.21258 at step 22 converge to 0.0003184104...
==============
[Info]Likelihood -7704574.29577 at step 23 converge to 0.0002959595...
==============
[Info]Likelihood -7702387.93688 at step 24 converge to 0.0002837741...
==============
[Info]Likelihood -7700382.58670 at step 25 converge to 0.0002603543...
==============
[Info]Likelihood -7698557.69752 at step 26 converge to 0.0002369868...
==============
[Info]Likelihood -7696886.16071 at step 27 converge to 0.0002171234...
==============
[Info]Likelihood -7695368.64329 at step 28 converge to 0.0001971599...
==============
[Info]Likelihood -7693993.24272 at step 29 converge to 0.0001787310...
==============
[Info]Likelihood -7692731.87858 at step 30 converge to 0.0001639414...
==============
[Info]Likelihood -7691565.87955 at step 31 converge to 0.0001515715...
==============
[Info]Likelihood -7690484.52180 at step 32 converge to 0.0001405901...
==============
[Info]Likelihood -7689426.91412 at step 33 converge to 0.0001375216...
==============
[Info]Likelihood -7688365.17894 at step 34 converge to 0.0001380773...
==============
[Info]Likelihood -7687352.80900 at step 35 converge to 0.0001316756...
==============
[Info]Likelihood -7686422.46847 at step 36 converge to 0.0001210222...
==============
[Info]Likelihood -7685558.36675 at step 37 converge to 0.0001124192...
==============
[Info]Likelihood -7684736.79600 at step 38 converge to 0.0001068980...
==============
[Info]Likelihood -7683946.37496 at step 39 converge to 0.0001028560...
==============
[Info]Likelihood -7683183.31930 at step 40 converge to 0.0000993052...
==============
[Info]Likelihood -7682447.92349 at step 41 converge to 0.0000957150...
==============
[Info]Likelihood -7681740.56084 at step 42 converge to 0.0000920752...
==============
[Info]Likelihood -7681053.18496 at step 43 converge to 0.0000894818...
==============
[Info]Likelihood -7680378.92614 at step 44 converge to 0.0000877821...
==============
[Info]Likelihood -7679732.85101 at step 45 converge to 0.0000841202...
==============
[Info]Likelihood -7679118.50545 at step 46 converge to 0.0000799957...
==============
[Info]Likelihood -7678503.45204 at step 47 converge to 0.0000800943...
==============
[Info]Likelihood -7677921.39649 at step 48 converge to 0.0000758033...
==============
[Info]Likelihood -7677430.42654 at step 49 converge to 0.0000639457...
[Info]Likelihood -7677430.427 after step 50 converge to 0.000064 after 108 seconds...
[Info]Start evaluation in thread
[Stat]Test set perplexity is 2163.407 and log-likelihood is -412.174
[Info]multithread LDA[k:5, alpha:1.01, beta:1.00, Variational] Train/Test finished in 110.25 seconds...
TopWord FilePath:/zf18/ll5fy/lab/dataset/amazon_movie/byUser_70k_review/output/5foldsCVColdstart/4/LDA_Variational_topWords_5.txt
Topic 0(0.16954):	hero(0.00965)	anim(0.00934)	battl(0.00895)	peter(0.00874)	king(0.00839)	bruce(0.00668)	jone(0.00627)	spiderman(0.00623)	return(0.00600)	villain(0.00572)	amaz(0.00563)	evil(0.00546)	transform(0.00523)	magic(0.00515)	superhero(0.00498)	iron(0.00497)	sequenc(0.00485)	ring(0.00482)	visual(0.00471)	voic(0.00463)	episod(0.00462)	lord(0.00459)	robot(0.00430)	tale(0.00386)	christian(0.00386)	save(0.00383)	knight(0.00372)	race(0.00365)	xmen(0.00357)	bale(0.00357)	
Topic 1(0.20910):	bond(0.00771)	thriller(0.00576)	save(0.00540)	citi(0.00532)	earth(0.00521)	crew(0.00512)	ship(0.00459)	soldier(0.00457)	team(0.00422)	mission(0.00416)	shot(0.00392)	trek(0.00379)	attack(0.00377)	jame(0.00374)	plan(0.00374)	planet(0.00372)	unit(0.00337)	order(0.00337)	govern(0.00322)	fiction(0.00322)	island(0.00315)	suspens(0.00315)	control(0.00310)	militari(0.00304)	land(0.00303)	train(0.00302)	futur(0.00288)	danger(0.00287)	destroy(0.00281)	secret(0.00280)	
Topic 2(0.16655):	edit(0.01548)	quot(0.01106)	commentari(0.01026)	product(0.00796)	song(0.00790)	video(0.00767)	qualiti(0.00750)	disc(0.00726)	documentari(0.00653)	audio(0.00638)	visual(0.00631)	brilliant(0.00531)	theatric(0.00489)	mari(0.00487)	interview(0.00481)	william(0.00480)	amaz(0.00470)	soundtrack(0.00468)	produc(0.00462)	oscar(0.00458)	digit(0.00453)	white(0.00450)	delet(0.00448)	track(0.00446)	talk(0.00438)	featurett(0.00435)	danc(0.00427)	shot(0.00427)	blade(0.00424)	transfer(0.00420)	
Topic 3(0.21144):	hous(0.01123)	dead(0.01060)	night(0.01010)	remak(0.00791)	michael(0.00788)	town(0.00735)	flick(0.00690)	blood(0.00609)	monster(0.00538)	gore(0.00523)	killer(0.00502)	evil(0.00482)	depp(0.00477)	bore(0.00451)	twist(0.00447)	halloween(0.00440)	suspens(0.00431)	johnni(0.00424)	genr(0.00414)	villag(0.00409)	strang(0.00388)	stupid(0.00378)	termin(0.00365)	walk(0.00364)	creatur(0.00364)	violenc(0.00358)	willi(0.00353)	hell(0.00352)	ghost(0.00342)	half(0.00341)	
Topic 4(0.24338):	comedi(0.00964)	father(0.00672)	mother(0.00497)	daughter(0.00483)	support(0.00479)	oscar(0.00475)	frank(0.00445)	drama(0.00408)	understand(0.00398)	laugh(0.00395)	jack(0.00392)	polit(0.00379)	histori(0.00376)	robert(0.00371)	drug(0.00358)	case(0.00339)	husband(0.00334)	career(0.00320)	humor(0.00313)	talent(0.00311)	countri(0.00307)	deal(0.00304)	romant(0.00303)	natur(0.00297)	truth(0.00294)	brilliant(0.00284)	marri(0.00282)	paul(0.00278)	side(0.00278)	hollywood(0.00277)	

Part 0 -----------------Valid folds: 5
[Stat]Loglikelihood -393.858+/-16.101
[Stat]Perplexity 2193.822+/-43.117
