Load 7680 1-gram new features from /zf18/ll5fy/lab/dataset/amazon_movie/amazon_movie_features.txt...
841 users are loaded from /zf18/ll5fy/lab/dataset/amazon_movie/byUser_70k_review/data/...
Info File Path: /zf18/ll5fy/lab/dataset/amazon_movie/byUser_70k_review/output/5foldsCVColdstart/LDA_Variational_info.txt
[Info]Start FIXED cross validation...
235 users are loaded from /zf18/ll5fy/lab/dataset/amazon_movie/byUser_70k_review/5foldsCVColdstart/0/...
237 users are loaded from /zf18/ll5fy/lab/dataset/amazon_movie/byUser_70k_review/5foldsCVColdstart/1/...
248 users are loaded from /zf18/ll5fy/lab/dataset/amazon_movie/byUser_70k_review/5foldsCVColdstart/2/...
251 users are loaded from /zf18/ll5fy/lab/dataset/amazon_movie/byUser_70k_review/5foldsCVColdstart/3/...
240 users are loaded from /zf18/ll5fy/lab/dataset/amazon_movie/byUser_70k_review/5foldsCVColdstart/4/...
====================
[Info]Fold No. 0: 
train size = 20962, test size = 5347....
[Info]EM Starting multithread LDA[k:20, alpha:1.01, beta:1.00, Variational]...
==============
[Info]Likelihood -7332893.08449 at step 0 converge to 1.0000000000...
==============
[Info]Likelihood -7331166.23469 at step 1 converge to 0.0002354937...
==============
[Info]Likelihood -7329324.05457 at step 2 converge to 0.0002512806...
==============
[Info]Likelihood -7326212.98440 at step 3 converge to 0.0004244689...
==============
[Info]Likelihood -7315982.87228 at step 4 converge to 0.0013963711...
==============
[Info]Likelihood -7291840.84496 at step 5 converge to 0.0032999021...
==============
[Info]Likelihood -7248214.18908 at step 6 converge to 0.0059829413...
==============
[Info]Likelihood -7182940.46476 at step 7 converge to 0.0090054905...
==============
[Info]Likelihood -7096223.14229 at step 8 converge to 0.0120726773...
==============
[Info]Likelihood -7011181.75023 at step 9 converge to 0.0119840358...
==============
[Info]Likelihood -6943255.83637 at step 10 converge to 0.0096882261...
==============
[Info]Likelihood -6893560.31166 at step 11 converge to 0.0071573806...
==============
[Info]Likelihood -6857151.47670 at step 12 converge to 0.0052815720...
==============
[Info]Likelihood -6829407.41596 at step 13 converge to 0.0040460038...
==============
[Info]Likelihood -6807347.28431 at step 14 converge to 0.0032301678...
==============
[Info]Likelihood -6789289.74213 at step 15 converge to 0.0026526548...
==============
[Info]Likelihood -6774220.30616 at step 16 converge to 0.0022195895...
==============
[Info]Likelihood -6761391.76938 at step 17 converge to 0.0018937289...
==============
[Info]Likelihood -6750235.14549 at step 18 converge to 0.0016500484...
==============
[Info]Likelihood -6740372.70280 at step 19 converge to 0.0014610517...
==============
[Info]Likelihood -6731503.35784 at step 20 converge to 0.0013158538...
==============
[Info]Likelihood -6723488.16986 at step 21 converge to 0.0011906981...
==============
[Info]Likelihood -6716279.16237 at step 22 converge to 0.0010722124...
==============
[Info]Likelihood -6709765.84649 at step 23 converge to 0.0009697804...
==============
[Info]Likelihood -6703801.46762 at step 24 converge to 0.0008889101...
==============
[Info]Likelihood -6698306.38607 at step 25 converge to 0.0008196963...
==============
[Info]Likelihood -6693237.22761 at step 26 converge to 0.0007567821...
==============
[Info]Likelihood -6688534.69494 at step 27 converge to 0.0007025797...
==============
[Info]Likelihood -6684153.72332 at step 28 converge to 0.0006549972...
==============
[Info]Likelihood -6680076.66941 at step 29 converge to 0.0006099581...
==============
[Info]Likelihood -6676269.41709 at step 30 converge to 0.0005699414...
==============
[Info]Likelihood -6672695.77841 at step 31 converge to 0.0005352748...
==============
[Info]Likelihood -6669339.19530 at step 32 converge to 0.0005030325...
==============
[Info]Likelihood -6666177.75246 at step 33 converge to 0.0004740264...
==============
[Info]Likelihood -6663191.49623 at step 34 converge to 0.0004479713...
==============
[Info]Likelihood -6660366.29014 at step 35 converge to 0.0004240019...
==============
[Info]Likelihood -6657694.73239 at step 36 converge to 0.0004011127...
==============
[Info]Likelihood -6655166.50962 at step 37 converge to 0.0003797445...
==============
[Info]Likelihood -6652767.59812 at step 38 converge to 0.0003604585...
==============
[Info]Likelihood -6650473.87827 at step 39 converge to 0.0003447768...
==============
[Info]Likelihood -6648258.68587 at step 40 converge to 0.0003330879...
==============
[Info]Likelihood -6646094.05967 at step 41 converge to 0.0003255930...
==============
[Info]Likelihood -6643989.91311 at step 42 converge to 0.0003165990...
==============
[Info]Likelihood -6641972.14223 at step 43 converge to 0.0003036987...
==============
[Info]Likelihood -6640046.51416 at step 44 converge to 0.0002899181...
==============
[Info]Likelihood -6638211.00860 at step 45 converge to 0.0002764296...
==============
[Info]Likelihood -6636461.43374 at step 46 converge to 0.0002635612...
==============
[Info]Likelihood -6634791.68640 at step 47 converge to 0.0002516021...
==============
[Info]Likelihood -6633196.94951 at step 48 converge to 0.0002403598...
==============
[Info]Likelihood -6631668.46892 at step 49 converge to 0.0002304289...
[Info]Likelihood -6631668.469 after step 50 converge to 0.000230 after 345 seconds...
[Info]Start evaluation in thread
[Stat]Test set perplexity is 1735.734 and log-likelihood is -396.693
[Info]multithread LDA[k:20, alpha:1.01, beta:1.00, Variational] Train/Test finished in 349.11 seconds...
TopWord FilePath:/zf18/ll5fy/lab/dataset/amazon_movie/byUser_70k_review/output/5foldsCVColdstart/0/LDA_Variational_topWords_20.txt
Topic 0(0.05236):	earth(0.02733)	planet(0.01957)	team(0.01928)	crew(0.01893)	ship(0.01870)	robot(0.01508)	mission(0.01478)	destroy(0.01472)	trek(0.01300)	unit(0.01267)	govern(0.01221)	save(0.01135)	control(0.01115)	attack(0.01091)	fiction(0.01055)	captain(0.01016)	xmen(0.01014)	technolog(0.01000)	scientist(0.00928)	plane(0.00924)	plan(0.00833)	militari(0.00677)	flight(0.00674)	futur(0.00649)	board(0.00646)	terrorist(0.00643)	presid(0.00608)	order(0.00607)	land(0.00596)	pilot(0.00567)	
Topic 1(0.04717):	jack(0.03805)	build(0.01446)	nicholson(0.01261)	willi(0.01195)	save(0.01162)	free(0.01007)	pari(0.00966)	water(0.00920)	streep(0.00904)	andi(0.00892)	wear(0.00815)	system(0.00786)	warm(0.00749)	sudden(0.00706)	york(0.00666)	comput(0.00663)	manag(0.00652)	retir(0.00621)	walk(0.00601)	assist(0.00590)	total(0.00585)	meryl(0.00579)	money(0.00564)	fire(0.00528)	readi(0.00527)	devil(0.00519)	decid(0.00512)	deep(0.00501)	rest(0.00495)	letter(0.00490)	
Topic 2(0.05031):	hollywood(0.01826)	babi(0.01412)	race(0.01333)	suffer(0.01195)	inspir(0.01152)	cultur(0.01118)	dollar(0.00946)	crow(0.00942)	russel(0.00898)	gibson(0.00878)	match(0.00822)	prais(0.00804)	support(0.00779)	prove(0.00763)	manag(0.00681)	maggi(0.00651)	loss(0.00644)	rocki(0.00637)	struggl(0.00625)	belief(0.00624)	born(0.00612)	hors(0.00588)	train(0.00551)	difficult(0.00545)	trick(0.00541)	touch(0.00497)	quiet(0.00493)	roman(0.00489)	christ(0.00488)	overcom(0.00484)	
Topic 3(0.06553):	comedi(0.04560)	humor(0.03444)	laugh(0.03206)	serious(0.01981)	hilari(0.01898)	joke(0.01544)	romant(0.01456)	stupid(0.01431)	bore(0.01123)	wast(0.00897)	male(0.00863)	hollywood(0.00859)	loud(0.00795)	type(0.00792)	stiller(0.00780)	dumb(0.00728)	hitchcock(0.00716)	ferrel(0.00690)	amus(0.00685)	adam(0.00666)	affleck(0.00662)	formula(0.00623)	fast(0.00596)	romanc(0.00584)	talk(0.00526)	witti(0.00519)	sandler(0.00512)	fail(0.00496)	night(0.00494)	suck(0.00490)	
Topic 4(0.04022):	lost(0.03645)	jone(0.02887)	ride(0.02144)	matrix(0.01940)	island(0.01655)	park(0.01559)	sequenc(0.01541)	pirat(0.01331)	ford(0.01295)	indiana(0.01186)	cage(0.01147)	treasur(0.01107)	clue(0.01101)	independ(0.00853)	captain(0.00820)	harrison(0.00793)	steven(0.00790)	indi(0.00772)	third(0.00747)	tommi(0.00672)	model(0.00672)	doom(0.00641)	raider(0.00633)	weav(0.00622)	search(0.00566)	keanu(0.00565)	revolut(0.00558)	reev(0.00556)	pearl(0.00535)	curs(0.00509)	
Topic 5(0.06281):	violenc(0.02799)	monster(0.02122)	shot(0.02019)	pace(0.02011)	camera(0.01895)	creatur(0.01683)	slow(0.01668)	genr(0.01200)	half(0.01076)	violent(0.01064)	hunt(0.01040)	intens(0.01020)	graphic(0.00969)	promis(0.00962)	predat(0.00948)	cool(0.00810)	fast(0.00806)	full(0.00651)	develop(0.00589)	sequenc(0.00569)	kick(0.00547)	rate(0.00494)	brutal(0.00488)	piec(0.00487)	sort(0.00472)	driver(0.00470)	simpli(0.00446)	toro(0.00425)	thirti(0.00414)	wait(0.00408)	
Topic 6(0.06234):	dead(0.03942)	hous(0.03691)	remak(0.02693)	night(0.02663)	michael(0.02054)	evil(0.02047)	flick(0.01931)	blood(0.01748)	gore(0.01608)	halloween(0.01482)	town(0.01462)	game(0.01434)	room(0.01431)	atmospher(0.01367)	ghost(0.01210)	door(0.00964)	jump(0.00869)	tension(0.00863)	hill(0.00839)	myer(0.00821)	hell(0.00739)	jami(0.00734)	terror(0.00705)	walk(0.00685)	victim(0.00620)	mask(0.00600)	strang(0.00598)	silent(0.00597)	resid(0.00578)	genr(0.00575)	
Topic 7(0.04808):	quot(0.04230)	thriller(0.03517)	twist(0.03220)	suspens(0.03198)	killer(0.02599)	rock(0.01641)	villag(0.01550)	hurt(0.01529)	william(0.01331)	night(0.01279)	sign(0.01172)	phone(0.01145)	quotth(0.01020)	brook(0.00897)	victim(0.00857)	shyamalan(0.00808)	penguin(0.00785)	clever(0.00754)	silenc(0.00745)	news(0.00703)	jodi(0.00649)	blind(0.00629)	cell(0.00620)	band(0.00592)	costner(0.00583)	figur(0.00574)	convinc(0.00556)	seat(0.00552)	simpson(0.00539)	case(0.00518)	
Topic 8(0.03745):	bond(0.06306)	jame(0.04645)	secret(0.01585)	matt(0.01557)	queen(0.01439)	pitt(0.01337)	ryan(0.01226)	royal(0.01190)	brad(0.01171)	bourn(0.01061)	hall(0.01031)	casino(0.01004)	damon(0.00938)	conneri(0.00794)	georg(0.00774)	brian(0.00762)	plan(0.00735)	joli(0.00685)	barri(0.00675)	daniel(0.00658)	gold(0.00656)	russian(0.00642)	roger(0.00641)	sean(0.00610)	berri(0.00591)	judi(0.00584)	villain(0.00562)	shakespear(0.00554)	brosnan(0.00544)	sequenc(0.00535)	
Topic 9(0.04696):	tale(0.02873)	king(0.02742)	husband(0.01830)	cold(0.01433)	kidman(0.01394)	ladi(0.01276)	case(0.01274)	father(0.01112)	mountain(0.00968)	princ(0.00964)	nicol(0.00933)	road(0.00785)	strang(0.00770)	river(0.00753)	rose(0.00751)	penn(0.00734)	sean(0.00728)	texa(0.00704)	mother(0.00606)	express(0.00601)	bodi(0.00572)	lawyer(0.00560)	possess(0.00558)	bell(0.00551)	interpret(0.00540)	marri(0.00521)	neighbor(0.00516)	mike(0.00515)	bear(0.00503)	daughter(0.00503)	
Topic 10(0.04807):	black(0.03630)	father(0.02771)	mother(0.02491)	white(0.02416)	daughter(0.02002)	paul(0.01602)	rich(0.01282)	sister(0.01080)	parti(0.01060)	hotel(0.00949)	teenag(0.00937)	toni(0.00823)	marri(0.00763)	earli(0.00754)	busi(0.00725)	west(0.00711)	danc(0.00681)	daniel(0.00640)	club(0.00536)	kane(0.00509)	georg(0.00500)	grow(0.00487)	talent(0.00473)	number(0.00466)	ensembl(0.00454)	manag(0.00452)	career(0.00449)	older(0.00436)	cheadl(0.00427)	jess(0.00427)	
Topic 11(0.04463):	brother(0.03238)	michael(0.02788)	bruce(0.02777)	moor(0.01735)	iron(0.01687)	transform(0.01544)	bale(0.01108)	money(0.01098)	carrey(0.00952)	citi(0.00928)	wayn(0.00918)	christian(0.00868)	suit(0.00838)	joel(0.00824)	serious(0.00819)	decid(0.00744)	coen(0.00738)	keaton(0.00723)	josh(0.00723)	christoph(0.00698)	aveng(0.00686)	knight(0.00686)	nick(0.00679)	morgan(0.00656)	gari(0.00622)	villain(0.00602)	forev(0.00582)	cain(0.00581)	dude(0.00581)	rachel(0.00563)	
Topic 12(0.03908):	return(0.03697)	magic(0.02390)	david(0.02280)	richard(0.01834)	potter(0.01806)	prison(0.01788)	kevin(0.01630)	charli(0.01486)	fire(0.01171)	dragon(0.01170)	kate(0.01123)	witch(0.01036)	professor(0.01004)	older(0.00950)	singer(0.00912)	wizard(0.00826)	secret(0.00821)	lord(0.00781)	golden(0.00756)	spacey(0.00745)	lane(0.00714)	instal(0.00673)	william(0.00673)	gene(0.00669)	evil(0.00667)	emma(0.00658)	chocol(0.00634)	darker(0.00631)	matur(0.00590)	reev(0.00574)	
Topic 13(0.05125):	edit(0.04807)	qualiti(0.03259)	commentari(0.03240)	video(0.03011)	product(0.02701)	audio(0.02571)	documentari(0.02315)	disc(0.02283)	digit(0.01984)	track(0.01718)	interview(0.01712)	collect(0.01658)	theatric(0.01655)	rate(0.01622)	delet(0.01491)	featurett(0.01479)	transfer(0.01332)	produc(0.01243)	standard(0.01180)	soundtrack(0.01091)	footag(0.01068)	kbps(0.01051)	copi(0.00987)	spanish(0.00947)	size(0.00945)	subtitl(0.00867)	bonus(0.00841)	milk(0.00804)	materi(0.00797)	master(0.00761)	
Topic 14(0.04269):	anim(0.04592)	voic(0.03255)	episod(0.02357)	hank(0.01691)	wall(0.01447)	termin(0.01418)	luca(0.01135)	pixar(0.00977)	edward(0.00960)	strike(0.00956)	luke(0.00854)	georg(0.00802)	menac(0.00784)	fish(0.00781)	attack(0.00753)	bird(0.00720)	carl(0.00689)	brown(0.00659)	season(0.00623)	nemo(0.00617)	favorit(0.00610)	phantom(0.00610)	cute(0.00606)	jedi(0.00597)	talk(0.00552)	comput(0.00541)	return(0.00533)	imagin(0.00517)	saga(0.00512)	wait(0.00502)	
Topic 15(0.04433):	battl(0.04097)	histori(0.02178)	general(0.02127)	soldier(0.01793)	epic(0.01784)	countri(0.01506)	armi(0.01467)	histor(0.01452)	alexand(0.01146)	hulk(0.01136)	mile(0.00958)	king(0.00887)	privat(0.00787)	miller(0.00756)	militari(0.00698)	vietnam(0.00653)	japanes(0.00648)	hitler(0.00623)	fail(0.00582)	oliv(0.00565)	captur(0.00556)	nazi(0.00514)	combat(0.00514)	boyl(0.00513)	side(0.00504)	conflict(0.00487)	save(0.00479)	ancient(0.00451)	train(0.00436)	eric(0.00434)	
Topic 16(0.05060):	brilliant(0.04016)	oscar(0.03666)	robert(0.02590)	citi(0.02200)	award(0.02027)	frank(0.01750)	drug(0.01679)	polic(0.01556)	cinematographi(0.01396)	academi(0.01303)	york(0.01239)	support(0.01220)	washington(0.01181)	street(0.01125)	gang(0.01046)	robin(0.00876)	scorses(0.00821)	dicaprio(0.00803)	danni(0.00748)	drama(0.00684)	mark(0.00659)	partner(0.00647)	corrupt(0.00632)	career(0.00592)	outstand(0.00592)	hawk(0.00577)	owen(0.00570)	william(0.00553)	jake(0.00537)	niro(0.00534)	
Topic 17(0.05782):	visual(0.04039)	amaz(0.03883)	hero(0.03080)	peter(0.02698)	felt(0.02241)	spiderman(0.01653)	villain(0.01578)	superhero(0.01415)	impress(0.01336)	mari(0.01317)	ring(0.01312)	stun(0.01110)	drag(0.01074)	huge(0.01062)	cameron(0.01035)	flaw(0.01024)	favorit(0.00996)	opinion(0.00953)	half(0.00818)	kong(0.00804)	jane(0.00776)	sequenc(0.00775)	major(0.00765)	lack(0.00655)	basic(0.00638)	titan(0.00607)	raimi(0.00558)	abil(0.00541)	budget(0.00540)	cool(0.00536)	
Topic 18(0.04215):	song(0.02794)	depp(0.02265)	bill(0.02259)	johnni(0.01978)	blade(0.01672)	sing(0.01569)	rent(0.01252)	dracula(0.01099)	carter(0.01051)	judg(0.00936)	translat(0.00921)	wood(0.00910)	cash(0.00891)	bank(0.00805)	coppola(0.00768)	favorit(0.00742)	billi(0.00729)	creativ(0.00728)	mann(0.00691)	luci(0.00673)	todd(0.00669)	number(0.00654)	godfath(0.00624)	juli(0.00615)	talent(0.00614)	maria(0.00587)	bride(0.00578)	scarlett(0.00548)	romanc(0.00541)	walk(0.00540)	
Topic 19(0.06613):	polit(0.01724)	dream(0.01648)	futur(0.01406)	issu(0.01273)	truth(0.01128)	theme(0.01093)	understand(0.01082)	societi(0.01005)	natur(0.01001)	moral(0.00861)	public(0.00803)	intellig(0.00793)	hugh(0.00780)	fascin(0.00754)	fiction(0.00743)	focus(0.00677)	hoffman(0.00664)	piec(0.00661)	alex(0.00619)	deal(0.00613)	motiv(0.00591)	simpli(0.00554)	imagin(0.00541)	vision(0.00534)	side(0.00534)	kubrick(0.00532)	physic(0.00516)	author(0.00491)	reveal(0.00485)	process(0.00471)	
237 users are loaded from /zf18/ll5fy/lab/dataset/amazon_movie/byUser_70k_review/5foldsCVColdstart/1/...
235 users are loaded from /zf18/ll5fy/lab/dataset/amazon_movie/byUser_70k_review/5foldsCVColdstart/0/...
248 users are loaded from /zf18/ll5fy/lab/dataset/amazon_movie/byUser_70k_review/5foldsCVColdstart/2/...
251 users are loaded from /zf18/ll5fy/lab/dataset/amazon_movie/byUser_70k_review/5foldsCVColdstart/3/...
240 users are loaded from /zf18/ll5fy/lab/dataset/amazon_movie/byUser_70k_review/5foldsCVColdstart/4/...
====================
[Info]Fold No. 1: 
train size = 21478, test size = 4831....
[Info]EM Starting multithread LDA[k:20, alpha:1.01, beta:1.00, Variational]...
==============
[Info]Likelihood -7717974.89013 at step 0 converge to 1.0000000000...
==============
[Info]Likelihood -7716198.40579 at step 1 converge to 0.0002301749...
==============
[Info]Likelihood -7714330.65178 at step 2 converge to 0.0002420562...
==============
[Info]Likelihood -7711760.25649 at step 3 converge to 0.0003331974...
==============
[Info]Likelihood -7704898.51784 at step 4 converge to 0.0008897759...
==============
[Info]Likelihood -7683914.88022 at step 5 converge to 0.0027234152...
==============
[Info]Likelihood -7642178.56723 at step 6 converge to 0.0054316470...
==============
[Info]Likelihood -7573709.25086 at step 7 converge to 0.0089593976...
==============
[Info]Likelihood -7479087.15532 at step 8 converge to 0.0124934946...
==============
[Info]Likelihood -7384565.51747 at step 9 converge to 0.0126381249...
==============
[Info]Likelihood -7309340.21334 at step 10 converge to 0.0101868287...
==============
[Info]Likelihood -7253846.26559 at step 11 converge to 0.0075921966...
==============
[Info]Likelihood -7213219.83265 at step 12 converge to 0.0056006747...
==============
[Info]Likelihood -7182689.36604 at step 13 converge to 0.0042325712...
==============
[Info]Likelihood -7158831.43434 at step 14 converge to 0.0033215876...
==============
[Info]Likelihood -7139463.35518 at step 15 converge to 0.0027054805...
==============
[Info]Likelihood -7123271.42007 at step 16 converge to 0.0022679485...
==============
[Info]Likelihood -7109445.09380 at step 17 converge to 0.0019410079...
==============
[Info]Likelihood -7097444.80504 at step 18 converge to 0.0016879361...
==============
[Info]Likelihood -7086903.00498 at step 19 converge to 0.0014852951...
==============
[Info]Likelihood -7077561.24025 at step 20 converge to 0.0013181731...
==============
[Info]Likelihood -7069226.00309 at step 21 converge to 0.0011776991...
==============
[Info]Likelihood -7061721.20606 at step 22 converge to 0.0010616151...
==============
[Info]Likelihood -7054915.49969 at step 23 converge to 0.0009637461...
==============
[Info]Likelihood -7048710.70132 at step 24 converge to 0.0008795000...
==============
[Info]Likelihood -7043026.03956 at step 25 converge to 0.0008064825...
==============
[Info]Likelihood -7037792.54560 at step 26 converge to 0.0007430746...
==============
[Info]Likelihood -7032942.58215 at step 27 converge to 0.0006891313...
==============
[Info]Likelihood -7028425.37402 at step 28 converge to 0.0006422928...
==============
[Info]Likelihood -7024226.89287 at step 29 converge to 0.0005973573...
==============
[Info]Likelihood -7020316.79087 at step 30 converge to 0.0005566594...
==============
[Info]Likelihood -7016670.40823 at step 31 converge to 0.0005194043...
==============
[Info]Likelihood -7013261.07807 at step 32 converge to 0.0004858900...
==============
[Info]Likelihood -7010018.47717 at step 33 converge to 0.0004623528...
==============
[Info]Likelihood -7006918.10689 at step 34 converge to 0.0004422770...
==============
[Info]Likelihood -7004073.27777 at step 35 converge to 0.0004060029...
==============
[Info]Likelihood -7001429.85401 at step 36 converge to 0.0003774124...
==============
[Info]Likelihood -6998931.47906 at step 37 converge to 0.0003568378...
==============
[Info]Likelihood -6996586.45736 at step 38 converge to 0.0003350542...
==============
[Info]Likelihood -6994376.74600 at step 39 converge to 0.0003158271...
==============
[Info]Likelihood -6992280.77240 at step 40 converge to 0.0002996655...
==============
[Info]Likelihood -6990292.32323 at step 41 converge to 0.0002843778...
==============
[Info]Likelihood -6988414.92864 at step 42 converge to 0.0002685717...
==============
[Info]Likelihood -6986640.38093 at step 43 converge to 0.0002539271...
==============
[Info]Likelihood -6984950.85941 at step 44 converge to 0.0002418217...
==============
[Info]Likelihood -6983312.75105 at step 45 converge to 0.0002345197...
==============
[Info]Likelihood -6981709.07891 at step 46 converge to 0.0002296435...
==============
[Info]Likelihood -6980163.57236 at step 47 converge to 0.0002213651...
==============
[Info]Likelihood -6978679.78718 at step 48 converge to 0.0002125717...
==============
[Info]Likelihood -6977261.07261 at step 49 converge to 0.0002032927...
[Info]Likelihood -6977261.073 after step 50 converge to 0.000203 after 204 seconds...
[Info]Start evaluation in thread
[Stat]Test set perplexity is 1853.088 and log-likelihood is -367.435
[Info]multithread LDA[k:20, alpha:1.01, beta:1.00, Variational] Train/Test finished in 206.88 seconds...
TopWord FilePath:/zf18/ll5fy/lab/dataset/amazon_movie/byUser_70k_review/output/5foldsCVColdstart/1/LDA_Variational_topWords_20.txt
Topic 0(0.04768):	amaz(0.04289)	hero(0.03616)	peter(0.03544)	villain(0.02107)	spiderman(0.01928)	willi(0.01721)	hank(0.01647)	superhero(0.01457)	charli(0.01413)	xmen(0.01305)	felt(0.00853)	hall(0.00852)	sequenc(0.00821)	abil(0.00762)	cool(0.00752)	develop(0.00744)	kick(0.00722)	deliv(0.00702)	visual(0.00620)	favorit(0.00605)	jane(0.00599)	raimi(0.00551)	opinion(0.00547)	chocol(0.00533)	deep(0.00530)	jackman(0.00511)	flaw(0.00508)	berri(0.00507)	impress(0.00487)	depth(0.00455)	
Topic 1(0.06149):	polit(0.01843)	countri(0.01589)	dream(0.01312)	issu(0.01300)	societi(0.01117)	moor(0.01052)	presid(0.01013)	intellig(0.00991)	understand(0.00981)	truth(0.00935)	fascin(0.00867)	focus(0.00753)	public(0.00749)	theme(0.00739)	camera(0.00726)	simpli(0.00648)	kubrick(0.00635)	today(0.00596)	piec(0.00577)	compel(0.00573)	filmmak(0.00559)	fear(0.00530)	natur(0.00522)	major(0.00498)	manipul(0.00497)	shot(0.00495)	unit(0.00492)	penn(0.00486)	interpret(0.00479)	reflect(0.00467)	
Topic 2(0.05554):	earth(0.02698)	fiction(0.01900)	planet(0.01851)	ship(0.01680)	crew(0.01384)	mission(0.01327)	destroy(0.01241)	save(0.01197)	technolog(0.01095)	cameron(0.01063)	attack(0.00922)	visual(0.00855)	scientist(0.00834)	team(0.00790)	termin(0.00789)	futur(0.00724)	militari(0.00679)	terrorist(0.00678)	land(0.00672)	creatur(0.00667)	weapon(0.00645)	robot(0.00584)	avatar(0.00576)	moon(0.00554)	titan(0.00537)	control(0.00535)	pilot(0.00520)	recal(0.00501)	board(0.00493)	giant(0.00492)	
Topic 3(0.04964):	general(0.02525)	transform(0.01807)	hurt(0.01456)	ring(0.01352)	robot(0.01210)	govern(0.00973)	kong(0.00873)	hotel(0.00845)	russian(0.00834)	side(0.00785)	explain(0.00772)	save(0.00756)	commit(0.00728)	develop(0.00703)	brook(0.00703)	camp(0.00700)	order(0.00671)	middl(0.00650)	hitler(0.00642)	nazi(0.00628)	ignor(0.00609)	manag(0.00561)	suicid(0.00541)	rule(0.00531)	fail(0.00502)	posit(0.00499)	list(0.00492)	costner(0.00485)	distract(0.00485)	felt(0.00479)	
Topic 4(0.05649):	suspens(0.03011)	thriller(0.02979)	night(0.02266)	twist(0.01945)	room(0.01768)	husband(0.01745)	daughter(0.01703)	strang(0.01450)	tension(0.01270)	build(0.01246)	kidman(0.01229)	cold(0.01167)	plane(0.01032)	seat(0.00972)	sudden(0.00967)	town(0.00910)	bodi(0.00893)	premis(0.00889)	door(0.00862)	nicol(0.00834)	mountain(0.00799)	hitchcock(0.00738)	stay(0.00698)	fear(0.00651)	jodi(0.00630)	jump(0.00608)	doom(0.00599)	flight(0.00590)	walk(0.00545)	evan(0.00533)	
Topic 5(0.04699):	brother(0.03344)	game(0.03215)	tale(0.02794)	white(0.02081)	magic(0.01576)	villag(0.01407)	town(0.01309)	creatur(0.01231)	witch(0.01150)	princ(0.01124)	wood(0.01103)	pitt(0.01095)	sign(0.01063)	player(0.01006)	brad(0.00997)	anim(0.00987)	hill(0.00960)	cage(0.00873)	evil(0.00863)	treasur(0.00837)	clue(0.00812)	night(0.00812)	shyamalan(0.00705)	talk(0.00700)	lord(0.00677)	mike(0.00667)	forest(0.00653)	princess(0.00645)	team(0.00643)	snow(0.00625)	
Topic 6(0.04324):	michael(0.05362)	quot(0.03740)	killer(0.02778)	rock(0.01720)	victim(0.01619)	halloween(0.01579)	trek(0.01495)	bourn(0.01269)	mile(0.01135)	terror(0.01125)	matt(0.01067)	jami(0.00947)	myer(0.00911)	phone(0.00909)	quotth(0.00903)	band(0.00823)	mask(0.00793)	ident(0.00745)	foxx(0.00742)	pick(0.00713)	insid(0.00685)	damon(0.00682)	lauri(0.00622)	mann(0.00565)	cell(0.00528)	night(0.00522)	13th(0.00504)	bank(0.00502)	kirk(0.00502)	camera(0.00501)	
Topic 7(0.04016):	citi(0.03666)	return(0.03075)	bruce(0.02706)	william(0.02608)	frank(0.02176)	christoph(0.02017)	christian(0.01470)	robin(0.01435)	kevin(0.01256)	bale(0.01242)	wayn(0.01221)	reev(0.01162)	knight(0.00951)	dragon(0.00929)	rachel(0.00881)	lane(0.00808)	neeson(0.00782)	michael(0.00768)	gari(0.00749)	richard(0.00721)	villain(0.00658)	morgan(0.00656)	keaton(0.00650)	liam(0.00648)	gotham(0.00644)	spacey(0.00621)	holm(0.00602)	cain(0.00594)	fear(0.00527)	alfr(0.00524)	
Topic 8(0.06194):	father(0.02914)	mother(0.02441)	case(0.01695)	situat(0.01671)	deal(0.01374)	drug(0.01271)	daughter(0.01244)	babi(0.01159)	washington(0.01083)	drama(0.01042)	moral(0.00994)	money(0.00965)	sister(0.00912)	train(0.00770)	innoc(0.00766)	busi(0.00748)	rose(0.00721)	dollar(0.00686)	grow(0.00631)	convinc(0.00621)	struggl(0.00602)	demon(0.00580)	teenag(0.00556)	addict(0.00530)	possess(0.00530)	pain(0.00528)	maggi(0.00527)	rich(0.00519)	lose(0.00513)	matter(0.00499)	
Topic 9(0.03849):	black(0.05014)	jack(0.04866)	monster(0.03675)	jone(0.02787)	depp(0.02304)	captain(0.02178)	pirat(0.01723)	johnni(0.01720)	matrix(0.01644)	ford(0.01523)	davi(0.01097)	ride(0.00930)	indiana(0.00886)	harrison(0.00851)	curs(0.00812)	express(0.00787)	sequenc(0.00734)	dead(0.00728)	pearl(0.00642)	indi(0.00590)	sparrow(0.00579)	theron(0.00574)	crew(0.00569)	tommi(0.00547)	beowulf(0.00546)	weav(0.00535)	lost(0.00526)	rush(0.00519)	revolut(0.00502)	caribbean(0.00493)	
Topic 10(0.05549):	brilliant(0.03663)	oscar(0.03470)	talent(0.02422)	support(0.02419)	award(0.02109)	song(0.02018)	cinematographi(0.01745)	paul(0.01263)	career(0.01261)	academi(0.01235)	inspir(0.01159)	mari(0.01130)	sing(0.01112)	crow(0.01092)	fine(0.01020)	russel(0.00994)	product(0.00934)	outstand(0.00875)	doctor(0.00763)	match(0.00729)	hollywood(0.00721)	impress(0.00681)	famous(0.00588)	touch(0.00555)	titl(0.00550)	judg(0.00534)	drama(0.00521)	todd(0.00514)	marri(0.00509)	number(0.00498)	
Topic 11(0.07510):	flick(0.02621)	genr(0.02159)	violenc(0.01995)	blood(0.01885)	bore(0.01875)	half(0.01738)	pace(0.01551)	gore(0.01526)	slow(0.01461)	evil(0.01276)	bill(0.01260)	hate(0.01174)	atmospher(0.01131)	visual(0.01048)	blade(0.00959)	cool(0.00865)	total(0.00789)	rate(0.00695)	graphic(0.00671)	dracula(0.00670)	typic(0.00639)	felt(0.00628)	dead(0.00609)	horribl(0.00596)	fair(0.00573)	violent(0.00571)	weird(0.00562)	mood(0.00552)	intens(0.00546)	shot(0.00520)	
Topic 12(0.04293):	robert(0.02985)	polic(0.01776)	york(0.01601)	hugh(0.01600)	predat(0.01511)	hunt(0.01434)	boss(0.01303)	gang(0.01301)	nicholson(0.01130)	street(0.01112)	hollywood(0.01027)	dicaprio(0.01025)	prison(0.00965)	hell(0.00867)	rage(0.00825)	drive(0.00798)	scorses(0.00773)	daniel(0.00751)	mark(0.00728)	silenc(0.00719)	gibson(0.00716)	money(0.00676)	shot(0.00653)	driver(0.00646)	penguin(0.00639)	tough(0.00598)	virus(0.00594)	hunter(0.00594)	leonardo(0.00592)	brian(0.00573)	
Topic 13(0.04390):	georg(0.02921)	episod(0.02481)	reveng(0.01746)	confus(0.01484)	strike(0.01404)	luca(0.01401)	romanc(0.01244)	affleck(0.01215)	kate(0.01204)	forget(0.01191)	attack(0.01003)	creativ(0.00989)	carrey(0.00963)	side(0.00946)	menac(0.00943)	wait(0.00923)	joel(0.00810)	luke(0.00803)	subplot(0.00798)	sunshin(0.00747)	jedi(0.00702)	phantom(0.00671)	quirki(0.00656)	saga(0.00649)	donni(0.00630)	winslet(0.00627)	dialog(0.00608)	repeat(0.00581)	drew(0.00578)	understand(0.00569)	
Topic 14(0.06138):	comedi(0.04358)	humor(0.03409)	laugh(0.03216)	remak(0.02958)	dead(0.02849)	hilari(0.01801)	iron(0.01734)	serious(0.01645)	stupid(0.01512)	joke(0.01487)	night(0.01059)	toni(0.01007)	adam(0.00818)	texa(0.00802)	dumb(0.00766)	stiller(0.00732)	rocki(0.00727)	nick(0.00718)	ferrel(0.00712)	loud(0.00691)	team(0.00647)	rent(0.00633)	type(0.00614)	chainsaw(0.00589)	amus(0.00565)	dawn(0.00565)	massacr(0.00553)	sandler(0.00531)	romero(0.00485)	romant(0.00482)	
Topic 15(0.04934):	anim(0.03338)	voic(0.02408)	futur(0.01985)	fast(0.01883)	race(0.01434)	road(0.01399)	wall(0.01325)	park(0.01208)	lost(0.01186)	wild(0.01172)	food(0.01016)	danni(0.00994)	pixar(0.00866)	talk(0.00801)	west(0.00793)	rais(0.00697)	trip(0.00695)	jeff(0.00670)	bridg(0.00652)	fish(0.00645)	island(0.00643)	week(0.00603)	comput(0.00598)	father(0.00570)	imag(0.00566)	flash(0.00527)	nemo(0.00516)	dude(0.00514)	carl(0.00510)	cute(0.00477)	
Topic 16(0.05073):	edit(0.04978)	commentari(0.03324)	qualiti(0.02959)	video(0.02867)	audio(0.02586)	disc(0.02218)	documentari(0.02024)	product(0.01976)	digit(0.01914)	interview(0.01737)	track(0.01698)	collect(0.01674)	theatric(0.01645)	delet(0.01578)	featurett(0.01546)	rate(0.01330)	produc(0.01132)	transfer(0.01066)	soundtrack(0.01044)	spanish(0.00960)	kbps(0.00955)	footag(0.00947)	talk(0.00944)	shot(0.00915)	hulk(0.00882)	subtitl(0.00877)	size(0.00874)	bonus(0.00871)	copi(0.00868)	studio(0.00843)	
Topic 17(0.04496):	battl(0.04230)	king(0.03855)	histori(0.03812)	epic(0.01914)	soldier(0.01803)	histor(0.01508)	armi(0.01380)	alexand(0.01081)	pari(0.01003)	japanes(0.00975)	miller(0.00710)	honor(0.00696)	privat(0.00658)	code(0.00630)	joli(0.00628)	godfath(0.00625)	master(0.00601)	oliv(0.00598)	troy(0.00591)	hero(0.00567)	cultur(0.00531)	ancient(0.00530)	graphic(0.00506)	combat(0.00485)	side(0.00450)	brave(0.00440)	hors(0.00433)	captur(0.00430)	duti(0.00412)	simpli(0.00399)	
Topic 18(0.03554):	bond(0.05689)	jame(0.04697)	danc(0.01735)	edward(0.01500)	queen(0.01351)	royal(0.01165)	romant(0.01136)	barri(0.00944)	secret(0.00882)	gold(0.00798)	michell(0.00758)	conneri(0.00699)	casino(0.00696)	roger(0.00602)	romanc(0.00578)	number(0.00578)	daniel(0.00566)	sequenc(0.00565)	sean(0.00554)	judi(0.00547)	theme(0.00538)	holli(0.00538)	pride(0.00527)	traci(0.00519)	ladi(0.00506)	collin(0.00487)	pierc(0.00483)	nixon(0.00476)	ryan(0.00470)	sexi(0.00455)	
Topic 19(0.03897):	hous(0.05279)	david(0.02168)	potter(0.02028)	ghost(0.01620)	fire(0.01529)	alex(0.01335)	student(0.01285)	andi(0.01220)	hoffman(0.01049)	streep(0.01027)	professor(0.00939)	colleg(0.00911)	prison(0.00883)	order(0.00700)	glass(0.00698)	wear(0.00690)	emma(0.00689)	assist(0.00677)	meryl(0.00665)	magic(0.00649)	ryan(0.00638)	devil(0.00598)	matur(0.00553)	teacher(0.00541)	hogwart(0.00532)	shaw(0.00523)	fienn(0.00501)	secret(0.00478)	richard(0.00463)	watson(0.00462)	
248 users are loaded from /zf18/ll5fy/lab/dataset/amazon_movie/byUser_70k_review/5foldsCVColdstart/2/...
235 users are loaded from /zf18/ll5fy/lab/dataset/amazon_movie/byUser_70k_review/5foldsCVColdstart/0/...
237 users are loaded from /zf18/ll5fy/lab/dataset/amazon_movie/byUser_70k_review/5foldsCVColdstart/1/...
251 users are loaded from /zf18/ll5fy/lab/dataset/amazon_movie/byUser_70k_review/5foldsCVColdstart/3/...
240 users are loaded from /zf18/ll5fy/lab/dataset/amazon_movie/byUser_70k_review/5foldsCVColdstart/4/...
====================
[Info]Fold No. 2: 
train size = 21326, test size = 4983....
[Info]EM Starting multithread LDA[k:20, alpha:1.01, beta:1.00, Variational]...
==============
[Info]Likelihood -7545567.04714 at step 0 converge to 1.0000000000...
==============
[Info]Likelihood -7543815.19985 at step 1 converge to 0.0002321691...
==============
[Info]Likelihood -7541958.19584 at step 2 converge to 0.0002461624...
==============
[Info]Likelihood -7539272.64760 at step 3 converge to 0.0003560810...
==============
[Info]Likelihood -7531718.24048 at step 4 converge to 0.0010020074...
==============
[Info]Likelihood -7509441.10229 at step 5 converge to 0.0029577764...
==============
[Info]Likelihood -7464776.22389 at step 6 converge to 0.0059478299...
==============
[Info]Likelihood -7394126.09752 at step 7 converge to 0.0094644668...
==============
[Info]Likelihood -7305173.29434 at step 8 converge to 0.0120301983...
==============
[Info]Likelihood -7216007.06166 at step 9 converge to 0.0122059025...
==============
[Info]Likelihood -7144723.00550 at step 10 converge to 0.0098786012...
==============
[Info]Likelihood -7092685.06160 at step 11 converge to 0.0072834096...
==============
[Info]Likelihood -7054603.80552 at step 12 converge to 0.0053690888...
==============
[Info]Likelihood -7025940.93151 at step 13 converge to 0.0040630027...
==============
[Info]Likelihood -7003597.12428 at step 14 converge to 0.0031801872...
==============
[Info]Likelihood -6985593.42171 at step 15 converge to 0.0025706365...
==============
[Info]Likelihood -6970688.13251 at step 16 converge to 0.0021337184...
==============
[Info]Likelihood -6958064.07609 at step 17 converge to 0.0018110201...
==============
[Info]Likelihood -6947184.38095 at step 18 converge to 0.0015636095...
==============
[Info]Likelihood -6937687.81534 at step 19 converge to 0.0013669661...
==============
[Info]Likelihood -6929296.77635 at step 20 converge to 0.0012094864...
==============
[Info]Likelihood -6921797.26254 at step 21 converge to 0.0010822908...
==============
[Info]Likelihood -6915025.11521 at step 22 converge to 0.0009783799...
==============
[Info]Likelihood -6908853.14012 at step 23 converge to 0.0008925456...
==============
[Info]Likelihood -6903181.33763 at step 24 converge to 0.0008209470...
==============
[Info]Likelihood -6897935.18289 at step 25 converge to 0.0007599619...
==============
[Info]Likelihood -6893080.68644 at step 26 converge to 0.0007037608...
==============
[Info]Likelihood -6888557.44226 at step 27 converge to 0.0006562007...
==============
[Info]Likelihood -6884317.78392 at step 28 converge to 0.0006154639...
==============
[Info]Likelihood -6880354.59454 at step 29 converge to 0.0005756837...
==============
[Info]Likelihood -6876633.68733 at step 30 converge to 0.0005408017...
==============
[Info]Likelihood -6873134.25406 at step 31 converge to 0.0005088875...
==============
[Info]Likelihood -6869827.26173 at step 32 converge to 0.0004811476...
==============
[Info]Likelihood -6866678.10587 at step 33 converge to 0.0004584039...
==============
[Info]Likelihood -6863653.43942 at step 34 converge to 0.0004404847...
==============
[Info]Likelihood -6860724.99750 at step 35 converge to 0.0004266594...
==============
[Info]Likelihood -6857890.44406 at step 36 converge to 0.0004131565...
==============
[Info]Likelihood -6855163.78286 at step 37 converge to 0.0003975947...
==============
[Info]Likelihood -6852547.31026 at step 38 converge to 0.0003816791...
==============
[Info]Likelihood -6850036.00866 at step 39 converge to 0.0003664771...
==============
[Info]Likelihood -6847615.39637 at step 40 converge to 0.0003533722...
==============
[Info]Likelihood -6845249.63704 at step 41 converge to 0.0003454866...
==============
[Info]Likelihood -6842932.14054 at step 42 converge to 0.0003385554...
==============
[Info]Likelihood -6840716.69478 at step 43 converge to 0.0003237568...
==============
[Info]Likelihood -6838609.07148 at step 44 converge to 0.0003080998...
==============
[Info]Likelihood -6836599.05822 at step 45 converge to 0.0002939214...
==============
[Info]Likelihood -6834678.56026 at step 46 converge to 0.0002809142...
==============
[Info]Likelihood -6832855.09863 at step 47 converge to 0.0002667955...
==============
[Info]Likelihood -6831129.62827 at step 48 converge to 0.0002525255...
==============
[Info]Likelihood -6829496.59707 at step 49 converge to 0.0002390573...
[Info]Likelihood -6829496.597 after step 50 converge to 0.000239 after 271 seconds...
[Info]Start evaluation in thread
[Stat]Test set perplexity is 1825.783 and log-likelihood is -388.102
[Info]multithread LDA[k:20, alpha:1.01, beta:1.00, Variational] Train/Test finished in 273.31 seconds...
TopWord FilePath:/zf18/ll5fy/lab/dataset/amazon_movie/byUser_70k_review/output/5foldsCVColdstart/2/LDA_Variational_topWords_20.txt
Topic 0(0.05273):	edit(0.04765)	commentari(0.03008)	video(0.02867)	qualiti(0.02843)	audio(0.02631)	disc(0.02173)	product(0.01969)	digit(0.01823)	documentari(0.01724)	collect(0.01600)	theatric(0.01497)	rate(0.01496)	track(0.01495)	interview(0.01383)	delet(0.01332)	featurett(0.01301)	transfer(0.01194)	soundtrack(0.01071)	cameron(0.01062)	talk(0.01013)	produc(0.00971)	kbps(0.00935)	footag(0.00931)	spanish(0.00903)	subtitl(0.00897)	materi(0.00869)	bonus(0.00865)	copi(0.00862)	master(0.00807)	standard(0.00761)	
Topic 1(0.04207):	monster(0.03466)	creatur(0.02299)	citi(0.02006)	david(0.01627)	predat(0.01444)	bruce(0.01432)	wayn(0.01207)	bale(0.01147)	xmen(0.01129)	christian(0.01089)	bill(0.01074)	return(0.01063)	michael(0.00945)	hall(0.00916)	neeson(0.00865)	dracula(0.00860)	beast(0.00783)	toro(0.00775)	trick(0.00754)	cain(0.00727)	liam(0.00715)	anna(0.00661)	fear(0.00657)	cave(0.00646)	hels(0.00640)	alfr(0.00601)	bride(0.00601)	christoph(0.00598)	berri(0.00561)	jackman(0.00555)	
Topic 2(0.04026):	bond(0.05155)	jame(0.04322)	secret(0.02121)	bourn(0.01705)	matt(0.01667)	damon(0.01617)	hoffman(0.01344)	rock(0.01286)	royal(0.01180)	ident(0.01098)	robert(0.00923)	casino(0.00914)	oper(0.00882)	brook(0.00865)	sequenc(0.00722)	hunt(0.00708)	cold(0.00689)	plan(0.00654)	joli(0.00624)	sean(0.00618)	mission(0.00613)	thriller(0.00524)	truman(0.00520)	polanski(0.00519)	conneri(0.00501)	daniel(0.00484)	produc(0.00481)	rosemari(0.00474)	pierc(0.00426)	hurt(0.00414)	
Topic 3(0.04438):	daughter(0.03273)	frank(0.02806)	rich(0.01507)	kevin(0.01417)	fine(0.01232)	boss(0.01227)	charli(0.01085)	marri(0.01010)	mark(0.00991)	husband(0.00949)	rang(0.00942)	blade(0.00931)	paint(0.00864)	hitler(0.00758)	doom(0.00707)	ryan(0.00697)	jessica(0.00602)	russian(0.00587)	mother(0.00568)	costner(0.00567)	convinc(0.00555)	team(0.00526)	evan(0.00522)	bobbi(0.00522)	blind(0.00521)	support(0.00509)	pride(0.00488)	jane(0.00483)	spacey(0.00480)	fire(0.00454)	
Topic 4(0.04255):	hero(0.04687)	iron(0.02142)	villain(0.01993)	willi(0.01697)	bruce(0.01415)	hulk(0.01317)	dragon(0.01196)	cool(0.01193)	suit(0.01157)	trek(0.01152)	superhero(0.01141)	toni(0.01076)	nick(0.01012)	comput(0.01011)	bridg(0.00905)	robert(0.00864)	sequenc(0.00808)	jeff(0.00729)	kick(0.00728)	hidden(0.00666)	silenc(0.00656)	serious(0.00639)	downey(0.00634)	aveng(0.00623)	weapon(0.00556)	team(0.00532)	mcclane(0.00452)	ross(0.00450)	mickey(0.00435)	michell(0.00410)	
Topic 5(0.05030):	night(0.02434)	half(0.02240)	train(0.01953)	drive(0.01924)	babi(0.01709)	water(0.01513)	ride(0.01508)	race(0.01368)	town(0.01308)	road(0.01140)	money(0.01116)	ladi(0.01031)	dollar(0.00992)	hollywood(0.00971)	father(0.00917)	sign(0.00885)	maggi(0.00866)	bank(0.00855)	player(0.00823)	paul(0.00797)	driver(0.00777)	mike(0.00772)	billi(0.00747)	fish(0.00699)	tire(0.00696)	lost(0.00643)	titl(0.00622)	wind(0.00557)	talent(0.00549)	shyamalan(0.00548)	
Topic 6(0.04374):	wait(0.02405)	transform(0.02381)	robot(0.02290)	georg(0.02264)	episod(0.02172)	queen(0.01403)	luca(0.01346)	lost(0.01226)	reveng(0.01203)	kidman(0.01190)	plane(0.01186)	strike(0.01180)	side(0.00998)	battl(0.00976)	return(0.00940)	theatr(0.00919)	luke(0.00862)	season(0.00848)	nicol(0.00814)	attack(0.00809)	prime(0.00696)	pilot(0.00694)	televis(0.00694)	flight(0.00688)	sequenc(0.00678)	jedi(0.00613)	saga(0.00590)	save(0.00565)	evil(0.00547)	dialog(0.00515)	
Topic 7(0.04009):	jack(0.03223)	ship(0.02408)	crew(0.02328)	captain(0.02063)	depp(0.02004)	johnni(0.01781)	tale(0.01688)	pirat(0.01507)	pitt(0.01280)	brad(0.01175)	davi(0.00937)	king(0.00899)	jake(0.00882)	titan(0.00864)	rush(0.00700)	independ(0.00692)	maria(0.00681)	troy(0.00680)	treasur(0.00664)	bloom(0.00660)	black(0.00644)	board(0.00643)	rescu(0.00639)	knight(0.00639)	carter(0.00614)	marin(0.00600)	curs(0.00582)	full(0.00578)	princ(0.00555)	sparrow(0.00543)	
Topic 8(0.06136):	comedi(0.04350)	humor(0.03507)	laugh(0.03208)	quot(0.03135)	hilari(0.01852)	joke(0.01541)	serious(0.01499)	romant(0.01341)	stupid(0.01263)	adam(0.01077)	alex(0.01004)	amus(0.00811)	andi(0.00810)	ferrel(0.00770)	stiller(0.00692)	quotth(0.00672)	black(0.00671)	dumb(0.00665)	male(0.00628)	bill(0.00619)	loud(0.00606)	sandler(0.00584)	trip(0.00580)	romanc(0.00573)	cute(0.00539)	quirki(0.00506)	mile(0.00490)	buddi(0.00470)	dude(0.00465)	manag(0.00456)	
Topic 9(0.05784):	hous(0.03952)	michael(0.03702)	killer(0.02134)	room(0.01994)	suspens(0.01557)	halloween(0.01507)	game(0.01490)	evil(0.01441)	victim(0.01257)	night(0.01131)	door(0.01098)	strang(0.01051)	ghost(0.01046)	jump(0.01039)	blood(0.01029)	town(0.01017)	wood(0.01002)	bodi(0.00931)	teenag(0.00913)	terror(0.00849)	myer(0.00845)	teen(0.00841)	hell(0.00838)	hill(0.00828)	mother(0.00800)	atmospher(0.00791)	jami(0.00670)	mask(0.00650)	sick(0.00608)	fear(0.00581)	
Topic 10(0.04473):	song(0.02490)	rent(0.01478)	richard(0.01454)	danc(0.01360)	sing(0.01337)	career(0.01294)	daniel(0.01045)	robert(0.00972)	famous(0.00952)	affleck(0.00915)	talent(0.00908)	hitchcock(0.00828)	number(0.00804)	cash(0.00795)	roger(0.00794)	lane(0.00760)	mother(0.00652)	earli(0.00627)	opera(0.00608)	singer(0.00602)	product(0.00600)	kane(0.00579)	phantom(0.00569)	patrick(0.00558)	fine(0.00531)	lawyer(0.00499)	plainview(0.00491)	christoph(0.00479)	kelli(0.00466)	hollywood(0.00465)	
Topic 11(0.05279):	anim(0.03722)	twist(0.02835)	dream(0.02797)	thriller(0.02414)	voic(0.01913)	fast(0.01774)	attent(0.01540)	case(0.01537)	william(0.01388)	island(0.01278)	wall(0.01237)	food(0.00983)	talk(0.00955)	park(0.00816)	simpli(0.00762)	type(0.00731)	clever(0.00711)	figur(0.00707)	touch(0.00644)	lost(0.00636)	decid(0.00622)	bird(0.00616)	imagin(0.00588)	pixar(0.00550)	confus(0.00548)	robin(0.00546)	hold(0.00489)	partner(0.00477)	insid(0.00468)	carl(0.00464)	
Topic 12(0.05200):	countri(0.02234)	polit(0.02028)	brother(0.01969)	white(0.01659)	drug(0.01632)	unit(0.01318)	presid(0.01258)	black(0.01223)	moor(0.01150)	washington(0.01148)	govern(0.01132)	polic(0.01122)	money(0.01068)	hank(0.00955)	japanes(0.00918)	deal(0.00868)	rocki(0.00843)	violenc(0.00833)	side(0.00832)	hotel(0.00658)	violent(0.00630)	rais(0.00622)	addict(0.00609)	bush(0.00607)	corrupt(0.00605)	terrorist(0.00573)	issu(0.00551)	kidnap(0.00490)	bell(0.00468)	situat(0.00463)	
Topic 13(0.06643):	dead(0.03824)	genr(0.02429)	flick(0.02338)	shot(0.02269)	camera(0.01483)	pace(0.01477)	gore(0.01467)	slow(0.01443)	premis(0.01176)	budget(0.01156)	typic(0.00976)	basic(0.00893)	fair(0.00861)	averag(0.00831)	manag(0.00790)	sort(0.00758)	team(0.00739)	danni(0.00715)	violenc(0.00698)	kubrick(0.00672)	concept(0.00637)	major(0.00617)	romero(0.00611)	impress(0.00607)	hole(0.00604)	dawn(0.00603)	rate(0.00596)	blood(0.00588)	tension(0.00551)	hate(0.00545)	
Topic 14(0.06911):	natur(0.01708)	father(0.01231)	situat(0.01048)	intellig(0.01032)	moral(0.00979)	truth(0.00976)	societi(0.00965)	understand(0.00933)	theme(0.00857)	struggl(0.00796)	issu(0.00726)	difficult(0.00633)	concern(0.00603)	desir(0.00565)	doubt(0.00548)	fear(0.00547)	author(0.00520)	reflect(0.00514)	confront(0.00502)	fascin(0.00495)	pari(0.00482)	aspect(0.00469)	process(0.00461)	public(0.00460)	behavior(0.00450)	warm(0.00450)	essenti(0.00447)	pain(0.00440)	conflict(0.00439)	soul(0.00434)	
Topic 15(0.06094):	battl(0.02978)	remak(0.02630)	total(0.02598)	bore(0.02488)	histori(0.01699)	soldier(0.01689)	felt(0.01600)	fail(0.01372)	graphic(0.01340)	weak(0.01307)	lack(0.01251)	histor(0.01238)	hollywood(0.01214)	wast(0.01183)	general(0.01159)	armi(0.01153)	horribl(0.01074)	compar(0.01070)	violenc(0.01070)	knew(0.01058)	simpli(0.00930)	epic(0.00788)	recal(0.00776)	save(0.00662)	dull(0.00641)	miller(0.00612)	alexand(0.00605)	consid(0.00574)	demon(0.00571)	imagin(0.00570)	
Topic 16(0.05101):	earth(0.02832)	visual(0.02508)	fiction(0.01983)	planet(0.01886)	save(0.01804)	futur(0.01706)	destroy(0.01387)	technolog(0.01051)	matrix(0.01035)	mission(0.01018)	gibson(0.00925)	reev(0.00900)	land(0.00899)	scientist(0.00791)	militari(0.00786)	citi(0.00736)	villag(0.00715)	stun(0.00714)	bodi(0.00587)	peac(0.00579)	race(0.00514)	advanc(0.00511)	cultur(0.00489)	invas(0.00487)	control(0.00487)	christ(0.00470)	sequenc(0.00464)	moon(0.00423)	invad(0.00416)	evil(0.00397)	
Topic 17(0.05162):	brilliant(0.03901)	oscar(0.03686)	king(0.02566)	award(0.02238)	cinematographi(0.02040)	ring(0.02003)	support(0.01699)	drama(0.01623)	academi(0.01416)	crow(0.01205)	outstand(0.01179)	lord(0.00994)	cage(0.00961)	compel(0.00929)	russel(0.00927)	tale(0.00867)	golden(0.00802)	told(0.00705)	forest(0.00652)	speech(0.00623)	translat(0.00623)	doctor(0.00610)	nichola(0.00557)	prais(0.00551)	penn(0.00547)	fine(0.00526)	amin(0.00507)	hawk(0.00505)	nash(0.00501)	connelli(0.00483)	
Topic 18(0.03782):	amaz(0.04825)	peter(0.04375)	spiderman(0.03179)	york(0.02229)	mari(0.01886)	dicaprio(0.01521)	hugh(0.01486)	gang(0.01350)	nicholson(0.01273)	scorses(0.01228)	barri(0.00939)	raimi(0.00849)	leonardo(0.00789)	superhero(0.00707)	kyle(0.00699)	jane(0.00697)	niro(0.00679)	jodi(0.00668)	rage(0.00653)	garner(0.00621)	simpson(0.00603)	uncl(0.00576)	favorit(0.00570)	citi(0.00548)	aviat(0.00537)	father(0.00503)	hollywood(0.00499)	tobey(0.00498)	daredevil(0.00477)	spider(0.00477)	
Topic 19(0.03823):	magic(0.02624)	jone(0.02406)	prison(0.02074)	potter(0.02057)	termin(0.01879)	ford(0.01277)	witch(0.01137)	black(0.01045)	indiana(0.01029)	professor(0.01026)	kate(0.00971)	order(0.00934)	instal(0.00822)	nazi(0.00805)	steven(0.00772)	indi(0.00769)	older(0.00716)	harrison(0.00708)	carrey(0.00688)	wizard(0.00687)	lewi(0.00681)	student(0.00665)	william(0.00652)	fienn(0.00646)	juli(0.00627)	teacher(0.00622)	favorit(0.00611)	emma(0.00610)	evil(0.00590)	raider(0.00584)	
251 users are loaded from /zf18/ll5fy/lab/dataset/amazon_movie/byUser_70k_review/5foldsCVColdstart/3/...
235 users are loaded from /zf18/ll5fy/lab/dataset/amazon_movie/byUser_70k_review/5foldsCVColdstart/0/...
237 users are loaded from /zf18/ll5fy/lab/dataset/amazon_movie/byUser_70k_review/5foldsCVColdstart/1/...
248 users are loaded from /zf18/ll5fy/lab/dataset/amazon_movie/byUser_70k_review/5foldsCVColdstart/2/...
240 users are loaded from /zf18/ll5fy/lab/dataset/amazon_movie/byUser_70k_review/5foldsCVColdstart/4/...
====================
[Info]Fold No. 3: 
train size = 20753, test size = 5556....
[Info]EM Starting multithread LDA[k:20, alpha:1.01, beta:1.00, Variational]...
==============
[Info]Likelihood -7448374.27753 at step 0 converge to 1.0000000000...
==============
[Info]Likelihood -7446648.86987 at step 1 converge to 0.0002316489...
==============
[Info]Likelihood -7444828.93650 at step 2 converge to 0.0002443963...
==============
[Info]Likelihood -7442251.59253 at step 3 converge to 0.0003461925...
==============
[Info]Likelihood -7435281.37464 at step 4 converge to 0.0009365738...
==============
[Info]Likelihood -7415895.77127 at step 5 converge to 0.0026072454...
==============
[Info]Likelihood -7373357.54117 at step 6 converge to 0.0057360879...
==============
[Info]Likelihood -7301719.93633 at step 7 converge to 0.0097157373...
==============
[Info]Likelihood -7207456.95792 at step 8 converge to 0.0129096951...
==============
[Info]Likelihood -7117285.73438 at step 9 converge to 0.0125108237...
==============
[Info]Likelihood -7045649.00825 at step 10 converge to 0.0100651750...
==============
[Info]Likelihood -6993616.53509 at step 11 converge to 0.0073850504...
==============
[Info]Likelihood -6955937.13948 at step 12 converge to 0.0053876840...
==============
[Info]Likelihood -6927706.02911 at step 13 converge to 0.0040585632...
==============
[Info]Likelihood -6905887.27197 at step 14 converge to 0.0031494923...
==============
[Info]Likelihood -6888517.65434 at step 15 converge to 0.0025151899...
==============
[Info]Likelihood -6874275.35579 at step 16 converge to 0.0020675419...
==============
[Info]Likelihood -6862272.43956 at step 17 converge to 0.0017460628...
==============
[Info]Likelihood -6851950.70383 at step 18 converge to 0.0015041279...
==============
[Info]Likelihood -6842918.87293 at step 19 converge to 0.0013181401...
==============
[Info]Likelihood -6834903.40343 at step 20 converge to 0.0011713524...
==============
[Info]Likelihood -6827716.20116 at step 21 converge to 0.0010515441...
==============
[Info]Likelihood -6821204.02485 at step 22 converge to 0.0009537854...
==============
[Info]Likelihood -6815255.93230 at step 23 converge to 0.0008720004...
==============
[Info]Likelihood -6809790.86549 at step 24 converge to 0.0008018872...
==============
[Info]Likelihood -6804747.57767 at step 25 converge to 0.0007405936...
==============
[Info]Likelihood -6800072.12631 at step 26 converge to 0.0006870867...
==============
[Info]Likelihood -6795734.57729 at step 27 converge to 0.0006378681...
==============
[Info]Likelihood -6791693.93846 at step 28 converge to 0.0005945846...
==============
[Info]Likelihood -6787894.08504 at step 29 converge to 0.0005594854...
==============
[Info]Likelihood -6784301.10359 at step 30 converge to 0.0005293220...
==============
[Info]Likelihood -6780914.61942 at step 31 converge to 0.0004991648...
==============
[Info]Likelihood -6777743.04295 at step 32 converge to 0.0004677210...
==============
[Info]Likelihood -6774776.14387 at step 33 converge to 0.0004377415...
==============
[Info]Likelihood -6771993.48135 at step 34 converge to 0.0004107387...
==============
[Info]Likelihood -6769363.14697 at step 35 converge to 0.0003884136...
==============
[Info]Likelihood -6766842.76842 at step 36 converge to 0.0003723214...
==============
[Info]Likelihood -6764423.71247 at step 37 converge to 0.0003574866...
==============
[Info]Likelihood -6762125.80116 at step 38 converge to 0.0003397054...
==============
[Info]Likelihood -6759962.25871 at step 39 converge to 0.0003199500...
==============
[Info]Likelihood -6757934.01511 at step 40 converge to 0.0003000377...
==============
[Info]Likelihood -6756033.24945 at step 41 converge to 0.0002812643...
==============
[Info]Likelihood -6754247.80623 at step 42 converge to 0.0002642739...
==============
[Info]Likelihood -6752564.03724 at step 43 converge to 0.0002492904...
==============
[Info]Likelihood -6750966.69434 at step 44 converge to 0.0002365535...
==============
[Info]Likelihood -6749444.20525 at step 45 converge to 0.0002255216...
==============
[Info]Likelihood -6747991.64236 at step 46 converge to 0.0002152122...
==============
[Info]Likelihood -6746599.42011 at step 47 converge to 0.0002063165...
==============
[Info]Likelihood -6745258.08235 at step 48 converge to 0.0001988169...
==============
[Info]Likelihood -6743980.69633 at step 49 converge to 0.0001893754...
[Info]Likelihood -6743980.696 after step 50 converge to 0.000189 after 204 seconds...
[Info]Start evaluation in thread
[Stat]Test set perplexity is 1720.184 and log-likelihood is -362.226
[Info]multithread LDA[k:20, alpha:1.01, beta:1.00, Variational] Train/Test finished in 207.22 seconds...
TopWord FilePath:/zf18/ll5fy/lab/dataset/amazon_movie/byUser_70k_review/output/5foldsCVColdstart/3/LDA_Variational_topWords_20.txt
Topic 0(0.04301):	citi(0.04083)	bruce(0.02817)	villain(0.02362)	jone(0.01882)	reveng(0.01880)	episod(0.01742)	hero(0.01602)	michael(0.01574)	bale(0.01430)	christian(0.01426)	christoph(0.01411)	superhero(0.01396)	wayn(0.01346)	knight(0.01339)	return(0.01169)	evil(0.01055)	morgan(0.01044)	luca(0.00988)	neeson(0.00883)	menac(0.00779)	alfr(0.00759)	cain(0.00742)	gotham(0.00727)	liam(0.00723)	gari(0.00713)	rachel(0.00696)	side(0.00690)	fear(0.00686)	holm(0.00666)	favorit(0.00651)	
Topic 1(0.05230):	edit(0.04569)	commentari(0.03152)	qualiti(0.02893)	video(0.02593)	audio(0.02350)	disc(0.02079)	documentari(0.01983)	product(0.01883)	collect(0.01735)	track(0.01622)	digit(0.01587)	interview(0.01575)	theatric(0.01541)	featurett(0.01463)	soundtrack(0.01347)	delet(0.01344)	transfer(0.01238)	shot(0.01226)	produc(0.01091)	talk(0.01040)	footag(0.00993)	bonus(0.00914)	subtitl(0.00903)	copi(0.00890)	standard(0.00884)	rate(0.00884)	spanish(0.00828)	materi(0.00799)	altern(0.00755)	dolbi(0.00655)	
Topic 2(0.04381):	black(0.04690)	anim(0.03651)	white(0.03186)	voic(0.02852)	ring(0.02134)	talk(0.01822)	lord(0.01602)	witch(0.01165)	kubrick(0.00941)	wood(0.00832)	jeff(0.00821)	favorit(0.00751)	blue(0.00721)	wild(0.00700)	fish(0.00700)	magic(0.00698)	bear(0.00643)	bridg(0.00620)	princess(0.00614)	snow(0.00580)	amaz(0.00576)	mike(0.00561)	carl(0.00560)	imagin(0.00557)	golden(0.00547)	princ(0.00529)	land(0.00483)	doubt(0.00481)	wick(0.00464)	pitch(0.00459)	
Topic 3(0.05537):	brilliant(0.03684)	hollywood(0.03556)	oscar(0.03308)	robert(0.03216)	award(0.02292)	york(0.01607)	academi(0.01331)	island(0.01320)	hugh(0.01205)	attent(0.01144)	fiction(0.01103)	amaz(0.01053)	piec(0.01048)	fine(0.01028)	dicaprio(0.01003)	talent(0.00964)	list(0.00958)	cinematographi(0.00846)	scorses(0.00807)	support(0.00767)	filmmak(0.00738)	rare(0.00734)	prais(0.00721)	outstand(0.00695)	rage(0.00674)	impress(0.00667)	career(0.00643)	fascin(0.00594)	niro(0.00571)	favorit(0.00557)	
Topic 4(0.04908):	father(0.04136)	brother(0.02686)	room(0.01409)	busi(0.01370)	daniel(0.01187)	innoc(0.01121)	doctor(0.01117)	cage(0.00952)	gang(0.00951)	paul(0.00932)	money(0.00895)	sell(0.00872)	rich(0.00851)	hotel(0.00826)	mother(0.00754)	treasur(0.00696)	road(0.00689)	author(0.00684)	told(0.00660)	possess(0.00627)	visit(0.00598)	forest(0.00597)	land(0.00590)	protect(0.00561)	nichola(0.00542)	truth(0.00541)	blood(0.00539)	demon(0.00536)	decid(0.00526)	soul(0.00515)	
Topic 5(0.05648):	polit(0.02051)	govern(0.01241)	georg(0.01191)	societi(0.01168)	intellig(0.01102)	presid(0.01090)	moor(0.00926)	public(0.00902)	crow(0.00885)	moral(0.00843)	issu(0.00842)	unit(0.00807)	news(0.00724)	russel(0.00673)	truth(0.00673)	terrorist(0.00667)	side(0.00650)	support(0.00585)	motiv(0.00565)	fear(0.00542)	histori(0.00532)	focus(0.00522)	bush(0.00517)	televis(0.00507)	decis(0.00482)	behavior(0.00461)	control(0.00458)	countri(0.00454)	cold(0.00445)	luck(0.00444)	
Topic 6(0.05912):	thriller(0.02739)	suspens(0.02373)	daughter(0.02087)	twist(0.01992)	polic(0.01543)	case(0.01291)	bourn(0.01240)	fast(0.01231)	matt(0.01219)	damon(0.01018)	tension(0.00936)	phone(0.00878)	plan(0.00878)	camera(0.00869)	ident(0.00861)	washington(0.00850)	situat(0.00823)	ryan(0.00811)	train(0.00777)	drive(0.00749)	seat(0.00730)	affleck(0.00723)	partner(0.00618)	hitchcock(0.00607)	boss(0.00595)	driver(0.00593)	insid(0.00590)	money(0.00588)	secret(0.00586)	shot(0.00582)	
Topic 7(0.04500):	jack(0.03927)	drama(0.01995)	depp(0.01968)	johnni(0.01861)	team(0.01425)	game(0.01309)	nicholson(0.01280)	prison(0.01233)	hoffman(0.01226)	billi(0.01124)	player(0.01115)	babi(0.01004)	manag(0.01003)	mile(0.00961)	career(0.00958)	season(0.00929)	carter(0.00916)	dollar(0.00886)	support(0.00861)	cash(0.00847)	bank(0.00800)	mountain(0.00775)	walk(0.00766)	talent(0.00631)	davi(0.00629)	cold(0.00620)	mann(0.00596)	public(0.00584)	bone(0.00584)	mother(0.00550)	
Topic 8(0.04786):	visual(0.03959)	king(0.03819)	monster(0.02916)	tale(0.02620)	creatur(0.02227)	imagin(0.01309)	dragon(0.01206)	pitt(0.01157)	epic(0.01128)	hero(0.01092)	brad(0.00972)	express(0.00968)	kong(0.00925)	stun(0.00884)	battl(0.00790)	paint(0.00773)	barri(0.00772)	impress(0.00758)	silenc(0.00592)	pari(0.00560)	joli(0.00555)	troy(0.00537)	cave(0.00522)	inspir(0.00520)	beast(0.00514)	case(0.00496)	simpli(0.00495)	hidden(0.00487)	peter(0.00461)	ancient(0.00459)	
Topic 9(0.04448):	song(0.02603)	rent(0.01711)	danc(0.01681)	sing(0.01505)	sister(0.01409)	willi(0.01377)	number(0.01370)	charli(0.01250)	daughter(0.01185)	ladi(0.01086)	adam(0.01084)	alex(0.01079)	andi(0.00952)	parti(0.00909)	milk(0.00862)	penn(0.00798)	streep(0.00788)	mother(0.00763)	michell(0.00709)	river(0.00684)	jane(0.00653)	romant(0.00637)	sean(0.00630)	sunshin(0.00608)	marri(0.00600)	knock(0.00581)	meryl(0.00521)	support(0.00513)	manag(0.00492)	chocol(0.00480)	
Topic 10(0.04213):	dream(0.03135)	grow(0.01670)	potter(0.01644)	student(0.01206)	edward(0.01200)	order(0.01178)	danni(0.01093)	magic(0.01089)	colleg(0.00908)	professor(0.00903)	mother(0.00890)	older(0.00857)	alexand(0.00849)	teenag(0.00829)	maggi(0.00829)	deal(0.00818)	theme(0.00784)	secret(0.00781)	issu(0.00750)	addict(0.00744)	teach(0.00679)	matur(0.00674)	rose(0.00665)	alan(0.00659)	teacher(0.00654)	imagin(0.00594)	emma(0.00583)	kane(0.00574)	youth(0.00527)	continu(0.00517)	
Topic 11(0.04103):	peter(0.03169)	battl(0.03118)	spiderman(0.02378)	soldier(0.02265)	termin(0.01520)	general(0.01482)	cameron(0.01419)	amaz(0.01397)	japanes(0.01331)	hero(0.01185)	armi(0.01161)	militari(0.01073)	avatar(0.00834)	hitler(0.00815)	raimi(0.00733)	vietnam(0.00719)	privat(0.00686)	save(0.00657)	nazi(0.00653)	camp(0.00588)	side(0.00577)	jame(0.00564)	train(0.00562)	marin(0.00559)	combat(0.00517)	duti(0.00481)	resist(0.00480)	order(0.00465)	flag(0.00461)	rais(0.00456)	
Topic 12(0.03922):	bill(0.03070)	mari(0.01943)	david(0.01821)	return(0.01699)	blade(0.01498)	richard(0.01439)	reev(0.01096)	dracula(0.00995)	london(0.00938)	kate(0.00837)	husband(0.00835)	penguin(0.00830)	lane(0.00787)	coppola(0.00780)	trick(0.00772)	bride(0.00762)	franc(0.00740)	godfath(0.00732)	hels(0.00713)	judg(0.00660)	jackman(0.00626)	gene(0.00621)	anna(0.00586)	mummi(0.00561)	third(0.00552)	rick(0.00542)	jessica(0.00524)	juli(0.00519)	michael(0.00505)	half(0.00498)	
Topic 13(0.04895):	earth(0.02512)	planet(0.01879)	crew(0.01815)	ship(0.01733)	mission(0.01669)	captain(0.01655)	trek(0.01245)	destroy(0.01213)	water(0.01208)	attack(0.01142)	save(0.01133)	futur(0.01048)	plane(0.01029)	pirat(0.00976)	fiction(0.00895)	ford(0.00884)	xmen(0.00880)	scientist(0.00722)	flight(0.00697)	board(0.00679)	control(0.00677)	rescu(0.00602)	plan(0.00588)	recal(0.00576)	team(0.00564)	pilot(0.00560)	land(0.00532)	kyle(0.00512)	moon(0.00508)	harrison(0.00502)	
Topic 14(0.06611):	dead(0.04181)	hous(0.02888)	flick(0.02541)	remak(0.02415)	killer(0.01798)	blood(0.01710)	evil(0.01588)	genr(0.01583)	michael(0.01514)	gore(0.01507)	night(0.01443)	victim(0.01322)	halloween(0.01177)	ghost(0.00929)	hell(0.00865)	bodi(0.00844)	atmospher(0.00831)	terror(0.00802)	trap(0.00753)	door(0.00722)	jami(0.00697)	romero(0.00637)	jump(0.00633)	dawn(0.00617)	foxx(0.00601)	myer(0.00593)	town(0.00588)	texa(0.00575)	fear(0.00566)	horribl(0.00558)	
Topic 15(0.03728):	bond(0.05839)	jame(0.04447)	hunt(0.02314)	rock(0.02087)	predat(0.01900)	royal(0.01052)	hall(0.01038)	russian(0.01035)	band(0.01034)	secret(0.00989)	casino(0.00919)	roll(0.00901)	sexi(0.00892)	sean(0.00839)	roger(0.00735)	conneri(0.00646)	titl(0.00617)	hunter(0.00614)	miller(0.00606)	produc(0.00590)	rosemari(0.00567)	berri(0.00562)	pierc(0.00531)	rate(0.00515)	sequenc(0.00515)	brosnan(0.00510)	cold(0.00502)	villain(0.00470)	blond(0.00466)	vega(0.00462)	
Topic 16(0.06153):	comedi(0.04716)	humor(0.03788)	laugh(0.03320)	quot(0.03180)	serious(0.02610)	hilari(0.01904)	joke(0.01567)	stupid(0.01493)	hate(0.00884)	type(0.00872)	amus(0.00852)	loud(0.00795)	quotth(0.00713)	wast(0.00712)	male(0.00706)	ferrel(0.00698)	romant(0.00681)	dumb(0.00667)	kevin(0.00648)	stiller(0.00644)	toro(0.00627)	formula(0.00600)	quirki(0.00574)	spacey(0.00558)	bunch(0.00549)	basic(0.00538)	brook(0.00527)	talent(0.00513)	tire(0.00497)	bobbi(0.00489)	
Topic 17(0.06058):	bore(0.02496)	william(0.02222)	slow(0.01836)	pace(0.01807)	strang(0.01761)	night(0.01756)	town(0.01555)	hurt(0.01047)	park(0.01009)	premis(0.01000)	drag(0.00978)	felt(0.00942)	villag(0.00921)	sort(0.00766)	confus(0.00735)	fair(0.00720)	half(0.00717)	develop(0.00717)	rang(0.00690)	promis(0.00662)	hulk(0.00661)	typic(0.00631)	shot(0.00610)	wait(0.00606)	robin(0.00584)	rate(0.00576)	lack(0.00575)	theme(0.00542)	wors(0.00541)	weird(0.00523)	
Topic 18(0.05403):	frank(0.02507)	sequenc(0.02405)	cool(0.02053)	transform(0.01919)	iron(0.01763)	robot(0.01285)	toni(0.01246)	matrix(0.01242)	concept(0.01236)	hank(0.01221)	kidman(0.00826)	kick(0.00824)	suit(0.00782)	brain(0.00757)	half(0.00689)	flat(0.00669)	felt(0.00599)	comput(0.00561)	wast(0.00551)	nicol(0.00543)	prime(0.00540)	lack(0.00531)	huge(0.00527)	popcorn(0.00525)	explain(0.00499)	develop(0.00494)	weav(0.00487)	heck(0.00480)	yeah(0.00478)	impress(0.00466)	
Topic 19(0.05261):	violenc(0.03094)	histori(0.02238)	drug(0.01771)	violent(0.01560)	brutal(0.01439)	countri(0.01376)	understand(0.01371)	race(0.01352)	graphic(0.01254)	lost(0.01251)	histor(0.01202)	cultur(0.01182)	natur(0.00932)	gibson(0.00851)	rocki(0.00742)	translat(0.00733)	deal(0.00703)	simpli(0.00667)	consid(0.00602)	coen(0.00573)	hors(0.00553)	belief(0.00500)	maria(0.00491)	intens(0.00449)	christ(0.00449)	heaven(0.00426)	scarlett(0.00424)	suffer(0.00418)	foreign(0.00417)	match(0.00417)	
240 users are loaded from /zf18/ll5fy/lab/dataset/amazon_movie/byUser_70k_review/5foldsCVColdstart/4/...
235 users are loaded from /zf18/ll5fy/lab/dataset/amazon_movie/byUser_70k_review/5foldsCVColdstart/0/...
237 users are loaded from /zf18/ll5fy/lab/dataset/amazon_movie/byUser_70k_review/5foldsCVColdstart/1/...
248 users are loaded from /zf18/ll5fy/lab/dataset/amazon_movie/byUser_70k_review/5foldsCVColdstart/2/...
251 users are loaded from /zf18/ll5fy/lab/dataset/amazon_movie/byUser_70k_review/5foldsCVColdstart/3/...
====================
[Info]Fold No. 4: 
train size = 20717, test size = 5592....
[Info]EM Starting multithread LDA[k:20, alpha:1.01, beta:1.00, Variational]...
==============
[Info]Likelihood -7205664.53897 at step 0 converge to 1.0000000000...
==============
[Info]Likelihood -7203968.91308 at step 1 converge to 0.0002353185...
==============
[Info]Likelihood -7202198.69583 at step 2 converge to 0.0002457281...
==============
[Info]Likelihood -7199926.68988 at step 3 converge to 0.0003154600...
==============
[Info]Likelihood -7194874.69205 at step 4 converge to 0.0007016735...
==============
[Info]Likelihood -7179962.41370 at step 5 converge to 0.0020726252...
==============
[Info]Likelihood -7141753.70677 at step 6 converge to 0.0053215748...
==============
[Info]Likelihood -7075132.18893 at step 7 converge to 0.0093284536...
==============
[Info]Likelihood -6989009.44112 at step 8 converge to 0.0121725991...
==============
[Info]Likelihood -6902429.03007 at step 9 converge to 0.0123880804...
==============
[Info]Likelihood -6831661.31692 at step 10 converge to 0.0102525811...
==============
[Info]Likelihood -6778556.33759 at step 11 converge to 0.0077733624...
==============
[Info]Likelihood -6739095.57635 at step 12 converge to 0.0058214108...
==============
[Info]Likelihood -6709061.37331 at step 13 converge to 0.0044567112...
==============
[Info]Likelihood -6685557.52893 at step 14 converge to 0.0035032985...
==============
[Info]Likelihood -6666799.62282 at step 15 converge to 0.0028057355...
==============
[Info]Likelihood -6651480.28549 at step 16 converge to 0.0022978548...
==============
[Info]Likelihood -6638634.72187 at step 17 converge to 0.0019312338...
==============
[Info]Likelihood -6627596.24019 at step 18 converge to 0.0016627638...
==============
[Info]Likelihood -6617988.39791 at step 19 converge to 0.0014496722...
==============
[Info]Likelihood -6609552.65192 at step 20 converge to 0.0012746692...
==============
[Info]Likelihood -6602071.63298 at step 21 converge to 0.0011318495...
==============
[Info]Likelihood -6595356.35949 at step 22 converge to 0.0010171464...
==============
[Info]Likelihood -6589282.99344 at step 23 converge to 0.0009208549...
==============
[Info]Likelihood -6583767.85993 at step 24 converge to 0.0008369854...
==============
[Info]Likelihood -6578733.03219 at step 25 converge to 0.0007647335...
==============
[Info]Likelihood -6574117.15971 at step 26 converge to 0.0007016355...
==============
[Info]Likelihood -6569861.06267 at step 27 converge to 0.0006474021...
==============
[Info]Likelihood -6565911.13408 at step 28 converge to 0.0006012195...
==============
[Info]Likelihood -6562233.17517 at step 29 converge to 0.0005601597...
==============
[Info]Likelihood -6558796.27899 at step 30 converge to 0.0005237388...
==============
[Info]Likelihood -6555568.91680 at step 31 converge to 0.0004920662...
==============
[Info]Likelihood -6552535.47608 at step 32 converge to 0.0004627273...
==============
[Info]Likelihood -6549687.75200 at step 33 converge to 0.0004345988...
==============
[Info]Likelihood -6547009.19246 at step 34 converge to 0.0004089599...
==============
[Info]Likelihood -6544479.96646 at step 35 converge to 0.0003863178...
==============
[Info]Likelihood -6542083.04726 at step 36 converge to 0.0003662505...
==============
[Info]Likelihood -6539812.77846 at step 37 converge to 0.0003470254...
==============
[Info]Likelihood -6537665.49599 at step 38 converge to 0.0003283401...
==============
[Info]Likelihood -6535627.62264 at step 39 converge to 0.0003117127...
==============
[Info]Likelihood -6533667.49299 at step 40 converge to 0.0002999145...
==============
[Info]Likelihood -6531774.08450 at step 41 converge to 0.0002897926...
==============
[Info]Likelihood -6529968.08553 at step 42 converge to 0.0002764944...
==============
[Info]Likelihood -6528246.15226 at step 43 converge to 0.0002636970...
==============
[Info]Likelihood -6526596.46849 at step 44 converge to 0.0002526994...
==============
[Info]Likelihood -6525006.40742 at step 45 converge to 0.0002436279...
==============
[Info]Likelihood -6523467.49583 at step 46 converge to 0.0002358483...
==============
[Info]Likelihood -6521979.77760 at step 47 converge to 0.0002280564...
==============
[Info]Likelihood -6520548.44482 at step 48 converge to 0.0002194629...
==============
[Info]Likelihood -6519177.35685 at step 49 converge to 0.0002102719...
[Info]Likelihood -6519177.357 after step 50 converge to 0.000210 after 206 seconds...
[Info]Start evaluation in thread
[Stat]Test set perplexity is 1725.274 and log-likelihood is -400.028
[Info]multithread LDA[k:20, alpha:1.01, beta:1.00, Variational] Train/Test finished in 209.21 seconds...
TopWord FilePath:/zf18/ll5fy/lab/dataset/amazon_movie/byUser_70k_review/output/5foldsCVColdstart/4/LDA_Variational_topWords_20.txt
Topic 0(0.06629):	violenc(0.02400)	natur(0.01423)	theme(0.01225)	brutal(0.01063)	understand(0.01058)	violent(0.01055)	graphic(0.00931)	pain(0.00903)	mother(0.00853)	issu(0.00853)	father(0.00801)	moral(0.00781)	societi(0.00774)	case(0.00727)	suffer(0.00677)	moor(0.00668)	simpli(0.00656)	rose(0.00647)	drama(0.00630)	cultur(0.00575)	gibson(0.00567)	touch(0.00553)	desir(0.00514)	deal(0.00509)	possess(0.00507)	sunshin(0.00464)	connect(0.00464)	truth(0.00462)	demon(0.00462)	easi(0.00457)	
Topic 1(0.03838):	black(0.03973)	crew(0.03031)	ship(0.02468)	captain(0.02312)	trek(0.02065)	pirat(0.01398)	andi(0.01344)	jack(0.01188)	lost(0.01113)	motion(0.01051)	season(0.00952)	wear(0.00880)	contact(0.00873)	food(0.00788)	streep(0.00777)	ride(0.00724)	episod(0.00696)	kirk(0.00688)	televis(0.00673)	mission(0.00644)	board(0.00638)	rescu(0.00593)	curs(0.00570)	devil(0.00567)	pitch(0.00562)	fast(0.00560)	generat(0.00526)	meryl(0.00509)	quest(0.00504)	creator(0.00487)	
Topic 2(0.04160):	dream(0.03123)	rock(0.01595)	prison(0.01492)	potter(0.01397)	island(0.01218)	park(0.01199)	pitt(0.01199)	danni(0.01190)	fiction(0.01186)	gang(0.01143)	brad(0.01115)	student(0.01115)	dicaprio(0.01088)	fire(0.01069)	kong(0.01000)	robert(0.00947)	order(0.00932)	team(0.00897)	band(0.00883)	west(0.00866)	brown(0.00816)	scorses(0.00762)	teacher(0.00665)	mark(0.00657)	pulp(0.00598)	leonardo(0.00552)	york(0.00524)	jess(0.00510)	magic(0.00505)	favorit(0.00492)	
Topic 3(0.06164):	dead(0.04734)	quot(0.03135)	flick(0.03057)	blood(0.02577)	genr(0.02130)	evil(0.02016)	gore(0.01825)	town(0.01728)	hell(0.01485)	killer(0.01313)	night(0.01284)	teen(0.00950)	bodi(0.00934)	rent(0.00830)	stupid(0.00813)	quotth(0.00784)	budget(0.00757)	sick(0.00735)	victim(0.00687)	teenag(0.00671)	walk(0.00663)	serious(0.00658)	dawn(0.00654)	romero(0.00640)	terror(0.00624)	gori(0.00551)	yeah(0.00535)	cult(0.00522)	jump(0.00522)	camp(0.00515)	
Topic 4(0.04851):	game(0.02610)	room(0.02162)	willi(0.01507)	strang(0.01381)	door(0.01210)	charli(0.01138)	number(0.01116)	hitler(0.00883)	phone(0.00873)	order(0.00811)	trap(0.00789)	victim(0.00785)	suspect(0.00766)	tear(0.00748)	sudden(0.00672)	situat(0.00660)	club(0.00607)	mike(0.00599)	barri(0.00592)	insid(0.00589)	insan(0.00574)	knock(0.00556)	chocol(0.00553)	fate(0.00545)	stay(0.00540)	visit(0.00530)	cell(0.00520)	plan(0.00507)	nazi(0.00496)	hang(0.00490)	
Topic 5(0.04775):	king(0.03761)	visual(0.03177)	tale(0.03153)	return(0.02655)	imagin(0.01613)	episod(0.01462)	magic(0.01438)	evil(0.01144)	stun(0.01054)	robin(0.00951)	luca(0.00935)	battl(0.00908)	lord(0.00846)	strike(0.00832)	side(0.00773)	phantom(0.00744)	master(0.00707)	voic(0.00697)	menac(0.00686)	princess(0.00683)	spirit(0.00670)	georg(0.00658)	toro(0.00621)	opera(0.00615)	princ(0.00583)	kane(0.00570)	spectacular(0.00554)	forest(0.00525)	bear(0.00518)	reveng(0.00509)	
Topic 6(0.05448):	earth(0.02670)	anim(0.02541)	futur(0.02286)	save(0.02166)	planet(0.01551)	destroy(0.01446)	robot(0.01314)	attack(0.01212)	fiction(0.01189)	voic(0.01132)	comput(0.01116)	wall(0.01059)	water(0.01010)	technolog(0.01005)	scientist(0.00825)	giant(0.00780)	mission(0.00691)	moon(0.00630)	hole(0.00620)	huge(0.00604)	pixar(0.00530)	fish(0.00508)	ground(0.00502)	donni(0.00493)	land(0.00491)	cave(0.00487)	militari(0.00486)	control(0.00483)	deep(0.00476)	advanc(0.00453)	
Topic 7(0.04337):	citi(0.04059)	hero(0.03779)	bruce(0.02627)	iron(0.02221)	toni(0.01662)	villain(0.01384)	bale(0.01382)	christian(0.01358)	suit(0.01305)	knight(0.01253)	wayn(0.00988)	hulk(0.00944)	morgan(0.00914)	reveng(0.00907)	superhero(0.00903)	nick(0.00886)	aveng(0.00723)	christoph(0.00705)	carrey(0.00691)	train(0.00690)	gari(0.00670)	neeson(0.00604)	downey(0.00580)	evan(0.00579)	sequenc(0.00577)	cain(0.00551)	weapon(0.00544)	robert(0.00539)	rachel(0.00504)	gotham(0.00493)	
Topic 8(0.04219):	monster(0.03313)	bill(0.02411)	creatur(0.02321)	david(0.01626)	wood(0.01516)	hugh(0.01327)	promis(0.01306)	dracula(0.01254)	lost(0.01234)	witch(0.01176)	queen(0.01121)	project(0.01031)	translat(0.00917)	coppola(0.00831)	godfath(0.00789)	trick(0.00761)	hels(0.00760)	cure(0.00759)	anna(0.00751)	jackman(0.00731)	blair(0.00726)	hype(0.00718)	london(0.00714)	virus(0.00684)	luci(0.00607)	bride(0.00603)	mummi(0.00547)	brodi(0.00542)	beast(0.00538)	strang(0.00482)	
Topic 9(0.07235):	twist(0.02661)	suspens(0.02589)	thriller(0.02491)	bore(0.02387)	half(0.01985)	pace(0.01660)	slow(0.01562)	felt(0.01410)	wast(0.01305)	premis(0.01262)	villag(0.01247)	blade(0.01143)	matrix(0.01125)	night(0.01100)	cool(0.01058)	confus(0.00994)	tension(0.00975)	lack(0.00971)	atmospher(0.00960)	hate(0.00932)	total(0.00888)	reev(0.00867)	wors(0.00866)	weak(0.00817)	sign(0.00781)	fail(0.00757)	horribl(0.00712)	build(0.00701)	shyamalan(0.00698)	seat(0.00676)	
Topic 10(0.05367):	polit(0.02021)	drug(0.01482)	unit(0.01345)	govern(0.01345)	georg(0.01261)	presid(0.01238)	countri(0.01153)	public(0.01150)	washington(0.01028)	plane(0.00915)	polic(0.00911)	control(0.00905)	news(0.00866)	white(0.00820)	situat(0.00703)	histori(0.00685)	terrorist(0.00681)	affleck(0.00639)	televis(0.00634)	truth(0.00634)	flight(0.00628)	kubrick(0.00572)	york(0.00567)	luck(0.00560)	warm(0.00537)	intellig(0.00536)	major(0.00532)	hollywood(0.00518)	hotel(0.00472)	corrupt(0.00470)	
Topic 11(0.04970):	shot(0.03270)	brother(0.03138)	talk(0.02663)	camera(0.02512)	money(0.02491)	matt(0.01367)	damon(0.01193)	daniel(0.01144)	bourn(0.01094)	ident(0.00992)	alex(0.00979)	jeff(0.00837)	bridg(0.00833)	paul(0.00722)	attent(0.00721)	busi(0.00683)	filmmak(0.00640)	penguin(0.00627)	wild(0.00616)	land(0.00613)	angl(0.00611)	coen(0.00564)	bird(0.00563)	drive(0.00556)	fast(0.00513)	intens(0.00495)	dude(0.00489)	fascin(0.00482)	plainview(0.00467)	full(0.00452)	
Topic 12(0.04504):	amaz(0.04782)	peter(0.03410)	spiderman(0.02382)	transform(0.02136)	ring(0.02046)	mari(0.02010)	xmen(0.01365)	abil(0.01254)	drag(0.01179)	edward(0.01141)	superhero(0.01012)	jane(0.00935)	develop(0.00912)	felt(0.00840)	raimi(0.00802)	villain(0.00767)	sequenc(0.00744)	impress(0.00690)	favorit(0.00690)	lord(0.00640)	uncl(0.00606)	opinion(0.00597)	rest(0.00582)	depth(0.00571)	patrick(0.00497)	tone(0.00491)	match(0.00471)	simpli(0.00460)	pg13(0.00437)	dunst(0.00418)	
Topic 13(0.05485):	edit(0.04734)	commentari(0.03079)	qualiti(0.02918)	product(0.02483)	video(0.02397)	disc(0.02177)	documentari(0.01962)	audio(0.01913)	collect(0.01741)	track(0.01708)	interview(0.01588)	theatric(0.01473)	digit(0.01444)	soundtrack(0.01380)	delet(0.01343)	featurett(0.01305)	produc(0.01303)	transfer(0.01260)	white(0.01245)	standard(0.01189)	materi(0.00993)	footag(0.00950)	studio(0.00903)	rate(0.00857)	copi(0.00852)	bonus(0.00851)	anim(0.00808)	subtitl(0.00777)	talk(0.00745)	altern(0.00688)	
Topic 14(0.05979):	comedi(0.04719)	hous(0.03558)	humor(0.03317)	laugh(0.03247)	jack(0.02402)	daughter(0.01830)	hilari(0.01821)	joke(0.01521)	romant(0.01332)	ghost(0.01266)	nicholson(0.01005)	serious(0.00950)	adam(0.00908)	father(0.00888)	mother(0.00845)	amus(0.00792)	male(0.00765)	loud(0.00734)	stiller(0.00716)	dumb(0.00712)	ferrel(0.00707)	owen(0.00701)	marri(0.00700)	keaton(0.00693)	stupid(0.00646)	decid(0.00641)	trip(0.00614)	colleg(0.00609)	cute(0.00570)	parti(0.00543)	
Topic 15(0.04022):	bond(0.04161)	jame(0.03979)	secret(0.02849)	hunt(0.02150)	robert(0.02130)	kevin(0.01923)	sean(0.01370)	predat(0.01355)	russian(0.01195)	boss(0.01120)	hitchcock(0.01115)	rang(0.01039)	roger(0.00860)	memor(0.00850)	ryan(0.00847)	hall(0.00781)	rank(0.00725)	costner(0.00709)	conneri(0.00701)	hunter(0.00638)	plan(0.00629)	gold(0.00599)	speech(0.00588)	niro(0.00579)	royal(0.00578)	team(0.00522)	casino(0.00504)	famous(0.00502)	mission(0.00454)	duval(0.00452)	
Topic 16(0.05280):	oscar(0.03631)	song(0.02159)	award(0.02057)	support(0.01825)	depp(0.01493)	johnni(0.01384)	sing(0.01285)	talent(0.01257)	academi(0.01257)	career(0.01187)	cold(0.01036)	kidman(0.00985)	daughter(0.00824)	carter(0.00822)	hoffman(0.00819)	billi(0.00794)	mountain(0.00761)	danc(0.00756)	husband(0.00742)	judg(0.00723)	cash(0.00688)	nicol(0.00685)	fine(0.00631)	drama(0.00604)	romanc(0.00573)	outstand(0.00553)	todd(0.00550)	marri(0.00538)	father(0.00527)	river(0.00503)	
Topic 17(0.04320):	brilliant(0.04526)	william(0.02982)	jone(0.02665)	lost(0.01395)	crow(0.01359)	dragon(0.01338)	ford(0.01300)	terrif(0.01292)	hollywood(0.01253)	clue(0.01233)	indiana(0.01128)	russel(0.01107)	silenc(0.00911)	cinematographi(0.00849)	indi(0.00773)	list(0.00769)	harrison(0.00752)	case(0.00705)	killer(0.00682)	steven(0.00652)	histori(0.00636)	piec(0.00630)	solv(0.00614)	fine(0.00597)	lamb(0.00589)	maria(0.00580)	raider(0.00564)	kidnap(0.00503)	insid(0.00490)	graham(0.00465)	
Topic 18(0.04571):	battl(0.03381)	frank(0.02832)	soldier(0.02144)	epic(0.01737)	histori(0.01636)	histor(0.01477)	hank(0.01415)	race(0.01396)	alexand(0.01144)	mile(0.01085)	cage(0.01083)	armi(0.01067)	japanes(0.01062)	treasur(0.00970)	general(0.00896)	privat(0.00863)	father(0.00817)	train(0.00770)	countri(0.00698)	militari(0.00679)	hors(0.00666)	farrel(0.00609)	vietnam(0.00593)	gate(0.00587)	combat(0.00559)	captur(0.00534)	cultur(0.00532)	fine(0.00521)	nativ(0.00495)	joli(0.00495)	
Topic 19(0.03845):	michael(0.06171)	remak(0.03846)	halloween(0.02138)	termin(0.01775)	cameron(0.01597)	rocki(0.01258)	myer(0.01164)	hill(0.01101)	road(0.01077)	milk(0.01001)	jami(0.00993)	texa(0.00981)	driver(0.00865)	chainsaw(0.00830)	penn(0.00830)	foxx(0.00827)	titan(0.00807)	hous(0.00804)	mask(0.00799)	massacr(0.00767)	mann(0.00753)	lauri(0.00688)	josh(0.00688)	night(0.00643)	drive(0.00609)	avatar(0.00592)	sister(0.00452)	connor(0.00444)	schwarzenegg(0.00432)	heat(0.00426)	

Part 0 -----------------Valid folds: 5
[Stat]Loglikelihood -382.897+/-15.344
[Stat]Perplexity 1772.013+/-55.949
