Load 7680 1-gram new features from /zf18/ll5fy/lab/dataset/amazon_movie/amazon_movie_features.txt...
841 users are loaded from /zf18/ll5fy/lab/dataset/amazon_movie/byUser_70k_review/data/...
Info File Path: /zf18/ll5fy/lab/dataset/amazon_movie/byUser_70k_review/output/5foldsCVColdstart/LDA_Item_info.txt
[Info]Start FIXED cross validation...
235 users are loaded from /zf18/ll5fy/lab/dataset/amazon_movie/byUser_70k_review/5foldsCVColdstart/0/...
237 users are loaded from /zf18/ll5fy/lab/dataset/amazon_movie/byUser_70k_review/5foldsCVColdstart/1/...
248 users are loaded from /zf18/ll5fy/lab/dataset/amazon_movie/byUser_70k_review/5foldsCVColdstart/2/...
251 users are loaded from /zf18/ll5fy/lab/dataset/amazon_movie/byUser_70k_review/5foldsCVColdstart/3/...
240 users are loaded from /zf18/ll5fy/lab/dataset/amazon_movie/byUser_70k_review/5foldsCVColdstart/4/...
====================
[Info]Fold No. 0: 
[Info]Analzying corpus: 
...........-- Global corpus: vocabulary size: 7680, review size: 26309, item size: 838, user size: 835
train size = 20962, test size = 5347....
[Info]Analying bipartie graph: 
-- train graph: review size: 20962, item size: 753, user size: 744
[Info]EM Starting multithread LDA_Focus[k:20, alpha:1.01, beta:1.00, Variational]...
==============
[Info]Likelihood -7332885.88228 at step 0 converge to 1.0000000000...
==============
[Info]Likelihood -7331153.92183 at step 1 converge to 0.0002361908...
==============
[Info]Likelihood -7329342.23550 at step 2 converge to 0.0002471216...
==============
[Info]Likelihood -7326882.79556 at step 3 converge to 0.0003355608...
==============
[Info]Likelihood -7320336.30571 at step 4 converge to 0.0008934891...
==============
[Info]Likelihood -7301762.73555 at step 5 converge to 0.0025372564...
==============
[Info]Likelihood -7260842.92174 at step 6 converge to 0.0056041007...
==============
[Info]Likelihood -7194124.80429 at step 7 converge to 0.0091887565...
==============
[Info]Likelihood -7109597.91154 at step 8 converge to 0.0117494337...
==============
[Info]Likelihood -7023544.60187 at step 9 converge to 0.0121038223...
==============
[Info]Likelihood -6952819.37334 at step 10 converge to 0.0100697344...
==============
[Info]Likelihood -6900354.39270 at step 11 converge to 0.0075458570...
==============
[Info]Likelihood -6861376.71360 at step 12 converge to 0.0056486489...
==============
[Info]Likelihood -6831289.96335 at step 13 converge to 0.0043849437...
==============
[Info]Likelihood -6807234.77458 at step 14 converge to 0.0035213245...
==============
[Info]Likelihood -6787376.15663 at step 15 converge to 0.0029172812...
==============
[Info]Likelihood -6770583.17732 at step 16 converge to 0.0024741489...
==============
[Info]Likelihood -6756152.63146 at step 17 converge to 0.0021313594...
==============
[Info]Likelihood -6743570.70358 at step 18 converge to 0.0018622918...
==============
[Info]Likelihood -6732438.66829 at step 19 converge to 0.0016507627...
==============
[Info]Likelihood -6722461.78289 at step 20 converge to 0.0014819126...
==============
[Info]Likelihood -6713436.37448 at step 21 converge to 0.0013425749...
==============
[Info]Likelihood -6705207.73927 at step 22 converge to 0.0012256965...
==============
[Info]Likelihood -6697652.84222 at step 23 converge to 0.0011267208...
==============
[Info]Likelihood -6690672.30064 at step 24 converge to 0.0010422370...
==============
[Info]Likelihood -6684200.86754 at step 25 converge to 0.0009672321...
==============
[Info]Likelihood -6678193.46019 at step 26 converge to 0.0008987473...
==============
[Info]Likelihood -6672610.90500 at step 27 converge to 0.0008359379...
==============
[Info]Likelihood -6667402.23821 at step 28 converge to 0.0007806040...
==============
[Info]Likelihood -6662513.24146 at step 29 converge to 0.0007332686...
==============
[Info]Likelihood -6657908.96725 at step 30 converge to 0.0006910717...
==============
[Info]Likelihood -6653565.21229 at step 31 converge to 0.0006524203...
==============
[Info]Likelihood -6649459.09808 at step 32 converge to 0.0006171299...
==============
[Info]Likelihood -6645560.50791 at step 33 converge to 0.0005863019...
==============
[Info]Likelihood -6641843.12687 at step 34 converge to 0.0005593781...
==============
[Info]Likelihood -6638292.16016 at step 35 converge to 0.0005346357...
==============
[Info]Likelihood -6634898.67137 at step 36 converge to 0.0005111991...
==============
[Info]Likelihood -6631656.17212 at step 37 converge to 0.0004887037...
==============
[Info]Likelihood -6628561.68826 at step 38 converge to 0.0004666231...
==============
[Info]Likelihood -6625600.26895 at step 39 converge to 0.0004467665...
==============
[Info]Likelihood -6622697.16153 at step 40 converge to 0.0004381652...
==============
[Info]Likelihood -6619748.89074 at step 41 converge to 0.0004451767...
==============
[Info]Likelihood -6616916.55051 at step 42 converge to 0.0004278622...
==============
[Info]Likelihood -6614245.88913 at step 43 converge to 0.0004036112...
==============
[Info]Likelihood -6611700.25013 at step 44 converge to 0.0003848721...
==============
[Info]Likelihood -6609254.63146 at step 45 converge to 0.0003698926...
==============
[Info]Likelihood -6606907.88712 at step 46 converge to 0.0003550694...
==============
[Info]Likelihood -6604668.96138 at step 47 converge to 0.0003388765...
==============
[Info]Likelihood -6602529.02069 at step 48 converge to 0.0003240042...
==============
[Info]Likelihood -6600476.44935 at step 49 converge to 0.0003108765...
[Info]Likelihood -6600476.449 after step 50 converge to 0.000311 after 343 seconds...
[Info]Analying bipartie graph: 
-- test graph: review size: 5347, item size: 258, user size: 235
[Info]Start evaluation in thread
[Stat]Test evaluation finished: 5347 docs
[Stat]0 part has 703.000000 docs: perplexity is 1962.529 and log-likelihood is -388.073
[Stat]1 part has 1467.000000 docs: perplexity is 1823.570 and log-likelihood is -411.118
[Stat]2 part has 1059.000000 docs: perplexity is 1734.493 and log-likelihood is -373.240
[Stat]3 part has 2118.000000 docs: perplexity is 1580.402 and log-likelihood is -400.136
[Stat]4 part has 5347.000000 docs: perplexity is 1720.897 and log-likelihood is -396.236
[Info]multithread LDA_Focus[k:20, alpha:1.01, beta:1.00, Variational] Train/Test finished in 346.90 seconds...
TopWord FilePath:/zf18/ll5fy/lab/dataset/amazon_movie/byUser_70k_review/output/5foldsCVColdstart/0/LDA_Item_topWords_20.txt
Topic 0(0.05060):	comedi(0.04562)	daughter(0.03185)	mother(0.01892)	husband(0.01826)	jack(0.01777)	romant(0.01647)	marri(0.01413)	kidman(0.01354)	father(0.01297)	trip(0.01017)	robin(0.00963)	adam(0.00939)	nicol(0.00907)	stiller(0.00858)	william(0.00854)	race(0.00845)	mile(0.00842)	night(0.00806)	kevin(0.00787)	milk(0.00770)	owen(0.00760)	ferrel(0.00736)	sean(0.00734)	penn(0.00714)	road(0.00667)	paul(0.00641)	bobbi(0.00620)	white(0.00589)	male(0.00568)	sandler(0.00547)	
Topic 1(0.04599):	michael(0.05769)	hous(0.04600)	game(0.02532)	night(0.02168)	town(0.01908)	room(0.01870)	halloween(0.01868)	ghost(0.01526)	door(0.01301)	hill(0.01154)	myer(0.01070)	jami(0.00925)	jump(0.00920)	keaton(0.00828)	sister(0.00821)	silent(0.00815)	mask(0.00801)	foxx(0.00716)	mother(0.00662)	walk(0.00647)	return(0.00628)	lauri(0.00623)	kirk(0.00583)	evil(0.00575)	teenag(0.00523)	13th(0.00520)	white(0.00518)	explain(0.00500)	lake(0.00499)	nois(0.00494)	
Topic 2(0.04988):	citi(0.04068)	bruce(0.02512)	cool(0.02275)	total(0.01692)	fast(0.01435)	plane(0.01128)	willi(0.01116)	ride(0.01005)	bale(0.00994)	terrorist(0.00957)	kick(0.00915)	phone(0.00899)	build(0.00882)	recal(0.00875)	wayn(0.00830)	villain(0.00816)	sequenc(0.00814)	flight(0.00810)	street(0.00708)	control(0.00670)	save(0.00631)	farrel(0.00611)	plan(0.00604)	knight(0.00604)	train(0.00598)	christian(0.00595)	system(0.00589)	camera(0.00581)	comput(0.00557)	hero(0.00555)	
Topic 3(0.04575):	team(0.02711)	mission(0.01824)	iron(0.01561)	captain(0.01539)	hunt(0.01425)	predat(0.01192)	scientist(0.01179)	toni(0.01097)	player(0.00931)	jeff(0.00723)	warm(0.00701)	rescu(0.00694)	moon(0.00672)	fire(0.00665)	save(0.00658)	aveng(0.00639)	independ(0.00627)	trap(0.00618)	bridg(0.00554)	donni(0.00546)	manag(0.00539)	hole(0.00538)	giant(0.00537)	board(0.00533)	core(0.00516)	denni(0.00505)	suit(0.00498)	rang(0.00493)	popcorn(0.00486)	robert(0.00464)	
Topic 4(0.04688):	brother(0.03396)	dream(0.02764)	robot(0.01697)	matrix(0.01696)	transform(0.01511)	confus(0.01440)	wall(0.01172)	clue(0.01091)	cage(0.01003)	treasur(0.00968)	carrey(0.00913)	pixar(0.00905)	premis(0.00888)	joel(0.00739)	brain(0.00723)	coen(0.00708)	sunshin(0.00643)	money(0.00643)	lose(0.00642)	father(0.00597)	secret(0.00595)	comput(0.00574)	nemo(0.00572)	dude(0.00557)	weav(0.00557)	program(0.00546)	deal(0.00539)	winslet(0.00519)	concept(0.00505)	revolut(0.00488)	
Topic 5(0.06637):	brilliant(0.02912)	oscar(0.02712)	drama(0.01885)	award(0.01539)	support(0.01265)	cinematographi(0.01234)	drug(0.01012)	academi(0.00940)	hollywood(0.00873)	understand(0.00848)	career(0.00826)	fine(0.00806)	outstand(0.00800)	rich(0.00736)	moral(0.00681)	compel(0.00656)	talent(0.00653)	hoffman(0.00626)	natur(0.00607)	crow(0.00604)	deliv(0.00601)	doubt(0.00601)	fascin(0.00600)	russel(0.00584)	defin(0.00546)	case(0.00534)	cinemat(0.00529)	cash(0.00526)	depth(0.00521)	theme(0.00519)	
Topic 6(0.05950):	polit(0.01910)	countri(0.01830)	govern(0.01319)	situat(0.01123)	unit(0.01085)	hank(0.01035)	societi(0.01031)	issu(0.00803)	presid(0.00798)	histori(0.00728)	black(0.00707)	public(0.00703)	news(0.00669)	hotel(0.00639)	militari(0.00625)	fear(0.00601)	white(0.00582)	kubrick(0.00563)	conflict(0.00556)	russian(0.00551)	side(0.00532)	general(0.00524)	order(0.00516)	truth(0.00512)	cultur(0.00495)	hitler(0.00453)	manag(0.00449)	understand(0.00448)	district(0.00431)	control(0.00430)	
Topic 7(0.04069):	bill(0.02621)	return(0.02447)	monster(0.02400)	david(0.01946)	blade(0.01670)	pirat(0.01294)	dracula(0.01098)	kate(0.01019)	reev(0.01006)	lost(0.00979)	translat(0.00936)	jack(0.00849)	coppola(0.00767)	richard(0.00755)	lane(0.00704)	luci(0.00677)	jonathan(0.00643)	scarlett(0.00635)	toro(0.00618)	black(0.00617)	witch(0.00589)	white(0.00581)	wolf(0.00517)	match(0.00514)	mummi(0.00509)	sequenc(0.00506)	drew(0.00501)	lewi(0.00501)	pearl(0.00487)	singer(0.00483)	
Topic 8(0.04320):	magic(0.02230)	ring(0.02147)	prison(0.01742)	potter(0.01685)	lord(0.01678)	babi(0.01470)	mountain(0.01032)	dollar(0.01001)	black(0.00863)	maggi(0.00839)	cold(0.00815)	princ(0.00793)	fire(0.00781)	wizard(0.00771)	rocki(0.00731)	train(0.00662)	hors(0.00658)	professor(0.00653)	grow(0.00632)	emma(0.00614)	student(0.00592)	braddock(0.00548)	secret(0.00526)	fienn(0.00518)	darker(0.00489)	eddi(0.00469)	deal(0.00462)	return(0.00445)	hogwart(0.00437)	order(0.00428)	
Topic 9(0.04663):	song(0.02637)	depp(0.02183)	johnni(0.01890)	favorit(0.01825)	rent(0.01705)	sing(0.01499)	charli(0.01450)	number(0.01409)	danc(0.01356)	imagin(0.01318)	creativ(0.01262)	carter(0.01004)	amaz(0.01003)	judg(0.00997)	wood(0.00932)	bore(0.00851)	dull(0.00783)	deep(0.00740)	soundtrack(0.00681)	talent(0.00671)	juli(0.00670)	todd(0.00639)	chocol(0.00631)	billi(0.00615)	barri(0.00603)	bank(0.00582)	public(0.00575)	maria(0.00559)	club(0.00531)	full(0.00526)	
Topic 10(0.04943):	anim(0.03822)	voic(0.02165)	tale(0.01991)	creatur(0.01921)	water(0.01486)	night(0.01454)	villag(0.01336)	strang(0.01240)	queen(0.01108)	ladi(0.01006)	sign(0.00858)	town(0.00848)	natur(0.00787)	witch(0.00726)	shyamalan(0.00697)	forest(0.00691)	penguin(0.00676)	father(0.00669)	food(0.00654)	king(0.00646)	blair(0.00622)	wood(0.00611)	edward(0.00607)	bird(0.00597)	blind(0.00590)	mother(0.00576)	monster(0.00560)	pari(0.00542)	camera(0.00538)	princess(0.00513)	
Topic 11(0.04569):	frank(0.02680)	robert(0.02369)	mark(0.01449)	washington(0.01398)	violenc(0.01354)	matt(0.01316)	nicholson(0.01286)	hulk(0.01197)	gang(0.01131)	york(0.01042)	jack(0.00928)	damon(0.00924)	polic(0.00888)	scorses(0.00887)	dicaprio(0.00867)	hurt(0.00850)	hugh(0.00766)	boss(0.00677)	partner(0.00658)	money(0.00646)	busi(0.00608)	ident(0.00590)	niro(0.00578)	histori(0.00564)	violent(0.00561)	hawk(0.00544)	father(0.00541)	thirti(0.00536)	godfath(0.00533)	support(0.00512)	
Topic 12(0.06497):	laugh(0.03067)	humor(0.02943)	serious(0.02689)	hilari(0.01566)	joke(0.01527)	stupid(0.01486)	bore(0.01385)	wast(0.01360)	hate(0.01073)	park(0.01039)	talk(0.00984)	andi(0.00835)	hype(0.00816)	loud(0.00787)	streep(0.00774)	dumb(0.00695)	rest(0.00669)	wear(0.00635)	total(0.00622)	suck(0.00605)	sort(0.00589)	money(0.00586)	colleg(0.00530)	type(0.00526)	knock(0.00525)	throw(0.00515)	amus(0.00514)	yeah(0.00511)	wors(0.00508)	fake(0.00502)	
Topic 13(0.04214):	earth(0.03043)	jone(0.02563)	ship(0.02490)	planet(0.02489)	episod(0.02226)	crew(0.02100)	trek(0.01678)	georg(0.01411)	luca(0.01216)	lost(0.01135)	ford(0.01077)	indiana(0.01053)	destroy(0.00990)	luke(0.00803)	attack(0.00792)	season(0.00747)	return(0.00723)	harrison(0.00704)	steven(0.00687)	indi(0.00686)	save(0.00616)	menac(0.00615)	phantom(0.00574)	jedi(0.00562)	raider(0.00562)	televis(0.00558)	strike(0.00547)	kinsey(0.00547)	saga(0.00496)	side(0.00489)	
Topic 14(0.05208):	visual(0.03698)	futur(0.02720)	fiction(0.02255)	moor(0.01382)	termin(0.01122)	technolog(0.01087)	cameron(0.01069)	graphic(0.00877)	gibson(0.00841)	dragon(0.00826)	impress(0.00815)	vision(0.00742)	stun(0.00737)	refer(0.00674)	filmmak(0.00673)	simpli(0.00656)	christian(0.00621)	imagin(0.00617)	violenc(0.00593)	race(0.00588)	titan(0.00588)	basic(0.00565)	roman(0.00551)	advanc(0.00546)	heaven(0.00506)	technic(0.00478)	violent(0.00475)	christ(0.00467)	knight(0.00465)	consid(0.00460)	
Topic 15(0.05332):	peter(0.02912)	hero(0.02544)	half(0.02175)	spiderman(0.01784)	felt(0.01744)	superhero(0.01597)	mari(0.01427)	averag(0.01348)	evil(0.01329)	amaz(0.01225)	drag(0.01206)	villain(0.01184)	abil(0.00989)	hell(0.00989)	weak(0.00921)	alex(0.00890)	jane(0.00852)	fair(0.00794)	save(0.00750)	major(0.00728)	lack(0.00722)	develop(0.00722)	opinion(0.00658)	cheesi(0.00656)	rate(0.00643)	understand(0.00615)	brown(0.00612)	affleck(0.00609)	raimi(0.00603)	flaw(0.00594)	
Topic 16(0.05202):	edit(0.04686)	commentari(0.03159)	qualiti(0.03152)	video(0.02935)	audio(0.02506)	disc(0.02226)	documentari(0.02113)	product(0.02014)	digit(0.01934)	interview(0.01692)	track(0.01664)	theatric(0.01614)	rate(0.01557)	collect(0.01455)	delet(0.01453)	featurett(0.01442)	transfer(0.01285)	produc(0.01158)	kbps(0.01024)	footag(0.01003)	copi(0.00934)	standard(0.00928)	spanish(0.00923)	soundtrack(0.00897)	size(0.00887)	subtitl(0.00845)	rock(0.00838)	shot(0.00828)	bonus(0.00818)	bourn(0.00797)	
Topic 17(0.03720):	bond(0.06309)	jame(0.04797)	ryan(0.01334)	secret(0.01214)	royal(0.01190)	roger(0.01079)	hall(0.01041)	casino(0.01004)	hitchcock(0.00954)	daniel(0.00850)	gold(0.00845)	conneri(0.00805)	villain(0.00789)	sean(0.00704)	plan(0.00695)	sequenc(0.00691)	ball(0.00671)	sexi(0.00602)	judi(0.00584)	famous(0.00559)	berri(0.00557)	shakespear(0.00556)	titl(0.00550)	brosnan(0.00544)	michell(0.00536)	pierc(0.00516)	dench(0.00470)	shot(0.00448)	twelv(0.00398)	traci(0.00386)	
Topic 18(0.06364):	dead(0.03832)	quot(0.03235)	remak(0.02783)	suspens(0.02618)	thriller(0.02592)	killer(0.02059)	blood(0.02004)	genr(0.01692)	gore(0.01666)	twist(0.01618)	victim(0.01234)	flick(0.01191)	tension(0.01156)	violenc(0.01133)	atmospher(0.01074)	bodi(0.00925)	quotth(0.00779)	terror(0.00762)	case(0.00697)	drive(0.00669)	texa(0.00647)	intens(0.00603)	rose(0.00583)	night(0.00581)	silenc(0.00562)	shot(0.00530)	dawn(0.00505)	evil(0.00499)	romero(0.00498)	jodi(0.00496)	
Topic 19(0.04402):	battl(0.04149)	king(0.03127)	epic(0.01914)	soldier(0.01908)	armi(0.01554)	island(0.01497)	xmen(0.01462)	histori(0.01286)	alexand(0.01219)	histor(0.01139)	pitt(0.01108)	brad(0.00938)	kong(0.00922)	sequenc(0.00873)	miller(0.00801)	vietnam(0.00695)	japanes(0.00690)	militari(0.00662)	joli(0.00648)	cure(0.00636)	general(0.00618)	privat(0.00565)	invas(0.00543)	combat(0.00527)	save(0.00519)	jackman(0.00493)	attack(0.00475)	develop(0.00456)	train(0.00432)	side(0.00430)	
237 users are loaded from /zf18/ll5fy/lab/dataset/amazon_movie/byUser_70k_review/5foldsCVColdstart/1/...
235 users are loaded from /zf18/ll5fy/lab/dataset/amazon_movie/byUser_70k_review/5foldsCVColdstart/0/...
248 users are loaded from /zf18/ll5fy/lab/dataset/amazon_movie/byUser_70k_review/5foldsCVColdstart/2/...
251 users are loaded from /zf18/ll5fy/lab/dataset/amazon_movie/byUser_70k_review/5foldsCVColdstart/3/...
240 users are loaded from /zf18/ll5fy/lab/dataset/amazon_movie/byUser_70k_review/5foldsCVColdstart/4/...
====================
[Info]Fold No. 1: 
[Info]Analzying corpus: 
...........-- Global corpus: vocabulary size: 7680, review size: 26309, item size: 838, user size: 835
train size = 21478, test size = 4831....
[Info]Analying bipartie graph: 
-- train graph: review size: 21478, item size: 750, user size: 743
[Info]EM Starting multithread LDA_Focus[k:20, alpha:1.01, beta:1.00, Variational]...
==============
[Info]Likelihood -7717968.73131 at step 0 converge to 1.0000000000...
==============
[Info]Likelihood -7716185.17522 at step 1 converge to 0.0002310914...
==============
[Info]Likelihood -7714319.12997 at step 2 converge to 0.0002418352...
==============
[Info]Likelihood -7711893.57610 at step 3 converge to 0.0003144223...
==============
[Info]Likelihood -7705905.13001 at step 4 converge to 0.0007765208...
==============
[Info]Likelihood -7686247.35200 at step 5 converge to 0.0025510018...
==============
[Info]Likelihood -7643044.92626 at step 6 converge to 0.0056207436...
==============
[Info]Likelihood -7573989.49163 at step 7 converge to 0.0090350685...
==============
[Info]Likelihood -7480337.36625 at step 8 converge to 0.0123649664...
==============
[Info]Likelihood -7385013.75684 at step 9 converge to 0.0127432233...
==============
[Info]Likelihood -7307414.17649 at step 10 converge to 0.0105077097...
==============
[Info]Likelihood -7250997.14651 at step 11 converge to 0.0077205190...
==============
[Info]Likelihood -7210071.76755 at step 12 converge to 0.0056441036...
==============
[Info]Likelihood -7179112.36456 at step 13 converge to 0.0042939105...
==============
[Info]Likelihood -7154627.25937 at step 14 converge to 0.0034106034...
==============
[Info]Likelihood -7134494.88250 at step 15 converge to 0.0028138960...
==============
[Info]Likelihood -7117497.42731 at step 16 converge to 0.0023824329...
==============
[Info]Likelihood -7102843.36187 at step 17 converge to 0.0020588789...
==============
[Info]Likelihood -7089936.38235 at step 18 converge to 0.0018171567...
==============
[Info]Likelihood -7078382.35607 at step 19 converge to 0.0016296375...
==============
[Info]Likelihood -7067944.68512 at step 20 converge to 0.0014745842...
==============
[Info]Likelihood -7058478.18442 at step 21 converge to 0.0013393569...
==============
[Info]Likelihood -7049869.74305 at step 22 converge to 0.0012195889...
==============
[Info]Likelihood -7042002.08312 at step 23 converge to 0.0011160008...
==============
[Info]Likelihood -7034790.61474 at step 24 converge to 0.0010240651...
==============
[Info]Likelihood -7028132.95903 at step 25 converge to 0.0009463900...
==============
[Info]Likelihood -7021918.83629 at step 26 converge to 0.0008841783...
==============
[Info]Likelihood -7016082.26949 at step 27 converge to 0.0008311926...
==============
[Info]Likelihood -7010614.89655 at step 28 converge to 0.0007792629...
==============
[Info]Likelihood -7005496.09157 at step 29 converge to 0.0007301506...
==============
[Info]Likelihood -7000674.03924 at step 30 converge to 0.0006883242...
==============
[Info]Likelihood -6996106.40352 at step 31 converge to 0.0006524566...
==============
[Info]Likelihood -6991764.05339 at step 32 converge to 0.0006206810...
==============
[Info]Likelihood -6987631.95382 at step 33 converge to 0.0005909953...
==============
[Info]Likelihood -6983704.57127 at step 34 converge to 0.0005620477...
==============
[Info]Likelihood -6979976.74531 at step 35 converge to 0.0005337892...
==============
[Info]Likelihood -6976431.81129 at step 36 converge to 0.0005078719...
==============
[Info]Likelihood -6973049.31599 at step 37 converge to 0.0004848460...
==============
[Info]Likelihood -6969811.30055 at step 38 converge to 0.0004643615...
==============
[Info]Likelihood -6966703.40091 at step 39 converge to 0.0004459087...
==============
[Info]Likelihood -6963714.28507 at step 40 converge to 0.0004290574...
==============
[Info]Likelihood -6960841.40597 at step 41 converge to 0.0004125498...
==============
[Info]Likelihood -6958075.67939 at step 42 converge to 0.0003973265...
==============
[Info]Likelihood -6955400.84839 at step 43 converge to 0.0003844211...
==============
[Info]Likelihood -6952812.26113 at step 44 converge to 0.0003721694...
==============
[Info]Likelihood -6950313.83253 at step 45 converge to 0.0003593407...
==============
[Info]Likelihood -6947930.38763 at step 46 converge to 0.0003429262...
==============
[Info]Likelihood -6945649.98991 at step 47 converge to 0.0003282125...
==============
[Info]Likelihood -6943447.34997 at step 48 converge to 0.0003171251...
==============
[Info]Likelihood -6941320.43082 at step 49 converge to 0.0003063203...
[Info]Likelihood -6941320.431 after step 50 converge to 0.000306 after 214 seconds...
[Info]Analying bipartie graph: 
-- test graph: review size: 4831, item size: 245, user size: 237
[Info]Start evaluation in thread
[Stat]Test evaluation finished: 4831 docs
[Stat]0 part has 752.000000 docs: perplexity is 1882.813 and log-likelihood is -370.428
[Stat]1 part has 1116.000000 docs: perplexity is 1761.433 and log-likelihood is -375.543
[Stat]2 part has 1144.000000 docs: perplexity is 1975.190 and log-likelihood is -353.346
[Stat]3 part has 1819.000000 docs: perplexity is 1781.961 and log-likelihood is -368.784
[Stat]4 part has 4831.000000 docs: perplexity is 1834.603 and log-likelihood is -366.945
[Info]multithread LDA_Focus[k:20, alpha:1.01, beta:1.00, Variational] Train/Test finished in 217.23 seconds...
TopWord FilePath:/zf18/ll5fy/lab/dataset/amazon_movie/byUser_70k_review/output/5foldsCVColdstart/1/LDA_Item_topWords_20.txt
Topic 0(0.04218):	michael(0.05765)	team(0.02245)	paul(0.02229)	game(0.01894)	halloween(0.01605)	money(0.01568)	sister(0.01205)	mile(0.01177)	player(0.01129)	night(0.01119)	myer(0.00992)	manag(0.00987)	jami(0.00963)	billi(0.00924)	bank(0.00906)	foxx(0.00754)	mask(0.00708)	season(0.00670)	thoma(0.00645)	trip(0.00638)	lauri(0.00632)	street(0.00624)	club(0.00604)	knock(0.00586)	mann(0.00579)	parti(0.00578)	braddock(0.00534)	13th(0.00512)	footbal(0.00494)	pick(0.00489)	
Topic 1(0.04604):	dream(0.02500)	rock(0.01736)	willi(0.01734)	hilari(0.01458)	charli(0.01437)	black(0.01372)	water(0.01212)	andi(0.01150)	drive(0.01054)	band(0.00963)	hill(0.00937)	nick(0.00848)	clever(0.00832)	rose(0.00822)	silent(0.00787)	comedi(0.00766)	boss(0.00754)	kick(0.00732)	hoffman(0.00693)	fish(0.00689)	quirki(0.00629)	donni(0.00577)	roll(0.00570)	driver(0.00565)	nemo(0.00548)	opera(0.00545)	chocol(0.00537)	fiction(0.00523)	talk(0.00496)	talent(0.00484)	
Topic 2(0.05555):	hollywood(0.02402)	polit(0.01945)	award(0.01622)	support(0.01286)	focus(0.01261)	public(0.01195)	robert(0.01157)	issu(0.01151)	york(0.01066)	hugh(0.01049)	academi(0.01022)	frank(0.00999)	gang(0.00982)	career(0.00912)	drama(0.00797)	dicaprio(0.00774)	struggl(0.00757)	oscar(0.00732)	understand(0.00724)	sean(0.00657)	difficult(0.00595)	scorses(0.00584)	penn(0.00560)	district(0.00534)	earli(0.00516)	manipul(0.00504)	milk(0.00494)	river(0.00480)	compel(0.00478)	easi(0.00472)	
Topic 3(0.04469):	hero(0.03828)	peter(0.03047)	villain(0.02505)	bruce(0.02498)	citi(0.02080)	iron(0.01921)	spiderman(0.01814)	superhero(0.01657)	christian(0.01315)	toni(0.01191)	bale(0.01131)	wayn(0.01112)	suit(0.00954)	knight(0.00914)	amaz(0.00896)	neeson(0.00712)	alfr(0.00632)	aveng(0.00612)	gari(0.00607)	liam(0.00590)	gotham(0.00586)	train(0.00580)	rachel(0.00566)	christoph(0.00561)	holm(0.00542)	cain(0.00541)	raimi(0.00518)	downey(0.00509)	fear(0.00505)	bobbi(0.00481)	
Topic 4(0.05745):	earth(0.02638)	futur(0.01832)	ship(0.01612)	planet(0.01550)	robot(0.01541)	save(0.01517)	crew(0.01374)	mission(0.01303)	fiction(0.01290)	destroy(0.01153)	govern(0.01112)	presid(0.00979)	trek(0.00906)	attack(0.00894)	scientist(0.00792)	control(0.00785)	militari(0.00754)	terrorist(0.00703)	citi(0.00692)	unit(0.00672)	moor(0.00664)	plan(0.00613)	order(0.00588)	treasur(0.00586)	independ(0.00585)	race(0.00580)	bomb(0.00555)	giant(0.00542)	weapon(0.00536)	contact(0.00525)	
Topic 5(0.04970):	king(0.03260)	histori(0.03082)	battl(0.02880)	countri(0.01936)	soldier(0.01628)	histor(0.01354)	epic(0.01287)	armi(0.01148)	brother(0.01130)	general(0.01115)	pitt(0.01005)	alexand(0.00976)	affleck(0.00933)	pari(0.00892)	brad(0.00873)	japanes(0.00862)	cultur(0.00819)	miller(0.00664)	hitler(0.00608)	side(0.00565)	oliv(0.00556)	troy(0.00534)	coen(0.00517)	speech(0.00502)	bush(0.00488)	honor(0.00481)	hors(0.00442)	ancient(0.00441)	tale(0.00415)	nazi(0.00402)	
Topic 6(0.04203):	georg(0.02418)	episod(0.02338)	cameron(0.01551)	wait(0.01532)	battl(0.01472)	attack(0.01424)	luca(0.01321)	side(0.01315)	strike(0.01295)	termin(0.01118)	reveng(0.01000)	blue(0.00920)	jake(0.00910)	spectacular(0.00852)	menac(0.00851)	return(0.00837)	avatar(0.00817)	titan(0.00806)	luke(0.00750)	lord(0.00678)	jedi(0.00662)	amaz(0.00661)	jame(0.00627)	saga(0.00612)	evil(0.00605)	save(0.00583)	ring(0.00530)	darth(0.00519)	master(0.00507)	nativ(0.00503)	
Topic 7(0.04311):	daughter(0.03735)	mother(0.02306)	potter(0.01877)	room(0.01621)	david(0.01485)	student(0.01184)	magic(0.01089)	grow(0.00958)	carrey(0.00860)	fire(0.00770)	barri(0.00757)	order(0.00724)	professor(0.00723)	joel(0.00689)	older(0.00681)	secret(0.00679)	sunshin(0.00671)	emma(0.00642)	kate(0.00637)	prison(0.00612)	kyle(0.00572)	matur(0.00568)	winslet(0.00563)	davi(0.00540)	panic(0.00533)	teenag(0.00529)	hogwart(0.00492)	childhood(0.00477)	fienn(0.00470)	plane(0.00465)	
Topic 8(0.03765):	bond(0.05538)	jack(0.03931)	jame(0.03682)	babi(0.01861)	blade(0.01492)	ryan(0.01490)	nicholson(0.01226)	dollar(0.01181)	royal(0.01134)	rocki(0.00960)	gold(0.00823)	hunt(0.00721)	daniel(0.00703)	casino(0.00698)	conneri(0.00680)	train(0.00673)	robert(0.00640)	secret(0.00638)	jess(0.00593)	letter(0.00577)	sean(0.00571)	maggi(0.00560)	sequenc(0.00545)	privat(0.00477)	soviet(0.00476)	flag(0.00465)	pierc(0.00462)	ford(0.00460)	domin(0.00454)	plan(0.00446)	
Topic 9(0.05766):	hous(0.04258)	dead(0.03926)	night(0.03004)	flick(0.02980)	evil(0.02560)	genr(0.02215)	blood(0.02197)	jump(0.01272)	gore(0.01263)	ghost(0.01258)	atmospher(0.01225)	town(0.01113)	door(0.01034)	strang(0.00943)	hell(0.00924)	hulk(0.00818)	walk(0.00808)	stay(0.00644)	wood(0.00633)	resid(0.00607)	dawn(0.00604)	terror(0.00564)	suspens(0.00557)	fear(0.00504)	twist(0.00475)	weird(0.00471)	romero(0.00469)	room(0.00468)	build(0.00445)	nasti(0.00445)	
Topic 10(0.04118):	bill(0.02725)	return(0.02507)	brother(0.01664)	matrix(0.01591)	reev(0.01382)	adam(0.01323)	dracula(0.01049)	lane(0.00986)	luci(0.00823)	anna(0.00815)	godfath(0.00754)	translat(0.00708)	sandler(0.00700)	spacey(0.00677)	kevin(0.00637)	ring(0.00630)	singer(0.00628)	kate(0.00625)	richard(0.00615)	weav(0.00609)	christoph(0.00609)	coppola(0.00599)	pulp(0.00589)	sequenc(0.00587)	simpson(0.00574)	trick(0.00552)	lake(0.00540)	wolf(0.00515)	jonathan(0.00509)	drew(0.00491)	
Topic 11(0.06363):	visual(0.03265)	monster(0.02198)	shot(0.01886)	simpli(0.01749)	camera(0.01703)	creatur(0.01604)	imagin(0.01574)	slow(0.01388)	impress(0.01360)	filmmak(0.01200)	stun(0.01120)	sequenc(0.01053)	natur(0.00984)	pace(0.00845)	imag(0.00823)	express(0.00776)	motion(0.00737)	lack(0.00708)	confus(0.00700)	comput(0.00691)	theme(0.00671)	develop(0.00583)	piec(0.00577)	aspect(0.00555)	generat(0.00553)	sort(0.00550)	frame(0.00548)	strang(0.00536)	attent(0.00498)	project(0.00480)	
Topic 12(0.04413):	quot(0.04011)	remak(0.03757)	depp(0.02144)	johnni(0.01609)	pirat(0.01588)	captain(0.01503)	ride(0.01448)	half(0.01434)	texa(0.01005)	quotth(0.00969)	recal(0.00951)	phone(0.00906)	doom(0.00867)	road(0.00830)	kidnap(0.00803)	jessica(0.00744)	chainsaw(0.00740)	jack(0.00730)	massacr(0.00710)	curs(0.00689)	evan(0.00662)	compar(0.00657)	black(0.00649)	gore(0.00636)	total(0.00622)	dead(0.00613)	jone(0.00607)	tension(0.00594)	rush(0.00570)	sparrow(0.00534)	
Topic 13(0.04625):	william(0.02722)	romant(0.01656)	hurt(0.01494)	island(0.01460)	lost(0.01414)	park(0.01352)	comedi(0.01263)	town(0.01244)	race(0.01062)	kong(0.00971)	pixar(0.00932)	kevin(0.00866)	hitchcock(0.00850)	brook(0.00831)	owen(0.00825)	marri(0.00770)	touch(0.00757)	affair(0.00733)	husband(0.00649)	partner(0.00623)	carl(0.00621)	bird(0.00598)	romanc(0.00583)	fine(0.00548)	costner(0.00540)	larri(0.00503)	jeff(0.00483)	rang(0.00474)	lone(0.00461)	robin(0.00449)	
Topic 14(0.04443):	brilliant(0.03774)	oscar(0.03157)	hank(0.01744)	washington(0.01655)	predat(0.01550)	crow(0.01374)	xmen(0.01324)	cage(0.01220)	prison(0.01215)	russel(0.01156)	doctor(0.01135)	support(0.00942)	deliv(0.00936)	hall(0.00898)	robin(0.00745)	code(0.00721)	fine(0.00666)	cinematographi(0.00666)	addict(0.00649)	clue(0.00643)	forest(0.00641)	nichola(0.00615)	hawk(0.00588)	amin(0.00573)	nash(0.00564)	terrif(0.00548)	berri(0.00537)	connelli(0.00526)	patrick(0.00522)	hood(0.00520)	
Topic 15(0.07638):	laugh(0.02669)	bore(0.02362)	comedi(0.02310)	serious(0.02164)	humor(0.02145)	hate(0.01650)	jone(0.01366)	wast(0.01363)	transform(0.01362)	stupid(0.01338)	joke(0.01272)	villag(0.01156)	type(0.00996)	cool(0.00994)	basic(0.00897)	edward(0.00897)	premis(0.00895)	fail(0.00886)	total(0.00885)	rent(0.00879)	half(0.00758)	mess(0.00734)	money(0.00714)	averag(0.00712)	fair(0.00698)	teen(0.00695)	sign(0.00674)	bunch(0.00655)	horribl(0.00651)	dumb(0.00643)	
Topic 16(0.05081):	edit(0.04985)	commentari(0.03329)	video(0.02871)	qualiti(0.02795)	audio(0.02590)	product(0.02325)	disc(0.02221)	documentari(0.02166)	digit(0.01895)	interview(0.01812)	theatric(0.01648)	track(0.01642)	collect(0.01622)	delet(0.01580)	featurett(0.01548)	rate(0.01432)	produc(0.01369)	soundtrack(0.01367)	talk(0.01132)	transfer(0.01048)	footag(0.00997)	spanish(0.00962)	kbps(0.00957)	copi(0.00914)	subtitl(0.00878)	bonus(0.00873)	materi(0.00835)	altern(0.00800)	size(0.00773)	standard(0.00721)	
Topic 17(0.04632):	anim(0.04398)	voic(0.02822)	white(0.02771)	song(0.02401)	black(0.01803)	danc(0.01515)	sing(0.01319)	mari(0.01243)	tale(0.01193)	queen(0.01192)	alex(0.01137)	number(0.01002)	witch(0.00924)	magic(0.00809)	stiller(0.00798)	princ(0.00730)	cute(0.00719)	favorit(0.00688)	snow(0.00637)	mother(0.00622)	princess(0.00613)	michell(0.00584)	penguin(0.00577)	golden(0.00546)	talent(0.00503)	wall(0.00474)	talk(0.00453)	juli(0.00451)	holli(0.00435)	eddi(0.00432)	
Topic 18(0.05170):	father(0.02664)	cold(0.01232)	kidman(0.01174)	societi(0.01114)	food(0.00902)	husband(0.00869)	case(0.00810)	nicol(0.00797)	streep(0.00792)	kubrick(0.00774)	mountain(0.00755)	hotel(0.00751)	judg(0.00699)	understand(0.00606)	demon(0.00584)	soul(0.00577)	rich(0.00567)	possess(0.00549)	truth(0.00541)	interpret(0.00514)	meryl(0.00513)	todd(0.00502)	priest(0.00500)	suicid(0.00488)	doubt(0.00485)	carter(0.00461)	moor(0.00451)	jude(0.00444)	ladi(0.00444)	desir(0.00440)	
Topic 19(0.05912):	violenc(0.02869)	thriller(0.02696)	killer(0.02110)	suspens(0.02030)	twist(0.01763)	polic(0.01594)	violent(0.01420)	victim(0.01222)	drug(0.01094)	matt(0.01016)	brutal(0.01010)	bourn(0.00986)	damon(0.00952)	case(0.00942)	tension(0.00804)	secret(0.00794)	intellig(0.00759)	ident(0.00735)	intens(0.00728)	situat(0.00719)	reveal(0.00642)	david(0.00580)	intrigu(0.00560)	silenc(0.00537)	dragon(0.00514)	graphic(0.00507)	suspect(0.00503)	corrupt(0.00482)	moral(0.00482)	promis(0.00455)	
248 users are loaded from /zf18/ll5fy/lab/dataset/amazon_movie/byUser_70k_review/5foldsCVColdstart/2/...
235 users are loaded from /zf18/ll5fy/lab/dataset/amazon_movie/byUser_70k_review/5foldsCVColdstart/0/...
237 users are loaded from /zf18/ll5fy/lab/dataset/amazon_movie/byUser_70k_review/5foldsCVColdstart/1/...
251 users are loaded from /zf18/ll5fy/lab/dataset/amazon_movie/byUser_70k_review/5foldsCVColdstart/3/...
240 users are loaded from /zf18/ll5fy/lab/dataset/amazon_movie/byUser_70k_review/5foldsCVColdstart/4/...
====================
[Info]Fold No. 2: 
[Info]Analzying corpus: 
...........-- Global corpus: vocabulary size: 7680, review size: 26309, item size: 838, user size: 835
train size = 21326, test size = 4983....
[Info]Analying bipartie graph: 
-- train graph: review size: 21326, item size: 768, user size: 741
[Info]EM Starting multithread LDA_Focus[k:20, alpha:1.01, beta:1.00, Variational]...
==============
[Info]Likelihood -7545561.79802 at step 0 converge to 1.0000000000...
==============
[Info]Likelihood -7543806.40698 at step 1 converge to 0.0002326389...
==============
[Info]Likelihood -7541966.72068 at step 2 converge to 0.0002438671...
==============
[Info]Likelihood -7539499.05226 at step 3 converge to 0.0003271916...
==============
[Info]Likelihood -7533607.02332 at step 4 converge to 0.0007814881...
==============
[Info]Likelihood -7512913.04031 at step 5 converge to 0.0027468891...
==============
[Info]Likelihood -7466537.19640 at step 6 converge to 0.0061728179...
==============
[Info]Likelihood -7392277.92427 at step 7 converge to 0.0099456107...
==============
[Info]Likelihood -7293241.25650 at step 8 converge to 0.0133973139...
==============
[Info]Likelihood -7195028.12206 at step 9 converge to 0.0134663219...
==============
[Info]Likelihood -7120195.78680 at step 10 converge to 0.0104005619...
==============
[Info]Likelihood -7066887.87647 at step 11 converge to 0.0074868602...
==============
[Info]Likelihood -7028067.81161 at step 12 converge to 0.0054932334...
==============
[Info]Likelihood -6998520.07919 at step 13 converge to 0.0042042469...
==============
[Info]Likelihood -6974946.50774 at step 14 converge to 0.0033683652...
==============
[Info]Likelihood -6955515.21035 at step 15 converge to 0.0027858705...
==============
[Info]Likelihood -6939164.79708 at step 16 converge to 0.0023507120...
==============
[Info]Likelihood -6925200.80900 at step 17 converge to 0.0020123442...
==============
[Info]Likelihood -6913116.81833 at step 18 converge to 0.0017449300...
==============
[Info]Likelihood -6902521.58558 at step 19 converge to 0.0015326275...
==============
[Info]Likelihood -6893105.79882 at step 20 converge to 0.0013641083...
==============
[Info]Likelihood -6884700.54477 at step 21 converge to 0.0012193711...
==============
[Info]Likelihood -6877157.84049 at step 22 converge to 0.0010955748...
==============
[Info]Likelihood -6870301.73825 at step 23 converge to 0.0009969383...
==============
[Info]Likelihood -6864032.84490 at step 24 converge to 0.0009124626...
==============
[Info]Likelihood -6858301.72330 at step 25 converge to 0.0008349496...
==============
[Info]Likelihood -6853077.99334 at step 26 converge to 0.0007616652...
==============
[Info]Likelihood -6848268.18983 at step 27 converge to 0.0007018457...
==============
[Info]Likelihood -6843784.22676 at step 28 converge to 0.0006547587...
==============
[Info]Likelihood -6839604.78639 at step 29 converge to 0.0006106914...
==============
[Info]Likelihood -6835704.85759 at step 30 converge to 0.0005701980...
==============
[Info]Likelihood -6832043.88966 at step 31 converge to 0.0005355655...
==============
[Info]Likelihood -6828570.67819 at step 32 converge to 0.0005083708...
==============
[Info]Likelihood -6825242.91136 at step 33 converge to 0.0004873299...
==============
[Info]Likelihood -6822075.69061 at step 34 converge to 0.0004640451...
==============
[Info]Likelihood -6819091.67873 at step 35 converge to 0.0004374053...
==============
[Info]Likelihood -6816273.85224 at step 36 converge to 0.0004132261...
==============
[Info]Likelihood -6813600.71885 at step 37 converge to 0.0003921693...
==============
[Info]Likelihood -6811051.14981 at step 38 converge to 0.0003741882...
==============
[Info]Likelihood -6808606.50841 at step 39 converge to 0.0003589228...
==============
[Info]Likelihood -6806256.93974 at step 40 converge to 0.0003450880...
==============
[Info]Likelihood -6804002.40917 at step 41 converge to 0.0003312438...
==============
[Info]Likelihood -6801843.56201 at step 42 converge to 0.0003172908...
==============
[Info]Likelihood -6799774.88764 at step 43 converge to 0.0003041344...
==============
[Info]Likelihood -6797789.38090 at step 44 converge to 0.0002919960...
==============
[Info]Likelihood -6795879.93063 at step 45 converge to 0.0002808928...
==============
[Info]Likelihood -6794041.83264 at step 46 converge to 0.0002704724...
==============
[Info]Likelihood -6792270.88832 at step 47 converge to 0.0002606614...
==============
[Info]Likelihood -6790564.14157 at step 48 converge to 0.0002512778...
==============
[Info]Likelihood -6788917.46942 at step 49 converge to 0.0002424942...
[Info]Likelihood -6788917.469 after step 50 converge to 0.000242 after 257 seconds...
[Info]Analying bipartie graph: 
-- test graph: review size: 4983, item size: 226, user size: 248
[Info]Start evaluation in thread
[Stat]Test evaluation finished: 4983 docs
[Stat]0 part has 659.000000 docs: perplexity is 1846.028 and log-likelihood is -393.135
[Stat]1 part has 1295.000000 docs: perplexity is 1717.471 and log-likelihood is -418.554
[Stat]2 part has 1008.000000 docs: perplexity is 1943.188 and log-likelihood is -362.266
[Stat]3 part has 2021.000000 docs: perplexity is 1773.503 and log-likelihood is -377.841
[Stat]4 part has 4983.000000 docs: perplexity is 1797.429 and log-likelihood is -387.294
[Info]multithread LDA_Focus[k:20, alpha:1.01, beta:1.00, Variational] Train/Test finished in 260.32 seconds...
TopWord FilePath:/zf18/ll5fy/lab/dataset/amazon_movie/byUser_70k_review/output/5foldsCVColdstart/2/LDA_Item_topWords_20.txt
Topic 0(0.04191):	daughter(0.03961)	prison(0.01952)	potter(0.01893)	magic(0.01596)	train(0.01219)	plane(0.01161)	rocki(0.01073)	maggi(0.01069)	student(0.01054)	fire(0.00935)	order(0.00922)	professor(0.00895)	rose(0.00890)	drive(0.00882)	flight(0.00767)	dollar(0.00760)	jodi(0.00672)	driver(0.00610)	kyle(0.00604)	fienn(0.00596)	teacher(0.00581)	emma(0.00580)	secret(0.00552)	hogwart(0.00479)	ralph(0.00479)	lawyer(0.00476)	david(0.00421)	wizard(0.00419)	room(0.00418)	mill(0.00411)	
Topic 1(0.05335):	battl(0.03073)	violenc(0.02786)	king(0.02587)	histori(0.02131)	soldier(0.01637)	epic(0.01465)	violent(0.01298)	graphic(0.01293)	armi(0.01149)	histor(0.01143)	brutal(0.01110)	general(0.01074)	japanes(0.00945)	gibson(0.00895)	visual(0.00664)	save(0.00639)	ryan(0.00607)	privat(0.00595)	alexand(0.00564)	imag(0.00560)	miller(0.00554)	cultur(0.00552)	blood(0.00516)	natur(0.00506)	ancient(0.00478)	militari(0.00474)	peac(0.00468)	vietnam(0.00458)	christ(0.00455)	rais(0.00445)	
Topic 2(0.04204):	dead(0.05214)	jack(0.03511)	jone(0.02659)	ring(0.02152)	captain(0.01724)	lord(0.01617)	pirat(0.01433)	witch(0.01284)	matrix(0.01276)	evil(0.01191)	ford(0.01184)	lost(0.01014)	indiana(0.00954)	romero(0.00860)	dawn(0.00849)	return(0.00801)	land(0.00734)	indi(0.00713)	davi(0.00709)	harrison(0.00657)	treasur(0.00644)	depp(0.00629)	sequenc(0.00624)	third(0.00577)	bloom(0.00571)	raider(0.00542)	tommi(0.00541)	georg(0.00519)	sparrow(0.00517)	crew(0.00516)	
Topic 3(0.05171):	edit(0.05002)	commentari(0.03159)	video(0.03011)	qualiti(0.02996)	audio(0.02762)	disc(0.02282)	rate(0.02082)	product(0.02031)	digit(0.01914)	collect(0.01702)	track(0.01640)	documentari(0.01578)	theatric(0.01572)	delet(0.01399)	featurett(0.01366)	interview(0.01257)	transfer(0.01254)	soundtrack(0.01203)	standard(0.01006)	dragon(0.00983)	kbps(0.00982)	materi(0.00952)	copi(0.00946)	spanish(0.00945)	bonus(0.00909)	produc(0.00886)	subtitl(0.00854)	footag(0.00842)	dolbi(0.00708)	size(0.00699)	
Topic 4(0.04237):	quot(0.03956)	song(0.02719)	episod(0.02236)	rock(0.01840)	georg(0.01619)	sing(0.01318)	luca(0.01292)	mari(0.01277)	theatr(0.01091)	strike(0.00987)	band(0.00971)	luke(0.00908)	quotth(0.00849)	phantom(0.00809)	season(0.00801)	famous(0.00765)	favorit(0.00744)	side(0.00743)	juli(0.00736)	william(0.00731)	opera(0.00682)	jedi(0.00631)	night(0.00619)	return(0.00590)	larri(0.00581)	saga(0.00558)	spectacular(0.00551)	reveng(0.00525)	polanski(0.00521)	voic(0.00514)	
Topic 5(0.04561):	anim(0.04330)	black(0.03957)	white(0.03028)	voic(0.02395)	talk(0.01696)	wall(0.01406)	express(0.01057)	pixar(0.00864)	hotel(0.00806)	mike(0.00784)	tale(0.00761)	snow(0.00707)	bird(0.00662)	simpli(0.00657)	mother(0.00630)	princ(0.00618)	favorit(0.00559)	carl(0.00559)	nemo(0.00555)	king(0.00526)	touch(0.00521)	simpson(0.00498)	princess(0.00489)	theron(0.00472)	cute(0.00455)	walt(0.00452)	belong(0.00451)	speech(0.00445)	spirit(0.00422)	father(0.00421)	
Topic 6(0.03802):	bond(0.05545)	jame(0.04553)	daniel(0.01938)	royal(0.01272)	hall(0.01073)	hitchcock(0.00994)	casino(0.00983)	sequenc(0.00895)	gold(0.00876)	sexi(0.00868)	plan(0.00814)	secret(0.00751)	berri(0.00636)	gorgeous(0.00631)	ball(0.00610)	pride(0.00579)	villain(0.00539)	sean(0.00533)	conneri(0.00532)	judi(0.00525)	vega(0.00516)	titl(0.00478)	pitch(0.00449)	cool(0.00439)	prejudic(0.00437)	pierc(0.00436)	shakespear(0.00434)	product(0.00410)	dench(0.00403)	famous(0.00396)	
Topic 7(0.05721):	earth(0.02452)	futur(0.02154)	planet(0.01657)	robot(0.01584)	transform(0.01491)	ship(0.01477)	termin(0.01224)	mission(0.01157)	cameron(0.01143)	fiction(0.01054)	crew(0.01024)	predat(0.01021)	visual(0.00984)	destroy(0.00957)	save(0.00898)	technolog(0.00816)	scientist(0.00785)	giant(0.00765)	team(0.00628)	avatar(0.00605)	militari(0.00590)	titan(0.00563)	race(0.00541)	sequenc(0.00524)	district(0.00505)	creatur(0.00490)	land(0.00484)	comput(0.00477)	recal(0.00456)	total(0.00436)	
Topic 8(0.06830):	comedi(0.04195)	humor(0.03193)	laugh(0.03094)	serious(0.02053)	hilari(0.01788)	joke(0.01485)	stupid(0.01461)	bore(0.01416)	wast(0.01184)	hate(0.01045)	romant(0.00937)	race(0.00915)	night(0.00872)	brook(0.00786)	amus(0.00781)	ferrel(0.00743)	adam(0.00710)	dumb(0.00691)	loud(0.00672)	stiller(0.00667)	type(0.00658)	male(0.00597)	sandler(0.00563)	fail(0.00509)	basic(0.00509)	kick(0.00506)	owen(0.00492)	quirki(0.00471)	bunch(0.00460)	talent(0.00448)	
Topic 9(0.04640):	game(0.03305)	brother(0.03268)	money(0.01526)	kevin(0.01333)	doubt(0.01228)	sister(0.01213)	hoffman(0.01210)	player(0.01139)	team(0.01104)	charli(0.01066)	billi(0.00956)	father(0.00950)	rang(0.00943)	ride(0.00921)	manag(0.00881)	bridg(0.00839)	paul(0.00821)	jeff(0.00804)	barri(0.00765)	wild(0.00730)	west(0.00674)	park(0.00663)	carrey(0.00593)	streep(0.00572)	costner(0.00556)	sunshin(0.00548)	dude(0.00525)	truman(0.00484)	coen(0.00475)	talk(0.00461)	
Topic 10(0.04895):	twist(0.03210)	thriller(0.03036)	citi(0.02629)	bruce(0.02605)	suspens(0.02194)	willi(0.01552)	fear(0.01153)	wayn(0.01127)	island(0.01120)	christian(0.01104)	bale(0.01071)	david(0.01071)	cage(0.00996)	michael(0.00810)	neeson(0.00807)	trick(0.00789)	figur(0.00772)	christoph(0.00760)	phone(0.00754)	cain(0.00679)	liam(0.00667)	reveng(0.00661)	doctor(0.00657)	clue(0.00641)	forest(0.00626)	alfr(0.00610)	cave(0.00601)	nichola(0.00580)	shyamalan(0.00570)	holm(0.00538)	
Topic 11(0.06303):	hous(0.03690)	michael(0.02899)	remak(0.02367)	killer(0.02079)	town(0.01729)	night(0.01645)	flick(0.01553)	gore(0.01473)	halloween(0.01429)	room(0.01339)	blood(0.01242)	victim(0.01204)	genr(0.01006)	ghost(0.00979)	atmospher(0.00881)	hell(0.00827)	evil(0.00821)	myer(0.00802)	bodi(0.00767)	terror(0.00765)	door(0.00732)	jami(0.00668)	teen(0.00645)	jump(0.00637)	suspens(0.00560)	trap(0.00557)	dead(0.00544)	hill(0.00533)	lauri(0.00529)	walk(0.00513)	
Topic 12(0.04837):	shot(0.02791)	camera(0.02615)	bourn(0.01472)	matt(0.01440)	damon(0.01396)	york(0.01387)	hugh(0.01302)	dicaprio(0.01207)	gang(0.01173)	nicholson(0.01002)	confus(0.00976)	scorses(0.00974)	pace(0.00948)	polic(0.00931)	ident(0.00873)	attent(0.00865)	slow(0.00803)	mark(0.00724)	fish(0.00724)	leonardo(0.00626)	angl(0.00608)	oper(0.00596)	bank(0.00568)	sequenc(0.00524)	filmmak(0.00516)	techniqu(0.00515)	intellig(0.00509)	hollywood(0.00498)	piec(0.00496)	manag(0.00478)	
Topic 13(0.04578):	amaz(0.04309)	hero(0.04094)	peter(0.03655)	spiderman(0.02713)	villain(0.02315)	iron(0.02056)	superhero(0.01838)	pitt(0.01184)	brad(0.01086)	suit(0.00981)	toni(0.00873)	jane(0.00837)	raimi(0.00725)	joli(0.00643)	develop(0.00642)	troy(0.00629)	aveng(0.00615)	felt(0.00571)	sequenc(0.00561)	downey(0.00544)	visual(0.00543)	cool(0.00515)	uncl(0.00492)	mari(0.00492)	abil(0.00482)	garner(0.00479)	beowulf(0.00478)	lack(0.00471)	opinion(0.00445)	tobey(0.00425)	
Topic 14(0.05865):	brilliant(0.03524)	oscar(0.03306)	drama(0.02403)	dream(0.02386)	support(0.02104)	hollywood(0.01958)	award(0.01951)	william(0.01434)	cinematographi(0.01312)	academi(0.01227)	russel(0.01076)	crow(0.01050)	career(0.01026)	talent(0.00925)	outstand(0.00900)	washington(0.00899)	compel(0.00844)	struggl(0.00843)	danni(0.00833)	rare(0.00672)	rich(0.00588)	cinemat(0.00574)	golden(0.00572)	prais(0.00558)	earn(0.00530)	robin(0.00527)	intens(0.00524)	case(0.00499)	kane(0.00479)	difficult(0.00476)	
Topic 15(0.04582):	monster(0.03400)	bill(0.02279)	creatur(0.01654)	johnni(0.01408)	depp(0.01268)	wood(0.01247)	half(0.01183)	blade(0.01029)	xmen(0.01005)	reev(0.00962)	trek(0.00960)	kate(0.00950)	evil(0.00905)	dracula(0.00860)	cash(0.00841)	genr(0.00826)	carter(0.00776)	villag(0.00725)	edward(0.00690)	visual(0.00668)	hels(0.00640)	bride(0.00600)	resid(0.00560)	return(0.00555)	cool(0.00526)	alic(0.00508)	homag(0.00505)	attack(0.00491)	impress(0.00482)	coppola(0.00474)	
Topic 16(0.05794):	frank(0.01693)	tale(0.01315)	husband(0.01312)	mother(0.01205)	cold(0.01039)	hank(0.01003)	situat(0.00949)	lost(0.00920)	kidman(0.00834)	theme(0.00812)	commit(0.00777)	understand(0.00746)	imagin(0.00695)	pari(0.00661)	desir(0.00641)	natur(0.00621)	father(0.00584)	suicid(0.00575)	hitler(0.00572)	nicol(0.00570)	interpret(0.00549)	affair(0.00535)	suffer(0.00530)	connect(0.00516)	pain(0.00510)	russian(0.00500)	nazi(0.00497)	paint(0.00492)	translat(0.00484)	marri(0.00474)	
Topic 17(0.05192):	countri(0.02089)	polit(0.01974)	drug(0.01511)	issu(0.01355)	unit(0.01271)	govern(0.01210)	presid(0.01209)	public(0.01203)	moor(0.01116)	societi(0.01030)	news(0.00808)	georg(0.00762)	system(0.00748)	truth(0.00734)	terrorist(0.00715)	free(0.00705)	deal(0.00675)	moral(0.00673)	side(0.00660)	bush(0.00584)	televis(0.00565)	control(0.00554)	histori(0.00526)	intellig(0.00520)	luck(0.00504)	money(0.00485)	case(0.00463)	media(0.00459)	today(0.00452)	maria(0.00447)	
Topic 18(0.04650):	robert(0.03307)	father(0.01877)	babi(0.01657)	strang(0.01186)	week(0.01132)	save(0.01085)	richard(0.00912)	affleck(0.00911)	andi(0.00909)	return(0.00842)	lose(0.00820)	addict(0.00782)	lane(0.00756)	survivor(0.00679)	case(0.00675)	virus(0.00643)	mother(0.00607)	devil(0.00561)	possess(0.00529)	demon(0.00503)	decid(0.00488)	colleg(0.00486)	cure(0.00480)	spacey(0.00473)	alcohol(0.00451)	street(0.00450)	month(0.00447)	busi(0.00444)	priest(0.00444)	road(0.00434)	
Topic 19(0.04612):	fast(0.01792)	number(0.01701)	water(0.01699)	rent(0.01621)	danc(0.01473)	hulk(0.01231)	ladi(0.01212)	alex(0.01155)	queen(0.01149)	hurt(0.01136)	food(0.00978)	kubrick(0.00906)	hype(0.00845)	blue(0.00838)	project(0.00816)	roger(0.00760)	doom(0.00673)	blair(0.00670)	felt(0.00630)	understand(0.00590)	michell(0.00563)	roth(0.00561)	evan(0.00534)	club(0.00533)	hair(0.00508)	fair(0.00488)	full(0.00457)	collin(0.00432)	general(0.00430)	drag(0.00428)	
251 users are loaded from /zf18/ll5fy/lab/dataset/amazon_movie/byUser_70k_review/5foldsCVColdstart/3/...
235 users are loaded from /zf18/ll5fy/lab/dataset/amazon_movie/byUser_70k_review/5foldsCVColdstart/0/...
237 users are loaded from /zf18/ll5fy/lab/dataset/amazon_movie/byUser_70k_review/5foldsCVColdstart/1/...
248 users are loaded from /zf18/ll5fy/lab/dataset/amazon_movie/byUser_70k_review/5foldsCVColdstart/2/...
240 users are loaded from /zf18/ll5fy/lab/dataset/amazon_movie/byUser_70k_review/5foldsCVColdstart/4/...
====================
[Info]Fold No. 3: 
[Info]Analzying corpus: 
...........-- Global corpus: vocabulary size: 7680, review size: 26309, item size: 838, user size: 835
train size = 20753, test size = 5556....
[Info]Analying bipartie graph: 
-- train graph: review size: 20753, item size: 750, user size: 741
[Info]EM Starting multithread LDA_Focus[k:20, alpha:1.01, beta:1.00, Variational]...
==============
[Info]Likelihood -7448367.68776 at step 0 converge to 1.0000000000...
==============
[Info]Likelihood -7446637.82394 at step 1 converge to 0.0002322474...
==============
[Info]Likelihood -7444817.69715 at step 2 converge to 0.0002444226...
==============
[Info]Likelihood -7442135.37284 at step 3 converge to 0.0003602942...
==============
[Info]Likelihood -7435331.26582 at step 4 converge to 0.0009142681...
==============
[Info]Likelihood -7417364.19839 at step 5 converge to 0.0024164448...
==============
[Info]Likelihood -7373541.05137 at step 6 converge to 0.0059081833...
==============
[Info]Likelihood -7299791.76080 at step 7 converge to 0.0100018824...
==============
[Info]Likelihood -7208226.37440 at step 8 converge to 0.0125435614...
==============
[Info]Likelihood -7122251.74944 at step 9 converge to 0.0119272926...
==============
[Info]Likelihood -7054415.64784 at step 10 converge to 0.0095245302...
==============
[Info]Likelihood -7003598.05896 at step 11 converge to 0.0072036567...
==============
[Info]Likelihood -6965270.54826 at step 12 converge to 0.0054725457...
==============
[Info]Likelihood -6935502.40146 at step 13 converge to 0.0042737962...
==============
[Info]Likelihood -6911613.14905 at step 14 converge to 0.0034444877...
==============
[Info]Likelihood -6891879.92379 at step 15 converge to 0.0028550824...
==============
[Info]Likelihood -6875220.67453 at step 16 converge to 0.0024172286...
==============
[Info]Likelihood -6860931.97674 at step 17 converge to 0.0020782893...
==============
[Info]Likelihood -6848477.47511 at step 18 converge to 0.0018152784...
==============
[Info]Likelihood -6837537.87411 at step 19 converge to 0.0015973771...
==============
[Info]Likelihood -6827838.71001 at step 20 converge to 0.0014185171...
==============
[Info]Likelihood -6819130.50071 at step 21 converge to 0.0012753976...
==============
[Info]Likelihood -6811222.04422 at step 22 converge to 0.0011597456...
==============
[Info]Likelihood -6803961.94297 at step 23 converge to 0.0010659029...
==============
[Info]Likelihood -6797244.15455 at step 24 converge to 0.0009873348...
==============
[Info]Likelihood -6790991.44757 at step 25 converge to 0.0009198885...
==============
[Info]Likelihood -6785145.12334 at step 26 converge to 0.0008608941...
==============
[Info]Likelihood -6779659.23928 at step 27 converge to 0.0008085139...
==============
[Info]Likelihood -6774496.93566 at step 28 converge to 0.0007614400...
==============
[Info]Likelihood -6769625.87745 at step 29 converge to 0.0007190288...
==============
[Info]Likelihood -6765016.42871 at step 30 converge to 0.0006809015...
==============
[Info]Likelihood -6760641.47682 at step 31 converge to 0.0006467023...
==============
[Info]Likelihood -6756464.03187 at step 32 converge to 0.0006179066...
==============
[Info]Likelihood -6752464.89114 at step 33 converge to 0.0005918985...
==============
[Info]Likelihood -6748643.65014 at step 34 converge to 0.0005659031...
==============
[Info]Likelihood -6744988.96724 at step 35 converge to 0.0005415433...
==============
[Info]Likelihood -6741496.15320 at step 36 converge to 0.0005178384...
==============
[Info]Likelihood -6738142.32992 at step 37 converge to 0.0004974895...
==============
[Info]Likelihood -6734954.15204 at step 38 converge to 0.0004731538...
==============
[Info]Likelihood -6731919.83016 at step 39 converge to 0.0004505334...
==============
[Info]Likelihood -6729020.75126 at step 40 converge to 0.0004306467...
==============
[Info]Likelihood -6726260.15894 at step 41 converge to 0.0004102517...
==============
[Info]Likelihood -6723635.12962 at step 42 converge to 0.0003902658...
==============
[Info]Likelihood -6721134.33483 at step 43 converge to 0.0003719409...
==============
[Info]Likelihood -6718743.45851 at step 44 converge to 0.0003557251...
==============
[Info]Likelihood -6716450.00896 at step 45 converge to 0.0003413510...
==============
[Info]Likelihood -6714248.20090 at step 46 converge to 0.0003278232...
==============
[Info]Likelihood -6712137.05026 at step 47 converge to 0.0003144284...
==============
[Info]Likelihood -6710113.68250 at step 48 converge to 0.0003014491...
==============
[Info]Likelihood -6708171.96175 at step 49 converge to 0.0002893723...
[Info]Likelihood -6708171.962 after step 50 converge to 0.000289 after 205 seconds...
[Info]Analying bipartie graph: 
-- test graph: review size: 5556, item size: 264, user size: 251
[Info]Start evaluation in thread
[Stat]Test evaluation finished: 5556 docs
[Stat]0 part has 690.000000 docs: perplexity is 1825.938 and log-likelihood is -360.070
[Stat]1 part has 1416.000000 docs: perplexity is 1695.714 and log-likelihood is -374.361
[Stat]2 part has 1155.000000 docs: perplexity is 1795.231 and log-likelihood is -360.327
[Stat]3 part has 2295.000000 docs: perplexity is 1591.260 and log-likelihood is -354.049
[Stat]4 part has 5556.000000 docs: perplexity is 1686.999 and log-likelihood is -361.279
[Info]multithread LDA_Focus[k:20, alpha:1.01, beta:1.00, Variational] Train/Test finished in 207.96 seconds...
TopWord FilePath:/zf18/ll5fy/lab/dataset/amazon_movie/byUser_70k_review/output/5foldsCVColdstart/3/LDA_Item_topWords_20.txt
Topic 0(0.05552):	polit(0.02110)	countri(0.01725)	govern(0.01327)	unit(0.01265)	room(0.01130)	presid(0.01088)	societi(0.01057)	washington(0.00996)	moor(0.00959)	plane(0.00938)	situat(0.00876)	georg(0.00862)	ryan(0.00824)	control(0.00816)	public(0.00772)	terrorist(0.00723)	fear(0.00698)	attack(0.00680)	news(0.00670)	daughter(0.00645)	issu(0.00618)	flight(0.00590)	system(0.00582)	truth(0.00565)	order(0.00562)	hotel(0.00559)	bomb(0.00543)	bush(0.00535)	conflict(0.00527)	vietnam(0.00515)	
Topic 1(0.04311):	visual(0.03612)	cameron(0.01451)	blade(0.01342)	villag(0.01337)	stun(0.01169)	cage(0.01128)	blue(0.00982)	forest(0.00866)	rang(0.00854)	avatar(0.00852)	doctor(0.00835)	jake(0.00831)	treasur(0.00825)	nativ(0.00708)	amaz(0.00655)	hidden(0.00652)	nichola(0.00643)	jame(0.00634)	titan(0.00621)	natur(0.00620)	hawk(0.00592)	amin(0.00569)	marin(0.00549)	hunter(0.00538)	costner(0.00525)	tree(0.00516)	impress(0.00511)	land(0.00483)	cinematographi(0.00483)	gate(0.00470)	
Topic 2(0.03646):	bond(0.05629)	jame(0.04139)	secret(0.03178)	potter(0.01880)	prison(0.01776)	student(0.01106)	professor(0.01028)	russian(0.01028)	royal(0.01014)	casino(0.00892)	order(0.00795)	hall(0.00779)	danni(0.00757)	sean(0.00736)	emma(0.00664)	villain(0.00653)	fire(0.00648)	judi(0.00642)	instal(0.00635)	daniel(0.00627)	conneri(0.00623)	roger(0.00615)	berri(0.00541)	favorit(0.00536)	watson(0.00515)	pierc(0.00505)	fienn(0.00503)	return(0.00502)	brosnan(0.00491)	dench(0.00474)	
Topic 3(0.04474):	michael(0.04646)	remak(0.03391)	song(0.02563)	rent(0.01746)	halloween(0.01624)	town(0.01618)	danc(0.01543)	sing(0.01538)	teenag(0.01381)	number(0.01244)	teen(0.01133)	hill(0.01004)	texa(0.00921)	cash(0.00862)	jami(0.00861)	myer(0.00821)	josh(0.00663)	chainsaw(0.00646)	massacr(0.00634)	night(0.00628)	walk(0.00603)	singer(0.00567)	michell(0.00567)	earli(0.00542)	silent(0.00533)	pick(0.00524)	lauri(0.00520)	carter(0.00496)	mask(0.00492)	chicago(0.00454)	
Topic 4(0.04740):	dead(0.04839)	money(0.03085)	brother(0.02654)	night(0.02103)	willi(0.01361)	charli(0.01237)	park(0.01146)	georg(0.01119)	clever(0.01058)	decid(0.00902)	romero(0.00850)	nick(0.00824)	dawn(0.00819)	drive(0.00693)	coen(0.00672)	knock(0.00671)	lost(0.00589)	indiana(0.00589)	quirki(0.00587)	kidnap(0.00549)	strang(0.00541)	thirti(0.00508)	typic(0.00482)	chocol(0.00475)	plan(0.00460)	load(0.00453)	land(0.00438)	genr(0.00437)	hook(0.00431)	sell(0.00430)	
Topic 5(0.05119):	edit(0.04597)	commentari(0.03172)	qualiti(0.02896)	video(0.02609)	audio(0.02365)	disc(0.02092)	documentari(0.01956)	interview(0.01857)	product(0.01847)	track(0.01603)	digit(0.01597)	theatric(0.01550)	featurett(0.01472)	collect(0.01392)	soundtrack(0.01361)	delet(0.01352)	transfer(0.01245)	dragon(0.01107)	footag(0.01047)	shot(0.01038)	subtitl(0.00994)	produc(0.00988)	bonus(0.00919)	spanish(0.00875)	copi(0.00866)	talk(0.00852)	rate(0.00771)	standard(0.00754)	game(0.00702)	altern(0.00698)	
Topic 6(0.04467):	hous(0.04117)	anim(0.03629)	voic(0.02320)	william(0.01913)	talk(0.01862)	mari(0.01691)	rock(0.01634)	door(0.01315)	white(0.01307)	ghost(0.01226)	alex(0.01061)	witch(0.00811)	cute(0.00710)	night(0.00680)	room(0.00654)	carl(0.00608)	hear(0.00605)	band(0.00602)	neighbor(0.00598)	snow(0.00562)	famous(0.00541)	today(0.00519)	talent(0.00510)	rosemari(0.00460)	walt(0.00453)	pixar(0.00451)	bird(0.00450)	rick(0.00448)	drew(0.00439)	mike(0.00439)	
Topic 7(0.04660):	futur(0.02527)	earth(0.02080)	comput(0.01404)	doubt(0.01353)	technolog(0.01073)	generat(0.01026)	theme(0.00936)	xmen(0.00880)	express(0.00869)	scientist(0.00791)	jeff(0.00753)	bridg(0.00753)	independ(0.00713)	streep(0.00707)	destroy(0.00698)	concept(0.00684)	race(0.00649)	visual(0.00648)	program(0.00624)	advanc(0.00582)	moon(0.00519)	giant(0.00499)	kevin(0.00487)	today(0.00484)	meryl(0.00468)	graphic(0.00442)	environ(0.00437)	guid(0.00436)	nuclear(0.00434)	natur(0.00432)	
Topic 8(0.03878):	black(0.05637)	jack(0.04609)	jone(0.02836)	depp(0.02308)	johnni(0.02181)	white(0.02006)	nicholson(0.01501)	pirat(0.01370)	bank(0.01196)	daughter(0.01153)	davi(0.01121)	doom(0.01011)	evan(0.00790)	bottom(0.00789)	tommi(0.00778)	retir(0.00773)	richard(0.00771)	third(0.00639)	favorit(0.00637)	pitch(0.00579)	pearl(0.00557)	warren(0.00549)	victor(0.00527)	amaz(0.00482)	sparrow(0.00474)	joseph(0.00474)	invis(0.00449)	danni(0.00437)	caribbean(0.00418)	reed(0.00413)	
Topic 9(0.05044):	evil(0.03062)	blood(0.02895)	monster(0.02830)	creatur(0.01932)	gore(0.01707)	return(0.01410)	hell(0.01008)	bodi(0.00890)	demon(0.00865)	genr(0.00825)	town(0.00808)	terror(0.00807)	dracula(0.00793)	night(0.00746)	fear(0.00743)	survivor(0.00676)	possess(0.00667)	citi(0.00663)	aliv(0.00661)	trap(0.00660)	road(0.00638)	bride(0.00606)	attack(0.00602)	resid(0.00590)	gori(0.00572)	hels(0.00567)	dead(0.00566)	virus(0.00556)	strang(0.00548)	london(0.00536)	
Topic 10(0.05362):	father(0.03725)	mother(0.02611)	ring(0.01702)	husband(0.01295)	peter(0.01111)	sister(0.01063)	crow(0.01038)	hoffman(0.01001)	russel(0.00936)	marri(0.00835)	billi(0.00830)	daughter(0.00824)	kidman(0.00772)	player(0.00767)	mile(0.00739)	barri(0.00676)	babi(0.00644)	paul(0.00608)	cold(0.00598)	support(0.00587)	maggi(0.00583)	manag(0.00571)	touch(0.00566)	adam(0.00556)	struggl(0.00538)	affair(0.00526)	rose(0.00512)	nicol(0.00507)	mountain(0.00506)	drama(0.00503)	
Topic 11(0.06515):	violenc(0.02523)	thriller(0.01967)	dream(0.01937)	twist(0.01766)	killer(0.01714)	drug(0.01417)	case(0.01311)	violent(0.01306)	intens(0.01118)	brutal(0.01097)	suspens(0.01091)	brilliant(0.00958)	polic(0.00889)	tension(0.00886)	victim(0.00873)	innoc(0.00844)	drama(0.00811)	moral(0.00780)	deal(0.00629)	drive(0.00613)	driver(0.00579)	atmospher(0.00542)	mood(0.00538)	partner(0.00503)	foxx(0.00503)	intrigu(0.00486)	addict(0.00470)	natur(0.00467)	graphic(0.00460)	convinc(0.00457)	
Topic 12(0.05311):	camera(0.02051)	sequenc(0.02044)	david(0.01796)	transform(0.01787)	intellig(0.01770)	fast(0.01728)	pace(0.01514)	shot(0.01336)	robot(0.01322)	bourn(0.01315)	matt(0.01293)	train(0.01215)	edward(0.01163)	damon(0.01081)	develop(0.01026)	hunt(0.00912)	ident(0.00904)	steven(0.00868)	confus(0.00857)	piec(0.00826)	attent(0.00812)	affleck(0.00767)	hollywood(0.00736)	manag(0.00550)	devic(0.00541)	mark(0.00538)	project(0.00532)	oper(0.00522)	ride(0.00503)	prime(0.00482)	
Topic 13(0.04333):	quot(0.03548)	crew(0.02339)	ship(0.02096)	planet(0.02051)	mission(0.01947)	captain(0.01859)	water(0.01827)	island(0.01601)	fiction(0.01572)	trek(0.01506)	ford(0.01267)	lost(0.01267)	kong(0.01000)	rescu(0.00930)	team(0.00819)	quotth(0.00796)	save(0.00775)	motion(0.00775)	fish(0.00731)	harrison(0.00671)	earth(0.00660)	attack(0.00599)	quest(0.00559)	board(0.00542)	contact(0.00533)	sequenc(0.00528)	boat(0.00518)	season(0.00515)	danger(0.00510)	judg(0.00501)	
Topic 14(0.04227):	tale(0.02481)	reveng(0.01945)	magic(0.01705)	episod(0.01644)	daniel(0.01367)	gang(0.01358)	side(0.01225)	strike(0.01161)	luca(0.00998)	lord(0.00846)	battl(0.00822)	return(0.00741)	land(0.00724)	phantom(0.00720)	lewi(0.00693)	imagin(0.00681)	opera(0.00667)	princ(0.00656)	menac(0.00643)	georg(0.00633)	thoma(0.00591)	saga(0.00549)	seek(0.00547)	luke(0.00547)	paul(0.00528)	amaz(0.00528)	plainview(0.00518)	chronicl(0.00518)	evil(0.00517)	spectacular(0.00516)	
Topic 15(0.05203):	oscar(0.03562)	robert(0.03402)	award(0.02304)	bill(0.02290)	brilliant(0.01369)	academi(0.01339)	lost(0.01269)	york(0.01267)	support(0.01080)	career(0.01059)	list(0.01050)	understand(0.00812)	translat(0.00801)	rocki(0.00781)	hitchcock(0.00686)	prais(0.00685)	west(0.00632)	coppola(0.00610)	niro(0.00579)	scarlett(0.00577)	trick(0.00575)	match(0.00560)	godfath(0.00559)	scorses(0.00540)	maria(0.00539)	brown(0.00522)	neeson(0.00504)	kinsey(0.00484)	deal(0.00467)	fine(0.00454)	
Topic 16(0.08311):	half(0.02198)	bore(0.02135)	flick(0.01958)	total(0.01951)	felt(0.01601)	cool(0.01470)	hate(0.01350)	stupid(0.01231)	basic(0.01177)	wast(0.01156)	fair(0.01114)	predat(0.01097)	wors(0.01039)	averag(0.00986)	premis(0.00975)	serious(0.00973)	slow(0.00857)	horribl(0.00823)	mess(0.00821)	rate(0.00792)	lack(0.00762)	type(0.00751)	weak(0.00744)	fail(0.00733)	wait(0.00701)	sort(0.00689)	jump(0.00686)	shot(0.00646)	kubrick(0.00636)	hype(0.00617)	
Topic 17(0.04848):	king(0.03448)	battl(0.03100)	histori(0.02544)	soldier(0.02005)	epic(0.01624)	hugh(0.01465)	histor(0.01407)	pitt(0.01097)	japanes(0.01058)	dicaprio(0.00997)	general(0.00985)	armi(0.00937)	brad(0.00918)	gibson(0.00890)	hollywood(0.00771)	hitler(0.00722)	alexand(0.00704)	nazi(0.00594)	leonardo(0.00542)	code(0.00524)	troy(0.00506)	captur(0.00497)	hero(0.00496)	christ(0.00470)	christian(0.00455)	fine(0.00453)	honor(0.00448)	side(0.00436)	controversi(0.00427)	militari(0.00420)	
Topic 18(0.05313):	comedi(0.04838)	laugh(0.03409)	humor(0.03333)	frank(0.02643)	hilari(0.01846)	joke(0.01590)	hank(0.01297)	romant(0.01098)	trip(0.00966)	male(0.00905)	kevin(0.00884)	boss(0.00865)	andi(0.00850)	milk(0.00805)	serious(0.00772)	penn(0.00736)	ferrel(0.00717)	race(0.00684)	stiller(0.00662)	jane(0.00643)	sean(0.00629)	owen(0.00617)	spacey(0.00573)	amus(0.00546)	support(0.00540)	daughter(0.00523)	brook(0.00510)	talent(0.00507)	bobbi(0.00502)	road(0.00492)	
Topic 19(0.04685):	bruce(0.02536)	hero(0.02290)	spiderman(0.02148)	villain(0.02055)	citi(0.01867)	iron(0.01807)	peter(0.01696)	superhero(0.01485)	termin(0.01299)	bale(0.01287)	matrix(0.01273)	wayn(0.01212)	knight(0.01189)	amaz(0.01127)	christoph(0.01109)	robin(0.01098)	christian(0.00991)	morgan(0.00921)	toni(0.00805)	michael(0.00752)	carrey(0.00751)	cain(0.00668)	raimi(0.00667)	penguin(0.00657)	gotham(0.00655)	return(0.00619)	holm(0.00610)	suit(0.00609)	aveng(0.00484)	serious(0.00468)	
240 users are loaded from /zf18/ll5fy/lab/dataset/amazon_movie/byUser_70k_review/5foldsCVColdstart/4/...
235 users are loaded from /zf18/ll5fy/lab/dataset/amazon_movie/byUser_70k_review/5foldsCVColdstart/0/...
237 users are loaded from /zf18/ll5fy/lab/dataset/amazon_movie/byUser_70k_review/5foldsCVColdstart/1/...
248 users are loaded from /zf18/ll5fy/lab/dataset/amazon_movie/byUser_70k_review/5foldsCVColdstart/2/...
251 users are loaded from /zf18/ll5fy/lab/dataset/amazon_movie/byUser_70k_review/5foldsCVColdstart/3/...
====================
[Info]Fold No. 4: 
[Info]Analzying corpus: 
...........-- Global corpus: vocabulary size: 7680, review size: 26309, item size: 838, user size: 835
train size = 20717, test size = 5592....
[Info]Analying bipartie graph: 
-- train graph: review size: 20717, item size: 749, user size: 747
[Info]EM Starting multithread LDA_Focus[k:20, alpha:1.01, beta:1.00, Variational]...
==============
[Info]Likelihood -7205656.96798 at step 0 converge to 1.0000000000...
==============
[Info]Likelihood -7203953.30870 at step 1 converge to 0.0002364336...
==============
[Info]Likelihood -7202175.01868 at step 2 converge to 0.0002468492...
==============
[Info]Likelihood -7199895.81072 at step 3 converge to 0.0003164611...
==============
[Info]Likelihood -7193996.81991 at step 4 converge to 0.0008193161...
==============
[Info]Likelihood -7175833.19216 at step 5 converge to 0.0025248312...
==============
[Info]Likelihood -7137680.34662 at step 6 converge to 0.0053168523...
==============
[Info]Likelihood -7071775.12085 at step 7 converge to 0.0092334235...
==============
[Info]Likelihood -6984790.69399 at step 8 converge to 0.0123002252...
==============
[Info]Likelihood -6898006.39269 at step 9 converge to 0.0124247533...
==============
[Info]Likelihood -6827846.90569 at step 10 converge to 0.0101709803...
==============
[Info]Likelihood -6776034.95045 at step 11 converge to 0.0075883300...
==============
[Info]Likelihood -6737882.71578 at step 12 converge to 0.0056304660...
==============
[Info]Likelihood -6708709.47079 at step 13 converge to 0.0043297348...
==============
[Info]Likelihood -6685300.95990 at step 14 converge to 0.0034892718...
==============
[Info]Likelihood -6665798.03010 at step 15 converge to 0.0029172852...
==============
[Info]Likelihood -6649133.41675 at step 16 converge to 0.0025000177...
==============
[Info]Likelihood -6634642.77771 at step 17 converge to 0.0021793275...
==============
[Info]Likelihood -6621944.02147 at step 18 converge to 0.0019140075...
==============
[Info]Likelihood -6610780.16767 at step 19 converge to 0.0016858877...
==============
[Info]Likelihood -6600846.20180 at step 20 converge to 0.0015026919...
==============
[Info]Likelihood -6591899.06924 at step 21 converge to 0.0013554524...
==============
[Info]Likelihood -6583797.76053 at step 22 converge to 0.0012289795...
==============
[Info]Likelihood -6576415.28434 at step 23 converge to 0.0011213097...
==============
[Info]Likelihood -6569650.03678 at step 24 converge to 0.0010287136...
==============
[Info]Likelihood -6563427.92446 at step 25 converge to 0.0009470995...
==============
[Info]Likelihood -6557677.03440 at step 26 converge to 0.0008762022...
==============
[Info]Likelihood -6552328.95840 at step 27 converge to 0.0008155443...
==============
[Info]Likelihood -6547325.14630 at step 28 converge to 0.0007636692...
==============
[Info]Likelihood -6542629.71728 at step 29 converge to 0.0007171523...
==============
[Info]Likelihood -6538211.40540 at step 30 converge to 0.0006753113...
==============
[Info]Likelihood -6534031.12124 at step 31 converge to 0.0006393620...
==============
[Info]Likelihood -6530078.16507 at step 32 converge to 0.0006049797...
==============
[Info]Likelihood -6526349.48348 at step 33 converge to 0.0005710011...
==============
[Info]Likelihood -6522826.15913 at step 34 converge to 0.0005398614...
==============
[Info]Likelihood -6519481.16777 at step 35 converge to 0.0005128132...
==============
[Info]Likelihood -6516294.00199 at step 36 converge to 0.0004888680...
==============
[Info]Likelihood -6513248.31850 at step 37 converge to 0.0004673950...
==============
[Info]Likelihood -6510343.02842 at step 38 converge to 0.0004460585...
==============
[Info]Likelihood -6507573.63055 at step 39 converge to 0.0004253843...
==============
[Info]Likelihood -6504925.81629 at step 40 converge to 0.0004068820...
==============
[Info]Likelihood -6502385.57252 at step 41 converge to 0.0003905108...
==============
[Info]Likelihood -6499944.34824 at step 42 converge to 0.0003754352...
==============
[Info]Likelihood -6497600.16348 at step 43 converge to 0.0003606469...
==============
[Info]Likelihood -6495348.05617 at step 44 converge to 0.0003466060...
==============
[Info]Likelihood -6493182.78053 at step 45 converge to 0.0003333579...
==============
[Info]Likelihood -6491100.73980 at step 46 converge to 0.0003206503...
==============
[Info]Likelihood -6489097.32773 at step 47 converge to 0.0003086398...
==============
[Info]Likelihood -6487152.41478 at step 48 converge to 0.0002997201...
==============
[Info]Likelihood -6485258.75455 at step 49 converge to 0.0002919093...
[Info]Likelihood -6485258.755 after step 50 converge to 0.000292 after 212 seconds...
[Info]Analying bipartie graph: 
-- test graph: review size: 5592, item size: 263, user size: 240
[Info]Start evaluation in thread
[Stat]Test evaluation finished: 5592 docs
[Stat]0 part has 726.000000 docs: perplexity is 2005.334 and log-likelihood is -419.537
[Stat]1 part has 1348.000000 docs: perplexity is 1865.178 and log-likelihood is -407.054
[Stat]2 part has 1203.000000 docs: perplexity is 1712.645 and log-likelihood is -409.729
[Stat]3 part has 2315.000000 docs: perplexity is 1546.336 and log-likelihood is -383.900
[Stat]4 part has 5592.000000 docs: perplexity is 1713.637 and log-likelihood is -399.665
[Info]multithread LDA_Focus[k:20, alpha:1.01, beta:1.00, Variational] Train/Test finished in 215.33 seconds...
TopWord FilePath:/zf18/ll5fy/lab/dataset/amazon_movie/byUser_70k_review/output/5foldsCVColdstart/4/LDA_Item_topWords_20.txt
Topic 0(0.05757):	dead(0.04558)	violenc(0.03104)	blood(0.02615)	evil(0.02323)	town(0.01947)	killer(0.01876)	genr(0.01871)	gore(0.01757)	violent(0.01525)	victim(0.01437)	brutal(0.01338)	graphic(0.01307)	game(0.01285)	terror(0.00955)	alex(0.00860)	tension(0.00815)	citi(0.00767)	bodi(0.00716)	night(0.00714)	hell(0.00674)	shot(0.00658)	kubrick(0.00634)	dawn(0.00630)	street(0.00619)	romero(0.00616)	aliv(0.00569)	gibson(0.00532)	gori(0.00531)	survivor(0.00496)	resid(0.00489)	
Topic 1(0.04665):	visual(0.03951)	water(0.01566)	termin(0.01527)	amaz(0.01508)	cameron(0.01265)	stun(0.01178)	rock(0.01075)	jame(0.00882)	rise(0.00858)	impress(0.00853)	driver(0.00765)	titan(0.00717)	foxx(0.00712)	penguin(0.00695)	sequenc(0.00665)	opera(0.00648)	fish(0.00644)	bird(0.00632)	natur(0.00625)	phantom(0.00622)	jake(0.00617)	drama(0.00538)	danni(0.00529)	jami(0.00522)	drive(0.00514)	spectacular(0.00512)	avatar(0.00509)	simpli(0.00504)	boyl(0.00494)	pace(0.00467)	
Topic 2(0.07025):	quot(0.03160)	bore(0.02550)	flick(0.02274)	cool(0.02171)	wait(0.02016)	half(0.01933)	hate(0.01688)	episod(0.01621)	stupid(0.01442)	wast(0.01365)	rent(0.01258)	slow(0.01242)	pick(0.01161)	total(0.01151)	reveng(0.01050)	rocki(0.00900)	glad(0.00809)	horribl(0.00809)	quotth(0.00790)	money(0.00766)	luca(0.00753)	bunch(0.00729)	hype(0.00715)	bother(0.00682)	theatr(0.00677)	bill(0.00673)	serious(0.00641)	wors(0.00606)	dull(0.00605)	suck(0.00597)	
Topic 3(0.05292):	edit(0.04911)	michael(0.03761)	commentari(0.03194)	qualiti(0.02794)	video(0.02486)	disc(0.02258)	documentari(0.02036)	audio(0.01984)	product(0.01936)	halloween(0.01667)	track(0.01621)	theatric(0.01528)	digit(0.01498)	delet(0.01393)	featurett(0.01354)	interview(0.01353)	transfer(0.01307)	collect(0.01277)	produc(0.01086)	dracula(0.01052)	copi(0.00903)	bonus(0.00883)	standard(0.00883)	footag(0.00872)	myer(0.00838)	soundtrack(0.00744)	rate(0.00740)	materi(0.00731)	talk(0.00704)	subtitl(0.00693)	
Topic 4(0.04077):	hero(0.04223)	peter(0.03573)	spiderman(0.02512)	villain(0.02506)	iron(0.02309)	superhero(0.02006)	amaz(0.01777)	toni(0.01730)	suit(0.01381)	drag(0.01184)	jane(0.00985)	raimi(0.00846)	aveng(0.00752)	mountain(0.00599)	downey(0.00588)	braddock(0.00571)	bobbi(0.00549)	rosemari(0.00528)	uncl(0.00500)	spacey(0.00497)	develop(0.00478)	jude(0.00473)	sequenc(0.00463)	mari(0.00461)	jame(0.00454)	abil(0.00444)	spider(0.00414)	tobey(0.00392)	support(0.00390)	build(0.00373)	
Topic 5(0.04801):	battl(0.03994)	king(0.03508)	soldier(0.01997)	epic(0.01931)	ring(0.01774)	histori(0.01472)	lord(0.01295)	histor(0.01250)	armi(0.01241)	alexand(0.01013)	japanes(0.01001)	cultur(0.00879)	general(0.00784)	privat(0.00703)	hors(0.00612)	save(0.00556)	vietnam(0.00553)	farrel(0.00544)	knight(0.00541)	ancient(0.00512)	nativ(0.00511)	combat(0.00504)	militari(0.00490)	captur(0.00483)	kinsey(0.00478)	tale(0.00477)	roman(0.00452)	race(0.00445)	neeson(0.00442)	speech(0.00440)	
Topic 6(0.05106):	polit(0.02083)	georg(0.01672)	presid(0.01277)	public(0.01262)	mari(0.01252)	matt(0.01204)	govern(0.01145)	truth(0.01133)	countri(0.01104)	news(0.01097)	damon(0.01048)	unit(0.00970)	bourn(0.00963)	intellig(0.00922)	televis(0.00842)	histori(0.00692)	ident(0.00678)	pari(0.00577)	luck(0.00576)	issu(0.00574)	societi(0.00549)	control(0.00537)	case(0.00536)	oper(0.00527)	major(0.00494)	situat(0.00474)	bush(0.00452)	account(0.00435)	juli(0.00434)	polic(0.00431)	
Topic 7(0.05308):	earth(0.02604)	futur(0.02122)	crew(0.01947)	ship(0.01761)	planet(0.01700)	transform(0.01582)	mission(0.01524)	fiction(0.01455)	save(0.01454)	destroy(0.01441)	trek(0.01440)	robot(0.01292)	captain(0.01178)	plane(0.00908)	team(0.00895)	technolog(0.00893)	attack(0.00855)	control(0.00828)	militari(0.00792)	plan(0.00763)	comput(0.00730)	scientist(0.00704)	race(0.00688)	flight(0.00643)	rescu(0.00638)	moon(0.00614)	order(0.00559)	board(0.00548)	contact(0.00546)	weapon(0.00510)	
Topic 8(0.05865):	night(0.03422)	strang(0.01673)	confus(0.01448)	premis(0.01383)	villag(0.01332)	twist(0.01253)	concept(0.01241)	sign(0.01062)	felt(0.00998)	hurt(0.00973)	basic(0.00931)	suspens(0.00866)	explain(0.00807)	hulk(0.00781)	ruin(0.00773)	lack(0.00760)	shyamalan(0.00747)	averag(0.00742)	fair(0.00738)	figur(0.00700)	nick(0.00686)	general(0.00682)	simpli(0.00650)	sort(0.00637)	fail(0.00630)	develop(0.00624)	rate(0.00611)	serious(0.00604)	understand(0.00588)	hollywood(0.00573)	
Topic 9(0.04294):	potter(0.01368)	husband(0.01367)	prison(0.01277)	author(0.01262)	student(0.01254)	kidman(0.01180)	hoffman(0.01132)	male(0.01118)	order(0.01080)	moor(0.01039)	cold(0.00983)	fire(0.00911)	rang(0.00896)	stiller(0.00845)	ferrel(0.00834)	nicol(0.00821)	brook(0.00706)	owen(0.00700)	matur(0.00673)	costner(0.00663)	professor(0.00655)	ladi(0.00651)	teacher(0.00633)	colleg(0.00605)	femal(0.00587)	magic(0.00532)	doctor(0.00518)	truman(0.00507)	model(0.00462)	watson(0.00441)	
Topic 10(0.04703):	remak(0.03309)	walk(0.01360)	wear(0.01192)	andi(0.01189)	teen(0.01173)	decid(0.01130)	road(0.01120)	hous(0.01096)	demon(0.01045)	teenag(0.01026)	carrey(0.00996)	hill(0.00955)	case(0.00944)	wood(0.00935)	rose(0.00879)	possess(0.00851)	texa(0.00844)	kate(0.00764)	cash(0.00750)	chainsaw(0.00739)	brain(0.00694)	streep(0.00689)	massacr(0.00660)	drive(0.00656)	devil(0.00656)	mother(0.00651)	childhood(0.00637)	joel(0.00634)	sick(0.00622)	priest(0.00540)	
Topic 11(0.05138):	hous(0.03226)	bruce(0.02167)	room(0.01734)	citi(0.01727)	drug(0.01639)	twist(0.01621)	ghost(0.01270)	bale(0.01209)	suspens(0.01203)	christian(0.01103)	polic(0.00903)	hitchcock(0.00886)	wayn(0.00864)	trick(0.00818)	phone(0.00788)	fear(0.00757)	thriller(0.00734)	lost(0.00647)	translat(0.00644)	rachel(0.00631)	bill(0.00619)	alfr(0.00601)	morgan(0.00524)	insan(0.00514)	knight(0.00514)	cain(0.00483)	scarlett(0.00473)	trap(0.00469)	maria(0.00462)	hotel(0.00447)	
Topic 12(0.04042):	jone(0.02705)	lost(0.01942)	matrix(0.01617)	hunt(0.01554)	ford(0.01382)	cage(0.01286)	sean(0.01285)	fast(0.01208)	treasur(0.01155)	indiana(0.01144)	milk(0.00971)	clue(0.00969)	affleck(0.00936)	river(0.00928)	penn(0.00856)	sequenc(0.00823)	godfath(0.00820)	food(0.00809)	indi(0.00784)	harrison(0.00767)	independ(0.00697)	code(0.00680)	gate(0.00660)	secret(0.00629)	weav(0.00617)	coppola(0.00587)	father(0.00581)	tommi(0.00580)	raider(0.00572)	hollywood(0.00534)	
Topic 13(0.06265):	oscar(0.02258)	award(0.01721)	brilliant(0.01164)	paul(0.01134)	academi(0.01040)	moral(0.00975)	father(0.00894)	struggl(0.00885)	daniel(0.00881)	crow(0.00818)	support(0.00791)	commit(0.00692)	hitler(0.00687)	drama(0.00681)	russel(0.00675)	understand(0.00662)	theme(0.00630)	west(0.00616)	compel(0.00603)	outstand(0.00602)	cinematographi(0.00586)	suicid(0.00563)	rich(0.00547)	touch(0.00514)	side(0.00474)	natur(0.00462)	suffer(0.00457)	fascin(0.00450)	told(0.00445)	authent(0.00404)	
Topic 14(0.04364):	monster(0.03061)	camera(0.02710)	creatur(0.02381)	return(0.02061)	project(0.01340)	shot(0.01237)	predat(0.01211)	reev(0.01050)	richard(0.01046)	kong(0.00935)	queen(0.00900)	witch(0.00833)	park(0.00790)	lane(0.00755)	sequenc(0.00737)	express(0.00730)	blair(0.00671)	giant(0.00666)	cave(0.00612)	kane(0.00603)	filmmak(0.00517)	brodi(0.00506)	christoph(0.00493)	shakespear(0.00489)	techniqu(0.00452)	movement(0.00434)	gene(0.00426)	impress(0.00425)	homag(0.00417)	third(0.00401)	
Topic 15(0.04564):	robert(0.03173)	frank(0.02994)	dream(0.02957)	money(0.01671)	hank(0.01506)	pirat(0.01253)	pitt(0.01136)	brad(0.01056)	dicaprio(0.01031)	island(0.01019)	billi(0.00966)	team(0.00838)	oscar(0.00833)	hugh(0.00797)	brown(0.00762)	support(0.00735)	hollywood(0.00730)	scorses(0.00721)	curs(0.00687)	steven(0.00678)	christoph(0.00670)	career(0.00651)	bank(0.00627)	talent(0.00627)	manag(0.00585)	partner(0.00573)	busi(0.00567)	pulp(0.00566)	mann(0.00561)	race(0.00537)	
Topic 16(0.03844):	bond(0.04400)	jame(0.02486)	depp(0.02092)	johnni(0.02009)	willi(0.01948)	imagin(0.01599)	charli(0.01376)	carter(0.01116)	judg(0.00987)	roger(0.00942)	royal(0.00841)	tale(0.00798)	toro(0.00776)	barri(0.00769)	brilliant(0.00765)	todd(0.00745)	chocol(0.00720)	secret(0.00699)	donni(0.00690)	paint(0.00681)	conneri(0.00680)	gold(0.00665)	luci(0.00654)	bride(0.00614)	rick(0.00523)	judi(0.00517)	london(0.00516)	kelli(0.00503)	victor(0.00502)	sweeney(0.00493)	
Topic 17(0.04234):	david(0.02993)	thriller(0.02645)	blade(0.01595)	william(0.01477)	washington(0.01467)	dragon(0.01447)	xmen(0.01447)	robin(0.01273)	promis(0.01245)	edward(0.01226)	russian(0.01177)	deliv(0.01122)	ryan(0.00915)	silenc(0.00789)	suspens(0.00781)	anna(0.00754)	jodi(0.00720)	hall(0.00682)	shaw(0.00628)	terrif(0.00618)	lamb(0.00580)	fire(0.00544)	hood(0.00528)	jackman(0.00527)	impress(0.00523)	singer(0.00514)	killer(0.00490)	hugh(0.00481)	graham(0.00471)	case(0.00464)	
Topic 18(0.05768):	comedi(0.04769)	humor(0.03345)	laugh(0.03281)	jack(0.03106)	daughter(0.02672)	hilari(0.01835)	romant(0.01611)	joke(0.01517)	marri(0.01029)	nicholson(0.01025)	brother(0.00980)	adam(0.00979)	mile(0.00908)	father(0.00862)	jeff(0.00801)	serious(0.00790)	kevin(0.00771)	amus(0.00738)	mother(0.00736)	keaton(0.00668)	bridg(0.00633)	loud(0.00597)	romanc(0.00585)	coen(0.00559)	trip(0.00555)	sister(0.00548)	buddi(0.00498)	decid(0.00487)	dude(0.00485)	quirki(0.00484)	
Topic 19(0.04888):	anim(0.03928)	black(0.03552)	voic(0.02752)	white(0.02594)	song(0.02223)	babi(0.01644)	tale(0.01585)	magic(0.01450)	number(0.01307)	sing(0.01162)	danc(0.01034)	wall(0.01019)	mother(0.00935)	talk(0.00882)	brother(0.00850)	mike(0.00805)	favorit(0.00730)	soundtrack(0.00723)	band(0.00718)	maggi(0.00687)	silent(0.00680)	princess(0.00673)	princ(0.00665)	cute(0.00626)	pixar(0.00621)	talent(0.00593)	snow(0.00592)	blue(0.00559)	eddi(0.00520)	today(0.00514)	

Part 0 -----------------Valid folds: 5
[Stat]Loglikelihood -386.249+/-20.467
[Stat]Perplexity 1904.529+/-68.697
Part 1 -----------------Valid folds: 5
[Stat]Loglikelihood -397.326+/-18.641
[Stat]Perplexity 1772.673+/-63.630
Part 2 -----------------Valid folds: 5
[Stat]Loglikelihood -371.782+/-20.019
[Stat]Perplexity 1832.150+/-107.677
Part 3 -----------------Valid folds: 5
[Stat]Loglikelihood -376.942+/-15.348
[Stat]Perplexity 1654.692+/-101.585
Part 4 -----------------Valid folds: 5
[Stat]Loglikelihood -382.284+/-15.481
[Stat]Perplexity 1750.713+/-55.755
