Load 7680 1-gram new features from /zf18/ll5fy/lab/dataset/amazon_movie/amazon_movie_features.txt...
841 users are loaded from /zf18/ll5fy/lab/dataset/amazon_movie/byUser_70k_review/data/...
Info File Path: /zf18/ll5fy/lab/dataset/amazon_movie/byUser_70k_review/output/5foldsCVColdstart/CTM_info.txt
[Info]Start FIXED cross validation...
235 users are loaded from /zf18/ll5fy/lab/dataset/amazon_movie/byUser_70k_review/5foldsCVColdstart/0/...
237 users are loaded from /zf18/ll5fy/lab/dataset/amazon_movie/byUser_70k_review/5foldsCVColdstart/1/...
248 users are loaded from /zf18/ll5fy/lab/dataset/amazon_movie/byUser_70k_review/5foldsCVColdstart/2/...
251 users are loaded from /zf18/ll5fy/lab/dataset/amazon_movie/byUser_70k_review/5foldsCVColdstart/3/...
240 users are loaded from /zf18/ll5fy/lab/dataset/amazon_movie/byUser_70k_review/5foldsCVColdstart/4/...
====================
[Info]Fold No. 0: 
train size = 20962, test size = 5347....
[Info]Initializing CTM Model...
[Info]EM iteration 0: likelihood is -9627542.95, converges to 1.0000...
[Info]EM iteration 1: likelihood is -8373414.23, converges to 0.1303...
[Info]EM iteration 2: likelihood is -8357844.59, converges to 0.0019...
[Info]EM iteration 3: likelihood is -8347229.80, converges to 0.0013...
[Info]EM iteration 4: likelihood is -8338914.41, converges to 0.0010...
[Info]EM iteration 5: likelihood is -8331626.30, converges to 0.0009...
[Info]EM iteration 6: likelihood is -8324669.31, converges to 0.0008...
[Info]EM iteration 7: likelihood is -8317830.69, converges to 0.0008...
[Info]EM iteration 8: likelihood is -8311168.63, converges to 0.0008...
[Info]EM iteration 9: likelihood is -8304766.21, converges to 0.0008...
[Info]EM iteration 10: likelihood is -8298704.41, converges to 0.0007...
[Info]EM iteration 11: likelihood is -8293058.88, converges to 0.0007...
[Info]EM iteration 12: likelihood is -8287916.89, converges to 0.0006...
[Info]EM iteration 13: likelihood is -8283313.89, converges to 0.0006...
[Info]EM iteration 14: likelihood is -8279242.06, converges to 0.0005...
[Info]EM iteration 15: likelihood is -8275675.07, converges to 0.0004...
[Info]EM iteration 16: likelihood is -8272568.32, converges to 0.0004...
[Info]EM iteration 17: likelihood is -8269859.07, converges to 0.0003...
[Info]EM iteration 18: likelihood is -8267480.89, converges to 0.0003...
[Info]EM iteration 19: likelihood is -8265371.62, converges to 0.0003...
[Info]EM iteration 20: likelihood is -8263476.47, converges to 0.0002...
Line search failed. See documentation of routine mcsrch. Error return of line search: info = 6 Possible causes: function or gradient are incorrect, or incorrect tolerances. (iflag == -1)
	at LBFGS.LBFGS.lbfgs(LBFGS.java:458)
	at topicmodels.CTM.CTM.opt_nu(CTM.java:448)
	at topicmodels.CTM.CTM.varInference(CTM.java:201)
	at topicmodels.CTM.CTM.calculate_E_step(CTM.java:177)
	at topicmodels.CTM.CTM.EM(CTM.java:541)
	at topicmodels.TopicModel.oneFoldValidation(TopicModel.java:455)
	at mains.ETBIRExecution.main(ETBIRExecution.java:142)
[Info]EM iteration 21: likelihood is -8261759.11, converges to 0.0002...
[Info]EM iteration 22: likelihood is -8260203.20, converges to 0.0002...
[Info]EM iteration 23: likelihood is -8258792.04, converges to 0.0002...
[Info]EM iteration 24: likelihood is -8257500.92, converges to 0.0002...
[Info]EM iteration 25: likelihood is -8256307.24, converges to 0.0001...
[Info]EM iteration 26: likelihood is -8255193.21, converges to 0.0001...
[Info]EM iteration 27: likelihood is -8254145.64, converges to 0.0001...
Line search failed. See documentation of routine mcsrch. Error return of line search: info = 6 Possible causes: function or gradient are incorrect, or incorrect tolerances. (iflag == -1)
	at LBFGS.LBFGS.lbfgs(LBFGS.java:458)
	at topicmodels.CTM.CTM.opt_nu(CTM.java:448)
	at topicmodels.CTM.CTM.varInference(CTM.java:201)
	at topicmodels.CTM.CTM.calculate_E_step(CTM.java:177)
	at topicmodels.CTM.CTM.EM(CTM.java:541)
	at topicmodels.TopicModel.oneFoldValidation(TopicModel.java:455)
	at mains.ETBIRExecution.main(ETBIRExecution.java:142)
[Info]EM iteration 28: likelihood is -8253153.45, converges to 0.0001...
[Info]EM iteration 29: likelihood is -8252206.22, converges to 0.0001...
[Info]EM iteration 30: likelihood is -8251292.50, converges to 0.0001...
[Info]EM iteration 31: likelihood is -8250398.95, converges to 0.0001...
[Info]EM iteration 32: likelihood is -8249509.07, converges to 0.0001...
[Info]EM iteration 33: likelihood is -8248622.55, converges to 0.0001...
[Info]EM iteration 34: likelihood is -8247742.11, converges to 0.0001...
[Info]EM iteration 35: likelihood is -8246851.54, converges to 0.0001...
[Info]EM iteration 36: likelihood is -8246042.75, converges to 0.0001...
[Info]EM iteration 37: likelihood is -8245270.02, converges to 0.0001...
[Info]EM iteration 38: likelihood is -8244482.34, converges to 0.0001...
[Info]EM iteration 39: likelihood is -8243661.59, converges to 0.0001...
[Info]EM iteration 40: likelihood is -8242868.53, converges to 0.0001...
[Info]EM iteration 41: likelihood is -8242143.45, converges to 0.0001...
[Info]EM iteration 42: likelihood is -8241439.84, converges to 0.0001...
[Info]EM iteration 43: likelihood is -8240738.87, converges to 0.0001...
[Info]EM iteration 44: likelihood is -8240028.54, converges to 0.0001...
[Info]EM iteration 45: likelihood is -8239291.62, converges to 0.0001...
[Info]EM iteration 46: likelihood is -8238521.88, converges to 0.0001...
[Info]EM iteration 47: likelihood is -8237782.60, converges to 0.0001...
Line search failed. See documentation of routine mcsrch. Error return of line search: info = 6 Possible causes: function or gradient are incorrect, or incorrect tolerances. (iflag == -1)
	at LBFGS.LBFGS.lbfgs(LBFGS.java:458)
	at topicmodels.CTM.CTM.opt_nu(CTM.java:448)
	at topicmodels.CTM.CTM.varInference(CTM.java:201)
	at topicmodels.CTM.CTM.calculate_E_step(CTM.java:177)
	at topicmodels.CTM.CTM.EM(CTM.java:541)
	at topicmodels.TopicModel.oneFoldValidation(TopicModel.java:455)
	at mains.ETBIRExecution.main(ETBIRExecution.java:142)
[Info]EM iteration 48: likelihood is -8237090.58, converges to 0.0001...
Line search failed. See documentation of routine mcsrch. Error return of line search: info = 6 Possible causes: function or gradient are incorrect, or incorrect tolerances. (iflag == -1)
	at LBFGS.LBFGS.lbfgs(LBFGS.java:458)
	at topicmodels.CTM.CTM.opt_nu(CTM.java:448)
	at topicmodels.CTM.CTM.varInference(CTM.java:201)
	at topicmodels.CTM.CTM.calculate_E_step(CTM.java:177)
	at topicmodels.CTM.CTM.EM(CTM.java:541)
	at topicmodels.TopicModel.oneFoldValidation(TopicModel.java:455)
	at mains.ETBIRExecution.main(ETBIRExecution.java:142)
[Info]EM iteration 49: likelihood is -8236411.77, converges to 0.0001...
[Info]EM iteration 50: likelihood is -8235722.22, converges to 0.0001...
[Info]Start evaluation in Normal
[Stat]Test set perplexity is 2493.776 and log-likelihood is -415.964
[Info]CTM[k:5]
 Train/Test finished in 297.73 seconds...
TopWord FilePath:/zf18/ll5fy/lab/dataset/amazon_movie/byUser_70k_review/output/5foldsCVColdstart/0/CTM_topWords_5.txt
Topic 0(0.24021):	quot(0.00733)	father(0.00606)	support(0.00473)	peter(0.00409)	oscar(0.00406)	mother(0.00397)	frank(0.00393)	deal(0.00376)	natur(0.00365)	spiderman(0.00351)	husband(0.00346)	polit(0.00329)	fine(0.00318)	drama(0.00313)	struggl(0.00308)	issu(0.00306)	drug(0.00304)	moor(0.00303)	situat(0.00302)	potter(0.00301)	manag(0.00290)	paul(0.00290)	hank(0.00286)	societi(0.00284)	intellig(0.00282)	decid(0.00281)	truth(0.00273)	moral(0.00271)	case(0.00270)	countri(0.00269)	
Topic 1(0.15732):	comedi(0.01498)	jack(0.01127)	laugh(0.01009)	bruce(0.00793)	jone(0.00751)	return(0.00687)	hilari(0.00615)	humor(0.00615)	episod(0.00574)	kevin(0.00470)	superhero(0.00454)	joke(0.00446)	villain(0.00434)	battl(0.00415)	georg(0.00407)	christoph(0.00407)	king(0.00399)	matt(0.00395)	knight(0.00393)	brother(0.00391)	nicholson(0.00387)	romant(0.00381)	hero(0.00380)	captain(0.00367)	father(0.00365)	william(0.00359)	luca(0.00356)	favorit(0.00350)	iron(0.00350)	pirat(0.00346)	
Topic 2(0.13435):	bond(0.01680)	anim(0.01329)	earth(0.01100)	michael(0.00932)	jame(0.00820)	planet(0.00793)	crew(0.00779)	ship(0.00757)	race(0.00612)	robot(0.00607)	halloween(0.00599)	edit(0.00575)	sequenc(0.00572)	mission(0.00546)	voic(0.00536)	matrix(0.00530)	trek(0.00523)	return(0.00468)	blade(0.00465)	futur(0.00462)	xmen(0.00457)	destroy(0.00438)	comput(0.00431)	creatur(0.00422)	battl(0.00414)	king(0.00400)	termin(0.00400)	visual(0.00391)	predat(0.00384)	technolog(0.00380)	
Topic 3(0.20786):	dead(0.01078)	hous(0.01062)	night(0.00878)	remak(0.00799)	violenc(0.00754)	video(0.00669)	blood(0.00664)	commentari(0.00661)	suspens(0.00614)	audio(0.00605)	killer(0.00585)	town(0.00567)	edit(0.00548)	evil(0.00516)	rate(0.00508)	gore(0.00478)	thriller(0.00459)	genr(0.00446)	digit(0.00416)	battl(0.00415)	soldier(0.00412)	flick(0.00410)	citi(0.00409)	room(0.00407)	qualiti(0.00395)	atmospher(0.00384)	depp(0.00383)	ghost(0.00359)	attack(0.00359)	johnni(0.00355)	
Topic 4(0.26026):	hollywood(0.00742)	simpli(0.00645)	amaz(0.00635)	visual(0.00608)	impress(0.00590)	save(0.00556)	shot(0.00520)	bore(0.00515)	money(0.00510)	talk(0.00492)	understand(0.00478)	felt(0.00470)	half(0.00469)	serious(0.00465)	matter(0.00437)	figur(0.00429)	imagin(0.00421)	piec(0.00418)	hero(0.00416)	case(0.00415)	side(0.00406)	told(0.00401)	lost(0.00397)	brilliant(0.00395)	fiction(0.00382)	black(0.00381)	dream(0.00367)	award(0.00363)	fail(0.00355)	lack(0.00352)	
237 users are loaded from /zf18/ll5fy/lab/dataset/amazon_movie/byUser_70k_review/5foldsCVColdstart/1/...
235 users are loaded from /zf18/ll5fy/lab/dataset/amazon_movie/byUser_70k_review/5foldsCVColdstart/0/...
248 users are loaded from /zf18/ll5fy/lab/dataset/amazon_movie/byUser_70k_review/5foldsCVColdstart/2/...
251 users are loaded from /zf18/ll5fy/lab/dataset/amazon_movie/byUser_70k_review/5foldsCVColdstart/3/...
240 users are loaded from /zf18/ll5fy/lab/dataset/amazon_movie/byUser_70k_review/5foldsCVColdstart/4/...
====================
[Info]Fold No. 1: 
train size = 21478, test size = 4831....
[Info]Initializing CTM Model...
[Info]EM iteration 0: likelihood is -10059381.54, converges to 1.0000...
[Info]EM iteration 1: likelihood is -8753334.12, converges to 0.1298...
[Info]EM iteration 2: likelihood is -8736981.80, converges to 0.0019...
[Info]EM iteration 3: likelihood is -8725914.98, converges to 0.0013...
[Info]EM iteration 4: likelihood is -8717171.44, converges to 0.0010...
[Info]EM iteration 5: likelihood is -8709264.12, converges to 0.0009...
[Info]EM iteration 6: likelihood is -8701363.92, converges to 0.0009...
[Info]EM iteration 7: likelihood is -8693048.30, converges to 0.0010...
[Info]EM iteration 8: likelihood is -8684248.03, converges to 0.0010...
[Info]EM iteration 9: likelihood is -8675110.70, converges to 0.0011...
[Info]EM iteration 10: likelihood is -8665971.14, converges to 0.0011...
Line search failed. See documentation of routine mcsrch. Error return of line search: info = 6 Possible causes: function or gradient are incorrect, or incorrect tolerances. (iflag == -1)
	at LBFGS.LBFGS.lbfgs(LBFGS.java:458)
	at topicmodels.CTM.CTM.opt_nu(CTM.java:448)
	at topicmodels.CTM.CTM.varInference(CTM.java:201)
	at topicmodels.CTM.CTM.calculate_E_step(CTM.java:177)
	at topicmodels.CTM.CTM.EM(CTM.java:541)
	at topicmodels.TopicModel.oneFoldValidation(TopicModel.java:455)
	at mains.ETBIRExecution.main(ETBIRExecution.java:142)
Line search failed. See documentation of routine mcsrch. Error return of line search: info = 6 Possible causes: function or gradient are incorrect, or incorrect tolerances. (iflag == -1)
	at LBFGS.LBFGS.lbfgs(LBFGS.java:458)
	at topicmodels.CTM.CTM.opt_nu(CTM.java:448)
	at topicmodels.CTM.CTM.varInference(CTM.java:201)
	at topicmodels.CTM.CTM.calculate_E_step(CTM.java:177)
	at topicmodels.CTM.CTM.EM(CTM.java:541)
	at topicmodels.TopicModel.oneFoldValidation(TopicModel.java:455)
	at mains.ETBIRExecution.main(ETBIRExecution.java:142)
[Info]EM iteration 11: likelihood is -8657259.29, converges to 0.0010...
[Info]EM iteration 12: likelihood is -8649369.74, converges to 0.0009...
[Info]EM iteration 13: likelihood is -8642476.91, converges to 0.0008...
[Info]EM iteration 14: likelihood is -8636587.14, converges to 0.0007...
[Info]EM iteration 15: likelihood is -8631610.18, converges to 0.0006...
[Info]EM iteration 16: likelihood is -8627408.44, converges to 0.0005...
[Info]EM iteration 17: likelihood is -8623841.85, converges to 0.0004...
[Info]EM iteration 18: likelihood is -8620795.35, converges to 0.0004...
[Info]EM iteration 19: likelihood is -8618169.60, converges to 0.0003...
[Info]EM iteration 20: likelihood is -8615880.99, converges to 0.0003...
[Info]EM iteration 21: likelihood is -8613853.86, converges to 0.0002...
[Info]EM iteration 22: likelihood is -8612016.51, converges to 0.0002...
[Info]EM iteration 23: likelihood is -8610301.31, converges to 0.0002...
[Info]EM iteration 24: likelihood is -8608714.54, converges to 0.0002...
[Info]EM iteration 25: likelihood is -8607253.12, converges to 0.0002...
[Info]EM iteration 26: likelihood is -8605887.75, converges to 0.0002...
[Info]EM iteration 27: likelihood is -8604600.75, converges to 0.0001...
Line search failed. See documentation of routine mcsrch. Error return of line search: info = 6 Possible causes: function or gradient are incorrect, or incorrect tolerances. (iflag == -1)
	at LBFGS.LBFGS.lbfgs(LBFGS.java:458)
	at topicmodels.CTM.CTM.opt_nu(CTM.java:448)
	at topicmodels.CTM.CTM.varInference(CTM.java:201)
	at topicmodels.CTM.CTM.calculate_E_step(CTM.java:177)
	at topicmodels.CTM.CTM.EM(CTM.java:541)
	at topicmodels.TopicModel.oneFoldValidation(TopicModel.java:455)
	at mains.ETBIRExecution.main(ETBIRExecution.java:142)
[Info]EM iteration 28: likelihood is -8603391.93, converges to 0.0001...
[Info]EM iteration 29: likelihood is -8602244.36, converges to 0.0001...
[Info]EM iteration 30: likelihood is -8601138.26, converges to 0.0001...
[Info]EM iteration 31: likelihood is -8600073.36, converges to 0.0001...
[Info]EM iteration 32: likelihood is -8599051.21, converges to 0.0001...
[Info]EM iteration 33: likelihood is -8598062.78, converges to 0.0001...
[Info]EM iteration 34: likelihood is -8597094.83, converges to 0.0001...
Line search failed. See documentation of routine mcsrch. Error return of line search: info = 6 Possible causes: function or gradient are incorrect, or incorrect tolerances. (iflag == -1)
	at LBFGS.LBFGS.lbfgs(LBFGS.java:458)
	at topicmodels.CTM.CTM.opt_nu(CTM.java:448)
	at topicmodels.CTM.CTM.varInference(CTM.java:201)
	at topicmodels.CTM.CTM.calculate_E_step(CTM.java:177)
	at topicmodels.CTM.CTM.EM(CTM.java:541)
	at topicmodels.TopicModel.oneFoldValidation(TopicModel.java:455)
	at mains.ETBIRExecution.main(ETBIRExecution.java:142)
[Info]EM iteration 35: likelihood is -8596137.11, converges to 0.0001...
[Info]EM iteration 36: likelihood is -8595182.25, converges to 0.0001...
[Info]EM iteration 37: likelihood is -8594225.87, converges to 0.0001...
[Info]EM iteration 38: likelihood is -8593267.90, converges to 0.0001...
[Info]EM iteration 39: likelihood is -8592310.19, converges to 0.0001...
[Info]EM iteration 40: likelihood is -8591353.47, converges to 0.0001...
Line search failed. See documentation of routine mcsrch. Error return of line search: info = 6 Possible causes: function or gradient are incorrect, or incorrect tolerances. (iflag == -1)
	at LBFGS.LBFGS.lbfgs(LBFGS.java:458)
	at topicmodels.CTM.CTM.opt_nu(CTM.java:448)
	at topicmodels.CTM.CTM.varInference(CTM.java:201)
	at topicmodels.CTM.CTM.calculate_E_step(CTM.java:177)
	at topicmodels.CTM.CTM.EM(CTM.java:541)
	at topicmodels.TopicModel.oneFoldValidation(TopicModel.java:455)
	at mains.ETBIRExecution.main(ETBIRExecution.java:142)
Line search failed. See documentation of routine mcsrch. Error return of line search: info = 6 Possible causes: function or gradient are incorrect, or incorrect tolerances. (iflag == -1)
	at LBFGS.LBFGS.lbfgs(LBFGS.java:458)
	at topicmodels.CTM.CTM.opt_nu(CTM.java:448)
	at topicmodels.CTM.CTM.varInference(CTM.java:201)
	at topicmodels.CTM.CTM.calculate_E_step(CTM.java:177)
	at topicmodels.CTM.CTM.EM(CTM.java:541)
	at topicmodels.TopicModel.oneFoldValidation(TopicModel.java:455)
	at mains.ETBIRExecution.main(ETBIRExecution.java:142)
[Info]EM iteration 41: likelihood is -8590393.47, converges to 0.0001...
[Info]EM iteration 42: likelihood is -8589432.09, converges to 0.0001...
[Info]EM iteration 43: likelihood is -8588461.95, converges to 0.0001...
[Info]EM iteration 44: likelihood is -8587477.09, converges to 0.0001...
[Info]EM iteration 45: likelihood is -8586476.55, converges to 0.0001...
[Info]EM iteration 46: likelihood is -8585468.42, converges to 0.0001...
[Info]EM iteration 47: likelihood is -8584456.43, converges to 0.0001...
[Info]EM iteration 48: likelihood is -8583438.38, converges to 0.0001...
[Info]EM iteration 49: likelihood is -8582414.42, converges to 0.0001...
Line search failed. See documentation of routine mcsrch. Error return of line search: info = 6 Possible causes: function or gradient are incorrect, or incorrect tolerances. (iflag == -1)
	at LBFGS.LBFGS.lbfgs(LBFGS.java:458)
	at topicmodels.CTM.CTM.opt_nu(CTM.java:448)
	at topicmodels.CTM.CTM.varInference(CTM.java:201)
	at topicmodels.CTM.CTM.calculate_E_step(CTM.java:177)
	at topicmodels.CTM.CTM.EM(CTM.java:541)
	at topicmodels.TopicModel.oneFoldValidation(TopicModel.java:455)
	at mains.ETBIRExecution.main(ETBIRExecution.java:142)
Line search failed. See documentation of routine mcsrch. Error return of line search: info = 6 Possible causes: function or gradient are incorrect, or incorrect tolerances. (iflag == -1)
	at LBFGS.LBFGS.lbfgs(LBFGS.java:458)
	at topicmodels.CTM.CTM.opt_nu(CTM.java:448)
	at topicmodels.CTM.CTM.varInference(CTM.java:201)
	at topicmodels.CTM.CTM.calculate_E_step(CTM.java:177)
	at topicmodels.CTM.CTM.EM(CTM.java:541)
	at topicmodels.TopicModel.oneFoldValidation(TopicModel.java:455)
	at mains.ETBIRExecution.main(ETBIRExecution.java:142)
[Info]EM iteration 50: likelihood is -8581393.25, converges to 0.0001...
[Info]Start evaluation in Normal
[Stat]Test set perplexity is 2496.578 and log-likelihood is -381.990
[Info]CTM[k:5]
 Train/Test finished in 347.57 seconds...
TopWord FilePath:/zf18/ll5fy/lab/dataset/amazon_movie/byUser_70k_review/output/5foldsCVColdstart/1/CTM_topWords_5.txt
Topic 0(0.11808):	bond(0.01772)	jone(0.00811)	jack(0.00759)	jame(0.00724)	depp(0.00722)	willi(0.00601)	hank(0.00590)	robert(0.00571)	washington(0.00559)	johnni(0.00541)	pirat(0.00530)	predat(0.00522)	polic(0.00493)	ryan(0.00474)	blade(0.00467)	charli(0.00459)	secret(0.00457)	matt(0.00455)	bourn(0.00454)	ford(0.00448)	damon(0.00439)	drug(0.00426)	thriller(0.00418)	cage(0.00413)	oscar(0.00407)	affleck(0.00396)	support(0.00363)	dicaprio(0.00356)	brilliant(0.00354)	michael(0.00336)	
Topic 1(0.22731):	battl(0.00781)	earth(0.00670)	citi(0.00650)	save(0.00596)	hero(0.00586)	bruce(0.00480)	ship(0.00451)	planet(0.00449)	attack(0.00424)	futur(0.00418)	robot(0.00391)	fear(0.00374)	order(0.00358)	soldier(0.00350)	polit(0.00350)	destroy(0.00341)	crew(0.00338)	sequenc(0.00333)	iron(0.00332)	side(0.00325)	govern(0.00324)	villain(0.00320)	transform(0.00317)	creatur(0.00314)	develop(0.00311)	superhero(0.00309)	histori(0.00306)	visual(0.00305)	return(0.00304)	trek(0.00300)	
Topic 2(0.23019):	comedi(0.00952)	father(0.00610)	mother(0.00601)	oscar(0.00534)	anim(0.00514)	laugh(0.00476)	king(0.00469)	tale(0.00416)	daughter(0.00414)	black(0.00407)	support(0.00404)	jack(0.00402)	night(0.00384)	hilari(0.00379)	magic(0.00369)	potter(0.00369)	voic(0.00364)	romant(0.00346)	talent(0.00332)	husband(0.00329)	babi(0.00320)	marri(0.00298)	brilliant(0.00293)	sister(0.00287)	william(0.00281)	peter(0.00279)	deal(0.00277)	kidman(0.00277)	town(0.00273)	award(0.00273)	
Topic 3(0.10724):	edit(0.01764)	commentari(0.01472)	michael(0.01354)	video(0.01227)	audio(0.01145)	quot(0.01049)	disc(0.00982)	digit(0.00847)	documentari(0.00784)	return(0.00780)	episod(0.00759)	spiderman(0.00740)	song(0.00733)	qualiti(0.00702)	delet(0.00699)	theatric(0.00694)	featurett(0.00684)	peter(0.00663)	georg(0.00659)	halloween(0.00622)	interview(0.00618)	anim(0.00602)	product(0.00579)	dead(0.00578)	robin(0.00541)	track(0.00540)	mari(0.00503)	luca(0.00502)	remak(0.00492)	white(0.00491)	
Topic 4(0.31716):	hollywood(0.00627)	shot(0.00589)	flick(0.00582)	hous(0.00566)	half(0.00528)	violenc(0.00527)	money(0.00524)	twist(0.00519)	genr(0.00509)	serious(0.00504)	bore(0.00496)	suspens(0.00472)	simpli(0.00465)	dead(0.00436)	blood(0.00436)	rest(0.00423)	sort(0.00398)	felt(0.00397)	game(0.00396)	piec(0.00393)	imagin(0.00393)	humor(0.00389)	type(0.00384)	total(0.00382)	killer(0.00374)	case(0.00369)	understand(0.00364)	pace(0.00360)	room(0.00359)	talk(0.00358)	
248 users are loaded from /zf18/ll5fy/lab/dataset/amazon_movie/byUser_70k_review/5foldsCVColdstart/2/...
235 users are loaded from /zf18/ll5fy/lab/dataset/amazon_movie/byUser_70k_review/5foldsCVColdstart/0/...
237 users are loaded from /zf18/ll5fy/lab/dataset/amazon_movie/byUser_70k_review/5foldsCVColdstart/1/...
251 users are loaded from /zf18/ll5fy/lab/dataset/amazon_movie/byUser_70k_review/5foldsCVColdstart/3/...
240 users are loaded from /zf18/ll5fy/lab/dataset/amazon_movie/byUser_70k_review/5foldsCVColdstart/4/...
====================
[Info]Fold No. 2: 
train size = 21326, test size = 4983....
[Info]Initializing CTM Model...
[Info]EM iteration 0: likelihood is -9858827.90, converges to 1.0000...
[Info]EM iteration 1: likelihood is -8584809.57, converges to 0.1292...
[Info]EM iteration 2: likelihood is -8569400.73, converges to 0.0018...
[Info]EM iteration 3: likelihood is -8558860.20, converges to 0.0012...
[Info]EM iteration 4: likelihood is -8550860.39, converges to 0.0009...
[Info]EM iteration 5: likelihood is -8544154.21, converges to 0.0008...
[Info]EM iteration 6: likelihood is -8537884.62, converges to 0.0007...
[Info]EM iteration 7: likelihood is -8531522.08, converges to 0.0007...
[Info]EM iteration 8: likelihood is -8524945.67, converges to 0.0008...
[Info]EM iteration 9: likelihood is -8518148.85, converges to 0.0008...
[Info]EM iteration 10: likelihood is -8511177.73, converges to 0.0008...
[Info]EM iteration 11: likelihood is -8504198.79, converges to 0.0008...
[Info]EM iteration 12: likelihood is -8497462.49, converges to 0.0008...
[Info]EM iteration 13: likelihood is -8491183.40, converges to 0.0007...
Line search failed. See documentation of routine mcsrch. Error return of line search: info = 6 Possible causes: function or gradient are incorrect, or incorrect tolerances. (iflag == -1)
	at LBFGS.LBFGS.lbfgs(LBFGS.java:458)
	at topicmodels.CTM.CTM.opt_nu(CTM.java:448)
	at topicmodels.CTM.CTM.varInference(CTM.java:201)
	at topicmodels.CTM.CTM.calculate_E_step(CTM.java:177)
	at topicmodels.CTM.CTM.EM(CTM.java:541)
	at topicmodels.TopicModel.oneFoldValidation(TopicModel.java:455)
	at mains.ETBIRExecution.main(ETBIRExecution.java:142)
[Info]EM iteration 14: likelihood is -8485496.91, converges to 0.0007...
[Info]EM iteration 15: likelihood is -8480462.93, converges to 0.0006...
[Info]EM iteration 16: likelihood is -8476035.37, converges to 0.0005...
[Info]EM iteration 17: likelihood is -8472112.58, converges to 0.0005...
[Info]EM iteration 18: likelihood is -8468623.49, converges to 0.0004...
[Info]EM iteration 19: likelihood is -8465518.99, converges to 0.0004...
[Info]EM iteration 20: likelihood is -8462740.24, converges to 0.0003...
[Info]EM iteration 21: likelihood is -8460239.17, converges to 0.0003...
[Info]EM iteration 22: likelihood is -8457998.58, converges to 0.0003...
[Info]EM iteration 23: likelihood is -8456019.72, converges to 0.0002...
[Info]EM iteration 24: likelihood is -8454272.92, converges to 0.0002...
[Info]EM iteration 25: likelihood is -8452702.21, converges to 0.0002...
[Info]EM iteration 26: likelihood is -8451263.37, converges to 0.0002...
[Info]EM iteration 27: likelihood is -8449935.66, converges to 0.0002...
[Info]EM iteration 28: likelihood is -8448706.51, converges to 0.0001...
[Info]EM iteration 29: likelihood is -8447569.24, converges to 0.0001...
[Info]EM iteration 30: likelihood is -8446553.02, converges to 0.0001...
[Info]EM iteration 31: likelihood is -8445653.37, converges to 0.0001...
[Info]EM iteration 32: likelihood is -8444840.95, converges to 0.0001...
[Info]EM iteration 33: likelihood is -8444103.36, converges to 0.0001...
[Info]EM iteration 34: likelihood is -8443417.89, converges to 0.0001...
[Info]EM iteration 35: likelihood is -8442760.45, converges to 0.0001...
[Info]EM iteration 36: likelihood is -8442139.46, converges to 0.0001...
[Info]EM iteration 37: likelihood is -8441561.96, converges to 0.0001...
[Info]EM iteration 38: likelihood is -8441011.00, converges to 0.0001...
[Info]EM iteration 39: likelihood is -8440465.89, converges to 0.0001...
[Info]EM iteration 40: likelihood is -8439920.95, converges to 0.0001...
[Info]EM iteration 41: likelihood is -8439380.43, converges to 0.0001...
[Info]EM iteration 42: likelihood is -8438853.35, converges to 0.0001...
[Info]EM iteration 43: likelihood is -8438334.03, converges to 0.0001...
Line search failed. See documentation of routine mcsrch. Error return of line search: info = 6 Possible causes: function or gradient are incorrect, or incorrect tolerances. (iflag == -1)
	at LBFGS.LBFGS.lbfgs(LBFGS.java:458)
	at topicmodels.CTM.CTM.opt_nu(CTM.java:448)
	at topicmodels.CTM.CTM.varInference(CTM.java:201)
	at topicmodels.CTM.CTM.calculate_E_step(CTM.java:177)
	at topicmodels.CTM.CTM.EM(CTM.java:541)
	at topicmodels.TopicModel.oneFoldValidation(TopicModel.java:455)
	at mains.ETBIRExecution.main(ETBIRExecution.java:142)
[Info]EM iteration 44: likelihood is -8437804.73, converges to 0.0001...
[Info]EM iteration 45: likelihood is -8437259.06, converges to 0.0001...
[Info]EM iteration 46: likelihood is -8436698.64, converges to 0.0001...
[Info]EM iteration 47: likelihood is -8436157.07, converges to 0.0001...
Line search failed. See documentation of routine mcsrch. Error return of line search: info = 6 Possible causes: function or gradient are incorrect, or incorrect tolerances. (iflag == -1)
	at LBFGS.LBFGS.lbfgs(LBFGS.java:458)
	at topicmodels.CTM.CTM.opt_nu(CTM.java:448)
	at topicmodels.CTM.CTM.varInference(CTM.java:201)
	at topicmodels.CTM.CTM.calculate_E_step(CTM.java:177)
	at topicmodels.CTM.CTM.EM(CTM.java:541)
	at topicmodels.TopicModel.oneFoldValidation(TopicModel.java:455)
	at mains.ETBIRExecution.main(ETBIRExecution.java:142)
[Info]EM iteration 48: likelihood is -8435653.87, converges to 0.0001...
[Info]EM iteration 49: likelihood is -8435182.96, converges to 0.0001...
[Info]EM iteration 50: likelihood is -8434728.87, converges to 0.0001...
[Info]Start evaluation in Normal
[Stat]Test set perplexity is 2529.677 and log-likelihood is -404.954
[Info]CTM[k:5]
 Train/Test finished in 308.72 seconds...
TopWord FilePath:/zf18/ll5fy/lab/dataset/amazon_movie/byUser_70k_review/output/5foldsCVColdstart/2/CTM_topWords_5.txt
Topic 0(0.17446):	edit(0.01143)	peter(0.00910)	oscar(0.00908)	king(0.00806)	amaz(0.00677)	spiderman(0.00667)	brilliant(0.00661)	award(0.00601)	disc(0.00538)	commentari(0.00535)	battl(0.00525)	qualiti(0.00494)	product(0.00481)	histori(0.00472)	cinematographi(0.00470)	support(0.00459)	ring(0.00458)	epic(0.00423)	mari(0.00414)	interview(0.00412)	citi(0.00403)	michael(0.00397)	christoph(0.00396)	visual(0.00390)	academi(0.00381)	histor(0.00367)	frank(0.00353)	christian(0.00342)	shot(0.00341)	hank(0.00334)	
Topic 1(0.12768):	comedi(0.01622)	anim(0.01598)	michael(0.01325)	laugh(0.01324)	monster(0.00922)	robot(0.00774)	humor(0.00757)	halloween(0.00690)	hilari(0.00656)	audio(0.00628)	transform(0.00621)	voic(0.00611)	termin(0.00604)	joke(0.00598)	iron(0.00572)	willi(0.00557)	night(0.00553)	digit(0.00529)	bruce(0.00516)	video(0.00464)	return(0.00460)	hulk(0.00451)	witch(0.00430)	xmen(0.00404)	commentari(0.00400)	rate(0.00397)	kbps(0.00390)	myer(0.00387)	superhero(0.00384)	blade(0.00360)	
Topic 2(0.10444):	bond(0.01868)	jack(0.01437)	jone(0.00989)	black(0.00844)	potter(0.00724)	depp(0.00723)	johnni(0.00704)	jame(0.00694)	daughter(0.00670)	hous(0.00591)	pirat(0.00544)	mother(0.00542)	husband(0.00514)	ghost(0.00458)	royal(0.00427)	ford(0.00412)	maggi(0.00409)	sing(0.00395)	song(0.00392)	sister(0.00385)	dragon(0.00385)	secret(0.00371)	richard(0.00365)	indiana(0.00362)	father(0.00362)	davi(0.00356)	marri(0.00354)	prison(0.00339)	return(0.00335)	casino(0.00331)	
Topic 3(0.36442):	dead(0.00645)	shot(0.00398)	earth(0.00391)	suspens(0.00378)	twist(0.00376)	save(0.00371)	remak(0.00371)	thriller(0.00370)	flick(0.00366)	game(0.00345)	hous(0.00336)	blood(0.00327)	evil(0.00322)	develop(0.00318)	attack(0.00312)	battl(0.00307)	citi(0.00294)	side(0.00291)	georg(0.00288)	planet(0.00285)	order(0.00284)	killer(0.00283)	countri(0.00283)	build(0.00282)	situat(0.00279)	sort(0.00279)	polit(0.00274)	ship(0.00267)	gore(0.00263)	half(0.00262)	
Topic 4(0.22900):	quot(0.00741)	simpli(0.00723)	hero(0.00720)	father(0.00650)	imagin(0.00589)	fine(0.00586)	understand(0.00530)	tale(0.00523)	sequenc(0.00481)	total(0.00478)	manag(0.00459)	theme(0.00449)	serious(0.00441)	town(0.00432)	violenc(0.00427)	touch(0.00422)	talent(0.00401)	bill(0.00391)	fail(0.00383)	humor(0.00380)	bore(0.00355)	rent(0.00355)	rest(0.00349)	night(0.00340)	villain(0.00339)	full(0.00332)	consid(0.00330)	attent(0.00324)	strang(0.00320)	hollywood(0.00312)	
251 users are loaded from /zf18/ll5fy/lab/dataset/amazon_movie/byUser_70k_review/5foldsCVColdstart/3/...
235 users are loaded from /zf18/ll5fy/lab/dataset/amazon_movie/byUser_70k_review/5foldsCVColdstart/0/...
237 users are loaded from /zf18/ll5fy/lab/dataset/amazon_movie/byUser_70k_review/5foldsCVColdstart/1/...
248 users are loaded from /zf18/ll5fy/lab/dataset/amazon_movie/byUser_70k_review/5foldsCVColdstart/2/...
240 users are loaded from /zf18/ll5fy/lab/dataset/amazon_movie/byUser_70k_review/5foldsCVColdstart/4/...
====================
[Info]Fold No. 3: 
train size = 20753, test size = 5556....
[Info]Initializing CTM Model...
[Info]EM iteration 0: likelihood is -9755149.48, converges to 1.0000...
[Info]EM iteration 1: likelihood is -8489047.96, converges to 0.1298...
[Info]EM iteration 2: likelihood is -8473420.43, converges to 0.0018...
[Info]EM iteration 3: likelihood is -8462531.22, converges to 0.0013...
[Info]EM iteration 4: likelihood is -8453744.34, converges to 0.0010...
[Info]EM iteration 5: likelihood is -8445890.49, converges to 0.0009...
[Info]EM iteration 6: likelihood is -8438275.46, converges to 0.0009...
[Info]EM iteration 7: likelihood is -8430584.44, converges to 0.0009...
[Info]EM iteration 8: likelihood is -8422719.63, converges to 0.0009...
[Info]EM iteration 9: likelihood is -8414709.62, converges to 0.0010...
[Info]EM iteration 10: likelihood is -8406735.51, converges to 0.0009...
[Info]EM iteration 11: likelihood is -8399058.52, converges to 0.0009...
[Info]EM iteration 12: likelihood is -8391933.36, converges to 0.0008...
[Info]EM iteration 13: likelihood is -8385534.40, converges to 0.0008...
[Info]EM iteration 14: likelihood is -8379936.73, converges to 0.0007...
[Info]EM iteration 15: likelihood is -8375143.98, converges to 0.0006...
[Info]EM iteration 16: likelihood is -8371057.49, converges to 0.0005...
Line search failed. See documentation of routine mcsrch. Error return of line search: info = 6 Possible causes: function or gradient are incorrect, or incorrect tolerances. (iflag == -1)
	at LBFGS.LBFGS.lbfgs(LBFGS.java:458)
	at topicmodels.CTM.CTM.opt_nu(CTM.java:448)
	at topicmodels.CTM.CTM.varInference(CTM.java:201)
	at topicmodels.CTM.CTM.calculate_E_step(CTM.java:177)
	at topicmodels.CTM.CTM.EM(CTM.java:541)
	at topicmodels.TopicModel.oneFoldValidation(TopicModel.java:455)
	at mains.ETBIRExecution.main(ETBIRExecution.java:142)
Line search failed. See documentation of routine mcsrch. Error return of line search: info = 6 Possible causes: function or gradient are incorrect, or incorrect tolerances. (iflag == -1)
	at LBFGS.LBFGS.lbfgs(LBFGS.java:458)
	at topicmodels.CTM.CTM.opt_nu(CTM.java:448)
	at topicmodels.CTM.CTM.varInference(CTM.java:201)
	at topicmodels.CTM.CTM.calculate_E_step(CTM.java:177)
	at topicmodels.CTM.CTM.EM(CTM.java:541)
	at topicmodels.TopicModel.oneFoldValidation(TopicModel.java:455)
	at mains.ETBIRExecution.main(ETBIRExecution.java:142)
[Info]EM iteration 17: likelihood is -8367565.12, converges to 0.0004...
[Info]EM iteration 18: likelihood is -8364597.98, converges to 0.0004...
[Info]EM iteration 19: likelihood is -8362070.83, converges to 0.0003...
[Info]EM iteration 20: likelihood is -8359882.34, converges to 0.0003...
Line search failed. See documentation of routine mcsrch. Error return of line search: info = 6 Possible causes: function or gradient are incorrect, or incorrect tolerances. (iflag == -1)
	at LBFGS.LBFGS.lbfgs(LBFGS.java:458)
	at topicmodels.CTM.CTM.opt_nu(CTM.java:448)
	at topicmodels.CTM.CTM.varInference(CTM.java:201)
	at topicmodels.CTM.CTM.calculate_E_step(CTM.java:177)
	at topicmodels.CTM.CTM.EM(CTM.java:541)
	at topicmodels.TopicModel.oneFoldValidation(TopicModel.java:455)
	at mains.ETBIRExecution.main(ETBIRExecution.java:142)
Line search failed. See documentation of routine mcsrch. Error return of line search: info = 6 Possible causes: function or gradient are incorrect, or incorrect tolerances. (iflag == -1)
	at LBFGS.LBFGS.lbfgs(LBFGS.java:458)
	at topicmodels.CTM.CTM.opt_nu(CTM.java:448)
	at topicmodels.CTM.CTM.varInference(CTM.java:201)
	at topicmodels.CTM.CTM.calculate_E_step(CTM.java:177)
	at topicmodels.CTM.CTM.EM(CTM.java:541)
	at topicmodels.TopicModel.oneFoldValidation(TopicModel.java:455)
	at mains.ETBIRExecution.main(ETBIRExecution.java:142)
[Info]EM iteration 21: likelihood is -8357940.25, converges to 0.0002...
[Info]EM iteration 22: likelihood is -8356178.64, converges to 0.0002...
[Info]EM iteration 23: likelihood is -8354569.86, converges to 0.0002...
[Info]EM iteration 24: likelihood is -8353088.84, converges to 0.0002...
[Info]EM iteration 25: likelihood is -8351704.27, converges to 0.0002...
[Info]EM iteration 26: likelihood is -8350417.12, converges to 0.0002...
[Info]EM iteration 27: likelihood is -8349217.22, converges to 0.0001...
[Info]EM iteration 28: likelihood is -8348105.87, converges to 0.0001...
Line search failed. See documentation of routine mcsrch. Error return of line search: info = 6 Possible causes: function or gradient are incorrect, or incorrect tolerances. (iflag == -1)
	at LBFGS.LBFGS.lbfgs(LBFGS.java:458)
	at topicmodels.CTM.CTM.opt_nu(CTM.java:448)
	at topicmodels.CTM.CTM.varInference(CTM.java:201)
	at topicmodels.CTM.CTM.calculate_E_step(CTM.java:177)
	at topicmodels.CTM.CTM.EM(CTM.java:541)
	at topicmodels.TopicModel.oneFoldValidation(TopicModel.java:455)
	at mains.ETBIRExecution.main(ETBIRExecution.java:142)
[Info]EM iteration 29: likelihood is -8347068.23, converges to 0.0001...
[Info]EM iteration 30: likelihood is -8346049.51, converges to 0.0001...
[Info]EM iteration 31: likelihood is -8344994.25, converges to 0.0001...
Line search failed. See documentation of routine mcsrch. Error return of line search: info = 6 Possible causes: function or gradient are incorrect, or incorrect tolerances. (iflag == -1)
	at LBFGS.LBFGS.lbfgs(LBFGS.java:458)
	at topicmodels.CTM.CTM.opt_nu(CTM.java:448)
	at topicmodels.CTM.CTM.varInference(CTM.java:201)
	at topicmodels.CTM.CTM.calculate_E_step(CTM.java:177)
	at topicmodels.CTM.CTM.EM(CTM.java:541)
	at topicmodels.TopicModel.oneFoldValidation(TopicModel.java:455)
	at mains.ETBIRExecution.main(ETBIRExecution.java:142)
Line search failed. See documentation of routine mcsrch. Error return of line search: info = 6 Possible causes: function or gradient are incorrect, or incorrect tolerances. (iflag == -1)
	at LBFGS.LBFGS.lbfgs(LBFGS.java:458)
	at topicmodels.CTM.CTM.opt_nu(CTM.java:448)
	at topicmodels.CTM.CTM.varInference(CTM.java:201)
	at topicmodels.CTM.CTM.calculate_E_step(CTM.java:177)
	at topicmodels.CTM.CTM.EM(CTM.java:541)
	at topicmodels.TopicModel.oneFoldValidation(TopicModel.java:455)
	at mains.ETBIRExecution.main(ETBIRExecution.java:142)
[Info]EM iteration 32: likelihood is -8343958.67, converges to 0.0001...
[Info]EM iteration 33: likelihood is -8342928.18, converges to 0.0001...
[Info]EM iteration 34: likelihood is -8341963.15, converges to 0.0001...
[Info]EM iteration 35: likelihood is -8341115.70, converges to 0.0001...
Line search failed. See documentation of routine mcsrch. Error return of line search: info = 6 Possible causes: function or gradient are incorrect, or incorrect tolerances. (iflag == -1)
	at LBFGS.LBFGS.lbfgs(LBFGS.java:458)
	at topicmodels.CTM.CTM.opt_nu(CTM.java:448)
	at topicmodels.CTM.CTM.varInference(CTM.java:201)
	at topicmodels.CTM.CTM.calculate_E_step(CTM.java:177)
	at topicmodels.CTM.CTM.EM(CTM.java:541)
	at topicmodels.TopicModel.oneFoldValidation(TopicModel.java:455)
	at mains.ETBIRExecution.main(ETBIRExecution.java:142)
[Info]EM iteration 36: likelihood is -8340364.29, converges to 0.0001...
[Info]EM iteration 37: likelihood is -8339666.02, converges to 0.0001...
Line search failed. See documentation of routine mcsrch. Error return of line search: info = 6 Possible causes: function or gradient are incorrect, or incorrect tolerances. (iflag == -1)
	at LBFGS.LBFGS.lbfgs(LBFGS.java:458)
	at topicmodels.CTM.CTM.opt_nu(CTM.java:448)
	at topicmodels.CTM.CTM.varInference(CTM.java:201)
	at topicmodels.CTM.CTM.calculate_E_step(CTM.java:177)
	at topicmodels.CTM.CTM.EM(CTM.java:541)
	at topicmodels.TopicModel.oneFoldValidation(TopicModel.java:455)
	at mains.ETBIRExecution.main(ETBIRExecution.java:142)
[Info]EM iteration 38: likelihood is -8339000.76, converges to 0.0001...
[Info]EM iteration 39: likelihood is -8338352.89, converges to 0.0001...
[Info]EM iteration 40: likelihood is -8337712.06, converges to 0.0001...
[Info]EM iteration 41: likelihood is -8337074.28, converges to 0.0001...
[Info]EM iteration 42: likelihood is -8336425.18, converges to 0.0001...
[Info]EM iteration 43: likelihood is -8335764.61, converges to 0.0001...
[Info]EM iteration 44: likelihood is -8335085.04, converges to 0.0001...
[Info]EM iteration 45: likelihood is -8334464.02, converges to 0.0001...
[Info]EM iteration 46: likelihood is -8333897.19, converges to 0.0001...
[Info]EM iteration 47: likelihood is -8333343.97, converges to 0.0001...
[Info]EM iteration 48: likelihood is -8332796.70, converges to 0.0001...
[Info]EM iteration 49: likelihood is -8332261.20, converges to 0.0001...
[Info]EM iteration 50: likelihood is -8331739.62, converges to 0.0001...
[Info]Start evaluation in Normal
[Stat]Test set perplexity is 2390.841 and log-likelihood is -378.232
[Info]CTM[k:5]
 Train/Test finished in 323.14 seconds...
TopWord FilePath:/zf18/ll5fy/lab/dataset/amazon_movie/byUser_70k_review/output/5foldsCVColdstart/3/CTM_topWords_5.txt
Topic 0(0.22553):	dead(0.01180)	hous(0.01020)	night(0.00778)	flick(0.00730)	remak(0.00726)	monster(0.00671)	town(0.00621)	killer(0.00546)	blood(0.00531)	evil(0.00526)	gore(0.00444)	suspens(0.00437)	genr(0.00431)	song(0.00431)	depp(0.00398)	strang(0.00384)	mother(0.00370)	stupid(0.00368)	rent(0.00368)	creatur(0.00341)	twist(0.00332)	victim(0.00322)	full(0.00319)	black(0.00319)	decid(0.00314)	danc(0.00314)	walk(0.00308)	atmospher(0.00305)	shot(0.00303)	hell(0.00299)	
Topic 1(0.17970):	comedi(0.01241)	bond(0.01214)	michael(0.00910)	daughter(0.00688)	robert(0.00641)	oscar(0.00623)	jack(0.00576)	laugh(0.00570)	support(0.00528)	jame(0.00484)	father(0.00461)	hugh(0.00425)	frank(0.00424)	william(0.00413)	mother(0.00409)	romant(0.00387)	hilari(0.00386)	talent(0.00383)	career(0.00379)	husband(0.00376)	humor(0.00371)	award(0.00366)	case(0.00364)	iron(0.00354)	marri(0.00344)	sister(0.00342)	night(0.00306)	pitt(0.00304)	halloween(0.00302)	toni(0.00297)	
Topic 2(0.21091):	battl(0.00710)	earth(0.00576)	histori(0.00565)	polit(0.00557)	king(0.00494)	soldier(0.00442)	govern(0.00385)	mission(0.00374)	planet(0.00371)	hero(0.00367)	race(0.00350)	attack(0.00344)	unit(0.00344)	epic(0.00334)	presid(0.00331)	save(0.00329)	militari(0.00324)	ship(0.00323)	countri(0.00322)	order(0.00318)	team(0.00312)	bourn(0.00307)	predat(0.00307)	histor(0.00306)	control(0.00305)	island(0.00285)	robot(0.00283)	captur(0.00282)	destroy(0.00277)	side(0.00276)	
Topic 3(0.11016):	edit(0.01365)	commentari(0.01231)	peter(0.00988)	audio(0.00986)	anim(0.00930)	disc(0.00873)	spiderman(0.00863)	video(0.00771)	digit(0.00666)	bruce(0.00638)	featurett(0.00614)	episod(0.00611)	documentari(0.00607)	amaz(0.00589)	potter(0.00586)	theatric(0.00583)	superhero(0.00572)	qualiti(0.00569)	interview(0.00565)	delet(0.00559)	return(0.00523)	transfer(0.00519)	trek(0.00514)	magic(0.00510)	ring(0.00495)	michael(0.00489)	wayn(0.00487)	jack(0.00478)	lord(0.00469)	knight(0.00466)	
Topic 4(0.27370):	quot(0.00604)	simpli(0.00542)	basic(0.00520)	sequenc(0.00520)	violenc(0.00515)	dream(0.00505)	lack(0.00487)	serious(0.00485)	pace(0.00470)	felt(0.00462)	money(0.00458)	understand(0.00455)	fine(0.00447)	impress(0.00404)	drama(0.00399)	matter(0.00394)	futur(0.00383)	half(0.00382)	sort(0.00377)	citi(0.00376)	consid(0.00370)	theme(0.00362)	fair(0.00360)	save(0.00360)	piec(0.00359)	fast(0.00349)	father(0.00348)	amaz(0.00345)	talk(0.00341)	villain(0.00334)	
240 users are loaded from /zf18/ll5fy/lab/dataset/amazon_movie/byUser_70k_review/5foldsCVColdstart/4/...
235 users are loaded from /zf18/ll5fy/lab/dataset/amazon_movie/byUser_70k_review/5foldsCVColdstart/0/...
237 users are loaded from /zf18/ll5fy/lab/dataset/amazon_movie/byUser_70k_review/5foldsCVColdstart/1/...
248 users are loaded from /zf18/ll5fy/lab/dataset/amazon_movie/byUser_70k_review/5foldsCVColdstart/2/...
251 users are loaded from /zf18/ll5fy/lab/dataset/amazon_movie/byUser_70k_review/5foldsCVColdstart/3/...
====================
[Info]Fold No. 4: 
train size = 20717, test size = 5592....
[Info]Initializing CTM Model...
[Info]EM iteration 0: likelihood is -9462685.10, converges to 1.0000...
[Info]EM iteration 1: likelihood is -8248648.66, converges to 0.1283...
[Info]EM iteration 2: likelihood is -8233244.65, converges to 0.0019...
[Info]EM iteration 3: likelihood is -8222609.16, converges to 0.0013...
[Info]EM iteration 4: likelihood is -8214123.08, converges to 0.0010...
[Info]EM iteration 5: likelihood is -8206598.75, converges to 0.0009...
[Info]EM iteration 6: likelihood is -8199302.25, converges to 0.0009...
[Info]EM iteration 7: likelihood is -8191905.03, converges to 0.0009...
[Info]EM iteration 8: likelihood is -8184444.92, converges to 0.0009...
[Info]EM iteration 9: likelihood is -8177147.64, converges to 0.0009...
[Info]EM iteration 10: likelihood is -8170268.07, converges to 0.0008...
[Info]EM iteration 11: likelihood is -8163953.50, converges to 0.0008...
[Info]EM iteration 12: likelihood is -8158239.49, converges to 0.0007...
[Info]EM iteration 13: likelihood is -8153104.81, converges to 0.0006...
[Info]EM iteration 14: likelihood is -8148508.80, converges to 0.0006...
Line search failed. See documentation of routine mcsrch. Error return of line search: info = 6 Possible causes: function or gradient are incorrect, or incorrect tolerances. (iflag == -1)
	at LBFGS.LBFGS.lbfgs(LBFGS.java:458)
	at topicmodels.CTM.CTM.opt_nu(CTM.java:448)
	at topicmodels.CTM.CTM.varInference(CTM.java:201)
	at topicmodels.CTM.CTM.calculate_E_step(CTM.java:177)
	at topicmodels.CTM.CTM.EM(CTM.java:541)
	at topicmodels.TopicModel.oneFoldValidation(TopicModel.java:455)
	at mains.ETBIRExecution.main(ETBIRExecution.java:142)
[Info]EM iteration 15: likelihood is -8144413.03, converges to 0.0005...
[Info]EM iteration 16: likelihood is -8140766.07, converges to 0.0004...
[Info]EM iteration 17: likelihood is -8137463.10, converges to 0.0004...
[Info]EM iteration 18: likelihood is -8134442.09, converges to 0.0004...
[Info]EM iteration 19: likelihood is -8131801.64, converges to 0.0003...
[Info]EM iteration 20: likelihood is -8129479.29, converges to 0.0003...
[Info]EM iteration 21: likelihood is -8127395.46, converges to 0.0003...
[Info]EM iteration 22: likelihood is -8125507.40, converges to 0.0002...
[Info]EM iteration 23: likelihood is -8123788.34, converges to 0.0002...
[Info]EM iteration 24: likelihood is -8122188.57, converges to 0.0002...
[Info]EM iteration 25: likelihood is -8120671.28, converges to 0.0002...
[Info]EM iteration 26: likelihood is -8119227.41, converges to 0.0002...
[Info]EM iteration 27: likelihood is -8117913.98, converges to 0.0002...
[Info]EM iteration 28: likelihood is -8116685.00, converges to 0.0002...
[Info]EM iteration 29: likelihood is -8115513.49, converges to 0.0001...
[Info]EM iteration 30: likelihood is -8114395.98, converges to 0.0001...
[Info]EM iteration 31: likelihood is -8113327.05, converges to 0.0001...
[Info]EM iteration 32: likelihood is -8112293.02, converges to 0.0001...
[Info]EM iteration 33: likelihood is -8111277.20, converges to 0.0001...
Line search failed. See documentation of routine mcsrch. Error return of line search: info = 6 Possible causes: function or gradient are incorrect, or incorrect tolerances. (iflag == -1)
	at LBFGS.LBFGS.lbfgs(LBFGS.java:458)
	at topicmodels.CTM.CTM.opt_nu(CTM.java:448)
	at topicmodels.CTM.CTM.varInference(CTM.java:201)
	at topicmodels.CTM.CTM.calculate_E_step(CTM.java:177)
	at topicmodels.CTM.CTM.EM(CTM.java:541)
	at topicmodels.TopicModel.oneFoldValidation(TopicModel.java:455)
	at mains.ETBIRExecution.main(ETBIRExecution.java:142)
[Info]EM iteration 34: likelihood is -8110241.64, converges to 0.0001...
[Info]EM iteration 35: likelihood is -8109114.36, converges to 0.0001...
[Info]EM iteration 36: likelihood is -8107925.30, converges to 0.0001...
[Info]EM iteration 37: likelihood is -8106840.02, converges to 0.0001...
[Info]EM iteration 38: likelihood is -8105825.26, converges to 0.0001...
[Info]EM iteration 39: likelihood is -8104790.68, converges to 0.0001...
Line search failed. See documentation of routine mcsrch. Error return of line search: info = 6 Possible causes: function or gradient are incorrect, or incorrect tolerances. (iflag == -1)
	at LBFGS.LBFGS.lbfgs(LBFGS.java:458)
	at topicmodels.CTM.CTM.opt_nu(CTM.java:448)
	at topicmodels.CTM.CTM.varInference(CTM.java:201)
	at topicmodels.CTM.CTM.calculate_E_step(CTM.java:177)
	at topicmodels.CTM.CTM.EM(CTM.java:541)
	at topicmodels.TopicModel.oneFoldValidation(TopicModel.java:455)
	at mains.ETBIRExecution.main(ETBIRExecution.java:142)
[Info]EM iteration 40: likelihood is -8103769.68, converges to 0.0001...
[Info]EM iteration 41: likelihood is -8102877.92, converges to 0.0001...
[Info]EM iteration 42: likelihood is -8102092.57, converges to 0.0001...
[Info]EM iteration 43: likelihood is -8101346.22, converges to 0.0001...
[Info]EM iteration 44: likelihood is -8100587.97, converges to 0.0001...
[Info]EM iteration 45: likelihood is -8099775.39, converges to 0.0001...
[Info]EM iteration 46: likelihood is -8098978.94, converges to 0.0001...
Line search failed. See documentation of routine mcsrch. Error return of line search: info = 6 Possible causes: function or gradient are incorrect, or incorrect tolerances. (iflag == -1)
	at LBFGS.LBFGS.lbfgs(LBFGS.java:458)
	at topicmodels.CTM.CTM.opt_nu(CTM.java:448)
	at topicmodels.CTM.CTM.varInference(CTM.java:201)
	at topicmodels.CTM.CTM.calculate_E_step(CTM.java:177)
	at topicmodels.CTM.CTM.EM(CTM.java:541)
	at topicmodels.TopicModel.oneFoldValidation(TopicModel.java:455)
	at mains.ETBIRExecution.main(ETBIRExecution.java:142)
[Info]EM iteration 47: likelihood is -8098262.44, converges to 0.0001...
Line search failed. See documentation of routine mcsrch. Error return of line search: info = 6 Possible causes: function or gradient are incorrect, or incorrect tolerances. (iflag == -1)
	at LBFGS.LBFGS.lbfgs(LBFGS.java:458)
	at topicmodels.CTM.CTM.opt_nu(CTM.java:448)
	at topicmodels.CTM.CTM.varInference(CTM.java:201)
	at topicmodels.CTM.CTM.calculate_E_step(CTM.java:177)
	at topicmodels.CTM.CTM.EM(CTM.java:541)
	at topicmodels.TopicModel.oneFoldValidation(TopicModel.java:455)
	at mains.ETBIRExecution.main(ETBIRExecution.java:142)
[Info]EM iteration 48: likelihood is -8097586.08, converges to 0.0001...
[Info]EM iteration 49: likelihood is -8096931.29, converges to 0.0001...
[Info]EM iteration 50: likelihood is -8096291.39, converges to 0.0001...
[Info]Start evaluation in Normal
[Stat]Test set perplexity is 2444.269 and log-likelihood is -418.725
[Info]CTM[k:5]
 Train/Test finished in 308.95 seconds...
TopWord FilePath:/zf18/ll5fy/lab/dataset/amazon_movie/byUser_70k_review/output/5foldsCVColdstart/4/CTM_topWords_5.txt
Topic 0(0.21630):	dead(0.01226)	hous(0.01038)	night(0.00917)	remak(0.00731)	michael(0.00696)	evil(0.00679)	flick(0.00674)	town(0.00612)	killer(0.00611)	blood(0.00569)	suspens(0.00558)	violenc(0.00542)	spiderman(0.00529)	gore(0.00491)	monster(0.00452)	creatur(0.00428)	peter(0.00416)	halloween(0.00408)	twist(0.00402)	room(0.00396)	fear(0.00375)	genr(0.00364)	victim(0.00363)	hell(0.00345)	villag(0.00341)	atmospher(0.00334)	blade(0.00322)	game(0.00321)	ghost(0.00318)	bodi(0.00312)	
Topic 1(0.14487):	bond(0.01116)	earth(0.01000)	jame(0.00706)	planet(0.00689)	return(0.00685)	jone(0.00681)	ship(0.00674)	episod(0.00634)	crew(0.00603)	battl(0.00596)	captain(0.00561)	transform(0.00556)	trek(0.00551)	laugh(0.00519)	robot(0.00494)	superhero(0.00476)	villain(0.00469)	comedi(0.00452)	quot(0.00432)	save(0.00429)	destroy(0.00420)	mission(0.00412)	xmen(0.00411)	hero(0.00387)	evil(0.00379)	pirat(0.00373)	queen(0.00368)	dracula(0.00349)	reev(0.00344)	cage(0.00343)	
Topic 2(0.14219):	edit(0.01729)	anim(0.01292)	commentari(0.01133)	song(0.00876)	visual(0.00837)	disc(0.00801)	video(0.00711)	audio(0.00704)	iron(0.00692)	amaz(0.00687)	product(0.00681)	voic(0.00671)	qualiti(0.00671)	depp(0.00642)	documentari(0.00636)	johnni(0.00569)	theatric(0.00541)	digit(0.00531)	brilliant(0.00522)	delet(0.00492)	termin(0.00491)	soundtrack(0.00489)	featurett(0.00480)	danc(0.00479)	track(0.00477)	sing(0.00474)	interview(0.00473)	bruce(0.00472)	transfer(0.00464)	talk(0.00458)	
Topic 3(0.24019):	oscar(0.00601)	father(0.00570)	support(0.00487)	polit(0.00462)	histori(0.00456)	jack(0.00456)	daughter(0.00454)	robert(0.00437)	countri(0.00413)	frank(0.00403)	battl(0.00374)	drug(0.00348)	paul(0.00345)	award(0.00343)	soldier(0.00338)	husband(0.00324)	mother(0.00317)	king(0.00317)	deal(0.00316)	career(0.00315)	brilliant(0.00308)	money(0.00292)	matt(0.00268)	hank(0.00268)	public(0.00264)	unit(0.00263)	histor(0.00263)	manag(0.00260)	talent(0.00258)	polic(0.00256)	
Topic 4(0.25645):	comedi(0.00732)	shot(0.00635)	understand(0.00630)	hollywood(0.00582)	serious(0.00578)	humor(0.00561)	natur(0.00539)	citi(0.00534)	simpli(0.00524)	tale(0.00495)	lack(0.00480)	lost(0.00465)	half(0.00463)	piec(0.00451)	hero(0.00447)	bore(0.00444)	sort(0.00429)	case(0.00429)	matter(0.00426)	imagin(0.00409)	basic(0.00409)	type(0.00401)	figur(0.00393)	slow(0.00393)	fiction(0.00392)	total(0.00384)	rest(0.00366)	sequenc(0.00365)	theme(0.00356)	camera(0.00355)	

Part 0 -----------------Valid folds: 5
[Stat]Loglikelihood -399.973+/-16.901
[Stat]Perplexity 2471.028+/-48.489
