Load 6134 2-gram new features from /zf18/ll5fy/lab/dataset/yelp/yelp_features.txt...
1409 users are loaded from /zf18/ll5fy/lab/dataset/yelp/byUser_70k_review/data/...
Info File Path: /zf18/ll5fy/lab/dataset/yelp/byUser_70k_review/output/5foldsCVColdstart/LDA_User_info.txt
[Info]Start FIXED cross validation...
260 users are loaded from /zf18/ll5fy/lab/dataset/yelp/byUser_70k_review/5foldsCVColdstart/0/...
244 users are loaded from /zf18/ll5fy/lab/dataset/yelp/byUser_70k_review/5foldsCVColdstart/1/...
266 users are loaded from /zf18/ll5fy/lab/dataset/yelp/byUser_70k_review/5foldsCVColdstart/2/...
264 users are loaded from /zf18/ll5fy/lab/dataset/yelp/byUser_70k_review/5foldsCVColdstart/3/...
256 users are loaded from /zf18/ll5fy/lab/dataset/yelp/byUser_70k_review/5foldsCVColdstart/4/...
====================
[Info]Fold No. 0: 
[Info]Analzying corpus: 
...........-- Global corpus: vocabulary size: 6134, review size: 15843, item size: 861, user size: 861
train size = 12311, test size = 3532....
[Info]Analying bipartie graph: 
-- train graph: review size: 12311, item size: 722, user size: 770
[Info]EM Starting multithread LDA_Focus[k:10, alpha:1.01, beta:1.00, Variational]...
==============
[Info]Likelihood -3824942.48536 at step 0 converge to 1.0000000000...
==============
[Info]Likelihood -3824228.96034 at step 1 converge to 0.0001865453...
==============
[Info]Likelihood -3823456.02214 at step 2 converge to 0.0002021161...
==============
[Info]Likelihood -3822384.67544 at step 3 converge to 0.0002802037...
==============
[Info]Likelihood -3819856.25175 at step 4 converge to 0.0006614781...
==============
[Info]Likelihood -3809201.62804 at step 5 converge to 0.0027892735...
==============
[Info]Likelihood -3766215.01070 at step 6 converge to 0.0112849414...
==============
[Info]Likelihood -3706584.71935 at step 7 converge to 0.0158329493...
==============
[Info]Likelihood -3662568.66763 at step 8 converge to 0.0118750966...
==============
[Info]Likelihood -3632997.03154 at step 9 converge to 0.0080740155...
==============
[Info]Likelihood -3613424.66090 at step 10 converge to 0.0053873897...
==============
[Info]Likelihood -3599836.46624 at step 11 converge to 0.0037604754...
==============
[Info]Likelihood -3589770.81201 at step 12 converge to 0.0027961421...
==============
[Info]Likelihood -3581860.10383 at step 13 converge to 0.0022036806...
==============
[Info]Likelihood -3575360.59015 at step 14 converge to 0.0018145638...
==============
[Info]Likelihood -3569834.80544 at step 15 converge to 0.0015455182...
==============
[Info]Likelihood -3564969.84442 at step 16 converge to 0.0013627972...
==============
[Info]Likelihood -3560672.39603 at step 17 converge to 0.0012054656...
==============
[Info]Likelihood -3556868.86442 at step 18 converge to 0.0010682060...
==============
[Info]Likelihood -3553459.58603 at step 19 converge to 0.0009585055...
==============
[Info]Likelihood -3550378.14186 at step 20 converge to 0.0008671674...
==============
[Info]Likelihood -3547571.87737 at step 21 converge to 0.0007904128...
==============
[Info]Likelihood -3545027.88957 at step 22 converge to 0.0007171068...
==============
[Info]Likelihood -3542712.30556 at step 23 converge to 0.0006531920...
==============
[Info]Likelihood -3540584.58054 at step 24 converge to 0.0006005921...
==============
[Info]Likelihood -3538626.08918 at step 25 converge to 0.0005531548...
==============
[Info]Likelihood -3536813.03092 at step 26 converge to 0.0005123622...
==============
[Info]Likelihood -3535124.19063 at step 27 converge to 0.0004775034...
==============
[Info]Likelihood -3533541.91740 at step 28 converge to 0.0004475863...
==============
[Info]Likelihood -3532052.38341 at step 29 converge to 0.0004215413...
[Info]Likelihood -3532052.383 after step 30 converge to 0.000422 after 81 seconds...
[Info]Analying bipartie graph: 
-- test graph: review size: 3532, item size: 211, user size: 260
[Info]Start evaluation in thread
[Stat]Test evaluation finished: 3532 docs
[Stat]0 part has 817.000000 docs: perplexity is 1221.027 and log-likelihood is -325.803
[Stat]1 part has 303.000000 docs: perplexity is 1238.156 and log-likelihood is -330.592
[Stat]2 part has 1696.000000 docs: perplexity is 1153.265 and log-likelihood is -313.213
[Stat]3 part has 716.000000 docs: perplexity is 1134.536 and log-likelihood is -305.389
[Stat]4 part has 3532.000000 docs: perplexity is 1172.617 and log-likelihood is -316.030
[Info]multithread LDA_Focus[k:10, alpha:1.01, beta:1.00, Variational] Train/Test finished in 83.23 seconds...
TopWord FilePath:/zf18/ll5fy/lab/dataset/yelp/byUser_70k_review/output/5foldsCVColdstart/0/LDA_User_topWords_10.txt
Topic 0(0.08962):	sushi(0.02598)	roll(0.02559)	restaur(0.02365)	dish(0.01986)	fish(0.01657)	dinner(0.01519)	chef(0.01258)	cours(0.01145)	salmon(0.01128)	tast(0.01090)	special(0.01048)	tuna(0.00998)	steak(0.00981)	lobster(0.00971)	dine(0.00924)	amaz(0.00880)	experi(0.00850)	wine(0.00829)	reserv(0.00829)	favorit(0.00820)	best(0.00802)	excel(0.00797)	appet(0.00785)	shrimp(0.00685)	start(0.00682)	recommend(0.00637)	tabl(0.00626)	oyster(0.00617)	serv(0.00601)	night(0.00591)	
Topic 1(0.06927):	pizza(0.04718)	sauc(0.01649)	pasta(0.01484)	dine(0.01313)	slice(0.01286)	italian(0.01063)	garlic(0.01023)	time(0.01003)	crust(0.01003)	white(0.00932)	restaur(0.00892)	bread(0.00882)	style(0.00841)	best(0.00778)	sausag(0.00720)	oliv(0.00700)	thin(0.00699)	wine(0.00698)	tast(0.00658)	lunch(0.00629)	friend(0.00622)	meatbal(0.00561)	delici(0.00531)	valley(0.00491)	small(0.00489)	special(0.00484)	favorit(0.00475)	locat(0.00461)	mushroom(0.00460)	vega(0.00459)	
Topic 2(0.08351):	rice(0.03430)	soup(0.02661)	spici(0.02321)	ramen(0.02181)	thai(0.01872)	flavor(0.01814)	bowl(0.01739)	chicken(0.01679)	curri(0.01549)	dish(0.01161)	restaur(0.01150)	tast(0.01140)	broth(0.01106)	time(0.01093)	small(0.00978)	sauc(0.00885)	definit(0.00838)	lunch(0.00741)	spice(0.00705)	fri-rice(0.00650)	tofu(0.00624)	pretti(0.00601)	sweet(0.00598)	favorit(0.00588)	boba(0.00585)	hawaiian(0.00559)	best(0.00555)	extra(0.00555)	beef(0.00553)	delici(0.00524)	
Topic 3(0.08734):	taco(0.02245)	locat(0.01871)	chip(0.01377)	fast(0.01351)	mexican(0.00996)	price(0.00953)	strip(0.00919)	shake(0.00906)	pretti(0.00853)	store(0.00747)	time(0.00741)	tast(0.00733)	friend(0.00710)	delici(0.00704)	side(0.00691)	healthi(0.00691)	definit(0.00682)	super(0.00679)	sauc(0.00670)	restaur(0.00654)	burrito(0.00598)	lunch(0.00585)	best(0.00580)	tortilla(0.00577)	nacho(0.00577)	option(0.00554)	clean(0.00545)	find(0.00541)	bean(0.00540)	size(0.00478)	
Topic 4(0.14031):	drink(0.04700)	wait(0.03539)	time(0.03494)	friend(0.03061)	tabl(0.02328)	happi(0.02248)	seat(0.01943)	peopl(0.01734)	beer(0.01679)	night(0.01549)	NUM-minut(0.01407)	busi(0.01393)	happi-hour(0.01297)	pretti(0.01217)	staff(0.01029)	custom(0.00767)	work(0.00766)	super(0.00738)	waitress(0.00734)	open(0.00724)	told(0.00722)	call(0.00650)	experi(0.00637)	spot(0.00613)	manag(0.00610)	breakfast(0.00603)	final(0.00589)	price(0.00587)	cool(0.00581)	definit(0.00545)	
Topic 5(0.09147):	chicken(0.03671)	flavor(0.02191)	sauc(0.02170)	perfect(0.02029)	side(0.01927)	bread(0.01912)	steak(0.01888)	delici(0.01620)	cook(0.01553)	serv(0.01463)	tast(0.01341)	season(0.01191)	onion(0.01181)	plate(0.01110)	beef(0.01004)	crispi(0.00992)	tender(0.00989)	juici(0.00864)	bite(0.00834)	sweet(0.00772)	time(0.00765)	dish(0.00743)	truffl(0.00684)	medium(0.00667)	definit(0.00657)	share(0.00643)	friend(0.00625)	roast(0.00605)	amaz(0.00602)	dress(0.00559)	
Topic 6(0.10291):	price(0.03311)	star(0.02892)	time(0.02711)	buffet(0.02641)	pretti(0.02182)	select(0.01540)	crab(0.01305)	deal(0.01297)	shrimp(0.01234)	dinner(0.01204)	offer(0.01055)	review(0.00943)	averag(0.00902)	reason(0.00890)	card(0.00866)	vega(0.00813)	year(0.00783)	expect(0.00739)	seafood(0.00736)	lunch(0.00733)	station(0.00725)	pretti-good(0.00715)	best(0.00703)	money(0.00682)	brunch(0.00645)	waiter(0.00611)	rememb(0.00611)	buck(0.00585)	prime(0.00554)	rate(0.00515)	
Topic 7(0.07433):	pork(0.03238)	time(0.01543)	side(0.01526)	beef(0.01445)	lunch(0.01433)	korean(0.01410)	restaur(0.01220)	best(0.01173)	belli(0.01109)	dish(0.01053)	pretti(0.01025)	vega(0.00948)	cook(0.00851)	pork-belli(0.00850)	favorit(0.00850)	definit(0.00815)	combo(0.00763)	yelp(0.00744)	chicken(0.00708)	pull(0.00677)	plate(0.00669)	tabl(0.00666)	chines(0.00655)	friend(0.00615)	price(0.00613)	bean(0.00606)	review(0.00570)	brisket(0.00536)	short(0.00536)	smell(0.00519)	
Topic 8(0.08806):	cream(0.03285)	chocol(0.02619)	cake(0.02300)	sweet(0.02061)	flavor(0.01724)	ice-cream(0.01702)	coffe(0.01620)	tast(0.01060)	french(0.00927)	toast(0.00913)	cooki(0.00886)	pancak(0.00877)	strawberri(0.00845)	breakfast(0.00754)	banana(0.00733)	crepe(0.00682)	pastri(0.00606)	delici(0.00597)	vanilla(0.00586)	appl(0.00585)	sugar(0.00581)	donut(0.00560)	best(0.00551)	offer(0.00499)	fill(0.00483)	custard(0.00471)	small(0.00469)	select(0.00463)	gelato(0.00444)	favorit(0.00420)	
Topic 9(0.17317):	room(0.02601)	vega(0.02099)	park(0.01464)	casino(0.01457)	stay(0.01357)	hotel(0.01309)	strip(0.01251)	walk(0.01040)	shop(0.01018)	time(0.01017)	area(0.00999)	play(0.00886)	music(0.00871)	peopl(0.00866)	club(0.00827)	las-vega(0.00765)	night(0.00754)	view(0.00729)	cool(0.00698)	pool(0.00666)	locat(0.00619)	year(0.00599)	crowd(0.00551)	store(0.00531)	seat(0.00500)	watch(0.00493)	feel(0.00492)	restaur(0.00477)	pretti(0.00447)	danc(0.00447)	
244 users are loaded from /zf18/ll5fy/lab/dataset/yelp/byUser_70k_review/5foldsCVColdstart/1/...
260 users are loaded from /zf18/ll5fy/lab/dataset/yelp/byUser_70k_review/5foldsCVColdstart/0/...
266 users are loaded from /zf18/ll5fy/lab/dataset/yelp/byUser_70k_review/5foldsCVColdstart/2/...
264 users are loaded from /zf18/ll5fy/lab/dataset/yelp/byUser_70k_review/5foldsCVColdstart/3/...
256 users are loaded from /zf18/ll5fy/lab/dataset/yelp/byUser_70k_review/5foldsCVColdstart/4/...
====================
[Info]Fold No. 1: 
[Info]Analzying corpus: 
...........-- Global corpus: vocabulary size: 6134, review size: 15843, item size: 861, user size: 861
train size = 13268, test size = 2575....
[Info]Analying bipartie graph: 
-- train graph: review size: 13268, item size: 732, user size: 782
[Info]EM Starting multithread LDA_Focus[k:10, alpha:1.01, beta:1.00, Variational]...
==============
[Info]Likelihood -4108295.84515 at step 0 converge to 1.0000000000...
==============
[Info]Likelihood -4107535.80190 at step 1 converge to 0.0001850021...
==============
[Info]Likelihood -4106722.01089 at step 2 converge to 0.0001981215...
==============
[Info]Likelihood -4105614.15602 at step 3 converge to 0.0002697662...
==============
[Info]Likelihood -4103246.91561 at step 4 converge to 0.0005765862...
==============
[Info]Likelihood -4094712.77246 at step 5 converge to 0.0020798512...
==============
[Info]Likelihood -4059650.06148 at step 6 converge to 0.0085629232...
==============
[Info]Likelihood -3997529.13374 at step 7 converge to 0.0153020400...
==============
[Info]Likelihood -3945311.83283 at step 8 converge to 0.0130623941...
==============
[Info]Likelihood -3909262.72320 at step 9 converge to 0.0091372016...
==============
[Info]Likelihood -3884558.04215 at step 10 converge to 0.0063195244...
==============
[Info]Likelihood -3866607.89682 at step 11 converge to 0.0046208977...
==============
[Info]Likelihood -3852784.76118 at step 12 converge to 0.0035750032...
==============
[Info]Likelihood -3841746.19013 at step 13 converge to 0.0028650889...
==============
[Info]Likelihood -3832738.90003 at step 14 converge to 0.0023445823...
==============
[Info]Likelihood -3825281.02809 at step 15 converge to 0.0019458336...
==============
[Info]Likelihood -3819055.44653 at step 16 converge to 0.0016274834...
==============
[Info]Likelihood -3813840.76683 at step 17 converge to 0.0013654370...
==============
[Info]Likelihood -3809403.08552 at step 18 converge to 0.0011635728...
==============
[Info]Likelihood -3805606.45613 at step 19 converge to 0.0009966468...
==============
[Info]Likelihood -3802311.29987 at step 20 converge to 0.0008658689...
==============
[Info]Likelihood -3799416.55972 at step 21 converge to 0.0007613107...
==============
[Info]Likelihood -3796883.29292 at step 22 converge to 0.0006667515...
==============
[Info]Likelihood -3794646.33500 at step 23 converge to 0.0005891564...
==============
[Info]Likelihood -3792658.81096 at step 24 converge to 0.0005237706...
==============
[Info]Likelihood -3790863.62841 at step 25 converge to 0.0004733309...
==============
[Info]Likelihood -3789227.32033 at step 26 converge to 0.0004316452...
==============
[Info]Likelihood -3787739.03636 at step 27 converge to 0.0003927671...
==============
[Info]Likelihood -3786393.43745 at step 28 converge to 0.0003552512...
==============
[Info]Likelihood -3785163.01721 at step 29 converge to 0.0003249584...
[Info]Likelihood -3785163.017 after step 30 converge to 0.000325 after 49 seconds...
[Info]Analying bipartie graph: 
-- test graph: review size: 2575, item size: 179, user size: 244
[Info]Start evaluation in thread
[Stat]Test evaluation finished: 2575 docs
[Stat]0 part has 746.000000 docs: perplexity is 1093.647 and log-likelihood is -336.423
[Stat]1 part has 193.000000 docs: perplexity is 1173.999 and log-likelihood is -329.933
[Stat]2 part has 1220.000000 docs: perplexity is 1157.021 and log-likelihood is -325.258
[Stat]3 part has 416.000000 docs: perplexity is 1135.574 and log-likelihood is -320.138
[Stat]4 part has 2575.000000 docs: perplexity is 1135.603 and log-likelihood is -328.016
[Info]multithread LDA_Focus[k:10, alpha:1.01, beta:1.00, Variational] Train/Test finished in 49.71 seconds...
TopWord FilePath:/zf18/ll5fy/lab/dataset/yelp/byUser_70k_review/output/5foldsCVColdstart/1/LDA_User_topWords_10.txt
Topic 0(0.09448):	steak(0.02310)	bread(0.01924)	dish(0.01463)	restaur(0.01451)	breakfast(0.01432)	perfect(0.01359)	serv(0.01213)	cours(0.01097)	dine(0.01008)	cook(0.00936)	side(0.00929)	tast(0.00921)	french(0.00864)	plate(0.00843)	flavor(0.00817)	sauc(0.00738)	pancak(0.00714)	excel(0.00712)	dinner(0.00706)	truffl(0.00666)	tabl(0.00645)	mushroom(0.00610)	experi(0.00606)	brunch(0.00596)	toast(0.00568)	delici(0.00543)	chef(0.00537)	start(0.00516)	best(0.00513)	season(0.00499)	
Topic 1(0.13885):	time(0.04633)	wait(0.03776)	tabl(0.02543)	star(0.02269)	peopl(0.01698)	NUM-minut(0.01371)	review(0.01341)	busi(0.01269)	experi(0.01177)	seat(0.01164)	friend(0.01136)	pretti(0.01055)	told(0.00930)	custom(0.00903)	call(0.00846)	expect(0.00799)	work(0.00784)	restaur(0.00777)	manag(0.00752)	final(0.00712)	staff(0.00673)	arriv(0.00666)	fast(0.00663)	walk(0.00616)	waitress(0.00606)	thought(0.00595)	waiter(0.00542)	start(0.00539)	brought(0.00535)	water(0.00529)	
Topic 2(0.12064):	room(0.03982)	vega(0.03314)	strip(0.02560)	casino(0.02241)	stay(0.02137)	hotel(0.02069)	club(0.01278)	night(0.01177)	las-vega(0.01161)	locat(0.01045)	pool(0.01030)	area(0.01024)	view(0.01022)	play(0.01020)	walk(0.00997)	time(0.00960)	restaur(0.00772)	crowd(0.00674)	peopl(0.00666)	danc(0.00618)	pretti(0.00607)	open(0.00576)	music(0.00558)	machin(0.00551)	clean(0.00540)	feel(0.00537)	year(0.00486)	small(0.00450)	suit(0.00432)	street(0.00422)	
Topic 3(0.11671):	drink(0.06122)	friend(0.03052)	happi(0.03015)	night(0.02638)	beer(0.02427)	price(0.02284)	happi-hour(0.01695)	amaz(0.01670)	pretti(0.01451)	wine(0.01401)	recommend(0.01071)	dinner(0.01063)	time(0.01037)	cool(0.01002)	definit(0.00897)	select(0.00894)	best(0.00884)	spot(0.00834)	special(0.00824)	glass(0.00808)	bartend(0.00717)	staff(0.00674)	patio(0.00655)	seat(0.00651)	delici(0.00642)	bottl(0.00619)	birthday(0.00613)	town(0.00604)	favorit(0.00593)	area(0.00577)	
Topic 4(0.07550):	roll(0.03427)	sushi(0.02940)	shrimp(0.02866)	fish(0.02388)	crab(0.02233)	sauc(0.01364)	seafood(0.01360)	salmon(0.01312)	tuna(0.01252)	dish(0.01145)	dinner(0.01117)	chef(0.01017)	spici(0.00972)	tast(0.00969)	lobster(0.00949)	oyster(0.00907)	special(0.00893)	favorit(0.00891)	delici(0.00862)	time(0.00862)	restaur(0.00838)	flavor(0.00820)	definit(0.00816)	appet(0.00758)	rice(0.00716)	piec(0.00666)	price(0.00652)	best(0.00598)	sashimi(0.00574)	serv(0.00574)	
Topic 5(0.08353):	pizza(0.03635)	sauc(0.01773)	taco(0.01663)	chip(0.01332)	delici(0.00936)	tast(0.00900)	onion(0.00876)	pasta(0.00868)	italian(0.00834)	mexican(0.00815)	side(0.00780)	time(0.00729)	option(0.00727)	flavor(0.00709)	bean(0.00702)	crust(0.00695)	ingredi(0.00671)	definit(0.00657)	lunch(0.00648)	friend(0.00647)	serv(0.00598)	garlic(0.00586)	style(0.00585)	healthi(0.00558)	slice(0.00537)	bread(0.00531)	sausag(0.00525)	nacho(0.00514)	best(0.00507)	locat(0.00497)	
Topic 6(0.08438):	cream(0.03547)	chocol(0.02902)	sweet(0.02675)	cake(0.02642)	flavor(0.02068)	ice-cream(0.01941)	coffe(0.01779)	tast(0.01473)	cooki(0.00970)	strawberri(0.00950)	delici(0.00916)	time(0.00915)	crepe(0.00739)	pastri(0.00716)	friend(0.00668)	sugar(0.00650)	vanilla(0.00604)	cute(0.00597)	best(0.00594)	boba(0.00590)	banana(0.00587)	small(0.00582)	favorit(0.00573)	perfect(0.00565)	frozen(0.00559)	definit(0.00549)	honey(0.00539)	custard(0.00529)	velvet(0.00524)	treat(0.00509)	
Topic 7(0.07830):	pork(0.03232)	ramen(0.02024)	beef(0.02019)	bowl(0.01827)	soup(0.01458)	side(0.01438)	flavor(0.01414)	cook(0.01208)	tast(0.01192)	broth(0.01172)	spici(0.01116)	definit(0.01067)	time(0.00967)	korean(0.00929)	belli(0.00893)	pretti(0.00881)	friend(0.00793)	sauc(0.00766)	pork-belli(0.00713)	sweet(0.00681)	best(0.00674)	donut(0.00672)	vega(0.00644)	delici(0.00641)	veggi(0.00552)	small(0.00552)	price(0.00523)	steam(0.00520)	sweet-potato(0.00506)	combo(0.00502)	
Topic 8(0.08829):	chicken(0.06710)	lunch(0.02866)	rice(0.02817)	dish(0.02414)	thai(0.02068)	restaur(0.02043)	curri(0.01412)	sauc(0.01403)	soup(0.01310)	wing(0.01034)	flavor(0.00974)	plate(0.00937)	time(0.00929)	spici(0.00883)	asian(0.00850)	chines(0.00817)	best(0.00817)	special(0.00772)	beef(0.00700)	crispi(0.00697)	delici(0.00664)	fri-rice(0.00662)	spice(0.00612)	definit(0.00598)	tast(0.00586)	hawaiian(0.00577)	friend(0.00573)	pretti(0.00562)	style(0.00542)	small(0.00538)	
Topic 9(0.11933):	buffet(0.02658)	shop(0.01991)	park(0.01905)	store(0.01571)	find(0.01357)	vega(0.01269)	seat(0.01185)	time(0.01146)	year(0.01023)	peopl(0.00903)	watch(0.00876)	walk(0.00827)	area(0.00822)	locat(0.00781)	station(0.00750)	town(0.00727)	price(0.00674)	theater(0.00669)	local(0.00605)	select(0.00601)	best(0.00545)	rock(0.00538)	cool(0.00525)	las-vega(0.00519)	favorit(0.00514)	ticket(0.00510)	insid(0.00497)	pretti(0.00457)	cirqu(0.00433)	perform(0.00430)	
266 users are loaded from /zf18/ll5fy/lab/dataset/yelp/byUser_70k_review/5foldsCVColdstart/2/...
260 users are loaded from /zf18/ll5fy/lab/dataset/yelp/byUser_70k_review/5foldsCVColdstart/0/...
244 users are loaded from /zf18/ll5fy/lab/dataset/yelp/byUser_70k_review/5foldsCVColdstart/1/...
264 users are loaded from /zf18/ll5fy/lab/dataset/yelp/byUser_70k_review/5foldsCVColdstart/3/...
256 users are loaded from /zf18/ll5fy/lab/dataset/yelp/byUser_70k_review/5foldsCVColdstart/4/...
====================
[Info]Fold No. 2: 
[Info]Analzying corpus: 
...........-- Global corpus: vocabulary size: 6134, review size: 15843, item size: 861, user size: 861
train size = 12778, test size = 3065....
[Info]Analying bipartie graph: 
-- train graph: review size: 12778, item size: 702, user size: 773
[Info]EM Starting multithread LDA_Focus[k:10, alpha:1.01, beta:1.00, Variational]...
==============
[Info]Likelihood -3883861.62218 at step 0 converge to 1.0000000000...
==============
[Info]Likelihood -3883131.30337 at step 1 converge to 0.0001880394...
==============
[Info]Likelihood -3882343.78993 at step 2 converge to 0.0002028037...
==============
[Info]Likelihood -3881239.26560 at step 3 converge to 0.0002844994...
==============
[Info]Likelihood -3878276.00881 at step 4 converge to 0.0007634821...
==============
[Info]Likelihood -3865212.06468 at step 5 converge to 0.0033684926...
==============
[Info]Likelihood -3822757.81350 at step 6 converge to 0.0109836797...
==============
[Info]Likelihood -3761505.85057 at step 7 converge to 0.0160229776...
==============
[Info]Likelihood -3714710.92023 at step 8 converge to 0.0124404779...
==============
[Info]Likelihood -3682350.69134 at step 9 converge to 0.0087113721...
==============
[Info]Likelihood -3659975.58559 at step 10 converge to 0.0060763104...
==============
[Info]Likelihood -3644061.69947 at step 11 converge to 0.0043480853...
==============
[Info]Likelihood -3632289.64724 at step 12 converge to 0.0032304755...
==============
[Info]Likelihood -3623229.16413 at step 13 converge to 0.0024944275...
==============
[Info]Likelihood -3616023.55204 at step 14 converge to 0.0019887266...
==============
[Info]Likelihood -3610142.08164 at step 15 converge to 0.0016265022...
==============
[Info]Likelihood -3605247.84414 at step 16 converge to 0.0013556911...
==============
[Info]Likelihood -3601110.57282 at step 17 converge to 0.0011475692...
==============
[Info]Likelihood -3597553.23735 at step 18 converge to 0.0009878440...
==============
[Info]Likelihood -3594451.67885 at step 19 converge to 0.0008621300...
==============
[Info]Likelihood -3591755.38599 at step 20 converge to 0.0007501263...
==============
[Info]Likelihood -3589387.99054 at step 21 converge to 0.0006591193...
==============
[Info]Likelihood -3587279.28722 at step 22 converge to 0.0005874827...
==============
[Info]Likelihood -3585393.63355 at step 23 converge to 0.0005256501...
==============
[Info]Likelihood -3583698.38050 at step 24 converge to 0.0004728220...
==============
[Info]Likelihood -3582162.85513 at step 25 converge to 0.0004284751...
==============
[Info]Likelihood -3580765.39640 at step 26 converge to 0.0003901159...
==============
[Info]Likelihood -3579486.93783 at step 27 converge to 0.0003570350...
==============
[Info]Likelihood -3578308.75808 at step 28 converge to 0.0003291477...
==============
[Info]Likelihood -3577212.25521 at step 29 converge to 0.0003064305...
[Info]Likelihood -3577212.255 after step 30 converge to 0.000306 after 45 seconds...
[Info]Analying bipartie graph: 
-- test graph: review size: 3065, item size: 207, user size: 266
[Info]Start evaluation in thread
[Stat]Test evaluation finished: 3065 docs
[Stat]0 part has 769.000000 docs: perplexity is 1146.057 and log-likelihood is -330.632
[Stat]1 part has 178.000000 docs: perplexity is 1114.461 and log-likelihood is -346.943
[Stat]2 part has 1718.000000 docs: perplexity is 1190.851 and log-likelihood is -346.610
[Stat]3 part has 400.000000 docs: perplexity is 1159.148 and log-likelihood is -369.546
[Stat]4 part has 3065.000000 docs: perplexity is 1170.902 and log-likelihood is -345.614
[Info]multithread LDA_Focus[k:10, alpha:1.01, beta:1.00, Variational] Train/Test finished in 46.82 seconds...
TopWord FilePath:/zf18/ll5fy/lab/dataset/yelp/byUser_70k_review/output/5foldsCVColdstart/2/LDA_User_topWords_10.txt
Topic 0(0.08857):	pizza(0.02890)	roll(0.02692)	sushi(0.02633)	dish(0.01827)	restaur(0.01622)	sauc(0.01533)	fish(0.01277)	chef(0.01214)	tast(0.01098)	salmon(0.01053)	dinner(0.00987)	tuna(0.00917)	serv(0.00905)	dine(0.00897)	special(0.00888)	garlic(0.00750)	slice(0.00722)	pasta(0.00690)	cours(0.00689)	appet(0.00675)	small(0.00654)	bread(0.00618)	italian(0.00604)	crust(0.00594)	mushroom(0.00594)	flavor(0.00588)	favorit(0.00585)	piec(0.00567)	delici(0.00541)	excel(0.00500)	
Topic 1(0.12753):	time(0.03257)	work(0.01551)	find(0.01403)	store(0.01345)	shop(0.01303)	peopl(0.01291)	custom(0.01272)	wait(0.01085)	review(0.00970)	staff(0.00968)	walk(0.00963)	year(0.00947)	busi(0.00881)	locat(0.00881)	friend(0.00792)	star(0.00782)	manag(0.00754)	told(0.00754)	call(0.00738)	price(0.00703)	bring(0.00668)	card(0.00663)	month(0.00644)	open(0.00598)	drive(0.00592)	deal(0.00583)	NUM-minut(0.00568)	pick(0.00557)	counter(0.00546)	offer(0.00529)	
Topic 2(0.10449):	vega(0.03702)	amaz(0.02981)	best(0.02507)	time(0.01949)	seat(0.01770)	recommend(0.01738)	star(0.01619)	experi(0.01590)	las-vega(0.01401)	watch(0.01333)	definit(0.01263)	review(0.01156)	wine(0.01141)	favorit(0.00979)	feel(0.00942)	expect(0.00885)	impress(0.00880)	beauti(0.00826)	view(0.00724)	ticket(0.00703)	theater(0.00674)	friend(0.00660)	year(0.00640)	fantast(0.00616)	peopl(0.00615)	brunch(0.00588)	restaur(0.00577)	music(0.00523)	price(0.00517)	cirqu(0.00496)	
Topic 3(0.09129):	beer(0.02311)	pretti(0.01499)	sauc(0.01447)	fast(0.01243)	friend(0.01187)	size(0.01115)	tast(0.01032)	locat(0.00991)	chicken(0.00983)	onion(0.00947)	definit(0.00939)	side(0.00863)	time(0.00858)	price(0.00840)	joint(0.00810)	shake(0.00785)	super(0.00689)	wing(0.00677)	downtown(0.00676)	perfect(0.00646)	star(0.00631)	truffl(0.00577)	feel(0.00560)	bite(0.00540)	insid(0.00517)	solid(0.00515)	sweet(0.00503)	strip(0.00499)	flavor(0.00479)	spot(0.00466)	
Topic 4(0.08032):	steak(0.03063)	taco(0.02180)	crab(0.01859)	shrimp(0.01788)	cook(0.01402)	delici(0.01328)	restaur(0.01296)	side(0.01263)	perfect(0.01261)	lobster(0.01178)	chip(0.01143)	flavor(0.01075)	tast(0.01067)	sauc(0.00979)	seafood(0.00878)	mexican(0.00817)	medium(0.00796)	serv(0.00753)	rare(0.00730)	oyster(0.00724)	season(0.00723)	bean(0.00656)	fish(0.00638)	start(0.00605)	corn(0.00601)	burrito(0.00592)	waiter(0.00587)	dinner(0.00583)	plate(0.00561)	tabl(0.00560)	
Topic 5(0.09960):	rice(0.02907)	pork(0.02445)	chicken(0.01903)	dish(0.01888)	spici(0.01802)	ramen(0.01724)	thai(0.01653)	restaur(0.01552)	flavor(0.01531)	soup(0.01520)	beef(0.01412)	bowl(0.01275)	curri(0.01265)	sauc(0.01118)	time(0.01006)	tast(0.00953)	broth(0.00875)	korean(0.00811)	definit(0.00800)	belli(0.00772)	friend(0.00717)	cook(0.00707)	delici(0.00640)	favorit(0.00637)	small(0.00619)	chines(0.00611)	pork-belli(0.00588)	side(0.00542)	boba(0.00538)	pretti(0.00534)	
Topic 6(0.11316):	room(0.04340)	vega(0.02495)	casino(0.02422)	strip(0.02285)	stay(0.02279)	hotel(0.02221)	park(0.01996)	locat(0.01415)	walk(0.01325)	area(0.01235)	pool(0.01084)	restaur(0.00929)	las-vega(0.00900)	clean(0.00697)	play(0.00677)	view(0.00665)	machin(0.00656)	shop(0.00626)	time(0.00578)	easi(0.00540)	street(0.00526)	pretti(0.00516)	suit(0.00483)	rock(0.00451)	properti(0.00450)	elev(0.00421)	insid(0.00409)	tower(0.00403)	year(0.00400)	peopl(0.00397)	
Topic 7(0.11644):	drink(0.05759)	night(0.03682)	tabl(0.03130)	wait(0.02680)	friend(0.02528)	happi(0.02485)	time(0.02450)	pretti(0.02236)	peopl(0.01987)	seat(0.01688)	happi-hour(0.01317)	club(0.01222)	parti(0.01140)	price(0.01071)	NUM-minut(0.01060)	music(0.01005)	cool(0.00961)	crowd(0.00943)	busi(0.00885)	waitress(0.00800)	open(0.00753)	area(0.00741)	pack(0.00675)	bartend(0.00670)	danc(0.00650)	saturday(0.00633)	play(0.00612)	bottl(0.00602)	reserv(0.00582)	friday(0.00575)	
Topic 8(0.09212):	chicken(0.03789)	lunch(0.03530)	buffet(0.03352)	time(0.01646)	side(0.01475)	option(0.01350)	price(0.01327)	select(0.01302)	bread(0.01250)	dinner(0.01153)	plate(0.01150)	pretti(0.01088)	choic(0.01076)	station(0.00932)	soup(0.00872)	offer(0.00863)	delici(0.00854)	beef(0.00745)	serv(0.00744)	veggi(0.00723)	healthi(0.00642)	varieti(0.00621)	prime(0.00615)	dish(0.00615)	best(0.00602)	restaur(0.00579)	corn(0.00564)	friend(0.00559)	includ(0.00546)	dine(0.00513)	
Topic 9(0.08648):	cream(0.03287)	chocol(0.02425)	cake(0.02402)	sweet(0.02312)	flavor(0.02282)	ice-cream(0.01769)	breakfast(0.01679)	coffe(0.01354)	tast(0.01330)	toast(0.01079)	delici(0.00954)	french(0.00942)	waffl(0.00911)	cooki(0.00905)	pancak(0.00883)	strawberri(0.00783)	banana(0.00740)	perfect(0.00716)	crepe(0.00663)	sugar(0.00627)	friend(0.00624)	bread(0.00609)	pastri(0.00605)	favorit(0.00605)	best(0.00591)	vanilla(0.00543)	gelato(0.00531)	serv(0.00504)	cupcak(0.00460)	honey(0.00457)	
264 users are loaded from /zf18/ll5fy/lab/dataset/yelp/byUser_70k_review/5foldsCVColdstart/3/...
260 users are loaded from /zf18/ll5fy/lab/dataset/yelp/byUser_70k_review/5foldsCVColdstart/0/...
244 users are loaded from /zf18/ll5fy/lab/dataset/yelp/byUser_70k_review/5foldsCVColdstart/1/...
266 users are loaded from /zf18/ll5fy/lab/dataset/yelp/byUser_70k_review/5foldsCVColdstart/2/...
256 users are loaded from /zf18/ll5fy/lab/dataset/yelp/byUser_70k_review/5foldsCVColdstart/4/...
====================
[Info]Fold No. 3: 
[Info]Analzying corpus: 
...........-- Global corpus: vocabulary size: 6134, review size: 15843, item size: 861, user size: 861
train size = 12591, test size = 3252....
[Info]Analying bipartie graph: 
-- train graph: review size: 12591, item size: 717, user size: 770
[Info]EM Starting multithread LDA_Focus[k:10, alpha:1.01, beta:1.00, Variational]...
==============
[Info]Likelihood -3901083.42937 at step 0 converge to 1.0000000000...
==============
[Info]Likelihood -3900358.04538 at step 1 converge to 0.0001859442...
==============
[Info]Likelihood -3899565.94830 at step 2 converge to 0.0002030832...
==============
[Info]Likelihood -3898455.22040 at step 3 converge to 0.0002848337...
==============
[Info]Likelihood -3896016.43273 at step 4 converge to 0.0006255780...
==============
[Info]Likelihood -3886305.49188 at step 5 converge to 0.0024925308...
==============
[Info]Likelihood -3853491.71977 at step 6 converge to 0.0084434361...
==============
[Info]Likelihood -3804544.13384 at step 7 converge to 0.0127021386...
==============
[Info]Likelihood -3760462.32602 at step 8 converge to 0.0115866202...
==============
[Info]Likelihood -3724974.08882 at step 9 converge to 0.0094372006...
==============
[Info]Likelihood -3697563.28309 at step 10 converge to 0.0073586568...
==============
[Info]Likelihood -3677125.00476 at step 11 converge to 0.0055274993...
==============
[Info]Likelihood -3662012.84914 at step 12 converge to 0.0041097748...
==============
[Info]Likelihood -3650613.91197 at step 13 converge to 0.0031127518...
==============
[Info]Likelihood -3641922.71029 at step 14 converge to 0.0023807507...
==============
[Info]Likelihood -3635170.36800 at step 15 converge to 0.0018540597...
==============
[Info]Likelihood -3629645.12080 at step 16 converge to 0.0015199417...
==============
[Info]Likelihood -3625010.69390 at step 17 converge to 0.0012768265...
==============
[Info]Likelihood -3621162.49600 at step 18 converge to 0.0010615687...
==============
[Info]Likelihood -3617907.03299 at step 19 converge to 0.0008990105...
==============
[Info]Likelihood -3615053.61049 at step 20 converge to 0.0007886943...
==============
[Info]Likelihood -3612472.37509 at step 21 converge to 0.0007140241...
==============
[Info]Likelihood -3610142.60237 at step 22 converge to 0.0006449247...
==============
[Info]Likelihood -3608052.23075 at step 23 converge to 0.0005790274...
==============
[Info]Likelihood -3606158.49890 at step 24 converge to 0.0005248626...
==============
[Info]Likelihood -3604406.87074 at step 25 converge to 0.0004857324...
==============
[Info]Likelihood -3602767.20706 at step 26 converge to 0.0004549053...
==============
[Info]Likelihood -3601246.26637 at step 27 converge to 0.0004221590...
==============
[Info]Likelihood -3599838.90266 at step 28 converge to 0.0003907991...
==============
[Info]Likelihood -3598531.23628 at step 29 converge to 0.0003632569...
[Info]Likelihood -3598531.236 after step 30 converge to 0.000363 after 65 seconds...
[Info]Analying bipartie graph: 
-- test graph: review size: 3252, item size: 206, user size: 264
[Info]Start evaluation in thread
[Stat]Test evaluation finished: 3252 docs
[Stat]0 part has 912.000000 docs: perplexity is 1224.318 and log-likelihood is -326.521
[Stat]1 part has 285.000000 docs: perplexity is 1165.685 and log-likelihood is -312.694
[Stat]2 part has 1562.000000 docs: perplexity is 1164.417 and log-likelihood is -319.995
[Stat]3 part has 493.000000 docs: perplexity is 1060.687 and log-likelihood is -316.538
[Stat]4 part has 3252.000000 docs: perplexity is 1164.611 and log-likelihood is -320.661
[Info]multithread LDA_Focus[k:10, alpha:1.01, beta:1.00, Variational] Train/Test finished in 66.90 seconds...
TopWord FilePath:/zf18/ll5fy/lab/dataset/yelp/byUser_70k_review/output/5foldsCVColdstart/3/LDA_User_topWords_10.txt
Topic 0(0.07554):	roll(0.02962)	sushi(0.02812)	dish(0.02121)	fish(0.02042)	chef(0.01735)	restaur(0.01358)	cours(0.01284)	tast(0.01278)	shrimp(0.01241)	salmon(0.01197)	tuna(0.01049)	lobster(0.01017)	dinner(0.00990)	favorit(0.00885)	sauc(0.00851)	serv(0.00809)	best(0.00781)	special(0.00775)	oyster(0.00767)	flavor(0.00737)	plate(0.00660)	experi(0.00650)	crab(0.00648)	scallop(0.00605)	delici(0.00569)	appet(0.00558)	amaz(0.00539)	sweet(0.00495)	definit(0.00471)	spici(0.00466)	
Topic 1(0.11744):	drink(0.04177)	vega(0.01867)	locat(0.01772)	cool(0.01730)	friend(0.01632)	area(0.01520)	park(0.01422)	spot(0.01404)	las-vega(0.01194)	town(0.01071)	music(0.00989)	local(0.00972)	peopl(0.00892)	insid(0.00833)	play(0.00809)	open(0.00798)	downtown(0.00780)	watch(0.00767)	super(0.00763)	feel(0.00744)	time(0.00702)	staff(0.00698)	find(0.00694)	street(0.00669)	seat(0.00645)	crowd(0.00625)	favorit(0.00602)	night(0.00600)	small(0.00583)	drive(0.00575)	
Topic 2(0.08627):	soup(0.02854)	pork(0.02121)	ramen(0.02052)	bowl(0.01853)	rice(0.01445)	time(0.01435)	side(0.01220)	definit(0.01169)	pretti(0.01117)	broth(0.01111)	flavor(0.01044)	cook(0.01042)	korean(0.01033)	beef(0.01008)	tast(0.00998)	friend(0.00951)	price(0.00868)	spici(0.00852)	belli(0.00781)	lunch(0.00779)	restaur(0.00761)	small(0.00742)	extra(0.00730)	favorit(0.00710)	best(0.00664)	combo(0.00622)	pork-belli(0.00609)	delici(0.00600)	hawaiian(0.00594)	super(0.00577)	
Topic 3(0.13591):	time(0.05191)	wait(0.03863)	tabl(0.02716)	happi(0.02117)	friend(0.02033)	peopl(0.01836)	pretti(0.01761)	NUM-minut(0.01460)	star(0.01451)	seat(0.01447)	busi(0.01423)	drink(0.01317)	happi-hour(0.01174)	night(0.01143)	custom(0.01015)	told(0.00965)	experi(0.00927)	call(0.00893)	price(0.00840)	waitress(0.00832)	review(0.00809)	manag(0.00788)	parti(0.00784)	work(0.00769)	staff(0.00724)	arriv(0.00648)	final(0.00643)	coupl(0.00607)	restaur(0.00595)	slow(0.00554)	
Topic 4(0.09787):	cream(0.02992)	chocol(0.02400)	cake(0.02165)	sweet(0.01871)	flavor(0.01824)	coffe(0.01659)	ice-cream(0.01626)	breakfast(0.01472)	tast(0.01208)	toast(0.00826)	waffl(0.00820)	cooki(0.00813)	strawberri(0.00811)	delici(0.00783)	brunch(0.00722)	pastri(0.00657)	banana(0.00651)	crepe(0.00648)	french(0.00636)	vanilla(0.00554)	best(0.00550)	appl(0.00548)	sugar(0.00547)	donut(0.00533)	time(0.00532)	pancak(0.00514)	perfect(0.00495)	boba(0.00492)	friend(0.00483)	fill(0.00464)	
Topic 5(0.10479):	chicken(0.05747)	sauc(0.02770)	dish(0.01735)	rice(0.01638)	flavor(0.01619)	thai(0.01614)	lunch(0.01606)	taco(0.01556)	beef(0.01246)	curri(0.01245)	restaur(0.01234)	sweet(0.01194)	spici(0.01171)	side(0.00958)	tast(0.00952)	delici(0.00934)	wing(0.00849)	crispi(0.00824)	bean(0.00767)	shrimp(0.00730)	chip(0.00704)	corn(0.00681)	pork(0.00676)	spice(0.00661)	mexican(0.00633)	definit(0.00615)	serv(0.00612)	veggi(0.00584)	plate(0.00540)	tender(0.00531)	
Topic 6(0.09952):	steak(0.02671)	bread(0.02368)	restaur(0.01902)	perfect(0.01639)	side(0.01499)	wine(0.01440)	dine(0.01334)	dinner(0.01291)	cook(0.01245)	delici(0.01231)	serv(0.01126)	tast(0.01043)	sauc(0.00909)	amaz(0.00891)	mushroom(0.00888)	plate(0.00872)	excel(0.00863)	flavor(0.00814)	tabl(0.00778)	pasta(0.00744)	dish(0.00684)	appet(0.00636)	truffl(0.00635)	medium(0.00621)	start(0.00618)	rare(0.00609)	onion(0.00601)	share(0.00600)	friend(0.00594)	glass(0.00591)	
Topic 7(0.07554):	pizza(0.04460)	beer(0.03271)	night(0.01561)	club(0.01439)	rock(0.01217)	best(0.01194)	slice(0.01047)	pretti(0.00960)	time(0.00923)	crust(0.00911)	sausag(0.00839)	italian(0.00836)	style(0.00763)	danc(0.00763)	small(0.00686)	white(0.00662)	special(0.00648)	sauc(0.00621)	vega(0.00608)	price(0.00593)	thin(0.00557)	friend(0.00547)	garlic(0.00533)	secret(0.00516)	meatbal(0.00494)	definit(0.00468)	locat(0.00457)	play(0.00455)	ranch(0.00449)	mozzarella(0.00446)	
Topic 8(0.09561):	buffet(0.03370)	price(0.02140)	time(0.01928)	select(0.01374)	vega(0.01360)	year(0.01233)	best(0.01162)	crab(0.01065)	station(0.01040)	pretti(0.00980)	expect(0.00970)	seat(0.00851)	definit(0.00788)	seafood(0.00780)	money(0.00738)	amaz(0.00724)	peopl(0.00723)	stuff(0.00678)	ticket(0.00660)	impress(0.00648)	find(0.00630)	offer(0.00602)	thought(0.00602)	expens(0.00558)	deal(0.00556)	star(0.00539)	prime(0.00535)	water(0.00528)	varieti(0.00499)	discount(0.00493)	
Topic 9(0.11152):	room(0.04309)	casino(0.02388)	strip(0.02378)	stay(0.02314)	vega(0.02254)	hotel(0.02085)	walk(0.01565)	store(0.01445)	shop(0.01394)	view(0.01299)	pool(0.00994)	park(0.00966)	locat(0.00956)	clean(0.00916)	area(0.00809)	restaur(0.00794)	time(0.00778)	las-vega(0.00650)	machin(0.00641)	night(0.00575)	peopl(0.00506)	easi(0.00503)	pretti(0.00497)	feel(0.00474)	beauti(0.00459)	book(0.00447)	find(0.00438)	year(0.00437)	suit(0.00437)	properti(0.00435)	
256 users are loaded from /zf18/ll5fy/lab/dataset/yelp/byUser_70k_review/5foldsCVColdstart/4/...
260 users are loaded from /zf18/ll5fy/lab/dataset/yelp/byUser_70k_review/5foldsCVColdstart/0/...
244 users are loaded from /zf18/ll5fy/lab/dataset/yelp/byUser_70k_review/5foldsCVColdstart/1/...
266 users are loaded from /zf18/ll5fy/lab/dataset/yelp/byUser_70k_review/5foldsCVColdstart/2/...
264 users are loaded from /zf18/ll5fy/lab/dataset/yelp/byUser_70k_review/5foldsCVColdstart/3/...
====================
[Info]Fold No. 4: 
[Info]Analzying corpus: 
...........-- Global corpus: vocabulary size: 6134, review size: 15843, item size: 861, user size: 861
train size = 12424, test size = 3419....
[Info]Analying bipartie graph: 
-- train graph: review size: 12424, item size: 726, user size: 778
[Info]EM Starting multithread LDA_Focus[k:10, alpha:1.01, beta:1.00, Variational]...
==============
[Info]Likelihood -3839166.89264 at step 0 converge to 1.0000000000...
==============
[Info]Likelihood -3838451.55042 at step 1 converge to 0.0001863275...
==============
[Info]Likelihood -3837674.75200 at step 2 converge to 0.0002023729...
==============
[Info]Likelihood -3836619.65831 at step 3 converge to 0.0002749305...
==============
[Info]Likelihood -3834368.29762 at step 4 converge to 0.0005868084...
==============
[Info]Likelihood -3825864.02038 at step 5 converge to 0.0022179083...
==============
[Info]Likelihood -3789664.60585 at step 6 converge to 0.0094617619...
==============
[Info]Likelihood -3727656.11118 at step 7 converge to 0.0163625284...
==============
[Info]Likelihood -3679962.65811 at step 8 converge to 0.0127944885...
==============
[Info]Likelihood -3648797.21112 at step 9 converge to 0.0084689574...
==============
[Info]Likelihood -3627462.04507 at step 10 converge to 0.0058471778...
==============
[Info]Likelihood -3611842.87420 at step 11 converge to 0.0043058123...
==============
[Info]Likelihood -3599792.50827 at step 12 converge to 0.0033363483...
==============
[Info]Likelihood -3590187.06387 at step 13 converge to 0.0026683328...
==============
[Info]Likelihood -3582378.60285 at step 14 converge to 0.0021749454...
==============
[Info]Likelihood -3575871.59298 at step 15 converge to 0.0018163937...
==============
[Info]Likelihood -3570302.58847 at step 16 converge to 0.0015573838...
==============
[Info]Likelihood -3565421.42608 at step 17 converge to 0.0013671565...
==============
[Info]Likelihood -3561084.60825 at step 18 converge to 0.0012163549...
==============
[Info]Likelihood -3557233.02152 at step 19 converge to 0.0010815769...
==============
[Info]Likelihood -3553841.88522 at step 20 converge to 0.0009533073...
==============
[Info]Likelihood -3550856.52922 at step 21 converge to 0.0008400362...
==============
[Info]Likelihood -3548270.02528 at step 22 converge to 0.0007284169...
==============
[Info]Likelihood -3546009.29671 at step 23 converge to 0.0006371354...
==============
[Info]Likelihood -3543981.70518 at step 24 converge to 0.0005717953...
==============
[Info]Likelihood -3542153.10225 at step 25 converge to 0.0005159741...
==============
[Info]Likelihood -3540521.85341 at step 26 converge to 0.0004605247...
==============
[Info]Likelihood -3539057.23915 at step 27 converge to 0.0004136719...
==============
[Info]Likelihood -3537684.00194 at step 28 converge to 0.0003880235...
==============
[Info]Likelihood -3536378.40092 at step 29 converge to 0.0003690553...
[Info]Likelihood -3536378.401 after step 30 converge to 0.000369 after 49 seconds...
[Info]Analying bipartie graph: 
-- test graph: review size: 3419, item size: 213, user size: 256
[Info]Start evaluation in thread
[Stat]Test evaluation finished: 3419 docs
[Stat]0 part has 701.000000 docs: perplexity is 1266.177 and log-likelihood is -313.846
[Stat]1 part has 339.000000 docs: perplexity is 1191.423 and log-likelihood is -326.670
[Stat]2 part has 1635.000000 docs: perplexity is 1208.431 and log-likelihood is -321.504
[Stat]3 part has 744.000000 docs: perplexity is 1121.590 and log-likelihood is -329.010
[Stat]4 part has 3419.000000 docs: perplexity is 1197.717 and log-likelihood is -322.080
[Info]multithread LDA_Focus[k:10, alpha:1.01, beta:1.00, Variational] Train/Test finished in 49.97 seconds...
TopWord FilePath:/zf18/ll5fy/lab/dataset/yelp/byUser_70k_review/output/5foldsCVColdstart/4/LDA_User_topWords_10.txt
Topic 0(0.08375):	taco(0.02262)	pork(0.02144)	tast(0.01329)	flavor(0.01317)	beef(0.01229)	onion(0.01225)	bean(0.01208)	sauc(0.01172)	chip(0.01171)	side(0.01121)	korean(0.01073)	ramen(0.00930)	mexican(0.00909)	fast(0.00848)	belli(0.00838)	pretti(0.00818)	shake(0.00796)	delici(0.00762)	spici(0.00729)	cook(0.00717)	pork-belli(0.00677)	price(0.00661)	friend(0.00652)	super(0.00640)	definit(0.00622)	restaur(0.00620)	time(0.00565)	burrito(0.00562)	nacho(0.00530)	tortilla(0.00491)	
Topic 1(0.08229):	cream(0.03705)	chocol(0.02939)	sweet(0.02683)	cake(0.02408)	flavor(0.02401)	ice-cream(0.01898)	coffe(0.01586)	tast(0.01248)	cooki(0.01020)	strawberri(0.00934)	crepe(0.00803)	delici(0.00692)	appl(0.00689)	sugar(0.00687)	pastri(0.00677)	banana(0.00627)	small(0.00584)	gelato(0.00580)	boba(0.00570)	vanilla(0.00563)	best(0.00558)	cupcak(0.00555)	favorit(0.00552)	fill(0.00530)	offer(0.00521)	perfect(0.00500)	time(0.00491)	donut(0.00484)	shop(0.00480)	coconut(0.00456)	
Topic 2(0.11797):	time(0.02192)	peopl(0.02044)	seat(0.01532)	music(0.01420)	cool(0.01363)	watch(0.01345)	year(0.01221)	vega(0.01214)	pretti(0.01188)	night(0.01144)	play(0.01003)	amaz(0.00996)	drink(0.00893)	crowd(0.00855)	definit(0.00722)	danc(0.00691)	feel(0.00674)	best(0.00650)	ticket(0.00604)	pictur(0.00593)	price(0.00580)	friend(0.00562)	event(0.00546)	experi(0.00543)	thought(0.00532)	local(0.00524)	theater(0.00517)	favorit(0.00484)	recommend(0.00483)	spot(0.00466)	
Topic 3(0.14483):	time(0.04159)	drink(0.03540)	wait(0.03510)	tabl(0.02706)	friend(0.02333)	star(0.01746)	happi(0.01616)	busi(0.01419)	NUM-minut(0.01403)	seat(0.01269)	peopl(0.01258)	review(0.01155)	staff(0.01116)	custom(0.00965)	happi-hour(0.00956)	price(0.00906)	told(0.00876)	work(0.00872)	experi(0.00808)	call(0.00769)	pretti(0.00760)	manag(0.00727)	open(0.00671)	waitress(0.00670)	final(0.00661)	night(0.00657)	walk(0.00618)	water(0.00595)	parti(0.00552)	restaur(0.00549)	
Topic 4(0.08912):	chicken(0.05419)	breakfast(0.02132)	side(0.02035)	sauc(0.01408)	lunch(0.01346)	pancak(0.01254)	delici(0.01122)	definit(0.01070)	serv(0.01054)	time(0.01031)	bread(0.00980)	friend(0.00899)	wing(0.00880)	waffl(0.00845)	plate(0.00845)	toast(0.00806)	pretti(0.00804)	brunch(0.00784)	short(0.00774)	best(0.00766)	flavor(0.00664)	perfect(0.00614)	sausag(0.00593)	tast(0.00569)	season(0.00569)	corn(0.00556)	french(0.00511)	cook(0.00489)	tender(0.00485)	pull(0.00473)	
Topic 5(0.08127):	buffet(0.03773)	roll(0.03303)	sushi(0.03116)	crab(0.02183)	shrimp(0.02120)	fish(0.02003)	dinner(0.01452)	seafood(0.01408)	price(0.01346)	salmon(0.01212)	tuna(0.01191)	pretti(0.01086)	time(0.01071)	station(0.01039)	special(0.00832)	best(0.00831)	favorit(0.00775)	select(0.00774)	prime(0.00733)	oyster(0.00694)	sauc(0.00689)	varieti(0.00676)	lunch(0.00657)	tast(0.00649)	definit(0.00585)	vega(0.00582)	piec(0.00581)	chef(0.00575)	offer(0.00559)	crab-leg(0.00557)	
Topic 6(0.08868):	rice(0.03201)	dish(0.02548)	soup(0.02537)	thai(0.02221)	chicken(0.01938)	restaur(0.01873)	lunch(0.01611)	spici(0.01570)	curri(0.01511)	bowl(0.01330)	flavor(0.01212)	time(0.01161)	beef(0.01135)	sauc(0.01038)	asian(0.00853)	definit(0.00850)	chines(0.00807)	pork(0.00791)	spice(0.00758)	veggi(0.00741)	tast(0.00721)	pretti(0.00707)	special(0.00703)	fri-rice(0.00680)	favorit(0.00663)	delici(0.00650)	best(0.00640)	small(0.00603)	veget(0.00578)	tofu(0.00563)	
Topic 7(0.08405):	pizza(0.03695)	beer(0.03102)	select(0.01647)	price(0.01177)	town(0.01060)	sauc(0.01047)	pasta(0.00979)	best(0.00953)	slice(0.00948)	wine(0.00837)	locat(0.00820)	garlic(0.00816)	italian(0.00812)	white(0.00758)	tast(0.00693)	crust(0.00678)	friend(0.00661)	time(0.00648)	favorit(0.00648)	pretti(0.00607)	special(0.00601)	bread(0.00579)	find(0.00568)	style(0.00558)	area(0.00555)	happi(0.00539)	vega(0.00536)	ingredi(0.00532)	option(0.00514)	restaur(0.00480)	
Topic 8(0.13275):	room(0.03696)	vega(0.02680)	strip(0.02078)	park(0.01999)	casino(0.01993)	hotel(0.01964)	stay(0.01948)	area(0.01511)	shop(0.01439)	locat(0.01324)	walk(0.01312)	club(0.01056)	las-vega(0.01021)	store(0.00998)	pool(0.00951)	view(0.00921)	restaur(0.00768)	night(0.00761)	clean(0.00698)	time(0.00614)	pretti(0.00558)	find(0.00533)	street(0.00485)	easi(0.00471)	open(0.00451)	machin(0.00447)	feel(0.00438)	insid(0.00424)	downtown(0.00418)	suit(0.00417)	
Topic 9(0.09528):	restaur(0.02237)	steak(0.02169)	dish(0.01916)	perfect(0.01318)	dinner(0.01310)	dine(0.01309)	bread(0.01237)	cours(0.01212)	tast(0.01138)	serv(0.00952)	wine(0.00949)	experi(0.00932)	cook(0.00904)	flavor(0.00858)	excel(0.00835)	plate(0.00832)	amaz(0.00807)	lobster(0.00803)	delici(0.00798)	tabl(0.00776)	chef(0.00737)	sauc(0.00726)	start(0.00699)	best(0.00698)	appet(0.00695)	mushroom(0.00689)	side(0.00658)	truffl(0.00566)	reserv(0.00543)	recommend(0.00488)	

Part 0 -----------------Valid folds: 5
[Stat]Loglikelihood -326.645+/-7.430
[Stat]Perplexity 1190.245+/-61.900
Part 1 -----------------Valid folds: 5
[Stat]Loglikelihood -329.367+/-10.918
[Stat]Perplexity 1176.745+/-39.990
Part 2 -----------------Valid folds: 5
[Stat]Loglikelihood -325.316+/-11.338
[Stat]Perplexity 1174.797+/-21.337
Part 3 -----------------Valid folds: 5
[Stat]Loglikelihood -328.124+/-22.052
[Stat]Perplexity 1122.307+/-33.107
Part 4 -----------------Valid folds: 5
[Stat]Loglikelihood -326.480+/-10.304
[Stat]Perplexity 1168.290+/-19.867
