Load 6134 2-gram new features from /zf18/ll5fy/lab/dataset/yelp/yelp_features.txt...
1409 users are loaded from /zf18/ll5fy/lab/dataset/yelp/byUser_70k_review/data/...
Info File Path: /zf18/ll5fy/lab/dataset/yelp/byUser_70k_review/output/5foldsCVColdstart/LDA_Variational_info.txt
[Info]Start FIXED cross validation...
260 users are loaded from /zf18/ll5fy/lab/dataset/yelp/byUser_70k_review/5foldsCVColdstart/0/...
244 users are loaded from /zf18/ll5fy/lab/dataset/yelp/byUser_70k_review/5foldsCVColdstart/1/...
266 users are loaded from /zf18/ll5fy/lab/dataset/yelp/byUser_70k_review/5foldsCVColdstart/2/...
264 users are loaded from /zf18/ll5fy/lab/dataset/yelp/byUser_70k_review/5foldsCVColdstart/3/...
256 users are loaded from /zf18/ll5fy/lab/dataset/yelp/byUser_70k_review/5foldsCVColdstart/4/...
====================
[Info]Fold No. 0: 
train size = 12311, test size = 3532....
[Info]EM Starting multithread LDA[k:20, alpha:1.01, beta:1.00, Variational]...
==============
[Info]Likelihood -3389800.25371 at step 0 converge to 1.0000000000...
==============
[Info]Likelihood -3388814.68003 at step 1 converge to 0.0002907468...
==============
[Info]Likelihood -3387818.02755 at step 2 converge to 0.0002941006...
==============
[Info]Likelihood -3386740.21476 at step 3 converge to 0.0003181436...
==============
[Info]Likelihood -3385499.68792 at step 4 converge to 0.0003662893...
==============
[Info]Likelihood -3383555.58247 at step 5 converge to 0.0005742448...
==============
[Info]Likelihood -3377433.74183 at step 6 converge to 0.0018092922...
==============
[Info]Likelihood -3360323.58887 at step 7 converge to 0.0050660218...
==============
[Info]Likelihood -3325102.73209 at step 8 converge to 0.0104813884...
==============
[Info]Likelihood -3268238.75853 at step 9 converge to 0.0171014186...
==============
[Info]Likelihood -3214710.76851 at step 10 converge to 0.0163782373...
==============
[Info]Likelihood -3174380.24911 at step 11 converge to 0.0125456137...
==============
[Info]Likelihood -3144469.47633 at step 12 converge to 0.0094225551...
==============
[Info]Likelihood -3122084.44786 at step 13 converge to 0.0071188570...
==============
[Info]Likelihood -3104764.31181 at step 14 converge to 0.0055476193...
==============
[Info]Likelihood -3090674.11580 at step 15 converge to 0.0045382498...
==============
[Info]Likelihood -3078687.86822 at step 16 converge to 0.0038781985...
==============
[Info]Likelihood -3068167.70431 at step 17 converge to 0.0034170934...
==============
[Info]Likelihood -3058794.26538 at step 18 converge to 0.0030550608...
==============
[Info]Likelihood -3050428.20130 at step 19 converge to 0.0027350856...
==============
[Info]Likelihood -3042911.21493 at step 20 converge to 0.0024642397...
==============
[Info]Likelihood -3036155.29230 at step 21 converge to 0.0022202168...
==============
[Info]Likelihood -3030100.94675 at step 22 converge to 0.0019940830...
==============
[Info]Likelihood -3024677.13421 at step 23 converge to 0.0017899775...
==============
[Info]Likelihood -3019794.08390 at step 24 converge to 0.0016144038...
==============
[Info]Likelihood -3015384.75144 at step 25 converge to 0.0014601434...
==============
[Info]Likelihood -3011383.33453 at step 26 converge to 0.0013270004...
==============
[Info]Likelihood -3007725.11511 at step 27 converge to 0.0012147970...
==============
[Info]Likelihood -3004363.55485 at step 28 converge to 0.0011176421...
==============
[Info]Likelihood -3001258.55812 at step 29 converge to 0.0010334957...
[Info]Likelihood -3001258.558 after step 30 converge to 0.001033 after 125 seconds...
[Info]Start evaluation in thread
[Stat]Test set perplexity is 1054.294 and log-likelihood is -311.273
[Info]multithread LDA[k:20, alpha:1.01, beta:1.00, Variational] Train/Test finished in 127.72 seconds...
TopWord FilePath:/zf18/ll5fy/lab/dataset/yelp/byUser_70k_review/output/5foldsCVColdstart/0/LDA_Variational_topWords_20.txt
Topic 0(0.04371):	dish(0.03488)	cours(0.02178)	flavor(0.01864)	perfect(0.01703)	tast(0.01549)	chef(0.01477)	serv(0.01284)	restaur(0.01010)	sweet(0.00959)	mushroom(0.00931)	bite(0.00896)	dine(0.00877)	sauc(0.00779)	rich(0.00771)	best(0.00741)	creami(0.00717)	scallop(0.00700)	pair(0.00695)	foie-gras(0.00673)	plate(0.00670)	textur(0.00642)	tender(0.00629)	beef(0.00599)	filet(0.00596)	bread(0.00591)	truffl(0.00571)	bone(0.00570)	cook(0.00554)	mouth(0.00525)	wine(0.00518)	
Topic 1(0.05650):	tabl(0.06010)	restaur(0.05252)	experi(0.04017)	dinner(0.02473)	water(0.01910)	reserv(0.01905)	night(0.01864)	waiter(0.01775)	parti(0.01722)	dine(0.01605)	amaz(0.01504)	glass(0.01420)	start(0.01413)	seat(0.01357)	friend(0.01336)	attent(0.01330)	birthday(0.01267)	brought(0.01210)	felt(0.01042)	recommend(0.00961)	bill(0.00932)	told(0.00913)	manag(0.00867)	bottl(0.00804)	time(0.00732)	hostess(0.00702)	drink(0.00689)	return(0.00676)	receiv(0.00651)	total(0.00649)	
Topic 2(0.04817):	beef(0.03675)	spici(0.03189)	thai(0.03143)	dish(0.02833)	curri(0.02601)	rice(0.02567)	chicken(0.02129)	korean(0.02081)	pork(0.01942)	flavor(0.01880)	sauc(0.01763)	lunch(0.01554)	restaur(0.01533)	spice(0.01456)	short(0.01168)	cook(0.01121)	side(0.01076)	definit(0.00924)	combo(0.00881)	short-rib(0.00852)	soup(0.00839)	pull(0.00825)	best(0.00806)	brisket(0.00792)	tender(0.00789)	tast(0.00783)	sweet(0.00632)	marin(0.00613)	tofu(0.00600)	delici(0.00573)	
Topic 3(0.04161):	buffet(0.05910)	breakfast(0.04236)	pancak(0.02606)	toast(0.02165)	waffl(0.01991)	lunch(0.01985)	brunch(0.01820)	french(0.01521)	serv(0.01379)	chicken(0.01321)	plate(0.01208)	station(0.01199)	hawaiian(0.01157)	option(0.00989)	syrup(0.00884)	offer(0.00878)	best(0.00846)	french-toast(0.00822)	sausag(0.00775)	brown(0.00746)	indian(0.00728)	varieti(0.00711)	benedict(0.00711)	choic(0.00684)	dish(0.00669)	cafe(0.00587)	omelet(0.00571)	spoon(0.00552)	vega(0.00524)	stack(0.00512)	
Topic 4(0.06270):	locat(0.05907)	vega(0.04948)	park(0.04440)	find(0.03089)	shop(0.03077)	las-vega(0.03037)	store(0.02230)	walk(0.02085)	area(0.02020)	easi(0.01514)	month(0.01506)	drive(0.01489)	sign(0.01394)	time(0.01136)	street(0.01111)	work(0.01053)	clean(0.00939)	peopl(0.00793)	pick(0.00711)	trip(0.00709)	close(0.00673)	conveni(0.00618)	open(0.00616)	airport(0.00588)	year(0.00584)	machin(0.00492)	deal(0.00481)	citi(0.00481)	class(0.00463)	build(0.00450)	
Topic 5(0.04217):	shrimp(0.04913)	crab(0.03723)	delici(0.02910)	excel(0.02834)	seafood(0.02557)	dinner(0.02427)	wine(0.02012)	lobster(0.01985)	soup(0.01879)	oyster(0.01705)	roast(0.01207)	time(0.01172)	card(0.01006)	special(0.00931)	amaz(0.00923)	clam(0.00923)	start(0.00849)	deal(0.00822)	pound(0.00768)	yummi(0.00756)	definit(0.00728)	tast(0.00717)	french(0.00710)	restaur(0.00703)	pricey(0.00692)	best(0.00690)	crab-leg(0.00660)	serv(0.00649)	calamari(0.00603)	mussel(0.00585)	
Topic 6(0.05869):	room(0.07327)	strip(0.04162)	casino(0.04075)	stay(0.03757)	hotel(0.03617)	pool(0.01839)	vega(0.01767)	view(0.01766)	rock(0.01122)	restaur(0.00835)	suit(0.00831)	area(0.00818)	walk(0.00791)	clean(0.00788)	gambl(0.00690)	resort(0.00681)	modern(0.00637)	elev(0.00636)	properti(0.00593)	tower(0.00592)	fountain(0.00592)	night(0.00583)	book(0.00579)	aria(0.00564)	valet(0.00558)	smell(0.00538)	caesar(0.00488)	venetian(0.00466)	shower(0.00458)	slot(0.00449)	
Topic 7(0.04691):	roll(0.05670)	sushi(0.05322)	ramen(0.03656)	bowl(0.02760)	fish(0.02523)	tuna(0.02022)	salmon(0.01887)	broth(0.01600)	belli(0.01565)	spici(0.01399)	rice(0.01370)	pork(0.01284)	piec(0.01156)	pork-belli(0.01110)	tast(0.01084)	favorit(0.00937)	sauc(0.00917)	sashimi(0.00917)	small(0.00889)	nigiri(0.00848)	poke(0.00828)	flavor(0.00811)	monta(0.00756)	chef(0.00713)	special(0.00680)	soup(0.00662)	appet(0.00657)	sake(0.00634)	tofu(0.00623)	garlic(0.00576)	
Topic 8(0.04849):	chicken(0.08938)	sauc(0.03293)	onion(0.02414)	fast(0.01588)	tast(0.01567)	sweet(0.01522)	wing(0.01463)	shake(0.01440)	side(0.01250)	healthi(0.01121)	crispi(0.01120)	strip(0.01071)	perfect(0.01032)	flavor(0.01029)	juici(0.00960)	delici(0.00852)	truffl(0.00844)	sweet-potato(0.00757)	finger(0.00729)	ring(0.00708)	size(0.00706)	friend(0.00694)	blue(0.00682)	patti(0.00661)	joint(0.00581)	doubl(0.00572)	shack(0.00562)	fast-food(0.00558)	pickl(0.00536)	white(0.00519)	
Topic 9(0.04961):	happi(0.07234)	beer(0.05162)	town(0.04037)	select(0.03974)	happi-hour(0.03925)	special(0.03045)	drink(0.02858)	price(0.02016)	favorit(0.01661)	friend(0.01517)	offer(0.01088)	buck(0.01066)	definit(0.01026)	time(0.01008)	patio(0.00905)	best(0.00891)	valley(0.00854)	spot(0.00832)	appet(0.00805)	NUM-buck(0.00787)	squar(0.00729)	locat(0.00705)	good-food(0.00660)	bartend(0.00653)	great-servic(0.00643)	area(0.00639)	great-food(0.00634)	afternoon(0.00606)	option(0.00603)	wrap(0.00576)	
Topic 10(0.04025):	rice(0.02593)	pork(0.02452)	soup(0.02317)	veggi(0.02291)	asian(0.02110)	chines(0.01451)	spring(0.01174)	fill(0.01095)	veget(0.00992)	ball(0.00988)	dish(0.00985)	yelp(0.00977)	duck(0.00926)	time(0.00883)	beef(0.00805)	restaur(0.00788)	flavor(0.00763)	best(0.00750)	market(0.00734)	small(0.00679)	steam(0.00677)	definit(0.00657)	spot(0.00620)	mountain(0.00607)	dumpl(0.00566)	tast(0.00543)	fri-rice(0.00541)	challeng(0.00525)	noodl-soup(0.00497)	crispi(0.00494)	
Topic 11(0.03725):	taco(0.04745)	chip(0.03260)	bean(0.02116)	mexican(0.02105)	flavor(0.01638)	delici(0.01573)	fish(0.01404)	sauc(0.01303)	burrito(0.01263)	tortilla(0.01221)	nacho(0.01220)	corn(0.01063)	margarita(0.00979)	tast(0.00958)	sour(0.00947)	amaz(0.00925)	serv(0.00907)	restaur(0.00823)	super(0.00816)	fusion(0.00804)	definit(0.00740)	asada(0.00729)	ingredi(0.00704)	friend(0.00696)	guacamol(0.00691)	carn(0.00691)	authent(0.00681)	vegetarian(0.00678)	favorit(0.00658)	option(0.00648)	
Topic 12(0.06148):	time(0.09394)	wait(0.09371)	busi(0.03501)	NUM-minut(0.03291)	peopl(0.02688)	seat(0.01744)	final(0.01642)	staff(0.01597)	friend(0.01514)	tabl(0.01430)	open(0.01214)	slow(0.01145)	work(0.01135)	call(0.01085)	readi(0.01037)	arriv(0.00976)	told(0.00933)	kitchen(0.00925)	cold(0.00897)	waitress(0.00880)	lunch(0.00807)	super(0.00770)	bring(0.00723)	manag(0.00705)	today(0.00690)	pack(0.00676)	frozen(0.00675)	walk(0.00661)	NUM-min(0.00615)	horribl(0.00614)	
Topic 13(0.04029):	pizza(0.07629)	sauc(0.02823)	slice(0.02527)	pasta(0.02400)	garlic(0.02115)	italian(0.01725)	crust(0.01690)	style(0.01373)	thin(0.01257)	bread(0.01140)	white(0.01137)	sausag(0.01124)	oliv(0.01110)	meatbal(0.00908)	mushroom(0.00830)	tast(0.00819)	ingredi(0.00745)	serv(0.00709)	mozzarella(0.00703)	best(0.00695)	dish(0.00660)	delici(0.00634)	perfect(0.00632)	york(0.00570)	deep(0.00538)	secret(0.00525)	flavor(0.00520)	chicago(0.00509)	spinach(0.00483)	pepperoni(0.00482)	
Topic 14(0.05608):	night(0.04043)	peopl(0.03514)	seat(0.02595)	club(0.02594)	drink(0.02516)	crowd(0.02443)	area(0.01933)	music(0.01491)	watch(0.01452)	cool(0.01385)	downtown(0.01337)	walk(0.01324)	danc(0.01240)	theater(0.01200)	stand(0.01081)	open(0.01065)	insid(0.01060)	outdoor(0.00892)	small(0.00878)	space(0.00853)	loung(0.00829)	pack(0.00784)	event(0.00758)	venu(0.00702)	door(0.00699)	vega(0.00683)	ticket(0.00673)	spot(0.00650)	cover(0.00623)	drunk(0.00581)	
Topic 15(0.04575):	side(0.06038)	steak(0.05937)	bread(0.03696)	cook(0.02845)	plate(0.02616)	rare(0.01392)	season(0.01326)	serv(0.01323)	perfect(0.01283)	medium(0.01273)	small(0.01168)	dress(0.01128)	tast(0.01106)	friend(0.01043)	delici(0.00970)	time(0.00929)	appet(0.00857)	mash-potato(0.00812)	size(0.00808)	split(0.00763)	prime(0.00759)	brought(0.00735)	wife(0.00724)	dinner(0.00704)	tabl(0.00645)	share(0.00630)	restaur(0.00621)	warm(0.00596)	lunch(0.00586)	piec(0.00565)	
Topic 16(0.05471):	play(0.02136)	time(0.01951)	watch(0.01478)	vega(0.01473)	music(0.01406)	cool(0.01402)	amaz(0.01336)	pictur(0.01290)	beauti(0.01103)	seat(0.01098)	perform(0.00946)	cirqu(0.00918)	entertain(0.00899)	stori(0.00848)	interest(0.00840)	favorit(0.00840)	stage(0.00829)	water(0.00806)	spend(0.00805)	best(0.00804)	famili(0.00783)	recommend(0.00720)	funni(0.00687)	photo(0.00665)	definit(0.00660)	ticket(0.00647)	anim(0.00576)	adult(0.00572)	peopl(0.00556)	money(0.00532)	
Topic 17(0.04988):	drink(0.06613)	friend(0.03721)	coffe(0.03246)	custom(0.02851)	super(0.02014)	definit(0.01811)	cute(0.01705)	crepe(0.01542)	tast(0.01500)	flavor(0.01369)	sweet(0.01263)	staff(0.01254)	wall(0.01212)	small(0.01197)	custom-servic(0.01127)	boba(0.01104)	cool(0.01050)	honey(0.01001)	shop(0.00860)	insid(0.00843)	perfect(0.00837)	cafe(0.00771)	favorit(0.00760)	mango(0.00666)	uniqu(0.00659)	work(0.00652)	spot(0.00645)	feel(0.00633)	delici(0.00593)	black(0.00582)	
Topic 18(0.06625):	pretti(0.09848)	price(0.07568)	star(0.06636)	time(0.04013)	year(0.03009)	review(0.02988)	reason(0.02914)	friend(0.02459)	pretti-good(0.02442)	feel(0.01983)	averag(0.01495)	rememb(0.01409)	definit(0.01344)	vega(0.01341)	best(0.01319)	rate(0.01308)	expect(0.01121)	week(0.00959)	fair(0.00954)	NUM-year(0.00919)	close(0.00820)	coupl(0.00761)	solid(0.00702)	year-ago(0.00680)	overpr(0.00673)	expens(0.00664)	thought(0.00655)	compar(0.00631)	night(0.00623)	consid(0.00567)	
Topic 19(0.04949):	cream(0.05855)	chocol(0.04788)	cake(0.04184)	ice-cream(0.03116)	flavor(0.02386)	sweet(0.02381)	cooki(0.01638)	tast(0.01130)	pastri(0.01116)	strawberri(0.01090)	vanilla(0.01047)	donut(0.01037)	appl(0.00985)	banana(0.00975)	sugar(0.00975)	gelato(0.00895)	peanut(0.00701)	treat(0.00672)	bakeri(0.00651)	delici(0.00634)	white(0.00568)	cupcak(0.00554)	custard(0.00552)	fill(0.00542)	offer(0.00521)	popcorn(0.00505)	macaron(0.00503)	whip(0.00500)	best(0.00497)	peanut-butter(0.00488)	
244 users are loaded from /zf18/ll5fy/lab/dataset/yelp/byUser_70k_review/5foldsCVColdstart/1/...
260 users are loaded from /zf18/ll5fy/lab/dataset/yelp/byUser_70k_review/5foldsCVColdstart/0/...
266 users are loaded from /zf18/ll5fy/lab/dataset/yelp/byUser_70k_review/5foldsCVColdstart/2/...
264 users are loaded from /zf18/ll5fy/lab/dataset/yelp/byUser_70k_review/5foldsCVColdstart/3/...
256 users are loaded from /zf18/ll5fy/lab/dataset/yelp/byUser_70k_review/5foldsCVColdstart/4/...
====================
[Info]Fold No. 1: 
train size = 13268, test size = 2575....
[Info]EM Starting multithread LDA[k:20, alpha:1.01, beta:1.00, Variational]...
==============
[Info]Likelihood -3675904.66503 at step 0 converge to 1.0000000000...
==============
[Info]Likelihood -3674850.67015 at step 1 converge to 0.0002867307...
==============
[Info]Likelihood -3673796.40616 at step 2 converge to 0.0002868862...
==============
[Info]Likelihood -3672707.62145 at step 3 converge to 0.0002963650...
==============
[Info]Likelihood -3671416.18226 at step 4 converge to 0.0003516314...
==============
[Info]Likelihood -3669582.43698 at step 5 converge to 0.0004994654...
==============
[Info]Likelihood -3666570.14298 at step 6 converge to 0.0008208820...
==============
[Info]Likelihood -3656979.04811 at step 7 converge to 0.0026158220...
==============
[Info]Likelihood -3620180.24033 at step 8 converge to 0.0100626247...
==============
[Info]Likelihood -3558547.32453 at step 9 converge to 0.0170248197...
==============
[Info]Likelihood -3498510.12884 at step 10 converge to 0.0168712652...
==============
[Info]Likelihood -3452052.42327 at step 11 converge to 0.0132792829...
==============
[Info]Likelihood -3418627.98252 at step 12 converge to 0.0096824835...
==============
[Info]Likelihood -3393899.36373 at step 13 converge to 0.0072334922...
==============
[Info]Likelihood -3374935.03500 at step 14 converge to 0.0055877699...
==============
[Info]Likelihood -3359894.45672 at step 15 converge to 0.0044565534...
==============
[Info]Likelihood -3347507.44744 at step 16 converge to 0.0036867257...
==============
[Info]Likelihood -3336911.23994 at step 17 converge to 0.0031654022...
==============
[Info]Likelihood -3327602.51241 at step 18 converge to 0.0027896240...
==============
[Info]Likelihood -3319303.67665 at step 19 converge to 0.0024939384...
==============
[Info]Likelihood -3311856.61106 at step 20 converge to 0.0022435626...
==============
[Info]Likelihood -3305142.16320 at step 21 converge to 0.0020273969...
==============
[Info]Likelihood -3299057.22932 at step 22 converge to 0.0018410506...
==============
[Info]Likelihood -3293511.31708 at step 23 converge to 0.0016810597...
==============
[Info]Likelihood -3288424.22381 at step 24 converge to 0.0015445805...
==============
[Info]Likelihood -3283716.01312 at step 25 converge to 0.0014317528...
==============
[Info]Likelihood -3279327.09959 at step 26 converge to 0.0013365692...
==============
[Info]Likelihood -3275225.66656 at step 27 converge to 0.0012506935...
==============
[Info]Likelihood -3271387.86231 at step 28 converge to 0.0011717679...
==============
[Info]Likelihood -3267793.68389 at step 29 converge to 0.0010986708...
[Info]Likelihood -3267793.684 after step 30 converge to 0.001099 after 60 seconds...
[Info]Start evaluation in thread
[Stat]Test set perplexity is 1054.473 and log-likelihood is -324.560
[Info]multithread LDA[k:20, alpha:1.01, beta:1.00, Variational] Train/Test finished in 62.06 seconds...
TopWord FilePath:/zf18/ll5fy/lab/dataset/yelp/byUser_70k_review/output/5foldsCVColdstart/1/LDA_Variational_topWords_20.txt
Topic 0(0.04850):	star(0.07103)	review(0.04128)	yelp(0.03239)	spot(0.02218)	veggi(0.01984)	rate(0.01747)	solid(0.01480)	option(0.01420)	reason(0.01306)	pretti(0.01281)	averag(0.01280)	definit(0.01275)	time(0.01130)	spring(0.01077)	lunch(0.01041)	favorit(0.01012)	fill(0.00965)	friend(0.00897)	delici(0.00868)	restaur(0.00784)	vegetarian(0.00740)	hungri(0.00696)	expect(0.00672)	opinion(0.00667)	indian(0.00665)	price(0.00663)	vega(0.00651)	clean(0.00638)	thought(0.00634)	best(0.00592)	
Topic 1(0.04462):	dish(0.07179)	rice(0.05041)	restaur(0.04751)	thai(0.03949)	lunch(0.03850)	curri(0.02697)	spici(0.02487)	spice(0.01620)	chicken(0.01603)	chines(0.01528)	flavor(0.01404)	asian(0.01278)	fri-rice(0.01226)	duck(0.01158)	special(0.01105)	best(0.00971)	beef(0.00777)	favorit(0.00771)	sauc(0.00737)	lunch-special(0.00695)	crispi(0.00690)	style(0.00663)	shrimp(0.00660)	pad-thai(0.00638)	tast(0.00591)	authent(0.00581)	definit(0.00563)	delici(0.00545)	small(0.00490)	time(0.00488)	
Topic 2(0.05195):	restaur(0.02516)	cours(0.02214)	dish(0.02164)	dine(0.02068)	perfect(0.01770)	steak(0.01619)	lobster(0.01410)	cook(0.01400)	dinner(0.01308)	excel(0.01307)	plate(0.01129)	serv(0.01112)	flavor(0.00994)	tast(0.00967)	bread(0.00921)	mushroom(0.00869)	experi(0.00863)	chef(0.00862)	truffl(0.00820)	start(0.00716)	filet(0.00702)	sauc(0.00682)	tabl(0.00664)	scallop(0.00651)	foie-gras(0.00602)	pair(0.00597)	wine(0.00579)	mash-potato(0.00579)	appet(0.00568)	tapa(0.00555)	
Topic 3(0.04229):	chicken(0.11362)	sauc(0.04153)	beef(0.02410)	short(0.02049)	wing(0.02017)	pork(0.01956)	side(0.01886)	korean(0.01690)	cook(0.01641)	tender(0.01610)	combo(0.01587)	bean(0.01314)	definit(0.01168)	best(0.00949)	pull(0.00870)	short-rib(0.00827)	piec(0.00815)	finger(0.00788)	flavor(0.00746)	brisket(0.00735)	serv(0.00733)	steam(0.00699)	time(0.00676)	chicken-wing(0.00655)	marin(0.00650)	plate(0.00635)	cart(0.00605)	delici(0.00585)	friend(0.00561)	side-dish(0.00529)	
Topic 4(0.05679):	drink(0.09271)	beer(0.04531)	night(0.03695)	friend(0.03360)	wine(0.02547)	glass(0.01805)	waiter(0.01528)	reserv(0.01445)	experi(0.01397)	bartend(0.01329)	tabl(0.01298)	select(0.01276)	bottl(0.01274)	total(0.01207)	birthday(0.01184)	patio(0.01178)	amaz(0.01170)	waitress(0.01072)	appet(0.00939)	dinner(0.00933)	parti(0.00910)	time(0.00833)	shot(0.00747)	alcohol(0.00683)	cool(0.00650)	expect(0.00645)	coupl(0.00620)	recommend(0.00610)	friday(0.00610)	restaur(0.00597)	
Topic 5(0.04052):	breakfast(0.04614)	toast(0.02438)	pancak(0.02301)	brunch(0.02090)	cafe(0.01832)	waffl(0.01759)	friend(0.01416)	delici(0.01361)	serv(0.01316)	hawaiian(0.01309)	time(0.01077)	french(0.01075)	spot(0.00994)	definit(0.00875)	brown(0.00856)	choic(0.00832)	local(0.00832)	plate(0.00829)	sausag(0.00826)	best(0.00823)	super(0.00794)	coffe(0.00790)	yummi(0.00764)	amaz(0.00754)	french-toast(0.00749)	benedict(0.00696)	syrup(0.00658)	favorit(0.00642)	option(0.00610)	feel(0.00595)	
Topic 6(0.04361):	roll(0.06041)	sushi(0.05190)	fish(0.04178)	taco(0.03048)	tuna(0.02212)	salmon(0.02179)	chip(0.01673)	mexican(0.01370)	chef(0.01166)	favorit(0.01153)	sauc(0.01109)	rice(0.01066)	poke(0.01042)	special(0.01025)	sashimi(0.01014)	spici(0.00959)	tortilla(0.00850)	burrito(0.00799)	delici(0.00797)	definit(0.00770)	nigiri(0.00743)	piec(0.00713)	amaz(0.00705)	time(0.00692)	bean(0.00681)	sake(0.00679)	tast(0.00650)	appet(0.00643)	shrimp(0.00622)	restaur(0.00595)	
Topic 7(0.05989):	time(0.04696)	year(0.03811)	work(0.02428)	deal(0.02069)	month(0.01513)	money(0.01432)	week(0.01416)	price(0.01410)	find(0.01387)	open(0.01283)	card(0.01250)	peopl(0.01211)	sign(0.01108)	spend(0.01043)	door(0.01021)	reason(0.00965)	NUM-year(0.00961)	close(0.00901)	feel(0.00833)	coupl(0.00814)	suck(0.00761)	friend(0.00755)	year-ago(0.00743)	call(0.00694)	machin(0.00684)	product(0.00672)	fact(0.00643)	rememb(0.00628)	today(0.00613)	NUM-hour(0.00601)	
Topic 8(0.06447):	music(0.02638)	seat(0.02476)	club(0.02387)	crowd(0.02251)	night(0.02146)	watch(0.02098)	peopl(0.02054)	play(0.01976)	vega(0.01497)	time(0.01287)	danc(0.01258)	theater(0.01194)	cool(0.01130)	ticket(0.01011)	entertain(0.00838)	beauti(0.00832)	cirqu(0.00793)	perform(0.00788)	amaz(0.00748)	stage(0.00717)	venu(0.00668)	best(0.00622)	stori(0.00604)	water(0.00598)	feel(0.00590)	loung(0.00562)	favorit(0.00525)	sound(0.00512)	band(0.00494)	space(0.00484)	
Topic 9(0.06576):	room(0.07070)	strip(0.03993)	casino(0.03970)	stay(0.03784)	hotel(0.03663)	vega(0.02743)	pool(0.01770)	view(0.01447)	walk(0.01017)	area(0.01000)	clean(0.00826)	suit(0.00765)	night(0.00763)	restaur(0.00717)	tower(0.00687)	locat(0.00672)	gambl(0.00651)	elev(0.00634)	properti(0.00617)	resort(0.00616)	book(0.00599)	wynn(0.00535)	slot(0.00511)	las-vega(0.00504)	smell(0.00497)	venetian(0.00496)	modern(0.00482)	valet(0.00446)	spacious(0.00427)	easi(0.00425)	
Topic 10(0.04318):	flavor(0.04821)	coffe(0.03171)	drink(0.01797)	cute(0.01739)	tast(0.01708)	sweet(0.01700)	crepe(0.01389)	honey(0.01334)	friend(0.01249)	boba(0.01227)	small(0.01172)	frozen(0.01136)	super(0.01095)	custard(0.01076)	cool(0.01065)	perfect(0.00989)	cream(0.00964)	wall(0.00945)	time(0.00909)	coconut(0.00892)	definit(0.00890)	black(0.00850)	snack(0.00826)	popcorn(0.00799)	mango(0.00742)	snow(0.00730)	ice-cream(0.00641)	size(0.00637)	smoothi(0.00600)	strawberri(0.00572)	
Topic 11(0.04094):	buffet(0.06707)	crab(0.04336)	shrimp(0.04168)	dinner(0.02979)	seafood(0.02644)	select(0.02264)	station(0.01901)	best(0.01641)	oyster(0.01617)	price(0.01437)	prime(0.01367)	varieti(0.01184)	offer(0.01169)	plate(0.01044)	vega(0.01010)	time(0.01005)	crab-leg(0.00977)	prime-rib(0.00977)	pretti(0.00721)	includ(0.00714)	clam(0.00698)	spoon(0.00637)	asian(0.00568)	serv(0.00535)	lunch(0.00534)	crawfish(0.00527)	expect(0.00511)	salad-bar(0.00500)	juici(0.00471)	save(0.00462)	
Topic 12(0.03920):	pizza(0.07269)	sauc(0.02959)	pasta(0.02201)	crust(0.01607)	italian(0.01595)	ingredi(0.01490)	garlic(0.01344)	slice(0.01225)	sausag(0.01218)	style(0.01138)	oliv(0.01064)	thin(0.00966)	meatbal(0.00904)	white(0.00870)	tast(0.00849)	mushroom(0.00844)	delici(0.00838)	best(0.00751)	perfect(0.00701)	mozzarella(0.00640)	flavor(0.00629)	spinach(0.00610)	serv(0.00548)	york(0.00541)	fire(0.00529)	chicago(0.00528)	arepa(0.00501)	time(0.00489)	caesar(0.00487)	share(0.00480)	
Topic 13(0.06457):	locat(0.04432)	park(0.04002)	shop(0.03715)	vega(0.03668)	store(0.02916)	las-vega(0.02851)	area(0.02536)	town(0.02462)	find(0.02191)	walk(0.02156)	insid(0.01475)	rock(0.01422)	local(0.01300)	drive(0.01132)	event(0.00971)	restaur(0.00927)	downtown(0.00894)	street(0.00843)	peopl(0.00809)	outdoor(0.00771)	squar(0.00771)	cool(0.00652)	soda(0.00584)	open(0.00570)	truck(0.00528)	small(0.00521)	trip(0.00517)	red-rock(0.00492)	photo(0.00482)	interest(0.00453)	
Topic 14(0.04543):	sweet(0.03656)	friend(0.03006)	time(0.01869)	uniqu(0.01748)	experi(0.01736)	blue(0.01660)	kitchen(0.01601)	tast(0.01352)	thought(0.01313)	definit(0.01295)	donut(0.01248)	delici(0.01172)	recommend(0.01124)	staff(0.01119)	amaz(0.01078)	exact(0.00999)	offer(0.00938)	sweet-potato(0.00931)	open(0.00924)	impress(0.00857)	simpl(0.00814)	fantast(0.00777)	start(0.00755)	return(0.00730)	pink(0.00717)	tonight(0.00711)	concept(0.00705)	vegan(0.00700)	work(0.00699)	best(0.00687)	
Topic 15(0.04116):	soup(0.05785)	pork(0.03866)	ramen(0.03639)	bowl(0.03638)	broth(0.02108)	flavor(0.01917)	belli(0.01677)	spici(0.01592)	tast(0.01390)	beef(0.01388)	pork-belli(0.01215)	small(0.01181)	tofu(0.01168)	extra(0.00960)	sauc(0.00893)	piec(0.00857)	time(0.00823)	cook(0.00792)	cold(0.00769)	veget(0.00722)	thin(0.00659)	salt(0.00648)	monta(0.00631)	serv(0.00623)	noodl-soup(0.00568)	rice(0.00564)	crispi(0.00552)	chop(0.00547)	slice(0.00542)	oxtail(0.00538)	
Topic 16(0.04345):	cream(0.05577)	chocol(0.05179)	cake(0.04841)	ice-cream(0.02813)	sweet(0.02228)	cooki(0.01672)	pastri(0.01292)	strawberri(0.01201)	tast(0.01122)	vanilla(0.01061)	appl(0.01054)	banana(0.00956)	cupcak(0.00877)	delici(0.00861)	white(0.00828)	bakeri(0.00828)	sugar(0.00819)	whip(0.00798)	flavor(0.00775)	bake(0.00748)	french(0.00742)	macaron(0.00730)	peanut(0.00718)	tart(0.00676)	fill(0.00626)	velvet(0.00613)	raspberri(0.00580)	croissant(0.00552)	select(0.00551)	whip-cream(0.00538)	
Topic 17(0.04462):	side(0.05586)	bread(0.03949)	steak(0.03685)	onion(0.02455)	corn(0.02090)	tast(0.01756)	medium(0.01322)	season(0.01251)	rare(0.01128)	perfect(0.01094)	dress(0.01083)	serv(0.01076)	juici(0.01065)	sauc(0.00990)	size(0.00891)	delici(0.00890)	bite(0.00882)	pickl(0.00876)	beef(0.00830)	time(0.00810)	flavor(0.00784)	split(0.00777)	friend(0.00677)	turkey(0.00670)	french(0.00595)	cook(0.00583)	deli(0.00580)	patti(0.00577)	choic(0.00553)	lunch(0.00537)	
Topic 18(0.06682):	wait(0.07732)	time(0.06727)	tabl(0.05272)	NUM-minut(0.02776)	seat(0.02696)	busi(0.02680)	peopl(0.02380)	custom(0.01934)	told(0.01680)	manag(0.01463)	staff(0.01328)	call(0.01155)	final(0.01044)	arriv(0.01042)	friend(0.00967)	readi(0.00848)	parti(0.00785)	restaur(0.00779)	walk(0.00779)	slow(0.00738)	custom-servic(0.00679)	experi(0.00665)	brought(0.00656)	bring(0.00652)	pretti(0.00633)	second(0.00631)	water(0.00617)	felt(0.00616)	NUM-min(0.00564)	rush(0.00549)	
Topic 19(0.05224):	pretti(0.07343)	happi(0.06867)	price(0.06794)	happi-hour(0.03811)	fast(0.02723)	pretti-good(0.02162)	special(0.01762)	shake(0.01536)	super(0.01450)	definit(0.01336)	joint(0.01244)	buck(0.01219)	friend(0.01062)	nacho(0.00940)	best(0.00836)	NUM-buck(0.00754)	overpr(0.00714)	time(0.00699)	margarita(0.00683)	recommend(0.00670)	doubl(0.00628)	fast-food(0.00626)	strip(0.00599)	standard(0.00552)	drink(0.00548)	martini(0.00519)	expect(0.00511)	sport(0.00484)	shack(0.00470)	area(0.00467)	
266 users are loaded from /zf18/ll5fy/lab/dataset/yelp/byUser_70k_review/5foldsCVColdstart/2/...
260 users are loaded from /zf18/ll5fy/lab/dataset/yelp/byUser_70k_review/5foldsCVColdstart/0/...
244 users are loaded from /zf18/ll5fy/lab/dataset/yelp/byUser_70k_review/5foldsCVColdstart/1/...
264 users are loaded from /zf18/ll5fy/lab/dataset/yelp/byUser_70k_review/5foldsCVColdstart/3/...
256 users are loaded from /zf18/ll5fy/lab/dataset/yelp/byUser_70k_review/5foldsCVColdstart/4/...
====================
[Info]Fold No. 2: 
train size = 12778, test size = 3065....
[Info]EM Starting multithread LDA[k:20, alpha:1.01, beta:1.00, Variational]...
==============
[Info]Likelihood -3449509.42479 at step 0 converge to 1.0000000000...
==============
[Info]Likelihood -3448504.55194 at step 1 converge to 0.0002913089...
==============
[Info]Likelihood -3447501.86959 at step 2 converge to 0.0002907586...
==============
[Info]Likelihood -3446486.52218 at step 3 converge to 0.0002945169...
==============
[Info]Likelihood -3445402.93630 at step 4 converge to 0.0003144031...
==============
[Info]Likelihood -3443989.66919 at step 5 converge to 0.0004101892...
==============
[Info]Likelihood -3441030.71666 at step 6 converge to 0.0008591642...
==============
[Info]Likelihood -3430731.65038 at step 7 converge to 0.0029930178...
==============
[Info]Likelihood -3396112.75454 at step 8 converge to 0.0100908201...
==============
[Info]Likelihood -3336828.89309 at step 9 converge to 0.0174563879...
==============
[Info]Likelihood -3284124.85195 at step 10 converge to 0.0157946490...
==============
[Info]Likelihood -3241416.23300 at step 11 converge to 0.0130045662...
==============
[Info]Likelihood -3207728.40257 at step 12 converge to 0.0103929357...
==============
[Info]Likelihood -3181615.65095 at step 13 converge to 0.0081405744...
==============
[Info]Likelihood -3161307.81658 at step 14 converge to 0.0063828685...
==============
[Info]Likelihood -3145231.09687 at step 15 converge to 0.0050854648...
==============
[Info]Likelihood -3132179.91135 at step 16 converge to 0.0041495156...
==============
[Info]Likelihood -3121293.83982 at step 17 converge to 0.0034755575...
==============
[Info]Likelihood -3111988.60313 at step 18 converge to 0.0029812114...
==============
[Info]Likelihood -3103907.86146 at step 19 converge to 0.0025966489...
==============
[Info]Likelihood -3096827.45455 at step 20 converge to 0.0022811266...
==============
[Info]Likelihood -3090565.65381 at step 21 converge to 0.0020220050...
==============
[Info]Likelihood -3084948.49081 at step 22 converge to 0.0018175194...
==============
[Info]Likelihood -3079834.68210 at step 23 converge to 0.0016576642...
==============
[Info]Likelihood -3075124.62628 at step 24 converge to 0.0015293210...
==============
[Info]Likelihood -3070747.26792 at step 25 converge to 0.0014234735...
==============
[Info]Likelihood -3066652.70457 at step 26 converge to 0.0013334094...
==============
[Info]Likelihood -3062805.45998 at step 27 converge to 0.0012545420...
==============
[Info]Likelihood -3059180.23848 at step 28 converge to 0.0011836277...
==============
[Info]Likelihood -3055750.59697 at step 29 converge to 0.0011210982...
[Info]Likelihood -3055750.597 after step 30 converge to 0.001121 after 82 seconds...
[Info]Start evaluation in thread
[Stat]Test set perplexity is 1070.991 and log-likelihood is -341.251
[Info]multithread LDA[k:20, alpha:1.01, beta:1.00, Variational] Train/Test finished in 83.44 seconds...
TopWord FilePath:/zf18/ll5fy/lab/dataset/yelp/byUser_70k_review/output/5foldsCVColdstart/2/LDA_Variational_topWords_20.txt
Topic 0(0.06193):	drink(0.09687)	night(0.05663)	cool(0.03463)	club(0.02739)	play(0.02055)	music(0.01990)	peopl(0.01956)	crowd(0.01738)	area(0.01661)	coffe(0.01407)	friend(0.01382)	insid(0.01358)	downtown(0.01282)	tabl(0.01226)	danc(0.01194)	spot(0.01096)	patio(0.01081)	bartend(0.00939)	saturday(0.00894)	loung(0.00872)	small(0.00849)	open(0.00844)	parti(0.00843)	friday(0.00825)	vibe(0.00790)	bottl(0.00755)	pack(0.00741)	pretti(0.00727)	street(0.00688)	fremont(0.00668)	
Topic 1(0.03747):	pizza(0.07390)	sauc(0.03145)	slice(0.02718)	pasta(0.02244)	white(0.01706)	italian(0.01623)	crust(0.01619)	garlic(0.01502)	style(0.01431)	thin(0.01246)	sausag(0.01130)	tast(0.01051)	ingredi(0.00967)	meatbal(0.00917)	perfect(0.00908)	oliv(0.00879)	serv(0.00873)	secret(0.00806)	bread(0.00806)	dress(0.00699)	small(0.00647)	piec(0.00553)	mushroom(0.00543)	crisp(0.00533)	delici(0.00533)	mozzarella(0.00501)	ranch(0.00478)	favorit(0.00465)	share(0.00450)	flavor(0.00449)	
Topic 2(0.05004):	roll(0.05256)	sushi(0.04896)	pork(0.03596)	fish(0.02568)	beef(0.01904)	tuna(0.01715)	salmon(0.01679)	korean(0.01542)	rice(0.01502)	sauc(0.01436)	belli(0.01429)	spici(0.01396)	favorit(0.01213)	pork-belli(0.01081)	chef(0.00983)	piec(0.00968)	special(0.00951)	dish(0.00847)	sashimi(0.00814)	nigiri(0.00768)	tast(0.00731)	poke(0.00709)	brisket(0.00693)	restaur(0.00639)	tofu(0.00631)	cook(0.00597)	sake(0.00559)	appet(0.00551)	dinner(0.00531)	short-rib(0.00518)	
Topic 3(0.04231):	buffet(0.07099)	crab(0.04018)	shrimp(0.03102)	dinner(0.02868)	select(0.02742)	price(0.02657)	seafood(0.02561)	station(0.02177)	varieti(0.01694)	offer(0.01631)	oyster(0.01609)	prime(0.01442)	best(0.01354)	lunch(0.01058)	crab-leg(0.01014)	pretti(0.01008)	prime-rib(0.01002)	asian(0.00945)	includ(0.00912)	time(0.00823)	juici(0.00708)	pound(0.00662)	plate(0.00621)	expect(0.00604)	wait(0.00594)	skip(0.00569)	clam(0.00534)	money(0.00525)	stuff(0.00521)	vega(0.00495)	
Topic 4(0.03942):	chocol(0.05242)	cake(0.05201)	sweet(0.02459)	french(0.02291)	cooki(0.01958)	coffe(0.01500)	pastri(0.01309)	delici(0.01208)	sugar(0.01115)	bread(0.01092)	cupcak(0.00995)	bakeri(0.00924)	tast(0.00919)	treat(0.00893)	peanut(0.00877)	fill(0.00839)	bake(0.00813)	white(0.00746)	velvet(0.00734)	strawberri(0.00723)	macaron(0.00692)	appl(0.00689)	favorit(0.00613)	flavor(0.00604)	toast(0.00596)	rich(0.00595)	delight(0.00578)	peanut-butter(0.00571)	yummi(0.00563)	best(0.00554)	
Topic 5(0.04777):	option(0.04388)	side(0.04111)	choic(0.02351)	onion(0.02056)	choos(0.01880)	veggi(0.01689)	friend(0.01606)	pricey(0.01437)	card(0.01375)	wrap(0.01320)	healthi(0.01255)	lunch(0.01177)	size(0.01104)	time(0.01005)	delici(0.00960)	sweet(0.00925)	counter(0.00913)	deal(0.00906)	price(0.00879)	turkey(0.00859)	sweet-potato(0.00853)	pretti(0.00845)	definit(0.00833)	work(0.00761)	ring(0.00727)	offer(0.00708)	locat(0.00702)	today(0.00695)	type(0.00694)	patti(0.00689)	
Topic 6(0.05910):	locat(0.05660)	shop(0.04275)	park(0.04245)	find(0.03388)	store(0.03210)	area(0.01689)	month(0.01669)	town(0.01609)	shake(0.01198)	walk(0.01190)	fast(0.01104)	price(0.01049)	select(0.00910)	drive(0.00887)	clean(0.00883)	squar(0.00800)	product(0.00764)	reason(0.00726)	work(0.00714)	valley(0.00690)	stuff(0.00654)	insid(0.00644)	peopl(0.00603)	market(0.00602)	doubl(0.00601)	west(0.00596)	offer(0.00574)	fast-food(0.00570)	open(0.00551)	custom(0.00546)	
Topic 7(0.04186):	beer(0.05821)	pretti(0.02399)	best(0.01809)	dine(0.01618)	special(0.01334)	solid(0.01188)	area(0.01126)	bite(0.01059)	deep(0.01054)	tast(0.01028)	standard(0.01002)	friend(0.00957)	famous(0.00882)	sport(0.00878)	select(0.00871)	price(0.00868)	impress(0.00838)	time(0.00816)	truffl(0.00809)	expect(0.00766)	size(0.00738)	coupl(0.00663)	pretti-good(0.00660)	tabl(0.00649)	dine-area(0.00648)	restaur(0.00595)	chicago(0.00587)	booth(0.00587)	black(0.00565)	hot-dog(0.00563)	
Topic 8(0.05456):	vega(0.08103)	year(0.04358)	las-vega(0.04246)	local(0.02112)	sign(0.01644)	review(0.01438)	pictur(0.01403)	event(0.01401)	time(0.01281)	peopl(0.01212)	trip(0.01163)	NUM-year(0.01067)	experi(0.01050)	buck(0.00956)	famili(0.00933)	yelp(0.00884)	pass(0.00857)	year-ago(0.00828)	photo(0.00822)	close(0.00806)	bring(0.00761)	discount(0.00740)	open(0.00728)	walk(0.00719)	truck(0.00612)	start(0.00604)	NUM-buck(0.00597)	town(0.00574)	drive(0.00571)	post(0.00569)	
Topic 9(0.06116):	happi(0.04316)	tabl(0.04011)	wait(0.03829)	NUM-minut(0.02884)	happi-hour(0.02209)	told(0.02049)	time(0.01873)	custom(0.01698)	manag(0.01673)	seat(0.01564)	waitress(0.01462)	call(0.01430)	reserv(0.01285)	final(0.01249)	arriv(0.01220)	waiter(0.01094)	wine(0.01089)	brought(0.01018)	parti(0.00928)	friend(0.00923)	drink(0.00907)	bill(0.00886)	experi(0.00885)	work(0.00851)	second(0.00843)	start(0.00837)	hostess(0.00832)	total(0.00790)	point(0.00789)	attent(0.00730)	
Topic 10(0.04161):	flavor(0.06624)	cream(0.06322)	ice-cream(0.03639)	sweet(0.03581)	tast(0.03266)	honey(0.01341)	boba(0.01245)	crepe(0.01234)	salt(0.01062)	perfect(0.01031)	favorit(0.00948)	coconut(0.00947)	mango(0.00941)	gelato(0.00906)	strawberri(0.00874)	creami(0.00855)	creme(0.00846)	black(0.00742)	vanilla(0.00716)	custard(0.00713)	best(0.00708)	cours(0.00676)	frozen(0.00670)	banana(0.00627)	brule(0.00539)	whip(0.00511)	shave(0.00426)	real(0.00421)	balanc(0.00421)	creme-brule(0.00418)	
Topic 11(0.03938):	soup(0.05755)	ramen(0.04535)	bowl(0.03839)	extra(0.02723)	broth(0.02302)	small(0.02275)	flavor(0.01232)	tast(0.01118)	time(0.01115)	monta(0.00961)	pork(0.00918)	spici(0.00899)	piec(0.00853)	restaur(0.00822)	indian(0.00799)	perfect(0.00744)	cook(0.00733)	base(0.00730)	spring(0.00722)	size(0.00693)	ball(0.00675)	wait(0.00654)	pretti(0.00624)	spot(0.00623)	veget(0.00612)	best(0.00612)	fill(0.00611)	serv(0.00596)	delici(0.00594)	friend(0.00582)	
Topic 12(0.05073):	chicken(0.11049)	dish(0.05286)	rice(0.04100)	lunch(0.03347)	thai(0.03300)	sauc(0.03030)	curri(0.02526)	restaur(0.02435)	spici(0.02197)	wing(0.01554)	flavor(0.01478)	crispi(0.01248)	beef(0.01240)	spice(0.01200)	chines(0.01132)	special(0.01095)	fri-rice(0.00944)	duck(0.00931)	garlic(0.00671)	lunch-special(0.00648)	tast(0.00630)	plate(0.00600)	shrimp(0.00599)	delici(0.00598)	pad-thai(0.00567)	tender(0.00548)	cook(0.00509)	asian(0.00498)	serv(0.00479)	style(0.00468)	
Topic 13(0.03585):	taco(0.05317)	chip(0.03075)	bean(0.02549)	mexican(0.01887)	corn(0.01738)	delici(0.01574)	sauc(0.01553)	burrito(0.01445)	fish(0.01285)	flavor(0.01165)	tortilla(0.01132)	nacho(0.01132)	tast(0.01042)	margarita(0.00935)	sour(0.00830)	fusion(0.00781)	asada(0.00776)	chipotl(0.00739)	super(0.00730)	serv(0.00724)	carn(0.00711)	street(0.00691)	restaur(0.00678)	guacamol(0.00673)	side(0.00664)	cilantro(0.00657)	pineappl(0.00623)	favorit(0.00618)	carn-asada(0.00603)	mexican-food(0.00570)	
Topic 14(0.06548):	room(0.07142)	casino(0.03984)	stay(0.03754)	hotel(0.03659)	strip(0.02488)	view(0.01808)	pool(0.01780)	vega(0.01587)	walk(0.01429)	machin(0.01003)	area(0.00857)	suit(0.00796)	clean(0.00745)	properti(0.00741)	elev(0.00692)	tower(0.00665)	restaur(0.00657)	gambl(0.00629)	resort(0.00618)	valet(0.00599)	slot(0.00580)	park(0.00575)	fountain(0.00547)	easi(0.00537)	locat(0.00514)	airport(0.00507)	wynn(0.00497)	modern(0.00496)	smell(0.00491)	aria(0.00483)	
Topic 15(0.06230):	time(0.12863)	star(0.05856)	pretti(0.04036)	busi(0.03184)	wait(0.02861)	feel(0.02377)	price(0.01806)	friend(0.01640)	restaur(0.01349)	peopl(0.01285)	review(0.01184)	rememb(0.01099)	expect(0.01058)	cafe(0.01023)	pretti-good(0.00998)	averag(0.00982)	reason(0.00929)	rate(0.00868)	hungri(0.00863)	overpr(0.00755)	suck(0.00706)	thought(0.00679)	slow(0.00659)	rush(0.00649)	fact(0.00598)	door(0.00596)	walk(0.00591)	coupl(0.00570)	close(0.00561)	weird(0.00559)	
Topic 16(0.04127):	breakfast(0.04527)	waffl(0.02156)	pancak(0.02045)	brunch(0.02003)	serv(0.01815)	toast(0.01810)	plate(0.01286)	time(0.01176)	hawaiian(0.01158)	wait(0.01118)	delici(0.01081)	spot(0.01041)	side(0.01035)	tabl(0.00946)	coffe(0.00878)	friend(0.00848)	chicken(0.00787)	sausag(0.00763)	syrup(0.00746)	benedict(0.00741)	season(0.00691)	brown(0.00685)	bread(0.00673)	kitchen(0.00654)	best(0.00651)	favorit(0.00644)	omelet(0.00614)	crispi(0.00608)	cute(0.00594)	corn(0.00574)	
Topic 17(0.05995):	friend(0.05883)	definit(0.05452)	recommend(0.03951)	strip(0.03376)	best(0.03223)	amaz(0.03193)	restaur(0.02486)	staff(0.02437)	super(0.02235)	price(0.02048)	pretti(0.01777)	experi(0.01441)	review(0.01250)	open(0.01029)	time(0.01013)	star(0.00971)	delici(0.00964)	spot(0.00852)	peopl(0.00787)	soda(0.00786)	vega(0.00773)	high-recommend(0.00736)	casual(0.00732)	heard(0.00700)	combo(0.00689)	opinion(0.00689)	yelp(0.00682)	side(0.00666)	great-servic(0.00655)	establish(0.00642)	
Topic 18(0.05058):	seat(0.04657)	watch(0.03033)	peopl(0.01863)	theater(0.01540)	time(0.01499)	ticket(0.01421)	sound(0.01158)	rock(0.01067)	stand(0.01019)	cirqu(0.00966)	entertain(0.00961)	music(0.00939)	stage(0.00880)	amaz(0.00873)	stori(0.00836)	perform(0.00824)	funni(0.00801)	beauti(0.00766)	favorit(0.00670)	water(0.00624)	venu(0.00622)	crowd(0.00588)	concert(0.00582)	best(0.00559)	laugh(0.00558)	close(0.00550)	song(0.00542)	adult(0.00538)	vega(0.00529)	impress(0.00518)	
Topic 19(0.05722):	steak(0.03753)	bread(0.02215)	restaur(0.01938)	perfect(0.01909)	cook(0.01773)	lobster(0.01489)	dinner(0.01425)	dish(0.01394)	dine(0.01343)	cours(0.01256)	plate(0.01256)	serv(0.01147)	mushroom(0.01094)	excel(0.01072)	sauc(0.01067)	side(0.01019)	delici(0.00974)	tast(0.00971)	wine(0.00940)	appet(0.00912)	rare(0.00881)	medium(0.00852)	start(0.00789)	tender(0.00781)	season(0.00722)	flavor(0.00706)	tabl(0.00668)	filet(0.00653)	share(0.00639)	mash-potato(0.00623)	
264 users are loaded from /zf18/ll5fy/lab/dataset/yelp/byUser_70k_review/5foldsCVColdstart/3/...
260 users are loaded from /zf18/ll5fy/lab/dataset/yelp/byUser_70k_review/5foldsCVColdstart/0/...
244 users are loaded from /zf18/ll5fy/lab/dataset/yelp/byUser_70k_review/5foldsCVColdstart/1/...
266 users are loaded from /zf18/ll5fy/lab/dataset/yelp/byUser_70k_review/5foldsCVColdstart/2/...
256 users are loaded from /zf18/ll5fy/lab/dataset/yelp/byUser_70k_review/5foldsCVColdstart/4/...
====================
[Info]Fold No. 3: 
train size = 12591, test size = 3252....
[Info]EM Starting multithread LDA[k:20, alpha:1.01, beta:1.00, Variational]...
==============
[Info]Likelihood -3466630.70326 at step 0 converge to 1.0000000000...
==============
[Info]Likelihood -3465629.90983 at step 1 converge to 0.0002886934...
==============
[Info]Likelihood -3464624.39727 at step 2 converge to 0.0002901385...
==============
[Info]Likelihood -3463564.57428 at step 3 converge to 0.0003058984...
==============
[Info]Likelihood -3462283.32193 at step 4 converge to 0.0003699230...
==============
[Info]Likelihood -3460467.56466 at step 5 converge to 0.0005244393...
==============
[Info]Likelihood -3456947.56997 at step 6 converge to 0.0010172020...
==============
[Info]Likelihood -3446616.26157 at step 7 converge to 0.0029885638...
==============
[Info]Likelihood -3415986.05826 at step 8 converge to 0.0088870361...
==============
[Info]Likelihood -3358578.24386 at step 9 converge to 0.0168056349...
==============
[Info]Likelihood -3301636.56688 at step 10 converge to 0.0169541017...
==============
[Info]Likelihood -3257408.84104 at step 11 converge to 0.0133956978...
==============
[Info]Likelihood -3223634.84859 at step 12 converge to 0.0103683615...
==============
[Info]Likelihood -3196666.89755 at step 13 converge to 0.0083656966...
==============
[Info]Likelihood -3175300.30831 at step 14 converge to 0.0066840212...
==============
[Info]Likelihood -3158517.82885 at step 15 converge to 0.0052853204...
==============
[Info]Likelihood -3144944.75682 at step 16 converge to 0.0042972916...
==============
[Info]Likelihood -3133642.05559 at step 17 converge to 0.0035939268...
==============
[Info]Likelihood -3124054.81300 at step 18 converge to 0.0030594568...
==============
[Info]Likelihood -3115787.68136 at step 19 converge to 0.0026462825...
==============
[Info]Likelihood -3108538.24107 at step 20 converge to 0.0023266798...
==============
[Info]Likelihood -3102104.45597 at step 21 converge to 0.0020697140...
==============
[Info]Likelihood -3096326.69610 at step 22 converge to 0.0018625291...
==============
[Info]Likelihood -3091091.12363 at step 23 converge to 0.0016908980...
==============
[Info]Likelihood -3086328.89686 at step 24 converge to 0.0015406297...
==============
[Info]Likelihood -3081982.07827 at step 25 converge to 0.0014084107...
==============
[Info]Likelihood -3078001.60708 at step 26 converge to 0.0012915296...
==============
[Info]Likelihood -3074350.21397 at step 27 converge to 0.0011862869...
==============
[Info]Likelihood -3070994.90029 at step 28 converge to 0.0010913895...
==============
[Info]Likelihood -3067892.32227 at step 29 converge to 0.0010102843...
[Info]Likelihood -3067892.322 after step 30 converge to 0.001010 after 61 seconds...
[Info]Start evaluation in thread
[Stat]Test set perplexity is 1050.286 and log-likelihood is -315.968
[Info]multithread LDA[k:20, alpha:1.01, beta:1.00, Variational] Train/Test finished in 62.35 seconds...
TopWord FilePath:/zf18/ll5fy/lab/dataset/yelp/byUser_70k_review/output/5foldsCVColdstart/3/LDA_Variational_topWords_20.txt
Topic 0(0.04534):	dish(0.07167)	thai(0.03005)	curri(0.02313)	restaur(0.02207)	cours(0.01997)	flavor(0.01679)	plate(0.01457)	spice(0.01290)	serv(0.01079)	tast(0.01028)	chef(0.01024)	spici(0.00970)	duck(0.00959)	perfect(0.00832)	sweet(0.00817)	rice(0.00795)	veget(0.00756)	pair(0.00741)	best(0.00672)	small(0.00658)	foie-gras(0.00628)	crispi(0.00626)	sauc(0.00594)	pad-thai(0.00576)	truffl(0.00554)	favorit(0.00512)	indian(0.00506)	rich(0.00505)	excel(0.00482)	roast(0.00461)	
Topic 1(0.03634):	taco(0.04758)	chip(0.03257)	bean(0.02089)	mexican(0.02016)	flavor(0.01501)	corn(0.01382)	burrito(0.01364)	nacho(0.01346)	tast(0.01246)	delici(0.01121)	tortilla(0.01075)	sour(0.00958)	margarita(0.00955)	serv(0.00854)	amaz(0.00750)	cilantro(0.00694)	asada(0.00693)	chipotl(0.00692)	onion(0.00690)	carn(0.00680)	friend(0.00679)	super(0.00673)	restaur(0.00670)	favorit(0.00663)	shrimp(0.00658)	guacamol(0.00657)	pineappl(0.00633)	best(0.00632)	option(0.00625)	side(0.00609)	
Topic 2(0.03958):	pizza(0.07044)	slice(0.02606)	pasta(0.02039)	sauc(0.01784)	crust(0.01634)	garlic(0.01497)	italian(0.01496)	sausag(0.01483)	bread(0.01292)	thin(0.01280)	style(0.01224)	oliv(0.01170)	mushroom(0.01129)	ingredi(0.00955)	white(0.00944)	tast(0.00904)	meatbal(0.00878)	serv(0.00797)	perfect(0.00755)	best(0.00735)	deep(0.00719)	mozzarella(0.00706)	onion(0.00656)	delici(0.00632)	secret(0.00599)	chicago(0.00573)	dress(0.00563)	parmesan(0.00550)	pepperoni(0.00541)	oliv-oil(0.00494)	
Topic 3(0.05570):	tabl(0.07235)	restaur(0.06668)	experi(0.04352)	dine(0.03768)	friend(0.02745)	dinner(0.02418)	wine(0.02296)	seat(0.02007)	glass(0.01783)	reserv(0.01688)	waitress(0.01432)	birthday(0.01231)	patio(0.01100)	appet(0.01016)	brought(0.00954)	hostess(0.00884)	amaz(0.00819)	excel(0.00805)	parti(0.00795)	recommend(0.00767)	staff(0.00738)	fine(0.00732)	time(0.00731)	attent(0.00713)	serv(0.00692)	booth(0.00574)	delici(0.00569)	start(0.00562)	dine-room(0.00526)	expect(0.00511)	
Topic 4(0.05950):	drink(0.08944)	night(0.07348)	peopl(0.03237)	play(0.02430)	crowd(0.02370)	club(0.02367)	music(0.02326)	cool(0.02304)	friend(0.01488)	parti(0.01480)	bartend(0.01401)	time(0.01244)	danc(0.01089)	saturday(0.01079)	loung(0.01055)	friday(0.00960)	area(0.00889)	pack(0.00827)	insid(0.00787)	pretti(0.00773)	vibe(0.00752)	open(0.00747)	feel(0.00711)	bottl(0.00700)	work(0.00671)	cover(0.00646)	spot(0.00631)	saturday-night(0.00607)	space(0.00607)	door(0.00556)	
Topic 5(0.04768):	wait(0.09637)	buffet(0.06365)	time(0.02101)	station(0.01968)	NUM-minut(0.01737)	select(0.01613)	peopl(0.01568)	pretti(0.01349)	dinner(0.01344)	crab(0.01224)	offer(0.01031)	varieti(0.01019)	best(0.00978)	money(0.00967)	prime(0.00946)	seafood(0.00931)	pass(0.00879)	plate(0.00865)	expect(0.00839)	save(0.00827)	crab-leg(0.00824)	NUM-min(0.00773)	prime-rib(0.00733)	choic(0.00729)	asian(0.00700)	price(0.00687)	cold(0.00571)	compar(0.00545)	truck(0.00543)	terribl(0.00529)	
Topic 6(0.03964):	ramen(0.04401)	bowl(0.03973)	extra(0.03000)	small(0.02773)	broth(0.02383)	time(0.01519)	flavor(0.01291)	base(0.01157)	tast(0.01049)	spring(0.01032)	definit(0.00990)	monta(0.00942)	yelper(0.00917)	friend(0.00898)	best(0.00891)	super(0.00830)	prefer(0.00781)	perfect(0.00780)	cook(0.00773)	restaur(0.00769)	open(0.00753)	size(0.00723)	thought(0.00710)	feel(0.00688)	soup(0.00651)	crave(0.00641)	spici(0.00630)	spot(0.00620)	tini(0.00594)	amount(0.00585)	
Topic 7(0.05867):	beer(0.04613)	park(0.04313)	shop(0.03862)	store(0.03118)	find(0.03028)	area(0.02608)	select(0.01868)	downtown(0.01625)	walk(0.01495)	drive(0.01331)	insid(0.01140)	street(0.00914)	peopl(0.00835)	cool(0.00797)	locat(0.00784)	spot(0.00718)	easi(0.00681)	time(0.00648)	airport(0.00642)	product(0.00637)	town(0.00634)	fremont(0.00606)	stuff(0.00594)	pick(0.00551)	sell(0.00513)	snack(0.00499)	feel(0.00485)	brew(0.00480)	outdoor(0.00475)	sport(0.00469)	
Topic 8(0.05029):	lunch(0.07463)	locat(0.03626)	time(0.02421)	pretti(0.02174)	size(0.01917)	option(0.01847)	friend(0.01693)	today(0.01372)	side(0.01370)	busi(0.01328)	special(0.01159)	healthi(0.01097)	feel(0.01054)	wrap(0.01031)	definit(0.00941)	clean(0.00893)	work(0.00892)	truffl(0.00830)	counter(0.00819)	soda(0.00811)	turkey(0.00782)	bread(0.00762)	plate(0.00716)	lunch-special(0.00700)	groupon(0.00614)	bring(0.00575)	delici(0.00566)	staff(0.00563)	small(0.00535)	vegan(0.00491)	
Topic 9(0.04957):	seat(0.04795)	watch(0.03140)	time(0.01754)	peopl(0.01722)	theater(0.01388)	amaz(0.01300)	ticket(0.01276)	water(0.01255)	definit(0.01015)	entertain(0.01013)	beauti(0.01002)	sound(0.00960)	expect(0.00929)	stand(0.00875)	thought(0.00867)	cirqu(0.00813)	perform(0.00783)	stori(0.00772)	funni(0.00727)	stage(0.00704)	best(0.00678)	figur(0.00625)	close(0.00624)	favorit(0.00611)	impress(0.00596)	venu(0.00567)	feel(0.00534)	screen(0.00512)	point(0.00508)	laugh(0.00500)	
Topic 10(0.04823):	chicken(0.13309)	sauc(0.06199)	side(0.02271)	flavor(0.02021)	wing(0.01988)	sweet(0.01487)	crispi(0.01360)	fast(0.01202)	juici(0.01138)	tast(0.01106)	delici(0.01055)	perfect(0.00989)	definit(0.00943)	strip(0.00927)	super(0.00917)	tender(0.00837)	combo(0.00819)	piec(0.00798)	white(0.00796)	time(0.00763)	garlic(0.00748)	finger(0.00715)	yummi(0.00683)	friend(0.00674)	joint(0.00671)	bite(0.00609)	bread(0.00599)	onion(0.00592)	best(0.00576)	patti(0.00575)	
Topic 11(0.04204):	coffe(0.04091)	breakfast(0.03750)	french(0.02493)	toast(0.02203)	waffl(0.02050)	brunch(0.01944)	cafe(0.01608)	pancak(0.01592)	bread(0.01460)	serv(0.01262)	crepe(0.01225)	delici(0.01000)	honey(0.00883)	friend(0.00868)	syrup(0.00842)	side(0.00678)	benedict(0.00674)	pastri(0.00667)	french-toast(0.00662)	croissant(0.00617)	fill(0.00614)	choic(0.00579)	omelet(0.00576)	banana(0.00564)	best(0.00518)	small(0.00517)	sausag(0.00509)	cute(0.00503)	brown(0.00498)	tast(0.00475)	
Topic 12(0.04743):	steak(0.05446)	cook(0.02389)	perfect(0.02211)	lobster(0.02044)	shrimp(0.02025)	side(0.01982)	bread(0.01939)	crab(0.01598)	tast(0.01361)	medium(0.01304)	delici(0.01289)	rare(0.01273)	oyster(0.01252)	dinner(0.01216)	excel(0.01038)	mash-potato(0.00947)	filet(0.00940)	season(0.00935)	start(0.00911)	seafood(0.00904)	serv(0.00847)	mushroom(0.00831)	amaz(0.00811)	best(0.00778)	appet(0.00764)	bone(0.00726)	tender(0.00708)	ribey(0.00666)	steakhous(0.00649)	sauc(0.00642)	
Topic 13(0.04051):	roll(0.06470)	sushi(0.06140)	fish(0.04098)	salmon(0.02602)	tuna(0.02291)	rice(0.01834)	chef(0.01589)	favorit(0.01511)	hawaiian(0.01202)	spici(0.01176)	piec(0.01093)	time(0.00992)	special(0.00926)	tast(0.00914)	poke(0.00905)	sauc(0.00892)	nigiri(0.00864)	sashimi(0.00860)	dinner(0.00816)	shrimp(0.00807)	definit(0.00759)	sake(0.00677)	plate(0.00614)	best(0.00587)	appet(0.00580)	serv(0.00576)	oxtail(0.00544)	restaur(0.00530)	delici(0.00528)	amaz(0.00519)	
Topic 14(0.05170):	cream(0.05577)	chocol(0.04326)	cake(0.03943)	ice-cream(0.03027)	flavor(0.03002)	sweet(0.02962)	tast(0.01565)	cooki(0.01464)	strawberri(0.01251)	vanilla(0.01001)	donut(0.00961)	appl(0.00932)	sugar(0.00864)	cupcak(0.00824)	banana(0.00752)	frozen(0.00748)	pastri(0.00697)	custard(0.00686)	gelato(0.00685)	treat(0.00658)	coconut(0.00631)	peanut(0.00608)	bakeri(0.00599)	macaron(0.00594)	delici(0.00591)	creme(0.00585)	tart(0.00578)	favorit(0.00569)	best(0.00556)	salt(0.00527)	
Topic 15(0.06227):	room(0.07402)	casino(0.04113)	strip(0.04036)	stay(0.03986)	hotel(0.03591)	pool(0.01503)	walk(0.01460)	view(0.01313)	clean(0.01037)	locat(0.00924)	machin(0.00897)	rock(0.00870)	suit(0.00752)	properti(0.00750)	tower(0.00730)	area(0.00719)	vega(0.00698)	elev(0.00697)	smell(0.00673)	valet(0.00663)	resort(0.00637)	gambl(0.00625)	slot(0.00594)	aria(0.00564)	book(0.00553)	wynn(0.00547)	park(0.00533)	modern(0.00507)	red-rock(0.00507)	desk(0.00499)	
Topic 16(0.05983):	time(0.05390)	star(0.05345)	custom(0.02509)	told(0.02242)	review(0.02157)	call(0.01891)	manag(0.01780)	waiter(0.01595)	NUM-minut(0.01487)	drink(0.01269)	card(0.01249)	rate(0.00982)	custom-servic(0.00940)	friend(0.00927)	work(0.00920)	boba(0.00892)	staff(0.00879)	arriv(0.00838)	receiv(0.00798)	busi(0.00796)	yelp(0.00790)	final(0.00789)	bill(0.00789)	start(0.00762)	wife(0.00752)	care(0.00725)	return(0.00716)	brought(0.00683)	talk(0.00676)	problem(0.00653)	
Topic 17(0.04719):	beef(0.04810)	pork(0.04721)	soup(0.03811)	rice(0.03506)	korean(0.01740)	spici(0.01673)	dish(0.01516)	belli(0.01339)	side(0.01246)	chines(0.01236)	cook(0.01221)	flavor(0.01212)	veggi(0.01149)	asian(0.01089)	pork-belli(0.01015)	tast(0.00982)	tofu(0.00965)	steam(0.00920)	fri-rice(0.00898)	pull(0.00847)	brisket(0.00837)	bean(0.00724)	style(0.00724)	short(0.00706)	favorit(0.00648)	delici(0.00631)	sauc(0.00617)	shrimp(0.00614)	definit(0.00574)	short-rib(0.00568)	
Topic 18(0.06303):	price(0.10130)	pretti(0.05904)	happi(0.05855)	time(0.04868)	happi-hour(0.03033)	friend(0.02844)	definit(0.02709)	special(0.02592)	town(0.02100)	pretti-good(0.01869)	reason(0.01843)	slow(0.01489)	recommend(0.01386)	deal(0.01377)	spot(0.01140)	favorit(0.01042)	coupl(0.01022)	busi(0.00946)	best(0.00865)	buck(0.00847)	close(0.00773)	good-food(0.00763)	drink(0.00756)	amaz(0.00744)	delici(0.00639)	locat(0.00580)	pricey(0.00573)	staff(0.00564)	fantast(0.00549)	NUM-buck(0.00546)	
Topic 19(0.05544):	vega(0.11932)	las-vega(0.04575)	year(0.04336)	local(0.02891)	open(0.02074)	time(0.01991)	sign(0.01532)	trip(0.01460)	walk(0.01276)	best(0.01201)	famili(0.01182)	NUM-year(0.01042)	find(0.00998)	pictur(0.00984)	locat(0.00963)	year-ago(0.00859)	market(0.00804)	NUM-hour(0.00714)	event(0.00700)	number(0.00672)	close(0.00636)	feel(0.00589)	afternoon(0.00575)	popcorn(0.00568)	review(0.00537)	read(0.00529)	fact(0.00522)	henderson(0.00508)	post(0.00490)	week(0.00486)	
256 users are loaded from /zf18/ll5fy/lab/dataset/yelp/byUser_70k_review/5foldsCVColdstart/4/...
260 users are loaded from /zf18/ll5fy/lab/dataset/yelp/byUser_70k_review/5foldsCVColdstart/0/...
244 users are loaded from /zf18/ll5fy/lab/dataset/yelp/byUser_70k_review/5foldsCVColdstart/1/...
266 users are loaded from /zf18/ll5fy/lab/dataset/yelp/byUser_70k_review/5foldsCVColdstart/2/...
264 users are loaded from /zf18/ll5fy/lab/dataset/yelp/byUser_70k_review/5foldsCVColdstart/3/...
====================
[Info]Fold No. 4: 
train size = 12424, test size = 3419....
[Info]EM Starting multithread LDA[k:20, alpha:1.01, beta:1.00, Variational]...
==============
[Info]Likelihood -3404178.01616 at step 0 converge to 1.0000000000...
==============
[Info]Likelihood -3403190.88233 at step 1 converge to 0.0002899771...
==============
[Info]Likelihood -3402200.73195 at step 2 converge to 0.0002909476...
==============
[Info]Likelihood -3401160.80186 at step 3 converge to 0.0003056639...
==============
[Info]Likelihood -3399950.59190 at step 4 converge to 0.0003558226...
==============
[Info]Likelihood -3398381.36829 at step 5 converge to 0.0004615431...
==============
[Info]Likelihood -3395763.29633 at step 6 converge to 0.0007703879...
==============
[Info]Likelihood -3388977.15025 at step 7 converge to 0.0019984155...
==============
[Info]Likelihood -3365569.70657 at step 8 converge to 0.0069069346...
==============
[Info]Likelihood -3311234.80383 at step 9 converge to 0.0161443403...
==============
[Info]Likelihood -3252789.01012 at step 10 converge to 0.0176507548...
==============
[Info]Likelihood -3207824.43967 at step 11 converge to 0.0138233898...
==============
[Info]Likelihood -3174226.15888 at step 12 converge to 0.0104738527...
==============
[Info]Likelihood -3148107.32005 at step 13 converge to 0.0082284114...
==============
[Info]Likelihood -3127170.27894 at step 14 converge to 0.0066506758...
==============
[Info]Likelihood -3109983.49558 at step 15 converge to 0.0054959538...
==============
[Info]Likelihood -3095801.59154 at step 16 converge to 0.0045601220...
==============
[Info]Likelihood -3083981.16291 at step 17 converge to 0.0038182126...
==============
[Info]Likelihood -3073952.17930 at step 18 converge to 0.0032519601...
==============
[Info]Likelihood -3065269.75483 at step 19 converge to 0.0028245151...
==============
[Info]Likelihood -3057614.69721 at step 20 converge to 0.0024973520...
==============
[Info]Likelihood -3050720.07453 at step 21 converge to 0.0022549024...
==============
[Info]Likelihood -3044413.66036 at step 22 converge to 0.0020671887...
==============
[Info]Likelihood -3038608.15376 at step 23 converge to 0.0019069375...
==============
[Info]Likelihood -3033257.65747 at step 24 converge to 0.0017608379...
==============
[Info]Likelihood -3028331.31294 at step 25 converge to 0.0016241101...
==============
[Info]Likelihood -3023793.11616 at step 26 converge to 0.0014985800...
==============
[Info]Likelihood -3019606.96283 at step 27 converge to 0.0013844047...
==============
[Info]Likelihood -3015742.29553 at step 28 converge to 0.0012798577...
==============
[Info]Likelihood -3012183.93314 at step 29 converge to 0.0011799292...
[Info]Likelihood -3012183.933 after step 30 converge to 0.001180 after 67 seconds...
[Info]Start evaluation in thread
[Stat]Test set perplexity is 1093.545 and log-likelihood is -317.945
[Info]multithread LDA[k:20, alpha:1.01, beta:1.00, Variational] Train/Test finished in 68.82 seconds...
TopWord FilePath:/zf18/ll5fy/lab/dataset/yelp/byUser_70k_review/output/5foldsCVColdstart/4/LDA_Variational_topWords_20.txt
Topic 0(0.04123):	buffet(0.07430)	crab(0.04301)	shrimp(0.03946)	seafood(0.02750)	station(0.02247)	dinner(0.01861)	select(0.01562)	prime(0.01446)	oyster(0.01432)	best(0.01269)	time(0.01249)	buck(0.01198)	brunch(0.01129)	crab-leg(0.01095)	price(0.01065)	offer(0.01058)	prime-rib(0.00991)	vega(0.00944)	NUM-buck(0.00788)	plate(0.00770)	pound(0.00735)	includ(0.00696)	airport(0.00693)	asian(0.00642)	save(0.00625)	spoon(0.00611)	juici(0.00594)	night(0.00576)	wait(0.00562)	varieti(0.00550)	
Topic 1(0.04809):	steak(0.04353)	cours(0.02175)	bread(0.02067)	lobster(0.01631)	perfect(0.01506)	dine(0.01390)	cook(0.01354)	dinner(0.01157)	restaur(0.01140)	mushroom(0.00964)	chef(0.00956)	truffl(0.00946)	tast(0.00916)	rare(0.00907)	plate(0.00890)	serv(0.00887)	side(0.00867)	experi(0.00830)	start(0.00748)	excel(0.00737)	medium(0.00725)	filet(0.00722)	best(0.00720)	scallop(0.00690)	mash-potato(0.00668)	foie-gras(0.00630)	beauti(0.00607)	dish(0.00574)	warm(0.00573)	tabl(0.00565)	
Topic 2(0.05240):	pretti(0.13386)	beer(0.05494)	vega(0.04364)	pretti-good(0.03056)	price(0.02627)	las-vega(0.01936)	star(0.01855)	select(0.01530)	total(0.01421)	expect(0.01376)	night(0.01307)	averag(0.01235)	local(0.01191)	best(0.01188)	cool(0.01077)	special(0.00967)	standard(0.00935)	time(0.00926)	coupl(0.00916)	reason(0.00690)	trip(0.00684)	deal(0.00638)	solid(0.00636)	overpr(0.00632)	friend(0.00619)	definit(0.00590)	town(0.00581)	brew(0.00555)	sport(0.00549)	interest(0.00541)	
Topic 3(0.04792):	rice(0.05026)	soup(0.04516)	thai(0.03842)	spici(0.03367)	beef(0.03228)	pork(0.02768)	curri(0.02609)	dish(0.02459)	restaur(0.01833)	korean(0.01775)	chines(0.01389)	cook(0.01220)	asian(0.01218)	fri-rice(0.01177)	spice(0.01001)	tofu(0.00929)	short(0.00887)	sauc(0.00880)	duck(0.00841)	style(0.00764)	steam(0.00756)	short-rib(0.00742)	pad-thai(0.00726)	shrimp(0.00699)	broth(0.00686)	veget(0.00622)	favorit(0.00615)	veggi(0.00614)	crispi(0.00601)	dumpl(0.00551)	
Topic 4(0.04183):	flavor(0.12944)	sweet(0.03282)	perfect(0.03076)	tast(0.01847)	black(0.01825)	sauc(0.01662)	small(0.01309)	delici(0.01267)	side(0.01090)	definit(0.01054)	coconut(0.01040)	serv(0.01037)	bean(0.01034)	mango(0.01032)	combin(0.00959)	creami(0.00904)	textur(0.00894)	fill(0.00841)	tender(0.00787)	onion(0.00692)	beef(0.00684)	bite(0.00646)	dress(0.00584)	balanc(0.00581)	insid(0.00579)	sesam(0.00558)	time(0.00507)	roast(0.00507)	stuf(0.00495)	soft(0.00493)	
Topic 5(0.04819):	open(0.04603)	time(0.04591)	close(0.03163)	bowl(0.02106)	door(0.02050)	ramen(0.01743)	wall(0.01284)	real(0.01253)	boba(0.01152)	extra(0.01129)	peopl(0.01084)	pictur(0.00968)	figur(0.00955)	problem(0.00945)	thought(0.00901)	talk(0.00885)	best(0.00870)	wife(0.00830)	second(0.00803)	water(0.00778)	popular(0.00730)	walk(0.00725)	broth(0.00706)	vega(0.00686)	small(0.00685)	funni(0.00654)	reason(0.00640)	town(0.00633)	spring(0.00628)	anim(0.00614)	
Topic 6(0.04693):	restaur(0.05306)	wine(0.03668)	option(0.02423)	glass(0.02381)	tast(0.02062)	excel(0.01768)	choic(0.01740)	size(0.01439)	type(0.01294)	wrap(0.01242)	dine(0.01132)	fantast(0.01098)	impress(0.01076)	small(0.01063)	tapa(0.00972)	uniqu(0.00953)	choos(0.00951)	star(0.00916)	casual(0.00872)	friend(0.00836)	expens(0.00828)	select(0.00758)	snow(0.00712)	expect(0.00699)	best(0.00690)	feel(0.00681)	ingredi(0.00657)	definit(0.00626)	serv(0.00620)	offer(0.00606)	
Topic 7(0.04269):	chicken(0.15585)	lunch(0.08435)	sauc(0.02639)	wing(0.02239)	plate(0.01641)	dinner(0.01502)	side(0.01436)	time(0.01293)	strip(0.01219)	serv(0.01068)	delici(0.01000)	garlic(0.00894)	veget(0.00824)	bread(0.00781)	small(0.00765)	special(0.00740)	best(0.00739)	finger(0.00731)	indian(0.00716)	piec(0.00676)	choic(0.00672)	chicken-wing(0.00667)	tender(0.00648)	option(0.00636)	restaur(0.00632)	leftov(0.00620)	bland(0.00619)	friend(0.00589)	today(0.00539)	definit(0.00534)	
Topic 8(0.03722):	roll(0.07192)	sushi(0.06367)	fish(0.04413)	salmon(0.02789)	tuna(0.02452)	chef(0.01810)	spici(0.01323)	rice(0.01323)	special(0.01315)	sauc(0.01310)	piec(0.01122)	favorit(0.01116)	poke(0.01073)	sashimi(0.01030)	nigiri(0.01008)	hawaiian(0.00970)	tast(0.00873)	sake(0.00720)	time(0.00678)	dinner(0.00635)	appet(0.00626)	shrimp(0.00537)	teriyaki(0.00531)	garlic(0.00524)	includ(0.00493)	small(0.00459)	varieti(0.00459)	mussel(0.00458)	bowl(0.00446)	restaur(0.00445)	
Topic 9(0.04338):	pork(0.02613)	tast(0.02549)	fast(0.02418)	onion(0.02154)	side(0.02002)	sauc(0.01884)	shake(0.01572)	sweet(0.01447)	belli(0.01313)	pork-belli(0.01065)	pickl(0.01025)	veggi(0.01004)	joint(0.00999)	sweet-potato(0.00878)	cook(0.00832)	patti(0.00790)	pull(0.00770)	blue(0.00763)	popcorn(0.00747)	doubl(0.00744)	ring(0.00731)	bread(0.00685)	fast-food(0.00682)	crispi(0.00665)	smoke(0.00622)	definit(0.00616)	size(0.00615)	soft(0.00607)	truck(0.00586)	shack(0.00583)	
Topic 10(0.03887):	pizza(0.07046)	slice(0.02807)	sauc(0.02407)	pasta(0.01988)	bread(0.01962)	garlic(0.01750)	sausag(0.01486)	crust(0.01479)	italian(0.01453)	white(0.01424)	style(0.01164)	thin(0.01131)	meatbal(0.00913)	best(0.00904)	oliv(0.00825)	secret(0.00753)	deli(0.00713)	dress(0.00698)	mozzarella(0.00692)	ingredi(0.00608)	york(0.00601)	serv(0.00595)	caesar(0.00556)	buffalo(0.00530)	soda(0.00525)	mushroom(0.00525)	challeng(0.00524)	parmesan(0.00516)	ranch(0.00487)	time(0.00486)	
Topic 11(0.05608):	cream(0.05002)	chocol(0.04214)	cake(0.03141)	breakfast(0.02942)	coffe(0.02878)	ice-cream(0.02666)	sweet(0.01953)	pancak(0.01723)	cooki(0.01492)	toast(0.01379)	strawberri(0.01365)	waffl(0.01298)	banana(0.01146)	crepe(0.01096)	french(0.01054)	pastri(0.00986)	sugar(0.00981)	vanilla(0.00795)	velvet(0.00727)	appl(0.00725)	donut(0.00707)	tast(0.00691)	gelato(0.00627)	whip(0.00612)	syrup(0.00576)	fill(0.00576)	peanut(0.00495)	bakeri(0.00491)	macaron(0.00479)	french-toast(0.00474)	
Topic 12(0.05904):	locat(0.06724)	shop(0.04227)	find(0.03140)	park(0.02965)	store(0.02730)	year(0.02037)	area(0.01580)	town(0.01466)	drive(0.01204)	pick(0.01177)	walk(0.01103)	stuff(0.01061)	offer(0.01023)	cupcak(0.00936)	month(0.00865)	reason(0.00829)	time(0.00826)	price(0.00753)	market(0.00747)	select(0.00741)	vega(0.00740)	varieti(0.00669)	product(0.00657)	favorit(0.00608)	sell(0.00606)	famili(0.00592)	valley(0.00579)	healthi(0.00574)	clean(0.00567)	custom(0.00557)	
Topic 13(0.06584):	room(0.07059)	casino(0.03752)	hotel(0.03702)	stay(0.03675)	strip(0.03641)	vega(0.02090)	pool(0.01792)	view(0.01772)	walk(0.01389)	area(0.01110)	machin(0.00814)	suit(0.00786)	clean(0.00752)	night(0.00682)	properti(0.00648)	gambl(0.00646)	elev(0.00646)	resort(0.00579)	valet(0.00576)	park(0.00573)	fountain(0.00570)	slot(0.00568)	tower(0.00553)	wynn(0.00518)	aria(0.00513)	spacious(0.00491)	beauti(0.00484)	venetian(0.00477)	book(0.00467)	restaur(0.00458)	
Topic 14(0.06691):	wait(0.07110)	tabl(0.06425)	NUM-minut(0.02827)	seat(0.02814)	time(0.02787)	told(0.01794)	manag(0.01518)	experi(0.01455)	custom(0.01392)	final(0.01364)	arriv(0.01347)	call(0.01330)	water(0.01269)	star(0.01199)	peopl(0.01187)	waiter(0.01184)	waitress(0.01163)	reserv(0.01122)	brought(0.00998)	parti(0.00947)	start(0.00860)	walk(0.00858)	hostess(0.00801)	bill(0.00780)	refil(0.00684)	readi(0.00664)	card(0.00663)	understand(0.00624)	felt(0.00618)	busi(0.00617)	
Topic 15(0.06813):	music(0.02410)	seat(0.02244)	night(0.02230)	play(0.02104)	club(0.01998)	vega(0.01994)	watch(0.01955)	crowd(0.01831)	peopl(0.01822)	cool(0.01544)	danc(0.01182)	downtown(0.01075)	rock(0.01042)	ticket(0.01023)	theater(0.00966)	park(0.00875)	event(0.00840)	area(0.00826)	las-vega(0.00807)	entertain(0.00762)	cirqu(0.00755)	time(0.00711)	perform(0.00687)	walk(0.00663)	local(0.00647)	stage(0.00627)	venu(0.00595)	street(0.00593)	insid(0.00591)	beauti(0.00575)	
Topic 16(0.06228):	friend(0.08250)	time(0.07367)	staff(0.03891)	review(0.03507)	peopl(0.02993)	feel(0.02613)	work(0.02567)	busi(0.02501)	spot(0.02292)	yelp(0.02042)	bring(0.01779)	super(0.01593)	star(0.01351)	cold(0.00974)	fair(0.00910)	week(0.00884)	read(0.00840)	counter(0.00743)	smile(0.00619)	coupl(0.00611)	experi(0.00565)	ahead(0.00491)	deal(0.00483)	definit(0.00480)	honey(0.00478)	rememb(0.00476)	point(0.00470)	awhil(0.00460)	clean(0.00457)	heard(0.00444)	
Topic 17(0.04136):	dish(0.07752)	restaur(0.02842)	amaz(0.01847)	bite(0.01690)	delici(0.01308)	serv(0.01268)	tast(0.01221)	definit(0.01208)	small(0.01167)	babi(0.01018)	best(0.00990)	time(0.00947)	prepar(0.00916)	favorit(0.00884)	piec(0.00862)	deep(0.00844)	salt(0.00779)	perfect(0.00749)	special(0.00741)	thought(0.00739)	experi(0.00729)	extrem(0.00706)	tini(0.00700)	bone(0.00683)	plate(0.00651)	clam(0.00642)	opinion(0.00592)	start(0.00592)	roast(0.00577)	cook(0.00576)	
Topic 18(0.03470):	taco(0.05657)	chip(0.03563)	corn(0.02549)	mexican(0.02262)	bean(0.01583)	side(0.01458)	burrito(0.01405)	nacho(0.01324)	tortilla(0.01228)	delici(0.01112)	margarita(0.01031)	sour(0.01007)	street(0.00934)	serv(0.00927)	fusion(0.00906)	best(0.00846)	restaur(0.00844)	vegetarian(0.00837)	tast(0.00834)	guacamol(0.00748)	asada(0.00738)	pineappl(0.00734)	authent(0.00702)	super(0.00691)	carn(0.00677)	chipotl(0.00669)	sauc(0.00636)	mexican-food(0.00617)	cilantro(0.00601)	beef(0.00588)	
Topic 19(0.05691):	drink(0.11185)	happi(0.06516)	price(0.05059)	amaz(0.04143)	recommend(0.03827)	definit(0.03515)	happi-hour(0.03429)	delici(0.02269)	friend(0.02145)	favorit(0.01783)	special(0.01493)	appet(0.01394)	time(0.01319)	bartend(0.01311)	night(0.01271)	super(0.01057)	high-recommend(0.01036)	dinner(0.00951)	best(0.00933)	patio(0.00828)	alcohol(0.00803)	town(0.00741)	martini(0.00682)	yummi(0.00679)	pricey(0.00677)	side(0.00586)	groupon(0.00576)	birthday(0.00573)	deal(0.00565)	parti(0.00552)	

Part 0 -----------------Valid folds: 5
[Stat]Loglikelihood -322.199+/-10.439
[Stat]Perplexity 1064.718+/-16.076
