Load 6134 2-gram new features from /zf18/ll5fy/lab/dataset/yelp/yelp_features.txt...
1409 users are loaded from /zf18/ll5fy/lab/dataset/yelp/byUser_70k_review/data/...
Info File Path: /zf18/ll5fy/lab/dataset/yelp/byUser_70k_review/output/5foldsCVColdstart/LDA_Item_info.txt
[Info]Start FIXED cross validation...
260 users are loaded from /zf18/ll5fy/lab/dataset/yelp/byUser_70k_review/5foldsCVColdstart/0/...
244 users are loaded from /zf18/ll5fy/lab/dataset/yelp/byUser_70k_review/5foldsCVColdstart/1/...
266 users are loaded from /zf18/ll5fy/lab/dataset/yelp/byUser_70k_review/5foldsCVColdstart/2/...
264 users are loaded from /zf18/ll5fy/lab/dataset/yelp/byUser_70k_review/5foldsCVColdstart/3/...
256 users are loaded from /zf18/ll5fy/lab/dataset/yelp/byUser_70k_review/5foldsCVColdstart/4/...
====================
[Info]Fold No. 0: 
[Info]Analzying corpus: 
...........-- Global corpus: vocabulary size: 6134, review size: 15843, item size: 861, user size: 861
train size = 12311, test size = 3532....
[Info]Analying bipartie graph: 
-- train graph: review size: 12311, item size: 722, user size: 770
[Info]EM Starting multithread LDA_Focus[k:5, alpha:1.01, beta:1.00, Variational]...
==============
[Info]Likelihood -4028198.74335 at step 0 converge to 1.0000000000...
==============
[Info]Likelihood -4027739.02064 at step 1 converge to 0.0001141261...
==============
[Info]Likelihood -4026980.25352 at step 2 converge to 0.0001883854...
==============
[Info]Likelihood -4024394.33000 at step 3 converge to 0.0006421495...
==============
[Info]Likelihood -4012318.54797 at step 4 converge to 0.0030006458...
==============
[Info]Likelihood -3976210.70820 at step 5 converge to 0.0089992455...
==============
[Info]Likelihood -3928410.06111 at step 6 converge to 0.0120216585...
==============
[Info]Likelihood -3893674.53026 at step 7 converge to 0.0088421347...
==============
[Info]Likelihood -3873235.27016 at step 8 converge to 0.0052493499...
==============
[Info]Likelihood -3860709.37763 at step 9 converge to 0.0032339612...
==============
[Info]Likelihood -3852242.72955 at step 10 converge to 0.0021930291...
==============
[Info]Likelihood -3846028.22876 at step 11 converge to 0.0016132163...
==============
[Info]Likelihood -3841339.46835 at step 12 converge to 0.0012191175...
==============
[Info]Likelihood -3837676.50509 at step 13 converge to 0.0009535641...
==============
[Info]Likelihood -3834678.78675 at step 14 converge to 0.0007811285...
==============
[Info]Likelihood -3832262.81941 at step 15 converge to 0.0006300312...
==============
[Info]Likelihood -3830270.77660 at step 16 converge to 0.0005198085...
==============
[Info]Likelihood -3828578.18777 at step 17 converge to 0.0004418980...
==============
[Info]Likelihood -3827086.46564 at step 18 converge to 0.0003896282...
==============
[Info]Likelihood -3825752.83924 at step 19 converge to 0.0003484704...
==============
[Info]Likelihood -3824592.82028 at step 20 converge to 0.0003032133...
==============
[Info]Likelihood -3823570.37664 at step 21 converge to 0.0002673340...
==============
[Info]Likelihood -3822654.45721 at step 22 converge to 0.0002395456...
==============
[Info]Likelihood -3821820.25994 at step 23 converge to 0.0002182246...
==============
[Info]Likelihood -3821049.74813 at step 24 converge to 0.0002016086...
==============
[Info]Likelihood -3820342.33685 at step 25 converge to 0.0001851353...
==============
[Info]Likelihood -3819687.68591 at step 26 converge to 0.0001713592...
==============
[Info]Likelihood -3819074.36275 at step 27 converge to 0.0001605689...
==============
[Info]Likelihood -3818491.44169 at step 28 converge to 0.0001526341...
==============
[Info]Likelihood -3817945.01647 at step 29 converge to 0.0001430998...
[Info]Likelihood -3817945.016 after step 30 converge to 0.000143 after 52 seconds...
[Info]Analying bipartie graph: 
-- test graph: review size: 3532, item size: 211, user size: 260
[Info]Start evaluation in thread
[Stat]Test evaluation finished: 3532 docs
[Stat]0 part has 817.000000 docs: perplexity is 1321.061 and log-likelihood is -329.413
[Stat]1 part has 303.000000 docs: perplexity is 1282.555 and log-likelihood is -332.227
[Stat]2 part has 1696.000000 docs: perplexity is 1269.817 and log-likelihood is -317.490
[Stat]3 part has 716.000000 docs: perplexity is 1198.511 and log-likelihood is -307.770
[Stat]4 part has 3532.000000 docs: perplexity is 1268.415 and log-likelihood is -319.542
[Info]multithread LDA_Focus[k:5, alpha:1.01, beta:1.00, Variational] Train/Test finished in 53.68 seconds...
TopWord FilePath:/zf18/ll5fy/lab/dataset/yelp/byUser_70k_review/output/5foldsCVColdstart/0/LDA_Item_topWords_5.txt
Topic 0(0.17655):	time(0.02087)	roll(0.01681)	wait(0.01624)	sushi(0.01580)	ramen(0.01086)	friend(0.01077)	pretti(0.01071)	restaur(0.00985)	pork(0.00983)	fish(0.00859)	price(0.00829)	tast(0.00821)	dish(0.00764)	definit(0.00760)	star(0.00753)	rice(0.00688)	tabl(0.00636)	korean(0.00617)	favorit(0.00611)	peopl(0.00608)	tuna(0.00607)	spici(0.00604)	bowl(0.00586)	best(0.00579)	review(0.00576)	salmon(0.00571)	small(0.00563)	broth(0.00543)	special(0.00521)	belli(0.00520)	
Topic 1(0.16093):	cream(0.01781)	flavor(0.01491)	chocol(0.01409)	cake(0.01240)	sweet(0.01206)	tast(0.01101)	ice-cream(0.00906)	breakfast(0.00905)	steak(0.00823)	coffe(0.00799)	perfect(0.00752)	bread(0.00688)	delici(0.00661)	serv(0.00632)	best(0.00616)	toast(0.00571)	french(0.00556)	pancak(0.00556)	time(0.00554)	friend(0.00512)	cooki(0.00476)	cours(0.00472)	strawberri(0.00454)	waffl(0.00438)	favorit(0.00418)	chef(0.00417)	dish(0.00406)	brunch(0.00404)	banana(0.00394)	small(0.00378)	
Topic 2(0.20759):	drink(0.02433)	pizza(0.01687)	time(0.01397)	happi(0.01385)	tabl(0.01332)	restaur(0.01251)	friend(0.01250)	beer(0.01083)	night(0.00992)	dinner(0.00955)	price(0.00948)	taco(0.00876)	happi-hour(0.00823)	pretti(0.00775)	wine(0.00732)	seat(0.00693)	dine(0.00658)	delici(0.00641)	star(0.00638)	steak(0.00622)	amaz(0.00582)	wait(0.00579)	experi(0.00576)	best(0.00564)	appet(0.00563)	special(0.00530)	tast(0.00520)	serv(0.00518)	reserv(0.00505)	waiter(0.00501)	
Topic 3(0.27326):	vega(0.01711)	room(0.01692)	time(0.01606)	peopl(0.01029)	park(0.01010)	casino(0.00953)	strip(0.00945)	walk(0.00906)	stay(0.00877)	hotel(0.00846)	area(0.00839)	shop(0.00822)	locat(0.00778)	pretti(0.00771)	night(0.00723)	seat(0.00645)	year(0.00630)	las-vega(0.00617)	cool(0.00611)	store(0.00583)	play(0.00582)	friend(0.00559)	price(0.00548)	club(0.00544)	music(0.00523)	open(0.00496)	find(0.00495)	feel(0.00491)	crowd(0.00465)	restaur(0.00462)	
Topic 4(0.18167):	chicken(0.03245)	sauc(0.02265)	lunch(0.01370)	flavor(0.01343)	dish(0.01220)	beef(0.01192)	rice(0.01082)	side(0.01031)	time(0.00990)	soup(0.00987)	shrimp(0.00962)	buffet(0.00874)	thai(0.00838)	restaur(0.00837)	delici(0.00811)	tast(0.00803)	sweet(0.00771)	crab(0.00753)	spici(0.00746)	curri(0.00694)	bread(0.00672)	definit(0.00649)	plate(0.00631)	cook(0.00627)	serv(0.00619)	pork(0.00612)	perfect(0.00586)	garlic(0.00581)	crispi(0.00575)	pretti(0.00571)	
244 users are loaded from /zf18/ll5fy/lab/dataset/yelp/byUser_70k_review/5foldsCVColdstart/1/...
260 users are loaded from /zf18/ll5fy/lab/dataset/yelp/byUser_70k_review/5foldsCVColdstart/0/...
266 users are loaded from /zf18/ll5fy/lab/dataset/yelp/byUser_70k_review/5foldsCVColdstart/2/...
264 users are loaded from /zf18/ll5fy/lab/dataset/yelp/byUser_70k_review/5foldsCVColdstart/3/...
256 users are loaded from /zf18/ll5fy/lab/dataset/yelp/byUser_70k_review/5foldsCVColdstart/4/...
====================
[Info]Fold No. 1: 
[Info]Analzying corpus: 
...........-- Global corpus: vocabulary size: 6134, review size: 15843, item size: 861, user size: 861
train size = 13268, test size = 2575....
[Info]Analying bipartie graph: 
-- train graph: review size: 13268, item size: 732, user size: 782
[Info]EM Starting multithread LDA_Focus[k:5, alpha:1.01, beta:1.00, Variational]...
==============
[Info]Likelihood -4309102.93875 at step 0 converge to 1.0000000000...
==============
[Info]Likelihood -4308623.12137 at step 1 converge to 0.0001113497...
==============
[Info]Likelihood -4307896.35346 at step 2 converge to 0.0001686775...
==============
[Info]Likelihood -4305493.02809 at step 3 converge to 0.0005578884...
==============
[Info]Likelihood -4291735.53963 at step 4 converge to 0.0031953340...
==============
[Info]Likelihood -4245422.98926 at step 5 converge to 0.0107911007...
==============
[Info]Likelihood -4196787.87669 at step 6 converge to 0.0114558933...
==============
[Info]Likelihood -4167806.98477 at step 7 converge to 0.0069054936...
==============
[Info]Likelihood -4150098.90407 at step 8 converge to 0.0042487766...
==============
[Info]Likelihood -4138168.04388 at step 9 converge to 0.0028748376...
==============
[Info]Likelihood -4129348.04421 at step 10 converge to 0.0021313778...
==============
[Info]Likelihood -4122357.41829 at step 11 converge to 0.0016929127...
==============
[Info]Likelihood -4116563.53454 at step 12 converge to 0.0014054783...
==============
[Info]Likelihood -4111636.82059 at step 13 converge to 0.0011968026...
==============
[Info]Likelihood -4107408.87748 at step 14 converge to 0.0010282871...
==============
[Info]Likelihood -4103734.46922 at step 15 converge to 0.0008945806...
==============
[Info]Likelihood -4100510.55673 at step 16 converge to 0.0007856046...
==============
[Info]Likelihood -4097658.88199 at step 17 converge to 0.0006954438...
==============
[Info]Likelihood -4095117.67511 at step 18 converge to 0.0006201607...
==============
[Info]Likelihood -4092830.01908 at step 19 converge to 0.0005586301...
==============
[Info]Likelihood -4090748.30607 at step 20 converge to 0.0005086244...
==============
[Info]Likelihood -4088824.99699 at step 21 converge to 0.0004701607...
==============
[Info]Likelihood -4087042.96418 at step 22 converge to 0.0004358301...
==============
[Info]Likelihood -4085414.72195 at step 23 converge to 0.0003983913...
==============
[Info]Likelihood -4083922.29158 at step 24 converge to 0.0003653069...
==============
[Info]Likelihood -4082550.74739 at step 25 converge to 0.0003358399...
==============
[Info]Likelihood -4081284.67711 at step 26 converge to 0.0003101175...
==============
[Info]Likelihood -4080109.04322 at step 27 converge to 0.0002880549...
==============
[Info]Likelihood -4079001.94613 at step 28 converge to 0.0002713401...
==============
[Info]Likelihood -4077950.76071 at step 29 converge to 0.0002577065...
[Info]Likelihood -4077950.761 after step 30 converge to 0.000258 after 50 seconds...
[Info]Analying bipartie graph: 
-- test graph: review size: 2575, item size: 179, user size: 244
[Info]Start evaluation in thread
[Stat]Test evaluation finished: 2575 docs
[Stat]0 part has 746.000000 docs: perplexity is 1214.012 and log-likelihood is -341.443
[Stat]1 part has 193.000000 docs: perplexity is 1260.786 and log-likelihood is -333.263
[Stat]2 part has 1220.000000 docs: perplexity is 1289.102 and log-likelihood is -330.242
[Stat]3 part has 416.000000 docs: perplexity is 1227.533 and log-likelihood is -323.682
[Stat]4 part has 2575.000000 docs: perplexity is 1254.371 and log-likelihood is -332.654
[Info]multithread LDA_Focus[k:5, alpha:1.01, beta:1.00, Variational] Train/Test finished in 51.83 seconds...
TopWord FilePath:/zf18/ll5fy/lab/dataset/yelp/byUser_70k_review/output/5foldsCVColdstart/1/LDA_Item_topWords_5.txt
Topic 0(0.19687):	chicken(0.02313)	pizza(0.01574)	sauc(0.01467)	time(0.01190)	side(0.01021)	flavor(0.00869)	ramen(0.00849)	tast(0.00842)	rice(0.00835)	lunch(0.00828)	pork(0.00802)	friend(0.00784)	pretti(0.00774)	breakfast(0.00753)	delici(0.00738)	taco(0.00711)	bowl(0.00692)	definit(0.00674)	beef(0.00646)	spici(0.00595)	onion(0.00571)	soup(0.00565)	best(0.00545)	locat(0.00518)	serv(0.00468)	wing(0.00458)	small(0.00453)	restaur(0.00449)	perfect(0.00443)	broth(0.00441)	
Topic 1(0.17740):	dish(0.02310)	restaur(0.01792)	steak(0.01339)	buffet(0.01180)	shrimp(0.01074)	sauc(0.01053)	dinner(0.01033)	flavor(0.00971)	bread(0.00897)	tast(0.00873)	cook(0.00864)	crab(0.00857)	thai(0.00856)	perfect(0.00840)	serv(0.00823)	plate(0.00797)	lunch(0.00767)	chicken(0.00728)	delici(0.00725)	soup(0.00710)	dine(0.00696)	best(0.00669)	side(0.00643)	beef(0.00625)	rice(0.00584)	curri(0.00584)	lobster(0.00565)	cours(0.00559)	excel(0.00529)	seafood(0.00522)	
Topic 2(0.23135):	time(0.02797)	drink(0.02741)	friend(0.01932)	wait(0.01872)	tabl(0.01569)	price(0.01439)	happi(0.01405)	star(0.01167)	beer(0.01142)	seat(0.01098)	pretti(0.01098)	peopl(0.01058)	night(0.01024)	experi(0.00857)	happi-hour(0.00795)	NUM-minut(0.00759)	staff(0.00735)	busi(0.00730)	review(0.00716)	restaur(0.00685)	select(0.00556)	told(0.00538)	call(0.00514)	wine(0.00513)	custom(0.00511)	dinner(0.00492)	start(0.00485)	amaz(0.00482)	expect(0.00466)	manag(0.00465)	
Topic 3(0.24122):	vega(0.02150)	room(0.02010)	time(0.01288)	strip(0.01190)	casino(0.01160)	park(0.01129)	stay(0.01106)	hotel(0.01071)	walk(0.00912)	area(0.00890)	shop(0.00877)	locat(0.00872)	peopl(0.00865)	las-vega(0.00807)	night(0.00779)	play(0.00718)	store(0.00708)	year(0.00690)	music(0.00678)	club(0.00661)	pretti(0.00658)	cool(0.00555)	view(0.00535)	pool(0.00533)	restaur(0.00518)	find(0.00505)	feel(0.00500)	crowd(0.00499)	open(0.00487)	best(0.00481)	
Topic 4(0.15316):	cream(0.01964)	roll(0.01666)	chocol(0.01596)	sweet(0.01537)	cake(0.01490)	sushi(0.01461)	flavor(0.01429)	tast(0.01135)	ice-cream(0.01031)	coffe(0.00917)	time(0.00786)	delici(0.00761)	favorit(0.00750)	fish(0.00650)	definit(0.00622)	tuna(0.00622)	best(0.00590)	small(0.00565)	friend(0.00516)	strawberri(0.00516)	cooki(0.00515)	salmon(0.00501)	brunch(0.00487)	french(0.00486)	toast(0.00464)	perfect(0.00425)	select(0.00424)	pork(0.00414)	banana(0.00408)	fill(0.00407)	
266 users are loaded from /zf18/ll5fy/lab/dataset/yelp/byUser_70k_review/5foldsCVColdstart/2/...
260 users are loaded from /zf18/ll5fy/lab/dataset/yelp/byUser_70k_review/5foldsCVColdstart/0/...
244 users are loaded from /zf18/ll5fy/lab/dataset/yelp/byUser_70k_review/5foldsCVColdstart/1/...
264 users are loaded from /zf18/ll5fy/lab/dataset/yelp/byUser_70k_review/5foldsCVColdstart/3/...
256 users are loaded from /zf18/ll5fy/lab/dataset/yelp/byUser_70k_review/5foldsCVColdstart/4/...
====================
[Info]Fold No. 2: 
[Info]Analzying corpus: 
...........-- Global corpus: vocabulary size: 6134, review size: 15843, item size: 861, user size: 861
train size = 12778, test size = 3065....
[Info]Analying bipartie graph: 
-- train graph: review size: 12778, item size: 702, user size: 773
[Info]EM Starting multithread LDA_Focus[k:5, alpha:1.01, beta:1.00, Variational]...
==============
[Info]Likelihood -4086300.91380 at step 0 converge to 1.0000000000...
==============
[Info]Likelihood -4085832.41560 at step 1 converge to 0.0001146509...
==============
[Info]Likelihood -4085067.87542 at step 2 converge to 0.0001871198...
==============
[Info]Likelihood -4081751.54492 at step 3 converge to 0.0008118177...
==============
[Info]Likelihood -4058699.99983 at step 4 converge to 0.0056474640...
==============
[Info]Likelihood -4002596.97487 at step 5 converge to 0.0138229051...
==============
[Info]Likelihood -3962427.80716 at step 6 converge to 0.0100357763...
==============
[Info]Likelihood -3939846.49236 at step 7 converge to 0.0056988583...
==============
[Info]Likelihood -3925901.02156 at step 8 converge to 0.0035395975...
==============
[Info]Likelihood -3916431.86943 at step 9 converge to 0.0024119691...
==============
[Info]Likelihood -3909525.13047 at step 10 converge to 0.0017635284...
==============
[Info]Likelihood -3904178.91644 at step 11 converge to 0.0013674842...
==============
[Info]Likelihood -3899886.63255 at step 12 converge to 0.0010994076...
==============
[Info]Likelihood -3896352.83554 at step 13 converge to 0.0009061281...
==============
[Info]Likelihood -3893379.12530 at step 14 converge to 0.0007632035...
==============
[Info]Likelihood -3890826.37519 at step 15 converge to 0.0006556644...
==============
[Info]Likelihood -3888584.63813 at step 16 converge to 0.0005761596...
==============
[Info]Likelihood -3886578.44265 at step 17 converge to 0.0005159192...
==============
[Info]Likelihood -3884774.61573 at step 18 converge to 0.0004641169...
==============
[Info]Likelihood -3883148.77097 at step 19 converge to 0.0004185171...
==============
[Info]Likelihood -3881663.43820 at step 20 converge to 0.0003825073...
==============
[Info]Likelihood -3880273.61771 at step 21 converge to 0.0003580477...
==============
[Info]Likelihood -3878939.10018 at step 22 converge to 0.0003439236...
==============
[Info]Likelihood -3877658.01384 at step 23 converge to 0.0003302672...
==============
[Info]Likelihood -3876458.86623 at step 24 converge to 0.0003092453...
==============
[Info]Likelihood -3875342.98600 at step 25 converge to 0.0002878607...
==============
[Info]Likelihood -3874277.41843 at step 26 converge to 0.0002749608...
==============
[Info]Likelihood -3873247.08514 at step 27 converge to 0.0002659421...
==============
[Info]Likelihood -3872281.78364 at step 28 converge to 0.0002492228...
==============
[Info]Likelihood -3871391.18760 at step 29 converge to 0.0002299926...
[Info]Likelihood -3871391.188 after step 30 converge to 0.000230 after 24 seconds...
[Info]Analying bipartie graph: 
-- test graph: review size: 3065, item size: 207, user size: 266
[Info]Start evaluation in thread
[Stat]Test evaluation finished: 3065 docs
[Stat]0 part has 769.000000 docs: perplexity is 1268.051 and log-likelihood is -335.380
[Stat]1 part has 178.000000 docs: perplexity is 1206.822 and log-likelihood is -350.881
[Stat]2 part has 1718.000000 docs: perplexity is 1323.915 and log-likelihood is -351.794
[Stat]3 part has 400.000000 docs: perplexity is 1253.197 and log-likelihood is -373.632
[Stat]4 part has 3065.000000 docs: perplexity is 1293.183 and log-likelihood is -350.473
[Info]multithread LDA_Focus[k:5, alpha:1.01, beta:1.00, Variational] Train/Test finished in 25.64 seconds...
TopWord FilePath:/zf18/ll5fy/lab/dataset/yelp/byUser_70k_review/output/5foldsCVColdstart/2/LDA_Item_topWords_5.txt
Topic 0(0.16664):	sauc(0.02003)	chicken(0.01711)	pizza(0.01507)	steak(0.01241)	side(0.01203)	bread(0.01153)	perfect(0.01080)	flavor(0.01041)	cook(0.01015)	tast(0.00962)	crab(0.00887)	time(0.00776)	serv(0.00768)	dish(0.00745)	onion(0.00730)	delici(0.00690)	beef(0.00616)	restaur(0.00612)	sweet(0.00606)	shrimp(0.00605)	garlic(0.00570)	lobster(0.00546)	mushroom(0.00546)	season(0.00539)	tabl(0.00531)	slice(0.00515)	dinner(0.00513)	crispi(0.00499)	pasta(0.00491)	plate(0.00480)	
Topic 1(0.21488):	time(0.02306)	wait(0.01808)	friend(0.01438)	locat(0.01300)	breakfast(0.00956)	ramen(0.00943)	pretti(0.00883)	busi(0.00869)	price(0.00866)	coffe(0.00840)	drink(0.00831)	peopl(0.00820)	find(0.00790)	tabl(0.00735)	custom(0.00731)	shop(0.00682)	work(0.00662)	open(0.00655)	NUM-minut(0.00641)	seat(0.00633)	store(0.00632)	staff(0.00619)	review(0.00591)	spot(0.00546)	definit(0.00534)	feel(0.00523)	star(0.00521)	area(0.00500)	walk(0.00474)	yelp(0.00450)	
Topic 2(0.19175):	rice(0.01623)	chicken(0.01448)	roll(0.01442)	sushi(0.01417)	dish(0.01367)	restaur(0.01361)	time(0.01267)	lunch(0.01232)	pork(0.01186)	soup(0.01032)	taco(0.01007)	spici(0.00989)	fish(0.00945)	thai(0.00902)	flavor(0.00844)	pretti(0.00824)	friend(0.00822)	sauc(0.00806)	price(0.00763)	beef(0.00746)	definit(0.00745)	tast(0.00719)	favorit(0.00694)	curri(0.00690)	delici(0.00642)	best(0.00636)	special(0.00606)	buffet(0.00547)	shrimp(0.00545)	plate(0.00529)	
Topic 3(0.26560):	room(0.01896)	vega(0.01842)	time(0.01537)	night(0.01093)	strip(0.01074)	casino(0.01065)	peopl(0.01004)	stay(0.01002)	hotel(0.00977)	walk(0.00847)	park(0.00832)	drink(0.00819)	pretti(0.00803)	area(0.00788)	las-vega(0.00674)	play(0.00642)	club(0.00639)	music(0.00633)	seat(0.00603)	friend(0.00582)	view(0.00555)	price(0.00534)	year(0.00532)	restaur(0.00524)	locat(0.00518)	cool(0.00509)	tabl(0.00509)	watch(0.00497)	buffet(0.00492)	feel(0.00482)	
Topic 4(0.16113):	cream(0.01772)	drink(0.01362)	chocol(0.01309)	cake(0.01299)	flavor(0.01194)	beer(0.01117)	happi(0.01111)	sweet(0.01098)	tast(0.01058)	ice-cream(0.00955)	restaur(0.00903)	wine(0.00886)	delici(0.00861)	amaz(0.00828)	friend(0.00819)	time(0.00819)	happi-hour(0.00745)	best(0.00719)	dinner(0.00719)	experi(0.00715)	select(0.00624)	cours(0.00614)	favorit(0.00582)	tabl(0.00568)	serv(0.00555)	reserv(0.00513)	special(0.00492)	cooki(0.00488)	brunch(0.00475)	start(0.00464)	
264 users are loaded from /zf18/ll5fy/lab/dataset/yelp/byUser_70k_review/5foldsCVColdstart/3/...
260 users are loaded from /zf18/ll5fy/lab/dataset/yelp/byUser_70k_review/5foldsCVColdstart/0/...
244 users are loaded from /zf18/ll5fy/lab/dataset/yelp/byUser_70k_review/5foldsCVColdstart/1/...
266 users are loaded from /zf18/ll5fy/lab/dataset/yelp/byUser_70k_review/5foldsCVColdstart/2/...
256 users are loaded from /zf18/ll5fy/lab/dataset/yelp/byUser_70k_review/5foldsCVColdstart/4/...
====================
[Info]Fold No. 3: 
[Info]Analzying corpus: 
...........-- Global corpus: vocabulary size: 6134, review size: 15843, item size: 861, user size: 861
train size = 12591, test size = 3252....
[Info]Analying bipartie graph: 
-- train graph: review size: 12591, item size: 717, user size: 770
[Info]EM Starting multithread LDA_Focus[k:5, alpha:1.01, beta:1.00, Variational]...
==============
[Info]Likelihood -4103716.75717 at step 0 converge to 1.0000000000...
==============
[Info]Likelihood -4103250.88282 at step 1 converge to 0.0001135250...
==============
[Info]Likelihood -4102480.85629 at step 2 converge to 0.0001876626...
==============
[Info]Likelihood -4099771.29128 at step 3 converge to 0.0006604699...
==============
[Info]Likelihood -4084894.32681 at step 4 converge to 0.0036287303...
==============
[Info]Likelihood -4034281.69925 at step 5 converge to 0.0123901926...
==============
[Info]Likelihood -3986617.37065 at step 6 converge to 0.0118148241...
==============
[Info]Likelihood -3959990.02762 at step 7 converge to 0.0066791820...
==============
[Info]Likelihood -3944096.26071 at step 8 converge to 0.0040135876...
==============
[Info]Likelihood -3933640.34079 at step 9 converge to 0.0026510306...
==============
[Info]Likelihood -3926206.16562 at step 10 converge to 0.0018898970...
==============
[Info]Likelihood -3920623.50259 at step 11 converge to 0.0014218976...
==============
[Info]Likelihood -3916238.67670 at step 12 converge to 0.0011184001...
==============
[Info]Likelihood -3912652.90150 at step 13 converge to 0.0009156171...
==============
[Info]Likelihood -3909616.05883 at step 14 converge to 0.0007761595...
==============
[Info]Likelihood -3906966.37012 at step 15 converge to 0.0006777363...
==============
[Info]Likelihood -3904583.58343 at step 16 converge to 0.0006098815...
==============
[Info]Likelihood -3902428.82126 at step 17 converge to 0.0005518545...
==============
[Info]Likelihood -3900487.37537 at step 18 converge to 0.0004974968...
==============
[Info]Likelihood -3898737.26671 at step 19 converge to 0.0004486897...
==============
[Info]Likelihood -3897135.49483 at step 20 converge to 0.0004108438...
==============
[Info]Likelihood -3895660.74115 at step 21 converge to 0.0003784199...
==============
[Info]Likelihood -3894311.60687 at step 22 converge to 0.0003463172...
==============
[Info]Likelihood -3893062.16453 at step 23 converge to 0.0003208378...
==============
[Info]Likelihood -3891898.80945 at step 24 converge to 0.0002988278...
==============
[Info]Likelihood -3890818.18809 at step 25 converge to 0.0002776592...
==============
[Info]Likelihood -3889817.02384 at step 26 converge to 0.0002573146...
==============
[Info]Likelihood -3888888.81674 at step 27 converge to 0.0002386249...
==============
[Info]Likelihood -3888024.57785 at step 28 converge to 0.0002222329...
==============
[Info]Likelihood -3887212.43693 at step 29 converge to 0.0002088827...
[Info]Likelihood -3887212.437 after step 30 converge to 0.000209 after 34 seconds...
[Info]Analying bipartie graph: 
-- test graph: review size: 3252, item size: 206, user size: 264
[Info]Start evaluation in thread
[Stat]Test evaluation finished: 3252 docs
[Stat]0 part has 912.000000 docs: perplexity is 1335.174 and log-likelihood is -330.501
[Stat]1 part has 285.000000 docs: perplexity is 1245.725 and log-likelihood is -315.635
[Stat]2 part has 1562.000000 docs: perplexity is 1273.997 and log-likelihood is -324.071
[Stat]3 part has 493.000000 docs: perplexity is 1147.640 and log-likelihood is -320.118
[Stat]4 part has 3252.000000 docs: perplexity is 1268.329 and log-likelihood is -324.536
[Info]multithread LDA_Focus[k:5, alpha:1.01, beta:1.00, Variational] Train/Test finished in 35.45 seconds...
TopWord FilePath:/zf18/ll5fy/lab/dataset/yelp/byUser_70k_review/output/5foldsCVColdstart/3/LDA_Item_topWords_5.txt
Topic 0(0.26928):	vega(0.01801)	room(0.01789)	time(0.01437)	night(0.01023)	casino(0.01014)	strip(0.00989)	park(0.00986)	stay(0.00982)	peopl(0.00934)	walk(0.00891)	hotel(0.00885)	drink(0.00845)	area(0.00780)	las-vega(0.00708)	pretti(0.00702)	friend(0.00650)	locat(0.00646)	play(0.00633)	shop(0.00628)	seat(0.00625)	cool(0.00606)	music(0.00581)	year(0.00580)	price(0.00574)	store(0.00545)	view(0.00545)	club(0.00528)	feel(0.00490)	restaur(0.00473)	watch(0.00469)	
Topic 1(0.17756):	pizza(0.01778)	rice(0.01777)	roll(0.01519)	sushi(0.01491)	dish(0.01475)	restaur(0.01286)	lunch(0.01241)	chicken(0.01209)	time(0.01166)	sauc(0.01118)	happi(0.01092)	thai(0.01023)	fish(0.01003)	soup(0.00969)	spici(0.00959)	price(0.00909)	happi-hour(0.00869)	curri(0.00789)	shrimp(0.00778)	definit(0.00770)	special(0.00761)	dinner(0.00728)	favorit(0.00721)	best(0.00707)	pretti(0.00669)	friend(0.00665)	tast(0.00659)	delici(0.00621)	flavor(0.00615)	tuna(0.00547)	
Topic 2(0.22694):	time(0.02728)	wait(0.01806)	drink(0.01785)	friend(0.01546)	pretti(0.01427)	star(0.01076)	tabl(0.01067)	beer(0.01000)	peopl(0.00869)	price(0.00852)	taco(0.00848)	ramen(0.00838)	busi(0.00801)	review(0.00705)	NUM-minut(0.00696)	chicken(0.00678)	locat(0.00655)	custom(0.00618)	side(0.00614)	seat(0.00598)	definit(0.00557)	tast(0.00554)	staff(0.00523)	super(0.00518)	restaur(0.00502)	work(0.00475)	bowl(0.00471)	feel(0.00448)	fast(0.00444)	expect(0.00438)	
Topic 3(0.17880):	sauc(0.01384)	steak(0.01378)	restaur(0.01257)	chicken(0.01234)	bread(0.01168)	dish(0.01158)	side(0.01155)	flavor(0.01086)	perfect(0.01048)	cook(0.00999)	tast(0.00999)	serv(0.00871)	pork(0.00864)	dinner(0.00861)	beef(0.00803)	delici(0.00784)	plate(0.00769)	tabl(0.00752)	dine(0.00682)	onion(0.00634)	cours(0.00607)	best(0.00596)	tender(0.00574)	wine(0.00566)	sweet(0.00540)	experi(0.00522)	start(0.00501)	lobster(0.00500)	amaz(0.00498)	excel(0.00496)	
Topic 4(0.14742):	cream(0.02087)	buffet(0.01841)	chocol(0.01670)	cake(0.01428)	flavor(0.01347)	sweet(0.01291)	ice-cream(0.01173)	coffe(0.01157)	breakfast(0.01062)	tast(0.00920)	time(0.00802)	select(0.00725)	best(0.00688)	delici(0.00663)	waffl(0.00580)	cooki(0.00568)	strawberri(0.00568)	friend(0.00557)	toast(0.00551)	brunch(0.00549)	favorit(0.00525)	offer(0.00492)	vega(0.00465)	french(0.00463)	pastri(0.00459)	crepe(0.00453)	small(0.00451)	pancak(0.00442)	banana(0.00433)	price(0.00394)	
256 users are loaded from /zf18/ll5fy/lab/dataset/yelp/byUser_70k_review/5foldsCVColdstart/4/...
260 users are loaded from /zf18/ll5fy/lab/dataset/yelp/byUser_70k_review/5foldsCVColdstart/0/...
244 users are loaded from /zf18/ll5fy/lab/dataset/yelp/byUser_70k_review/5foldsCVColdstart/1/...
266 users are loaded from /zf18/ll5fy/lab/dataset/yelp/byUser_70k_review/5foldsCVColdstart/2/...
264 users are loaded from /zf18/ll5fy/lab/dataset/yelp/byUser_70k_review/5foldsCVColdstart/3/...
====================
[Info]Fold No. 4: 
[Info]Analzying corpus: 
...........-- Global corpus: vocabulary size: 6134, review size: 15843, item size: 861, user size: 861
train size = 12424, test size = 3419....
[Info]Analying bipartie graph: 
-- train graph: review size: 12424, item size: 726, user size: 778
[Info]EM Starting multithread LDA_Focus[k:5, alpha:1.01, beta:1.00, Variational]...
==============
[Info]Likelihood -4042260.58073 at step 0 converge to 1.0000000000...
==============
[Info]Likelihood -4041797.57860 at step 1 converge to 0.0001145404...
==============
[Info]Likelihood -4041051.69759 at step 2 converge to 0.0001845419...
==============
[Info]Likelihood -4038705.91427 at step 3 converge to 0.0005804883...
==============
[Info]Likelihood -4027071.14972 at step 4 converge to 0.0028808150...
==============
[Info]Likelihood -3988594.74887 at step 5 converge to 0.0095544378...
==============
[Info]Likelihood -3943560.63348 at step 6 converge to 0.0112907222...
==============
[Info]Likelihood -3913617.52614 at step 7 converge to 0.0075929116...
==============
[Info]Likelihood -3894876.29216 at step 8 converge to 0.0047887239...
==============
[Info]Likelihood -3882315.27246 at step 9 converge to 0.0032250112...
==============
[Info]Likelihood -3873114.28951 at step 10 converge to 0.0023699732...
==============
[Info]Likelihood -3865789.12732 at step 11 converge to 0.0018912848...
==============
[Info]Likelihood -3859713.31545 at step 12 converge to 0.0015716874...
==============
[Info]Likelihood -3854588.43252 at step 13 converge to 0.0013277885...
==============
[Info]Likelihood -3850214.64422 at step 14 converge to 0.0011346966...
==============
[Info]Likelihood -3846426.00523 at step 15 converge to 0.0009840072...
==============
[Info]Likelihood -3843090.25507 at step 16 converge to 0.0008672337...
==============
[Info]Likelihood -3840164.10324 at step 17 converge to 0.0007614060...
==============
[Info]Likelihood -3837662.25092 at step 18 converge to 0.0006514962...
==============
[Info]Likelihood -3835486.84270 at step 19 converge to 0.0005668577...
==============
[Info]Likelihood -3833542.74385 at step 20 converge to 0.0005068715...
==============
[Info]Likelihood -3831819.67250 at step 21 converge to 0.0004494723...
==============
[Info]Likelihood -3830281.18795 at step 22 converge to 0.0004015023...
==============
[Info]Likelihood -3828847.71006 at step 23 converge to 0.0003742487...
==============
[Info]Likelihood -3827511.14612 at step 24 converge to 0.0003490773...
==============
[Info]Likelihood -3826311.34556 at step 25 converge to 0.0003134676...
==============
[Info]Likelihood -3825236.74679 at step 26 converge to 0.0002808446...
==============
[Info]Likelihood -3824273.26849 at step 27 converge to 0.0002518742...
==============
[Info]Likelihood -3823412.34898 at step 28 converge to 0.0002251198...
==============
[Info]Likelihood -3822636.32829 at step 29 converge to 0.0002029655...
[Info]Likelihood -3822636.328 after step 30 converge to 0.000203 after 42 seconds...
[Info]Analying bipartie graph: 
-- test graph: review size: 3419, item size: 213, user size: 256
[Info]Start evaluation in thread
[Stat]Test evaluation finished: 3419 docs
[Stat]0 part has 701.000000 docs: perplexity is 1352.281 and log-likelihood is -316.737
[Stat]1 part has 339.000000 docs: perplexity is 1240.702 and log-likelihood is -328.539
[Stat]2 part has 1635.000000 docs: perplexity is 1319.515 and log-likelihood is -325.488
[Stat]3 part has 744.000000 docs: perplexity is 1190.587 and log-likelihood is -331.807
[Stat]4 part has 3419.000000 docs: perplexity is 1287.702 and log-likelihood is -325.371
[Info]multithread LDA_Focus[k:5, alpha:1.01, beta:1.00, Variational] Train/Test finished in 43.41 seconds...
TopWord FilePath:/zf18/ll5fy/lab/dataset/yelp/byUser_70k_review/output/5foldsCVColdstart/4/LDA_Item_topWords_5.txt
Topic 0(0.21124):	room(0.02422)	vega(0.02419)	strip(0.01457)	park(0.01300)	casino(0.01290)	hotel(0.01271)	pizza(0.01263)	stay(0.01262)	area(0.01172)	locat(0.01103)	night(0.01024)	shop(0.00938)	walk(0.00922)	las-vega(0.00876)	time(0.00868)	pretti(0.00819)	restaur(0.00730)	view(0.00712)	club(0.00686)	play(0.00680)	peopl(0.00667)	cool(0.00637)	store(0.00624)	pool(0.00615)	price(0.00586)	music(0.00584)	crowd(0.00543)	local(0.00534)	find(0.00501)	clean(0.00475)	
Topic 1(0.19149):	chicken(0.01840)	rice(0.01645)	buffet(0.01408)	pork(0.01366)	sauc(0.01358)	dish(0.01250)	beef(0.01199)	lunch(0.01162)	soup(0.01137)	spici(0.01105)	time(0.01040)	restaur(0.01000)	taco(0.00985)	pretti(0.00983)	flavor(0.00960)	side(0.00848)	shrimp(0.00784)	tast(0.00783)	price(0.00767)	definit(0.00706)	delici(0.00645)	cook(0.00639)	best(0.00636)	bowl(0.00608)	friend(0.00585)	crab(0.00576)	serv(0.00565)	plate(0.00525)	bean(0.00511)	favorit(0.00496)	
Topic 2(0.23914):	time(0.03320)	drink(0.02144)	wait(0.01985)	seat(0.01537)	tabl(0.01503)	friend(0.01440)	peopl(0.01421)	star(0.01140)	beer(0.01004)	review(0.00927)	NUM-minut(0.00860)	pretti(0.00797)	experi(0.00775)	price(0.00774)	busi(0.00711)	staff(0.00650)	work(0.00618)	custom(0.00576)	expect(0.00542)	told(0.00540)	feel(0.00523)	thought(0.00519)	call(0.00517)	walk(0.00485)	night(0.00485)	open(0.00482)	manag(0.00477)	definit(0.00451)	start(0.00445)	year(0.00445)	
Topic 3(0.17441):	restaur(0.01509)	steak(0.01421)	dish(0.01320)	sushi(0.01278)	dinner(0.01233)	roll(0.01163)	happi(0.01095)	tast(0.01046)	bread(0.00947)	sauc(0.00875)	delici(0.00847)	perfect(0.00805)	happi-hour(0.00798)	wine(0.00724)	appet(0.00723)	serv(0.00715)	flavor(0.00708)	cours(0.00706)	best(0.00705)	dine(0.00702)	amaz(0.00671)	chef(0.00659)	fish(0.00652)	special(0.00644)	experi(0.00598)	plate(0.00594)	lobster(0.00572)	salmon(0.00571)	cook(0.00568)	favorit(0.00561)	
Topic 4(0.18372):	flavor(0.01545)	sweet(0.01540)	cream(0.01493)	chicken(0.01477)	chocol(0.01337)	tast(0.01046)	thai(0.01014)	breakfast(0.00958)	cake(0.00947)	delici(0.00828)	ice-cream(0.00821)	curri(0.00692)	friend(0.00658)	time(0.00638)	coffe(0.00588)	best(0.00585)	locat(0.00581)	perfect(0.00578)	pancak(0.00566)	serv(0.00532)	sauc(0.00530)	toast(0.00513)	definit(0.00500)	side(0.00495)	cooki(0.00488)	small(0.00470)	bread(0.00467)	favorit(0.00449)	strawberri(0.00442)	waffl(0.00441)	

Part 0 -----------------Valid folds: 5
[Stat]Loglikelihood -330.695+/-8.173
[Stat]Perplexity 1298.116+/-50.618
Part 1 -----------------Valid folds: 5
[Stat]Loglikelihood -332.109+/-11.295
[Stat]Perplexity 1247.318+/-24.937
Part 2 -----------------Valid folds: 5
[Stat]Loglikelihood -329.817+/-11.721
[Stat]Perplexity 1295.269+/-22.569
Part 3 -----------------Valid folds: 5
[Stat]Loglikelihood -331.402+/-22.490
[Stat]Perplexity 1203.494+/-35.663
Part 4 -----------------Valid folds: 5
[Stat]Loglikelihood -330.515+/-10.821
[Stat]Perplexity 1274.400+/-14.167
