Load 6134 2-gram new features from /zf18/ll5fy/lab/dataset/yelp/yelp_features.txt...
1409 users are loaded from /zf18/ll5fy/lab/dataset/yelp/byUser_70k_review/data/...
Info File Path: /zf18/ll5fy/lab/dataset/yelp/byUser_70k_review/output/5foldsCVColdstart/CTM_info.txt
[Info]Start FIXED cross validation...
260 users are loaded from /zf18/ll5fy/lab/dataset/yelp/byUser_70k_review/5foldsCVColdstart/0/...
244 users are loaded from /zf18/ll5fy/lab/dataset/yelp/byUser_70k_review/5foldsCVColdstart/1/...
266 users are loaded from /zf18/ll5fy/lab/dataset/yelp/byUser_70k_review/5foldsCVColdstart/2/...
264 users are loaded from /zf18/ll5fy/lab/dataset/yelp/byUser_70k_review/5foldsCVColdstart/3/...
256 users are loaded from /zf18/ll5fy/lab/dataset/yelp/byUser_70k_review/5foldsCVColdstart/4/...
====================
[Info]Fold No. 0: 
train size = 12311, test size = 3532....
[Info]Initializing CTM Model...
[Info]EM iteration 0: likelihood is -5053180.65, converges to 1.0000...
[Info]EM iteration 1: likelihood is -4236773.41, converges to 0.1616...
[Info]EM iteration 2: likelihood is -4227694.87, converges to 0.0021...
[Info]EM iteration 3: likelihood is -4220901.69, converges to 0.0016...
[Info]EM iteration 4: likelihood is -4213937.02, converges to 0.0017...
[Info]EM iteration 5: likelihood is -4204203.86, converges to 0.0023...
[Info]EM iteration 6: likelihood is -4190055.47, converges to 0.0034...
[Info]EM iteration 7: likelihood is -4174547.30, converges to 0.0037...
[Info]EM iteration 8: likelihood is -4161956.07, converges to 0.0030...
Line search failed. See documentation of routine mcsrch. Error return of line search: info = 6 Possible causes: function or gradient are incorrect, or incorrect tolerances. (iflag == -1)
	at LBFGS.LBFGS.lbfgs(LBFGS.java:458)
	at topicmodels.CTM.CTM.opt_nu(CTM.java:448)
	at topicmodels.CTM.CTM.varInference(CTM.java:201)
	at topicmodels.CTM.CTM.calculate_E_step(CTM.java:177)
	at topicmodels.CTM.CTM.EM(CTM.java:541)
	at topicmodels.TopicModel.oneFoldValidation(TopicModel.java:455)
	at mains.ETBIRExecution.main(ETBIRExecution.java:142)
[Info]EM iteration 9: likelihood is -4152512.56, converges to 0.0023...
[Info]EM iteration 10: likelihood is -4145137.93, converges to 0.0018...
[Info]EM iteration 11: likelihood is -4139168.56, converges to 0.0014...
Line search failed. See documentation of routine mcsrch. Error return of line search: info = 6 Possible causes: function or gradient are incorrect, or incorrect tolerances. (iflag == -1)
	at LBFGS.LBFGS.lbfgs(LBFGS.java:458)
	at topicmodels.CTM.CTM.opt_nu(CTM.java:448)
	at topicmodels.CTM.CTM.varInference(CTM.java:201)
	at topicmodels.CTM.CTM.calculate_E_step(CTM.java:177)
	at topicmodels.CTM.CTM.EM(CTM.java:541)
	at topicmodels.TopicModel.oneFoldValidation(TopicModel.java:455)
	at mains.ETBIRExecution.main(ETBIRExecution.java:142)
Line search failed. See documentation of routine mcsrch. Error return of line search: info = 6 Possible causes: function or gradient are incorrect, or incorrect tolerances. (iflag == -1)
	at LBFGS.LBFGS.lbfgs(LBFGS.java:458)
	at topicmodels.CTM.CTM.opt_nu(CTM.java:448)
	at topicmodels.CTM.CTM.varInference(CTM.java:201)
	at topicmodels.CTM.CTM.calculate_E_step(CTM.java:177)
	at topicmodels.CTM.CTM.EM(CTM.java:541)
	at topicmodels.TopicModel.oneFoldValidation(TopicModel.java:455)
	at mains.ETBIRExecution.main(ETBIRExecution.java:142)
[Info]EM iteration 12: likelihood is -4134328.43, converges to 0.0012...
[Info]EM iteration 13: likelihood is -4130524.74, converges to 0.0009...
[Info]EM iteration 14: likelihood is -4127588.27, converges to 0.0007...
Line search failed. See documentation of routine mcsrch. Error return of line search: info = 6 Possible causes: function or gradient are incorrect, or incorrect tolerances. (iflag == -1)
	at LBFGS.LBFGS.lbfgs(LBFGS.java:458)
	at topicmodels.CTM.CTM.opt_nu(CTM.java:448)
	at topicmodels.CTM.CTM.varInference(CTM.java:201)
	at topicmodels.CTM.CTM.calculate_E_step(CTM.java:177)
	at topicmodels.CTM.CTM.EM(CTM.java:541)
	at topicmodels.TopicModel.oneFoldValidation(TopicModel.java:455)
	at mains.ETBIRExecution.main(ETBIRExecution.java:142)
Line search failed. See documentation of routine mcsrch. Error return of line search: info = 6 Possible causes: function or gradient are incorrect, or incorrect tolerances. (iflag == -1)
	at LBFGS.LBFGS.lbfgs(LBFGS.java:458)
	at topicmodels.CTM.CTM.opt_nu(CTM.java:448)
	at topicmodels.CTM.CTM.varInference(CTM.java:201)
	at topicmodels.CTM.CTM.calculate_E_step(CTM.java:177)
	at topicmodels.CTM.CTM.EM(CTM.java:541)
	at topicmodels.TopicModel.oneFoldValidation(TopicModel.java:455)
	at mains.ETBIRExecution.main(ETBIRExecution.java:142)
[Info]EM iteration 15: likelihood is -4125276.69, converges to 0.0006...
[Info]EM iteration 16: likelihood is -4123411.42, converges to 0.0005...
[Info]EM iteration 17: likelihood is -4121880.07, converges to 0.0004...
[Info]EM iteration 18: likelihood is -4120583.02, converges to 0.0003...
[Info]EM iteration 19: likelihood is -4119455.34, converges to 0.0003...
[Info]EM iteration 20: likelihood is -4118456.25, converges to 0.0002...
[Info]EM iteration 21: likelihood is -4117557.30, converges to 0.0002...
[Info]EM iteration 22: likelihood is -4116740.81, converges to 0.0002...
[Info]EM iteration 23: likelihood is -4115995.48, converges to 0.0002...
[Info]EM iteration 24: likelihood is -4115309.12, converges to 0.0002...
[Info]EM iteration 25: likelihood is -4114670.55, converges to 0.0002...
[Info]EM iteration 26: likelihood is -4114070.06, converges to 0.0001...
[Info]EM iteration 27: likelihood is -4113501.78, converges to 0.0001...
[Info]EM iteration 28: likelihood is -4112960.24, converges to 0.0001...
[Info]EM iteration 29: likelihood is -4112440.52, converges to 0.0001...
[Info]EM iteration 30: likelihood is -4111936.79, converges to 0.0001...
[Info]Start evaluation in Normal
[Stat]Test set perplexity is 1380.747 and log-likelihood is -323.336
[Info]CTM[k:5]
 Train/Test finished in 139.85 seconds...
TopWord FilePath:/zf18/ll5fy/lab/dataset/yelp/byUser_70k_review/output/5foldsCVColdstart/0/CTM_topWords_5.txt
Topic 0(0.18583):	dish(0.02024)	flavor(0.01510)	pork(0.01355)	roll(0.01328)	sushi(0.01289)	sauc(0.01269)	beef(0.01248)	spici(0.01060)	shrimp(0.00967)	tast(0.00901)	fish(0.00863)	cook(0.00858)	rice(0.00845)	perfect(0.00791)	taco(0.00781)	definit(0.00760)	favorit(0.00726)	delici(0.00676)	best(0.00663)	soup(0.00661)	steak(0.00654)	sweet(0.00650)	crab(0.00604)	restaur(0.00573)	happi(0.00563)	salmon(0.00559)	tender(0.00538)	serv(0.00534)	special(0.00523)	chef(0.00503)	
Topic 1(0.14541):	pizza(0.02008)	cream(0.01774)	chocol(0.01608)	flavor(0.01444)	cake(0.01412)	sweet(0.01301)	breakfast(0.01014)	tast(0.00996)	ice-cream(0.00948)	coffe(0.00834)	toast(0.00642)	delici(0.00627)	french(0.00610)	pancak(0.00602)	bread(0.00595)	perfect(0.00568)	friend(0.00547)	serv(0.00546)	cooki(0.00544)	best(0.00532)	strawberri(0.00519)	time(0.00515)	waffl(0.00502)	slice(0.00473)	crust(0.00455)	banana(0.00449)	brunch(0.00441)	crepe(0.00419)	sauc(0.00404)	favorit(0.00398)	
Topic 2(0.28030):	room(0.01608)	time(0.01505)	vega(0.01493)	drink(0.01002)	peopl(0.00963)	casino(0.00947)	park(0.00934)	night(0.00880)	hotel(0.00841)	stay(0.00820)	strip(0.00819)	walk(0.00813)	area(0.00781)	shop(0.00751)	pretti(0.00717)	friend(0.00688)	locat(0.00647)	seat(0.00641)	cool(0.00625)	play(0.00562)	store(0.00558)	price(0.00550)	year(0.00546)	club(0.00541)	las-vega(0.00524)	music(0.00523)	view(0.00505)	feel(0.00467)	find(0.00437)	watch(0.00431)	
Topic 3(0.22193):	chicken(0.02680)	time(0.02550)	friend(0.01879)	lunch(0.01481)	side(0.01159)	sauc(0.01028)	buffet(0.00979)	tast(0.00888)	tabl(0.00883)	peopl(0.00881)	ramen(0.00877)	locat(0.00791)	thai(0.00755)	wait(0.00751)	price(0.00728)	restaur(0.00717)	pretti(0.00717)	beer(0.00704)	rice(0.00691)	curri(0.00625)	busi(0.00583)	bowl(0.00568)	drink(0.00561)	definit(0.00525)	thought(0.00516)	soup(0.00510)	delici(0.00508)	serv(0.00506)	area(0.00491)	waitress(0.00486)	
Topic 4(0.16653):	restaur(0.02198)	wait(0.01793)	time(0.01449)	pretti(0.01420)	drink(0.01382)	tabl(0.01354)	dine(0.01189)	star(0.01172)	dinner(0.01144)	price(0.01132)	best(0.01089)	seat(0.01065)	bread(0.00977)	steak(0.00946)	wine(0.00906)	expect(0.00877)	special(0.00872)	happi(0.00861)	delici(0.00741)	experi(0.00741)	staff(0.00681)	reserv(0.00626)	vega(0.00625)	review(0.00598)	amaz(0.00562)	strip(0.00561)	start(0.00557)	open(0.00550)	reason(0.00528)	excel(0.00482)	
244 users are loaded from /zf18/ll5fy/lab/dataset/yelp/byUser_70k_review/5foldsCVColdstart/1/...
260 users are loaded from /zf18/ll5fy/lab/dataset/yelp/byUser_70k_review/5foldsCVColdstart/0/...
266 users are loaded from /zf18/ll5fy/lab/dataset/yelp/byUser_70k_review/5foldsCVColdstart/2/...
264 users are loaded from /zf18/ll5fy/lab/dataset/yelp/byUser_70k_review/5foldsCVColdstart/3/...
256 users are loaded from /zf18/ll5fy/lab/dataset/yelp/byUser_70k_review/5foldsCVColdstart/4/...
====================
[Info]Fold No. 1: 
train size = 13268, test size = 2575....
[Info]Initializing CTM Model...
Line search failed. See documentation of routine mcsrch. Error return of line search: info = 6 Possible causes: function or gradient are incorrect, or incorrect tolerances. (iflag == -1)
	at LBFGS.LBFGS.lbfgs(LBFGS.java:458)
	at topicmodels.CTM.CTM.opt_nu(CTM.java:448)
	at topicmodels.CTM.CTM.varInference(CTM.java:201)
	at topicmodels.CTM.CTM.calculate_E_step(CTM.java:177)
	at topicmodels.CTM.CTM.EM(CTM.java:541)
	at topicmodels.TopicModel.oneFoldValidation(TopicModel.java:455)
	at mains.ETBIRExecution.main(ETBIRExecution.java:142)
[Info]EM iteration 0: likelihood is -5385415.12, converges to 1.0000...
[Info]EM iteration 1: likelihood is -4515562.10, converges to 0.1615...
[Info]EM iteration 2: likelihood is -4505828.99, converges to 0.0022...
[Info]EM iteration 3: likelihood is -4498385.16, converges to 0.0017...
[Info]EM iteration 4: likelihood is -4490958.24, converges to 0.0017...
[Info]EM iteration 5: likelihood is -4481377.18, converges to 0.0021...
[Info]EM iteration 6: likelihood is -4467298.57, converges to 0.0031...
[Info]EM iteration 7: likelihood is -4448421.56, converges to 0.0042...
[Info]EM iteration 8: likelihood is -4429453.31, converges to 0.0043...
[Info]EM iteration 9: likelihood is -4415454.55, converges to 0.0032...
[Info]EM iteration 10: likelihood is -4406734.52, converges to 0.0020...
[Info]EM iteration 11: likelihood is -4401270.14, converges to 0.0012...
Line search failed. See documentation of routine mcsrch. Error return of line search: info = 6 Possible causes: function or gradient are incorrect, or incorrect tolerances. (iflag == -1)
	at LBFGS.LBFGS.lbfgs(LBFGS.java:458)
	at topicmodels.CTM.CTM.opt_nu(CTM.java:448)
	at topicmodels.CTM.CTM.varInference(CTM.java:201)
	at topicmodels.CTM.CTM.calculate_E_step(CTM.java:177)
	at topicmodels.CTM.CTM.EM(CTM.java:541)
	at topicmodels.TopicModel.oneFoldValidation(TopicModel.java:455)
	at mains.ETBIRExecution.main(ETBIRExecution.java:142)
Line search failed. See documentation of routine mcsrch. Error return of line search: info = 6 Possible causes: function or gradient are incorrect, or incorrect tolerances. (iflag == -1)
	at LBFGS.LBFGS.lbfgs(LBFGS.java:458)
	at topicmodels.CTM.CTM.opt_nu(CTM.java:448)
	at topicmodels.CTM.CTM.varInference(CTM.java:201)
	at topicmodels.CTM.CTM.calculate_E_step(CTM.java:177)
	at topicmodels.CTM.CTM.EM(CTM.java:541)
	at topicmodels.TopicModel.oneFoldValidation(TopicModel.java:455)
	at mains.ETBIRExecution.main(ETBIRExecution.java:142)
[Info]EM iteration 12: likelihood is -4397495.30, converges to 0.0009...
[Info]EM iteration 13: likelihood is -4394658.30, converges to 0.0006...
Line search failed. See documentation of routine mcsrch. Error return of line search: info = 6 Possible causes: function or gradient are incorrect, or incorrect tolerances. (iflag == -1)
	at LBFGS.LBFGS.lbfgs(LBFGS.java:458)
	at topicmodels.CTM.CTM.opt_nu(CTM.java:448)
	at topicmodels.CTM.CTM.varInference(CTM.java:201)
	at topicmodels.CTM.CTM.calculate_E_step(CTM.java:177)
	at topicmodels.CTM.CTM.EM(CTM.java:541)
	at topicmodels.TopicModel.oneFoldValidation(TopicModel.java:455)
	at mains.ETBIRExecution.main(ETBIRExecution.java:142)
[Info]EM iteration 14: likelihood is -4392365.81, converges to 0.0005...
[Info]EM iteration 15: likelihood is -4390384.78, converges to 0.0005...
[Info]EM iteration 16: likelihood is -4388617.72, converges to 0.0004...
[Info]EM iteration 17: likelihood is -4387014.28, converges to 0.0004...
[Info]EM iteration 18: likelihood is -4385538.04, converges to 0.0003...
[Info]EM iteration 19: likelihood is -4384174.07, converges to 0.0003...
[Info]EM iteration 20: likelihood is -4382913.26, converges to 0.0003...
[Info]EM iteration 21: likelihood is -4381753.78, converges to 0.0003...
[Info]EM iteration 22: likelihood is -4380694.01, converges to 0.0002...
[Info]EM iteration 23: likelihood is -4379722.39, converges to 0.0002...
[Info]EM iteration 24: likelihood is -4378816.88, converges to 0.0002...
[Info]EM iteration 25: likelihood is -4377957.66, converges to 0.0002...
[Info]EM iteration 26: likelihood is -4377136.25, converges to 0.0002...
[Info]EM iteration 27: likelihood is -4376349.93, converges to 0.0002...
[Info]EM iteration 28: likelihood is -4375591.88, converges to 0.0002...
[Info]EM iteration 29: likelihood is -4374850.62, converges to 0.0002...
[Info]EM iteration 30: likelihood is -4374118.28, converges to 0.0002...
[Info]Start evaluation in Normal
[Stat]Test set perplexity is 1378.964 and log-likelihood is -337.069
[Info]CTM[k:5]
 Train/Test finished in 161.61 seconds...
TopWord FilePath:/zf18/ll5fy/lab/dataset/yelp/byUser_70k_review/output/5foldsCVColdstart/1/CTM_topWords_5.txt
Topic 0(0.20413):	chicken(0.01948)	rice(0.01498)	dish(0.01400)	time(0.01358)	pork(0.01221)	sauc(0.01218)	spici(0.01132)	roll(0.01128)	sushi(0.01100)	flavor(0.01067)	soup(0.01003)	buffet(0.00928)	restaur(0.00881)	beef(0.00850)	thai(0.00834)	ramen(0.00761)	lunch(0.00756)	tast(0.00705)	pretti(0.00681)	definit(0.00671)	shrimp(0.00658)	bowl(0.00631)	best(0.00623)	favorit(0.00609)	friend(0.00591)	curri(0.00570)	vega(0.00565)	fish(0.00537)	delici(0.00529)	small(0.00510)	
Topic 1(0.11712):	cream(0.02448)	chocol(0.01977)	cake(0.01848)	sweet(0.01763)	flavor(0.01495)	breakfast(0.01305)	ice-cream(0.01276)	coffe(0.01131)	tast(0.01010)	toast(0.00784)	time(0.00775)	pancak(0.00672)	strawberri(0.00639)	cooki(0.00638)	french(0.00612)	delici(0.00611)	brunch(0.00608)	waffl(0.00530)	best(0.00518)	favorit(0.00508)	banana(0.00507)	pastri(0.00493)	crepe(0.00486)	perfect(0.00481)	definit(0.00441)	friend(0.00441)	small(0.00437)	sugar(0.00430)	vanilla(0.00428)	donut(0.00420)	
Topic 2(0.30725):	time(0.01798)	vega(0.01594)	room(0.01515)	peopl(0.00997)	casino(0.00931)	park(0.00865)	hotel(0.00859)	drink(0.00858)	night(0.00852)	stay(0.00844)	strip(0.00832)	walk(0.00815)	locat(0.00776)	pretti(0.00732)	area(0.00722)	shop(0.00690)	friend(0.00679)	seat(0.00597)	year(0.00592)	store(0.00590)	las-vega(0.00581)	cool(0.00555)	play(0.00553)	club(0.00531)	music(0.00524)	find(0.00510)	feel(0.00494)	open(0.00490)	price(0.00482)	tabl(0.00473)	
Topic 3(0.19587):	restaur(0.01772)	time(0.01708)	tabl(0.01549)	steak(0.01350)	side(0.01223)	bread(0.01001)	sauc(0.00974)	serv(0.00960)	perfect(0.00956)	delici(0.00922)	dinner(0.00879)	cook(0.00838)	friend(0.00819)	dish(0.00779)	flavor(0.00774)	dine(0.00765)	wine(0.00742)	tast(0.00695)	night(0.00688)	start(0.00676)	onion(0.00637)	experi(0.00630)	taco(0.00623)	appet(0.00619)	plate(0.00599)	special(0.00586)	excel(0.00577)	lobster(0.00550)	waiter(0.00538)	recommend(0.00536)	
Topic 4(0.17564):	drink(0.02018)	price(0.01970)	pizza(0.01859)	happi(0.01541)	friend(0.01403)	wait(0.01285)	pretti(0.01267)	star(0.01112)	beer(0.00989)	lunch(0.00940)	happi-hour(0.00874)	tast(0.00867)	busi(0.00815)	seat(0.00791)	NUM-minut(0.00779)	peopl(0.00753)	select(0.00713)	review(0.00665)	super(0.00601)	best(0.00565)	time(0.00563)	chicken(0.00557)	amaz(0.00556)	definit(0.00554)	dinner(0.00551)	reason(0.00545)	area(0.00527)	yelp(0.00517)	option(0.00511)	parti(0.00486)	
266 users are loaded from /zf18/ll5fy/lab/dataset/yelp/byUser_70k_review/5foldsCVColdstart/2/...
260 users are loaded from /zf18/ll5fy/lab/dataset/yelp/byUser_70k_review/5foldsCVColdstart/0/...
244 users are loaded from /zf18/ll5fy/lab/dataset/yelp/byUser_70k_review/5foldsCVColdstart/1/...
264 users are loaded from /zf18/ll5fy/lab/dataset/yelp/byUser_70k_review/5foldsCVColdstart/3/...
256 users are loaded from /zf18/ll5fy/lab/dataset/yelp/byUser_70k_review/5foldsCVColdstart/4/...
====================
[Info]Fold No. 2: 
train size = 12778, test size = 3065....
[Info]Initializing CTM Model...
[Info]EM iteration 0: likelihood is -5132114.30, converges to 1.0000...
[Info]EM iteration 1: likelihood is -4293960.62, converges to 0.1633...
[Info]EM iteration 2: likelihood is -4284626.48, converges to 0.0022...
[Info]EM iteration 3: likelihood is -4277401.19, converges to 0.0017...
[Info]EM iteration 4: likelihood is -4269832.72, converges to 0.0018...
[Info]EM iteration 5: likelihood is -4259813.84, converges to 0.0023...
Line search failed. See documentation of routine mcsrch. Error return of line search: info = 6 Possible causes: function or gradient are incorrect, or incorrect tolerances. (iflag == -1)
	at LBFGS.LBFGS.lbfgs(LBFGS.java:458)
	at topicmodels.CTM.CTM.opt_nu(CTM.java:448)
	at topicmodels.CTM.CTM.varInference(CTM.java:201)
	at topicmodels.CTM.CTM.calculate_E_step(CTM.java:177)
	at topicmodels.CTM.CTM.EM(CTM.java:541)
	at topicmodels.TopicModel.oneFoldValidation(TopicModel.java:455)
	at mains.ETBIRExecution.main(ETBIRExecution.java:142)
[Info]EM iteration 6: likelihood is -4246201.39, converges to 0.0032...
[Info]EM iteration 7: likelihood is -4230723.87, converges to 0.0036...
[Info]EM iteration 8: likelihood is -4217301.59, converges to 0.0032...
[Info]EM iteration 9: likelihood is -4207735.53, converges to 0.0023...
[Info]EM iteration 10: likelihood is -4201128.02, converges to 0.0016...
[Info]EM iteration 11: likelihood is -4196294.49, converges to 0.0012...
Line search failed. See documentation of routine mcsrch. Error return of line search: info = 6 Possible causes: function or gradient are incorrect, or incorrect tolerances. (iflag == -1)
	at LBFGS.LBFGS.lbfgs(LBFGS.java:458)
	at topicmodels.CTM.CTM.opt_nu(CTM.java:448)
	at topicmodels.CTM.CTM.varInference(CTM.java:201)
	at topicmodels.CTM.CTM.calculate_E_step(CTM.java:177)
	at topicmodels.CTM.CTM.EM(CTM.java:541)
	at topicmodels.TopicModel.oneFoldValidation(TopicModel.java:455)
	at mains.ETBIRExecution.main(ETBIRExecution.java:142)
[Info]EM iteration 12: likelihood is -4192517.79, converges to 0.0009...
[Info]EM iteration 13: likelihood is -4189397.08, converges to 0.0007...
[Info]EM iteration 14: likelihood is -4186744.28, converges to 0.0006...
[Info]EM iteration 15: likelihood is -4184461.97, converges to 0.0005...
[Info]EM iteration 16: likelihood is -4182479.51, converges to 0.0005...
[Info]EM iteration 17: likelihood is -4180746.50, converges to 0.0004...
[Info]EM iteration 18: likelihood is -4179228.34, converges to 0.0004...
[Info]EM iteration 19: likelihood is -4177890.41, converges to 0.0003...
[Info]EM iteration 20: likelihood is -4176701.77, converges to 0.0003...
[Info]EM iteration 21: likelihood is -4175634.51, converges to 0.0003...
[Info]EM iteration 22: likelihood is -4174664.51, converges to 0.0002...
[Info]EM iteration 23: likelihood is -4173772.10, converges to 0.0002...
[Info]EM iteration 24: likelihood is -4172943.60, converges to 0.0002...
[Info]EM iteration 25: likelihood is -4172170.19, converges to 0.0002...
[Info]EM iteration 26: likelihood is -4171446.52, converges to 0.0002...
[Info]EM iteration 27: likelihood is -4170771.84, converges to 0.0002...
[Info]EM iteration 28: likelihood is -4170145.63, converges to 0.0002...
[Info]EM iteration 29: likelihood is -4169565.21, converges to 0.0001...
[Info]EM iteration 30: likelihood is -4169024.44, converges to 0.0001...
[Info]Start evaluation in Normal
[Stat]Test set perplexity is 1444.036 and log-likelihood is -355.870
[Info]CTM[k:5]
 Train/Test finished in 149.08 seconds...
TopWord FilePath:/zf18/ll5fy/lab/dataset/yelp/byUser_70k_review/output/5foldsCVColdstart/2/CTM_topWords_5.txt
Topic 0(0.16248):	flavor(0.01649)	cream(0.01629)	pizza(0.01531)	sushi(0.01435)	roll(0.01221)	sweet(0.01215)	chocol(0.01190)	cake(0.01157)	tast(0.01112)	taco(0.01011)	ice-cream(0.00875)	perfect(0.00748)	sauc(0.00730)	fish(0.00651)	delici(0.00634)	favorit(0.00568)	chip(0.00567)	lobster(0.00561)	serv(0.00554)	bread(0.00554)	time(0.00547)	tuna(0.00501)	cours(0.00494)	chef(0.00472)	slice(0.00470)	salmon(0.00456)	cooki(0.00428)	small(0.00415)	pasta(0.00415)	amaz(0.00399)	
Topic 1(0.23864):	chicken(0.02424)	dish(0.01605)	sauc(0.01547)	time(0.01485)	rice(0.01220)	restaur(0.01167)	flavor(0.01088)	pork(0.01023)	beef(0.01018)	soup(0.01014)	side(0.00977)	cook(0.00947)	steak(0.00882)	spici(0.00880)	tast(0.00856)	lunch(0.00757)	ramen(0.00708)	thai(0.00679)	friend(0.00674)	definit(0.00669)	delici(0.00664)	plate(0.00604)	perfect(0.00599)	pretti(0.00595)	bowl(0.00523)	curri(0.00519)	serv(0.00514)	small(0.00513)	wait(0.00473)	best(0.00471)	
Topic 2(0.24892):	room(0.01885)	vega(0.01584)	time(0.01562)	casino(0.01154)	hotel(0.01061)	stay(0.01023)	strip(0.00992)	park(0.00984)	peopl(0.00977)	night(0.00956)	walk(0.00915)	drink(0.00700)	club(0.00695)	area(0.00687)	pretti(0.00680)	play(0.00646)	music(0.00620)	view(0.00565)	las-vega(0.00565)	seat(0.00561)	cool(0.00543)	shop(0.00531)	pool(0.00518)	friend(0.00511)	locat(0.00503)	feel(0.00487)	restaur(0.00476)	crowd(0.00465)	star(0.00461)	year(0.00444)	
Topic 3(0.17204):	time(0.02689)	price(0.02091)	buffet(0.01935)	beer(0.01455)	select(0.01261)	friend(0.01200)	coffe(0.01147)	vega(0.00906)	crab(0.00850)	happi(0.00848)	find(0.00840)	town(0.00839)	wine(0.00772)	locat(0.00731)	year(0.00731)	breakfast(0.00725)	dinner(0.00718)	peopl(0.00706)	shop(0.00682)	best(0.00679)	happi-hour(0.00672)	staff(0.00631)	open(0.00613)	favorit(0.00591)	wait(0.00572)	review(0.00567)	station(0.00564)	reason(0.00520)	pretti(0.00510)	custom(0.00486)	
Topic 4(0.17793):	drink(0.02256)	tabl(0.01790)	friend(0.01780)	pretti(0.01473)	wait(0.01414)	restaur(0.01294)	seat(0.01153)	locat(0.01021)	experi(0.00984)	delici(0.00891)	definit(0.00859)	best(0.00857)	happi(0.00815)	special(0.00809)	lunch(0.00775)	busi(0.00721)	NUM-minut(0.00658)	offer(0.00652)	dine(0.00650)	spot(0.00624)	time(0.00607)	tast(0.00604)	start(0.00601)	serv(0.00581)	work(0.00570)	area(0.00561)	peopl(0.00557)	side(0.00542)	fast(0.00540)	night(0.00537)	
264 users are loaded from /zf18/ll5fy/lab/dataset/yelp/byUser_70k_review/5foldsCVColdstart/3/...
260 users are loaded from /zf18/ll5fy/lab/dataset/yelp/byUser_70k_review/5foldsCVColdstart/0/...
244 users are loaded from /zf18/ll5fy/lab/dataset/yelp/byUser_70k_review/5foldsCVColdstart/1/...
266 users are loaded from /zf18/ll5fy/lab/dataset/yelp/byUser_70k_review/5foldsCVColdstart/2/...
256 users are loaded from /zf18/ll5fy/lab/dataset/yelp/byUser_70k_review/5foldsCVColdstart/4/...
====================
[Info]Fold No. 3: 
train size = 12591, test size = 3252....
[Info]Initializing CTM Model...
[Info]EM iteration 0: likelihood is -5135461.22, converges to 1.0000...
[Info]EM iteration 1: likelihood is -4311387.24, converges to 0.1605...
[Info]EM iteration 2: likelihood is -4301938.00, converges to 0.0022...
[Info]EM iteration 3: likelihood is -4294928.64, converges to 0.0016...
[Info]EM iteration 4: likelihood is -4288090.51, converges to 0.0016...
[Info]EM iteration 5: likelihood is -4279593.69, converges to 0.0020...
[Info]EM iteration 6: likelihood is -4267828.06, converges to 0.0027...
[Info]EM iteration 7: likelihood is -4252835.63, converges to 0.0035...
[Info]EM iteration 8: likelihood is -4237530.69, converges to 0.0036...
[Info]EM iteration 9: likelihood is -4225037.97, converges to 0.0029...
[Info]EM iteration 10: likelihood is -4216020.04, converges to 0.0021...
[Info]EM iteration 11: likelihood is -4209677.12, converges to 0.0015...
[Info]EM iteration 12: likelihood is -4205080.71, converges to 0.0011...
[Info]EM iteration 13: likelihood is -4201582.29, converges to 0.0008...
[Info]EM iteration 14: likelihood is -4198782.80, converges to 0.0007...
[Info]EM iteration 15: likelihood is -4196476.66, converges to 0.0005...
[Info]EM iteration 16: likelihood is -4194526.17, converges to 0.0005...
[Info]EM iteration 17: likelihood is -4192810.83, converges to 0.0004...
[Info]EM iteration 18: likelihood is -4191236.90, converges to 0.0004...
[Info]EM iteration 19: likelihood is -4189765.24, converges to 0.0004...
[Info]EM iteration 20: likelihood is -4188357.48, converges to 0.0003...
[Info]EM iteration 21: likelihood is -4186968.74, converges to 0.0003...
[Info]EM iteration 22: likelihood is -4185597.38, converges to 0.0003...
[Info]EM iteration 23: likelihood is -4184281.43, converges to 0.0003...
[Info]EM iteration 24: likelihood is -4183055.04, converges to 0.0003...
[Info]EM iteration 25: likelihood is -4181916.51, converges to 0.0003...
[Info]EM iteration 26: likelihood is -4180850.07, converges to 0.0003...
[Info]EM iteration 27: likelihood is -4179828.49, converges to 0.0002...
[Info]EM iteration 28: likelihood is -4178822.76, converges to 0.0002...
[Info]EM iteration 29: likelihood is -4177815.37, converges to 0.0002...
Line search failed. See documentation of routine mcsrch. Error return of line search: info = 6 Possible causes: function or gradient are incorrect, or incorrect tolerances. (iflag == -1)
	at LBFGS.LBFGS.lbfgs(LBFGS.java:458)
	at topicmodels.CTM.CTM.opt_nu(CTM.java:448)
	at topicmodels.CTM.CTM.varInference(CTM.java:201)
	at topicmodels.CTM.CTM.calculate_E_step(CTM.java:177)
	at topicmodels.CTM.CTM.EM(CTM.java:541)
	at topicmodels.TopicModel.oneFoldValidation(TopicModel.java:455)
	at mains.ETBIRExecution.main(ETBIRExecution.java:142)
[Info]EM iteration 30: likelihood is -4176798.29, converges to 0.0002...
[Info]Start evaluation in Normal
[Stat]Test set perplexity is 1376.953 and log-likelihood is -328.268
[Info]CTM[k:5]
 Train/Test finished in 156.96 seconds...
TopWord FilePath:/zf18/ll5fy/lab/dataset/yelp/byUser_70k_review/output/5foldsCVColdstart/3/CTM_topWords_5.txt
Topic 0(0.31959):	time(0.01578)	vega(0.01554)	room(0.01427)	drink(0.00972)	peopl(0.00931)	casino(0.00883)	night(0.00874)	walk(0.00825)	park(0.00823)	stay(0.00814)	pretti(0.00773)	strip(0.00773)	friend(0.00771)	hotel(0.00771)	area(0.00710)	locat(0.00681)	price(0.00664)	pizza(0.00610)	shop(0.00590)	las-vega(0.00584)	seat(0.00582)	year(0.00554)	cool(0.00535)	store(0.00534)	play(0.00529)	feel(0.00492)	find(0.00489)	music(0.00470)	club(0.00460)	open(0.00455)	
Topic 1(0.21637):	chicken(0.02629)	rice(0.01458)	sauc(0.01426)	flavor(0.01195)	sushi(0.01162)	time(0.01146)	pork(0.01136)	roll(0.01104)	dish(0.01081)	spici(0.01074)	soup(0.00986)	beef(0.00854)	restaur(0.00832)	thai(0.00797)	ramen(0.00789)	tast(0.00767)	definit(0.00723)	lunch(0.00714)	pretti(0.00711)	friend(0.00659)	side(0.00637)	fish(0.00618)	curri(0.00615)	price(0.00614)	bowl(0.00614)	favorit(0.00612)	delici(0.00604)	small(0.00514)	sweet(0.00511)	shrimp(0.00511)	
Topic 2(0.11218):	cream(0.02516)	chocol(0.01935)	cake(0.01795)	flavor(0.01672)	sweet(0.01543)	ice-cream(0.01354)	coffe(0.01192)	tast(0.00978)	breakfast(0.00860)	toast(0.00703)	cooki(0.00655)	strawberri(0.00655)	waffl(0.00635)	delici(0.00587)	time(0.00584)	french(0.00579)	pastri(0.00529)	crepe(0.00522)	banana(0.00506)	best(0.00485)	bread(0.00472)	pancak(0.00451)	vanilla(0.00447)	sugar(0.00441)	favorit(0.00439)	perfect(0.00439)	friend(0.00435)	small(0.00431)	donut(0.00429)	appl(0.00427)	
Topic 3(0.16382):	restaur(0.02038)	steak(0.01601)	dish(0.01405)	dinner(0.01144)	bread(0.01094)	tast(0.01091)	perfect(0.01039)	delici(0.01002)	dine(0.00999)	cook(0.00922)	tabl(0.00879)	side(0.00879)	experi(0.00867)	wine(0.00863)	sauc(0.00836)	plate(0.00819)	cours(0.00735)	start(0.00697)	serv(0.00677)	night(0.00672)	excel(0.00668)	appet(0.00633)	flavor(0.00631)	waiter(0.00628)	lobster(0.00599)	mushroom(0.00598)	shrimp(0.00576)	seat(0.00573)	friend(0.00554)	chef(0.00550)	
Topic 4(0.18803):	time(0.02945)	drink(0.01715)	buffet(0.01546)	wait(0.01489)	pretti(0.01438)	friend(0.01369)	tabl(0.01298)	lunch(0.01071)	happi(0.00959)	best(0.00953)	taco(0.00945)	price(0.00927)	beer(0.00909)	star(0.00896)	peopl(0.00872)	definit(0.00820)	pizza(0.00777)	expect(0.00772)	serv(0.00764)	busi(0.00723)	amaz(0.00686)	super(0.00638)	locat(0.00617)	NUM-minut(0.00614)	thought(0.00612)	staff(0.00546)	side(0.00534)	waitress(0.00529)	review(0.00520)	dinner(0.00518)	
256 users are loaded from /zf18/ll5fy/lab/dataset/yelp/byUser_70k_review/5foldsCVColdstart/4/...
260 users are loaded from /zf18/ll5fy/lab/dataset/yelp/byUser_70k_review/5foldsCVColdstart/0/...
244 users are loaded from /zf18/ll5fy/lab/dataset/yelp/byUser_70k_review/5foldsCVColdstart/1/...
266 users are loaded from /zf18/ll5fy/lab/dataset/yelp/byUser_70k_review/5foldsCVColdstart/2/...
264 users are loaded from /zf18/ll5fy/lab/dataset/yelp/byUser_70k_review/5foldsCVColdstart/3/...
====================
[Info]Fold No. 4: 
train size = 12424, test size = 3419....
[Info]Initializing CTM Model...
[Info]EM iteration 0: likelihood is -5091231.42, converges to 1.0000...
[Info]EM iteration 1: likelihood is -4250515.13, converges to 0.1651...
[Info]EM iteration 2: likelihood is -4241866.52, converges to 0.0020...
[Info]EM iteration 3: likelihood is -4236207.29, converges to 0.0013...
[Info]EM iteration 4: likelihood is -4231781.65, converges to 0.0010...
[Info]EM iteration 5: likelihood is -4227521.48, converges to 0.0010...
[Info]EM iteration 6: likelihood is -4222515.83, converges to 0.0012...
[Info]EM iteration 7: likelihood is -4215922.67, converges to 0.0016...
[Info]EM iteration 8: likelihood is -4207468.78, converges to 0.0020...
[Info]EM iteration 9: likelihood is -4197964.12, converges to 0.0023...
[Info]EM iteration 10: likelihood is -4188711.81, converges to 0.0022...
[Info]EM iteration 11: likelihood is -4180425.00, converges to 0.0020...
[Info]EM iteration 12: likelihood is -4173505.00, converges to 0.0017...
[Info]EM iteration 13: likelihood is -4167962.70, converges to 0.0013...
[Info]EM iteration 14: likelihood is -4163281.15, converges to 0.0011...
[Info]EM iteration 15: likelihood is -4159149.17, converges to 0.0010...
[Info]EM iteration 16: likelihood is -4155437.10, converges to 0.0009...
[Info]EM iteration 17: likelihood is -4152079.07, converges to 0.0008...
[Info]EM iteration 18: likelihood is -4149055.09, converges to 0.0007...
[Info]EM iteration 19: likelihood is -4146339.32, converges to 0.0007...
[Info]EM iteration 20: likelihood is -4143898.96, converges to 0.0006...
[Info]EM iteration 21: likelihood is -4141702.91, converges to 0.0005...
[Info]EM iteration 22: likelihood is -4139735.20, converges to 0.0005...
[Info]EM iteration 23: likelihood is -4137982.49, converges to 0.0004...
[Info]EM iteration 24: likelihood is -4136418.70, converges to 0.0004...
[Info]EM iteration 25: likelihood is -4135015.94, converges to 0.0003...
[Info]EM iteration 26: likelihood is -4133753.90, converges to 0.0003...
[Info]EM iteration 27: likelihood is -4132613.96, converges to 0.0003...
[Info]EM iteration 28: likelihood is -4131578.65, converges to 0.0003...
[Info]EM iteration 29: likelihood is -4130635.84, converges to 0.0002...
[Info]EM iteration 30: likelihood is -4129770.79, converges to 0.0002...
[Info]Start evaluation in Normal
[Stat]Test set perplexity is 1435.176 and log-likelihood is -330.298
[Info]CTM[k:5]
 Train/Test finished in 141.91 seconds...
TopWord FilePath:/zf18/ll5fy/lab/dataset/yelp/byUser_70k_review/output/5foldsCVColdstart/4/CTM_topWords_5.txt
Topic 0(0.18601):	drink(0.02331)	pizza(0.01772)	time(0.01731)	beer(0.01474)	seat(0.01461)	night(0.01377)	peopl(0.01348)	friend(0.01213)	music(0.00888)	best(0.00881)	watch(0.00776)	cool(0.00755)	town(0.00711)	price(0.00698)	tabl(0.00698)	wine(0.00678)	select(0.00658)	happi(0.00657)	play(0.00633)	happi-hour(0.00626)	club(0.00625)	experi(0.00529)	vega(0.00521)	pretti(0.00511)	crowd(0.00510)	local(0.00480)	find(0.00444)	danc(0.00435)	staff(0.00427)	amaz(0.00415)	
Topic 1(0.18483):	flavor(0.01658)	cream(0.01549)	sweet(0.01398)	chocol(0.01224)	tast(0.01088)	cake(0.01010)	steak(0.00921)	perfect(0.00909)	bread(0.00908)	taco(0.00862)	ice-cream(0.00793)	delici(0.00791)	serv(0.00742)	crab(0.00689)	best(0.00656)	lobster(0.00516)	side(0.00514)	cours(0.00512)	chip(0.00480)	onion(0.00475)	sauc(0.00457)	favorit(0.00434)	cooki(0.00425)	friend(0.00398)	strawberri(0.00390)	coffe(0.00390)	bite(0.00369)	select(0.00364)	creami(0.00354)	mushroom(0.00351)	
Topic 2(0.18023):	room(0.02782)	vega(0.02255)	buffet(0.01816)	casino(0.01481)	hotel(0.01459)	stay(0.01437)	time(0.01434)	park(0.01385)	strip(0.01357)	shop(0.01160)	walk(0.01114)	locat(0.01062)	area(0.00931)	store(0.00838)	las-vega(0.00770)	price(0.00743)	pool(0.00706)	pretti(0.00639)	view(0.00630)	restaur(0.00605)	feel(0.00599)	peopl(0.00589)	clean(0.00569)	open(0.00529)	find(0.00524)	year(0.00513)	wait(0.00483)	card(0.00471)	station(0.00471)	work(0.00409)	
Topic 3(0.26330):	chicken(0.02154)	dish(0.01775)	sauc(0.01607)	time(0.01543)	restaur(0.01223)	rice(0.01183)	lunch(0.01099)	roll(0.01022)	beef(0.00984)	pork(0.00979)	soup(0.00945)	flavor(0.00931)	sushi(0.00929)	spici(0.00912)	tast(0.00886)	price(0.00816)	side(0.00798)	friend(0.00781)	thai(0.00725)	delici(0.00712)	serv(0.00665)	cook(0.00664)	shrimp(0.00663)	best(0.00648)	fish(0.00624)	definit(0.00560)	favorit(0.00547)	curri(0.00494)	pretti(0.00490)	garlic(0.00480)	
Topic 4(0.18563):	wait(0.02018)	pretti(0.01750)	time(0.01699)	tabl(0.01696)	star(0.01556)	restaur(0.01443)	dinner(0.01158)	definit(0.01140)	friend(0.01073)	drink(0.01055)	breakfast(0.00958)	dine(0.00958)	amaz(0.00828)	review(0.00773)	special(0.00765)	busi(0.00753)	happi(0.00741)	experi(0.00709)	work(0.00649)	tast(0.00616)	spot(0.00594)	choic(0.00589)	seat(0.00556)	peopl(0.00548)	offer(0.00536)	delici(0.00532)	yelp(0.00488)	strip(0.00479)	pancak(0.00475)	fill(0.00452)	

Part 0 -----------------Valid folds: 5
[Stat]Loglikelihood -334.968+/-11.343
[Stat]Perplexity 1403.175+/-29.902
