Load 6134 2-gram new features from /zf18/ll5fy/lab/dataset/yelp/yelp_features.txt...
1409 users are loaded from /zf18/ll5fy/lab/dataset/yelp/byUser_70k_review/data/...
Info File Path: /zf18/ll5fy/lab/dataset/yelp/byUser_70k_review/output/5foldsCVColdstart/LDA_Item_info.txt
[Info]Start FIXED cross validation...
260 users are loaded from /zf18/ll5fy/lab/dataset/yelp/byUser_70k_review/5foldsCVColdstart/0/...
244 users are loaded from /zf18/ll5fy/lab/dataset/yelp/byUser_70k_review/5foldsCVColdstart/1/...
266 users are loaded from /zf18/ll5fy/lab/dataset/yelp/byUser_70k_review/5foldsCVColdstart/2/...
264 users are loaded from /zf18/ll5fy/lab/dataset/yelp/byUser_70k_review/5foldsCVColdstart/3/...
256 users are loaded from /zf18/ll5fy/lab/dataset/yelp/byUser_70k_review/5foldsCVColdstart/4/...
====================
[Info]Fold No. 0: 
[Info]Analzying corpus: 
...........-- Global corpus: vocabulary size: 6134, review size: 15843, item size: 861, user size: 861
train size = 12311, test size = 3532....
[Info]Analying bipartie graph: 
-- train graph: review size: 12311, item size: 722, user size: 770
[Info]EM Starting multithread LDA_Focus[k:15, alpha:1.01, beta:1.00, Variational]...
==============
[Info]Likelihood -3610272.20642 at step 0 converge to 1.0000000000...
==============
[Info]Likelihood -3609392.51141 at step 1 converge to 0.0002436645...
==============
[Info]Likelihood -3608486.59576 at step 2 converge to 0.0002509884...
==============
[Info]Likelihood -3607492.46997 at step 3 converge to 0.0002754966...
==============
[Info]Likelihood -3606187.28665 at step 4 converge to 0.0003617979...
==============
[Info]Likelihood -3603418.57265 at step 5 converge to 0.0007677677...
==============
[Info]Likelihood -3592526.54278 at step 6 converge to 0.0030226935...
==============
[Info]Likelihood -3552388.14034 at step 7 converge to 0.0111727504...
==============
[Info]Likelihood -3495936.62112 at step 8 converge to 0.0158911462...
==============
[Info]Likelihood -3447760.20367 at step 9 converge to 0.0137806896...
==============
[Info]Likelihood -3411045.19399 at step 10 converge to 0.0106489453...
==============
[Info]Likelihood -3384112.75108 at step 11 converge to 0.0078956570...
==============
[Info]Likelihood -3363825.94106 at step 12 converge to 0.0059947205...
==============
[Info]Likelihood -3347801.33270 at step 13 converge to 0.0047638043...
==============
[Info]Likelihood -3334664.86711 at step 14 converge to 0.0039239083...
==============
[Info]Likelihood -3323575.36821 at step 15 converge to 0.0033255213...
==============
[Info]Likelihood -3314036.23402 at step 16 converge to 0.0028701423...
==============
[Info]Likelihood -3305750.99440 at step 17 converge to 0.0025000450...
==============
[Info]Likelihood -3298482.33880 at step 18 converge to 0.0021987910...
==============
[Info]Likelihood -3292026.87389 at step 19 converge to 0.0019571016...
==============
[Info]Likelihood -3286253.03663 at step 20 converge to 0.0017538852...
==============
[Info]Likelihood -3281030.44309 at step 21 converge to 0.0015892244...
==============
[Info]Likelihood -3276256.86140 at step 22 converge to 0.0014549032...
==============
[Info]Likelihood -3271869.03860 at step 23 converge to 0.0013392792...
==============
[Info]Likelihood -3267814.51939 at step 24 converge to 0.0012392058...
==============
[Info]Likelihood -3264083.13005 at step 25 converge to 0.0011418608...
==============
[Info]Likelihood -3260635.58318 at step 26 converge to 0.0010562068...
==============
[Info]Likelihood -3257438.86197 at step 27 converge to 0.0009803982...
==============
[Info]Likelihood -3254464.04723 at step 28 converge to 0.0009132373...
==============
[Info]Likelihood -3251688.67722 at step 29 converge to 0.0008527887...
[Info]Likelihood -3251688.677 after step 30 converge to 0.000853 after 107 seconds...
[Info]Analying bipartie graph: 
-- test graph: review size: 3532, item size: 211, user size: 260
[Info]Start evaluation in thread
[Stat]Test evaluation finished: 3532 docs
[Stat]0 part has 817.000000 docs: perplexity is 1150.368 and log-likelihood is -323.070
[Stat]1 part has 303.000000 docs: perplexity is 1156.968 and log-likelihood is -327.443
[Stat]2 part has 1696.000000 docs: perplexity is 1094.896 and log-likelihood is -310.905
[Stat]3 part has 716.000000 docs: perplexity is 1046.494 and log-likelihood is -301.882
[Stat]4 part has 3532.000000 docs: perplexity is 1103.393 and log-likelihood is -313.309
[Info]multithread LDA_Focus[k:15, alpha:1.01, beta:1.00, Variational] Train/Test finished in 110.36 seconds...
TopWord FilePath:/zf18/ll5fy/lab/dataset/yelp/byUser_70k_review/output/5foldsCVColdstart/0/LDA_Item_topWords_15.txt
Topic 0(0.05250):	restaur(0.03704)	bread(0.03456)	sauc(0.02289)	dinner(0.02184)	pasta(0.01871)	excel(0.01741)	lobster(0.01700)	dish(0.01534)	italian(0.01319)	delici(0.01210)	wife(0.01181)	appet(0.01057)	tabl(0.01047)	dine(0.01034)	waiter(0.00995)	perfect(0.00983)	garlic(0.00949)	time(0.00870)	serv(0.00847)	special(0.00824)	calamari(0.00787)	share(0.00779)	roast(0.00699)	custard(0.00694)	spinach(0.00679)	dress(0.00666)	start(0.00642)	brought(0.00602)	amaz(0.00594)	cook(0.00573)	
Topic 1(0.05219):	chicken(0.05559)	taco(0.03573)	chip(0.02389)	sauc(0.01933)	locat(0.01791)	bean(0.01656)	mexican(0.01585)	fast(0.01568)	strip(0.01378)	delici(0.01142)	option(0.00957)	burrito(0.00951)	tortilla(0.00919)	nacho(0.00919)	friend(0.00822)	side(0.00772)	margarita(0.00736)	flavor(0.00729)	finger(0.00728)	fish(0.00727)	best(0.00688)	combo(0.00680)	time(0.00666)	super(0.00642)	favorit(0.00640)	vegan(0.00631)	tast(0.00604)	serv(0.00579)	fusion(0.00573)	fast-food(0.00554)	
Topic 2(0.09862):	room(0.04475)	casino(0.02535)	stay(0.02340)	hotel(0.02253)	strip(0.02109)	vega(0.01784)	club(0.01447)	view(0.01244)	music(0.01211)	pool(0.01145)	night(0.01079)	seat(0.00790)	danc(0.00769)	theater(0.00721)	area(0.00718)	ticket(0.00714)	walk(0.00694)	crowd(0.00687)	time(0.00677)	rock(0.00673)	play(0.00628)	peopl(0.00624)	pretti(0.00564)	locat(0.00553)	beauti(0.00535)	restaur(0.00534)	watch(0.00506)	clean(0.00504)	perform(0.00502)	suit(0.00501)	
Topic 3(0.07131):	drink(0.08165)	happi(0.04586)	steak(0.04071)	night(0.03971)	beer(0.03260)	happi-hour(0.02490)	friend(0.01899)	price(0.01880)	wine(0.01810)	special(0.01412)	glass(0.01195)	pretti(0.01114)	dinner(0.01099)	seat(0.01081)	patio(0.01032)	tabl(0.01011)	bartend(0.00991)	birthday(0.00943)	appet(0.00942)	amaz(0.00916)	reserv(0.00855)	recommend(0.00781)	bottl(0.00725)	rare(0.00685)	buck(0.00641)	start(0.00636)	best(0.00582)	friday(0.00564)	side(0.00551)	alcohol(0.00547)	
Topic 4(0.08850):	park(0.03187)	shop(0.02926)	vega(0.02830)	cool(0.02370)	store(0.01883)	area(0.01857)	walk(0.01613)	las-vega(0.01609)	find(0.01553)	peopl(0.01180)	play(0.01122)	local(0.01054)	insid(0.01037)	street(0.00978)	downtown(0.00956)	town(0.00932)	spot(0.00875)	locat(0.00828)	year(0.00768)	time(0.00767)	watch(0.00688)	drink(0.00675)	event(0.00661)	boba(0.00660)	machin(0.00609)	sign(0.00579)	crowd(0.00559)	drive(0.00557)	easi(0.00543)	outdoor(0.00541)	
Topic 5(0.05781):	dish(0.03983)	tast(0.03142)	flavor(0.02418)	cours(0.02209)	perfect(0.02195)	serv(0.01180)	best(0.01159)	restaur(0.01156)	cook(0.01148)	plate(0.01099)	amaz(0.01088)	sweet(0.01066)	bite(0.01016)	recommend(0.00991)	chef(0.00883)	delici(0.00862)	tender(0.00799)	mouth(0.00768)	favorit(0.00756)	experi(0.00734)	start(0.00731)	scallop(0.00694)	textur(0.00641)	beauti(0.00636)	salmon(0.00629)	mango(0.00622)	filet(0.00619)	bone(0.00578)	foie-gras(0.00542)	creme(0.00522)	
Topic 6(0.04560):	pizza(0.05614)	slice(0.01725)	crust(0.01250)	style(0.00941)	ingredi(0.00887)	vega(0.00887)	sauc(0.00865)	white(0.00809)	thin(0.00808)	best(0.00808)	serv(0.00805)	chef(0.00794)	dine(0.00778)	sausag(0.00726)	offer(0.00713)	kitchen(0.00643)	featur(0.00588)	las-vega(0.00584)	select(0.00572)	crispi(0.00564)	citi(0.00533)	space(0.00533)	york(0.00497)	arriv(0.00491)	experi(0.00479)	oliv(0.00461)	balanc(0.00456)	garlic(0.00454)	signatur(0.00443)	crisp(0.00433)	
Topic 7(0.06517):	lunch(0.05205)	time(0.03115)	chicken(0.02960)	side(0.02272)	friend(0.02228)	restaur(0.02010)	dine(0.01726)	plate(0.01619)	pretti(0.01563)	star(0.01531)	busi(0.01395)	definit(0.01004)	beef(0.00979)	area(0.00941)	bread(0.00901)	price(0.00882)	delici(0.00867)	hungri(0.00862)	pull(0.00851)	corn(0.00845)	solid(0.00837)	yelp(0.00720)	tabl(0.00696)	slow(0.00638)	good-food(0.00613)	soup(0.00572)	deli(0.00569)	feel(0.00566)	staff(0.00549)	serv(0.00519)	
Topic 8(0.05657):	buffet(0.04568)	shrimp(0.03734)	price(0.03125)	crab(0.02914)	select(0.02762)	seafood(0.01994)	varieti(0.01731)	pretti(0.01699)	deal(0.01585)	dinner(0.01498)	time(0.01463)	offer(0.01379)	oyster(0.01337)	station(0.01251)	vega(0.01208)	choos(0.01056)	prime(0.00960)	option(0.00923)	best(0.00840)	includ(0.00755)	choic(0.00737)	pound(0.00674)	juici(0.00628)	prime-rib(0.00599)	serv(0.00596)	asian(0.00574)	pretti-good(0.00563)	reason(0.00541)	crab-leg(0.00516)	definit(0.00514)	
Topic 9(0.08690):	time(0.05289)	wait(0.03289)	tabl(0.02925)	peopl(0.02197)	NUM-minut(0.02096)	seat(0.01459)	told(0.01453)	custom(0.01445)	experi(0.01359)	manag(0.01134)	call(0.01088)	water(0.01013)	second(0.01002)	final(0.00990)	arriv(0.00955)	walk(0.00946)	friend(0.00925)	staff(0.00882)	work(0.00880)	card(0.00861)	parti(0.00761)	start(0.00666)	problem(0.00638)	star(0.00631)	close(0.00619)	waitress(0.00591)	door(0.00588)	open(0.00582)	point(0.00569)	money(0.00568)	
Topic 10(0.05282):	flavor(0.02849)	onion(0.02704)	side(0.02346)	sauc(0.02155)	sweet(0.01990)	tast(0.01726)	shake(0.01240)	perfect(0.01157)	wrap(0.01144)	delici(0.01119)	truffl(0.01103)	crispi(0.00948)	season(0.00934)	blue(0.00897)	cook(0.00875)	beef(0.00845)	juici(0.00834)	mushroom(0.00805)	dress(0.00741)	healthi(0.00701)	serv(0.00700)	pickl(0.00686)	sweet-potato(0.00652)	definit(0.00648)	ring(0.00639)	tapa(0.00600)	yummi(0.00599)	black(0.00597)	veggi(0.00579)	patti(0.00570)	
Topic 11(0.07638):	review(0.03192)	star(0.02998)	friend(0.02387)	time(0.02330)	pretti(0.02253)	definit(0.01766)	pick(0.01579)	locat(0.01523)	thought(0.01523)	price(0.01492)	feel(0.01302)	super(0.01209)	work(0.01157)	wing(0.01100)	expect(0.01064)	best(0.01029)	rememb(0.00902)	reason(0.00897)	read(0.00873)	stuff(0.00857)	year(0.00857)	close(0.00854)	open(0.00774)	find(0.00761)	talk(0.00747)	staff(0.00733)	excit(0.00638)	amaz(0.00625)	pretti-good(0.00591)	type(0.00572)	
Topic 12(0.06566):	cream(0.04789)	chocol(0.03838)	cake(0.03200)	ice-cream(0.02520)	breakfast(0.02499)	coffe(0.02194)	sweet(0.02040)	flavor(0.01554)	pancak(0.01537)	toast(0.01493)	cooki(0.01313)	strawberri(0.01232)	waffl(0.01209)	french(0.01177)	brunch(0.01077)	banana(0.01048)	crepe(0.01012)	tast(0.00883)	pastri(0.00876)	delici(0.00873)	vanilla(0.00845)	sugar(0.00803)	donut(0.00737)	gelato(0.00674)	velvet(0.00580)	syrup(0.00578)	appl(0.00570)	fill(0.00567)	whip(0.00555)	bakeri(0.00521)	
Topic 13(0.07397):	rice(0.03933)	roll(0.03646)	sushi(0.03393)	pork(0.02924)	spici(0.02096)	thai(0.02001)	curri(0.01655)	beef(0.01633)	chicken(0.01557)	dish(0.01556)	fish(0.01438)	sauc(0.01388)	korean(0.01325)	soup(0.01228)	restaur(0.01228)	tuna(0.01117)	belli(0.01060)	favorit(0.00911)	salmon(0.00843)	tofu(0.00799)	special(0.00782)	pork-belli(0.00757)	flavor(0.00740)	chines(0.00678)	fri-rice(0.00671)	asian(0.00650)	piec(0.00643)	definit(0.00612)	sashimi(0.00581)	hawaiian(0.00565)	
Topic 14(0.05600):	small(0.04330)	wait(0.03637)	ramen(0.03479)	bowl(0.02797)	time(0.02316)	extra(0.02176)	size(0.01787)	broth(0.01764)	seat(0.01464)	soup(0.01381)	pretti(0.01103)	friend(0.01016)	spot(0.01003)	restaur(0.00972)	busi(0.00951)	definit(0.00934)	flavor(0.00920)	best(0.00918)	open(0.00845)	peopl(0.00789)	locat(0.00776)	tast(0.00759)	pack(0.00755)	cook(0.00754)	spring(0.00726)	monta(0.00720)	vega(0.00687)	pork(0.00639)	side(0.00630)	spici(0.00607)	
244 users are loaded from /zf18/ll5fy/lab/dataset/yelp/byUser_70k_review/5foldsCVColdstart/1/...
260 users are loaded from /zf18/ll5fy/lab/dataset/yelp/byUser_70k_review/5foldsCVColdstart/0/...
266 users are loaded from /zf18/ll5fy/lab/dataset/yelp/byUser_70k_review/5foldsCVColdstart/2/...
264 users are loaded from /zf18/ll5fy/lab/dataset/yelp/byUser_70k_review/5foldsCVColdstart/3/...
256 users are loaded from /zf18/ll5fy/lab/dataset/yelp/byUser_70k_review/5foldsCVColdstart/4/...
====================
[Info]Fold No. 1: 
[Info]Analzying corpus: 
...........-- Global corpus: vocabulary size: 6134, review size: 15843, item size: 861, user size: 861
train size = 13268, test size = 2575....
[Info]Analying bipartie graph: 
-- train graph: review size: 13268, item size: 732, user size: 782
[Info]EM Starting multithread LDA_Focus[k:15, alpha:1.01, beta:1.00, Variational]...
==============
[Info]Likelihood -3895216.23178 at step 0 converge to 1.0000000000...
==============
[Info]Likelihood -3894277.78103 at step 1 converge to 0.0002409239...
==============
[Info]Likelihood -3893326.41957 at step 2 converge to 0.0002442973...
==============
[Info]Likelihood -3892293.64603 at step 3 converge to 0.0002652676...
==============
[Info]Likelihood -3891010.32025 at step 4 converge to 0.0003297094...
==============
[Info]Likelihood -3888932.05737 at step 5 converge to 0.0005341191...
==============
[Info]Likelihood -3884088.16352 at step 6 converge to 0.0012455589...
==============
[Info]Likelihood -3867954.30019 at step 7 converge to 0.0041538355...
==============
[Info]Likelihood -3821175.43829 at step 8 converge to 0.0120939541...
==============
[Info]Likelihood -3753460.34979 at step 9 converge to 0.0177210101...
==============
[Info]Likelihood -3698699.36954 at step 10 converge to 0.0145894655...
==============
[Info]Likelihood -3660499.41670 at step 11 converge to 0.0103279421...
==============
[Info]Likelihood -3633638.23791 at step 12 converge to 0.0073381186...
==============
[Info]Likelihood -3613766.92107 at step 13 converge to 0.0054687108...
==============
[Info]Likelihood -3598283.07527 at step 14 converge to 0.0042846830...
==============
[Info]Likelihood -3585788.52171 at step 15 converge to 0.0034723654...
==============
[Info]Likelihood -3575442.22367 at step 16 converge to 0.0028853620...
==============
[Info]Likelihood -3566676.79442 at step 17 converge to 0.0024515651...
==============
[Info]Likelihood -3559130.09809 at step 18 converge to 0.0021158902...
==============
[Info]Likelihood -3552545.02676 at step 19 converge to 0.0018501912...
==============
[Info]Likelihood -3546703.53278 at step 20 converge to 0.0016443124...
==============
[Info]Likelihood -3541429.76565 at step 21 converge to 0.0014869490...
==============
[Info]Likelihood -3536621.40366 at step 22 converge to 0.0013577460...
==============
[Info]Likelihood -3532227.01986 at step 23 converge to 0.0012425372...
==============
[Info]Likelihood -3528211.57208 at step 24 converge to 0.0011368034...
==============
[Info]Likelihood -3524528.85216 at step 25 converge to 0.0010437923...
==============
[Info]Likelihood -3521139.19463 at step 26 converge to 0.0009617335...
==============
[Info]Likelihood -3518019.48037 at step 27 converge to 0.0008859957...
==============
[Info]Likelihood -3515141.93914 at step 28 converge to 0.0008179435...
==============
[Info]Likelihood -3512469.01350 at step 29 converge to 0.0007604033...
[Info]Likelihood -3512469.014 after step 30 converge to 0.000760 after 42 seconds...
[Info]Analying bipartie graph: 
-- test graph: review size: 2575, item size: 179, user size: 244
[Info]Start evaluation in thread
[Stat]Test evaluation finished: 2575 docs
[Stat]0 part has 746.000000 docs: perplexity is 1059.226 and log-likelihood is -334.885
[Stat]1 part has 193.000000 docs: perplexity is 1102.381 and log-likelihood is -326.995
[Stat]2 part has 1220.000000 docs: perplexity is 1117.961 and log-likelihood is -323.674
[Stat]3 part has 416.000000 docs: perplexity is 1064.661 and log-likelihood is -317.204
[Stat]4 part has 2575.000000 docs: perplexity is 1090.492 and log-likelihood is -326.126
[Info]multithread LDA_Focus[k:15, alpha:1.01, beta:1.00, Variational] Train/Test finished in 43.66 seconds...
TopWord FilePath:/zf18/ll5fy/lab/dataset/yelp/byUser_70k_review/output/5foldsCVColdstart/1/LDA_Item_topWords_15.txt
Topic 0(0.06373):	happi(0.05480)	beer(0.04375)	price(0.04099)	pretti(0.03117)	happi-hour(0.03045)	special(0.01969)	chicken(0.01900)	best(0.01700)	pretti-good(0.01532)	wing(0.01347)	friend(0.01302)	size(0.01170)	time(0.01020)	select(0.00967)	bread(0.00920)	star(0.00839)	chip(0.00763)	definit(0.00718)	town(0.00681)	soda(0.00671)	tast(0.00644)	serv(0.00633)	finger(0.00618)	local(0.00610)	buck(0.00571)	deal(0.00566)	appet(0.00518)	deli(0.00474)	NUM-buck(0.00427)	corn(0.00420)	
Topic 1(0.07230):	wait(0.07452)	time(0.04659)	breakfast(0.02511)	NUM-minut(0.02507)	busi(0.02250)	lunch(0.02095)	friend(0.02021)	tabl(0.01924)	seat(0.01479)	pancak(0.01324)	review(0.01222)	staff(0.01178)	arriv(0.01162)	restaur(0.01075)	waitress(0.01025)	slow(0.01015)	star(0.00840)	final(0.00830)	spot(0.00793)	yelp(0.00767)	expect(0.00757)	work(0.00751)	open(0.00640)	earli(0.00622)	hungri(0.00607)	peopl(0.00603)	serv(0.00580)	refil(0.00573)	short(0.00551)	locat(0.00546)	
Topic 2(0.07262):	steak(0.03326)	restaur(0.03030)	dinner(0.02391)	dine(0.02029)	dish(0.01819)	cook(0.01613)	wine(0.01595)	lobster(0.01348)	perfect(0.01338)	bread(0.01251)	excel(0.01222)	waiter(0.01219)	experi(0.01104)	side(0.01099)	tabl(0.01049)	plate(0.00997)	cours(0.00977)	serv(0.00962)	start(0.00872)	appet(0.00866)	delici(0.00802)	rare(0.00799)	reserv(0.00777)	brought(0.00698)	tast(0.00692)	tender(0.00624)	chef(0.00623)	medium(0.00584)	recommend(0.00580)	fine(0.00566)	
Topic 3(0.07482):	chicken(0.04815)	rice(0.03005)	soup(0.02892)	thai(0.02293)	dish(0.02183)	ramen(0.02092)	bowl(0.02026)	restaur(0.01732)	spici(0.01687)	flavor(0.01639)	curri(0.01566)	beef(0.01421)	broth(0.01212)	sauc(0.01110)	pork(0.01034)	lunch(0.01029)	tast(0.00790)	chines(0.00756)	time(0.00693)	fri-rice(0.00680)	spice(0.00670)	veget(0.00655)	crispi(0.00650)	small(0.00632)	hawaiian(0.00626)	delici(0.00612)	veggi(0.00604)	best(0.00598)	definit(0.00576)	style(0.00525)	
Topic 4(0.05056):	pizza(0.05570)	sauc(0.02637)	pasta(0.01743)	bread(0.01304)	italian(0.01292)	crust(0.01248)	slice(0.01217)	sausag(0.01117)	garlic(0.01075)	style(0.01007)	ingredi(0.00961)	oliv(0.00900)	dish(0.00889)	restaur(0.00868)	tast(0.00831)	thin(0.00808)	time(0.00794)	perfect(0.00738)	white(0.00732)	meatbal(0.00693)	flavor(0.00690)	friend(0.00684)	mushroom(0.00683)	serv(0.00638)	dress(0.00623)	delici(0.00613)	chicken(0.00592)	best(0.00555)	favorit(0.00532)	spinach(0.00527)	
Topic 5(0.06183):	roll(0.04135)	sushi(0.03543)	pork(0.02724)	fish(0.02683)	dish(0.01530)	tuna(0.01509)	salmon(0.01507)	spici(0.01258)	belli(0.01199)	favorit(0.01181)	sauc(0.01153)	korean(0.01126)	beef(0.01090)	rice(0.01084)	time(0.01034)	definit(0.00911)	chef(0.00872)	pork-belli(0.00864)	piec(0.00791)	restaur(0.00778)	special(0.00774)	sashimi(0.00692)	shrimp(0.00682)	pretti(0.00669)	tast(0.00661)	dinner(0.00602)	friend(0.00592)	price(0.00553)	appet(0.00533)	nigiri(0.00507)	
Topic 6(0.05603):	cream(0.04544)	chocol(0.03667)	cake(0.03411)	flavor(0.02971)	sweet(0.02624)	ice-cream(0.02369)	tast(0.01707)	cooki(0.01184)	strawberri(0.01049)	cours(0.00909)	crepe(0.00896)	banana(0.00830)	creami(0.00796)	vanilla(0.00793)	rich(0.00792)	perfect(0.00772)	textur(0.00702)	serv(0.00678)	cupcak(0.00616)	white(0.00605)	foie-gras(0.00588)	black(0.00582)	coconut(0.00579)	best(0.00576)	whip(0.00569)	creme(0.00533)	custard(0.00526)	bite(0.00520)	favorit(0.00517)	small(0.00509)	
Topic 7(0.07738):	room(0.06129)	strip(0.03990)	casino(0.03433)	vega(0.03316)	stay(0.03272)	hotel(0.03167)	pool(0.01576)	view(0.01433)	restaur(0.01216)	locat(0.01190)	rock(0.00928)	las-vega(0.00902)	walk(0.00791)	area(0.00739)	clean(0.00700)	suit(0.00661)	tower(0.00594)	time(0.00588)	wynn(0.00576)	gambl(0.00563)	resort(0.00549)	elev(0.00549)	properti(0.00534)	book(0.00501)	fountain(0.00498)	pretti(0.00465)	feel(0.00465)	slot(0.00442)	smell(0.00424)	venetian(0.00421)	
Topic 8(0.05890):	coffe(0.03008)	delici(0.02791)	amaz(0.02041)	friend(0.01934)	french(0.01904)	toast(0.01894)	definit(0.01822)	super(0.01596)	brunch(0.01452)	cute(0.01383)	sweet(0.01364)	waffl(0.01255)	tast(0.01145)	donut(0.00994)	bread(0.00980)	pastri(0.00968)	yummi(0.00931)	small(0.00905)	offer(0.00900)	uniqu(0.00876)	honey(0.00855)	perfect(0.00835)	best(0.00800)	cafe(0.00787)	favorit(0.00771)	flavor(0.00728)	bakeri(0.00721)	fill(0.00687)	option(0.00680)	recommend(0.00610)	
Topic 9(0.05589):	buffet(0.04874)	crab(0.02942)	shrimp(0.02873)	taco(0.02447)	seafood(0.01718)	bean(0.01441)	plate(0.01363)	station(0.01316)	mexican(0.01200)	oyster(0.01171)	chip(0.01168)	pretti(0.01022)	time(0.01013)	dinner(0.00923)	sauc(0.00922)	tast(0.00881)	select(0.00782)	price(0.00774)	prime(0.00765)	corn(0.00763)	best(0.00763)	delici(0.00763)	flavor(0.00761)	nacho(0.00757)	crab-leg(0.00714)	lunch(0.00705)	burrito(0.00701)	tortilla(0.00683)	definit(0.00666)	offer(0.00638)	
Topic 10(0.06687):	seat(0.03729)	watch(0.02488)	amaz(0.02026)	time(0.01995)	vega(0.01845)	music(0.01779)	experi(0.01389)	definit(0.01278)	downtown(0.01265)	best(0.01231)	recommend(0.01085)	favorit(0.01074)	play(0.00966)	ticket(0.00930)	peopl(0.00867)	feel(0.00811)	entertain(0.00781)	sound(0.00779)	cirqu(0.00764)	perform(0.00759)	review(0.00711)	impress(0.00695)	stage(0.00691)	beauti(0.00667)	thought(0.00638)	stori(0.00619)	cool(0.00618)	incred(0.00577)	star(0.00568)	expect(0.00555)	
Topic 11(0.07554):	time(0.02602)	store(0.02341)	custom(0.02198)	locat(0.01859)	price(0.01614)	find(0.01512)	card(0.01280)	call(0.01201)	pick(0.01195)	deal(0.01142)	star(0.01079)	select(0.01045)	manag(0.00936)	month(0.00881)	told(0.00858)	reason(0.00817)	offer(0.00811)	custom-servic(0.00778)	review(0.00768)	boba(0.00752)	week(0.00749)	frozen(0.00687)	work(0.00669)	stuff(0.00641)	total(0.00621)	product(0.00614)	phone(0.00607)	market(0.00594)	staff(0.00581)	clean(0.00580)	
Topic 12(0.07686):	park(0.03534)	year(0.02947)	shop(0.02858)	vega(0.02375)	area(0.02212)	walk(0.01915)	las-vega(0.01498)	find(0.01398)	time(0.01343)	local(0.01214)	cool(0.01214)	work(0.01142)	peopl(0.01137)	sign(0.01032)	street(0.00883)	event(0.00882)	famili(0.00866)	open(0.00851)	easi(0.00833)	town(0.00831)	insid(0.00791)	locat(0.00783)	NUM-year(0.00761)	play(0.00737)	bring(0.00707)	drive(0.00656)	pictur(0.00608)	machin(0.00601)	close(0.00592)	year-ago(0.00587)	
Topic 13(0.06048):	side(0.03155)	onion(0.02105)	sauc(0.01723)	tast(0.01525)	sweet(0.01358)	flavor(0.01326)	fast(0.01291)	shake(0.01132)	time(0.01071)	locat(0.00917)	truffl(0.00908)	friend(0.00834)	chicken(0.00812)	healthi(0.00785)	joint(0.00783)	pretti(0.00728)	pickl(0.00726)	pull(0.00719)	option(0.00700)	sweet-potato(0.00687)	juici(0.00643)	blue(0.00609)	patti(0.00578)	ring(0.00550)	bite(0.00542)	kitchen(0.00536)	perfect(0.00515)	doubl(0.00503)	veggi(0.00501)	delici(0.00497)	
Topic 14(0.07621):	drink(0.08372)	night(0.05893)	tabl(0.03685)	peopl(0.03416)	friend(0.02627)	time(0.02542)	parti(0.01940)	pretti(0.01844)	club(0.01790)	crowd(0.01582)	bartend(0.00988)	bottl(0.00949)	area(0.00900)	cool(0.00873)	saturday(0.00836)	open(0.00826)	danc(0.00780)	friday(0.00779)	water(0.00777)	patio(0.00706)	pack(0.00705)	music(0.00633)	experi(0.00601)	reserv(0.00581)	small(0.00569)	loung(0.00525)	spot(0.00520)	walk(0.00481)	waitress(0.00470)	birthday(0.00467)	
266 users are loaded from /zf18/ll5fy/lab/dataset/yelp/byUser_70k_review/5foldsCVColdstart/2/...
260 users are loaded from /zf18/ll5fy/lab/dataset/yelp/byUser_70k_review/5foldsCVColdstart/0/...
244 users are loaded from /zf18/ll5fy/lab/dataset/yelp/byUser_70k_review/5foldsCVColdstart/1/...
264 users are loaded from /zf18/ll5fy/lab/dataset/yelp/byUser_70k_review/5foldsCVColdstart/3/...
256 users are loaded from /zf18/ll5fy/lab/dataset/yelp/byUser_70k_review/5foldsCVColdstart/4/...
====================
[Info]Fold No. 2: 
[Info]Analzying corpus: 
...........-- Global corpus: vocabulary size: 6134, review size: 15843, item size: 861, user size: 861
train size = 12778, test size = 3065....
[Info]Analying bipartie graph: 
-- train graph: review size: 12778, item size: 702, user size: 773
[Info]EM Starting multithread LDA_Focus[k:15, alpha:1.01, beta:1.00, Variational]...
==============
[Info]Likelihood -3669664.99189 at step 0 converge to 1.0000000000...
==============
[Info]Likelihood -3668768.37892 at step 1 converge to 0.0002443310...
==============
[Info]Likelihood -3667861.42008 at step 2 converge to 0.0002472107...
==============
[Info]Likelihood -3666889.78143 at step 3 converge to 0.0002649060...
==============
[Info]Likelihood -3665646.07717 at step 4 converge to 0.0003391714...
==============
[Info]Likelihood -3663151.55118 at step 5 converge to 0.0006805147...
==============
[Info]Likelihood -3654310.06881 at step 6 converge to 0.0024136272...
==============
[Info]Likelihood -3626823.26439 at step 7 converge to 0.0075217494...
==============
[Info]Likelihood -3572878.34526 at step 8 converge to 0.0148738759...
==============
[Info]Likelihood -3514717.36460 at step 9 converge to 0.0162784666...
==============
[Info]Likelihood -3469005.89894 at step 10 converge to 0.0130057302...
==============
[Info]Likelihood -3434991.29309 at step 11 converge to 0.0098052891...
==============
[Info]Likelihood -3409610.24509 at step 12 converge to 0.0073889701...
==============
[Info]Likelihood -3390334.04784 at step 13 converge to 0.0056534899...
==============
[Info]Likelihood -3375373.69257 at step 14 converge to 0.0044126493...
==============
[Info]Likelihood -3363476.11381 at step 15 converge to 0.0035248182...
==============
[Info]Likelihood -3353758.17826 at step 16 converge to 0.0028892536...
==============
[Info]Likelihood -3345670.88744 at step 17 converge to 0.0024114114...
==============
[Info]Likelihood -3338878.72818 at step 18 converge to 0.0020301337...
==============
[Info]Likelihood -3333089.57272 at step 19 converge to 0.0017338622...
==============
[Info]Likelihood -3328087.06110 at step 20 converge to 0.0015008632...
==============
[Info]Likelihood -3323697.38190 at step 21 converge to 0.0013189797...
==============
[Info]Likelihood -3319793.82035 at step 22 converge to 0.0011744636...
==============
[Info]Likelihood -3316278.10871 at step 23 converge to 0.0010590151...
==============
[Info]Likelihood -3313073.93104 at step 24 converge to 0.0009661969...
==============
[Info]Likelihood -3310125.70995 at step 25 converge to 0.0008898748...
==============
[Info]Likelihood -3307392.60463 at step 26 converge to 0.0008256802...
==============
[Info]Likelihood -3304850.85229 at step 27 converge to 0.0007685064...
==============
[Info]Likelihood -3302483.25781 at step 28 converge to 0.0007163998...
==============
[Info]Likelihood -3300271.96822 at step 29 converge to 0.0006695839...
[Info]Likelihood -3300271.968 after step 30 converge to 0.000670 after 76 seconds...
[Info]Analying bipartie graph: 
-- test graph: review size: 3065, item size: 207, user size: 266
[Info]Start evaluation in thread
[Stat]Test evaluation finished: 3065 docs
[Stat]0 part has 769.000000 docs: perplexity is 1101.027 and log-likelihood is -328.751
[Stat]1 part has 178.000000 docs: perplexity is 1043.194 and log-likelihood is -343.676
[Stat]2 part has 1718.000000 docs: perplexity is 1148.414 and log-likelihood is -344.834
[Stat]3 part has 400.000000 docs: perplexity is 1084.859 and log-likelihood is -366.077
[Stat]4 part has 3065.000000 docs: perplexity is 1121.470 and log-likelihood is -343.504
[Info]multithread LDA_Focus[k:15, alpha:1.01, beta:1.00, Variational] Train/Test finished in 78.39 seconds...
TopWord FilePath:/zf18/ll5fy/lab/dataset/yelp/byUser_70k_review/output/5foldsCVColdstart/2/LDA_Item_topWords_15.txt
Topic 0(0.05636):	chocol(0.03309)	cake(0.03282)	sweet(0.02708)	flavor(0.02083)	cream(0.01629)	tast(0.01495)	cooki(0.01233)	cours(0.01087)	delici(0.00874)	bread(0.00839)	pastri(0.00820)	strawberri(0.00727)	perfect(0.00717)	banana(0.00709)	rich(0.00672)	vanilla(0.00671)	bite(0.00648)	serv(0.00637)	cupcak(0.00628)	creami(0.00619)	appl(0.00584)	best(0.00570)	bakeri(0.00570)	french(0.00550)	week(0.00543)	sugar(0.00535)	gelato(0.00528)	white(0.00527)	chef(0.00522)	velvet(0.00516)	
Topic 1(0.07860):	drink(0.07531)	night(0.04174)	happi(0.03807)	pretti(0.03444)	beer(0.03365)	friend(0.02595)	price(0.02243)	happi-hour(0.02041)	cool(0.01708)	downtown(0.01120)	spot(0.01082)	area(0.01070)	bartend(0.01040)	time(0.01029)	peopl(0.00970)	patio(0.00915)	friday(0.00818)	watch(0.00752)	pretti-good(0.00741)	insid(0.00704)	saturday(0.00615)	alcohol(0.00614)	bottl(0.00603)	special(0.00586)	feel(0.00570)	shot(0.00541)	loung(0.00529)	overpr(0.00510)	local(0.00495)	vibe(0.00465)	
Topic 2(0.06794):	chicken(0.08788)	dish(0.04242)	rice(0.03732)	sauc(0.03616)	lunch(0.02695)	thai(0.02272)	restaur(0.02054)	curri(0.01886)	flavor(0.01822)	spici(0.01706)	plate(0.01368)	crispi(0.01269)	wing(0.01187)	special(0.01033)	beef(0.00981)	spice(0.00900)	delici(0.00859)	side(0.00811)	shrimp(0.00808)	tast(0.00763)	chines(0.00739)	garlic(0.00675)	fri-rice(0.00674)	definit(0.00659)	veggi(0.00651)	serv(0.00647)	tender(0.00643)	sweet(0.00628)	friend(0.00567)	duck(0.00552)	
Topic 3(0.08681):	vega(0.03547)	park(0.02231)	club(0.01989)	las-vega(0.01953)	peopl(0.01632)	music(0.01598)	play(0.01522)	crowd(0.01309)	seat(0.01285)	watch(0.01114)	time(0.01039)	danc(0.01026)	walk(0.01011)	rock(0.00912)	theater(0.00908)	area(0.00894)	ticket(0.00837)	street(0.00746)	open(0.00730)	shake(0.00690)	event(0.00653)	night(0.00576)	entertain(0.00549)	insid(0.00533)	pictur(0.00528)	small(0.00524)	close(0.00513)	stage(0.00505)	cool(0.00490)	stand(0.00487)	
Topic 4(0.06140):	breakfast(0.03302)	friend(0.01890)	bread(0.01874)	time(0.01866)	toast(0.01542)	pancak(0.01491)	side(0.01341)	serv(0.01285)	waffl(0.01222)	french(0.01191)	brunch(0.01177)	delici(0.01140)	definit(0.01103)	lunch(0.01057)	yummi(0.00902)	season(0.00880)	corn(0.00856)	restaur(0.00757)	amaz(0.00741)	turkey(0.00671)	juici(0.00640)	wait(0.00637)	best(0.00623)	sausag(0.00610)	french-toast(0.00590)	recommend(0.00584)	open(0.00561)	pound(0.00554)	deli(0.00553)	pretti(0.00549)	
Topic 5(0.05305):	pizza(0.05458)	sauc(0.01652)	pasta(0.01582)	slice(0.01439)	italian(0.01162)	option(0.01115)	crust(0.01063)	ingredi(0.01036)	healthi(0.01032)	garlic(0.01029)	tast(0.00959)	white(0.00929)	style(0.00836)	sausag(0.00791)	serv(0.00780)	bread(0.00759)	meatbal(0.00678)	secret(0.00649)	spinach(0.00645)	oliv(0.00645)	thin(0.00641)	dress(0.00610)	small(0.00605)	indian(0.00580)	delici(0.00579)	best(0.00575)	perfect(0.00555)	soda(0.00545)	ranch(0.00543)	time(0.00513)	
Topic 6(0.05489):	roll(0.05291)	sushi(0.04966)	fish(0.03535)	salmon(0.01990)	tuna(0.01729)	special(0.01628)	favorit(0.01567)	chef(0.01536)	amaz(0.01379)	definit(0.01344)	time(0.01208)	restaur(0.00964)	dinner(0.00823)	shrimp(0.00822)	sashimi(0.00819)	cirqu(0.00804)	oyster(0.00800)	nigiri(0.00773)	piec(0.00736)	sauc(0.00644)	price(0.00642)	best(0.00639)	tast(0.00637)	recommend(0.00599)	rice(0.00584)	appet(0.00583)	sake(0.00576)	star(0.00562)	friend(0.00525)	spici(0.00521)	
Topic 7(0.05433):	buffet(0.05757)	crab(0.03182)	price(0.02471)	best(0.02317)	select(0.02212)	seafood(0.02083)	dinner(0.01965)	vega(0.01914)	station(0.01766)	pretti(0.01639)	offer(0.01419)	varieti(0.01355)	time(0.01282)	shrimp(0.01275)	prime(0.01170)	lunch(0.01122)	favorit(0.00957)	averag(0.00932)	asian(0.00931)	crab-leg(0.00822)	prime-rib(0.00813)	choic(0.00750)	includ(0.00693)	town(0.00648)	pretti-good(0.00618)	option(0.00608)	impress(0.00553)	expect(0.00541)	area(0.00537)	dish(0.00494)	
Topic 8(0.09563):	time(0.05419)	wait(0.04788)	tabl(0.03171)	star(0.02093)	NUM-minut(0.01958)	peopl(0.01839)	seat(0.01753)	review(0.01397)	experi(0.01313)	told(0.01304)	call(0.01208)	busi(0.01197)	friend(0.01111)	manag(0.01079)	custom(0.01014)	work(0.01011)	final(0.00951)	arriv(0.00946)	staff(0.00843)	second(0.00819)	walk(0.00799)	expect(0.00764)	start(0.00679)	thought(0.00656)	waitress(0.00645)	point(0.00642)	brought(0.00621)	parti(0.00597)	card(0.00573)	problem(0.00538)	
Topic 9(0.07641):	room(0.06169)	strip(0.03927)	casino(0.03327)	stay(0.03238)	hotel(0.03156)	vega(0.01947)	view(0.01527)	pool(0.01527)	walk(0.01148)	restaur(0.01058)	area(0.00819)	clean(0.00702)	suit(0.00686)	night(0.00670)	properti(0.00639)	locat(0.00629)	time(0.00609)	tower(0.00573)	elev(0.00568)	fountain(0.00542)	resort(0.00539)	machin(0.00531)	gambl(0.00527)	valet(0.00517)	beauti(0.00509)	book(0.00506)	feel(0.00504)	slot(0.00493)	pretti(0.00490)	modern(0.00477)	
Topic 10(0.07658):	locat(0.04847)	find(0.02846)	shop(0.02842)	year(0.02638)	store(0.02519)	price(0.01881)	time(0.01767)	town(0.01544)	month(0.01270)	reason(0.01107)	deal(0.01088)	park(0.01080)	area(0.00952)	select(0.00930)	local(0.00923)	clean(0.00919)	work(0.00917)	walk(0.00778)	stuff(0.00749)	hawaiian(0.00748)	NUM-year(0.00741)	open(0.00736)	staff(0.00701)	offer(0.00689)	vega(0.00688)	drive(0.00687)	famili(0.00677)	product(0.00667)	feel(0.00665)	pick(0.00646)	
Topic 11(0.05402):	soup(0.04273)	pork(0.03617)	ramen(0.03200)	bowl(0.02709)	broth(0.01624)	time(0.01467)	belli(0.01428)	small(0.01404)	tast(0.01391)	flavor(0.01372)	spici(0.01191)	beef(0.01099)	pork-belli(0.01091)	friend(0.01071)	cook(0.00962)	pretti(0.00932)	definit(0.00883)	extra(0.00855)	tofu(0.00818)	restaur(0.00792)	perfect(0.00735)	best(0.00688)	monta(0.00678)	size(0.00656)	piec(0.00642)	style(0.00590)	thin(0.00560)	spot(0.00547)	favorit(0.00509)	delici(0.00504)	
Topic 12(0.05449):	taco(0.03461)	side(0.01990)	chip(0.01751)	bean(0.01638)	korean(0.01494)	beef(0.01433)	sauc(0.01315)	mexican(0.01190)	delici(0.01160)	short(0.01092)	flavor(0.01058)	combo(0.01042)	pork(0.00988)	tast(0.00942)	burrito(0.00940)	corn(0.00886)	definit(0.00772)	restaur(0.00759)	tortilla(0.00737)	nacho(0.00736)	brisket(0.00700)	best(0.00699)	pull(0.00658)	onion(0.00657)	short-rib(0.00648)	margarita(0.00609)	friend(0.00588)	cook(0.00583)	sweet(0.00581)	super(0.00559)	
Topic 13(0.05851):	cream(0.03513)	coffe(0.03212)	ice-cream(0.02584)	flavor(0.01982)	friend(0.01753)	drink(0.01628)	time(0.01236)	sweet(0.01216)	cute(0.01195)	boba(0.01017)	definit(0.00971)	honey(0.00964)	super(0.00955)	tast(0.00942)	yelp(0.00923)	crepe(0.00897)	coconut(0.00686)	perfect(0.00655)	cafe(0.00652)	mango(0.00646)	feel(0.00604)	small(0.00591)	staff(0.00587)	cool(0.00580)	offer(0.00575)	airport(0.00567)	favorit(0.00550)	open(0.00550)	best(0.00543)	shop(0.00536)	
Topic 14(0.07098):	steak(0.03277)	restaur(0.02423)	dine(0.01831)	dinner(0.01759)	wine(0.01725)	perfect(0.01570)	cook(0.01552)	side(0.01290)	lobster(0.01275)	tabl(0.01181)	tast(0.01140)	experi(0.01012)	delici(0.01010)	mushroom(0.01005)	appet(0.00996)	bread(0.00990)	reserv(0.00790)	rare(0.00790)	waiter(0.00782)	amaz(0.00780)	plate(0.00773)	medium(0.00771)	sauc(0.00744)	start(0.00738)	excel(0.00735)	onion(0.00728)	truffl(0.00710)	share(0.00701)	serv(0.00644)	glass(0.00617)	
264 users are loaded from /zf18/ll5fy/lab/dataset/yelp/byUser_70k_review/5foldsCVColdstart/3/...
260 users are loaded from /zf18/ll5fy/lab/dataset/yelp/byUser_70k_review/5foldsCVColdstart/0/...
244 users are loaded from /zf18/ll5fy/lab/dataset/yelp/byUser_70k_review/5foldsCVColdstart/1/...
266 users are loaded from /zf18/ll5fy/lab/dataset/yelp/byUser_70k_review/5foldsCVColdstart/2/...
256 users are loaded from /zf18/ll5fy/lab/dataset/yelp/byUser_70k_review/5foldsCVColdstart/4/...
====================
[Info]Fold No. 3: 
[Info]Analzying corpus: 
...........-- Global corpus: vocabulary size: 6134, review size: 15843, item size: 861, user size: 861
train size = 12591, test size = 3252....
[Info]Analying bipartie graph: 
-- train graph: review size: 12591, item size: 717, user size: 770
[Info]EM Starting multithread LDA_Focus[k:15, alpha:1.01, beta:1.00, Variational]...
==============
[Info]Likelihood -3686811.58540 at step 0 converge to 1.0000000000...
==============
[Info]Likelihood -3685919.94419 at step 1 converge to 0.0002418462...
==============
[Info]Likelihood -3685011.72630 at step 2 converge to 0.0002464020...
==============
[Info]Likelihood -3683989.78309 at step 3 converge to 0.0002773243...
==============
[Info]Likelihood -3682518.71697 at step 4 converge to 0.0003993133...
==============
[Info]Likelihood -3679917.95861 at step 5 converge to 0.0007062444...
==============
[Info]Likelihood -3672757.15489 at step 6 converge to 0.0019459140...
==============
[Info]Likelihood -3649165.86692 at step 7 converge to 0.0064233182...
==============
[Info]Likelihood -3600770.58289 at step 8 converge to 0.0132620127...
==============
[Info]Likelihood -3548964.38199 at step 9 converge to 0.0143875317...
==============
[Info]Likelihood -3506663.78723 at step 10 converge to 0.0119191376...
==============
[Info]Likelihood -3473579.03607 at step 11 converge to 0.0094348227...
==============
[Info]Likelihood -3447847.11142 at step 12 converge to 0.0074078996...
==============
[Info]Likelihood -3427946.86760 at step 13 converge to 0.0057717884...
==============
[Info]Likelihood -3412242.81990 at step 14 converge to 0.0045811818...
==============
[Info]Likelihood -3399484.10069 at step 15 converge to 0.0037391006...
==============
[Info]Likelihood -3388781.49679 at step 16 converge to 0.0031483024...
==============
[Info]Likelihood -3379604.11185 at step 17 converge to 0.0027081666...
==============
[Info]Likelihood -3371628.06223 at step 18 converge to 0.0023600544...
==============
[Info]Likelihood -3364654.50383 at step 19 converge to 0.0020683060...
==============
[Info]Likelihood -3358488.14145 at step 20 converge to 0.0018326881...
==============
[Info]Likelihood -3352996.01633 at step 21 converge to 0.0016352969...
==============
[Info]Likelihood -3348067.67817 at step 22 converge to 0.0014698312...
==============
[Info]Likelihood -3343590.59697 at step 23 converge to 0.0013372135...
==============
[Info]Likelihood -3339501.23275 at step 24 converge to 0.0012230457...
==============
[Info]Likelihood -3335763.94044 at step 25 converge to 0.0011191169...
==============
[Info]Likelihood -3332331.34561 at step 26 converge to 0.0010290281...
==============
[Info]Likelihood -3329173.69597 at step 27 converge to 0.0009475797...
==============
[Info]Likelihood -3326257.00579 at step 28 converge to 0.0008761003...
==============
[Info]Likelihood -3323540.09449 at step 29 converge to 0.0008168074...
[Info]Likelihood -3323540.094 after step 30 converge to 0.000817 after 65 seconds...
[Info]Analying bipartie graph: 
-- test graph: review size: 3252, item size: 206, user size: 264
[Info]Start evaluation in thread
[Stat]Test evaluation finished: 3252 docs
[Stat]0 part has 912.000000 docs: perplexity is 1169.689 and log-likelihood is -324.424
[Stat]1 part has 285.000000 docs: perplexity is 1083.454 and log-likelihood is -309.454
[Stat]2 part has 1562.000000 docs: perplexity is 1125.501 and log-likelihood is -318.454
[Stat]3 part has 493.000000 docs: perplexity is 993.936 and log-likelihood is -313.585
[Stat]4 part has 3252.000000 docs: perplexity is 1112.981 and log-likelihood is -318.602
[Info]multithread LDA_Focus[k:15, alpha:1.01, beta:1.00, Variational] Train/Test finished in 66.40 seconds...
TopWord FilePath:/zf18/ll5fy/lab/dataset/yelp/byUser_70k_review/output/5foldsCVColdstart/3/LDA_Item_topWords_15.txt
Topic 0(0.06357):	buffet(0.05047)	price(0.04312)	pretti(0.03185)	select(0.03109)	station(0.01559)	lunch(0.01466)	time(0.01453)	pretti-good(0.01380)	varieti(0.01371)	dinner(0.01339)	brunch(0.01308)	best(0.01253)	crab(0.01247)	offer(0.01083)	option(0.01068)	seafood(0.00990)	plate(0.00953)	prime(0.00860)	buck(0.00825)	frozen(0.00784)	choic(0.00773)	asian(0.00757)	averag(0.00729)	tast(0.00706)	crab-leg(0.00682)	tapa(0.00675)	includ(0.00631)	impress(0.00628)	pricey(0.00625)	reason(0.00612)	
Topic 1(0.06591):	dish(0.04779)	restaur(0.03780)	shrimp(0.02451)	thai(0.02354)	curri(0.01816)	lobster(0.01529)	perfect(0.01267)	cours(0.01241)	flavor(0.01204)	delici(0.01196)	spici(0.01144)	amaz(0.01134)	crab(0.01064)	excel(0.01053)	dinner(0.01006)	wine(0.00995)	sauc(0.00992)	tast(0.00983)	oyster(0.00943)	recommend(0.00861)	spice(0.00855)	plate(0.00829)	serv(0.00820)	rice(0.00798)	best(0.00748)	scallop(0.00741)	lunch(0.00719)	start(0.00685)	cook(0.00677)	definit(0.00652)	
Topic 2(0.06175):	beef(0.03873)	soup(0.03810)	pork(0.03553)	rice(0.03143)	dish(0.02000)	sauc(0.01907)	cook(0.01528)	flavor(0.01518)	spici(0.01449)	side(0.01419)	korean(0.01284)	veggi(0.01130)	tast(0.01123)	serv(0.01030)	belli(0.01012)	tender(0.00943)	plate(0.00915)	chines(0.00863)	restaur(0.00768)	veget(0.00753)	pork-belli(0.00748)	short(0.00747)	tofu(0.00719)	bean(0.00690)	steam(0.00658)	delici(0.00651)	brisket(0.00620)	corn(0.00615)	fri-rice(0.00583)	onion(0.00560)	
Topic 3(0.07293):	room(0.06386)	casino(0.03576)	stay(0.03466)	hotel(0.03123)	strip(0.03088)	breakfast(0.01840)	pool(0.01385)	vega(0.01187)	walk(0.01160)	clean(0.01070)	machin(0.00974)	time(0.00819)	cafe(0.00783)	rock(0.00705)	suit(0.00654)	properti(0.00652)	tower(0.00635)	locat(0.00630)	restaur(0.00617)	valet(0.00577)	smell(0.00564)	resort(0.00554)	gambl(0.00542)	conveni(0.00535)	elev(0.00533)	park(0.00528)	easi(0.00523)	slot(0.00517)	area(0.00504)	book(0.00503)	
Topic 4(0.06801):	vega(0.07174)	locat(0.03583)	las-vega(0.03520)	dine(0.02234)	restaur(0.01877)	feel(0.01603)	area(0.01599)	view(0.01563)	wall(0.01316)	downtown(0.01140)	insid(0.01086)	street(0.00979)	citi(0.00920)	local(0.00864)	strip(0.00835)	open(0.00769)	best(0.00762)	window(0.00726)	spot(0.00705)	patio(0.00689)	cool(0.00682)	door(0.00666)	year(0.00654)	space(0.00594)	sport(0.00583)	favorit(0.00566)	interior(0.00548)	town(0.00541)	fountain(0.00537)	walk(0.00529)	
Topic 5(0.07254):	steak(0.04151)	happi(0.03964)	tabl(0.02721)	beer(0.02421)	happi-hour(0.02059)	dinner(0.01839)	time(0.01738)	waiter(0.01575)	friend(0.01420)	special(0.01290)	reserv(0.01265)	side(0.01239)	price(0.01114)	appet(0.01075)	experi(0.01065)	restaur(0.01065)	brought(0.01031)	waitress(0.00993)	birthday(0.00947)	start(0.00935)	rare(0.00916)	deal(0.00872)	medium(0.00868)	delici(0.00829)	seat(0.00815)	bill(0.00771)	cook(0.00675)	wife(0.00675)	return(0.00672)	hostess(0.00664)	
Topic 6(0.05577):	ramen(0.03249)	bowl(0.02911)	small(0.02110)	size(0.01985)	extra(0.01929)	time(0.01849)	broth(0.01692)	definit(0.01579)	best(0.01236)	friend(0.01203)	flavor(0.01127)	tast(0.01125)	super(0.01054)	wait(0.01039)	perfect(0.01007)	pretti(0.00971)	restaur(0.00808)	base(0.00785)	joint(0.00784)	crave(0.00740)	delici(0.00730)	yelper(0.00713)	spot(0.00697)	monta(0.00695)	open(0.00667)	busi(0.00641)	side(0.00637)	feel(0.00636)	thought(0.00600)	spici(0.00577)	
Topic 7(0.05366):	taco(0.03281)	flavor(0.03192)	chip(0.02125)	cream(0.02042)	ice-cream(0.01533)	tast(0.01460)	sweet(0.01405)	bean(0.01316)	mexican(0.01235)	time(0.01007)	boba(0.00982)	delici(0.00956)	burrito(0.00941)	hawaiian(0.00937)	nacho(0.00928)	definit(0.00886)	friend(0.00822)	tortilla(0.00741)	favorit(0.00723)	poke(0.00689)	super(0.00668)	margarita(0.00659)	mango(0.00656)	vegan(0.00629)	black(0.00594)	option(0.00580)	coconut(0.00576)	sour(0.00574)	best(0.00567)	perfect(0.00527)	
Topic 8(0.06283):	roll(0.04701)	sushi(0.04462)	star(0.03730)	fish(0.02828)	time(0.02820)	special(0.01588)	favorit(0.01559)	tuna(0.01491)	chef(0.01297)	friend(0.01271)	salmon(0.01218)	price(0.01153)	review(0.01096)	pretti(0.01081)	yelp(0.01067)	definit(0.01049)	lunch(0.00810)	rate(0.00807)	piec(0.00763)	best(0.00761)	experi(0.00723)	dinner(0.00644)	nigiri(0.00628)	sashimi(0.00617)	restaur(0.00617)	rememb(0.00613)	tast(0.00591)	spot(0.00551)	staff(0.00525)	town(0.00515)	
Topic 9(0.05961):	pizza(0.04548)	bread(0.03130)	sauc(0.02300)	onion(0.01586)	slice(0.01521)	perfect(0.01509)	garlic(0.01505)	mushroom(0.01389)	pasta(0.01242)	tast(0.01172)	sausag(0.01092)	flavor(0.01034)	truffl(0.01034)	crust(0.00995)	serv(0.00964)	italian(0.00841)	delici(0.00784)	oliv(0.00760)	dress(0.00754)	thin(0.00707)	white(0.00616)	ingredi(0.00598)	side(0.00594)	meatbal(0.00567)	spinach(0.00562)	style(0.00557)	cook(0.00514)	time(0.00456)	mozzarella(0.00456)	best(0.00446)	
Topic 10(0.08488):	time(0.03747)	wait(0.03747)	seat(0.02862)	peopl(0.02360)	NUM-minut(0.02034)	custom(0.01434)	work(0.01136)	review(0.01128)	star(0.00902)	expect(0.00895)	call(0.00880)	year(0.00874)	final(0.00861)	told(0.00855)	thought(0.00844)	water(0.00782)	theater(0.00771)	manag(0.00761)	experi(0.00741)	walk(0.00740)	watch(0.00738)	ticket(0.00715)	stand(0.00702)	close(0.00665)	point(0.00620)	custom-servic(0.00602)	figur(0.00588)	understand(0.00568)	start(0.00563)	number(0.00519)	
Topic 11(0.07143):	park(0.03342)	shop(0.03263)	find(0.02752)	store(0.02493)	area(0.02145)	walk(0.01701)	time(0.01352)	insid(0.01043)	friend(0.00896)	town(0.00887)	peopl(0.00855)	drive(0.00837)	staff(0.00768)	pick(0.00764)	famili(0.00747)	cool(0.00718)	small(0.00711)	stuff(0.00667)	cute(0.00645)	easi(0.00627)	open(0.00608)	bring(0.00607)	year(0.00596)	beauti(0.00582)	local(0.00572)	work(0.00571)	sell(0.00569)	month(0.00569)	photo(0.00554)	interest(0.00534)	
Topic 12(0.07487):	drink(0.08365)	night(0.06246)	friend(0.02584)	peopl(0.02130)	time(0.02090)	music(0.02080)	play(0.01897)	club(0.01896)	parti(0.01838)	crowd(0.01812)	pretti(0.01741)	tabl(0.01709)	cool(0.01587)	bartend(0.01144)	bottl(0.01079)	danc(0.01021)	event(0.00941)	friday(0.00935)	saturday(0.00916)	wine(0.00875)	pack(0.00852)	beer(0.00641)	glass(0.00599)	super(0.00585)	alcohol(0.00575)	open(0.00575)	shot(0.00558)	loung(0.00552)	total(0.00547)	spot(0.00528)	
Topic 13(0.06658):	chocol(0.03049)	cake(0.02829)	cream(0.02666)	sweet(0.01952)	coffe(0.01559)	flavor(0.01410)	tast(0.01192)	french(0.01188)	ice-cream(0.01158)	cooki(0.01032)	strawberri(0.00896)	pastri(0.00834)	banana(0.00823)	toast(0.00803)	crepe(0.00800)	vanilla(0.00705)	bread(0.00705)	appl(0.00681)	donut(0.00677)	delici(0.00669)	sugar(0.00614)	best(0.00595)	cupcak(0.00580)	rich(0.00560)	chef(0.00538)	fill(0.00532)	warm(0.00528)	whip(0.00519)	perfect(0.00508)	bakeri(0.00468)	
Topic 14(0.06565):	chicken(0.10131)	sauc(0.02182)	side(0.02048)	lunch(0.01969)	time(0.01856)	friend(0.01573)	wing(0.01537)	waffl(0.01262)	fast(0.00904)	wait(0.00868)	tabl(0.00837)	busi(0.00791)	healthi(0.00783)	sweet(0.00763)	locat(0.00743)	serv(0.00722)	crispi(0.00713)	pretti(0.00687)	delici(0.00662)	turkey(0.00568)	plate(0.00567)	finger(0.00552)	white(0.00535)	definit(0.00489)	bread(0.00484)	season(0.00479)	combo(0.00469)	piec(0.00469)	today(0.00459)	chicken-wing(0.00444)	
256 users are loaded from /zf18/ll5fy/lab/dataset/yelp/byUser_70k_review/5foldsCVColdstart/4/...
260 users are loaded from /zf18/ll5fy/lab/dataset/yelp/byUser_70k_review/5foldsCVColdstart/0/...
244 users are loaded from /zf18/ll5fy/lab/dataset/yelp/byUser_70k_review/5foldsCVColdstart/1/...
266 users are loaded from /zf18/ll5fy/lab/dataset/yelp/byUser_70k_review/5foldsCVColdstart/2/...
264 users are loaded from /zf18/ll5fy/lab/dataset/yelp/byUser_70k_review/5foldsCVColdstart/3/...
====================
[Info]Fold No. 4: 
[Info]Analzying corpus: 
...........-- Global corpus: vocabulary size: 6134, review size: 15843, item size: 861, user size: 861
train size = 12424, test size = 3419....
[Info]Analying bipartie graph: 
-- train graph: review size: 12424, item size: 726, user size: 778
[Info]EM Starting multithread LDA_Focus[k:15, alpha:1.01, beta:1.00, Variational]...
==============
[Info]Likelihood -3624587.83295 at step 0 converge to 1.0000000000...
==============
[Info]Likelihood -3623707.59662 at step 1 converge to 0.0002428514...
==============
[Info]Likelihood -3622806.38888 at step 2 converge to 0.0002486977...
==============
[Info]Likelihood -3621802.76165 at step 3 converge to 0.0002770303...
==============
[Info]Likelihood -3620536.16915 at step 4 converge to 0.0003497133...
==============
[Info]Likelihood -3618131.02726 at step 5 converge to 0.0006643054...
==============
[Info]Likelihood -3610569.65302 at step 6 converge to 0.0020898564...
==============
[Info]Likelihood -3584086.83297 at step 7 converge to 0.0073348038...
==============
[Info]Likelihood -3526402.86255 at step 8 converge to 0.0160944679...
==============
[Info]Likelihood -3465219.49316 at step 9 converge to 0.0173500793...
==============
[Info]Likelihood -3420782.41491 at step 10 converge to 0.0128237413...
==============
[Info]Likelihood -3390088.97775 at step 11 converge to 0.0089726365...
==============
[Info]Likelihood -3367944.31412 at step 12 converge to 0.0065321777...
==============
[Info]Likelihood -3351026.36744 at step 13 converge to 0.0050232264...
==============
[Info]Likelihood -3337459.87196 at step 14 converge to 0.0040484598...
==============
[Info]Likelihood -3326259.60431 at step 15 converge to 0.0033559258...
==============
[Info]Likelihood -3316882.89938 at step 16 converge to 0.0028189937...
==============
[Info]Likelihood -3308884.48169 at step 17 converge to 0.0024114260...
==============
[Info]Likelihood -3301844.40311 at step 18 converge to 0.0021276290...
==============
[Info]Likelihood -3295641.41722 at step 19 converge to 0.0018786427...
==============
[Info]Likelihood -3290155.19055 at step 20 converge to 0.0016646916...
==============
[Info]Likelihood -3285216.43402 at step 21 converge to 0.0015010710...
==============
[Info]Likelihood -3280717.61814 at step 22 converge to 0.0013694123...
==============
[Info]Likelihood -3276593.27702 at step 23 converge to 0.0012571460...
==============
[Info]Likelihood -3272803.17826 at step 24 converge to 0.0011567193...
==============
[Info]Likelihood -3269308.63809 at step 25 converge to 0.0010677514...
==============
[Info]Likelihood -3266075.74328 at step 26 converge to 0.0009888619...
==============
[Info]Likelihood -3263073.91503 at step 27 converge to 0.0009190933...
==============
[Info]Likelihood -3260264.61757 at step 28 converge to 0.0008609359...
==============
[Info]Likelihood -3257615.47485 at step 29 converge to 0.0008125545...
[Info]Likelihood -3257615.475 after step 30 converge to 0.000813 after 57 seconds...
[Info]Analying bipartie graph: 
-- test graph: review size: 3419, item size: 213, user size: 256
[Info]Start evaluation in thread
[Stat]Test evaluation finished: 3419 docs
[Stat]0 part has 701.000000 docs: perplexity is 1211.099 and log-likelihood is -311.892
[Stat]1 part has 339.000000 docs: perplexity is 1109.429 and log-likelihood is -323.382
[Stat]2 part has 1635.000000 docs: perplexity is 1148.008 and log-likelihood is -319.180
[Stat]3 part has 744.000000 docs: perplexity is 1034.700 and log-likelihood is -325.232
[Stat]4 part has 3419.000000 docs: perplexity is 1129.616 and log-likelihood is -319.420
[Info]multithread LDA_Focus[k:15, alpha:1.01, beta:1.00, Variational] Train/Test finished in 59.13 seconds...
TopWord FilePath:/zf18/ll5fy/lab/dataset/yelp/byUser_70k_review/output/5foldsCVColdstart/4/LDA_Item_topWords_15.txt
Topic 0(0.07702):	drink(0.06912)	happi(0.04681)	beer(0.03779)	price(0.03657)	friend(0.03199)	amaz(0.02896)	happi-hour(0.02470)	recommend(0.02178)	wine(0.02083)	select(0.01857)	definit(0.01677)	glass(0.01360)	super(0.01346)	staff(0.01126)	delici(0.00853)	cool(0.00831)	pretti(0.00828)	favorit(0.00777)	bartend(0.00771)	fantast(0.00684)	high-recommend(0.00675)	tapa(0.00675)	tast(0.00674)	special(0.00652)	best(0.00628)	alcohol(0.00616)	serv(0.00579)	option(0.00568)	popcorn(0.00567)	time(0.00534)	
Topic 1(0.07998):	vega(0.05925)	locat(0.03638)	park(0.03400)	shop(0.02995)	las-vega(0.02944)	find(0.02704)	area(0.02394)	store(0.02042)	walk(0.01506)	drive(0.01237)	local(0.01140)	downtown(0.01033)	easi(0.00999)	street(0.00994)	spot(0.00855)	insid(0.00756)	sign(0.00706)	town(0.00665)	open(0.00639)	time(0.00626)	cool(0.00616)	trip(0.00589)	work(0.00589)	peopl(0.00584)	year(0.00574)	outdoor(0.00554)	price(0.00545)	stuff(0.00479)	reason(0.00475)	airport(0.00475)	
Topic 2(0.07610):	night(0.04929)	peopl(0.04236)	wait(0.03543)	seat(0.02240)	NUM-minut(0.02178)	tabl(0.02049)	drink(0.01998)	time(0.01887)	parti(0.01660)	crowd(0.01519)	club(0.01512)	call(0.01281)	reserv(0.00956)	saturday(0.00914)	card(0.00905)	friend(0.00905)	pack(0.00822)	walk(0.00821)	pretti(0.00818)	told(0.00801)	manag(0.00785)	friday(0.00769)	point(0.00729)	music(0.00708)	open(0.00684)	arriv(0.00674)	danc(0.00671)	experi(0.00642)	stand(0.00638)	earli(0.00635)	
Topic 3(0.06634):	cream(0.04453)	chocol(0.03673)	flavor(0.02826)	sweet(0.02807)	cake(0.02670)	coffe(0.02512)	ice-cream(0.02413)	cooki(0.01302)	tast(0.01222)	strawberri(0.01190)	crepe(0.00969)	sugar(0.00876)	pastri(0.00854)	banana(0.00748)	boba(0.00727)	cupcak(0.00708)	appl(0.00701)	vanilla(0.00691)	gelato(0.00678)	delici(0.00631)	coconut(0.00614)	small(0.00576)	favorit(0.00551)	whip(0.00533)	perfect(0.00533)	peanut(0.00531)	fill(0.00515)	snow(0.00514)	best(0.00508)	treat(0.00484)	
Topic 4(0.06705):	pork(0.03581)	dish(0.03580)	chicken(0.03456)	beef(0.03330)	soup(0.03132)	rice(0.03068)	flavor(0.02066)	sauc(0.01861)	spici(0.01564)	cook(0.01492)	wing(0.01237)	korean(0.01236)	belli(0.01063)	chines(0.00982)	tast(0.00926)	side(0.00912)	tender(0.00872)	tofu(0.00847)	fri-rice(0.00786)	pork-belli(0.00782)	definit(0.00776)	restaur(0.00774)	crispi(0.00762)	veget(0.00747)	asian(0.00732)	veggi(0.00713)	broth(0.00693)	delici(0.00676)	short(0.00636)	serv(0.00636)	
Topic 5(0.05734):	roll(0.04803)	sushi(0.04252)	thai(0.03319)	fish(0.02418)	curri(0.02258)	spici(0.02040)	salmon(0.01651)	tuna(0.01632)	special(0.01569)	shrimp(0.01418)	rice(0.01388)	lunch(0.01318)	restaur(0.01234)	sauc(0.01019)	chef(0.01017)	favorit(0.00986)	dish(0.00821)	piec(0.00819)	tast(0.00813)	definit(0.00773)	sashimi(0.00690)	nigiri(0.00673)	best(0.00627)	pad-thai(0.00627)	pretti(0.00611)	small(0.00577)	price(0.00561)	poke(0.00558)	flavor(0.00557)	spice(0.00555)	
Topic 6(0.04642):	taco(0.04355)	chip(0.02617)	mexican(0.01782)	bean(0.01666)	delici(0.01362)	flavor(0.01309)	burrito(0.01082)	nacho(0.01020)	side(0.00961)	spot(0.00955)	tortilla(0.00946)	corn(0.00925)	friend(0.00910)	tast(0.00861)	best(0.00804)	sour(0.00801)	vegetarian(0.00800)	margarita(0.00794)	definit(0.00784)	serv(0.00755)	fusion(0.00700)	sauc(0.00698)	favorit(0.00673)	option(0.00667)	restaur(0.00661)	locat(0.00645)	pretti(0.00641)	time(0.00625)	pineappl(0.00617)	shrimp(0.00617)	
Topic 7(0.07735):	star(0.04852)	restaur(0.04551)	tabl(0.03826)	time(0.02761)	dinner(0.02599)	review(0.02289)	lunch(0.02115)	dine(0.01977)	experi(0.01794)	friend(0.01742)	waiter(0.01333)	brought(0.01238)	waitress(0.01203)	year(0.01050)	busi(0.00931)	expect(0.00906)	special(0.00877)	pasta(0.00862)	appet(0.00849)	rate(0.00829)	refil(0.00794)	wife(0.00768)	slow(0.00680)	start(0.00652)	seat(0.00621)	averag(0.00619)	boyfriend(0.00589)	rememb(0.00588)	yelp(0.00586)	return(0.00560)	
Topic 8(0.05122):	pizza(0.05441)	sauc(0.02710)	bread(0.02414)	slice(0.02319)	garlic(0.01971)	white(0.01263)	italian(0.01165)	crust(0.01107)	best(0.01019)	thin(0.01012)	ingredi(0.00925)	perfect(0.00923)	delici(0.00874)	style(0.00858)	sausag(0.00826)	flavor(0.00816)	oliv(0.00717)	meatbal(0.00705)	small(0.00661)	tast(0.00656)	serv(0.00654)	dress(0.00610)	bake(0.00603)	chicken(0.00587)	fill(0.00587)	veggi(0.00573)	time(0.00572)	secret(0.00568)	mozzarella(0.00534)	piec(0.00522)	
Topic 9(0.07298):	time(0.07760)	wait(0.02462)	bowl(0.02080)	custom(0.01950)	pretti(0.01539)	busi(0.01474)	work(0.01400)	open(0.01383)	staff(0.01215)	close(0.01206)	extra(0.01174)	ramen(0.01163)	friend(0.00944)	deal(0.00924)	thought(0.00917)	water(0.00910)	reason(0.00909)	clean(0.00825)	peopl(0.00780)	custom-servic(0.00725)	door(0.00709)	small(0.00687)	counter(0.00668)	feel(0.00646)	cold(0.00628)	problem(0.00595)	read(0.00577)	hawaiian(0.00572)	walk(0.00563)	suck(0.00538)	
Topic 10(0.06365):	pretti(0.02827)	side(0.02006)	fast(0.01896)	chicken(0.01833)	tast(0.01811)	sauc(0.01737)	onion(0.01446)	size(0.01211)	sweet(0.01188)	shake(0.01158)	definit(0.01063)	juici(0.01005)	pricey(0.00947)	joint(0.00942)	price(0.00908)	friend(0.00901)	pretti-good(0.00836)	blue(0.00828)	healthi(0.00818)	delici(0.00786)	strip(0.00776)	season(0.00672)	sweet-potato(0.00655)	super(0.00626)	insid(0.00600)	locat(0.00598)	crab(0.00589)	flavor(0.00589)	patti(0.00582)	soda(0.00572)	
Topic 11(0.06489):	steak(0.03066)	dish(0.01656)	cours(0.01548)	perfect(0.01501)	bread(0.01369)	lobster(0.01261)	restaur(0.01202)	tast(0.01144)	cook(0.01008)	serv(0.00986)	chef(0.00939)	flavor(0.00929)	plate(0.00844)	excel(0.00786)	dine(0.00763)	mushroom(0.00724)	best(0.00718)	start(0.00691)	side(0.00680)	sauc(0.00665)	truffl(0.00660)	delici(0.00644)	rare(0.00633)	dinner(0.00618)	experi(0.00602)	scallop(0.00549)	rich(0.00530)	filet(0.00524)	wine(0.00522)	oyster(0.00499)	
Topic 12(0.07379):	room(0.06348)	casino(0.03377)	hotel(0.03328)	stay(0.03304)	strip(0.03233)	view(0.01701)	pool(0.01611)	vega(0.01572)	walk(0.01104)	area(0.00927)	restaur(0.00738)	clean(0.00709)	suit(0.00706)	pretti(0.00613)	machin(0.00588)	properti(0.00583)	gambl(0.00583)	elev(0.00583)	locat(0.00548)	resort(0.00547)	wynn(0.00541)	fountain(0.00534)	valet(0.00518)	slot(0.00506)	tower(0.00497)	book(0.00489)	time(0.00486)	modern(0.00476)	aria(0.00471)	smell(0.00461)	
Topic 13(0.05940):	buffet(0.05138)	breakfast(0.03102)	chicken(0.02982)	pancak(0.01820)	station(0.01390)	best(0.01364)	plate(0.01316)	crab(0.01245)	brunch(0.01220)	waffl(0.01219)	serv(0.01129)	lunch(0.01124)	toast(0.01054)	seafood(0.00962)	wait(0.00909)	side(0.00897)	select(0.00887)	prime(0.00879)	french(0.00879)	crab-leg(0.00760)	offer(0.00708)	choic(0.00695)	prime-rib(0.00688)	delici(0.00680)	sausag(0.00668)	option(0.00649)	corn(0.00625)	pretti(0.00605)	dinner(0.00572)	time(0.00553)	
Topic 14(0.06647):	watch(0.02480)	seat(0.02243)	time(0.01927)	music(0.01579)	rock(0.01561)	play(0.01527)	year(0.01105)	best(0.01098)	event(0.01053)	patio(0.01029)	town(0.01008)	cool(0.01005)	theater(0.00988)	definit(0.00965)	amaz(0.00865)	favorit(0.00863)	vega(0.00825)	beauti(0.00817)	entertain(0.00781)	cirqu(0.00775)	perform(0.00705)	stage(0.00643)	ticket(0.00643)	stori(0.00638)	pretti(0.00621)	expect(0.00610)	funni(0.00605)	experi(0.00595)	feel(0.00569)	local(0.00566)	

Part 0 -----------------Valid folds: 5
[Stat]Loglikelihood -324.605+/-7.574
[Stat]Perplexity 1138.282+/-53.052
Part 1 -----------------Valid folds: 5
[Stat]Loglikelihood -326.190+/-10.917
[Stat]Perplexity 1099.085+/-36.977
Part 2 -----------------Valid folds: 5
[Stat]Loglikelihood -323.410+/-11.471
[Stat]Perplexity 1126.956+/-20.072
Part 3 -----------------Valid folds: 5
[Stat]Loglikelihood -324.796+/-21.967
[Stat]Perplexity 1044.930+/-30.631
Part 4 -----------------Valid folds: 5
[Stat]Loglikelihood -324.192+/-10.480
[Stat]Perplexity 1111.590+/-13.688
