Load 6134 2-gram new features from /zf18/ll5fy/lab/dataset/yelp/yelp_features.txt...
1409 users are loaded from /zf18/ll5fy/lab/dataset/yelp/byUser_70k_review/data/...
Info File Path: /zf18/ll5fy/lab/dataset/yelp/byUser_70k_review/output/5foldsCVColdstart/LDA_User_info.txt
[Info]Start FIXED cross validation...
260 users are loaded from /zf18/ll5fy/lab/dataset/yelp/byUser_70k_review/5foldsCVColdstart/0/...
244 users are loaded from /zf18/ll5fy/lab/dataset/yelp/byUser_70k_review/5foldsCVColdstart/1/...
266 users are loaded from /zf18/ll5fy/lab/dataset/yelp/byUser_70k_review/5foldsCVColdstart/2/...
264 users are loaded from /zf18/ll5fy/lab/dataset/yelp/byUser_70k_review/5foldsCVColdstart/3/...
256 users are loaded from /zf18/ll5fy/lab/dataset/yelp/byUser_70k_review/5foldsCVColdstart/4/...
====================
[Info]Fold No. 0: 
[Info]Analzying corpus: 
...........-- Global corpus: vocabulary size: 6134, review size: 15843, item size: 861, user size: 861
train size = 12311, test size = 3532....
[Info]Analying bipartie graph: 
-- train graph: review size: 12311, item size: 722, user size: 770
[Info]EM Starting multithread LDA_Focus[k:5, alpha:1.01, beta:1.00, Variational]...
==============
[Info]Likelihood -4028196.09791 at step 0 converge to 1.0000000000...
==============
[Info]Likelihood -4027727.55541 at step 1 converge to 0.0001163157...
==============
[Info]Likelihood -4026934.94863 at step 2 converge to 0.0001967876...
==============
[Info]Likelihood -4023862.87940 at step 3 converge to 0.0007628803...
==============
[Info]Likelihood -4004255.72301 at step 4 converge to 0.0048727198...
==============
[Info]Likelihood -3953872.33689 at step 5 converge to 0.0125824597...
==============
[Info]Likelihood -3911375.12548 at step 6 converge to 0.0107482508...
==============
[Info]Likelihood -3885796.82847 at step 7 converge to 0.0065394640...
==============
[Info]Likelihood -3870409.19125 at step 8 converge to 0.0039599696...
==============
[Info]Likelihood -3860197.11564 at step 9 converge to 0.0026385002...
==============
[Info]Likelihood -3852806.03242 at step 10 converge to 0.0019146906...
==============
[Info]Likelihood -3847048.21445 at step 11 converge to 0.0014944479...
==============
[Info]Likelihood -3842413.94883 at step 12 converge to 0.0012046289...
==============
[Info]Likelihood -3838736.80244 at step 13 converge to 0.0009569886...
==============
[Info]Likelihood -3835796.34591 at step 14 converge to 0.0007659959...
==============
[Info]Likelihood -3833338.09844 at step 15 converge to 0.0006408702...
==============
[Info]Likelihood -3831151.84009 at step 16 converge to 0.0005703276...
==============
[Info]Likelihood -3829167.38967 at step 17 converge to 0.0005179775...
==============
[Info]Likelihood -3827495.29667 at step 18 converge to 0.0004366727...
==============
[Info]Likelihood -3826089.59213 at step 19 converge to 0.0003672649...
==============
[Info]Likelihood -3824895.23425 at step 20 converge to 0.0003121615...
==============
[Info]Likelihood -3823838.45016 at step 21 converge to 0.0002762910...
==============
[Info]Likelihood -3822883.08452 at step 22 converge to 0.0002498447...
==============
[Info]Likelihood -3822004.68566 at step 23 converge to 0.0002297739...
==============
[Info]Likelihood -3821185.65296 at step 24 converge to 0.0002142940...
==============
[Info]Likelihood -3820400.16790 at step 25 converge to 0.0002055606...
==============
[Info]Likelihood -3819660.06341 at step 26 converge to 0.0001937243...
==============
[Info]Likelihood -3818979.69277 at step 27 converge to 0.0001781233...
==============
[Info]Likelihood -3818344.78524 at step 28 converge to 0.0001662506...
==============
[Info]Likelihood -3817746.56433 at step 29 converge to 0.0001566702...
[Info]Likelihood -3817746.564 after step 30 converge to 0.000157 after 52 seconds...
[Info]Analying bipartie graph: 
-- test graph: review size: 3532, item size: 211, user size: 260
[Info]Start evaluation in thread
[Stat]Test evaluation finished: 3532 docs
[Stat]0 part has 817.000000 docs: perplexity is 1301.207 and log-likelihood is -328.718
[Stat]1 part has 303.000000 docs: perplexity is 1296.491 and log-likelihood is -332.729
[Stat]2 part has 1696.000000 docs: perplexity is 1239.486 and log-likelihood is -316.416
[Stat]3 part has 716.000000 docs: perplexity is 1193.231 and log-likelihood is -307.579
[Stat]4 part has 3532.000000 docs: perplexity is 1249.494 and log-likelihood is -318.870
[Info]multithread LDA_Focus[k:5, alpha:1.01, beta:1.00, Variational] Train/Test finished in 54.21 seconds...
TopWord FilePath:/zf18/ll5fy/lab/dataset/yelp/byUser_70k_review/output/5foldsCVColdstart/0/LDA_User_topWords_5.txt
Topic 0(0.17983):	sauc(0.01484)	steak(0.01449)	bread(0.01429)	chicken(0.01379)	side(0.01253)	restaur(0.01234)	dish(0.01161)	perfect(0.01075)	serv(0.00924)	tast(0.00875)	delici(0.00846)	cook(0.00820)	flavor(0.00776)	dine(0.00771)	tabl(0.00735)	dinner(0.00727)	time(0.00659)	best(0.00614)	plate(0.00606)	onion(0.00588)	mushroom(0.00564)	beef(0.00558)	amaz(0.00525)	cours(0.00512)	pasta(0.00511)	friend(0.00507)	excel(0.00492)	lunch(0.00469)	lobster(0.00468)	definit(0.00459)	
Topic 1(0.22632):	time(0.02617)	drink(0.02193)	wait(0.01836)	friend(0.01672)	pizza(0.01636)	happi(0.01454)	sushi(0.01322)	pretti(0.01275)	roll(0.01256)	tabl(0.01182)	price(0.01154)	beer(0.01037)	star(0.00967)	night(0.00914)	seat(0.00825)	happi-hour(0.00798)	restaur(0.00782)	NUM-minut(0.00767)	peopl(0.00751)	special(0.00724)	busi(0.00715)	dinner(0.00699)	fish(0.00672)	experi(0.00622)	definit(0.00599)	staff(0.00589)	review(0.00580)	tuna(0.00508)	super(0.00506)	custom(0.00487)	
Topic 2(0.26795):	vega(0.01793)	room(0.01695)	time(0.01432)	park(0.01029)	strip(0.01012)	peopl(0.01010)	casino(0.00970)	walk(0.00909)	area(0.00909)	stay(0.00894)	hotel(0.00861)	locat(0.00842)	night(0.00775)	shop(0.00767)	pretti(0.00723)	las-vega(0.00648)	cool(0.00647)	seat(0.00645)	year(0.00622)	play(0.00606)	music(0.00596)	store(0.00573)	club(0.00554)	price(0.00527)	restaur(0.00521)	feel(0.00512)	view(0.00504)	open(0.00490)	drink(0.00489)	find(0.00486)	
Topic 3(0.18108):	chicken(0.01806)	rice(0.01754)	pork(0.01523)	sauc(0.01231)	spici(0.01210)	dish(0.01195)	buffet(0.01163)	soup(0.01100)	lunch(0.01089)	flavor(0.01084)	time(0.01069)	restaur(0.01003)	taco(0.00942)	beef(0.00893)	shrimp(0.00870)	thai(0.00865)	tast(0.00788)	pretti(0.00775)	definit(0.00716)	curri(0.00716)	bowl(0.00688)	side(0.00663)	price(0.00658)	delici(0.00614)	crab(0.00610)	best(0.00599)	korean(0.00573)	cook(0.00571)	friend(0.00548)	favorit(0.00520)	
Topic 4(0.14482):	cream(0.02129)	flavor(0.01768)	chocol(0.01684)	sweet(0.01616)	cake(0.01478)	tast(0.01185)	ramen(0.01168)	ice-cream(0.01095)	coffe(0.00994)	breakfast(0.00791)	time(0.00682)	pancak(0.00661)	delici(0.00646)	friend(0.00611)	best(0.00588)	cooki(0.00569)	strawberri(0.00543)	small(0.00526)	toast(0.00522)	perfect(0.00506)	favorit(0.00484)	banana(0.00470)	definit(0.00444)	crepe(0.00439)	offer(0.00430)	shake(0.00429)	select(0.00426)	locat(0.00405)	fill(0.00391)	pastri(0.00390)	
244 users are loaded from /zf18/ll5fy/lab/dataset/yelp/byUser_70k_review/5foldsCVColdstart/1/...
260 users are loaded from /zf18/ll5fy/lab/dataset/yelp/byUser_70k_review/5foldsCVColdstart/0/...
266 users are loaded from /zf18/ll5fy/lab/dataset/yelp/byUser_70k_review/5foldsCVColdstart/2/...
264 users are loaded from /zf18/ll5fy/lab/dataset/yelp/byUser_70k_review/5foldsCVColdstart/3/...
256 users are loaded from /zf18/ll5fy/lab/dataset/yelp/byUser_70k_review/5foldsCVColdstart/4/...
====================
[Info]Fold No. 1: 
[Info]Analzying corpus: 
...........-- Global corpus: vocabulary size: 6134, review size: 15843, item size: 861, user size: 861
train size = 13268, test size = 2575....
[Info]Analying bipartie graph: 
-- train graph: review size: 13268, item size: 732, user size: 782
[Info]EM Starting multithread LDA_Focus[k:5, alpha:1.01, beta:1.00, Variational]...
==============
[Info]Likelihood -4309102.85215 at step 0 converge to 1.0000000000...
==============
[Info]Likelihood -4308622.99595 at step 1 converge to 0.0001113587...
==============
[Info]Likelihood -4307900.40018 at step 2 converge to 0.0001677092...
==============
[Info]Likelihood -4305469.57592 at step 3 converge to 0.0005642712...
==============
[Info]Likelihood -4292377.13288 at step 4 converge to 0.0030408862...
==============
[Info]Likelihood -4248502.91151 at step 5 converge to 0.0102214274...
==============
[Info]Likelihood -4198927.77402 at step 6 converge to 0.0116688487...
==============
[Info]Likelihood -4168991.61833 at step 7 converge to 0.0071294762...
==============
[Info]Likelihood -4151007.02167 at step 8 converge to 0.0043138961...
==============
[Info]Likelihood -4139165.77393 at step 9 converge to 0.0028526205...
==============
[Info]Likelihood -4130568.61606 at step 10 converge to 0.0020770267...
==============
[Info]Likelihood -4123897.32026 at step 11 converge to 0.0016151035...
==============
[Info]Likelihood -4118508.93263 at step 12 converge to 0.0013066251...
==============
[Info]Likelihood -4114062.14935 at step 13 converge to 0.0010797071...
==============
[Info]Likelihood -4110324.54618 at step 14 converge to 0.0009084946...
==============
[Info]Likelihood -4107121.10696 at step 15 converge to 0.0007793641...
==============
[Info]Likelihood -4104325.55639 at step 16 converge to 0.0006806594...
==============
[Info]Likelihood -4101852.20936 at step 17 converge to 0.0006026196...
==============
[Info]Likelihood -4099670.49505 at step 18 converge to 0.0005318852...
==============
[Info]Likelihood -4097734.82215 at step 19 converge to 0.0004721533...
==============
[Info]Likelihood -4095998.06943 at step 20 converge to 0.0004238324...
==============
[Info]Likelihood -4094426.11817 at step 21 converge to 0.0003837773...
==============
[Info]Likelihood -4092994.33256 at step 22 converge to 0.0003496914...
==============
[Info]Likelihood -4091680.76925 at step 23 converge to 0.0003209297...
==============
[Info]Likelihood -4090472.02458 at step 24 converge to 0.0002954152...
==============
[Info]Likelihood -4089362.14022 at step 25 converge to 0.0002713341...
==============
[Info]Likelihood -4088338.30563 at step 26 converge to 0.0002503654...
==============
[Info]Likelihood -4087387.33955 at step 27 converge to 0.0002326045...
==============
[Info]Likelihood -4086496.43675 at step 28 converge to 0.0002179639...
==============
[Info]Likelihood -4085659.32543 at step 29 converge to 0.0002048482...
[Info]Likelihood -4085659.325 after step 30 converge to 0.000205 after 50 seconds...
[Info]Analying bipartie graph: 
-- test graph: review size: 2575, item size: 179, user size: 244
[Info]Start evaluation in thread
[Stat]Test evaluation finished: 2575 docs
[Stat]0 part has 746.000000 docs: perplexity is 1227.742 and log-likelihood is -341.983
[Stat]1 part has 193.000000 docs: perplexity is 1277.550 and log-likelihood is -333.879
[Stat]2 part has 1220.000000 docs: perplexity is 1284.504 and log-likelihood is -330.078
[Stat]3 part has 416.000000 docs: perplexity is 1246.392 and log-likelihood is -324.376
[Stat]4 part has 2575.000000 docs: perplexity is 1260.760 and log-likelihood is -332.891
[Info]multithread LDA_Focus[k:5, alpha:1.01, beta:1.00, Variational] Train/Test finished in 51.77 seconds...
TopWord FilePath:/zf18/ll5fy/lab/dataset/yelp/byUser_70k_review/output/5foldsCVColdstart/1/LDA_User_topWords_5.txt
Topic 0(0.20807):	vega(0.02386)	room(0.02366)	strip(0.01420)	buffet(0.01409)	casino(0.01324)	night(0.01319)	stay(0.01262)	hotel(0.01221)	time(0.01206)	drink(0.00895)	area(0.00860)	las-vega(0.00860)	peopl(0.00802)	music(0.00801)	play(0.00798)	pretti(0.00775)	club(0.00755)	walk(0.00711)	park(0.00654)	restaur(0.00643)	seat(0.00637)	view(0.00625)	pool(0.00608)	best(0.00593)	cool(0.00582)	crowd(0.00571)	tabl(0.00530)	watch(0.00520)	locat(0.00508)	year(0.00501)	
Topic 1(0.23103):	time(0.02874)	wait(0.01636)	peopl(0.01264)	friend(0.01253)	locat(0.01188)	price(0.01142)	shop(0.00997)	drink(0.00958)	find(0.00937)	pretti(0.00924)	star(0.00923)	busi(0.00862)	work(0.00818)	store(0.00808)	review(0.00798)	walk(0.00753)	custom(0.00726)	open(0.00667)	staff(0.00629)	NUM-minut(0.00618)	park(0.00602)	seat(0.00596)	year(0.00568)	town(0.00505)	reason(0.00499)	feel(0.00496)	close(0.00465)	told(0.00462)	call(0.00457)	coffe(0.00451)	
Topic 2(0.15239):	cream(0.01867)	sweet(0.01833)	flavor(0.01583)	chocol(0.01507)	cake(0.01409)	sushi(0.01377)	tast(0.01326)	roll(0.01242)	ice-cream(0.00973)	delici(0.00846)	breakfast(0.00841)	chef(0.00700)	perfect(0.00675)	best(0.00664)	serv(0.00632)	favorit(0.00603)	french(0.00597)	cours(0.00587)	amaz(0.00529)	toast(0.00523)	time(0.00514)	definit(0.00513)	pancak(0.00511)	small(0.00497)	strawberri(0.00488)	cooki(0.00485)	brunch(0.00467)	tuna(0.00459)	truffl(0.00438)	coffe(0.00436)	
Topic 3(0.20362):	chicken(0.01873)	dish(0.01705)	rice(0.01486)	sauc(0.01401)	restaur(0.01321)	flavor(0.01239)	soup(0.01226)	pork(0.01212)	beef(0.01137)	spici(0.01126)	shrimp(0.01062)	time(0.00962)	lunch(0.00909)	tast(0.00889)	thai(0.00827)	crab(0.00810)	ramen(0.00755)	definit(0.00738)	delici(0.00736)	bowl(0.00678)	taco(0.00636)	pretti(0.00634)	cook(0.00631)	side(0.00629)	best(0.00617)	plate(0.00594)	friend(0.00588)	fish(0.00581)	curri(0.00565)	serv(0.00532)	
Topic 4(0.20490):	pizza(0.01445)	happi(0.01349)	steak(0.01339)	tabl(0.01274)	restaur(0.01194)	drink(0.01089)	friend(0.01088)	beer(0.01087)	dinner(0.01076)	time(0.01065)	bread(0.01061)	side(0.00971)	chicken(0.00914)	sauc(0.00911)	wine(0.00826)	dine(0.00809)	happi-hour(0.00799)	serv(0.00769)	delici(0.00766)	night(0.00687)	price(0.00680)	perfect(0.00666)	tast(0.00643)	pretti(0.00618)	cook(0.00572)	appet(0.00558)	best(0.00556)	lunch(0.00527)	experi(0.00514)	seat(0.00513)	
266 users are loaded from /zf18/ll5fy/lab/dataset/yelp/byUser_70k_review/5foldsCVColdstart/2/...
260 users are loaded from /zf18/ll5fy/lab/dataset/yelp/byUser_70k_review/5foldsCVColdstart/0/...
244 users are loaded from /zf18/ll5fy/lab/dataset/yelp/byUser_70k_review/5foldsCVColdstart/1/...
264 users are loaded from /zf18/ll5fy/lab/dataset/yelp/byUser_70k_review/5foldsCVColdstart/3/...
256 users are loaded from /zf18/ll5fy/lab/dataset/yelp/byUser_70k_review/5foldsCVColdstart/4/...
====================
[Info]Fold No. 2: 
[Info]Analzying corpus: 
...........-- Global corpus: vocabulary size: 6134, review size: 15843, item size: 861, user size: 861
train size = 12778, test size = 3065....
[Info]Analying bipartie graph: 
-- train graph: review size: 12778, item size: 702, user size: 773
[Info]EM Starting multithread LDA_Focus[k:5, alpha:1.01, beta:1.00, Variational]...
==============
[Info]Likelihood -4086300.34005 at step 0 converge to 1.0000000000...
==============
[Info]Likelihood -4085831.81897 at step 1 converge to 0.0001146565...
==============
[Info]Likelihood -4085076.96958 at step 2 converge to 0.0001847480...
==============
[Info]Likelihood -4082418.53603 at step 3 converge to 0.0006507671...
==============
[Info]Likelihood -4068935.63941 at step 4 converge to 0.0033026738...
==============
[Info]Likelihood -4026971.26378 at step 5 converge to 0.0103133545...
==============
[Info]Likelihood -3979258.43597 at step 6 converge to 0.0118483159...
==============
[Info]Likelihood -3948087.27536 at step 7 converge to 0.0078334094...
==============
[Info]Likelihood -3929158.00370 at step 8 converge to 0.0047945424...
==============
[Info]Likelihood -3917108.84262 at step 9 converge to 0.0030666013...
==============
[Info]Likelihood -3908927.68558 at step 10 converge to 0.0020885703...
==============
[Info]Likelihood -3903020.71321 at step 11 converge to 0.0015111491...
==============
[Info]Likelihood -3898451.70559 at step 12 converge to 0.0011706337...
==============
[Info]Likelihood -3894742.44563 at step 13 converge to 0.0009514700...
==============
[Info]Likelihood -3891692.63688 at step 14 converge to 0.0007830579...
==============
[Info]Likelihood -3889216.11082 at step 15 converge to 0.0006363622...
==============
[Info]Likelihood -3887208.34544 at step 16 converge to 0.0005162391...
==============
[Info]Likelihood -3885565.52995 at step 17 converge to 0.0004226209...
==============
[Info]Likelihood -3884181.87781 at step 18 converge to 0.0003561006...
==============
[Info]Likelihood -3883000.75716 at step 19 converge to 0.0003040848...
==============
[Info]Likelihood -3881987.47787 at step 20 converge to 0.0002609526...
==============
[Info]Likelihood -3881100.84907 at step 21 converge to 0.0002283956...
==============
[Info]Likelihood -3880311.67318 at step 22 converge to 0.0002033382...
==============
[Info]Likelihood -3879616.12190 at step 23 converge to 0.0001792514...
==============
[Info]Likelihood -3879007.96682 at step 24 converge to 0.0001567565...
==============
[Info]Likelihood -3878475.03541 at step 25 converge to 0.0001373886...
==============
[Info]Likelihood -3878002.37797 at step 26 converge to 0.0001218668...
==============
[Info]Likelihood -3877578.84796 at step 27 converge to 0.0001092134...
==============
[Info]Likelihood -3877196.96342 at step 28 converge to 0.0000984853...
==============
[Info]Likelihood -3876849.12954 at step 29 converge to 0.0000897127...
[Info]Likelihood -3876849.130 after step 30 converge to 0.000090 after 22 seconds...
[Info]Analying bipartie graph: 
-- test graph: review size: 3065, item size: 207, user size: 266
[Info]Start evaluation in thread
[Stat]Test evaluation finished: 3065 docs
[Stat]0 part has 769.000000 docs: perplexity is 1262.284 and log-likelihood is -335.166
[Stat]1 part has 178.000000 docs: perplexity is 1210.138 and log-likelihood is -351.016
[Stat]2 part has 1718.000000 docs: perplexity is 1307.812 and log-likelihood is -351.195
[Stat]3 part has 400.000000 docs: perplexity is 1251.726 and log-likelihood is -373.571
[Stat]4 part has 3065.000000 docs: perplexity is 1282.925 and log-likelihood is -350.083
[Info]multithread LDA_Focus[k:5, alpha:1.01, beta:1.00, Variational] Train/Test finished in 22.51 seconds...
TopWord FilePath:/zf18/ll5fy/lab/dataset/yelp/byUser_70k_review/output/5foldsCVColdstart/2/LDA_User_topWords_5.txt
Topic 0(0.18617):	time(0.01686)	roll(0.01683)	sushi(0.01607)	happi(0.01371)	restaur(0.01258)	lunch(0.01235)	friend(0.01179)	rice(0.01154)	taco(0.01142)	price(0.01119)	pretti(0.01083)	fish(0.01034)	thai(0.01022)	dish(0.00934)	special(0.00902)	happi-hour(0.00826)	favorit(0.00812)	curri(0.00782)	definit(0.00777)	beer(0.00758)	spici(0.00720)	best(0.00709)	drink(0.00707)	star(0.00691)	shrimp(0.00656)	wait(0.00652)	tast(0.00595)	review(0.00571)	delici(0.00569)	tuna(0.00554)	
Topic 1(0.14750):	cream(0.02071)	chocol(0.01526)	cake(0.01486)	sweet(0.01460)	flavor(0.01451)	breakfast(0.01231)	coffe(0.01207)	ice-cream(0.01113)	time(0.01062)	tast(0.00929)	friend(0.00874)	drink(0.00825)	toast(0.00730)	delici(0.00683)	best(0.00618)	waffl(0.00588)	cooki(0.00570)	french(0.00565)	pancak(0.00556)	favorit(0.00555)	perfect(0.00515)	definit(0.00497)	strawberri(0.00493)	banana(0.00465)	amaz(0.00436)	locat(0.00435)	shop(0.00425)	crepe(0.00417)	bread(0.00411)	serv(0.00411)	
Topic 2(0.16797):	buffet(0.01551)	restaur(0.01527)	steak(0.01423)	dinner(0.01314)	tabl(0.01236)	time(0.01030)	dish(0.01015)	dine(0.00926)	crab(0.00844)	tast(0.00825)	wine(0.00808)	experi(0.00787)	serv(0.00782)	bread(0.00765)	plate(0.00665)	wait(0.00659)	cook(0.00654)	delici(0.00642)	price(0.00627)	friend(0.00627)	best(0.00624)	night(0.00621)	perfect(0.00615)	excel(0.00614)	cours(0.00592)	start(0.00575)	lobster(0.00569)	shrimp(0.00567)	seafood(0.00558)	drink(0.00555)	
Topic 3(0.30558):	vega(0.01685)	time(0.01684)	room(0.01572)	peopl(0.01101)	drink(0.00946)	park(0.00941)	walk(0.00935)	casino(0.00934)	strip(0.00920)	night(0.00883)	stay(0.00878)	hotel(0.00856)	area(0.00807)	locat(0.00766)	pretti(0.00753)	friend(0.00687)	seat(0.00637)	las-vega(0.00634)	shop(0.00597)	year(0.00574)	play(0.00563)	price(0.00561)	club(0.00561)	music(0.00545)	cool(0.00527)	feel(0.00513)	store(0.00509)	tabl(0.00496)	find(0.00482)	crowd(0.00472)	
Topic 4(0.19277):	chicken(0.02783)	sauc(0.01899)	pizza(0.01473)	time(0.01184)	side(0.01173)	pork(0.01169)	flavor(0.01161)	beef(0.00929)	ramen(0.00892)	tast(0.00836)	soup(0.00744)	friend(0.00729)	onion(0.00710)	cook(0.00677)	perfect(0.00666)	pretti(0.00660)	definit(0.00655)	bowl(0.00626)	delici(0.00626)	spici(0.00588)	rice(0.00573)	wait(0.00563)	crispi(0.00553)	dish(0.00545)	slice(0.00542)	serv(0.00537)	small(0.00527)	restaur(0.00500)	lunch(0.00497)	garlic(0.00489)	
264 users are loaded from /zf18/ll5fy/lab/dataset/yelp/byUser_70k_review/5foldsCVColdstart/3/...
260 users are loaded from /zf18/ll5fy/lab/dataset/yelp/byUser_70k_review/5foldsCVColdstart/0/...
244 users are loaded from /zf18/ll5fy/lab/dataset/yelp/byUser_70k_review/5foldsCVColdstart/1/...
266 users are loaded from /zf18/ll5fy/lab/dataset/yelp/byUser_70k_review/5foldsCVColdstart/2/...
256 users are loaded from /zf18/ll5fy/lab/dataset/yelp/byUser_70k_review/5foldsCVColdstart/4/...
====================
[Info]Fold No. 3: 
[Info]Analzying corpus: 
...........-- Global corpus: vocabulary size: 6134, review size: 15843, item size: 861, user size: 861
train size = 12591, test size = 3252....
[Info]Analying bipartie graph: 
-- train graph: review size: 12591, item size: 717, user size: 770
[Info]EM Starting multithread LDA_Focus[k:5, alpha:1.01, beta:1.00, Variational]...
==============
[Info]Likelihood -4103715.51323 at step 0 converge to 1.0000000000...
==============
[Info]Likelihood -4103250.87386 at step 1 converge to 0.0001132241...
==============
[Info]Likelihood -4102520.05889 at step 2 converge to 0.0001781063...
==============
[Info]Likelihood -4100371.90376 at step 3 converge to 0.0005236184...
==============
[Info]Likelihood -4090007.11296 at step 4 converge to 0.0025277685...
==============
[Info]Likelihood -4052156.27048 at step 5 converge to 0.0092544686...
==============
[Info]Likelihood -4005774.58841 at step 6 converge to 0.0114461731...
==============
[Info]Likelihood -3975223.60673 at step 7 converge to 0.0076267351...
==============
[Info]Likelihood -3956370.95237 at step 8 converge to 0.0047425393...
==============
[Info]Likelihood -3944327.57260 at step 9 converge to 0.0030440472...
==============
[Info]Likelihood -3935896.25951 at step 10 converge to 0.0021375793...
==============
[Info]Likelihood -3929460.63200 at step 11 converge to 0.0016351111...
==============
[Info]Likelihood -3924182.81833 at step 12 converge to 0.0013431395...
==============
[Info]Likelihood -3919646.94847 at step 13 converge to 0.0011558763...
==============
[Info]Likelihood -3915709.95349 at step 14 converge to 0.0010044259...
==============
[Info]Likelihood -3912299.35593 at step 15 converge to 0.0008710036...
==============
[Info]Likelihood -3909313.57570 at step 16 converge to 0.0007631779...
==============
[Info]Likelihood -3906716.22304 at step 17 converge to 0.0006644012...
==============
[Info]Likelihood -3904424.05103 at step 18 converge to 0.0005867260...
==============
[Info]Likelihood -3902325.59574 at step 19 converge to 0.0005374558...
==============
[Info]Likelihood -3900438.17779 at step 20 converge to 0.0004836649...
==============
[Info]Likelihood -3898817.86879 at step 21 converge to 0.0004154172...
==============
[Info]Likelihood -3897412.32730 at step 22 converge to 0.0003605045...
==============
[Info]Likelihood -3896156.98090 at step 23 converge to 0.0003220974...
==============
[Info]Likelihood -3895001.45865 at step 24 converge to 0.0002965800...
==============
[Info]Likelihood -3893934.23068 at step 25 converge to 0.0002739994...
==============
[Info]Likelihood -3892964.22981 at step 26 converge to 0.0002491056...
==============
[Info]Likelihood -3892082.35194 at step 27 converge to 0.0002265312...
==============
[Info]Likelihood -3891272.34186 at step 28 converge to 0.0002081174...
==============
[Info]Likelihood -3890523.56278 at step 29 converge to 0.0001924253...
[Info]Likelihood -3890523.563 after step 30 converge to 0.000192 after 35 seconds...
[Info]Analying bipartie graph: 
-- test graph: review size: 3252, item size: 206, user size: 264
[Info]Start evaluation in thread
[Stat]Test evaluation finished: 3252 docs
[Stat]0 part has 912.000000 docs: perplexity is 1323.378 and log-likelihood is -330.094
[Stat]1 part has 285.000000 docs: perplexity is 1262.397 and log-likelihood is -316.223
[Stat]2 part has 1562.000000 docs: perplexity is 1261.246 and log-likelihood is -323.616
[Stat]3 part has 493.000000 docs: perplexity is 1155.928 and log-likelihood is -320.445
[Stat]4 part has 3252.000000 docs: perplexity is 1261.864 and log-likelihood is -324.304
[Info]multithread LDA_Focus[k:5, alpha:1.01, beta:1.00, Variational] Train/Test finished in 36.69 seconds...
TopWord FilePath:/zf18/ll5fy/lab/dataset/yelp/byUser_70k_review/output/5foldsCVColdstart/3/LDA_User_topWords_5.txt
Topic 0(0.20502):	vega(0.02619)	room(0.02391)	strip(0.01405)	casino(0.01333)	park(0.01310)	stay(0.01292)	hotel(0.01164)	las-vega(0.01096)	locat(0.01016)	walk(0.01010)	shop(0.00996)	time(0.00905)	store(0.00838)	area(0.00802)	view(0.00732)	year(0.00653)	restaur(0.00572)	pool(0.00555)	local(0.00545)	peopl(0.00541)	play(0.00537)	clean(0.00524)	find(0.00509)	best(0.00475)	night(0.00448)	pretti(0.00437)	feel(0.00430)	cool(0.00424)	price(0.00412)	beauti(0.00399)	
Topic 1(0.20226):	dish(0.01924)	restaur(0.01808)	steak(0.01269)	flavor(0.01239)	tast(0.01054)	pork(0.01001)	cook(0.00954)	beef(0.00906)	sauc(0.00889)	rice(0.00860)	perfect(0.00859)	soup(0.00837)	serv(0.00789)	delici(0.00779)	taco(0.00739)	thai(0.00737)	side(0.00735)	ramen(0.00729)	dinner(0.00728)	shrimp(0.00718)	plate(0.00694)	best(0.00634)	spici(0.00622)	dine(0.00602)	bread(0.00581)	chicken(0.00578)	curri(0.00568)	cours(0.00525)	definit(0.00509)	tabl(0.00483)	
Topic 2(0.25016):	time(0.03237)	drink(0.02666)	wait(0.01886)	friend(0.01814)	pretti(0.01549)	tabl(0.01513)	peopl(0.01513)	night(0.01273)	star(0.01065)	price(0.01055)	seat(0.01028)	beer(0.00990)	busi(0.00853)	NUM-minut(0.00781)	experi(0.00677)	review(0.00622)	staff(0.00615)	feel(0.00564)	work(0.00560)	custom(0.00542)	open(0.00517)	call(0.00514)	area(0.00498)	told(0.00494)	cool(0.00488)	parti(0.00485)	expect(0.00451)	music(0.00443)	walk(0.00437)	manag(0.00431)	
Topic 3(0.18245):	chicken(0.02829)	sauc(0.01819)	pizza(0.01769)	lunch(0.01578)	roll(0.01539)	sushi(0.01483)	time(0.01193)	happi(0.01150)	side(0.00854)	special(0.00827)	definit(0.00819)	price(0.00798)	delici(0.00793)	pretti(0.00783)	happi-hour(0.00752)	fish(0.00745)	tast(0.00738)	friend(0.00697)	rice(0.00673)	best(0.00649)	favorit(0.00603)	garlic(0.00575)	dinner(0.00569)	wing(0.00555)	locat(0.00544)	tuna(0.00543)	spici(0.00542)	restaur(0.00535)	flavor(0.00505)	salmon(0.00494)	
Topic 4(0.16012):	cream(0.01933)	buffet(0.01543)	sweet(0.01498)	chocol(0.01497)	flavor(0.01391)	cake(0.01347)	tast(0.01127)	ice-cream(0.01048)	coffe(0.00998)	breakfast(0.00948)	delici(0.00723)	time(0.00699)	best(0.00695)	bread(0.00675)	select(0.00588)	french(0.00573)	friend(0.00532)	waffl(0.00518)	toast(0.00514)	korean(0.00510)	cooki(0.00507)	strawberri(0.00507)	offer(0.00497)	brunch(0.00491)	serv(0.00484)	favorit(0.00478)	perfect(0.00459)	side(0.00425)	pancak(0.00421)	pastri(0.00410)	
256 users are loaded from /zf18/ll5fy/lab/dataset/yelp/byUser_70k_review/5foldsCVColdstart/4/...
260 users are loaded from /zf18/ll5fy/lab/dataset/yelp/byUser_70k_review/5foldsCVColdstart/0/...
244 users are loaded from /zf18/ll5fy/lab/dataset/yelp/byUser_70k_review/5foldsCVColdstart/1/...
266 users are loaded from /zf18/ll5fy/lab/dataset/yelp/byUser_70k_review/5foldsCVColdstart/2/...
264 users are loaded from /zf18/ll5fy/lab/dataset/yelp/byUser_70k_review/5foldsCVColdstart/3/...
====================
[Info]Fold No. 4: 
[Info]Analzying corpus: 
...........-- Global corpus: vocabulary size: 6134, review size: 15843, item size: 861, user size: 861
train size = 12424, test size = 3419....
[Info]Analying bipartie graph: 
-- train graph: review size: 12424, item size: 726, user size: 778
[Info]EM Starting multithread LDA_Focus[k:5, alpha:1.01, beta:1.00, Variational]...
==============
[Info]Likelihood -4042261.14174 at step 0 converge to 1.0000000000...
==============
[Info]Likelihood -4041800.83067 at step 1 converge to 0.0001138747...
==============
[Info]Likelihood -4041064.40485 at step 2 converge to 0.0001822024...
==============
[Info]Likelihood -4038577.96710 at step 3 converge to 0.0006152928...
==============
[Info]Likelihood -4024796.91337 at step 4 converge to 0.0034123530...
==============
[Info]Likelihood -3975571.14475 at step 5 converge to 0.0122306217...
==============
[Info]Likelihood -3923930.47429 at step 6 converge to 0.0129894973...
==============
[Info]Likelihood -3896726.84281 at step 7 converge to 0.0069327506...
==============
[Info]Likelihood -3881628.58143 at step 8 converge to 0.0038746009...
==============
[Info]Likelihood -3871732.48737 at step 9 converge to 0.0025494696...
==============
[Info]Likelihood -3864616.57410 at step 10 converge to 0.0018379145...
==============
[Info]Likelihood -3859402.91864 at step 11 converge to 0.0013490744...
==============
[Info]Likelihood -3855471.71880 at step 12 converge to 0.0010186031...
==============
[Info]Likelihood -3852368.72629 at step 13 converge to 0.0008048282...
==============
[Info]Likelihood -3849850.84575 at step 14 converge to 0.0006535928...
==============
[Info]Likelihood -3847769.38933 at step 15 converge to 0.0005406590...
==============
[Info]Likelihood -3846003.48966 at step 16 converge to 0.0004589411...
==============
[Info]Likelihood -3844473.23605 at step 17 converge to 0.0003978815...
==============
[Info]Likelihood -3843151.52789 at step 18 converge to 0.0003437943...
==============
[Info]Likelihood -3842004.83294 at step 19 converge to 0.0002983736...
==============
[Info]Likelihood -3840989.18434 at step 20 converge to 0.0002643538...
==============
[Info]Likelihood -3840068.02117 at step 21 converge to 0.0002398245...
==============
[Info]Likelihood -3839208.04300 at step 22 converge to 0.0002239487...
==============
[Info]Likelihood -3838400.96385 at step 23 converge to 0.0002102202...
==============
[Info]Likelihood -3837653.91070 at step 24 converge to 0.0001946261...
==============
[Info]Likelihood -3836963.01045 at step 25 converge to 0.0001800319...
==============
[Info]Likelihood -3836319.08252 at step 26 converge to 0.0001678223...
==============
[Info]Likelihood -3835709.17657 at step 27 converge to 0.0001589821...
==============
[Info]Likelihood -3835124.13830 at step 28 converge to 0.0001525241...
==============
[Info]Likelihood -3834557.82077 at step 29 converge to 0.0001476660...
[Info]Likelihood -3834557.821 after step 30 converge to 0.000148 after 44 seconds...
[Info]Analying bipartie graph: 
-- test graph: review size: 3419, item size: 213, user size: 256
[Info]Start evaluation in thread
[Stat]Test evaluation finished: 3419 docs
[Stat]0 part has 701.000000 docs: perplexity is 1374.660 and log-likelihood is -317.458
[Stat]1 part has 339.000000 docs: perplexity is 1278.462 and log-likelihood is -329.922
[Stat]2 part has 1635.000000 docs: perplexity is 1322.960 and log-likelihood is -325.606
[Stat]3 part has 744.000000 docs: perplexity is 1216.512 and log-likelihood is -332.816
[Stat]4 part has 3419.000000 docs: perplexity is 1303.700 and log-likelihood is -325.932
[Info]multithread LDA_Focus[k:5, alpha:1.01, beta:1.00, Variational] Train/Test finished in 45.30 seconds...
TopWord FilePath:/zf18/ll5fy/lab/dataset/yelp/byUser_70k_review/output/5foldsCVColdstart/4/LDA_User_topWords_5.txt
Topic 0(0.14978):	cream(0.01993)	chocol(0.01665)	sushi(0.01587)	sweet(0.01463)	flavor(0.01451)	roll(0.01377)	cake(0.01175)	breakfast(0.01157)	coffe(0.01120)	ice-cream(0.01091)	time(0.00900)	tast(0.00886)	friend(0.00726)	pancak(0.00679)	delici(0.00653)	toast(0.00605)	cooki(0.00587)	favorit(0.00550)	best(0.00542)	strawberri(0.00537)	waffl(0.00531)	small(0.00530)	definit(0.00471)	crepe(0.00462)	brunch(0.00455)	wait(0.00451)	banana(0.00450)	french(0.00438)	fill(0.00436)	tuna(0.00431)	
Topic 1(0.21098):	time(0.02070)	buffet(0.01714)	price(0.01696)	pizza(0.01624)	pretti(0.01354)	beer(0.01351)	drink(0.01306)	friend(0.01144)	wait(0.01124)	happi(0.01075)	taco(0.01075)	lunch(0.00977)	select(0.00881)	locat(0.00863)	star(0.00820)	best(0.00797)	happi-hour(0.00627)	town(0.00576)	busi(0.00575)	peopl(0.00573)	review(0.00559)	custom(0.00532)	option(0.00509)	definit(0.00502)	station(0.00501)	vega(0.00492)	find(0.00479)	staff(0.00468)	offer(0.00465)	chip(0.00452)	
Topic 2(0.27086):	room(0.01821)	vega(0.01677)	time(0.01604)	peopl(0.01105)	casino(0.00985)	strip(0.00981)	park(0.00972)	hotel(0.00971)	stay(0.00963)	night(0.00958)	walk(0.00953)	drink(0.00890)	area(0.00823)	seat(0.00817)	shop(0.00680)	pretti(0.00670)	friend(0.00654)	music(0.00590)	cool(0.00585)	play(0.00579)	las-vega(0.00577)	locat(0.00548)	restaur(0.00541)	tabl(0.00540)	club(0.00524)	view(0.00515)	year(0.00500)	feel(0.00495)	watch(0.00486)	crowd(0.00484)	
Topic 3(0.17335):	restaur(0.01626)	steak(0.01388)	dish(0.01307)	bread(0.01156)	dinner(0.01106)	tabl(0.01101)	tast(0.00973)	perfect(0.00881)	wine(0.00873)	sauc(0.00832)	serv(0.00822)	dine(0.00796)	experi(0.00790)	delici(0.00770)	plate(0.00724)	cours(0.00715)	flavor(0.00688)	amaz(0.00688)	time(0.00682)	appet(0.00670)	side(0.00662)	start(0.00615)	cook(0.00605)	night(0.00595)	friend(0.00583)	best(0.00582)	waiter(0.00563)	lobster(0.00552)	drink(0.00549)	excel(0.00538)	
Topic 4(0.19502):	chicken(0.03069)	sauc(0.01680)	rice(0.01591)	pork(0.01314)	time(0.01272)	dish(0.01237)	spici(0.01203)	beef(0.01121)	flavor(0.01111)	soup(0.01088)	restaur(0.01088)	thai(0.00976)	side(0.00916)	tast(0.00841)	pretti(0.00783)	definit(0.00738)	friend(0.00720)	lunch(0.00699)	curri(0.00664)	cook(0.00649)	delici(0.00635)	bowl(0.00599)	shrimp(0.00550)	best(0.00514)	sweet(0.00502)	wait(0.00489)	favorit(0.00463)	wing(0.00459)	price(0.00458)	korean(0.00451)	

Part 0 -----------------Valid folds: 5
[Stat]Loglikelihood -330.684+/-8.086
[Stat]Perplexity 1297.854+/-50.483
Part 1 -----------------Valid folds: 5
[Stat]Loglikelihood -332.754+/-11.100
[Stat]Perplexity 1265.007+/-29.486
Part 2 -----------------Valid folds: 5
[Stat]Loglikelihood -329.382+/-11.764
[Stat]Perplexity 1283.202+/-30.269
Part 3 -----------------Valid folds: 5
[Stat]Loglikelihood -331.757+/-22.435
[Stat]Perplexity 1212.758+/-35.425
Part 4 -----------------Valid folds: 5
[Stat]Loglikelihood -330.416+/-10.805
[Stat]Perplexity 1271.749+/-19.285
