Load 6134 2-gram new features from /zf18/ll5fy/lab/dataset/yelp/yelp_features.txt...
1409 users are loaded from /zf18/ll5fy/lab/dataset/yelp/byUser_70k_review/data/...
Info File Path: /zf18/ll5fy/lab/dataset/yelp/byUser_70k_review/output/5foldsCVColdstart/LDA_User_info.txt
[Info]Start FIXED cross validation...
260 users are loaded from /zf18/ll5fy/lab/dataset/yelp/byUser_70k_review/5foldsCVColdstart/0/...
244 users are loaded from /zf18/ll5fy/lab/dataset/yelp/byUser_70k_review/5foldsCVColdstart/1/...
266 users are loaded from /zf18/ll5fy/lab/dataset/yelp/byUser_70k_review/5foldsCVColdstart/2/...
264 users are loaded from /zf18/ll5fy/lab/dataset/yelp/byUser_70k_review/5foldsCVColdstart/3/...
256 users are loaded from /zf18/ll5fy/lab/dataset/yelp/byUser_70k_review/5foldsCVColdstart/4/...
====================
[Info]Fold No. 0: 
[Info]Analzying corpus: 
...........-- Global corpus: vocabulary size: 6134, review size: 15843, item size: 861, user size: 861
train size = 12311, test size = 3532....
[Info]Analying bipartie graph: 
-- train graph: review size: 12311, item size: 722, user size: 770
[Info]EM Starting multithread LDA_Focus[k:25, alpha:1.01, beta:1.00, Variational]...
==============
[Info]Likelihood -3165727.96840 at step 0 converge to 1.0000000000...
==============
[Info]Likelihood -3164634.78131 at step 1 converge to 0.0003453193...
==============
[Info]Likelihood -3163544.44350 at step 2 converge to 0.0003445383...
==============
[Info]Likelihood -3162432.25304 at step 3 converge to 0.0003515647...
==============
[Info]Likelihood -3161238.69891 at step 4 converge to 0.0003774165...
==============
[Info]Likelihood -3159868.19146 at step 5 converge to 0.0004335349...
==============
[Info]Likelihood -3157939.71863 at step 6 converge to 0.0006103017...
==============
[Info]Likelihood -3154368.81395 at step 7 converge to 0.0011307704...
==============
[Info]Likelihood -3144084.95972 at step 8 converge to 0.0032601940...
==============
[Info]Likelihood -3115209.12057 at step 9 converge to 0.0091841790...
==============
[Info]Likelihood -3068532.89597 at step 10 converge to 0.0149833359...
==============
[Info]Likelihood -3017081.79970 at step 11 converge to 0.0167673276...
==============
[Info]Likelihood -2971429.89034 at step 12 converge to 0.0151311474...
==============
[Info]Likelihood -2935245.99677 at step 13 converge to 0.0121772665...
==============
[Info]Likelihood -2907106.73307 at step 14 converge to 0.0095866799...
==============
[Info]Likelihood -2884783.51331 at step 15 converge to 0.0076788442...
==============
[Info]Likelihood -2866528.14748 at step 16 converge to 0.0063281580...
==============
[Info]Likelihood -2851170.95501 at step 17 converge to 0.0053574190...
==============
[Info]Likelihood -2837918.63126 at step 18 converge to 0.0046480285...
==============
[Info]Likelihood -2826254.79019 at step 19 converge to 0.0041099984...
==============
[Info]Likelihood -2815800.55020 at step 20 converge to 0.0036989729...
==============
[Info]Likelihood -2806305.23791 at step 21 converge to 0.0033721537...
==============
[Info]Likelihood -2797606.86430 at step 22 converge to 0.0030995821...
==============
[Info]Likelihood -2789644.92612 at step 23 converge to 0.0028459818...
==============
[Info]Likelihood -2782388.84241 at step 24 converge to 0.0026010779...
==============
[Info]Likelihood -2775801.51382 at step 25 converge to 0.0023675083...
==============
[Info]Likelihood -2769807.08207 at step 26 converge to 0.0021595318...
==============
[Info]Likelihood -2764294.10744 at step 27 converge to 0.0019903822...
==============
[Info]Likelihood -2759178.04192 at step 28 converge to 0.0018507674...
==============
[Info]Likelihood -2754404.58208 at step 29 converge to 0.0017300297...
[Info]Likelihood -2754404.582 after step 30 converge to 0.001730 after 152 seconds...
[Info]Analying bipartie graph: 
-- test graph: review size: 3532, item size: 211, user size: 260
[Info]Start evaluation in thread
[Stat]Test evaluation finished: 3532 docs
[Stat]0 part has 817.000000 docs: perplexity is 1096.399 and log-likelihood is -320.868
[Stat]1 part has 303.000000 docs: perplexity is 1111.335 and log-likelihood is -325.575
[Stat]2 part has 1696.000000 docs: perplexity is 1028.598 and log-likelihood is -308.130
[Stat]3 part has 716.000000 docs: perplexity is 997.314 and log-likelihood is -299.792
[Stat]4 part has 3532.000000 docs: perplexity is 1045.132 and log-likelihood is -310.883
[Info]multithread LDA_Focus[k:25, alpha:1.01, beta:1.00, Variational] Train/Test finished in 154.96 seconds...
TopWord FilePath:/zf18/ll5fy/lab/dataset/yelp/byUser_70k_review/output/5foldsCVColdstart/0/LDA_User_topWords_25.txt
Topic 0(0.04785):	cool(0.03869)	play(0.03281)	watch(0.02949)	music(0.02654)	seat(0.02521)	peopl(0.02293)	theater(0.01534)	crowd(0.01416)	ticket(0.01261)	event(0.01221)	year(0.01083)	stand(0.00883)	drink(0.00881)	venu(0.00822)	walk(0.00793)	sign(0.00791)	night(0.00758)	machin(0.00751)	photo(0.00744)	sound(0.00711)	pictur(0.00709)	vega(0.00675)	time(0.00666)	fremont(0.00596)	adult(0.00571)	screen(0.00570)	concert(0.00560)	peopl-watch(0.00552)	danc(0.00536)	entertain(0.00520)	
Topic 1(0.03135):	pizza(0.09811)	slice(0.03464)	crust(0.02166)	italian(0.02080)	garlic(0.01783)	thin(0.01758)	style(0.01710)	sausag(0.01557)	white(0.01457)	sauc(0.01417)	meatbal(0.01165)	oliv(0.01043)	mozzarella(0.00903)	best(0.00840)	tast(0.00832)	secret(0.00800)	ingredi(0.00778)	deep(0.00720)	mushroom(0.00675)	chicago(0.00652)	pepperoni(0.00619)	oven(0.00609)	serv(0.00584)	ricotta(0.00572)	eggplant(0.00569)	oliv-oil(0.00542)	special(0.00519)	crisp(0.00519)	veggi(0.00480)	dough(0.00470)	
Topic 2(0.03085):	shrimp(0.07602)	crab(0.04997)	seafood(0.03448)	oyster(0.02327)	juici(0.02008)	season(0.01661)	time(0.01493)	sauc(0.01356)	night(0.01323)	clam(0.01240)	roast(0.01177)	pound(0.01156)	delici(0.01117)	spici(0.01043)	tast(0.00980)	crab-leg(0.00885)	crawfish(0.00857)	price(0.00809)	start(0.00781)	yummi(0.00774)	serv(0.00714)	lobster(0.00695)	blue(0.00654)	boil(0.00626)	smell(0.00622)	calamari(0.00595)	best(0.00591)	dozen(0.00573)	friend(0.00563)	dinner(0.00550)	
Topic 3(0.04852):	drink(0.10986)	happi(0.07387)	beer(0.05134)	price(0.04802)	friend(0.04757)	happi-hour(0.04079)	pretti(0.02576)	special(0.01796)	time(0.01711)	staff(0.01591)	bartend(0.01386)	buck(0.01351)	deal(0.01349)	slow(0.01157)	bill(0.01060)	recommend(0.00978)	waitress(0.00887)	NUM-buck(0.00883)	night(0.00838)	definit(0.00781)	super(0.00756)	star(0.00721)	busi(0.00713)	good-food(0.00685)	wing(0.00634)	total(0.00617)	coupl(0.00597)	awhil(0.00594)	averag(0.00564)	monday(0.00549)	
Topic 4(0.04035):	chicken(0.10926)	sauc(0.07071)	bread(0.05299)	pasta(0.02320)	perfect(0.02014)	flavor(0.01974)	delici(0.01764)	dress(0.01631)	dish(0.01318)	side(0.01191)	serv(0.01158)	crispi(0.01103)	tender(0.01070)	plate(0.00974)	bake(0.00941)	piec(0.00863)	spinach(0.00763)	garlic(0.00710)	finger(0.00694)	restaur(0.00680)	cook(0.00655)	warm(0.00646)	tast(0.00638)	sweet(0.00620)	moist(0.00609)	size(0.00568)	groupon(0.00564)	strip(0.00540)	creami(0.00497)	bite(0.00491)	
Topic 5(0.04474):	amaz(0.05832)	time(0.02022)	beauti(0.01781)	vega(0.01756)	best(0.01501)	seat(0.01482)	expect(0.01417)	water(0.01247)	recommend(0.01187)	cirqu(0.01138)	perform(0.01096)	favorit(0.01056)	stori(0.01051)	year(0.01041)	feel(0.01004)	review(0.00972)	point(0.00958)	experi(0.00926)	incred(0.00921)	stage(0.00878)	month(0.00854)	product(0.00849)	bore(0.00831)	definit(0.00809)	spend(0.00789)	moment(0.00755)	impress(0.00745)	funni(0.00714)	star(0.00709)	money(0.00708)	
Topic 6(0.04501):	tabl(0.08334)	restaur(0.04208)	dine(0.03103)	dinner(0.03069)	experi(0.02740)	wine(0.02308)	seat(0.02264)	reserv(0.02169)	waiter(0.02124)	glass(0.01976)	brought(0.01963)	birthday(0.01490)	manag(0.01350)	start(0.01344)	wife(0.01157)	night(0.01155)	arriv(0.01069)	appet(0.00969)	hostess(0.00951)	card(0.00909)	water(0.00856)	receiv(0.00833)	friend(0.00790)	attent(0.00771)	return(0.00746)	offer(0.00718)	time(0.00710)	request(0.00683)	fine(0.00628)	booth(0.00611)	
Topic 7(0.03489):	fast(0.03718)	onion(0.02352)	joint(0.02161)	shake(0.02132)	price(0.01549)	pretti(0.01531)	tast(0.01354)	side(0.01199)	doubl(0.01138)	sweet-potato(0.01086)	ring(0.01035)	patti(0.00979)	soda(0.00890)	vega(0.00868)	shack(0.00832)	peopl(0.00829)	fast-food(0.00826)	pickl(0.00824)	restaur(0.00814)	size(0.00812)	blue(0.00771)	friend(0.00767)	west(0.00766)	potato-fri(0.00694)	expect(0.00666)	pink(0.00623)	coke(0.00615)	white(0.00610)	east(0.00609)	korean(0.00602)	
Topic 8(0.03714):	select(0.06333)	excel(0.03398)	small(0.02788)	uniqu(0.01666)	choos(0.01625)	prepar(0.01622)	price(0.01585)	stuff(0.01567)	prime(0.01450)	plate(0.01396)	short(0.01357)	time(0.01333)	impress(0.01196)	best(0.01048)	choic(0.01008)	delici(0.00940)	spoon(0.00924)	prime-rib(0.00915)	friend(0.00894)	option(0.00852)	offer(0.00848)	pick(0.00808)	serv(0.00801)	definit(0.00787)	recommend(0.00723)	station(0.00718)	desert(0.00704)	interest(0.00653)	consid(0.00651)	cost(0.00644)	
Topic 9(0.05362):	strip(0.05709)	vega(0.05053)	casino(0.04831)	hotel(0.04045)	stay(0.03594)	view(0.01943)	room(0.01913)	las-vega(0.01907)	pool(0.01588)	walk(0.01358)	restaur(0.01236)	shop(0.01163)	fountain(0.00842)	gambl(0.00817)	resort(0.00808)	valet(0.00706)	citi(0.00705)	properti(0.00703)	park(0.00689)	airport(0.00677)	aria(0.00668)	slot(0.00652)	modern(0.00648)	caesar(0.00635)	tower(0.00629)	easi(0.00621)	conveni(0.00605)	trip(0.00561)	street(0.00528)	locat(0.00508)	
Topic 10(0.04254):	room(0.07634)	night(0.05204)	club(0.03109)	peopl(0.01762)	door(0.01693)	crowd(0.01532)	loung(0.01321)	area(0.01240)	open(0.01109)	danc(0.01093)	space(0.01093)	stay(0.00971)	relax(0.00908)	small(0.00893)	parti(0.00883)	bottl(0.00867)	suit(0.00861)	work(0.00821)	walk(0.00817)	clean(0.00738)	smell(0.00702)	water(0.00698)	pool(0.00667)	time(0.00639)	cover(0.00627)	shower(0.00592)	vega(0.00565)	class(0.00550)	pack(0.00548)	book(0.00543)	
Topic 11(0.03891):	lunch(0.08144)	pretti(0.06641)	buffet(0.06637)	pretti-good(0.03159)	varieti(0.02784)	price(0.02545)	option(0.02255)	offer(0.01970)	dinner(0.01961)	plate(0.01815)	asian(0.01739)	best(0.01447)	fair(0.01422)	cart(0.00843)	averag(0.00824)	includ(0.00818)	dish(0.00802)	indian(0.00772)	standard(0.00772)	time(0.00761)	vega(0.00759)	tast(0.00725)	ball(0.00706)	compar(0.00638)	favorit(0.00629)	deal(0.00619)	rice(0.00605)	station(0.00583)	yelper(0.00582)	choic(0.00515)	
Topic 12(0.03332):	breakfast(0.05027)	toast(0.03221)	pancak(0.03092)	french(0.03014)	waffl(0.02440)	brunch(0.02248)	cafe(0.01613)	serv(0.01533)	crepe(0.01454)	coffe(0.01308)	syrup(0.01158)	french-toast(0.00975)	honey(0.00962)	delici(0.00938)	benedict(0.00844)	sausag(0.00775)	friend(0.00773)	banana(0.00765)	brown(0.00699)	omelet(0.00677)	velvet(0.00664)	earli(0.00646)	fluffi(0.00592)	cute(0.00588)	fill(0.00584)	bouchon(0.00571)	stack(0.00558)	choic(0.00554)	mimosa(0.00551)	countri(0.00536)	
Topic 13(0.03113):	taco(0.05041)	chip(0.03579)	mexican(0.02236)	flavor(0.01985)	bean(0.01951)	dish(0.01622)	burrito(0.01342)	restaur(0.01338)	tortilla(0.01297)	serv(0.01206)	nacho(0.01136)	margarita(0.01038)	sour(0.00988)	delici(0.00981)	tast(0.00919)	sauc(0.00903)	fusion(0.00851)	corn(0.00833)	ingredi(0.00831)	asada(0.00774)	bite(0.00758)	carn(0.00734)	guacamol(0.00734)	cilantro(0.00653)	mexican-food(0.00643)	carn-asada(0.00608)	best(0.00571)	chipotl(0.00561)	jalapeno(0.00509)	sweet(0.00500)	
Topic 14(0.05388):	wait(0.10234)	time(0.10208)	NUM-minut(0.03757)	peopl(0.02894)	custom(0.02274)	busi(0.02262)	star(0.02197)	call(0.01969)	told(0.01721)	final(0.01519)	walk(0.01184)	parti(0.01179)	seat(0.01166)	problem(0.00892)	close(0.00861)	custom-servic(0.00806)	tabl(0.00779)	friend(0.00769)	work(0.00758)	horribl(0.00720)	suck(0.00704)	arriv(0.00695)	NUM-min(0.00689)	readi(0.00686)	second(0.00659)	review(0.00648)	pretti(0.00600)	manag(0.00599)	waitress(0.00596)	forgot(0.00587)	
Topic 15(0.03707):	super(0.03763)	side(0.03443)	review(0.03359)	friend(0.03179)	read(0.02340)	smoke(0.01821)	time(0.01664)	best(0.01570)	pull(0.01521)	vega(0.01214)	pretti(0.01196)	staff(0.01175)	damn(0.01129)	rave(0.01051)	brisket(0.00997)	work(0.00973)	peopl(0.00951)	complaint(0.00936)	drive(0.00752)	star(0.00741)	super-friend(0.00728)	type(0.00711)	wall(0.00690)	recommend(0.00679)	thought(0.00679)	bring(0.00670)	las-vega(0.00667)	combo(0.00654)	care(0.00632)	post(0.00632)	
Topic 16(0.03343):	roll(0.08287)	sushi(0.07607)	fish(0.05122)	salmon(0.03263)	tuna(0.02922)	special(0.02013)	chef(0.01921)	favorit(0.01642)	sashimi(0.01310)	nigiri(0.01213)	piec(0.01099)	restaur(0.01037)	appet(0.01032)	tapa(0.01030)	spici(0.01001)	sake(0.00875)	popcorn(0.00803)	sauc(0.00797)	tast(0.00729)	wrap(0.00646)	time(0.00596)	dinner(0.00579)	cucumb(0.00482)	definit(0.00473)	price(0.00468)	ayc-sushi(0.00458)	includ(0.00457)	flavor(0.00439)	friend(0.00433)	rice(0.00418)	
Topic 17(0.03551):	rice(0.06331)	dish(0.04633)	thai(0.04275)	curri(0.03537)	restaur(0.03253)	chicken(0.02997)	flavor(0.02090)	spici(0.01927)	spice(0.01883)	beef(0.01559)	chines(0.01444)	fri-rice(0.01349)	wing(0.01286)	duck(0.01143)	sweet(0.01054)	sauc(0.00974)	tast(0.00901)	pad-thai(0.00775)	lunch-special(0.00734)	authent(0.00700)	special(0.00695)	crispi(0.00672)	best(0.00667)	yellow(0.00606)	delici(0.00605)	arepa(0.00594)	chicken-wing(0.00593)	asian(0.00590)	definit(0.00540)	lunch(0.00506)	
Topic 18(0.03430):	shop(0.04188)	coffe(0.03602)	flavor(0.02311)	drink(0.02251)	tast(0.01613)	boba(0.01523)	small(0.01397)	spring(0.01313)	find(0.01152)	valley(0.01131)	sweet(0.01083)	cute(0.01053)	snack(0.00970)	real(0.00935)	time(0.00911)	perfect(0.00875)	favorit(0.00859)	market(0.00846)	card(0.00780)	ranch(0.00768)	mountain(0.00744)	best(0.00739)	plaza(0.00736)	locat(0.00734)	smoothi(0.00724)	brew(0.00696)	snow(0.00695)	black(0.00671)	shave(0.00668)	insid(0.00638)	
Topic 19(0.04807):	locat(0.07805)	area(0.05195)	park(0.05092)	town(0.04412)	store(0.03263)	spot(0.02938)	find(0.02411)	local(0.02219)	rock(0.02100)	vega(0.01844)	downtown(0.01747)	open(0.01527)	walk(0.01449)	reason(0.01416)	outdoor(0.01241)	time(0.01144)	insid(0.01144)	las-vega(0.01122)	clean(0.01055)	restaur(0.01031)	busi(0.00998)	famili(0.00979)	squar(0.00924)	pretti(0.00798)	street(0.00769)	year(0.00768)	shop(0.00743)	price(0.00737)	easi(0.00702)	red-rock(0.00626)	
Topic 20(0.03462):	yelp(0.04187)	star(0.03188)	beef(0.02097)	time(0.01447)	generous(0.01351)	split(0.01284)	turkey(0.01082)	return(0.01058)	price(0.01044)	deli(0.01041)	bite(0.01005)	size(0.00937)	review(0.00914)	tast(0.00914)	hungri(0.00911)	best(0.00908)	corn(0.00901)	heard(0.00889)	today(0.00856)	delici(0.00825)	friend(0.00810)	share(0.00801)	open(0.00765)	definit(0.00754)	challeng(0.00739)	stick(0.00713)	side(0.00709)	factori(0.00668)	roast(0.00639)	fill(0.00626)	
Topic 21(0.03971):	pork(0.05978)	soup(0.05369)	ramen(0.04227)	bowl(0.03332)	beef(0.02466)	spici(0.02272)	broth(0.02144)	belli(0.02022)	korean(0.01952)	cook(0.01774)	flavor(0.01514)	pork-belli(0.01458)	tofu(0.01390)	rice(0.01090)	tast(0.01030)	dish(0.00964)	monta(0.00807)	extra(0.00798)	side(0.00761)	marin(0.00721)	piec(0.00703)	steam(0.00696)	small(0.00690)	sauc(0.00655)	side-dish(0.00585)	veggi(0.00584)	tender(0.00491)	short(0.00487)	bulgogi(0.00486)	short-rib(0.00483)	
Topic 22(0.03933):	definit(0.05860)	time(0.03783)	friend(0.03708)	favorit(0.02416)	delici(0.01863)	side(0.01860)	feel(0.01575)	spot(0.01550)	healthi(0.01529)	hawaiian(0.01360)	poke(0.01196)	cold(0.01165)	yeah(0.01093)	crave(0.01060)	pretti(0.01008)	wrap(0.00995)	talk(0.00970)	counter(0.00879)	satisfi(0.00818)	vegan(0.00804)	tast(0.00765)	excit(0.00763)	thought(0.00701)	serious(0.00693)	recommend(0.00692)	serv(0.00685)	best(0.00671)	teriyaki(0.00671)	work(0.00668)	weird(0.00629)	
Topic 23(0.04390):	cream(0.06421)	chocol(0.05194)	cake(0.04559)	ice-cream(0.03374)	sweet(0.03274)	flavor(0.02636)	cooki(0.01756)	strawberri(0.01249)	tast(0.01235)	vanilla(0.01161)	pastri(0.01152)	appl(0.01119)	donut(0.01111)	sugar(0.00958)	custard(0.00944)	banana(0.00941)	gelato(0.00878)	frozen(0.00759)	peanut(0.00701)	bakeri(0.00680)	treat(0.00625)	cupcak(0.00594)	raspberri(0.00571)	tart(0.00564)	macaron(0.00564)	creami(0.00546)	white(0.00538)	peanut-butter(0.00523)	fill(0.00508)	delici(0.00460)	
Topic 24(0.03996):	steak(0.05577)	perfect(0.02474)	cours(0.02325)	cook(0.02012)	dish(0.01795)	tast(0.01762)	lobster(0.01495)	mushroom(0.01417)	rare(0.01298)	side(0.01199)	serv(0.01150)	medium(0.00950)	restaur(0.00930)	flavor(0.00917)	truffl(0.00913)	mash-potato(0.00877)	filet(0.00862)	bread(0.00853)	chef(0.00828)	scallop(0.00803)	tender(0.00764)	foie-gras(0.00729)	ribey(0.00688)	best(0.00687)	start(0.00685)	beef(0.00643)	excel(0.00640)	steakhous(0.00639)	plate(0.00610)	rich(0.00591)	
244 users are loaded from /zf18/ll5fy/lab/dataset/yelp/byUser_70k_review/5foldsCVColdstart/1/...
260 users are loaded from /zf18/ll5fy/lab/dataset/yelp/byUser_70k_review/5foldsCVColdstart/0/...
266 users are loaded from /zf18/ll5fy/lab/dataset/yelp/byUser_70k_review/5foldsCVColdstart/2/...
264 users are loaded from /zf18/ll5fy/lab/dataset/yelp/byUser_70k_review/5foldsCVColdstart/3/...
256 users are loaded from /zf18/ll5fy/lab/dataset/yelp/byUser_70k_review/5foldsCVColdstart/4/...
====================
[Info]Fold No. 1: 
[Info]Analzying corpus: 
...........-- Global corpus: vocabulary size: 6134, review size: 15843, item size: 861, user size: 861
train size = 13268, test size = 2575....
[Info]Analying bipartie graph: 
-- train graph: review size: 13268, item size: 732, user size: 782
[Info]EM Starting multithread LDA_Focus[k:25, alpha:1.01, beta:1.00, Variational]...
==============
[Info]Likelihood -3452728.40952 at step 0 converge to 1.0000000000...
==============
[Info]Likelihood -3451558.77005 at step 1 converge to 0.0003387580...
==============
[Info]Likelihood -3450396.09366 at step 2 converge to 0.0003368555...
==============
[Info]Likelihood -3449231.51195 at step 3 converge to 0.0003375212...
==============
[Info]Likelihood -3448033.80049 at step 4 converge to 0.0003472401...
==============
[Info]Likelihood -3446680.08520 at step 5 converge to 0.0003926050...
==============
[Info]Likelihood -3444942.55553 at step 6 converge to 0.0005041169...
==============
[Info]Likelihood -3442147.34274 at step 7 converge to 0.0008113961...
==============
[Info]Likelihood -3435141.60887 at step 8 converge to 0.0020352801...
==============
[Info]Likelihood -3413048.15323 at step 9 converge to 0.0064315997...
==============
[Info]Likelihood -3369138.05119 at step 10 converge to 0.0128653626...
==============
[Info]Likelihood -3317154.59327 at step 11 converge to 0.0154293048...
==============
[Info]Likelihood -3265322.44055 at step 12 converge to 0.0156254860...
==============
[Info]Likelihood -3220718.49301 at step 13 converge to 0.0136598907...
==============
[Info]Likelihood -3185752.11711 at step 14 converge to 0.0108567004...
==============
[Info]Likelihood -3159083.49792 at step 15 converge to 0.0083712160...
==============
[Info]Likelihood -3138238.58138 at step 16 converge to 0.0065984063...
==============
[Info]Likelihood -3121359.14491 at step 17 converge to 0.0053786339...
==============
[Info]Likelihood -3107248.43401 at step 18 converge to 0.0045206944...
==============
[Info]Likelihood -3095183.45486 at step 19 converge to 0.0038828499...
==============
[Info]Likelihood -3084711.02971 at step 20 converge to 0.0033834586...
==============
[Info]Likelihood -3075510.91264 at step 21 converge to 0.0029824891...
==============
[Info]Likelihood -3067303.73844 at step 22 converge to 0.0026685564...
==============
[Info]Likelihood -3059841.36639 at step 23 converge to 0.0024328768...
==============
[Info]Likelihood -3052971.40366 at step 24 converge to 0.0022452023...
==============
[Info]Likelihood -3046623.03781 at step 25 converge to 0.0020794056...
==============
[Info]Likelihood -3040705.02500 at step 26 converge to 0.0019424828...
==============
[Info]Likelihood -3035158.17547 at step 27 converge to 0.0018241985...
==============
[Info]Likelihood -3029938.90149 at step 28 converge to 0.0017196053...
==============
[Info]Likelihood -3025004.24990 at step 29 converge to 0.0016286307...
[Info]Likelihood -3025004.250 after step 30 converge to 0.001629 after 84 seconds...
[Info]Analying bipartie graph: 
-- test graph: review size: 2575, item size: 179, user size: 244
[Info]Start evaluation in thread
[Stat]Test evaluation finished: 2575 docs
[Stat]0 part has 746.000000 docs: perplexity is 1001.451 and log-likelihood is -332.188
[Stat]1 part has 193.000000 docs: perplexity is 1084.339 and log-likelihood is -326.225
[Stat]2 part has 1220.000000 docs: perplexity is 1061.306 and log-likelihood is -321.276
[Stat]3 part has 416.000000 docs: perplexity is 1042.908 and log-likelihood is -316.265
[Stat]4 part has 2575.000000 docs: perplexity is 1041.865 and log-likelihood is -323.999
[Info]multithread LDA_Focus[k:25, alpha:1.01, beta:1.00, Variational] Train/Test finished in 86.53 seconds...
TopWord FilePath:/zf18/ll5fy/lab/dataset/yelp/byUser_70k_review/output/5foldsCVColdstart/1/LDA_User_topWords_25.txt
Topic 0(0.03354):	cours(0.03154)	dish(0.02309)	flavor(0.01622)	tast(0.01522)	chef(0.01415)	sweet(0.01386)	serv(0.01173)	appl(0.01132)	donut(0.01116)	rich(0.00975)	creami(0.00884)	pair(0.00877)	bite(0.00860)	foie-gras(0.00853)	textur(0.00802)	creme(0.00772)	experi(0.00733)	perfect(0.00700)	plate(0.00658)	salt(0.00656)	crispi(0.00571)	truffl(0.00536)	savori(0.00524)	week(0.00517)	warm(0.00515)	pure(0.00501)	best(0.00498)	kitchen(0.00495)	brule(0.00488)	beauti(0.00480)	
Topic 1(0.05636):	music(0.02966)	seat(0.02616)	crowd(0.02544)	play(0.02538)	night(0.02438)	peopl(0.02396)	watch(0.02375)	club(0.01862)	time(0.01736)	danc(0.01415)	ticket(0.01127)	entertain(0.00945)	cirqu(0.00892)	perform(0.00886)	drink(0.00811)	stage(0.00806)	cool(0.00799)	vega(0.00754)	venu(0.00751)	beauti(0.00652)	stori(0.00636)	loung(0.00604)	feel(0.00559)	band(0.00558)	year(0.00553)	area(0.00544)	space(0.00534)	concert(0.00527)	sound(0.00521)	month(0.00521)	
Topic 2(0.04065):	pretti(0.05646)	price(0.03736)	fast(0.03407)	shake(0.01898)	joint(0.01868)	expect(0.01557)	peopl(0.01553)	locat(0.01319)	kinda(0.01203)	doubl(0.01170)	overpr(0.01122)	standard(0.01091)	time(0.01086)	vega(0.00974)	pretti-good(0.00943)	strip(0.00832)	truck(0.00826)	year(0.00794)	patti(0.00794)	fast-food(0.00773)	soda(0.00763)	friend(0.00706)	shot(0.00656)	feel(0.00639)	cost(0.00635)	secret(0.00630)	wait(0.00629)	white(0.00622)	insid(0.00616)	cashier(0.00602)	
Topic 3(0.03575):	size(0.03951)	flavor(0.02964)	locat(0.02760)	time(0.02486)	black(0.02139)	small(0.01540)	bean(0.01388)	spring(0.01163)	ball(0.01156)	find(0.01137)	today(0.01136)	type(0.01055)	market(0.01038)	price(0.01024)	definit(0.01021)	snow(0.01013)	review(0.00966)	care(0.00964)	friend(0.00944)	product(0.00910)	sort(0.00906)	best(0.00852)	reason(0.00820)	spot(0.00819)	treat(0.00817)	favorit(0.00813)	shave(0.00714)	feel(0.00693)	stuff(0.00669)	work(0.00640)	
Topic 4(0.03342):	roll(0.07726)	sushi(0.06625)	fish(0.05294)	salmon(0.03067)	tuna(0.02823)	chef(0.01891)	special(0.01880)	favorit(0.01403)	sashimi(0.01293)	piec(0.01160)	sauc(0.01067)	dinner(0.00954)	nigiri(0.00948)	sake(0.00916)	shrimp(0.00809)	time(0.00805)	appet(0.00792)	spici(0.00735)	definit(0.00665)	small(0.00581)	delici(0.00554)	wrap(0.00549)	rice(0.00528)	price(0.00514)	serv(0.00498)	scallop(0.00496)	start(0.00489)	deep-fri(0.00484)	miso-soup(0.00482)	deep(0.00464)	
Topic 5(0.03912):	happi(0.08538)	beer(0.06751)	happi-hour(0.04746)	taco(0.03929)	chip(0.03293)	drink(0.03190)	price(0.01955)	mexican(0.01776)	patio(0.01604)	nacho(0.01215)	tortilla(0.01095)	burrito(0.01066)	night(0.01033)	special(0.01019)	pretti(0.00991)	bean(0.00908)	margarita(0.00885)	friend(0.00868)	appet(0.00672)	guacamol(0.00655)	deal(0.00651)	sour(0.00606)	time(0.00576)	martini(0.00546)	friday(0.00509)	good-food(0.00502)	irish(0.00489)	craft(0.00472)	bartend(0.00464)	mexican-food(0.00435)	
Topic 6(0.04185):	steak(0.05764)	dinner(0.02893)	cook(0.02437)	perfect(0.02213)	wine(0.02201)	dine(0.02115)	bread(0.01802)	excel(0.01620)	rare(0.01385)	medium(0.01204)	waiter(0.01197)	lobster(0.01188)	mushroom(0.01064)	plate(0.01035)	filet(0.00979)	glass(0.00951)	serv(0.00923)	appet(0.00922)	brought(0.00867)	mash-potato(0.00864)	reserv(0.00824)	start(0.00819)	share(0.00756)	tapa(0.00743)	tabl(0.00710)	fine(0.00701)	side(0.00687)	restaur(0.00672)	delici(0.00668)	wife(0.00667)	
Topic 7(0.05729):	wait(0.05984)	time(0.03767)	NUM-minut(0.03113)	tabl(0.02426)	call(0.02083)	drink(0.02070)	told(0.02048)	seat(0.01778)	manag(0.01737)	peopl(0.01710)	custom(0.01409)	night(0.01394)	arriv(0.01394)	experi(0.01273)	final(0.01184)	reserv(0.01139)	walk(0.01077)	busi(0.01000)	bartend(0.00918)	card(0.00914)	waitress(0.00880)	hostess(0.00874)	friend(0.00797)	start(0.00763)	waiter(0.00743)	slow(0.00743)	phone(0.00701)	readi(0.00689)	work(0.00656)	problem(0.00632)	
Topic 8(0.05822):	park(0.04934)	shop(0.04224)	store(0.03310)	locat(0.02925)	walk(0.02424)	find(0.02335)	vega(0.02150)	area(0.01930)	las-vega(0.01818)	street(0.01599)	rock(0.01439)	town(0.01394)	downtown(0.01329)	year(0.01221)	local(0.01150)	theater(0.01107)	drive(0.00948)	insid(0.00928)	squar(0.00800)	outdoor(0.00776)	easi(0.00751)	fremont(0.00647)	clean(0.00558)	sign(0.00556)	valley(0.00555)	red-rock(0.00551)	conveni(0.00517)	event(0.00516)	build(0.00504)	famili(0.00500)	
Topic 9(0.06078):	room(0.07669)	casino(0.04263)	stay(0.04099)	hotel(0.03968)	strip(0.03918)	vega(0.03008)	pool(0.01974)	view(0.01804)	night(0.01058)	machin(0.01029)	walk(0.00988)	area(0.00940)	suit(0.00828)	club(0.00816)	tower(0.00744)	gambl(0.00705)	elev(0.00686)	properti(0.00668)	resort(0.00653)	clean(0.00581)	book(0.00577)	fountain(0.00561)	wynn(0.00558)	slot(0.00554)	las-vega(0.00537)	venetian(0.00530)	beauti(0.00476)	locat(0.00471)	desk(0.00454)	valet(0.00448)	
Topic 10(0.03853):	drink(0.06726)	lunch(0.06540)	select(0.04891)	option(0.03456)	time(0.02206)	offer(0.01729)	choos(0.01645)	boba(0.01481)	price(0.01469)	best(0.01217)	varieti(0.01200)	tast(0.01130)	pretti(0.01075)	favorit(0.01070)	sweet(0.01031)	choic(0.00930)	mango(0.00888)	consist(0.00843)	indian(0.00837)	snack(0.00761)	prefer(0.00741)	reason(0.00702)	custom(0.00684)	brew(0.00683)	buck(0.00617)	town(0.00595)	impress(0.00590)	fill(0.00589)	feel(0.00586)	flavor(0.00572)	
Topic 11(0.03763):	cream(0.07802)	chocol(0.06277)	cake(0.05875)	ice-cream(0.04102)	sweet(0.03132)	cooki(0.02052)	strawberri(0.01987)	flavor(0.01811)	pastri(0.01578)	crepe(0.01504)	vanilla(0.01344)	sugar(0.01279)	tast(0.01225)	delici(0.01052)	bakeri(0.01016)	whip(0.00954)	macaron(0.00912)	french(0.00832)	white(0.00802)	bake(0.00790)	velvet(0.00741)	banana(0.00687)	croissant(0.00677)	whip-cream(0.00665)	perfect(0.00625)	gelato(0.00612)	fill(0.00606)	treat(0.00582)	chocol-cake(0.00551)	coconut(0.00549)	
Topic 12(0.03225):	soup(0.07340)	pork(0.07029)	ramen(0.04798)	bowl(0.04787)	broth(0.02779)	belli(0.02283)	pork-belli(0.01690)	extra(0.01672)	spici(0.01542)	flavor(0.01476)	time(0.01419)	small(0.01250)	tast(0.01235)	cook(0.01111)	beef(0.01058)	tofu(0.00870)	base(0.00850)	monta(0.00831)	thin(0.00827)	piec(0.00817)	noodl-soup(0.00747)	dumpl(0.00662)	cold(0.00660)	slice(0.00641)	friend(0.00577)	thought(0.00577)	pretti(0.00514)	wait(0.00496)	tender(0.00496)	fatti(0.00483)	
Topic 13(0.03448):	side(0.09023)	sauc(0.03553)	flavor(0.02042)	corn(0.01802)	tast(0.01711)	onion(0.01573)	juici(0.01494)	delici(0.01484)	pull(0.01352)	time(0.01295)	bread(0.01214)	tender(0.01088)	definit(0.01065)	season(0.00993)	serv(0.00992)	combo(0.00984)	finish(0.00859)	famous(0.00808)	pretti(0.00794)	best(0.00722)	beef(0.00701)	bland(0.00686)	plate(0.00647)	smoke(0.00625)	brisket(0.00606)	burnt(0.00570)	groupon(0.00551)	bean(0.00550)	bite(0.00546)	start(0.00543)	
Topic 14(0.03422):	sweet(0.03026)	veggi(0.02924)	bread(0.01957)	star(0.01897)	truffl(0.01528)	tast(0.01500)	pretti(0.01429)	definit(0.01409)	pickl(0.01367)	rate(0.01276)	sweet-potato(0.01253)	time(0.01252)	soft(0.01249)	fill(0.01183)	delici(0.01145)	friend(0.01054)	onion(0.01034)	beef(0.01020)	perfect(0.00936)	vegetarian(0.00901)	potato-fri(0.00814)	flavor(0.00792)	review(0.00779)	soggi(0.00744)	vietnames(0.00724)	special(0.00723)	crunchi(0.00701)	solid(0.00688)	bite(0.00623)	apart(0.00598)	
Topic 15(0.04248):	friend(0.05828)	coffe(0.04233)	staff(0.03077)	super(0.02806)	drink(0.02312)	wall(0.02004)	cafe(0.01914)	work(0.01891)	cute(0.01874)	cool(0.01779)	spot(0.01626)	counter(0.01531)	time(0.01236)	vibe(0.01143)	open(0.00877)	definit(0.00872)	bring(0.00862)	area(0.00861)	feel(0.00861)	vegan(0.00812)	small(0.00786)	healthi(0.00771)	color(0.00746)	smile(0.00701)	relax(0.00697)	pleasant(0.00668)	interior(0.00664)	super-friend(0.00647)	smoothi(0.00640)	beverag(0.00636)	
Topic 16(0.03129):	chicken(0.16368)	sauc(0.03010)	wing(0.02784)	time(0.01627)	blue(0.01608)	serv(0.01248)	crispi(0.01241)	finger(0.01091)	perfect(0.00934)	chicken-wing(0.00904)	kitchen(0.00846)	piec(0.00801)	friend(0.00795)	tabl(0.00690)	tender(0.00669)	season(0.00667)	blue-chees(0.00656)	rais(0.00632)	buffalo(0.00626)	strip(0.00612)	french-fri(0.00611)	delici(0.00605)	insid(0.00580)	tast(0.00559)	thought(0.00550)	small(0.00549)	start(0.00533)	best(0.00533)	wife(0.00521)	dress(0.00520)	
Topic 17(0.03976):	amaz(0.05506)	star(0.04902)	time(0.03150)	delici(0.02912)	friend(0.02904)	tast(0.01576)	cold(0.01538)	lobster(0.01532)	fantast(0.01489)	oyster(0.01435)	generous(0.01275)	extrem(0.01176)	clam(0.01130)	return(0.01088)	flavor(0.01028)	popcorn(0.01014)	recommend(0.00998)	definit(0.00991)	amount(0.00944)	wait(0.00926)	appet(0.00918)	peopl(0.00812)	expect(0.00802)	small(0.00779)	thought(0.00756)	bill(0.00735)	serv(0.00729)	review(0.00647)	pretti(0.00643)	pricey(0.00623)	
Topic 18(0.03230):	pizza(0.08767)	pasta(0.02568)	sauc(0.02325)	crust(0.01985)	italian(0.01916)	slice(0.01740)	oliv(0.01387)	sausag(0.01312)	garlic(0.01304)	bread(0.01199)	style(0.01155)	mushroom(0.01137)	thin(0.01131)	meatbal(0.01090)	ingredi(0.01053)	dress(0.00799)	deli(0.00778)	mozzarella(0.00772)	york(0.00740)	tast(0.00715)	perfect(0.00665)	white(0.00654)	chicago(0.00636)	spinach(0.00604)	parmesan(0.00595)	caesar(0.00595)	oven(0.00569)	oliv-oil(0.00547)	serv(0.00547)	deep(0.00525)	
Topic 19(0.03204):	breakfast(0.05745)	pancak(0.02865)	toast(0.02807)	brunch(0.02473)	french(0.01769)	waffl(0.01418)	time(0.01249)	wait(0.01234)	sausag(0.01188)	serv(0.01026)	delici(0.00983)	french-toast(0.00935)	syrup(0.00877)	banana(0.00872)	benedict(0.00867)	definit(0.00845)	friend(0.00788)	brown(0.00771)	choic(0.00765)	spot(0.00743)	omelet(0.00740)	earli(0.00713)	favorit(0.00684)	review(0.00676)	omelett(0.00666)	waitress(0.00655)	best(0.00655)	seat(0.00650)	recommend(0.00641)	stack(0.00631)	
Topic 20(0.03499):	buffet(0.07941)	crab(0.04813)	seafood(0.03067)	dinner(0.02389)	station(0.02255)	price(0.02102)	shrimp(0.01718)	best(0.01653)	prime(0.01610)	time(0.01547)	pretti(0.01260)	crab-leg(0.01158)	prime-rib(0.01158)	vega(0.01154)	plate(0.01056)	offer(0.01055)	asian(0.01027)	money(0.00885)	year(0.00862)	spoon(0.00792)	save(0.00786)	select(0.00766)	deal(0.00766)	wait(0.00726)	varieti(0.00712)	night(0.00696)	peopl(0.00668)	pass(0.00657)	fair(0.00624)	crawfish(0.00622)	
Topic 21(0.03737):	tabl(0.06988)	short(0.02971)	definit(0.02787)	parti(0.02652)	time(0.02541)	friend(0.02199)	korean(0.02024)	experi(0.01889)	famili(0.01515)	water(0.01488)	beef(0.01237)	pretti(0.01223)	busi(0.01150)	feel(0.01133)	attent(0.01066)	cook(0.01004)	short-rib(0.00990)	round(0.00987)	afternoon(0.00971)	boyfriend(0.00904)	cart(0.00849)	includ(0.00842)	peopl(0.00826)	marin(0.00776)	side(0.00776)	recommend(0.00766)	combo(0.00677)	star(0.00657)	vega(0.00655)	price(0.00654)	
Topic 22(0.03601):	rice(0.07771)	spici(0.04240)	dish(0.03360)	sauc(0.03359)	shrimp(0.02803)	beef(0.02606)	curri(0.02211)	flavor(0.02008)	chicken(0.01783)	chines(0.01776)	spice(0.01727)	plate(0.01669)	style(0.01486)	fri-rice(0.01472)	garlic(0.01328)	hawaiian(0.01284)	lunch(0.01222)	asian(0.01222)	crispi(0.01086)	veget(0.01083)	special(0.01045)	poke(0.00940)	serv(0.00854)	duck(0.00852)	lunch-special(0.00758)	white(0.00615)	delici(0.00595)	steam(0.00586)	teriyaki(0.00560)	chop(0.00550)	
Topic 23(0.04058):	restaur(0.16672)	dish(0.05602)	thai(0.04582)	vega(0.03638)	best(0.03133)	favorit(0.02071)	las-vega(0.01739)	review(0.01438)	recommend(0.01407)	dine(0.01386)	definit(0.01237)	town(0.01107)	curri(0.00951)	time(0.00917)	authent(0.00761)	pad-thai(0.00755)	locat(0.00705)	high-recommend(0.00657)	uniqu(0.00657)	reason(0.00631)	star(0.00617)	averag(0.00590)	thai-restaur(0.00532)	duck(0.00520)	area(0.00519)	small(0.00514)	price(0.00482)	pretti(0.00470)	feel(0.00463)	archi(0.00447)	
Topic 24(0.03909):	time(0.03877)	yelp(0.03587)	total(0.03521)	open(0.03009)	coupl(0.01885)	wine(0.01625)	cool(0.01573)	smell(0.01396)	price(0.01376)	tast(0.01370)	frozen(0.01342)	rememb(0.01314)	thought(0.01084)	custard(0.01084)	pretti(0.01049)	bottl(0.01044)	cupcak(0.01042)	door(0.01001)	damn(0.00968)	friend(0.00944)	heard(0.00886)	alcohol(0.00882)	serious(0.00828)	best(0.00792)	gonna(0.00766)	week(0.00751)	super(0.00723)	close(0.00704)	crazi(0.00704)	year(0.00703)	
266 users are loaded from /zf18/ll5fy/lab/dataset/yelp/byUser_70k_review/5foldsCVColdstart/2/...
260 users are loaded from /zf18/ll5fy/lab/dataset/yelp/byUser_70k_review/5foldsCVColdstart/0/...
244 users are loaded from /zf18/ll5fy/lab/dataset/yelp/byUser_70k_review/5foldsCVColdstart/1/...
264 users are loaded from /zf18/ll5fy/lab/dataset/yelp/byUser_70k_review/5foldsCVColdstart/3/...
256 users are loaded from /zf18/ll5fy/lab/dataset/yelp/byUser_70k_review/5foldsCVColdstart/4/...
====================
[Info]Fold No. 2: 
[Info]Analzying corpus: 
...........-- Global corpus: vocabulary size: 6134, review size: 15843, item size: 861, user size: 861
train size = 12778, test size = 3065....
[Info]Analying bipartie graph: 
-- train graph: review size: 12778, item size: 702, user size: 773
[Info]EM Starting multithread LDA_Focus[k:25, alpha:1.01, beta:1.00, Variational]...
==============
[Info]Likelihood -3225662.05835 at step 0 converge to 1.0000000000...
==============
[Info]Likelihood -3224547.17922 at step 1 converge to 0.0003456280...
==============
[Info]Likelihood -3223439.21270 at step 2 converge to 0.0003436038...
==============
[Info]Likelihood -3222330.53890 at step 3 converge to 0.0003439413...
==============
[Info]Likelihood -3221196.32697 at step 4 converge to 0.0003519850...
==============
[Info]Likelihood -3219923.82862 at step 5 converge to 0.0003950391...
==============
[Info]Likelihood -3218079.15939 at step 6 converge to 0.0005728922...
==============
[Info]Likelihood -3213684.99305 at step 7 converge to 0.0013654625...
==============
[Info]Likelihood -3199969.46420 at step 8 converge to 0.0042678510...
==============
[Info]Likelihood -3166201.42318 at step 9 converge to 0.0105526135...
==============
[Info]Likelihood -3122492.11157 at step 10 converge to 0.0138049687...
==============
[Info]Likelihood -3073505.25481 at step 11 converge to 0.0156883845...
==============
[Info]Likelihood -3025867.28606 at step 12 converge to 0.0154995566...
==============
[Info]Likelihood -2986968.51395 at step 13 converge to 0.0128554125...
==============
[Info]Likelihood -2956968.58139 at step 14 converge to 0.0100436052...
==============
[Info]Likelihood -2933433.69191 at step 15 converge to 0.0079591273...
==============
[Info]Likelihood -2914498.76655 at step 16 converge to 0.0064548674...
==============
[Info]Likelihood -2898926.93747 at step 17 converge to 0.0053428841...
==============
[Info]Likelihood -2885843.05540 at step 18 converge to 0.0045133535...
==============
[Info]Likelihood -2874577.63701 at step 19 converge to 0.0039036837...
==============
[Info]Likelihood -2864617.87391 at step 20 converge to 0.0034647744...
==============
[Info]Likelihood -2855597.87637 at step 21 converge to 0.0031487612...
==============
[Info]Likelihood -2847263.82076 at step 22 converge to 0.0029184976...
==============
[Info]Likelihood -2839476.89684 at step 23 converge to 0.0027348797...
==============
[Info]Likelihood -2832195.66488 at step 24 converge to 0.0025642864...
==============
[Info]Likelihood -2825379.14634 at step 25 converge to 0.0024067965...
==============
[Info]Likelihood -2819015.63825 at step 26 converge to 0.0022522670...
==============
[Info]Likelihood -2813089.17570 at step 27 converge to 0.0021023163...
==============
[Info]Likelihood -2807584.12805 at step 28 converge to 0.0019569403...
==============
[Info]Likelihood -2802492.82577 at step 29 converge to 0.0018134104...
[Info]Likelihood -2802492.826 after step 30 converge to 0.001813 after 75 seconds...
[Info]Analying bipartie graph: 
-- test graph: review size: 3065, item size: 207, user size: 266
[Info]Start evaluation in thread
[Stat]Test evaluation finished: 3065 docs
[Stat]0 part has 769.000000 docs: perplexity is 1019.972 and log-likelihood is -325.162
[Stat]1 part has 178.000000 docs: perplexity is 997.410 and log-likelihood is -341.456
[Stat]2 part has 1718.000000 docs: perplexity is 1059.630 and log-likelihood is -340.896
[Stat]3 part has 400.000000 docs: perplexity is 1034.696 and log-likelihood is -363.597
[Stat]4 part has 3065.000000 docs: perplexity is 1042.745 and log-likelihood is -339.944
[Info]multithread LDA_Focus[k:25, alpha:1.01, beta:1.00, Variational] Train/Test finished in 76.66 seconds...
TopWord FilePath:/zf18/ll5fy/lab/dataset/yelp/byUser_70k_review/output/5foldsCVColdstart/2/LDA_User_topWords_25.txt
Topic 0(0.03411):	cake(0.05935)	chocol(0.05157)	sweet(0.03394)	cooki(0.02348)	pastri(0.01575)	pancak(0.01482)	delici(0.01390)	waffl(0.01324)	sugar(0.01315)	cupcak(0.01197)	bakeri(0.01111)	appl(0.01097)	velvet(0.01055)	tast(0.01037)	treat(0.00993)	strawberri(0.00985)	fill(0.00914)	donut(0.00851)	favorit(0.00837)	macaron(0.00832)	best(0.00814)	flavor(0.00730)	cream(0.00686)	bake(0.00684)	pick(0.00632)	heaven(0.00607)	savori(0.00590)	white(0.00588)	bite(0.00588)	croissant(0.00553)	
Topic 1(0.03242):	pork(0.06563)	beef(0.05308)	side(0.03321)	short(0.03073)	cook(0.02513)	korean(0.02437)	belli(0.02315)	combo(0.02010)	pork-belli(0.01764)	tender(0.01496)	sauc(0.01355)	pull(0.01336)	brisket(0.01131)	definit(0.01073)	spici(0.01054)	time(0.01043)	short-rib(0.01038)	marin(0.00857)	steam(0.00825)	favorit(0.00788)	side-dish(0.00746)	delici(0.00737)	tast(0.00702)	bulgogi(0.00692)	smoke(0.00680)	tongu(0.00677)	smell(0.00659)	friend(0.00625)	best(0.00613)	tabl(0.00612)	
Topic 2(0.04333):	tabl(0.04965)	super(0.04652)	amaz(0.04480)	recommend(0.04165)	wine(0.03422)	parti(0.03090)	reserv(0.02403)	waiter(0.02366)	start(0.02328)	glass(0.02202)	friend(0.02201)	water(0.02073)	staff(0.01884)	bottl(0.01688)	total(0.01683)	time(0.01615)	seat(0.01583)	buck(0.01246)	attent(0.01203)	peopl(0.01151)	dinner(0.01078)	definit(0.01061)	delici(0.01017)	high-recommend(0.00962)	experi(0.00925)	wait(0.00794)	NUM-buck(0.00777)	booth(0.00765)	night(0.00746)	fantast(0.00721)	
Topic 3(0.04343):	review(0.06823)	time(0.03823)	feel(0.03012)	open(0.02476)	friend(0.02165)	read(0.01651)	yelp(0.01569)	peopl(0.01560)	fact(0.01407)	spot(0.01372)	amaz(0.01371)	talk(0.01262)	face(0.01243)	definit(0.01180)	honest(0.01117)	work(0.01067)	reason(0.00972)	interest(0.00954)	serious(0.00947)	matter(0.00918)	thought(0.00891)	best(0.00880)	coupl(0.00844)	overpr(0.00836)	crazi(0.00784)	heart(0.00756)	weird(0.00738)	yeah(0.00698)	smile(0.00649)	surpris(0.00617)	
Topic 4(0.05136):	park(0.05838)	shop(0.05026)	store(0.03672)	area(0.03611)	find(0.03284)	walk(0.02546)	drive(0.01576)	easi(0.01346)	peopl(0.01146)	sign(0.01087)	clean(0.01048)	work(0.00988)	locat(0.00885)	insid(0.00877)	cool(0.00775)	space(0.00739)	airport(0.00736)	product(0.00723)	class(0.00677)	town(0.00674)	conveni(0.00612)	squar(0.00590)	month(0.00587)	stuff(0.00576)	holiday(0.00558)	garag(0.00523)	machin(0.00498)	brand(0.00495)	sell(0.00492)	groceri(0.00484)	
Topic 5(0.04163):	locat(0.08489)	time(0.04781)	lunch(0.04767)	definit(0.03265)	friend(0.02280)	local(0.02262)	best(0.02168)	town(0.01903)	favorit(0.01901)	special(0.01643)	plate(0.01444)	hawaiian(0.01383)	poke(0.01089)	year(0.01059)	bring(0.01003)	close(0.00996)	spot(0.00930)	price(0.00897)	satisfi(0.00880)	busi(0.00784)	famili(0.00776)	side(0.00722)	oxtail(0.00712)	chicken(0.00672)	hawaii(0.00642)	henderson(0.00641)	popular(0.00640)	reason(0.00638)	style(0.00620)	coupl(0.00597)	
Topic 6(0.05095):	wait(0.05673)	NUM-minut(0.03575)	time(0.03452)	custom(0.02520)	told(0.02510)	deal(0.02379)	call(0.02368)	manag(0.01959)	peopl(0.01648)	card(0.01612)	work(0.01475)	final(0.01309)	arriv(0.01114)	custom-servic(0.00937)	money(0.00907)	tabl(0.00872)	walk(0.00793)	seat(0.00771)	bill(0.00749)	point(0.00703)	paid(0.00681)	NUM-pm(0.00674)	second(0.00669)	receiv(0.00645)	phone(0.00643)	waitress(0.00639)	offer(0.00638)	understand(0.00596)	busi(0.00592)	rude(0.00558)	
Topic 7(0.03436):	dish(0.05608)	flavor(0.03979)	tast(0.02490)	chef(0.02298)	sauc(0.02169)	perfect(0.01889)	serv(0.01556)	salt(0.01455)	bite(0.01324)	textur(0.01232)	salmon(0.01117)	crispi(0.01084)	mouth(0.00931)	sweet(0.00872)	season(0.00847)	delici(0.00823)	restaur(0.00736)	tofu(0.00705)	dress(0.00669)	mushroom(0.00624)	black(0.00605)	sear(0.00596)	start(0.00596)	crunchi(0.00596)	tender(0.00580)	creami(0.00562)	pair(0.00560)	cours(0.00537)	combin(0.00526)	foie-gras(0.00515)	
Topic 8(0.03684):	onion(0.03559)	side(0.02322)	delici(0.01957)	truffl(0.01797)	sweet(0.01772)	tast(0.01652)	juici(0.01570)	friend(0.01565)	option(0.01452)	wrap(0.01415)	healthi(0.01409)	sauc(0.01156)	definit(0.01156)	size(0.01138)	sweet-potato(0.01070)	perfect(0.01040)	ring(0.00914)	pickl(0.00913)	patti(0.00877)	time(0.00872)	veggi(0.00863)	season(0.00805)	american(0.00751)	flavor(0.00696)	potato-fri(0.00693)	cook(0.00648)	pita(0.00627)	choic(0.00590)	share(0.00588)	kitchen(0.00586)	
Topic 9(0.04093):	vega(0.13805)	las-vega(0.06202)	street(0.02208)	downtown(0.02074)	patio(0.01854)	insid(0.01789)	brunch(0.01578)	strip(0.01422)	earli(0.01361)	peopl(0.01309)	spot(0.01014)	fremont(0.00995)	time(0.00994)	restaur(0.00973)	play(0.00965)	trip(0.00952)	outdoor(0.00932)	cool(0.00918)	watch(0.00917)	best(0.00839)	open(0.00809)	experi(0.00766)	friend(0.00726)	machin(0.00724)	tabl(0.00672)	kitchen(0.00612)	find(0.00601)	area(0.00590)	peopl-watch(0.00553)	work(0.00519)	
Topic 10(0.04763):	drink(0.12439)	night(0.07075)	happi(0.06525)	beer(0.05489)	happi-hour(0.03334)	music(0.02560)	cool(0.02002)	bartend(0.01697)	crowd(0.01388)	play(0.01318)	friend(0.01255)	friday(0.01246)	price(0.01145)	danc(0.01072)	pretti(0.01071)	loung(0.00930)	saturday(0.00900)	martini(0.00821)	special(0.00765)	saturday-night(0.00680)	band(0.00640)	area(0.00634)	pack(0.00626)	local(0.00574)	time(0.00543)	peopl(0.00528)	friday-night(0.00502)	vibe(0.00494)	sport(0.00459)	monday(0.00458)	
Topic 11(0.03303):	pizza(0.09162)	slice(0.02759)	white(0.02571)	fast(0.02508)	shake(0.02046)	crust(0.01900)	sauc(0.01710)	style(0.01671)	thin(0.01284)	secret(0.01200)	garlic(0.01153)	sausag(0.01134)	york(0.00914)	fast-food(0.00892)	ingredi(0.00858)	shack(0.00840)	meatbal(0.00829)	tast(0.00756)	chicago(0.00715)	ranch(0.00706)	hot-dog(0.00683)	deep(0.00667)	italian(0.00641)	doubl(0.00624)	citi(0.00614)	mozzarella(0.00591)	small(0.00568)	pick(0.00561)	best(0.00557)	joint(0.00555)	
Topic 12(0.03019):	cream(0.07610)	ice-cream(0.04536)	cours(0.03244)	lobster(0.02130)	week(0.01647)	tast(0.01548)	excel(0.01546)	perfect(0.01460)	banana(0.01354)	flavor(0.01274)	warm(0.01192)	chocol(0.01163)	peanut(0.01145)	vanilla(0.01134)	creme(0.01075)	serv(0.00990)	frozen(0.00938)	custard(0.00912)	share(0.00867)	creami(0.00851)	sweet(0.00785)	spinach(0.00723)	brule(0.00710)	chose(0.00690)	peanut-butter(0.00684)	filet(0.00682)	fine(0.00653)	choic(0.00590)	restaur-week(0.00564)	creme-brule(0.00556)	
Topic 13(0.04147):	restaur(0.09418)	time(0.04682)	dine(0.04604)	experi(0.03366)	tabl(0.03230)	wait(0.03127)	rememb(0.02603)	friend(0.02197)	busi(0.01522)	expect(0.01433)	extrem(0.01396)	birthday(0.01396)	seat(0.01343)	dinner(0.01318)	readi(0.01229)	feel(0.01164)	hostess(0.01140)	felt(0.01111)	return(0.00939)	rush(0.00827)	area(0.00797)	dine-area(0.00647)	special(0.00642)	delici(0.00619)	factori(0.00607)	best(0.00607)	NUM-min(0.00599)	year(0.00585)	awhil(0.00577)	thought(0.00575)	
Topic 14(0.03201):	soup(0.07553)	ramen(0.05547)	bowl(0.04695)	extra(0.03163)	small(0.02917)	broth(0.02815)	time(0.01408)	monta(0.01175)	spici(0.01079)	piec(0.01052)	spring(0.01041)	size(0.00958)	tast(0.00908)	flavor(0.00862)	base(0.00860)	yelper(0.00788)	perfect(0.00763)	best(0.00739)	definit(0.00680)	mountain(0.00669)	wait(0.00662)	spot(0.00659)	noodl-soup(0.00655)	seat(0.00638)	cook(0.00616)	waitress(0.00585)	appet(0.00576)	friend(0.00563)	fill(0.00546)	cold(0.00539)	
Topic 15(0.05990):	room(0.07732)	casino(0.04321)	stay(0.04097)	hotel(0.03994)	strip(0.03264)	club(0.02608)	pool(0.01950)	view(0.01862)	walk(0.01265)	vega(0.01156)	night(0.00942)	suit(0.00869)	properti(0.00809)	area(0.00771)	elev(0.00755)	tower(0.00723)	gambl(0.00687)	resort(0.00669)	valet(0.00654)	slot(0.00606)	clean(0.00579)	book(0.00537)	wynn(0.00529)	beauti(0.00523)	desk(0.00518)	play(0.00513)	aria(0.00504)	door(0.00482)	shower(0.00478)	spacious(0.00460)	
Topic 16(0.04033):	chicken(0.08143)	rice(0.06418)	thai(0.04135)	dish(0.03619)	curri(0.03159)	sauc(0.02928)	spici(0.02651)	wing(0.01992)	restaur(0.01930)	chines(0.01472)	flavor(0.01353)	spice(0.01352)	fri-rice(0.01207)	lunch(0.01190)	crispi(0.01104)	duck(0.00958)	special(0.00942)	beef(0.00925)	asian(0.00855)	lunch-special(0.00809)	garlic(0.00788)	veggi(0.00766)	pad-thai(0.00711)	tast(0.00696)	fusion(0.00663)	veget(0.00637)	style(0.00596)	chicken-wing(0.00573)	delici(0.00510)	serv(0.00505)	
Topic 17(0.03473):	buffet(0.08764)	select(0.04920)	station(0.02685)	varieti(0.02579)	offer(0.02413)	price(0.02112)	seafood(0.02053)	dinner(0.01963)	lunch(0.01913)	prime(0.01773)	best(0.01660)	crab(0.01655)	option(0.01493)	crab-leg(0.01250)	prime-rib(0.01237)	includ(0.01146)	choic(0.01041)	asian(0.00956)	indian(0.00936)	plate(0.00703)	skip(0.00691)	time(0.00654)	pretti(0.00653)	stuff(0.00629)	salad-bar(0.00596)	veget(0.00565)	money(0.00543)	town(0.00506)	desert(0.00502)	pass(0.00490)	
Topic 18(0.03465):	flavor(0.04931)	coffe(0.04442)	drink(0.02476)	sweet(0.02075)	cute(0.01850)	tast(0.01683)	boba(0.01670)	honey(0.01636)	crepe(0.01616)	gelato(0.01186)	mango(0.01143)	coconut(0.01039)	ball(0.00954)	time(0.00923)	vegan(0.00886)	strawberri(0.00802)	smoothi(0.00782)	friend(0.00760)	best(0.00736)	real(0.00733)	black(0.00731)	offer(0.00726)	definit(0.00689)	favorit(0.00635)	uniqu(0.00627)	snack(0.00596)	cool(0.00590)	base(0.00588)	snow(0.00583)	brew(0.00561)	
Topic 19(0.04846):	seat(0.03070)	watch(0.02308)	year(0.02177)	rock(0.01689)	theater(0.01600)	ticket(0.01476)	time(0.01358)	peopl(0.01250)	event(0.01069)	cirqu(0.01004)	music(0.00980)	entertain(0.00953)	pictur(0.00951)	stage(0.00915)	perform(0.00856)	stori(0.00843)	stand(0.00780)	funni(0.00763)	NUM-year(0.00750)	venu(0.00699)	sound(0.00692)	beauti(0.00674)	play(0.00643)	screen(0.00603)	concert(0.00602)	laugh(0.00580)	anim(0.00566)	close(0.00552)	garden(0.00551)	valley(0.00546)	
Topic 20(0.03636):	chicken(0.06390)	breakfast(0.05053)	bread(0.03798)	toast(0.02836)	french(0.02651)	side(0.01670)	serv(0.01628)	turkey(0.01082)	waffl(0.01079)	soda(0.01072)	yelp(0.01047)	corn(0.01046)	strip(0.01001)	french-toast(0.00920)	deli(0.00855)	benedict(0.00826)	pancak(0.00806)	finger(0.00798)	choic(0.00761)	sauc(0.00758)	sausag(0.00743)	cafe(0.00737)	brown(0.00707)	omelet(0.00686)	delici(0.00650)	lunch(0.00636)	countri(0.00587)	coke(0.00583)	slaw(0.00581)	season(0.00561)	
Topic 21(0.03574):	roll(0.07759)	sushi(0.07282)	shrimp(0.04799)	fish(0.04390)	crab(0.02924)	tuna(0.02253)	oyster(0.01774)	special(0.01693)	salmon(0.01614)	favorit(0.01250)	dinner(0.01241)	spici(0.01183)	nigiri(0.01133)	appet(0.01108)	sauc(0.01098)	piec(0.01035)	sashimi(0.00983)	rice(0.00962)	clam(0.00909)	seafood(0.00885)	mussel(0.00797)	chef(0.00784)	lobster(0.00739)	tast(0.00643)	pound(0.00589)	sake(0.00565)	crawfish(0.00551)	definit(0.00519)	price(0.00475)	garlic(0.00474)	
Topic 22(0.02937):	taco(0.06579)	chip(0.03909)	bean(0.02506)	mexican(0.02378)	corn(0.02016)	burrito(0.01788)	delici(0.01463)	tortilla(0.01400)	nacho(0.01400)	margarita(0.01157)	sour(0.01061)	tast(0.01041)	pineappl(0.00985)	asada(0.00960)	flavor(0.00897)	carn(0.00879)	chipotl(0.00873)	sauc(0.00865)	guacamol(0.00833)	serv(0.00762)	side(0.00760)	authent(0.00759)	carn-asada(0.00746)	best(0.00734)	cilantro(0.00718)	mexican-food(0.00706)	favorit(0.00618)	type(0.00600)	fish-taco(0.00526)	choic(0.00517)	
Topic 23(0.03711):	steak(0.05899)	bread(0.03019)	pasta(0.01910)	plate(0.01861)	cook(0.01854)	dinner(0.01572)	rare(0.01473)	sauc(0.01347)	restaur(0.01323)	perfect(0.01320)	mushroom(0.01236)	medium(0.01184)	tapa(0.01112)	appet(0.01058)	excel(0.01057)	side(0.00958)	serv(0.00952)	mash-potato(0.00911)	dine(0.00861)	italian(0.00858)	stuf(0.00818)	tabl(0.00802)	calamari(0.00734)	garlic(0.00722)	steakhous(0.00721)	tast(0.00693)	dish(0.00689)	share(0.00684)	bone(0.00653)	ribey(0.00632)	
Topic 24(0.04967):	pretti(0.10090)	star(0.09110)	price(0.06431)	time(0.04179)	friend(0.03713)	pretti-good(0.02955)	staff(0.02079)	rate(0.01837)	expect(0.01753)	slow(0.01720)	averag(0.01584)	reason(0.01470)	solid(0.01402)	peopl(0.01193)	expens(0.01174)	busi(0.01058)	hungri(0.00936)	experi(0.00853)	fair(0.00829)	break(0.00715)	thought(0.00706)	problem(0.00697)	shot(0.00626)	impress(0.00622)	posit(0.00598)	close(0.00587)	definit(0.00580)	consid(0.00579)	alright(0.00553)	negat(0.00519)	
264 users are loaded from /zf18/ll5fy/lab/dataset/yelp/byUser_70k_review/5foldsCVColdstart/3/...
260 users are loaded from /zf18/ll5fy/lab/dataset/yelp/byUser_70k_review/5foldsCVColdstart/0/...
244 users are loaded from /zf18/ll5fy/lab/dataset/yelp/byUser_70k_review/5foldsCVColdstart/1/...
266 users are loaded from /zf18/ll5fy/lab/dataset/yelp/byUser_70k_review/5foldsCVColdstart/2/...
256 users are loaded from /zf18/ll5fy/lab/dataset/yelp/byUser_70k_review/5foldsCVColdstart/4/...
====================
[Info]Fold No. 3: 
[Info]Analzying corpus: 
...........-- Global corpus: vocabulary size: 6134, review size: 15843, item size: 861, user size: 861
train size = 12591, test size = 3252....
[Info]Analying bipartie graph: 
-- train graph: review size: 12591, item size: 717, user size: 770
[Info]EM Starting multithread LDA_Focus[k:25, alpha:1.01, beta:1.00, Variational]...
==============
[Info]Likelihood -3242783.04261 at step 0 converge to 1.0000000000...
==============
[Info]Likelihood -3241671.65660 at step 1 converge to 0.0003427260...
==============
[Info]Likelihood -3240565.32290 at step 2 converge to 0.0003412849...
==============
[Info]Likelihood -3239449.05357 at step 3 converge to 0.0003444675...
==============
[Info]Likelihood -3238258.47349 at step 4 converge to 0.0003675255...
==============
[Info]Likelihood -3236910.07775 at step 5 converge to 0.0004163953...
==============
[Info]Likelihood -3235121.02562 at step 6 converge to 0.0005527037...
==============
[Info]Likelihood -3231833.96376 at step 7 converge to 0.0010160553...
==============
[Info]Likelihood -3223629.64368 at step 8 converge to 0.0025385958...
==============
[Info]Likelihood -3203126.74262 at step 9 converge to 0.0063601912...
==============
[Info]Likelihood -3157885.34471 at step 10 converge to 0.0141241361...
==============
[Info]Likelihood -3099223.86494 at step 11 converge to 0.0185761905...
==============
[Info]Likelihood -3049120.71501 at step 12 converge to 0.0161663539...
==============
[Info]Likelihood -3010758.99523 at step 13 converge to 0.0125812401...
==============
[Info]Likelihood -2980984.31294 at step 14 converge to 0.0098894273...
==============
[Info]Likelihood -2957246.32105 at step 15 converge to 0.0079631388...
==============
[Info]Likelihood -2937784.00233 at step 16 converge to 0.0065812302...
==============
[Info]Likelihood -2921410.60966 at step 17 converge to 0.0055733821...
==============
[Info]Likelihood -2907260.92103 at step 18 converge to 0.0048434440...
==============
[Info]Likelihood -2894728.93136 at step 19 converge to 0.0043105831...
==============
[Info]Likelihood -2883469.69721 at step 20 converge to 0.0038895642...
==============
[Info]Likelihood -2873256.06680 at step 21 converge to 0.0035421320...
==============
[Info]Likelihood -2863985.42028 at step 22 converge to 0.0032265299...
==============
[Info]Likelihood -2855551.35127 at step 23 converge to 0.0029448715...
==============
[Info]Likelihood -2847887.39965 at step 24 converge to 0.0026838781...
==============
[Info]Likelihood -2840921.68942 at step 25 converge to 0.0024459219...
==============
[Info]Likelihood -2834606.53274 at step 26 converge to 0.0022229253...
==============
[Info]Likelihood -2828861.38371 at step 27 converge to 0.0020267889...
==============
[Info]Likelihood -2823624.07301 at step 28 converge to 0.0018513847...
==============
[Info]Likelihood -2818861.65319 at step 29 converge to 0.0016866338...
[Info]Likelihood -2818861.653 after step 30 converge to 0.001687 after 83 seconds...
[Info]Analying bipartie graph: 
-- test graph: review size: 3252, item size: 206, user size: 264
[Info]Start evaluation in thread
[Stat]Test evaluation finished: 3252 docs
[Stat]0 part has 912.000000 docs: perplexity is 1088.159 and log-likelihood is -321.106
[Stat]1 part has 285.000000 docs: perplexity is 1030.399 and log-likelihood is -307.231
[Stat]2 part has 1562.000000 docs: perplexity is 1040.707 and log-likelihood is -314.904
[Stat]3 part has 493.000000 docs: perplexity is 938.414 and log-likelihood is -310.973
[Stat]4 part has 3252.000000 docs: perplexity is 1036.657 and log-likelihood is -315.375
[Info]multithread LDA_Focus[k:25, alpha:1.01, beta:1.00, Variational] Train/Test finished in 84.81 seconds...
TopWord FilePath:/zf18/ll5fy/lab/dataset/yelp/byUser_70k_review/output/5foldsCVColdstart/3/LDA_User_topWords_25.txt
Topic 0(0.03127):	chef(0.02005)	cours(0.01638)	bread(0.01281)	serv(0.01076)	sweet(0.01049)	excel(0.00970)	warm(0.00965)	plate(0.00767)	offer(0.00762)	pair(0.00750)	rich(0.00740)	arriv(0.00667)	carrot(0.00645)	restaur(0.00636)	creami(0.00588)	pure(0.00572)	dine(0.00571)	fine(0.00562)	featur(0.00556)	kitchen(0.00553)	best(0.00549)	tast(0.00528)	signatur(0.00521)	experi(0.00521)	textur(0.00517)	salt(0.00512)	savori(0.00490)	cream(0.00481)	onion(0.00453)	creme(0.00444)	
Topic 1(0.04309):	steak(0.05735)	perfect(0.02825)	cook(0.02579)	lobster(0.02156)	dish(0.01765)	tast(0.01595)	dinner(0.01343)	delici(0.01339)	medium(0.01302)	restaur(0.01270)	mushroom(0.01267)	rare(0.01240)	cours(0.01215)	appet(0.01161)	oyster(0.01135)	start(0.01131)	side(0.01112)	flavor(0.01108)	bread(0.01085)	truffl(0.01079)	scallop(0.00993)	filet(0.00990)	mash-potato(0.00848)	serv(0.00840)	excel(0.00733)	season(0.00705)	ribey(0.00693)	steakhous(0.00672)	tender(0.00670)	bone(0.00652)	
Topic 2(0.04279):	vega(0.14695)	las-vega(0.05897)	year(0.05878)	pretti(0.04435)	best(0.03595)	deal(0.03232)	local(0.02536)	sign(0.01746)	locat(0.01721)	NUM-year(0.01426)	smell(0.01329)	time(0.01307)	year-ago(0.01152)	friend(0.01046)	town(0.00994)	coupl(0.00908)	special(0.00856)	wait(0.00835)	groupon(0.00764)	sport(0.00659)	feel(0.00658)	real(0.00607)	open(0.00593)	trip(0.00578)	wall(0.00530)	today(0.00512)	famous(0.00508)	great-deal(0.00485)	find(0.00476)	peopl(0.00474)	
Topic 3(0.03681):	chocol(0.06338)	cake(0.06126)	cooki(0.02318)	flavor(0.02313)	sweet(0.02142)	treat(0.01552)	pastri(0.01551)	delici(0.01406)	donut(0.01357)	cupcak(0.01306)	tast(0.01236)	sugar(0.01216)	frozen(0.01164)	gelato(0.01088)	bakeri(0.01083)	appl(0.01072)	peanut(0.01018)	pick(0.00907)	macaron(0.00889)	favorit(0.00879)	pink(0.00874)	strawberri(0.00858)	custard(0.00801)	bake(0.00775)	croissant(0.00759)	peanut-butter(0.00678)	velvet(0.00656)	vanilla(0.00652)	display(0.00596)	case(0.00571)	
Topic 4(0.04504):	staff(0.05474)	lunch(0.05271)	time(0.04716)	wait(0.04468)	friend(0.04085)	busi(0.03833)	pretti(0.03315)	bring(0.02044)	slow(0.01786)	tabl(0.01667)	refil(0.01579)	peopl(0.01514)	wrap(0.01483)	super(0.01172)	attent(0.01170)	water(0.01118)	buck(0.01048)	definit(0.00807)	NUM-min(0.00807)	gotta(0.00721)	work(0.00705)	pretti-good(0.00683)	price(0.00674)	locat(0.00639)	rush(0.00638)	NUM-buck(0.00630)	kinda(0.00628)	request(0.00609)	expect(0.00581)	super-friend(0.00578)	
Topic 5(0.03330):	buffet(0.08559)	crab(0.04244)	seafood(0.03238)	shrimp(0.02744)	dinner(0.02741)	station(0.02647)	varieti(0.01973)	prime(0.01525)	offer(0.01405)	asian(0.01300)	plate(0.01295)	best(0.01258)	time(0.01162)	crab-leg(0.01156)	wait(0.01153)	select(0.01132)	pretti(0.01020)	price(0.01002)	prime-rib(0.00989)	spoon(0.00769)	serv(0.00747)	skip(0.00683)	includ(0.00665)	roast(0.00656)	oxtail(0.00621)	pass(0.00592)	expect(0.00574)	stuff(0.00558)	choic(0.00536)	tast(0.00527)	
Topic 6(0.03605):	drink(0.18624)	rock(0.02773)	friend(0.02471)	bartend(0.02389)	time(0.01793)	night(0.01734)	peopl(0.01631)	shot(0.01400)	fast(0.01130)	cool(0.01043)	spot(0.01002)	red-rock(0.00944)	wait(0.00901)	insid(0.00860)	favorit(0.00852)	vibe(0.00829)	busi(0.00650)	super(0.00589)	relax(0.00566)	pretti(0.00555)	rude(0.00552)	whiskey(0.00552)	situat(0.00520)	town(0.00518)	specialti(0.00498)	expect(0.00494)	care(0.00486)	round(0.00485)	chandeli(0.00485)	work(0.00483)	
Topic 7(0.04504):	happi(0.06321)	time(0.04139)	NUM-minut(0.03710)	wait(0.03471)	happi-hour(0.03281)	tabl(0.03127)	told(0.02732)	waitress(0.02498)	manag(0.02188)	waiter(0.02041)	brought(0.01969)	arriv(0.01614)	birthday(0.01517)	call(0.01509)	bill(0.01309)	experi(0.01304)	parti(0.01174)	final(0.01131)	seat(0.01115)	appet(0.01034)	cold(0.00989)	hostess(0.00928)	friend(0.00915)	second(0.00885)	start(0.00827)	return(0.00720)	receiv(0.00718)	readi(0.00667)	horribl(0.00654)	dinner(0.00614)	
Topic 8(0.04033):	star(0.10997)	review(0.08369)	yelp(0.03482)	restaur(0.02840)	time(0.02514)	rate(0.02435)	read(0.02096)	friend(0.01954)	best(0.01599)	feel(0.01391)	expect(0.01309)	averag(0.01200)	reason(0.01083)	definit(0.00923)	town(0.00911)	rememb(0.00898)	find(0.00887)	return(0.00871)	experi(0.00797)	week(0.00781)	base(0.00772)	agre(0.00749)	special(0.00732)	close(0.00713)	thought(0.00691)	deserv(0.00660)	yelper(0.00637)	recommend(0.00619)	henderson(0.00617)	solid(0.00612)	
Topic 9(0.04321):	amaz(0.06184)	time(0.03396)	definit(0.03278)	watch(0.02887)	cool(0.02101)	thought(0.01747)	expect(0.01631)	peopl(0.01498)	pretti(0.01377)	feel(0.01321)	recommend(0.01297)	beauti(0.01273)	favorit(0.01201)	pictur(0.01186)	friend(0.01068)	entertain(0.01048)	cirqu(0.00951)	interest(0.00859)	point(0.00783)	stori(0.00776)	sound(0.00737)	experi(0.00710)	spot(0.00665)	girlfriend(0.00660)	best(0.00643)	work(0.00639)	board(0.00624)	bore(0.00623)	super(0.00618)	color(0.00600)	
Topic 10(0.03682):	dish(0.06517)	rice(0.06084)	thai(0.04672)	curri(0.03604)	restaur(0.03299)	spici(0.03034)	lunch(0.02658)	spice(0.02079)	veget(0.01631)	flavor(0.01547)	chines(0.01310)	fri-rice(0.01271)	special(0.01106)	shrimp(0.01101)	pad-thai(0.00895)	beef(0.00882)	chicken(0.00862)	lunch-special(0.00846)	duck(0.00810)	indian(0.00787)	sauc(0.00777)	definit(0.00667)	asian(0.00661)	garlic(0.00661)	delici(0.00652)	favorit(0.00616)	best(0.00544)	yellow(0.00519)	style(0.00512)	small(0.00510)	
Topic 11(0.04267):	area(0.05627)	tabl(0.05359)	dine(0.04967)	seat(0.04499)	night(0.04395)	restaur(0.04349)	dinner(0.01938)	downtown(0.01869)	patio(0.01751)	reserv(0.01651)	insid(0.01597)	recommend(0.01521)	parti(0.01425)	friend(0.01330)	experi(0.01307)	street(0.01165)	saturday(0.01128)	friday(0.01023)	outdoor(0.01008)	wife(0.00985)	definit(0.00909)	delici(0.00902)	small(0.00865)	booth(0.00761)	fremont(0.00726)	peopl(0.00706)	spot(0.00676)	dine-room(0.00674)	dark(0.00661)	saturday-night(0.00659)	
Topic 12(0.03609):	tast(0.03655)	sweet(0.03642)	veggi(0.02928)	fill(0.02660)	yummi(0.02272)	bread(0.01904)	definit(0.01428)	pretti(0.01385)	delici(0.01336)	sweet-potato(0.01257)	turkey(0.01135)	beef(0.01127)	vegan(0.01029)	bite(0.01019)	ball(0.01015)	vegetarian(0.00985)	time(0.00904)	pickl(0.00902)	soft(0.00889)	mouth(0.00860)	flavor(0.00850)	pork(0.00814)	potato-fri(0.00759)	favorit(0.00683)	hot-dog(0.00679)	spot(0.00637)	deli(0.00564)	pretti-good(0.00563)	spring(0.00546)	real(0.00539)	
Topic 13(0.03210):	breakfast(0.05083)	toast(0.02855)	waffl(0.02776)	french(0.02743)	brunch(0.02631)	cafe(0.02540)	pancak(0.02254)	coffe(0.01811)	serv(0.01619)	syrup(0.01137)	delici(0.01058)	bread(0.00962)	friend(0.00930)	benedict(0.00914)	french-toast(0.00898)	sausag(0.00866)	wait(0.00811)	omelet(0.00781)	choic(0.00756)	banana(0.00754)	side(0.00694)	brown(0.00685)	season(0.00661)	earli(0.00654)	mimosa(0.00637)	omelett(0.00616)	bouchon(0.00591)	fluffi(0.00580)	time(0.00563)	countri(0.00532)	
Topic 14(0.03675):	chicken(0.14757)	sauc(0.04594)	plate(0.02815)	dish(0.02605)	crispi(0.02482)	wing(0.02355)	flavor(0.02234)	small(0.01986)	serv(0.01659)	share(0.01456)	tender(0.01235)	tapa(0.01075)	piec(0.00994)	perfect(0.00911)	tast(0.00892)	finger(0.00805)	delici(0.00732)	restaur(0.00695)	skin(0.00687)	chicken-wing(0.00681)	bite(0.00646)	moist(0.00614)	kitchen(0.00614)	juici(0.00603)	season(0.00594)	combin(0.00584)	cook(0.00551)	arepa(0.00547)	short(0.00546)	amount(0.00525)	
Topic 15(0.05425):	room(0.08363)	casino(0.04688)	stay(0.04546)	hotel(0.04096)	strip(0.03350)	pool(0.01802)	walk(0.01561)	machin(0.01204)	view(0.00994)	vega(0.00970)	park(0.00912)	clean(0.00878)	properti(0.00855)	tower(0.00832)	suit(0.00824)	valet(0.00757)	elev(0.00753)	resort(0.00724)	gambl(0.00703)	slot(0.00676)	wynn(0.00616)	airport(0.00615)	book(0.00608)	door(0.00602)	aria(0.00594)	area(0.00576)	desk(0.00569)	locat(0.00556)	easi(0.00507)	modern(0.00493)	
Topic 16(0.03352):	pizza(0.08583)	slice(0.02904)	sauc(0.02371)	garlic(0.02365)	pasta(0.02331)	crust(0.01882)	italian(0.01743)	sausag(0.01592)	style(0.01385)	thin(0.01385)	oliv(0.01370)	ingredi(0.01325)	white(0.01070)	meatbal(0.01068)	mushroom(0.01023)	bread(0.00863)	mozzarella(0.00860)	tast(0.00809)	deep(0.00782)	secret(0.00777)	ranch(0.00769)	perfect(0.00757)	chicago(0.00698)	serv(0.00686)	delici(0.00670)	pepperoni(0.00659)	oven(0.00593)	oliv-oil(0.00579)	best(0.00567)	dress(0.00563)	
Topic 17(0.03327):	cream(0.08769)	ice-cream(0.05040)	flavor(0.04393)	coffe(0.03159)	sweet(0.02126)	tast(0.01943)	crepe(0.01939)	cute(0.01560)	boba(0.01512)	honey(0.01271)	black(0.01267)	mango(0.01226)	strawberri(0.01201)	coconut(0.01180)	perfect(0.01130)	time(0.01076)	bean(0.00877)	snow(0.00726)	small(0.00697)	whip(0.00693)	favorit(0.00684)	definit(0.00644)	smoothi(0.00593)	best(0.00589)	friend(0.00582)	shave(0.00557)	vanilla(0.00556)	whip-cream(0.00546)	shop(0.00525)	combin(0.00511)	
Topic 18(0.03568):	beer(0.07213)	select(0.05231)	wine(0.04470)	total(0.03934)	glass(0.03236)	bottl(0.02258)	price(0.01652)	alcohol(0.01156)	overpr(0.01136)	time(0.01135)	friend(0.01119)	town(0.00950)	night(0.00890)	blue(0.00880)	find(0.00800)	pour(0.00775)	pricey(0.00746)	includ(0.00716)	expens(0.00709)	martini(0.00684)	coupl(0.00673)	pretti(0.00673)	beverag(0.00646)	factori(0.00595)	squar(0.00560)	tuesday(0.00550)	thought(0.00540)	rang(0.00520)	peopl(0.00497)	water(0.00481)	
Topic 19(0.04023):	roll(0.06231)	sushi(0.06092)	fish(0.04419)	taco(0.04197)	chip(0.02459)	salmon(0.02433)	tuna(0.02251)	mexican(0.01552)	burrito(0.01202)	nacho(0.01187)	rice(0.01153)	hawaiian(0.01127)	sauc(0.01061)	favorit(0.01022)	shrimp(0.00953)	tortilla(0.00946)	spici(0.00911)	poke(0.00899)	nigiri(0.00859)	sashimi(0.00855)	margarita(0.00837)	chef(0.00750)	tast(0.00714)	bean(0.00711)	special(0.00678)	piec(0.00674)	delici(0.00667)	sake(0.00626)	asada(0.00612)	carn(0.00599)	
Topic 20(0.03718):	soup(0.06029)	pork(0.05239)	ramen(0.04348)	bowl(0.03905)	beef(0.02536)	broth(0.02355)	korean(0.02189)	spici(0.01946)	belli(0.01831)	cook(0.01783)	pork-belli(0.01292)	flavor(0.01244)	rice(0.01026)	extra(0.00990)	monta(0.00931)	tast(0.00908)	tofu(0.00851)	steam(0.00807)	favorit(0.00684)	style(0.00663)	side(0.00632)	marin(0.00610)	noodl-soup(0.00579)	piec(0.00530)	time(0.00528)	side-dish(0.00523)	definit(0.00510)	dish(0.00495)	slice(0.00481)	thin(0.00477)	
Topic 21(0.04822):	shop(0.04068)	store(0.03590)	find(0.02992)	park(0.02982)	walk(0.02354)	custom(0.02317)	work(0.02181)	month(0.01939)	card(0.01575)	custom-servic(0.01116)	locat(0.01064)	clean(0.01024)	peopl(0.01016)	product(0.00957)	offer(0.00858)	stuff(0.00800)	time(0.00774)	market(0.00772)	phone(0.00747)	counter(0.00744)	drive(0.00712)	popcorn(0.00692)	open(0.00651)	bought(0.00611)	number(0.00609)	class(0.00600)	purchas(0.00577)	sell(0.00575)	call(0.00551)	reason(0.00549)	
Topic 22(0.04901):	price(0.08775)	time(0.06915)	option(0.03362)	locat(0.03264)	strip(0.02581)	friend(0.02380)	experi(0.01837)	felt(0.01763)	reason(0.01711)	restaur(0.01702)	feel(0.01621)	pretti(0.01364)	fair(0.01295)	impress(0.01225)	hungri(0.01107)	open(0.01035)	famili(0.01018)	compar(0.00985)	peopl(0.00967)	spend(0.00873)	close(0.00845)	expens(0.00826)	NUM-hour(0.00796)	dinner(0.00796)	best(0.00713)	cart(0.00713)	cost(0.00703)	choic(0.00677)	definit(0.00666)	wait(0.00656)	
Topic 23(0.03890):	side(0.07673)	sauc(0.03102)	onion(0.02688)	combo(0.01652)	corn(0.01420)	pull(0.01304)	healthi(0.01248)	bread(0.01213)	flavor(0.01133)	delici(0.01084)	beef(0.01049)	joint(0.01046)	size(0.00918)	shake(0.00914)	fast(0.00881)	smoke(0.00822)	tast(0.00804)	juici(0.00799)	bean(0.00786)	perfect(0.00774)	white(0.00738)	patti(0.00720)	brisket(0.00706)	dress(0.00619)	ring(0.00606)	choic(0.00606)	time(0.00606)	fast-food(0.00573)	pretzel(0.00559)	bland(0.00536)	
Topic 24(0.04837):	play(0.03104)	music(0.03076)	club(0.02928)	crowd(0.02575)	peopl(0.01887)	night(0.01816)	view(0.01720)	seat(0.01689)	danc(0.01619)	theater(0.01457)	ticket(0.01338)	event(0.01283)	park(0.01231)	cool(0.00887)	venu(0.00767)	walk(0.00755)	anim(0.00701)	loung(0.00676)	stand(0.00673)	open(0.00661)	local(0.00636)	screen(0.00615)	stage(0.00597)	small(0.00543)	cover(0.00534)	space(0.00527)	adult(0.00522)	watch(0.00513)	ride(0.00507)	discount(0.00487)	
256 users are loaded from /zf18/ll5fy/lab/dataset/yelp/byUser_70k_review/5foldsCVColdstart/4/...
260 users are loaded from /zf18/ll5fy/lab/dataset/yelp/byUser_70k_review/5foldsCVColdstart/0/...
244 users are loaded from /zf18/ll5fy/lab/dataset/yelp/byUser_70k_review/5foldsCVColdstart/1/...
266 users are loaded from /zf18/ll5fy/lab/dataset/yelp/byUser_70k_review/5foldsCVColdstart/2/...
264 users are loaded from /zf18/ll5fy/lab/dataset/yelp/byUser_70k_review/5foldsCVColdstart/3/...
====================
[Info]Fold No. 4: 
[Info]Analzying corpus: 
...........-- Global corpus: vocabulary size: 6134, review size: 15843, item size: 861, user size: 861
train size = 12424, test size = 3419....
[Info]Analying bipartie graph: 
-- train graph: review size: 12424, item size: 726, user size: 778
[Info]EM Starting multithread LDA_Focus[k:25, alpha:1.01, beta:1.00, Variational]...
==============
[Info]Likelihood -3180150.47639 at step 0 converge to 1.0000000000...
==============
[Info]Likelihood -3179054.05255 at step 1 converge to 0.0003447711...
==============
[Info]Likelihood -3177962.71213 at step 2 converge to 0.0003432909...
==============
[Info]Likelihood -3176857.41178 at step 3 converge to 0.0003478015...
==============
[Info]Likelihood -3175669.31664 at step 4 converge to 0.0003739844...
==============
[Info]Likelihood -3174360.52404 at step 5 converge to 0.0004121313...
==============
[Info]Likelihood -3172697.33290 at step 6 converge to 0.0005239453...
==============
[Info]Likelihood -3169513.34022 at step 7 converge to 0.0010035602...
==============
[Info]Likelihood -3159712.52150 at step 8 converge to 0.0030922156...
==============
[Info]Likelihood -3131128.34266 at step 9 converge to 0.0090464492...
==============
[Info]Likelihood -3082887.30826 at step 10 converge to 0.0154069170...
==============
[Info]Likelihood -3027117.20039 at step 11 converge to 0.0180902194...
==============
[Info]Likelihood -2978124.49460 at step 12 converge to 0.0161846082...
==============
[Info]Likelihood -2939432.06726 at step 13 converge to 0.0129922129...
==============
[Info]Likelihood -2909597.95687 at step 14 converge to 0.0101496172...
==============
[Info]Likelihood -2886405.50442 at step 15 converge to 0.0079710162...
==============
[Info]Likelihood -2867763.92258 at step 16 converge to 0.0064584071...
==============
[Info]Likelihood -2852296.66772 at step 17 converge to 0.0053934896...
==============
[Info]Likelihood -2839208.47766 at step 18 converge to 0.0045886496...
==============
[Info]Likelihood -2827928.66623 at step 19 converge to 0.0039728718...
==============
[Info]Likelihood -2818045.56402 at step 20 converge to 0.0034948202...
==============
[Info]Likelihood -2809261.23561 at step 21 converge to 0.0031171705...
==============
[Info]Likelihood -2801383.82942 at step 22 converge to 0.0028040846...
==============
[Info]Likelihood -2794271.45246 at step 23 converge to 0.0025388798...
==============
[Info]Likelihood -2787804.75572 at step 24 converge to 0.0023142693...
==============
[Info]Likelihood -2781890.26929 at step 25 converge to 0.0021215569...
==============
[Info]Likelihood -2776453.12860 at step 26 converge to 0.0019544771...
==============
[Info]Likelihood -2771430.56709 at step 27 converge to 0.0018089848...
==============
[Info]Likelihood -2766771.16313 at step 28 converge to 0.0016812270...
==============
[Info]Likelihood -2762436.76465 at step 29 converge to 0.0015665909...
[Info]Likelihood -2762436.765 after step 30 converge to 0.001567 after 59 seconds...
[Info]Analying bipartie graph: 
-- test graph: review size: 3419, item size: 213, user size: 256
[Info]Start evaluation in thread
[Stat]Test evaluation finished: 3419 docs
[Stat]0 part has 701.000000 docs: perplexity is 1160.298 and log-likelihood is -310.010
[Stat]1 part has 339.000000 docs: perplexity is 1089.537 and log-likelihood is -322.547
[Stat]2 part has 1635.000000 docs: perplexity is 1082.153 and log-likelihood is -316.504
[Stat]3 part has 744.000000 docs: perplexity is 1001.822 and log-likelihood is -323.719
[Stat]4 part has 3419.000000 docs: perplexity is 1079.127 and log-likelihood is -317.342
[Info]multithread LDA_Focus[k:25, alpha:1.01, beta:1.00, Variational] Train/Test finished in 60.86 seconds...
TopWord FilePath:/zf18/ll5fy/lab/dataset/yelp/byUser_70k_review/output/5foldsCVColdstart/4/LDA_User_topWords_25.txt
Topic 0(0.03558):	buffet(0.08485)	crab(0.04885)	shrimp(0.04472)	seafood(0.03204)	station(0.02553)	dinner(0.02292)	prime(0.01653)	oyster(0.01598)	price(0.01458)	best(0.01428)	select(0.01332)	pretti(0.01292)	crab-leg(0.01251)	time(0.01223)	lunch(0.01182)	prime-rib(0.01132)	vega(0.01050)	offer(0.00962)	plate(0.00878)	pound(0.00837)	clam(0.00754)	varieti(0.00745)	includ(0.00687)	spoon(0.00648)	salad-bar(0.00572)	crawfish(0.00556)	juici(0.00553)	expect(0.00534)	asian(0.00530)	pretti-good(0.00504)	
Topic 1(0.04618):	seat(0.04589)	watch(0.03074)	time(0.01857)	ticket(0.01497)	pictur(0.01438)	theater(0.01390)	peopl(0.01187)	year(0.01161)	vega(0.01143)	entertain(0.01136)	cirqu(0.01112)	amaz(0.01092)	perform(0.01011)	stage(0.00923)	stori(0.00914)	funni(0.00866)	beauti(0.00774)	photo(0.00741)	definit(0.00732)	sound(0.00731)	experi(0.00720)	thought(0.00631)	laugh(0.00621)	favorit(0.00617)	expect(0.00596)	discount(0.00571)	garden(0.00558)	song(0.00549)	adult(0.00539)	start(0.00524)	
Topic 2(0.03266):	soup(0.07580)	bowl(0.04467)	korean(0.02697)	ramen(0.02416)	time(0.02126)	broth(0.01801)	extra(0.01772)	restaur(0.01627)	clean(0.01278)	crave(0.01240)	cook(0.01149)	style(0.01040)	yelper(0.01017)	side(0.00888)	tast(0.00881)	best(0.00807)	pretti(0.00744)	typic(0.00740)	small(0.00716)	attent(0.00664)	satisfi(0.00652)	oxtail(0.00649)	anim(0.00644)	side-dish(0.00641)	piec(0.00627)	friend(0.00585)	open(0.00583)	price(0.00580)	vega(0.00542)	favorit(0.00540)	
Topic 3(0.05434):	room(0.08501)	hotel(0.04455)	casino(0.04446)	stay(0.04423)	strip(0.03689)	pool(0.01860)	vega(0.01804)	view(0.01724)	walk(0.01382)	suit(0.00942)	clean(0.00791)	area(0.00788)	properti(0.00780)	gambl(0.00773)	elev(0.00760)	machin(0.00720)	resort(0.00705)	valet(0.00693)	slot(0.00680)	tower(0.00667)	aria(0.00631)	wynn(0.00628)	modern(0.00620)	venetian(0.00571)	smell(0.00565)	shower(0.00547)	spacious(0.00534)	desk(0.00521)	door(0.00487)	book(0.00475)	
Topic 4(0.03745):	cours(0.03316)	perfect(0.02710)	lobster(0.02250)	cook(0.01981)	steak(0.01867)	tast(0.01669)	mushroom(0.01374)	truffl(0.01313)	rare(0.01287)	medium(0.01181)	bread(0.01167)	excel(0.01013)	dish(0.01004)	filet(0.00944)	scallop(0.00933)	start(0.00920)	amaz(0.00905)	plate(0.00839)	serv(0.00830)	foie-gras(0.00804)	flavor(0.00774)	mash-potato(0.00683)	delici(0.00651)	season(0.00641)	sauc(0.00639)	rich(0.00637)	roast(0.00622)	tender(0.00610)	creami(0.00606)	mouth(0.00587)	
Topic 5(0.03710):	pizza(0.07444)	sauc(0.03633)	slice(0.02349)	garlic(0.02291)	onion(0.02266)	pasta(0.02219)	shake(0.01735)	crust(0.01542)	italian(0.01510)	white(0.01439)	oliv(0.01040)	thin(0.01011)	meatbal(0.00965)	style(0.00927)	blue(0.00870)	dress(0.00842)	mushroom(0.00839)	bread(0.00820)	patti(0.00745)	mozzarella(0.00731)	secret(0.00702)	sausag(0.00661)	shack(0.00643)	tast(0.00607)	buffalo(0.00606)	perfect(0.00604)	crispi(0.00584)	parmesan(0.00550)	york(0.00548)	blue-chees(0.00493)	
Topic 6(0.03548):	pork(0.06851)	beef(0.06398)	veggi(0.02576)	belli(0.01999)	chines(0.01848)	rice(0.01769)	asian(0.01766)	sauc(0.01653)	pork-belli(0.01492)	cook(0.01478)	short(0.01358)	spici(0.01283)	flavor(0.01196)	spring(0.01164)	steam(0.01135)	short-rib(0.01020)	tender(0.00902)	definit(0.00896)	duck(0.00824)	crispi(0.00798)	dish(0.00761)	favorit(0.00724)	marin(0.00698)	dumpl(0.00683)	delici(0.00671)	soft(0.00662)	vietnames(0.00640)	bean(0.00623)	chop(0.00581)	slice(0.00567)	
Topic 7(0.05298):	wait(0.09477)	time(0.06131)	tabl(0.05958)	NUM-minut(0.03736)	busi(0.02363)	water(0.02030)	peopl(0.01987)	seat(0.01874)	waitress(0.01684)	told(0.01635)	star(0.01424)	slow(0.01331)	final(0.01280)	manag(0.01163)	brought(0.01130)	refil(0.01066)	arriv(0.01056)	lunch(0.01046)	friend(0.00941)	pretti(0.00916)	staff(0.00891)	bring(0.00861)	hostess(0.00856)	readi(0.00806)	expect(0.00793)	walk(0.00750)	horribl(0.00744)	problem(0.00715)	NUM-min(0.00707)	terribl(0.00704)	
Topic 8(0.04228):	drink(0.10739)	beer(0.06736)	wine(0.04041)	select(0.03400)	glass(0.02760)	price(0.02110)	bartend(0.01741)	friend(0.01736)	amaz(0.01678)	bottl(0.01489)	best(0.01200)	alcohol(0.01171)	star(0.01047)	tast(0.01038)	pricey(0.00938)	recommend(0.00896)	fantast(0.00843)	favorit(0.00763)	total(0.00749)	dark(0.00722)	pour(0.00671)	specialti(0.00656)	time(0.00631)	serv(0.00617)	standard(0.00584)	definit(0.00574)	excel(0.00558)	averag(0.00546)	staff(0.00529)	overpr(0.00514)	
Topic 9(0.05115):	time(0.05582)	star(0.03694)	custom(0.02925)	review(0.02657)	call(0.02594)	reason(0.02013)	feel(0.01850)	work(0.01838)	month(0.01407)	card(0.01343)	peopl(0.01330)	price(0.01321)	money(0.01292)	friend(0.01234)	open(0.01228)	staff(0.01187)	door(0.01171)	total(0.01129)	week(0.01126)	custom-servic(0.01066)	year(0.01018)	walk(0.00866)	rememb(0.00842)	find(0.00818)	pretti(0.00816)	manag(0.00784)	NUM-hour(0.00743)	spend(0.00734)	busi(0.00730)	number(0.00717)	
Topic 10(0.04290):	pretti(0.03865)	pick(0.03271)	fast(0.03018)	peopl(0.02263)	time(0.02108)	easi(0.01810)	drive(0.01709)	vega(0.01647)	price(0.01611)	sign(0.01501)	buck(0.01491)	deal(0.01330)	stand(0.01283)	year(0.01173)	frozen(0.01150)	kinda(0.01065)	fair(0.01010)	stuff(0.01004)	NUM-buck(0.00947)	insid(0.00908)	airport(0.00863)	event(0.00806)	snack(0.00798)	counter(0.00790)	area(0.00786)	sell(0.00758)	fast-food(0.00739)	find(0.00727)	size(0.00684)	truck(0.00669)	
Topic 11(0.03434):	dish(0.09051)	serv(0.02629)	tast(0.02442)	cold(0.02213)	flavor(0.02187)	plate(0.02087)	small(0.02010)	wrap(0.01774)	bite(0.01412)	tofu(0.01316)	sauc(0.01168)	textur(0.01111)	stuf(0.01091)	ball(0.01090)	definit(0.01086)	restaur(0.01038)	share(0.00916)	tini(0.00741)	time(0.00720)	expect(0.00714)	eggplant(0.00656)	tapa(0.00644)	recommend(0.00612)	raku(0.00551)	thought(0.00549)	salt(0.00534)	skin(0.00514)	point(0.00498)	prepar(0.00491)	pita(0.00480)	
Topic 12(0.03606):	side(0.07614)	sauc(0.03034)	chicken(0.02524)	combo(0.01969)	flavor(0.01797)	size(0.01736)	time(0.01429)	pull(0.01378)	smoke(0.01372)	delici(0.01365)	best(0.01340)	juici(0.01286)	tast(0.01251)	corn(0.01141)	pretti(0.01068)	tender(0.00979)	snow(0.00930)	perfect(0.00828)	brisket(0.00782)	joint(0.00727)	definit(0.00715)	finger(0.00681)	cook(0.00644)	rave(0.00627)	moist(0.00612)	ring(0.00610)	shave(0.00601)	friend(0.00595)	share(0.00583)	season(0.00567)	
Topic 13(0.04943):	night(0.07369)	vega(0.03945)	play(0.03001)	crowd(0.02996)	club(0.02896)	music(0.02837)	peopl(0.02806)	cool(0.02569)	area(0.01813)	downtown(0.01549)	las-vega(0.01334)	danc(0.01310)	saturday(0.01264)	friday(0.01078)	loung(0.01072)	pretti(0.01039)	street(0.00997)	parti(0.00983)	insid(0.00982)	time(0.00954)	walk(0.00924)	local(0.00907)	open(0.00905)	drink(0.00819)	vibe(0.00776)	pack(0.00760)	fremont(0.00714)	saturday-night(0.00692)	drunk(0.00682)	event(0.00656)	
Topic 14(0.03247):	bread(0.03284)	french(0.02493)	kitchen(0.01652)	cafe(0.01303)	citi(0.01212)	serv(0.01126)	turkey(0.01065)	soda(0.00961)	offer(0.00902)	best(0.00869)	lunch(0.00850)	deli(0.00841)	time(0.00831)	friend(0.00818)	vega(0.00744)	las-vega(0.00730)	pretzel(0.00699)	restaur(0.00690)	hidden(0.00682)	return(0.00672)	croissant(0.00667)	warm(0.00663)	french-fri(0.00644)	arriv(0.00634)	price(0.00607)	small(0.00567)	american(0.00540)	fill(0.00538)	local(0.00522)	open(0.00516)	
Topic 15(0.03961):	chicken(0.11504)	rice(0.05231)	thai(0.05009)	lunch(0.04242)	spici(0.03666)	curri(0.03409)	wing(0.02131)	dish(0.01931)	restaur(0.01893)	spice(0.01786)	sauc(0.01535)	fri-rice(0.01209)	flavor(0.01061)	delici(0.01005)	garlic(0.00962)	pad-thai(0.00946)	special(0.00914)	hawaiian(0.00897)	definit(0.00865)	lunch-special(0.00771)	chicken-wing(0.00709)	favorit(0.00683)	crispi(0.00663)	poke(0.00645)	time(0.00588)	thai-restaur(0.00549)	shrimp(0.00528)	tast(0.00516)	style(0.00515)	yellow(0.00495)	
Topic 16(0.03122):	taco(0.06332)	chip(0.03712)	mexican(0.02533)	bean(0.02530)	burrito(0.01573)	nacho(0.01482)	delici(0.01444)	tortilla(0.01375)	flavor(0.01159)	sour(0.01151)	margarita(0.01150)	tast(0.00996)	fusion(0.00938)	corn(0.00907)	authent(0.00873)	sauc(0.00842)	guacamol(0.00837)	asada(0.00826)	pineappl(0.00815)	chipotl(0.00802)	groupon(0.00799)	carn(0.00758)	vegetarian(0.00730)	cilantro(0.00710)	serv(0.00699)	best(0.00693)	favorit(0.00691)	mexican-food(0.00690)	friend(0.00684)	restaur(0.00676)	
Topic 17(0.03975):	restaur(0.08305)	dine(0.05725)	steak(0.04406)	experi(0.03856)	dinner(0.02637)	tabl(0.02045)	fine(0.01863)	strip(0.01591)	bread(0.01448)	best(0.01305)	special(0.01100)	excel(0.01093)	chef(0.01074)	delici(0.01039)	star(0.00861)	friend(0.00784)	dine-experi(0.00776)	dine-room(0.00730)	occas(0.00720)	incred(0.00669)	serv(0.00661)	basket(0.00648)	dine-area(0.00644)	seat(0.00611)	vega(0.00610)	perfect(0.00610)	feel(0.00597)	impress(0.00578)	amaz(0.00562)	beauti(0.00561)	
Topic 18(0.04122):	friend(0.04669)	coffe(0.04467)	super(0.03661)	definit(0.03192)	yelp(0.03036)	spot(0.02097)	drink(0.02093)	cute(0.01992)	wall(0.01773)	staff(0.01709)	boba(0.01455)	small(0.01347)	time(0.01346)	work(0.01307)	cool(0.01263)	read(0.01153)	review(0.01016)	feel(0.00950)	book(0.00908)	beat(0.00869)	pretti(0.00715)	bring(0.00707)	honey(0.00700)	super-friend(0.00665)	challeng(0.00635)	shop(0.00612)	coffe-shop(0.00603)	color(0.00598)	perfect(0.00595)	aloha(0.00570)	
Topic 19(0.03305):	breakfast(0.05742)	pancak(0.03377)	toast(0.02912)	waffl(0.02621)	brunch(0.02197)	chicken(0.01828)	sausag(0.01731)	serv(0.01469)	friend(0.01293)	delici(0.01103)	syrup(0.01072)	brown(0.00944)	benedict(0.00904)	french-toast(0.00898)	definit(0.00874)	banana(0.00861)	season(0.00811)	choic(0.00798)	plate(0.00757)	time(0.00748)	omelet(0.00733)	omelett(0.00680)	stack(0.00672)	side(0.00658)	amaz(0.00649)	velvet(0.00645)	crispi(0.00644)	fluffi(0.00584)	perfect(0.00564)	mimosa(0.00556)	
Topic 20(0.03328):	roll(0.08049)	sushi(0.07129)	fish(0.04881)	salmon(0.03094)	tuna(0.02746)	special(0.01706)	chef(0.01535)	piec(0.01342)	sauc(0.01325)	favorit(0.01233)	sashimi(0.01157)	nigiri(0.01128)	spici(0.01128)	rice(0.00969)	tast(0.00887)	sake(0.00842)	time(0.00642)	pretti(0.00615)	dinner(0.00558)	cucumb(0.00550)	appet(0.00547)	shrimp(0.00542)	mussel(0.00532)	price(0.00514)	definit(0.00509)	includ(0.00499)	varieti(0.00492)	poke(0.00485)	small(0.00446)	friend(0.00428)	
Topic 21(0.03797):	cream(0.07810)	chocol(0.06216)	cake(0.05059)	ice-cream(0.04011)	flavor(0.02841)	cooki(0.02158)	sweet(0.02056)	strawberri(0.01887)	crepe(0.01557)	pastri(0.01252)	vanilla(0.01190)	tast(0.01186)	cupcak(0.01174)	gelato(0.01052)	banana(0.01005)	peanut(0.00864)	whip(0.00761)	creme(0.00743)	tart(0.00738)	white(0.00694)	macaron(0.00685)	bakeri(0.00680)	favorit(0.00675)	custard(0.00659)	peanut-butter(0.00637)	raspberri(0.00629)	coconut(0.00621)	sugar(0.00604)	whip-cream(0.00597)	velvet(0.00573)	
Topic 22(0.04104):	happi(0.08373)	price(0.04729)	happi-hour(0.04405)	friend(0.02677)	reserv(0.02461)	drink(0.02445)	appet(0.02402)	special(0.02215)	waiter(0.02197)	pretti(0.02110)	parti(0.01842)	dinner(0.01748)	time(0.01557)	start(0.01341)	boyfriend(0.01274)	birthday(0.01189)	recommend(0.01179)	definit(0.01107)	calamari(0.01073)	night(0.01066)	tabl(0.01046)	seat(0.00978)	patio(0.00978)	delici(0.00960)	booth(0.00946)	martini(0.00847)	attent(0.00823)	great-food(0.00677)	pretti-good(0.00667)	amaz(0.00654)	
Topic 23(0.04848):	locat(0.08618)	park(0.05305)	shop(0.04818)	town(0.04312)	store(0.03393)	find(0.02690)	area(0.02597)	rock(0.02307)	vega(0.02086)	local(0.01737)	las-vega(0.01522)	walk(0.01270)	restaur(0.01163)	famili(0.01079)	squar(0.00963)	reason(0.00938)	outdoor(0.00865)	valley(0.00798)	favorit(0.00708)	spot(0.00686)	henderson(0.00666)	west(0.00666)	red-rock(0.00657)	option(0.00649)	offer(0.00612)	insid(0.00599)	factori(0.00598)	market(0.00594)	drive(0.00534)	street(0.00515)	
Topic 24(0.03399):	sweet(0.07128)	flavor(0.03999)	offer(0.02319)	option(0.02179)	uniqu(0.01947)	appl(0.01680)	tast(0.01456)	fill(0.01312)	donut(0.01201)	veget(0.01069)	mango(0.01050)	sweet-potato(0.01020)	best(0.00984)	ingredi(0.00973)	sugar(0.00939)	pink(0.00916)	balanc(0.00904)	varieti(0.00892)	popcorn(0.00846)	vegan(0.00828)	indian(0.00796)	open(0.00640)	potato-fri(0.00637)	delici(0.00634)	chef(0.00622)	choic(0.00604)	includ(0.00603)	dozen(0.00563)	friend(0.00561)	addit(0.00547)	

Part 0 -----------------Valid folds: 5
[Stat]Loglikelihood -321.867+/-7.205
[Stat]Perplexity 1073.256+/-57.147
Part 1 -----------------Valid folds: 5
[Stat]Loglikelihood -324.607+/-10.896
[Stat]Perplexity 1062.604+/-42.095
Part 2 -----------------Valid folds: 5
[Stat]Loglikelihood -320.342+/-11.107
[Stat]Perplexity 1054.479+/-18.431
Part 3 -----------------Valid folds: 5
[Stat]Loglikelihood -322.869+/-21.805
[Stat]Perplexity 1003.031+/-36.885
Part 4 -----------------Valid folds: 5
[Stat]Loglikelihood -321.508+/-10.138
[Stat]Perplexity 1049.105+/-15.264
