Load 6134 2-gram new features from /zf18/ll5fy/lab/dataset/yelp/yelp_features.txt...
1409 users are loaded from /zf18/ll5fy/lab/dataset/yelp/byUser_70k_review/data/...
Info File Path: /zf18/ll5fy/lab/dataset/yelp/byUser_70k_review/output/5foldsCVColdstart/LDA_Item_info.txt
[Info]Start FIXED cross validation...
260 users are loaded from /zf18/ll5fy/lab/dataset/yelp/byUser_70k_review/5foldsCVColdstart/0/...
244 users are loaded from /zf18/ll5fy/lab/dataset/yelp/byUser_70k_review/5foldsCVColdstart/1/...
266 users are loaded from /zf18/ll5fy/lab/dataset/yelp/byUser_70k_review/5foldsCVColdstart/2/...
264 users are loaded from /zf18/ll5fy/lab/dataset/yelp/byUser_70k_review/5foldsCVColdstart/3/...
256 users are loaded from /zf18/ll5fy/lab/dataset/yelp/byUser_70k_review/5foldsCVColdstart/4/...
====================
[Info]Fold No. 0: 
[Info]Analzying corpus: 
...........-- Global corpus: vocabulary size: 6134, review size: 15843, item size: 861, user size: 861
train size = 12311, test size = 3532....
[Info]Analying bipartie graph: 
-- train graph: review size: 12311, item size: 722, user size: 770
[Info]EM Starting multithread LDA_Focus[k:10, alpha:1.01, beta:1.00, Variational]...
==============
[Info]Likelihood -3824949.01557 at step 0 converge to 1.0000000000...
==============
[Info]Likelihood -3824240.88879 at step 1 converge to 0.0001851337...
==============
[Info]Likelihood -3823466.60009 at step 2 converge to 0.0002024686...
==============
[Info]Likelihood -3822350.51916 at step 3 converge to 0.0002919029...
==============
[Info]Likelihood -3819655.63239 at step 4 converge to 0.0007050339...
==============
[Info]Likelihood -3810050.10046 at step 5 converge to 0.0025147639...
==============
[Info]Likelihood -3777094.82324 at step 6 converge to 0.0086495653...
==============
[Info]Likelihood -3715389.32606 at step 7 converge to 0.0163367615...
==============
[Info]Likelihood -3662027.22478 at step 8 converge to 0.0143624521...
==============
[Info]Likelihood -3628038.78837 at step 9 converge to 0.0092813172...
==============
[Info]Likelihood -3605913.78299 at step 10 converge to 0.0060983376...
==============
[Info]Likelihood -3590452.88963 at step 11 converge to 0.0042876492...
==============
[Info]Likelihood -3579026.79247 at step 12 converge to 0.0031823554...
==============
[Info]Likelihood -3570156.86040 at step 13 converge to 0.0024783084...
==============
[Info]Likelihood -3563105.64608 at step 14 converge to 0.0019750433...
==============
[Info]Likelihood -3557387.31277 at step 15 converge to 0.0016048734...
==============
[Info]Likelihood -3552578.62448 at step 16 converge to 0.0013517472...
==============
[Info]Likelihood -3548401.79679 at step 17 converge to 0.0011757172...
==============
[Info]Likelihood -3544732.20031 at step 18 converge to 0.0010341547...
==============
[Info]Likelihood -3541479.78946 at step 19 converge to 0.0009175336...
==============
[Info]Likelihood -3538552.15076 at step 20 converge to 0.0008266710...
==============
[Info]Likelihood -3535864.76696 at step 21 converge to 0.0007594586...
==============
[Info]Likelihood -3533388.70087 at step 22 converge to 0.0007002717...
==============
[Info]Likelihood -3531091.89555 at step 23 converge to 0.0006500291...
==============
[Info]Likelihood -3528936.80145 at step 24 converge to 0.0006103195...
==============
[Info]Likelihood -3526909.78113 at step 25 converge to 0.0005743997...
==============
[Info]Likelihood -3525009.81598 at step 26 converge to 0.0005387053...
==============
[Info]Likelihood -3523238.38856 at step 27 converge to 0.0005025312...
==============
[Info]Likelihood -3521585.23499 at step 28 converge to 0.0004692142...
==============
[Info]Likelihood -3520031.31136 at step 29 converge to 0.0004412569...
[Info]Likelihood -3520031.311 after step 30 converge to 0.000441 after 79 seconds...
[Info]Analying bipartie graph: 
-- test graph: review size: 3532, item size: 211, user size: 260
[Info]Start evaluation in thread
[Stat]Test evaluation finished: 3532 docs
[Stat]0 part has 817.000000 docs: perplexity is 1219.199 and log-likelihood is -325.734
[Stat]1 part has 303.000000 docs: perplexity is 1188.496 and log-likelihood is -328.692
[Stat]2 part has 1696.000000 docs: perplexity is 1161.444 and log-likelihood is -313.527
[Stat]3 part has 716.000000 docs: perplexity is 1087.252 and log-likelihood is -303.540
[Stat]4 part has 3532.000000 docs: perplexity is 1162.102 and log-likelihood is -315.627
[Info]multithread LDA_Focus[k:10, alpha:1.01, beta:1.00, Variational] Train/Test finished in 82.16 seconds...
TopWord FilePath:/zf18/ll5fy/lab/dataset/yelp/byUser_70k_review/output/5foldsCVColdstart/0/LDA_Item_topWords_10.txt
Topic 0(0.08846):	chicken(0.05756)	breakfast(0.01978)	side(0.01640)	lunch(0.01536)	bread(0.01496)	wait(0.01379)	time(0.01330)	pancak(0.01217)	sauc(0.01215)	toast(0.01005)	french(0.00961)	delici(0.00944)	serv(0.00906)	brunch(0.00885)	friend(0.00870)	waffl(0.00834)	tabl(0.00823)	plate(0.00807)	beef(0.00798)	corn(0.00640)	definit(0.00632)	best(0.00605)	crispi(0.00586)	sweet(0.00551)	perfect(0.00501)	cafe(0.00492)	pretti(0.00480)	pork(0.00469)	sausag(0.00468)	strip(0.00465)	
Topic 1(0.10926):	drink(0.04353)	happi(0.03107)	friend(0.02160)	beer(0.01923)	pretti(0.01858)	taco(0.01804)	price(0.01779)	happi-hour(0.01696)	time(0.01613)	tabl(0.01473)	night(0.01164)	chip(0.01099)	delici(0.00893)	definit(0.00838)	mexican(0.00800)	super(0.00764)	restaur(0.00744)	amaz(0.00732)	pretti-good(0.00709)	wait(0.00695)	busi(0.00654)	special(0.00598)	waitress(0.00572)	slow(0.00553)	appet(0.00550)	dinner(0.00540)	bartend(0.00534)	recommend(0.00521)	star(0.00515)	tast(0.00508)	
Topic 2(0.08268):	cream(0.03692)	chocol(0.02922)	sweet(0.02788)	flavor(0.02700)	cake(0.02464)	ice-cream(0.01902)	tast(0.01526)	coffe(0.01389)	cooki(0.00989)	strawberri(0.00942)	delici(0.00796)	crepe(0.00762)	banana(0.00696)	pastri(0.00676)	vanilla(0.00654)	sugar(0.00647)	best(0.00622)	gelato(0.00596)	friend(0.00592)	small(0.00592)	favorit(0.00582)	select(0.00568)	appl(0.00566)	perfect(0.00565)	frozen(0.00549)	boba(0.00544)	custard(0.00533)	time(0.00503)	fill(0.00501)	coconut(0.00485)	
Topic 3(0.11785):	vega(0.02404)	park(0.02396)	locat(0.02255)	shop(0.01994)	area(0.01976)	cool(0.01676)	las-vega(0.01441)	store(0.01324)	seat(0.01323)	walk(0.01287)	drink(0.01283)	town(0.01158)	local(0.01075)	peopl(0.01064)	insid(0.01022)	find(0.01011)	spot(0.00985)	watch(0.00971)	time(0.00870)	restaur(0.00850)	street(0.00822)	play(0.00740)	downtown(0.00719)	pretti(0.00712)	open(0.00668)	price(0.00668)	year(0.00623)	rock(0.00595)	theater(0.00592)	easi(0.00585)	
Topic 4(0.10852):	rice(0.02607)	roll(0.02480)	sushi(0.02389)	buffet(0.01879)	dish(0.01843)	pork(0.01598)	thai(0.01409)	restaur(0.01258)	shrimp(0.01257)	spici(0.01256)	curri(0.01166)	fish(0.01161)	lunch(0.01151)	beef(0.01034)	sauc(0.00963)	korean(0.00933)	chicken(0.00895)	price(0.00873)	favorit(0.00850)	time(0.00849)	soup(0.00801)	pretti(0.00800)	tuna(0.00785)	crab(0.00777)	salmon(0.00773)	belli(0.00722)	definit(0.00720)	dinner(0.00718)	special(0.00691)	flavor(0.00680)	
Topic 5(0.10737):	room(0.04137)	strip(0.02367)	casino(0.02278)	stay(0.02125)	hotel(0.02045)	vega(0.01900)	night(0.01687)	club(0.01316)	view(0.01305)	time(0.01198)	pool(0.01040)	pretti(0.00895)	tabl(0.00846)	walk(0.00820)	peopl(0.00808)	music(0.00780)	area(0.00712)	crowd(0.00695)	play(0.00674)	danc(0.00659)	restaur(0.00612)	clean(0.00580)	loung(0.00546)	friend(0.00543)	parti(0.00524)	small(0.00495)	machin(0.00476)	suit(0.00470)	feel(0.00464)	locat(0.00434)	
Topic 6(0.09901):	steak(0.02298)	restaur(0.01911)	dish(0.01761)	dinner(0.01339)	perfect(0.01266)	wine(0.01163)	dine(0.01069)	tast(0.01066)	tabl(0.01017)	serv(0.01001)	cours(0.00990)	bread(0.00950)	cook(0.00950)	flavor(0.00839)	chef(0.00831)	side(0.00802)	lobster(0.00801)	experi(0.00792)	reserv(0.00781)	excel(0.00766)	start(0.00715)	delici(0.00697)	plate(0.00686)	sauc(0.00681)	best(0.00596)	mushroom(0.00595)	truffl(0.00580)	amaz(0.00576)	waiter(0.00541)	appet(0.00528)	
Topic 7(0.12560):	time(0.03697)	star(0.02035)	review(0.01751)	peopl(0.01285)	year(0.01051)	seat(0.01016)	custom(0.01015)	work(0.00993)	close(0.00800)	experi(0.00777)	amaz(0.00761)	told(0.00737)	yelp(0.00731)	call(0.00717)	wait(0.00712)	friend(0.00699)	pick(0.00661)	manag(0.00638)	NUM-minut(0.00631)	find(0.00588)	thought(0.00586)	water(0.00578)	price(0.00555)	feel(0.00541)	staff(0.00540)	expect(0.00540)	final(0.00534)	best(0.00523)	week(0.00514)	month(0.00508)	
Topic 8(0.09090):	ramen(0.02116)	time(0.01760)	wait(0.01713)	bowl(0.01697)	soup(0.01561)	tast(0.01336)	flavor(0.01288)	friend(0.01279)	fast(0.01192)	broth(0.01073)	pretti(0.01068)	side(0.01063)	onion(0.01045)	spici(0.01040)	sauc(0.01007)	small(0.00926)	extra(0.00919)	shake(0.00795)	definit(0.00776)	restaur(0.00775)	cook(0.00773)	size(0.00680)	pork(0.00676)	juici(0.00630)	perfect(0.00616)	locat(0.00604)	delici(0.00581)	super(0.00578)	busi(0.00557)	hawaiian(0.00531)	
Topic 9(0.07035):	pizza(0.04706)	sauc(0.02139)	pasta(0.01395)	slice(0.01284)	time(0.01189)	garlic(0.01138)	italian(0.01064)	wing(0.01033)	crust(0.01026)	style(0.00872)	white(0.00844)	tast(0.00830)	best(0.00804)	bread(0.00738)	friend(0.00734)	lunch(0.00701)	ingredi(0.00694)	thin(0.00686)	price(0.00656)	delici(0.00646)	sausag(0.00608)	oliv(0.00607)	meatbal(0.00560)	serv(0.00555)	perfect(0.00525)	definit(0.00513)	restaur(0.00501)	small(0.00484)	favorit(0.00480)	flavor(0.00479)	
244 users are loaded from /zf18/ll5fy/lab/dataset/yelp/byUser_70k_review/5foldsCVColdstart/1/...
260 users are loaded from /zf18/ll5fy/lab/dataset/yelp/byUser_70k_review/5foldsCVColdstart/0/...
266 users are loaded from /zf18/ll5fy/lab/dataset/yelp/byUser_70k_review/5foldsCVColdstart/2/...
264 users are loaded from /zf18/ll5fy/lab/dataset/yelp/byUser_70k_review/5foldsCVColdstart/3/...
256 users are loaded from /zf18/ll5fy/lab/dataset/yelp/byUser_70k_review/5foldsCVColdstart/4/...
====================
[Info]Fold No. 1: 
[Info]Analzying corpus: 
...........-- Global corpus: vocabulary size: 6134, review size: 15843, item size: 861, user size: 861
train size = 13268, test size = 2575....
[Info]Analying bipartie graph: 
-- train graph: review size: 13268, item size: 732, user size: 782
[Info]EM Starting multithread LDA_Focus[k:10, alpha:1.01, beta:1.00, Variational]...
==============
[Info]Likelihood -4108301.91949 at step 0 converge to 1.0000000000...
==============
[Info]Likelihood -4107546.84591 at step 1 converge to 0.0001837921...
==============
[Info]Likelihood -4106737.98497 at step 2 converge to 0.0001969207...
==============
[Info]Likelihood -4105658.66744 at step 3 converge to 0.0002628163...
==============
[Info]Likelihood -4103391.82456 at step 4 converge to 0.0005521265...
==============
[Info]Likelihood -4095980.73479 at step 5 converge to 0.0018060887...
==============
[Info]Likelihood -4066638.28773 at step 6 converge to 0.0071637171...
==============
[Info]Likelihood -3998575.94105 at step 7 converge to 0.0167367594...
==============
[Info]Likelihood -3938172.04608 at step 8 converge to 0.0151063518...
==============
[Info]Likelihood -3901560.39478 at step 9 converge to 0.0092966104...
==============
[Info]Likelihood -3878982.33509 at step 10 converge to 0.0057869307...
==============
[Info]Likelihood -3863626.10267 at step 11 converge to 0.0039588302...
==============
[Info]Likelihood -3852078.80507 at step 12 converge to 0.0029887203...
==============
[Info]Likelihood -3842775.52866 at step 13 converge to 0.0024151314...
==============
[Info]Likelihood -3834957.93107 at step 14 converge to 0.0020343623...
==============
[Info]Likelihood -3828224.10065 at step 15 converge to 0.0017559072...
==============
[Info]Likelihood -3822368.01960 at step 16 converge to 0.0015297122...
==============
[Info]Likelihood -3817245.89570 at step 17 converge to 0.0013400394...
==============
[Info]Likelihood -3812754.73242 at step 18 converge to 0.0011765454...
==============
[Info]Likelihood -3808764.41651 at step 19 converge to 0.0010465703...
==============
[Info]Likelihood -3805163.13343 at step 20 converge to 0.0009455253...
==============
[Info]Likelihood -3801909.88600 at step 21 converge to 0.0008549561...
==============
[Info]Likelihood -3798971.67485 at step 22 converge to 0.0007728250...
==============
[Info]Likelihood -3796303.46018 at step 23 converge to 0.0007023518...
==============
[Info]Likelihood -3793868.02226 at step 24 converge to 0.0006415288...
==============
[Info]Likelihood -3791639.10563 at step 25 converge to 0.0005875051...
==============
[Info]Likelihood -3789596.63307 at step 26 converge to 0.0005386780...
==============
[Info]Likelihood -3787720.24729 at step 27 converge to 0.0004951413...
==============
[Info]Likelihood -3785988.04210 at step 28 converge to 0.0004573213...
==============
[Info]Likelihood -3784380.32261 at step 29 converge to 0.0004246499...
[Info]Likelihood -3784380.323 after step 30 converge to 0.000425 after 50 seconds...
[Info]Analying bipartie graph: 
-- test graph: review size: 2575, item size: 179, user size: 244
[Info]Start evaluation in thread
[Stat]Test evaluation finished: 2575 docs
[Stat]0 part has 746.000000 docs: perplexity is 1117.124 and log-likelihood is -337.444
[Stat]1 part has 193.000000 docs: perplexity is 1169.587 and log-likelihood is -329.758
[Stat]2 part has 1220.000000 docs: perplexity is 1181.801 and log-likelihood is -326.235
[Stat]3 part has 416.000000 docs: perplexity is 1125.371 and log-likelihood is -319.728
[Stat]4 part has 2575.000000 docs: perplexity is 1152.268 and log-likelihood is -328.695
[Info]multithread LDA_Focus[k:10, alpha:1.01, beta:1.00, Variational] Train/Test finished in 51.14 seconds...
TopWord FilePath:/zf18/ll5fy/lab/dataset/yelp/byUser_70k_review/output/5foldsCVColdstart/1/LDA_Item_topWords_10.txt
Topic 0(0.08663):	buffet(0.03327)	cream(0.03099)	chocol(0.01971)	ice-cream(0.01955)	sweet(0.01849)	flavor(0.01804)	coffe(0.01499)	cake(0.01254)	tast(0.01218)	select(0.01136)	time(0.01123)	drink(0.01040)	cooki(0.00964)	station(0.00902)	strawberri(0.00777)	crepe(0.00761)	best(0.00719)	delici(0.00703)	pretti(0.00694)	friend(0.00673)	donut(0.00656)	varieti(0.00652)	cute(0.00649)	boba(0.00607)	definit(0.00599)	favorit(0.00596)	offer(0.00581)	frozen(0.00576)	sugar(0.00562)	custard(0.00535)	
Topic 1(0.13431):	park(0.01804)	time(0.01435)	store(0.01401)	shop(0.01338)	year(0.01293)	find(0.01182)	vega(0.01173)	peopl(0.01131)	watch(0.01097)	seat(0.01044)	music(0.00943)	play(0.00891)	cool(0.00845)	walk(0.00835)	area(0.00663)	work(0.00597)	theater(0.00597)	price(0.00589)	las-vega(0.00561)	town(0.00550)	insid(0.00517)	ticket(0.00486)	locat(0.00470)	feel(0.00461)	event(0.00459)	open(0.00450)	downtown(0.00449)	favorit(0.00445)	month(0.00442)	amaz(0.00437)	
Topic 2(0.13498):	time(0.04553)	wait(0.03845)	tabl(0.03174)	drink(0.02438)	star(0.01998)	friend(0.01925)	peopl(0.01705)	seat(0.01660)	experi(0.01398)	NUM-minut(0.01384)	night(0.01184)	busi(0.01017)	review(0.00979)	restaur(0.00968)	expect(0.00958)	told(0.00927)	parti(0.00835)	call(0.00817)	staff(0.00779)	manag(0.00768)	waitress(0.00738)	arriv(0.00724)	final(0.00656)	brought(0.00653)	custom(0.00651)	start(0.00623)	water(0.00622)	dinner(0.00605)	waiter(0.00590)	thought(0.00576)	
Topic 3(0.07192):	pizza(0.04177)	ramen(0.02253)	bowl(0.02073)	sauc(0.01426)	broth(0.01238)	flavor(0.01216)	time(0.01062)	slice(0.01004)	extra(0.00998)	tast(0.00966)	small(0.00963)	crust(0.00843)	thin(0.00836)	size(0.00765)	garlic(0.00765)	friend(0.00758)	ingredi(0.00749)	perfect(0.00748)	definit(0.00734)	style(0.00718)	best(0.00709)	delici(0.00697)	onion(0.00613)	sausag(0.00607)	feel(0.00605)	side(0.00597)	white(0.00559)	piec(0.00537)	cook(0.00485)	vega(0.00481)	
Topic 4(0.12026):	room(0.04025)	vega(0.03040)	strip(0.02504)	casino(0.02263)	stay(0.02157)	hotel(0.02088)	night(0.01510)	club(0.01290)	area(0.01080)	view(0.01056)	pool(0.01039)	las-vega(0.00968)	locat(0.00967)	walk(0.00944)	restaur(0.00932)	time(0.00843)	pretti(0.00737)	rock(0.00620)	crowd(0.00592)	peopl(0.00569)	feel(0.00537)	danc(0.00516)	best(0.00514)	clean(0.00511)	loung(0.00497)	open(0.00496)	drink(0.00467)	cool(0.00465)	small(0.00461)	play(0.00458)	
Topic 5(0.09958):	chicken(0.03021)	rice(0.02563)	dish(0.02036)	pork(0.02025)	soup(0.01997)	beef(0.01852)	thai(0.01717)	restaur(0.01559)	spici(0.01497)	flavor(0.01398)	sauc(0.01361)	taco(0.01329)	curri(0.01172)	lunch(0.01164)	bean(0.00905)	tast(0.00822)	delici(0.00805)	veggi(0.00752)	definit(0.00718)	korean(0.00718)	chines(0.00681)	asian(0.00667)	best(0.00655)	mexican(0.00651)	cook(0.00638)	spice(0.00612)	plate(0.00605)	shrimp(0.00603)	time(0.00589)	fri-rice(0.00546)	
Topic 6(0.11044):	happi(0.02919)	pretti(0.02481)	chicken(0.02457)	beer(0.02131)	price(0.02009)	friend(0.01800)	happi-hour(0.01704)	locat(0.01679)	side(0.01481)	time(0.01379)	lunch(0.01255)	drink(0.01160)	fast(0.01015)	super(0.00952)	definit(0.00869)	spot(0.00749)	sauc(0.00732)	pretti-good(0.00724)	wing(0.00715)	special(0.00711)	shake(0.00711)	town(0.00705)	area(0.00665)	deal(0.00593)	best(0.00566)	delici(0.00535)	hawaiian(0.00531)	busi(0.00519)	local(0.00506)	healthi(0.00494)	
Topic 7(0.07526):	roll(0.03539)	sushi(0.03031)	fish(0.02451)	dish(0.01617)	salmon(0.01427)	favorit(0.01305)	tuna(0.01291)	special(0.01270)	chef(0.01229)	restaur(0.00964)	tast(0.00955)	definit(0.00945)	time(0.00895)	small(0.00866)	sauc(0.00859)	belli(0.00836)	amaz(0.00833)	price(0.00819)	spici(0.00811)	dinner(0.00772)	shrimp(0.00739)	rice(0.00696)	piec(0.00679)	flavor(0.00660)	best(0.00646)	pretti(0.00630)	friend(0.00606)	lunch(0.00598)	delici(0.00598)	sashimi(0.00592)	
Topic 8(0.07541):	breakfast(0.01926)	bread(0.01500)	cake(0.01384)	sweet(0.01314)	serv(0.01192)	french(0.01171)	toast(0.01106)	chocol(0.01026)	pancak(0.00961)	tast(0.00936)	brunch(0.00875)	flavor(0.00828)	perfect(0.00783)	dish(0.00735)	waffl(0.00673)	delici(0.00666)	bite(0.00637)	cream(0.00616)	cours(0.00607)	best(0.00562)	banana(0.00505)	crispi(0.00466)	truffl(0.00464)	coffe(0.00453)	rich(0.00451)	pastri(0.00449)	chef(0.00446)	small(0.00445)	fill(0.00420)	restaur(0.00411)	
Topic 9(0.09120):	steak(0.02739)	restaur(0.01706)	dinner(0.01699)	wine(0.01660)	crab(0.01512)	cook(0.01336)	perfect(0.01332)	bread(0.01298)	sauc(0.01201)	dine(0.01136)	side(0.01128)	tast(0.01091)	shrimp(0.01083)	lobster(0.01048)	dish(0.00959)	delici(0.00932)	pasta(0.00893)	excel(0.00888)	plate(0.00875)	flavor(0.00828)	appet(0.00815)	cours(0.00804)	serv(0.00787)	mushroom(0.00776)	seafood(0.00644)	rare(0.00639)	medium(0.00632)	best(0.00626)	amaz(0.00613)	start(0.00567)	
266 users are loaded from /zf18/ll5fy/lab/dataset/yelp/byUser_70k_review/5foldsCVColdstart/2/...
260 users are loaded from /zf18/ll5fy/lab/dataset/yelp/byUser_70k_review/5foldsCVColdstart/0/...
244 users are loaded from /zf18/ll5fy/lab/dataset/yelp/byUser_70k_review/5foldsCVColdstart/1/...
264 users are loaded from /zf18/ll5fy/lab/dataset/yelp/byUser_70k_review/5foldsCVColdstart/3/...
256 users are loaded from /zf18/ll5fy/lab/dataset/yelp/byUser_70k_review/5foldsCVColdstart/4/...
====================
[Info]Fold No. 2: 
[Info]Analzying corpus: 
...........-- Global corpus: vocabulary size: 6134, review size: 15843, item size: 861, user size: 861
train size = 12778, test size = 3065....
[Info]Analying bipartie graph: 
-- train graph: review size: 12778, item size: 702, user size: 773
[Info]EM Starting multithread LDA_Focus[k:10, alpha:1.01, beta:1.00, Variational]...
==============
[Info]Likelihood -3883868.59663 at step 0 converge to 1.0000000000...
==============
[Info]Likelihood -3883145.85737 at step 1 converge to 0.0001860875...
==============
[Info]Likelihood -3882372.17509 at step 2 converge to 0.0001992411...
==============
[Info]Likelihood -3881306.32531 at step 3 converge to 0.0002745357...
==============
[Info]Likelihood -3878394.40147 at step 4 converge to 0.0007502432...
==============
[Info]Likelihood -3864950.06621 at step 5 converge to 0.0034664693...
==============
[Info]Likelihood -3823851.94171 at step 6 converge to 0.0106335460...
==============
[Info]Likelihood -3764119.94238 at step 7 converge to 0.0156208975...
==============
[Info]Likelihood -3716947.61851 at step 8 converge to 0.0125320990...
==============
[Info]Likelihood -3686461.54756 at step 9 converge to 0.0082019103...
==============
[Info]Likelihood -3665824.98254 at step 10 converge to 0.0055979331...
==============
[Info]Likelihood -3650742.09900 at step 11 converge to 0.0041144582...
==============
[Info]Likelihood -3639156.71079 at step 12 converge to 0.0031734338...
==============
[Info]Likelihood -3629916.69064 at step 13 converge to 0.0025390553...
==============
[Info]Likelihood -3622292.03208 at step 14 converge to 0.0021005051...
==============
[Info]Likelihood -3615806.37911 at step 15 converge to 0.0017904832...
==============
[Info]Likelihood -3610162.31529 at step 16 converge to 0.0015609419...
==============
[Info]Likelihood -3605170.44309 at step 17 converge to 0.0013827279...
==============
[Info]Likelihood -3600714.74106 at step 18 converge to 0.0012359199...
==============
[Info]Likelihood -3596651.09834 at step 19 converge to 0.0011285656...
==============
[Info]Likelihood -3592874.64664 at step 20 converge to 0.0010499911...
==============
[Info]Likelihood -3589429.20546 at step 21 converge to 0.0009589650...
==============
[Info]Likelihood -3586289.97855 at step 22 converge to 0.0008745755...
==============
[Info]Likelihood -3583418.33446 at step 23 converge to 0.0008007284...
==============
[Info]Likelihood -3580758.23435 at step 24 converge to 0.0007423359...
==============
[Info]Likelihood -3578271.38389 at step 25 converge to 0.0006945039...
==============
[Info]Likelihood -3575935.19026 at step 26 converge to 0.0006528833...
==============
[Info]Likelihood -3573739.79805 at step 27 converge to 0.0006139351...
==============
[Info]Likelihood -3571677.53760 at step 28 converge to 0.0005770595...
==============
[Info]Likelihood -3569732.86876 at step 29 converge to 0.0005444693...
[Info]Likelihood -3569732.869 after step 30 converge to 0.000544 after 48 seconds...
[Info]Analying bipartie graph: 
-- test graph: review size: 3065, item size: 207, user size: 266
[Info]Start evaluation in thread
[Stat]Test evaluation finished: 3065 docs
[Stat]0 part has 769.000000 docs: perplexity is 1144.577 and log-likelihood is -330.572
[Stat]1 part has 178.000000 docs: perplexity is 1087.765 and log-likelihood is -345.745
[Stat]2 part has 1718.000000 docs: perplexity is 1201.577 and log-likelihood is -347.049
[Stat]3 part has 400.000000 docs: perplexity is 1145.026 and log-likelihood is -368.904
[Stat]4 part has 3065.000000 docs: perplexity is 1172.755 and log-likelihood is -345.691
[Info]multithread LDA_Focus[k:10, alpha:1.01, beta:1.00, Variational] Train/Test finished in 49.62 seconds...
TopWord FilePath:/zf18/ll5fy/lab/dataset/yelp/byUser_70k_review/output/5foldsCVColdstart/2/LDA_Item_topWords_10.txt
Topic 0(0.09427):	chicken(0.06622)	lunch(0.03044)	sauc(0.01662)	side(0.01630)	time(0.01378)	friend(0.01332)	bread(0.01216)	delici(0.01194)	wing(0.00944)	size(0.00924)	plate(0.00896)	definit(0.00787)	yelp(0.00784)	pretti(0.00759)	price(0.00687)	locat(0.00669)	small(0.00643)	healthi(0.00641)	flavor(0.00630)	sweet(0.00612)	yummi(0.00607)	perfect(0.00583)	fast(0.00537)	piec(0.00527)	cake(0.00519)	super(0.00504)	tast(0.00496)	cupcak(0.00488)	option(0.00484)	choic(0.00477)	
Topic 1(0.09750):	cream(0.02819)	chocol(0.02055)	sweet(0.01988)	flavor(0.01944)	breakfast(0.01832)	coffe(0.01796)	ice-cream(0.01600)	cake(0.01414)	tast(0.01269)	toast(0.01077)	french(0.00914)	waffl(0.00868)	pancak(0.00827)	cooki(0.00814)	brunch(0.00771)	strawberri(0.00713)	delici(0.00693)	shake(0.00683)	friend(0.00667)	best(0.00631)	banana(0.00630)	crepe(0.00613)	definit(0.00596)	time(0.00583)	sugar(0.00583)	drink(0.00568)	boba(0.00567)	pastri(0.00564)	perfect(0.00549)	favorit(0.00520)	
Topic 2(0.09555):	steak(0.01956)	restaur(0.01723)	dish(0.01432)	bread(0.01400)	perfect(0.01336)	dinner(0.01331)	tast(0.01130)	cook(0.01089)	dine(0.01070)	serv(0.01027)	sauc(0.00991)	flavor(0.00961)	cours(0.00947)	wine(0.00859)	excel(0.00856)	side(0.00821)	lobster(0.00816)	plate(0.00757)	delici(0.00741)	mushroom(0.00716)	tabl(0.00657)	experi(0.00641)	start(0.00627)	appet(0.00577)	amaz(0.00560)	best(0.00544)	chef(0.00534)	share(0.00513)	season(0.00475)	tender(0.00473)	
Topic 3(0.09172):	room(0.05189)	stay(0.02724)	hotel(0.02656)	casino(0.02446)	strip(0.02399)	ramen(0.02025)	pool(0.01296)	view(0.01260)	vega(0.01236)	walk(0.01224)	locat(0.01105)	restaur(0.01083)	area(0.01030)	park(0.00972)	clean(0.00785)	night(0.00775)	time(0.00748)	feel(0.00639)	pretti(0.00633)	suit(0.00578)	small(0.00543)	properti(0.00537)	elev(0.00500)	beauti(0.00498)	star(0.00492)	modern(0.00485)	tower(0.00482)	fountain(0.00481)	open(0.00480)	smell(0.00462)	
Topic 4(0.09851):	pizza(0.02852)	pork(0.02420)	dish(0.02267)	rice(0.02110)	beef(0.01905)	soup(0.01820)	thai(0.01653)	sauc(0.01612)	flavor(0.01507)	spici(0.01396)	restaur(0.01277)	curri(0.01262)	tast(0.01047)	cook(0.00896)	slice(0.00866)	broth(0.00836)	style(0.00741)	definit(0.00730)	garlic(0.00693)	bowl(0.00663)	time(0.00657)	belli(0.00626)	chines(0.00612)	best(0.00597)	serv(0.00591)	crispi(0.00565)	delici(0.00565)	thin(0.00559)	small(0.00546)	pretti(0.00539)	
Topic 5(0.07951):	roll(0.03650)	sushi(0.03426)	fish(0.02294)	shrimp(0.02150)	crab(0.01609)	time(0.01398)	special(0.01301)	dinner(0.01260)	tuna(0.01192)	salmon(0.01191)	definit(0.01126)	spici(0.01038)	favorit(0.01012)	sauc(0.00997)	rice(0.00983)	restaur(0.00939)	friend(0.00931)	tast(0.00924)	pretti(0.00875)	price(0.00871)	chef(0.00801)	seafood(0.00789)	oyster(0.00778)	piec(0.00707)	best(0.00641)	night(0.00594)	small(0.00586)	lunch(0.00576)	appet(0.00566)	sashimi(0.00565)	
Topic 6(0.10595):	vega(0.04617)	buffet(0.03232)	las-vega(0.02249)	shop(0.02058)	price(0.01840)	year(0.01829)	store(0.01773)	park(0.01616)	find(0.01451)	select(0.01374)	time(0.01134)	local(0.01106)	locat(0.01078)	station(0.00992)	best(0.00986)	card(0.00929)	offer(0.00899)	town(0.00871)	strip(0.00860)	pretti(0.00795)	deal(0.00741)	reason(0.00713)	area(0.00696)	machin(0.00671)	sign(0.00653)	varieti(0.00647)	money(0.00625)	trip(0.00597)	prime(0.00567)	option(0.00556)	
Topic 7(0.13087):	time(0.04349)	wait(0.03732)	tabl(0.02791)	busi(0.01658)	friend(0.01584)	star(0.01510)	seat(0.01461)	peopl(0.01449)	NUM-minut(0.01448)	review(0.01298)	custom(0.01078)	staff(0.01048)	experi(0.01043)	work(0.01018)	told(0.00964)	walk(0.00893)	restaur(0.00872)	open(0.00864)	locat(0.00834)	area(0.00826)	call(0.00822)	manag(0.00801)	final(0.00762)	waitress(0.00722)	arriv(0.00693)	second(0.00555)	close(0.00531)	coupl(0.00518)	start(0.00501)	expect(0.00492)	
Topic 8(0.08766):	happi(0.03394)	beer(0.02874)	taco(0.02442)	drink(0.02096)	price(0.01942)	happi-hour(0.01767)	pretti(0.01614)	friend(0.01558)	chip(0.01324)	side(0.01053)	delici(0.01010)	tast(0.00927)	mexican(0.00884)	korean(0.00851)	definit(0.00801)	amaz(0.00778)	bean(0.00764)	best(0.00752)	recommend(0.00731)	time(0.00707)	restaur(0.00690)	favorit(0.00672)	burrito(0.00664)	onion(0.00650)	special(0.00644)	serv(0.00628)	corn(0.00626)	super(0.00588)	wine(0.00529)	select(0.00526)	
Topic 9(0.11847):	drink(0.03125)	night(0.02034)	peopl(0.01666)	time(0.01645)	cool(0.01509)	music(0.01466)	club(0.01387)	seat(0.01355)	watch(0.01290)	play(0.01263)	crowd(0.01091)	pretti(0.00965)	friend(0.00893)	vega(0.00892)	danc(0.00757)	theater(0.00670)	amaz(0.00626)	ticket(0.00618)	insid(0.00614)	definit(0.00605)	small(0.00570)	feel(0.00541)	rock(0.00528)	best(0.00514)	bartend(0.00483)	area(0.00476)	favorit(0.00460)	spot(0.00446)	event(0.00442)	cirqu(0.00420)	
264 users are loaded from /zf18/ll5fy/lab/dataset/yelp/byUser_70k_review/5foldsCVColdstart/3/...
260 users are loaded from /zf18/ll5fy/lab/dataset/yelp/byUser_70k_review/5foldsCVColdstart/0/...
244 users are loaded from /zf18/ll5fy/lab/dataset/yelp/byUser_70k_review/5foldsCVColdstart/1/...
266 users are loaded from /zf18/ll5fy/lab/dataset/yelp/byUser_70k_review/5foldsCVColdstart/2/...
256 users are loaded from /zf18/ll5fy/lab/dataset/yelp/byUser_70k_review/5foldsCVColdstart/4/...
====================
[Info]Fold No. 3: 
[Info]Analzying corpus: 
...........-- Global corpus: vocabulary size: 6134, review size: 15843, item size: 861, user size: 861
train size = 12591, test size = 3252....
[Info]Analying bipartie graph: 
-- train graph: review size: 12591, item size: 717, user size: 770
[Info]EM Starting multithread LDA_Focus[k:10, alpha:1.01, beta:1.00, Variational]...
==============
[Info]Likelihood -3901088.47460 at step 0 converge to 1.0000000000...
==============
[Info]Likelihood -3900368.18623 at step 1 converge to 0.0001846378...
==============
[Info]Likelihood -3899576.74634 at step 2 converge to 0.0002029141...
==============
[Info]Likelihood -3898410.33107 at step 3 converge to 0.0002991133...
==============
[Info]Likelihood -3895381.13679 at step 4 converge to 0.0007770332...
==============
[Info]Likelihood -3880964.80898 at step 5 converge to 0.0037008773...
==============
[Info]Likelihood -3830934.87450 at step 6 converge to 0.0128911075...
==============
[Info]Likelihood -3767047.87777 at step 7 converge to 0.0166766074...
==============
[Info]Likelihood -3721652.37869 at step 8 converge to 0.0120506828...
==============
[Info]Likelihood -3692530.65493 at step 9 converge to 0.0078249446...
==============
[Info]Likelihood -3672512.28371 at step 10 converge to 0.0054213148...
==============
[Info]Likelihood -3657571.49218 at step 11 converge to 0.0040682754...
==============
[Info]Likelihood -3645972.88918 at step 12 converge to 0.0031711213...
==============
[Info]Likelihood -3636718.31899 at step 13 converge to 0.0025382992...
==============
[Info]Likelihood -3629071.07672 at step 14 converge to 0.0021027865...
==============
[Info]Likelihood -3622592.97057 at step 15 converge to 0.0017850590...
==============
[Info]Likelihood -3617090.53807 at step 16 converge to 0.0015189210...
==============
[Info]Likelihood -3612409.01888 at step 17 converge to 0.0012942776...
==============
[Info]Likelihood -3608369.32155 at step 18 converge to 0.0011182835...
==============
[Info]Likelihood -3604833.24830 at step 19 converge to 0.0009799643...
==============
[Info]Likelihood -3601706.98722 at step 20 converge to 0.0008672415...
==============
[Info]Likelihood -3598916.91626 at step 21 converge to 0.0007746524...
==============
[Info]Likelihood -3596415.52756 at step 22 converge to 0.0006950393...
==============
[Info]Likelihood -3594155.86195 at step 23 converge to 0.0006283105...
==============
[Info]Likelihood -3592092.46655 at step 24 converge to 0.0005740974...
==============
[Info]Likelihood -3590193.69040 at step 25 converge to 0.0005285989...
==============
[Info]Likelihood -3588430.08169 at step 26 converge to 0.0004912294...
==============
[Info]Likelihood -3586774.64388 at step 27 converge to 0.0004613265...
==============
[Info]Likelihood -3585196.05473 at step 28 converge to 0.0004401138...
==============
[Info]Likelihood -3583684.66006 at step 29 converge to 0.0004215654...
[Info]Likelihood -3583684.660 after step 30 converge to 0.000422 after 64 seconds...
[Info]Analying bipartie graph: 
-- test graph: review size: 3252, item size: 206, user size: 264
[Info]Start evaluation in thread
[Stat]Test evaluation finished: 3252 docs
[Stat]0 part has 912.000000 docs: perplexity is 1210.733 and log-likelihood is -326.008
[Stat]1 part has 285.000000 docs: perplexity is 1136.979 and log-likelihood is -311.589
[Stat]2 part has 1562.000000 docs: perplexity is 1162.894 and log-likelihood is -319.936
[Stat]3 part has 493.000000 docs: perplexity is 1029.826 and log-likelihood is -315.197
[Stat]4 part has 3252.000000 docs: perplexity is 1152.563 and log-likelihood is -320.189
[Info]multithread LDA_Focus[k:10, alpha:1.01, beta:1.00, Variational] Train/Test finished in 65.88 seconds...
TopWord FilePath:/zf18/ll5fy/lab/dataset/yelp/byUser_70k_review/output/5foldsCVColdstart/3/LDA_Item_topWords_10.txt
Topic 0(0.09020):	price(0.04626)	buffet(0.03660)	lunch(0.03430)	select(0.02424)	pretti(0.02210)	time(0.01525)	dinner(0.01492)	best(0.01334)	crab(0.01281)	varieti(0.01179)	reason(0.01169)	vega(0.01165)	station(0.01127)	seafood(0.01126)	offer(0.01038)	pretti-good(0.00925)	option(0.00887)	shrimp(0.00881)	find(0.00843)	town(0.00796)	stuff(0.00752)	choic(0.00718)	averag(0.00672)	favorit(0.00668)	prime(0.00601)	definit(0.00595)	special(0.00592)	asian(0.00541)	market(0.00498)	crab-leg(0.00494)	
Topic 1(0.07022):	pizza(0.03913)	sauc(0.01774)	wine(0.01418)	slice(0.01262)	garlic(0.01227)	pasta(0.01073)	mushroom(0.00932)	crust(0.00888)	truffl(0.00886)	tast(0.00878)	bread(0.00872)	restaur(0.00865)	perfect(0.00806)	serv(0.00801)	italian(0.00775)	flavor(0.00758)	style(0.00707)	sausag(0.00654)	oliv(0.00652)	white(0.00648)	thin(0.00647)	dine(0.00639)	ingredi(0.00622)	best(0.00583)	onion(0.00557)	small(0.00552)	dish(0.00549)	delici(0.00548)	beer(0.00523)	time(0.00518)	
Topic 2(0.08522):	cream(0.03460)	chocol(0.02696)	cake(0.02421)	flavor(0.02206)	sweet(0.02040)	ice-cream(0.01887)	coffe(0.01843)	tast(0.01220)	cooki(0.00913)	strawberri(0.00912)	pastri(0.00738)	crepe(0.00723)	delici(0.00691)	vanilla(0.00624)	sugar(0.00607)	donut(0.00599)	banana(0.00575)	best(0.00574)	appl(0.00555)	boba(0.00553)	small(0.00528)	perfect(0.00526)	coconut(0.00520)	cupcak(0.00513)	favorit(0.00501)	time(0.00490)	treat(0.00474)	friend(0.00469)	fill(0.00468)	whip(0.00451)	
Topic 3(0.09554):	rice(0.02847)	pork(0.02375)	dish(0.02126)	soup(0.02040)	chicken(0.01875)	spici(0.01868)	thai(0.01723)	ramen(0.01707)	flavor(0.01543)	restaur(0.01510)	beef(0.01451)	curri(0.01330)	bowl(0.01183)	sauc(0.01170)	tast(0.00949)	broth(0.00924)	cook(0.00883)	korean(0.00859)	definit(0.00809)	belli(0.00657)	time(0.00656)	small(0.00650)	spice(0.00598)	favorit(0.00598)	delici(0.00588)	best(0.00560)	side(0.00556)	serv(0.00543)	fri-rice(0.00511)	chines(0.00508)	
Topic 4(0.13763):	time(0.05091)	wait(0.03737)	tabl(0.02820)	star(0.02290)	friend(0.01957)	peopl(0.01622)	seat(0.01464)	NUM-minut(0.01411)	review(0.01408)	busi(0.01356)	experi(0.01274)	drink(0.01182)	pretti(0.01175)	staff(0.00978)	told(0.00965)	custom(0.00965)	call(0.00915)	restaur(0.00887)	expect(0.00867)	manag(0.00791)	waitress(0.00790)	work(0.00707)	final(0.00691)	arriv(0.00682)	parti(0.00666)	thought(0.00578)	brought(0.00576)	waiter(0.00565)	attent(0.00560)	coupl(0.00536)	
Topic 5(0.08596):	chicken(0.03442)	side(0.02275)	bread(0.01956)	breakfast(0.01868)	delici(0.01111)	sweet(0.01045)	sauc(0.00964)	tast(0.00962)	brunch(0.00961)	friend(0.00954)	french(0.00949)	perfect(0.00908)	waffl(0.00906)	serv(0.00898)	toast(0.00875)	pancak(0.00823)	time(0.00755)	corn(0.00713)	season(0.00711)	beef(0.00686)	definit(0.00671)	best(0.00667)	onion(0.00660)	crispi(0.00642)	flavor(0.00618)	amaz(0.00585)	cook(0.00563)	juici(0.00539)	healthi(0.00522)	pull(0.00475)	
Topic 6(0.08771):	happi(0.03414)	taco(0.02193)	happi-hour(0.01871)	chicken(0.01869)	sauc(0.01570)	chip(0.01303)	locat(0.01047)	friend(0.01024)	beer(0.01020)	super(0.00950)	pretti(0.00932)	delici(0.00894)	time(0.00893)	wing(0.00887)	fast(0.00878)	flavor(0.00871)	definit(0.00845)	mexican(0.00824)	bean(0.00739)	side(0.00736)	price(0.00691)	drink(0.00684)	tast(0.00674)	burrito(0.00629)	hawaiian(0.00626)	nacho(0.00620)	combo(0.00600)	favorit(0.00574)	plate(0.00564)	spot(0.00564)	
Topic 7(0.10989):	room(0.04383)	vega(0.03261)	strip(0.02616)	casino(0.02428)	stay(0.02353)	hotel(0.02120)	locat(0.01633)	las-vega(0.01450)	view(0.01336)	walk(0.01153)	pool(0.01011)	restaur(0.00900)	park(0.00881)	clean(0.00836)	area(0.00738)	time(0.00654)	night(0.00634)	shop(0.00584)	rock(0.00582)	theater(0.00501)	easi(0.00485)	year(0.00482)	pretti(0.00480)	feel(0.00466)	machin(0.00456)	suit(0.00444)	properti(0.00443)	book(0.00437)	tower(0.00431)	elev(0.00424)	
Topic 8(0.14168):	drink(0.02822)	night(0.01530)	peopl(0.01430)	cool(0.01384)	time(0.01310)	park(0.01269)	store(0.01233)	music(0.01144)	area(0.01031)	play(0.01011)	vega(0.00986)	seat(0.00969)	watch(0.00966)	friend(0.00908)	shop(0.00899)	crowd(0.00856)	club(0.00838)	pretti(0.00763)	walk(0.00730)	find(0.00725)	year(0.00701)	insid(0.00670)	open(0.00640)	beer(0.00621)	spot(0.00605)	downtown(0.00593)	local(0.00578)	danc(0.00565)	feel(0.00529)	small(0.00506)	
Topic 9(0.09596):	steak(0.02503)	sushi(0.02208)	roll(0.02085)	restaur(0.01814)	dish(0.01673)	dinner(0.01380)	fish(0.01242)	tast(0.01145)	chef(0.01142)	cours(0.01116)	lobster(0.00990)	salmon(0.00945)	amaz(0.00900)	perfect(0.00880)	cook(0.00859)	delici(0.00848)	excel(0.00835)	dine(0.00817)	tuna(0.00815)	serv(0.00813)	plate(0.00805)	appet(0.00773)	shrimp(0.00744)	experi(0.00740)	best(0.00730)	start(0.00677)	special(0.00673)	side(0.00650)	favorit(0.00616)	night(0.00605)	
256 users are loaded from /zf18/ll5fy/lab/dataset/yelp/byUser_70k_review/5foldsCVColdstart/4/...
260 users are loaded from /zf18/ll5fy/lab/dataset/yelp/byUser_70k_review/5foldsCVColdstart/0/...
244 users are loaded from /zf18/ll5fy/lab/dataset/yelp/byUser_70k_review/5foldsCVColdstart/1/...
266 users are loaded from /zf18/ll5fy/lab/dataset/yelp/byUser_70k_review/5foldsCVColdstart/2/...
264 users are loaded from /zf18/ll5fy/lab/dataset/yelp/byUser_70k_review/5foldsCVColdstart/3/...
====================
[Info]Fold No. 4: 
[Info]Analzying corpus: 
...........-- Global corpus: vocabulary size: 6134, review size: 15843, item size: 861, user size: 861
train size = 12424, test size = 3419....
[Info]Analying bipartie graph: 
-- train graph: review size: 12424, item size: 726, user size: 778
[Info]EM Starting multithread LDA_Focus[k:10, alpha:1.01, beta:1.00, Variational]...
==============
[Info]Likelihood -3839174.05760 at step 0 converge to 1.0000000000...
==============
[Info]Likelihood -3838467.24501 at step 1 converge to 0.0001841054...
==============
[Info]Likelihood -3837711.12344 at step 2 converge to 0.0001969853...
==============
[Info]Likelihood -3836705.86175 at step 3 converge to 0.0002619430...
==============
[Info]Likelihood -3834454.52632 at step 4 converge to 0.0005867886...
==============
[Info]Likelihood -3824171.91891 at step 5 converge to 0.0026816350...
==============
[Info]Likelihood -3782654.88301 at step 6 converge to 0.0108564774...
==============
[Info]Likelihood -3724305.05031 at step 7 converge to 0.0154256295...
==============
[Info]Likelihood -3678351.75449 at step 8 converge to 0.0123387572...
==============
[Info]Likelihood -3647169.85531 at step 9 converge to 0.0084771390...
==============
[Info]Likelihood -3626133.35019 at step 10 converge to 0.0057678984...
==============
[Info]Likelihood -3611278.62246 at step 11 converge to 0.0040965751...
==============
[Info]Likelihood -3600345.92340 at step 12 converge to 0.0030273762...
==============
[Info]Likelihood -3591855.47101 at step 13 converge to 0.0023582324...
==============
[Info]Likelihood -3584982.64424 at step 14 converge to 0.0019134475...
==============
[Info]Likelihood -3579196.01890 at step 15 converge to 0.0016141292...
==============
[Info]Likelihood -3574193.44732 at step 16 converge to 0.0013976802...
==============
[Info]Likelihood -3569799.88928 at step 17 converge to 0.0012292446...
==============
[Info]Likelihood -3565897.06063 at step 18 converge to 0.0010932906...
==============
[Info]Likelihood -3562378.61951 at step 19 converge to 0.0009866917...
==============
[Info]Likelihood -3559181.22355 at step 20 converge to 0.0008975452...
==============
[Info]Likelihood -3556254.86067 at step 21 converge to 0.0008222011...
==============
[Info]Likelihood -3553547.21088 at step 22 converge to 0.0007613768...
==============
[Info]Likelihood -3551027.58710 at step 23 converge to 0.0007090447...
==============
[Info]Likelihood -3548672.20203 at step 24 converge to 0.0006632968...
==============
[Info]Likelihood -3546460.01909 at step 25 converge to 0.0006233833...
==============
[Info]Likelihood -3544390.16723 at step 26 converge to 0.0005836389...
==============
[Info]Likelihood -3542448.67169 at step 27 converge to 0.0005477658...
==============
[Info]Likelihood -3540615.83480 at step 28 converge to 0.0005173926...
==============
[Info]Likelihood -3538871.91955 at step 29 converge to 0.0004925457...
[Info]Likelihood -3538871.920 after step 30 converge to 0.000493 after 52 seconds...
[Info]Analying bipartie graph: 
-- test graph: review size: 3419, item size: 213, user size: 256
[Info]Start evaluation in thread
[Stat]Test evaluation finished: 3419 docs
[Stat]0 part has 701.000000 docs: perplexity is 1300.554 and log-likelihood is -315.023
[Stat]1 part has 339.000000 docs: perplexity is 1181.969 and log-likelihood is -326.303
[Stat]2 part has 1635.000000 docs: perplexity is 1240.462 and log-likelihood is -322.689
[Stat]3 part has 744.000000 docs: perplexity is 1122.852 and log-likelihood is -329.063
[Stat]4 part has 3419.000000 docs: perplexity is 1218.537 and log-likelihood is -322.863
[Info]multithread LDA_Focus[k:10, alpha:1.01, beta:1.00, Variational] Train/Test finished in 53.95 seconds...
TopWord FilePath:/zf18/ll5fy/lab/dataset/yelp/byUser_70k_review/output/5foldsCVColdstart/4/LDA_Item_topWords_10.txt
Topic 0(0.08245):	pizza(0.03484)	sauc(0.02063)	chicken(0.01179)	onion(0.01157)	side(0.01028)	slice(0.01002)	bread(0.00979)	pasta(0.00945)	garlic(0.00937)	time(0.00883)	tast(0.00877)	shake(0.00812)	white(0.00782)	italian(0.00692)	crust(0.00688)	delici(0.00680)	friend(0.00645)	perfect(0.00573)	sweet(0.00553)	sausag(0.00549)	best(0.00534)	healthi(0.00524)	dress(0.00522)	flavor(0.00521)	lunch(0.00513)	mushroom(0.00510)	serv(0.00492)	style(0.00458)	meatbal(0.00451)	sweet-potato(0.00441)	
Topic 1(0.09175):	buffet(0.03752)	happi(0.03380)	price(0.03054)	pretti(0.02871)	crab(0.02054)	shrimp(0.01957)	happi-hour(0.01932)	select(0.01805)	time(0.01788)	dinner(0.01714)	seafood(0.01301)	pretti-good(0.01200)	station(0.01112)	lunch(0.01088)	best(0.00950)	deal(0.00916)	wait(0.00789)	plate(0.00748)	night(0.00741)	prime(0.00681)	offer(0.00669)	drink(0.00652)	buck(0.00646)	vega(0.00635)	oyster(0.00623)	crab-leg(0.00553)	varieti(0.00544)	definit(0.00534)	special(0.00528)	prime-rib(0.00501)	
Topic 2(0.06849):	roll(0.03963)	sushi(0.03513)	fish(0.02445)	sauc(0.01701)	salmon(0.01519)	tuna(0.01353)	special(0.01181)	time(0.01116)	piec(0.00945)	chef(0.00941)	tast(0.00871)	favorit(0.00863)	spici(0.00816)	side(0.00806)	best(0.00696)	definit(0.00684)	friend(0.00653)	sweet(0.00618)	poke(0.00592)	pretti(0.00577)	restaur(0.00577)	sashimi(0.00570)	delici(0.00566)	small(0.00566)	nigiri(0.00556)	rice(0.00545)	amaz(0.00538)	flavor(0.00510)	appet(0.00508)	brisket(0.00502)	
Topic 3(0.09301):	steak(0.02351)	restaur(0.01892)	dish(0.01519)	bread(0.01390)	perfect(0.01265)	cours(0.01176)	tast(0.01160)	dine(0.01107)	wine(0.01089)	dinner(0.01039)	serv(0.00974)	flavor(0.00965)	lobster(0.00881)	plate(0.00848)	experi(0.00801)	cook(0.00791)	amaz(0.00779)	delici(0.00771)	excel(0.00767)	best(0.00720)	tabl(0.00720)	side(0.00688)	chef(0.00653)	start(0.00638)	appet(0.00621)	sauc(0.00578)	mushroom(0.00539)	waiter(0.00487)	truffl(0.00483)	rare(0.00446)	
Topic 4(0.08172):	chicken(0.05766)	dish(0.03836)	rice(0.03174)	restaur(0.02433)	thai(0.02382)	spici(0.02040)	lunch(0.01919)	curri(0.01621)	time(0.01189)	flavor(0.01117)	korean(0.01101)	wing(0.01060)	ramen(0.00953)	cook(0.00869)	definit(0.00860)	sauc(0.00850)	spice(0.00846)	side(0.00761)	friend(0.00734)	fri-rice(0.00730)	favorit(0.00727)	tast(0.00719)	delici(0.00713)	special(0.00671)	beef(0.00658)	tofu(0.00609)	soup(0.00608)	short(0.00593)	garlic(0.00591)	best(0.00582)	
Topic 5(0.15620):	room(0.03178)	vega(0.02591)	casino(0.01710)	hotel(0.01685)	stay(0.01672)	strip(0.01590)	park(0.01354)	area(0.01081)	shop(0.01010)	walk(0.01009)	las-vega(0.00926)	view(0.00925)	night(0.00919)	music(0.00913)	club(0.00910)	time(0.00832)	play(0.00829)	pool(0.00816)	restaur(0.00626)	pretti(0.00625)	locat(0.00591)	cool(0.00575)	crowd(0.00541)	store(0.00540)	peopl(0.00536)	year(0.00513)	danc(0.00508)	beauti(0.00489)	feel(0.00486)	rock(0.00477)	
Topic 6(0.15968):	time(0.03399)	drink(0.03202)	wait(0.02453)	seat(0.02157)	tabl(0.02101)	peopl(0.01974)	friend(0.01398)	NUM-minut(0.01222)	beer(0.01209)	star(0.00955)	experi(0.00951)	night(0.00919)	review(0.00834)	busi(0.00782)	walk(0.00732)	watch(0.00694)	told(0.00687)	manag(0.00661)	call(0.00642)	staff(0.00630)	work(0.00608)	custom(0.00582)	start(0.00562)	parti(0.00543)	thought(0.00514)	find(0.00512)	final(0.00501)	water(0.00492)	pretti(0.00479)	price(0.00475)	
Topic 7(0.09057):	locat(0.03232)	taco(0.02494)	super(0.02069)	friend(0.01860)	spot(0.01767)	chip(0.01365)	time(0.01014)	definit(0.01011)	mexican(0.00976)	delici(0.00908)	side(0.00838)	bean(0.00816)	staff(0.00775)	flavor(0.00769)	fast(0.00769)	price(0.00725)	favorit(0.00724)	pretti(0.00707)	best(0.00703)	amaz(0.00697)	restaur(0.00683)	town(0.00655)	corn(0.00650)	drive(0.00635)	burrito(0.00619)	nacho(0.00584)	vega(0.00578)	size(0.00569)	busi(0.00560)	street(0.00549)	
Topic 8(0.07933):	pork(0.03109)	soup(0.02368)	beef(0.02260)	flavor(0.01401)	time(0.01374)	bowl(0.01325)	tast(0.01132)	veggi(0.01122)	sauc(0.00954)	chines(0.00862)	broth(0.00849)	definit(0.00849)	belli(0.00844)	star(0.00830)	pretti(0.00769)	asian(0.00769)	small(0.00698)	friend(0.00693)	cook(0.00669)	fill(0.00665)	pork-belli(0.00657)	expect(0.00628)	restaur(0.00595)	price(0.00582)	best(0.00572)	spring(0.00569)	bean(0.00566)	delici(0.00530)	clean(0.00516)	vega(0.00508)	
Topic 9(0.09681):	cream(0.02858)	chocol(0.02453)	breakfast(0.01847)	coffe(0.01819)	sweet(0.01784)	cake(0.01774)	ice-cream(0.01586)	flavor(0.01582)	pancak(0.01080)	cooki(0.00936)	tast(0.00881)	toast(0.00870)	waffl(0.00847)	strawberri(0.00838)	time(0.00733)	crepe(0.00732)	french(0.00698)	delici(0.00656)	friend(0.00656)	banana(0.00654)	sugar(0.00625)	brunch(0.00618)	pastri(0.00601)	shop(0.00571)	best(0.00538)	boba(0.00523)	small(0.00513)	cupcak(0.00509)	favorit(0.00505)	appl(0.00498)	

Part 0 -----------------Valid folds: 5
[Stat]Loglikelihood -326.956+/-7.319
[Stat]Perplexity 1198.438+/-64.067
Part 1 -----------------Valid folds: 5
[Stat]Loglikelihood -328.417+/-10.861
[Stat]Perplexity 1152.959+/-37.112
Part 2 -----------------Valid folds: 5
[Stat]Loglikelihood -325.887+/-11.370
[Stat]Perplexity 1189.636+/-29.316
Part 3 -----------------Valid folds: 5
[Stat]Loglikelihood -327.286+/-22.371
[Stat]Perplexity 1102.065+/-40.642
Part 4 -----------------Valid folds: 5
[Stat]Loglikelihood -326.613+/-10.434
[Stat]Perplexity 1171.645+/-24.620
