Load 6134 2-gram new features from /zf18/ll5fy/lab/dataset/yelp/yelp_features.txt...
1409 users are loaded from /zf18/ll5fy/lab/dataset/yelp/byUser_70k_review/data/...
Info File Path: /zf18/ll5fy/lab/dataset/yelp/byUser_70k_review/output/5foldsCVColdstart/CTM_info.txt
[Info]Start FIXED cross validation...
260 users are loaded from /zf18/ll5fy/lab/dataset/yelp/byUser_70k_review/5foldsCVColdstart/0/...
244 users are loaded from /zf18/ll5fy/lab/dataset/yelp/byUser_70k_review/5foldsCVColdstart/1/...
266 users are loaded from /zf18/ll5fy/lab/dataset/yelp/byUser_70k_review/5foldsCVColdstart/2/...
264 users are loaded from /zf18/ll5fy/lab/dataset/yelp/byUser_70k_review/5foldsCVColdstart/3/...
256 users are loaded from /zf18/ll5fy/lab/dataset/yelp/byUser_70k_review/5foldsCVColdstart/4/...
====================
[Info]Fold No. 0: 
train size = 12311, test size = 3532....
[Info]Initializing CTM Model...
[Info]EM iteration 0: likelihood is -5120900.62, converges to 1.0000...
[Info]EM iteration 1: likelihood is -4285230.29, converges to 0.1632...
[Info]EM iteration 2: likelihood is -4262603.07, converges to 0.0053...
[Info]EM iteration 3: likelihood is -4245975.52, converges to 0.0039...
[Info]EM iteration 4: likelihood is -4227600.81, converges to 0.0043...
[Info]EM iteration 5: likelihood is -4203503.17, converges to 0.0057...
[Info]EM iteration 6: likelihood is -4178449.50, converges to 0.0060...
[Info]EM iteration 7: likelihood is -4158515.01, converges to 0.0048...
[Info]EM iteration 8: likelihood is -4143363.78, converges to 0.0036...
[Info]EM iteration 9: likelihood is -4131016.39, converges to 0.0030...
[Info]EM iteration 10: likelihood is -4120622.68, converges to 0.0025...
Line search failed. See documentation of routine mcsrch. Error return of line search: info = 6 Possible causes: function or gradient are incorrect, or incorrect tolerances. (iflag == -1)
	at LBFGS.LBFGS.lbfgs(LBFGS.java:458)
	at topicmodels.CTM.CTM.opt_nu(CTM.java:448)
	at topicmodels.CTM.CTM.varInference(CTM.java:201)
	at topicmodels.CTM.CTM.calculate_E_step(CTM.java:177)
	at topicmodels.CTM.CTM.EM(CTM.java:541)
	at topicmodels.TopicModel.oneFoldValidation(TopicModel.java:455)
	at mains.ETBIRExecution.main(ETBIRExecution.java:142)
[Info]EM iteration 11: likelihood is -4111827.48, converges to 0.0021...
[Info]EM iteration 12: likelihood is -4104491.88, converges to 0.0018...
[Info]EM iteration 13: likelihood is -4098504.32, converges to 0.0015...
[Info]EM iteration 14: likelihood is -4093683.34, converges to 0.0012...
[Info]EM iteration 15: likelihood is -4089778.74, converges to 0.0010...
[Info]EM iteration 16: likelihood is -4086551.78, converges to 0.0008...
[Info]EM iteration 17: likelihood is -4083877.02, converges to 0.0007...
[Info]EM iteration 18: likelihood is -4081598.68, converges to 0.0006...
[Info]EM iteration 19: likelihood is -4079630.98, converges to 0.0005...
[Info]EM iteration 20: likelihood is -4077888.66, converges to 0.0004...
Line search failed. See documentation of routine mcsrch. Error return of line search: info = 6 Possible causes: function or gradient are incorrect, or incorrect tolerances. (iflag == -1)
	at LBFGS.LBFGS.lbfgs(LBFGS.java:458)
	at topicmodels.CTM.CTM.opt_nu(CTM.java:448)
	at topicmodels.CTM.CTM.varInference(CTM.java:201)
	at topicmodels.CTM.CTM.calculate_E_step(CTM.java:177)
	at topicmodels.CTM.CTM.EM(CTM.java:541)
	at topicmodels.TopicModel.oneFoldValidation(TopicModel.java:455)
	at mains.ETBIRExecution.main(ETBIRExecution.java:142)
[Info]EM iteration 21: likelihood is -4076285.89, converges to 0.0004...
Line search failed. See documentation of routine mcsrch. Error return of line search: info = 6 Possible causes: function or gradient are incorrect, or incorrect tolerances. (iflag == -1)
	at LBFGS.LBFGS.lbfgs(LBFGS.java:458)
	at topicmodels.CTM.CTM.opt_nu(CTM.java:448)
	at topicmodels.CTM.CTM.varInference(CTM.java:201)
	at topicmodels.CTM.CTM.calculate_E_step(CTM.java:177)
	at topicmodels.CTM.CTM.EM(CTM.java:541)
	at topicmodels.TopicModel.oneFoldValidation(TopicModel.java:455)
	at mains.ETBIRExecution.main(ETBIRExecution.java:142)
[Info]EM iteration 22: likelihood is -4074757.48, converges to 0.0004...
[Info]EM iteration 23: likelihood is -4073312.58, converges to 0.0004...
[Info]EM iteration 24: likelihood is -4072036.15, converges to 0.0003...
[Info]EM iteration 25: likelihood is -4070848.32, converges to 0.0003...
[Info]EM iteration 26: likelihood is -4069704.12, converges to 0.0003...
[Info]EM iteration 27: likelihood is -4068587.77, converges to 0.0003...
[Info]EM iteration 28: likelihood is -4067495.34, converges to 0.0003...
[Info]EM iteration 29: likelihood is -4066416.10, converges to 0.0003...
[Info]EM iteration 30: likelihood is -4065347.04, converges to 0.0003...
[Info]Start evaluation in Normal
[Stat]Test set perplexity is 1335.620 and log-likelihood is -321.850
[Info]CTM[k:20]
 Train/Test finished in 717.92 seconds...
TopWord FilePath:/zf18/ll5fy/lab/dataset/yelp/byUser_70k_review/output/5foldsCVColdstart/0/CTM_topWords_20.txt
Topic 0(0.03781):	drink(0.06059)	wait(0.03452)	NUM-minut(0.02839)	time(0.02679)	coffe(0.02239)	breakfast(0.02148)	custom(0.01651)	card(0.01389)	busi(0.01360)	seat(0.01197)	staff(0.01179)	work(0.01174)	friend(0.01050)	peopl(0.00981)	shop(0.00938)	tabl(0.00922)	soda(0.00909)	super(0.00790)	feel(0.00776)	coke(0.00611)	hostess(0.00563)	call(0.00559)	review(0.00546)	coffe-shop(0.00512)	find(0.00512)	cafe(0.00494)	area(0.00488)	spot(0.00488)	walk(0.00461)	super-friend(0.00459)	
Topic 1(0.02693):	time(0.02446)	star(0.02314)	locat(0.01768)	restaur(0.01678)	friend(0.01656)	plate(0.01357)	definit(0.01312)	find(0.01292)	lunch(0.01265)	soup(0.01007)	local(0.00982)	serv(0.00938)	offer(0.00921)	spot(0.00898)	town(0.00820)	price(0.00809)	best(0.00770)	busi(0.00724)	market(0.00718)	honest(0.00682)	coupl(0.00675)	tast(0.00670)	pull(0.00665)	feta(0.00651)	water(0.00644)	open(0.00619)	select(0.00582)	cashier(0.00569)	posit(0.00566)	blue(0.00559)	
Topic 2(0.02704):	buffet(0.07797)	time(0.02464)	select(0.01593)	price(0.01529)	wrap(0.01443)	offer(0.01181)	tast(0.01155)	station(0.01139)	serv(0.01038)	small(0.01000)	italian(0.00907)	deli(0.00898)	ingredi(0.00896)	beer(0.00880)	crazi(0.00630)	pickl(0.00622)	veggi(0.00593)	year(0.00581)	star(0.00570)	best(0.00565)	patti(0.00538)	apolog(0.00516)	work(0.00512)	lunch(0.00495)	mistak(0.00494)	peopl(0.00478)	thought(0.00478)	oliv(0.00464)	review(0.00447)	friend(0.00447)	
Topic 3(0.03731):	chicken(0.06693)	sauc(0.04031)	bread(0.03368)	side(0.02468)	strip(0.02301)	friend(0.01835)	time(0.01835)	pasta(0.01466)	healthi(0.01280)	star(0.01278)	delici(0.01237)	lunch(0.01143)	serv(0.00896)	onion(0.00895)	perfect(0.00764)	bake(0.00731)	locat(0.00721)	toast(0.00688)	restaur(0.00653)	finger(0.00647)	amaz(0.00610)	peopl(0.00602)	dress(0.00566)	pretti(0.00558)	option(0.00551)	slaw(0.00510)	calori(0.00490)	french(0.00487)	turkey(0.00471)	split(0.00471)	
Topic 4(0.02820):	price(0.02530)	friend(0.02346)	wait(0.02183)	locat(0.01613)	lunch(0.01300)	special(0.01199)	money(0.01062)	amaz(0.01059)	ranch(0.01050)	tabl(0.01006)	valley(0.00969)	vega(0.00928)	time(0.00919)	year(0.00872)	yelp(0.00857)	seat(0.00842)	final(0.00838)	bring(0.00798)	groceri(0.00786)	small(0.00780)	pretti(0.00752)	restaur(0.00752)	expect(0.00744)	best(0.00690)	coupl(0.00686)	extra(0.00633)	NUM-minut(0.00614)	tast(0.00608)	night(0.00582)	review(0.00576)	
Topic 5(0.02547):	chicken(0.04799)	pretti(0.04735)	time(0.02477)	hawaiian(0.02049)	pretti-good(0.01721)	side(0.01542)	reason(0.01294)	definit(0.01270)	local(0.01136)	best(0.01099)	review(0.01092)	favorit(0.01040)	price(0.00963)	flavor(0.00871)	locat(0.00838)	lunch(0.00833)	tabl(0.00822)	special(0.00799)	area(0.00775)	teriyaki(0.00767)	super(0.00719)	peopl(0.00677)	finish(0.00673)	vegan(0.00621)	aloha(0.00603)	readi(0.00601)	poke(0.00593)	friend(0.00553)	tast(0.00545)	year(0.00531)	
Topic 6(0.06500):	sushi(0.03898)	roll(0.03261)	taco(0.02457)	fish(0.02020)	tuna(0.01407)	salmon(0.01179)	rice(0.01102)	mexican(0.01059)	sauc(0.01001)	chip(0.00946)	time(0.00847)	restaur(0.00829)	spici(0.00795)	flavor(0.00790)	favorit(0.00753)	tast(0.00713)	sashimi(0.00671)	burrito(0.00666)	special(0.00646)	tortilla(0.00639)	shrimp(0.00639)	nigiri(0.00621)	chef(0.00576)	delici(0.00547)	pretti(0.00528)	dish(0.00519)	definit(0.00509)	friend(0.00494)	price(0.00485)	bean(0.00466)	
Topic 7(0.03497):	shrimp(0.03573)	crab(0.03401)	beer(0.02797)	seafood(0.02216)	delici(0.02197)	dinner(0.02174)	juici(0.01867)	time(0.01864)	wait(0.01797)	corn(0.01365)	price(0.01339)	waiter(0.01160)	sauc(0.01070)	roast(0.01044)	season(0.00969)	definit(0.00969)	pound(0.00924)	clam(0.00846)	flavor(0.00842)	restaur(0.00807)	crab-leg(0.00796)	crawfish(0.00785)	best(0.00773)	night(0.00761)	start(0.00749)	friend(0.00740)	review(0.00663)	chicken(0.00657)	perfect(0.00612)	oyster(0.00600)	
Topic 8(0.02401):	kitchen(0.02326)	price(0.02295)	open(0.01595)	peopl(0.01506)	dinner(0.01323)	definit(0.01299)	groupon(0.01138)	reason(0.01061)	staff(0.01049)	star(0.00937)	work(0.00927)	experi(0.00914)	talk(0.00909)	expect(0.00866)	night(0.00861)	crispi(0.00859)	best(0.00761)	downtown(0.00757)	area(0.00748)	small(0.00730)	chicken(0.00727)	super(0.00678)	deal(0.00668)	perfect(0.00656)	size(0.00654)	final(0.00652)	share(0.00638)	vega(0.00629)	wife(0.00611)	recommend(0.00608)	
Topic 9(0.08514):	steak(0.02161)	dish(0.01551)	restaur(0.01396)	perfect(0.01136)	wine(0.01113)	bread(0.01020)	flavor(0.00975)	tast(0.00949)	dinner(0.00887)	sauc(0.00870)	serv(0.00814)	cours(0.00812)	cook(0.00799)	dine(0.00764)	lobster(0.00708)	mushroom(0.00679)	chef(0.00670)	side(0.00628)	tabl(0.00613)	truffl(0.00601)	experi(0.00599)	best(0.00575)	delici(0.00574)	reserv(0.00555)	plate(0.00550)	start(0.00542)	amaz(0.00508)	excel(0.00504)	night(0.00481)	appet(0.00476)	
Topic 10(0.23764):	room(0.01750)	vega(0.01541)	time(0.01453)	casino(0.01085)	hotel(0.00991)	park(0.00960)	stay(0.00948)	peopl(0.00925)	strip(0.00881)	night(0.00876)	drink(0.00790)	walk(0.00789)	area(0.00749)	pretti(0.00701)	shop(0.00682)	seat(0.00639)	play(0.00622)	club(0.00610)	cool(0.00606)	music(0.00593)	locat(0.00583)	friend(0.00550)	restaur(0.00550)	las-vega(0.00536)	store(0.00525)	pool(0.00508)	year(0.00506)	view(0.00501)	price(0.00465)	feel(0.00449)	
Topic 11(0.06770):	pizza(0.04583)	rice(0.02311)	thai(0.02248)	chicken(0.02039)	curri(0.01860)	sauc(0.01627)	dish(0.01568)	restaur(0.01202)	flavor(0.01137)	chines(0.00811)	beef(0.00778)	spici(0.00759)	pork(0.00740)	best(0.00735)	slice(0.00721)	tast(0.00708)	garlic(0.00698)	time(0.00683)	crust(0.00677)	lunch(0.00647)	spice(0.00605)	vega(0.00575)	white(0.00568)	sweet(0.00552)	delici(0.00525)	favorit(0.00519)	crispi(0.00512)	fri-rice(0.00505)	perfect(0.00501)	shrimp(0.00494)	
Topic 12(0.02772):	happi(0.10302)	happi-hour(0.05788)	time(0.04810)	lunch(0.02428)	definit(0.01794)	friend(0.01359)	wait(0.01345)	restaur(0.01051)	town(0.00976)	pretti(0.00928)	custom(0.00892)	plate(0.00891)	tabl(0.00867)	staff(0.00763)	patio(0.00759)	nacho(0.00746)	spot(0.00701)	expect(0.00698)	review(0.00685)	night(0.00665)	busi(0.00662)	open(0.00660)	size(0.00629)	dine(0.00599)	feel(0.00562)	super(0.00539)	clean(0.00524)	slow(0.00519)	parti(0.00496)	pack(0.00484)	
Topic 13(0.03964):	ramen(0.04264)	soup(0.03025)	bowl(0.02634)	pork(0.02489)	broth(0.02112)	flavor(0.01624)	spici(0.01568)	belli(0.01381)	pork-belli(0.01176)	rice(0.01086)	tast(0.01003)	tofu(0.00983)	time(0.00965)	small(0.00915)	monta(0.00882)	cook(0.00654)	restaur(0.00537)	extra(0.00535)	snow(0.00530)	sauc(0.00520)	perfect(0.00501)	beef(0.00497)	vega(0.00488)	definit(0.00474)	shabu(0.00445)	wait(0.00437)	piec(0.00428)	side(0.00427)	thin(0.00425)	friend(0.00419)	
Topic 14(0.02531):	fast(0.03180)	shake(0.02860)	pretti(0.02334)	friend(0.01858)	best(0.01251)	shack(0.01201)	fast-food(0.01152)	super(0.01049)	find(0.01042)	vega(0.00986)	star(0.00948)	feel(0.00919)	area(0.00852)	busi(0.00830)	pick(0.00805)	watch(0.00787)	close(0.00777)	work(0.00767)	tabl(0.00759)	experi(0.00704)	white(0.00700)	insid(0.00687)	side(0.00687)	choic(0.00673)	time(0.00639)	hamburg(0.00613)	felt(0.00586)	walk(0.00582)	coast(0.00572)	select(0.00561)	
Topic 15(0.09032):	cream(0.02702)	chocol(0.02391)	cake(0.01898)	flavor(0.01785)	sweet(0.01639)	ice-cream(0.01567)	tast(0.00993)	pancak(0.00973)	breakfast(0.00924)	cooki(0.00896)	strawberri(0.00832)	coffe(0.00829)	waffl(0.00827)	toast(0.00773)	crepe(0.00690)	banana(0.00684)	delici(0.00646)	pastri(0.00610)	time(0.00601)	french(0.00587)	donut(0.00567)	vanilla(0.00564)	sugar(0.00551)	best(0.00540)	favorit(0.00495)	friend(0.00484)	perfect(0.00474)	appl(0.00471)	gelato(0.00463)	boba(0.00434)	
Topic 16(0.02729):	friend(0.05385)	delici(0.02482)	price(0.02437)	waitress(0.01891)	tast(0.01748)	pretti(0.01732)	peopl(0.01625)	seat(0.01545)	experi(0.01280)	special(0.01246)	chicken(0.01182)	tabl(0.01176)	review(0.01160)	manag(0.01134)	wait(0.01101)	expect(0.01003)	drink(0.00946)	super(0.00877)	dinner(0.00833)	told(0.00781)	final(0.00675)	insid(0.00664)	return(0.00640)	rememb(0.00610)	definit(0.00586)	favorit(0.00582)	arriv(0.00580)	total(0.00578)	recommend(0.00569)	refil(0.00549)	
Topic 17(0.03373):	dish(0.03686)	beef(0.03498)	korean(0.02748)	pork(0.02522)	side(0.02208)	cook(0.02112)	short(0.01914)	combo(0.01871)	brunch(0.01319)	restaur(0.01280)	brisket(0.01131)	short-rib(0.01114)	definit(0.01090)	tender(0.00972)	time(0.00953)	best(0.00861)	vega(0.00857)	marin(0.00834)	plate(0.00829)	bean(0.00781)	side-dish(0.00735)	steam(0.00700)	flavor(0.00687)	offer(0.00662)	famili(0.00652)	rice(0.00650)	tabl(0.00622)	spici(0.00611)	smoke(0.00602)	friend(0.00579)	
Topic 18(0.02931):	tabl(0.04590)	drink(0.04014)	time(0.03401)	tast(0.02731)	sweet(0.01534)	seat(0.01518)	brought(0.01428)	pretti(0.01223)	star(0.01065)	side(0.00956)	pretti-good(0.00945)	busi(0.00929)	lunch(0.00918)	wait(0.00891)	steak(0.00846)	night(0.00745)	problem(0.00656)	dine(0.00653)	clear(0.00643)	season(0.00640)	special(0.00637)	salad-bar(0.00636)	serv(0.00629)	rare(0.00553)	best(0.00547)	coupl(0.00536)	oyster(0.00535)	salt(0.00533)	impress(0.00525)	excel(0.00518)	
Topic 19(0.02945):	time(0.03560)	pretti(0.03184)	wait(0.02710)	price(0.02269)	restaur(0.01742)	peopl(0.01634)	tabl(0.01547)	side(0.01185)	definit(0.01048)	star(0.01017)	flavor(0.01006)	feel(0.00992)	amaz(0.00991)	seat(0.00965)	experi(0.00878)	night(0.00877)	select(0.00873)	busi(0.00852)	beer(0.00814)	plate(0.00758)	staff(0.00737)	locat(0.00732)	rememb(0.00688)	tast(0.00667)	start(0.00662)	spot(0.00625)	dinner(0.00601)	vega(0.00597)	reason(0.00586)	appet(0.00572)	
244 users are loaded from /zf18/ll5fy/lab/dataset/yelp/byUser_70k_review/5foldsCVColdstart/1/...
260 users are loaded from /zf18/ll5fy/lab/dataset/yelp/byUser_70k_review/5foldsCVColdstart/0/...
266 users are loaded from /zf18/ll5fy/lab/dataset/yelp/byUser_70k_review/5foldsCVColdstart/2/...
264 users are loaded from /zf18/ll5fy/lab/dataset/yelp/byUser_70k_review/5foldsCVColdstart/3/...
256 users are loaded from /zf18/ll5fy/lab/dataset/yelp/byUser_70k_review/5foldsCVColdstart/4/...
====================
[Info]Fold No. 1: 
train size = 13268, test size = 2575....
[Info]Initializing CTM Model...
[Info]EM iteration 0: likelihood is -5461436.80, converges to 1.0000...
[Info]EM iteration 1: likelihood is -4567598.25, converges to 0.1637...
[Info]EM iteration 2: likelihood is -4542838.67, converges to 0.0054...
[Info]EM iteration 3: likelihood is -4524618.14, converges to 0.0040...
[Info]EM iteration 4: likelihood is -4507328.53, converges to 0.0038...
[Info]EM iteration 5: likelihood is -4488346.92, converges to 0.0042...
[Info]EM iteration 6: likelihood is -4467033.21, converges to 0.0047...
[Info]EM iteration 7: likelihood is -4445238.18, converges to 0.0049...
[Info]EM iteration 8: likelihood is -4426558.02, converges to 0.0042...
[Info]EM iteration 9: likelihood is -4412983.37, converges to 0.0031...
[Info]EM iteration 10: likelihood is -4403354.00, converges to 0.0022...
[Info]EM iteration 11: likelihood is -4395884.87, converges to 0.0017...
[Info]EM iteration 12: likelihood is -4389711.35, converges to 0.0014...
[Info]EM iteration 13: likelihood is -4384464.27, converges to 0.0012...
[Info]EM iteration 14: likelihood is -4379934.32, converges to 0.0010...
[Info]EM iteration 15: likelihood is -4375961.79, converges to 0.0009...
[Info]EM iteration 16: likelihood is -4372396.11, converges to 0.0008...
[Info]EM iteration 17: likelihood is -4369098.55, converges to 0.0008...
[Info]EM iteration 18: likelihood is -4366114.78, converges to 0.0007...
[Info]EM iteration 19: likelihood is -4363345.88, converges to 0.0006...
[Info]EM iteration 20: likelihood is -4360657.60, converges to 0.0006...
[Info]EM iteration 21: likelihood is -4357994.99, converges to 0.0006...
[Info]EM iteration 22: likelihood is -4355324.36, converges to 0.0006...
[Info]EM iteration 23: likelihood is -4352688.06, converges to 0.0006...
Line search failed. See documentation of routine mcsrch. Error return of line search: info = 6 Possible causes: function or gradient are incorrect, or incorrect tolerances. (iflag == -1)
	at LBFGS.LBFGS.lbfgs(LBFGS.java:458)
	at topicmodels.CTM.CTM.opt_nu(CTM.java:448)
	at topicmodels.CTM.CTM.varInference(CTM.java:201)
	at topicmodels.CTM.CTM.calculate_E_step(CTM.java:177)
	at topicmodels.CTM.CTM.EM(CTM.java:541)
	at topicmodels.TopicModel.oneFoldValidation(TopicModel.java:455)
	at mains.ETBIRExecution.main(ETBIRExecution.java:142)
[Info]EM iteration 24: likelihood is -4350147.07, converges to 0.0006...
[Info]EM iteration 25: likelihood is -4347744.93, converges to 0.0006...
[Info]EM iteration 26: likelihood is -4345497.06, converges to 0.0005...
[Info]EM iteration 27: likelihood is -4343406.73, converges to 0.0005...
[Info]EM iteration 28: likelihood is -4341463.15, converges to 0.0004...
[Info]EM iteration 29: likelihood is -4339634.04, converges to 0.0004...
[Info]EM iteration 30: likelihood is -4337892.35, converges to 0.0004...
[Info]Start evaluation in Normal
[Stat]Test set perplexity is 1327.422 and log-likelihood is -335.293
[Info]CTM[k:20]
 Train/Test finished in 697.28 seconds...
TopWord FilePath:/zf18/ll5fy/lab/dataset/yelp/byUser_70k_review/output/5foldsCVColdstart/1/CTM_topWords_20.txt
Topic 0(0.03524):	drink(0.03561)	custom(0.02897)	sweet(0.02402)	card(0.01767)	boba(0.01528)	time(0.01310)	custom-servic(0.01259)	flavor(0.01217)	tast(0.01083)	yelp(0.01054)	snow(0.00962)	locat(0.00922)	margarita(0.00823)	shop(0.00819)	strawberri(0.00807)	product(0.00800)	sugar(0.00725)	size(0.00719)	find(0.00693)	spot(0.00646)	truck(0.00631)	mango(0.00600)	shave(0.00597)	busi(0.00589)	cool(0.00565)	smoothi(0.00556)	snack(0.00553)	cashier(0.00549)	credit(0.00546)	store(0.00533)	
Topic 1(0.02623):	wait(0.03849)	peopl(0.02530)	time(0.02395)	star(0.02050)	store(0.01678)	walk(0.01663)	friend(0.01240)	open(0.01218)	drink(0.01085)	told(0.01061)	yelp(0.00991)	event(0.00926)	groceri(0.00920)	local(0.00917)	work(0.00823)	area(0.00822)	valley(0.00812)	money(0.00794)	spend(0.00719)	stuff(0.00691)	week(0.00670)	bought(0.00631)	prepar(0.00626)	calori(0.00606)	ranch(0.00597)	best(0.00595)	park(0.00593)	staff(0.00591)	seat(0.00575)	town(0.00568)	
Topic 2(0.21721):	room(0.02020)	vega(0.01698)	time(0.01452)	casino(0.01217)	hotel(0.01205)	stay(0.01088)	strip(0.00969)	park(0.00936)	peopl(0.00910)	night(0.00903)	walk(0.00783)	area(0.00738)	shop(0.00712)	club(0.00699)	play(0.00685)	pretti(0.00654)	music(0.00622)	seat(0.00617)	las-vega(0.00611)	pool(0.00598)	locat(0.00575)	friend(0.00564)	store(0.00560)	cool(0.00539)	restaur(0.00517)	year(0.00515)	view(0.00505)	drink(0.00488)	best(0.00458)	feel(0.00458)	
Topic 3(0.02525):	tast(0.03114)	delici(0.03113)	pretti(0.02325)	best(0.01687)	friend(0.01370)	side(0.01355)	serv(0.01353)	reason(0.01213)	staff(0.01201)	flavor(0.01197)	star(0.01153)	tabl(0.01022)	busi(0.00955)	super(0.00944)	feel(0.00923)	spot(0.00868)	open(0.00863)	restaur(0.00842)	area(0.00812)	wait(0.00780)	amaz(0.00770)	expect(0.00652)	vega(0.00616)	cook(0.00614)	thought(0.00584)	favorit(0.00573)	clean(0.00571)	return(0.00568)	peopl(0.00563)	definit(0.00549)	
Topic 4(0.04387):	breakfast(0.03965)	coffe(0.03659)	pancak(0.01963)	toast(0.01945)	waffl(0.01426)	cafe(0.01322)	brunch(0.01307)	french(0.01264)	side(0.00980)	friend(0.00963)	bread(0.00861)	serv(0.00825)	sausag(0.00772)	shop(0.00735)	definit(0.00651)	french-toast(0.00645)	spot(0.00609)	syrup(0.00605)	benedict(0.00598)	burrito(0.00597)	cute(0.00577)	corn(0.00558)	local(0.00525)	omelet(0.00510)	area(0.00497)	velvet(0.00483)	super(0.00478)	vega(0.00470)	choic(0.00462)	small(0.00461)	
Topic 5(0.04230):	chicken(0.12133)	lunch(0.04872)	sauc(0.03870)	wing(0.02036)	side(0.01901)	plate(0.01770)	hawaiian(0.01141)	bread(0.01093)	time(0.01072)	tender(0.01025)	rice(0.00969)	crispi(0.00897)	bowl(0.00895)	juici(0.00876)	perfect(0.00863)	flavor(0.00847)	combo(0.00842)	piec(0.00834)	finger(0.00813)	nacho(0.00805)	special(0.00737)	season(0.00657)	chicken-wing(0.00654)	small(0.00567)	size(0.00560)	sweet(0.00497)	strip(0.00495)	teriyaki(0.00484)	slaw(0.00478)	moist(0.00468)	
Topic 6(0.14468):	dish(0.01901)	rice(0.01808)	pork(0.01609)	roll(0.01419)	spici(0.01409)	sushi(0.01407)	restaur(0.01233)	soup(0.01220)	thai(0.01154)	flavor(0.01153)	sauc(0.01095)	beef(0.01093)	ramen(0.01055)	time(0.00838)	curri(0.00789)	tast(0.00789)	fish(0.00752)	definit(0.00714)	shrimp(0.00676)	favorit(0.00656)	bowl(0.00627)	broth(0.00611)	vega(0.00607)	best(0.00594)	delici(0.00567)	friend(0.00564)	pretti(0.00549)	tuna(0.00545)	small(0.00531)	belli(0.00510)	
Topic 7(0.02568):	time(0.03378)	friend(0.01874)	price(0.01850)	locat(0.01725)	beef(0.01601)	area(0.01080)	super(0.01060)	seat(0.01033)	deli(0.00970)	veggi(0.00948)	review(0.00922)	busi(0.00909)	arepa(0.00903)	restaur(0.00900)	recommend(0.00843)	staff(0.00793)	reason(0.00792)	serv(0.00782)	street(0.00689)	expect(0.00672)	thought(0.00627)	watch(0.00622)	favorit(0.00590)	bite(0.00569)	walk(0.00553)	night(0.00548)	dine(0.00542)	corn(0.00537)	pastrami(0.00500)	tast(0.00496)	
Topic 8(0.02490):	price(0.02760)	night(0.02233)	pretti(0.02106)	definit(0.01873)	friend(0.01725)	peopl(0.01579)	open(0.01396)	dinner(0.01316)	time(0.01308)	tabl(0.01209)	small(0.01174)	thought(0.01080)	coupl(0.01055)	dine(0.01038)	star(0.01029)	feel(0.01013)	total(0.00983)	experi(0.00951)	busi(0.00876)	vega(0.00876)	rememb(0.00849)	call(0.00787)	locat(0.00740)	frozen(0.00735)	offer(0.00721)	varieti(0.00700)	super(0.00667)	bring(0.00651)	favorit(0.00633)	size(0.00623)	
Topic 9(0.02208):	time(0.03576)	onion(0.02424)	wait(0.01841)	tabl(0.01836)	dinner(0.01809)	tast(0.01762)	brought(0.01694)	soup(0.01578)	seat(0.01537)	arriv(0.01200)	told(0.01181)	excel(0.01144)	star(0.01018)	ring(0.00877)	rare(0.00869)	shrimp(0.00833)	offer(0.00817)	second(0.00775)	sweet-potato(0.00768)	kitchen(0.00757)	chip(0.00747)	finish(0.00743)	sauc(0.00735)	request(0.00734)	work(0.00732)	grill-chees(0.00688)	occas(0.00686)	roast(0.00664)	flavor(0.00602)	return(0.00583)	
Topic 10(0.03414):	wait(0.04084)	steak(0.03956)	NUM-minut(0.03328)	tabl(0.02790)	waiter(0.02533)	friend(0.01953)	reserv(0.01786)	parti(0.01737)	experi(0.01711)	manag(0.01502)	dinner(0.01467)	hostess(0.01460)	dish(0.01402)	seat(0.01370)	time(0.01226)	cook(0.01067)	restaur(0.01061)	wife(0.01015)	final(0.00973)	start(0.00916)	dine(0.00913)	plate(0.00893)	waitress(0.00890)	medium(0.00819)	arriv(0.00776)	side(0.00775)	star(0.00713)	night(0.00703)	bill(0.00690)	honest(0.00673)	
Topic 11(0.03511):	buffet(0.07599)	crab(0.02896)	station(0.02002)	seafood(0.01855)	select(0.01651)	vega(0.01538)	donut(0.01508)	prime(0.01434)	best(0.01177)	dinner(0.01130)	crab-leg(0.01113)	prime-rib(0.01108)	price(0.01066)	offer(0.00929)	shrimp(0.00876)	asian(0.00748)	oyster(0.00718)	time(0.00705)	plate(0.00689)	gelato(0.00654)	varieti(0.00646)	soda(0.00612)	year(0.00605)	spoon(0.00599)	pink(0.00569)	includ(0.00504)	doughnut(0.00503)	coke(0.00479)	tast(0.00464)	appl(0.00461)	
Topic 12(0.10628):	cream(0.02261)	chocol(0.01815)	cake(0.01712)	flavor(0.01386)	ice-cream(0.01185)	sweet(0.01170)	tast(0.01075)	perfect(0.00990)	steak(0.00969)	dish(0.00909)	bread(0.00887)	restaur(0.00807)	lobster(0.00804)	cours(0.00742)	serv(0.00702)	delici(0.00625)	sauc(0.00572)	best(0.00565)	cooki(0.00555)	side(0.00513)	cook(0.00486)	dinner(0.00470)	small(0.00455)	dine(0.00441)	truffl(0.00437)	plate(0.00434)	amaz(0.00433)	chef(0.00427)	favorit(0.00427)	experi(0.00414)	
Topic 13(0.02494):	locat(0.03276)	wait(0.02793)	pretti(0.02730)	time(0.02424)	price(0.02300)	star(0.02160)	month(0.01759)	deal(0.01717)	peopl(0.01524)	staff(0.01411)	year(0.01404)	offer(0.01385)	best(0.01253)	friend(0.01141)	vega(0.01111)	reason(0.00907)	complet(0.00889)	close(0.00836)	call(0.00801)	feel(0.00801)	busi(0.00797)	town(0.00745)	simpli(0.00648)	option(0.00639)	custom(0.00591)	yelp(0.00585)	post(0.00547)	pricey(0.00545)	find(0.00544)	review(0.00535)	
Topic 14(0.04590):	drink(0.07579)	happi(0.07047)	beer(0.05612)	happi-hour(0.04009)	wine(0.02729)	price(0.01977)	bartend(0.01488)	select(0.01327)	patio(0.01264)	appet(0.00979)	buck(0.00919)	glass(0.00788)	time(0.00786)	town(0.00739)	popcorn(0.00727)	martini(0.00714)	NUM-buck(0.00710)	friend(0.00576)	special(0.00567)	bottl(0.00545)	restaur(0.00537)	night(0.00520)	squar(0.00501)	waitress(0.00465)	total(0.00454)	pretti(0.00447)	specialti(0.00440)	cool(0.00419)	craft(0.00406)	NUM-pm(0.00393)	
Topic 15(0.02610):	delici(0.04452)	time(0.03181)	amaz(0.03054)	definit(0.02636)	pretti(0.02410)	price(0.02110)	tabl(0.01895)	star(0.01863)	wait(0.01731)	friend(0.01557)	flavor(0.01533)	pick(0.01426)	special(0.00988)	restaur(0.00963)	super(0.00959)	seat(0.00945)	staff(0.00938)	pretti-good(0.00839)	side(0.00836)	slow(0.00827)	busi(0.00748)	water(0.00739)	review(0.00738)	recommend(0.00721)	area(0.00711)	open(0.00639)	close(0.00634)	care(0.00611)	option(0.00569)	choic(0.00553)	
Topic 16(0.03257):	taco(0.04591)	restaur(0.03554)	friend(0.02998)	shake(0.02239)	fast(0.02205)	mexican(0.02042)	bean(0.01460)	expect(0.01181)	super(0.01117)	pretti(0.01059)	tortilla(0.01039)	tabl(0.01013)	chip(0.00999)	insid(0.00841)	time(0.00816)	best(0.00814)	review(0.00758)	guacamol(0.00743)	amaz(0.00738)	definit(0.00731)	vegetarian(0.00729)	fast-food(0.00715)	patti(0.00703)	vega(0.00676)	shack(0.00631)	price(0.00608)	hamburg(0.00606)	tast(0.00603)	asada(0.00600)	carn(0.00594)	
Topic 17(0.03478):	pizza(0.07772)	pasta(0.02018)	sauc(0.01953)	italian(0.01545)	crust(0.01329)	oliv(0.01005)	bread(0.00966)	garlic(0.00962)	meatbal(0.00947)	slice(0.00920)	dish(0.00912)	sausag(0.00748)	flavor(0.00707)	perfect(0.00697)	mozzarella(0.00685)	mushroom(0.00670)	tast(0.00665)	thin(0.00654)	onion(0.00638)	style(0.00631)	restaur(0.00560)	chicago(0.00557)	best(0.00506)	oven(0.00491)	delici(0.00485)	serv(0.00484)	dress(0.00457)	definit(0.00438)	pepperoni(0.00436)	oliv-oil(0.00433)	
Topic 18(0.02471):	time(0.06687)	pretti(0.02199)	yummi(0.01688)	best(0.01462)	work(0.01312)	peopl(0.01304)	pound(0.01098)	night(0.01065)	favorit(0.01002)	seat(0.00994)	pretti-good(0.00944)	blue(0.00918)	amaz(0.00893)	expect(0.00865)	kitchen(0.00819)	find(0.00777)	stuff(0.00767)	oyster(0.00739)	impress(0.00731)	small(0.00727)	tast(0.00695)	rememb(0.00695)	tabl(0.00690)	crawfish(0.00671)	experi(0.00658)	open(0.00652)	dine(0.00648)	shrimp(0.00637)	crab(0.00631)	mention(0.00631)	
Topic 19(0.02804):	time(0.04896)	friend(0.03257)	tabl(0.02127)	pretti(0.01744)	review(0.01648)	definit(0.01632)	staff(0.01389)	night(0.01308)	peopl(0.01302)	delici(0.01272)	restaur(0.01189)	busi(0.01069)	locat(0.01003)	price(0.00980)	pretti-good(0.00904)	find(0.00895)	star(0.00820)	attent(0.00777)	recommend(0.00755)	reason(0.00724)	serv(0.00722)	seat(0.00720)	dinner(0.00698)	insid(0.00688)	walk(0.00661)	rememb(0.00646)	thought(0.00631)	special(0.00622)	year(0.00620)	experi(0.00604)	
266 users are loaded from /zf18/ll5fy/lab/dataset/yelp/byUser_70k_review/5foldsCVColdstart/2/...
260 users are loaded from /zf18/ll5fy/lab/dataset/yelp/byUser_70k_review/5foldsCVColdstart/0/...
244 users are loaded from /zf18/ll5fy/lab/dataset/yelp/byUser_70k_review/5foldsCVColdstart/1/...
264 users are loaded from /zf18/ll5fy/lab/dataset/yelp/byUser_70k_review/5foldsCVColdstart/3/...
256 users are loaded from /zf18/ll5fy/lab/dataset/yelp/byUser_70k_review/5foldsCVColdstart/4/...
====================
[Info]Fold No. 2: 
train size = 12778, test size = 3065....
[Info]Initializing CTM Model...
[Info]EM iteration 0: likelihood is -5192054.40, converges to 1.0000...
[Info]EM iteration 1: likelihood is -4342669.26, converges to 0.1636...
[Info]EM iteration 2: likelihood is -4317837.30, converges to 0.0057...
[Info]EM iteration 3: likelihood is -4297745.80, converges to 0.0047...
[Info]EM iteration 4: likelihood is -4275779.94, converges to 0.0051...
[Info]EM iteration 5: likelihood is -4250632.58, converges to 0.0059...
[Info]EM iteration 6: likelihood is -4225774.01, converges to 0.0058...
[Info]EM iteration 7: likelihood is -4205816.49, converges to 0.0047...
[Info]EM iteration 8: likelihood is -4191415.66, converges to 0.0034...
[Info]EM iteration 9: likelihood is -4180973.86, converges to 0.0025...
[Info]EM iteration 10: likelihood is -4172784.70, converges to 0.0020...
[Info]EM iteration 11: likelihood is -4165900.11, converges to 0.0016...
[Info]EM iteration 12: likelihood is -4159914.58, converges to 0.0014...
[Info]EM iteration 13: likelihood is -4154647.91, converges to 0.0013...
[Info]EM iteration 14: likelihood is -4149961.52, converges to 0.0011...
[Info]EM iteration 15: likelihood is -4145750.16, converges to 0.0010...
[Info]EM iteration 16: likelihood is -4141917.79, converges to 0.0009...
[Info]EM iteration 17: likelihood is -4138411.08, converges to 0.0008...
[Info]EM iteration 18: likelihood is -4135230.91, converges to 0.0008...
[Info]EM iteration 19: likelihood is -4132351.72, converges to 0.0007...
[Info]EM iteration 20: likelihood is -4129712.53, converges to 0.0006...
[Info]EM iteration 21: likelihood is -4127279.92, converges to 0.0006...
[Info]EM iteration 22: likelihood is -4125015.90, converges to 0.0005...
[Info]EM iteration 23: likelihood is -4122940.78, converges to 0.0005...
[Info]EM iteration 24: likelihood is -4121040.32, converges to 0.0005...
[Info]EM iteration 25: likelihood is -4119287.65, converges to 0.0004...
Line search failed. See documentation of routine mcsrch. Error return of line search: info = 6 Possible causes: function or gradient are incorrect, or incorrect tolerances. (iflag == -1)
	at LBFGS.LBFGS.lbfgs(LBFGS.java:458)
	at topicmodels.CTM.CTM.opt_nu(CTM.java:448)
	at topicmodels.CTM.CTM.varInference(CTM.java:201)
	at topicmodels.CTM.CTM.calculate_E_step(CTM.java:177)
	at topicmodels.CTM.CTM.EM(CTM.java:541)
	at topicmodels.TopicModel.oneFoldValidation(TopicModel.java:455)
	at mains.ETBIRExecution.main(ETBIRExecution.java:142)
Line search failed. See documentation of routine mcsrch. Error return of line search: info = 6 Possible causes: function or gradient are incorrect, or incorrect tolerances. (iflag == -1)
	at LBFGS.LBFGS.lbfgs(LBFGS.java:458)
	at topicmodels.CTM.CTM.opt_nu(CTM.java:448)
	at topicmodels.CTM.CTM.varInference(CTM.java:201)
	at topicmodels.CTM.CTM.calculate_E_step(CTM.java:177)
	at topicmodels.CTM.CTM.EM(CTM.java:541)
	at topicmodels.TopicModel.oneFoldValidation(TopicModel.java:455)
	at mains.ETBIRExecution.main(ETBIRExecution.java:142)
[Info]EM iteration 26: likelihood is -4117640.13, converges to 0.0004...
[Info]EM iteration 27: likelihood is -4116081.99, converges to 0.0004...
[Info]EM iteration 28: likelihood is -4114546.63, converges to 0.0004...
[Info]EM iteration 29: likelihood is -4113062.18, converges to 0.0004...
[Info]EM iteration 30: likelihood is -4111737.28, converges to 0.0003...
[Info]Start evaluation in Normal
[Stat]Test set perplexity is 1363.928 and log-likelihood is -353.078
[Info]CTM[k:20]
 Train/Test finished in 720.78 seconds...
TopWord FilePath:/zf18/ll5fy/lab/dataset/yelp/byUser_70k_review/output/5foldsCVColdstart/2/CTM_topWords_20.txt
Topic 0(0.05151):	rice(0.04211)	chicken(0.03722)	thai(0.03218)	dish(0.02583)	curri(0.02463)	spici(0.01986)	restaur(0.01925)	soup(0.01921)	beef(0.01401)	lunch(0.01346)	flavor(0.01249)	pork(0.01055)	chines(0.01038)	sauc(0.01000)	fri-rice(0.00922)	shrimp(0.00817)	spice(0.00806)	vega(0.00749)	special(0.00723)	time(0.00645)	crispi(0.00628)	asian(0.00618)	best(0.00613)	tast(0.00608)	favorit(0.00589)	lunch-special(0.00572)	tofu(0.00557)	pad-thai(0.00553)	duck(0.00530)	sweet(0.00496)	
Topic 1(0.03440):	taco(0.05260)	chip(0.02683)	mexican(0.01698)	corn(0.01422)	burrito(0.01407)	fish(0.01315)	sauc(0.01251)	bean(0.01139)	chicken(0.01122)	tortilla(0.01119)	nacho(0.01100)	flavor(0.01033)	margarita(0.00925)	asada(0.00768)	beef(0.00756)	pork(0.00717)	chipotl(0.00714)	delici(0.00703)	carn(0.00703)	side(0.00693)	fusion(0.00680)	strip(0.00674)	guacamol(0.00666)	carn-asada(0.00597)	spici(0.00548)	mexican-food(0.00534)	tast(0.00506)	sour(0.00496)	shrimp(0.00492)	restaur(0.00488)	
Topic 2(0.05168):	roll(0.04621)	sushi(0.04533)	fish(0.01771)	tuna(0.01671)	cream(0.01617)	salmon(0.01348)	ice-cream(0.01220)	time(0.01185)	rice(0.01008)	favorit(0.00801)	special(0.00794)	sashimi(0.00792)	nigiri(0.00747)	spici(0.00738)	sauc(0.00713)	poke(0.00673)	friend(0.00668)	oyster(0.00661)	chef(0.00659)	price(0.00655)	restaur(0.00617)	flavor(0.00611)	definit(0.00605)	shrimp(0.00594)	dinner(0.00560)	tast(0.00550)	piec(0.00533)	vega(0.00528)	pretti(0.00522)	lunch(0.00517)	
Topic 3(0.02727):	definit(0.04044)	happi(0.03928)	happi-hour(0.03314)	delici(0.02956)	best(0.01708)	pretti(0.01701)	expect(0.01607)	chicken(0.01568)	friend(0.01370)	tast(0.01208)	lunch(0.01141)	restaur(0.01126)	price(0.01000)	thought(0.00843)	surpris(0.00811)	dinner(0.00800)	waiter(0.00773)	pretti-good(0.00760)	vega(0.00750)	special(0.00726)	locat(0.00720)	area(0.00703)	wait(0.00684)	night(0.00642)	side(0.00640)	super(0.00638)	seat(0.00634)	serv(0.00608)	feel(0.00589)	cook(0.00573)	
Topic 4(0.03165):	sauc(0.05876)	bread(0.02428)	onion(0.02351)	time(0.02319)	pasta(0.02294)	garlic(0.01553)	tabl(0.01524)	chicken(0.01366)	dinner(0.01189)	friend(0.01155)	serv(0.01143)	second(0.01058)	excel(0.00977)	calamari(0.00857)	wing(0.00856)	definit(0.00823)	shrimp(0.00814)	season(0.00807)	delici(0.00772)	appet(0.00756)	meatbal(0.00708)	arriv(0.00684)	mushroom(0.00675)	offer(0.00668)	waiter(0.00655)	crispi(0.00632)	bake(0.00627)	star(0.00613)	french(0.00604)	roast(0.00596)	
Topic 5(0.07521):	pizza(0.04626)	store(0.02514)	beer(0.02101)	shop(0.01837)	select(0.01227)	find(0.01135)	locat(0.00911)	wine(0.00844)	price(0.00818)	theater(0.00781)	time(0.00767)	park(0.00693)	slice(0.00644)	crust(0.00607)	town(0.00599)	year(0.00545)	custom(0.00539)	secret(0.00501)	vega(0.00486)	product(0.00480)	squar(0.00471)	seat(0.00471)	offer(0.00454)	best(0.00439)	walk(0.00432)	area(0.00399)	deal(0.00389)	pick(0.00375)	stuff(0.00374)	reason(0.00369)	
Topic 6(0.03051):	time(0.05653)	review(0.02843)	yelp(0.02627)	peopl(0.02078)	tabl(0.02051)	restaur(0.01801)	call(0.01422)	star(0.01390)	open(0.01290)	busi(0.01283)	chicken(0.01162)	work(0.01025)	told(0.00991)	wing(0.00924)	drink(0.00876)	staff(0.00824)	experi(0.00724)	korean(0.00718)	spot(0.00696)	area(0.00676)	read(0.00668)	night(0.00616)	start(0.00613)	crazi(0.00587)	honey(0.00575)	challeng(0.00574)	aloha(0.00571)	smile(0.00540)	phone(0.00521)	joint(0.00473)	
Topic 7(0.08875):	chocol(0.02328)	cake(0.02141)	cream(0.02020)	breakfast(0.01829)	coffe(0.01688)	flavor(0.01485)	sweet(0.01346)	toast(0.01007)	ice-cream(0.00985)	waffl(0.00901)	tast(0.00861)	pancak(0.00821)	time(0.00821)	cooki(0.00810)	french(0.00781)	strawberri(0.00699)	brunch(0.00612)	delici(0.00610)	banana(0.00587)	pastri(0.00584)	friend(0.00580)	sugar(0.00550)	bread(0.00548)	best(0.00545)	crepe(0.00511)	favorit(0.00483)	perfect(0.00464)	vanilla(0.00442)	cupcak(0.00430)	serv(0.00419)	
Topic 8(0.03165):	plate(0.05126)	chicken(0.03531)	small(0.02873)	side(0.02113)	tast(0.02033)	size(0.01538)	bread(0.01434)	flavor(0.01347)	combo(0.01310)	perfect(0.01260)	sausag(0.01090)	time(0.01055)	amount(0.00999)	serv(0.00978)	friend(0.00974)	season(0.00970)	style(0.00869)	drink(0.00858)	restaur(0.00851)	generous(0.00797)	bland(0.00795)	pita(0.00713)	lunch(0.00706)	steak(0.00677)	hummus(0.00639)	star(0.00634)	smoke(0.00629)	cook(0.00598)	appet(0.00587)	white(0.00566)	
Topic 9(0.08788):	dish(0.02050)	steak(0.02015)	flavor(0.01349)	cook(0.01332)	restaur(0.01266)	beef(0.01236)	pork(0.01162)	tast(0.01142)	perfect(0.01047)	sauc(0.01008)	cours(0.00898)	side(0.00857)	serv(0.00816)	lobster(0.00749)	tender(0.00718)	wine(0.00700)	dinner(0.00697)	bread(0.00677)	dine(0.00632)	mushroom(0.00618)	soup(0.00615)	tabl(0.00590)	start(0.00522)	short(0.00507)	experi(0.00505)	korean(0.00497)	excel(0.00493)	night(0.00482)	salt(0.00476)	delici(0.00468)	
Topic 10(0.02616):	fast(0.03567)	shake(0.02914)	locat(0.02801)	pretti(0.01861)	happi(0.01831)	price(0.01470)	friend(0.01322)	beer(0.01228)	peopl(0.01207)	fast-food(0.01200)	shack(0.01174)	tabl(0.01141)	restaur(0.01080)	feel(0.00971)	super(0.00969)	doubl(0.00940)	dine(0.00913)	watch(0.00889)	busi(0.00831)	vegan(0.00830)	staff(0.00802)	strip(0.00791)	pretti-good(0.00754)	time(0.00713)	coast(0.00702)	vega(0.00695)	happi-hour(0.00639)	joint(0.00638)	overpr(0.00591)	clean(0.00582)	
Topic 11(0.02259):	pretti(0.02321)	definit(0.02292)	option(0.02232)	friend(0.02125)	restaur(0.01928)	chicken(0.01694)	lunch(0.01081)	drink(0.01043)	price(0.00977)	staff(0.00965)	kitchen(0.00914)	time(0.00894)	feel(0.00892)	recommend(0.00880)	oxtail(0.00877)	downtown(0.00871)	tast(0.00869)	dine(0.00845)	favorit(0.00821)	dinner(0.00805)	return(0.00731)	tabl(0.00727)	attent(0.00684)	parti(0.00628)	seat(0.00620)	crispi(0.00618)	vega(0.00608)	talk(0.00595)	open(0.00589)	choic(0.00570)	
Topic 12(0.02686):	time(0.03856)	lunch(0.03087)	price(0.02766)	friend(0.02653)	side(0.02650)	best(0.02427)	pretti(0.02295)	drink(0.01683)	chicken(0.01397)	delici(0.01274)	finger(0.01119)	star(0.01084)	locat(0.01040)	healthi(0.00896)	reason(0.00884)	bring(0.00825)	happi(0.00782)	spot(0.00755)	cafe(0.00722)	town(0.00703)	amaz(0.00677)	serv(0.00648)	option(0.00635)	experi(0.00620)	vega(0.00600)	review(0.00557)	rais(0.00530)	perfect(0.00520)	pricey(0.00515)	area(0.00514)	
Topic 13(0.04632):	wait(0.05131)	ramen(0.03678)	NUM-minut(0.02442)	time(0.02118)	tabl(0.01953)	bowl(0.01854)	seat(0.01723)	broth(0.01684)	waitress(0.00901)	peopl(0.00885)	pork(0.00880)	walk(0.00850)	final(0.00834)	told(0.00806)	monta(0.00779)	hostess(0.00739)	busi(0.00711)	restaur(0.00669)	small(0.00656)	friend(0.00654)	extra(0.00630)	arriv(0.00627)	manag(0.00622)	custom(0.00542)	flavor(0.00537)	soup(0.00519)	cook(0.00500)	spici(0.00486)	experi(0.00438)	call(0.00433)	
Topic 14(0.03206):	time(0.04861)	pretti(0.02587)	flavor(0.02169)	delici(0.02149)	sweet(0.01490)	restaur(0.01466)	night(0.01362)	lunch(0.01219)	tapa(0.01190)	sauc(0.01183)	wrap(0.01097)	definit(0.01090)	sweet-potato(0.01079)	share(0.01033)	amaz(0.00987)	dish(0.00955)	indian(0.00871)	favorit(0.00848)	potato-fri(0.00772)	shrimp(0.00745)	dine(0.00742)	recommend(0.00736)	thought(0.00703)	juici(0.00683)	perfect(0.00682)	stuf(0.00682)	friend(0.00610)	super(0.00604)	experi(0.00596)	veggi(0.00578)	
Topic 15(0.21983):	room(0.02016)	vega(0.01741)	time(0.01592)	casino(0.01226)	hotel(0.01193)	stay(0.01114)	strip(0.01000)	night(0.00998)	peopl(0.00979)	drink(0.00902)	walk(0.00838)	park(0.00823)	pretti(0.00747)	club(0.00745)	area(0.00730)	friend(0.00677)	music(0.00651)	play(0.00645)	las-vega(0.00610)	view(0.00597)	pool(0.00583)	cool(0.00552)	restaur(0.00523)	feel(0.00501)	seat(0.00501)	tabl(0.00498)	locat(0.00490)	crowd(0.00483)	year(0.00451)	best(0.00432)	
Topic 16(0.02646):	drink(0.08445)	friend(0.01981)	tast(0.01760)	sweet(0.01684)	busi(0.01560)	price(0.01409)	total(0.01406)	star(0.01282)	best(0.01257)	find(0.01231)	time(0.01205)	pretti(0.01202)	delici(0.01165)	custom(0.01117)	chicken(0.00992)	cool(0.00953)	turkey(0.00913)	super(0.00872)	peopl(0.00815)	yummi(0.00753)	amaz(0.00694)	spot(0.00693)	coupl(0.00693)	town(0.00674)	feel(0.00671)	review(0.00650)	thought(0.00629)	dinner(0.00617)	custom-servic(0.00604)	wait(0.00583)	
Topic 17(0.03354):	buffet(0.07992)	crab(0.03503)	station(0.01962)	seafood(0.01857)	boba(0.01503)	prime(0.01455)	select(0.01428)	shrimp(0.01224)	crab-leg(0.01190)	prime-rib(0.01176)	time(0.01116)	dinner(0.01044)	price(0.00949)	vega(0.00933)	best(0.00902)	offer(0.00829)	wait(0.00809)	pretti(0.00726)	lunch(0.00722)	asian(0.00638)	soup(0.00622)	varieti(0.00610)	oyster(0.00601)	brunch(0.00583)	crawfish(0.00576)	salad-bar(0.00557)	tast(0.00481)	includ(0.00469)	favorit(0.00429)	sushi(0.00426)	
Topic 18(0.02727):	price(0.04901)	friend(0.03109)	locat(0.02473)	drink(0.02029)	staff(0.01610)	year(0.01566)	busi(0.01551)	peopl(0.01506)	night(0.01499)	truck(0.01336)	pretti(0.01295)	star(0.01233)	restaur(0.01176)	start(0.01061)	close(0.00991)	buck(0.00906)	review(0.00898)	dine(0.00850)	slow(0.00839)	waiter(0.00838)	kinda(0.00746)	wait(0.00745)	patio(0.00691)	seat(0.00653)	booth(0.00630)	eaten(0.00624)	NUM-buck(0.00621)	averag(0.00601)	rememb(0.00580)	feel(0.00569)	
Topic 19(0.02839):	friend(0.03861)	pretti(0.02355)	star(0.02272)	time(0.02065)	special(0.01979)	happi(0.01520)	tabl(0.01422)	amaz(0.01416)	tast(0.01289)	experi(0.01236)	best(0.01205)	dinner(0.01204)	seat(0.01075)	expect(0.01040)	recommend(0.01009)	rememb(0.00976)	serv(0.00964)	feel(0.00876)	super(0.00812)	attent(0.00807)	spot(0.00790)	definit(0.00776)	side(0.00752)	return(0.00748)	staff(0.00739)	clean(0.00728)	reason(0.00663)	thought(0.00652)	area(0.00651)	close(0.00648)	
264 users are loaded from /zf18/ll5fy/lab/dataset/yelp/byUser_70k_review/5foldsCVColdstart/3/...
260 users are loaded from /zf18/ll5fy/lab/dataset/yelp/byUser_70k_review/5foldsCVColdstart/0/...
244 users are loaded from /zf18/ll5fy/lab/dataset/yelp/byUser_70k_review/5foldsCVColdstart/1/...
266 users are loaded from /zf18/ll5fy/lab/dataset/yelp/byUser_70k_review/5foldsCVColdstart/2/...
256 users are loaded from /zf18/ll5fy/lab/dataset/yelp/byUser_70k_review/5foldsCVColdstart/4/...
====================
[Info]Fold No. 3: 
train size = 12591, test size = 3252....
[Info]Initializing CTM Model...
[Info]EM iteration 0: likelihood is -5210359.44, converges to 1.0000...
[Info]EM iteration 1: likelihood is -4360952.45, converges to 0.1630...
[Info]EM iteration 2: likelihood is -4337344.47, converges to 0.0054...
[Info]EM iteration 3: likelihood is -4319585.13, converges to 0.0041...
[Info]EM iteration 4: likelihood is -4301769.08, converges to 0.0041...
[Info]EM iteration 5: likelihood is -4282089.11, converges to 0.0046...
[Info]EM iteration 6: likelihood is -4261755.97, converges to 0.0047...
[Info]EM iteration 7: likelihood is -4242880.61, converges to 0.0044...
[Info]EM iteration 8: likelihood is -4226137.39, converges to 0.0039...
[Info]EM iteration 9: likelihood is -4211257.14, converges to 0.0035...
[Info]EM iteration 10: likelihood is -4197946.43, converges to 0.0032...
[Info]EM iteration 11: likelihood is -4186153.80, converges to 0.0028...
[Info]EM iteration 12: likelihood is -4175819.05, converges to 0.0025...
[Info]EM iteration 13: likelihood is -4166802.65, converges to 0.0022...
[Info]EM iteration 14: likelihood is -4158905.69, converges to 0.0019...
[Info]EM iteration 15: likelihood is -4152234.95, converges to 0.0016...
[Info]EM iteration 16: likelihood is -4146825.62, converges to 0.0013...
Line search failed. See documentation of routine mcsrch. Error return of line search: info = 6 Possible causes: function or gradient are incorrect, or incorrect tolerances. (iflag == -1)
	at LBFGS.LBFGS.lbfgs(LBFGS.java:458)
	at topicmodels.CTM.CTM.opt_nu(CTM.java:448)
	at topicmodels.CTM.CTM.varInference(CTM.java:201)
	at topicmodels.CTM.CTM.calculate_E_step(CTM.java:177)
	at topicmodels.CTM.CTM.EM(CTM.java:541)
	at topicmodels.TopicModel.oneFoldValidation(TopicModel.java:455)
	at mains.ETBIRExecution.main(ETBIRExecution.java:142)
Line search failed. See documentation of routine mcsrch. Error return of line search: info = 6 Possible causes: function or gradient are incorrect, or incorrect tolerances. (iflag == -1)
	at LBFGS.LBFGS.lbfgs(LBFGS.java:458)
	at topicmodels.CTM.CTM.opt_nu(CTM.java:448)
	at topicmodels.CTM.CTM.varInference(CTM.java:201)
	at topicmodels.CTM.CTM.calculate_E_step(CTM.java:177)
	at topicmodels.CTM.CTM.EM(CTM.java:541)
	at topicmodels.TopicModel.oneFoldValidation(TopicModel.java:455)
	at mains.ETBIRExecution.main(ETBIRExecution.java:142)
[Info]EM iteration 17: likelihood is -4142405.02, converges to 0.0011...
Line search failed. See documentation of routine mcsrch. Error return of line search: info = 6 Possible causes: function or gradient are incorrect, or incorrect tolerances. (iflag == -1)
	at LBFGS.LBFGS.lbfgs(LBFGS.java:458)
	at topicmodels.CTM.CTM.opt_nu(CTM.java:448)
	at topicmodels.CTM.CTM.varInference(CTM.java:201)
	at topicmodels.CTM.CTM.calculate_E_step(CTM.java:177)
	at topicmodels.CTM.CTM.EM(CTM.java:541)
	at topicmodels.TopicModel.oneFoldValidation(TopicModel.java:455)
	at mains.ETBIRExecution.main(ETBIRExecution.java:142)
[Info]EM iteration 18: likelihood is -4138665.36, converges to 0.0009...
[Info]EM iteration 19: likelihood is -4135550.42, converges to 0.0008...
[Info]EM iteration 20: likelihood is -4132952.28, converges to 0.0006...
[Info]EM iteration 21: likelihood is -4130724.54, converges to 0.0005...
Line search failed. See documentation of routine mcsrch. Error return of line search: info = 6 Possible causes: function or gradient are incorrect, or incorrect tolerances. (iflag == -1)
	at LBFGS.LBFGS.lbfgs(LBFGS.java:458)
	at topicmodels.CTM.CTM.opt_nu(CTM.java:448)
	at topicmodels.CTM.CTM.varInference(CTM.java:201)
	at topicmodels.CTM.CTM.calculate_E_step(CTM.java:177)
	at topicmodels.CTM.CTM.EM(CTM.java:541)
	at topicmodels.TopicModel.oneFoldValidation(TopicModel.java:455)
	at mains.ETBIRExecution.main(ETBIRExecution.java:142)
[Info]EM iteration 22: likelihood is -4128755.82, converges to 0.0005...
[Info]EM iteration 23: likelihood is -4126987.59, converges to 0.0004...
[Info]EM iteration 24: likelihood is -4125357.89, converges to 0.0004...
[Info]EM iteration 25: likelihood is -4123835.67, converges to 0.0004...
[Info]EM iteration 26: likelihood is -4122457.65, converges to 0.0003...
Line search failed. See documentation of routine mcsrch. Error return of line search: info = 6 Possible causes: function or gradient are incorrect, or incorrect tolerances. (iflag == -1)
	at LBFGS.LBFGS.lbfgs(LBFGS.java:458)
	at topicmodels.CTM.CTM.opt_nu(CTM.java:448)
	at topicmodels.CTM.CTM.varInference(CTM.java:201)
	at topicmodels.CTM.CTM.calculate_E_step(CTM.java:177)
	at topicmodels.CTM.CTM.EM(CTM.java:541)
	at topicmodels.TopicModel.oneFoldValidation(TopicModel.java:455)
	at mains.ETBIRExecution.main(ETBIRExecution.java:142)
[Info]EM iteration 27: likelihood is -4121214.78, converges to 0.0003...
[Info]EM iteration 28: likelihood is -4120075.12, converges to 0.0003...
[Info]EM iteration 29: likelihood is -4119005.92, converges to 0.0003...
[Info]EM iteration 30: likelihood is -4117981.39, converges to 0.0002...
[Info]Start evaluation in Normal
[Stat]Test set perplexity is 1298.591 and log-likelihood is -325.607
[Info]CTM[k:20]
 Train/Test finished in 745.43 seconds...
TopWord FilePath:/zf18/ll5fy/lab/dataset/yelp/byUser_70k_review/output/5foldsCVColdstart/3/CTM_topWords_20.txt
Topic 0(0.04563):	pizza(0.06400)	sauc(0.03083)	chicken(0.02434)	wing(0.01899)	garlic(0.01559)	slice(0.01348)	pasta(0.01145)	crust(0.01116)	italian(0.01035)	flavor(0.01013)	bread(0.00989)	sausag(0.00958)	perfect(0.00878)	meatbal(0.00775)	tast(0.00769)	oliv(0.00767)	white(0.00752)	thin(0.00694)	mushroom(0.00645)	style(0.00640)	mozzarella(0.00602)	best(0.00600)	dish(0.00569)	delici(0.00514)	small(0.00500)	pepperoni(0.00492)	chicago(0.00487)	piec(0.00464)	crispi(0.00451)	serv(0.00445)	
Topic 1(0.05157):	taco(0.03280)	sauc(0.01782)	chip(0.01596)	flavor(0.01583)	mexican(0.01164)	sweet(0.01154)	side(0.01113)	bean(0.01061)	pork(0.01030)	tast(0.01021)	onion(0.01009)	beef(0.00981)	corn(0.00974)	chicken(0.00909)	burrito(0.00889)	nacho(0.00888)	tortilla(0.00741)	margarita(0.00657)	sweet-potato(0.00650)	delici(0.00610)	spici(0.00605)	perfect(0.00537)	pull(0.00527)	best(0.00516)	fish(0.00485)	asada(0.00478)	potato-fri(0.00465)	carn(0.00465)	brisket(0.00456)	guacamol(0.00452)	
Topic 2(0.04161):	breakfast(0.01973)	toast(0.01585)	french(0.01495)	bread(0.01385)	waffl(0.01332)	chicken(0.01323)	sweet(0.00873)	coffe(0.00869)	serv(0.00733)	honey(0.00698)	sauc(0.00633)	pancak(0.00613)	crispi(0.00611)	appl(0.00559)	offer(0.00545)	chef(0.00538)	vega(0.00517)	strip(0.00504)	syrup(0.00504)	brunch(0.00503)	french-toast(0.00487)	cream(0.00465)	select(0.00446)	pastri(0.00422)	arriv(0.00420)	sausag(0.00414)	savori(0.00404)	benedict(0.00398)	best(0.00394)	small(0.00389)	
Topic 3(0.02791):	time(0.05791)	wait(0.05495)	pretti(0.04045)	star(0.02943)	price(0.02852)	drink(0.02729)	find(0.01267)	busi(0.01180)	pretti-good(0.01130)	NUM-minut(0.00824)	special(0.00789)	happi(0.00779)	spot(0.00761)	work(0.00748)	slow(0.00726)	best(0.00686)	NUM-min(0.00664)	experi(0.00640)	close(0.00634)	total(0.00633)	review(0.00616)	definit(0.00524)	understand(0.00523)	super(0.00521)	locat(0.00519)	seat(0.00498)	readi(0.00484)	peopl(0.00474)	horribl(0.00473)	suck(0.00464)	
Topic 4(0.04541):	sushi(0.05557)	roll(0.05144)	happi-hour(0.03221)	happi(0.03024)	fish(0.02003)	tuna(0.01849)	salmon(0.01523)	chef(0.01010)	time(0.00919)	sauc(0.00878)	rice(0.00856)	favorit(0.00816)	special(0.00789)	nigiri(0.00784)	sashimi(0.00780)	spici(0.00769)	dinner(0.00748)	shrimp(0.00737)	price(0.00705)	restaur(0.00647)	tast(0.00633)	definit(0.00609)	appet(0.00573)	sake(0.00506)	best(0.00497)	dish(0.00495)	lunch(0.00491)	piec(0.00489)	pretti(0.00473)	night(0.00453)	
Topic 5(0.02679):	restaur(0.03540)	time(0.02951)	recommend(0.02344)	dish(0.02326)	tabl(0.02116)	waiter(0.01592)	lunch(0.01573)	tapa(0.01529)	amaz(0.01399)	tast(0.01339)	delici(0.01336)	start(0.01299)	star(0.01296)	dinner(0.01246)	small(0.01148)	definit(0.01122)	side(0.01021)	super(0.00980)	friend(0.00965)	yummi(0.00852)	experi(0.00848)	reserv(0.00835)	point(0.00820)	night(0.00795)	parti(0.00770)	special(0.00723)	brought(0.00723)	seat(0.00705)	year(0.00703)	cook(0.00686)	
Topic 6(0.02619):	pretti(0.03218)	time(0.03136)	tabl(0.02025)	bread(0.01527)	side(0.01365)	price(0.01276)	drink(0.01236)	review(0.01206)	amaz(0.01200)	delici(0.01146)	reason(0.01036)	friend(0.01009)	wait(0.00951)	bring(0.00925)	NUM-minut(0.00915)	final(0.00912)	serv(0.00883)	arriv(0.00878)	peopl(0.00873)	steak(0.00857)	restaur(0.00767)	staff(0.00728)	small(0.00723)	star(0.00692)	special(0.00672)	plate(0.00670)	wife(0.00664)	dine(0.00663)	offer(0.00658)	veggi(0.00641)	
Topic 7(0.02607):	friend(0.03561)	drink(0.02237)	call(0.01749)	told(0.01748)	custom(0.01365)	wait(0.01345)	time(0.01194)	busi(0.01151)	peopl(0.01146)	price(0.01101)	find(0.01098)	experi(0.01047)	watch(0.00923)	feel(0.00880)	reason(0.00777)	expect(0.00751)	option(0.00689)	select(0.00679)	phone(0.00679)	NUM-minut(0.00677)	problem(0.00665)	open(0.00663)	work(0.00626)	thought(0.00581)	pretti(0.00575)	cold(0.00572)	mention(0.00568)	final(0.00565)	pink(0.00561)	tabl(0.00557)	
Topic 8(0.02822):	chicken(0.06143)	soup(0.03324)	hawaiian(0.01768)	plate(0.01627)	cafe(0.01520)	side(0.01444)	rice(0.01414)	pancak(0.01095)	bowl(0.01029)	local(0.00932)	poke(0.00805)	oxtail(0.00787)	offer(0.00778)	brown(0.00768)	serv(0.00766)	piec(0.00743)	style(0.00709)	hawaii(0.00696)	wrap(0.00674)	time(0.00665)	locat(0.00644)	definit(0.00608)	crave(0.00594)	sweet(0.00588)	year(0.00575)	short(0.00568)	teriyaki(0.00538)	tast(0.00533)	wait(0.00510)	counter(0.00493)	
Topic 9(0.02380):	friend(0.03816)	tast(0.02872)	lunch(0.02452)	best(0.01850)	work(0.01361)	super(0.01325)	small(0.01264)	seat(0.01245)	staff(0.01245)	expect(0.01243)	tabl(0.01120)	spot(0.01072)	plate(0.00915)	area(0.00882)	drink(0.00847)	finish(0.00787)	select(0.00761)	busi(0.00741)	custom(0.00721)	impress(0.00714)	definit(0.00683)	amaz(0.00671)	second(0.00670)	recommend(0.00654)	chicken(0.00644)	share(0.00600)	offer(0.00591)	cook(0.00589)	find(0.00570)	thought(0.00554)	
Topic 10(0.24141):	room(0.01828)	vega(0.01714)	time(0.01393)	casino(0.01104)	hotel(0.01010)	stay(0.01005)	park(0.00997)	strip(0.00944)	peopl(0.00894)	night(0.00885)	walk(0.00843)	drink(0.00697)	shop(0.00692)	area(0.00684)	pretti(0.00680)	las-vega(0.00677)	store(0.00629)	play(0.00625)	friend(0.00594)	locat(0.00586)	club(0.00567)	music(0.00549)	cool(0.00546)	seat(0.00535)	view(0.00522)	year(0.00498)	pool(0.00479)	price(0.00472)	feel(0.00468)	restaur(0.00449)	
Topic 11(0.09915):	rice(0.02181)	dish(0.01913)	chicken(0.01753)	thai(0.01677)	ramen(0.01667)	pork(0.01646)	flavor(0.01425)	spici(0.01393)	curri(0.01299)	restaur(0.01284)	beef(0.01151)	sauc(0.01120)	soup(0.01094)	broth(0.00848)	korean(0.00836)	time(0.00827)	tast(0.00793)	bowl(0.00785)	cook(0.00694)	definit(0.00660)	vega(0.00635)	best(0.00627)	lunch(0.00600)	favorit(0.00578)	delici(0.00544)	shrimp(0.00514)	small(0.00513)	pretti(0.00512)	side(0.00511)	spice(0.00506)	
Topic 12(0.02944):	friend(0.05876)	pretti(0.03001)	price(0.02340)	delici(0.02140)	lunch(0.01988)	definit(0.01809)	locat(0.01723)	staff(0.01668)	side(0.01275)	breakfast(0.01066)	happi(0.01062)	serv(0.00955)	time(0.00953)	area(0.00906)	wait(0.00899)	dinner(0.00875)	bring(0.00833)	night(0.00774)	pretti-good(0.00767)	feel(0.00763)	waitress(0.00724)	turkey(0.00708)	best(0.00688)	work(0.00642)	open(0.00636)	reason(0.00606)	healthi(0.00558)	walk(0.00554)	vega(0.00552)	felt(0.00545)	
Topic 13(0.06979):	cream(0.03329)	chocol(0.02882)	flavor(0.02294)	cake(0.02282)	ice-cream(0.02094)	coffe(0.01656)	sweet(0.01648)	tast(0.01215)	cooki(0.01212)	crepe(0.00909)	time(0.00894)	strawberri(0.00865)	donut(0.00765)	boba(0.00754)	cupcak(0.00700)	delici(0.00689)	shop(0.00632)	pastri(0.00621)	favorit(0.00608)	vanilla(0.00598)	perfect(0.00592)	drink(0.00574)	best(0.00562)	bakeri(0.00560)	sugar(0.00547)	macaron(0.00505)	friend(0.00491)	custard(0.00488)	definit(0.00474)	frozen(0.00471)	
Topic 14(0.02826):	beer(0.07993)	drink(0.06008)	time(0.02585)	manag(0.02015)	pretti(0.01589)	bartend(0.01367)	waitress(0.01319)	price(0.01266)	select(0.01071)	peopl(0.01064)	night(0.00998)	delici(0.00994)	total(0.00981)	review(0.00904)	wait(0.00828)	custom(0.00772)	NUM-minut(0.00737)	call(0.00731)	expect(0.00718)	happi(0.00645)	area(0.00643)	busi(0.00640)	return(0.00631)	walk(0.00617)	thought(0.00593)	bottl(0.00571)	final(0.00570)	open(0.00564)	hostess(0.00543)	coupl(0.00527)	
Topic 15(0.02570):	drink(0.02777)	peopl(0.02666)	friend(0.02503)	wait(0.02385)	time(0.01966)	review(0.01796)	busi(0.01528)	restaur(0.01482)	star(0.01456)	seat(0.01416)	dinner(0.01329)	locat(0.01270)	experi(0.01244)	price(0.01187)	staff(0.01132)	definit(0.01125)	feel(0.01035)	open(0.00989)	cold(0.00896)	side(0.00885)	pretti-good(0.00876)	option(0.00867)	night(0.00776)	favorit(0.00768)	expect(0.00734)	pack(0.00727)	care(0.00657)	serious(0.00628)	special(0.00625)	honest(0.00590)	
Topic 16(0.07676):	steak(0.02297)	dish(0.01436)	restaur(0.01430)	perfect(0.01120)	tast(0.01054)	flavor(0.01013)	wine(0.00985)	dinner(0.00936)	cours(0.00908)	lobster(0.00900)	bread(0.00898)	cook(0.00858)	sauc(0.00814)	dine(0.00740)	side(0.00736)	serv(0.00724)	delici(0.00691)	best(0.00635)	excel(0.00607)	mushroom(0.00600)	experi(0.00593)	plate(0.00582)	chef(0.00551)	appet(0.00548)	tabl(0.00545)	truffl(0.00535)	start(0.00534)	amaz(0.00532)	shrimp(0.00524)	night(0.00502)	
Topic 17(0.02635):	tabl(0.06885)	time(0.06446)	wait(0.02678)	seat(0.02458)	restaur(0.02156)	experi(0.01447)	friend(0.01302)	NUM-minut(0.01194)	peopl(0.01125)	attent(0.01101)	star(0.01081)	locat(0.01078)	told(0.01050)	dine(0.01047)	definit(0.01013)	night(0.01005)	thought(0.00978)	area(0.00925)	serv(0.00856)	happi(0.00850)	best(0.00837)	special(0.00803)	dinner(0.00715)	clear(0.00694)	rememb(0.00681)	return(0.00627)	bring(0.00610)	water(0.00604)	review(0.00567)	reason(0.00567)	
Topic 18(0.03290):	buffet(0.08284)	crab(0.02592)	station(0.02024)	seafood(0.01769)	shrimp(0.01680)	brunch(0.01609)	select(0.01444)	dinner(0.01428)	prime(0.01168)	crab-leg(0.01144)	vega(0.01105)	best(0.00980)	prime-rib(0.00979)	asian(0.00907)	plate(0.00873)	price(0.00844)	offer(0.00801)	lunch(0.00667)	arepa(0.00633)	wait(0.00624)	mimosa(0.00588)	salad-bar(0.00587)	tast(0.00587)	pretti(0.00578)	varieti(0.00571)	time(0.00536)	juici(0.00532)	spoon(0.00514)	card(0.00482)	serv(0.00482)	
Topic 19(0.02704):	time(0.06294)	star(0.01805)	price(0.01783)	restaur(0.01628)	tabl(0.01416)	amaz(0.01326)	lunch(0.01229)	friend(0.01197)	peopl(0.01151)	locat(0.01147)	feel(0.01129)	wait(0.01129)	busi(0.01084)	expect(0.01068)	seat(0.00996)	serv(0.00966)	definit(0.00883)	town(0.00863)	dine(0.00848)	close(0.00763)	special(0.00753)	review(0.00705)	recommend(0.00685)	point(0.00665)	walk(0.00665)	NUM-minut(0.00649)	bring(0.00645)	pretti(0.00639)	best(0.00610)	coupl(0.00607)	
256 users are loaded from /zf18/ll5fy/lab/dataset/yelp/byUser_70k_review/5foldsCVColdstart/4/...
260 users are loaded from /zf18/ll5fy/lab/dataset/yelp/byUser_70k_review/5foldsCVColdstart/0/...
244 users are loaded from /zf18/ll5fy/lab/dataset/yelp/byUser_70k_review/5foldsCVColdstart/1/...
266 users are loaded from /zf18/ll5fy/lab/dataset/yelp/byUser_70k_review/5foldsCVColdstart/2/...
264 users are loaded from /zf18/ll5fy/lab/dataset/yelp/byUser_70k_review/5foldsCVColdstart/3/...
====================
[Info]Fold No. 4: 
train size = 12424, test size = 3419....
[Info]Initializing CTM Model...
[Info]EM iteration 0: likelihood is -5139357.30, converges to 1.0000...
[Info]EM iteration 1: likelihood is -4298853.46, converges to 0.1635...
[Info]EM iteration 2: likelihood is -4275393.86, converges to 0.0055...
[Info]EM iteration 3: likelihood is -4257644.37, converges to 0.0042...
[Info]EM iteration 4: likelihood is -4238886.53, converges to 0.0044...
[Info]EM iteration 5: likelihood is -4217541.17, converges to 0.0050...
[Info]EM iteration 6: likelihood is -4196078.24, converges to 0.0051...
[Info]EM iteration 7: likelihood is -4177880.59, converges to 0.0043...
[Info]EM iteration 8: likelihood is -4163982.04, converges to 0.0033...
[Info]EM iteration 9: likelihood is -4153340.63, converges to 0.0026...
[Info]EM iteration 10: likelihood is -4144618.01, converges to 0.0021...
[Info]EM iteration 11: likelihood is -4137243.75, converges to 0.0018...
[Info]EM iteration 12: likelihood is -4131055.91, converges to 0.0015...
[Info]EM iteration 13: likelihood is -4125866.81, converges to 0.0013...
[Info]EM iteration 14: likelihood is -4121384.88, converges to 0.0011...
[Info]EM iteration 15: likelihood is -4117313.19, converges to 0.0010...
[Info]EM iteration 16: likelihood is -4113630.82, converges to 0.0009...
[Info]EM iteration 17: likelihood is -4110261.03, converges to 0.0008...
[Info]EM iteration 18: likelihood is -4107049.48, converges to 0.0008...
[Info]EM iteration 19: likelihood is -4103967.95, converges to 0.0008...
[Info]EM iteration 20: likelihood is -4101032.90, converges to 0.0007...
[Info]EM iteration 21: likelihood is -4098219.56, converges to 0.0007...
[Info]EM iteration 22: likelihood is -4095492.21, converges to 0.0007...
[Info]EM iteration 23: likelihood is -4092892.10, converges to 0.0006...
[Info]EM iteration 24: likelihood is -4090432.17, converges to 0.0006...
[Info]EM iteration 25: likelihood is -4088105.65, converges to 0.0006...
[Info]EM iteration 26: likelihood is -4085886.71, converges to 0.0005...
[Info]EM iteration 27: likelihood is -4083783.26, converges to 0.0005...
[Info]EM iteration 28: likelihood is -4081772.90, converges to 0.0005...
[Info]EM iteration 29: likelihood is -4079853.40, converges to 0.0005...
[Info]EM iteration 30: likelihood is -4078079.84, converges to 0.0004...
[Info]Start evaluation in Normal
[Stat]Test set perplexity is 1377.256 and log-likelihood is -328.426
[Info]CTM[k:20]
 Train/Test finished in 678.78 seconds...
TopWord FilePath:/zf18/ll5fy/lab/dataset/yelp/byUser_70k_review/output/5foldsCVColdstart/4/CTM_topWords_20.txt
Topic 0(0.02430):	wait(0.02433)	time(0.02383)	staff(0.01858)	lunch(0.01629)	price(0.01487)	amaz(0.01473)	friend(0.01461)	pick(0.01366)	tast(0.01359)	definit(0.01246)	thought(0.01160)	locat(0.01129)	bring(0.00984)	best(0.00967)	super(0.00946)	tabl(0.00823)	donut(0.00822)	special(0.00739)	dinner(0.00727)	find(0.00716)	experi(0.00690)	reason(0.00682)	type(0.00650)	fill(0.00636)	second(0.00626)	area(0.00620)	night(0.00620)	favorit(0.00612)	calori(0.00606)	waiter(0.00589)	
Topic 1(0.04084):	drink(0.11276)	coffe(0.04328)	happi(0.04055)	happi-hour(0.03282)	friend(0.01830)	shop(0.01668)	custom(0.01110)	work(0.01008)	bartend(0.00947)	staff(0.00887)	time(0.00827)	cool(0.00768)	tast(0.00729)	seat(0.00671)	breakfast(0.00670)	downtown(0.00656)	patio(0.00649)	coffe-shop(0.00604)	offer(0.00592)	brew(0.00529)	card(0.00520)	local(0.00498)	convers(0.00474)	beverag(0.00468)	pleasant(0.00467)	review(0.00441)	book(0.00428)	experi(0.00422)	cafe(0.00408)	wall(0.00395)	
Topic 2(0.02667):	time(0.03238)	locat(0.02597)	friend(0.01944)	call(0.01752)	spot(0.01671)	told(0.01449)	pretti(0.01245)	tast(0.01190)	tabl(0.01151)	open(0.01106)	reason(0.01104)	find(0.01021)	groupon(0.01006)	delici(0.00985)	busi(0.00957)	review(0.00946)	expect(0.00859)	town(0.00831)	walk(0.00786)	water(0.00765)	special(0.00755)	fill(0.00720)	side(0.00719)	local(0.00713)	forget(0.00657)	small(0.00653)	banh(0.00648)	super(0.00643)	banh-mi(0.00618)	deal(0.00596)	
Topic 3(0.03053):	breakfast(0.05056)	wait(0.03337)	star(0.02104)	waffl(0.01967)	brunch(0.01718)	peopl(0.01637)	toast(0.01493)	time(0.01458)	hostess(0.01250)	parti(0.01134)	french(0.01068)	benedict(0.01054)	amaz(0.01007)	pretti(0.00910)	told(0.00873)	omelet(0.00847)	delici(0.00841)	recommend(0.00811)	friend(0.00759)	cafe(0.00736)	bring(0.00705)	restaur(0.00698)	serv(0.00695)	find(0.00658)	waitress(0.00637)	definit(0.00614)	omelett(0.00605)	ring(0.00600)	pretzel(0.00597)	arriv(0.00591)	
Topic 4(0.12021):	rice(0.02224)	roll(0.02010)	sushi(0.01921)	dish(0.01897)	spici(0.01696)	pork(0.01573)	thai(0.01563)	restaur(0.01294)	beef(0.01147)	soup(0.01130)	time(0.01104)	curri(0.01021)	fish(0.00962)	sauc(0.00900)	chicken(0.00894)	flavor(0.00816)	favorit(0.00751)	pretti(0.00734)	tast(0.00724)	korean(0.00722)	definit(0.00703)	shrimp(0.00680)	price(0.00663)	special(0.00661)	tuna(0.00657)	belli(0.00644)	lunch(0.00629)	friend(0.00590)	salmon(0.00564)	wing(0.00558)	
Topic 5(0.02910):	restaur(0.02907)	time(0.02355)	review(0.01803)	wait(0.01728)	peopl(0.01607)	experi(0.01557)	star(0.01448)	dine(0.01273)	locat(0.01202)	price(0.01166)	busi(0.01153)	serv(0.01015)	open(0.00953)	thought(0.00929)	lunch(0.00917)	vega(0.00902)	pretti(0.00821)	extra(0.00745)	seat(0.00731)	plate(0.00722)	feel(0.00719)	super(0.00659)	side(0.00652)	prefer(0.00630)	return(0.00616)	arriv(0.00608)	tast(0.00606)	care(0.00598)	popular(0.00594)	offer(0.00566)	
Topic 6(0.02479):	delici(0.03112)	definit(0.02347)	chip(0.02154)	restaur(0.01890)	tabl(0.01510)	flavor(0.01483)	time(0.01374)	share(0.01372)	super(0.01309)	dish(0.01244)	amaz(0.01157)	dinner(0.01149)	onion(0.01118)	option(0.00904)	serv(0.00774)	short(0.00752)	friend(0.00728)	waiter(0.00713)	bite(0.00701)	chipotl(0.00677)	best(0.00669)	dress(0.00648)	burrito(0.00637)	ingredi(0.00629)	attent(0.00600)	price(0.00598)	coupl(0.00554)	feel(0.00552)	size(0.00535)	point(0.00525)	
Topic 7(0.03678):	pizza(0.07939)	taco(0.05257)	mexican(0.01898)	slice(0.01386)	tortilla(0.01097)	crust(0.01088)	sauc(0.00997)	chip(0.00996)	bean(0.00978)	nacho(0.00906)	burrito(0.00896)	best(0.00810)	margarita(0.00762)	garlic(0.00751)	flavor(0.00708)	guacamol(0.00693)	asada(0.00686)	deli(0.00650)	carn(0.00629)	style(0.00617)	meatbal(0.00615)	delici(0.00572)	mexican-food(0.00562)	mozzarella(0.00550)	carn-asada(0.00531)	white(0.00517)	tast(0.00508)	pepperoni(0.00507)	perfect(0.00502)	favorit(0.00501)	
Topic 8(0.03526):	buffet(0.08087)	crab(0.03454)	shrimp(0.02314)	station(0.02022)	seafood(0.01923)	dinner(0.01317)	prime(0.01276)	crab-leg(0.01204)	select(0.01172)	oyster(0.01127)	vega(0.01038)	prime-rib(0.01035)	wait(0.00981)	best(0.00906)	price(0.00831)	plate(0.00797)	time(0.00756)	pretti(0.00731)	offer(0.00685)	juici(0.00679)	asian(0.00649)	pound(0.00641)	lunch(0.00626)	spoon(0.00552)	crawfish(0.00536)	night(0.00526)	brunch(0.00522)	serv(0.00490)	tast(0.00487)	clam(0.00458)	
Topic 9(0.03637):	beer(0.06998)	fast(0.02259)	shake(0.02097)	price(0.01944)	time(0.01749)	wine(0.01426)	pretti(0.01426)	total(0.01367)	restaur(0.01299)	vega(0.01116)	locat(0.01008)	select(0.00943)	fast-food(0.00902)	pretti-good(0.00865)	factori(0.00802)	wait(0.00793)	patti(0.00788)	shack(0.00781)	peopl(0.00780)	area(0.00748)	dine(0.00643)	tast(0.00639)	doubl(0.00639)	hot-dog(0.00627)	star(0.00602)	friend(0.00581)	ranch(0.00573)	valley(0.00520)	east(0.00519)	joint(0.00495)	
Topic 10(0.02522):	pancak(0.04068)	tabl(0.03770)	friend(0.03282)	pretti(0.02216)	restaur(0.01615)	find(0.01280)	busi(0.01183)	time(0.01087)	vega(0.01085)	peopl(0.01075)	spot(0.01057)	serv(0.00958)	price(0.00908)	lunch(0.00873)	expect(0.00840)	tast(0.00710)	side(0.00706)	stack(0.00705)	strip(0.00671)	cook(0.00644)	attent(0.00616)	area(0.00606)	felt(0.00597)	dinner(0.00575)	breakfast(0.00543)	short(0.00540)	wait(0.00538)	yelp(0.00538)	surpris(0.00536)	extra(0.00518)	
Topic 11(0.02799):	side(0.05336)	chicken(0.02730)	sauc(0.02474)	pull(0.01548)	bread(0.01525)	lunch(0.01367)	smoke(0.01330)	combo(0.01175)	area(0.01017)	brisket(0.00988)	best(0.00985)	pretti(0.00944)	corn(0.00928)	blue(0.00818)	pork(0.00798)	review(0.00767)	small(0.00756)	tender(0.00738)	friend(0.00733)	serv(0.00708)	joint(0.00665)	bbq-sauc(0.00652)	special(0.00648)	bake(0.00620)	buffalo(0.00600)	pull-pork(0.00600)	appet(0.00599)	soda(0.00594)	super(0.00578)	town(0.00573)	
Topic 12(0.07872):	chicken(0.02769)	sauc(0.02264)	flavor(0.01973)	sweet(0.01676)	bread(0.01037)	tast(0.00861)	crispi(0.00783)	ramen(0.00764)	serv(0.00727)	onion(0.00703)	perfect(0.00702)	garlic(0.00582)	dish(0.00566)	salt(0.00555)	soup(0.00544)	small(0.00501)	appl(0.00478)	slice(0.00477)	offer(0.00476)	best(0.00464)	plate(0.00459)	white(0.00458)	fill(0.00454)	delici(0.00444)	veget(0.00434)	tender(0.00426)	soft(0.00417)	french(0.00407)	rice(0.00404)	beef(0.00396)	
Topic 13(0.02571):	chicken(0.06653)	time(0.03298)	friend(0.02512)	pretti(0.02235)	best(0.01583)	feel(0.01506)	yelp(0.01316)	waitress(0.01282)	peopl(0.01197)	choic(0.01194)	delici(0.01013)	spot(0.00794)	wait(0.00794)	thought(0.00776)	lunch(0.00765)	expect(0.00645)	bite(0.00633)	pack(0.00632)	price(0.00607)	small(0.00603)	chicken-fri(0.00602)	special(0.00560)	beef(0.00547)	favorit(0.00545)	fri-steak(0.00540)	soup(0.00536)	busi(0.00534)	sausag(0.00517)	rememb(0.00514)	challeng(0.00504)	
Topic 14(0.08591):	steak(0.02366)	restaur(0.01504)	dish(0.01470)	bread(0.01038)	wine(0.01028)	tast(0.01008)	perfect(0.00987)	dinner(0.00983)	lobster(0.00920)	cours(0.00885)	dine(0.00809)	flavor(0.00719)	tabl(0.00715)	experi(0.00705)	cook(0.00700)	delici(0.00694)	serv(0.00654)	best(0.00627)	side(0.00610)	night(0.00609)	amaz(0.00592)	appet(0.00576)	start(0.00571)	sauc(0.00567)	truffl(0.00539)	mushroom(0.00528)	cream(0.00528)	plate(0.00525)	excel(0.00523)	chef(0.00519)	
Topic 15(0.02788):	time(0.06297)	price(0.03116)	star(0.02614)	night(0.01476)	coupl(0.01356)	feel(0.01352)	busi(0.01280)	drink(0.01213)	definit(0.00978)	seat(0.00958)	close(0.00935)	open(0.00910)	walk(0.00884)	experi(0.00880)	wife(0.00880)	pack(0.00857)	peopl(0.00849)	select(0.00834)	town(0.00826)	super(0.00803)	wait(0.00791)	amaz(0.00784)	staff(0.00782)	recommend(0.00756)	talk(0.00751)	work(0.00743)	review(0.00738)	second(0.00699)	friend(0.00655)	crowd(0.00647)	
Topic 16(0.05838):	cream(0.04481)	chocol(0.03290)	ice-cream(0.02577)	flavor(0.02433)	cake(0.02288)	sweet(0.01913)	cooki(0.01578)	strawberri(0.01119)	crepe(0.01074)	tast(0.01003)	boba(0.00887)	cupcak(0.00864)	time(0.00792)	sugar(0.00778)	velvet(0.00740)	vanilla(0.00672)	favorit(0.00669)	hawaiian(0.00664)	banana(0.00642)	gelato(0.00634)	frozen(0.00586)	bakeri(0.00574)	coconut(0.00552)	whip(0.00533)	delici(0.00529)	shop(0.00522)	perfect(0.00517)	snow(0.00513)	locat(0.00509)	macaron(0.00507)	
Topic 17(0.20713):	room(0.02172)	vega(0.01615)	time(0.01416)	hotel(0.01297)	casino(0.01208)	stay(0.01131)	strip(0.00997)	night(0.00930)	peopl(0.00924)	park(0.00904)	walk(0.00826)	area(0.00733)	pretti(0.00688)	shop(0.00635)	club(0.00635)	pool(0.00630)	music(0.00625)	play(0.00616)	seat(0.00612)	view(0.00608)	store(0.00537)	friend(0.00533)	restaur(0.00523)	las-vega(0.00520)	cool(0.00510)	locat(0.00509)	crowd(0.00456)	year(0.00451)	price(0.00447)	feel(0.00433)	
Topic 18(0.02934):	tabl(0.04413)	NUM-minut(0.04335)	time(0.03346)	seat(0.03056)	manag(0.02822)	wait(0.02617)	cold(0.01464)	final(0.01445)	lunch(0.01388)	year(0.01171)	reserv(0.01159)	pretti(0.01055)	walk(0.00988)	busi(0.00983)	vega(0.00976)	friend(0.00857)	arepa(0.00819)	waiter(0.00793)	refil(0.00767)	option(0.00623)	open(0.00605)	horribl(0.00603)	offer(0.00596)	year-ago(0.00560)	NUM-year(0.00549)	serv(0.00543)	area(0.00543)	groceri(0.00508)	credit(0.00504)	plate(0.00497)	
Topic 19(0.02886):	friend(0.03094)	price(0.02470)	definit(0.02399)	pretti(0.02363)	time(0.02221)	wait(0.01960)	tast(0.01604)	star(0.01475)	peopl(0.01241)	locat(0.01226)	tabl(0.01166)	delici(0.01165)	lunch(0.00964)	find(0.00934)	feel(0.00920)	special(0.00908)	seat(0.00875)	bring(0.00844)	recommend(0.00811)	area(0.00768)	happi(0.00695)	restaur(0.00672)	strip(0.00659)	expect(0.00659)	amaz(0.00655)	thought(0.00646)	reason(0.00642)	favorit(0.00633)	work(0.00626)	serv(0.00614)	

Part 0 -----------------Valid folds: 5
[Stat]Loglikelihood -332.851+/-11.029
[Stat]Perplexity 1340.564+/-27.753
