Load 6134 2-gram new features from /home/ll5fy/TUIR/dataset/yelp/yelp_features.txt...
1409 users are loaded from /home/ll5fy/TUIR/dataset/yelp/byUser_70k_review/data/...
Info File Path: /home/ll5fy/TUIR/dataset/yelp/byUser_70k_review/output/5foldsCVColdstart/ETBIR_User_info.txt
[Info]Start FIXED cross validation...
260 users are loaded from /home/ll5fy/TUIR/dataset/yelp/byUser_70k_review/5foldsCVColdstart/0/...
244 users are loaded from /home/ll5fy/TUIR/dataset/yelp/byUser_70k_review/5foldsCVColdstart/1/...
266 users are loaded from /home/ll5fy/TUIR/dataset/yelp/byUser_70k_review/5foldsCVColdstart/2/...
264 users are loaded from /home/ll5fy/TUIR/dataset/yelp/byUser_70k_review/5foldsCVColdstart/3/...
256 users are loaded from /home/ll5fy/TUIR/dataset/yelp/byUser_70k_review/5foldsCVColdstart/4/...
====================
[Info]Fold No. 0: 
[Info]Analzying corpus: 
...........-- Global corpus: vocabulary size: 6134, review size: 15843, item size: 861, user size: 861
train size = 12311, test size = 3532....
[Info]Analying bipartie graph: 
-- train graph: review size: 12311, item size: 722, user size: 770
ETBIR_User[k:5, alpha:1.01000, beta:1.00100, simga:1.01000, rho:1.01000, item~N(1.00000, 1.00000), user~N(1.00000, 1.00000)]

[Info]Initializing documents...
[Info]Initializing users...
[Info]Initializing items...
[Info]Initializing ETBIR model...
====================
[Info]Start EM iteration 1....
[Info]Multi-thread E-Step: 0 iteration, likelihood=-4018534.81, converge to 1.00000000
[Info]Multi-thread E-Step: 10 iteration, likelihood=-4092931.50, converge to 0.00011073
[Info]Multi-thread E-Step: 20 iteration, likelihood=-4096380.13, converge to 0.00006938
[Info]Finish E-Step: 21 iteration, likelihood: -4096380.1272
[Info]M-step 1....
--------------------------
[Info]EM iteration 1: likelihood is -4096380.13, converges to 4096381.12715678...

====================
[Info]Start EM iteration 2....
[Info]Multi-thread E-Step: 0 iteration, likelihood=-4095518.88, converge to 1.00000000
[Info]Multi-thread E-Step: 10 iteration, likelihood=-4095000.25, converge to 0.00000857
[Info]Multi-thread E-Step: 20 iteration, likelihood=-4094869.62, converge to 0.00000110
[Info]Finish E-Step: 21 iteration, likelihood: -4094869.6219
[Info]M-step 2....
--------------------------
[Info]EM iteration 2: likelihood is -4094869.62, converges to 0.00036874...

====================
[Info]Start EM iteration 3....
[Info]Multi-thread E-Step: 0 iteration, likelihood=-4088545.00, converge to 1.00000000
[Info]Multi-thread E-Step: 10 iteration, likelihood=-4070135.94, converge to 0.00016574
[Info]Multi-thread E-Step: 20 iteration, likelihood=-4066365.33, converge to 0.00006160
[Info]Finish E-Step: 21 iteration, likelihood: -4066365.3315
[Info]M-step 3....
--------------------------
[Info]EM iteration 3: likelihood is -4066365.33, converges to 0.00696098...

====================
[Info]Start EM iteration 4....
[Info]Multi-thread E-Step: 0 iteration, likelihood=-4020190.35, converge to 1.00000000
[Info]Multi-thread E-Step: 10 iteration, likelihood=-3984098.23, converge to 0.00016318
[Info]Multi-thread E-Step: 20 iteration, likelihood=-3980021.79, converge to 0.00007227
[Info]Finish E-Step: 21 iteration, likelihood: -3980021.7897
[Info]M-step 4....
--------------------------
[Info]EM iteration 4: likelihood is -3980021.79, converges to 0.02123359...

====================
[Info]Start EM iteration 5....
[Info]Multi-thread E-Step: 0 iteration, likelihood=-3914334.42, converge to 1.00000000
[Info]Multi-thread E-Step: 10 iteration, likelihood=-3903611.49, converge to 0.00007989
[Info]Multi-thread E-Step: 20 iteration, likelihood=-3901645.40, converge to 0.00003335
[Info]Finish E-Step: 21 iteration, likelihood: -3901645.4038
[Info]M-step 5....
--------------------------
[Info]EM iteration 5: likelihood is -3901645.40, converges to 0.01969245...

====================
[Info]Start EM iteration 6....
[Info]Multi-thread E-Step: 0 iteration, likelihood=-3876380.27, converge to 1.00000000
[Info]Multi-thread E-Step: 10 iteration, likelihood=-3876250.31, converge to 0.00000511
[Info]Multi-thread E-Step: 20 iteration, likelihood=-3876116.19, converge to 0.00000217
[Info]Finish E-Step: 21 iteration, likelihood: -3876116.1904
[Info]M-step 6....
--------------------------
[Info]EM iteration 6: likelihood is -3876116.19, converges to 0.00654319...

====================
[Info]Start EM iteration 7....
[Info]Multi-thread E-Step: 0 iteration, likelihood=-3867081.68, converge to 1.00000000
[Info]Multi-thread E-Step: 10 iteration, likelihood=-3868530.10, converge to 0.00001397
[Info]Multi-thread E-Step: 20 iteration, likelihood=-3868823.24, converge to 0.00000430
[Info]Finish E-Step: 21 iteration, likelihood: -3868823.2356
[Info]M-step 7....
--------------------------
[Info]EM iteration 7: likelihood is -3868823.24, converges to 0.00188151...

====================
[Info]Start EM iteration 8....
[Info]Multi-thread E-Step: 0 iteration, likelihood=-3864895.81, converge to 1.00000000
[Info]Multi-thread E-Step: 10 iteration, likelihood=-3866353.70, converge to 0.00001489
[Info]Multi-thread E-Step: 20 iteration, likelihood=-3866646.68, converge to 0.00000395
[Info]Finish E-Step: 21 iteration, likelihood: -3866646.6782
[Info]M-step 8....
--------------------------
[Info]EM iteration 8: likelihood is -3866646.68, converges to 0.00056259...

====================
[Info]Start EM iteration 9....
[Info]Multi-thread E-Step: 0 iteration, likelihood=-3864600.54, converge to 1.00000000
[Info]Multi-thread E-Step: 10 iteration, likelihood=-3865794.47, converge to 0.00001175
[Info]Multi-thread E-Step: 20 iteration, likelihood=-3866005.55, converge to 0.00000255
[Info]Finish E-Step: 21 iteration, likelihood: -3866005.5475
[Info]M-step 9....
--------------------------
[Info]EM iteration 9: likelihood is -3866005.55, converges to 0.00016581...

====================
[Info]Start EM iteration 10....
[Info]Multi-thread E-Step: 0 iteration, likelihood=-3864726.59, converge to 1.00000000
[Info]Multi-thread E-Step: 10 iteration, likelihood=-3865684.36, converge to 0.00000894
[Info]Multi-thread E-Step: 20 iteration, likelihood=-3865835.81, converge to 0.00000175
[Info]Finish E-Step: 21 iteration, likelihood: -3865835.8106
[Info]M-step 10....
--------------------------
[Info]EM iteration 10: likelihood is -3865835.81, converges to 0.00004390...

====================
[Info]Start EM iteration 11....
[Info]Multi-thread E-Step: 0 iteration, likelihood=-3864935.27, converge to 1.00000000
[Info]Multi-thread E-Step: 10 iteration, likelihood=-3865714.31, converge to 0.00000661
[Info]Multi-thread E-Step: 20 iteration, likelihood=-3865822.37, converge to 0.00000120
[Info]Finish E-Step: 21 iteration, likelihood: -3865822.3655
[Info]M-step 11....
--------------------------
[Info]EM iteration 11: likelihood is -3865822.37, converges to 0.00000348...

====================
[Info]Start EM iteration 12....
[Info]Multi-thread E-Step: 0 iteration, likelihood=-3865151.15, converge to 1.00000000
[Info]Multi-thread E-Step: 10 iteration, likelihood=-3865790.66, converge to 0.00000503
[Info]Finish E-Step: 20 iteration, likelihood: -3865868.9502
[Info]M-step 12....
--------------------------
[Info]EM iteration 12: likelihood is -3865868.95, converges to 0.00001205...

====================
[Info]Start EM iteration 13....
[Info]Multi-thread E-Step: 0 iteration, likelihood=-3865328.95, converge to 1.00000000
[Info]Multi-thread E-Step: 10 iteration, likelihood=-3865859.16, converge to 0.00000378
[Info]Finish E-Step: 17 iteration, likelihood: -3865907.8020
[Info]M-step 13....
--------------------------
[Info]EM iteration 13: likelihood is -3865907.80, converges to 0.00001005...

====================
[Info]Start EM iteration 14....
[Info]Multi-thread E-Step: 0 iteration, likelihood=-3865444.33, converge to 1.00000000
[Info]Multi-thread E-Step: 10 iteration, likelihood=-3865884.94, converge to 0.00000289
[Info]Finish E-Step: 15 iteration, likelihood: -3865915.0070
[Info]M-step 14....
--------------------------
[Info]EM iteration 14: likelihood is -3865915.01, converges to 0.00000186...

====================
[Info]Start EM iteration 15....
[Info]Multi-thread E-Step: 0 iteration, likelihood=-3865497.54, converge to 1.00000000
[Info]Multi-thread E-Step: 10 iteration, likelihood=-3865868.40, converge to 0.00000227
[Info]Finish E-Step: 14 iteration, likelihood: -3865888.9313
[Info]M-step 15....
--------------------------
[Info]EM iteration 15: likelihood is -3865888.93, converges to 0.00000675...

====================
[Info]Start EM iteration 16....
[Info]Multi-thread E-Step: 0 iteration, likelihood=-3865516.73, converge to 1.00000000
[Info]Multi-thread E-Step: 10 iteration, likelihood=-3865834.07, converge to 0.00000185
[Info]Finish E-Step: 13 iteration, likelihood: -3865848.1242
[Info]M-step 16....
--------------------------
[Info]EM iteration 16: likelihood is -3865848.12, converges to 0.00001056...

====================
[Info]Start EM iteration 17....
[Info]Multi-thread E-Step: 0 iteration, likelihood=-3865516.92, converge to 1.00000000
[Info]Multi-thread E-Step: 10 iteration, likelihood=-3865788.29, converge to 0.00000153
[Info]Finish E-Step: 13 iteration, likelihood: -3865800.1755
[Info]M-step 17....
--------------------------
[Info]EM iteration 17: likelihood is -3865800.18, converges to 0.00001240...

====================
[Info]Start EM iteration 18....
[Info]Multi-thread E-Step: 0 iteration, likelihood=-3865503.73, converge to 1.00000000
[Info]Multi-thread E-Step: 10 iteration, likelihood=-3865739.19, converge to 0.00000120
[Info]Finish E-Step: 11 iteration, likelihood: -3865742.8960
[Info]M-step 18....
--------------------------
[Info]EM iteration 18: likelihood is -3865742.90, converges to 0.00001482...

====================
[Info]Start EM iteration 19....
[Info]Multi-thread E-Step: 0 iteration, likelihood=-3865484.23, converge to 1.00000000
[Info]Multi-thread E-Step: 10 iteration, likelihood=-3865690.78, converge to 0.00000102
[Info]Finish E-Step: 11 iteration, likelihood: -3865693.9741
[Info]M-step 19....
--------------------------
[Info]EM iteration 19: likelihood is -3865693.97, converges to 0.00001266...

====================
[Info]Start EM iteration 20....
[Info]Multi-thread E-Step: 0 iteration, likelihood=-3865476.14, converge to 1.00000000
[Info]Finish E-Step: 10 iteration, likelihood: -3865657.8916
[Info]M-step 20....
--------------------------
[Info]EM iteration 20: likelihood is -3865657.89, converges to 0.00000933...

====================
[Info]Start EM iteration 21....
[Info]Multi-thread E-Step: 0 iteration, likelihood=-3865474.81, converge to 1.00000000
[Info]Finish E-Step: 9 iteration, likelihood: -3865633.8066
[Info]M-step 21....
--------------------------
[Info]EM iteration 21: likelihood is -3865633.81, converges to 0.00000623...

====================
[Info]Start EM iteration 22....
[Info]Multi-thread E-Step: 0 iteration, likelihood=-3865479.17, converge to 1.00000000
[Info]Finish E-Step: 9 iteration, likelihood: -3865622.4628
[Info]M-step 22....
--------------------------
[Info]EM iteration 22: likelihood is -3865622.46, converges to 0.00000293...

====================
[Info]Start EM iteration 23....
[Info]Multi-thread E-Step: 0 iteration, likelihood=-3865492.66, converge to 1.00000000
[Info]Finish E-Step: 8 iteration, likelihood: -3865616.6870
[Info]M-step 23....
--------------------------
[Info]EM iteration 23: likelihood is -3865616.69, converges to 0.00000149...

====================
[Info]Start EM iteration 24....
[Info]Multi-thread E-Step: 0 iteration, likelihood=-3865507.21, converge to 1.00000000
[Info]Finish E-Step: 8 iteration, likelihood: -3865620.1148
[Info]M-step 24....
--------------------------
[Info]EM iteration 24: likelihood is -3865620.11, converges to 0.00000089...

====================
[Info]Start EM iteration 25....
[Info]Multi-thread E-Step: 0 iteration, likelihood=-3865524.05, converge to 1.00000000
[Info]Finish E-Step: 7 iteration, likelihood: -3865621.6768
[Info]M-step 25....
--------------------------
[Info]EM iteration 25: likelihood is -3865621.68, converges to 0.00000040...

====================
[Info]Start EM iteration 26....
[Info]Multi-thread E-Step: 0 iteration, likelihood=-3865537.64, converge to 1.00000000
[Info]Finish E-Step: 7 iteration, likelihood: -3865628.2104
[Info]M-step 26....
--------------------------
[Info]EM iteration 26: likelihood is -3865628.21, converges to 0.00000169...

====================
[Info]Start EM iteration 27....
[Info]Multi-thread E-Step: 0 iteration, likelihood=-3865554.58, converge to 1.00000000
[Info]Finish E-Step: 7 iteration, likelihood: -3865636.5324
[Info]M-step 27....
--------------------------
[Info]EM iteration 27: likelihood is -3865636.53, converges to 0.00000215...

====================
[Info]Start EM iteration 28....
[Info]Multi-thread E-Step: 0 iteration, likelihood=-3865570.84, converge to 1.00000000
[Info]Finish E-Step: 6 iteration, likelihood: -3865642.3043
[Info]M-step 28....
--------------------------
[Info]EM iteration 28: likelihood is -3865642.30, converges to 0.00000149...

====================
[Info]Start EM iteration 29....
[Info]Multi-thread E-Step: 0 iteration, likelihood=-3865583.45, converge to 1.00000000
[Info]Finish E-Step: 6 iteration, likelihood: -3865649.1584
[Info]M-step 29....
--------------------------
[Info]EM iteration 29: likelihood is -3865649.16, converges to 0.00000177...

[Info]Analying bipartie graph: 
-- test graph: review size: 3532, item size: 211, user size: 260
[Info]Start evaluation in thread
---likelihood: -1062954.5116001319
---likelihood: -1064241.6456561778
---likelihood: -1064279.5624030803
---likelihood: -1064121.2989067426
---likelihood: -1064171.0342000057
---likelihood: -1064157.2004394894
---likelihood: -1064229.1562349128
---likelihood: -1064058.062855078
---likelihood: -1064217.1339298307
---likelihood: -1064271.3817660525
---likelihood: -1064207.5378352124
---likelihood: -1064336.137314343
---likelihood: -1064272.682734742
---likelihood: -1064280.83023509
---likelihood: -1064207.9818145745
---likelihood: -1064217.242674394
---likelihood: -1064272.800885683
---likelihood: -1064134.3144223087
---likelihood: -1064228.0940526142
---likelihood: -1064204.2930632818
---likelihood: -1064253.7356583907
[Info]Inference finished: likelihood: -1064253.7357
[Stat]Test evaluation finished: 3532 docs
[Stat]0 part has 817.000000 docs: perplexity is 899.225 and log-likelihood is -311.780
[Stat]1 part has 303.000000 docs: perplexity is 893.507 and log-likelihood is -315.448
[Stat]2 part has 1696.000000 docs: perplexity is 833.749 and log-likelihood is -298.800
[Stat]3 part has 716.000000 docs: perplexity is 804.246 and log-likelihood is -290.450
[Stat]4 part has 3532.000000 docs: perplexity is 843.872 and log-likelihood is -301.318
[Info]ETBIR_User[k:5, alpha:1.01000, beta:1.00100, simga:1.01000, rho:1.01000, item~N(1.00000, 1.00000), user~N(1.00000, 1.00000)]
 Train/Test SUCCEED in 187.57 seconds...
TopWord FilePath:/home/ll5fy/TUIR/dataset/yelp/byUser_70k_review/output/5foldsCVColdstart/0/ETBIR_User_topWords_5.txt
Topic 0(0.18686):	cream(0.01477)	chocol(0.01169)	sushi(0.01149)	flavor(0.01050)	cake(0.01029)	steak(0.01027)	tast(0.01001)	sweet(0.00918)	perfect(0.00801)	roll(0.00781)	ice-cream(0.00760)	dinner(0.00757)	restaur(0.00727)	bread(0.00726)	delici(0.00680)	serv(0.00650)	chef(0.00637)	wine(0.00632)	best(0.00621)	dish(0.00573)	cours(0.00542)	amaz(0.00482)	sauc(0.00479)	experi(0.00463)	time(0.00461)	start(0.00461)	favorit(0.00459)	tabl(0.00456)	lobster(0.00446)	dine(0.00436)	
Topic 1(0.14998):	time(0.02123)	flavor(0.01343)	ramen(0.01282)	pretti(0.01003)	tast(0.00973)	bowl(0.00949)	wait(0.00916)	sauc(0.00861)	small(0.00797)	soup(0.00792)	sweet(0.00772)	friend(0.00766)	locat(0.00729)	side(0.00714)	best(0.00709)	roll(0.00708)	pork(0.00666)	definit(0.00654)	broth(0.00650)	crab(0.00634)	vega(0.00594)	chicken(0.00594)	shrimp(0.00487)	delici(0.00483)	peopl(0.00482)	spot(0.00476)	find(0.00474)	perfect(0.00449)	price(0.00449)	favorit(0.00445)	
Topic 2(0.26776):	room(0.01723)	vega(0.01669)	time(0.01535)	peopl(0.01035)	night(0.00969)	casino(0.00969)	strip(0.00945)	park(0.00925)	stay(0.00893)	drink(0.00893)	walk(0.00874)	hotel(0.00860)	area(0.00835)	shop(0.00768)	pretti(0.00744)	seat(0.00708)	cool(0.00663)	locat(0.00622)	play(0.00614)	year(0.00589)	las-vega(0.00585)	music(0.00580)	friend(0.00572)	club(0.00553)	store(0.00547)	restaur(0.00546)	view(0.00532)	price(0.00528)	feel(0.00491)	crowd(0.00481)	
Topic 3(0.22414):	time(0.01780)	pizza(0.01643)	drink(0.01520)	friend(0.01428)	happi(0.01312)	wait(0.01166)	chicken(0.01027)	price(0.00986)	beer(0.00982)	tabl(0.00919)	pretti(0.00868)	breakfast(0.00838)	happi-hour(0.00801)	star(0.00615)	side(0.00602)	delici(0.00594)	peopl(0.00575)	sauc(0.00569)	seat(0.00561)	busi(0.00560)	definit(0.00550)	lunch(0.00532)	bread(0.00527)	serv(0.00526)	NUM-minut(0.00522)	locat(0.00517)	coffe(0.00512)	tast(0.00511)	pancak(0.00493)	staff(0.00476)	
Topic 4(0.17126):	dish(0.02057)	chicken(0.01826)	rice(0.01746)	restaur(0.01639)	beef(0.01253)	sauc(0.01155)	pork(0.01069)	lunch(0.01026)	flavor(0.01022)	spici(0.01017)	time(0.00996)	taco(0.00987)	thai(0.00906)	definit(0.00785)	curri(0.00750)	tast(0.00746)	pretti(0.00738)	price(0.00736)	friend(0.00718)	delici(0.00717)	side(0.00713)	shrimp(0.00699)	cook(0.00691)	soup(0.00687)	fish(0.00662)	korean(0.00600)	favorit(0.00599)	plate(0.00599)	buffet(0.00577)	best(0.00572)	
244 users are loaded from /home/ll5fy/TUIR/dataset/yelp/byUser_70k_review/5foldsCVColdstart/1/...
260 users are loaded from /home/ll5fy/TUIR/dataset/yelp/byUser_70k_review/5foldsCVColdstart/0/...
266 users are loaded from /home/ll5fy/TUIR/dataset/yelp/byUser_70k_review/5foldsCVColdstart/2/...
264 users are loaded from /home/ll5fy/TUIR/dataset/yelp/byUser_70k_review/5foldsCVColdstart/3/...
256 users are loaded from /home/ll5fy/TUIR/dataset/yelp/byUser_70k_review/5foldsCVColdstart/4/...
====================
[Info]Fold No. 1: 
[Info]Analzying corpus: 
...........-- Global corpus: vocabulary size: 6134, review size: 15843, item size: 861, user size: 861
train size = 13268, test size = 2575....
[Info]Analying bipartie graph: 
-- train graph: review size: 13268, item size: 732, user size: 782
ETBIR_User[k:5, alpha:1.01000, beta:1.00100, simga:1.01000, rho:1.01000, item~N(1.00000, 1.00000), user~N(1.00000, 1.00000)]

[Info]Initializing documents...
[Info]Initializing users...
[Info]Initializing items...
[Info]Initializing ETBIR model...
====================
[Info]Start EM iteration 1....
[Info]Multi-thread E-Step: 0 iteration, likelihood=-4286101.59, converge to 1.00000000
[Info]Multi-thread E-Step: 10 iteration, likelihood=-4364101.60, converge to 0.00010824
[Info]Multi-thread E-Step: 20 iteration, likelihood=-4367715.79, converge to 0.00006812
[Info]Finish E-Step: 21 iteration, likelihood: -4367715.7942
[Info]M-step 1....
--------------------------
[Info]EM iteration 1: likelihood is -4367715.79, converges to 4367716.79417511...

====================
[Info]Start EM iteration 2....
[Info]Multi-thread E-Step: 0 iteration, likelihood=-4366938.98, converge to 1.00000000
[Info]Multi-thread E-Step: 10 iteration, likelihood=-4367373.00, converge to 0.00000788
[Info]Multi-thread E-Step: 20 iteration, likelihood=-4367721.48, converge to 0.00000683
[Info]Finish E-Step: 21 iteration, likelihood: -4367721.4753
[Info]M-step 2....
--------------------------
[Info]EM iteration 2: likelihood is -4367721.48, converges to 0.00000130...

====================
[Info]Start EM iteration 3....
[Info]Multi-thread E-Step: 0 iteration, likelihood=-4363721.40, converge to 1.00000000
[Info]Multi-thread E-Step: 10 iteration, likelihood=-4351148.99, converge to 0.00012607
[Info]Multi-thread E-Step: 20 iteration, likelihood=-4347997.65, converge to 0.00004823
[Info]Finish E-Step: 21 iteration, likelihood: -4347997.6474
[Info]M-step 3....
--------------------------
[Info]EM iteration 3: likelihood is -4347997.65, converges to 0.00451582...

====================
[Info]Start EM iteration 4....
[Info]Multi-thread E-Step: 0 iteration, likelihood=-4320681.09, converge to 1.00000000
[Info]Multi-thread E-Step: 10 iteration, likelihood=-4286134.34, converge to 0.00016794
[Info]Multi-thread E-Step: 20 iteration, likelihood=-4281866.63, converge to 0.00006920
[Info]Finish E-Step: 21 iteration, likelihood: -4281866.6255
[Info]M-step 4....
--------------------------
[Info]EM iteration 4: likelihood is -4281866.63, converges to 0.01520953...

====================
[Info]Start EM iteration 5....
[Info]Multi-thread E-Step: 0 iteration, likelihood=-4219629.93, converge to 1.00000000
[Info]Multi-thread E-Step: 10 iteration, likelihood=-4201920.37, converge to 0.00009439
[Info]Multi-thread E-Step: 20 iteration, likelihood=-4199391.13, converge to 0.00004089
[Info]Finish E-Step: 21 iteration, likelihood: -4199391.1309
[Info]M-step 5....
--------------------------
[Info]EM iteration 5: likelihood is -4199391.13, converges to 0.01926157...

====================
[Info]Start EM iteration 6....
[Info]Multi-thread E-Step: 0 iteration, likelihood=-4161276.01, converge to 1.00000000
[Info]Multi-thread E-Step: 10 iteration, likelihood=-4158757.16, converge to 0.00002484
[Info]Multi-thread E-Step: 20 iteration, likelihood=-4158130.61, converge to 0.00000932
[Info]Finish E-Step: 21 iteration, likelihood: -4158130.6122
[Info]M-step 6....
--------------------------
[Info]EM iteration 6: likelihood is -4158130.61, converges to 0.00982536...

====================
[Info]Start EM iteration 7....
[Info]Multi-thread E-Step: 0 iteration, likelihood=-4140748.55, converge to 1.00000000
[Info]Multi-thread E-Step: 10 iteration, likelihood=-4141295.75, converge to 0.00000464
[Info]Multi-thread E-Step: 20 iteration, likelihood=-4141406.54, converge to 0.00000182
[Info]Finish E-Step: 21 iteration, likelihood: -4141406.5358
[Info]M-step 7....
--------------------------
[Info]EM iteration 7: likelihood is -4141406.54, converges to 0.00402202...

====================
[Info]Start EM iteration 8....
[Info]Multi-thread E-Step: 0 iteration, likelihood=-4132183.85, converge to 1.00000000
[Info]Multi-thread E-Step: 10 iteration, likelihood=-4133256.17, converge to 0.00001156
[Info]Multi-thread E-Step: 20 iteration, likelihood=-4133516.71, converge to 0.00000358
[Info]Finish E-Step: 21 iteration, likelihood: -4133516.7108
[Info]M-step 8....
--------------------------
[Info]EM iteration 8: likelihood is -4133516.71, converges to 0.00190511...

====================
[Info]Start EM iteration 9....
[Info]Multi-thread E-Step: 0 iteration, likelihood=-4127837.46, converge to 1.00000000
[Info]Multi-thread E-Step: 10 iteration, likelihood=-4128886.44, converge to 0.00001085
[Info]Multi-thread E-Step: 20 iteration, likelihood=-4129111.58, converge to 0.00000274
[Info]Finish E-Step: 21 iteration, likelihood: -4129111.5789
[Info]M-step 9....
--------------------------
[Info]EM iteration 9: likelihood is -4129111.58, converges to 0.00106571...

====================
[Info]Start EM iteration 10....
[Info]Multi-thread E-Step: 0 iteration, likelihood=-4125178.62, converge to 1.00000000
[Info]Multi-thread E-Step: 10 iteration, likelihood=-4126071.78, converge to 0.00000851
[Info]Multi-thread E-Step: 20 iteration, likelihood=-4126235.29, converge to 0.00000174
[Info]Finish E-Step: 21 iteration, likelihood: -4126235.2933
[Info]M-step 10....
--------------------------
[Info]EM iteration 10: likelihood is -4126235.29, converges to 0.00069659...

====================
[Info]Start EM iteration 11....
[Info]Multi-thread E-Step: 0 iteration, likelihood=-4123423.55, converge to 1.00000000
[Info]Multi-thread E-Step: 10 iteration, likelihood=-4124168.33, converge to 0.00000676
[Info]Multi-thread E-Step: 20 iteration, likelihood=-4124292.28, converge to 0.00000127
[Info]Finish E-Step: 21 iteration, likelihood: -4124292.2844
[Info]M-step 11....
--------------------------
[Info]EM iteration 11: likelihood is -4124292.28, converges to 0.00047089...

====================
[Info]Start EM iteration 12....
[Info]Multi-thread E-Step: 0 iteration, likelihood=-4122141.27, converge to 1.00000000
[Info]Multi-thread E-Step: 10 iteration, likelihood=-4122758.79, converge to 0.00000540
[Info]Finish E-Step: 19 iteration, likelihood: -4122846.6798
[Info]M-step 12....
--------------------------
[Info]EM iteration 12: likelihood is -4122846.68, converges to 0.00035051...

====================
[Info]Start EM iteration 13....
[Info]Multi-thread E-Step: 0 iteration, likelihood=-4121057.32, converge to 1.00000000
[Info]Multi-thread E-Step: 10 iteration, likelihood=-4121586.01, converge to 0.00000419
[Info]Finish E-Step: 17 iteration, likelihood: -4121642.7566
[Info]M-step 13....
--------------------------
[Info]EM iteration 13: likelihood is -4121642.76, converges to 0.00029201...

====================
[Info]Start EM iteration 14....
[Info]Multi-thread E-Step: 0 iteration, likelihood=-4120246.29, converge to 1.00000000
[Info]Multi-thread E-Step: 10 iteration, likelihood=-4120704.45, converge to 0.00000335
[Info]Finish E-Step: 16 iteration, likelihood: -4120744.3673
[Info]M-step 14....
--------------------------
[Info]EM iteration 14: likelihood is -4120744.37, converges to 0.00021797...

====================
[Info]Start EM iteration 15....
[Info]Multi-thread E-Step: 0 iteration, likelihood=-4119765.69, converge to 1.00000000
[Info]Multi-thread E-Step: 10 iteration, likelihood=-4120173.08, converge to 0.00000270
[Info]Finish E-Step: 15 iteration, likelihood: -4120203.5161
[Info]M-step 15....
--------------------------
[Info]EM iteration 15: likelihood is -4120203.52, converges to 0.00013125...

====================
[Info]Start EM iteration 16....
[Info]Multi-thread E-Step: 0 iteration, likelihood=-4119457.26, converge to 1.00000000
[Info]Multi-thread E-Step: 10 iteration, likelihood=-4119806.17, converge to 0.00000214
[Info]Finish E-Step: 14 iteration, likelihood: -4119826.3238
[Info]M-step 16....
--------------------------
[Info]EM iteration 16: likelihood is -4119826.32, converges to 0.00009155...

====================
[Info]Start EM iteration 17....
[Info]Multi-thread E-Step: 0 iteration, likelihood=-4119189.44, converge to 1.00000000
[Info]Multi-thread E-Step: 10 iteration, likelihood=-4119496.32, converge to 0.00000169
[Info]Finish E-Step: 13 iteration, likelihood: -4119509.4445
[Info]M-step 17....
--------------------------
[Info]EM iteration 17: likelihood is -4119509.44, converges to 0.00007692...

====================
[Info]Start EM iteration 18....
[Info]Multi-thread E-Step: 0 iteration, likelihood=-4118960.65, converge to 1.00000000
[Info]Multi-thread E-Step: 10 iteration, likelihood=-4119225.38, converge to 0.00000135
[Info]Finish E-Step: 12 iteration, likelihood: -4119233.4777
[Info]M-step 18....
--------------------------
[Info]EM iteration 18: likelihood is -4119233.48, converges to 0.00006699...

====================
[Info]Start EM iteration 19....
[Info]Multi-thread E-Step: 0 iteration, likelihood=-4118752.12, converge to 1.00000000
[Info]Multi-thread E-Step: 10 iteration, likelihood=-4118987.29, converge to 0.00000115
[Info]Finish E-Step: 11 iteration, likelihood: -4118991.1127
[Info]M-step 19....
--------------------------
[Info]EM iteration 19: likelihood is -4118991.11, converges to 0.00005884...

====================
[Info]Start EM iteration 20....
[Info]Multi-thread E-Step: 0 iteration, likelihood=-4118585.06, converge to 1.00000000
[Info]Multi-thread E-Step: 10 iteration, likelihood=-4118796.52, converge to 0.00000102
[Info]Finish E-Step: 11 iteration, likelihood: -4118799.7386
[Info]M-step 20....
--------------------------
[Info]EM iteration 20: likelihood is -4118799.74, converges to 0.00004646...

====================
[Info]Start EM iteration 21....
[Info]Multi-thread E-Step: 0 iteration, likelihood=-4118476.51, converge to 1.00000000
[Info]Finish E-Step: 10 iteration, likelihood: -4118669.7220
[Info]M-step 21....
--------------------------
[Info]EM iteration 21: likelihood is -4118669.72, converges to 0.00003157...

====================
[Info]Start EM iteration 22....
[Info]Multi-thread E-Step: 0 iteration, likelihood=-4118406.69, converge to 1.00000000
[Info]Finish E-Step: 10 iteration, likelihood: -4118584.9504
[Info]M-step 22....
--------------------------
[Info]EM iteration 22: likelihood is -4118584.95, converges to 0.00002058...

====================
[Info]Start EM iteration 23....
[Info]Multi-thread E-Step: 0 iteration, likelihood=-4118357.77, converge to 1.00000000
[Info]Finish E-Step: 9 iteration, likelihood: -4118517.5925
[Info]M-step 23....
--------------------------
[Info]EM iteration 23: likelihood is -4118517.59, converges to 0.00001635...

====================
[Info]Start EM iteration 24....
[Info]Multi-thread E-Step: 0 iteration, likelihood=-4118309.22, converge to 1.00000000
[Info]Finish E-Step: 8 iteration, likelihood: -4118448.2632
[Info]M-step 24....
--------------------------
[Info]EM iteration 24: likelihood is -4118448.26, converges to 0.00001683...

====================
[Info]Start EM iteration 25....
[Info]Multi-thread E-Step: 0 iteration, likelihood=-4118247.35, converge to 1.00000000
[Info]Finish E-Step: 8 iteration, likelihood: -4118376.5858
[Info]M-step 25....
--------------------------
[Info]EM iteration 25: likelihood is -4118376.59, converges to 0.00001740...

====================
[Info]Start EM iteration 26....
[Info]Multi-thread E-Step: 0 iteration, likelihood=-4118185.97, converge to 1.00000000
[Info]Finish E-Step: 8 iteration, likelihood: -4118304.5586
[Info]M-step 26....
--------------------------
[Info]EM iteration 26: likelihood is -4118304.56, converges to 0.00001749...

====================
[Info]Start EM iteration 27....
[Info]Multi-thread E-Step: 0 iteration, likelihood=-4118123.43, converge to 1.00000000
[Info]Finish E-Step: 7 iteration, likelihood: -4118231.4133
[Info]M-step 27....
--------------------------
[Info]EM iteration 27: likelihood is -4118231.41, converges to 0.00001776...

====================
[Info]Start EM iteration 28....
[Info]Multi-thread E-Step: 0 iteration, likelihood=-4118067.48, converge to 1.00000000
[Info]Finish E-Step: 7 iteration, likelihood: -4118168.1518
[Info]M-step 28....
--------------------------
[Info]EM iteration 28: likelihood is -4118168.15, converges to 0.00001536...

====================
[Info]Start EM iteration 29....
[Info]Multi-thread E-Step: 0 iteration, likelihood=-4118019.56, converge to 1.00000000
[Info]Finish E-Step: 7 iteration, likelihood: -4118113.6465
[Info]M-step 29....
--------------------------
[Info]EM iteration 29: likelihood is -4118113.65, converges to 0.00001324...

[Info]Analying bipartie graph: 
-- test graph: review size: 2575, item size: 179, user size: 244
[Info]Start evaluation in thread
---likelihood: -803511.4032439268
---likelihood: -804588.7913046568
---likelihood: -804471.6636461475
---likelihood: -804478.7929620398
---likelihood: -804577.6778370895
---likelihood: -804597.4235959064
---likelihood: -804527.8853871662
---likelihood: -804552.5832779728
---likelihood: -804581.2777726658
---likelihood: -804579.2823417879
---likelihood: -804544.1855147353
---likelihood: -804630.4613242367
---likelihood: -804539.1399904795
[Info]Inference finished: likelihood: -804539.5214
[Stat]Test evaluation finished: 2575 docs
[Stat]0 part has 746.000000 docs: perplexity is 784.093 and log-likelihood is -320.424
[Stat]1 part has 193.000000 docs: perplexity is 882.351 and log-likelihood is -316.603
[Stat]2 part has 1220.000000 docs: perplexity is 828.642 and log-likelihood is -309.865
[Stat]3 part has 416.000000 docs: perplexity is 824.441 and log-likelihood is -305.568
[Stat]4 part has 2575.000000 docs: perplexity is 813.155 and log-likelihood is -312.443
[Info]ETBIR_User[k:5, alpha:1.01000, beta:1.00100, simga:1.01000, rho:1.01000, item~N(1.00000, 1.00000), user~N(1.00000, 1.00000)]
 Train/Test SUCCEED in 205.01 seconds...
TopWord FilePath:/home/ll5fy/TUIR/dataset/yelp/byUser_70k_review/output/5foldsCVColdstart/1/ETBIR_User_topWords_5.txt
Topic 0(0.22542):	vega(0.02195)	room(0.02195)	time(0.01390)	strip(0.01292)	casino(0.01230)	stay(0.01172)	hotel(0.01135)	night(0.01106)	park(0.01103)	area(0.00926)	walk(0.00878)	peopl(0.00862)	las-vega(0.00802)	play(0.00759)	music(0.00745)	locat(0.00738)	pretti(0.00714)	club(0.00701)	cool(0.00663)	drink(0.00621)	year(0.00586)	view(0.00579)	shop(0.00576)	pool(0.00565)	restaur(0.00562)	crowd(0.00551)	feel(0.00538)	friend(0.00536)	seat(0.00509)	open(0.00499)	
Topic 1(0.21775):	time(0.02415)	drink(0.02056)	wait(0.01795)	friend(0.01397)	happi(0.01295)	price(0.01255)	tabl(0.01211)	beer(0.01211)	peopl(0.01124)	seat(0.01040)	star(0.00958)	pretti(0.00817)	NUM-minut(0.00797)	happi-hour(0.00784)	store(0.00748)	experi(0.00740)	busi(0.00693)	review(0.00664)	restaur(0.00645)	custom(0.00625)	find(0.00615)	night(0.00612)	staff(0.00602)	locat(0.00581)	wine(0.00554)	shop(0.00544)	told(0.00514)	walk(0.00505)	call(0.00498)	work(0.00495)	
Topic 2(0.18612):	dish(0.02000)	rice(0.01523)	restaur(0.01466)	roll(0.01366)	pork(0.01232)	sushi(0.01202)	chicken(0.01171)	spici(0.01146)	flavor(0.01066)	time(0.01053)	soup(0.01040)	sauc(0.01028)	beef(0.00979)	fish(0.00913)	thai(0.00911)	tast(0.00859)	ramen(0.00831)	definit(0.00776)	friend(0.00745)	delici(0.00699)	favorit(0.00692)	curri(0.00622)	shrimp(0.00614)	best(0.00608)	special(0.00608)	pretti(0.00606)	bowl(0.00589)	small(0.00574)	cook(0.00574)	lunch(0.00555)	
Topic 3(0.17396):	chicken(0.02168)	buffet(0.01664)	time(0.01579)	lunch(0.01308)	sauc(0.01139)	pretti(0.01117)	side(0.00932)	crab(0.00851)	taco(0.00845)	tast(0.00818)	flavor(0.00781)	delici(0.00762)	friend(0.00755)	price(0.00751)	definit(0.00721)	best(0.00697)	shrimp(0.00657)	plate(0.00531)	sweet(0.00525)	dinner(0.00512)	chip(0.00507)	option(0.00501)	bean(0.00485)	serv(0.00481)	bread(0.00469)	seafood(0.00456)	locat(0.00442)	station(0.00425)	choic(0.00421)	select(0.00416)	
Topic 4(0.19675):	cream(0.01392)	pizza(0.01269)	flavor(0.01155)	chocol(0.01129)	tast(0.01084)	steak(0.01056)	cake(0.01056)	sweet(0.00985)	perfect(0.00963)	bread(0.00954)	delici(0.00842)	serv(0.00779)	ice-cream(0.00707)	breakfast(0.00700)	restaur(0.00661)	sauc(0.00625)	best(0.00599)	coffe(0.00580)	side(0.00572)	dish(0.00554)	cours(0.00551)	friend(0.00502)	amaz(0.00499)	time(0.00470)	dinner(0.00456)	toast(0.00445)	cook(0.00445)	french(0.00440)	dine(0.00433)	excel(0.00429)	
266 users are loaded from /home/ll5fy/TUIR/dataset/yelp/byUser_70k_review/5foldsCVColdstart/2/...
260 users are loaded from /home/ll5fy/TUIR/dataset/yelp/byUser_70k_review/5foldsCVColdstart/0/...
244 users are loaded from /home/ll5fy/TUIR/dataset/yelp/byUser_70k_review/5foldsCVColdstart/1/...
264 users are loaded from /home/ll5fy/TUIR/dataset/yelp/byUser_70k_review/5foldsCVColdstart/3/...
256 users are loaded from /home/ll5fy/TUIR/dataset/yelp/byUser_70k_review/5foldsCVColdstart/4/...
====================
[Info]Fold No. 2: 
[Info]Analzying corpus: 
...........-- Global corpus: vocabulary size: 6134, review size: 15843, item size: 861, user size: 861
train size = 12778, test size = 3065....
[Info]Analying bipartie graph: 
-- train graph: review size: 12778, item size: 702, user size: 773
ETBIR_User[k:5, alpha:1.01000, beta:1.00100, simga:1.01000, rho:1.01000, item~N(1.00000, 1.00000), user~N(1.00000, 1.00000)]

[Info]Initializing documents...
[Info]Initializing users...
[Info]Initializing items...
[Info]Initializing ETBIR model...
====================
[Info]Start EM iteration 1....
[Info]Multi-thread E-Step: 0 iteration, likelihood=-4076263.78, converge to 1.00000000
[Info]Multi-thread E-Step: 10 iteration, likelihood=-4150086.44, converge to 0.00010685
[Info]Multi-thread E-Step: 20 iteration, likelihood=-4153496.02, converge to 0.00006767
[Info]Finish E-Step: 21 iteration, likelihood: -4153496.0241
[Info]M-step 1....
--------------------------
[Info]EM iteration 1: likelihood is -4153496.02, converges to 4153497.02409281...

====================
[Info]Start EM iteration 2....
[Info]Multi-thread E-Step: 0 iteration, likelihood=-4152667.93, converge to 1.00000000
[Info]Finish E-Step: 3 iteration, likelihood: -4152728.4385
[Info]M-step 2....
--------------------------
[Info]EM iteration 2: likelihood is -4152728.44, converges to 0.00018480...

====================
[Info]Start EM iteration 3....
[Info]Multi-thread E-Step: 0 iteration, likelihood=-4150572.53, converge to 1.00000000
[Info]Multi-thread E-Step: 10 iteration, likelihood=-4143444.41, converge to 0.00007977
[Info]Multi-thread E-Step: 20 iteration, likelihood=-4141547.34, converge to 0.00003046
[Info]Finish E-Step: 21 iteration, likelihood: -4141547.3393
[Info]M-step 3....
--------------------------
[Info]EM iteration 3: likelihood is -4141547.34, converges to 0.00269247...

====================
[Info]Start EM iteration 4....
[Info]Multi-thread E-Step: 0 iteration, likelihood=-4126222.39, converge to 1.00000000
[Info]Multi-thread E-Step: 10 iteration, likelihood=-4099838.42, converge to 0.00016203
[Info]Multi-thread E-Step: 20 iteration, likelihood=-4096034.87, converge to 0.00006350
[Info]Finish E-Step: 21 iteration, likelihood: -4096034.8670
[Info]M-step 4....
--------------------------
[Info]EM iteration 4: likelihood is -4096034.87, converges to 0.01098924...

====================
[Info]Start EM iteration 5....
[Info]Multi-thread E-Step: 0 iteration, likelihood=-4044843.80, converge to 1.00000000
[Info]Multi-thread E-Step: 10 iteration, likelihood=-4020259.69, converge to 0.00011339
[Info]Multi-thread E-Step: 20 iteration, likelihood=-4017310.58, converge to 0.00005117
[Info]Finish E-Step: 21 iteration, likelihood: -4017310.5844
[Info]M-step 5....
--------------------------
[Info]EM iteration 5: likelihood is -4017310.58, converges to 0.01921963...

====================
[Info]Start EM iteration 6....
[Info]Multi-thread E-Step: 0 iteration, likelihood=-3966972.02, converge to 1.00000000
[Info]Multi-thread E-Step: 10 iteration, likelihood=-3960442.51, converge to 0.00004916
[Info]Multi-thread E-Step: 20 iteration, likelihood=-3959220.22, converge to 0.00002001
[Info]Finish E-Step: 21 iteration, likelihood: -3959220.2235
[Info]M-step 6....
--------------------------
[Info]EM iteration 6: likelihood is -3959220.22, converges to 0.01446001...

====================
[Info]Start EM iteration 7....
[Info]Multi-thread E-Step: 0 iteration, likelihood=-3933941.61, converge to 1.00000000
[Info]Multi-thread E-Step: 10 iteration, likelihood=-3933302.93, converge to 0.00000855
[Info]Multi-thread E-Step: 20 iteration, likelihood=-3933099.11, converge to 0.00000306
[Info]Finish E-Step: 21 iteration, likelihood: -3933099.1134
[Info]M-step 7....
--------------------------
[Info]EM iteration 7: likelihood is -3933099.11, converges to 0.00659754...

====================
[Info]Start EM iteration 8....
[Info]Multi-thread E-Step: 0 iteration, likelihood=-3921083.01, converge to 1.00000000
[Info]Multi-thread E-Step: 10 iteration, likelihood=-3921677.21, converge to 0.00000439
[Info]Multi-thread E-Step: 20 iteration, likelihood=-3921774.50, converge to 0.00000161
[Info]Finish E-Step: 21 iteration, likelihood: -3921774.4955
[Info]M-step 8....
--------------------------
[Info]EM iteration 8: likelihood is -3921774.50, converges to 0.00287931...

====================
[Info]Start EM iteration 9....
[Info]Multi-thread E-Step: 0 iteration, likelihood=-3915668.57, converge to 1.00000000
[Info]Multi-thread E-Step: 10 iteration, likelihood=-3916461.27, converge to 0.00000783
[Info]Multi-thread E-Step: 20 iteration, likelihood=-3916623.04, converge to 0.00000219
[Info]Finish E-Step: 21 iteration, likelihood: -3916623.0392
[Info]M-step 9....
--------------------------
[Info]EM iteration 9: likelihood is -3916623.04, converges to 0.00131355...

====================
[Info]Start EM iteration 10....
[Info]Multi-thread E-Step: 0 iteration, likelihood=-3913125.56, converge to 1.00000000
[Info]Multi-thread E-Step: 10 iteration, likelihood=-3913864.31, converge to 0.00000762
[Info]Multi-thread E-Step: 20 iteration, likelihood=-3914006.14, converge to 0.00000171
[Info]Finish E-Step: 21 iteration, likelihood: -3914006.1353
[Info]M-step 10....
--------------------------
[Info]EM iteration 10: likelihood is -3914006.14, converges to 0.00066815...

====================
[Info]Start EM iteration 11....
[Info]Multi-thread E-Step: 0 iteration, likelihood=-3911807.43, converge to 1.00000000
[Info]Multi-thread E-Step: 10 iteration, likelihood=-3912473.90, converge to 0.00000649
[Info]Multi-thread E-Step: 20 iteration, likelihood=-3912587.42, converge to 0.00000127
[Info]Finish E-Step: 21 iteration, likelihood: -3912587.4240
[Info]M-step 11....
--------------------------
[Info]EM iteration 11: likelihood is -3912587.42, converges to 0.00036247...

====================
[Info]Start EM iteration 12....
[Info]Multi-thread E-Step: 0 iteration, likelihood=-3911104.79, converge to 1.00000000
[Info]Multi-thread E-Step: 10 iteration, likelihood=-3911692.37, converge to 0.00000534
[Info]Finish E-Step: 20 iteration, likelihood: -3911782.6097
[Info]M-step 12....
--------------------------
[Info]EM iteration 12: likelihood is -3911782.61, converges to 0.00020570...

====================
[Info]Start EM iteration 13....
[Info]Multi-thread E-Step: 0 iteration, likelihood=-3910725.39, converge to 1.00000000
[Info]Multi-thread E-Step: 10 iteration, likelihood=-3911236.77, converge to 0.00000440
[Info]Finish E-Step: 18 iteration, likelihood: -3911301.3346
[Info]M-step 13....
--------------------------
[Info]EM iteration 13: likelihood is -3911301.33, converges to 0.00012303...

====================
[Info]Start EM iteration 14....
[Info]Multi-thread E-Step: 0 iteration, likelihood=-3910484.92, converge to 1.00000000
[Info]Multi-thread E-Step: 10 iteration, likelihood=-3910920.18, converge to 0.00000344
[Info]Finish E-Step: 17 iteration, likelihood: -3910965.2110
[Info]M-step 14....
--------------------------
[Info]EM iteration 14: likelihood is -3910965.21, converges to 0.00008594...

====================
[Info]Start EM iteration 15....
[Info]Multi-thread E-Step: 0 iteration, likelihood=-3910251.55, converge to 1.00000000
[Info]Multi-thread E-Step: 10 iteration, likelihood=-3910618.06, converge to 0.00000257
[Info]Finish E-Step: 15 iteration, likelihood: -3910647.5141
[Info]M-step 15....
--------------------------
[Info]EM iteration 15: likelihood is -3910647.51, converges to 0.00008123...

====================
[Info]Start EM iteration 16....
[Info]Multi-thread E-Step: 0 iteration, likelihood=-3909990.49, converge to 1.00000000
[Info]Multi-thread E-Step: 10 iteration, likelihood=-3910298.16, converge to 0.00000206
[Info]Finish E-Step: 14 iteration, likelihood: -3910317.9044
[Info]M-step 16....
--------------------------
[Info]EM iteration 16: likelihood is -3910317.90, converges to 0.00008429...

====================
[Info]Start EM iteration 17....
[Info]Multi-thread E-Step: 0 iteration, likelihood=-3909706.85, converge to 1.00000000
[Info]Multi-thread E-Step: 10 iteration, likelihood=-3909973.42, converge to 0.00000174
[Info]Finish E-Step: 13 iteration, likelihood: -3909986.2938
[Info]M-step 17....
--------------------------
[Info]EM iteration 17: likelihood is -3909986.29, converges to 0.00008480...

====================
[Info]Start EM iteration 18....
[Info]Multi-thread E-Step: 0 iteration, likelihood=-3909418.42, converge to 1.00000000
[Info]Multi-thread E-Step: 10 iteration, likelihood=-3909652.18, converge to 0.00000142
[Info]Finish E-Step: 12 iteration, likelihood: -3909660.2726
[Info]M-step 18....
--------------------------
[Info]EM iteration 18: likelihood is -3909660.27, converges to 0.00008338...

====================
[Info]Start EM iteration 19....
[Info]Multi-thread E-Step: 0 iteration, likelihood=-3909146.80, converge to 1.00000000
[Info]Multi-thread E-Step: 10 iteration, likelihood=-3909355.02, converge to 0.00000127
[Info]Finish E-Step: 12 iteration, likelihood: -3909362.1936
[Info]M-step 19....
--------------------------
[Info]EM iteration 19: likelihood is -3909362.19, converges to 0.00007624...

====================
[Info]Start EM iteration 20....
[Info]Multi-thread E-Step: 0 iteration, likelihood=-3908902.05, converge to 1.00000000
[Info]Multi-thread E-Step: 10 iteration, likelihood=-3909086.60, converge to 0.00000104
[Info]Finish E-Step: 11 iteration, likelihood: -3909089.9041
[Info]M-step 20....
--------------------------
[Info]EM iteration 20: likelihood is -3909089.90, converges to 0.00006965...

====================
[Info]Start EM iteration 21....
[Info]Multi-thread E-Step: 0 iteration, likelihood=-3908675.37, converge to 1.00000000
[Info]Finish E-Step: 10 iteration, likelihood: -3908843.0816
[Info]M-step 21....
--------------------------
[Info]EM iteration 21: likelihood is -3908843.08, converges to 0.00006314...

====================
[Info]Start EM iteration 22....
[Info]Multi-thread E-Step: 0 iteration, likelihood=-3908463.27, converge to 1.00000000
[Info]Finish E-Step: 9 iteration, likelihood: -3908609.7695
[Info]M-step 22....
--------------------------
[Info]EM iteration 22: likelihood is -3908609.77, converges to 0.00005969...

====================
[Info]Start EM iteration 23....
[Info]Multi-thread E-Step: 0 iteration, likelihood=-3908269.06, converge to 1.00000000
[Info]Finish E-Step: 9 iteration, likelihood: -3908404.0173
[Info]M-step 23....
--------------------------
[Info]EM iteration 23: likelihood is -3908404.02, converges to 0.00005264...

====================
[Info]Start EM iteration 24....
[Info]Multi-thread E-Step: 0 iteration, likelihood=-3908109.78, converge to 1.00000000
[Info]Finish E-Step: 8 iteration, likelihood: -3908228.6258
[Info]M-step 24....
--------------------------
[Info]EM iteration 24: likelihood is -3908228.63, converges to 0.00004488...

====================
[Info]Start EM iteration 25....
[Info]Multi-thread E-Step: 0 iteration, likelihood=-3907974.18, converge to 1.00000000
[Info]Finish E-Step: 8 iteration, likelihood: -3908081.6910
[Info]M-step 25....
--------------------------
[Info]EM iteration 25: likelihood is -3908081.69, converges to 0.00003760...

====================
[Info]Start EM iteration 26....
[Info]Multi-thread E-Step: 0 iteration, likelihood=-3907868.95, converge to 1.00000000
[Info]Finish E-Step: 7 iteration, likelihood: -3907963.6838
[Info]M-step 26....
--------------------------
[Info]EM iteration 26: likelihood is -3907963.68, converges to 0.00003020...

====================
[Info]Start EM iteration 27....
[Info]Multi-thread E-Step: 0 iteration, likelihood=-3907782.55, converge to 1.00000000
[Info]Finish E-Step: 7 iteration, likelihood: -3907870.5759
[Info]M-step 27....
--------------------------
[Info]EM iteration 27: likelihood is -3907870.58, converges to 0.00002383...

====================
[Info]Start EM iteration 28....
[Info]Multi-thread E-Step: 0 iteration, likelihood=-3907709.49, converge to 1.00000000
[Info]Finish E-Step: 7 iteration, likelihood: -3907791.1615
[Info]M-step 28....
--------------------------
[Info]EM iteration 28: likelihood is -3907791.16, converges to 0.00002032...

====================
[Info]Start EM iteration 29....
[Info]Multi-thread E-Step: 0 iteration, likelihood=-3907650.52, converge to 1.00000000
[Info]Finish E-Step: 6 iteration, likelihood: -3907723.2824
[Info]M-step 29....
--------------------------
[Info]EM iteration 29: likelihood is -3907723.28, converges to 0.00001737...

[Info]Analying bipartie graph: 
-- test graph: review size: 3065, item size: 207, user size: 266
[Info]Start evaluation in thread
---likelihood: -1006045.8209771359
---likelihood: -1007143.9565042065
---likelihood: -1007048.8620514211
---likelihood: -1007142.1858971837
---likelihood: -1007126.9935317732
---likelihood: -1007130.5700770878
---likelihood: -1007145.3429577956
---likelihood: -1007033.288333144
---likelihood: -1007124.606615696
---likelihood: -1007218.9653279805
---likelihood: -1007153.6623488998
---likelihood: -1007179.9158969859
---likelihood: -1007160.2217613057
---likelihood: -1007165.3952933202
---likelihood: -1007166.8575879061
---likelihood: -1007193.7407027173
---likelihood: -1007143.679165995
---likelihood: -1007186.5270102118
---likelihood: -1007094.574667497
---likelihood: -1007277.4872722607
---likelihood: -1007095.5330034086
[Info]Inference finished: likelihood: -1007095.5330
[Stat]Test evaluation finished: 3065 docs
[Stat]0 part has 769.000000 docs: perplexity is 810.510 and log-likelihood is -314.372
[Stat]1 part has 178.000000 docs: perplexity is 786.647 and log-likelihood is -329.718
[Stat]2 part has 1718.000000 docs: perplexity is 848.647 and log-likelihood is -330.030
[Stat]3 part has 400.000000 docs: perplexity is 813.198 and log-likelihood is -350.980
[Stat]4 part has 3065.000000 docs: perplexity is 826.570 and log-likelihood is -328.579
[Info]ETBIR_User[k:5, alpha:1.01000, beta:1.00100, simga:1.01000, rho:1.01000, item~N(1.00000, 1.00000), user~N(1.00000, 1.00000)]
 Train/Test SUCCEED in 193.03 seconds...
TopWord FilePath:/home/ll5fy/TUIR/dataset/yelp/byUser_70k_review/output/5foldsCVColdstart/2/ETBIR_User_topWords_5.txt
Topic 0(0.20378):	time(0.02221)	drink(0.02161)	sushi(0.01477)	friend(0.01416)	happi(0.01369)	roll(0.01339)	beer(0.01240)	price(0.01093)	taco(0.01049)	wait(0.01023)	pretti(0.00982)	seat(0.00947)	night(0.00927)	tabl(0.00883)	star(0.00871)	fish(0.00835)	happi-hour(0.00760)	peopl(0.00741)	definit(0.00630)	review(0.00616)	amaz(0.00605)	favorit(0.00584)	restaur(0.00572)	experi(0.00548)	best(0.00541)	special(0.00536)	dinner(0.00529)	NUM-minut(0.00511)	busi(0.00502)	tuna(0.00479)	
Topic 1(0.18643):	pizza(0.01370)	sauc(0.01304)	steak(0.01251)	restaur(0.01171)	bread(0.01110)	tast(0.00978)	dish(0.00969)	side(0.00969)	perfect(0.00891)	dinner(0.00862)	flavor(0.00828)	serv(0.00807)	delici(0.00773)	dine(0.00757)	cook(0.00749)	tabl(0.00733)	time(0.00689)	crab(0.00688)	plate(0.00607)	wine(0.00604)	chicken(0.00537)	onion(0.00508)	best(0.00498)	lobster(0.00496)	cours(0.00489)	experi(0.00474)	sweet(0.00462)	excel(0.00458)	mushroom(0.00454)	shrimp(0.00453)	
Topic 2(0.18946):	chicken(0.02640)	rice(0.01636)	time(0.01357)	lunch(0.01338)	dish(0.01307)	sauc(0.01299)	pork(0.01258)	restaur(0.01245)	spici(0.01117)	soup(0.01078)	flavor(0.01037)	pretti(0.00967)	ramen(0.00962)	thai(0.00922)	beef(0.00869)	tast(0.00863)	friend(0.00851)	definit(0.00760)	bowl(0.00738)	curri(0.00705)	wait(0.00679)	side(0.00660)	price(0.00643)	best(0.00605)	delici(0.00570)	small(0.00553)	cook(0.00536)	broth(0.00488)	special(0.00470)	favorit(0.00465)	
Topic 3(0.16097):	cream(0.01887)	chocol(0.01427)	cake(0.01378)	flavor(0.01349)	sweet(0.01326)	time(0.01195)	breakfast(0.01152)	coffe(0.01129)	ice-cream(0.01042)	friend(0.00975)	tast(0.00912)	delici(0.00735)	drink(0.00728)	toast(0.00674)	best(0.00667)	favorit(0.00563)	definit(0.00559)	waffl(0.00550)	cooki(0.00533)	locat(0.00529)	wait(0.00522)	pancak(0.00520)	brunch(0.00520)	french(0.00518)	perfect(0.00484)	select(0.00464)	strawberri(0.00461)	amaz(0.00448)	serv(0.00439)	banana(0.00432)	
Topic 4(0.25936):	room(0.01903)	vega(0.01903)	time(0.01427)	buffet(0.01242)	strip(0.01095)	casino(0.01079)	park(0.01053)	stay(0.01015)	peopl(0.01001)	walk(0.00998)	hotel(0.00989)	area(0.00894)	locat(0.00841)	night(0.00777)	las-vega(0.00710)	pretti(0.00701)	shop(0.00693)	store(0.00648)	club(0.00648)	year(0.00589)	price(0.00574)	view(0.00555)	play(0.00519)	find(0.00511)	feel(0.00506)	restaur(0.00489)	friend(0.00487)	pool(0.00483)	open(0.00479)	crowd(0.00465)	
264 users are loaded from /home/ll5fy/TUIR/dataset/yelp/byUser_70k_review/5foldsCVColdstart/3/...
260 users are loaded from /home/ll5fy/TUIR/dataset/yelp/byUser_70k_review/5foldsCVColdstart/0/...
244 users are loaded from /home/ll5fy/TUIR/dataset/yelp/byUser_70k_review/5foldsCVColdstart/1/...
266 users are loaded from /home/ll5fy/TUIR/dataset/yelp/byUser_70k_review/5foldsCVColdstart/2/...
256 users are loaded from /home/ll5fy/TUIR/dataset/yelp/byUser_70k_review/5foldsCVColdstart/4/...
====================
[Info]Fold No. 3: 
[Info]Analzying corpus: 
...........-- Global corpus: vocabulary size: 6134, review size: 15843, item size: 861, user size: 861
train size = 12591, test size = 3252....
[Info]Analying bipartie graph: 
-- train graph: review size: 12591, item size: 717, user size: 770
ETBIR_User[k:5, alpha:1.01000, beta:1.00100, simga:1.01000, rho:1.01000, item~N(1.00000, 1.00000), user~N(1.00000, 1.00000)]

[Info]Initializing documents...
[Info]Initializing users...
[Info]Initializing items...
[Info]Initializing ETBIR model...
====================
[Info]Start EM iteration 1....
[Info]Multi-thread E-Step: 0 iteration, likelihood=-4090599.22, converge to 1.00000000
[Info]Multi-thread E-Step: 10 iteration, likelihood=-4165962.85, converge to 0.00010984
[Info]Multi-thread E-Step: 20 iteration, likelihood=-4169445.95, converge to 0.00006876
[Info]Finish E-Step: 21 iteration, likelihood: -4169445.9476
[Info]M-step 1....
--------------------------
[Info]EM iteration 1: likelihood is -4169445.95, converges to 4169446.94758958...

====================
[Info]Start EM iteration 2....
[Info]Multi-thread E-Step: 0 iteration, likelihood=-4168682.78, converge to 1.00000000
[Info]Multi-thread E-Step: 10 iteration, likelihood=-4169079.15, converge to 0.00000411
[Info]Multi-thread E-Step: 20 iteration, likelihood=-4169284.22, converge to 0.00000452
[Info]Finish E-Step: 21 iteration, likelihood: -4169284.2217
[Info]M-step 2....
--------------------------
[Info]EM iteration 2: likelihood is -4169284.22, converges to 0.00003879...

====================
[Info]Start EM iteration 3....
[Info]Multi-thread E-Step: 0 iteration, likelihood=-4164549.13, converge to 1.00000000
[Info]Multi-thread E-Step: 10 iteration, likelihood=-4150690.37, converge to 0.00013364
[Info]Multi-thread E-Step: 20 iteration, likelihood=-4147497.20, converge to 0.00005053
[Info]Finish E-Step: 21 iteration, likelihood: -4147497.1985
[Info]M-step 3....
--------------------------
[Info]EM iteration 3: likelihood is -4147497.20, converges to 0.00522560...

====================
[Info]Start EM iteration 4....
[Info]Multi-thread E-Step: 0 iteration, likelihood=-4118816.81, converge to 1.00000000
[Info]Multi-thread E-Step: 10 iteration, likelihood=-4088008.19, converge to 0.00016353
[Info]Multi-thread E-Step: 20 iteration, likelihood=-4084017.93, converge to 0.00006784
[Info]Finish E-Step: 21 iteration, likelihood: -4084017.9342
[Info]M-step 4....
--------------------------
[Info]EM iteration 4: likelihood is -4084017.93, converges to 0.01530544...

====================
[Info]Start EM iteration 5....
[Info]Multi-thread E-Step: 0 iteration, likelihood=-4030459.31, converge to 1.00000000
[Info]Multi-thread E-Step: 10 iteration, likelihood=-4014668.15, converge to 0.00008428
[Info]Multi-thread E-Step: 20 iteration, likelihood=-4012479.36, converge to 0.00003718
[Info]Finish E-Step: 21 iteration, likelihood: -4012479.3601
[Info]M-step 5....
--------------------------
[Info]EM iteration 5: likelihood is -4012479.36, converges to 0.01751671...

====================
[Info]Start EM iteration 6....
[Info]Multi-thread E-Step: 0 iteration, likelihood=-3976117.23, converge to 1.00000000
[Info]Multi-thread E-Step: 10 iteration, likelihood=-3973220.04, converge to 0.00002793
[Info]Multi-thread E-Step: 20 iteration, likelihood=-3972559.65, converge to 0.00001035
[Info]Finish E-Step: 21 iteration, likelihood: -3972559.6457
[Info]M-step 6....
--------------------------
[Info]EM iteration 6: likelihood is -3972559.65, converges to 0.00994889...

====================
[Info]Start EM iteration 7....
[Info]Multi-thread E-Step: 0 iteration, likelihood=-3952269.44, converge to 1.00000000
[Info]Multi-thread E-Step: 10 iteration, likelihood=-3952128.69, converge to 0.00000340
[Info]Finish E-Step: 18 iteration, likelihood: -3952070.4664
[Info]M-step 7....
--------------------------
[Info]EM iteration 7: likelihood is -3952070.47, converges to 0.00515768...

====================
[Info]Start EM iteration 8....
[Info]Multi-thread E-Step: 0 iteration, likelihood=-3940857.32, converge to 1.00000000
[Info]Multi-thread E-Step: 10 iteration, likelihood=-3941442.84, converge to 0.00000539
[Info]Multi-thread E-Step: 20 iteration, likelihood=-3941559.84, converge to 0.00000168
[Info]Finish E-Step: 21 iteration, likelihood: -3941559.8380
[Info]M-step 8....
--------------------------
[Info]EM iteration 8: likelihood is -3941559.84, converges to 0.00265952...

====================
[Info]Start EM iteration 9....
[Info]Multi-thread E-Step: 0 iteration, likelihood=-3935501.38, converge to 1.00000000
[Info]Multi-thread E-Step: 10 iteration, likelihood=-3936258.67, converge to 0.00000791
[Info]Multi-thread E-Step: 20 iteration, likelihood=-3936414.43, converge to 0.00000184
[Info]Finish E-Step: 21 iteration, likelihood: -3936414.4258
[Info]M-step 9....
--------------------------
[Info]EM iteration 9: likelihood is -3936414.43, converges to 0.00130543...

====================
[Info]Start EM iteration 10....
[Info]Multi-thread E-Step: 0 iteration, likelihood=-3933094.83, converge to 1.00000000
[Info]Multi-thread E-Step: 10 iteration, likelihood=-3933883.54, converge to 0.00000798
[Info]Multi-thread E-Step: 20 iteration, likelihood=-3934025.86, converge to 0.00000163
[Info]Finish E-Step: 21 iteration, likelihood: -3934025.8624
[Info]M-step 10....
--------------------------
[Info]EM iteration 10: likelihood is -3934025.86, converges to 0.00060679...

====================
[Info]Start EM iteration 11....
[Info]Multi-thread E-Step: 0 iteration, likelihood=-3932071.78, converge to 1.00000000
[Info]Multi-thread E-Step: 10 iteration, likelihood=-3932808.99, converge to 0.00000700
[Info]Multi-thread E-Step: 20 iteration, likelihood=-3932931.59, converge to 0.00000135
[Info]Finish E-Step: 21 iteration, likelihood: -3932931.5917
[Info]M-step 11....
--------------------------
[Info]EM iteration 11: likelihood is -3932931.59, converges to 0.00027816...

====================
[Info]Start EM iteration 12....
[Info]Multi-thread E-Step: 0 iteration, likelihood=-3931650.11, converge to 1.00000000
[Info]Multi-thread E-Step: 10 iteration, likelihood=-3932314.05, converge to 0.00000580
[Info]Multi-thread E-Step: 20 iteration, likelihood=-3932409.79, converge to 0.00000102
[Info]Finish E-Step: 21 iteration, likelihood: -3932409.7925
[Info]M-step 12....
--------------------------
[Info]EM iteration 12: likelihood is -3932409.79, converges to 0.00013267...

====================
[Info]Start EM iteration 13....
[Info]Multi-thread E-Step: 0 iteration, likelihood=-3931464.64, converge to 1.00000000
[Info]Multi-thread E-Step: 10 iteration, likelihood=-3932029.28, converge to 0.00000461
[Info]Finish E-Step: 18 iteration, likelihood: -3932097.2889
[Info]M-step 13....
--------------------------
[Info]EM iteration 13: likelihood is -3932097.29, converges to 0.00007947...

====================
[Info]Start EM iteration 14....
[Info]Multi-thread E-Step: 0 iteration, likelihood=-3931334.40, converge to 1.00000000
[Info]Multi-thread E-Step: 10 iteration, likelihood=-3931829.32, converge to 0.00000384
[Info]Finish E-Step: 17 iteration, likelihood: -3931880.8347
[Info]M-step 14....
--------------------------
[Info]EM iteration 14: likelihood is -3931880.83, converges to 0.00005505...

====================
[Info]Start EM iteration 15....
[Info]Multi-thread E-Step: 0 iteration, likelihood=-3931214.26, converge to 1.00000000
[Info]Multi-thread E-Step: 10 iteration, likelihood=-3931645.54, converge to 0.00000308
[Info]Finish E-Step: 16 iteration, likelihood: -3931682.5315
[Info]M-step 15....
--------------------------
[Info]EM iteration 15: likelihood is -3931682.53, converges to 0.00005043...

====================
[Info]Start EM iteration 16....
[Info]Multi-thread E-Step: 0 iteration, likelihood=-3931062.79, converge to 1.00000000
[Info]Multi-thread E-Step: 10 iteration, likelihood=-3931441.40, converge to 0.00000264
[Info]Finish E-Step: 15 iteration, likelihood: -3931468.7664
[Info]M-step 16....
--------------------------
[Info]EM iteration 16: likelihood is -3931468.77, converges to 0.00005437...

====================
[Info]Start EM iteration 17....
[Info]Multi-thread E-Step: 0 iteration, likelihood=-3930896.66, converge to 1.00000000
[Info]Multi-thread E-Step: 10 iteration, likelihood=-3931228.18, converge to 0.00000219
[Info]Finish E-Step: 14 iteration, likelihood: -3931247.2239
[Info]M-step 17....
--------------------------
[Info]EM iteration 17: likelihood is -3931247.22, converges to 0.00005635...

====================
[Info]Start EM iteration 18....
[Info]Multi-thread E-Step: 0 iteration, likelihood=-3930748.14, converge to 1.00000000
[Info]Multi-thread E-Step: 10 iteration, likelihood=-3931049.28, converge to 0.00000181
[Info]Finish E-Step: 13 iteration, likelihood: -3931062.4158
[Info]M-step 18....
--------------------------
[Info]EM iteration 18: likelihood is -3931062.42, converges to 0.00004701...

====================
[Info]Start EM iteration 19....
[Info]Multi-thread E-Step: 0 iteration, likelihood=-3930654.70, converge to 1.00000000
[Info]Multi-thread E-Step: 10 iteration, likelihood=-3930927.29, converge to 0.00000151
[Info]Finish E-Step: 12 iteration, likelihood: -3930935.5253
[Info]M-step 19....
--------------------------
[Info]EM iteration 19: likelihood is -3930935.53, converges to 0.00003228...

====================
[Info]Start EM iteration 20....
[Info]Multi-thread E-Step: 0 iteration, likelihood=-3930596.63, converge to 1.00000000
[Info]Multi-thread E-Step: 10 iteration, likelihood=-3930843.24, converge to 0.00000126
[Info]Finish E-Step: 11 iteration, likelihood: -3930846.9271
[Info]M-step 20....
--------------------------
[Info]EM iteration 20: likelihood is -3930846.93, converges to 0.00002254...

====================
[Info]Start EM iteration 21....
[Info]Multi-thread E-Step: 0 iteration, likelihood=-3930564.21, converge to 1.00000000
[Info]Multi-thread E-Step: 10 iteration, likelihood=-3930786.79, converge to 0.00000111
[Info]Finish E-Step: 11 iteration, likelihood: -3930790.1667
[Info]M-step 21....
--------------------------
[Info]EM iteration 21: likelihood is -3930790.17, converges to 0.00001444...

====================
[Info]Start EM iteration 22....
[Info]Multi-thread E-Step: 0 iteration, likelihood=-3930546.25, converge to 1.00000000
[Info]Finish E-Step: 10 iteration, likelihood: -3930746.0938
[Info]M-step 22....
--------------------------
[Info]EM iteration 22: likelihood is -3930746.09, converges to 0.00001121...

====================
[Info]Start EM iteration 23....
[Info]Multi-thread E-Step: 0 iteration, likelihood=-3930542.64, converge to 1.00000000
[Info]Finish E-Step: 10 iteration, likelihood: -3930724.9916
[Info]M-step 23....
--------------------------
[Info]EM iteration 23: likelihood is -3930724.99, converges to 0.00000537...

====================
[Info]Start EM iteration 24....
[Info]Multi-thread E-Step: 0 iteration, likelihood=-3930554.20, converge to 1.00000000
[Info]Finish E-Step: 9 iteration, likelihood: -3930716.6831
[Info]M-step 24....
--------------------------
[Info]EM iteration 24: likelihood is -3930716.68, converges to 0.00000211...

====================
[Info]Start EM iteration 25....
[Info]Multi-thread E-Step: 0 iteration, likelihood=-3930558.10, converge to 1.00000000
[Info]Finish E-Step: 9 iteration, likelihood: -3930705.0190
[Info]M-step 25....
--------------------------
[Info]EM iteration 25: likelihood is -3930705.02, converges to 0.00000297...

====================
[Info]Start EM iteration 26....
[Info]Multi-thread E-Step: 0 iteration, likelihood=-3930534.88, converge to 1.00000000
[Info]Finish E-Step: 8 iteration, likelihood: -3930658.5670
[Info]M-step 26....
--------------------------
[Info]EM iteration 26: likelihood is -3930658.57, converges to 0.00001182...

====================
[Info]Start EM iteration 27....
[Info]Multi-thread E-Step: 0 iteration, likelihood=-3930479.96, converge to 1.00000000
[Info]Finish E-Step: 8 iteration, likelihood: -3930593.6414
[Info]M-step 27....
--------------------------
[Info]EM iteration 27: likelihood is -3930593.64, converges to 0.00001652...

====================
[Info]Start EM iteration 28....
[Info]Multi-thread E-Step: 0 iteration, likelihood=-3930421.37, converge to 1.00000000
[Info]Finish E-Step: 7 iteration, likelihood: -3930523.3728
[Info]M-step 28....
--------------------------
[Info]EM iteration 28: likelihood is -3930523.37, converges to 0.00001788...

====================
[Info]Start EM iteration 29....
[Info]Multi-thread E-Step: 0 iteration, likelihood=-3930373.59, converge to 1.00000000
[Info]Finish E-Step: 7 iteration, likelihood: -3930469.5237
[Info]M-step 29....
--------------------------
[Info]EM iteration 29: likelihood is -3930469.52, converges to 0.00001370...

[Info]Analying bipartie graph: 
-- test graph: review size: 3252, item size: 206, user size: 264
[Info]Start evaluation in thread
---likelihood: -991847.7503993454
---likelihood: -993258.474401452
---likelihood: -993194.091848125
---likelihood: -993327.5291035358
---likelihood: -993188.3011222372
---likelihood: -993212.2101630674
---likelihood: -993130.4483895798
---likelihood: -993186.885636774
---likelihood: -993239.1174853778
---likelihood: -993317.6828518071
---likelihood: -993221.6764110834
---likelihood: -993269.2967376726
---likelihood: -993216.4045496532
---likelihood: -993275.8059759473
---likelihood: -993054.7480805996
---likelihood: -993275.1417534425
---likelihood: -993096.7902156044
---likelihood: -993166.0662651813
---likelihood: -993276.4552406694
---likelihood: -993144.7328316598
---likelihood: -993143.2292420798
[Info]Inference finished: likelihood: -993143.2292
[Stat]Test evaluation finished: 3252 docs
[Stat]0 part has 912.000000 docs: perplexity is 871.312 and log-likelihood is -310.900
[Stat]1 part has 285.000000 docs: perplexity is 838.956 and log-likelihood is -298.128
[Stat]2 part has 1562.000000 docs: perplexity is 836.239 and log-likelihood is -304.990
[Stat]3 part has 493.000000 docs: perplexity is 773.582 and log-likelihood is -302.197
[Stat]4 part has 3252.000000 docs: perplexity is 832.149 and log-likelihood is -305.395
[Info]ETBIR_User[k:5, alpha:1.01000, beta:1.00100, simga:1.01000, rho:1.01000, item~N(1.00000, 1.00000), user~N(1.00000, 1.00000)]
 Train/Test SUCCEED in 202.44 seconds...
TopWord FilePath:/home/ll5fy/TUIR/dataset/yelp/byUser_70k_review/output/5foldsCVColdstart/3/ETBIR_User_topWords_5.txt
Topic 0(0.25598):	vega(0.01981)	room(0.01889)	time(0.01444)	casino(0.01065)	park(0.01057)	strip(0.01034)	stay(0.01032)	walk(0.00990)	peopl(0.00931)	hotel(0.00930)	shop(0.00835)	area(0.00793)	locat(0.00788)	las-vega(0.00761)	pretti(0.00739)	night(0.00729)	store(0.00677)	play(0.00656)	year(0.00605)	cool(0.00561)	club(0.00555)	price(0.00542)	view(0.00542)	find(0.00537)	friend(0.00524)	music(0.00509)	feel(0.00504)	open(0.00491)	local(0.00475)	seat(0.00473)	
Topic 1(0.17824):	cream(0.01522)	flavor(0.01319)	chocol(0.01180)	bread(0.01135)	cake(0.01089)	tast(0.01051)	sweet(0.01015)	buffet(0.01006)	ice-cream(0.00826)	perfect(0.00758)	breakfast(0.00746)	dish(0.00744)	serv(0.00726)	best(0.00661)	delici(0.00603)	plate(0.00564)	sauc(0.00563)	cours(0.00524)	restaur(0.00522)	french(0.00503)	small(0.00473)	coffe(0.00468)	select(0.00465)	crab(0.00435)	toast(0.00435)	favorit(0.00421)	chef(0.00411)	pasta(0.00408)	waffl(0.00408)	excel(0.00406)	
Topic 2(0.20311):	drink(0.02965)	time(0.02594)	tabl(0.01831)	wait(0.01800)	friend(0.01739)	steak(0.01247)	night(0.01198)	seat(0.01085)	restaur(0.01065)	happi(0.01029)	star(0.01011)	dinner(0.00984)	peopl(0.00949)	experi(0.00858)	price(0.00846)	pretti(0.00837)	NUM-minut(0.00729)	wine(0.00705)	amaz(0.00656)	busi(0.00650)	waiter(0.00613)	happi-hour(0.00605)	delici(0.00601)	start(0.00584)	reserv(0.00551)	definit(0.00548)	parti(0.00541)	staff(0.00522)	told(0.00521)	expect(0.00493)	
Topic 3(0.17536):	pizza(0.01878)	sushi(0.01575)	roll(0.01481)	time(0.01151)	taco(0.01083)	fish(0.00992)	pretti(0.00961)	beer(0.00945)	price(0.00936)	sauc(0.00929)	tast(0.00776)	friend(0.00743)	locat(0.00739)	lunch(0.00667)	best(0.00629)	definit(0.00617)	chip(0.00608)	favorit(0.00585)	tuna(0.00584)	side(0.00554)	special(0.00548)	happi(0.00547)	delici(0.00539)	restaur(0.00514)	flavor(0.00498)	star(0.00474)	option(0.00469)	super(0.00466)	mexican(0.00461)	salmon(0.00448)	
Topic 4(0.18731):	chicken(0.02955)	dish(0.01674)	rice(0.01580)	sauc(0.01373)	pork(0.01318)	flavor(0.01261)	time(0.01209)	soup(0.01198)	restaur(0.01193)	lunch(0.01063)	beef(0.01063)	spici(0.00998)	thai(0.00916)	ramen(0.00907)	side(0.00871)	tast(0.00834)	definit(0.00770)	pretti(0.00742)	bowl(0.00719)	curri(0.00707)	cook(0.00701)	best(0.00669)	delici(0.00651)	friend(0.00641)	shrimp(0.00625)	price(0.00555)	plate(0.00549)	serv(0.00536)	favorit(0.00525)	small(0.00513)	
256 users are loaded from /home/ll5fy/TUIR/dataset/yelp/byUser_70k_review/5foldsCVColdstart/4/...
260 users are loaded from /home/ll5fy/TUIR/dataset/yelp/byUser_70k_review/5foldsCVColdstart/0/...
244 users are loaded from /home/ll5fy/TUIR/dataset/yelp/byUser_70k_review/5foldsCVColdstart/1/...
266 users are loaded from /home/ll5fy/TUIR/dataset/yelp/byUser_70k_review/5foldsCVColdstart/2/...
264 users are loaded from /home/ll5fy/TUIR/dataset/yelp/byUser_70k_review/5foldsCVColdstart/3/...
====================
[Info]Fold No. 4: 
[Info]Analzying corpus: 
...........-- Global corpus: vocabulary size: 6134, review size: 15843, item size: 861, user size: 861
train size = 12424, test size = 3419....
[Info]Analying bipartie graph: 
-- train graph: review size: 12424, item size: 726, user size: 778
ETBIR_User[k:5, alpha:1.01000, beta:1.00100, simga:1.01000, rho:1.01000, item~N(1.00000, 1.00000), user~N(1.00000, 1.00000)]

[Info]Initializing documents...
[Info]Initializing users...
[Info]Initializing items...
[Info]Initializing ETBIR model...
====================
[Info]Start EM iteration 1....
[Info]Multi-thread E-Step: 0 iteration, likelihood=-4031228.81, converge to 1.00000000
[Info]Multi-thread E-Step: 10 iteration, likelihood=-4106108.42, converge to 0.00011158
[Info]Multi-thread E-Step: 20 iteration, likelihood=-4109587.89, converge to 0.00006967
[Info]Finish E-Step: 21 iteration, likelihood: -4109587.8938
[Info]M-step 1....
--------------------------
[Info]EM iteration 1: likelihood is -4109587.89, converges to 4109588.89378107...

====================
[Info]Start EM iteration 2....
[Info]Multi-thread E-Step: 0 iteration, likelihood=-4108837.37, converge to 1.00000000
[Info]Multi-thread E-Step: 10 iteration, likelihood=-4109207.45, converge to 0.00000436
[Info]Multi-thread E-Step: 20 iteration, likelihood=-4109425.45, converge to 0.00000458
[Info]Finish E-Step: 21 iteration, likelihood: -4109425.4487
[Info]M-step 2....
--------------------------
[Info]EM iteration 2: likelihood is -4109425.45, converges to 0.00003953...

====================
[Info]Start EM iteration 3....
[Info]Multi-thread E-Step: 0 iteration, likelihood=-4105118.12, converge to 1.00000000
[Info]Multi-thread E-Step: 10 iteration, likelihood=-4092381.95, converge to 0.00013230
[Info]Multi-thread E-Step: 20 iteration, likelihood=-4089205.50, converge to 0.00005242
[Info]Finish E-Step: 21 iteration, likelihood: -4089205.5031
[Info]M-step 3....
--------------------------
[Info]EM iteration 3: likelihood is -4089205.50, converges to 0.00492038...

====================
[Info]Start EM iteration 4....
[Info]Multi-thread E-Step: 0 iteration, likelihood=-4061239.47, converge to 1.00000000
[Info]Multi-thread E-Step: 10 iteration, likelihood=-4027747.10, converge to 0.00017010
[Info]Multi-thread E-Step: 20 iteration, likelihood=-4023672.02, converge to 0.00007099
[Info]Finish E-Step: 21 iteration, likelihood: -4023672.0223
[Info]M-step 4....
--------------------------
[Info]EM iteration 4: likelihood is -4023672.02, converges to 0.01602597...

====================
[Info]Start EM iteration 5....
[Info]Multi-thread E-Step: 0 iteration, likelihood=-3966227.13, converge to 1.00000000
[Info]Multi-thread E-Step: 10 iteration, likelihood=-3950209.39, converge to 0.00009440
[Info]Multi-thread E-Step: 20 iteration, likelihood=-3947798.04, converge to 0.00004179
[Info]Finish E-Step: 21 iteration, likelihood: -3947798.0432
[Info]M-step 5....
--------------------------
[Info]EM iteration 5: likelihood is -3947798.04, converges to 0.01885690...

====================
[Info]Start EM iteration 6....
[Info]Multi-thread E-Step: 0 iteration, likelihood=-3915048.68, converge to 1.00000000
[Info]Multi-thread E-Step: 10 iteration, likelihood=-3912643.71, converge to 0.00002559
[Info]Multi-thread E-Step: 20 iteration, likelihood=-3912009.33, converge to 0.00001055
[Info]Finish E-Step: 21 iteration, likelihood: -3912009.3333
[Info]M-step 6....
--------------------------
[Info]EM iteration 6: likelihood is -3912009.33, converges to 0.00906549...

====================
[Info]Start EM iteration 7....
[Info]Multi-thread E-Step: 0 iteration, likelihood=-3897395.99, converge to 1.00000000
[Info]Multi-thread E-Step: 10 iteration, likelihood=-3897835.84, converge to 0.00000211
[Info]Finish E-Step: 17 iteration, likelihood: -3897869.8456
[Info]M-step 7....
--------------------------
[Info]EM iteration 7: likelihood is -3897869.85, converges to 0.00361438...

====================
[Info]Start EM iteration 8....
[Info]Multi-thread E-Step: 0 iteration, likelihood=-3890250.53, converge to 1.00000000
[Info]Multi-thread E-Step: 10 iteration, likelihood=-3891161.10, converge to 0.00000858
[Info]Multi-thread E-Step: 20 iteration, likelihood=-3891339.41, converge to 0.00000262
[Info]Finish E-Step: 21 iteration, likelihood: -3891339.4083
[Info]M-step 8....
--------------------------
[Info]EM iteration 8: likelihood is -3891339.41, converges to 0.00167539...

====================
[Info]Start EM iteration 9....
[Info]Multi-thread E-Step: 0 iteration, likelihood=-3886569.70, converge to 1.00000000
[Info]Multi-thread E-Step: 10 iteration, likelihood=-3887431.95, converge to 0.00000918
[Info]Multi-thread E-Step: 20 iteration, likelihood=-3887609.68, converge to 0.00000230
[Info]Finish E-Step: 21 iteration, likelihood: -3887609.6805
[Info]M-step 9....
--------------------------
[Info]EM iteration 9: likelihood is -3887609.68, converges to 0.00095847...

====================
[Info]Start EM iteration 10....
[Info]Multi-thread E-Step: 0 iteration, likelihood=-3884198.83, converge to 1.00000000
[Info]Multi-thread E-Step: 10 iteration, likelihood=-3884948.97, converge to 0.00000782
[Info]Multi-thread E-Step: 20 iteration, likelihood=-3885092.61, converge to 0.00000172
[Info]Finish E-Step: 21 iteration, likelihood: -3885092.6119
[Info]M-step 10....
--------------------------
[Info]EM iteration 10: likelihood is -3885092.61, converges to 0.00064746...

====================
[Info]Start EM iteration 11....
[Info]Multi-thread E-Step: 0 iteration, likelihood=-3882480.28, converge to 1.00000000
[Info]Multi-thread E-Step: 10 iteration, likelihood=-3883142.45, converge to 0.00000664
[Info]Multi-thread E-Step: 20 iteration, likelihood=-3883260.28, converge to 0.00000143
[Info]Finish E-Step: 21 iteration, likelihood: -3883260.2761
[Info]M-step 11....
--------------------------
[Info]EM iteration 11: likelihood is -3883260.28, converges to 0.00047163...

====================
[Info]Start EM iteration 12....
[Info]Multi-thread E-Step: 0 iteration, likelihood=-3881184.58, converge to 1.00000000
[Info]Multi-thread E-Step: 10 iteration, likelihood=-3881761.98, converge to 0.00000540
[Info]Multi-thread E-Step: 20 iteration, likelihood=-3881854.92, converge to 0.00000102
[Info]Finish E-Step: 21 iteration, likelihood: -3881854.9150
[Info]M-step 12....
--------------------------
[Info]EM iteration 12: likelihood is -3881854.92, converges to 0.00036190...

====================
[Info]Start EM iteration 13....
[Info]Multi-thread E-Step: 0 iteration, likelihood=-3880197.26, converge to 1.00000000
[Info]Multi-thread E-Step: 10 iteration, likelihood=-3880698.28, converge to 0.00000455
[Info]Finish E-Step: 20 iteration, likelihood: -3880775.7788
[Info]M-step 13....
--------------------------
[Info]EM iteration 13: likelihood is -3880775.78, converges to 0.00027799...

====================
[Info]Start EM iteration 14....
[Info]Multi-thread E-Step: 0 iteration, likelihood=-3879458.26, converge to 1.00000000
[Info]Multi-thread E-Step: 10 iteration, likelihood=-3879904.98, converge to 0.00000391
[Info]Finish E-Step: 18 iteration, likelihood: -3879964.2055
[Info]M-step 14....
--------------------------
[Info]EM iteration 14: likelihood is -3879964.21, converges to 0.00020913...

====================
[Info]Start EM iteration 15....
[Info]Multi-thread E-Step: 0 iteration, likelihood=-3878883.63, converge to 1.00000000
[Info]Multi-thread E-Step: 10 iteration, likelihood=-3879286.99, converge to 0.00000337
[Info]Finish E-Step: 17 iteration, likelihood: -3879333.1147
[Info]M-step 15....
--------------------------
[Info]EM iteration 15: likelihood is -3879333.11, converges to 0.00016265...

====================
[Info]Start EM iteration 16....
[Info]Multi-thread E-Step: 0 iteration, likelihood=-3878393.79, converge to 1.00000000
[Info]Multi-thread E-Step: 10 iteration, likelihood=-3878751.06, converge to 0.00000281
[Info]Finish E-Step: 16 iteration, likelihood: -3878785.5395
[Info]M-step 16....
--------------------------
[Info]EM iteration 16: likelihood is -3878785.54, converges to 0.00014115...

====================
[Info]Start EM iteration 17....
[Info]Multi-thread E-Step: 0 iteration, likelihood=-3877982.82, converge to 1.00000000
[Info]Multi-thread E-Step: 10 iteration, likelihood=-3878302.94, converge to 0.00000239
[Info]Finish E-Step: 15 iteration, likelihood: -3878328.5357
[Info]M-step 17....
--------------------------
[Info]EM iteration 17: likelihood is -3878328.54, converges to 0.00011782...

====================
[Info]Start EM iteration 18....
[Info]Multi-thread E-Step: 0 iteration, likelihood=-3877633.51, converge to 1.00000000
[Info]Multi-thread E-Step: 10 iteration, likelihood=-3877919.24, converge to 0.00000199
[Info]Finish E-Step: 14 iteration, likelihood: -3877937.1499
[Info]M-step 18....
--------------------------
[Info]EM iteration 18: likelihood is -3877937.15, converges to 0.00010092...

====================
[Info]Start EM iteration 19....
[Info]Multi-thread E-Step: 0 iteration, likelihood=-3877333.52, converge to 1.00000000
[Info]Multi-thread E-Step: 10 iteration, likelihood=-3877588.70, converge to 0.00000174
[Info]Finish E-Step: 13 iteration, likelihood: -3877601.2024
[Info]M-step 19....
--------------------------
[Info]EM iteration 19: likelihood is -3877601.20, converges to 0.00008663...

====================
[Info]Start EM iteration 20....
[Info]Multi-thread E-Step: 0 iteration, likelihood=-3877085.05, converge to 1.00000000
[Info]Multi-thread E-Step: 10 iteration, likelihood=-3877314.78, converge to 0.00000152
[Info]Finish E-Step: 12 iteration, likelihood: -3877323.1668
[Info]M-step 20....
--------------------------
[Info]EM iteration 20: likelihood is -3877323.17, converges to 0.00007170...

====================
[Info]Start EM iteration 21....
[Info]Multi-thread E-Step: 0 iteration, likelihood=-3876865.08, converge to 1.00000000
[Info]Multi-thread E-Step: 10 iteration, likelihood=-3877072.12, converge to 0.00000130
[Info]Finish E-Step: 12 iteration, likelihood: -3877079.4954
[Info]M-step 21....
--------------------------
[Info]EM iteration 21: likelihood is -3877079.50, converges to 0.00006285...

====================
[Info]Start EM iteration 22....
[Info]Multi-thread E-Step: 0 iteration, likelihood=-3876652.83, converge to 1.00000000
[Info]Multi-thread E-Step: 10 iteration, likelihood=-3876834.65, converge to 0.00000109
[Info]Finish E-Step: 11 iteration, likelihood: -3876837.9940
[Info]M-step 22....
--------------------------
[Info]EM iteration 22: likelihood is -3876837.99, converges to 0.00006229...

====================
[Info]Start EM iteration 23....
[Info]Multi-thread E-Step: 0 iteration, likelihood=-3876417.18, converge to 1.00000000
[Info]Finish E-Step: 10 iteration, likelihood: -3876576.3926
[Info]M-step 23....
--------------------------
[Info]EM iteration 23: likelihood is -3876576.39, converges to 0.00006748...

====================
[Info]Start EM iteration 24....
[Info]Multi-thread E-Step: 0 iteration, likelihood=-3876146.21, converge to 1.00000000
[Info]Finish E-Step: 9 iteration, likelihood: -3876280.3661
[Info]M-step 24....
--------------------------
[Info]EM iteration 24: likelihood is -3876280.37, converges to 0.00007636...

====================
[Info]Start EM iteration 25....
[Info]Multi-thread E-Step: 0 iteration, likelihood=-3875839.79, converge to 1.00000000
[Info]Finish E-Step: 8 iteration, likelihood: -3875950.1937
[Info]M-step 25....
--------------------------
[Info]EM iteration 25: likelihood is -3875950.19, converges to 0.00008518...

====================
[Info]Start EM iteration 26....
[Info]Multi-thread E-Step: 0 iteration, likelihood=-3875496.29, converge to 1.00000000
[Info]Finish E-Step: 7 iteration, likelihood: -3875586.0802
[Info]M-step 26....
--------------------------
[Info]EM iteration 26: likelihood is -3875586.08, converges to 0.00009394...

====================
[Info]Start EM iteration 27....
[Info]Multi-thread E-Step: 0 iteration, likelihood=-3875109.42, converge to 1.00000000
[Info]Finish E-Step: 6 iteration, likelihood: -3875178.4172
[Info]M-step 27....
--------------------------
[Info]EM iteration 27: likelihood is -3875178.42, converges to 0.00010519...

====================
[Info]Start EM iteration 28....
[Info]Multi-thread E-Step: 0 iteration, likelihood=-3874670.48, converge to 1.00000000
[Info]Finish E-Step: 5 iteration, likelihood: -3874719.3892
[Info]M-step 28....
--------------------------
[Info]EM iteration 28: likelihood is -3874719.39, converges to 0.00011845...

====================
[Info]Start EM iteration 29....
[Info]Multi-thread E-Step: 0 iteration, likelihood=-3874170.05, converge to 1.00000000
[Info]Finish E-Step: 5 iteration, likelihood: -3874208.6954
[Info]M-step 29....
--------------------------
[Info]EM iteration 29: likelihood is -3874208.70, converges to 0.00013180...

[Info]Analying bipartie graph: 
-- test graph: review size: 3419, item size: 213, user size: 256
[Info]Start evaluation in thread
---likelihood: -1050467.578242791
---likelihood: -1051493.43130347
---likelihood: -1051530.9417689065
---likelihood: -1051464.5366550772
---likelihood: -1051530.2325907624
---likelihood: -1051505.4315917997
---likelihood: -1051415.331046446
---likelihood: -1051523.2735345333
---likelihood: -1051571.8387057823
---likelihood: -1051654.4319284572
---likelihood: -1051478.5120799916
---likelihood: -1051520.8446511233
---likelihood: -1051524.2493546014
---likelihood: -1051504.4788311885
---likelihood: -1051519.1651399431
---likelihood: -1051563.0532066762
---likelihood: -1051700.0387336512
---likelihood: -1051408.8678201863
---likelihood: -1051522.7951456304
---likelihood: -1051491.2729734147
---likelihood: -1051541.1096295067
[Info]Inference finished: likelihood: -1051541.1096
[Stat]Test evaluation finished: 3419 docs
[Stat]0 part has 701.000000 docs: perplexity is 964.950 and log-likelihood is -301.911
[Stat]1 part has 339.000000 docs: perplexity is 894.279 and log-likelihood is -313.439
[Stat]2 part has 1635.000000 docs: perplexity is 869.165 and log-likelihood is -306.575
[Stat]3 part has 744.000000 docs: perplexity is 805.577 and log-likelihood is -313.505
[Stat]4 part has 3419.000000 docs: perplexity is 870.084 and log-likelihood is -307.558
[Info]ETBIR_User[k:5, alpha:1.01000, beta:1.00100, simga:1.01000, rho:1.01000, item~N(1.00000, 1.00000), user~N(1.00000, 1.00000)]
 Train/Test SUCCEED in 204.03 seconds...
TopWord FilePath:/home/ll5fy/TUIR/dataset/yelp/byUser_70k_review/output/5foldsCVColdstart/4/ETBIR_User_topWords_5.txt
Topic 0(0.18413):	chicken(0.02559)	sauc(0.01145)	side(0.01141)	taco(0.01108)	friend(0.01063)	breakfast(0.01062)	time(0.01042)	flavor(0.00919)	delici(0.00901)	tast(0.00877)	pretti(0.00813)	definit(0.00802)	locat(0.00794)	serv(0.00633)	pancak(0.00624)	lunch(0.00605)	sweet(0.00593)	super(0.00588)	chip(0.00567)	onion(0.00556)	best(0.00517)	perfect(0.00509)	price(0.00487)	size(0.00480)	waffl(0.00456)	mexican(0.00453)	corn(0.00451)	restaur(0.00425)	bread(0.00424)	spot(0.00424)	
Topic 1(0.21149):	time(0.02832)	wait(0.01982)	drink(0.01749)	tabl(0.01626)	buffet(0.01531)	beer(0.01230)	friend(0.01194)	star(0.01161)	price(0.01116)	peopl(0.01017)	restaur(0.00966)	dinner(0.00946)	pretti(0.00888)	seat(0.00876)	NUM-minut(0.00803)	night(0.00758)	experi(0.00745)	review(0.00735)	busi(0.00693)	select(0.00662)	crab(0.00622)	wine(0.00574)	lunch(0.00545)	custom(0.00521)	best(0.00505)	manag(0.00495)	expect(0.00493)	staff(0.00481)	told(0.00471)	waiter(0.00465)	
Topic 2(0.24801):	room(0.02034)	vega(0.01861)	time(0.01338)	casino(0.01086)	strip(0.01077)	hotel(0.01071)	stay(0.01063)	park(0.01036)	shop(0.00939)	peopl(0.00928)	walk(0.00895)	night(0.00887)	area(0.00875)	drink(0.00777)	pretti(0.00718)	locat(0.00672)	cool(0.00669)	music(0.00658)	seat(0.00655)	las-vega(0.00649)	play(0.00641)	view(0.00626)	store(0.00580)	friend(0.00580)	club(0.00578)	pool(0.00518)	crowd(0.00500)	feel(0.00500)	find(0.00477)	watch(0.00463)	
Topic 3(0.18872):	rice(0.01574)	dish(0.01523)	pizza(0.01518)	roll(0.01478)	sushi(0.01325)	pork(0.01257)	soup(0.01187)	spici(0.01143)	sauc(0.01103)	time(0.01051)	restaur(0.01027)	beef(0.00952)	chicken(0.00935)	happi(0.00900)	fish(0.00872)	flavor(0.00835)	thai(0.00832)	favorit(0.00784)	pretti(0.00780)	price(0.00759)	happi-hour(0.00752)	definit(0.00735)	tast(0.00732)	special(0.00700)	shrimp(0.00677)	friend(0.00664)	lunch(0.00624)	best(0.00620)	delici(0.00579)	bowl(0.00529)	
Topic 4(0.16765):	cream(0.01622)	flavor(0.01466)	chocol(0.01299)	sweet(0.01118)	tast(0.01113)	cake(0.01067)	steak(0.00995)	dish(0.00975)	bread(0.00972)	perfect(0.00935)	restaur(0.00829)	ice-cream(0.00823)	delici(0.00736)	serv(0.00711)	best(0.00700)	sauc(0.00626)	cours(0.00621)	lobster(0.00544)	favorit(0.00503)	amaz(0.00480)	small(0.00467)	dine(0.00460)	cooki(0.00451)	dinner(0.00434)	cook(0.00433)	side(0.00428)	plate(0.00427)	excel(0.00412)	chef(0.00407)	experi(0.00390)	

Part 0 -----------------Valid folds: 5
[Stat]Loglikelihood -311.877+/-5.993
[Stat]Perplexity 866.018+/-64.360
Part 1 -----------------Valid folds: 5
[Stat]Loglikelihood -314.667+/-10.059
[Stat]Perplexity 859.148+/-41.514
Part 2 -----------------Valid folds: 5
[Stat]Loglikelihood -310.052+/-10.616
[Stat]Perplexity 843.288+/-14.516
Part 3 -----------------Valid folds: 5
[Stat]Loglikelihood -312.540+/-20.602
[Stat]Perplexity 804.209+/-16.912
Part 4 -----------------Valid folds: 5
[Stat]Loglikelihood -311.058+/-9.467
[Stat]Perplexity 837.166+/-19.197
