Load 6134 2-gram new features from /home/ll5fy/TUIR/dataset/yelp/yelp_features.txt...
1409 users are loaded from /home/ll5fy/TUIR/dataset/yelp/byUser_70k_review/data/...
Info File Path: /home/ll5fy/TUIR/dataset/yelp/byUser_70k_review/output/5foldsCVColdstart/ETBIR_info.txt
[Info]Start FIXED cross validation...
260 users are loaded from /home/ll5fy/TUIR/dataset/yelp/byUser_70k_review/5foldsCVColdstart/0/...
244 users are loaded from /home/ll5fy/TUIR/dataset/yelp/byUser_70k_review/5foldsCVColdstart/1/...
266 users are loaded from /home/ll5fy/TUIR/dataset/yelp/byUser_70k_review/5foldsCVColdstart/2/...
264 users are loaded from /home/ll5fy/TUIR/dataset/yelp/byUser_70k_review/5foldsCVColdstart/3/...
256 users are loaded from /home/ll5fy/TUIR/dataset/yelp/byUser_70k_review/5foldsCVColdstart/4/...
====================
[Info]Fold No. 0: 
[Info]Analzying corpus: 
...........-- Global corpus: vocabulary size: 6134, review size: 15843, item size: 861, user size: 861
train size = 12311, test size = 3532....
[Info]Analying bipartie graph: 
-- train graph: review size: 12311, item size: 722, user size: 770
ETBIR_Normal[k:5, alpha:1.01000, beta:1.00100, simga:1.01000, rho:1.01000, item~N(1.00000, 1.00000), user~N(1.00000, 1.00000)]

[Info]Initializing documents...
[Info]Initializing users...
[Info]Initializing items...
[Info]Initializing ETBIR model...
====================
[Info]Start EM iteration 1....
[Info]Multi-thread E-Step: 0 iteration, likelihood=-4017961.99, converge to 1.00000000
[Info]Multi-thread E-Step: 10 iteration, likelihood=-4088659.34, converge to 0.00005624
[Info]Multi-thread E-Step: 20 iteration, likelihood=-4090574.87, converge to 0.00004181
[Info]Finish E-Step: 21 iteration, likelihood: -4090574.8657
[Info]M-step 1....
--------------------------
[Info]EM iteration 1: likelihood is -4090574.87, converges to 4090575.86567841...

====================
[Info]Start EM iteration 2....
[Info]Multi-thread E-Step: 0 iteration, likelihood=-4090262.79, converge to 1.00000000
[Info]Multi-thread E-Step: 10 iteration, likelihood=-4089459.76, converge to 0.00001210
[Info]Multi-thread E-Step: 20 iteration, likelihood=-4089148.29, converge to 0.00000673
[Info]Finish E-Step: 21 iteration, likelihood: -4089148.2899
[Info]M-step 2....
--------------------------
[Info]EM iteration 2: likelihood is -4089148.29, converges to 0.00034875...

====================
[Info]Start EM iteration 3....
[Info]Multi-thread E-Step: 0 iteration, likelihood=-4084539.54, converge to 1.00000000
[Info]Multi-thread E-Step: 10 iteration, likelihood=-4068753.00, converge to 0.00015957
[Info]Multi-thread E-Step: 20 iteration, likelihood=-4065008.00, converge to 0.00006228
[Info]Finish E-Step: 21 iteration, likelihood: -4065008.0001
[Info]M-step 3....
--------------------------
[Info]EM iteration 3: likelihood is -4065008.00, converges to 0.00590350...

====================
[Info]Start EM iteration 4....
[Info]Multi-thread E-Step: 0 iteration, likelihood=-4028392.94, converge to 1.00000000
[Info]Multi-thread E-Step: 10 iteration, likelihood=-3992505.57, converge to 0.00017066
[Info]Multi-thread E-Step: 20 iteration, likelihood=-3988298.71, converge to 0.00007458
[Info]Finish E-Step: 21 iteration, likelihood: -3988298.7053
[Info]M-step 4....
--------------------------
[Info]EM iteration 4: likelihood is -3988298.71, converges to 0.01887064...

====================
[Info]Start EM iteration 5....
[Info]Multi-thread E-Step: 0 iteration, likelihood=-3921395.33, converge to 1.00000000
[Info]Multi-thread E-Step: 10 iteration, likelihood=-3906931.39, converge to 0.00009397
[Info]Multi-thread E-Step: 20 iteration, likelihood=-3904569.51, converge to 0.00004105
[Info]Finish E-Step: 21 iteration, likelihood: -3904569.5056
[Info]M-step 5....
--------------------------
[Info]EM iteration 5: likelihood is -3904569.51, converges to 0.02099371...

====================
[Info]Start EM iteration 6....
[Info]Multi-thread E-Step: 0 iteration, likelihood=-3870782.61, converge to 1.00000000
[Info]Multi-thread E-Step: 10 iteration, likelihood=-3868941.17, converge to 0.00002132
[Info]Multi-thread E-Step: 20 iteration, likelihood=-3868402.48, converge to 0.00000924
[Info]Finish E-Step: 21 iteration, likelihood: -3868402.4783
[Info]M-step 6....
--------------------------
[Info]EM iteration 6: likelihood is -3868402.48, converges to 0.00926274...

====================
[Info]Start EM iteration 7....
[Info]Multi-thread E-Step: 0 iteration, likelihood=-3855960.18, converge to 1.00000000
[Info]Multi-thread E-Step: 10 iteration, likelihood=-3856927.61, converge to 0.00000764
[Info]Multi-thread E-Step: 20 iteration, likelihood=-3857061.64, converge to 0.00000158
[Info]Finish E-Step: 21 iteration, likelihood: -3857061.6382
[Info]M-step 7....
--------------------------
[Info]EM iteration 7: likelihood is -3857061.64, converges to 0.00293166...

====================
[Info]Start EM iteration 8....
[Info]Multi-thread E-Step: 0 iteration, likelihood=-3852087.53, converge to 1.00000000
[Info]Multi-thread E-Step: 10 iteration, likelihood=-3853393.14, converge to 0.00001326
[Info]Multi-thread E-Step: 20 iteration, likelihood=-3853636.13, converge to 0.00000265
[Info]Finish E-Step: 21 iteration, likelihood: -3853636.1269
[Info]M-step 8....
--------------------------
[Info]EM iteration 8: likelihood is -3853636.13, converges to 0.00088811...

====================
[Info]Start EM iteration 9....
[Info]Multi-thread E-Step: 0 iteration, likelihood=-3851315.00, converge to 1.00000000
[Info]Multi-thread E-Step: 10 iteration, likelihood=-3852505.73, converge to 0.00001198
[Info]Multi-thread E-Step: 20 iteration, likelihood=-3852705.20, converge to 0.00000191
[Info]Finish E-Step: 21 iteration, likelihood: -3852705.2018
[Info]M-step 9....
--------------------------
[Info]EM iteration 9: likelihood is -3852705.20, converges to 0.00024157...

====================
[Info]Start EM iteration 10....
[Info]Multi-thread E-Step: 0 iteration, likelihood=-3851448.57, converge to 1.00000000
[Info]Multi-thread E-Step: 10 iteration, likelihood=-3852465.34, converge to 0.00000953
[Info]Multi-thread E-Step: 20 iteration, likelihood=-3852611.22, converge to 0.00000137
[Info]Finish E-Step: 21 iteration, likelihood: -3852611.2185
[Info]M-step 10....
--------------------------
[Info]EM iteration 10: likelihood is -3852611.22, converges to 0.00002439...

====================
[Info]Start EM iteration 11....
[Info]Multi-thread E-Step: 0 iteration, likelihood=-3851821.82, converge to 1.00000000
[Info]Multi-thread E-Step: 10 iteration, likelihood=-3852666.54, converge to 0.00000732
[Info]Finish E-Step: 20 iteration, likelihood: -3852771.1080
[Info]M-step 11....
--------------------------
[Info]EM iteration 11: likelihood is -3852771.11, converges to 0.00004150...

====================
[Info]Start EM iteration 12....
[Info]Multi-thread E-Step: 0 iteration, likelihood=-3852198.58, converge to 1.00000000
[Info]Multi-thread E-Step: 10 iteration, likelihood=-3852891.30, converge to 0.00000540
[Info]Finish E-Step: 19 iteration, likelihood: -3852966.4210
[Info]M-step 12....
--------------------------
[Info]EM iteration 12: likelihood is -3852966.42, converges to 0.00005069...

====================
[Info]Start EM iteration 13....
[Info]Multi-thread E-Step: 0 iteration, likelihood=-3852526.79, converge to 1.00000000
[Info]Multi-thread E-Step: 10 iteration, likelihood=-3853106.29, converge to 0.00000411
[Info]Finish E-Step: 17 iteration, likelihood: -3853154.0971
[Info]M-step 13....
--------------------------
[Info]EM iteration 13: likelihood is -3853154.10, converges to 0.00004871...

====================
[Info]Start EM iteration 14....
[Info]Multi-thread E-Step: 0 iteration, likelihood=-3852832.08, converge to 1.00000000
[Info]Multi-thread E-Step: 10 iteration, likelihood=-3853332.09, converge to 0.00000324
[Info]Finish E-Step: 15 iteration, likelihood: -3853362.4068
[Info]M-step 14....
--------------------------
[Info]EM iteration 14: likelihood is -3853362.41, converges to 0.00005406...

====================
[Info]Start EM iteration 15....
[Info]Multi-thread E-Step: 0 iteration, likelihood=-3853114.81, converge to 1.00000000
[Info]Multi-thread E-Step: 10 iteration, likelihood=-3853550.97, converge to 0.00000259
[Info]Finish E-Step: 14 iteration, likelihood: -3853572.6694
[Info]M-step 15....
--------------------------
[Info]EM iteration 15: likelihood is -3853572.67, converges to 0.00005457...

====================
[Info]Start EM iteration 16....
[Info]Multi-thread E-Step: 0 iteration, likelihood=-3853363.68, converge to 1.00000000
[Info]Multi-thread E-Step: 10 iteration, likelihood=-3853739.24, converge to 0.00000200
[Info]Finish E-Step: 13 iteration, likelihood: -3853753.6686
[Info]M-step 16....
--------------------------
[Info]EM iteration 16: likelihood is -3853753.67, converges to 0.00004697...

====================
[Info]Start EM iteration 17....
[Info]Multi-thread E-Step: 0 iteration, likelihood=-3853545.38, converge to 1.00000000
[Info]Multi-thread E-Step: 10 iteration, likelihood=-3853865.96, converge to 0.00000162
[Info]Finish E-Step: 12 iteration, likelihood: -3853874.5691
[Info]M-step 17....
--------------------------
[Info]EM iteration 17: likelihood is -3853874.57, converges to 0.00003137...

====================
[Info]Start EM iteration 18....
[Info]Multi-thread E-Step: 0 iteration, likelihood=-3853684.60, converge to 1.00000000
[Info]Multi-thread E-Step: 10 iteration, likelihood=-3853972.11, converge to 0.00000134
[Info]Finish E-Step: 12 iteration, likelihood: -3853979.3448
[Info]M-step 18....
--------------------------
[Info]EM iteration 18: likelihood is -3853979.34, converges to 0.00002719...

====================
[Info]Start EM iteration 19....
[Info]Multi-thread E-Step: 0 iteration, likelihood=-3853833.82, converge to 1.00000000
[Info]Multi-thread E-Step: 10 iteration, likelihood=-3854088.06, converge to 0.00000116
[Info]Finish E-Step: 11 iteration, likelihood: -3854091.5260
[Info]M-step 19....
--------------------------
[Info]EM iteration 19: likelihood is -3854091.53, converges to 0.00002911...

====================
[Info]Start EM iteration 20....
[Info]Multi-thread E-Step: 0 iteration, likelihood=-3853988.81, converge to 1.00000000
[Info]Multi-thread E-Step: 10 iteration, likelihood=-3854217.86, converge to 0.00000100
[Info]Finish E-Step: 11 iteration, likelihood: -3854220.9357
[Info]M-step 20....
--------------------------
[Info]EM iteration 20: likelihood is -3854220.94, converges to 0.00003358...

====================
[Info]Start EM iteration 21....
[Info]Multi-thread E-Step: 0 iteration, likelihood=-3854147.19, converge to 1.00000000
[Info]Finish E-Step: 10 iteration, likelihood: -3854356.2701
[Info]M-step 21....
--------------------------
[Info]EM iteration 21: likelihood is -3854356.27, converges to 0.00003511...

====================
[Info]Start EM iteration 22....
[Info]Multi-thread E-Step: 0 iteration, likelihood=-3854300.69, converge to 1.00000000
[Info]Finish E-Step: 10 iteration, likelihood: -3854491.9016
[Info]M-step 22....
--------------------------
[Info]EM iteration 22: likelihood is -3854491.90, converges to 0.00003519...

====================
[Info]Start EM iteration 23....
[Info]Multi-thread E-Step: 0 iteration, likelihood=-3854446.83, converge to 1.00000000
[Info]Finish E-Step: 9 iteration, likelihood: -3854619.7160
[Info]M-step 23....
--------------------------
[Info]EM iteration 23: likelihood is -3854619.72, converges to 0.00003316...

====================
[Info]Start EM iteration 24....
[Info]Multi-thread E-Step: 0 iteration, likelihood=-3854579.74, converge to 1.00000000
[Info]Finish E-Step: 9 iteration, likelihood: -3854739.3762
[Info]M-step 24....
--------------------------
[Info]EM iteration 24: likelihood is -3854739.38, converges to 0.00003104...

====================
[Info]Start EM iteration 25....
[Info]Multi-thread E-Step: 0 iteration, likelihood=-3854701.06, converge to 1.00000000
[Info]Finish E-Step: 9 iteration, likelihood: -3854849.5153
[Info]M-step 25....
--------------------------
[Info]EM iteration 25: likelihood is -3854849.52, converges to 0.00002857...

====================
[Info]Start EM iteration 26....
[Info]Multi-thread E-Step: 0 iteration, likelihood=-3854809.26, converge to 1.00000000
[Info]Finish E-Step: 8 iteration, likelihood: -3854945.3570
[Info]M-step 26....
--------------------------
[Info]EM iteration 26: likelihood is -3854945.36, converges to 0.00002486...

====================
[Info]Start EM iteration 27....
[Info]Multi-thread E-Step: 0 iteration, likelihood=-3854903.87, converge to 1.00000000
[Info]Finish E-Step: 8 iteration, likelihood: -3855031.5183
[Info]M-step 27....
--------------------------
[Info]EM iteration 27: likelihood is -3855031.52, converges to 0.00002235...

====================
[Info]Start EM iteration 28....
[Info]Multi-thread E-Step: 0 iteration, likelihood=-3854987.89, converge to 1.00000000
[Info]Finish E-Step: 8 iteration, likelihood: -3855108.9082
[Info]M-step 28....
--------------------------
[Info]EM iteration 28: likelihood is -3855108.91, converges to 0.00002008...

====================
[Info]Start EM iteration 29....
[Info]Multi-thread E-Step: 0 iteration, likelihood=-3855063.68, converge to 1.00000000
[Info]Finish E-Step: 8 iteration, likelihood: -3855177.7243
[Info]M-step 29....
--------------------------
[Info]EM iteration 29: likelihood is -3855177.72, converges to 0.00001785...

[Info]Analying bipartie graph: 
-- test graph: review size: 3532, item size: 211, user size: 260
[Info]Start evaluation in thread
---likelihood: -1061825.1315297503
---likelihood: -1062979.5273640985
---likelihood: -1062891.2843349772
---likelihood: -1062797.4655834509
---likelihood: -1062619.4278551044
---likelihood: -1062549.0223445073
---likelihood: -1062560.3012265195
---likelihood: -1062543.9777373772
---likelihood: -1062430.5748232482
---likelihood: -1062475.9155631675
---likelihood: -1062287.7766228516
---likelihood: -1062221.8331429726
---likelihood: -1062226.2683599733
---likelihood: -1062174.815728019
---likelihood: -1062124.2519101012
---likelihood: -1062049.8827920915
---likelihood: -1062028.4716447233
---likelihood: -1061988.0752927368
---likelihood: -1061948.3315368663
---likelihood: -1061922.044353592
---likelihood: -1061870.0924303744
[Info]Inference finished: likelihood: -1061870.0924
[Stat]Test evaluation finished: 3532 docs
[Stat]0 part has 817.000000 docs: perplexity is 890.170 and log-likelihood is -311.316
[Stat]1 part has 303.000000 docs: perplexity is 876.259 and log-likelihood is -314.543
[Stat]2 part has 1696.000000 docs: perplexity is 821.505 and log-likelihood is -298.143
[Stat]3 part has 716.000000 docs: perplexity is 782.489 and log-likelihood is -289.260
[Stat]4 part has 3532.000000 docs: perplexity is 831.232 and log-likelihood is -300.643
[Info]ETBIR_Normal[k:5, alpha:1.01000, beta:1.00100, simga:1.01000, rho:1.01000, item~N(1.00000, 1.00000), user~N(1.00000, 1.00000)]
 Train/Test SUCCEED in 196.69 seconds...
TopWord FilePath:/home/ll5fy/TUIR/dataset/yelp/byUser_70k_review/output/5foldsCVColdstart/0/ETBIR_topWords_5.txt
Topic 0(0.26208):	room(0.01740)	vega(0.01683)	time(0.01560)	peopl(0.01034)	casino(0.00987)	night(0.00983)	strip(0.00980)	drink(0.00932)	park(0.00916)	stay(0.00910)	walk(0.00883)	hotel(0.00876)	area(0.00810)	pretti(0.00758)	seat(0.00739)	shop(0.00643)	cool(0.00640)	play(0.00621)	music(0.00601)	year(0.00584)	restaur(0.00582)	las-vega(0.00581)	club(0.00564)	friend(0.00557)	locat(0.00552)	tabl(0.00541)	view(0.00534)	price(0.00505)	crowd(0.00495)	feel(0.00488)	
Topic 1(0.17917):	cream(0.01473)	steak(0.01316)	chocol(0.01193)	flavor(0.01085)	cake(0.01031)	tast(0.00965)	restaur(0.00924)	dish(0.00872)	sweet(0.00866)	perfect(0.00863)	serv(0.00825)	bread(0.00773)	ice-cream(0.00756)	tabl(0.00714)	delici(0.00682)	dinner(0.00659)	best(0.00601)	side(0.00571)	cours(0.00559)	plate(0.00559)	dine(0.00508)	breakfast(0.00503)	cook(0.00495)	experi(0.00493)	sauc(0.00478)	start(0.00476)	chef(0.00469)	amaz(0.00467)	french(0.00465)	pancak(0.00462)	
Topic 2(0.20323):	rice(0.01530)	chicken(0.01367)	roll(0.01338)	sushi(0.01279)	dish(0.01263)	pork(0.01255)	restaur(0.01205)	time(0.01197)	sauc(0.01060)	spici(0.01052)	soup(0.00966)	beef(0.00962)	shrimp(0.00899)	flavor(0.00885)	fish(0.00855)	lunch(0.00845)	taco(0.00822)	tast(0.00772)	pretti(0.00762)	thai(0.00754)	definit(0.00701)	buffet(0.00664)	friend(0.00662)	curri(0.00624)	price(0.00621)	favorit(0.00615)	best(0.00571)	delici(0.00571)	plate(0.00517)	side(0.00504)	
Topic 3(0.16833):	pizza(0.02220)	happi(0.01952)	time(0.01748)	beer(0.01391)	drink(0.01279)	price(0.01278)	friend(0.01257)	happi-hour(0.01083)	pretti(0.00887)	delici(0.00868)	sauc(0.00745)	select(0.00730)	lunch(0.00682)	special(0.00666)	bread(0.00646)	best(0.00604)	pasta(0.00604)	definit(0.00602)	tast(0.00583)	star(0.00578)	night(0.00574)	chicken(0.00551)	restaur(0.00509)	dinner(0.00503)	italian(0.00501)	favorit(0.00489)	amaz(0.00474)	locat(0.00450)	garlic(0.00448)	appet(0.00446)	
Topic 4(0.18719):	time(0.01939)	wait(0.01659)	friend(0.01209)	chicken(0.01117)	ramen(0.01078)	flavor(0.01019)	pretti(0.00932)	locat(0.00910)	side(0.00873)	drink(0.00823)	tast(0.00806)	peopl(0.00771)	coffe(0.00678)	definit(0.00670)	sauc(0.00640)	busi(0.00624)	small(0.00581)	sweet(0.00572)	tabl(0.00559)	price(0.00556)	seat(0.00532)	staff(0.00514)	open(0.00513)	best(0.00513)	super(0.00500)	custom(0.00500)	NUM-minut(0.00485)	work(0.00468)	fast(0.00466)	star(0.00456)	
244 users are loaded from /home/ll5fy/TUIR/dataset/yelp/byUser_70k_review/5foldsCVColdstart/1/...
260 users are loaded from /home/ll5fy/TUIR/dataset/yelp/byUser_70k_review/5foldsCVColdstart/0/...
266 users are loaded from /home/ll5fy/TUIR/dataset/yelp/byUser_70k_review/5foldsCVColdstart/2/...
264 users are loaded from /home/ll5fy/TUIR/dataset/yelp/byUser_70k_review/5foldsCVColdstart/3/...
256 users are loaded from /home/ll5fy/TUIR/dataset/yelp/byUser_70k_review/5foldsCVColdstart/4/...
====================
[Info]Fold No. 1: 
[Info]Analzying corpus: 
...........-- Global corpus: vocabulary size: 6134, review size: 15843, item size: 861, user size: 861
train size = 13268, test size = 2575....
[Info]Analying bipartie graph: 
-- train graph: review size: 13268, item size: 732, user size: 782
ETBIR_Normal[k:5, alpha:1.01000, beta:1.00100, simga:1.01000, rho:1.01000, item~N(1.00000, 1.00000), user~N(1.00000, 1.00000)]

[Info]Initializing documents...
[Info]Initializing users...
[Info]Initializing items...
[Info]Initializing ETBIR model...
====================
[Info]Start EM iteration 1....
[Info]Multi-thread E-Step: 0 iteration, likelihood=-4285740.01, converge to 1.00000000
[Info]Multi-thread E-Step: 10 iteration, likelihood=-4359649.70, converge to 0.00005664
[Info]Multi-thread E-Step: 20 iteration, likelihood=-4361724.52, converge to 0.00004244
[Info]Finish E-Step: 21 iteration, likelihood: -4361724.5194
[Info]M-step 1....
--------------------------
[Info]EM iteration 1: likelihood is -4361724.52, converges to 4361725.51935410...

====================
[Info]Start EM iteration 2....
[Info]Multi-thread E-Step: 0 iteration, likelihood=-4361525.14, converge to 1.00000000
[Info]Multi-thread E-Step: 10 iteration, likelihood=-4361153.29, converge to 0.00000639
[Info]Multi-thread E-Step: 20 iteration, likelihood=-4361039.83, converge to 0.00000190
[Info]Finish E-Step: 21 iteration, likelihood: -4361039.8315
[Info]M-step 2....
--------------------------
[Info]EM iteration 2: likelihood is -4361039.83, converges to 0.00015698...

====================
[Info]Start EM iteration 3....
[Info]Multi-thread E-Step: 0 iteration, likelihood=-4357846.39, converge to 1.00000000
[Info]Multi-thread E-Step: 10 iteration, likelihood=-4346624.34, converge to 0.00012223
[Info]Multi-thread E-Step: 20 iteration, likelihood=-4343437.82, converge to 0.00004978
[Info]Finish E-Step: 21 iteration, likelihood: -4343437.8211
[Info]M-step 3....
--------------------------
[Info]EM iteration 3: likelihood is -4343437.82, converges to 0.00403620...

====================
[Info]Start EM iteration 4....
[Info]Multi-thread E-Step: 0 iteration, likelihood=-4321771.69, converge to 1.00000000
[Info]Multi-thread E-Step: 10 iteration, likelihood=-4289732.67, converge to 0.00017419
[Info]Multi-thread E-Step: 20 iteration, likelihood=-4285279.02, converge to 0.00007237
[Info]Finish E-Step: 21 iteration, likelihood: -4285279.0157
[Info]M-step 4....
--------------------------
[Info]EM iteration 4: likelihood is -4285279.02, converges to 0.01339004...

====================
[Info]Start EM iteration 5....
[Info]Multi-thread E-Step: 0 iteration, likelihood=-4223885.06, converge to 1.00000000
[Info]Multi-thread E-Step: 10 iteration, likelihood=-4202966.37, converge to 0.00010987
[Info]Multi-thread E-Step: 20 iteration, likelihood=-4199961.95, converge to 0.00004982
[Info]Finish E-Step: 21 iteration, likelihood: -4199961.9507
[Info]M-step 5....
--------------------------
[Info]EM iteration 5: likelihood is -4199961.95, converges to 0.01990934...

====================
[Info]Start EM iteration 6....
[Info]Multi-thread E-Step: 0 iteration, likelihood=-4158987.29, converge to 1.00000000
[Info]Multi-thread E-Step: 10 iteration, likelihood=-4155075.42, converge to 0.00003424
[Info]Multi-thread E-Step: 20 iteration, likelihood=-4154176.16, converge to 0.00001402
[Info]Finish E-Step: 21 iteration, likelihood: -4154176.1617
[Info]M-step 6....
--------------------------
[Info]EM iteration 6: likelihood is -4154176.16, converges to 0.01090148...

====================
[Info]Start EM iteration 7....
[Info]Multi-thread E-Step: 0 iteration, likelihood=-4135995.91, converge to 1.00000000
[Info]Multi-thread E-Step: 10 iteration, likelihood=-4136611.83, converge to 0.00000242
[Info]Finish E-Step: 20 iteration, likelihood: -4136668.0190
[Info]M-step 7....
--------------------------
[Info]EM iteration 7: likelihood is -4136668.02, converges to 0.00421459...

====================
[Info]Start EM iteration 8....
[Info]Multi-thread E-Step: 0 iteration, likelihood=-4128103.46, converge to 1.00000000
[Info]Multi-thread E-Step: 10 iteration, likelihood=-4129320.83, converge to 0.00001072
[Info]Multi-thread E-Step: 20 iteration, likelihood=-4129571.35, converge to 0.00000364
[Info]Finish E-Step: 21 iteration, likelihood: -4129571.3485
[Info]M-step 8....
--------------------------
[Info]EM iteration 8: likelihood is -4129571.35, converges to 0.00171555...

====================
[Info]Start EM iteration 9....
[Info]Multi-thread E-Step: 0 iteration, likelihood=-4124825.62, converge to 1.00000000
[Info]Multi-thread E-Step: 10 iteration, likelihood=-4125950.18, converge to 0.00001038
[Info]Multi-thread E-Step: 20 iteration, likelihood=-4126176.16, converge to 0.00000300
[Info]Finish E-Step: 21 iteration, likelihood: -4126176.1649
[Info]M-step 9....
--------------------------
[Info]EM iteration 9: likelihood is -4126176.16, converges to 0.00082216...

====================
[Info]Start EM iteration 10....
[Info]Multi-thread E-Step: 0 iteration, likelihood=-4123153.40, converge to 1.00000000
[Info]Multi-thread E-Step: 10 iteration, likelihood=-4124059.56, converge to 0.00000765
[Info]Multi-thread E-Step: 20 iteration, likelihood=-4124210.96, converge to 0.00000178
[Info]Finish E-Step: 21 iteration, likelihood: -4124210.9579
[Info]M-step 10....
--------------------------
[Info]EM iteration 10: likelihood is -4124210.96, converges to 0.00047628...

====================
[Info]Start EM iteration 11....
[Info]Multi-thread E-Step: 0 iteration, likelihood=-4122087.86, converge to 1.00000000
[Info]Multi-thread E-Step: 10 iteration, likelihood=-4122756.91, converge to 0.00000533
[Info]Finish E-Step: 20 iteration, likelihood: -4122851.2229
[Info]M-step 11....
--------------------------
[Info]EM iteration 11: likelihood is -4122851.22, converges to 0.00032970...

====================
[Info]Start EM iteration 12....
[Info]Multi-thread E-Step: 0 iteration, likelihood=-4121097.66, converge to 1.00000000
[Info]Multi-thread E-Step: 10 iteration, likelihood=-4121613.19, converge to 0.00000383
[Info]Finish E-Step: 19 iteration, likelihood: -4121680.5102
[Info]M-step 12....
--------------------------
[Info]EM iteration 12: likelihood is -4121680.51, converges to 0.00028396...

====================
[Info]Start EM iteration 13....
[Info]Multi-thread E-Step: 0 iteration, likelihood=-4120128.87, converge to 1.00000000
[Info]Multi-thread E-Step: 10 iteration, likelihood=-4120550.65, converge to 0.00000311
[Info]Finish E-Step: 16 iteration, likelihood: -4120590.9789
[Info]M-step 13....
--------------------------
[Info]EM iteration 13: likelihood is -4120590.98, converges to 0.00026434...

====================
[Info]Start EM iteration 14....
[Info]Multi-thread E-Step: 0 iteration, likelihood=-4119348.84, converge to 1.00000000
[Info]Multi-thread E-Step: 10 iteration, likelihood=-4119716.11, converge to 0.00000257
[Info]Finish E-Step: 15 iteration, likelihood: -4119745.3940
[Info]M-step 14....
--------------------------
[Info]EM iteration 14: likelihood is -4119745.39, converges to 0.00020521...

====================
[Info]Start EM iteration 15....
[Info]Multi-thread E-Step: 0 iteration, likelihood=-4118757.97, converge to 1.00000000
[Info]Multi-thread E-Step: 10 iteration, likelihood=-4119069.99, converge to 0.00000215
[Info]Finish E-Step: 14 iteration, likelihood: -4119091.4734
[Info]M-step 15....
--------------------------
[Info]EM iteration 15: likelihood is -4119091.47, converges to 0.00015873...

====================
[Info]Start EM iteration 16....
[Info]Multi-thread E-Step: 0 iteration, likelihood=-4118239.38, converge to 1.00000000
[Info]Multi-thread E-Step: 10 iteration, likelihood=-4118503.68, converge to 0.00000177
[Info]Finish E-Step: 13 iteration, likelihood: -4118518.3244
[Info]M-step 16....
--------------------------
[Info]EM iteration 16: likelihood is -4118518.32, converges to 0.00013914...

====================
[Info]Start EM iteration 17....
[Info]Multi-thread E-Step: 0 iteration, likelihood=-4117769.87, converge to 1.00000000
[Info]Multi-thread E-Step: 10 iteration, likelihood=-4118010.91, converge to 0.00000152
[Info]Finish E-Step: 13 iteration, likelihood: -4118023.9537
[Info]M-step 17....
--------------------------
[Info]EM iteration 17: likelihood is -4118023.95, converges to 0.00012004...

====================
[Info]Start EM iteration 18....
[Info]Multi-thread E-Step: 0 iteration, likelihood=-4117353.54, converge to 1.00000000
[Info]Multi-thread E-Step: 10 iteration, likelihood=-4117565.87, converge to 0.00000134
[Info]Finish E-Step: 12 iteration, likelihood: -4117574.0229
[Info]M-step 18....
--------------------------
[Info]EM iteration 18: likelihood is -4117574.02, converges to 0.00010926...

====================
[Info]Start EM iteration 19....
[Info]Multi-thread E-Step: 0 iteration, likelihood=-4116976.21, converge to 1.00000000
[Info]Multi-thread E-Step: 10 iteration, likelihood=-4117162.35, converge to 0.00000120
[Info]Finish E-Step: 11 iteration, likelihood: -4117166.2102
[Info]M-step 19....
--------------------------
[Info]EM iteration 19: likelihood is -4117166.21, converges to 0.00009904...

====================
[Info]Start EM iteration 20....
[Info]Multi-thread E-Step: 0 iteration, likelihood=-4116656.45, converge to 1.00000000
[Info]Multi-thread E-Step: 10 iteration, likelihood=-4116817.15, converge to 0.00000100
[Info]Finish E-Step: 11 iteration, likelihood: -4116820.1267
[Info]M-step 20....
--------------------------
[Info]EM iteration 20: likelihood is -4116820.13, converges to 0.00008406...

====================
[Info]Start EM iteration 21....
[Info]Multi-thread E-Step: 0 iteration, likelihood=-4116374.67, converge to 1.00000000
[Info]Finish E-Step: 10 iteration, likelihood: -4116521.7711
[Info]M-step 21....
--------------------------
[Info]EM iteration 21: likelihood is -4116521.77, converges to 0.00007247...

====================
[Info]Start EM iteration 22....
[Info]Multi-thread E-Step: 0 iteration, likelihood=-4116154.93, converge to 1.00000000
[Info]Finish E-Step: 9 iteration, likelihood: -4116285.1571
[Info]M-step 22....
--------------------------
[Info]EM iteration 22: likelihood is -4116285.16, converges to 0.00005748...

====================
[Info]Start EM iteration 23....
[Info]Multi-thread E-Step: 0 iteration, likelihood=-4115982.59, converge to 1.00000000
[Info]Finish E-Step: 9 iteration, likelihood: -4116101.6024
[Info]M-step 23....
--------------------------
[Info]EM iteration 23: likelihood is -4116101.60, converges to 0.00004459...

====================
[Info]Start EM iteration 24....
[Info]Multi-thread E-Step: 0 iteration, likelihood=-4115850.04, converge to 1.00000000
[Info]Finish E-Step: 9 iteration, likelihood: -4115959.3026
[Info]M-step 24....
--------------------------
[Info]EM iteration 24: likelihood is -4115959.30, converges to 0.00003457...

====================
[Info]Start EM iteration 25....
[Info]Multi-thread E-Step: 0 iteration, likelihood=-4115735.70, converge to 1.00000000
[Info]Finish E-Step: 9 iteration, likelihood: -4115833.7348
[Info]M-step 25....
--------------------------
[Info]EM iteration 25: likelihood is -4115833.73, converges to 0.00003051...

====================
[Info]Start EM iteration 26....
[Info]Multi-thread E-Step: 0 iteration, likelihood=-4115624.39, converge to 1.00000000
[Info]Finish E-Step: 8 iteration, likelihood: -4115708.1167
[Info]M-step 26....
--------------------------
[Info]EM iteration 26: likelihood is -4115708.12, converges to 0.00003052...

====================
[Info]Start EM iteration 27....
[Info]Multi-thread E-Step: 0 iteration, likelihood=-4115510.64, converge to 1.00000000
[Info]Finish E-Step: 8 iteration, likelihood: -4115588.7507
[Info]M-step 27....
--------------------------
[Info]EM iteration 27: likelihood is -4115588.75, converges to 0.00002900...

====================
[Info]Start EM iteration 28....
[Info]Multi-thread E-Step: 0 iteration, likelihood=-4115398.40, converge to 1.00000000
[Info]Finish E-Step: 7 iteration, likelihood: -4115463.3586
[Info]M-step 28....
--------------------------
[Info]EM iteration 28: likelihood is -4115463.36, converges to 0.00003047...

====================
[Info]Start EM iteration 29....
[Info]Multi-thread E-Step: 0 iteration, likelihood=-4115276.27, converge to 1.00000000
[Info]Finish E-Step: 7 iteration, likelihood: -4115336.5653
[Info]M-step 29....
--------------------------
[Info]EM iteration 29: likelihood is -4115336.57, converges to 0.00003081...

[Info]Analying bipartie graph: 
-- test graph: review size: 2575, item size: 179, user size: 244
[Info]Start evaluation in thread
---likelihood: -803414.3668670113
---likelihood: -804262.6635370312
---likelihood: -804286.6020901337
---likelihood: -804038.7874648263
---likelihood: -803975.4623244583
---likelihood: -803865.1051869298
---likelihood: -803935.399501759
---likelihood: -803842.2839012736
---likelihood: -803799.5209296668
---likelihood: -803622.8421975432
---likelihood: -803636.2692049375
---likelihood: -803524.432253629
---likelihood: -803581.495670038
---likelihood: -803507.5404586794
---likelihood: -803382.1550820173
---likelihood: -803391.7244936789
---likelihood: -803408.0448133027
---likelihood: -803363.6672098067
---likelihood: -803323.9480080404
---likelihood: -803287.4910257721
---likelihood: -803338.3893169222
[Info]Inference finished: likelihood: -803338.3893
[Stat]Test evaluation finished: 2575 docs
[Stat]0 part has 746.000000 docs: perplexity is 782.897 and log-likelihood is -320.351
[Stat]1 part has 193.000000 docs: perplexity is 854.387 and log-likelihood is -315.100
[Stat]2 part has 1220.000000 docs: perplexity is 820.669 and log-likelihood is -309.419
[Stat]3 part has 416.000000 docs: perplexity is 801.130 and log-likelihood is -304.262
[Stat]4 part has 2575.000000 docs: perplexity is 805.061 and log-likelihood is -311.976
[Info]ETBIR_Normal[k:5, alpha:1.01000, beta:1.00100, simga:1.01000, rho:1.01000, item~N(1.00000, 1.00000), user~N(1.00000, 1.00000)]
 Train/Test SUCCEED in 206.01 seconds...
TopWord FilePath:/home/ll5fy/TUIR/dataset/yelp/byUser_70k_review/output/5foldsCVColdstart/1/ETBIR_topWords_5.txt
Topic 0(0.29074):	room(0.01670)	vega(0.01669)	time(0.01651)	drink(0.01069)	peopl(0.01049)	night(0.00977)	casino(0.00958)	park(0.00920)	stay(0.00913)	strip(0.00906)	hotel(0.00884)	walk(0.00861)	area(0.00795)	shop(0.00720)	pretti(0.00709)	locat(0.00701)	seat(0.00646)	friend(0.00645)	year(0.00617)	store(0.00603)	las-vega(0.00602)	play(0.00593)	cool(0.00578)	music(0.00573)	price(0.00547)	club(0.00546)	find(0.00507)	feel(0.00488)	crowd(0.00460)	tabl(0.00459)	
Topic 1(0.19419):	time(0.01754)	friend(0.01530)	chicken(0.01510)	wait(0.01455)	pretti(0.01060)	breakfast(0.00998)	drink(0.00943)	tabl(0.00923)	side(0.00832)	taco(0.00787)	locat(0.00713)	price(0.00704)	definit(0.00700)	lunch(0.00698)	delici(0.00678)	star(0.00654)	busi(0.00649)	super(0.00628)	coffe(0.00618)	sauc(0.00592)	peopl(0.00577)	tast(0.00558)	seat(0.00536)	review(0.00520)	chip(0.00505)	serv(0.00502)	restaur(0.00499)	pancak(0.00497)	staff(0.00489)	NUM-minut(0.00485)	
Topic 2(0.13674):	cream(0.02086)	sweet(0.02017)	flavor(0.01890)	chocol(0.01685)	cake(0.01574)	tast(0.01320)	ice-cream(0.01087)	bread(0.00755)	perfect(0.00708)	best(0.00699)	time(0.00659)	delici(0.00657)	cooki(0.00544)	strawberri(0.00543)	serv(0.00542)	small(0.00530)	favorit(0.00516)	french(0.00446)	select(0.00430)	fill(0.00428)	pastri(0.00421)	crepe(0.00413)	banana(0.00395)	white(0.00393)	soft(0.00391)	bite(0.00385)	creami(0.00385)	truffl(0.00376)	appl(0.00370)	rich(0.00365)	
Topic 3(0.19047):	time(0.01592)	pizza(0.01592)	rice(0.01484)	buffet(0.01422)	roll(0.01380)	pork(0.01276)	sushi(0.01241)	soup(0.01082)	spici(0.00957)	pretti(0.00941)	chicken(0.00937)	sauc(0.00926)	lunch(0.00902)	price(0.00880)	ramen(0.00859)	bowl(0.00766)	best(0.00732)	beef(0.00720)	dish(0.00718)	friend(0.00701)	definit(0.00681)	fish(0.00672)	restaur(0.00665)	flavor(0.00659)	favorit(0.00628)	vega(0.00588)	tast(0.00581)	shrimp(0.00573)	wait(0.00560)	crab(0.00559)	
Topic 4(0.18785):	restaur(0.01883)	dish(0.01787)	steak(0.01232)	happi(0.01157)	dinner(0.01120)	sauc(0.00986)	tabl(0.00957)	time(0.00904)	thai(0.00855)	wine(0.00834)	perfect(0.00814)	dine(0.00810)	happi-hour(0.00799)	tast(0.00773)	cook(0.00768)	delici(0.00752)	chicken(0.00725)	friend(0.00710)	night(0.00702)	serv(0.00688)	side(0.00681)	appet(0.00679)	bread(0.00666)	flavor(0.00658)	experi(0.00643)	drink(0.00642)	shrimp(0.00603)	amaz(0.00601)	curri(0.00584)	plate(0.00582)	
266 users are loaded from /home/ll5fy/TUIR/dataset/yelp/byUser_70k_review/5foldsCVColdstart/2/...
260 users are loaded from /home/ll5fy/TUIR/dataset/yelp/byUser_70k_review/5foldsCVColdstart/0/...
244 users are loaded from /home/ll5fy/TUIR/dataset/yelp/byUser_70k_review/5foldsCVColdstart/1/...
264 users are loaded from /home/ll5fy/TUIR/dataset/yelp/byUser_70k_review/5foldsCVColdstart/3/...
256 users are loaded from /home/ll5fy/TUIR/dataset/yelp/byUser_70k_review/5foldsCVColdstart/4/...
====================
[Info]Fold No. 2: 
[Info]Analzying corpus: 
...........-- Global corpus: vocabulary size: 6134, review size: 15843, item size: 861, user size: 861
train size = 12778, test size = 3065....
[Info]Analying bipartie graph: 
-- train graph: review size: 12778, item size: 702, user size: 773
ETBIR_Normal[k:5, alpha:1.01000, beta:1.00100, simga:1.01000, rho:1.01000, item~N(1.00000, 1.00000), user~N(1.00000, 1.00000)]

[Info]Initializing documents...
[Info]Initializing users...
[Info]Initializing items...
[Info]Initializing ETBIR model...
====================
[Info]Start EM iteration 1....
[Info]Multi-thread E-Step: 0 iteration, likelihood=-4075722.92, converge to 1.00000000
[Info]Multi-thread E-Step: 10 iteration, likelihood=-4145870.87, converge to 0.00005386
[Info]Multi-thread E-Step: 20 iteration, likelihood=-4147790.29, converge to 0.00004142
[Info]Finish E-Step: 21 iteration, likelihood: -4147790.2930
[Info]M-step 1....
--------------------------
[Info]EM iteration 1: likelihood is -4147790.29, converges to 4147791.29303735...

====================
[Info]Start EM iteration 2....
[Info]Multi-thread E-Step: 0 iteration, likelihood=-4147585.94, converge to 1.00000000
[Info]Multi-thread E-Step: 10 iteration, likelihood=-4147280.73, converge to 0.00000400
[Info]Finish E-Step: 14 iteration, likelihood: -4147249.7448
[Info]M-step 2....
--------------------------
[Info]EM iteration 2: likelihood is -4147249.74, converges to 0.00013032...

====================
[Info]Start EM iteration 3....
[Info]Multi-thread E-Step: 0 iteration, likelihood=-4144412.53, converge to 1.00000000
[Info]Multi-thread E-Step: 10 iteration, likelihood=-4134066.11, converge to 0.00011610
[Info]Multi-thread E-Step: 20 iteration, likelihood=-4131221.07, converge to 0.00004703
[Info]Finish E-Step: 21 iteration, likelihood: -4131221.0741
[Info]M-step 3....
--------------------------
[Info]EM iteration 3: likelihood is -4131221.07, converges to 0.00386489...

====================
[Info]Start EM iteration 4....
[Info]Multi-thread E-Step: 0 iteration, likelihood=-4113123.22, converge to 1.00000000
[Info]Multi-thread E-Step: 10 iteration, likelihood=-4087494.12, converge to 0.00015642
[Info]Multi-thread E-Step: 20 iteration, likelihood=-4083680.69, converge to 0.00006581
[Info]Finish E-Step: 21 iteration, likelihood: -4083680.6859
[Info]M-step 4....
--------------------------
[Info]EM iteration 4: likelihood is -4083680.69, converges to 0.01150759...

====================
[Info]Start EM iteration 5....
[Info]Multi-thread E-Step: 0 iteration, likelihood=-4042416.07, converge to 1.00000000
[Info]Multi-thread E-Step: 10 iteration, likelihood=-4024116.62, converge to 0.00009943
[Info]Multi-thread E-Step: 20 iteration, likelihood=-4021495.49, converge to 0.00004574
[Info]Finish E-Step: 21 iteration, likelihood: -4021495.4865
[Info]M-step 5....
--------------------------
[Info]EM iteration 5: likelihood is -4021495.49, converges to 0.01522773...

====================
[Info]Start EM iteration 6....
[Info]Multi-thread E-Step: 0 iteration, likelihood=-3988792.93, converge to 1.00000000
[Info]Multi-thread E-Step: 10 iteration, likelihood=-3984360.29, converge to 0.00003556
[Info]Multi-thread E-Step: 20 iteration, likelihood=-3983460.16, converge to 0.00001487
[Info]Finish E-Step: 21 iteration, likelihood: -3983460.1601
[Info]M-step 6....
--------------------------
[Info]EM iteration 6: likelihood is -3983460.16, converges to 0.00945801...

====================
[Info]Start EM iteration 7....
[Info]Multi-thread E-Step: 0 iteration, likelihood=-3965123.77, converge to 1.00000000
[Info]Multi-thread E-Step: 10 iteration, likelihood=-3964517.52, converge to 0.00000733
[Info]Multi-thread E-Step: 20 iteration, likelihood=-3964341.22, converge to 0.00000267
[Info]Finish E-Step: 21 iteration, likelihood: -3964341.2213
[Info]M-step 7....
--------------------------
[Info]EM iteration 7: likelihood is -3964341.22, converges to 0.00479958...

====================
[Info]Start EM iteration 8....
[Info]Multi-thread E-Step: 0 iteration, likelihood=-3952609.40, converge to 1.00000000
[Info]Multi-thread E-Step: 10 iteration, likelihood=-3952938.63, converge to 0.00000277
[Info]Multi-thread E-Step: 20 iteration, likelihood=-3953006.76, converge to 0.00000118
[Info]Finish E-Step: 21 iteration, likelihood: -3953006.7581
[Info]M-step 8....
--------------------------
[Info]EM iteration 8: likelihood is -3953006.76, converges to 0.00285910...

====================
[Info]Start EM iteration 9....
[Info]Multi-thread E-Step: 0 iteration, likelihood=-3945096.12, converge to 1.00000000
[Info]Multi-thread E-Step: 10 iteration, likelihood=-3945702.48, converge to 0.00000589
[Info]Multi-thread E-Step: 20 iteration, likelihood=-3945828.17, converge to 0.00000168
[Info]Finish E-Step: 21 iteration, likelihood: -3945828.1701
[Info]M-step 9....
--------------------------
[Info]EM iteration 9: likelihood is -3945828.17, converges to 0.00181598...

====================
[Info]Start EM iteration 10....
[Info]Multi-thread E-Step: 0 iteration, likelihood=-3940223.11, converge to 1.00000000
[Info]Multi-thread E-Step: 10 iteration, likelihood=-3940830.96, converge to 0.00000580
[Info]Multi-thread E-Step: 20 iteration, likelihood=-3940947.77, converge to 0.00000152
[Info]Finish E-Step: 21 iteration, likelihood: -3940947.7738
[Info]M-step 10....
--------------------------
[Info]EM iteration 10: likelihood is -3940947.77, converges to 0.00123685...

====================
[Info]Start EM iteration 11....
[Info]Multi-thread E-Step: 0 iteration, likelihood=-3936700.02, converge to 1.00000000
[Info]Multi-thread E-Step: 10 iteration, likelihood=-3937249.86, converge to 0.00000540
[Info]Multi-thread E-Step: 20 iteration, likelihood=-3937354.43, converge to 0.00000130
[Info]Finish E-Step: 21 iteration, likelihood: -3937354.4305
[Info]M-step 11....
--------------------------
[Info]EM iteration 11: likelihood is -3937354.43, converges to 0.00091180...

====================
[Info]Start EM iteration 12....
[Info]Multi-thread E-Step: 0 iteration, likelihood=-3934028.95, converge to 1.00000000
[Info]Multi-thread E-Step: 10 iteration, likelihood=-3934523.61, converge to 0.00000483
[Info]Finish E-Step: 20 iteration, likelihood: -3934610.3986
[Info]M-step 12....
--------------------------
[Info]EM iteration 12: likelihood is -3934610.40, converges to 0.00069692...

====================
[Info]Start EM iteration 13....
[Info]Multi-thread E-Step: 0 iteration, likelihood=-3931995.19, converge to 1.00000000
[Info]Multi-thread E-Step: 10 iteration, likelihood=-3932469.11, converge to 0.00000464
[Info]Finish E-Step: 20 iteration, likelihood: -3932553.0646
[Info]M-step 13....
--------------------------
[Info]EM iteration 13: likelihood is -3932553.06, converges to 0.00052288...

====================
[Info]Start EM iteration 14....
[Info]Multi-thread E-Step: 0 iteration, likelihood=-3930579.69, converge to 1.00000000
[Info]Multi-thread E-Step: 10 iteration, likelihood=-3931035.42, converge to 0.00000413
[Info]Finish E-Step: 19 iteration, likelihood: -3931103.9171
[Info]M-step 14....
--------------------------
[Info]EM iteration 14: likelihood is -3931103.92, converges to 0.00036850...

====================
[Info]Start EM iteration 15....
[Info]Multi-thread E-Step: 0 iteration, likelihood=-3929617.32, converge to 1.00000000
[Info]Multi-thread E-Step: 10 iteration, likelihood=-3930031.54, converge to 0.00000350
[Info]Finish E-Step: 17 iteration, likelihood: -3930079.3554
[Info]M-step 15....
--------------------------
[Info]EM iteration 15: likelihood is -3930079.36, converges to 0.00026063...

====================
[Info]Start EM iteration 16....
[Info]Multi-thread E-Step: 0 iteration, likelihood=-3928916.29, converge to 1.00000000
[Info]Multi-thread E-Step: 10 iteration, likelihood=-3929290.83, converge to 0.00000295
[Info]Finish E-Step: 16 iteration, likelihood: -3929326.4527
[Info]M-step 16....
--------------------------
[Info]EM iteration 16: likelihood is -3929326.45, converges to 0.00019157...

====================
[Info]Start EM iteration 17....
[Info]Multi-thread E-Step: 0 iteration, likelihood=-3928381.00, converge to 1.00000000
[Info]Multi-thread E-Step: 10 iteration, likelihood=-3928719.19, converge to 0.00000248
[Info]Finish E-Step: 15 iteration, likelihood: -3928744.9680
[Info]M-step 17....
--------------------------
[Info]EM iteration 17: likelihood is -3928744.97, converges to 0.00014799...

====================
[Info]Start EM iteration 18....
[Info]Multi-thread E-Step: 0 iteration, likelihood=-3927943.98, converge to 1.00000000
[Info]Multi-thread E-Step: 10 iteration, likelihood=-3928245.16, converge to 0.00000204
[Info]Finish E-Step: 13 iteration, likelihood: -3928260.0212
[Info]M-step 18....
--------------------------
[Info]EM iteration 18: likelihood is -3928260.02, converges to 0.00012344...

====================
[Info]Start EM iteration 19....
[Info]Multi-thread E-Step: 0 iteration, likelihood=-3927567.94, converge to 1.00000000
[Info]Multi-thread E-Step: 10 iteration, likelihood=-3927838.65, converge to 0.00000160
[Info]Finish E-Step: 12 iteration, likelihood: -3927846.9064
[Info]M-step 19....
--------------------------
[Info]EM iteration 19: likelihood is -3927846.91, converges to 0.00010516...

====================
[Info]Start EM iteration 20....
[Info]Multi-thread E-Step: 0 iteration, likelihood=-3927249.13, converge to 1.00000000
[Info]Multi-thread E-Step: 10 iteration, likelihood=-3927492.64, converge to 0.00000133
[Info]Finish E-Step: 11 iteration, likelihood: -3927496.5381
[Info]M-step 20....
--------------------------
[Info]EM iteration 20: likelihood is -3927496.54, converges to 0.00008920...

====================
[Info]Start EM iteration 21....
[Info]Multi-thread E-Step: 0 iteration, likelihood=-3926978.91, converge to 1.00000000
[Info]Multi-thread E-Step: 10 iteration, likelihood=-3927199.08, converge to 0.00000109
[Info]Finish E-Step: 11 iteration, likelihood: -3927202.1438
[Info]M-step 21....
--------------------------
[Info]EM iteration 21: likelihood is -3927202.14, converges to 0.00007496...

====================
[Info]Start EM iteration 22....
[Info]Multi-thread E-Step: 0 iteration, likelihood=-3926743.58, converge to 1.00000000
[Info]Finish E-Step: 10 iteration, likelihood: -3926938.5970
[Info]M-step 22....
--------------------------
[Info]EM iteration 22: likelihood is -3926938.60, converges to 0.00006711...

====================
[Info]Start EM iteration 23....
[Info]Multi-thread E-Step: 0 iteration, likelihood=-3926504.16, converge to 1.00000000
[Info]Finish E-Step: 9 iteration, likelihood: -3926672.9634
[Info]M-step 23....
--------------------------
[Info]EM iteration 23: likelihood is -3926672.96, converges to 0.00006764...

====================
[Info]Start EM iteration 24....
[Info]Multi-thread E-Step: 0 iteration, likelihood=-3926215.73, converge to 1.00000000
[Info]Finish E-Step: 8 iteration, likelihood: -3926356.0211
[Info]M-step 24....
--------------------------
[Info]EM iteration 24: likelihood is -3926356.02, converges to 0.00008072...

====================
[Info]Start EM iteration 25....
[Info]Multi-thread E-Step: 0 iteration, likelihood=-3925849.95, converge to 1.00000000
[Info]Finish E-Step: 8 iteration, likelihood: -3925970.5482
[Info]M-step 25....
--------------------------
[Info]EM iteration 25: likelihood is -3925970.55, converges to 0.00009818...

====================
[Info]Start EM iteration 26....
[Info]Multi-thread E-Step: 0 iteration, likelihood=-3925464.71, converge to 1.00000000
[Info]Finish E-Step: 7 iteration, likelihood: -3925572.0907
[Info]M-step 26....
--------------------------
[Info]EM iteration 26: likelihood is -3925572.09, converges to 0.00010149...

====================
[Info]Start EM iteration 27....
[Info]Multi-thread E-Step: 0 iteration, likelihood=-3925138.78, converge to 1.00000000
[Info]Finish E-Step: 7 iteration, likelihood: -3925244.2603
[Info]M-step 27....
--------------------------
[Info]EM iteration 27: likelihood is -3925244.26, converges to 0.00008351...

====================
[Info]Start EM iteration 28....
[Info]Multi-thread E-Step: 0 iteration, likelihood=-3924911.42, converge to 1.00000000
[Info]Finish E-Step: 7 iteration, likelihood: -3925013.3607
[Info]M-step 28....
--------------------------
[Info]EM iteration 28: likelihood is -3925013.36, converges to 0.00005882...

====================
[Info]Start EM iteration 29....
[Info]Multi-thread E-Step: 0 iteration, likelihood=-3924748.19, converge to 1.00000000
[Info]Finish E-Step: 7 iteration, likelihood: -3924844.2932
[Info]M-step 29....
--------------------------
[Info]EM iteration 29: likelihood is -3924844.29, converges to 0.00004307...

[Info]Analying bipartie graph: 
-- test graph: review size: 3065, item size: 207, user size: 266
[Info]Start evaluation in thread
---likelihood: -1011755.9042215686
---likelihood: -1012757.1426480511
---likelihood: -1012771.243225928
---likelihood: -1012462.5738283618
---likelihood: -1012317.762540826
---likelihood: -1012334.1835740145
---likelihood: -1012180.2483916787
---likelihood: -1012207.0985430216
---likelihood: -1012147.8275902813
---likelihood: -1011912.4517811048
---likelihood: -1011948.6882899654
---likelihood: -1011795.1098053766
---likelihood: -1011850.5767523831
---likelihood: -1011716.5594736193
---likelihood: -1011710.2107053734
---likelihood: -1011616.4840070013
---likelihood: -1011788.7774429718
---likelihood: -1011605.6974917187
---likelihood: -1011595.4797267867
---likelihood: -1011722.7436063528
---likelihood: -1011585.4597252703
[Info]Inference finished: likelihood: -1011585.4597
[Stat]Test evaluation finished: 3065 docs
[Stat]0 part has 769.000000 docs: perplexity is 836.197 and log-likelihood is -315.837
[Stat]1 part has 178.000000 docs: perplexity is 793.785 and log-likelihood is -330.165
[Stat]2 part has 1718.000000 docs: perplexity is 871.541 and log-likelihood is -331.333
[Stat]3 part has 400.000000 docs: perplexity is 847.155 and log-likelihood is -353.123
[Stat]4 part has 3065.000000 docs: perplexity is 851.698 and log-likelihood is -330.044
[Info]ETBIR_Normal[k:5, alpha:1.01000, beta:1.00100, simga:1.01000, rho:1.01000, item~N(1.00000, 1.00000), user~N(1.00000, 1.00000)]
 Train/Test SUCCEED in 204.13 seconds...
TopWord FilePath:/home/ll5fy/TUIR/dataset/yelp/byUser_70k_review/output/5foldsCVColdstart/2/ETBIR_topWords_5.txt
Topic 0(0.17532):	room(0.02842)	vega(0.02744)	strip(0.01768)	casino(0.01585)	stay(0.01491)	hotel(0.01454)	restaur(0.01375)	park(0.01349)	locat(0.01305)	buffet(0.01281)	ramen(0.01108)	las-vega(0.01099)	thai(0.01056)	time(0.00982)	area(0.00972)	walk(0.00928)	shop(0.00848)	view(0.00726)	pool(0.00701)	pretti(0.00682)	clean(0.00656)	price(0.00529)	best(0.00528)	night(0.00502)	feel(0.00477)	peopl(0.00460)	open(0.00418)	year(0.00416)	small(0.00415)	star(0.00415)	
Topic 1(0.18548):	cream(0.01589)	flavor(0.01574)	sweet(0.01430)	tast(0.01219)	chocol(0.01204)	cake(0.01166)	chicken(0.00947)	breakfast(0.00914)	delici(0.00893)	ice-cream(0.00874)	bread(0.00861)	time(0.00825)	friend(0.00773)	coffe(0.00688)	perfect(0.00687)	side(0.00625)	best(0.00606)	toast(0.00584)	definit(0.00563)	serv(0.00562)	french(0.00550)	favorit(0.00468)	waffl(0.00464)	locat(0.00453)	cooki(0.00450)	sauc(0.00441)	pretti(0.00429)	onion(0.00411)	lunch(0.00399)	pancak(0.00397)	
Topic 2(0.26945):	dish(0.01532)	sauc(0.01490)	chicken(0.01457)	restaur(0.01294)	rice(0.01031)	tast(0.01028)	flavor(0.00973)	pizza(0.00948)	roll(0.00946)	sushi(0.00901)	steak(0.00891)	pork(0.00863)	soup(0.00858)	dinner(0.00840)	lunch(0.00835)	cook(0.00828)	beef(0.00797)	spici(0.00795)	time(0.00785)	side(0.00761)	delici(0.00750)	serv(0.00735)	plate(0.00723)	shrimp(0.00713)	perfect(0.00623)	special(0.00597)	definit(0.00577)	crab(0.00561)	best(0.00552)	friend(0.00548)	
Topic 3(0.17664):	drink(0.03810)	friend(0.01930)	night(0.01920)	pretti(0.01609)	happi(0.01603)	time(0.01510)	beer(0.01502)	taco(0.01261)	price(0.01194)	tabl(0.01031)	peopl(0.00939)	happi-hour(0.00913)	spot(0.00885)	club(0.00869)	vega(0.00838)	music(0.00832)	cool(0.00824)	area(0.00821)	definit(0.00652)	best(0.00614)	super(0.00551)	crowd(0.00536)	favorit(0.00504)	danc(0.00502)	chip(0.00501)	seat(0.00500)	downtown(0.00500)	play(0.00498)	local(0.00493)	amaz(0.00493)	
Topic 4(0.19311):	time(0.03096)	wait(0.01818)	seat(0.01429)	peopl(0.01380)	NUM-minut(0.00971)	star(0.00965)	tabl(0.00840)	year(0.00827)	review(0.00818)	store(0.00777)	work(0.00774)	experi(0.00725)	custom(0.00715)	friend(0.00658)	walk(0.00651)	find(0.00631)	price(0.00629)	busi(0.00617)	told(0.00581)	manag(0.00569)	staff(0.00551)	call(0.00506)	close(0.00497)	watch(0.00466)	feel(0.00453)	final(0.00450)	start(0.00433)	thought(0.00433)	water(0.00431)	pretti(0.00430)	
264 users are loaded from /home/ll5fy/TUIR/dataset/yelp/byUser_70k_review/5foldsCVColdstart/3/...
260 users are loaded from /home/ll5fy/TUIR/dataset/yelp/byUser_70k_review/5foldsCVColdstart/0/...
244 users are loaded from /home/ll5fy/TUIR/dataset/yelp/byUser_70k_review/5foldsCVColdstart/1/...
266 users are loaded from /home/ll5fy/TUIR/dataset/yelp/byUser_70k_review/5foldsCVColdstart/2/...
256 users are loaded from /home/ll5fy/TUIR/dataset/yelp/byUser_70k_review/5foldsCVColdstart/4/...
====================
[Info]Fold No. 3: 
[Info]Analzying corpus: 
...........-- Global corpus: vocabulary size: 6134, review size: 15843, item size: 861, user size: 861
train size = 12591, test size = 3252....
[Info]Analying bipartie graph: 
-- train graph: review size: 12591, item size: 717, user size: 770
ETBIR_Normal[k:5, alpha:1.01000, beta:1.00100, simga:1.01000, rho:1.01000, item~N(1.00000, 1.00000), user~N(1.00000, 1.00000)]

[Info]Initializing documents...
[Info]Initializing users...
[Info]Initializing items...
[Info]Initializing ETBIR model...
====================
[Info]Start EM iteration 1....
[Info]Multi-thread E-Step: 0 iteration, likelihood=-4090035.19, converge to 1.00000000
[Info]Multi-thread E-Step: 10 iteration, likelihood=-4161606.14, converge to 0.00005613
[Info]Multi-thread E-Step: 20 iteration, likelihood=-4163577.25, converge to 0.00004233
[Info]Finish E-Step: 21 iteration, likelihood: -4163577.2498
[Info]M-step 1....
--------------------------
[Info]EM iteration 1: likelihood is -4163577.25, converges to 4163578.24978046...

====================
[Info]Start EM iteration 2....
[Info]Multi-thread E-Step: 0 iteration, likelihood=-4163365.62, converge to 1.00000000
[Info]Multi-thread E-Step: 10 iteration, likelihood=-4162976.70, converge to 0.00000933
[Info]Multi-thread E-Step: 20 iteration, likelihood=-4162730.17, converge to 0.00000491
[Info]Finish E-Step: 21 iteration, likelihood: -4162730.1708
[Info]M-step 2....
--------------------------
[Info]EM iteration 2: likelihood is -4162730.17, converges to 0.00020345...

====================
[Info]Start EM iteration 3....
[Info]Multi-thread E-Step: 0 iteration, likelihood=-4158423.39, converge to 1.00000000
[Info]Multi-thread E-Step: 10 iteration, likelihood=-4142474.24, converge to 0.00015147
[Info]Multi-thread E-Step: 20 iteration, likelihood=-4138802.87, converge to 0.00006092
[Info]Finish E-Step: 21 iteration, likelihood: -4138802.8749
[Info]M-step 3....
--------------------------
[Info]EM iteration 3: likelihood is -4138802.87, converges to 0.00574798...

====================
[Info]Start EM iteration 4....
[Info]Multi-thread E-Step: 0 iteration, likelihood=-4102115.11, converge to 1.00000000
[Info]Multi-thread E-Step: 10 iteration, likelihood=-4065513.14, converge to 0.00017667
[Info]Multi-thread E-Step: 20 iteration, likelihood=-4061153.27, converge to 0.00007570
[Info]Finish E-Step: 21 iteration, likelihood: -4061153.2711
[Info]M-step 4....
--------------------------
[Info]EM iteration 4: likelihood is -4061153.27, converges to 0.01876137...

====================
[Info]Start EM iteration 5....
[Info]Multi-thread E-Step: 0 iteration, likelihood=-3994322.94, converge to 1.00000000
[Info]Multi-thread E-Step: 10 iteration, likelihood=-3978311.64, converge to 0.00009859
[Info]Multi-thread E-Step: 20 iteration, likelihood=-3975766.43, converge to 0.00004371
[Info]Finish E-Step: 21 iteration, likelihood: -3975766.4254
[Info]M-step 5....
--------------------------
[Info]EM iteration 5: likelihood is -3975766.43, converges to 0.02102527...

====================
[Info]Start EM iteration 6....
[Info]Multi-thread E-Step: 0 iteration, likelihood=-3939514.98, converge to 1.00000000
[Info]Multi-thread E-Step: 10 iteration, likelihood=-3937645.39, converge to 0.00002189
[Info]Multi-thread E-Step: 20 iteration, likelihood=-3937101.08, converge to 0.00000898
[Info]Finish E-Step: 21 iteration, likelihood: -3937101.0778
[Info]M-step 6....
--------------------------
[Info]EM iteration 6: likelihood is -3937101.08, converges to 0.00972526...

====================
[Info]Start EM iteration 7....
[Info]Multi-thread E-Step: 0 iteration, likelihood=-3923011.36, converge to 1.00000000
[Info]Multi-thread E-Step: 10 iteration, likelihood=-3924049.67, converge to 0.00000733
[Info]Multi-thread E-Step: 20 iteration, likelihood=-3924200.23, converge to 0.00000206
[Info]Finish E-Step: 21 iteration, likelihood: -3924200.2259
[Info]M-step 7....
--------------------------
[Info]EM iteration 7: likelihood is -3924200.23, converges to 0.00327674...

====================
[Info]Start EM iteration 8....
[Info]Multi-thread E-Step: 0 iteration, likelihood=-3918192.55, converge to 1.00000000
[Info]Multi-thread E-Step: 10 iteration, likelihood=-3919491.40, converge to 0.00001282
[Info]Multi-thread E-Step: 20 iteration, likelihood=-3919744.72, converge to 0.00000321
[Info]Finish E-Step: 21 iteration, likelihood: -3919744.7230
[Info]M-step 8....
--------------------------
[Info]EM iteration 8: likelihood is -3919744.72, converges to 0.00113539...

====================
[Info]Start EM iteration 9....
[Info]Multi-thread E-Step: 0 iteration, likelihood=-3916689.69, converge to 1.00000000
[Info]Multi-thread E-Step: 10 iteration, likelihood=-3917851.64, converge to 0.00001166
[Info]Multi-thread E-Step: 20 iteration, likelihood=-3918064.44, converge to 0.00000238
[Info]Finish E-Step: 21 iteration, likelihood: -3918064.4398
[Info]M-step 9....
--------------------------
[Info]EM iteration 9: likelihood is -3918064.44, converges to 0.00042867...

====================
[Info]Start EM iteration 10....
[Info]Multi-thread E-Step: 0 iteration, likelihood=-3916202.40, converge to 1.00000000
[Info]Multi-thread E-Step: 10 iteration, likelihood=-3917171.93, converge to 0.00000918
[Info]Multi-thread E-Step: 20 iteration, likelihood=-3917321.55, converge to 0.00000137
[Info]Finish E-Step: 21 iteration, likelihood: -3917321.5494
[Info]M-step 10....
--------------------------
[Info]EM iteration 10: likelihood is -3917321.55, converges to 0.00018961...

====================
[Info]Start EM iteration 11....
[Info]Multi-thread E-Step: 0 iteration, likelihood=-3916012.85, converge to 1.00000000
[Info]Multi-thread E-Step: 10 iteration, likelihood=-3916809.04, converge to 0.00000687
[Info]Finish E-Step: 20 iteration, likelihood: -3916913.3864
[Info]M-step 11....
--------------------------
[Info]EM iteration 11: likelihood is -3916913.39, converges to 0.00010419...

====================
[Info]Start EM iteration 12....
[Info]Multi-thread E-Step: 0 iteration, likelihood=-3915944.59, converge to 1.00000000
[Info]Multi-thread E-Step: 10 iteration, likelihood=-3916606.73, converge to 0.00000516
[Info]Finish E-Step: 19 iteration, likelihood: -3916683.7888
[Info]M-step 12....
--------------------------
[Info]EM iteration 12: likelihood is -3916683.79, converges to 0.00005862...

====================
[Info]Start EM iteration 13....
[Info]Multi-thread E-Step: 0 iteration, likelihood=-3915924.49, converge to 1.00000000
[Info]Multi-thread E-Step: 10 iteration, likelihood=-3916487.88, converge to 0.00000404
[Info]Finish E-Step: 17 iteration, likelihood: -3916539.3289
[Info]M-step 13....
--------------------------
[Info]EM iteration 13: likelihood is -3916539.33, converges to 0.00003688...

====================
[Info]Start EM iteration 14....
[Info]Multi-thread E-Step: 0 iteration, likelihood=-3915879.84, converge to 1.00000000
[Info]Multi-thread E-Step: 10 iteration, likelihood=-3916357.33, converge to 0.00000314
[Info]Finish E-Step: 16 iteration, likelihood: -3916393.2838
[Info]M-step 14....
--------------------------
[Info]EM iteration 14: likelihood is -3916393.28, converges to 0.00003729...

====================
[Info]Start EM iteration 15....
[Info]Multi-thread E-Step: 0 iteration, likelihood=-3915760.25, converge to 1.00000000
[Info]Multi-thread E-Step: 10 iteration, likelihood=-3916167.48, converge to 0.00000244
[Info]Finish E-Step: 15 iteration, likelihood: -3916192.6608
[Info]M-step 15....
--------------------------
[Info]EM iteration 15: likelihood is -3916192.66, converges to 0.00005123...

====================
[Info]Start EM iteration 16....
[Info]Multi-thread E-Step: 0 iteration, likelihood=-3915562.54, converge to 1.00000000
[Info]Multi-thread E-Step: 10 iteration, likelihood=-3915915.93, converge to 0.00000196
[Info]Finish E-Step: 14 iteration, likelihood: -3915934.3560
[Info]M-step 16....
--------------------------
[Info]EM iteration 16: likelihood is -3915934.36, converges to 0.00006596...

====================
[Info]Start EM iteration 17....
[Info]Multi-thread E-Step: 0 iteration, likelihood=-3915314.53, converge to 1.00000000
[Info]Multi-thread E-Step: 10 iteration, likelihood=-3915624.47, converge to 0.00000166
[Info]Finish E-Step: 13 iteration, likelihood: -3915637.4003
[Info]M-step 17....
--------------------------
[Info]EM iteration 17: likelihood is -3915637.40, converges to 0.00007583...

====================
[Info]Start EM iteration 18....
[Info]Multi-thread E-Step: 0 iteration, likelihood=-3915058.48, converge to 1.00000000
[Info]Multi-thread E-Step: 10 iteration, likelihood=-3915329.81, converge to 0.00000136
[Info]Finish E-Step: 12 iteration, likelihood: -3915337.6502
[Info]M-step 18....
--------------------------
[Info]EM iteration 18: likelihood is -3915337.65, converges to 0.00007655...

====================
[Info]Start EM iteration 19....
[Info]Multi-thread E-Step: 0 iteration, likelihood=-3914855.73, converge to 1.00000000
[Info]Multi-thread E-Step: 10 iteration, likelihood=-3915094.93, converge to 0.00000116
[Info]Finish E-Step: 11 iteration, likelihood: -3915098.5340
[Info]M-step 19....
--------------------------
[Info]EM iteration 19: likelihood is -3915098.53, converges to 0.00006107...

====================
[Info]Start EM iteration 20....
[Info]Multi-thread E-Step: 0 iteration, likelihood=-3914712.58, converge to 1.00000000
[Info]Finish E-Step: 10 iteration, likelihood: -3914925.0199
[Info]M-step 20....
--------------------------
[Info]EM iteration 20: likelihood is -3914925.02, converges to 0.00004432...

====================
[Info]Start EM iteration 21....
[Info]Multi-thread E-Step: 0 iteration, likelihood=-3914573.44, converge to 1.00000000
[Info]Finish E-Step: 10 iteration, likelihood: -3914756.6363
[Info]M-step 21....
--------------------------
[Info]EM iteration 21: likelihood is -3914756.64, converges to 0.00004301...

====================
[Info]Start EM iteration 22....
[Info]Multi-thread E-Step: 0 iteration, likelihood=-3914420.23, converge to 1.00000000
[Info]Finish E-Step: 9 iteration, likelihood: -3914580.6983
[Info]M-step 22....
--------------------------
[Info]EM iteration 22: likelihood is -3914580.70, converges to 0.00004494...

====================
[Info]Start EM iteration 23....
[Info]Multi-thread E-Step: 0 iteration, likelihood=-3914329.90, converge to 1.00000000
[Info]Finish E-Step: 8 iteration, likelihood: -3914471.3366
[Info]M-step 23....
--------------------------
[Info]EM iteration 23: likelihood is -3914471.34, converges to 0.00002794...

====================
[Info]Start EM iteration 24....
[Info]Multi-thread E-Step: 0 iteration, likelihood=-3914258.00, converge to 1.00000000
[Info]Finish E-Step: 8 iteration, likelihood: -3914384.5068
[Info]M-step 24....
--------------------------
[Info]EM iteration 24: likelihood is -3914384.51, converges to 0.00002218...

====================
[Info]Start EM iteration 25....
[Info]Multi-thread E-Step: 0 iteration, likelihood=-3914188.91, converge to 1.00000000
[Info]Finish E-Step: 7 iteration, likelihood: -3914302.6830
[Info]M-step 25....
--------------------------
[Info]EM iteration 25: likelihood is -3914302.68, converges to 0.00002090...

====================
[Info]Start EM iteration 26....
[Info]Multi-thread E-Step: 0 iteration, likelihood=-3914122.90, converge to 1.00000000
[Info]Finish E-Step: 7 iteration, likelihood: -3914229.0681
[Info]M-step 26....
--------------------------
[Info]EM iteration 26: likelihood is -3914229.07, converges to 0.00001881...

====================
[Info]Start EM iteration 27....
[Info]Multi-thread E-Step: 0 iteration, likelihood=-3914059.90, converge to 1.00000000
[Info]Finish E-Step: 7 iteration, likelihood: -3914158.6104
[Info]M-step 27....
--------------------------
[Info]EM iteration 27: likelihood is -3914158.61, converges to 0.00001800...

====================
[Info]Start EM iteration 28....
[Info]Multi-thread E-Step: 0 iteration, likelihood=-3914002.97, converge to 1.00000000
[Info]Finish E-Step: 7 iteration, likelihood: -3914093.8173
[Info]M-step 28....
--------------------------
[Info]EM iteration 28: likelihood is -3914093.82, converges to 0.00001655...

====================
[Info]Start EM iteration 29....
[Info]Multi-thread E-Step: 0 iteration, likelihood=-3913958.93, converge to 1.00000000
[Info]Finish E-Step: 6 iteration, likelihood: -3914040.8718
[Info]M-step 29....
--------------------------
[Info]EM iteration 29: likelihood is -3914040.87, converges to 0.00001353...

[Info]Analying bipartie graph: 
-- test graph: review size: 3252, item size: 206, user size: 264
[Info]Start evaluation in thread
---likelihood: -989114.4705421833
---likelihood: -990321.935009283
---likelihood: -990086.2595937392
---likelihood: -990043.7724318692
---likelihood: -990052.1290101497
---likelihood: -989863.5105536309
---likelihood: -989900.2994125662
---likelihood: -989813.3960701057
---likelihood: -989778.5664048383
---likelihood: -989620.5171542794
---likelihood: -989597.7715235563
---likelihood: -989557.8783050983
---likelihood: -989593.3403358747
---likelihood: -989342.4604921669
---likelihood: -989428.2752206564
---likelihood: -989397.7225665151
---likelihood: -989365.3145142104
---likelihood: -989223.1267429595
---likelihood: -989195.77175362
---likelihood: -989024.1860590319
---likelihood: -989177.0149959715
[Info]Inference finished: likelihood: -989177.0150
[Stat]Test evaluation finished: 3252 docs
[Stat]0 part has 912.000000 docs: perplexity is 852.437 and log-likelihood is -309.895
[Stat]1 part has 285.000000 docs: perplexity is 791.946 and log-likelihood is -295.575
[Stat]2 part has 1562.000000 docs: perplexity is 817.610 and log-likelihood is -303.968
[Stat]3 part has 493.000000 docs: perplexity is 741.735 and log-likelihood is -300.287
[Stat]4 part has 3252.000000 docs: perplexity is 810.101 and log-likelihood is -304.175
[Info]ETBIR_Normal[k:5, alpha:1.01000, beta:1.00100, simga:1.01000, rho:1.01000, item~N(1.00000, 1.00000), user~N(1.00000, 1.00000)]
 Train/Test SUCCEED in 197.71 seconds...
TopWord FilePath:/home/ll5fy/TUIR/dataset/yelp/byUser_70k_review/output/5foldsCVColdstart/3/ETBIR_topWords_5.txt
Topic 0(0.16595):	pizza(0.01504)	steak(0.01472)	restaur(0.01431)	dish(0.01160)	bread(0.01125)	sauc(0.01035)	perfect(0.00999)	dinner(0.00956)	tast(0.00915)	serv(0.00808)	wine(0.00806)	dine(0.00799)	flavor(0.00760)	delici(0.00701)	side(0.00694)	tabl(0.00690)	cook(0.00689)	cours(0.00688)	best(0.00682)	experi(0.00606)	excel(0.00603)	mushroom(0.00585)	plate(0.00578)	amaz(0.00568)	lobster(0.00527)	chef(0.00500)	time(0.00496)	start(0.00494)	night(0.00456)	slice(0.00453)	
Topic 1(0.26242):	vega(0.01866)	room(0.01782)	time(0.01545)	casino(0.01041)	park(0.01036)	peopl(0.01018)	stay(0.01007)	strip(0.01000)	walk(0.00973)	hotel(0.00908)	night(0.00900)	area(0.00763)	pretti(0.00742)	las-vega(0.00716)	drink(0.00659)	locat(0.00658)	play(0.00641)	shop(0.00635)	friend(0.00633)	seat(0.00585)	year(0.00583)	cool(0.00571)	store(0.00564)	music(0.00560)	price(0.00543)	club(0.00541)	feel(0.00515)	view(0.00506)	find(0.00487)	open(0.00460)	
Topic 2(0.15830):	cream(0.01893)	flavor(0.01525)	sweet(0.01441)	chocol(0.01427)	cake(0.01251)	coffe(0.01106)	ice-cream(0.01093)	time(0.01030)	breakfast(0.01010)	tast(0.00964)	friend(0.00725)	delici(0.00711)	best(0.00684)	waffl(0.00552)	cooki(0.00541)	toast(0.00536)	favorit(0.00534)	strawberri(0.00527)	brunch(0.00514)	perfect(0.00489)	definit(0.00484)	french(0.00470)	small(0.00455)	pancak(0.00449)	locat(0.00445)	bread(0.00438)	pastri(0.00437)	select(0.00433)	crepe(0.00431)	side(0.00426)	
Topic 3(0.20887):	time(0.02312)	drink(0.01972)	friend(0.01531)	wait(0.01466)	happi(0.01404)	pretti(0.01306)	tabl(0.01227)	beer(0.01213)	price(0.01069)	star(0.00947)	taco(0.00938)	chicken(0.00823)	happi-hour(0.00800)	peopl(0.00693)	NUM-minut(0.00684)	busi(0.00673)	side(0.00646)	seat(0.00628)	locat(0.00626)	restaur(0.00618)	night(0.00558)	review(0.00510)	chip(0.00509)	definit(0.00495)	tast(0.00476)	delici(0.00471)	waitress(0.00463)	serv(0.00456)	expect(0.00442)	staff(0.00440)	
Topic 4(0.20446):	chicken(0.02056)	rice(0.01553)	dish(0.01313)	time(0.01312)	buffet(0.01291)	sushi(0.01238)	roll(0.01233)	sauc(0.01186)	pork(0.01108)	lunch(0.01072)	soup(0.01064)	spici(0.01059)	restaur(0.01048)	flavor(0.00929)	thai(0.00849)	beef(0.00845)	ramen(0.00841)	pretti(0.00777)	tast(0.00767)	definit(0.00760)	shrimp(0.00742)	price(0.00725)	bowl(0.00690)	best(0.00689)	curri(0.00655)	fish(0.00647)	favorit(0.00634)	friend(0.00611)	plate(0.00558)	delici(0.00551)	
256 users are loaded from /home/ll5fy/TUIR/dataset/yelp/byUser_70k_review/5foldsCVColdstart/4/...
260 users are loaded from /home/ll5fy/TUIR/dataset/yelp/byUser_70k_review/5foldsCVColdstart/0/...
244 users are loaded from /home/ll5fy/TUIR/dataset/yelp/byUser_70k_review/5foldsCVColdstart/1/...
266 users are loaded from /home/ll5fy/TUIR/dataset/yelp/byUser_70k_review/5foldsCVColdstart/2/...
264 users are loaded from /home/ll5fy/TUIR/dataset/yelp/byUser_70k_review/5foldsCVColdstart/3/...
====================
[Info]Fold No. 4: 
[Info]Analzying corpus: 
...........-- Global corpus: vocabulary size: 6134, review size: 15843, item size: 861, user size: 861
train size = 12424, test size = 3419....
[Info]Analying bipartie graph: 
-- train graph: review size: 12424, item size: 726, user size: 778
ETBIR_Normal[k:5, alpha:1.01000, beta:1.00100, simga:1.01000, rho:1.01000, item~N(1.00000, 1.00000), user~N(1.00000, 1.00000)]

[Info]Initializing documents...
[Info]Initializing users...
[Info]Initializing items...
[Info]Initializing ETBIR model...
====================
[Info]Start EM iteration 1....
[Info]Multi-thread E-Step: 0 iteration, likelihood=-4030554.26, converge to 1.00000000
[Info]Multi-thread E-Step: 10 iteration, likelihood=-4101678.55, converge to 0.00005674
[Info]Multi-thread E-Step: 20 iteration, likelihood=-4103617.09, converge to 0.00004226
[Info]Finish E-Step: 21 iteration, likelihood: -4103617.0859
[Info]M-step 1....
--------------------------
[Info]EM iteration 1: likelihood is -4103617.09, converges to 4103618.08590390...

====================
[Info]Start EM iteration 2....
[Info]Multi-thread E-Step: 0 iteration, likelihood=-4103369.94, converge to 1.00000000
[Info]Multi-thread E-Step: 10 iteration, likelihood=-4102549.37, converge to 0.00001627
[Info]Multi-thread E-Step: 20 iteration, likelihood=-4102139.64, converge to 0.00000784
[Info]Finish E-Step: 21 iteration, likelihood: -4102139.6379
[Info]M-step 2....
--------------------------
[Info]EM iteration 2: likelihood is -4102139.64, converges to 0.00036004...

====================
[Info]Start EM iteration 3....
[Info]Multi-thread E-Step: 0 iteration, likelihood=-4097343.36, converge to 1.00000000
[Info]Multi-thread E-Step: 10 iteration, likelihood=-4081436.65, converge to 0.00015976
[Info]Multi-thread E-Step: 20 iteration, likelihood=-4077638.97, converge to 0.00006265
[Info]Finish E-Step: 21 iteration, likelihood: -4077638.9748
[Info]M-step 3....
--------------------------
[Info]EM iteration 3: likelihood is -4077638.97, converges to 0.00597265...

====================
[Info]Start EM iteration 4....
[Info]Multi-thread E-Step: 0 iteration, likelihood=-4044886.07, converge to 1.00000000
[Info]Multi-thread E-Step: 10 iteration, likelihood=-4010839.35, converge to 0.00017423
[Info]Multi-thread E-Step: 20 iteration, likelihood=-4006568.98, converge to 0.00007561
[Info]Finish E-Step: 21 iteration, likelihood: -4006568.9760
[Info]M-step 4....
--------------------------
[Info]EM iteration 4: likelihood is -4006568.98, converges to 0.01742920...

====================
[Info]Start EM iteration 5....
[Info]Multi-thread E-Step: 0 iteration, likelihood=-3948139.77, converge to 1.00000000
[Info]Multi-thread E-Step: 10 iteration, likelihood=-3933554.84, converge to 0.00009090
[Info]Multi-thread E-Step: 20 iteration, likelihood=-3931247.89, converge to 0.00004001
[Info]Finish E-Step: 21 iteration, likelihood: -3931247.8872
[Info]M-step 5....
--------------------------
[Info]EM iteration 5: likelihood is -3931247.89, converges to 0.01879940...

====================
[Info]Start EM iteration 6....
[Info]Multi-thread E-Step: 0 iteration, likelihood=-3896819.41, converge to 1.00000000
[Info]Multi-thread E-Step: 10 iteration, likelihood=-3894489.80, converge to 0.00002421
[Info]Multi-thread E-Step: 20 iteration, likelihood=-3893899.15, converge to 0.00000991
[Info]Finish E-Step: 21 iteration, likelihood: -3893899.1511
[Info]M-step 6....
--------------------------
[Info]EM iteration 6: likelihood is -3893899.15, converges to 0.00950048...

====================
[Info]Start EM iteration 7....
[Info]Multi-thread E-Step: 0 iteration, likelihood=-3877499.83, converge to 1.00000000
[Info]Multi-thread E-Step: 10 iteration, likelihood=-3877939.86, converge to 0.00000298
[Info]Finish E-Step: 16 iteration, likelihood: -3877978.7993
[Info]M-step 7....
--------------------------
[Info]EM iteration 7: likelihood is -3877978.80, converges to 0.00408854...

====================
[Info]Start EM iteration 8....
[Info]Multi-thread E-Step: 0 iteration, likelihood=-3869676.75, converge to 1.00000000
[Info]Multi-thread E-Step: 10 iteration, likelihood=-3870681.09, converge to 0.00000971
[Info]Multi-thread E-Step: 20 iteration, likelihood=-3870867.76, converge to 0.00000243
[Info]Finish E-Step: 21 iteration, likelihood: -3870867.7572
[Info]M-step 8....
--------------------------
[Info]EM iteration 8: likelihood is -3870867.76, converges to 0.00183370...

====================
[Info]Start EM iteration 9....
[Info]Multi-thread E-Step: 0 iteration, likelihood=-3865963.72, converge to 1.00000000
[Info]Multi-thread E-Step: 10 iteration, likelihood=-3866901.09, converge to 0.00000981
[Info]Multi-thread E-Step: 20 iteration, likelihood=-3867074.85, converge to 0.00000189
[Info]Finish E-Step: 21 iteration, likelihood: -3867074.8459
[Info]M-step 9....
--------------------------
[Info]EM iteration 9: likelihood is -3867074.85, converges to 0.00097986...

====================
[Info]Start EM iteration 10....
[Info]Multi-thread E-Step: 0 iteration, likelihood=-3863862.96, converge to 1.00000000
[Info]Multi-thread E-Step: 10 iteration, likelihood=-3864702.40, converge to 0.00000833
[Info]Multi-thread E-Step: 20 iteration, likelihood=-3864839.53, converge to 0.00000132
[Info]Finish E-Step: 21 iteration, likelihood: -3864839.5338
[Info]M-step 10....
--------------------------
[Info]EM iteration 10: likelihood is -3864839.53, converges to 0.00057804...

====================
[Info]Start EM iteration 11....
[Info]Multi-thread E-Step: 0 iteration, likelihood=-3862740.46, converge to 1.00000000
[Info]Multi-thread E-Step: 10 iteration, likelihood=-3863481.90, converge to 0.00000663
[Info]Finish E-Step: 19 iteration, likelihood: -3863575.4817
[Info]M-step 11....
--------------------------
[Info]EM iteration 11: likelihood is -3863575.48, converges to 0.00032706...

====================
[Info]Start EM iteration 12....
[Info]Multi-thread E-Step: 0 iteration, likelihood=-3862188.26, converge to 1.00000000
[Info]Multi-thread E-Step: 10 iteration, likelihood=-3862811.75, converge to 0.00000491
[Info]Finish E-Step: 18 iteration, likelihood: -3862874.8518
[Info]M-step 12....
--------------------------
[Info]EM iteration 12: likelihood is -3862874.85, converges to 0.00018134...

====================
[Info]Start EM iteration 13....
[Info]Multi-thread E-Step: 0 iteration, likelihood=-3861872.15, converge to 1.00000000
[Info]Multi-thread E-Step: 10 iteration, likelihood=-3862408.39, converge to 0.00000372
[Info]Finish E-Step: 16 iteration, likelihood: -3862446.9861
[Info]M-step 13....
--------------------------
[Info]EM iteration 13: likelihood is -3862446.99, converges to 0.00011076...

====================
[Info]Start EM iteration 14....
[Info]Multi-thread E-Step: 0 iteration, likelihood=-3861750.54, converge to 1.00000000
[Info]Multi-thread E-Step: 10 iteration, likelihood=-3862212.59, converge to 0.00000282
[Info]Finish E-Step: 15 iteration, likelihood: -3862239.3832
[Info]M-step 14....
--------------------------
[Info]EM iteration 14: likelihood is -3862239.38, converges to 0.00005375...

====================
[Info]Start EM iteration 15....
[Info]Multi-thread E-Step: 0 iteration, likelihood=-3861758.32, converge to 1.00000000
[Info]Multi-thread E-Step: 10 iteration, likelihood=-3862156.13, converge to 0.00000224
[Info]Finish E-Step: 14 iteration, likelihood: -3862176.0413
[Info]M-step 15....
--------------------------
[Info]EM iteration 15: likelihood is -3862176.04, converges to 0.00001640...

====================
[Info]Start EM iteration 16....
[Info]Multi-thread E-Step: 0 iteration, likelihood=-3861779.96, converge to 1.00000000
[Info]Multi-thread E-Step: 10 iteration, likelihood=-3862123.78, converge to 0.00000174
[Info]Finish E-Step: 13 iteration, likelihood: -3862136.5184
[Info]M-step 16....
--------------------------
[Info]EM iteration 16: likelihood is -3862136.52, converges to 0.00001023...

====================
[Info]Start EM iteration 17....
[Info]Multi-thread E-Step: 0 iteration, likelihood=-3861777.20, converge to 1.00000000
[Info]Multi-thread E-Step: 10 iteration, likelihood=-3862068.48, converge to 0.00000135
[Info]Finish E-Step: 12 iteration, likelihood: -3862075.8744
[Info]M-step 17....
--------------------------
[Info]EM iteration 17: likelihood is -3862075.87, converges to 0.00001570...

====================
[Info]Start EM iteration 18....
[Info]Multi-thread E-Step: 0 iteration, likelihood=-3861728.18, converge to 1.00000000
[Info]Multi-thread E-Step: 10 iteration, likelihood=-3861978.76, converge to 0.00000107
[Info]Finish E-Step: 11 iteration, likelihood: -3861982.1039
[Info]M-step 18....
--------------------------
[Info]EM iteration 18: likelihood is -3861982.10, converges to 0.00002428...

====================
[Info]Start EM iteration 19....
[Info]Multi-thread E-Step: 0 iteration, likelihood=-3861637.50, converge to 1.00000000
[Info]Finish E-Step: 10 iteration, likelihood: -3861851.8741
[Info]M-step 19....
--------------------------
[Info]EM iteration 19: likelihood is -3861851.87, converges to 0.00003372...

====================
[Info]Start EM iteration 20....
[Info]Multi-thread E-Step: 0 iteration, likelihood=-3861514.89, converge to 1.00000000
[Info]Finish E-Step: 10 iteration, likelihood: -3861709.0926
[Info]M-step 20....
--------------------------
[Info]EM iteration 20: likelihood is -3861709.09, converges to 0.00003697...

====================
[Info]Start EM iteration 21....
[Info]Multi-thread E-Step: 0 iteration, likelihood=-3861394.71, converge to 1.00000000
[Info]Finish E-Step: 9 iteration, likelihood: -3861566.5676
[Info]M-step 21....
--------------------------
[Info]EM iteration 21: likelihood is -3861566.57, converges to 0.00003691...

====================
[Info]Start EM iteration 22....
[Info]Multi-thread E-Step: 0 iteration, likelihood=-3861270.64, converge to 1.00000000
[Info]Finish E-Step: 9 iteration, likelihood: -3861426.0418
[Info]M-step 22....
--------------------------
[Info]EM iteration 22: likelihood is -3861426.04, converges to 0.00003639...

====================
[Info]Start EM iteration 23....
[Info]Multi-thread E-Step: 0 iteration, likelihood=-3861164.16, converge to 1.00000000
[Info]Finish E-Step: 8 iteration, likelihood: -3861306.9755
[Info]M-step 23....
--------------------------
[Info]EM iteration 23: likelihood is -3861306.98, converges to 0.00003083...

====================
[Info]Start EM iteration 24....
[Info]Multi-thread E-Step: 0 iteration, likelihood=-3861100.35, converge to 1.00000000
[Info]Finish E-Step: 8 iteration, likelihood: -3861235.2422
[Info]M-step 24....
--------------------------
[Info]EM iteration 24: likelihood is -3861235.24, converges to 0.00001858...

====================
[Info]Start EM iteration 25....
[Info]Multi-thread E-Step: 0 iteration, likelihood=-3861086.57, converge to 1.00000000
[Info]Finish E-Step: 8 iteration, likelihood: -3861214.2131
[Info]M-step 25....
--------------------------
[Info]EM iteration 25: likelihood is -3861214.21, converges to 0.00000545...

====================
[Info]Start EM iteration 26....
[Info]Multi-thread E-Step: 0 iteration, likelihood=-3861104.92, converge to 1.00000000
[Info]Finish E-Step: 8 iteration, likelihood: -3861225.3081
[Info]M-step 26....
--------------------------
[Info]EM iteration 26: likelihood is -3861225.31, converges to 0.00000287...

====================
[Info]Start EM iteration 27....
[Info]Multi-thread E-Step: 0 iteration, likelihood=-3861135.64, converge to 1.00000000
[Info]Finish E-Step: 8 iteration, likelihood: -3861249.1522
[Info]M-step 27....
--------------------------
[Info]EM iteration 27: likelihood is -3861249.15, converges to 0.00000618...

====================
[Info]Start EM iteration 28....
[Info]Multi-thread E-Step: 0 iteration, likelihood=-3861170.52, converge to 1.00000000
[Info]Finish E-Step: 8 iteration, likelihood: -3861276.7840
[Info]M-step 28....
--------------------------
[Info]EM iteration 28: likelihood is -3861276.78, converges to 0.00000716...

====================
[Info]Start EM iteration 29....
[Info]Multi-thread E-Step: 0 iteration, likelihood=-3861206.16, converge to 1.00000000
[Info]Finish E-Step: 7 iteration, likelihood: -3861303.0687
[Info]M-step 29....
--------------------------
[Info]EM iteration 29: likelihood is -3861303.07, converges to 0.00000681...

[Info]Analying bipartie graph: 
-- test graph: review size: 3419, item size: 213, user size: 256
[Info]Start evaluation in thread
---likelihood: -1048018.6125548902
---likelihood: -1048961.6780483865
---likelihood: -1048736.1852816974
---likelihood: -1048815.9475152344
---likelihood: -1048689.6821643081
---likelihood: -1048631.413023117
---likelihood: -1048473.2344221113
---likelihood: -1048409.6849664539
---likelihood: -1048419.0195221746
---likelihood: -1048443.8646702565
---likelihood: -1048326.6884204169
---likelihood: -1048289.5065080463
---likelihood: -1048228.4723962521
---likelihood: -1048254.2021940781
---likelihood: -1048100.6853287941
---likelihood: -1048137.5026943899
---likelihood: -1048035.7479279053
---likelihood: -1048050.8539330616
---likelihood: -1048057.5475531231
---likelihood: -1048085.7770218748
---likelihood: -1048094.172117138
[Info]Inference finished: likelihood: -1048094.1721
[Stat]Test evaluation finished: 3419 docs
[Stat]0 part has 701.000000 docs: perplexity is 956.003 and log-likelihood is -301.501
[Stat]1 part has 339.000000 docs: perplexity is 865.054 and log-likelihood is -311.906
[Stat]2 part has 1635.000000 docs: perplexity is 855.916 and log-likelihood is -305.880
[Stat]3 part has 744.000000 docs: perplexity is 765.473 and log-likelihood is -311.112
[Stat]4 part has 3419.000000 docs: perplexity is 850.992 and log-likelihood is -306.550
[Info]ETBIR_Normal[k:5, alpha:1.01000, beta:1.00100, simga:1.01000, rho:1.01000, item~N(1.00000, 1.00000), user~N(1.00000, 1.00000)]
 Train/Test SUCCEED in 193.29 seconds...
TopWord FilePath:/home/ll5fy/TUIR/dataset/yelp/byUser_70k_review/output/5foldsCVColdstart/4/ETBIR_topWords_5.txt
Topic 0(0.17739):	restaur(0.01565)	steak(0.01352)	dish(0.01238)	sushi(0.01179)	dinner(0.01067)	roll(0.01046)	tast(0.01002)	bread(0.00931)	tabl(0.00923)	sauc(0.00861)	perfect(0.00781)	serv(0.00763)	experi(0.00739)	dine(0.00730)	delici(0.00717)	cours(0.00698)	flavor(0.00695)	wine(0.00675)	time(0.00668)	fish(0.00653)	plate(0.00649)	appet(0.00638)	chef(0.00631)	best(0.00590)	amaz(0.00589)	side(0.00579)	cook(0.00569)	start(0.00555)	friend(0.00539)	lobster(0.00539)	
Topic 1(0.20470):	chicken(0.02984)	sauc(0.01615)	rice(0.01531)	time(0.01277)	pork(0.01266)	dish(0.01233)	flavor(0.01121)	restaur(0.01098)	spici(0.01095)	beef(0.01082)	soup(0.01033)	lunch(0.01009)	side(0.00940)	thai(0.00939)	tast(0.00826)	friend(0.00741)	definit(0.00725)	delici(0.00724)	pretti(0.00714)	cook(0.00641)	curri(0.00639)	shrimp(0.00552)	bowl(0.00551)	best(0.00535)	serv(0.00513)	sweet(0.00489)	price(0.00476)	favorit(0.00474)	veggi(0.00473)	garlic(0.00450)	
Topic 2(0.20960):	drink(0.02336)	time(0.02284)	buffet(0.01717)	price(0.01638)	pretti(0.01610)	beer(0.01374)	wait(0.01314)	friend(0.01184)	happi(0.01172)	taco(0.01081)	peopl(0.00948)	seat(0.00936)	star(0.00761)	happi-hour(0.00760)	select(0.00741)	best(0.00737)	night(0.00724)	definit(0.00638)	vega(0.00607)	NUM-minut(0.00561)	review(0.00559)	tabl(0.00534)	expect(0.00532)	amaz(0.00494)	station(0.00480)	town(0.00464)	locat(0.00452)	chip(0.00451)	busi(0.00447)	mexican(0.00443)	
Topic 3(0.17358):	pizza(0.01640)	cream(0.01633)	chocol(0.01440)	flavor(0.01365)	sweet(0.01258)	breakfast(0.01041)	cake(0.01024)	coffe(0.01018)	time(0.00998)	ice-cream(0.00907)	tast(0.00872)	friend(0.00788)	delici(0.00696)	best(0.00595)	pancak(0.00592)	toast(0.00540)	cooki(0.00528)	locat(0.00499)	small(0.00498)	serv(0.00497)	strawberri(0.00481)	waffl(0.00478)	perfect(0.00470)	favorit(0.00464)	slice(0.00452)	definit(0.00451)	offer(0.00451)	french(0.00442)	wait(0.00438)	crepe(0.00415)	
Topic 4(0.23474):	room(0.02096)	vega(0.01785)	time(0.01448)	park(0.01127)	casino(0.01120)	strip(0.01110)	hotel(0.01104)	stay(0.01095)	walk(0.01093)	peopl(0.01001)	area(0.00980)	night(0.00866)	shop(0.00775)	locat(0.00744)	restaur(0.00680)	las-vega(0.00641)	view(0.00601)	club(0.00596)	friend(0.00589)	cool(0.00577)	play(0.00566)	pretti(0.00565)	store(0.00564)	tabl(0.00549)	pool(0.00534)	find(0.00505)	open(0.00498)	feel(0.00493)	year(0.00487)	crowd(0.00476)	

Part 0 -----------------Valid folds: 5
[Stat]Loglikelihood -311.780+/-6.314
[Stat]Perplexity 863.541+/-57.676
Part 1 -----------------Valid folds: 5
[Stat]Loglikelihood -313.458+/-11.002
[Stat]Perplexity 836.286+/-36.126
Part 2 -----------------Valid folds: 5
[Stat]Loglikelihood -309.749+/-11.394
[Stat]Perplexity 837.448+/-22.057
Part 3 -----------------Valid folds: 5
[Stat]Loglikelihood -311.609+/-21.933
[Stat]Perplexity 787.597+/-35.635
Part 4 -----------------Valid folds: 5
[Stat]Loglikelihood -310.678+/-10.361
[Stat]Perplexity 829.817+/-19.651
