Load 6134 2-gram new features from /zf18/ll5fy/lab/dataset/yelp/yelp_features.txt...
1409 users are loaded from /zf18/ll5fy/lab/dataset/yelp/byUser_70k_review/data/...
Info File Path: /zf18/ll5fy/lab/dataset/yelp/byUser_70k_review/output/5foldsCVColdstart/CTM_info.txt
[Info]Start FIXED cross validation...
260 users are loaded from /zf18/ll5fy/lab/dataset/yelp/byUser_70k_review/5foldsCVColdstart/0/...
244 users are loaded from /zf18/ll5fy/lab/dataset/yelp/byUser_70k_review/5foldsCVColdstart/1/...
266 users are loaded from /zf18/ll5fy/lab/dataset/yelp/byUser_70k_review/5foldsCVColdstart/2/...
264 users are loaded from /zf18/ll5fy/lab/dataset/yelp/byUser_70k_review/5foldsCVColdstart/3/...
256 users are loaded from /zf18/ll5fy/lab/dataset/yelp/byUser_70k_review/5foldsCVColdstart/4/...
====================
[Info]Fold No. 0: 
train size = 12311, test size = 3532....
[Info]Initializing CTM Model...
[Info]EM iteration 0: likelihood is -5073404.18, converges to 1.0000...
[Info]EM iteration 1: likelihood is -4257723.77, converges to 0.1608...
[Info]EM iteration 2: likelihood is -4242221.17, converges to 0.0036...
[Info]EM iteration 3: likelihood is -4231006.42, converges to 0.0026...
[Info]EM iteration 4: likelihood is -4221178.89, converges to 0.0023...
[Info]EM iteration 5: likelihood is -4210064.50, converges to 0.0026...
[Info]EM iteration 6: likelihood is -4195686.62, converges to 0.0034...
[Info]EM iteration 7: likelihood is -4178056.77, converges to 0.0042...
[Info]EM iteration 8: likelihood is -4160448.48, converges to 0.0042...
[Info]EM iteration 9: likelihood is -4146486.21, converges to 0.0034...
[Info]EM iteration 10: likelihood is -4136534.65, converges to 0.0024...
[Info]EM iteration 11: likelihood is -4129187.02, converges to 0.0018...
[Info]EM iteration 12: likelihood is -4123319.41, converges to 0.0014...
[Info]EM iteration 13: likelihood is -4118381.24, converges to 0.0012...
[Info]EM iteration 14: likelihood is -4113986.47, converges to 0.0011...
[Info]EM iteration 15: likelihood is -4109877.90, converges to 0.0010...
[Info]EM iteration 16: likelihood is -4105931.55, converges to 0.0010...
Line search failed. See documentation of routine mcsrch. Error return of line search: info = 6 Possible causes: function or gradient are incorrect, or incorrect tolerances. (iflag == -1)
	at LBFGS.LBFGS.lbfgs(LBFGS.java:458)
	at topicmodels.CTM.CTM.opt_nu(CTM.java:448)
	at topicmodels.CTM.CTM.varInference(CTM.java:201)
	at topicmodels.CTM.CTM.calculate_E_step(CTM.java:177)
	at topicmodels.CTM.CTM.EM(CTM.java:541)
	at topicmodels.TopicModel.oneFoldValidation(TopicModel.java:455)
	at mains.ETBIRExecution.main(ETBIRExecution.java:142)
[Info]EM iteration 17: likelihood is -4102189.48, converges to 0.0009...
[Info]EM iteration 18: likelihood is -4098657.07, converges to 0.0009...
[Info]EM iteration 19: likelihood is -4095225.42, converges to 0.0008...
Line search failed. See documentation of routine mcsrch. Error return of line search: info = 6 Possible causes: function or gradient are incorrect, or incorrect tolerances. (iflag == -1)
	at LBFGS.LBFGS.lbfgs(LBFGS.java:458)
	at topicmodels.CTM.CTM.opt_nu(CTM.java:448)
	at topicmodels.CTM.CTM.varInference(CTM.java:201)
	at topicmodels.CTM.CTM.calculate_E_step(CTM.java:177)
	at topicmodels.CTM.CTM.EM(CTM.java:541)
	at topicmodels.TopicModel.oneFoldValidation(TopicModel.java:455)
	at mains.ETBIRExecution.main(ETBIRExecution.java:142)
[Info]EM iteration 20: likelihood is -4091899.92, converges to 0.0008...
[Info]EM iteration 21: likelihood is -4088765.30, converges to 0.0008...
[Info]EM iteration 22: likelihood is -4085894.08, converges to 0.0007...
[Info]EM iteration 23: likelihood is -4083279.95, converges to 0.0006...
[Info]EM iteration 24: likelihood is -4080906.01, converges to 0.0006...
[Info]EM iteration 25: likelihood is -4078833.30, converges to 0.0005...
[Info]EM iteration 26: likelihood is -4077006.39, converges to 0.0004...
[Info]EM iteration 27: likelihood is -4075394.51, converges to 0.0004...
[Info]EM iteration 28: likelihood is -4073959.30, converges to 0.0004...
[Info]EM iteration 29: likelihood is -4072654.54, converges to 0.0003...
[Info]EM iteration 30: likelihood is -4071464.01, converges to 0.0003...
[Info]Start evaluation in Normal
[Stat]Test set perplexity is 1336.847 and log-likelihood is -321.891
[Info]CTM[k:10]
 Train/Test finished in 369.07 seconds...
TopWord FilePath:/zf18/ll5fy/lab/dataset/yelp/byUser_70k_review/output/5foldsCVColdstart/0/CTM_topWords_10.txt
Topic 0(0.08931):	pizza(0.03150)	cream(0.02885)	chocol(0.02572)	cake(0.01921)	flavor(0.01564)	ice-cream(0.01448)	sweet(0.01188)	tast(0.00904)	cooki(0.00870)	toast(0.00787)	pancak(0.00765)	slice(0.00764)	crust(0.00699)	strawberri(0.00694)	crepe(0.00670)	time(0.00669)	pastri(0.00591)	best(0.00578)	vanilla(0.00572)	french(0.00566)	banana(0.00553)	delici(0.00548)	white(0.00545)	small(0.00534)	gelato(0.00524)	sauc(0.00451)	custard(0.00441)	friend(0.00409)	perfect(0.00408)	select(0.00405)	
Topic 1(0.08167):	chicken(0.07327)	lunch(0.03023)	buffet(0.02571)	bread(0.01798)	sauc(0.01754)	side(0.01476)	curri(0.01467)	dish(0.01304)	restaur(0.01176)	dinner(0.01071)	plate(0.01036)	pasta(0.00960)	serv(0.00879)	garlic(0.00864)	delici(0.00667)	healthi(0.00607)	select(0.00592)	piec(0.00588)	offer(0.00564)	choic(0.00560)	sweet(0.00558)	wing(0.00557)	crispi(0.00515)	station(0.00494)	italian(0.00486)	dress(0.00483)	veget(0.00470)	strip(0.00461)	price(0.00461)	pretti(0.00442)	
Topic 2(0.15471):	time(0.03872)	drink(0.03227)	wait(0.02840)	happi(0.02033)	pretti(0.01816)	tabl(0.01624)	beer(0.01568)	friend(0.01503)	seat(0.01474)	peopl(0.01386)	happi-hour(0.01137)	price(0.01130)	NUM-minut(0.01116)	locat(0.01032)	restaur(0.00862)	night(0.00859)	staff(0.00805)	star(0.00791)	busi(0.00749)	waitress(0.00670)	manag(0.00610)	custom(0.00608)	told(0.00584)	fast(0.00555)	pretti-good(0.00535)	call(0.00519)	special(0.00513)	definit(0.00490)	parti(0.00482)	shake(0.00468)	
Topic 3(0.06093):	breakfast(0.02803)	thai(0.02706)	coffe(0.02535)	sweet(0.01803)	tast(0.01312)	flavor(0.01236)	brunch(0.01071)	time(0.01016)	drink(0.01010)	donut(0.00973)	boba(0.00846)	shop(0.00830)	definit(0.00744)	favorit(0.00732)	cafe(0.00728)	yelp(0.00692)	sugar(0.00649)	work(0.00603)	delici(0.00601)	friend(0.00599)	amaz(0.00569)	peanut(0.00559)	cute(0.00536)	perfect(0.00525)	vegan(0.00524)	cupcak(0.00516)	pad-thai(0.00491)	open(0.00489)	benedict(0.00486)	best(0.00483)	
Topic 4(0.09037):	steak(0.02287)	restaur(0.01778)	dish(0.01689)	wine(0.01303)	perfect(0.01253)	dinner(0.01250)	tast(0.01128)	dine(0.01116)	cours(0.01010)	bread(0.00990)	cook(0.00944)	serv(0.00883)	experi(0.00803)	chef(0.00786)	lobster(0.00785)	flavor(0.00737)	tabl(0.00702)	plate(0.00670)	side(0.00654)	excel(0.00648)	start(0.00646)	amaz(0.00640)	mushroom(0.00629)	best(0.00616)	reserv(0.00596)	sauc(0.00563)	truffl(0.00538)	appet(0.00502)	night(0.00501)	glass(0.00500)	
Topic 5(0.05525):	soup(0.03336)	ramen(0.03223)	bowl(0.02307)	pork(0.02215)	broth(0.01633)	time(0.01506)	restaur(0.01125)	small(0.01099)	chines(0.00915)	flavor(0.00872)	asian(0.00805)	tast(0.00795)	vega(0.00718)	belli(0.00696)	cook(0.00694)	spici(0.00693)	extra(0.00690)	monta(0.00667)	definit(0.00595)	spring(0.00594)	pork-belli(0.00574)	best(0.00568)	pretti(0.00543)	duck(0.00506)	friend(0.00491)	wait(0.00481)	perfect(0.00472)	thought(0.00423)	rice(0.00416)	slice(0.00412)	
Topic 6(0.10267):	sauc(0.02381)	beef(0.02267)	flavor(0.02197)	rice(0.02157)	taco(0.01642)	tast(0.01466)	spici(0.01389)	shrimp(0.01303)	pork(0.01293)	side(0.01056)	delici(0.01024)	chip(0.00983)	bean(0.00920)	dish(0.00908)	cook(0.00904)	time(0.00891)	corn(0.00806)	definit(0.00719)	veggi(0.00715)	mexican(0.00710)	onion(0.00650)	friend(0.00640)	juici(0.00606)	sweet(0.00606)	pretti(0.00594)	best(0.00587)	restaur(0.00582)	perfect(0.00575)	serv(0.00533)	tender(0.00528)	
Topic 7(0.06826):	sushi(0.03709)	roll(0.03662)	fish(0.02010)	crab(0.01464)	korean(0.01447)	tuna(0.01388)	salmon(0.01137)	rice(0.00962)	time(0.00949)	seafood(0.00924)	favorit(0.00896)	restaur(0.00816)	price(0.00780)	dish(0.00780)	spici(0.00734)	shrimp(0.00727)	dinner(0.00661)	definit(0.00657)	oyster(0.00646)	pretti(0.00645)	special(0.00645)	sashimi(0.00639)	tast(0.00600)	nigiri(0.00591)	sauc(0.00586)	tofu(0.00584)	poke(0.00577)	chef(0.00571)	piec(0.00551)	hawaiian(0.00531)	
Topic 8(0.23478):	room(0.01806)	vega(0.01664)	time(0.01306)	casino(0.01124)	hotel(0.01014)	park(0.01012)	stay(0.00963)	strip(0.00893)	peopl(0.00849)	walk(0.00828)	night(0.00824)	area(0.00792)	shop(0.00721)	cool(0.00665)	pretti(0.00655)	play(0.00642)	club(0.00632)	music(0.00597)	las-vega(0.00584)	year(0.00569)	locat(0.00564)	restaur(0.00554)	store(0.00552)	seat(0.00548)	pool(0.00513)	view(0.00509)	friend(0.00501)	feel(0.00480)	crowd(0.00470)	price(0.00468)	
Topic 9(0.06205):	friend(0.03560)	price(0.02642)	delici(0.02222)	time(0.01995)	super(0.01957)	star(0.01888)	best(0.01809)	tabl(0.01601)	area(0.01528)	definit(0.01521)	review(0.01511)	expect(0.01425)	special(0.01232)	pretti(0.01163)	option(0.01083)	busi(0.01043)	serv(0.01007)	vega(0.00955)	yelp(0.00902)	recommend(0.00870)	water(0.00765)	find(0.00757)	wait(0.00751)	peopl(0.00734)	deal(0.00683)	amaz(0.00682)	night(0.00676)	dine(0.00662)	start(0.00652)	feel(0.00585)	
244 users are loaded from /zf18/ll5fy/lab/dataset/yelp/byUser_70k_review/5foldsCVColdstart/1/...
260 users are loaded from /zf18/ll5fy/lab/dataset/yelp/byUser_70k_review/5foldsCVColdstart/0/...
266 users are loaded from /zf18/ll5fy/lab/dataset/yelp/byUser_70k_review/5foldsCVColdstart/2/...
264 users are loaded from /zf18/ll5fy/lab/dataset/yelp/byUser_70k_review/5foldsCVColdstart/3/...
256 users are loaded from /zf18/ll5fy/lab/dataset/yelp/byUser_70k_review/5foldsCVColdstart/4/...
====================
[Info]Fold No. 1: 
train size = 13268, test size = 2575....
[Info]Initializing CTM Model...
[Info]EM iteration 0: likelihood is -5412991.82, converges to 1.0000...
[Info]EM iteration 1: likelihood is -4538305.79, converges to 0.1616...
[Info]EM iteration 2: likelihood is -4522069.17, converges to 0.0036...
[Info]EM iteration 3: likelihood is -4510824.24, converges to 0.0025...
[Info]EM iteration 4: likelihood is -4501363.27, converges to 0.0021...
[Info]EM iteration 5: likelihood is -4490372.87, converges to 0.0024...
[Info]EM iteration 6: likelihood is -4474548.22, converges to 0.0035...
[Info]EM iteration 7: likelihood is -4454236.48, converges to 0.0045...
[Info]EM iteration 8: likelihood is -4435901.05, converges to 0.0041...
[Info]EM iteration 9: likelihood is -4422862.57, converges to 0.0029...
Line search failed. See documentation of routine mcsrch. Error return of line search: info = 6 Possible causes: function or gradient are incorrect, or incorrect tolerances. (iflag == -1)
	at LBFGS.LBFGS.lbfgs(LBFGS.java:458)
	at topicmodels.CTM.CTM.opt_nu(CTM.java:448)
	at topicmodels.CTM.CTM.varInference(CTM.java:201)
	at topicmodels.CTM.CTM.calculate_E_step(CTM.java:177)
	at topicmodels.CTM.CTM.EM(CTM.java:541)
	at topicmodels.TopicModel.oneFoldValidation(TopicModel.java:455)
	at mains.ETBIRExecution.main(ETBIRExecution.java:142)
[Info]EM iteration 10: likelihood is -4413420.59, converges to 0.0021...
Line search failed. See documentation of routine mcsrch. Error return of line search: info = 6 Possible causes: function or gradient are incorrect, or incorrect tolerances. (iflag == -1)
	at LBFGS.LBFGS.lbfgs(LBFGS.java:458)
	at topicmodels.CTM.CTM.opt_nu(CTM.java:448)
	at topicmodels.CTM.CTM.varInference(CTM.java:201)
	at topicmodels.CTM.CTM.calculate_E_step(CTM.java:177)
	at topicmodels.CTM.CTM.EM(CTM.java:541)
	at topicmodels.TopicModel.oneFoldValidation(TopicModel.java:455)
	at mains.ETBIRExecution.main(ETBIRExecution.java:142)
[Info]EM iteration 11: likelihood is -4406048.47, converges to 0.0017...
[Info]EM iteration 12: likelihood is -4400151.59, converges to 0.0013...
Line search failed. See documentation of routine mcsrch. Error return of line search: info = 6 Possible causes: function or gradient are incorrect, or incorrect tolerances. (iflag == -1)
	at LBFGS.LBFGS.lbfgs(LBFGS.java:458)
	at topicmodels.CTM.CTM.opt_nu(CTM.java:448)
	at topicmodels.CTM.CTM.varInference(CTM.java:201)
	at topicmodels.CTM.CTM.calculate_E_step(CTM.java:177)
	at topicmodels.CTM.CTM.EM(CTM.java:541)
	at topicmodels.TopicModel.oneFoldValidation(TopicModel.java:455)
	at mains.ETBIRExecution.main(ETBIRExecution.java:142)
[Info]EM iteration 13: likelihood is -4395248.64, converges to 0.0011...
[Info]EM iteration 14: likelihood is -4391021.59, converges to 0.0010...
[Info]EM iteration 15: likelihood is -4387325.20, converges to 0.0008...
[Info]EM iteration 16: likelihood is -4384033.65, converges to 0.0008...
[Info]EM iteration 17: likelihood is -4381006.12, converges to 0.0007...
[Info]EM iteration 18: likelihood is -4378156.44, converges to 0.0007...
[Info]EM iteration 19: likelihood is -4375531.87, converges to 0.0006...
[Info]EM iteration 20: likelihood is -4373093.07, converges to 0.0006...
[Info]EM iteration 21: likelihood is -4370796.87, converges to 0.0005...
[Info]EM iteration 22: likelihood is -4368620.32, converges to 0.0005...
[Info]EM iteration 23: likelihood is -4366545.20, converges to 0.0005...
[Info]EM iteration 24: likelihood is -4364551.67, converges to 0.0005...
[Info]EM iteration 25: likelihood is -4362624.66, converges to 0.0004...
[Info]EM iteration 26: likelihood is -4360799.00, converges to 0.0004...
[Info]EM iteration 27: likelihood is -4359053.99, converges to 0.0004...
[Info]EM iteration 28: likelihood is -4357356.85, converges to 0.0004...
[Info]EM iteration 29: likelihood is -4355710.18, converges to 0.0004...
[Info]EM iteration 30: likelihood is -4354139.50, converges to 0.0004...
[Info]Start evaluation in Normal
[Stat]Test set perplexity is 1358.779 and log-likelihood is -336.382
[Info]CTM[k:10]
 Train/Test finished in 370.87 seconds...
TopWord FilePath:/zf18/ll5fy/lab/dataset/yelp/byUser_70k_review/output/5foldsCVColdstart/1/CTM_topWords_10.txt
Topic 0(0.06605):	wait(0.07081)	time(0.03637)	tabl(0.03039)	ramen(0.02587)	NUM-minut(0.02183)	seat(0.01581)	night(0.01323)	bowl(0.01295)	chicken(0.01206)	extra(0.01140)	final(0.01091)	told(0.01073)	peopl(0.01025)	waitress(0.00987)	reason(0.00973)	thought(0.00728)	broth(0.00726)	review(0.00680)	hostess(0.00661)	open(0.00605)	friend(0.00605)	experi(0.00604)	call(0.00599)	pretti(0.00590)	stand(0.00584)	rememb(0.00536)	wife(0.00524)	hungri(0.00522)	lunch(0.00519)	rush(0.00519)	
Topic 1(0.07076):	pretti(0.03375)	drink(0.02974)	happi(0.02528)	happi-hour(0.02238)	time(0.02008)	friend(0.01944)	definit(0.01906)	price(0.01725)	best(0.01676)	area(0.01483)	tabl(0.01374)	review(0.01236)	offer(0.01198)	busi(0.01192)	seat(0.01074)	experi(0.01044)	locat(0.01036)	spot(0.01034)	lunch(0.00948)	vega(0.00932)	bartend(0.00811)	expect(0.00801)	star(0.00750)	parti(0.00732)	special(0.00731)	attent(0.00683)	year(0.00617)	find(0.00609)	pricey(0.00592)	month(0.00569)	
Topic 2(0.05037):	pizza(0.05819)	sauc(0.02044)	italian(0.01242)	crust(0.01091)	onion(0.01027)	garlic(0.00997)	wing(0.00928)	style(0.00883)	slice(0.00878)	ingredi(0.00857)	tast(0.00789)	sausag(0.00785)	chicken(0.00727)	time(0.00716)	thin(0.00672)	meatbal(0.00642)	side(0.00614)	pasta(0.00608)	oliv(0.00604)	delici(0.00552)	patti(0.00551)	crispi(0.00543)	mozzarella(0.00511)	ranch(0.00494)	serv(0.00477)	white(0.00448)	locat(0.00440)	buffalo(0.00435)	restaur(0.00435)	beer(0.00434)	
Topic 3(0.10043):	buffet(0.02238)	cream(0.02072)	chocol(0.02014)	cake(0.01919)	sweet(0.01631)	breakfast(0.01527)	taco(0.01046)	flavor(0.01012)	toast(0.00891)	tast(0.00887)	chicken(0.00822)	french(0.00801)	ice-cream(0.00794)	pancak(0.00788)	delici(0.00768)	brunch(0.00705)	chip(0.00679)	serv(0.00650)	waffl(0.00613)	strawberri(0.00609)	bread(0.00590)	mexican(0.00582)	pastri(0.00572)	crepe(0.00569)	side(0.00555)	cooki(0.00536)	plate(0.00507)	banana(0.00505)	station(0.00499)	coffe(0.00489)	
Topic 4(0.08168):	peopl(0.02317)	work(0.01456)	star(0.01396)	custom(0.01396)	open(0.01097)	fast(0.00991)	vega(0.00944)	walk(0.00925)	friend(0.00923)	manag(0.00913)	shake(0.00886)	busi(0.00807)	price(0.00767)	week(0.00739)	call(0.00719)	frozen(0.00647)	custom-servic(0.00645)	donut(0.00637)	town(0.00585)	tast(0.00567)	point(0.00564)	close(0.00549)	locat(0.00542)	time(0.00534)	card(0.00533)	serv(0.00507)	cupcak(0.00496)	custard(0.00494)	treat(0.00487)	money(0.00464)	
Topic 5(0.18582):	room(0.02297)	vega(0.01851)	time(0.01444)	casino(0.01430)	hotel(0.01373)	stay(0.01302)	strip(0.01149)	night(0.01101)	club(0.00837)	peopl(0.00836)	walk(0.00799)	area(0.00738)	park(0.00729)	music(0.00729)	pool(0.00686)	play(0.00673)	seat(0.00655)	las-vega(0.00636)	pretti(0.00633)	restaur(0.00599)	view(0.00569)	year(0.00528)	crowd(0.00518)	locat(0.00503)	best(0.00469)	watch(0.00442)	feel(0.00441)	friend(0.00437)	theater(0.00432)	danc(0.00428)	
Topic 6(0.13450):	restaur(0.01480)	steak(0.01410)	dish(0.01386)	bread(0.01305)	dinner(0.01259)	perfect(0.01120)	tast(0.01056)	crab(0.01042)	sauc(0.01008)	flavor(0.00984)	cook(0.00927)	cours(0.00908)	serv(0.00851)	shrimp(0.00816)	dine(0.00785)	wine(0.00779)	amaz(0.00778)	side(0.00771)	lobster(0.00716)	tabl(0.00707)	night(0.00700)	experi(0.00675)	appet(0.00638)	delici(0.00619)	start(0.00604)	excel(0.00602)	chef(0.00558)	best(0.00545)	reserv(0.00512)	plate(0.00511)	
Topic 7(0.15543):	chicken(0.02290)	rice(0.01942)	dish(0.01597)	pork(0.01510)	roll(0.01480)	sushi(0.01425)	spici(0.01400)	sauc(0.01378)	soup(0.01203)	flavor(0.01134)	beef(0.01102)	restaur(0.01089)	thai(0.01082)	time(0.00887)	lunch(0.00853)	fish(0.00800)	curri(0.00739)	tast(0.00738)	definit(0.00693)	favorit(0.00653)	pretti(0.00631)	delici(0.00607)	tuna(0.00601)	shrimp(0.00574)	special(0.00564)	friend(0.00553)	small(0.00543)	price(0.00530)	side(0.00527)	best(0.00518)	
Topic 8(0.08929):	drink(0.02885)	beer(0.02606)	shop(0.02034)	store(0.01790)	park(0.01541)	select(0.01524)	coffe(0.01465)	find(0.01319)	cool(0.01314)	time(0.01125)	friend(0.00937)	locat(0.00896)	staff(0.00838)	price(0.00808)	cream(0.00800)	downtown(0.00800)	ice-cream(0.00774)	spot(0.00754)	flavor(0.00709)	cafe(0.00690)	boba(0.00663)	wine(0.00597)	area(0.00565)	pretti(0.00563)	local(0.00562)	insid(0.00540)	varieti(0.00524)	favorit(0.00513)	product(0.00499)	town(0.00426)	
Topic 9(0.06568):	time(0.05538)	friend(0.03529)	price(0.02023)	restaur(0.01867)	delici(0.01657)	pretti(0.01648)	star(0.01479)	best(0.01424)	happi(0.01411)	locat(0.01232)	busi(0.01200)	feel(0.01120)	drink(0.01062)	amaz(0.01042)	thought(0.01040)	super(0.00983)	pretti-good(0.00919)	definit(0.00891)	vega(0.00826)	option(0.00800)	lunch(0.00796)	review(0.00776)	seat(0.00716)	small(0.00676)	yelp(0.00666)	chip(0.00634)	peopl(0.00618)	favorit(0.00560)	expect(0.00557)	experi(0.00546)	
266 users are loaded from /zf18/ll5fy/lab/dataset/yelp/byUser_70k_review/5foldsCVColdstart/2/...
260 users are loaded from /zf18/ll5fy/lab/dataset/yelp/byUser_70k_review/5foldsCVColdstart/0/...
244 users are loaded from /zf18/ll5fy/lab/dataset/yelp/byUser_70k_review/5foldsCVColdstart/1/...
264 users are loaded from /zf18/ll5fy/lab/dataset/yelp/byUser_70k_review/5foldsCVColdstart/3/...
256 users are loaded from /zf18/ll5fy/lab/dataset/yelp/byUser_70k_review/5foldsCVColdstart/4/...
====================
[Info]Fold No. 2: 
train size = 12778, test size = 3065....
[Info]Initializing CTM Model...
[Info]EM iteration 0: likelihood is -5159169.86, converges to 1.0000...
[Info]EM iteration 1: likelihood is -4314776.95, converges to 0.1637...
[Info]EM iteration 2: likelihood is -4296545.00, converges to 0.0042...
[Info]EM iteration 3: likelihood is -4279230.65, converges to 0.0040...
[Info]EM iteration 4: likelihood is -4258982.51, converges to 0.0047...
[Info]EM iteration 5: likelihood is -4236130.69, converges to 0.0054...
Line search failed. See documentation of routine mcsrch. Error return of line search: info = 6 Possible causes: function or gradient are incorrect, or incorrect tolerances. (iflag == -1)
	at LBFGS.LBFGS.lbfgs(LBFGS.java:458)
	at topicmodels.CTM.CTM.opt_nu(CTM.java:448)
	at topicmodels.CTM.CTM.varInference(CTM.java:201)
	at topicmodels.CTM.CTM.calculate_E_step(CTM.java:177)
	at topicmodels.CTM.CTM.EM(CTM.java:541)
	at topicmodels.TopicModel.oneFoldValidation(TopicModel.java:455)
	at mains.ETBIRExecution.main(ETBIRExecution.java:142)
Line search failed. See documentation of routine mcsrch. Error return of line search: info = 6 Possible causes: function or gradient are incorrect, or incorrect tolerances. (iflag == -1)
	at LBFGS.LBFGS.lbfgs(LBFGS.java:458)
	at topicmodels.CTM.CTM.opt_nu(CTM.java:448)
	at topicmodels.CTM.CTM.varInference(CTM.java:201)
	at topicmodels.CTM.CTM.calculate_E_step(CTM.java:177)
	at topicmodels.CTM.CTM.EM(CTM.java:541)
	at topicmodels.TopicModel.oneFoldValidation(TopicModel.java:455)
	at mains.ETBIRExecution.main(ETBIRExecution.java:142)
[Info]EM iteration 6: likelihood is -4216145.77, converges to 0.0047...
[Info]EM iteration 7: likelihood is -4201821.90, converges to 0.0034...
[Info]EM iteration 8: likelihood is -4191544.55, converges to 0.0024...
[Info]EM iteration 9: likelihood is -4183589.58, converges to 0.0019...
[Info]EM iteration 10: likelihood is -4177063.28, converges to 0.0016...
[Info]EM iteration 11: likelihood is -4171542.87, converges to 0.0013...
[Info]EM iteration 12: likelihood is -4166797.48, converges to 0.0011...
[Info]EM iteration 13: likelihood is -4162678.19, converges to 0.0010...
[Info]EM iteration 14: likelihood is -4159026.90, converges to 0.0009...
[Info]EM iteration 15: likelihood is -4155776.84, converges to 0.0008...
[Info]EM iteration 16: likelihood is -4152884.02, converges to 0.0007...
[Info]EM iteration 17: likelihood is -4150269.07, converges to 0.0006...
[Info]EM iteration 18: likelihood is -4147894.48, converges to 0.0006...
[Info]EM iteration 19: likelihood is -4145739.33, converges to 0.0005...
[Info]EM iteration 20: likelihood is -4143787.53, converges to 0.0005...
[Info]EM iteration 21: likelihood is -4142017.42, converges to 0.0004...
[Info]EM iteration 22: likelihood is -4140414.84, converges to 0.0004...
[Info]EM iteration 23: likelihood is -4138973.41, converges to 0.0003...
[Info]EM iteration 24: likelihood is -4137668.22, converges to 0.0003...
[Info]EM iteration 25: likelihood is -4136475.44, converges to 0.0003...
[Info]EM iteration 26: likelihood is -4135372.45, converges to 0.0003...
[Info]EM iteration 27: likelihood is -4134339.88, converges to 0.0002...
[Info]EM iteration 28: likelihood is -4133367.20, converges to 0.0002...
[Info]EM iteration 29: likelihood is -4132453.15, converges to 0.0002...
[Info]EM iteration 30: likelihood is -4131603.91, converges to 0.0002...
[Info]Start evaluation in Normal
[Stat]Test set perplexity is 1382.995 and log-likelihood is -353.757
[Info]CTM[k:10]
 Train/Test finished in 358.15 seconds...
TopWord FilePath:/zf18/ll5fy/lab/dataset/yelp/byUser_70k_review/output/5foldsCVColdstart/2/CTM_topWords_10.txt
Topic 0(0.10028):	steak(0.01904)	cake(0.01749)	chocol(0.01744)	flavor(0.01432)	tast(0.01285)	sweet(0.01275)	cream(0.01034)	perfect(0.00931)	restaur(0.00877)	lobster(0.00813)	bread(0.00770)	cours(0.00699)	best(0.00629)	chef(0.00593)	delici(0.00584)	cooki(0.00583)	cook(0.00556)	dinner(0.00554)	truffl(0.00545)	serv(0.00534)	wine(0.00521)	excel(0.00510)	dine(0.00479)	experi(0.00478)	crab(0.00469)	dish(0.00463)	french(0.00460)	amaz(0.00458)	start(0.00448)	crepe(0.00442)	
Topic 1(0.20814):	room(0.02194)	vega(0.01880)	casino(0.01351)	hotel(0.01274)	time(0.01246)	stay(0.01203)	strip(0.01115)	park(0.01052)	night(0.00994)	walk(0.00815)	club(0.00807)	peopl(0.00800)	area(0.00778)	play(0.00712)	las-vega(0.00702)	pretti(0.00700)	music(0.00676)	view(0.00634)	locat(0.00622)	pool(0.00617)	restaur(0.00573)	seat(0.00568)	friend(0.00538)	cool(0.00527)	drink(0.00521)	crowd(0.00507)	feel(0.00475)	shop(0.00474)	best(0.00465)	watch(0.00444)	
Topic 2(0.14110):	time(0.03559)	wait(0.02063)	peopl(0.01603)	work(0.01159)	star(0.01110)	coffe(0.01087)	custom(0.01059)	shop(0.01031)	friend(0.01018)	NUM-minut(0.01017)	drink(0.01001)	review(0.00980)	store(0.00941)	staff(0.00891)	told(0.00866)	find(0.00846)	year(0.00831)	busi(0.00819)	walk(0.00801)	manag(0.00740)	call(0.00706)	card(0.00615)	price(0.00602)	experi(0.00567)	tabl(0.00552)	final(0.00525)	month(0.00484)	offer(0.00473)	total(0.00473)	deal(0.00465)	
Topic 3(0.07860):	buffet(0.04021)	drink(0.03820)	beer(0.03131)	happi(0.02946)	taco(0.02634)	happi-hour(0.01905)	select(0.01678)	price(0.01218)	crab(0.01150)	night(0.01133)	station(0.01117)	chip(0.01103)	mexican(0.00998)	shrimp(0.00946)	seafood(0.00936)	wine(0.00901)	fish(0.00836)	best(0.00822)	bartend(0.00767)	burrito(0.00714)	pretti(0.00654)	prime(0.00609)	tast(0.00599)	crab-leg(0.00558)	nacho(0.00541)	tortilla(0.00509)	delici(0.00508)	dinner(0.00501)	oyster(0.00501)	prime-rib(0.00493)	
Topic 4(0.06074):	pretti(0.03350)	time(0.02692)	vega(0.02664)	restaur(0.02577)	dinner(0.02189)	seat(0.02035)	price(0.01669)	special(0.01461)	tabl(0.01435)	dine(0.01406)	drink(0.01227)	friend(0.01131)	tast(0.01113)	waiter(0.01045)	expect(0.01005)	feel(0.00953)	offer(0.00948)	thought(0.00947)	experi(0.00920)	area(0.00825)	parti(0.00824)	star(0.00797)	night(0.00750)	find(0.00717)	wait(0.00702)	peopl(0.00686)	reserv(0.00665)	pretti-good(0.00612)	serv(0.00585)	reason(0.00576)	
Topic 5(0.05467):	cream(0.03051)	pork(0.02358)	ice-cream(0.02285)	flavor(0.02050)	korean(0.01517)	friend(0.01358)	definit(0.01276)	shake(0.01239)	cook(0.01232)	fast(0.01087)	time(0.01008)	belli(0.00991)	short(0.00976)	boba(0.00951)	favorit(0.00808)	tast(0.00789)	pork-belli(0.00787)	beef(0.00783)	locat(0.00772)	feel(0.00712)	combo(0.00658)	short-rib(0.00618)	price(0.00611)	option(0.00605)	bean(0.00604)	tabl(0.00593)	peanut(0.00542)	super(0.00540)	wait(0.00516)	joint(0.00513)	
Topic 6(0.08742):	chicken(0.04243)	sauc(0.03951)	pizza(0.03131)	flavor(0.01042)	dish(0.01018)	tast(0.01012)	garlic(0.00990)	bread(0.00973)	pasta(0.00899)	juici(0.00811)	time(0.00799)	perfect(0.00783)	slice(0.00754)	wing(0.00716)	plate(0.00714)	side(0.00702)	style(0.00684)	small(0.00602)	sweet(0.00591)	white(0.00587)	crust(0.00570)	spici(0.00567)	italian(0.00566)	tapa(0.00551)	restaur(0.00539)	best(0.00533)	rice(0.00504)	definit(0.00498)	strip(0.00493)	favorit(0.00486)	
Topic 7(0.09173):	side(0.02031)	breakfast(0.01896)	delici(0.01676)	soup(0.01602)	lunch(0.01562)	beef(0.01508)	time(0.01481)	onion(0.01380)	dish(0.01300)	serv(0.01260)	bread(0.01132)	waffl(0.00942)	pancak(0.00891)	friend(0.00845)	chicken(0.00844)	flavor(0.00810)	perfect(0.00777)	corn(0.00755)	amaz(0.00748)	veggi(0.00715)	definit(0.00668)	restaur(0.00647)	recommend(0.00619)	healthi(0.00574)	brunch(0.00567)	bite(0.00510)	super(0.00507)	mushroom(0.00507)	wait(0.00505)	option(0.00504)	
Topic 8(0.11562):	sushi(0.02216)	rice(0.02035)	roll(0.01930)	ramen(0.01471)	dish(0.01425)	thai(0.01410)	restaur(0.01261)	chicken(0.01182)	spici(0.01151)	time(0.01106)	curri(0.01079)	flavor(0.00923)	soup(0.00907)	pork(0.00899)	sauc(0.00888)	fish(0.00866)	tast(0.00824)	lunch(0.00816)	broth(0.00720)	bowl(0.00681)	special(0.00632)	friend(0.00622)	favorit(0.00612)	tuna(0.00607)	beef(0.00604)	definit(0.00602)	best(0.00593)	pretti(0.00576)	small(0.00556)	shrimp(0.00553)	
Topic 9(0.06171):	friend(0.03570)	locat(0.02947)	pretti(0.02656)	tabl(0.02626)	price(0.02286)	open(0.01837)	definit(0.01599)	favorit(0.01342)	area(0.01311)	wait(0.01270)	expect(0.01253)	best(0.01201)	busi(0.01150)	lunch(0.01138)	time(0.01010)	star(0.00939)	spot(0.00936)	small(0.00899)	reason(0.00887)	review(0.00883)	waitress(0.00839)	delici(0.00829)	seat(0.00745)	side(0.00716)	yummi(0.00696)	experi(0.00686)	dine(0.00664)	pretti-good(0.00662)	rememb(0.00644)	restaur(0.00643)	
264 users are loaded from /zf18/ll5fy/lab/dataset/yelp/byUser_70k_review/5foldsCVColdstart/3/...
260 users are loaded from /zf18/ll5fy/lab/dataset/yelp/byUser_70k_review/5foldsCVColdstart/0/...
244 users are loaded from /zf18/ll5fy/lab/dataset/yelp/byUser_70k_review/5foldsCVColdstart/1/...
266 users are loaded from /zf18/ll5fy/lab/dataset/yelp/byUser_70k_review/5foldsCVColdstart/2/...
256 users are loaded from /zf18/ll5fy/lab/dataset/yelp/byUser_70k_review/5foldsCVColdstart/4/...
====================
[Info]Fold No. 3: 
train size = 12591, test size = 3252....
[Info]Initializing CTM Model...
[Info]EM iteration 0: likelihood is -5173319.03, converges to 1.0000...
[Info]EM iteration 1: likelihood is -4332207.00, converges to 0.1626...
[Info]EM iteration 2: likelihood is -4315414.30, converges to 0.0039...
[Info]EM iteration 3: likelihood is -4301313.20, converges to 0.0033...
Line search failed. See documentation of routine mcsrch. Error return of line search: info = 6 Possible causes: function or gradient are incorrect, or incorrect tolerances. (iflag == -1)
	at LBFGS.LBFGS.lbfgs(LBFGS.java:458)
	at topicmodels.CTM.CTM.opt_nu(CTM.java:448)
	at topicmodels.CTM.CTM.varInference(CTM.java:201)
	at topicmodels.CTM.CTM.calculate_E_step(CTM.java:177)
	at topicmodels.CTM.CTM.EM(CTM.java:541)
	at topicmodels.TopicModel.oneFoldValidation(TopicModel.java:455)
	at mains.ETBIRExecution.main(ETBIRExecution.java:142)
[Info]EM iteration 4: likelihood is -4285661.57, converges to 0.0036...
[Info]EM iteration 5: likelihood is -4265673.86, converges to 0.0047...
[Info]EM iteration 6: likelihood is -4243042.73, converges to 0.0053...
[Info]EM iteration 7: likelihood is -4223598.41, converges to 0.0046...
[Info]EM iteration 8: likelihood is -4209654.23, converges to 0.0033...
[Info]EM iteration 9: likelihood is -4199651.71, converges to 0.0024...
Line search failed. See documentation of routine mcsrch. Error return of line search: info = 6 Possible causes: function or gradient are incorrect, or incorrect tolerances. (iflag == -1)
	at LBFGS.LBFGS.lbfgs(LBFGS.java:458)
	at topicmodels.CTM.CTM.opt_nu(CTM.java:448)
	at topicmodels.CTM.CTM.varInference(CTM.java:201)
	at topicmodels.CTM.CTM.calculate_E_step(CTM.java:177)
	at topicmodels.CTM.CTM.EM(CTM.java:541)
	at topicmodels.TopicModel.oneFoldValidation(TopicModel.java:455)
	at mains.ETBIRExecution.main(ETBIRExecution.java:142)
[Info]EM iteration 10: likelihood is -4191892.99, converges to 0.0018...
[Info]EM iteration 11: likelihood is -4185416.66, converges to 0.0015...
[Info]EM iteration 12: likelihood is -4179761.70, converges to 0.0014...
[Info]EM iteration 13: likelihood is -4174646.57, converges to 0.0012...
[Info]EM iteration 14: likelihood is -4169892.67, converges to 0.0011...
[Info]EM iteration 15: likelihood is -4165426.31, converges to 0.0011...
[Info]EM iteration 16: likelihood is -4161354.44, converges to 0.0010...
[Info]EM iteration 17: likelihood is -4157747.15, converges to 0.0009...
[Info]EM iteration 18: likelihood is -4154665.80, converges to 0.0007...
[Info]EM iteration 19: likelihood is -4152086.92, converges to 0.0006...
[Info]EM iteration 20: likelihood is -4149873.32, converges to 0.0005...
[Info]EM iteration 21: likelihood is -4147887.27, converges to 0.0005...
[Info]EM iteration 22: likelihood is -4146062.86, converges to 0.0004...
[Info]EM iteration 23: likelihood is -4144428.90, converges to 0.0004...
[Info]EM iteration 24: likelihood is -4142991.77, converges to 0.0003...
Line search failed. See documentation of routine mcsrch. Error return of line search: info = 6 Possible causes: function or gradient are incorrect, or incorrect tolerances. (iflag == -1)
	at LBFGS.LBFGS.lbfgs(LBFGS.java:458)
	at topicmodels.CTM.CTM.opt_nu(CTM.java:448)
	at topicmodels.CTM.CTM.varInference(CTM.java:201)
	at topicmodels.CTM.CTM.calculate_E_step(CTM.java:177)
	at topicmodels.CTM.CTM.EM(CTM.java:541)
	at topicmodels.TopicModel.oneFoldValidation(TopicModel.java:455)
	at mains.ETBIRExecution.main(ETBIRExecution.java:142)
[Info]EM iteration 25: likelihood is -4141739.37, converges to 0.0003...
[Info]EM iteration 26: likelihood is -4140613.66, converges to 0.0003...
[Info]EM iteration 27: likelihood is -4139571.32, converges to 0.0003...
[Info]EM iteration 28: likelihood is -4138581.92, converges to 0.0002...
[Info]EM iteration 29: likelihood is -4137612.50, converges to 0.0002...
[Info]EM iteration 30: likelihood is -4136669.38, converges to 0.0002...
[Info]Start evaluation in Normal
[Stat]Test set perplexity is 1324.239 and log-likelihood is -326.495
[Info]CTM[k:10]
 Train/Test finished in 354.89 seconds...
TopWord FilePath:/zf18/ll5fy/lab/dataset/yelp/byUser_70k_review/output/5foldsCVColdstart/3/CTM_topWords_10.txt
Topic 0(0.06306):	time(0.06676)	restaur(0.04455)	amaz(0.03560)	steak(0.02201)	dinner(0.01929)	feel(0.01810)	star(0.01665)	recommend(0.01403)	rememb(0.01396)	brunch(0.01326)	cook(0.01256)	favorit(0.01237)	best(0.01223)	delici(0.01173)	reason(0.01017)	friend(0.00973)	pretti(0.00964)	serv(0.00946)	definit(0.00931)	perfect(0.00929)	tast(0.00884)	vega(0.00776)	fantast(0.00713)	felt(0.00642)	excel(0.00635)	attent(0.00635)	averag(0.00588)	yelp(0.00553)	famili(0.00539)	thought(0.00536)	
Topic 1(0.09249):	chicken(0.05264)	sauc(0.02961)	flavor(0.01797)	side(0.01692)	bread(0.01471)	sweet(0.01411)	onion(0.01054)	tast(0.01014)	beef(0.00893)	crispi(0.00877)	wing(0.00869)	perfect(0.00802)	juici(0.00701)	pork(0.00599)	lunch(0.00595)	tender(0.00590)	corn(0.00579)	waffl(0.00527)	strip(0.00511)	bite(0.00499)	combo(0.00481)	definit(0.00480)	spici(0.00476)	serv(0.00476)	size(0.00474)	truffl(0.00468)	garlic(0.00468)	friend(0.00465)	delici(0.00453)	cook(0.00441)	
Topic 2(0.20477):	room(0.02126)	vega(0.01893)	casino(0.01333)	time(0.01293)	hotel(0.01196)	stay(0.01181)	park(0.01173)	strip(0.01088)	walk(0.00920)	shop(0.00795)	las-vega(0.00767)	store(0.00756)	area(0.00725)	locat(0.00714)	peopl(0.00707)	pretti(0.00644)	play(0.00634)	club(0.00626)	view(0.00582)	night(0.00573)	pool(0.00569)	year(0.00547)	cool(0.00471)	find(0.00465)	feel(0.00464)	music(0.00455)	small(0.00448)	clean(0.00441)	restaur(0.00441)	best(0.00437)	
Topic 3(0.04832):	pizza(0.06359)	slice(0.01695)	sausag(0.01591)	italian(0.01330)	crust(0.01288)	style(0.01042)	locat(0.00998)	ingredi(0.00817)	best(0.00814)	garlic(0.00792)	white(0.00768)	small(0.00747)	thin(0.00742)	pasta(0.00741)	sauc(0.00720)	meatbal(0.00717)	tast(0.00679)	wrap(0.00637)	oliv(0.00613)	mozzarella(0.00608)	pretti(0.00604)	secret(0.00600)	rock(0.00587)	serv(0.00521)	chicago(0.00512)	dish(0.00496)	pepperoni(0.00489)	extra(0.00480)	vega(0.00479)	ranch(0.00472)	
Topic 4(0.08620):	cream(0.03110)	chocol(0.02277)	cake(0.01990)	coffe(0.01889)	ice-cream(0.01785)	flavor(0.01766)	sweet(0.01510)	breakfast(0.01418)	tast(0.01033)	cooki(0.00962)	strawberri(0.00839)	crepe(0.00767)	pastri(0.00721)	time(0.00710)	donut(0.00631)	boba(0.00583)	banana(0.00577)	shop(0.00576)	toast(0.00570)	sugar(0.00564)	cupcak(0.00541)	vanilla(0.00520)	delici(0.00520)	pancak(0.00512)	friend(0.00511)	best(0.00503)	favorit(0.00493)	gelato(0.00465)	small(0.00452)	frozen(0.00452)	
Topic 5(0.08942):	dish(0.01641)	steak(0.01385)	bread(0.01129)	restaur(0.01124)	tast(0.00941)	lobster(0.00850)	cours(0.00840)	perfect(0.00839)	flavor(0.00822)	serv(0.00810)	sauc(0.00775)	shrimp(0.00771)	plate(0.00753)	chef(0.00731)	dine(0.00714)	dinner(0.00696)	wine(0.00660)	crab(0.00635)	cook(0.00612)	excel(0.00577)	experi(0.00561)	mushroom(0.00552)	side(0.00539)	tabl(0.00532)	best(0.00529)	start(0.00527)	oyster(0.00489)	delici(0.00487)	soup(0.00467)	cake(0.00448)	
Topic 6(0.18501):	drink(0.03491)	wait(0.02362)	tabl(0.02055)	friend(0.01906)	time(0.01830)	night(0.01648)	price(0.01566)	happi(0.01514)	peopl(0.01501)	beer(0.01378)	seat(0.01238)	pretti(0.01049)	experi(0.01048)	NUM-minut(0.01005)	happi-hour(0.00908)	busi(0.00902)	review(0.00702)	told(0.00681)	star(0.00671)	expect(0.00616)	call(0.00611)	special(0.00603)	custom(0.00596)	waitress(0.00595)	staff(0.00592)	parti(0.00589)	manag(0.00582)	select(0.00507)	start(0.00507)	work(0.00483)	
Topic 7(0.11419):	sushi(0.02136)	roll(0.01800)	rice(0.01678)	pork(0.01455)	taco(0.01452)	ramen(0.01451)	fish(0.01101)	dish(0.00970)	flavor(0.00935)	soup(0.00931)	time(0.00910)	spici(0.00904)	bowl(0.00887)	tast(0.00875)	restaur(0.00810)	korean(0.00730)	sauc(0.00728)	broth(0.00727)	favorit(0.00669)	beef(0.00660)	pretti(0.00632)	shrimp(0.00618)	tuna(0.00608)	definit(0.00562)	best(0.00552)	price(0.00529)	vega(0.00527)	belli(0.00518)	salmon(0.00502)	side(0.00491)	
Topic 8(0.05880):	buffet(0.04352)	thai(0.02916)	lunch(0.02587)	dish(0.02368)	curri(0.02250)	rice(0.01981)	chicken(0.01771)	soup(0.01192)	restaur(0.01184)	spici(0.01143)	station(0.00994)	crab(0.00922)	flavor(0.00911)	asian(0.00899)	spice(0.00895)	beef(0.00853)	shrimp(0.00829)	best(0.00712)	price(0.00687)	vega(0.00680)	seafood(0.00675)	time(0.00659)	chines(0.00629)	plate(0.00616)	select(0.00586)	dinner(0.00576)	crab-leg(0.00563)	pretti(0.00561)	pad-thai(0.00559)	veget(0.00548)	
Topic 9(0.05773):	time(0.03091)	definit(0.02871)	delici(0.02870)	friend(0.02814)	pretti(0.02558)	star(0.01818)	super(0.01723)	side(0.01410)	locat(0.01362)	best(0.01355)	price(0.01340)	dine(0.01034)	small(0.00990)	spot(0.00976)	area(0.00956)	lunch(0.00936)	choic(0.00912)	pretti-good(0.00886)	vega(0.00867)	staff(0.00840)	wait(0.00747)	amaz(0.00696)	tabl(0.00693)	return(0.00685)	plate(0.00671)	year(0.00662)	hungri(0.00643)	peopl(0.00642)	clean(0.00640)	open(0.00621)	
256 users are loaded from /zf18/ll5fy/lab/dataset/yelp/byUser_70k_review/5foldsCVColdstart/4/...
260 users are loaded from /zf18/ll5fy/lab/dataset/yelp/byUser_70k_review/5foldsCVColdstart/0/...
244 users are loaded from /zf18/ll5fy/lab/dataset/yelp/byUser_70k_review/5foldsCVColdstart/1/...
266 users are loaded from /zf18/ll5fy/lab/dataset/yelp/byUser_70k_review/5foldsCVColdstart/2/...
264 users are loaded from /zf18/ll5fy/lab/dataset/yelp/byUser_70k_review/5foldsCVColdstart/3/...
====================
[Info]Fold No. 4: 
train size = 12424, test size = 3419....
[Info]Initializing CTM Model...
[Info]EM iteration 0: likelihood is -5101138.59, converges to 1.0000...
[Info]EM iteration 1: likelihood is -4271563.60, converges to 0.1626...
[Info]EM iteration 2: likelihood is -4254624.93, converges to 0.0040...
[Info]EM iteration 3: likelihood is -4239674.82, converges to 0.0035...
[Info]EM iteration 4: likelihood is -4221899.98, converges to 0.0042...
[Info]EM iteration 5: likelihood is -4199850.57, converges to 0.0052...
[Info]EM iteration 6: likelihood is -4179305.93, converges to 0.0049...
[Info]EM iteration 7: likelihood is -4164279.83, converges to 0.0036...
[Info]EM iteration 8: likelihood is -4153517.62, converges to 0.0026...
[Info]EM iteration 9: likelihood is -4144967.35, converges to 0.0021...
[Info]EM iteration 10: likelihood is -4137610.40, converges to 0.0018...
[Info]EM iteration 11: likelihood is -4131094.65, converges to 0.0016...
[Info]EM iteration 12: likelihood is -4125286.59, converges to 0.0014...
[Info]EM iteration 13: likelihood is -4120137.42, converges to 0.0012...
[Info]EM iteration 14: likelihood is -4115617.47, converges to 0.0011...
[Info]EM iteration 15: likelihood is -4111742.30, converges to 0.0009...
[Info]EM iteration 16: likelihood is -4108428.69, converges to 0.0008...
[Info]EM iteration 17: likelihood is -4105572.37, converges to 0.0007...
[Info]EM iteration 18: likelihood is -4103084.61, converges to 0.0006...
[Info]EM iteration 19: likelihood is -4100875.96, converges to 0.0005...
[Info]EM iteration 20: likelihood is -4098870.43, converges to 0.0005...
[Info]EM iteration 21: likelihood is -4097029.48, converges to 0.0004...
[Info]EM iteration 22: likelihood is -4095343.74, converges to 0.0004...
[Info]EM iteration 23: likelihood is -4093805.65, converges to 0.0004...
[Info]EM iteration 24: likelihood is -4092380.99, converges to 0.0003...
[Info]EM iteration 25: likelihood is -4091030.47, converges to 0.0003...
[Info]EM iteration 26: likelihood is -4089737.07, converges to 0.0003...
[Info]EM iteration 27: likelihood is -4088520.83, converges to 0.0003...
[Info]EM iteration 28: likelihood is -4087376.82, converges to 0.0003...
[Info]EM iteration 29: likelihood is -4086286.07, converges to 0.0003...
[Info]EM iteration 30: likelihood is -4085240.18, converges to 0.0003...
[Info]Start evaluation in Normal
[Stat]Test set perplexity is 1365.173 and log-likelihood is -328.026
[Info]CTM[k:10]
 Train/Test finished in 344.91 seconds...
TopWord FilePath:/zf18/ll5fy/lab/dataset/yelp/byUser_70k_review/output/5foldsCVColdstart/4/CTM_topWords_10.txt
Topic 0(0.06928):	wait(0.04390)	star(0.03788)	buffet(0.02857)	friend(0.02787)	lunch(0.02192)	time(0.02018)	tabl(0.01774)	NUM-minut(0.01564)	definit(0.01330)	expect(0.01264)	amaz(0.01236)	option(0.01175)	restaur(0.01155)	pretti(0.01022)	custom(0.01013)	brunch(0.00974)	reason(0.00966)	best(0.00829)	seat(0.00820)	offer(0.00810)	choic(0.00750)	review(0.00675)	refil(0.00645)	town(0.00597)	impress(0.00564)	serv(0.00552)	mention(0.00549)	thought(0.00537)	attent(0.00519)	work(0.00513)	
Topic 1(0.09163):	pizza(0.02724)	chicken(0.02277)	sauc(0.01694)	bread(0.01410)	breakfast(0.01323)	onion(0.00884)	serv(0.00867)	slice(0.00825)	side(0.00749)	toast(0.00730)	waffl(0.00675)	flavor(0.00667)	pasta(0.00624)	garlic(0.00620)	perfect(0.00616)	french(0.00607)	shake(0.00599)	sausag(0.00591)	crispi(0.00548)	best(0.00545)	crust(0.00528)	sweet(0.00519)	tast(0.00517)	restaur(0.00509)	white(0.00497)	strip(0.00412)	mushroom(0.00408)	italian(0.00403)	style(0.00388)	delici(0.00385)	
Topic 2(0.05246):	chocol(0.03814)	cake(0.03389)	sweet(0.02173)	flavor(0.01854)	tast(0.01679)	cours(0.01160)	pastri(0.00941)	strawberri(0.00853)	best(0.00851)	appl(0.00821)	gelato(0.00791)	cupcak(0.00779)	cream(0.00767)	dish(0.00765)	favorit(0.00706)	donut(0.00679)	amaz(0.00597)	tart(0.00565)	banana(0.00547)	creme(0.00535)	delici(0.00510)	cooki(0.00497)	rich(0.00494)	salt(0.00490)	sugar(0.00479)	chef(0.00475)	time(0.00474)	white(0.00457)	fill(0.00446)	perfect(0.00446)	
Topic 3(0.24220):	room(0.01926)	vega(0.01683)	time(0.01456)	hotel(0.01121)	casino(0.01116)	stay(0.01013)	park(0.00971)	strip(0.00964)	peopl(0.00924)	night(0.00899)	walk(0.00849)	area(0.00702)	shop(0.00674)	pretti(0.00655)	music(0.00609)	seat(0.00608)	club(0.00598)	play(0.00584)	las-vega(0.00562)	friend(0.00559)	view(0.00556)	restaur(0.00546)	store(0.00545)	pool(0.00543)	locat(0.00532)	cool(0.00498)	year(0.00488)	find(0.00464)	watch(0.00458)	best(0.00456)	
Topic 4(0.09832):	steak(0.02437)	dinner(0.01570)	crab(0.01476)	restaur(0.01438)	wine(0.01390)	dish(0.01247)	shrimp(0.01128)	lobster(0.00969)	cook(0.00959)	buffet(0.00949)	perfect(0.00933)	bread(0.00878)	dine(0.00872)	tabl(0.00819)	side(0.00818)	plate(0.00805)	serv(0.00794)	night(0.00781)	reserv(0.00776)	seafood(0.00774)	tast(0.00772)	experi(0.00750)	delici(0.00723)	sauc(0.00719)	best(0.00701)	flavor(0.00683)	start(0.00660)	waiter(0.00598)	oyster(0.00573)	appet(0.00560)	
Topic 5(0.09917):	drink(0.05085)	price(0.03751)	happi(0.03528)	beer(0.02578)	time(0.02362)	friend(0.02040)	peopl(0.01901)	happi-hour(0.01872)	pretti(0.01437)	busi(0.01277)	locat(0.01156)	spot(0.01036)	area(0.01035)	select(0.00862)	open(0.00743)	seat(0.00715)	review(0.00662)	manag(0.00639)	bartend(0.00633)	patio(0.00629)	work(0.00617)	cool(0.00595)	waitress(0.00561)	yelp(0.00558)	bring(0.00557)	dinner(0.00552)	appet(0.00544)	tabl(0.00541)	total(0.00538)	parti(0.00513)	
Topic 6(0.05853):	cream(0.04552)	coffe(0.02888)	ice-cream(0.02837)	flavor(0.01861)	pancak(0.01361)	crepe(0.01268)	sweet(0.01251)	shop(0.01075)	cooki(0.01055)	time(0.01044)	boba(0.00903)	locat(0.00757)	friend(0.00754)	cafe(0.00729)	frozen(0.00680)	tast(0.00676)	small(0.00625)	whip(0.00569)	snow(0.00560)	perfect(0.00551)	drink(0.00541)	delici(0.00536)	vegan(0.00527)	strawberri(0.00515)	velvet(0.00510)	vanilla(0.00493)	whip-cream(0.00483)	banana(0.00482)	sugar(0.00478)	offer(0.00462)	
Topic 7(0.07293):	roll(0.03461)	sushi(0.03413)	taco(0.02595)	fish(0.01936)	tuna(0.01275)	chip(0.01225)	time(0.01115)	salmon(0.01076)	mexican(0.01062)	sauc(0.00940)	tast(0.00820)	restaur(0.00799)	spici(0.00712)	favorit(0.00686)	chef(0.00652)	burrito(0.00644)	best(0.00641)	special(0.00618)	flavor(0.00605)	friend(0.00577)	serv(0.00576)	poke(0.00570)	tortilla(0.00563)	sashimi(0.00554)	nigiri(0.00540)	bean(0.00535)	rice(0.00534)	pretti(0.00531)	piec(0.00524)	shrimp(0.00515)	
Topic 8(0.14437):	chicken(0.02442)	rice(0.01841)	dish(0.01729)	pork(0.01675)	sauc(0.01340)	thai(0.01287)	soup(0.01278)	flavor(0.01265)	beef(0.01201)	spici(0.01111)	restaur(0.01089)	time(0.01040)	curri(0.00876)	tast(0.00800)	side(0.00760)	cook(0.00651)	definit(0.00643)	best(0.00641)	pretti(0.00613)	lunch(0.00609)	delici(0.00607)	korean(0.00595)	friend(0.00591)	bowl(0.00561)	favorit(0.00551)	vega(0.00551)	sweet(0.00519)	ramen(0.00513)	small(0.00494)	serv(0.00486)	
Topic 9(0.07111):	time(0.04233)	pretti(0.02357)	wait(0.02022)	tabl(0.01982)	definit(0.01839)	staff(0.01665)	feel(0.01445)	delici(0.01405)	tast(0.01231)	lunch(0.01228)	experi(0.01148)	super(0.01147)	restaur(0.01085)	seat(0.01066)	pretti-good(0.01006)	locat(0.00927)	busi(0.00890)	night(0.00885)	special(0.00831)	open(0.00811)	star(0.00770)	coupl(0.00752)	told(0.00704)	waitress(0.00686)	select(0.00669)	serious(0.00649)	walk(0.00638)	favorit(0.00610)	size(0.00585)	price(0.00584)	

Part 0 -----------------Valid folds: 5
[Stat]Loglikelihood -333.310+/-11.245
[Stat]Perplexity 1353.607+/-20.821
