Load 6134 2-gram new features from /zf18/ll5fy/lab/dataset/yelp/yelp_features.txt...
1409 users are loaded from /zf18/ll5fy/lab/dataset/yelp/byUser_70k_review/data/...
Info File Path: /zf18/ll5fy/lab/dataset/yelp/byUser_70k_review/output/5foldsCVColdstart/CTM_info.txt
[Info]Start FIXED cross validation...
260 users are loaded from /zf18/ll5fy/lab/dataset/yelp/byUser_70k_review/5foldsCVColdstart/0/...
244 users are loaded from /zf18/ll5fy/lab/dataset/yelp/byUser_70k_review/5foldsCVColdstart/1/...
266 users are loaded from /zf18/ll5fy/lab/dataset/yelp/byUser_70k_review/5foldsCVColdstart/2/...
264 users are loaded from /zf18/ll5fy/lab/dataset/yelp/byUser_70k_review/5foldsCVColdstart/3/...
256 users are loaded from /zf18/ll5fy/lab/dataset/yelp/byUser_70k_review/5foldsCVColdstart/4/...
====================
[Info]Fold No. 0: 
train size = 12311, test size = 3532....
[Info]Initializing CTM Model...
[Info]EM iteration 0: likelihood is -5137950.65, converges to 1.0000...
[Info]EM iteration 1: likelihood is -4295797.33, converges to 0.1639...
[Info]EM iteration 2: likelihood is -4271029.52, converges to 0.0058...
Line search failed. See documentation of routine mcsrch. Error return of line search: info = 6 Possible causes: function or gradient are incorrect, or incorrect tolerances. (iflag == -1)
	at LBFGS.LBFGS.lbfgs(LBFGS.java:458)
	at topicmodels.CTM.CTM.opt_nu(CTM.java:448)
	at topicmodels.CTM.CTM.varInference(CTM.java:201)
	at topicmodels.CTM.CTM.calculate_E_step(CTM.java:177)
	at topicmodels.CTM.CTM.EM(CTM.java:541)
	at topicmodels.TopicModel.oneFoldValidation(TopicModel.java:455)
	at mains.ETBIRExecution.main(ETBIRExecution.java:142)
[Info]EM iteration 3: likelihood is -4254043.63, converges to 0.0040...
[Info]EM iteration 4: likelihood is -4239160.74, converges to 0.0035...
[Info]EM iteration 5: likelihood is -4222829.55, converges to 0.0039...
[Info]EM iteration 6: likelihood is -4203722.46, converges to 0.0045...
[Info]EM iteration 7: likelihood is -4182488.84, converges to 0.0051...
[Info]EM iteration 8: likelihood is -4160969.76, converges to 0.0051...
[Info]EM iteration 9: likelihood is -4141083.74, converges to 0.0048...
[Info]EM iteration 10: likelihood is -4124344.33, converges to 0.0040...
[Info]EM iteration 11: likelihood is -4111079.71, converges to 0.0032...
[Info]EM iteration 12: likelihood is -4100628.57, converges to 0.0025...
[Info]EM iteration 13: likelihood is -4092441.16, converges to 0.0020...
[Info]EM iteration 14: likelihood is -4086029.91, converges to 0.0016...
[Info]EM iteration 15: likelihood is -4080859.24, converges to 0.0013...
[Info]EM iteration 16: likelihood is -4076506.81, converges to 0.0011...
[Info]EM iteration 17: likelihood is -4072721.66, converges to 0.0009...
[Info]EM iteration 18: likelihood is -4069288.75, converges to 0.0008...
[Info]EM iteration 19: likelihood is -4066115.31, converges to 0.0008...
[Info]EM iteration 20: likelihood is -4063191.60, converges to 0.0007...
[Info]EM iteration 21: likelihood is -4060530.37, converges to 0.0007...
[Info]EM iteration 22: likelihood is -4058119.89, converges to 0.0006...
[Info]EM iteration 23: likelihood is -4055895.51, converges to 0.0005...
[Info]EM iteration 24: likelihood is -4053847.01, converges to 0.0005...
[Info]EM iteration 25: likelihood is -4051980.12, converges to 0.0005...
[Info]EM iteration 26: likelihood is -4050258.02, converges to 0.0004...
[Info]EM iteration 27: likelihood is -4048652.64, converges to 0.0004...
Line search failed. See documentation of routine mcsrch. Error return of line search: info = 6 Possible causes: function or gradient are incorrect, or incorrect tolerances. (iflag == -1)
	at LBFGS.LBFGS.lbfgs(LBFGS.java:458)
	at topicmodels.CTM.CTM.opt_nu(CTM.java:448)
	at topicmodels.CTM.CTM.varInference(CTM.java:201)
	at topicmodels.CTM.CTM.calculate_E_step(CTM.java:177)
	at topicmodels.CTM.CTM.EM(CTM.java:541)
	at topicmodels.TopicModel.oneFoldValidation(TopicModel.java:455)
	at mains.ETBIRExecution.main(ETBIRExecution.java:142)
[Info]EM iteration 28: likelihood is -4047137.80, converges to 0.0004...
[Info]EM iteration 29: likelihood is -4045698.48, converges to 0.0004...
[Info]EM iteration 30: likelihood is -4044372.05, converges to 0.0003...
[Info]Start evaluation in Normal
[Stat]Test set perplexity is 1301.021 and log-likelihood is -320.677
[Info]CTM[k:25]
 Train/Test finished in 882.47 seconds...
TopWord FilePath:/zf18/ll5fy/lab/dataset/yelp/byUser_70k_review/output/5foldsCVColdstart/0/CTM_topWords_25.txt
Topic 0(0.08048):	chocol(0.02445)	breakfast(0.01970)	cake(0.01923)	coffe(0.01824)	sweet(0.01476)	cream(0.01313)	flavor(0.01309)	pancak(0.01114)	toast(0.00997)	tast(0.00868)	waffl(0.00848)	crepe(0.00812)	brunch(0.00776)	cooki(0.00753)	french(0.00749)	strawberri(0.00728)	donut(0.00667)	banana(0.00661)	pastri(0.00659)	delici(0.00643)	sugar(0.00544)	friend(0.00537)	best(0.00523)	shop(0.00517)	favorit(0.00494)	time(0.00463)	syrup(0.00457)	velvet(0.00455)	gelato(0.00455)	appl(0.00453)	
Topic 1(0.02712):	pizza(0.11834)	crust(0.02057)	slice(0.02040)	sauc(0.01853)	sausag(0.01523)	garlic(0.01360)	italian(0.01241)	meatbal(0.01069)	thin(0.01057)	white(0.01046)	style(0.00999)	mozzarella(0.00963)	secret(0.00827)	chicago(0.00767)	pepperoni(0.00747)	best(0.00692)	oliv(0.00686)	oven(0.00672)	tast(0.00631)	time(0.00594)	deep(0.00514)	mushroom(0.00509)	ingredi(0.00497)	perfect(0.00483)	dish(0.00478)	ricotta(0.00465)	vega(0.00455)	small(0.00453)	special(0.00396)	dough(0.00378)	
Topic 2(0.02032):	restaur(0.02914)	tabl(0.02564)	wait(0.02300)	delici(0.02102)	side(0.02079)	price(0.01862)	lunch(0.01835)	friend(0.01696)	dine(0.01622)	locat(0.01573)	time(0.01500)	tast(0.01388)	vega(0.01313)	dinner(0.01182)	thought(0.01150)	yelp(0.01025)	recommend(0.00955)	amaz(0.00940)	peopl(0.00933)	review(0.00920)	feel(0.00805)	refil(0.00798)	expect(0.00773)	super(0.00707)	pretti(0.00669)	walk(0.00641)	las-vega(0.00568)	return(0.00543)	tapa(0.00542)	rememb(0.00541)	
Topic 3(0.02096):	time(0.03899)	definit(0.02890)	locat(0.02589)	star(0.02360)	peopl(0.02028)	friend(0.02025)	staff(0.02003)	best(0.01730)	find(0.01321)	select(0.01307)	tabl(0.01179)	price(0.01141)	special(0.01138)	park(0.01117)	busi(0.01062)	experi(0.00870)	super(0.00847)	reason(0.00803)	wait(0.00756)	open(0.00741)	NUM-minut(0.00710)	seat(0.00673)	night(0.00668)	walk(0.00653)	aloha(0.00635)	water(0.00623)	door(0.00610)	pretti-good(0.00588)	thought(0.00586)	option(0.00581)	
Topic 4(0.01846):	wait(0.04705)	definit(0.01969)	side(0.01921)	busi(0.01846)	best(0.01664)	feel(0.01649)	open(0.01585)	peopl(0.01551)	bread(0.01385)	plate(0.01231)	star(0.01157)	serv(0.01106)	thought(0.00959)	small(0.00925)	delici(0.00908)	seat(0.00881)	favorit(0.00861)	perfect(0.00809)	happi(0.00704)	NUM-minut(0.00703)	time(0.00695)	call(0.00688)	experi(0.00668)	option(0.00632)	dinner(0.00626)	chicken(0.00620)	select(0.00581)	area(0.00576)	size(0.00543)	tast(0.00536)	
Topic 5(0.20682):	room(0.01991)	vega(0.01660)	time(0.01435)	casino(0.01205)	hotel(0.01135)	stay(0.01062)	park(0.01008)	strip(0.00950)	peopl(0.00836)	walk(0.00819)	shop(0.00816)	area(0.00735)	night(0.00696)	seat(0.00644)	club(0.00642)	store(0.00592)	las-vega(0.00588)	view(0.00577)	pool(0.00575)	play(0.00570)	restaur(0.00563)	pretti(0.00562)	locat(0.00557)	year(0.00550)	music(0.00500)	friend(0.00445)	best(0.00434)	feel(0.00424)	price(0.00412)	find(0.00409)	
Topic 6(0.01796):	time(0.02361)	price(0.02297)	restaur(0.02225)	best(0.02171)	delici(0.02055)	amaz(0.01952)	review(0.01633)	tabl(0.01577)	recommend(0.01469)	slow(0.01382)	lunch(0.01234)	peopl(0.01158)	expect(0.01044)	spot(0.00939)	reason(0.00937)	chicken(0.00927)	wait(0.00815)	thought(0.00806)	tast(0.00772)	serious(0.00724)	clean(0.00713)	bread(0.00694)	fill(0.00692)	final(0.00684)	yelp(0.00683)	walk(0.00631)	fact(0.00564)	pretti-good(0.00542)	coupl(0.00539)	flavor(0.00532)	
Topic 7(0.04932):	drink(0.12420)	beer(0.04852)	pretti(0.03589)	night(0.02722)	cool(0.02616)	peopl(0.01832)	bartend(0.01470)	friend(0.01415)	price(0.01401)	patio(0.01297)	spot(0.01186)	watch(0.01150)	area(0.00943)	parti(0.00871)	pretti-good(0.00863)	music(0.00846)	downtown(0.00810)	crowd(0.00679)	play(0.00645)	buck(0.00608)	pack(0.00582)	feel(0.00581)	alcohol(0.00554)	NUM-buck(0.00544)	booth(0.00539)	happi(0.00509)	seat(0.00487)	talk(0.00483)	total(0.00447)	drunk(0.00438)	
Topic 8(0.02744):	ramen(0.06353)	cream(0.05213)	ice-cream(0.04680)	broth(0.03128)	bowl(0.01820)	flavor(0.01643)	monta(0.01314)	time(0.01093)	tast(0.00824)	wait(0.00789)	cooki(0.00769)	perfect(0.00718)	shabu(0.00663)	small(0.00634)	friend(0.00615)	extra(0.00577)	vega(0.00571)	spici(0.00569)	soup(0.00547)	sora(0.00515)	miso-ramen(0.00503)	best(0.00498)	restaur(0.00495)	pork(0.00479)	definit(0.00446)	cook(0.00443)	tonkotsu(0.00432)	roll(0.00424)	gyoza(0.00411)	delici(0.00409)	
Topic 9(0.05485):	pork(0.04356)	beef(0.03216)	soup(0.01994)	korean(0.01727)	dish(0.01618)	rice(0.01593)	side(0.01323)	sauc(0.01269)	belli(0.01263)	spici(0.01202)	cook(0.01109)	pork-belli(0.00994)	flavor(0.00925)	tofu(0.00829)	tender(0.00818)	tast(0.00733)	definit(0.00731)	chines(0.00725)	combo(0.00665)	brisket(0.00656)	short(0.00653)	pretti(0.00650)	bean(0.00639)	favorit(0.00608)	chicken(0.00603)	restaur(0.00597)	best(0.00564)	short-rib(0.00552)	delici(0.00524)	roast(0.00512)	
Topic 10(0.01897):	friend(0.02662)	pretti(0.02469)	definit(0.02056)	tabl(0.01853)	amaz(0.01845)	super(0.01601)	side(0.01525)	peopl(0.01404)	staff(0.01324)	delici(0.01234)	groupon(0.01223)	small(0.01204)	busi(0.01186)	time(0.01182)	open(0.01053)	thought(0.01046)	reason(0.00974)	star(0.00943)	feel(0.00929)	deal(0.00870)	custom(0.00868)	expect(0.00865)	offer(0.00849)	restaur(0.00782)	locat(0.00771)	work(0.00770)	yelp(0.00741)	soda(0.00712)	bread(0.00658)	share(0.00654)	
Topic 11(0.02081):	chicken(0.08258)	strip(0.03192)	star(0.02690)	time(0.02660)	serv(0.01872)	sauc(0.01746)	finger(0.01680)	cold(0.01466)	lunch(0.01248)	tabl(0.01235)	side(0.01164)	bring(0.01078)	joint(0.00985)	final(0.00975)	combo(0.00936)	pretti(0.00919)	seat(0.00912)	hungri(0.00812)	rais(0.00806)	busi(0.00795)	bread(0.00745)	cane(0.00712)	chicken-strip(0.00658)	super(0.00651)	choos(0.00603)	definit(0.00599)	fast(0.00597)	wait(0.00568)	waffl(0.00557)	delici(0.00547)	
Topic 12(0.02702):	taco(0.06397)	chip(0.03710)	mexican(0.02837)	burrito(0.01697)	bean(0.01691)	tortilla(0.01645)	nacho(0.01642)	fish(0.01372)	margarita(0.01319)	sauc(0.01155)	flavor(0.01001)	asada(0.00982)	guacamol(0.00931)	carn(0.00931)	delici(0.00820)	mexican-food(0.00816)	corn(0.00810)	carn-asada(0.00772)	restaur(0.00751)	shrimp(0.00681)	chipotl(0.00645)	sour(0.00609)	authent(0.00594)	enchilada(0.00593)	fajita(0.00574)	chicken(0.00567)	serv(0.00562)	fish-taco(0.00555)	street(0.00542)	cent(0.00504)	
Topic 13(0.04780):	chicken(0.05263)	rice(0.03297)	thai(0.03234)	curri(0.02676)	dish(0.01848)	sauc(0.01531)	restaur(0.01411)	spici(0.01379)	flavor(0.01345)	lunch(0.01145)	spice(0.00977)	hawaiian(0.00954)	wing(0.00922)	fri-rice(0.00795)	tast(0.00790)	boba(0.00763)	sweet(0.00696)	garlic(0.00685)	time(0.00659)	soup(0.00588)	pad-thai(0.00586)	best(0.00586)	indian(0.00585)	crispi(0.00580)	definit(0.00558)	poke(0.00555)	shrimp(0.00548)	favorit(0.00536)	small(0.00521)	delici(0.00517)	
Topic 14(0.02090):	time(0.10689)	pretti(0.02754)	lunch(0.02413)	seat(0.01695)	friend(0.01675)	price(0.01565)	tast(0.01472)	locat(0.01269)	yummi(0.01103)	soup(0.01079)	chicken(0.01008)	busi(0.00968)	tabl(0.00948)	today(0.00947)	small(0.00931)	deli(0.00921)	waitress(0.00850)	pass(0.00819)	side(0.00764)	pastrami(0.00756)	delici(0.00717)	clean(0.00666)	super(0.00648)	bring(0.00639)	eater(0.00638)	amaz(0.00603)	area(0.00574)	lunch-time(0.00573)	coupl(0.00571)	plate(0.00570)	
Topic 15(0.01908):	time(0.06989)	friend(0.03980)	offer(0.01646)	pretti(0.01139)	experi(0.01132)	expect(0.01059)	seat(0.01049)	work(0.01020)	extra(0.00991)	rock(0.00964)	valley(0.00962)	star(0.00898)	reason(0.00867)	appet(0.00858)	happi(0.00831)	special(0.00827)	kitchen(0.00775)	ranch(0.00770)	best(0.00704)	wait(0.00692)	staff(0.00681)	averag(0.00671)	select(0.00663)	walk(0.00647)	hungri(0.00642)	size(0.00597)	green-valley(0.00586)	point(0.00581)	serv(0.00560)	admit(0.00558)	
Topic 16(0.03667):	steak(0.02934)	tabl(0.02334)	manag(0.02051)	shake(0.01763)	onion(0.01464)	waiter(0.01246)	restaur(0.01200)	told(0.01192)	time(0.01097)	cook(0.01093)	reserv(0.01083)	waitress(0.00991)	rare(0.00951)	arriv(0.00910)	fast(0.00909)	medium(0.00869)	NUM-minut(0.00855)	hostess(0.00854)	card(0.00828)	patti(0.00792)	brought(0.00779)	experi(0.00768)	wait(0.00730)	ring(0.00722)	start(0.00689)	shack(0.00647)	blue(0.00607)	fast-food(0.00604)	bill(0.00594)	juici(0.00556)	
Topic 17(0.07470):	sushi(0.03579)	roll(0.03017)	buffet(0.02790)	happi-hour(0.02146)	happi(0.01990)	crab(0.01591)	shrimp(0.01555)	fish(0.01358)	tuna(0.01266)	salmon(0.01124)	time(0.01079)	price(0.00917)	dinner(0.00917)	seafood(0.00882)	sauc(0.00813)	spici(0.00778)	special(0.00719)	oyster(0.00718)	pretti(0.00716)	favorit(0.00706)	rice(0.00669)	sashimi(0.00616)	select(0.00602)	definit(0.00601)	tast(0.00576)	best(0.00575)	nigiri(0.00571)	lunch(0.00559)	restaur(0.00556)	chef(0.00548)	
Topic 18(0.01995):	time(0.04533)	tast(0.03040)	wait(0.02971)	tabl(0.01903)	restaur(0.01597)	start(0.01554)	pretti(0.01472)	best(0.01277)	friend(0.01261)	dinner(0.01068)	star(0.01066)	year(0.01027)	experi(0.00980)	seat(0.00968)	perfect(0.00870)	bite(0.00864)	insid(0.00771)	talk(0.00750)	staff(0.00750)	busi(0.00736)	waiter(0.00732)	lunch(0.00698)	vegetarian(0.00644)	rememb(0.00634)	consid(0.00625)	favorit(0.00615)	size(0.00601)	amount(0.00599)	vega(0.00554)	expect(0.00551)	
Topic 19(0.01891):	wait(0.03280)	locat(0.03174)	friend(0.02984)	price(0.02502)	busi(0.01473)	time(0.01466)	pretti(0.01466)	special(0.01393)	seat(0.01212)	close(0.01178)	staff(0.01097)	town(0.01053)	lunch(0.00967)	walk(0.00905)	area(0.00892)	work(0.00864)	favorit(0.00856)	open(0.00845)	super(0.00828)	tabl(0.00828)	small(0.00812)	side(0.00809)	recommend(0.00784)	drive(0.00768)	healthi(0.00723)	peopl(0.00706)	excel(0.00689)	find(0.00666)	reason(0.00621)	care(0.00609)	
Topic 20(0.01654):	chicken(0.01835)	plate(0.01641)	vega(0.01329)	restaur(0.01202)	serv(0.01125)	chef(0.01014)	choic(0.01003)	offer(0.00938)	southern(0.00880)	las-vega(0.00861)	tast(0.00830)	texa(0.00812)	concept(0.00812)	season(0.00797)	salad-bar(0.00754)	star(0.00734)	answer(0.00725)	famili(0.00717)	town(0.00705)	open(0.00642)	vegan(0.00639)	kitchen(0.00606)	arriv(0.00595)	dish(0.00563)	clear(0.00555)	smoke(0.00552)	excel(0.00547)	special(0.00545)	price(0.00537)	sort(0.00519)	
Topic 21(0.02298):	flavor(0.05185)	sweet(0.02039)	sauc(0.02004)	custard(0.01711)	frozen(0.01460)	spring(0.01264)	tast(0.01021)	fusion(0.00914)	arepa(0.00899)	snow(0.00893)	truck(0.00867)	small(0.00760)	textur(0.00748)	soft(0.00739)	shave(0.00734)	vietnames(0.00676)	roll(0.00659)	mountain(0.00641)	shred(0.00632)	fill(0.00583)	time(0.00561)	shrimp(0.00535)	asian(0.00534)	bread(0.00521)	spring-mountain(0.00518)	ball(0.00501)	banh(0.00473)	bite(0.00468)	creami(0.00459)	combin(0.00441)	
Topic 22(0.08829):	dish(0.01587)	steak(0.01380)	restaur(0.01271)	perfect(0.01115)	bread(0.01113)	flavor(0.01070)	wine(0.01022)	sauc(0.01020)	tast(0.00949)	dinner(0.00866)	serv(0.00826)	cours(0.00746)	cook(0.00701)	pasta(0.00689)	dine(0.00658)	delici(0.00657)	lobster(0.00631)	side(0.00622)	mushroom(0.00587)	best(0.00566)	truffl(0.00566)	tabl(0.00565)	plate(0.00546)	chef(0.00537)	experi(0.00522)	sweet(0.00513)	excel(0.00503)	cream(0.00502)	start(0.00501)	amaz(0.00487)	
Topic 23(0.02255):	friend(0.03619)	NUM-minut(0.02978)	star(0.02257)	wait(0.01869)	tabl(0.01691)	bottl(0.01609)	review(0.01608)	price(0.01489)	restaur(0.01482)	dine(0.01428)	night(0.01391)	second(0.01367)	area(0.01324)	experi(0.01322)	vega(0.01143)	factori(0.01043)	dinner(0.01012)	find(0.00999)	coke(0.00987)	close(0.00986)	locat(0.00893)	NUM-hour(0.00843)	feel(0.00714)	club(0.00695)	slow(0.00680)	custom(0.00619)	fact(0.00592)	dine-room(0.00585)	waitress(0.00579)	cheesecak-factori(0.00564)	
Topic 24(0.02112):	time(0.05138)	wait(0.03590)	price(0.03064)	pretti(0.03062)	friend(0.01757)	delici(0.01735)	lunch(0.01568)	tast(0.01461)	seat(0.01449)	open(0.01394)	review(0.01375)	peopl(0.01273)	restaur(0.01249)	amaz(0.01193)	definit(0.01065)	star(0.01002)	side(0.00977)	feel(0.00950)	super(0.00929)	town(0.00914)	special(0.00857)	vega(0.00792)	small(0.00783)	staff(0.00758)	expect(0.00714)	busi(0.00661)	locat(0.00624)	pretti-good(0.00621)	work(0.00606)	averag(0.00605)	
244 users are loaded from /zf18/ll5fy/lab/dataset/yelp/byUser_70k_review/5foldsCVColdstart/1/...
260 users are loaded from /zf18/ll5fy/lab/dataset/yelp/byUser_70k_review/5foldsCVColdstart/0/...
266 users are loaded from /zf18/ll5fy/lab/dataset/yelp/byUser_70k_review/5foldsCVColdstart/2/...
264 users are loaded from /zf18/ll5fy/lab/dataset/yelp/byUser_70k_review/5foldsCVColdstart/3/...
256 users are loaded from /zf18/ll5fy/lab/dataset/yelp/byUser_70k_review/5foldsCVColdstart/4/...
====================
[Info]Fold No. 1: 
train size = 13268, test size = 2575....
[Info]Initializing CTM Model...
[Info]EM iteration 0: likelihood is -5472610.13, converges to 1.0000...
[Info]EM iteration 1: likelihood is -4578422.99, converges to 0.1634...
[Info]EM iteration 2: likelihood is -4551359.04, converges to 0.0059...
[Info]EM iteration 3: likelihood is -4532423.54, converges to 0.0042...
[Info]EM iteration 4: likelihood is -4515166.93, converges to 0.0038...
[Info]EM iteration 5: likelihood is -4495097.76, converges to 0.0044...
[Info]EM iteration 6: likelihood is -4470985.51, converges to 0.0054...
[Info]EM iteration 7: likelihood is -4447457.71, converges to 0.0053...
[Info]EM iteration 8: likelihood is -4428371.40, converges to 0.0043...
[Info]EM iteration 9: likelihood is -4413509.90, converges to 0.0034...
[Info]EM iteration 10: likelihood is -4401594.87, converges to 0.0027...
[Info]EM iteration 11: likelihood is -4391346.51, converges to 0.0023...
[Info]EM iteration 12: likelihood is -4382255.03, converges to 0.0021...
[Info]EM iteration 13: likelihood is -4374200.51, converges to 0.0018...
[Info]EM iteration 14: likelihood is -4367079.48, converges to 0.0016...
[Info]EM iteration 15: likelihood is -4360738.23, converges to 0.0015...
[Info]EM iteration 16: likelihood is -4355008.71, converges to 0.0013...
[Info]EM iteration 17: likelihood is -4349740.41, converges to 0.0012...
[Info]EM iteration 18: likelihood is -4344828.37, converges to 0.0011...
[Info]EM iteration 19: likelihood is -4340223.42, converges to 0.0011...
[Info]EM iteration 20: likelihood is -4335937.60, converges to 0.0010...
[Info]EM iteration 21: likelihood is -4332010.06, converges to 0.0009...
[Info]EM iteration 22: likelihood is -4328438.77, converges to 0.0008...
[Info]EM iteration 23: likelihood is -4325072.68, converges to 0.0008...
[Info]EM iteration 24: likelihood is -4322044.96, converges to 0.0007...
[Info]EM iteration 25: likelihood is -4319386.54, converges to 0.0006...
[Info]EM iteration 26: likelihood is -4316990.18, converges to 0.0006...
[Info]EM iteration 27: likelihood is -4314814.89, converges to 0.0005...
[Info]EM iteration 28: likelihood is -4312784.61, converges to 0.0005...
[Info]EM iteration 29: likelihood is -4310913.98, converges to 0.0004...
[Info]EM iteration 30: likelihood is -4309219.42, converges to 0.0004...
[Info]Start evaluation in Normal
[Stat]Test set perplexity is 1291.779 and log-likelihood is -334.024
[Info]CTM[k:25]
 Train/Test finished in 990.92 seconds...
TopWord FilePath:/zf18/ll5fy/lab/dataset/yelp/byUser_70k_review/output/5foldsCVColdstart/1/CTM_topWords_25.txt
Topic 0(0.01679):	wait(0.02816)	bread(0.02247)	tabl(0.02050)	friend(0.01747)	restaur(0.01652)	famili(0.01552)	price(0.01467)	veggi(0.01177)	locat(0.01117)	small(0.01098)	chicken(0.01084)	star(0.01080)	definit(0.00957)	stick(0.00844)	extra(0.00838)	solid(0.00817)	finish(0.00808)	insid(0.00799)	size(0.00762)	night(0.00759)	tast(0.00758)	special(0.00720)	amaz(0.00712)	heard(0.00703)	busi(0.00692)	recommend(0.00677)	expect(0.00664)	excel(0.00651)	pretti-good(0.00650)	hungri(0.00635)	
Topic 1(0.01935):	definit(0.02968)	healthi(0.02349)	wrap(0.02288)	pretti(0.02280)	time(0.02007)	price(0.01910)	friend(0.01684)	tast(0.01503)	work(0.01378)	option(0.01304)	star(0.01288)	peopl(0.01258)	staff(0.01203)	soda(0.01195)	delici(0.01171)	sweet(0.00975)	spot(0.00926)	flavor(0.00883)	pretti-good(0.00772)	smoothi(0.00765)	crave(0.00753)	thought(0.00745)	turkey(0.00733)	experi(0.00706)	perfect(0.00669)	recommend(0.00645)	water(0.00637)	drink(0.00630)	tabl(0.00602)	rememb(0.00594)	
Topic 2(0.02090):	tabl(0.04012)	time(0.03514)	star(0.02853)	dinner(0.02564)	pretti(0.02511)	soup(0.02264)	wait(0.02190)	waiter(0.01842)	price(0.01613)	seat(0.01483)	peopl(0.01394)	waitress(0.01368)	busi(0.01292)	yelp(0.01159)	night(0.01157)	best(0.01139)	expect(0.01098)	delici(0.01021)	drink(0.00996)	appet(0.00964)	restaur(0.00845)	offer(0.00816)	amaz(0.00797)	attent(0.00791)	spot(0.00784)	start(0.00731)	NUM-minut(0.00722)	brought(0.00708)	alcohol(0.00698)	lunch(0.00684)	
Topic 3(0.02189):	crab(0.06083)	shrimp(0.05210)	seafood(0.02542)	juici(0.02248)	prime(0.02194)	pretti(0.01924)	prime-rib(0.01730)	crab-leg(0.01712)	oyster(0.01347)	pound(0.01187)	time(0.01103)	wait(0.01084)	delici(0.01055)	friend(0.01028)	crawfish(0.01006)	medium(0.00952)	sauc(0.00948)	tast(0.00937)	sweet-potato(0.00936)	season(0.00898)	corn(0.00869)	boil(0.00861)	blue(0.00839)	definit(0.00818)	side(0.00715)	NUM-year(0.00674)	potato-fri(0.00639)	yummi(0.00626)	star(0.00599)	night(0.00592)	
Topic 4(0.04183):	roll(0.05065)	sushi(0.05063)	tuna(0.02140)	fish(0.01941)	salmon(0.01709)	rice(0.01175)	time(0.01083)	sashimi(0.00988)	spici(0.00957)	sauc(0.00945)	chef(0.00894)	special(0.00845)	favorit(0.00794)	nigiri(0.00725)	restaur(0.00693)	dish(0.00626)	definit(0.00611)	price(0.00609)	dinner(0.00603)	piec(0.00594)	shrimp(0.00593)	poke(0.00590)	sake(0.00588)	lunch(0.00576)	tast(0.00573)	pretti(0.00552)	flavor(0.00542)	small(0.00520)	happi(0.00517)	friend(0.00501)	
Topic 5(0.01744):	donut(0.03239)	appl(0.01950)	open(0.01710)	friend(0.01671)	fill(0.01476)	sweet(0.01449)	vegan(0.01287)	offer(0.01096)	locat(0.00983)	tast(0.00873)	special(0.00772)	uniqu(0.00739)	delici(0.00727)	pick(0.00714)	work(0.00704)	chef(0.00633)	case(0.00628)	review(0.00627)	glaze(0.00615)	local(0.00612)	park(0.00596)	experi(0.00576)	town(0.00565)	pink(0.00561)	kitchen(0.00523)	extrem(0.00518)	time(0.00515)	find(0.00504)	best(0.00499)	vega(0.00482)	
Topic 6(0.02061):	fast(0.03455)	shake(0.03408)	truck(0.01448)	time(0.01367)	locat(0.01352)	patti(0.01312)	wait(0.01282)	fast-food(0.01203)	price(0.01003)	shack(0.00990)	super(0.00976)	offer(0.00964)	restaur(0.00960)	factori(0.00946)	coast(0.00904)	best(0.00892)	white(0.00846)	doubl(0.00800)	dine(0.00768)	busi(0.00751)	friend(0.00747)	joint(0.00704)	serv(0.00676)	hamburg(0.00643)	area(0.00641)	innout(0.00637)	cheesecak-factori(0.00635)	impress(0.00623)	year(0.00603)	delici(0.00585)	
Topic 7(0.02166):	korean(0.03112)	cook(0.02774)	beef(0.02450)	time(0.01877)	friend(0.01874)	short(0.01839)	pork(0.01789)	combo(0.01593)	vega(0.01591)	definit(0.01457)	tabl(0.01318)	short-rib(0.01175)	dish(0.01132)	favorit(0.00984)	price(0.00836)	side-dish(0.00833)	marin(0.00827)	restaur(0.00813)	walk(0.00801)	steam(0.00796)	belli(0.00775)	pretti(0.00714)	side(0.00707)	famili(0.00700)	deli(0.00696)	dinner(0.00676)	best(0.00656)	brisket(0.00617)	steak(0.00588)	star(0.00586)	
Topic 8(0.01790):	pretti(0.02184)	amaz(0.01736)	delici(0.01732)	feel(0.01630)	vega(0.01556)	tabl(0.01424)	wait(0.01413)	town(0.01358)	peopl(0.01320)	recommend(0.01277)	friend(0.01257)	start(0.01215)	find(0.01171)	star(0.01079)	small(0.01056)	busi(0.01035)	tast(0.01019)	seat(0.00990)	bread(0.00968)	reason(0.00950)	staff(0.00917)	yelp(0.00838)	side(0.00837)	locat(0.00828)	coupl(0.00794)	offer(0.00766)	drink(0.00762)	expect(0.00761)	night(0.00722)	slow(0.00680)	
Topic 9(0.05738):	cream(0.03750)	chocol(0.03632)	cake(0.03149)	sweet(0.02407)	flavor(0.02392)	ice-cream(0.02257)	cooki(0.01412)	tast(0.01319)	strawberri(0.01099)	crepe(0.01068)	boba(0.00885)	pastri(0.00807)	sugar(0.00775)	cupcak(0.00764)	time(0.00739)	bakeri(0.00720)	vanilla(0.00711)	custard(0.00660)	drink(0.00652)	delici(0.00650)	macaron(0.00647)	favorit(0.00629)	coffe(0.00629)	perfect(0.00588)	best(0.00557)	frozen(0.00526)	small(0.00508)	snow(0.00484)	shop(0.00470)	gelato(0.00465)	
Topic 10(0.01984):	coffe(0.04463)	drink(0.04253)	shop(0.02864)	friend(0.02152)	seat(0.01623)	pretti(0.01594)	cafe(0.01549)	staff(0.01489)	tast(0.01237)	cool(0.01138)	wall(0.01112)	coffe-shop(0.01044)	vega(0.01031)	valley(0.00875)	super-friend(0.00857)	cute(0.00819)	bring(0.00801)	beverag(0.00733)	time(0.00727)	busi(0.00711)	refil(0.00709)	area(0.00699)	amaz(0.00679)	super(0.00677)	peopl(0.00671)	environ(0.00668)	feel(0.00649)	delici(0.00632)	serv(0.00606)	ranch(0.00600)	
Topic 11(0.01700):	time(0.07869)	price(0.03021)	super(0.01612)	delici(0.01524)	friend(0.01359)	offer(0.01343)	rememb(0.01228)	option(0.01209)	lunch(0.01206)	locat(0.01170)	tabl(0.01148)	varieti(0.01103)	amaz(0.01064)	small(0.01051)	special(0.01035)	plate(0.00983)	find(0.00889)	staff(0.00862)	tast(0.00861)	favorit(0.00825)	fantast(0.00783)	work(0.00766)	bring(0.00693)	busi(0.00660)	wait(0.00637)	waitress(0.00615)	salad-bar(0.00609)	thought(0.00597)	review(0.00594)	restaur(0.00584)	
Topic 12(0.02100):	ramen(0.07218)	bowl(0.04740)	broth(0.03142)	pork(0.02065)	spici(0.01427)	belli(0.01367)	pork-belli(0.01262)	monta(0.01250)	time(0.01249)	flavor(0.01203)	wait(0.01151)	soup(0.01107)	small(0.00776)	tast(0.00758)	extra(0.00749)	cook(0.00720)	friend(0.00671)	sora(0.00593)	restaur(0.00568)	rice(0.00552)	seat(0.00551)	slice(0.00521)	shoyu(0.00518)	thin(0.00515)	vega(0.00513)	definit(0.00495)	side(0.00494)	base(0.00481)	perfect(0.00472)	tonkotsu(0.00464)	
Topic 13(0.03462):	breakfast(0.04762)	toast(0.02602)	french(0.02368)	pancak(0.02336)	brunch(0.02070)	waffl(0.01876)	bread(0.01458)	coffe(0.01308)	chicken(0.01169)	serv(0.00962)	sausag(0.00953)	dish(0.00845)	syrup(0.00842)	french-toast(0.00777)	side(0.00722)	benedict(0.00720)	banana(0.00641)	steak(0.00623)	omelet(0.00615)	omelett(0.00553)	cafe(0.00535)	mimosa(0.00513)	wait(0.00512)	stack(0.00501)	brown(0.00492)	velvet(0.00482)	friend(0.00469)	bouchon(0.00467)	choic(0.00461)	slice(0.00442)	
Topic 14(0.03632):	pizza(0.07428)	sauc(0.02063)	pasta(0.01830)	italian(0.01500)	crust(0.01257)	chicken(0.00894)	oliv(0.00888)	garlic(0.00868)	bread(0.00846)	meatbal(0.00845)	slice(0.00820)	dish(0.00766)	flavor(0.00745)	sausag(0.00709)	tast(0.00691)	mozzarella(0.00654)	popcorn(0.00629)	time(0.00612)	style(0.00595)	perfect(0.00577)	thin(0.00549)	mushroom(0.00539)	chicago(0.00523)	best(0.00513)	friend(0.00474)	restaur(0.00458)	shabu(0.00443)	oven(0.00438)	onion(0.00435)	pepperoni(0.00424)	
Topic 15(0.01755):	restaur(0.03801)	time(0.02379)	side(0.01714)	lunch(0.01686)	share(0.01473)	friend(0.01216)	perfect(0.01198)	best(0.01196)	truffl(0.01043)	chicken(0.00923)	style(0.00896)	drink(0.00829)	flavor(0.00826)	finger(0.00821)	dress(0.00820)	fall(0.00813)	serv(0.00790)	tast(0.00774)	rais(0.00760)	prepar(0.00740)	bring(0.00720)	tabl(0.00710)	delici(0.00610)	plan(0.00564)	wait(0.00560)	experi(0.00554)	impress(0.00548)	rate(0.00530)	attent(0.00515)	apart(0.00503)	
Topic 16(0.06755):	thai(0.02471)	rice(0.02406)	dish(0.02303)	chicken(0.02208)	curri(0.01688)	restaur(0.01565)	soup(0.01451)	beef(0.01156)	flavor(0.01148)	pork(0.01133)	spici(0.01131)	sauc(0.01057)	lunch(0.00948)	time(0.00943)	chines(0.00891)	tast(0.00734)	best(0.00671)	asian(0.00631)	shrimp(0.00620)	fri-rice(0.00616)	pretti(0.00576)	definit(0.00560)	vega(0.00554)	delici(0.00541)	favorit(0.00539)	spice(0.00535)	duck(0.00529)	sweet(0.00520)	friend(0.00496)	crispi(0.00490)	
Topic 17(0.06391):	buffet(0.04551)	custom(0.01741)	store(0.01698)	select(0.01552)	wait(0.01404)	card(0.01310)	station(0.01287)	price(0.01218)	told(0.01190)	manag(0.01171)	time(0.01045)	wine(0.00995)	NUM-minut(0.00900)	call(0.00897)	find(0.00860)	peopl(0.00816)	offer(0.00794)	custom-servic(0.00770)	work(0.00644)	review(0.00633)	star(0.00595)	experi(0.00594)	year(0.00592)	walk(0.00572)	deal(0.00496)	market(0.00483)	money(0.00474)	dinner(0.00462)	total(0.00448)	product(0.00445)	
Topic 18(0.22209):	room(0.01971)	vega(0.01720)	time(0.01522)	casino(0.01244)	hotel(0.01180)	stay(0.01099)	park(0.01019)	strip(0.01009)	night(0.01008)	peopl(0.00928)	walk(0.00802)	drink(0.00790)	area(0.00776)	pretti(0.00730)	club(0.00711)	play(0.00689)	music(0.00660)	seat(0.00645)	friend(0.00644)	shop(0.00639)	locat(0.00634)	las-vega(0.00623)	cool(0.00581)	restaur(0.00580)	pool(0.00580)	view(0.00506)	year(0.00500)	best(0.00492)	feel(0.00486)	crowd(0.00476)	
Topic 19(0.05745):	chicken(0.04746)	sauc(0.02812)	taco(0.02259)	chip(0.01551)	flavor(0.01521)	side(0.01283)	rice(0.01201)	pork(0.01038)	bean(0.00979)	mexican(0.00975)	onion(0.00962)	wing(0.00910)	beef(0.00906)	tast(0.00857)	hawaiian(0.00787)	spici(0.00770)	nacho(0.00705)	delici(0.00686)	burrito(0.00671)	sweet(0.00652)	tortilla(0.00646)	plate(0.00631)	tender(0.00619)	corn(0.00590)	crispi(0.00531)	time(0.00523)	definit(0.00513)	perfect(0.00510)	fish(0.00491)	serv(0.00459)	
Topic 20(0.08881):	steak(0.01735)	dish(0.01603)	restaur(0.01327)	flavor(0.01009)	perfect(0.01002)	tast(0.00903)	bread(0.00894)	cours(0.00876)	dinner(0.00831)	sauc(0.00822)	serv(0.00815)	cook(0.00810)	lobster(0.00789)	dine(0.00760)	wine(0.00693)	side(0.00678)	plate(0.00646)	tabl(0.00620)	experi(0.00612)	delici(0.00607)	excel(0.00549)	best(0.00538)	mushroom(0.00534)	night(0.00507)	sweet(0.00506)	cream(0.00503)	start(0.00495)	cake(0.00485)	amaz(0.00483)	chef(0.00478)	
Topic 21(0.01820):	friend(0.03759)	spot(0.02551)	price(0.02308)	lunch(0.01748)	pretti(0.01685)	restaur(0.01419)	time(0.01399)	delici(0.01302)	vega(0.01278)	amaz(0.01246)	cold(0.01235)	locat(0.01002)	strip(0.01000)	open(0.00991)	side(0.00872)	reason(0.00867)	drink(0.00833)	plate(0.00771)	busi(0.00767)	small(0.00700)	dinner(0.00700)	local(0.00696)	night(0.00683)	aloha(0.00673)	super(0.00668)	area(0.00666)	feel(0.00647)	cool(0.00625)	uuu-uuu(0.00608)	chowder(0.00584)	
Topic 22(0.01899):	time(0.05094)	star(0.03261)	lunch(0.02752)	peopl(0.02620)	pretti(0.02142)	best(0.01891)	delici(0.01575)	tabl(0.01528)	wait(0.01493)	tast(0.01346)	expect(0.01292)	drink(0.01198)	locat(0.01143)	definit(0.01116)	busi(0.01083)	serv(0.00879)	restaur(0.00856)	friend(0.00830)	open(0.00772)	bread(0.00748)	review(0.00746)	yelp(0.00744)	fill(0.00700)	return(0.00675)	side(0.00665)	recommend(0.00665)	town(0.00656)	averag(0.00627)	price(0.00592)	cold(0.00585)	
Topic 23(0.04075):	happi(0.07267)	beer(0.06416)	drink(0.05305)	happi-hour(0.04156)	time(0.01763)	seat(0.01361)	price(0.01312)	NUM-minut(0.01275)	patio(0.01236)	wait(0.01185)	bartend(0.01158)	special(0.01095)	tabl(0.01093)	area(0.00795)	select(0.00758)	friend(0.00697)	hostess(0.00663)	call(0.00641)	serv(0.00592)	martini(0.00507)	second(0.00506)	pretzel(0.00503)	pita(0.00501)	review(0.00493)	brew(0.00491)	appet(0.00482)	parti(0.00479)	night(0.00464)	good-food(0.00464)	waiter(0.00460)	
Topic 24(0.02015):	time(0.07295)	friend(0.05137)	pretti(0.03734)	wait(0.03377)	definit(0.02440)	best(0.02018)	price(0.01987)	lunch(0.01758)	staff(0.01362)	thought(0.01339)	peopl(0.01254)	feel(0.01151)	restaur(0.01132)	pretti-good(0.01079)	drink(0.00980)	tast(0.00967)	open(0.00938)	experi(0.00913)	dinner(0.00834)	night(0.00829)	reason(0.00795)	review(0.00743)	favorit(0.00736)	area(0.00732)	locat(0.00702)	busi(0.00681)	super(0.00677)	recommend(0.00675)	expect(0.00649)	bring(0.00628)	
266 users are loaded from /zf18/ll5fy/lab/dataset/yelp/byUser_70k_review/5foldsCVColdstart/2/...
260 users are loaded from /zf18/ll5fy/lab/dataset/yelp/byUser_70k_review/5foldsCVColdstart/0/...
244 users are loaded from /zf18/ll5fy/lab/dataset/yelp/byUser_70k_review/5foldsCVColdstart/1/...
264 users are loaded from /zf18/ll5fy/lab/dataset/yelp/byUser_70k_review/5foldsCVColdstart/3/...
256 users are loaded from /zf18/ll5fy/lab/dataset/yelp/byUser_70k_review/5foldsCVColdstart/4/...
====================
[Info]Fold No. 2: 
train size = 12778, test size = 3065....
[Info]Initializing CTM Model...
[Info]EM iteration 0: likelihood is -5209852.63, converges to 1.0000...
[Info]EM iteration 1: likelihood is -4354342.57, converges to 0.1642...
[Info]EM iteration 2: likelihood is -4328382.34, converges to 0.0060...
[Info]EM iteration 3: likelihood is -4307959.45, converges to 0.0047...
[Info]EM iteration 4: likelihood is -4284309.81, converges to 0.0055...
[Info]EM iteration 5: likelihood is -4258425.26, converges to 0.0060...
[Info]EM iteration 6: likelihood is -4235251.35, converges to 0.0054...
[Info]EM iteration 7: likelihood is -4217318.83, converges to 0.0042...
[Info]EM iteration 8: likelihood is -4203644.79, converges to 0.0032...
Line search failed. See documentation of routine mcsrch. Error return of line search: info = 6 Possible causes: function or gradient are incorrect, or incorrect tolerances. (iflag == -1)
	at LBFGS.LBFGS.lbfgs(LBFGS.java:458)
	at topicmodels.CTM.CTM.opt_nu(CTM.java:448)
	at topicmodels.CTM.CTM.varInference(CTM.java:201)
	at topicmodels.CTM.CTM.calculate_E_step(CTM.java:177)
	at topicmodels.CTM.CTM.EM(CTM.java:541)
	at topicmodels.TopicModel.oneFoldValidation(TopicModel.java:455)
	at mains.ETBIRExecution.main(ETBIRExecution.java:142)
[Info]EM iteration 9: likelihood is -4192302.43, converges to 0.0027...
[Info]EM iteration 10: likelihood is -4182444.20, converges to 0.0024...
[Info]EM iteration 11: likelihood is -4173906.74, converges to 0.0020...
Line search failed. See documentation of routine mcsrch. Error return of line search: info = 6 Possible causes: function or gradient are incorrect, or incorrect tolerances. (iflag == -1)
	at LBFGS.LBFGS.lbfgs(LBFGS.java:458)
	at topicmodels.CTM.CTM.opt_nu(CTM.java:448)
	at topicmodels.CTM.CTM.varInference(CTM.java:201)
	at topicmodels.CTM.CTM.calculate_E_step(CTM.java:177)
	at topicmodels.CTM.CTM.EM(CTM.java:541)
	at topicmodels.TopicModel.oneFoldValidation(TopicModel.java:455)
	at mains.ETBIRExecution.main(ETBIRExecution.java:142)
[Info]EM iteration 12: likelihood is -4166653.77, converges to 0.0017...
[Info]EM iteration 13: likelihood is -4160553.95, converges to 0.0015...
Line search failed. See documentation of routine mcsrch. Error return of line search: info = 6 Possible causes: function or gradient are incorrect, or incorrect tolerances. (iflag == -1)
	at LBFGS.LBFGS.lbfgs(LBFGS.java:458)
	at topicmodels.CTM.CTM.opt_nu(CTM.java:448)
	at topicmodels.CTM.CTM.varInference(CTM.java:201)
	at topicmodels.CTM.CTM.calculate_E_step(CTM.java:177)
	at topicmodels.CTM.CTM.EM(CTM.java:541)
	at topicmodels.TopicModel.oneFoldValidation(TopicModel.java:455)
	at mains.ETBIRExecution.main(ETBIRExecution.java:142)
[Info]EM iteration 14: likelihood is -4155385.49, converges to 0.0012...
Line search failed. See documentation of routine mcsrch. Error return of line search: info = 6 Possible causes: function or gradient are incorrect, or incorrect tolerances. (iflag == -1)
	at LBFGS.LBFGS.lbfgs(LBFGS.java:458)
	at topicmodels.CTM.CTM.opt_nu(CTM.java:448)
	at topicmodels.CTM.CTM.varInference(CTM.java:201)
	at topicmodels.CTM.CTM.calculate_E_step(CTM.java:177)
	at topicmodels.CTM.CTM.EM(CTM.java:541)
	at topicmodels.TopicModel.oneFoldValidation(TopicModel.java:455)
	at mains.ETBIRExecution.main(ETBIRExecution.java:142)
[Info]EM iteration 15: likelihood is -4150903.21, converges to 0.0011...
[Info]EM iteration 16: likelihood is -4146924.38, converges to 0.0010...
[Info]EM iteration 17: likelihood is -4143319.13, converges to 0.0009...
[Info]EM iteration 18: likelihood is -4139978.08, converges to 0.0008...
[Info]EM iteration 19: likelihood is -4136844.30, converges to 0.0008...
[Info]EM iteration 20: likelihood is -4133873.16, converges to 0.0007...
[Info]EM iteration 21: likelihood is -4131033.62, converges to 0.0007...
[Info]EM iteration 22: likelihood is -4128323.11, converges to 0.0007...
[Info]EM iteration 23: likelihood is -4125740.92, converges to 0.0006...
Line search failed. See documentation of routine mcsrch. Error return of line search: info = 6 Possible causes: function or gradient are incorrect, or incorrect tolerances. (iflag == -1)
	at LBFGS.LBFGS.lbfgs(LBFGS.java:458)
	at topicmodels.CTM.CTM.opt_nu(CTM.java:448)
	at topicmodels.CTM.CTM.varInference(CTM.java:201)
	at topicmodels.CTM.CTM.calculate_E_step(CTM.java:177)
	at topicmodels.CTM.CTM.EM(CTM.java:541)
	at topicmodels.TopicModel.oneFoldValidation(TopicModel.java:455)
	at mains.ETBIRExecution.main(ETBIRExecution.java:142)
[Info]EM iteration 24: likelihood is -4123263.82, converges to 0.0006...
[Info]EM iteration 25: likelihood is -4120880.78, converges to 0.0006...
[Info]EM iteration 26: likelihood is -4118527.27, converges to 0.0006...
[Info]EM iteration 27: likelihood is -4116252.55, converges to 0.0006...
[Info]EM iteration 28: likelihood is -4114154.59, converges to 0.0005...
[Info]EM iteration 29: likelihood is -4112146.84, converges to 0.0005...
[Info]EM iteration 30: likelihood is -4110139.34, converges to 0.0005...
[Info]Start evaluation in Normal
[Stat]Test set perplexity is 1352.541 and log-likelihood is -352.668
[Info]CTM[k:25]
 Train/Test finished in 896.50 seconds...
TopWord FilePath:/zf18/ll5fy/lab/dataset/yelp/byUser_70k_review/output/5foldsCVColdstart/2/CTM_topWords_25.txt
Topic 0(0.02056):	wait(0.04014)	time(0.02887)	NUM-minut(0.02457)	drink(0.01847)	restaur(0.01837)	pretti(0.01697)	kitchen(0.01673)	final(0.01216)	hostess(0.01166)	call(0.01097)	serv(0.01079)	manag(0.01037)	share(0.00887)	night(0.00853)	downtown(0.00841)	chip(0.00805)	ranch(0.00783)	second(0.00767)	waiter(0.00763)	happi(0.00761)	mention(0.00733)	wife(0.00672)	irish(0.00645)	expect(0.00637)	valley(0.00631)	tabl(0.00582)	suck(0.00563)	exact(0.00551)	chicken(0.00541)	talk(0.00539)	
Topic 1(0.02241):	drink(0.11624)	happi(0.08958)	pretti(0.08583)	happi-hour(0.05585)	time(0.01855)	pretti-good(0.01260)	star(0.01088)	price(0.00999)	bill(0.00976)	recommend(0.00957)	feel(0.00878)	best(0.00809)	special(0.00793)	favorit(0.00768)	definit(0.00714)	wait(0.00710)	beer(0.00675)	busi(0.00613)	patio(0.00590)	super(0.00543)	deal(0.00541)	amaz(0.00521)	year(0.00511)	parti(0.00487)	seat(0.00486)	close(0.00465)	park(0.00457)	experi(0.00449)	custom(0.00421)	coupl(0.00416)	
Topic 2(0.02089):	time(0.04332)	price(0.03288)	locat(0.02357)	definit(0.02095)	friend(0.01986)	seat(0.01908)	peopl(0.01723)	spot(0.01628)	best(0.01535)	busi(0.01275)	serv(0.01251)	open(0.01245)	wait(0.01241)	drink(0.01203)	pretti(0.01114)	reason(0.01070)	area(0.01003)	attent(0.00719)	kinda(0.00717)	clean(0.00691)	lunch(0.00691)	vega(0.00649)	cool(0.00625)	bring(0.00611)	call(0.00580)	healthi(0.00558)	yelp(0.00535)	start(0.00520)	drive(0.00506)	find(0.00498)	
Topic 3(0.02077):	time(0.04136)	drink(0.03475)	price(0.02399)	friend(0.02274)	truck(0.01630)	peopl(0.01381)	brunch(0.01287)	brew(0.01262)	staff(0.01035)	counter(0.00921)	cold(0.00871)	open(0.00819)	offer(0.00724)	thought(0.00718)	pleasant(0.00666)	smile(0.00638)	small(0.00627)	locat(0.00627)	spot(0.00624)	work(0.00596)	delici(0.00582)	tabl(0.00581)	best(0.00566)	mimosa(0.00561)	start(0.00546)	super(0.00533)	split(0.00526)	area(0.00524)	buck(0.00518)	pretti-good(0.00513)	
Topic 4(0.10606):	sushi(0.02393)	roll(0.02256)	rice(0.02213)	dish(0.01610)	thai(0.01551)	restaur(0.01372)	curri(0.01186)	spici(0.01104)	time(0.01095)	chicken(0.01042)	fish(0.01040)	sauc(0.00848)	lunch(0.00821)	shrimp(0.00766)	korean(0.00758)	flavor(0.00741)	special(0.00730)	definit(0.00710)	favorit(0.00704)	tuna(0.00701)	tast(0.00667)	pork(0.00652)	price(0.00638)	pretti(0.00630)	friend(0.00629)	soup(0.00594)	salmon(0.00581)	best(0.00567)	beef(0.00564)	vega(0.00543)	
Topic 5(0.01877):	truffl(0.02033)	waiter(0.01557)	special(0.01457)	serv(0.01439)	sweet-potato(0.01288)	boyfriend(0.01161)	star(0.01116)	potato-fri(0.01115)	ring(0.01088)	crawfish(0.01031)	request(0.01019)	tabl(0.01002)	start(0.00993)	friend(0.00949)	perfect(0.00882)	feel(0.00873)	juici(0.00870)	dinner(0.00765)	kitchen(0.00731)	time(0.00716)	bread(0.00705)	roast(0.00665)	find(0.00636)	deal(0.00614)	season(0.00609)	jalapeno(0.00590)	experi(0.00587)	delici(0.00579)	felt(0.00552)	sweet(0.00552)	
Topic 6(0.01906):	dish(0.02838)	wing(0.02245)	chicken(0.02204)	flavor(0.01852)	chef(0.01805)	tapa(0.01594)	tast(0.01488)	restaur(0.00957)	open(0.00848)	serv(0.00839)	offer(0.00772)	best(0.00740)	experi(0.00707)	firefli(0.00690)	space(0.00663)	small(0.00649)	excel(0.00605)	signatur(0.00548)	combin(0.00531)	passion(0.00529)	admit(0.00517)	chicken-wing(0.00501)	creativ(0.00478)	craft(0.00477)	complet(0.00474)	gelato(0.00465)	bitter(0.00446)	ingredi(0.00433)	spanish(0.00429)	vega(0.00409)	
Topic 7(0.01920):	friend(0.02919)	experi(0.02359)	amaz(0.02227)	waitress(0.01889)	small(0.01599)	brought(0.01406)	happi(0.01370)	review(0.01328)	flavor(0.01282)	delici(0.01239)	told(0.01218)	tabl(0.01205)	price(0.01190)	tast(0.01066)	birthday(0.01047)	seat(0.01028)	wait(0.00858)	rememb(0.00709)	warm(0.00648)	feel(0.00620)	offer(0.00618)	fish(0.00617)	hungri(0.00617)	peopl(0.00603)	serv(0.00591)	cold(0.00585)	piec(0.00571)	bite(0.00564)	expens(0.00563)	water(0.00560)	
Topic 8(0.02967):	ramen(0.05755)	soup(0.04659)	bowl(0.03504)	broth(0.02920)	time(0.01270)	monta(0.01219)	pork(0.01218)	flavor(0.01134)	spici(0.01001)	small(0.00816)	tast(0.00811)	extra(0.00788)	oxtail(0.00735)	wait(0.00719)	restaur(0.00683)	vega(0.00680)	pretti(0.00663)	best(0.00646)	rice(0.00617)	noodl-soup(0.00612)	cook(0.00588)	perfect(0.00570)	friend(0.00544)	seat(0.00524)	boil(0.00502)	definit(0.00486)	miso-ramen(0.00450)	sora(0.00444)	chicken(0.00422)	shoyu(0.00415)	
Topic 9(0.26802):	room(0.01709)	vega(0.01574)	time(0.01528)	casino(0.01048)	hotel(0.01005)	peopl(0.00955)	stay(0.00941)	night(0.00895)	park(0.00886)	strip(0.00857)	walk(0.00813)	drink(0.00739)	area(0.00711)	pretti(0.00702)	club(0.00650)	friend(0.00640)	shop(0.00611)	locat(0.00607)	store(0.00587)	play(0.00573)	las-vega(0.00571)	music(0.00562)	seat(0.00556)	price(0.00519)	restaur(0.00500)	view(0.00499)	year(0.00499)	pool(0.00493)	cool(0.00477)	feel(0.00470)	
Topic 10(0.04269):	chocol(0.04467)	cake(0.04174)	cream(0.03204)	sweet(0.02930)	flavor(0.02556)	cooki(0.01847)	ice-cream(0.01350)	pastri(0.01246)	tast(0.01234)	sugar(0.01202)	strawberri(0.01003)	cupcak(0.00957)	vanilla(0.00895)	bakeri(0.00878)	delici(0.00790)	peanut(0.00768)	favorit(0.00768)	perfect(0.00662)	macaron(0.00654)	custard(0.00626)	banana(0.00619)	velvet(0.00615)	treat(0.00572)	peanut-butter(0.00567)	white(0.00564)	crepe(0.00562)	best(0.00554)	donut(0.00521)	vegan(0.00505)	coffe(0.00478)	
Topic 11(0.03183):	pizza(0.09016)	pasta(0.01882)	italian(0.01818)	sauc(0.01667)	slice(0.01369)	crust(0.01358)	garlic(0.00971)	meatbal(0.00958)	deli(0.00830)	sausag(0.00754)	white(0.00726)	thin(0.00711)	chicago(0.00695)	tast(0.00694)	bread(0.00693)	dish(0.00672)	style(0.00647)	oliv(0.00639)	perfect(0.00598)	groceri(0.00571)	secret(0.00552)	best(0.00548)	mozzarella(0.00545)	deep(0.00528)	time(0.00520)	pepperoni(0.00510)	oven(0.00502)	small(0.00490)	serv(0.00424)	vega(0.00423)	
Topic 12(0.02346):	lunch(0.06489)	time(0.03766)	friend(0.03275)	star(0.03209)	side(0.02260)	boba(0.01980)	yelp(0.01512)	walk(0.01431)	wait(0.01212)	coupl(0.01195)	dinner(0.01186)	definit(0.01186)	price(0.01109)	delici(0.00960)	best(0.00895)	town(0.00863)	review(0.00799)	protein(0.00748)	easi(0.00743)	favorit(0.00729)	tabl(0.00723)	cook(0.00674)	peopl(0.00661)	calori(0.00632)	area(0.00630)	stuff(0.00592)	solid(0.00578)	pack(0.00565)	work(0.00563)	smoothi(0.00525)	
Topic 13(0.01963):	coffe(0.06256)	shop(0.02818)	friend(0.02265)	tast(0.01865)	definit(0.01548)	card(0.01505)	local(0.01500)	sweet(0.01207)	coffe-shop(0.01141)	pretti(0.01023)	honey(0.01020)	cute(0.00982)	peopl(0.00974)	size(0.00950)	custom(0.00919)	special(0.00882)	flavor(0.00880)	style(0.00868)	expect(0.00807)	perfect(0.00802)	beverag(0.00754)	vega(0.00717)	price(0.00714)	side(0.00660)	seat(0.00638)	stamp(0.00611)	share(0.00603)	book(0.00557)	super(0.00537)	best(0.00525)	
Topic 14(0.07124):	steak(0.02785)	restaur(0.01300)	lobster(0.01068)	bread(0.01057)	dinner(0.01050)	perfect(0.01034)	tast(0.00901)	cook(0.00878)	dish(0.00877)	shrimp(0.00870)	crab(0.00862)	flavor(0.00846)	wine(0.00823)	sauc(0.00814)	cours(0.00779)	dine(0.00774)	side(0.00749)	tabl(0.00744)	serv(0.00724)	mushroom(0.00655)	night(0.00638)	delici(0.00638)	excel(0.00616)	plate(0.00582)	start(0.00582)	medium(0.00577)	reserv(0.00544)	appet(0.00536)	experi(0.00521)	best(0.00491)	
Topic 15(0.04412):	buffet(0.06027)	taco(0.04191)	cream(0.01779)	mexican(0.01588)	station(0.01547)	ice-cream(0.01490)	crab(0.01265)	burrito(0.01112)	seafood(0.01016)	prime(0.00931)	tortilla(0.00886)	best(0.00855)	nacho(0.00849)	crab-leg(0.00840)	vega(0.00826)	prime-rib(0.00825)	select(0.00794)	chip(0.00786)	flavor(0.00783)	crepe(0.00778)	shrimp(0.00774)	margarita(0.00718)	bean(0.00713)	dinner(0.00652)	asada(0.00602)	pretti(0.00590)	offer(0.00579)	wait(0.00574)	snow(0.00553)	time(0.00548)	
Topic 16(0.02180):	time(0.05147)	drink(0.02334)	friend(0.02331)	beer(0.02326)	locat(0.02001)	lunch(0.01458)	definit(0.01381)	staff(0.01283)	price(0.01246)	work(0.01117)	custom(0.01115)	delici(0.01060)	experi(0.00995)	tabl(0.00988)	wait(0.00965)	super(0.00925)	spot(0.00916)	return(0.00877)	yummi(0.00837)	feel(0.00803)	slow(0.00789)	side(0.00772)	tast(0.00767)	favorit(0.00758)	area(0.00756)	review(0.00698)	expect(0.00673)	reason(0.00651)	deal(0.00648)	peopl(0.00641)	
Topic 17(0.01980):	restaur(0.02815)	delici(0.02229)	dine(0.01677)	friend(0.01515)	time(0.01508)	wait(0.01479)	famili(0.01396)	bread(0.01357)	review(0.01257)	area(0.01257)	year(0.01192)	veggi(0.01135)	tast(0.01086)	fill(0.01013)	experi(0.00993)	factori(0.00917)	dinner(0.00895)	chicken(0.00785)	tabl(0.00766)	insid(0.00765)	pineappl(0.00759)	expect(0.00704)	serv(0.00687)	hungri(0.00678)	banh(0.00650)	grill-chees(0.00638)	cheesecak-factori(0.00620)	open(0.00603)	peopl(0.00600)	star(0.00592)	
Topic 18(0.02084):	friend(0.03660)	time(0.03138)	busi(0.02961)	option(0.02649)	star(0.02473)	price(0.02314)	tabl(0.02005)	staff(0.01867)	best(0.01470)	night(0.01317)	peopl(0.01260)	reason(0.01228)	amaz(0.01093)	super(0.01075)	definit(0.00876)	vega(0.00875)	review(0.00814)	delici(0.00809)	town(0.00727)	thought(0.00708)	find(0.00701)	favorit(0.00684)	custom(0.00648)	matter(0.00607)	open(0.00595)	choos(0.00585)	feel(0.00580)	parti(0.00544)	expens(0.00543)	area(0.00538)	
Topic 19(0.03172):	breakfast(0.05504)	toast(0.03022)	waffl(0.02586)	pancak(0.02485)	french(0.02027)	brunch(0.01459)	cafe(0.01186)	bread(0.01125)	tabl(0.01078)	coffe(0.01041)	french-toast(0.01003)	syrup(0.00999)	sausag(0.00980)	benedict(0.00900)	chicken(0.00860)	banana(0.00790)	omelet(0.00746)	side(0.00741)	wait(0.00725)	brown(0.00646)	plate(0.00642)	seat(0.00629)	corn-beef(0.00560)	dish(0.00547)	omelett(0.00547)	friend(0.00538)	fluffi(0.00521)	serv(0.00495)	cream(0.00490)	stack(0.00482)	
Topic 20(0.02220):	chicken(0.11150)	plate(0.03368)	hawaiian(0.02027)	rice(0.01437)	indian(0.01393)	time(0.01326)	finger(0.01290)	tast(0.01216)	veget(0.01011)	friend(0.00985)	flavor(0.00959)	pretti(0.00877)	work(0.00830)	garlic(0.00812)	hawaii(0.00744)	poke(0.00717)	bring(0.00634)	restaur(0.00628)	finish(0.00617)	spice(0.00607)	definit(0.00591)	prepar(0.00574)	serv(0.00568)	leftov(0.00546)	offer(0.00520)	fill(0.00492)	local(0.00489)	special(0.00464)	cours(0.00451)	macaroni(0.00448)	
Topic 21(0.03971):	sauc(0.06076)	beef(0.03444)	pork(0.03121)	side(0.02472)	flavor(0.02000)	onion(0.01980)	sweet(0.01651)	chicken(0.01597)	spici(0.01422)	tender(0.01379)	juici(0.01166)	corn(0.01163)	bean(0.01004)	cook(0.00997)	bread(0.00963)	crispi(0.00951)	brisket(0.00865)	tast(0.00839)	perfect(0.00834)	pull(0.00831)	pickl(0.00812)	combo(0.00745)	chop(0.00738)	belli(0.00665)	dish(0.00615)	smoke(0.00599)	delici(0.00535)	piec(0.00532)	salt(0.00500)	slaw(0.00493)	
Topic 22(0.02123):	beer(0.03187)	wine(0.02925)	total(0.02880)	select(0.02812)	time(0.02499)	wait(0.02040)	locat(0.01886)	amaz(0.01448)	price(0.01418)	chicken(0.01371)	tast(0.01230)	delici(0.01151)	soda(0.01111)	super(0.01030)	town(0.00991)	star(0.00954)	strip(0.00943)	definit(0.00897)	review(0.00891)	feel(0.00880)	peopl(0.00854)	vega(0.00849)	tabl(0.00789)	recommend(0.00731)	find(0.00723)	heard(0.00720)	restaur(0.00700)	bottl(0.00662)	solid(0.00650)	thought(0.00613)	
Topic 23(0.02253):	restaur(0.03259)	shake(0.02869)	fast(0.02248)	week(0.01875)	beer(0.01668)	fast-food(0.01206)	tabl(0.01202)	shack(0.01190)	seat(0.01189)	manag(0.01064)	wait(0.00953)	expect(0.00816)	watch(0.00784)	dish(0.00752)	hamburg(0.00738)	patti(0.00734)	vega(0.00703)	cours(0.00683)	pretzel(0.00663)	coast(0.00636)	NUM-minut(0.00619)	strip(0.00569)	year(0.00562)	dine(0.00543)	innout(0.00519)	best(0.00498)	doubl(0.00496)	east(0.00494)	cheeseburg(0.00494)	impress(0.00481)	
Topic 24(0.02179):	time(0.04086)	tabl(0.01869)	price(0.01823)	busi(0.01629)	wait(0.01606)	locat(0.01596)	recommend(0.01517)	delici(0.01502)	friend(0.01329)	definit(0.01326)	tast(0.01273)	favorit(0.01219)	restaur(0.01202)	find(0.01064)	spot(0.01043)	pretti(0.00882)	peopl(0.00860)	work(0.00857)	vega(0.00856)	special(0.00839)	staff(0.00794)	open(0.00714)	start(0.00704)	thought(0.00702)	select(0.00672)	feel(0.00669)	amaz(0.00620)	area(0.00615)	small(0.00603)	super(0.00596)	
264 users are loaded from /zf18/ll5fy/lab/dataset/yelp/byUser_70k_review/5foldsCVColdstart/3/...
260 users are loaded from /zf18/ll5fy/lab/dataset/yelp/byUser_70k_review/5foldsCVColdstart/0/...
244 users are loaded from /zf18/ll5fy/lab/dataset/yelp/byUser_70k_review/5foldsCVColdstart/1/...
266 users are loaded from /zf18/ll5fy/lab/dataset/yelp/byUser_70k_review/5foldsCVColdstart/2/...
256 users are loaded from /zf18/ll5fy/lab/dataset/yelp/byUser_70k_review/5foldsCVColdstart/4/...
====================
[Info]Fold No. 3: 
train size = 12591, test size = 3252....
[Info]Initializing CTM Model...
[Info]EM iteration 0: likelihood is -5225556.11, converges to 1.0000...
[Info]EM iteration 1: likelihood is -4371774.57, converges to 0.1634...
[Info]EM iteration 2: likelihood is -4346385.96, converges to 0.0058...
[Info]EM iteration 3: likelihood is -4329185.94, converges to 0.0040...
[Info]EM iteration 4: likelihood is -4315301.65, converges to 0.0032...
[Info]EM iteration 5: likelihood is -4302067.85, converges to 0.0031...
[Info]EM iteration 6: likelihood is -4287143.12, converges to 0.0035...
[Info]EM iteration 7: likelihood is -4268863.82, converges to 0.0043...
[Info]EM iteration 8: likelihood is -4249070.09, converges to 0.0046...
[Info]EM iteration 9: likelihood is -4230700.85, converges to 0.0043...
[Info]EM iteration 10: likelihood is -4215351.47, converges to 0.0036...
[Info]EM iteration 11: likelihood is -4203139.49, converges to 0.0029...
[Info]EM iteration 12: likelihood is -4193132.96, converges to 0.0024...
[Info]EM iteration 13: likelihood is -4184596.63, converges to 0.0020...
[Info]EM iteration 14: likelihood is -4177234.82, converges to 0.0018...
[Info]EM iteration 15: likelihood is -4170974.93, converges to 0.0015...
[Info]EM iteration 16: likelihood is -4165670.80, converges to 0.0013...
Line search failed. See documentation of routine mcsrch. Error return of line search: info = 6 Possible causes: function or gradient are incorrect, or incorrect tolerances. (iflag == -1)
	at LBFGS.LBFGS.lbfgs(LBFGS.java:458)
	at topicmodels.CTM.CTM.opt_nu(CTM.java:448)
	at topicmodels.CTM.CTM.varInference(CTM.java:201)
	at topicmodels.CTM.CTM.calculate_E_step(CTM.java:177)
	at topicmodels.CTM.CTM.EM(CTM.java:541)
	at topicmodels.TopicModel.oneFoldValidation(TopicModel.java:455)
	at mains.ETBIRExecution.main(ETBIRExecution.java:142)
[Info]EM iteration 17: likelihood is -4161148.96, converges to 0.0011...
[Info]EM iteration 18: likelihood is -4157238.90, converges to 0.0009...
[Info]EM iteration 19: likelihood is -4153781.74, converges to 0.0008...
[Info]EM iteration 20: likelihood is -4150701.07, converges to 0.0007...
[Info]EM iteration 21: likelihood is -4147904.82, converges to 0.0007...
[Info]EM iteration 22: likelihood is -4145251.04, converges to 0.0006...
[Info]EM iteration 23: likelihood is -4142647.40, converges to 0.0006...
[Info]EM iteration 24: likelihood is -4139964.76, converges to 0.0006...
[Info]EM iteration 25: likelihood is -4137168.37, converges to 0.0007...
[Info]EM iteration 26: likelihood is -4134455.43, converges to 0.0007...
[Info]EM iteration 27: likelihood is -4132060.93, converges to 0.0006...
[Info]EM iteration 28: likelihood is -4129991.99, converges to 0.0005...
[Info]EM iteration 29: likelihood is -4128073.59, converges to 0.0005...
[Info]EM iteration 30: likelihood is -4126237.11, converges to 0.0004...
[Info]Start evaluation in Normal
[Stat]Test set perplexity is 1309.680 and log-likelihood is -325.993
[Info]CTM[k:25]
 Train/Test finished in 864.06 seconds...
TopWord FilePath:/zf18/ll5fy/lab/dataset/yelp/byUser_70k_review/output/5foldsCVColdstart/3/CTM_topWords_25.txt
Topic 0(0.09248):	rice(0.02694)	dish(0.02241)	pork(0.02227)	spici(0.01918)	thai(0.01795)	ramen(0.01777)	soup(0.01712)	sauc(0.01556)	flavor(0.01531)	beef(0.01473)	curri(0.01366)	restaur(0.01281)	bowl(0.00938)	chicken(0.00932)	broth(0.00924)	tast(0.00917)	time(0.00772)	cook(0.00744)	shrimp(0.00728)	definit(0.00704)	belli(0.00641)	favorit(0.00616)	best(0.00594)	delici(0.00590)	fri-rice(0.00532)	chines(0.00529)	serv(0.00529)	small(0.00522)	sweet(0.00518)	pork-belli(0.00515)	
Topic 1(0.11539):	steak(0.01573)	dish(0.01298)	restaur(0.01238)	bread(0.01116)	sauc(0.01032)	perfect(0.00984)	tast(0.00925)	flavor(0.00889)	dinner(0.00778)	wine(0.00745)	serv(0.00742)	cours(0.00711)	cook(0.00702)	dine(0.00669)	delici(0.00664)	side(0.00656)	mushroom(0.00629)	tabl(0.00605)	best(0.00589)	experi(0.00566)	lobster(0.00564)	plate(0.00535)	amaz(0.00524)	excel(0.00513)	night(0.00505)	start(0.00504)	truffl(0.00498)	appet(0.00492)	chef(0.00477)	pasta(0.00461)	
Topic 2(0.01817):	time(0.02193)	friend(0.02028)	pretti(0.01601)	price(0.01410)	manag(0.01320)	delici(0.01271)	told(0.01095)	offer(0.01028)	dine(0.00993)	bill(0.00945)	wait(0.00939)	work(0.00887)	kitchen(0.00869)	staff(0.00833)	bite(0.00795)	start(0.00763)	NUM-minut(0.00726)	option(0.00617)	rememb(0.00601)	afternoon(0.00598)	pass(0.00596)	special(0.00583)	american(0.00577)	season(0.00572)	explain(0.00571)	doubl(0.00570)	stand(0.00547)	reason(0.00539)	lucki(0.00537)	best(0.00531)	
Topic 3(0.02179):	flavor(0.04359)	sweet(0.03202)	tast(0.02561)	boba(0.02367)	drink(0.02237)	time(0.02033)	perfect(0.01443)	brew(0.01331)	salt(0.01135)	arepa(0.01044)	best(0.01006)	sugar(0.00908)	coffe(0.00900)	definit(0.00747)	strawberri(0.00718)	earl(0.00646)	amaz(0.00583)	pretti(0.00559)	mango(0.00558)	consist(0.00556)	experi(0.00545)	custom(0.00543)	snack(0.00537)	smoothi(0.00513)	real(0.00508)	talk(0.00499)	honey(0.00498)	favorit(0.00484)	turkey(0.00480)	find(0.00465)	
Topic 4(0.03393):	pizza(0.09631)	happi(0.08318)	happi-hour(0.04731)	slice(0.02342)	crust(0.01659)	sausag(0.01137)	garlic(0.01128)	style(0.01080)	thin(0.01073)	time(0.01071)	sauc(0.01040)	price(0.00940)	secret(0.00901)	white(0.00889)	chicago(0.00768)	pepperoni(0.00740)	best(0.00722)	special(0.00715)	meatbal(0.00699)	wing(0.00627)	deep(0.00589)	tast(0.00588)	dish(0.00568)	sport(0.00560)	italian(0.00508)	oven(0.00505)	hot-dog(0.00455)	crispi(0.00448)	ingredi(0.00431)	serv(0.00414)	
Topic 5(0.02548):	restaur(0.06469)	dinner(0.03027)	waiter(0.03009)	friend(0.02999)	review(0.02508)	star(0.02396)	yelp(0.01729)	delici(0.01605)	recommend(0.01535)	feel(0.01249)	price(0.01241)	pretti(0.01176)	tabl(0.01169)	open(0.01126)	definit(0.01079)	fantast(0.01073)	vega(0.01019)	tast(0.00988)	felt(0.00921)	choic(0.00882)	rate(0.00758)	thought(0.00726)	special(0.00703)	amaz(0.00685)	week(0.00684)	start(0.00644)	slow(0.00630)	night(0.00610)	serv(0.00596)	close(0.00541)	
Topic 6(0.02498):	friend(0.04417)	pretti(0.03285)	star(0.02631)	cafe(0.02523)	super(0.02400)	peopl(0.01429)	price(0.01309)	park(0.01190)	small(0.01170)	night(0.01139)	staff(0.01019)	oxtail(0.01001)	area(0.00984)	wait(0.00938)	side(0.00841)	type(0.00839)	spot(0.00809)	hungri(0.00798)	tabl(0.00760)	booth(0.00748)	walk(0.00714)	hawaii(0.00709)	cute(0.00688)	reason(0.00649)	cook(0.00643)	insid(0.00629)	cool(0.00619)	vega(0.00579)	choic(0.00577)	favorit(0.00550)	
Topic 7(0.02575):	coffe(0.04650)	shop(0.03143)	locat(0.02918)	month(0.02529)	rock(0.01685)	custom(0.01185)	product(0.01154)	card(0.01043)	offer(0.01026)	deal(0.01026)	snow(0.01025)	year(0.01016)	time(0.01000)	area(0.00880)	walk(0.00833)	red-rock(0.00802)	size(0.00780)	small(0.00768)	spring(0.00758)	bean(0.00734)	coffe-shop(0.00674)	shave(0.00669)	complet(0.00645)	reason(0.00642)	open(0.00636)	local(0.00630)	updat(0.00589)	work(0.00588)	west(0.00562)	treat(0.00553)	
Topic 8(0.03010):	sauc(0.02860)	strip(0.02317)	side(0.01877)	wine(0.01539)	chicken(0.01361)	price(0.01258)	store(0.01190)	bread(0.01188)	soda(0.01180)	select(0.01147)	finger(0.01079)	total(0.00953)	waffl(0.00940)	fast(0.00852)	combo(0.00852)	truck(0.00848)	time(0.00713)	fast-food(0.00703)	coke(0.00684)	bottl(0.00661)	ranch(0.00636)	bake(0.00626)	tabl(0.00617)	vega(0.00604)	rais(0.00600)	serv(0.00586)	brisket(0.00585)	bbq-sauc(0.00583)	find(0.00555)	joint(0.00530)	
Topic 9(0.02131):	wait(0.03409)	NUM-minut(0.03228)	tabl(0.03169)	vega(0.03030)	pretti(0.02099)	seat(0.01987)	locat(0.01910)	custom(0.01631)	final(0.01335)	friend(0.01333)	work(0.01103)	peopl(0.01068)	best(0.01044)	expect(0.01016)	busi(0.00976)	time(0.00961)	custom-servic(0.00956)	price(0.00867)	town(0.00846)	area(0.00812)	las-vega(0.00786)	restaur(0.00742)	refil(0.00692)	told(0.00688)	experi(0.00685)	understand(0.00680)	small(0.00674)	night(0.00653)	NUM-year(0.00625)	regist(0.00619)	
Topic 10(0.07780):	cream(0.03206)	sushi(0.02804)	roll(0.02465)	chocol(0.02425)	cake(0.02105)	ice-cream(0.01950)	flavor(0.01574)	sweet(0.01230)	cooki(0.01023)	tast(0.00955)	tuna(0.00935)	time(0.00786)	crepe(0.00744)	fish(0.00742)	pastri(0.00723)	favorit(0.00677)	salmon(0.00658)	strawberri(0.00652)	delici(0.00645)	cupcak(0.00576)	best(0.00552)	vanilla(0.00536)	definit(0.00481)	bakeri(0.00477)	small(0.00475)	coffe(0.00470)	chef(0.00450)	friend(0.00432)	sashimi(0.00422)	nigiri(0.00414)	
Topic 11(0.02081):	wait(0.04870)	spot(0.02286)	time(0.01966)	locat(0.01794)	friend(0.01630)	area(0.01490)	door(0.01450)	find(0.01431)	tabl(0.01393)	walk(0.01324)	close(0.01265)	peopl(0.01242)	seat(0.01193)	open(0.01082)	definit(0.01011)	insid(0.00923)	busi(0.00882)	counter(0.00874)	attent(0.00849)	amaz(0.00832)	final(0.00817)	wife(0.00801)	pick(0.00739)	review(0.00733)	call(0.00731)	star(0.00711)	yummi(0.00707)	suck(0.00685)	pretti(0.00682)	yelp(0.00641)	
Topic 12(0.02032):	star(0.02576)	definit(0.02322)	korean(0.02139)	restaur(0.02057)	feel(0.01759)	side(0.01529)	wait(0.01524)	pretti-good(0.01296)	dine(0.01127)	busi(0.01117)	cook(0.01026)	pita(0.01006)	combo(0.00959)	joint(0.00956)	pretti(0.00942)	friend(0.00896)	delici(0.00772)	town(0.00761)	staff(0.00754)	readi(0.00719)	honey(0.00709)	yelper(0.00707)	locat(0.00685)	famili(0.00680)	hamburg(0.00674)	best(0.00647)	seat(0.00639)	prefer(0.00634)	sweet-potato(0.00628)	surpris(0.00625)	
Topic 13(0.02018):	time(0.03192)	tabl(0.02495)	busi(0.02473)	price(0.02303)	find(0.01919)	pretti(0.01832)	area(0.01470)	wait(0.01445)	best(0.01401)	locat(0.01277)	definit(0.01219)	star(0.01122)	pretti-good(0.01116)	review(0.01110)	seat(0.00960)	attent(0.00953)	groceri(0.00827)	feel(0.00799)	reason(0.00791)	fast(0.00769)	super(0.00753)	clean(0.00746)	delici(0.00726)	staff(0.00714)	lunch(0.00709)	experi(0.00686)	custom(0.00669)	friend(0.00661)	option(0.00649)	open(0.00637)	
Topic 14(0.02060):	time(0.04190)	tabl(0.03410)	offer(0.01798)	onion(0.01792)	side(0.01770)	friend(0.01618)	seat(0.01562)	experi(0.01532)	option(0.01060)	arriv(0.01044)	omelet(0.01008)	NUM-minut(0.00976)	work(0.00974)	serv(0.00940)	water(0.00930)	steak(0.00914)	healthi(0.00891)	best(0.00879)	amaz(0.00878)	told(0.00841)	tast(0.00786)	second(0.00759)	clear(0.00738)	fact(0.00726)	sauc(0.00674)	star(0.00658)	sweet(0.00639)	refil(0.00570)	impress(0.00569)	request(0.00561)	
Topic 15(0.03153):	drink(0.15866)	beer(0.08014)	night(0.02364)	bartend(0.02134)	downtown(0.01969)	patio(0.01840)	appet(0.01111)	insid(0.01104)	select(0.00989)	time(0.00979)	experi(0.00951)	fremont(0.00797)	friend(0.00785)	busi(0.00733)	street(0.00723)	serv(0.00636)	talk(0.00634)	spot(0.00625)	craft(0.00595)	whiskey(0.00574)	expect(0.00542)	coupl(0.00532)	outdoor(0.00517)	NUM-minut(0.00499)	pretzel(0.00463)	interest(0.00455)	loung(0.00423)	yard(0.00416)	kitchen(0.00411)	size(0.00409)	
Topic 16(0.02306):	time(0.08472)	peopl(0.03373)	pretti(0.03101)	wait(0.03074)	friend(0.02565)	tabl(0.02476)	work(0.01659)	price(0.01518)	locat(0.01246)	busi(0.01109)	bring(0.01108)	parti(0.00942)	recommend(0.00768)	call(0.00726)	amaz(0.00710)	expect(0.00658)	cold(0.00639)	definit(0.00628)	water(0.00614)	delici(0.00610)	star(0.00607)	walk(0.00597)	spend(0.00576)	card(0.00574)	serious(0.00573)	type(0.00559)	stuff(0.00556)	shabu(0.00540)	felt(0.00531)	smashburg(0.00523)	
Topic 17(0.03031):	taco(0.05400)	chip(0.02477)	mexican(0.01976)	donut(0.01750)	burrito(0.01548)	nacho(0.01520)	tortilla(0.01219)	bean(0.01134)	flavor(0.01086)	pancak(0.01018)	margarita(0.00990)	tast(0.00937)	fish(0.00886)	vegan(0.00877)	asada(0.00787)	carn(0.00771)	sauc(0.00766)	guacamol(0.00745)	chipotl(0.00740)	delici(0.00646)	carn-asada(0.00646)	sweet(0.00612)	corn(0.00595)	breakfast(0.00562)	mexican-food(0.00550)	pink(0.00536)	sour(0.00512)	doughnut(0.00505)	shrimp(0.00504)	enchilada(0.00474)	
Topic 18(0.08885):	time(0.01811)	music(0.01673)	night(0.01600)	seat(0.01525)	peopl(0.01504)	club(0.01449)	play(0.01362)	vega(0.01179)	drink(0.01091)	cool(0.01031)	watch(0.01011)	danc(0.00922)	crowd(0.00889)	friend(0.00836)	pretti(0.00811)	ticket(0.00766)	theater(0.00754)	best(0.00602)	event(0.00595)	definit(0.00586)	local(0.00526)	parti(0.00493)	amaz(0.00492)	cirqu(0.00490)	entertain(0.00478)	price(0.00478)	experi(0.00478)	small(0.00466)	tabl(0.00457)	feel(0.00453)	
Topic 19(0.12412):	room(0.03361)	casino(0.02036)	vega(0.01991)	hotel(0.01866)	stay(0.01863)	park(0.01553)	strip(0.01542)	walk(0.01164)	time(0.01153)	shop(0.00985)	store(0.00943)	pool(0.00900)	area(0.00869)	las-vega(0.00805)	locat(0.00781)	restaur(0.00757)	view(0.00669)	clean(0.00616)	pretti(0.00577)	peopl(0.00566)	machin(0.00556)	year(0.00521)	find(0.00515)	night(0.00503)	feel(0.00437)	star(0.00422)	work(0.00410)	price(0.00405)	friend(0.00395)	open(0.00390)	
Topic 20(0.03558):	buffet(0.07161)	crab(0.02839)	seafood(0.01835)	shrimp(0.01708)	station(0.01676)	brunch(0.01471)	dinner(0.01327)	oyster(0.01244)	select(0.01211)	crab-leg(0.01024)	prime(0.01014)	time(0.00987)	price(0.00964)	vega(0.00882)	wait(0.00877)	prime-rib(0.00876)	plate(0.00832)	best(0.00795)	lunch(0.00748)	pretti(0.00704)	roast(0.00683)	asian(0.00668)	lobster(0.00652)	offer(0.00611)	tast(0.00591)	dish(0.00553)	salad-bar(0.00530)	serv(0.00517)	soup(0.00506)	clam(0.00505)	
Topic 21(0.01896):	time(0.05469)	friend(0.01986)	peopl(0.01634)	staff(0.01374)	favorit(0.01249)	super(0.01235)	open(0.01190)	best(0.01188)	review(0.01050)	feel(0.01000)	today(0.00952)	busi(0.00914)	serv(0.00906)	lunch(0.00813)	call(0.00798)	waitress(0.00795)	bite(0.00721)	special(0.00719)	pack(0.00716)	size(0.00668)	thought(0.00666)	steak(0.00662)	yummi(0.00652)	dinner(0.00642)	perfect(0.00639)	chicken-fri(0.00581)	experi(0.00580)	town(0.00556)	choic(0.00543)	area(0.00534)	
Topic 22(0.03279):	chicken(0.15268)	lunch(0.05429)	plate(0.02858)	wing(0.01523)	hawaiian(0.01360)	piec(0.01220)	garlic(0.01035)	delici(0.00977)	rice(0.00963)	flavor(0.00822)	indian(0.00819)	small(0.00714)	friend(0.00711)	restaur(0.00704)	side(0.00670)	sauc(0.00622)	teriyaki(0.00555)	bread(0.00547)	time(0.00513)	finish(0.00509)	poke(0.00500)	veget(0.00487)	definit(0.00484)	chicken-breast(0.00447)	bowl(0.00444)	tender(0.00442)	greasi(0.00419)	dinner(0.00412)	card(0.00408)	thought(0.00375)	
Topic 23(0.02303):	breakfast(0.05360)	toast(0.02328)	corn(0.02179)	french(0.01939)	time(0.01934)	side(0.01756)	restaur(0.01726)	waitress(0.01643)	bread(0.01538)	waffl(0.01476)	tast(0.01227)	pull(0.01148)	pancak(0.01142)	sweet(0.01008)	smoke(0.00997)	benedict(0.00981)	french-toast(0.00969)	syrup(0.00913)	patti(0.00864)	serv(0.00849)	chef(0.00837)	brought(0.00761)	year(0.00686)	beef(0.00678)	share(0.00665)	corn-beef(0.00660)	fall(0.00648)	cornbread(0.00634)	friend(0.00583)	banana(0.00582)	
Topic 24(0.02270):	time(0.05136)	price(0.03995)	pretti(0.03190)	friend(0.02470)	wait(0.02404)	definit(0.01983)	best(0.01481)	staff(0.01415)	locat(0.01265)	super(0.01190)	experi(0.01165)	amaz(0.01108)	reason(0.01103)	delici(0.01096)	find(0.01083)	tast(0.01038)	seat(0.01002)	vega(0.00908)	special(0.00820)	thought(0.00791)	side(0.00751)	favorit(0.00741)	review(0.00719)	coupl(0.00694)	serv(0.00685)	small(0.00682)	town(0.00635)	NUM-minut(0.00633)	expect(0.00623)	busi(0.00623)	
256 users are loaded from /zf18/ll5fy/lab/dataset/yelp/byUser_70k_review/5foldsCVColdstart/4/...
260 users are loaded from /zf18/ll5fy/lab/dataset/yelp/byUser_70k_review/5foldsCVColdstart/0/...
244 users are loaded from /zf18/ll5fy/lab/dataset/yelp/byUser_70k_review/5foldsCVColdstart/1/...
266 users are loaded from /zf18/ll5fy/lab/dataset/yelp/byUser_70k_review/5foldsCVColdstart/2/...
264 users are loaded from /zf18/ll5fy/lab/dataset/yelp/byUser_70k_review/5foldsCVColdstart/3/...
====================
[Info]Fold No. 4: 
train size = 12424, test size = 3419....
[Info]Initializing CTM Model...
[Info]EM iteration 0: likelihood is -5154892.27, converges to 1.0000...
[Info]EM iteration 1: likelihood is -4309565.62, converges to 0.1640...
[Info]EM iteration 2: likelihood is -4283645.42, converges to 0.0060...
[Info]EM iteration 3: likelihood is -4264517.64, converges to 0.0045...
[Info]EM iteration 4: likelihood is -4245959.59, converges to 0.0044...
Line search failed. See documentation of routine mcsrch. Error return of line search: info = 6 Possible causes: function or gradient are incorrect, or incorrect tolerances. (iflag == -1)
	at LBFGS.LBFGS.lbfgs(LBFGS.java:458)
	at topicmodels.CTM.CTM.opt_nu(CTM.java:448)
	at topicmodels.CTM.CTM.varInference(CTM.java:201)
	at topicmodels.CTM.CTM.calculate_E_step(CTM.java:177)
	at topicmodels.CTM.CTM.EM(CTM.java:541)
	at topicmodels.TopicModel.oneFoldValidation(TopicModel.java:455)
	at mains.ETBIRExecution.main(ETBIRExecution.java:142)
[Info]EM iteration 5: likelihood is -4223533.45, converges to 0.0053...
[Info]EM iteration 6: likelihood is -4197873.08, converges to 0.0061...
[Info]EM iteration 7: likelihood is -4173065.19, converges to 0.0059...
[Info]EM iteration 8: likelihood is -4152921.56, converges to 0.0048...
[Info]EM iteration 9: likelihood is -4138609.57, converges to 0.0034...
[Info]EM iteration 10: likelihood is -4128249.94, converges to 0.0025...
[Info]EM iteration 11: likelihood is -4120181.47, converges to 0.0020...
[Info]EM iteration 12: likelihood is -4113270.29, converges to 0.0017...
[Info]EM iteration 13: likelihood is -4106899.77, converges to 0.0015...
[Info]EM iteration 14: likelihood is -4100927.79, converges to 0.0015...
[Info]EM iteration 15: likelihood is -4095462.00, converges to 0.0013...
[Info]EM iteration 16: likelihood is -4090645.54, converges to 0.0012...
[Info]EM iteration 17: likelihood is -4086445.17, converges to 0.0010...
[Info]EM iteration 18: likelihood is -4082767.78, converges to 0.0009...
[Info]EM iteration 19: likelihood is -4079553.99, converges to 0.0008...
[Info]EM iteration 20: likelihood is -4076758.26, converges to 0.0007...
[Info]EM iteration 21: likelihood is -4074292.06, converges to 0.0006...
[Info]EM iteration 22: likelihood is -4072094.38, converges to 0.0005...
[Info]EM iteration 23: likelihood is -4070093.44, converges to 0.0005...
[Info]EM iteration 24: likelihood is -4068267.00, converges to 0.0004...
[Info]EM iteration 25: likelihood is -4066571.99, converges to 0.0004...
[Info]EM iteration 26: likelihood is -4064984.59, converges to 0.0004...
[Info]EM iteration 27: likelihood is -4063513.94, converges to 0.0004...
[Info]EM iteration 28: likelihood is -4062180.81, converges to 0.0003...
[Info]EM iteration 29: likelihood is -4060937.33, converges to 0.0003...
[Info]EM iteration 30: likelihood is -4059749.46, converges to 0.0003...
[Info]Start evaluation in Normal
[Stat]Test set perplexity is 1349.857 and log-likelihood is -327.513
[Info]CTM[k:25]
 Train/Test finished in 881.10 seconds...
TopWord FilePath:/zf18/ll5fy/lab/dataset/yelp/byUser_70k_review/output/5foldsCVColdstart/4/CTM_topWords_25.txt
Topic 0(0.01989):	pretti(0.02321)	drink(0.02283)	restaur(0.01711)	waiter(0.01628)	lunch(0.01457)	delici(0.01439)	night(0.01366)	tabl(0.01341)	popcorn(0.01329)	cool(0.01282)	star(0.01241)	friend(0.01205)	serv(0.01157)	experi(0.01141)	review(0.01072)	time(0.01015)	work(0.01009)	felt(0.00929)	walk(0.00928)	coupl(0.00787)	pretti-good(0.00772)	price(0.00753)	readi(0.00725)	NUM-minut(0.00724)	town(0.00722)	busi(0.00718)	locat(0.00705)	side(0.00703)	best(0.00701)	frozen(0.00695)	
Topic 1(0.01958):	restaur(0.02473)	small(0.01919)	time(0.01541)	seat(0.01487)	dinner(0.01380)	serv(0.01376)	open(0.01344)	hostess(0.01281)	definit(0.01274)	work(0.01229)	arriv(0.01142)	best(0.01060)	vega(0.01033)	friend(0.01018)	expect(0.00977)	tabl(0.00910)	walk(0.00900)	final(0.00892)	area(0.00887)	watch(0.00770)	plate(0.00734)	dine(0.00727)	peopl(0.00724)	treat(0.00711)	dish(0.00709)	attent(0.00668)	fill(0.00665)	dine-area(0.00659)	perfect(0.00648)	extra(0.00629)	
Topic 2(0.02331):	time(0.03427)	friend(0.03127)	star(0.02741)	price(0.02583)	wait(0.02579)	custom(0.02097)	walk(0.01186)	reason(0.01106)	deli(0.01067)	restaur(0.01025)	dine(0.00997)	staff(0.00950)	peopl(0.00930)	waiter(0.00846)	grill-chees(0.00816)	calori(0.00782)	vega(0.00763)	parti(0.00730)	deal(0.00689)	review(0.00671)	tabl(0.00664)	busi(0.00629)	experi(0.00617)	card(0.00616)	tire(0.00605)	area(0.00579)	bought(0.00571)	rate(0.00559)	pastrami(0.00558)	year(0.00556)	
Topic 3(0.01929):	time(0.02632)	lunch(0.02163)	delici(0.02067)	peopl(0.01653)	friend(0.01576)	spot(0.01395)	chicken(0.01159)	special(0.01145)	side(0.01130)	feel(0.01037)	tabl(0.01000)	tast(0.00977)	best(0.00970)	option(0.00914)	pack(0.00907)	thought(0.00890)	plate(0.00826)	area(0.00819)	super(0.00804)	flavor(0.00797)	kinda(0.00779)	small(0.00736)	wait(0.00731)	pretti-good(0.00725)	night(0.00711)	pretti(0.00704)	bloodi-mari(0.00684)	seat(0.00632)	hungri(0.00617)	dinner(0.00569)	
Topic 4(0.02022):	time(0.06585)	restaur(0.03043)	wait(0.02685)	tabl(0.01978)	tast(0.01692)	pretti(0.01564)	told(0.01431)	water(0.01211)	serv(0.01170)	dine(0.01058)	best(0.01054)	feel(0.01033)	return(0.01020)	clear(0.00955)	wife(0.00832)	star(0.00831)	busi(0.00795)	appet(0.00758)	share(0.00754)	friend(0.00751)	fact(0.00735)	experi(0.00717)	fantast(0.00717)	fill(0.00695)	vega(0.00676)	surpris(0.00648)	attent(0.00634)	averag(0.00616)	price(0.00589)	night(0.00588)	
Topic 5(0.06159):	happi(0.04558)	drink(0.04443)	happi-hour(0.03122)	beer(0.02376)	seat(0.02113)	music(0.01852)	time(0.01563)	bartend(0.01281)	night(0.01208)	cirqu(0.00897)	watch(0.00881)	favorit(0.00820)	price(0.00771)	peopl(0.00767)	perform(0.00760)	ticket(0.00702)	amaz(0.00700)	danc(0.00698)	stage(0.00685)	vega(0.00670)	play(0.00666)	pretti(0.00653)	definit(0.00621)	best(0.00620)	entertain(0.00587)	recommend(0.00556)	cool(0.00534)	friend(0.00503)	martini(0.00491)	band(0.00474)	
Topic 6(0.08559):	cream(0.03071)	chocol(0.02931)	flavor(0.01877)	ice-cream(0.01845)	cake(0.01815)	breakfast(0.01651)	sweet(0.01552)	coffe(0.01179)	pancak(0.01062)	cooki(0.01018)	tast(0.00920)	strawberri(0.00888)	time(0.00764)	toast(0.00751)	crepe(0.00697)	waffl(0.00674)	banana(0.00622)	pastri(0.00621)	delici(0.00605)	favorit(0.00583)	vanilla(0.00550)	best(0.00547)	cupcak(0.00544)	french(0.00527)	friend(0.00497)	velvet(0.00490)	donut(0.00479)	perfect(0.00445)	small(0.00438)	gelato(0.00432)	
Topic 7(0.03387):	buffet(0.07603)	crab(0.02423)	ramen(0.02064)	station(0.01741)	seafood(0.01443)	prime(0.01218)	crab-leg(0.01198)	select(0.01086)	prime-rib(0.01080)	oyster(0.01037)	dinner(0.01025)	time(0.01011)	vega(0.00949)	shrimp(0.00895)	best(0.00860)	wait(0.00859)	price(0.00766)	brunch(0.00739)	plate(0.00698)	lunch(0.00680)	pretti(0.00665)	offer(0.00653)	asian(0.00636)	soup(0.00621)	salad-bar(0.00569)	roast(0.00551)	tast(0.00487)	favorit(0.00458)	serv(0.00453)	night(0.00441)	
Topic 8(0.12752):	rice(0.02116)	roll(0.01785)	sushi(0.01736)	dish(0.01616)	thai(0.01454)	pork(0.01311)	spici(0.01299)	soup(0.01232)	chicken(0.01144)	restaur(0.01085)	flavor(0.01042)	time(0.00998)	sauc(0.00993)	curri(0.00970)	beef(0.00961)	fish(0.00808)	tast(0.00797)	favorit(0.00718)	definit(0.00662)	pretti(0.00631)	korean(0.00619)	shrimp(0.00616)	special(0.00584)	tuna(0.00584)	lunch(0.00581)	price(0.00578)	friend(0.00559)	belli(0.00557)	best(0.00555)	delici(0.00551)	
Topic 9(0.02049):	wait(0.08134)	tabl(0.06175)	NUM-minut(0.04507)	seat(0.02520)	time(0.02337)	peopl(0.02231)	friend(0.01744)	manag(0.01358)	expect(0.01354)	star(0.01345)	told(0.01190)	final(0.01139)	custom-servic(0.00994)	year(0.00993)	work(0.00923)	definit(0.00817)	open(0.00751)	custom(0.00741)	understand(0.00702)	turn(0.00669)	experi(0.00665)	NUM-year(0.00660)	busi(0.00638)	waitress(0.00589)	money(0.00586)	save(0.00577)	hostess(0.00566)	drink(0.00564)	attent(0.00557)	night(0.00552)	
Topic 10(0.04120):	chicken(0.06124)	sauc(0.04623)	side(0.03123)	beef(0.02049)	sweet(0.01724)	onion(0.01628)	flavor(0.01627)	combo(0.01238)	pork(0.01145)	bread(0.01123)	corn(0.01106)	perfect(0.01102)	cook(0.00988)	tender(0.00981)	juici(0.00940)	pull(0.00901)	brisket(0.00896)	smoke(0.00807)	sweet-potato(0.00798)	delici(0.00762)	tast(0.00719)	best(0.00661)	spici(0.00634)	pickl(0.00617)	white(0.00558)	potato-fri(0.00540)	crispi(0.00533)	bean(0.00524)	piec(0.00517)	waffl(0.00512)	
Topic 11(0.01974):	lunch(0.03055)	pretti(0.02935)	feel(0.02224)	star(0.02101)	friend(0.01919)	time(0.01772)	experi(0.01668)	bill(0.01377)	busi(0.01369)	seat(0.01193)	reason(0.01072)	dine(0.01060)	thought(0.00983)	night(0.00949)	wrap(0.00916)	dinner(0.00916)	special(0.00904)	recommend(0.00873)	amaz(0.00842)	peopl(0.00828)	tabl(0.00818)	serv(0.00818)	work(0.00796)	town(0.00745)	wait(0.00713)	call(0.00704)	start(0.00658)	find(0.00651)	coupl(0.00600)	cold(0.00591)	
Topic 12(0.02060):	friend(0.04957)	time(0.04675)	wing(0.02477)	price(0.02435)	beer(0.02408)	local(0.01477)	feel(0.01451)	work(0.01448)	cold(0.01123)	definit(0.01014)	wait(0.01013)	special(0.00980)	side(0.00937)	pretti(0.00910)	staff(0.00846)	small(0.00828)	busi(0.00759)	tabl(0.00744)	brought(0.00709)	strip(0.00684)	talk(0.00665)	prepar(0.00663)	english(0.00658)	yeah(0.00644)	coupl(0.00639)	bring(0.00637)	yelp(0.00623)	gonna(0.00620)	vega(0.00618)	appet(0.00589)	
Topic 13(0.03408):	taco(0.05681)	chip(0.02368)	mexican(0.02024)	coffe(0.01840)	shrimp(0.01471)	burrito(0.01394)	nacho(0.01323)	bean(0.01321)	flavor(0.01232)	tortilla(0.01219)	margarita(0.01032)	sauc(0.01002)	tast(0.00796)	corn(0.00779)	guacamol(0.00750)	asada(0.00741)	fish(0.00721)	spici(0.00717)	carn(0.00673)	rice(0.00665)	delici(0.00646)	mexican-food(0.00588)	locat(0.00574)	carn-asada(0.00574)	side(0.00560)	juici(0.00507)	restaur(0.00502)	fusion(0.00496)	enchilada(0.00476)	serv(0.00475)	
Topic 14(0.02012):	price(0.03156)	time(0.02746)	manag(0.02006)	pretti(0.01819)	peopl(0.01711)	reserv(0.01573)	busi(0.01571)	night(0.01460)	truck(0.01338)	star(0.01153)	definit(0.01091)	year(0.01048)	delici(0.00871)	vega(0.00841)	turkey(0.00814)	yelp(0.00775)	amaz(0.00774)	experi(0.00716)	drive(0.00690)	super(0.00639)	strip(0.00612)	thought(0.00606)	spot(0.00598)	seat(0.00587)	NUM-minut(0.00582)	uuu-uuu(0.00571)	bring(0.00553)	park(0.00552)	best(0.00544)	spend(0.00538)	
Topic 15(0.03341):	drink(0.05891)	locat(0.03984)	wine(0.02398)	review(0.02271)	select(0.02147)	time(0.01885)	staff(0.01865)	boba(0.01522)	door(0.01210)	find(0.01193)	store(0.01129)	star(0.00974)	total(0.00965)	bottl(0.00845)	friend(0.00843)	snack(0.00819)	peopl(0.00795)	open(0.00753)	beer(0.00727)	suck(0.00694)	area(0.00659)	price(0.00647)	pretti(0.00639)	month(0.00612)	card(0.00571)	sugar(0.00561)	smoothi(0.00559)	tast(0.00544)	call(0.00532)	sweet(0.00513)	
Topic 16(0.02141):	fast(0.03838)	shake(0.03457)	time(0.02975)	super(0.02142)	restaur(0.01568)	fast-food(0.01443)	friend(0.01441)	peopl(0.01347)	shack(0.01296)	size(0.01230)	doubl(0.01151)	locat(0.01068)	busi(0.00993)	chicken(0.00985)	pretti(0.00972)	lunch(0.00947)	blue(0.00924)	tast(0.00859)	insid(0.00775)	cheeseburg(0.00706)	definit(0.00684)	soda(0.00676)	amaz(0.00672)	coast(0.00651)	price(0.00643)	strip(0.00641)	east(0.00630)	watch(0.00597)	talk(0.00566)	wait(0.00564)	
Topic 17(0.02518):	pizza(0.11396)	slice(0.02415)	garlic(0.01792)	crust(0.01776)	sauc(0.01144)	meatbal(0.01036)	white(0.00961)	thin(0.00956)	ranch(0.00922)	style(0.00904)	sausag(0.00904)	secret(0.00884)	arepa(0.00883)	best(0.00818)	mozzarella(0.00791)	factori(0.00745)	pepperoni(0.00728)	flavor(0.00682)	valley(0.00633)	tast(0.00602)	rock(0.00594)	vega(0.00576)	perfect(0.00570)	cheesecak-factori(0.00565)	oven(0.00520)	delici(0.00515)	ricotta(0.00502)	time(0.00488)	fire(0.00476)	offer(0.00467)	
Topic 18(0.17465):	room(0.02505)	vega(0.01777)	hotel(0.01491)	casino(0.01417)	stay(0.01319)	time(0.01287)	strip(0.01187)	park(0.01144)	walk(0.00963)	shop(0.00902)	area(0.00888)	peopl(0.00863)	night(0.00839)	club(0.00758)	pool(0.00733)	pretti(0.00670)	view(0.00661)	las-vega(0.00616)	restaur(0.00608)	locat(0.00599)	store(0.00572)	play(0.00542)	friend(0.00524)	cool(0.00517)	find(0.00473)	year(0.00468)	crowd(0.00460)	feel(0.00441)	price(0.00429)	open(0.00429)	
Topic 19(0.02923):	chicken(0.03300)	plate(0.01396)	flavor(0.01076)	serv(0.01044)	dish(0.00992)	veget(0.00921)	small(0.00845)	restaur(0.00772)	chef(0.00733)	offer(0.00719)	sauc(0.00711)	bread(0.00701)	crispi(0.00689)	indian(0.00659)	space(0.00588)	kitchen(0.00577)	select(0.00574)	roast(0.00531)	garlic(0.00526)	strip(0.00515)	arriv(0.00496)	onion(0.00492)	sweet(0.00474)	spice(0.00471)	spinach(0.00468)	room(0.00453)	ingredi(0.00449)	las-vega(0.00433)	hummus(0.00418)	citi(0.00412)	
Topic 20(0.02181):	dish(0.04647)	pasta(0.03057)	bread(0.02870)	tast(0.01842)	sauc(0.01667)	italian(0.01601)	oliv(0.01487)	chef(0.01251)	cours(0.00992)	plate(0.00949)	dine(0.00792)	tabl(0.00772)	warm(0.00734)	spaghetti(0.00684)	truffl(0.00673)	restaur(0.00662)	favorit(0.00655)	sausag(0.00616)	salt(0.00593)	oliv-oil(0.00566)	appet(0.00563)	stuf(0.00517)	smoke(0.00473)	experi(0.00441)	pasti(0.00440)	simpl(0.00436)	zucchini(0.00422)	sweet(0.00402)	best(0.00401)	caviar(0.00386)	
Topic 21(0.02106):	time(0.04435)	dinner(0.02873)	restaur(0.02839)	price(0.02695)	delici(0.02442)	lunch(0.02386)	experi(0.02186)	amaz(0.01832)	wait(0.01830)	waitress(0.01560)	tabl(0.01372)	star(0.01297)	feel(0.01216)	brought(0.01177)	offer(0.01160)	peopl(0.01147)	friend(0.01130)	review(0.01002)	seat(0.00956)	definit(0.00829)	excel(0.00761)	rememb(0.00723)	spot(0.00700)	amount(0.00682)	tast(0.00682)	serv(0.00660)	recommend(0.00618)	deal(0.00618)	week(0.00595)	option(0.00579)	
Topic 22(0.06334):	steak(0.03327)	perfect(0.01450)	restaur(0.01356)	bread(0.01211)	lobster(0.01209)	wine(0.01182)	dinner(0.01102)	cours(0.01089)	dish(0.01045)	tast(0.01036)	flavor(0.01029)	cook(0.01014)	side(0.00878)	delici(0.00858)	serv(0.00776)	mushroom(0.00773)	start(0.00715)	amaz(0.00712)	sauc(0.00711)	best(0.00667)	dine(0.00658)	appet(0.00620)	shrimp(0.00617)	medium(0.00617)	excel(0.00614)	experi(0.00594)	night(0.00572)	filet(0.00568)	truffl(0.00555)	scallop(0.00547)	
Topic 23(0.02144):	friend(0.04105)	pretti(0.03165)	tabl(0.02579)	definit(0.02336)	price(0.01924)	peopl(0.01370)	best(0.01356)	yelp(0.01194)	special(0.01148)	tast(0.01128)	star(0.01125)	expect(0.01032)	staff(0.01030)	open(0.00981)	experi(0.00957)	wait(0.00947)	reason(0.00921)	bring(0.00902)	time(0.00895)	restaur(0.00863)	call(0.00856)	busi(0.00832)	parti(0.00827)	spot(0.00827)	fill(0.00781)	review(0.00771)	feel(0.00756)	small(0.00740)	good-food(0.00672)	beer(0.00653)	
Topic 24(0.02140):	pretti(0.03077)	definit(0.02262)	tabl(0.01485)	wait(0.01442)	restaur(0.01303)	staff(0.01215)	drink(0.01132)	special(0.01082)	expect(0.01078)	price(0.01027)	serv(0.01025)	recommend(0.01014)	waitress(0.00956)	small(0.00949)	seat(0.00920)	best(0.00896)	review(0.00853)	side(0.00846)	thought(0.00841)	time(0.00818)	busi(0.00784)	friend(0.00778)	spot(0.00769)	open(0.00751)	reason(0.00735)	option(0.00692)	super(0.00688)	night(0.00684)	offer(0.00658)	vega(0.00655)	

Part 0 -----------------Valid folds: 5
[Stat]Loglikelihood -332.175+/-11.095
[Stat]Perplexity 1320.976+/-25.333
