Load 6134 2-gram new features from /home/ll5fy/TUIR/dataset/yelp/yelp_features.txt...
1409 users are loaded from /home/ll5fy/TUIR/dataset/yelp/byUser_70k_review/data/...
Info File Path: /home/ll5fy/TUIR/dataset/yelp/byUser_70k_review/output/5foldsCVColdstart/ETBIR_Item_info.txt
[Info]Start FIXED cross validation...
260 users are loaded from /home/ll5fy/TUIR/dataset/yelp/byUser_70k_review/5foldsCVColdstart/0/...
244 users are loaded from /home/ll5fy/TUIR/dataset/yelp/byUser_70k_review/5foldsCVColdstart/1/...
266 users are loaded from /home/ll5fy/TUIR/dataset/yelp/byUser_70k_review/5foldsCVColdstart/2/...
264 users are loaded from /home/ll5fy/TUIR/dataset/yelp/byUser_70k_review/5foldsCVColdstart/3/...
256 users are loaded from /home/ll5fy/TUIR/dataset/yelp/byUser_70k_review/5foldsCVColdstart/4/...
====================
[Info]Fold No. 0: 
[Info]Analzying corpus: 
...........-- Global corpus: vocabulary size: 6134, review size: 15843, item size: 861, user size: 861
train size = 12311, test size = 3532....
[Info]Analying bipartie graph: 
-- train graph: review size: 12311, item size: 722, user size: 770
ETBIR_Item[k:5, alpha:1.01000, beta:1.00100, simga:1.01000, rho:1.01000, item~N(1.00000, 1.00000), user~N(1.00000, 1.00000)]

[Info]Initializing documents...
[Info]Initializing users...
[Info]Initializing items...
[Info]Initializing ETBIR model...
====================
[Info]Start EM iteration 1....
[Info]Multi-thread E-Step: 0 iteration, likelihood=-4014672.59, converge to 1.00000000
[Info]Multi-thread E-Step: 10 iteration, likelihood=-4076518.47, converge to 0.00001214
[Info]Multi-thread E-Step: 20 iteration, likelihood=-4077101.88, converge to 0.00001585
[Info]Finish E-Step: 21 iteration, likelihood: -4077101.8834
[Info]M-step 1....
--------------------------
[Info]EM iteration 1: likelihood is -4077101.88, converges to 4077102.88343361...

====================
[Info]Start EM iteration 2....
[Info]Multi-thread E-Step: 0 iteration, likelihood=-4076823.42, converge to 1.00000000
[Info]Multi-thread E-Step: 10 iteration, likelihood=-4075242.27, converge to 0.00003129
[Info]Multi-thread E-Step: 20 iteration, likelihood=-4074299.69, converge to 0.00001970
[Info]Finish E-Step: 21 iteration, likelihood: -4074299.6895
[Info]M-step 2....
--------------------------
[Info]EM iteration 2: likelihood is -4074299.69, converges to 0.00068730...

====================
[Info]Start EM iteration 3....
[Info]Multi-thread E-Step: 0 iteration, likelihood=-4070223.30, converge to 1.00000000
[Info]Multi-thread E-Step: 10 iteration, likelihood=-4057314.18, converge to 0.00013573
[Info]Multi-thread E-Step: 20 iteration, likelihood=-4053956.05, converge to 0.00005759
[Info]Finish E-Step: 21 iteration, likelihood: -4053956.0486
[Info]M-step 3....
--------------------------
[Info]EM iteration 3: likelihood is -4053956.05, converges to 0.00499316...

====================
[Info]Start EM iteration 4....
[Info]Multi-thread E-Step: 0 iteration, likelihood=-4031231.73, converge to 1.00000000
[Info]Multi-thread E-Step: 10 iteration, likelihood=-4003101.44, converge to 0.00017063
[Info]Multi-thread E-Step: 20 iteration, likelihood=-3998984.49, converge to 0.00007272
[Info]Finish E-Step: 21 iteration, likelihood: -3998984.4886
[Info]M-step 4....
--------------------------
[Info]EM iteration 4: likelihood is -3998984.49, converges to 0.01355998...

====================
[Info]Start EM iteration 5....
[Info]Multi-thread E-Step: 0 iteration, likelihood=-3951154.82, converge to 1.00000000
[Info]Multi-thread E-Step: 10 iteration, likelihood=-3933563.23, converge to 0.00010269
[Info]Multi-thread E-Step: 20 iteration, likelihood=-3930911.88, converge to 0.00004700
[Info]Finish E-Step: 21 iteration, likelihood: -3930911.8817
[Info]M-step 5....
--------------------------
[Info]EM iteration 5: likelihood is -3930911.88, converges to 0.01702247...

====================
[Info]Start EM iteration 6....
[Info]Multi-thread E-Step: 0 iteration, likelihood=-3893068.00, converge to 1.00000000
[Info]Multi-thread E-Step: 10 iteration, likelihood=-3889038.22, converge to 0.00003827
[Info]Multi-thread E-Step: 20 iteration, likelihood=-3888095.82, converge to 0.00001592
[Info]Finish E-Step: 21 iteration, likelihood: -3888095.8175
[Info]M-step 6....
--------------------------
[Info]EM iteration 6: likelihood is -3888095.82, converges to 0.01089215...

====================
[Info]Start EM iteration 7....
[Info]Multi-thread E-Step: 0 iteration, likelihood=-3868974.07, converge to 1.00000000
[Info]Multi-thread E-Step: 10 iteration, likelihood=-3868728.65, converge to 0.00000558
[Info]Multi-thread E-Step: 20 iteration, likelihood=-3868592.49, converge to 0.00000233
[Info]Finish E-Step: 21 iteration, likelihood: -3868592.4861
[Info]M-step 7....
--------------------------
[Info]EM iteration 7: likelihood is -3868592.49, converges to 0.00501617...

====================
[Info]Start EM iteration 8....
[Info]Multi-thread E-Step: 0 iteration, likelihood=-3858334.22, converge to 1.00000000
[Info]Multi-thread E-Step: 10 iteration, likelihood=-3858871.86, converge to 0.00000484
[Info]Finish E-Step: 20 iteration, likelihood: -3858957.5236
[Info]M-step 8....
--------------------------
[Info]EM iteration 8: likelihood is -3858957.52, converges to 0.00249056...

====================
[Info]Start EM iteration 9....
[Info]Multi-thread E-Step: 0 iteration, likelihood=-3852706.03, converge to 1.00000000
[Info]Multi-thread E-Step: 10 iteration, likelihood=-3853397.76, converge to 0.00000735
[Info]Multi-thread E-Step: 20 iteration, likelihood=-3853536.37, converge to 0.00000167
[Info]Finish E-Step: 21 iteration, likelihood: -3853536.3707
[Info]M-step 9....
--------------------------
[Info]EM iteration 9: likelihood is -3853536.37, converges to 0.00140482...

====================
[Info]Start EM iteration 10....
[Info]Multi-thread E-Step: 0 iteration, likelihood=-3849474.54, converge to 1.00000000
[Info]Multi-thread E-Step: 10 iteration, likelihood=-3850189.45, converge to 0.00000780
[Info]Multi-thread E-Step: 20 iteration, likelihood=-3850330.23, converge to 0.00000156
[Info]Finish E-Step: 21 iteration, likelihood: -3850330.2298
[Info]M-step 10....
--------------------------
[Info]EM iteration 10: likelihood is -3850330.23, converges to 0.00083200...

====================
[Info]Start EM iteration 11....
[Info]Multi-thread E-Step: 0 iteration, likelihood=-3847584.71, converge to 1.00000000
[Info]Multi-thread E-Step: 10 iteration, likelihood=-3848266.53, converge to 0.00000680
[Info]Multi-thread E-Step: 20 iteration, likelihood=-3848379.97, converge to 0.00000108
[Info]Finish E-Step: 21 iteration, likelihood: -3848379.9712
[Info]M-step 11....
--------------------------
[Info]EM iteration 11: likelihood is -3848379.97, converges to 0.00050652...

====================
[Info]Start EM iteration 12....
[Info]Multi-thread E-Step: 0 iteration, likelihood=-3846399.06, converge to 1.00000000
[Info]Multi-thread E-Step: 10 iteration, likelihood=-3846990.08, converge to 0.00000561
[Info]Multi-thread E-Step: 20 iteration, likelihood=-3847085.07, converge to 0.00000108
[Info]Finish E-Step: 21 iteration, likelihood: -3847085.0721
[Info]M-step 12....
--------------------------
[Info]EM iteration 12: likelihood is -3847085.07, converges to 0.00033648...

====================
[Info]Start EM iteration 13....
[Info]Multi-thread E-Step: 0 iteration, likelihood=-3845568.50, converge to 1.00000000
[Info]Multi-thread E-Step: 10 iteration, likelihood=-3846112.69, converge to 0.00000508
[Info]Finish E-Step: 20 iteration, likelihood: -3846195.1405
[Info]M-step 13....
--------------------------
[Info]EM iteration 13: likelihood is -3846195.14, converges to 0.00023133...

====================
[Info]Start EM iteration 14....
[Info]Multi-thread E-Step: 0 iteration, likelihood=-3845028.94, converge to 1.00000000
[Info]Multi-thread E-Step: 10 iteration, likelihood=-3845525.60, converge to 0.00000430
[Info]Finish E-Step: 19 iteration, likelihood: -3845593.5213
[Info]M-step 14....
--------------------------
[Info]EM iteration 14: likelihood is -3845593.52, converges to 0.00015642...

====================
[Info]Start EM iteration 15....
[Info]Multi-thread E-Step: 0 iteration, likelihood=-3844684.50, converge to 1.00000000
[Info]Multi-thread E-Step: 10 iteration, likelihood=-3845125.01, converge to 0.00000354
[Info]Finish E-Step: 18 iteration, likelihood: -3845175.6050
[Info]M-step 15....
--------------------------
[Info]EM iteration 15: likelihood is -3845175.60, converges to 0.00010867...

====================
[Info]Start EM iteration 16....
[Info]Multi-thread E-Step: 0 iteration, likelihood=-3844410.75, converge to 1.00000000
[Info]Multi-thread E-Step: 10 iteration, likelihood=-3844785.75, converge to 0.00000293
[Info]Finish E-Step: 16 iteration, likelihood: -3844821.2131
[Info]M-step 16....
--------------------------
[Info]EM iteration 16: likelihood is -3844821.21, converges to 0.00009217...

====================
[Info]Start EM iteration 17....
[Info]Multi-thread E-Step: 0 iteration, likelihood=-3844127.28, converge to 1.00000000
[Info]Multi-thread E-Step: 10 iteration, likelihood=-3844455.42, converge to 0.00000234
[Info]Finish E-Step: 15 iteration, likelihood: -3844481.7455
[Info]M-step 17....
--------------------------
[Info]EM iteration 17: likelihood is -3844481.75, converges to 0.00008829...

====================
[Info]Start EM iteration 18....
[Info]Multi-thread E-Step: 0 iteration, likelihood=-3843804.92, converge to 1.00000000
[Info]Multi-thread E-Step: 10 iteration, likelihood=-3844083.73, converge to 0.00000189
[Info]Finish E-Step: 14 iteration, likelihood: -3844102.4523
[Info]M-step 18....
--------------------------
[Info]EM iteration 18: likelihood is -3844102.45, converges to 0.00009866...

====================
[Info]Start EM iteration 19....
[Info]Multi-thread E-Step: 0 iteration, likelihood=-3843441.21, converge to 1.00000000
[Info]Multi-thread E-Step: 10 iteration, likelihood=-3843684.90, converge to 0.00000163
[Info]Finish E-Step: 13 iteration, likelihood: -3843697.6928
[Info]M-step 19....
--------------------------
[Info]EM iteration 19: likelihood is -3843697.69, converges to 0.00010529...

====================
[Info]Start EM iteration 20....
[Info]Multi-thread E-Step: 0 iteration, likelihood=-3843108.65, converge to 1.00000000
[Info]Multi-thread E-Step: 10 iteration, likelihood=-3843326.84, converge to 0.00000146
[Info]Finish E-Step: 12 iteration, likelihood: -3843335.0515
[Info]M-step 20....
--------------------------
[Info]EM iteration 20: likelihood is -3843335.05, converges to 0.00009435...

====================
[Info]Start EM iteration 21....
[Info]Multi-thread E-Step: 0 iteration, likelihood=-3842786.66, converge to 1.00000000
[Info]Multi-thread E-Step: 10 iteration, likelihood=-3842978.88, converge to 0.00000125
[Info]Finish E-Step: 11 iteration, likelihood: -3842982.6470
[Info]M-step 21....
--------------------------
[Info]EM iteration 21: likelihood is -3842982.65, converges to 0.00009169...

====================
[Info]Start EM iteration 22....
[Info]Multi-thread E-Step: 0 iteration, likelihood=-3842477.33, converge to 1.00000000
[Info]Finish E-Step: 10 iteration, likelihood: -3842651.9101
[Info]M-step 22....
--------------------------
[Info]EM iteration 22: likelihood is -3842651.91, converges to 0.00008606...

====================
[Info]Start EM iteration 23....
[Info]Multi-thread E-Step: 0 iteration, likelihood=-3842211.75, converge to 1.00000000
[Info]Finish E-Step: 10 iteration, likelihood: -3842371.2689
[Info]M-step 23....
--------------------------
[Info]EM iteration 23: likelihood is -3842371.27, converges to 0.00007303...

====================
[Info]Start EM iteration 24....
[Info]Multi-thread E-Step: 0 iteration, likelihood=-3841968.15, converge to 1.00000000
[Info]Finish E-Step: 10 iteration, likelihood: -3842112.3026
[Info]M-step 24....
--------------------------
[Info]EM iteration 24: likelihood is -3842112.30, converges to 0.00006740...

====================
[Info]Start EM iteration 25....
[Info]Multi-thread E-Step: 0 iteration, likelihood=-3841721.71, converge to 1.00000000
[Info]Finish E-Step: 9 iteration, likelihood: -3841846.6087
[Info]M-step 25....
--------------------------
[Info]EM iteration 25: likelihood is -3841846.61, converges to 0.00006915...

====================
[Info]Start EM iteration 26....
[Info]Multi-thread E-Step: 0 iteration, likelihood=-3841468.52, converge to 1.00000000
[Info]Finish E-Step: 8 iteration, likelihood: -3841578.8383
[Info]M-step 26....
--------------------------
[Info]EM iteration 26: likelihood is -3841578.84, converges to 0.00006970...

====================
[Info]Start EM iteration 27....
[Info]Multi-thread E-Step: 0 iteration, likelihood=-3841243.28, converge to 1.00000000
[Info]Finish E-Step: 8 iteration, likelihood: -3841346.5984
[Info]M-step 27....
--------------------------
[Info]EM iteration 27: likelihood is -3841346.60, converges to 0.00006045...

====================
[Info]Start EM iteration 28....
[Info]Multi-thread E-Step: 0 iteration, likelihood=-3841058.43, converge to 1.00000000
[Info]Finish E-Step: 8 iteration, likelihood: -3841154.9014
[Info]M-step 28....
--------------------------
[Info]EM iteration 28: likelihood is -3841154.90, converges to 0.00004990...

====================
[Info]Start EM iteration 29....
[Info]Multi-thread E-Step: 0 iteration, likelihood=-3840906.51, converge to 1.00000000
[Info]Finish E-Step: 7 iteration, likelihood: -3840993.3524
[Info]M-step 29....
--------------------------
[Info]EM iteration 29: likelihood is -3840993.35, converges to 0.00004206...

[Info]Analying bipartie graph: 
-- test graph: review size: 3532, item size: 211, user size: 260
[Info]Start evaluation in thread
---likelihood: -1059452.9269679184
---likelihood: -1059314.1421325346
---likelihood: -1059224.007282187
---likelihood: -1059091.6100331624
---likelihood: -1058946.1813476733
---likelihood: -1058769.4368454046
---likelihood: -1058596.2363519338
---likelihood: -1058628.4140864674
---likelihood: -1058603.8371970009
---likelihood: -1058570.6586900384
---likelihood: -1058462.1309487564
---likelihood: -1058468.5117968451
---likelihood: -1058405.229182155
---likelihood: -1058271.4151128037
---likelihood: -1058276.7560100455
---likelihood: -1058258.534119979
---likelihood: -1058146.509157772
---likelihood: -1058062.7396932773
---likelihood: -1058009.037133982
---likelihood: -1058138.137153638
---likelihood: -1058026.336424024
[Info]Inference finished: likelihood: -1058026.3364
[Stat]Test evaluation finished: 3532 docs
[Stat]0 part has 817.000000 docs: perplexity is 868.338 and log-likelihood is -310.178
[Stat]1 part has 303.000000 docs: perplexity is 833.744 and log-likelihood is -312.234
[Stat]2 part has 1696.000000 docs: perplexity is 814.061 and log-likelihood is -297.739
[Stat]3 part has 716.000000 docs: perplexity is 739.452 and log-likelihood is -286.803
[Stat]4 part has 3532.000000 docs: perplexity is 811.248 and log-likelihood is -299.554
[Info]ETBIR_Item[k:5, alpha:1.01000, beta:1.00100, simga:1.01000, rho:1.01000, item~N(1.00000, 1.00000), user~N(1.00000, 1.00000)]
 Train/Test SUCCEED in 203.85 seconds...
TopWord FilePath:/home/ll5fy/TUIR/dataset/yelp/byUser_70k_review/output/5foldsCVColdstart/0/ETBIR_Item_topWords_5.txt
Topic 0(0.20284):	pizza(0.01401)	sauc(0.01313)	steak(0.01257)	restaur(0.01184)	chicken(0.01180)	bread(0.01125)	dish(0.01063)	side(0.01059)	tast(0.00966)	perfect(0.00951)	dinner(0.00879)	serv(0.00864)	flavor(0.00811)	delici(0.00797)	tabl(0.00785)	cook(0.00746)	dine(0.00679)	wine(0.00624)	best(0.00601)	friend(0.00598)	time(0.00579)	plate(0.00566)	cours(0.00514)	onion(0.00502)	beef(0.00490)	mushroom(0.00489)	experi(0.00458)	start(0.00457)	appet(0.00450)	pasta(0.00443)	
Topic 1(0.20783):	room(0.02250)	drink(0.02145)	vega(0.01922)	strip(0.01472)	night(0.01367)	casino(0.01255)	time(0.01190)	stay(0.01157)	hotel(0.01114)	area(0.01109)	locat(0.01105)	pretti(0.01100)	park(0.00899)	beer(0.00883)	peopl(0.00796)	cool(0.00767)	walk(0.00749)	price(0.00739)	friend(0.00724)	club(0.00717)	restaur(0.00714)	play(0.00690)	las-vega(0.00650)	view(0.00637)	tabl(0.00613)	music(0.00601)	crowd(0.00570)	pool(0.00566)	feel(0.00487)	insid(0.00483)	
Topic 2(0.16571):	cream(0.01914)	flavor(0.01595)	chocol(0.01570)	sweet(0.01509)	cake(0.01336)	buffet(0.01252)	tast(0.01111)	ice-cream(0.01022)	thai(0.00936)	breakfast(0.00907)	coffe(0.00874)	delici(0.00840)	time(0.00800)	curri(0.00774)	best(0.00710)	friend(0.00709)	pancak(0.00622)	toast(0.00587)	definit(0.00567)	select(0.00552)	chicken(0.00552)	favorit(0.00545)	cooki(0.00531)	strawberri(0.00507)	small(0.00482)	waffl(0.00472)	fill(0.00464)	offer(0.00463)	serv(0.00458)	brunch(0.00447)	
Topic 3(0.20601):	time(0.02939)	wait(0.01916)	seat(0.01524)	peopl(0.01398)	friend(0.00905)	NUM-minut(0.00901)	star(0.00860)	review(0.00783)	tabl(0.00759)	store(0.00739)	year(0.00737)	walk(0.00728)	busi(0.00688)	vega(0.00682)	price(0.00661)	work(0.00655)	shop(0.00625)	experi(0.00612)	find(0.00611)	custom(0.00585)	staff(0.00568)	pretti(0.00542)	amaz(0.00531)	open(0.00528)	told(0.00500)	watch(0.00489)	call(0.00488)	feel(0.00481)	close(0.00478)	manag(0.00455)	
Topic 4(0.21761):	rice(0.01454)	roll(0.01312)	time(0.01309)	sushi(0.01256)	pork(0.01204)	chicken(0.01126)	restaur(0.01053)	spici(0.01051)	sauc(0.01045)	pretti(0.00988)	dish(0.00978)	soup(0.00921)	friend(0.00905)	tast(0.00865)	happi(0.00864)	ramen(0.00863)	lunch(0.00860)	fish(0.00844)	shrimp(0.00837)	flavor(0.00832)	price(0.00811)	taco(0.00807)	definit(0.00791)	beef(0.00737)	happi-hour(0.00667)	delici(0.00649)	bowl(0.00618)	favorit(0.00606)	special(0.00580)	side(0.00578)	
244 users are loaded from /home/ll5fy/TUIR/dataset/yelp/byUser_70k_review/5foldsCVColdstart/1/...
260 users are loaded from /home/ll5fy/TUIR/dataset/yelp/byUser_70k_review/5foldsCVColdstart/0/...
266 users are loaded from /home/ll5fy/TUIR/dataset/yelp/byUser_70k_review/5foldsCVColdstart/2/...
264 users are loaded from /home/ll5fy/TUIR/dataset/yelp/byUser_70k_review/5foldsCVColdstart/3/...
256 users are loaded from /home/ll5fy/TUIR/dataset/yelp/byUser_70k_review/5foldsCVColdstart/4/...
====================
[Info]Fold No. 1: 
[Info]Analzying corpus: 
...........-- Global corpus: vocabulary size: 6134, review size: 15843, item size: 861, user size: 861
train size = 13268, test size = 2575....
[Info]Analying bipartie graph: 
-- train graph: review size: 13268, item size: 732, user size: 782
ETBIR_Item[k:5, alpha:1.01000, beta:1.00100, simga:1.01000, rho:1.01000, item~N(1.00000, 1.00000), user~N(1.00000, 1.00000)]

[Info]Initializing documents...
[Info]Initializing users...
[Info]Initializing items...
[Info]Initializing ETBIR model...
====================
[Info]Start EM iteration 1....
[Info]Multi-thread E-Step: 0 iteration, likelihood=-4282398.78, converge to 1.00000000
[Info]Multi-thread E-Step: 10 iteration, likelihood=-4347218.10, converge to 0.00001219
[Info]Multi-thread E-Step: 20 iteration, likelihood=-4347829.79, converge to 0.00001545
[Info]Finish E-Step: 21 iteration, likelihood: -4347829.7909
[Info]M-step 1....
--------------------------
[Info]EM iteration 1: likelihood is -4347829.79, converges to 4347830.79094768...

====================
[Info]Start EM iteration 2....
[Info]Multi-thread E-Step: 0 iteration, likelihood=-4347572.17, converge to 1.00000000
[Info]Multi-thread E-Step: 10 iteration, likelihood=-4346243.32, converge to 0.00002364
[Info]Multi-thread E-Step: 20 iteration, likelihood=-4345429.85, converge to 0.00001638
[Info]Finish E-Step: 21 iteration, likelihood: -4345429.8477
[Info]M-step 2....
--------------------------
[Info]EM iteration 2: likelihood is -4345429.85, converges to 0.00055199...

====================
[Info]Start EM iteration 3....
[Info]Multi-thread E-Step: 0 iteration, likelihood=-4342042.89, converge to 1.00000000
[Info]Multi-thread E-Step: 10 iteration, likelihood=-4328151.93, converge to 0.00015034
[Info]Multi-thread E-Step: 20 iteration, likelihood=-4324318.57, converge to 0.00006040
[Info]Finish E-Step: 21 iteration, likelihood: -4324318.5749
[Info]M-step 3....
--------------------------
[Info]EM iteration 3: likelihood is -4324318.57, converges to 0.00485827...

====================
[Info]Start EM iteration 4....
[Info]Multi-thread E-Step: 0 iteration, likelihood=-4296333.40, converge to 1.00000000
[Info]Multi-thread E-Step: 10 iteration, likelihood=-4260510.21, converge to 0.00018380
[Info]Multi-thread E-Step: 20 iteration, likelihood=-4255762.33, converge to 0.00007883
[Info]Finish E-Step: 21 iteration, likelihood: -4255762.3294
[Info]M-step 4....
--------------------------
[Info]EM iteration 4: likelihood is -4255762.33, converges to 0.01585365...

====================
[Info]Start EM iteration 5....
[Info]Multi-thread E-Step: 0 iteration, likelihood=-4190303.48, converge to 1.00000000
[Info]Multi-thread E-Step: 10 iteration, likelihood=-4171109.87, converge to 0.00010630
[Info]Multi-thread E-Step: 20 iteration, likelihood=-4168206.93, converge to 0.00004828
[Info]Finish E-Step: 21 iteration, likelihood: -4168206.9273
[Info]M-step 5....
--------------------------
[Info]EM iteration 5: likelihood is -4168206.93, converges to 0.02057338...

====================
[Info]Start EM iteration 6....
[Info]Multi-thread E-Step: 0 iteration, likelihood=-4124725.40, converge to 1.00000000
[Info]Multi-thread E-Step: 10 iteration, likelihood=-4121263.50, converge to 0.00003571
[Info]Multi-thread E-Step: 20 iteration, likelihood=-4120329.51, converge to 0.00001486
[Info]Finish E-Step: 21 iteration, likelihood: -4120329.5105
[Info]M-step 6....
--------------------------
[Info]EM iteration 6: likelihood is -4120329.51, converges to 0.01148633...

====================
[Info]Start EM iteration 7....
[Info]Multi-thread E-Step: 0 iteration, likelihood=-4101968.52, converge to 1.00000000
[Info]Finish E-Step: 10 iteration, likelihood: -4102282.4452
[Info]M-step 7....
--------------------------
[Info]EM iteration 7: likelihood is -4102282.45, converges to 0.00438001...

====================
[Info]Start EM iteration 8....
[Info]Multi-thread E-Step: 0 iteration, likelihood=-4094458.23, converge to 1.00000000
[Info]Multi-thread E-Step: 10 iteration, likelihood=-4095513.33, converge to 0.00000861
[Info]Multi-thread E-Step: 20 iteration, likelihood=-4095676.04, converge to 0.00000178
[Info]Finish E-Step: 21 iteration, likelihood: -4095676.0385
[Info]M-step 8....
--------------------------
[Info]EM iteration 8: likelihood is -4095676.04, converges to 0.00161042...

====================
[Info]Start EM iteration 9....
[Info]Multi-thread E-Step: 0 iteration, likelihood=-4091628.18, converge to 1.00000000
[Info]Multi-thread E-Step: 10 iteration, likelihood=-4092640.92, converge to 0.00000933
[Info]Multi-thread E-Step: 20 iteration, likelihood=-4092805.28, converge to 0.00000148
[Info]Finish E-Step: 21 iteration, likelihood: -4092805.2750
[Info]M-step 9....
--------------------------
[Info]EM iteration 9: likelihood is -4092805.28, converges to 0.00070093...

====================
[Info]Start EM iteration 10....
[Info]Multi-thread E-Step: 0 iteration, likelihood=-4090394.23, converge to 1.00000000
[Info]Multi-thread E-Step: 10 iteration, likelihood=-4091242.40, converge to 0.00000736
[Info]Finish E-Step: 20 iteration, likelihood: -4091358.0649
[Info]M-step 10....
--------------------------
[Info]EM iteration 10: likelihood is -4091358.06, converges to 0.00035360...

====================
[Info]Start EM iteration 11....
[Info]Multi-thread E-Step: 0 iteration, likelihood=-4089741.36, converge to 1.00000000
[Info]Multi-thread E-Step: 10 iteration, likelihood=-4090444.13, converge to 0.00000545
[Info]Finish E-Step: 17 iteration, likelihood: -4090511.9370
[Info]M-step 11....
--------------------------
[Info]EM iteration 11: likelihood is -4090511.94, converges to 0.00020681...

====================
[Info]Start EM iteration 12....
[Info]Multi-thread E-Step: 0 iteration, likelihood=-4089342.04, converge to 1.00000000
[Info]Multi-thread E-Step: 10 iteration, likelihood=-4089916.03, converge to 0.00000412
[Info]Finish E-Step: 16 iteration, likelihood: -4089962.1052
[Info]M-step 12....
--------------------------
[Info]EM iteration 12: likelihood is -4089962.11, converges to 0.00013442...

====================
[Info]Start EM iteration 13....
[Info]Multi-thread E-Step: 0 iteration, likelihood=-4088958.06, converge to 1.00000000
[Info]Multi-thread E-Step: 10 iteration, likelihood=-4089421.85, converge to 0.00000341
[Info]Finish E-Step: 16 iteration, likelihood: -4089462.4563
[Info]M-step 13....
--------------------------
[Info]EM iteration 13: likelihood is -4089462.46, converges to 0.00012216...

====================
[Info]Start EM iteration 14....
[Info]Multi-thread E-Step: 0 iteration, likelihood=-4088469.35, converge to 1.00000000
[Info]Multi-thread E-Step: 10 iteration, likelihood=-4088860.01, converge to 0.00000262
[Info]Finish E-Step: 15 iteration, likelihood: -4088888.4656
[Info]M-step 14....
--------------------------
[Info]EM iteration 14: likelihood is -4088888.47, converges to 0.00014036...

====================
[Info]Start EM iteration 15....
[Info]Multi-thread E-Step: 0 iteration, likelihood=-4087909.46, converge to 1.00000000
[Info]Multi-thread E-Step: 10 iteration, likelihood=-4088239.03, converge to 0.00000213
[Info]Finish E-Step: 14 iteration, likelihood: -4088259.7441
[Info]M-step 15....
--------------------------
[Info]EM iteration 15: likelihood is -4088259.74, converges to 0.00015376...

====================
[Info]Start EM iteration 16....
[Info]Multi-thread E-Step: 0 iteration, likelihood=-4087498.16, converge to 1.00000000
[Info]Multi-thread E-Step: 10 iteration, likelihood=-4087795.83, converge to 0.00000177
[Info]Finish E-Step: 13 iteration, likelihood: -4087810.2789
[Info]M-step 16....
--------------------------
[Info]EM iteration 16: likelihood is -4087810.28, converges to 0.00010994...

====================
[Info]Start EM iteration 17....
[Info]Multi-thread E-Step: 0 iteration, likelihood=-4087283.26, converge to 1.00000000
[Info]Multi-thread E-Step: 10 iteration, likelihood=-4087547.64, converge to 0.00000158
[Info]Finish E-Step: 13 iteration, likelihood: -4087560.8756
[Info]M-step 17....
--------------------------
[Info]EM iteration 17: likelihood is -4087560.88, converges to 0.00006101...

====================
[Info]Start EM iteration 18....
[Info]Multi-thread E-Step: 0 iteration, likelihood=-4087154.72, converge to 1.00000000
[Info]Multi-thread E-Step: 10 iteration, likelihood=-4087392.69, converge to 0.00000132
[Info]Finish E-Step: 12 iteration, likelihood: -4087400.8614
[Info]M-step 18....
--------------------------
[Info]EM iteration 18: likelihood is -4087400.86, converges to 0.00003915...

====================
[Info]Start EM iteration 19....
[Info]Multi-thread E-Step: 0 iteration, likelihood=-4087085.66, converge to 1.00000000
[Info]Multi-thread E-Step: 10 iteration, likelihood=-4087300.63, converge to 0.00000118
[Info]Finish E-Step: 11 iteration, likelihood: -4087304.4851
[Info]M-step 19....
--------------------------
[Info]EM iteration 19: likelihood is -4087304.49, converges to 0.00002358...

====================
[Info]Start EM iteration 20....
[Info]Multi-thread E-Step: 0 iteration, likelihood=-4087059.12, converge to 1.00000000
[Info]Multi-thread E-Step: 10 iteration, likelihood=-4087253.36, converge to 0.00000103
[Info]Finish E-Step: 11 iteration, likelihood: -4087256.6231
[Info]M-step 20....
--------------------------
[Info]EM iteration 20: likelihood is -4087256.62, converges to 0.00001171...

====================
[Info]Start EM iteration 21....
[Info]Multi-thread E-Step: 0 iteration, likelihood=-4087047.30, converge to 1.00000000
[Info]Finish E-Step: 10 iteration, likelihood: -4087221.6635
[Info]M-step 21....
--------------------------
[Info]EM iteration 21: likelihood is -4087221.66, converges to 0.00000855...

====================
[Info]Start EM iteration 22....
[Info]Multi-thread E-Step: 0 iteration, likelihood=-4087028.72, converge to 1.00000000
[Info]Finish E-Step: 10 iteration, likelihood: -4087187.3261
[Info]M-step 22....
--------------------------
[Info]EM iteration 22: likelihood is -4087187.33, converges to 0.00000840...

====================
[Info]Start EM iteration 23....
[Info]Multi-thread E-Step: 0 iteration, likelihood=-4087028.30, converge to 1.00000000
[Info]Finish E-Step: 9 iteration, likelihood: -4087174.5233
[Info]M-step 23....
--------------------------
[Info]EM iteration 23: likelihood is -4087174.52, converges to 0.00000313...

====================
[Info]Start EM iteration 24....
[Info]Multi-thread E-Step: 0 iteration, likelihood=-4087054.61, converge to 1.00000000
[Info]Finish E-Step: 9 iteration, likelihood: -4087190.5030
[Info]M-step 24....
--------------------------
[Info]EM iteration 24: likelihood is -4087190.50, converges to 0.00000391...

====================
[Info]Start EM iteration 25....
[Info]Multi-thread E-Step: 0 iteration, likelihood=-4087090.16, converge to 1.00000000
[Info]Finish E-Step: 9 iteration, likelihood: -4087218.3653
[Info]M-step 25....
--------------------------
[Info]EM iteration 25: likelihood is -4087218.37, converges to 0.00000682...

====================
[Info]Start EM iteration 26....
[Info]Multi-thread E-Step: 0 iteration, likelihood=-4087132.23, converge to 1.00000000
[Info]Finish E-Step: 8 iteration, likelihood: -4087252.1468
[Info]M-step 26....
--------------------------
[Info]EM iteration 26: likelihood is -4087252.15, converges to 0.00000827...

====================
[Info]Start EM iteration 27....
[Info]Multi-thread E-Step: 0 iteration, likelihood=-4087176.24, converge to 1.00000000
[Info]Finish E-Step: 8 iteration, likelihood: -4087292.2830
[Info]M-step 27....
--------------------------
[Info]EM iteration 27: likelihood is -4087292.28, converges to 0.00000982...

====================
[Info]Start EM iteration 28....
[Info]Multi-thread E-Step: 0 iteration, likelihood=-4087220.38, converge to 1.00000000
[Info]Finish E-Step: 8 iteration, likelihood: -4087330.3041
[Info]M-step 28....
--------------------------
[Info]EM iteration 28: likelihood is -4087330.30, converges to 0.00000930...

====================
[Info]Start EM iteration 29....
[Info]Multi-thread E-Step: 0 iteration, likelihood=-4087256.50, converge to 1.00000000
[Info]Finish E-Step: 8 iteration, likelihood: -4087359.8492
[Info]M-step 29....
--------------------------
[Info]EM iteration 29: likelihood is -4087359.85, converges to 0.00000723...

[Info]Analying bipartie graph: 
-- test graph: review size: 2575, item size: 179, user size: 244
[Info]Start evaluation in thread
---likelihood: -802163.4791168907
---likelihood: -801943.1408716014
[Info]Inference finished: likelihood: -801943.0690
[Stat]Test evaluation finished: 2575 docs
[Stat]0 part has 746.000000 docs: perplexity is 770.082 and log-likelihood is -319.558
[Stat]1 part has 193.000000 docs: perplexity is 829.407 and log-likelihood is -313.714
[Stat]2 part has 1220.000000 docs: perplexity is 821.644 and log-likelihood is -309.474
[Stat]3 part has 416.000000 docs: perplexity is 784.604 and log-likelihood is -303.314
[Stat]4 part has 2575.000000 docs: perplexity is 795.759 and log-likelihood is -311.434
[Info]ETBIR_Item[k:5, alpha:1.01000, beta:1.00100, simga:1.01000, rho:1.01000, item~N(1.00000, 1.00000), user~N(1.00000, 1.00000)]
 Train/Test SUCCEED in 193.95 seconds...
TopWord FilePath:/home/ll5fy/TUIR/dataset/yelp/byUser_70k_review/output/5foldsCVColdstart/1/ETBIR_Item_topWords_5.txt
Topic 0(0.16177):	steak(0.01448)	restaur(0.01249)	dish(0.01119)	bread(0.01030)	perfect(0.01004)	tast(0.00983)	dinner(0.00946)	serv(0.00929)	flavor(0.00860)	tabl(0.00836)	wine(0.00828)	sauc(0.00818)	side(0.00805)	cook(0.00741)	cours(0.00733)	delici(0.00713)	dine(0.00708)	experi(0.00640)	plate(0.00592)	sweet(0.00579)	amaz(0.00564)	lobster(0.00564)	excel(0.00552)	best(0.00547)	start(0.00540)	time(0.00525)	onion(0.00522)	chef(0.00517)	friend(0.00514)	night(0.00491)	
Topic 1(0.19143):	rice(0.01465)	chicken(0.01409)	sauc(0.01359)	roll(0.01358)	pork(0.01325)	time(0.01235)	sushi(0.01202)	flavor(0.01004)	spici(0.00988)	beef(0.00884)	soup(0.00840)	ramen(0.00832)	friend(0.00806)	pretti(0.00802)	fish(0.00792)	definit(0.00788)	shrimp(0.00787)	tast(0.00767)	bowl(0.00756)	side(0.00715)	taco(0.00706)	dish(0.00692)	restaur(0.00670)	delici(0.00653)	price(0.00572)	best(0.00572)	favorit(0.00524)	small(0.00488)	wait(0.00487)	broth(0.00479)	
Topic 2(0.27949):	vega(0.01711)	room(0.01702)	time(0.01594)	peopl(0.01082)	drink(0.01068)	night(0.01038)	strip(0.01013)	casino(0.00994)	park(0.00951)	stay(0.00946)	hotel(0.00917)	walk(0.00858)	area(0.00798)	pretti(0.00744)	seat(0.00703)	locat(0.00687)	friend(0.00665)	play(0.00615)	las-vega(0.00614)	year(0.00604)	music(0.00601)	cool(0.00600)	shop(0.00571)	club(0.00566)	price(0.00512)	tabl(0.00506)	feel(0.00496)	watch(0.00494)	crowd(0.00492)	open(0.00462)	
Topic 3(0.19717):	time(0.02204)	pizza(0.01684)	chicken(0.01634)	happi(0.01361)	restaur(0.01324)	lunch(0.01310)	friend(0.01163)	wait(0.01089)	price(0.01045)	thai(0.00995)	pretti(0.00980)	beer(0.00951)	happi-hour(0.00908)	dish(0.00907)	star(0.00813)	tabl(0.00803)	drink(0.00734)	curri(0.00680)	review(0.00613)	NUM-minut(0.00597)	busi(0.00581)	sauc(0.00563)	best(0.00551)	definit(0.00535)	special(0.00519)	delici(0.00517)	locat(0.00510)	peopl(0.00506)	tast(0.00468)	seat(0.00410)	
Topic 4(0.17015):	buffet(0.01703)	cream(0.01581)	chocol(0.01311)	sweet(0.01203)	cake(0.01166)	time(0.01159)	flavor(0.01087)	breakfast(0.01086)	coffe(0.01027)	ice-cream(0.00920)	tast(0.00873)	friend(0.00815)	select(0.00787)	drink(0.00756)	best(0.00640)	delici(0.00639)	toast(0.00583)	shop(0.00555)	wait(0.00551)	pancak(0.00541)	price(0.00527)	pretti(0.00517)	definit(0.00517)	favorit(0.00512)	cooki(0.00507)	brunch(0.00494)	strawberri(0.00484)	locat(0.00472)	open(0.00449)	small(0.00443)	
266 users are loaded from /home/ll5fy/TUIR/dataset/yelp/byUser_70k_review/5foldsCVColdstart/2/...
260 users are loaded from /home/ll5fy/TUIR/dataset/yelp/byUser_70k_review/5foldsCVColdstart/0/...
244 users are loaded from /home/ll5fy/TUIR/dataset/yelp/byUser_70k_review/5foldsCVColdstart/1/...
264 users are loaded from /home/ll5fy/TUIR/dataset/yelp/byUser_70k_review/5foldsCVColdstart/3/...
256 users are loaded from /home/ll5fy/TUIR/dataset/yelp/byUser_70k_review/5foldsCVColdstart/4/...
====================
[Info]Fold No. 2: 
[Info]Analzying corpus: 
...........-- Global corpus: vocabulary size: 6134, review size: 15843, item size: 861, user size: 861
train size = 12778, test size = 3065....
[Info]Analying bipartie graph: 
-- train graph: review size: 12778, item size: 702, user size: 773
ETBIR_Item[k:5, alpha:1.01000, beta:1.00100, simga:1.01000, rho:1.01000, item~N(1.00000, 1.00000), user~N(1.00000, 1.00000)]

[Info]Initializing documents...
[Info]Initializing users...
[Info]Initializing items...
[Info]Initializing ETBIR model...
====================
[Info]Start EM iteration 1....
[Info]Multi-thread E-Step: 0 iteration, likelihood=-4072535.32, converge to 1.00000000
[Info]Multi-thread E-Step: 10 iteration, likelihood=-4134074.57, converge to 0.00000966
[Info]Multi-thread E-Step: 20 iteration, likelihood=-4134599.53, converge to 0.00001442
[Info]Finish E-Step: 21 iteration, likelihood: -4134599.5294
[Info]M-step 1....
--------------------------
[Info]EM iteration 1: likelihood is -4134599.53, converges to 4134600.52940421...

====================
[Info]Start EM iteration 2....
[Info]Multi-thread E-Step: 0 iteration, likelihood=-4134317.57, converge to 1.00000000
[Info]Multi-thread E-Step: 10 iteration, likelihood=-4132990.22, converge to 0.00002342
[Info]Multi-thread E-Step: 20 iteration, likelihood=-4132239.25, converge to 0.00001600
[Info]Finish E-Step: 21 iteration, likelihood: -4132239.2465
[Info]M-step 2....
--------------------------
[Info]EM iteration 2: likelihood is -4132239.25, converges to 0.00057086...

====================
[Info]Start EM iteration 3....
[Info]Multi-thread E-Step: 0 iteration, likelihood=-4128777.95, converge to 1.00000000
[Info]Multi-thread E-Step: 10 iteration, likelihood=-4116662.18, converge to 0.00012950
[Info]Multi-thread E-Step: 20 iteration, likelihood=-4113418.46, converge to 0.00005517
[Info]Finish E-Step: 21 iteration, likelihood: -4113418.4573
[Info]M-step 3....
--------------------------
[Info]EM iteration 3: likelihood is -4113418.46, converges to 0.00455462...

====================
[Info]Start EM iteration 4....
[Info]Multi-thread E-Step: 0 iteration, likelihood=-4088939.10, converge to 1.00000000
[Info]Multi-thread E-Step: 10 iteration, likelihood=-4058055.49, converge to 0.00017170
[Info]Multi-thread E-Step: 20 iteration, likelihood=-4053860.43, converge to 0.00007330
[Info]Finish E-Step: 21 iteration, likelihood: -4053860.4308
[Info]M-step 4....
--------------------------
[Info]EM iteration 4: likelihood is -4053860.43, converges to 0.01447896...

====================
[Info]Start EM iteration 5....
[Info]Multi-thread E-Step: 0 iteration, likelihood=-3995084.33, converge to 1.00000000
[Info]Multi-thread E-Step: 10 iteration, likelihood=-3976023.14, converge to 0.00010738
[Info]Multi-thread E-Step: 20 iteration, likelihood=-3973208.56, converge to 0.00004933
[Info]Finish E-Step: 21 iteration, likelihood: -3973208.5596
[Info]M-step 5....
--------------------------
[Info]EM iteration 5: likelihood is -3973208.56, converges to 0.01989508...

====================
[Info]Start EM iteration 6....
[Info]Multi-thread E-Step: 0 iteration, likelihood=-3930501.42, converge to 1.00000000
[Info]Multi-thread E-Step: 10 iteration, likelihood=-3926539.19, converge to 0.00003816
[Info]Multi-thread E-Step: 20 iteration, likelihood=-3925585.74, converge to 0.00001602
[Info]Finish E-Step: 21 iteration, likelihood: -3925585.7384
[Info]M-step 6....
--------------------------
[Info]EM iteration 6: likelihood is -3925585.74, converges to 0.01198599...

====================
[Info]Start EM iteration 7....
[Info]Multi-thread E-Step: 0 iteration, likelihood=-3906244.46, converge to 1.00000000
[Info]Finish E-Step: 6 iteration, likelihood: -3906433.6544
[Info]M-step 7....
--------------------------
[Info]EM iteration 7: likelihood is -3906433.65, converges to 0.00487878...

====================
[Info]Start EM iteration 8....
[Info]Multi-thread E-Step: 0 iteration, likelihood=-3897549.77, converge to 1.00000000
[Info]Multi-thread E-Step: 10 iteration, likelihood=-3898320.50, converge to 0.00000583
[Info]Multi-thread E-Step: 20 iteration, likelihood=-3898424.32, converge to 0.00000115
[Info]Finish E-Step: 21 iteration, likelihood: -3898424.3206
[Info]M-step 8....
--------------------------
[Info]EM iteration 8: likelihood is -3898424.32, converges to 0.00205029...

====================
[Info]Start EM iteration 9....
[Info]Multi-thread E-Step: 0 iteration, likelihood=-3893686.62, converge to 1.00000000
[Info]Multi-thread E-Step: 10 iteration, likelihood=-3894629.77, converge to 0.00000929
[Info]Multi-thread E-Step: 20 iteration, likelihood=-3894796.29, converge to 0.00000182
[Info]Finish E-Step: 21 iteration, likelihood: -3894796.2944
[Info]M-step 9....
--------------------------
[Info]EM iteration 9: likelihood is -3894796.29, converges to 0.00093064...

====================
[Info]Start EM iteration 10....
[Info]Multi-thread E-Step: 0 iteration, likelihood=-3892055.46, converge to 1.00000000
[Info]Multi-thread E-Step: 10 iteration, likelihood=-3892936.25, converge to 0.00000825
[Info]Multi-thread E-Step: 20 iteration, likelihood=-3893069.27, converge to 0.00000116
[Info]Finish E-Step: 21 iteration, likelihood: -3893069.2748
[Info]M-step 10....
--------------------------
[Info]EM iteration 10: likelihood is -3893069.27, converges to 0.00044342...

====================
[Info]Start EM iteration 11....
[Info]Multi-thread E-Step: 0 iteration, likelihood=-3891350.89, converge to 1.00000000
[Info]Multi-thread E-Step: 10 iteration, likelihood=-3892112.75, converge to 0.00000653
[Info]Finish E-Step: 19 iteration, likelihood: -3892205.7050
[Info]M-step 11....
--------------------------
[Info]EM iteration 11: likelihood is -3892205.71, converges to 0.00022182...

====================
[Info]Start EM iteration 12....
[Info]Multi-thread E-Step: 0 iteration, likelihood=-3891050.82, converge to 1.00000000
[Info]Multi-thread E-Step: 10 iteration, likelihood=-3891701.99, converge to 0.00000521
[Info]Finish E-Step: 17 iteration, likelihood: -3891763.9478
[Info]M-step 12....
--------------------------
[Info]EM iteration 12: likelihood is -3891763.95, converges to 0.00011350...

====================
[Info]Start EM iteration 13....
[Info]Multi-thread E-Step: 0 iteration, likelihood=-3890936.47, converge to 1.00000000
[Info]Multi-thread E-Step: 10 iteration, likelihood=-3891494.13, converge to 0.00000440
[Info]Finish E-Step: 17 iteration, likelihood: -3891548.5613
[Info]M-step 13....
--------------------------
[Info]EM iteration 13: likelihood is -3891548.56, converges to 0.00005534...

====================
[Info]Start EM iteration 14....
[Info]Multi-thread E-Step: 0 iteration, likelihood=-3890943.53, converge to 1.00000000
[Info]Multi-thread E-Step: 10 iteration, likelihood=-3891438.78, converge to 0.00000337
[Info]Finish E-Step: 16 iteration, likelihood: -3891477.2169
[Info]M-step 14....
--------------------------
[Info]EM iteration 14: likelihood is -3891477.22, converges to 0.00001833...

====================
[Info]Start EM iteration 15....
[Info]Multi-thread E-Step: 0 iteration, likelihood=-3891037.12, converge to 1.00000000
[Info]Multi-thread E-Step: 10 iteration, likelihood=-3891461.71, converge to 0.00000255
[Info]Finish E-Step: 14 iteration, likelihood: -3891484.0504
[Info]M-step 15....
--------------------------
[Info]EM iteration 15: likelihood is -3891484.05, converges to 0.00000176...

====================
[Info]Start EM iteration 16....
[Info]Multi-thread E-Step: 0 iteration, likelihood=-3891153.06, converge to 1.00000000
[Info]Multi-thread E-Step: 10 iteration, likelihood=-3891521.87, converge to 0.00000202
[Info]Finish E-Step: 13 iteration, likelihood: -3891536.2309
[Info]M-step 16....
--------------------------
[Info]EM iteration 16: likelihood is -3891536.23, converges to 0.00001341...

====================
[Info]Start EM iteration 17....
[Info]Multi-thread E-Step: 0 iteration, likelihood=-3891286.48, converge to 1.00000000
[Info]Multi-thread E-Step: 10 iteration, likelihood=-3891610.88, converge to 0.00000164
[Info]Finish E-Step: 12 iteration, likelihood: -3891619.6521
[Info]M-step 17....
--------------------------
[Info]EM iteration 17: likelihood is -3891619.65, converges to 0.00002144...

====================
[Info]Start EM iteration 18....
[Info]Multi-thread E-Step: 0 iteration, likelihood=-3891433.15, converge to 1.00000000
[Info]Multi-thread E-Step: 10 iteration, likelihood=-3891718.24, converge to 0.00000136
[Info]Finish E-Step: 12 iteration, likelihood: -3891725.3237
[Info]M-step 18....
--------------------------
[Info]EM iteration 18: likelihood is -3891725.32, converges to 0.00002715...

====================
[Info]Start EM iteration 19....
[Info]Multi-thread E-Step: 0 iteration, likelihood=-3891575.83, converge to 1.00000000
[Info]Multi-thread E-Step: 10 iteration, likelihood=-3891825.85, converge to 0.00000112
[Info]Finish E-Step: 11 iteration, likelihood: -3891829.2552
[Info]M-step 19....
--------------------------
[Info]EM iteration 19: likelihood is -3891829.26, converges to 0.00002671...

====================
[Info]Start EM iteration 20....
[Info]Multi-thread E-Step: 0 iteration, likelihood=-3891720.86, converge to 1.00000000
[Info]Finish E-Step: 10 iteration, likelihood: -3891943.9776
[Info]M-step 20....
--------------------------
[Info]EM iteration 20: likelihood is -3891943.98, converges to 0.00002948...

====================
[Info]Start EM iteration 21....
[Info]Multi-thread E-Step: 0 iteration, likelihood=-3891873.70, converge to 1.00000000
[Info]Finish E-Step: 10 iteration, likelihood: -3892074.7120
[Info]M-step 21....
--------------------------
[Info]EM iteration 21: likelihood is -3892074.71, converges to 0.00003359...

====================
[Info]Start EM iteration 22....
[Info]Multi-thread E-Step: 0 iteration, likelihood=-3892027.43, converge to 1.00000000
[Info]Finish E-Step: 9 iteration, likelihood: -3892205.6208
[Info]M-step 22....
--------------------------
[Info]EM iteration 22: likelihood is -3892205.62, converges to 0.00003363...

====================
[Info]Start EM iteration 23....
[Info]Multi-thread E-Step: 0 iteration, likelihood=-3892174.05, converge to 1.00000000
[Info]Finish E-Step: 9 iteration, likelihood: -3892334.5332
[Info]M-step 23....
--------------------------
[Info]EM iteration 23: likelihood is -3892334.53, converges to 0.00003312...

====================
[Info]Start EM iteration 24....
[Info]Multi-thread E-Step: 0 iteration, likelihood=-3892316.50, converge to 1.00000000
[Info]Finish E-Step: 9 iteration, likelihood: -3892463.1818
[Info]M-step 24....
--------------------------
[Info]EM iteration 24: likelihood is -3892463.18, converges to 0.00003305...

====================
[Info]Start EM iteration 25....
[Info]Multi-thread E-Step: 0 iteration, likelihood=-3892455.46, converge to 1.00000000
[Info]Finish E-Step: 8 iteration, likelihood: -3892585.7252
[Info]M-step 25....
--------------------------
[Info]EM iteration 25: likelihood is -3892585.73, converges to 0.00003148...

====================
[Info]Start EM iteration 26....
[Info]Multi-thread E-Step: 0 iteration, likelihood=-3892583.30, converge to 1.00000000
[Info]Finish E-Step: 8 iteration, likelihood: -3892702.5209
[Info]M-step 26....
--------------------------
[Info]EM iteration 26: likelihood is -3892702.52, converges to 0.00003000...

====================
[Info]Start EM iteration 27....
[Info]Multi-thread E-Step: 0 iteration, likelihood=-3892700.83, converge to 1.00000000
[Info]Finish E-Step: 7 iteration, likelihood: -3892805.5531
[Info]M-step 27....
--------------------------
[Info]EM iteration 27: likelihood is -3892805.55, converges to 0.00002647...

====================
[Info]Start EM iteration 28....
[Info]Multi-thread E-Step: 0 iteration, likelihood=-3892803.82, converge to 1.00000000
[Info]Finish E-Step: 7 iteration, likelihood: -3892900.1821
[Info]M-step 28....
--------------------------
[Info]EM iteration 28: likelihood is -3892900.18, converges to 0.00002431...

====================
[Info]Start EM iteration 29....
[Info]Multi-thread E-Step: 0 iteration, likelihood=-3892894.84, converge to 1.00000000
[Info]Finish E-Step: 6 iteration, likelihood: -3892978.5800
[Info]M-step 29....
--------------------------
[Info]EM iteration 29: likelihood is -3892978.58, converges to 0.00002014...

[Info]Analying bipartie graph: 
-- test graph: review size: 3065, item size: 207, user size: 266
[Info]Start evaluation in thread
---likelihood: -1009570.8834373733
---likelihood: -1009320.0774863338
---likelihood: -1009137.7490992037
---likelihood: -1009095.2818026367
---likelihood: -1009086.0668689923
---likelihood: -1008880.9171063658
---likelihood: -1008755.3413045432
---likelihood: -1008671.3364155309
---likelihood: -1008528.7334515572
---likelihood: -1008610.651274063
---likelihood: -1008494.3138191219
---likelihood: -1008420.8512449232
---likelihood: -1008379.415387409
---likelihood: -1008252.8458739808
---likelihood: -1008385.9111807554
---likelihood: -1008300.64530015
---likelihood: -1008197.3331383202
---likelihood: -1008167.9226994683
---likelihood: -1008093.6821691592
---likelihood: -1008073.5480741868
---likelihood: -1008017.0752850788
[Info]Inference finished: likelihood: -1008017.0753
[Stat]Test evaluation finished: 3065 docs
[Stat]0 part has 769.000000 docs: perplexity is 811.171 and log-likelihood is -314.410
[Stat]1 part has 178.000000 docs: perplexity is 783.362 and log-likelihood is -329.511
[Stat]2 part has 1718.000000 docs: perplexity is 853.266 and log-likelihood is -330.296
[Stat]3 part has 400.000000 docs: perplexity is 816.526 and log-likelihood is -351.194
[Stat]4 part has 3065.000000 docs: perplexity is 831.666 and log-likelihood is -328.880
[Info]ETBIR_Item[k:5, alpha:1.01000, beta:1.00100, simga:1.01000, rho:1.01000, item~N(1.00000, 1.00000), user~N(1.00000, 1.00000)]
 Train/Test SUCCEED in 189.58 seconds...
TopWord FilePath:/home/ll5fy/TUIR/dataset/yelp/byUser_70k_review/output/5foldsCVColdstart/2/ETBIR_Item_topWords_5.txt
Topic 0(0.20561):	restaur(0.01742)	dish(0.01699)	sauc(0.01279)	flavor(0.01085)	chicken(0.01055)	tast(0.01007)	soup(0.00967)	steak(0.00928)	rice(0.00854)	perfect(0.00820)	time(0.00770)	cook(0.00767)	ramen(0.00754)	serv(0.00743)	delici(0.00724)	thai(0.00723)	dinner(0.00698)	shrimp(0.00697)	bread(0.00684)	spici(0.00674)	pork(0.00634)	garlic(0.00613)	dine(0.00610)	side(0.00593)	beef(0.00575)	curri(0.00553)	small(0.00547)	plate(0.00541)	tabl(0.00528)	special(0.00528)	
Topic 1(0.16437):	cream(0.01850)	roll(0.01759)	buffet(0.01704)	sushi(0.01660)	chocol(0.01382)	cake(0.01352)	flavor(0.01259)	time(0.01212)	sweet(0.01210)	tast(0.01017)	ice-cream(0.01009)	fish(0.00843)	favorit(0.00834)	select(0.00810)	best(0.00802)	friend(0.00715)	pretti(0.00679)	price(0.00668)	delici(0.00615)	definit(0.00599)	coffe(0.00556)	tuna(0.00543)	crab(0.00540)	cooki(0.00517)	dinner(0.00494)	offer(0.00487)	special(0.00453)	salmon(0.00450)	varieti(0.00443)	station(0.00427)	
Topic 2(0.20237):	chicken(0.01875)	time(0.01350)	side(0.01207)	sauc(0.01106)	friend(0.01077)	taco(0.00990)	breakfast(0.00937)	delici(0.00866)	lunch(0.00836)	tast(0.00762)	pretti(0.00737)	definit(0.00710)	wait(0.00702)	flavor(0.00636)	beef(0.00624)	serv(0.00613)	bread(0.00607)	price(0.00597)	locat(0.00585)	restaur(0.00582)	tabl(0.00577)	pork(0.00558)	best(0.00524)	plate(0.00494)	chip(0.00470)	sweet(0.00465)	onion(0.00459)	super(0.00459)	korean(0.00435)	pancak(0.00423)	
Topic 3(0.21304):	drink(0.02919)	time(0.02287)	pizza(0.01548)	night(0.01546)	seat(0.01518)	friend(0.01288)	peopl(0.01280)	tabl(0.01264)	wait(0.01214)	beer(0.01194)	pretti(0.01105)	happi(0.01055)	music(0.00792)	happi-hour(0.00724)	price(0.00677)	club(0.00666)	vega(0.00648)	experi(0.00641)	NUM-minut(0.00630)	watch(0.00616)	cool(0.00603)	star(0.00560)	best(0.00525)	review(0.00498)	amaz(0.00497)	crowd(0.00487)	definit(0.00487)	parti(0.00483)	area(0.00455)	busi(0.00443)	
Topic 4(0.21460):	room(0.02341)	vega(0.02127)	strip(0.01381)	park(0.01332)	casino(0.01315)	time(0.01312)	locat(0.01269)	stay(0.01237)	hotel(0.01206)	walk(0.01061)	shop(0.01054)	area(0.00907)	las-vega(0.00894)	store(0.00833)	restaur(0.00764)	peopl(0.00733)	find(0.00645)	year(0.00645)	price(0.00634)	pool(0.00582)	clean(0.00577)	pretti(0.00551)	view(0.00514)	feel(0.00513)	star(0.00480)	work(0.00470)	open(0.00453)	friend(0.00435)	night(0.00402)	local(0.00386)	
264 users are loaded from /home/ll5fy/TUIR/dataset/yelp/byUser_70k_review/5foldsCVColdstart/3/...
260 users are loaded from /home/ll5fy/TUIR/dataset/yelp/byUser_70k_review/5foldsCVColdstart/0/...
244 users are loaded from /home/ll5fy/TUIR/dataset/yelp/byUser_70k_review/5foldsCVColdstart/1/...
266 users are loaded from /home/ll5fy/TUIR/dataset/yelp/byUser_70k_review/5foldsCVColdstart/2/...
256 users are loaded from /home/ll5fy/TUIR/dataset/yelp/byUser_70k_review/5foldsCVColdstart/4/...
====================
[Info]Fold No. 3: 
[Info]Analzying corpus: 
...........-- Global corpus: vocabulary size: 6134, review size: 15843, item size: 861, user size: 861
train size = 12591, test size = 3252....
[Info]Analying bipartie graph: 
-- train graph: review size: 12591, item size: 717, user size: 770
ETBIR_Item[k:5, alpha:1.01000, beta:1.00100, simga:1.01000, rho:1.01000, item~N(1.00000, 1.00000), user~N(1.00000, 1.00000)]

[Info]Initializing documents...
[Info]Initializing users...
[Info]Initializing items...
[Info]Initializing ETBIR model...
====================
[Info]Start EM iteration 1....
[Info]Multi-thread E-Step: 0 iteration, likelihood=-4086886.13, converge to 1.00000000
[Info]Multi-thread E-Step: 10 iteration, likelihood=-4149459.51, converge to 0.00001185
[Info]Multi-thread E-Step: 20 iteration, likelihood=-4150037.81, converge to 0.00001556
[Info]Finish E-Step: 21 iteration, likelihood: -4150037.8091
[Info]M-step 1....
--------------------------
[Info]EM iteration 1: likelihood is -4150037.81, converges to 4150038.80911787...

====================
[Info]Start EM iteration 2....
[Info]Multi-thread E-Step: 0 iteration, likelihood=-4149739.81, converge to 1.00000000
[Info]Multi-thread E-Step: 10 iteration, likelihood=-4147822.22, converge to 0.00003833
[Info]Multi-thread E-Step: 20 iteration, likelihood=-4146654.38, converge to 0.00002277
[Info]Finish E-Step: 21 iteration, likelihood: -4146654.3784
[Info]M-step 2....
--------------------------
[Info]EM iteration 2: likelihood is -4146654.38, converges to 0.00081528...

====================
[Info]Start EM iteration 3....
[Info]Multi-thread E-Step: 0 iteration, likelihood=-4141283.12, converge to 1.00000000
[Info]Multi-thread E-Step: 10 iteration, likelihood=-4123188.44, converge to 0.00017054
[Info]Multi-thread E-Step: 20 iteration, likelihood=-4119040.09, converge to 0.00006967
[Info]Finish E-Step: 21 iteration, likelihood: -4119040.0949
[Info]M-step 3....
--------------------------
[Info]EM iteration 3: likelihood is -4119040.09, converges to 0.00665941...

====================
[Info]Start EM iteration 4....
[Info]Multi-thread E-Step: 0 iteration, likelihood=-4079727.45, converge to 1.00000000
[Info]Multi-thread E-Step: 10 iteration, likelihood=-4044585.69, converge to 0.00016752
[Info]Multi-thread E-Step: 20 iteration, likelihood=-4040254.37, converge to 0.00007708
[Info]Finish E-Step: 21 iteration, likelihood: -4040254.3654
[Info]M-step 4....
--------------------------
[Info]EM iteration 4: likelihood is -4040254.37, converges to 0.01912721...

====================
[Info]Start EM iteration 5....
[Info]Multi-thread E-Step: 0 iteration, likelihood=-3983357.42, converge to 1.00000000
[Info]Multi-thread E-Step: 10 iteration, likelihood=-3972160.10, converge to 0.00008150
[Info]Multi-thread E-Step: 20 iteration, likelihood=-3970070.25, converge to 0.00003591
[Info]Finish E-Step: 21 iteration, likelihood: -3970070.2534
[Info]M-step 5....
--------------------------
[Info]EM iteration 5: likelihood is -3970070.25, converges to 0.01737121...

====================
[Info]Start EM iteration 6....
[Info]Multi-thread E-Step: 0 iteration, likelihood=-3942685.51, converge to 1.00000000
[Info]Multi-thread E-Step: 10 iteration, likelihood=-3941249.74, converge to 0.00001747
[Info]Multi-thread E-Step: 20 iteration, likelihood=-3940797.97, converge to 0.00000778
[Info]Finish E-Step: 21 iteration, likelihood: -3940797.9747
[Info]M-step 6....
--------------------------
[Info]EM iteration 6: likelihood is -3940797.97, converges to 0.00737324...

====================
[Info]Start EM iteration 7....
[Info]Multi-thread E-Step: 0 iteration, likelihood=-3926261.24, converge to 1.00000000
[Info]Multi-thread E-Step: 10 iteration, likelihood=-3926539.86, converge to 0.00000270
[Info]Finish E-Step: 15 iteration, likelihood: -3926568.6202
[Info]M-step 7....
--------------------------
[Info]EM iteration 7: likelihood is -3926568.62, converges to 0.00361078...

====================
[Info]Start EM iteration 8....
[Info]Multi-thread E-Step: 0 iteration, likelihood=-3917131.31, converge to 1.00000000
[Info]Multi-thread E-Step: 10 iteration, likelihood=-3917753.72, converge to 0.00000656
[Info]Multi-thread E-Step: 20 iteration, likelihood=-3917871.65, converge to 0.00000118
[Info]Finish E-Step: 21 iteration, likelihood: -3917871.6504
[Info]M-step 8....
--------------------------
[Info]EM iteration 8: likelihood is -3917871.65, converges to 0.00221490...

====================
[Info]Start EM iteration 9....
[Info]Multi-thread E-Step: 0 iteration, likelihood=-3911399.22, converge to 1.00000000
[Info]Multi-thread E-Step: 10 iteration, likelihood=-3912058.51, converge to 0.00000699
[Info]Multi-thread E-Step: 20 iteration, likelihood=-3912176.06, converge to 0.00000101
[Info]Finish E-Step: 21 iteration, likelihood: -3912176.0597
[Info]M-step 9....
--------------------------
[Info]EM iteration 9: likelihood is -3912176.06, converges to 0.00145375...

====================
[Info]Start EM iteration 10....
[Info]Multi-thread E-Step: 0 iteration, likelihood=-3907563.16, converge to 1.00000000
[Info]Multi-thread E-Step: 10 iteration, likelihood=-3908182.34, converge to 0.00000600
[Info]Finish E-Step: 18 iteration, likelihood: -3908264.6206
[Info]M-step 10....
--------------------------
[Info]EM iteration 10: likelihood is -3908264.62, converges to 0.00099981...

====================
[Info]Start EM iteration 11....
[Info]Multi-thread E-Step: 0 iteration, likelihood=-3904940.09, converge to 1.00000000
[Info]Multi-thread E-Step: 10 iteration, likelihood=-3905498.94, converge to 0.00000486
[Info]Finish E-Step: 17 iteration, likelihood: -3905557.8807
[Info]M-step 11....
--------------------------
[Info]EM iteration 11: likelihood is -3905557.88, converges to 0.00069257...

====================
[Info]Start EM iteration 12....
[Info]Multi-thread E-Step: 0 iteration, likelihood=-3903346.26, converge to 1.00000000
[Info]Multi-thread E-Step: 10 iteration, likelihood=-3903849.66, converge to 0.00000413
[Info]Finish E-Step: 17 iteration, likelihood: -3903898.9483
[Info]M-step 12....
--------------------------
[Info]EM iteration 12: likelihood is -3903898.95, converges to 0.00042476...

====================
[Info]Start EM iteration 13....
[Info]Multi-thread E-Step: 0 iteration, likelihood=-3902348.76, converge to 1.00000000
[Info]Multi-thread E-Step: 10 iteration, likelihood=-3902798.43, converge to 0.00000367
[Info]Finish E-Step: 16 iteration, likelihood: -3902841.3943
[Info]M-step 13....
--------------------------
[Info]EM iteration 13: likelihood is -3902841.39, converges to 0.00027090...

====================
[Info]Start EM iteration 14....
[Info]Multi-thread E-Step: 0 iteration, likelihood=-3901616.26, converge to 1.00000000
[Info]Multi-thread E-Step: 10 iteration, likelihood=-3902011.46, converge to 0.00000293
[Info]Finish E-Step: 15 iteration, likelihood: -3902040.2440
[Info]M-step 14....
--------------------------
[Info]EM iteration 14: likelihood is -3902040.24, converges to 0.00020527...

====================
[Info]Start EM iteration 15....
[Info]Multi-thread E-Step: 0 iteration, likelihood=-3901044.87, converge to 1.00000000
[Info]Multi-thread E-Step: 10 iteration, likelihood=-3901402.90, converge to 0.00000249
[Info]Finish E-Step: 14 iteration, likelihood: -3901424.2551
[Info]M-step 15....
--------------------------
[Info]EM iteration 15: likelihood is -3901424.26, converges to 0.00015786...

====================
[Info]Start EM iteration 16....
[Info]Multi-thread E-Step: 0 iteration, likelihood=-3900568.99, converge to 1.00000000
[Info]Multi-thread E-Step: 10 iteration, likelihood=-3900889.22, converge to 0.00000213
[Info]Finish E-Step: 14 iteration, likelihood: -3900907.9550
[Info]M-step 16....
--------------------------
[Info]EM iteration 16: likelihood is -3900907.96, converges to 0.00013234...

====================
[Info]Start EM iteration 17....
[Info]Multi-thread E-Step: 0 iteration, likelihood=-3900176.80, converge to 1.00000000
[Info]Multi-thread E-Step: 10 iteration, likelihood=-3900460.00, converge to 0.00000178
[Info]Finish E-Step: 13 iteration, likelihood: -3900472.3978
[Info]M-step 17....
--------------------------
[Info]EM iteration 17: likelihood is -3900472.40, converges to 0.00011166...

====================
[Info]Start EM iteration 18....
[Info]Multi-thread E-Step: 0 iteration, likelihood=-3899857.20, converge to 1.00000000
[Info]Multi-thread E-Step: 10 iteration, likelihood=-3900107.96, converge to 0.00000141
[Info]Finish E-Step: 12 iteration, likelihood: -3900115.4336
[Info]M-step 18....
--------------------------
[Info]EM iteration 18: likelihood is -3900115.43, converges to 0.00009152...

====================
[Info]Start EM iteration 19....
[Info]Multi-thread E-Step: 0 iteration, likelihood=-3899585.76, converge to 1.00000000
[Info]Multi-thread E-Step: 10 iteration, likelihood=-3899810.19, converge to 0.00000119
[Info]Finish E-Step: 11 iteration, likelihood: -3899813.3946
[Info]M-step 19....
--------------------------
[Info]EM iteration 19: likelihood is -3899813.39, converges to 0.00007744...

====================
[Info]Start EM iteration 20....
[Info]Multi-thread E-Step: 0 iteration, likelihood=-3899355.77, converge to 1.00000000
[Info]Finish E-Step: 10 iteration, likelihood: -3899554.4724
[Info]M-step 20....
--------------------------
[Info]EM iteration 20: likelihood is -3899554.47, converges to 0.00006639...

====================
[Info]Start EM iteration 21....
[Info]Multi-thread E-Step: 0 iteration, likelihood=-3899142.90, converge to 1.00000000
[Info]Finish E-Step: 9 iteration, likelihood: -3899312.9525
[Info]M-step 21....
--------------------------
[Info]EM iteration 21: likelihood is -3899312.95, converges to 0.00006194...

====================
[Info]Start EM iteration 22....
[Info]Multi-thread E-Step: 0 iteration, likelihood=-3898978.47, converge to 1.00000000
[Info]Finish E-Step: 9 iteration, likelihood: -3899137.1032
[Info]M-step 22....
--------------------------
[Info]EM iteration 22: likelihood is -3899137.10, converges to 0.00004510...

====================
[Info]Start EM iteration 23....
[Info]Multi-thread E-Step: 0 iteration, likelihood=-3898928.78, converge to 1.00000000
[Info]Finish E-Step: 9 iteration, likelihood: -3899072.5744
[Info]M-step 23....
--------------------------
[Info]EM iteration 23: likelihood is -3899072.57, converges to 0.00001655...

====================
[Info]Start EM iteration 24....
[Info]Multi-thread E-Step: 0 iteration, likelihood=-3898943.36, converge to 1.00000000
[Info]Finish E-Step: 8 iteration, likelihood: -3899072.8705
[Info]M-step 24....
--------------------------
[Info]EM iteration 24: likelihood is -3899072.87, converges to 0.00000008...

====================
[Info]Start EM iteration 25....
[Info]Multi-thread E-Step: 0 iteration, likelihood=-3898981.40, converge to 1.00000000
[Info]Finish E-Step: 8 iteration, likelihood: -3899101.5613
[Info]M-step 25....
--------------------------
[Info]EM iteration 25: likelihood is -3899101.56, converges to 0.00000736...

====================
[Info]Start EM iteration 26....
[Info]Multi-thread E-Step: 0 iteration, likelihood=-3899017.23, converge to 1.00000000
[Info]Finish E-Step: 7 iteration, likelihood: -3899122.7294
[Info]M-step 26....
--------------------------
[Info]EM iteration 26: likelihood is -3899122.73, converges to 0.00000543...

====================
[Info]Start EM iteration 27....
[Info]Multi-thread E-Step: 0 iteration, likelihood=-3899029.14, converge to 1.00000000
[Info]Finish E-Step: 7 iteration, likelihood: -3899124.3791
[Info]M-step 27....
--------------------------
[Info]EM iteration 27: likelihood is -3899124.38, converges to 0.00000042...

====================
[Info]Start EM iteration 28....
[Info]Multi-thread E-Step: 0 iteration, likelihood=-3899055.21, converge to 1.00000000
[Info]Finish E-Step: 6 iteration, likelihood: -3899139.6314
[Info]M-step 28....
--------------------------
[Info]EM iteration 28: likelihood is -3899139.63, converges to 0.00000391...

====================
[Info]Start EM iteration 29....
[Info]Multi-thread E-Step: 0 iteration, likelihood=-3899109.16, converge to 1.00000000
[Info]Finish E-Step: 6 iteration, likelihood: -3899188.4069
[Info]M-step 29....
--------------------------
[Info]EM iteration 29: likelihood is -3899188.41, converges to 0.00001251...

[Info]Analying bipartie graph: 
-- test graph: review size: 3252, item size: 206, user size: 264
[Info]Start evaluation in thread
---likelihood: -988504.7524902481
---likelihood: -988303.9993421569
---likelihood: -988190.3015450712
---likelihood: -987999.0358583152
---likelihood: -988027.560107623
---likelihood: -987879.6818734437
---likelihood: -987744.3889211913
---likelihood: -987823.0969144918
---likelihood: -987601.8347211521
---likelihood: -987545.2599672164
---likelihood: -987618.8221450942
---likelihood: -987394.5514184433
---likelihood: -987374.6854203192
---likelihood: -987366.2403154963
---likelihood: -987330.5933434551
---likelihood: -987350.1777649632
---likelihood: -987260.0217236761
---likelihood: -987293.4376736158
---likelihood: -987146.5919447158
---likelihood: -987082.9248331164
---likelihood: -987152.4960455948
[Info]Inference finished: likelihood: -987152.4960
[Stat]Test evaluation finished: 3252 docs
[Stat]0 part has 912.000000 docs: perplexity is 838.609 and log-likelihood is -309.144
[Stat]1 part has 285.000000 docs: perplexity is 773.003 and log-likelihood is -294.503
[Stat]2 part has 1562.000000 docs: perplexity is 809.317 and log-likelihood is -303.506
[Stat]3 part has 493.000000 docs: perplexity is 724.803 and log-likelihood is -299.238
[Stat]4 part has 3252.000000 docs: perplexity is 799.072 and log-likelihood is -303.552
[Info]ETBIR_Item[k:5, alpha:1.01000, beta:1.00100, simga:1.01000, rho:1.01000, item~N(1.00000, 1.00000), user~N(1.00000, 1.00000)]
 Train/Test SUCCEED in 194.54 seconds...
TopWord FilePath:/home/ll5fy/TUIR/dataset/yelp/byUser_70k_review/output/5foldsCVColdstart/3/ETBIR_Item_topWords_5.txt
Topic 0(0.17748):	restaur(0.01503)	steak(0.01445)	sauc(0.01346)	bread(0.01192)	dish(0.01157)	dinner(0.01056)	side(0.01042)	perfect(0.01031)	tast(0.01014)	flavor(0.00848)	delici(0.00821)	tabl(0.00802)	dine(0.00797)	cook(0.00794)	serv(0.00792)	chicken(0.00756)	wine(0.00738)	plate(0.00689)	cours(0.00658)	amaz(0.00620)	best(0.00617)	experi(0.00602)	time(0.00591)	onion(0.00589)	excel(0.00554)	mushroom(0.00547)	appet(0.00532)	lobster(0.00530)	start(0.00522)	friend(0.00503)	
Topic 1(0.19734):	chicken(0.01841)	rice(0.01609)	buffet(0.01325)	dish(0.01319)	roll(0.01295)	sushi(0.01282)	time(0.01219)	pork(0.01151)	spici(0.01110)	soup(0.01067)	restaur(0.01052)	sauc(0.01030)	lunch(0.01015)	flavor(0.00964)	thai(0.00879)	ramen(0.00871)	beef(0.00833)	pretti(0.00797)	tast(0.00793)	definit(0.00785)	price(0.00717)	bowl(0.00714)	fish(0.00712)	best(0.00694)	curri(0.00678)	favorit(0.00671)	shrimp(0.00631)	friend(0.00615)	delici(0.00551)	small(0.00529)	
Topic 2(0.24920):	vega(0.01976)	room(0.01908)	time(0.01428)	casino(0.01093)	park(0.01077)	strip(0.01064)	stay(0.01059)	walk(0.00971)	hotel(0.00955)	night(0.00942)	peopl(0.00932)	area(0.00780)	las-vega(0.00765)	pretti(0.00746)	shop(0.00726)	play(0.00677)	locat(0.00669)	store(0.00634)	music(0.00616)	cool(0.00607)	year(0.00605)	friend(0.00590)	seat(0.00574)	club(0.00569)	view(0.00544)	drink(0.00529)	feel(0.00515)	find(0.00473)	price(0.00470)	local(0.00464)	
Topic 3(0.15993):	cream(0.01933)	pizza(0.01804)	chocol(0.01475)	flavor(0.01458)	sweet(0.01355)	cake(0.01264)	ice-cream(0.01064)	coffe(0.01049)	tast(0.00969)	breakfast(0.00959)	time(0.00814)	best(0.00699)	delici(0.00675)	friend(0.00577)	toast(0.00539)	waffl(0.00525)	small(0.00518)	cooki(0.00514)	strawberri(0.00514)	slice(0.00512)	favorit(0.00495)	perfect(0.00488)	brunch(0.00480)	french(0.00438)	offer(0.00425)	definit(0.00424)	locat(0.00418)	pastri(0.00416)	crepe(0.00410)	banana(0.00406)	
Topic 4(0.21605):	time(0.02667)	drink(0.02287)	wait(0.01741)	friend(0.01581)	happi(0.01285)	pretti(0.01279)	price(0.01259)	beer(0.01194)	tabl(0.01159)	star(0.01064)	peopl(0.00959)	taco(0.00922)	busi(0.00824)	happi-hour(0.00777)	NUM-minut(0.00775)	seat(0.00677)	locat(0.00673)	custom(0.00614)	review(0.00606)	staff(0.00581)	chicken(0.00526)	night(0.00512)	restaur(0.00492)	work(0.00485)	experi(0.00479)	super(0.00469)	told(0.00457)	manag(0.00453)	expect(0.00440)	chip(0.00437)	
256 users are loaded from /home/ll5fy/TUIR/dataset/yelp/byUser_70k_review/5foldsCVColdstart/4/...
260 users are loaded from /home/ll5fy/TUIR/dataset/yelp/byUser_70k_review/5foldsCVColdstart/0/...
244 users are loaded from /home/ll5fy/TUIR/dataset/yelp/byUser_70k_review/5foldsCVColdstart/1/...
266 users are loaded from /home/ll5fy/TUIR/dataset/yelp/byUser_70k_review/5foldsCVColdstart/2/...
264 users are loaded from /home/ll5fy/TUIR/dataset/yelp/byUser_70k_review/5foldsCVColdstart/3/...
====================
[Info]Fold No. 4: 
[Info]Analzying corpus: 
...........-- Global corpus: vocabulary size: 6134, review size: 15843, item size: 861, user size: 861
train size = 12424, test size = 3419....
[Info]Analying bipartie graph: 
-- train graph: review size: 12424, item size: 726, user size: 778
ETBIR_Item[k:5, alpha:1.01000, beta:1.00100, simga:1.01000, rho:1.01000, item~N(1.00000, 1.00000), user~N(1.00000, 1.00000)]

[Info]Initializing documents...
[Info]Initializing users...
[Info]Initializing items...
[Info]Initializing ETBIR model...
====================
[Info]Start EM iteration 1....
[Info]Multi-thread E-Step: 0 iteration, likelihood=-4027418.61, converge to 1.00000000
[Info]Multi-thread E-Step: 10 iteration, likelihood=-4089484.76, converge to 0.00001146
[Info]Multi-thread E-Step: 20 iteration, likelihood=-4090058.83, converge to 0.00001563
[Info]Finish E-Step: 21 iteration, likelihood: -4090058.8346
[Info]M-step 1....
--------------------------
[Info]EM iteration 1: likelihood is -4090058.83, converges to 4090059.83456724...

====================
[Info]Start EM iteration 2....
[Info]Multi-thread E-Step: 0 iteration, likelihood=-4089778.60, converge to 1.00000000
[Info]Multi-thread E-Step: 10 iteration, likelihood=-4088142.70, converge to 0.00003466
[Info]Multi-thread E-Step: 20 iteration, likelihood=-4087076.00, converge to 0.00002166
[Info]Finish E-Step: 21 iteration, likelihood: -4087076.0024
[Info]M-step 2....
--------------------------
[Info]EM iteration 2: likelihood is -4087076.00, converges to 0.00072929...

====================
[Info]Start EM iteration 3....
[Info]Multi-thread E-Step: 0 iteration, likelihood=-4082767.54, converge to 1.00000000
[Info]Multi-thread E-Step: 10 iteration, likelihood=-4067918.65, converge to 0.00015515
[Info]Multi-thread E-Step: 20 iteration, likelihood=-4064153.54, converge to 0.00006383
[Info]Finish E-Step: 21 iteration, likelihood: -4064153.5428
[Info]M-step 3....
--------------------------
[Info]EM iteration 3: likelihood is -4064153.54, converges to 0.00560852...

====================
[Info]Start EM iteration 4....
[Info]Multi-thread E-Step: 0 iteration, likelihood=-4034268.36, converge to 1.00000000
[Info]Multi-thread E-Step: 10 iteration, likelihood=-4000959.25, converge to 0.00017177
[Info]Multi-thread E-Step: 20 iteration, likelihood=-3996680.03, converge to 0.00007633
[Info]Finish E-Step: 21 iteration, likelihood: -3996680.0274
[Info]M-step 4....
--------------------------
[Info]EM iteration 4: likelihood is -3996680.03, converges to 0.01660211...

====================
[Info]Start EM iteration 5....
[Info]Multi-thread E-Step: 0 iteration, likelihood=-3935224.46, converge to 1.00000000
[Info]Multi-thread E-Step: 10 iteration, likelihood=-3919054.51, converge to 0.00010229
[Info]Multi-thread E-Step: 20 iteration, likelihood=-3916449.25, converge to 0.00004579
[Info]Finish E-Step: 21 iteration, likelihood: -3916449.2499
[Info]M-step 5....
--------------------------
[Info]EM iteration 5: likelihood is -3916449.25, converges to 0.02007436...

====================
[Info]Start EM iteration 6....
[Info]Multi-thread E-Step: 0 iteration, likelihood=-3879886.14, converge to 1.00000000
[Info]Multi-thread E-Step: 10 iteration, likelihood=-3877365.22, converge to 0.00002722
[Info]Multi-thread E-Step: 20 iteration, likelihood=-3876679.97, converge to 0.00001190
[Info]Finish E-Step: 21 iteration, likelihood: -3876679.9727
[Info]M-step 6....
--------------------------
[Info]EM iteration 6: likelihood is -3876679.97, converges to 0.01015442...

====================
[Info]Start EM iteration 7....
[Info]Multi-thread E-Step: 0 iteration, likelihood=-3860687.25, converge to 1.00000000
[Info]Multi-thread E-Step: 10 iteration, likelihood=-3861196.14, converge to 0.00000461
[Info]Finish E-Step: 18 iteration, likelihood: -3861262.3539
[Info]M-step 7....
--------------------------
[Info]EM iteration 7: likelihood is -3861262.35, converges to 0.00397702...

====================
[Info]Start EM iteration 8....
[Info]Multi-thread E-Step: 0 iteration, likelihood=-3853326.73, converge to 1.00000000
[Info]Multi-thread E-Step: 10 iteration, likelihood=-3854405.82, converge to 0.00001101
[Info]Multi-thread E-Step: 20 iteration, likelihood=-3854605.38, converge to 0.00000227
[Info]Finish E-Step: 21 iteration, likelihood: -3854605.3782
[Info]M-step 8....
--------------------------
[Info]EM iteration 8: likelihood is -3854605.38, converges to 0.00172404...

====================
[Info]Start EM iteration 9....
[Info]Multi-thread E-Step: 0 iteration, likelihood=-3850174.46, converge to 1.00000000
[Info]Multi-thread E-Step: 10 iteration, likelihood=-3851216.37, converge to 0.00001024
[Info]Multi-thread E-Step: 20 iteration, likelihood=-3851391.11, converge to 0.00000179
[Info]Finish E-Step: 21 iteration, likelihood: -3851391.1145
[Info]M-step 9....
--------------------------
[Info]EM iteration 9: likelihood is -3851391.11, converges to 0.00083388...

====================
[Info]Start EM iteration 10....
[Info]Multi-thread E-Step: 0 iteration, likelihood=-3848720.68, converge to 1.00000000
[Info]Multi-thread E-Step: 10 iteration, likelihood=-3849610.47, converge to 0.00000826
[Info]Multi-thread E-Step: 20 iteration, likelihood=-3849739.81, converge to 0.00000102
[Info]Finish E-Step: 21 iteration, likelihood: -3849739.8059
[Info]M-step 10....
--------------------------
[Info]EM iteration 10: likelihood is -3849739.81, converges to 0.00042876...

====================
[Info]Start EM iteration 11....
[Info]Multi-thread E-Step: 0 iteration, likelihood=-3847913.55, converge to 1.00000000
[Info]Multi-thread E-Step: 10 iteration, likelihood=-3848679.72, converge to 0.00000642
[Info]Finish E-Step: 19 iteration, likelihood: -3848766.6978
[Info]M-step 11....
--------------------------
[Info]EM iteration 11: likelihood is -3848766.70, converges to 0.00025277...

====================
[Info]Start EM iteration 12....
[Info]Multi-thread E-Step: 0 iteration, likelihood=-3847477.36, converge to 1.00000000
[Info]Multi-thread E-Step: 10 iteration, likelihood=-3848119.10, converge to 0.00000499
[Info]Finish E-Step: 19 iteration, likelihood: -3848186.5984
[Info]M-step 12....
--------------------------
[Info]EM iteration 12: likelihood is -3848186.60, converges to 0.00015072...

====================
[Info]Start EM iteration 13....
[Info]Multi-thread E-Step: 0 iteration, likelihood=-3847242.73, converge to 1.00000000
[Info]Multi-thread E-Step: 10 iteration, likelihood=-3847787.61, converge to 0.00000407
[Info]Finish E-Step: 17 iteration, likelihood: -3847836.6056
[Info]M-step 13....
--------------------------
[Info]EM iteration 13: likelihood is -3847836.61, converges to 0.00009095...

====================
[Info]Start EM iteration 14....
[Info]Multi-thread E-Step: 0 iteration, likelihood=-3847071.27, converge to 1.00000000
[Info]Multi-thread E-Step: 10 iteration, likelihood=-3847526.30, converge to 0.00000300
[Info]Finish E-Step: 15 iteration, likelihood: -3847554.6642
[Info]M-step 14....
--------------------------
[Info]EM iteration 14: likelihood is -3847554.66, converges to 0.00007327...

====================
[Info]Start EM iteration 15....
[Info]Multi-thread E-Step: 0 iteration, likelihood=-3846892.88, converge to 1.00000000
[Info]Multi-thread E-Step: 10 iteration, likelihood=-3847279.83, converge to 0.00000234
[Info]Finish E-Step: 13 iteration, likelihood: -3847295.1576
[Info]M-step 15....
--------------------------
[Info]EM iteration 15: likelihood is -3847295.16, converges to 0.00006745...

====================
[Info]Start EM iteration 16....
[Info]Multi-thread E-Step: 0 iteration, likelihood=-3846729.26, converge to 1.00000000
[Info]Multi-thread E-Step: 10 iteration, likelihood=-3847066.97, converge to 0.00000183
[Info]Finish E-Step: 12 iteration, likelihood: -3847075.8089
[Info]M-step 16....
--------------------------
[Info]EM iteration 16: likelihood is -3847075.81, converges to 0.00005701...

====================
[Info]Start EM iteration 17....
[Info]Multi-thread E-Step: 0 iteration, likelihood=-3846628.94, converge to 1.00000000
[Info]Multi-thread E-Step: 10 iteration, likelihood=-3846932.74, converge to 0.00000153
[Info]Finish E-Step: 12 iteration, likelihood: -3846940.0182
[Info]M-step 17....
--------------------------
[Info]EM iteration 17: likelihood is -3846940.02, converges to 0.00003530...

====================
[Info]Start EM iteration 18....
[Info]Multi-thread E-Step: 0 iteration, likelihood=-3846597.15, converge to 1.00000000
[Info]Multi-thread E-Step: 10 iteration, likelihood=-3846867.36, converge to 0.00000126
[Info]Finish E-Step: 11 iteration, likelihood: -3846870.9026
[Info]M-step 18....
--------------------------
[Info]EM iteration 18: likelihood is -3846870.90, converges to 0.00001797...

====================
[Info]Start EM iteration 19....
[Info]Multi-thread E-Step: 0 iteration, likelihood=-3846604.28, converge to 1.00000000
[Info]Multi-thread E-Step: 10 iteration, likelihood=-3846847.51, converge to 0.00000106
[Info]Finish E-Step: 11 iteration, likelihood: -3846850.5271
[Info]M-step 19....
--------------------------
[Info]EM iteration 19: likelihood is -3846850.53, converges to 0.00000530...

====================
[Info]Start EM iteration 20....
[Info]Multi-thread E-Step: 0 iteration, likelihood=-3846639.63, converge to 1.00000000
[Info]Finish E-Step: 10 iteration, likelihood: -3846856.8482
[Info]M-step 20....
--------------------------
[Info]EM iteration 20: likelihood is -3846856.85, converges to 0.00000164...

====================
[Info]Start EM iteration 21....
[Info]Multi-thread E-Step: 0 iteration, likelihood=-3846690.47, converge to 1.00000000
[Info]Finish E-Step: 10 iteration, likelihood: -3846885.5201
[Info]M-step 21....
--------------------------
[Info]EM iteration 21: likelihood is -3846885.52, converges to 0.00000745...

====================
[Info]Start EM iteration 22....
[Info]Multi-thread E-Step: 0 iteration, likelihood=-3846749.73, converge to 1.00000000
[Info]Finish E-Step: 9 iteration, likelihood: -3846920.0599
[Info]M-step 22....
--------------------------
[Info]EM iteration 22: likelihood is -3846920.06, converges to 0.00000898...

====================
[Info]Start EM iteration 23....
[Info]Multi-thread E-Step: 0 iteration, likelihood=-3846801.05, converge to 1.00000000
[Info]Finish E-Step: 9 iteration, likelihood: -3846952.7107
[Info]M-step 23....
--------------------------
[Info]EM iteration 23: likelihood is -3846952.71, converges to 0.00000849...

====================
[Info]Start EM iteration 24....
[Info]Multi-thread E-Step: 0 iteration, likelihood=-3846857.92, converge to 1.00000000
[Info]Finish E-Step: 8 iteration, likelihood: -3846993.5612
[Info]M-step 24....
--------------------------
[Info]EM iteration 24: likelihood is -3846993.56, converges to 0.00001062...

====================
[Info]Start EM iteration 25....
[Info]Multi-thread E-Step: 0 iteration, likelihood=-3846925.52, converge to 1.00000000
[Info]Finish E-Step: 8 iteration, likelihood: -3847051.3657
[Info]M-step 25....
--------------------------
[Info]EM iteration 25: likelihood is -3847051.37, converges to 0.00001503...

====================
[Info]Start EM iteration 26....
[Info]Multi-thread E-Step: 0 iteration, likelihood=-3846991.56, converge to 1.00000000
[Info]Finish E-Step: 7 iteration, likelihood: -3847101.2918
[Info]M-step 26....
--------------------------
[Info]EM iteration 26: likelihood is -3847101.29, converges to 0.00001298...

====================
[Info]Start EM iteration 27....
[Info]Multi-thread E-Step: 0 iteration, likelihood=-3847042.46, converge to 1.00000000
[Info]Finish E-Step: 7 iteration, likelihood: -3847143.4277
[Info]M-step 27....
--------------------------
[Info]EM iteration 27: likelihood is -3847143.43, converges to 0.00001095...

====================
[Info]Start EM iteration 28....
[Info]Multi-thread E-Step: 0 iteration, likelihood=-3847083.34, converge to 1.00000000
[Info]Finish E-Step: 7 iteration, likelihood: -3847173.9118
[Info]M-step 28....
--------------------------
[Info]EM iteration 28: likelihood is -3847173.91, converges to 0.00000792...

====================
[Info]Start EM iteration 29....
[Info]Multi-thread E-Step: 0 iteration, likelihood=-3847114.31, converge to 1.00000000
[Info]Finish E-Step: 7 iteration, likelihood: -3847197.0458
[Info]M-step 29....
--------------------------
[Info]EM iteration 29: likelihood is -3847197.05, converges to 0.00000601...

[Info]Analying bipartie graph: 
-- test graph: review size: 3419, item size: 213, user size: 256
[Info]Start evaluation in thread
---likelihood: -1047295.3960772295
---likelihood: -1047245.0654773472
---likelihood: -1046980.2625784302
---likelihood: -1046850.0926094815
---likelihood: -1046829.6346883335
---likelihood: -1046706.8435397652
---likelihood: -1046643.0027363801
---likelihood: -1046702.8061782694
---likelihood: -1046490.5424679756
---likelihood: -1046540.7231927039
---likelihood: -1046270.5248185603
---likelihood: -1046343.4311107168
---likelihood: -1046296.9834806988
---likelihood: -1046237.9653252083
---likelihood: -1046103.8396623965
---likelihood: -1046148.402825903
---likelihood: -1046044.6439217376
---likelihood: -1046040.8311488485
---likelihood: -1046065.1127361145
---likelihood: -1046071.765843401
---likelihood: -1045946.2342036782
[Info]Inference finished: likelihood: -1045946.2342
[Stat]Test evaluation finished: 3419 docs
[Stat]0 part has 701.000000 docs: perplexity is 929.262 and log-likelihood is -300.255
[Stat]1 part has 339.000000 docs: perplexity is 850.077 and log-likelihood is -311.101
[Stat]2 part has 1635.000000 docs: perplexity is 840.806 and log-likelihood is -305.073
[Stat]3 part has 744.000000 docs: perplexity is 766.518 and log-likelihood is -311.176
[Stat]4 part has 3419.000000 docs: perplexity is 839.307 and log-likelihood is -305.922
[Info]ETBIR_Item[k:5, alpha:1.01000, beta:1.00100, simga:1.01000, rho:1.01000, item~N(1.00000, 1.00000), user~N(1.00000, 1.00000)]
 Train/Test SUCCEED in 191.25 seconds...
TopWord FilePath:/home/ll5fy/TUIR/dataset/yelp/byUser_70k_review/output/5foldsCVColdstart/4/ETBIR_Item_topWords_5.txt
Topic 0(0.21553):	drink(0.03074)	time(0.02485)	wait(0.01603)	tabl(0.01593)	friend(0.01587)	happi(0.01400)	beer(0.01276)	peopl(0.01156)	price(0.01136)	night(0.01111)	seat(0.01066)	pretti(0.01003)	star(0.00861)	happi-hour(0.00824)	NUM-minut(0.00719)	busi(0.00699)	staff(0.00646)	experi(0.00640)	coffe(0.00631)	review(0.00624)	restaur(0.00595)	wine(0.00584)	select(0.00522)	custom(0.00520)	cool(0.00496)	work(0.00491)	manag(0.00486)	locat(0.00482)	dinner(0.00463)	open(0.00452)	
Topic 1(0.20003):	rice(0.01548)	dish(0.01488)	roll(0.01334)	buffet(0.01329)	sushi(0.01216)	time(0.01209)	pork(0.01183)	soup(0.01122)	restaur(0.01116)	chicken(0.01109)	spici(0.01105)	sauc(0.00994)	thai(0.00949)	shrimp(0.00947)	beef(0.00930)	flavor(0.00853)	tast(0.00804)	fish(0.00765)	pretti(0.00759)	lunch(0.00752)	crab(0.00716)	price(0.00705)	definit(0.00686)	curri(0.00646)	best(0.00634)	favorit(0.00632)	friend(0.00596)	delici(0.00572)	bowl(0.00567)	special(0.00564)	
Topic 2(0.17174):	cream(0.01624)	flavor(0.01569)	chocol(0.01288)	sweet(0.01159)	tast(0.01143)	steak(0.01128)	cake(0.01058)	taco(0.00917)	perfect(0.00873)	restaur(0.00832)	ice-cream(0.00830)	dish(0.00789)	delici(0.00766)	best(0.00704)	bread(0.00688)	serv(0.00649)	cours(0.00638)	lobster(0.00519)	favorit(0.00510)	amaz(0.00509)	dinner(0.00497)	dine(0.00478)	sauc(0.00449)	cooki(0.00447)	plate(0.00444)	side(0.00439)	chip(0.00430)	experi(0.00426)	small(0.00426)	chef(0.00415)	
Topic 3(0.19196):	chicken(0.02276)	pizza(0.01592)	sauc(0.01311)	time(0.01239)	side(0.01169)	lunch(0.01039)	breakfast(0.01011)	friend(0.00925)	delici(0.00834)	bread(0.00805)	pretti(0.00794)	tast(0.00793)	definit(0.00732)	flavor(0.00646)	serv(0.00636)	best(0.00635)	pancak(0.00593)	onion(0.00561)	restaur(0.00554)	price(0.00543)	locat(0.00517)	perfect(0.00511)	wait(0.00510)	slice(0.00485)	garlic(0.00458)	option(0.00427)	waffl(0.00420)	sweet(0.00414)	tabl(0.00410)	toast(0.00405)	
Topic 4(0.22073):	room(0.02278)	vega(0.02199)	time(0.01359)	strip(0.01289)	casino(0.01211)	hotel(0.01194)	stay(0.01185)	park(0.01131)	walk(0.00980)	area(0.00857)	peopl(0.00839)	shop(0.00757)	las-vega(0.00756)	night(0.00728)	view(0.00707)	locat(0.00705)	pretti(0.00666)	club(0.00635)	pool(0.00578)	year(0.00570)	restaur(0.00566)	play(0.00556)	store(0.00539)	seat(0.00537)	music(0.00514)	feel(0.00493)	cool(0.00469)	crowd(0.00460)	find(0.00457)	clean(0.00438)	

Part 0 -----------------Valid folds: 5
[Stat]Loglikelihood -310.709+/-6.388
[Stat]Perplexity 843.492+/-53.724
Part 1 -----------------Valid folds: 5
[Stat]Loglikelihood -312.213+/-11.103
[Stat]Perplexity 813.919+/-30.160
Part 2 -----------------Valid folds: 5
[Stat]Loglikelihood -309.217+/-11.189
[Stat]Perplexity 827.819+/-16.649
Part 3 -----------------Valid folds: 5
[Stat]Loglikelihood -310.345+/-21.892
[Stat]Perplexity 766.381+/-32.559
Part 4 -----------------Valid folds: 5
[Stat]Loglikelihood -309.869+/-10.254
[Stat]Perplexity 815.411+/-17.354
