Load 6134 2-gram new features from /zf18/ll5fy/lab/dataset/yelp/yelp_features.txt...
1409 users are loaded from /zf18/ll5fy/lab/dataset/yelp/byUser_70k_review/data/...
Info File Path: /zf18/ll5fy/lab/dataset/yelp/byUser_70k_review/output/5foldsCVColdstart/LDA_Item_info.txt
[Info]Start FIXED cross validation...
260 users are loaded from /zf18/ll5fy/lab/dataset/yelp/byUser_70k_review/5foldsCVColdstart/0/...
244 users are loaded from /zf18/ll5fy/lab/dataset/yelp/byUser_70k_review/5foldsCVColdstart/1/...
266 users are loaded from /zf18/ll5fy/lab/dataset/yelp/byUser_70k_review/5foldsCVColdstart/2/...
264 users are loaded from /zf18/ll5fy/lab/dataset/yelp/byUser_70k_review/5foldsCVColdstart/3/...
256 users are loaded from /zf18/ll5fy/lab/dataset/yelp/byUser_70k_review/5foldsCVColdstart/4/...
====================
[Info]Fold No. 0: 
[Info]Analzying corpus: 
...........-- Global corpus: vocabulary size: 6134, review size: 15843, item size: 861, user size: 861
train size = 12311, test size = 3532....
[Info]Analying bipartie graph: 
-- train graph: review size: 12311, item size: 722, user size: 770
[Info]EM Starting multithread LDA_Focus[k:20, alpha:1.01, beta:1.00, Variational]...
==============
[Info]Likelihood -3389794.11650 at step 0 converge to 1.0000000000...
==============
[Info]Likelihood -3388803.09779 at step 1 converge to 0.0002923537...
==============
[Info]Likelihood -3387808.44237 at step 2 converge to 0.0002935123...
==============
[Info]Likelihood -3386761.24854 at step 3 converge to 0.0003091066...
==============
[Info]Likelihood -3385563.29555 at step 4 converge to 0.0003537164...
==============
[Info]Likelihood -3383904.62985 at step 5 converge to 0.0004899231...
==============
[Info]Likelihood -3380213.63736 at step 6 converge to 0.0010907496...
==============
[Info]Likelihood -3369513.30111 at step 7 converge to 0.0031655799...
==============
[Info]Likelihood -3339809.47660 at step 8 converge to 0.0088154644...
==============
[Info]Likelihood -3282022.13464 at step 9 converge to 0.0173025864...
==============
[Info]Likelihood -3223392.52008 at step 10 converge to 0.0178638693...
==============
[Info]Likelihood -3178827.82023 at step 11 converge to 0.0138254028...
==============
[Info]Likelihood -3146047.74876 at step 12 converge to 0.0103119997...
==============
[Info]Likelihood -3121560.95371 at step 13 converge to 0.0077833514...
==============
[Info]Likelihood -3102708.47103 at step 14 converge to 0.0060394408...
==============
[Info]Likelihood -3087680.74510 at step 15 converge to 0.0048434218...
==============
[Info]Likelihood -3075266.35176 at step 16 converge to 0.0040206208...
==============
[Info]Likelihood -3064661.11704 at step 17 converge to 0.0034485581...
==============
[Info]Likelihood -3055345.46324 at step 18 converge to 0.0030397011...
==============
[Info]Likelihood -3047010.28018 at step 19 converge to 0.0027280657...
==============
[Info]Likelihood -3039470.45192 at step 20 converge to 0.0024745004...
==============
[Info]Likelihood -3032583.38012 at step 21 converge to 0.0022658788...
==============
[Info]Likelihood -3026231.35042 at step 22 converge to 0.0020945936...
==============
[Info]Likelihood -3020353.29267 at step 23 converge to 0.0019423689...
==============
[Info]Likelihood -3014921.25809 at step 24 converge to 0.0017984766...
==============
[Info]Likelihood -3009880.41405 at step 25 converge to 0.0016719654...
==============
[Info]Likelihood -3005194.16006 at step 26 converge to 0.0015569569...
==============
[Info]Likelihood -3000836.23464 at step 27 converge to 0.0014501311...
==============
[Info]Likelihood -2996781.66053 at step 28 converge to 0.0013511481...
==============
[Info]Likelihood -2993005.45988 at step 29 converge to 0.0012600853...
[Info]Likelihood -2993005.460 after step 30 converge to 0.001260 after 130 seconds...
[Info]Analying bipartie graph: 
-- test graph: review size: 3532, item size: 211, user size: 260
[Info]Start evaluation in thread
[Stat]Test evaluation finished: 3532 docs
[Stat]0 part has 817.000000 docs: perplexity is 1119.627 and log-likelihood is -321.829
[Stat]1 part has 303.000000 docs: perplexity is 1097.823 and log-likelihood is -325.007
[Stat]2 part has 1696.000000 docs: perplexity is 1065.556 and log-likelihood is -309.699
[Stat]3 part has 716.000000 docs: perplexity is 994.673 and log-likelihood is -299.677
[Stat]4 part has 3532.000000 docs: perplexity is 1066.457 and log-likelihood is -311.786
[Info]multithread LDA_Focus[k:20, alpha:1.01, beta:1.00, Variational] Train/Test finished in 132.28 seconds...
TopWord FilePath:/zf18/ll5fy/lab/dataset/yelp/byUser_70k_review/output/5foldsCVColdstart/0/LDA_Item_topWords_20.txt
Topic 0(0.06523):	vega(0.03564)	park(0.02796)	play(0.02494)	club(0.02289)	crowd(0.02221)	peopl(0.02203)	music(0.02056)	cool(0.01717)	night(0.01707)	walk(0.01649)	area(0.01613)	las-vega(0.01565)	street(0.01270)	downtown(0.01126)	danc(0.01080)	machin(0.00987)	insid(0.00773)	open(0.00734)	loung(0.00734)	space(0.00724)	sign(0.00694)	time(0.00644)	small(0.00631)	local(0.00627)	easi(0.00623)	venu(0.00613)	airport(0.00562)	feel(0.00532)	fremont(0.00517)	drunk(0.00509)	
Topic 1(0.04176):	breakfast(0.04126)	chicken(0.02797)	toast(0.02600)	pancak(0.02538)	french(0.02313)	waffl(0.01995)	brunch(0.01844)	serv(0.01610)	plate(0.01305)	hawaiian(0.01144)	sausag(0.01079)	friend(0.01068)	bread(0.01040)	cafe(0.00996)	coffe(0.00958)	syrup(0.00937)	french-toast(0.00800)	time(0.00799)	delici(0.00786)	side(0.00736)	brown(0.00709)	benedict(0.00692)	spot(0.00640)	crispi(0.00630)	corn(0.00572)	omelet(0.00556)	tabl(0.00553)	fluffi(0.00538)	share(0.00516)	stack(0.00482)	
Topic 2(0.06695):	time(0.08442)	wait(0.08181)	peopl(0.03699)	NUM-minut(0.02863)	busi(0.02244)	tabl(0.01983)	staff(0.01976)	call(0.01839)	told(0.01662)	friend(0.01505)	work(0.01226)	final(0.01067)	open(0.00945)	walk(0.00822)	readi(0.00800)	seat(0.00781)	manag(0.00737)	understand(0.00730)	arriv(0.00707)	pack(0.00675)	suck(0.00652)	experi(0.00610)	pick(0.00601)	horribl(0.00580)	parti(0.00570)	NUM-min(0.00557)	review(0.00542)	money(0.00538)	phone(0.00506)	restaur(0.00503)	
Topic 3(0.04574):	cream(0.06225)	chocol(0.04978)	cake(0.03866)	ice-cream(0.03251)	flavor(0.02229)	cooki(0.01692)	sweet(0.01499)	pastri(0.01157)	vanilla(0.01118)	donut(0.01071)	banana(0.01038)	sugar(0.00983)	custard(0.00912)	gelato(0.00905)	frozen(0.00886)	appl(0.00856)	peanut(0.00778)	select(0.00731)	tast(0.00705)	bakeri(0.00669)	treat(0.00620)	creami(0.00600)	offer(0.00591)	bake(0.00587)	cupcak(0.00573)	white(0.00561)	macaron(0.00543)	peanut-butter(0.00505)	best(0.00493)	strawberri(0.00483)	
Topic 4(0.04710):	chicken(0.04894)	rice(0.04783)	taco(0.03573)	thai(0.03281)	dish(0.02719)	curri(0.02715)	flavor(0.02000)	restaur(0.01945)	sauc(0.01823)	spici(0.01537)	wing(0.01485)	spice(0.01266)	asian(0.01249)	chines(0.01180)	fri-rice(0.01016)	bean(0.00959)	burrito(0.00951)	tortilla(0.00806)	delici(0.00798)	crispi(0.00746)	duck(0.00692)	authent(0.00656)	favorit(0.00639)	sour(0.00629)	tast(0.00612)	fusion(0.00606)	pad-thai(0.00595)	best(0.00588)	asada(0.00549)	carn(0.00520)	
Topic 5(0.04795):	dish(0.03736)	restaur(0.02385)	bread(0.02340)	wine(0.02261)	dine(0.01994)	cours(0.01604)	pasta(0.01591)	sauc(0.01589)	serv(0.01578)	chef(0.01407)	plate(0.01196)	lobster(0.00936)	mushroom(0.00894)	dinner(0.00854)	perfect(0.00835)	excel(0.00775)	scallop(0.00711)	roast(0.00704)	pair(0.00649)	foie-gras(0.00642)	oliv(0.00633)	experi(0.00626)	creami(0.00619)	rich(0.00583)	flavor(0.00549)	appet(0.00537)	warm(0.00509)	bite(0.00507)	tast(0.00494)	glass(0.00470)	
Topic 6(0.04317):	pork(0.05312)	beef(0.05029)	side(0.02469)	korean(0.02235)	veggi(0.01940)	belli(0.01751)	cook(0.01660)	sauc(0.01497)	short(0.01455)	dish(0.01325)	pork-belli(0.01319)	combo(0.01222)	pull(0.01029)	rice(0.00999)	bean(0.00945)	tender(0.00931)	short-rib(0.00915)	definit(0.00863)	brisket(0.00850)	flavor(0.00831)	steam(0.00773)	spici(0.00773)	marin(0.00710)	chicken(0.00705)	best(0.00670)	favorit(0.00648)	side-dish(0.00600)	tast(0.00585)	time(0.00556)	smoke(0.00548)	
Topic 7(0.05715):	pretti(0.10257)	price(0.08821)	happi(0.06387)	happi-hour(0.03466)	pretti-good(0.02870)	special(0.02807)	friend(0.02207)	deal(0.02147)	definit(0.02017)	time(0.01811)	buck(0.01125)	star(0.01114)	slow(0.00997)	expens(0.00937)	close(0.00842)	offer(0.00807)	popcorn(0.00789)	bill(0.00766)	feel(0.00751)	NUM-buck(0.00745)	dinner(0.00739)	reason(0.00729)	review(0.00729)	total(0.00631)	small(0.00603)	spot(0.00556)	overpr(0.00552)	favorit(0.00550)	night(0.00543)	appet(0.00512)	
Topic 8(0.04416):	pizza(0.07177)	roll(0.06317)	sushi(0.05799)	fish(0.02899)	tuna(0.02224)	salmon(0.02192)	slice(0.01625)	sauc(0.01622)	crust(0.01374)	garlic(0.01114)	sashimi(0.00999)	favorit(0.00956)	thin(0.00944)	chef(0.00928)	nigiri(0.00925)	deep(0.00859)	special(0.00848)	piec(0.00823)	white(0.00795)	style(0.00774)	best(0.00652)	tast(0.00610)	mozzarella(0.00588)	rice(0.00582)	spici(0.00575)	sausag(0.00510)	meatbal(0.00487)	appet(0.00485)	chicago(0.00476)	deep-fri(0.00473)	
Topic 9(0.05303):	drink(0.09612)	beer(0.04164)	tabl(0.03964)	night(0.03509)	seat(0.01687)	friend(0.01621)	waitress(0.01454)	patio(0.01263)	bartend(0.01261)	start(0.01247)	bottl(0.01198)	time(0.01057)	parti(0.01036)	water(0.01010)	saturday(0.00999)	glass(0.00991)	manag(0.00967)	waiter(0.00814)	experi(0.00795)	second(0.00790)	booth(0.00700)	hostess(0.00698)	refil(0.00689)	soda(0.00673)	appet(0.00607)	point(0.00602)	select(0.00581)	saturday-night(0.00537)	attent(0.00526)	star(0.00522)	
Topic 10(0.04990):	custom(0.02548)	coffe(0.02360)	drink(0.01747)	card(0.01545)	pictur(0.01448)	cool(0.01363)	work(0.01301)	time(0.01270)	friend(0.01171)	wall(0.01157)	custom-servic(0.01090)	boba(0.01077)	talk(0.01036)	find(0.00963)	drive(0.00841)	real(0.00801)	stuff(0.00746)	review(0.00739)	counter(0.00699)	small(0.00682)	snack(0.00662)	feel(0.00657)	insid(0.00644)	definit(0.00632)	walk(0.00627)	pick(0.00609)	shot(0.00584)	figur(0.00576)	book(0.00565)	door(0.00562)	
Topic 11(0.05204):	lunch(0.06490)	star(0.04474)	time(0.02963)	review(0.02217)	chip(0.02150)	friend(0.02103)	restaur(0.01880)	wife(0.01539)	dinner(0.01505)	super(0.01183)	mexican(0.01120)	definit(0.01097)	thought(0.01052)	recommend(0.00991)	today(0.00896)	solid(0.00895)	delici(0.00852)	italian(0.00843)	brought(0.00778)	margarita(0.00771)	serv(0.00748)	split(0.00733)	deli(0.00723)	turkey(0.00670)	averag(0.00657)	expect(0.00650)	good-food(0.00625)	best(0.00594)	experi(0.00578)	tabl(0.00551)	
Topic 12(0.04406):	steak(0.05914)	perfect(0.02920)	side(0.02653)	cook(0.02383)	amaz(0.01693)	reserv(0.01602)	dinner(0.01542)	rare(0.01406)	delici(0.01308)	restaur(0.01184)	truffl(0.01156)	best(0.01146)	tabl(0.01114)	medium(0.01111)	experi(0.01001)	flavor(0.00974)	recommend(0.00941)	tast(0.00941)	birthday(0.00939)	mash-potato(0.00931)	filet(0.00904)	tender(0.00875)	start(0.00813)	tapa(0.00735)	bread(0.00703)	mushroom(0.00699)	ribey(0.00696)	steakhous(0.00684)	favorit(0.00646)	season(0.00629)	
Topic 13(0.05222):	buffet(0.05286)	seat(0.03861)	vega(0.02906)	watch(0.01902)	best(0.01896)	time(0.01705)	amaz(0.01569)	station(0.01433)	favorit(0.01227)	ticket(0.01072)	perform(0.01004)	cirqu(0.00974)	theater(0.00968)	prime(0.00967)	definit(0.00942)	impress(0.00941)	recommend(0.00910)	money(0.00899)	expect(0.00892)	stage(0.00858)	stori(0.00819)	discount(0.00740)	water(0.00709)	entertain(0.00706)	prime-rib(0.00692)	beauti(0.00657)	funni(0.00653)	experi(0.00577)	las-vega(0.00566)	feel(0.00560)	
Topic 14(0.04713):	chicken(0.04626)	sauc(0.02832)	fast(0.02544)	onion(0.02468)	side(0.01669)	shake(0.01535)	healthi(0.01193)	tast(0.01010)	strip(0.01005)	size(0.00942)	friend(0.00903)	white(0.00799)	joint(0.00796)	sweet-potato(0.00795)	ring(0.00733)	patti(0.00705)	bread(0.00698)	finger(0.00674)	delici(0.00657)	wrap(0.00652)	indian(0.00647)	shack(0.00599)	fast-food(0.00595)	option(0.00592)	pickl(0.00591)	definit(0.00580)	doubl(0.00564)	flavor(0.00526)	pretti(0.00518)	super(0.00517)	
Topic 15(0.04649):	sweet(0.05346)	tast(0.05187)	flavor(0.03539)	delici(0.02626)	amaz(0.01734)	friend(0.01687)	fill(0.01635)	best(0.01603)	crepe(0.01516)	excel(0.01374)	strawberri(0.01216)	super(0.01210)	favorit(0.01120)	definit(0.01117)	cute(0.01082)	recommend(0.01051)	mango(0.01002)	start(0.00952)	perfect(0.00881)	chose(0.00866)	honey(0.00798)	creme(0.00769)	special(0.00681)	share(0.00647)	time(0.00641)	cake(0.00616)	occas(0.00614)	pricey(0.00605)	delight(0.00579)	thought(0.00566)	
Topic 16(0.03791):	shrimp(0.06154)	crab(0.04044)	seafood(0.02788)	oyster(0.01917)	sauc(0.01711)	time(0.01654)	season(0.01527)	juici(0.01443)	spici(0.01188)	poke(0.01109)	dinner(0.01068)	delici(0.01056)	night(0.01049)	tast(0.01020)	friend(0.01005)	clam(0.00999)	pound(0.00935)	plate(0.00879)	definit(0.00870)	yummi(0.00865)	restaur(0.00754)	blue(0.00748)	crawfish(0.00694)	smell(0.00694)	crab-leg(0.00691)	serv(0.00654)	mussel(0.00651)	flavor(0.00638)	lobster(0.00630)	start(0.00588)	
Topic 17(0.05855):	locat(0.06974)	shop(0.03988)	year(0.03469)	town(0.03334)	store(0.02762)	area(0.02573)	find(0.02234)	restaur(0.01718)	select(0.01660)	park(0.01579)	month(0.01422)	reason(0.01208)	famili(0.01185)	offer(0.01123)	rock(0.01111)	option(0.01082)	walk(0.00967)	local(0.00874)	dine(0.00865)	NUM-year(0.00847)	time(0.00831)	outdoor(0.00807)	event(0.00804)	squar(0.00782)	vega(0.00781)	clean(0.00766)	valley(0.00736)	market(0.00709)	las-vega(0.00702)	year-ago(0.00702)	
Topic 18(0.05897):	room(0.07292)	strip(0.04269)	casino(0.03906)	stay(0.03741)	hotel(0.03601)	view(0.02070)	vega(0.01716)	pool(0.01625)	clean(0.00942)	restaur(0.00928)	suit(0.00827)	night(0.00724)	walk(0.00723)	area(0.00690)	resort(0.00678)	modern(0.00675)	fountain(0.00672)	gambl(0.00644)	elev(0.00600)	valet(0.00590)	tower(0.00590)	properti(0.00590)	window(0.00585)	book(0.00577)	aria(0.00546)	relax(0.00501)	beauti(0.00499)	spacious(0.00498)	smell(0.00485)	time(0.00464)	
Topic 19(0.04049):	soup(0.05295)	ramen(0.04407)	bowl(0.03545)	small(0.02269)	broth(0.02235)	flavor(0.01702)	extra(0.01616)	spici(0.01433)	tast(0.01190)	piec(0.01123)	time(0.01120)	tofu(0.01089)	restaur(0.00912)	monta(0.00912)	cold(0.00711)	spring(0.00686)	pork(0.00665)	perfect(0.00653)	sesam(0.00633)	cook(0.00622)	definit(0.00596)	mountain(0.00562)	base(0.00548)	spot(0.00533)	friend(0.00529)	best(0.00525)	dumpl(0.00504)	noodl-soup(0.00484)	crave(0.00478)	waitress(0.00471)	
244 users are loaded from /zf18/ll5fy/lab/dataset/yelp/byUser_70k_review/5foldsCVColdstart/1/...
260 users are loaded from /zf18/ll5fy/lab/dataset/yelp/byUser_70k_review/5foldsCVColdstart/0/...
266 users are loaded from /zf18/ll5fy/lab/dataset/yelp/byUser_70k_review/5foldsCVColdstart/2/...
264 users are loaded from /zf18/ll5fy/lab/dataset/yelp/byUser_70k_review/5foldsCVColdstart/3/...
256 users are loaded from /zf18/ll5fy/lab/dataset/yelp/byUser_70k_review/5foldsCVColdstart/4/...
====================
[Info]Fold No. 1: 
[Info]Analzying corpus: 
...........-- Global corpus: vocabulary size: 6134, review size: 15843, item size: 861, user size: 861
train size = 13268, test size = 2575....
[Info]Analying bipartie graph: 
-- train graph: review size: 13268, item size: 732, user size: 782
[Info]EM Starting multithread LDA_Focus[k:20, alpha:1.01, beta:1.00, Variational]...
==============
[Info]Likelihood -3675897.78885 at step 0 converge to 1.0000000000...
==============
[Info]Likelihood -3674837.34154 at step 1 converge to 0.0002884866...
==============
[Info]Likelihood -3673778.93270 at step 2 converge to 0.0002880152...
==============
[Info]Likelihood -3672702.96381 at step 3 converge to 0.0002928780...
==============
[Info]Likelihood -3671538.22124 at step 4 converge to 0.0003171350...
==============
[Info]Likelihood -3670084.38775 at step 5 converge to 0.0003959740...
==============
[Info]Likelihood -3667728.82773 at step 6 converge to 0.0006418272...
==============
[Info]Likelihood -3661685.47182 at step 7 converge to 0.0016477107...
==============
[Info]Likelihood -3641650.76849 at step 8 converge to 0.0054714430...
==============
[Info]Likelihood -3593037.60633 at step 9 converge to 0.0133492104...
==============
[Info]Likelihood -3533141.97241 at step 10 converge to 0.0166699157...
==============
[Info]Likelihood -3482082.75190 at step 11 converge to 0.0144515055...
==============
[Info]Likelihood -3442351.67225 at step 12 converge to 0.0114101480...
==============
[Info]Likelihood -3411863.47652 at step 13 converge to 0.0088567929...
==============
[Info]Likelihood -3388426.33013 at step 14 converge to 0.0068693096...
==============
[Info]Likelihood -3369971.34415 at step 15 converge to 0.0054464770...
==============
[Info]Likelihood -3354952.41243 at step 16 converge to 0.0044566942...
==============
[Info]Likelihood -3342360.46695 at step 17 converge to 0.0037532412...
==============
[Info]Likelihood -3331519.49027 at step 18 converge to 0.0032435091...
==============
[Info]Likelihood -3322054.43166 at step 19 converge to 0.0028410636...
==============
[Info]Likelihood -3313737.73747 at step 20 converge to 0.0025034792...
==============
[Info]Likelihood -3306288.01741 at step 21 converge to 0.0022481321...
==============
[Info]Likelihood -3299489.63057 at step 22 converge to 0.0020561992...
==============
[Info]Likelihood -3293202.64843 at step 23 converge to 0.0019054408...
==============
[Info]Likelihood -3287312.26625 at step 24 converge to 0.0017886486...
==============
[Info]Likelihood -3281726.27486 at step 25 converge to 0.0016992579...
==============
[Info]Likelihood -3276382.19197 at step 26 converge to 0.0016284365...
==============
[Info]Likelihood -3271258.34682 at step 27 converge to 0.0015638728...
==============
[Info]Likelihood -3266378.96543 at step 28 converge to 0.0014915916...
==============
[Info]Likelihood -3261755.11873 at step 29 converge to 0.0014155879...
[Info]Likelihood -3261755.119 after step 30 converge to 0.001416 after 58 seconds...
[Info]Analying bipartie graph: 
-- test graph: review size: 2575, item size: 179, user size: 244
[Info]Start evaluation in thread
[Stat]Test evaluation finished: 2575 docs
[Stat]0 part has 746.000000 docs: perplexity is 1022.718 and log-likelihood is -333.199
[Stat]1 part has 193.000000 docs: perplexity is 1071.390 and log-likelihood is -325.664
[Stat]2 part has 1220.000000 docs: perplexity is 1090.569 and log-likelihood is -322.530
[Stat]3 part has 416.000000 docs: perplexity is 1041.626 and log-likelihood is -316.209
[Stat]4 part has 2575.000000 docs: perplexity is 1060.711 and log-likelihood is -324.835
[Info]multithread LDA_Focus[k:20, alpha:1.01, beta:1.00, Variational] Train/Test finished in 59.97 seconds...
TopWord FilePath:/zf18/ll5fy/lab/dataset/yelp/byUser_70k_review/output/5foldsCVColdstart/1/LDA_Item_topWords_20.txt
Topic 0(0.04204):	cours(0.03098)	dish(0.02777)	restaur(0.02282)	dine(0.02272)	chef(0.01647)	experi(0.01547)	wine(0.01491)	serv(0.01283)	tast(0.01208)	beauti(0.00832)	flavor(0.00819)	pair(0.00799)	best(0.00734)	foie-gras(0.00710)	rich(0.00708)	excel(0.00692)	creami(0.00628)	perfect(0.00619)	glass(0.00611)	bite(0.00549)	sweet(0.00535)	dine-experi(0.00528)	fine(0.00526)	vega(0.00488)	pure(0.00485)	prepar(0.00443)	scallop(0.00441)	truffl(0.00429)	textur(0.00409)	plate(0.00404)	
Topic 1(0.03715):	pizza(0.07699)	pasta(0.02407)	sauc(0.02324)	italian(0.01784)	crust(0.01750)	sausag(0.01714)	slice(0.01460)	garlic(0.01311)	oliv(0.01180)	ingredi(0.01126)	style(0.01114)	bread(0.01015)	meatbal(0.00958)	thin(0.00928)	mushroom(0.00846)	tast(0.00786)	white(0.00704)	best(0.00699)	valley(0.00694)	mozzarella(0.00678)	york(0.00665)	perfect(0.00653)	time(0.00624)	ranch(0.00592)	dress(0.00559)	chicago(0.00559)	delici(0.00556)	serv(0.00524)	parmesan(0.00515)	oven(0.00506)	
Topic 2(0.05711):	buffet(0.05261)	store(0.02969)	year(0.02576)	deal(0.02189)	card(0.01880)	time(0.01687)	work(0.01611)	find(0.01544)	month(0.01531)	station(0.01513)	money(0.01499)	price(0.01320)	select(0.01120)	offer(0.01117)	spend(0.01072)	stuff(0.00916)	NUM-year(0.00875)	vega(0.00862)	peopl(0.00861)	pretti(0.00837)	varieti(0.00778)	machin(0.00757)	buck(0.00736)	prime(0.00684)	best(0.00679)	product(0.00665)	shop(0.00651)	save(0.00640)	reason(0.00639)	year-ago(0.00590)	
Topic 3(0.04100):	roll(0.06388)	sushi(0.05474)	fish(0.04320)	shrimp(0.04174)	crab(0.03668)	salmon(0.02423)	seafood(0.02373)	tuna(0.02003)	oyster(0.01630)	spici(0.01245)	chef(0.01147)	favorit(0.01089)	sauc(0.01076)	sashimi(0.01063)	special(0.01015)	time(0.00979)	rice(0.00832)	nigiri(0.00784)	dinner(0.00776)	crab-leg(0.00661)	appet(0.00624)	mussel(0.00597)	sake(0.00594)	piec(0.00573)	juici(0.00560)	serv(0.00547)	definit(0.00543)	tast(0.00539)	pound(0.00533)	start(0.00530)	
Topic 4(0.04152):	flavor(0.04641)	tast(0.02619)	sauc(0.02330)	friend(0.02219)	definit(0.01748)	piec(0.01735)	time(0.01659)	delici(0.01417)	salt(0.01413)	crispi(0.01288)	super(0.01272)	bite(0.01212)	hawaiian(0.01163)	thought(0.01158)	poke(0.01101)	special(0.01065)	perfect(0.01021)	yummi(0.00946)	textur(0.00883)	amaz(0.00795)	deep(0.00739)	sweet(0.00733)	size(0.00706)	boyfriend(0.00682)	dish(0.00670)	garlic(0.00644)	small(0.00636)	night(0.00611)	sesam(0.00601)	review(0.00559)	
Topic 5(0.04963):	amaz(0.04912)	time(0.03674)	pick(0.02882)	friend(0.02287)	staff(0.01547)	best(0.01521)	uniqu(0.01325)	donut(0.01281)	cafe(0.01190)	birthday(0.01175)	favorit(0.01070)	open(0.00990)	locat(0.00940)	delici(0.00925)	appl(0.00842)	vega(0.00814)	feel(0.00813)	shot(0.00806)	sell(0.00718)	vegan(0.00714)	pink(0.00680)	fill(0.00649)	experi(0.00648)	peopl(0.00644)	impress(0.00631)	tast(0.00617)	smile(0.00614)	warm(0.00610)	definit(0.00594)	treat(0.00580)	
Topic 6(0.05711):	drink(0.07710)	price(0.06385)	happi(0.06370)	beer(0.05079)	happi-hour(0.03536)	pretti(0.02975)	town(0.02622)	select(0.02509)	wine(0.01744)	local(0.01486)	friend(0.01473)	special(0.01414)	total(0.01147)	night(0.01092)	bartend(0.00999)	pretti-good(0.00906)	squar(0.00817)	patio(0.00805)	favorit(0.00735)	time(0.00706)	area(0.00621)	martini(0.00616)	alcohol(0.00613)	specialti(0.00575)	best(0.00491)	appet(0.00473)	reason(0.00471)	fantast(0.00452)	bottl(0.00448)	vega(0.00422)	
Topic 7(0.07350):	wait(0.06261)	tabl(0.04835)	time(0.04223)	NUM-minut(0.02477)	peopl(0.02154)	drink(0.02151)	seat(0.01972)	told(0.01636)	call(0.01574)	night(0.01574)	custom(0.01503)	friend(0.01395)	manag(0.01372)	experi(0.01317)	parti(0.01315)	busi(0.01315)	arriv(0.01186)	waitress(0.01118)	reserv(0.00971)	final(0.00955)	walk(0.00943)	water(0.00817)	waiter(0.00779)	brought(0.00710)	hostess(0.00700)	staff(0.00630)	second(0.00623)	slow(0.00619)	custom-servic(0.00614)	start(0.00612)	
Topic 8(0.08239):	room(0.05694)	casino(0.03278)	vega(0.03127)	stay(0.03124)	strip(0.03088)	hotel(0.03026)	shop(0.01670)	pool(0.01499)	walk(0.01494)	area(0.01249)	park(0.01241)	las-vega(0.01219)	view(0.01138)	locat(0.00983)	rock(0.00727)	night(0.00698)	restaur(0.00696)	clean(0.00648)	suit(0.00631)	tower(0.00567)	gambl(0.00538)	elev(0.00521)	resort(0.00518)	book(0.00512)	properti(0.00510)	beauti(0.00470)	wynn(0.00433)	easi(0.00430)	smell(0.00426)	slot(0.00422)	
Topic 9(0.04568):	plate(0.04666)	definit(0.03104)	recommend(0.02967)	small(0.02888)	pretti(0.02665)	restaur(0.01966)	delici(0.01912)	friend(0.01640)	wrap(0.01564)	time(0.01082)	side(0.01072)	tapa(0.01027)	dine(0.00965)	tabl(0.00931)	pretti-good(0.00928)	high-recommend(0.00924)	yelp(0.00895)	favorit(0.00873)	stuf(0.00782)	share(0.00777)	super(0.00775)	feel(0.00769)	bread(0.00738)	famili(0.00703)	area(0.00609)	serv(0.00582)	felt(0.00566)	surpris(0.00563)	clean(0.00547)	water(0.00544)	
Topic 10(0.04330):	dish(0.06076)	rice(0.05922)	thai(0.03895)	restaur(0.02711)	curri(0.02660)	spici(0.02366)	beef(0.01843)	asian(0.01772)	chines(0.01545)	spice(0.01522)	flavor(0.01364)	fri-rice(0.01249)	pork(0.01227)	duck(0.01181)	soup(0.01102)	sauc(0.00978)	tofu(0.00942)	shrimp(0.00873)	veget(0.00853)	sweet(0.00784)	roast(0.00775)	best(0.00770)	crispi(0.00756)	style(0.00755)	favorit(0.00728)	tast(0.00711)	pad-thai(0.00630)	dumpl(0.00598)	steam(0.00590)	chicken(0.00554)	
Topic 11(0.05241):	cream(0.05386)	breakfast(0.03250)	coffe(0.03074)	ice-cream(0.03041)	toast(0.01910)	chocol(0.01676)	pancak(0.01621)	french(0.01554)	sweet(0.01468)	brunch(0.01455)	strawberri(0.01451)	cake(0.01320)	waffl(0.01274)	cooki(0.01251)	flavor(0.01186)	pastri(0.01180)	crepe(0.01170)	banana(0.01092)	boba(0.00935)	vanilla(0.00740)	honey(0.00740)	tast(0.00731)	sugar(0.00709)	velvet(0.00697)	macaron(0.00685)	shop(0.00675)	whip(0.00669)	delici(0.00663)	cute(0.00662)	syrup(0.00586)	
Topic 12(0.05433):	lunch(0.06854)	star(0.06701)	review(0.03922)	dinner(0.03718)	time(0.03209)	option(0.02909)	restaur(0.02559)	price(0.01699)	rate(0.01667)	friend(0.01530)	offer(0.01498)	choic(0.01458)	best(0.01428)	reason(0.01395)	averag(0.01348)	pretti(0.01238)	vega(0.00991)	today(0.00989)	expect(0.00846)	standard(0.00723)	solid(0.00715)	yelp(0.00698)	impress(0.00696)	case(0.00603)	indian(0.00592)	special(0.00581)	locat(0.00576)	choos(0.00541)	henderson(0.00538)	rememb(0.00528)	
Topic 13(0.04486):	sweet(0.03976)	chocol(0.03277)	cake(0.03049)	fast(0.01934)	tast(0.01929)	shake(0.01570)	onion(0.01526)	flavor(0.01341)	truffl(0.01291)	frozen(0.01115)	cupcak(0.01017)	sweet-potato(0.00953)	white(0.00915)	custard(0.00915)	ring(0.00808)	patti(0.00802)	doubl(0.00795)	popcorn(0.00764)	pricey(0.00735)	time(0.00717)	joint(0.00685)	pretti(0.00655)	pickl(0.00645)	fast-food(0.00640)	locat(0.00621)	potato-fri(0.00617)	friend(0.00590)	size(0.00588)	delici(0.00498)	shack(0.00495)	
Topic 14(0.06426):	seat(0.02772)	music(0.02660)	watch(0.02567)	play(0.02357)	peopl(0.02184)	crowd(0.02176)	club(0.02042)	night(0.01753)	time(0.01725)	danc(0.01268)	vega(0.01228)	theater(0.01206)	ticket(0.01020)	entertain(0.00845)	cool(0.00817)	cirqu(0.00800)	perform(0.00794)	pretti(0.00747)	stage(0.00723)	venu(0.00673)	stori(0.00661)	feel(0.00627)	best(0.00622)	beauti(0.00579)	sound(0.00578)	experi(0.00534)	insid(0.00518)	band(0.00500)	stand(0.00491)	definit(0.00484)	
Topic 15(0.04343):	steak(0.05473)	bread(0.02722)	cook(0.02667)	perfect(0.02213)	side(0.02105)	lobster(0.02048)	dinner(0.01577)	excel(0.01414)	rare(0.01373)	medium(0.01289)	restaur(0.01177)	serv(0.01174)	appet(0.01026)	delici(0.00991)	filet(0.00945)	season(0.00916)	mash-potato(0.00856)	start(0.00854)	mushroom(0.00842)	waiter(0.00771)	tast(0.00768)	sauc(0.00755)	tabl(0.00681)	brought(0.00669)	cake(0.00615)	ribey(0.00613)	basket(0.00613)	share(0.00576)	chop(0.00571)	creme(0.00570)	
Topic 16(0.05048):	park(0.03194)	spot(0.03190)	cool(0.02675)	locat(0.02353)	find(0.02251)	street(0.01876)	area(0.01846)	downtown(0.01669)	vega(0.01654)	kitchen(0.01369)	open(0.01369)	size(0.01264)	insid(0.01155)	friend(0.01150)	small(0.01144)	event(0.01091)	time(0.01065)	walk(0.01027)	las-vega(0.00833)	vibe(0.00801)	drive(0.00800)	snow(0.00743)	drink(0.00732)	fremont(0.00689)	definit(0.00669)	feel(0.00666)	concept(0.00649)	truck(0.00630)	busi(0.00625)	photo(0.00596)	
Topic 17(0.04017):	chicken(0.14251)	side(0.03567)	sauc(0.03354)	wing(0.02239)	time(0.01668)	serv(0.01182)	bread(0.01020)	healthi(0.00942)	tender(0.00931)	friend(0.00898)	finger(0.00837)	nacho(0.00760)	chicken-wing(0.00727)	season(0.00708)	pull(0.00692)	turkey(0.00681)	busi(0.00672)	deli(0.00668)	pretti(0.00657)	delici(0.00634)	moist(0.00583)	open(0.00573)	insid(0.00552)	best(0.00549)	slaw(0.00528)	bite(0.00484)	tabl(0.00465)	flavor(0.00464)	buffalo(0.00448)	crispi(0.00433)	
Topic 18(0.03937):	soup(0.05073)	ramen(0.04211)	bowl(0.04209)	extra(0.02669)	broth(0.02439)	time(0.01602)	veggi(0.01544)	base(0.01361)	spring(0.01180)	pork(0.01100)	small(0.01098)	spici(0.01023)	flavor(0.01012)	cold(0.00897)	crave(0.00845)	tast(0.00785)	cook(0.00757)	friend(0.00754)	monta(0.00730)	vega(0.00729)	definit(0.00697)	pretti(0.00608)	fill(0.00599)	thin(0.00568)	vietnames(0.00563)	feel(0.00558)	clean(0.00546)	restaur(0.00544)	mountain(0.00532)	soft(0.00499)	
Topic 19(0.04025):	pork(0.03828)	beef(0.03646)	taco(0.03257)	bean(0.02636)	chip(0.02537)	short(0.01697)	korean(0.01642)	combo(0.01625)	mexican(0.01590)	corn(0.01561)	belli(0.01527)	side(0.01390)	sauc(0.01292)	pork-belli(0.01243)	flavor(0.00979)	burrito(0.00961)	tast(0.00914)	tortilla(0.00908)	delici(0.00882)	short-rib(0.00862)	cook(0.00862)	brisket(0.00768)	margarita(0.00716)	definit(0.00678)	marin(0.00673)	spici(0.00635)	tender(0.00615)	onion(0.00605)	time(0.00578)	sour(0.00576)	
266 users are loaded from /zf18/ll5fy/lab/dataset/yelp/byUser_70k_review/5foldsCVColdstart/2/...
260 users are loaded from /zf18/ll5fy/lab/dataset/yelp/byUser_70k_review/5foldsCVColdstart/0/...
244 users are loaded from /zf18/ll5fy/lab/dataset/yelp/byUser_70k_review/5foldsCVColdstart/1/...
264 users are loaded from /zf18/ll5fy/lab/dataset/yelp/byUser_70k_review/5foldsCVColdstart/3/...
256 users are loaded from /zf18/ll5fy/lab/dataset/yelp/byUser_70k_review/5foldsCVColdstart/4/...
====================
[Info]Fold No. 2: 
[Info]Analzying corpus: 
...........-- Global corpus: vocabulary size: 6134, review size: 15843, item size: 861, user size: 861
train size = 12778, test size = 3065....
[Info]Analying bipartie graph: 
-- train graph: review size: 12778, item size: 702, user size: 773
[Info]EM Starting multithread LDA_Focus[k:20, alpha:1.01, beta:1.00, Variational]...
==============
[Info]Likelihood -3449502.35386 at step 0 converge to 1.0000000000...
==============
[Info]Likelihood -3448490.76502 at step 1 converge to 0.0002932565...
==============
[Info]Likelihood -3447480.79028 at step 2 converge to 0.0002928744...
==============
[Info]Likelihood -3446455.39795 at step 3 converge to 0.0002974324...
==============
[Info]Likelihood -3445345.07985 at step 4 converge to 0.0003221623...
==============
[Info]Likelihood -3443854.01930 at step 5 converge to 0.0004327754...
==============
[Info]Likelihood -3440817.11181 at step 6 converge to 0.0008818340...
==============
[Info]Likelihood -3431170.52266 at step 7 converge to 0.0028035751...
==============
[Info]Likelihood -3403002.79294 at step 8 converge to 0.0082093646...
==============
[Info]Likelihood -3350211.41295 at step 9 converge to 0.0155131756...
==============
[Info]Likelihood -3294499.99904 at step 10 converge to 0.0166292234...
==============
[Info]Likelihood -3248081.18236 at step 11 converge to 0.0140897911...
==============
[Info]Likelihood -3213034.21522 at step 12 converge to 0.0107900527...
==============
[Info]Likelihood -3186604.57030 at step 13 converge to 0.0082257589...
==============
[Info]Likelihood -3165751.07403 at step 14 converge to 0.0065441117...
==============
[Info]Likelihood -3148681.55282 at step 15 converge to 0.0053919341...
==============
[Info]Likelihood -3134340.08809 at step 16 converge to 0.0045547524...
==============
[Info]Likelihood -3122140.06600 at step 17 converge to 0.0038923734...
==============
[Info]Likelihood -3111591.21422 at step 18 converge to 0.0033787247...
==============
[Info]Likelihood -3102416.80193 at step 19 converge to 0.0029484632...
==============
[Info]Likelihood -3094306.08328 at step 20 converge to 0.0026143227...
==============
[Info]Likelihood -3086996.14486 at step 21 converge to 0.0023623838...
==============
[Info]Likelihood -3080302.65918 at step 22 converge to 0.0021682844...
==============
[Info]Likelihood -3074084.76263 at step 23 converge to 0.0020185992...
==============
[Info]Likelihood -3068231.84468 at step 24 converge to 0.0019039546...
==============
[Info]Likelihood -3062757.77082 at step 25 converge to 0.0017841135...
==============
[Info]Likelihood -3057612.04973 at step 26 converge to 0.0016800940...
==============
[Info]Likelihood -3052743.17038 at step 27 converge to 0.0015923797...
==============
[Info]Likelihood -3048120.83167 at step 28 converge to 0.0015141591...
==============
[Info]Likelihood -3043726.05673 at step 29 converge to 0.0014417981...
[Info]Likelihood -3043726.057 after step 30 converge to 0.001442 after 87 seconds...
[Info]Analying bipartie graph: 
-- test graph: review size: 3065, item size: 207, user size: 266
[Info]Start evaluation in thread
[Stat]Test evaluation finished: 3065 docs
[Stat]0 part has 769.000000 docs: perplexity is 1055.884 and log-likelihood is -326.786
[Stat]1 part has 178.000000 docs: perplexity is 985.441 and log-likelihood is -340.859
[Stat]2 part has 1718.000000 docs: perplexity is 1101.168 and log-likelihood is -342.778
[Stat]3 part has 400.000000 docs: perplexity is 1034.835 and log-likelihood is -363.604
[Stat]4 part has 3065.000000 docs: perplexity is 1073.646 and log-likelihood is -341.372
[Info]multithread LDA_Focus[k:20, alpha:1.01, beta:1.00, Variational] Train/Test finished in 88.76 seconds...
TopWord FilePath:/zf18/ll5fy/lab/dataset/yelp/byUser_70k_review/output/5foldsCVColdstart/2/LDA_Item_topWords_20.txt
Topic 0(0.06425):	drink(0.07455)	night(0.06355)	beer(0.03640)	club(0.02695)	cool(0.02627)	music(0.02118)	peopl(0.02055)	crowd(0.02022)	play(0.01717)	pretti(0.01583)	area(0.01558)	downtown(0.01345)	vega(0.01243)	danc(0.01230)	bartend(0.01186)	insid(0.01086)	friend(0.01071)	bottl(0.01034)	tabl(0.00968)	saturday(0.00963)	friday(0.00894)	loung(0.00884)	pack(0.00864)	parti(0.00860)	outdoor(0.00819)	patio(0.00783)	open(0.00742)	vibe(0.00710)	fremont(0.00649)	small(0.00628)	
Topic 1(0.05788):	seat(0.02500)	watch(0.02276)	vega(0.01534)	peopl(0.01466)	theater(0.01341)	ticket(0.01238)	time(0.01107)	rock(0.01038)	pictur(0.00859)	event(0.00843)	cirqu(0.00841)	entertain(0.00810)	stage(0.00767)	perform(0.00718)	water(0.00688)	stand(0.00683)	stori(0.00677)	funni(0.00625)	play(0.00623)	music(0.00616)	sound(0.00600)	anim(0.00553)	beauti(0.00552)	photo(0.00546)	favorit(0.00539)	sign(0.00538)	year(0.00525)	concert(0.00506)	walk(0.00486)	laugh(0.00486)	
Topic 2(0.03972):	beef(0.05532)	pork(0.04717)	side(0.04238)	cook(0.02396)	short(0.02307)	korean(0.02008)	belli(0.01898)	combo(0.01458)	pork-belli(0.01446)	tender(0.01105)	sauc(0.01101)	spici(0.01094)	pull(0.01093)	definit(0.01058)	time(0.01036)	pretti(0.00998)	brisket(0.00929)	short-rib(0.00855)	friend(0.00846)	favorit(0.00829)	delici(0.00793)	best(0.00787)	tabl(0.00725)	marin(0.00703)	smoke(0.00636)	bean(0.00624)	side-dish(0.00614)	flavor(0.00586)	tast(0.00582)	bulgogi(0.00577)	
Topic 3(0.04279):	star(0.03487)	expect(0.01464)	truffl(0.01457)	kitchen(0.01268)	time(0.01134)	offer(0.01113)	treat(0.01043)	best(0.00974)	soda(0.00926)	amaz(0.00904)	friend(0.00806)	experi(0.00780)	review(0.00732)	case(0.00732)	fanci(0.00724)	fantast(0.00720)	touch(0.00710)	fountain(0.00701)	return(0.00690)	size(0.00683)	definit(0.00678)	delici(0.00677)	fact(0.00677)	feel(0.00668)	serious(0.00636)	solid(0.00634)	serv(0.00610)	felt(0.00605)	care(0.00604)	peopl(0.00586)	
Topic 4(0.04442):	dish(0.06790)	shrimp(0.04118)	sauc(0.03801)	flavor(0.02960)	tast(0.02548)	crab(0.02363)	restaur(0.02021)	veggi(0.01319)	oyster(0.01315)	chines(0.01306)	duck(0.01279)	seafood(0.01223)	spici(0.01055)	delici(0.01041)	crispi(0.00936)	fish(0.00908)	juici(0.00869)	spring(0.00817)	perfect(0.00787)	calamari(0.00766)	season(0.00752)	soft(0.00711)	asian(0.00707)	spice(0.00674)	clam(0.00673)	cook(0.00633)	sweet(0.00622)	serv(0.00614)	expect(0.00603)	pound(0.00602)	
Topic 5(0.05514):	definit(0.04573)	super(0.04424)	friend(0.04289)	recommend(0.04239)	amaz(0.03035)	spot(0.02961)	pretti(0.02783)	staff(0.02022)	favorit(0.01666)	wrap(0.01471)	delici(0.01455)	best(0.01417)	time(0.01381)	yummi(0.01173)	buck(0.01128)	tapa(0.01124)	pricey(0.01042)	pretti-good(0.00989)	high-recommend(0.00861)	price(0.00859)	reason(0.00816)	popular(0.00810)	lunch(0.00790)	star(0.00770)	small(0.00734)	town(0.00703)	NUM-buck(0.00692)	fill(0.00687)	donut(0.00667)	thought(0.00658)	
Topic 6(0.04278):	buffet(0.07292)	select(0.04993)	lunch(0.02767)	varieti(0.02308)	station(0.02237)	offer(0.02156)	option(0.01933)	pretti(0.01888)	price(0.01834)	prime(0.01478)	best(0.01401)	crab(0.01357)	dinner(0.01289)	seafood(0.01188)	plate(0.01121)	crab-leg(0.01042)	prime-rib(0.01029)	includ(0.00969)	vega(0.00968)	choic(0.00955)	asian(0.00864)	indian(0.00779)	pretti-good(0.00653)	time(0.00651)	favorit(0.00596)	money(0.00579)	skip(0.00564)	pita(0.00554)	stuff(0.00506)	hummus(0.00504)	
Topic 7(0.06442):	wait(0.07708)	tabl(0.04781)	happi(0.03482)	time(0.02985)	NUM-minut(0.02865)	seat(0.02821)	happi-hour(0.02012)	told(0.01937)	waitress(0.01710)	call(0.01705)	manag(0.01569)	busi(0.01512)	peopl(0.01434)	arriv(0.01431)	final(0.01327)	friend(0.00990)	walk(0.00970)	slow(0.00967)	brought(0.00743)	bill(0.00735)	reserv(0.00719)	hostess(0.00710)	drink(0.00701)	water(0.00698)	work(0.00692)	star(0.00663)	custom(0.00658)	second(0.00640)	parti(0.00622)	start(0.00595)	
Topic 8(0.04857):	restaur(0.04472)	dine(0.03540)	dinner(0.03325)	wine(0.02934)	cours(0.02442)	lobster(0.02068)	glass(0.01684)	delici(0.01641)	excel(0.01508)	perfect(0.01461)	bread(0.01458)	amaz(0.01431)	experi(0.01373)	special(0.01356)	brunch(0.01336)	appet(0.01295)	waiter(0.01237)	reserv(0.01099)	serv(0.01016)	start(0.00984)	tast(0.00827)	fine(0.00753)	tabl(0.00716)	side(0.00612)	pair(0.00587)	beauti(0.00585)	dine-experi(0.00534)	best(0.00532)	basket(0.00505)	view(0.00501)	
Topic 9(0.04598):	steak(0.04339)	breakfast(0.02998)	bread(0.02315)	toast(0.01638)	plate(0.01610)	serv(0.01564)	french(0.01510)	pancak(0.01411)	cook(0.01388)	rare(0.01107)	mushroom(0.01068)	perfect(0.01031)	dish(0.00951)	medium(0.00948)	side(0.00923)	chef(0.00890)	tabl(0.00803)	season(0.00716)	sauc(0.00669)	flavor(0.00660)	tast(0.00605)	excel(0.00588)	french-toast(0.00573)	brown(0.00566)	small(0.00542)	tender(0.00542)	benedict(0.00514)	share(0.00501)	sausag(0.00493)	ribey(0.00491)	
Topic 10(0.03821):	pizza(0.07407)	slice(0.02413)	sauc(0.02340)	pasta(0.02196)	crust(0.01606)	italian(0.01585)	garlic(0.01546)	white(0.01444)	sausag(0.01329)	style(0.01274)	ingredi(0.01193)	thin(0.01177)	dress(0.01020)	oliv(0.00967)	tast(0.00943)	secret(0.00935)	perfect(0.00924)	meatbal(0.00919)	deep(0.00806)	serv(0.00705)	small(0.00703)	ranch(0.00677)	bread(0.00656)	best(0.00611)	mushroom(0.00588)	chicago(0.00578)	delici(0.00531)	flavor(0.00524)	mozzarella(0.00502)	piec(0.00454)	
Topic 11(0.07185):	room(0.06607)	casino(0.03699)	stay(0.03487)	hotel(0.03399)	strip(0.03032)	park(0.02316)	vega(0.02096)	pool(0.01620)	walk(0.01598)	view(0.01067)	area(0.00939)	machin(0.00904)	clean(0.00876)	suit(0.00739)	properti(0.00688)	restaur(0.00651)	elev(0.00641)	tower(0.00617)	locat(0.00593)	gambl(0.00585)	resort(0.00569)	valet(0.00556)	easi(0.00551)	slot(0.00539)	modern(0.00482)	airport(0.00471)	wynn(0.00454)	conveni(0.00451)	desk(0.00438)	aria(0.00437)	
Topic 12(0.03646):	taco(0.05384)	chip(0.03163)	wing(0.02329)	mexican(0.01883)	bean(0.01748)	burrito(0.01463)	delici(0.01218)	tortilla(0.01146)	nacho(0.01146)	sauc(0.01038)	flavor(0.00998)	margarita(0.00947)	corn(0.00912)	sour(0.00883)	fish(0.00877)	friend(0.00824)	street(0.00792)	asada(0.00786)	chicken(0.00775)	serv(0.00759)	chipotl(0.00739)	fusion(0.00736)	carn(0.00720)	tast(0.00700)	happi(0.00683)	guacamol(0.00682)	choic(0.00662)	chicken-wing(0.00648)	carn-asada(0.00611)	restaur(0.00609)	
Topic 13(0.05017):	shop(0.04484)	coffe(0.03949)	store(0.03520)	drink(0.02535)	custom(0.02356)	find(0.02272)	work(0.01542)	boba(0.01260)	custom-servic(0.01041)	cute(0.00976)	product(0.00929)	friend(0.00883)	cafe(0.00866)	stuff(0.00860)	time(0.00855)	card(0.00796)	feel(0.00767)	cool(0.00739)	honey(0.00670)	wall(0.00669)	small(0.00663)	snack(0.00657)	sell(0.00625)	brew(0.00608)	insid(0.00606)	smoothi(0.00587)	peopl(0.00509)	walk(0.00503)	brand(0.00496)	coffe-shop(0.00477)	
Topic 14(0.04607):	cream(0.06003)	chocol(0.04422)	sweet(0.04417)	cake(0.04385)	flavor(0.04048)	ice-cream(0.03225)	tast(0.01884)	cooki(0.01651)	strawberri(0.01389)	banana(0.01326)	crepe(0.01066)	vanilla(0.00991)	pastri(0.00989)	cupcak(0.00839)	perfect(0.00838)	coconut(0.00822)	favorit(0.00814)	gelato(0.00783)	peanut(0.00769)	waffl(0.00748)	velvet(0.00739)	delici(0.00737)	creami(0.00708)	creme(0.00705)	sugar(0.00701)	whip(0.00683)	best(0.00634)	white(0.00586)	macaron(0.00583)	appl(0.00554)	
Topic 15(0.04532):	roll(0.06189)	sushi(0.05805)	thai(0.03696)	curri(0.02810)	fish(0.02600)	special(0.02313)	rice(0.02308)	lunch(0.02242)	tuna(0.02021)	salmon(0.01927)	spici(0.01785)	restaur(0.01628)	chef(0.01244)	favorit(0.01186)	sashimi(0.00958)	nigiri(0.00904)	chicken(0.00799)	lunch-special(0.00726)	piec(0.00724)	sauc(0.00646)	sake(0.00644)	pad-thai(0.00635)	dish(0.00633)	garlic(0.00609)	definit(0.00586)	small(0.00571)	pretti(0.00561)	appet(0.00544)	dinner(0.00543)	serv(0.00461)	
Topic 16(0.05561):	locat(0.06102)	vega(0.04669)	las-vega(0.03701)	yelp(0.02623)	review(0.02456)	area(0.02297)	open(0.02159)	town(0.01992)	find(0.01960)	busi(0.01807)	restaur(0.01717)	park(0.01253)	close(0.01252)	month(0.01237)	drive(0.01109)	local(0.01097)	counter(0.01017)	time(0.00938)	deal(0.00779)	today(0.00766)	corn(0.00708)	best(0.00684)	henderson(0.00663)	valley(0.00617)	deli(0.00615)	squar(0.00614)	clean(0.00613)	price(0.00602)	easi(0.00559)	cafe(0.00550)	
Topic 17(0.04294):	soup(0.05419)	ramen(0.03961)	bowl(0.03353)	rice(0.03331)	chicken(0.02591)	broth(0.02010)	flavor(0.01777)	small(0.01531)	pork(0.01204)	spici(0.01190)	tast(0.01092)	hawaiian(0.01072)	extra(0.00999)	piec(0.00957)	tofu(0.00920)	style(0.00909)	monta(0.00839)	time(0.00818)	perfect(0.00754)	size(0.00738)	restaur(0.00716)	serv(0.00711)	poke(0.00644)	friend(0.00614)	fri-rice(0.00577)	plate(0.00552)	oxtail(0.00548)	ginger(0.00543)	definit(0.00538)	crave(0.00536)	
Topic 18(0.06056):	time(0.12005)	price(0.05503)	year(0.03652)	friend(0.03131)	experi(0.02556)	rememb(0.02026)	coupl(0.01854)	star(0.01718)	week(0.01596)	total(0.01541)	staff(0.01482)	feel(0.01267)	reason(0.01244)	best(0.01042)	NUM-year(0.01006)	peopl(0.00898)	review(0.00812)	famili(0.00806)	averag(0.00781)	point(0.00746)	start(0.00695)	special(0.00672)	year-ago(0.00667)	work(0.00662)	second(0.00644)	prepar(0.00615)	expens(0.00612)	NUM-hour(0.00608)	thought(0.00608)	pretti(0.00592)	
Topic 19(0.04687):	chicken(0.08656)	fast(0.02625)	onion(0.01890)	sauc(0.01817)	side(0.01765)	shake(0.01528)	pretti(0.01401)	healthi(0.01257)	strip(0.01245)	tast(0.01242)	sweet(0.01115)	joint(0.01041)	sweet-potato(0.00857)	friend(0.00850)	juici(0.00744)	pickl(0.00719)	patti(0.00706)	bread(0.00703)	truck(0.00701)	finger(0.00699)	option(0.00696)	waffl(0.00695)	doubl(0.00692)	frozen(0.00679)	ring(0.00661)	fast-food(0.00651)	size(0.00645)	shack(0.00613)	potato-fri(0.00560)	crispi(0.00555)	
264 users are loaded from /zf18/ll5fy/lab/dataset/yelp/byUser_70k_review/5foldsCVColdstart/3/...
260 users are loaded from /zf18/ll5fy/lab/dataset/yelp/byUser_70k_review/5foldsCVColdstart/0/...
244 users are loaded from /zf18/ll5fy/lab/dataset/yelp/byUser_70k_review/5foldsCVColdstart/1/...
266 users are loaded from /zf18/ll5fy/lab/dataset/yelp/byUser_70k_review/5foldsCVColdstart/2/...
256 users are loaded from /zf18/ll5fy/lab/dataset/yelp/byUser_70k_review/5foldsCVColdstart/4/...
====================
[Info]Fold No. 3: 
[Info]Analzying corpus: 
...........-- Global corpus: vocabulary size: 6134, review size: 15843, item size: 861, user size: 861
train size = 12591, test size = 3252....
[Info]Analying bipartie graph: 
-- train graph: review size: 12591, item size: 717, user size: 770
[Info]EM Starting multithread LDA_Focus[k:20, alpha:1.01, beta:1.00, Variational]...
==============
[Info]Likelihood -3466623.39334 at step 0 converge to 1.0000000000...
==============
[Info]Likelihood -3465616.05320 at step 1 converge to 0.0002905825...
==============
[Info]Likelihood -3464607.11725 at step 2 converge to 0.0002911274...
==============
[Info]Likelihood -3463557.86021 at step 3 converge to 0.0003028502...
==============
[Info]Likelihood -3462341.20329 at step 4 converge to 0.0003512737...
==============
[Info]Likelihood -3460729.93012 at step 5 converge to 0.0004653710...
==============
[Info]Likelihood -3457711.03196 at step 6 converge to 0.0008723299...
==============
[Info]Likelihood -3448242.96587 at step 7 converge to 0.0027382468...
==============
[Info]Likelihood -3420298.63044 at step 8 converge to 0.0081039346...
==============
[Info]Likelihood -3365030.28863 at step 9 converge to 0.0161589229...
==============
[Info]Likelihood -3303646.11629 at step 10 converge to 0.0182417890...
==============
[Info]Likelihood -3256512.21341 at step 11 converge to 0.0142672372...
==============
[Info]Likelihood -3222343.37334 at step 12 converge to 0.0104924649...
==============
[Info]Likelihood -3196676.11054 at step 13 converge to 0.0079654028...
==============
[Info]Likelihood -3176683.33024 at step 14 converge to 0.0062542402...
==============
[Info]Likelihood -3160564.16318 at step 15 converge to 0.0050742128...
==============
[Info]Likelihood -3147136.10807 at step 16 converge to 0.0042486260...
==============
[Info]Likelihood -3135655.17843 at step 17 converge to 0.0036480563...
==============
[Info]Likelihood -3125669.35418 at step 18 converge to 0.0031846054...
==============
[Info]Likelihood -3116834.15152 at step 19 converge to 0.0028266594...
==============
[Info]Likelihood -3108873.58086 at step 20 converge to 0.0025540565...
==============
[Info]Likelihood -3101600.89774 at step 21 converge to 0.0023393306...
==============
[Info]Likelihood -3094905.40932 at step 22 converge to 0.0021587202...
==============
[Info]Likelihood -3088716.05163 at step 23 converge to 0.0019998536...
==============
[Info]Likelihood -3083000.28526 at step 24 converge to 0.0018505315...
==============
[Info]Likelihood -3077738.63481 at step 25 converge to 0.0017066656...
==============
[Info]Likelihood -3072884.15083 at step 26 converge to 0.0015772892...
==============
[Info]Likelihood -3068397.36644 at step 27 converge to 0.0014601216...
==============
[Info]Likelihood -3064245.31282 at step 28 converge to 0.0013531669...
==============
[Info]Likelihood -3060397.03263 at step 29 converge to 0.0012558656...
[Info]Likelihood -3060397.033 after step 30 converge to 0.001256 after 62 seconds...
[Info]Analying bipartie graph: 
-- test graph: review size: 3252, item size: 206, user size: 264
[Info]Start evaluation in thread
[Stat]Test evaluation finished: 3252 docs
[Stat]0 part has 912.000000 docs: perplexity is 1110.954 and log-likelihood is -322.059
[Stat]1 part has 285.000000 docs: perplexity is 1045.790 and log-likelihood is -307.887
[Stat]2 part has 1562.000000 docs: perplexity is 1075.397 and log-likelihood is -316.390
[Stat]3 part has 493.000000 docs: perplexity is 954.059 and log-likelihood is -311.725
[Stat]4 part has 3252.000000 docs: perplexity is 1063.294 and log-likelihood is -316.527
[Info]multithread LDA_Focus[k:20, alpha:1.01, beta:1.00, Variational] Train/Test finished in 63.42 seconds...
TopWord FilePath:/zf18/ll5fy/lab/dataset/yelp/byUser_70k_review/output/5foldsCVColdstart/3/LDA_Item_topWords_20.txt
Topic 0(0.04556):	drink(0.07799)	flavor(0.04454)	sweet(0.03277)	tast(0.03105)	custom(0.01944)	time(0.01859)	perfect(0.01553)	friend(0.01449)	honey(0.01261)	boba(0.01246)	mango(0.01246)	definit(0.01143)	delici(0.01125)	best(0.01090)	custom-servic(0.01070)	cute(0.01006)	yummi(0.00945)	coffe(0.00920)	weird(0.00872)	pretti(0.00868)	favorit(0.00750)	coconut(0.00725)	indian(0.00699)	amaz(0.00697)	brew(0.00695)	talk(0.00669)	consist(0.00621)	second(0.00601)	salt(0.00558)	real(0.00549)	
Topic 1(0.05047):	cream(0.05628)	chocol(0.04351)	cake(0.03978)	ice-cream(0.03045)	sweet(0.02139)	flavor(0.01744)	cooki(0.01475)	strawberri(0.01249)	pastri(0.01165)	crepe(0.01133)	appl(0.01037)	tast(0.01011)	vanilla(0.00999)	donut(0.00968)	cupcak(0.00829)	banana(0.00823)	frozen(0.00706)	custard(0.00691)	bakeri(0.00688)	coffe(0.00675)	delici(0.00674)	sugar(0.00667)	treat(0.00667)	gelato(0.00664)	whip(0.00638)	macaron(0.00599)	fill(0.00591)	peanut(0.00553)	tart(0.00522)	best(0.00517)	
Topic 2(0.04769):	chicken(0.10564)	rice(0.05462)	dish(0.05234)	sauc(0.04069)	spici(0.02811)	flavor(0.01997)	shrimp(0.01889)	curri(0.01819)	crispi(0.01659)	veget(0.01266)	spice(0.01210)	plate(0.01177)	chines(0.01125)	serv(0.01089)	pork(0.01015)	bean(0.00931)	fri-rice(0.00866)	style(0.00858)	roast(0.00845)	hawaiian(0.00842)	beef(0.00817)	asian(0.00783)	sweet(0.00719)	garlic(0.00705)	restaur(0.00599)	steam(0.00596)	tast(0.00578)	cook(0.00574)	white(0.00545)	piec(0.00525)	
Topic 3(0.06110):	night(0.07090)	beer(0.04205)	drink(0.04087)	pretti(0.03825)	friend(0.02993)	cool(0.02586)	spot(0.02366)	music(0.02331)	area(0.01775)	crowd(0.01534)	play(0.01520)	downtown(0.01482)	time(0.01472)	pack(0.01288)	insid(0.01247)	peopl(0.01166)	friday(0.01139)	patio(0.01076)	saturday(0.00929)	vibe(0.00890)	loung(0.00888)	danc(0.00868)	bartend(0.00780)	super(0.00771)	price(0.00758)	feel(0.00673)	pretti-good(0.00670)	local(0.00605)	saturday-night(0.00598)	busi(0.00590)	
Topic 4(0.04856):	side(0.03931)	beef(0.03823)	pork(0.03041)	sauc(0.02500)	korean(0.01783)	pretti(0.01643)	bread(0.01568)	wing(0.01376)	tast(0.01283)	juici(0.01204)	tender(0.01172)	belli(0.01118)	sweet(0.01086)	veggi(0.01081)	combo(0.01049)	cook(0.01048)	delici(0.01040)	chicken(0.00978)	pull(0.00957)	flavor(0.00925)	pork-belli(0.00887)	corn(0.00876)	brisket(0.00858)	sweet-potato(0.00816)	pretti-good(0.00768)	pickl(0.00752)	onion(0.00737)	finger(0.00693)	definit(0.00683)	time(0.00669)	
Topic 5(0.05197):	locat(0.06951)	select(0.02628)	price(0.02538)	option(0.02443)	fast(0.02165)	town(0.02140)	total(0.01394)	area(0.01293)	find(0.01260)	side(0.01247)	wine(0.01201)	reason(0.01141)	blue(0.01095)	healthi(0.01090)	drive(0.00998)	joint(0.00989)	time(0.00952)	friend(0.00947)	counter(0.00891)	pick(0.00884)	offer(0.00830)	shake(0.00826)	choic(0.00760)	feel(0.00727)	market(0.00722)	valley(0.00714)	henderson(0.00700)	ranch(0.00603)	vegan(0.00587)	doubl(0.00566)	
Topic 6(0.03753):	taco(0.04596)	chip(0.03037)	mexican(0.01816)	burrito(0.01316)	nacho(0.01300)	bean(0.01282)	tapa(0.01153)	restaur(0.01145)	delici(0.01137)	tast(0.01109)	amaz(0.01102)	tortilla(0.01038)	serv(0.01015)	margarita(0.00923)	friend(0.00875)	flavor(0.00848)	plate(0.00837)	share(0.00808)	sour(0.00783)	small(0.00767)	corn(0.00748)	asada(0.00670)	carn(0.00657)	guacamol(0.00634)	best(0.00624)	super(0.00590)	stuf(0.00570)	carn-asada(0.00550)	favorit(0.00546)	cilantro(0.00530)	
Topic 7(0.04828):	restaur(0.09088)	lunch(0.07118)	thai(0.04108)	definit(0.03001)	special(0.02861)	favorit(0.02334)	dish(0.01802)	short(0.01744)	time(0.01737)	best(0.01675)	recommend(0.01331)	price(0.01224)	friend(0.01086)	amaz(0.00982)	curri(0.00908)	pretti(0.00867)	delici(0.00862)	fantast(0.00860)	short-rib(0.00806)	pad-thai(0.00787)	vega(0.00757)	lunch-special(0.00743)	reason(0.00697)	dine(0.00630)	wing(0.00607)	great-food(0.00592)	town(0.00515)	high-recommend(0.00477)	attent(0.00463)	small(0.00453)	
Topic 8(0.04092):	breakfast(0.03933)	coffe(0.02383)	french(0.02305)	toast(0.02260)	waffl(0.02146)	brunch(0.02035)	cafe(0.01907)	pancak(0.01746)	serv(0.01629)	bread(0.01437)	friend(0.01225)	side(0.01062)	delici(0.01012)	syrup(0.00869)	time(0.00835)	chicken(0.00797)	amaz(0.00745)	season(0.00715)	benedict(0.00707)	french-toast(0.00694)	sausag(0.00629)	plate(0.00620)	omelet(0.00604)	best(0.00554)	choic(0.00544)	banana(0.00506)	expect(0.00499)	mimosa(0.00493)	omelett(0.00477)	bouchon(0.00464)	
Topic 9(0.05674):	steak(0.03964)	cours(0.01708)	perfect(0.01623)	restaur(0.01414)	dish(0.01405)	cook(0.01394)	bread(0.01383)	dine(0.01383)	wine(0.01373)	lobster(0.01323)	excel(0.01189)	dinner(0.01167)	tast(0.01082)	serv(0.00999)	side(0.00979)	mushroom(0.00918)	medium(0.00876)	experi(0.00847)	chef(0.00811)	rare(0.00804)	plate(0.00792)	truffl(0.00757)	start(0.00754)	delici(0.00705)	filet(0.00687)	appet(0.00659)	best(0.00628)	mash-potato(0.00617)	amaz(0.00600)	flavor(0.00592)	
Topic 10(0.05485):	room(0.08150)	strip(0.04790)	stay(0.04371)	hotel(0.03938)	view(0.02076)	casino(0.01944)	pool(0.01821)	walk(0.01363)	clean(0.00982)	suit(0.00825)	tower(0.00800)	elev(0.00760)	vega(0.00751)	door(0.00738)	valet(0.00727)	smell(0.00696)	resort(0.00690)	properti(0.00681)	fountain(0.00677)	area(0.00675)	time(0.00667)	locat(0.00653)	wynn(0.00606)	aria(0.00598)	book(0.00593)	desk(0.00547)	pretti(0.00541)	spacious(0.00536)	night(0.00511)	modern(0.00497)	
Topic 11(0.05795):	peopl(0.03645)	work(0.02983)	store(0.02971)	shop(0.02949)	find(0.01874)	deal(0.01675)	price(0.01629)	card(0.01570)	time(0.01514)	month(0.01229)	walk(0.01107)	spend(0.01094)	open(0.01060)	money(0.01006)	call(0.00807)	cost(0.00769)	stuff(0.00715)	feel(0.00688)	phone(0.00681)	offer(0.00680)	staff(0.00663)	reason(0.00646)	bartend(0.00643)	custom(0.00639)	cool(0.00628)	overpr(0.00616)	popcorn(0.00590)	NUM-hour(0.00573)	insid(0.00570)	class(0.00556)	
Topic 12(0.05344):	star(0.06846)	review(0.05193)	time(0.03821)	size(0.02786)	yelp(0.01830)	friend(0.01764)	care(0.01594)	read(0.01565)	today(0.01467)	feel(0.01455)	definit(0.01326)	open(0.01258)	super(0.01194)	small(0.00992)	busi(0.00980)	fact(0.00967)	close(0.00955)	expect(0.00735)	bring(0.00707)	thought(0.00706)	mention(0.00617)	experi(0.00579)	cart(0.00575)	rememb(0.00566)	choos(0.00538)	work(0.00533)	realiz(0.00526)	bite(0.00521)	white(0.00497)	snow(0.00493)	
Topic 13(0.03889):	soup(0.06635)	ramen(0.04404)	bowl(0.03977)	broth(0.02385)	extra(0.02089)	time(0.01580)	cook(0.01543)	small(0.01526)	pork(0.01339)	flavor(0.01194)	tast(0.01193)	monta(0.00943)	spici(0.00927)	tofu(0.00899)	friend(0.00852)	perfect(0.00843)	best(0.00820)	cold(0.00816)	base(0.00743)	yelper(0.00678)	piec(0.00630)	definit(0.00612)	pretti(0.00597)	noodl-soup(0.00590)	crave(0.00582)	serv(0.00554)	restaur(0.00540)	delici(0.00534)	side(0.00514)	thin(0.00498)	
Topic 14(0.05401):	seat(0.04299)	time(0.02898)	year(0.02805)	watch(0.02133)	peopl(0.01612)	water(0.01563)	experi(0.01257)	expect(0.01250)	amaz(0.01065)	understand(0.00999)	NUM-year(0.00985)	thought(0.00973)	ticket(0.00966)	best(0.00841)	entertain(0.00786)	definit(0.00774)	figur(0.00765)	cirqu(0.00730)	start(0.00704)	perform(0.00703)	year-ago(0.00684)	point(0.00676)	stori(0.00670)	funni(0.00661)	impress(0.00653)	close(0.00646)	stage(0.00632)	pretti(0.00573)	beauti(0.00571)	sound(0.00558)	
Topic 15(0.04027):	pizza(0.06926)	slice(0.02500)	sauc(0.02360)	pasta(0.01892)	garlic(0.01712)	crust(0.01588)	italian(0.01389)	bread(0.01379)	sausag(0.01224)	thin(0.01193)	style(0.01116)	oliv(0.01113)	mushroom(0.01034)	ingredi(0.00977)	perfect(0.00873)	white(0.00872)	meatbal(0.00864)	serv(0.00843)	tast(0.00799)	secret(0.00761)	best(0.00733)	delici(0.00723)	mozzarella(0.00694)	small(0.00692)	dress(0.00670)	calamari(0.00582)	spinach(0.00565)	chicago(0.00563)	deep(0.00545)	pepperoni(0.00532)	
Topic 16(0.04051):	roll(0.06553)	sushi(0.06219)	fish(0.04253)	salmon(0.02638)	tuna(0.02321)	chef(0.01862)	favorit(0.01351)	special(0.01289)	time(0.01094)	dinner(0.01021)	piec(0.00919)	poke(0.00917)	nigiri(0.00875)	sashimi(0.00871)	definit(0.00871)	sauc(0.00821)	spici(0.00790)	price(0.00763)	tast(0.00758)	appet(0.00730)	rice(0.00692)	sake(0.00685)	amaz(0.00678)	shrimp(0.00666)	delici(0.00621)	wrap(0.00620)	best(0.00574)	happi(0.00573)	pretti(0.00570)	serv(0.00487)	
Topic 17(0.04375):	buffet(0.06781)	crab(0.03355)	dinner(0.02741)	price(0.02712)	seafood(0.02580)	station(0.02096)	select(0.01941)	shrimp(0.01595)	pretti(0.01562)	time(0.01456)	best(0.01329)	varieti(0.01297)	offer(0.01208)	oyster(0.01196)	prime(0.01178)	plate(0.01059)	vega(0.00942)	asian(0.00934)	crab-leg(0.00916)	averag(0.00801)	prime-rib(0.00783)	wait(0.00742)	pass(0.00700)	expect(0.00699)	choic(0.00617)	clam(0.00577)	pretti-good(0.00556)	spoon(0.00539)	serv(0.00535)	tast(0.00508)	
Topic 18(0.06361):	wait(0.06839)	tabl(0.06292)	time(0.04498)	happi(0.04132)	NUM-minut(0.02671)	happi-hour(0.02180)	friend(0.01891)	seat(0.01727)	waitress(0.01690)	parti(0.01587)	told(0.01515)	waiter(0.01452)	arriv(0.01319)	experi(0.01214)	reserv(0.01213)	busi(0.01201)	manag(0.01188)	brought(0.01120)	birthday(0.01063)	bill(0.01021)	dinner(0.01012)	appet(0.00897)	final(0.00862)	call(0.00831)	staff(0.00794)	hostess(0.00789)	slow(0.00786)	restaur(0.00766)	return(0.00756)	start(0.00701)	
Topic 19(0.06389):	vega(0.08084)	park(0.04397)	las-vega(0.04016)	casino(0.02520)	club(0.02207)	local(0.01662)	rock(0.01442)	walk(0.01412)	play(0.01231)	machin(0.01126)	easi(0.01125)	area(0.01041)	year(0.00910)	event(0.00885)	theater(0.00776)	strip(0.00717)	sign(0.00660)	slot(0.00615)	airport(0.00582)	open(0.00567)	red-rock(0.00554)	famili(0.00542)	crowd(0.00524)	town(0.00524)	time(0.00520)	shop(0.00518)	ride(0.00495)	close(0.00462)	venu(0.00462)	court(0.00456)	
256 users are loaded from /zf18/ll5fy/lab/dataset/yelp/byUser_70k_review/5foldsCVColdstart/4/...
260 users are loaded from /zf18/ll5fy/lab/dataset/yelp/byUser_70k_review/5foldsCVColdstart/0/...
244 users are loaded from /zf18/ll5fy/lab/dataset/yelp/byUser_70k_review/5foldsCVColdstart/1/...
266 users are loaded from /zf18/ll5fy/lab/dataset/yelp/byUser_70k_review/5foldsCVColdstart/2/...
264 users are loaded from /zf18/ll5fy/lab/dataset/yelp/byUser_70k_review/5foldsCVColdstart/3/...
====================
[Info]Fold No. 4: 
[Info]Analzying corpus: 
...........-- Global corpus: vocabulary size: 6134, review size: 15843, item size: 861, user size: 861
train size = 12424, test size = 3419....
[Info]Analying bipartie graph: 
-- train graph: review size: 12424, item size: 726, user size: 778
[Info]EM Starting multithread LDA_Focus[k:20, alpha:1.01, beta:1.00, Variational]...
==============
[Info]Likelihood -3404171.47757 at step 0 converge to 1.0000000000...
==============
[Info]Likelihood -3403177.96283 at step 1 converge to 0.0002918521...
==============
[Info]Likelihood -3402184.17489 at step 2 converge to 0.0002920176...
==============
[Info]Likelihood -3401164.50132 at step 3 converge to 0.0002997115...
==============
[Info]Likelihood -3399968.37327 at step 4 converge to 0.0003516819...
==============
[Info]Likelihood -3397930.09503 at step 5 converge to 0.0005994992...
==============
[Info]Likelihood -3393923.57235 at step 6 converge to 0.0011791069...
==============
[Info]Likelihood -3384457.09238 at step 7 converge to 0.0027892437...
==============
[Info]Likelihood -3358070.85349 at step 8 converge to 0.0077962988...
==============
[Info]Likelihood -3304599.40123 at step 9 converge to 0.0159232651...
==============
[Info]Likelihood -3248656.59233 at step 10 converge to 0.0169287717...
==============
[Info]Likelihood -3206460.48633 at step 11 converge to 0.0129887862...
==============
[Info]Likelihood -3174863.47820 at step 12 converge to 0.0098541704...
==============
[Info]Likelihood -3150119.76436 at step 13 converge to 0.0077936308...
==============
[Info]Likelihood -3130250.47207 at step 14 converge to 0.0063074720...
==============
[Info]Likelihood -3114090.23955 at step 15 converge to 0.0051626005...
==============
[Info]Likelihood -3100672.64961 at step 16 converge to 0.0043086709...
==============
[Info]Likelihood -3089226.62987 at step 17 converge to 0.0036914634...
==============
[Info]Likelihood -3079283.28524 at step 18 converge to 0.0032187165...
==============
[Info]Likelihood -3070528.40216 at step 19 converge to 0.0028431561...
==============
[Info]Likelihood -3062719.91129 at step 20 converge to 0.0025430447...
==============
[Info]Likelihood -3055683.30376 at step 21 converge to 0.0022975028...
==============
[Info]Likelihood -3049283.56174 at step 22 converge to 0.0020943735...
==============
[Info]Likelihood -3043395.94694 at step 23 converge to 0.0019308191...
==============
[Info]Likelihood -3037910.30639 at step 24 converge to 0.0018024735...
==============
[Info]Likelihood -3032708.08794 at step 25 converge to 0.0017124332...
==============
[Info]Likelihood -3027666.62341 at step 26 converge to 0.0016623639...
==============
[Info]Likelihood -3022824.40139 at step 27 converge to 0.0015993247...
==============
[Info]Likelihood -3018306.04617 at step 28 converge to 0.0014947462...
==============
[Info]Likelihood -3014113.81988 at step 29 converge to 0.0013889335...
[Info]Likelihood -3014113.820 after step 30 converge to 0.001389 after 70 seconds...
[Info]Analying bipartie graph: 
-- test graph: review size: 3419, item size: 213, user size: 256
[Info]Start evaluation in thread
[Stat]Test evaluation finished: 3419 docs
[Stat]0 part has 701.000000 docs: perplexity is 1212.066 and log-likelihood is -311.928
[Stat]1 part has 339.000000 docs: perplexity is 1098.380 and log-likelihood is -322.920
[Stat]2 part has 1635.000000 docs: perplexity is 1134.028 and log-likelihood is -318.625
[Stat]3 part has 744.000000 docs: perplexity is 1026.077 and log-likelihood is -324.840
[Stat]4 part has 3419.000000 docs: perplexity is 1119.979 and log-likelihood is -319.030
[Info]multithread LDA_Focus[k:20, alpha:1.01, beta:1.00, Variational] Train/Test finished in 71.24 seconds...
TopWord FilePath:/zf18/ll5fy/lab/dataset/yelp/byUser_70k_review/output/5foldsCVColdstart/4/LDA_Item_topWords_20.txt
Topic 0(0.04345):	bread(0.03309)	dinner(0.02690)	pasta(0.02175)	restaur(0.02047)	plate(0.01895)	best(0.01705)	amaz(0.01577)	prime(0.01376)	italian(0.01374)	time(0.01271)	dish(0.01268)	station(0.01256)	expect(0.01215)	caesar(0.00953)	famili(0.00951)	lunch(0.00950)	fanci(0.00944)	prime-rib(0.00941)	delici(0.00866)	night(0.00854)	excel(0.00828)	pretti(0.00778)	vega(0.00764)	averag(0.00752)	definit(0.00715)	short(0.00710)	serv(0.00694)	dress(0.00656)	side(0.00651)	desert(0.00644)	
Topic 1(0.04962):	custom(0.02830)	year(0.02492)	time(0.02472)	wait(0.02423)	peopl(0.01654)	size(0.01587)	month(0.01585)	care(0.01337)	open(0.01327)	final(0.01243)	close(0.01167)	custom-servic(0.01071)	busi(0.01029)	burrito(0.00962)	stand(0.00939)	locat(0.00935)	rememb(0.00870)	vega(0.00845)	today(0.00845)	snow(0.00810)	expect(0.00763)	NUM-year(0.00716)	combo(0.00708)	review(0.00675)	find(0.00674)	work(0.00673)	choos(0.00647)	call(0.00614)	event(0.00564)	thought(0.00559)	
Topic 2(0.03999):	breakfast(0.04658)	pancak(0.02739)	toast(0.02392)	french(0.02186)	waffl(0.02136)	crepe(0.01858)	brunch(0.01832)	serv(0.01400)	banana(0.01398)	wait(0.01308)	delici(0.01174)	coffe(0.01019)	side(0.00982)	syrup(0.00907)	whip(0.00897)	sausag(0.00876)	friend(0.00873)	fill(0.00857)	brown(0.00764)	french-toast(0.00751)	definit(0.00741)	benedict(0.00734)	choic(0.00703)	time(0.00658)	whip-cream(0.00635)	fluffi(0.00634)	velvet(0.00626)	option(0.00616)	omelet(0.00595)	corn(0.00588)	
Topic 3(0.04211):	taco(0.04847)	chip(0.02978)	bean(0.02434)	mexican(0.02015)	time(0.01663)	delici(0.01255)	friend(0.01224)	pretti(0.01158)	super(0.01135)	vega(0.01127)	best(0.01102)	black(0.01086)	tortilla(0.01069)	definit(0.01016)	sour(0.00840)	street(0.00829)	review(0.00818)	nacho(0.00809)	side(0.00753)	serv(0.00743)	corn(0.00738)	authent(0.00689)	star(0.00664)	guacamol(0.00647)	solid(0.00642)	asada(0.00637)	snack(0.00620)	fire(0.00609)	amaz(0.00586)	carn(0.00582)	
Topic 4(0.05722):	friend(0.06932)	staff(0.03760)	wait(0.03508)	coffe(0.02705)	work(0.02409)	super(0.02163)	feel(0.02139)	time(0.02093)	peopl(0.01971)	door(0.01617)	open(0.01612)	spot(0.01515)	definit(0.01255)	cafe(0.01121)	wall(0.01041)	busi(0.01038)	small(0.01011)	drive(0.01011)	cool(0.00978)	cute(0.00970)	read(0.00964)	walk(0.00905)	review(0.00901)	bring(0.00887)	yelp(0.00885)	shop(0.00834)	counter(0.00761)	book(0.00721)	NUM-min(0.00651)	talk(0.00644)	
Topic 5(0.06097):	time(0.06946)	star(0.03934)	experi(0.03308)	review(0.02000)	dine(0.01860)	restaur(0.01820)	manag(0.01656)	NUM-minut(0.01263)	wait(0.01242)	problem(0.01158)	told(0.01153)	point(0.01123)	second(0.01089)	call(0.01055)	week(0.01038)	rate(0.00889)	offer(0.00853)	peopl(0.00783)	slow(0.00729)	wife(0.00714)	terribl(0.00659)	walk(0.00651)	busi(0.00635)	reason(0.00630)	open(0.00611)	NUM-hour(0.00584)	return(0.00582)	horribl(0.00581)	start(0.00570)	phone(0.00558)	
Topic 6(0.04238):	flavor(0.07147)	tast(0.04639)	chocol(0.03521)	time(0.01567)	sweet(0.01375)	gelato(0.01357)	cover(0.01202)	frozen(0.01069)	small(0.01043)	weird(0.01010)	insid(0.00942)	serious(0.00911)	white(0.00900)	popcorn(0.00892)	coconut(0.00860)	custard(0.00848)	amaz(0.00801)	spoon(0.00799)	varieti(0.00787)	strawberri(0.00778)	groupon(0.00663)	uniqu(0.00662)	dark(0.00612)	vega(0.00591)	best(0.00589)	stuff(0.00571)	favorit(0.00545)	delici(0.00541)	mango(0.00528)	wast(0.00514)	
Topic 7(0.05410):	tabl(0.08278)	seat(0.03383)	restaur(0.03301)	dinner(0.02591)	wine(0.02498)	parti(0.02119)	reserv(0.01997)	waiter(0.01981)	water(0.01861)	glass(0.01778)	night(0.01761)	brought(0.01747)	waitress(0.01589)	start(0.01352)	attent(0.01308)	wait(0.01260)	appet(0.01194)	birthday(0.01119)	NUM-minut(0.01088)	time(0.01056)	bottl(0.00994)	hostess(0.00961)	experi(0.00904)	bill(0.00885)	friend(0.00848)	arriv(0.00835)	refil(0.00813)	tapa(0.00749)	plate(0.00639)	special(0.00584)	
Topic 8(0.07201):	park(0.03701)	shop(0.02536)	music(0.02234)	store(0.02165)	watch(0.02065)	play(0.02054)	vega(0.02032)	area(0.01835)	peopl(0.01671)	walk(0.01381)	cool(0.01357)	crowd(0.01319)	rock(0.01271)	las-vega(0.01246)	seat(0.01228)	downtown(0.01092)	local(0.01066)	theater(0.00930)	find(0.00925)	ticket(0.00897)	street(0.00837)	outdoor(0.00781)	insid(0.00686)	town(0.00678)	event(0.00605)	danc(0.00596)	venu(0.00571)	night(0.00561)	entertain(0.00517)	pictur(0.00516)	
Topic 9(0.03919):	pizza(0.07757)	slice(0.03233)	garlic(0.03069)	style(0.02132)	sauc(0.01794)	best(0.01614)	crust(0.01565)	white(0.01526)	thin(0.01390)	delici(0.01308)	sausag(0.01196)	secret(0.01041)	favorit(0.01008)	meatbal(0.00929)	perfect(0.00927)	ingredi(0.00821)	side(0.00786)	time(0.00763)	mozzarella(0.00760)	wrap(0.00733)	definit(0.00693)	friend(0.00689)	small(0.00686)	york(0.00676)	vegetarian(0.00655)	tast(0.00629)	mushroom(0.00610)	delish(0.00586)	spinach(0.00581)	piec(0.00579)	
Topic 10(0.04866):	chicken(0.11271)	sauc(0.03978)	side(0.02153)	onion(0.01998)	wing(0.01955)	shake(0.01378)	fast(0.01367)	sweet(0.01332)	healthi(0.01001)	strip(0.00984)	joint(0.00857)	sweet-potato(0.00803)	tast(0.00800)	crispi(0.00776)	juici(0.00734)	hawaiian(0.00709)	patti(0.00709)	perfect(0.00691)	delici(0.00681)	ring(0.00658)	veggi(0.00639)	finger(0.00617)	fast-food(0.00614)	chicken-wing(0.00589)	choic(0.00542)	shack(0.00525)	turkey(0.00523)	lunch(0.00521)	blue(0.00518)	chipotl(0.00507)	
Topic 11(0.04800):	steak(0.04643)	perfect(0.02437)	dish(0.02275)	cours(0.02203)	lobster(0.01917)	cook(0.01676)	tast(0.01667)	restaur(0.01165)	delici(0.01153)	rare(0.01046)	flavor(0.01017)	side(0.01002)	excel(0.00964)	medium(0.00927)	scallop(0.00874)	serv(0.00867)	mushroom(0.00855)	best(0.00828)	sauc(0.00822)	filet(0.00796)	oyster(0.00795)	dine(0.00792)	tender(0.00738)	favorit(0.00731)	crab(0.00725)	bite(0.00698)	mash-potato(0.00689)	amaz(0.00688)	shrimp(0.00679)	start(0.00668)	
Topic 12(0.07086):	room(0.06615)	casino(0.03500)	hotel(0.03470)	stay(0.03444)	strip(0.03324)	vega(0.02732)	view(0.01934)	club(0.01873)	pool(0.01679)	night(0.01231)	walk(0.01133)	area(0.00928)	suit(0.00721)	properti(0.00608)	gambl(0.00605)	elev(0.00604)	clean(0.00593)	wynn(0.00580)	resort(0.00569)	las-vega(0.00562)	locat(0.00559)	loung(0.00546)	valet(0.00538)	slot(0.00532)	tower(0.00518)	aria(0.00491)	fountain(0.00483)	beauti(0.00483)	machin(0.00471)	modern(0.00471)	
Topic 13(0.04460):	buffet(0.06568)	roll(0.06102)	sushi(0.05436)	fish(0.03548)	salmon(0.02209)	tuna(0.02084)	lunch(0.01384)	crab(0.01276)	chef(0.01077)	seafood(0.01058)	favorit(0.01058)	varieti(0.01048)	dinner(0.00967)	special(0.00963)	shrimp(0.00939)	poke(0.00916)	sashimi(0.00883)	piec(0.00861)	nigiri(0.00860)	offer(0.00799)	rice(0.00797)	price(0.00789)	includ(0.00770)	crab-leg(0.00765)	best(0.00728)	spici(0.00714)	pretti(0.00697)	sauc(0.00685)	option(0.00656)	indian(0.00631)	
Topic 14(0.05856):	drink(0.11743)	price(0.07078)	happi(0.06316)	beer(0.05134)	pretti(0.04563)	happi-hour(0.03324)	night(0.02211)	friend(0.01643)	pretti-good(0.01489)	bartend(0.01431)	time(0.01389)	special(0.01337)	patio(0.01121)	buck(0.01071)	deal(0.01051)	definit(0.00906)	alcohol(0.00879)	recommend(0.00870)	overpr(0.00868)	cool(0.00804)	NUM-buck(0.00747)	expens(0.00591)	martini(0.00589)	town(0.00588)	coupl(0.00528)	good-food(0.00516)	great-food(0.00489)	brew(0.00455)	area(0.00405)	appet(0.00395)	
Topic 15(0.04889):	locat(0.05620)	select(0.04412)	pretti(0.02753)	total(0.02601)	shrimp(0.02538)	time(0.02289)	find(0.01950)	pick(0.01829)	clean(0.01816)	crab(0.01716)	easi(0.01572)	boba(0.01279)	price(0.01171)	definit(0.01057)	reason(0.00891)	vega(0.00852)	pound(0.00805)	airport(0.00795)	season(0.00777)	juici(0.00754)	option(0.00752)	best(0.00717)	favorit(0.00702)	extra(0.00678)	conveni(0.00673)	feel(0.00631)	fast(0.00569)	friend(0.00566)	side(0.00557)	pros(0.00541)	
Topic 16(0.05013):	pork(0.04447)	soup(0.04338)	beef(0.03564)	rice(0.03221)	bowl(0.02146)	dish(0.02040)	korean(0.01657)	belli(0.01453)	ramen(0.01435)	cook(0.01378)	chines(0.01306)	broth(0.01292)	asian(0.01226)	tofu(0.01115)	pork-belli(0.01048)	spici(0.01040)	flavor(0.00952)	restaur(0.00933)	sauc(0.00889)	steam(0.00820)	tast(0.00799)	side(0.00696)	fri-rice(0.00690)	spring(0.00628)	favorit(0.00607)	serv(0.00606)	veggi(0.00565)	veget(0.00559)	style(0.00538)	definit(0.00537)	
Topic 17(0.03746):	bread(0.01582)	sweet(0.01529)	chef(0.01411)	serv(0.01401)	flavor(0.01035)	offer(0.00936)	smoke(0.00911)	sauc(0.00872)	salt(0.00842)	creami(0.00820)	kitchen(0.00768)	rich(0.00757)	ingredi(0.00679)	textur(0.00662)	stuf(0.00624)	small(0.00619)	appl(0.00614)	onion(0.00611)	truffl(0.00600)	plate(0.00590)	balanc(0.00561)	arriv(0.00555)	select(0.00546)	space(0.00540)	sort(0.00538)	savori(0.00535)	bite(0.00510)	round(0.00503)	warm(0.00497)	signatur(0.00487)	
Topic 18(0.04602):	cream(0.06694)	cake(0.04545)	ice-cream(0.03834)	chocol(0.02599)	cooki(0.02071)	sweet(0.02015)	cupcak(0.01127)	pastri(0.01078)	favorit(0.01014)	cirqu(0.01009)	time(0.01003)	donut(0.00983)	vanilla(0.00865)	best(0.00821)	peanut(0.00800)	seat(0.00796)	sugar(0.00765)	bakeri(0.00758)	strawberri(0.00693)	amaz(0.00685)	perform(0.00667)	macaron(0.00666)	definit(0.00619)	peanut-butter(0.00619)	deli(0.00605)	pick(0.00602)	thought(0.00571)	stori(0.00533)	funni(0.00525)	display(0.00506)	
Topic 19(0.04576):	thai(0.04268)	lunch(0.03411)	spici(0.03320)	dish(0.03315)	curri(0.02905)	rice(0.02314)	restaur(0.02131)	chicken(0.02120)	flavor(0.01746)	sauc(0.01682)	spice(0.01628)	delici(0.01209)	special(0.01113)	definit(0.01077)	sweet(0.00948)	pull(0.00934)	side(0.00861)	pad-thai(0.00806)	best(0.00774)	tast(0.00729)	time(0.00718)	lunch-special(0.00657)	perfect(0.00655)	favorit(0.00638)	pretti(0.00610)	beef(0.00592)	veggi(0.00549)	shrimp(0.00527)	vietnames(0.00498)	veget(0.00481)	

Part 0 -----------------Valid folds: 5
[Stat]Loglikelihood -323.160+/-6.972
[Stat]Perplexity 1104.250+/-64.641
Part 1 -----------------Valid folds: 5
[Stat]Loglikelihood -324.468+/-10.466
[Stat]Perplexity 1059.765+/-41.938
Part 2 -----------------Valid folds: 5
[Stat]Loglikelihood -322.005+/-11.191
[Stat]Perplexity 1093.343+/-23.742
Part 3 -----------------Valid folds: 5
[Stat]Loglikelihood -323.211+/-21.768
[Stat]Perplexity 1010.254+/-32.371
Part 4 -----------------Valid folds: 5
[Stat]Loglikelihood -322.710+/-10.236
[Stat]Perplexity 1076.817+/-22.012
