Load 6134 2-gram new features from /zf18/ll5fy/lab/dataset/yelp/yelp_features.txt...
1409 users are loaded from /zf18/ll5fy/lab/dataset/yelp/byUser_70k_review/data/...
Info File Path: /zf18/ll5fy/lab/dataset/yelp/byUser_70k_review/output/5foldsCVColdstart/LDA_Variational_info.txt
[Info]Start FIXED cross validation...
260 users are loaded from /zf18/ll5fy/lab/dataset/yelp/byUser_70k_review/5foldsCVColdstart/0/...
244 users are loaded from /zf18/ll5fy/lab/dataset/yelp/byUser_70k_review/5foldsCVColdstart/1/...
266 users are loaded from /zf18/ll5fy/lab/dataset/yelp/byUser_70k_review/5foldsCVColdstart/2/...
264 users are loaded from /zf18/ll5fy/lab/dataset/yelp/byUser_70k_review/5foldsCVColdstart/3/...
256 users are loaded from /zf18/ll5fy/lab/dataset/yelp/byUser_70k_review/5foldsCVColdstart/4/...
====================
[Info]Fold No. 0: 
train size = 12311, test size = 3532....
[Info]EM Starting multithread LDA[k:15, alpha:1.01, beta:1.00, Variational]...
==============
[Info]Likelihood -3610276.99603 at step 0 converge to 1.0000000000...
==============
[Info]Likelihood -3609401.64534 at step 1 converge to 0.0002424608...
==============
[Info]Likelihood -3608499.46708 at step 2 converge to 0.0002499523...
==============
[Info]Likelihood -3607503.91105 at step 3 converge to 0.0002758920...
==============
[Info]Likelihood -3606202.20497 at step 4 converge to 0.0003608329...
==============
[Info]Likelihood -3603353.26877 at step 5 converge to 0.0007900101...
==============
[Info]Likelihood -3591647.57505 at step 6 converge to 0.0032485557...
==============
[Info]Likelihood -3552035.79861 at step 7 converge to 0.0110288595...
==============
[Info]Likelihood -3495072.51909 at step 8 converge to 0.0160367977...
==============
[Info]Likelihood -3445456.95978 at step 9 converge to 0.0141958598...
==============
[Info]Likelihood -3407593.58772 at step 10 converge to 0.0109893615...
==============
[Info]Likelihood -3380509.42672 at step 11 converge to 0.0079481782...
==============
[Info]Likelihood -3360818.32262 at step 12 converge to 0.0058248925...
==============
[Info]Likelihood -3345507.50907 at step 13 converge to 0.0045556802...
==============
[Info]Likelihood -3332964.88917 at step 14 converge to 0.0037490933...
==============
[Info]Likelihood -3322350.56870 at step 15 converge to 0.0031846482...
==============
[Info]Likelihood -3313181.75399 at step 16 converge to 0.0027597373...
==============
[Info]Likelihood -3305169.77170 at step 17 converge to 0.0024182139...
==============
[Info]Likelihood -3298112.37402 at step 18 converge to 0.0021352603...
==============
[Info]Likelihood -3291863.63639 at step 19 converge to 0.0018946406...
==============
[Info]Likelihood -3286286.90219 at step 20 converge to 0.0016940964...
==============
[Info]Likelihood -3281251.44166 at step 21 converge to 0.0015322644...
==============
[Info]Likelihood -3276642.31015 at step 22 converge to 0.0014046871...
==============
[Info]Likelihood -3272431.26346 at step 23 converge to 0.0012851713...
==============
[Info]Likelihood -3268612.02354 at step 24 converge to 0.0011670955...
==============
[Info]Likelihood -3265146.37385 at step 25 converge to 0.0010602818...
==============
[Info]Likelihood -3261975.14793 at step 26 converge to 0.0009712355...
==============
[Info]Likelihood -3259047.22681 at step 27 converge to 0.0008975915...
==============
[Info]Likelihood -3256343.39566 at step 28 converge to 0.0008296385...
==============
[Info]Likelihood -3253849.07971 at step 29 converge to 0.0007659868...
[Info]Likelihood -3253849.080 after step 30 converge to 0.000766 after 106 seconds...
[Info]Start evaluation in thread
[Stat]Test set perplexity is 1080.271 and log-likelihood is -312.362
[Info]multithread LDA[k:15, alpha:1.01, beta:1.00, Variational] Train/Test finished in 108.11 seconds...
TopWord FilePath:/zf18/ll5fy/lab/dataset/yelp/byUser_70k_review/output/5foldsCVColdstart/0/LDA_Variational_topWords_15.txt
Topic 0(0.05628):	pizza(0.05808)	thai(0.02767)	taco(0.02605)	curri(0.02286)	chicken(0.02110)	sauc(0.01975)	mexican(0.01335)	slice(0.01290)	garlic(0.01187)	bean(0.01161)	crust(0.01108)	chip(0.01107)	style(0.01107)	spice(0.01096)	restaur(0.01075)	flavor(0.00917)	rice(0.00866)	spici(0.00859)	white(0.00805)	tast(0.00790)	delici(0.00790)	tortilla(0.00775)	best(0.00749)	thin(0.00712)	lunch(0.00677)	sausag(0.00654)	authent(0.00618)	special(0.00604)	burrito(0.00590)	time(0.00570)	
Topic 1(0.07170):	room(0.06047)	strip(0.03634)	casino(0.03369)	stay(0.03107)	hotel(0.02990)	vega(0.02028)	pool(0.01520)	view(0.01090)	area(0.01018)	walk(0.00986)	restaur(0.00955)	night(0.00864)	clean(0.00841)	rock(0.00833)	suit(0.00687)	street(0.00623)	gambl(0.00571)	resort(0.00562)	modern(0.00539)	las-vega(0.00539)	elev(0.00507)	valet(0.00492)	book(0.00492)	properti(0.00490)	tower(0.00487)	time(0.00467)	aria(0.00464)	spacious(0.00430)	smell(0.00412)	slot(0.00412)	
Topic 2(0.07944):	locat(0.05292)	park(0.03326)	find(0.03151)	shop(0.02593)	vega(0.02334)	store(0.02073)	year(0.01899)	time(0.01793)	open(0.01721)	area(0.01587)	town(0.01374)	walk(0.01256)	drive(0.01204)	month(0.01119)	easi(0.01078)	las-vega(0.01041)	work(0.00929)	spot(0.00890)	peopl(0.00810)	close(0.00810)	sign(0.00771)	local(0.00718)	reason(0.00718)	clean(0.00656)	week(0.00619)	busi(0.00612)	insid(0.00580)	machin(0.00572)	pick(0.00559)	market(0.00538)	
Topic 3(0.06507):	happi(0.05108)	happi-hour(0.02798)	friend(0.02448)	time(0.02373)	yelp(0.02338)	review(0.02328)	special(0.02242)	night(0.02021)	star(0.01962)	delici(0.01614)	deal(0.01394)	steak(0.01376)	definit(0.01316)	start(0.01201)	amaz(0.01073)	wing(0.00971)	boyfriend(0.00935)	price(0.00930)	dinner(0.00921)	side(0.00898)	wife(0.00895)	best(0.00827)	birthday(0.00803)	appet(0.00776)	serious(0.00760)	bill(0.00755)	honest(0.00747)	medium(0.00731)	rememb(0.00710)	rare(0.00700)	
Topic 4(0.05432):	roll(0.05284)	sushi(0.04876)	shrimp(0.03913)	buffet(0.03764)	fish(0.03285)	crab(0.02765)	salmon(0.01871)	tuna(0.01866)	seafood(0.01825)	dinner(0.01736)	oyster(0.01096)	favorit(0.01090)	special(0.01076)	time(0.00992)	spici(0.00915)	station(0.00912)	sashimi(0.00835)	nigiri(0.00777)	chef(0.00772)	sauc(0.00771)	prime(0.00737)	appet(0.00605)	varieti(0.00602)	piec(0.00599)	prime-rib(0.00567)	pound(0.00550)	night(0.00550)	definit(0.00538)	price(0.00527)	includ(0.00526)	
Topic 5(0.06310):	chicken(0.04809)	sauc(0.03137)	side(0.02799)	onion(0.01650)	fast(0.01223)	bread(0.01221)	sweet(0.01158)	shake(0.01095)	tast(0.01049)	flavor(0.00907)	healthi(0.00860)	delici(0.00788)	juici(0.00777)	perfect(0.00774)	combo(0.00765)	size(0.00754)	nacho(0.00696)	strip(0.00665)	pull(0.00596)	smoke(0.00591)	sweet-potato(0.00576)	tender(0.00550)	finger(0.00540)	joint(0.00533)	time(0.00532)	pickl(0.00523)	ring(0.00521)	soda(0.00514)	patti(0.00503)	dress(0.00494)	
Topic 6(0.05889):	cream(0.04700)	chocol(0.03723)	cake(0.03277)	sweet(0.03137)	flavor(0.02966)	ice-cream(0.02421)	tast(0.01284)	cooki(0.01259)	strawberri(0.01072)	crepe(0.00888)	vanilla(0.00833)	pastri(0.00798)	banana(0.00796)	appl(0.00792)	gelato(0.00713)	custard(0.00679)	frozen(0.00622)	creami(0.00621)	sugar(0.00580)	peanut(0.00575)	best(0.00566)	select(0.00557)	offer(0.00556)	coconut(0.00550)	white(0.00533)	delici(0.00525)	mango(0.00523)	treat(0.00500)	fill(0.00475)	textur(0.00474)	
Topic 7(0.06470):	drink(0.10208)	friend(0.04324)	super(0.02124)	coffe(0.02000)	cool(0.01964)	custom(0.01889)	staff(0.01673)	time(0.01248)	cute(0.01231)	bartend(0.01122)	wall(0.00991)	work(0.00969)	definit(0.00964)	insid(0.00891)	custom-servic(0.00885)	boba(0.00874)	donut(0.00871)	spot(0.00829)	tast(0.00774)	talk(0.00700)	feel(0.00695)	stuff(0.00653)	favorit(0.00613)	real(0.00535)	pick(0.00533)	pink(0.00521)	small(0.00492)	door(0.00491)	shot(0.00489)	sweet(0.00488)	
Topic 8(0.08755):	time(0.06124)	wait(0.05667)	tabl(0.04780)	NUM-minut(0.02181)	seat(0.02146)	peopl(0.02074)	busi(0.01739)	experi(0.01485)	told(0.01394)	parti(0.01235)	star(0.01223)	manag(0.01141)	call(0.01088)	arriv(0.01068)	friend(0.01043)	final(0.01029)	waitress(0.01003)	restaur(0.00847)	slow(0.00814)	water(0.00782)	second(0.00758)	walk(0.00684)	reserv(0.00658)	brought(0.00648)	work(0.00629)	readi(0.00607)	saturday(0.00595)	night(0.00572)	staff(0.00555)	point(0.00551)	
Topic 9(0.06669):	steak(0.02529)	bread(0.01910)	perfect(0.01884)	wine(0.01848)	restaur(0.01817)	cours(0.01482)	dinner(0.01459)	dine(0.01454)	cook(0.01255)	pasta(0.01221)	sauc(0.01057)	mushroom(0.00994)	serv(0.00977)	lobster(0.00947)	excel(0.00898)	tast(0.00871)	dish(0.00799)	side(0.00771)	appet(0.00758)	chef(0.00744)	experi(0.00702)	tabl(0.00669)	start(0.00660)	best(0.00638)	glass(0.00620)	italian(0.00602)	reserv(0.00597)	tender(0.00588)	delici(0.00587)	mash-potato(0.00558)	
Topic 10(0.07368):	pretti(0.08500)	price(0.07042)	lunch(0.03847)	beer(0.03455)	option(0.02584)	select(0.02524)	pretti-good(0.02239)	best(0.02019)	averag(0.01337)	vega(0.01283)	offer(0.01225)	reason(0.01189)	restaur(0.01107)	expens(0.01036)	star(0.00933)	town(0.00911)	small(0.00887)	buck(0.00878)	expect(0.00841)	standard(0.00818)	fair(0.00809)	solid(0.00808)	feel(0.00794)	time(0.00783)	choos(0.00734)	choic(0.00716)	definit(0.00711)	friend(0.00670)	pricey(0.00661)	review(0.00625)	
Topic 11(0.08176):	seat(0.02076)	watch(0.02028)	vega(0.02014)	music(0.01976)	peopl(0.01808)	play(0.01747)	club(0.01674)	night(0.01553)	crowd(0.01323)	time(0.01089)	cool(0.01026)	danc(0.00968)	theater(0.00908)	ticket(0.00901)	beauti(0.00812)	area(0.00751)	las-vega(0.00724)	walk(0.00671)	outdoor(0.00635)	perform(0.00632)	event(0.00616)	cirqu(0.00613)	view(0.00607)	amaz(0.00598)	entertain(0.00594)	stage(0.00556)	feel(0.00541)	water(0.00529)	pictur(0.00527)	year(0.00513)	
Topic 12(0.05019):	breakfast(0.03515)	chicken(0.02235)	toast(0.02212)	pancak(0.02162)	french(0.01998)	waffl(0.01701)	brunch(0.01572)	serv(0.01410)	delici(0.01204)	bread(0.01199)	corn(0.01128)	time(0.01068)	cafe(0.01064)	hawaiian(0.00975)	friend(0.00972)	coffe(0.00950)	plate(0.00892)	sausag(0.00851)	side(0.00822)	syrup(0.00740)	amaz(0.00720)	french-toast(0.00682)	brown(0.00648)	deli(0.00643)	benedict(0.00590)	definit(0.00585)	best(0.00569)	crispi(0.00557)	wait(0.00554)	earli(0.00515)	
Topic 13(0.06277):	dish(0.05425)	restaur(0.02769)	recommend(0.02630)	flavor(0.02607)	tast(0.02556)	definit(0.02009)	plate(0.01792)	small(0.01463)	amaz(0.01441)	serv(0.01290)	friend(0.01283)	cold(0.01283)	time(0.01093)	thought(0.00994)	delici(0.00987)	bite(0.00983)	share(0.00925)	favorit(0.00915)	wrap(0.00910)	experi(0.00886)	roast(0.00863)	star(0.00796)	expect(0.00774)	excit(0.00727)	bland(0.00703)	uniqu(0.00669)	felt(0.00649)	high-recommend(0.00632)	extrem(0.00613)	size(0.00598)	
Topic 14(0.06386):	pork(0.04069)	rice(0.03852)	soup(0.03194)	ramen(0.02656)	beef(0.02358)	bowl(0.02069)	spici(0.01958)	korean(0.01510)	broth(0.01347)	flavor(0.01305)	cook(0.01282)	belli(0.01272)	asian(0.00942)	pork-belli(0.00916)	sauc(0.00907)	chicken(0.00888)	tast(0.00887)	chines(0.00820)	tofu(0.00803)	side(0.00783)	fri-rice(0.00753)	restaur(0.00729)	piec(0.00696)	small(0.00640)	steam(0.00628)	dish(0.00605)	tender(0.00562)	monta(0.00550)	favorit(0.00549)	extra(0.00546)	
244 users are loaded from /zf18/ll5fy/lab/dataset/yelp/byUser_70k_review/5foldsCVColdstart/1/...
260 users are loaded from /zf18/ll5fy/lab/dataset/yelp/byUser_70k_review/5foldsCVColdstart/0/...
266 users are loaded from /zf18/ll5fy/lab/dataset/yelp/byUser_70k_review/5foldsCVColdstart/2/...
264 users are loaded from /zf18/ll5fy/lab/dataset/yelp/byUser_70k_review/5foldsCVColdstart/3/...
256 users are loaded from /zf18/ll5fy/lab/dataset/yelp/byUser_70k_review/5foldsCVColdstart/4/...
====================
[Info]Fold No. 1: 
train size = 13268, test size = 2575....
[Info]EM Starting multithread LDA[k:15, alpha:1.01, beta:1.00, Variational]...
==============
[Info]Likelihood -3895221.08120 at step 0 converge to 1.0000000000...
==============
[Info]Likelihood -3894286.26338 at step 1 converge to 0.0002399910...
==============
[Info]Likelihood -3893325.63474 at step 2 converge to 0.0002466764...
==============
[Info]Likelihood -3892250.36571 at step 3 converge to 0.0002761827...
==============
[Info]Likelihood -3890932.81477 at step 4 converge to 0.0003385062...
==============
[Info]Likelihood -3888783.02010 at step 5 converge to 0.0005525140...
==============
[Info]Likelihood -3883491.19574 at step 6 converge to 0.0013607919...
==============
[Info]Likelihood -3866549.81776 at step 7 converge to 0.0043624093...
==============
[Info]Likelihood -3819541.85205 at step 8 converge to 0.0121575999...
==============
[Info]Likelihood -3755753.18407 at step 9 converge to 0.0167006072...
==============
[Info]Likelihood -3706265.30578 at step 10 converge to 0.0131765523...
==============
[Info]Likelihood -3670421.46930 at step 11 converge to 0.0096711470...
==============
[Info]Likelihood -3643714.41246 at step 12 converge to 0.0072762916...
==============
[Info]Likelihood -3623379.01318 at step 13 converge to 0.0055809531...
==============
[Info]Likelihood -3607462.58635 at step 14 converge to 0.0043927027...
==============
[Info]Likelihood -3594602.44882 at step 15 converge to 0.0035648707...
==============
[Info]Likelihood -3583966.13101 at step 16 converge to 0.0029589692...
==============
[Info]Likelihood -3575073.08551 at step 17 converge to 0.0024813419...
==============
[Info]Likelihood -3567517.45928 at step 18 converge to 0.0021134187...
==============
[Info]Likelihood -3560986.76656 at step 19 converge to 0.0018305987...
==============
[Info]Likelihood -3555303.53978 at step 20 converge to 0.0015959696...
==============
[Info]Likelihood -3550351.87295 at step 21 converge to 0.0013927550...
==============
[Info]Likelihood -3546021.07270 at step 22 converge to 0.0012198228...
==============
[Info]Likelihood -3542201.20791 at step 23 converge to 0.0010772256...
==============
[Info]Likelihood -3538789.88400 at step 24 converge to 0.0009630520...
==============
[Info]Likelihood -3535707.01770 at step 25 converge to 0.0008711640...
==============
[Info]Likelihood -3532924.49195 at step 26 converge to 0.0007869786...
==============
[Info]Likelihood -3530429.05218 at step 27 converge to 0.0007063383...
==============
[Info]Likelihood -3528181.17949 at step 28 converge to 0.0006367137...
==============
[Info]Likelihood -3526137.82158 at step 29 converge to 0.0005791533...
[Info]Likelihood -3526137.822 after step 30 converge to 0.000579 after 41 seconds...
[Info]Start evaluation in thread
[Stat]Test set perplexity is 1090.511 and log-likelihood is -326.127
[Info]multithread LDA[k:15, alpha:1.01, beta:1.00, Variational] Train/Test finished in 42.66 seconds...
TopWord FilePath:/zf18/ll5fy/lab/dataset/yelp/byUser_70k_review/output/5foldsCVColdstart/1/LDA_Variational_topWords_15.txt
Topic 0(0.09735):	room(0.04817)	casino(0.02728)	stay(0.02608)	hotel(0.02525)	strip(0.01870)	club(0.01560)	pool(0.01257)	view(0.01246)	night(0.01043)	music(0.01003)	vega(0.00891)	seat(0.00863)	time(0.00837)	play(0.00807)	danc(0.00790)	peopl(0.00782)	crowd(0.00780)	theater(0.00769)	area(0.00702)	walk(0.00697)	ticket(0.00635)	beauti(0.00568)	suit(0.00527)	cirqu(0.00499)	machin(0.00496)	perform(0.00495)	tower(0.00473)	book(0.00459)	feel(0.00451)	stage(0.00450)	
Topic 1(0.05776):	roll(0.04772)	sushi(0.04090)	thai(0.03101)	fish(0.03067)	lunch(0.02484)	restaur(0.02197)	curri(0.02118)	special(0.01950)	spici(0.01804)	tuna(0.01735)	salmon(0.01630)	favorit(0.01317)	chef(0.01153)	rice(0.01151)	dish(0.01015)	time(0.01004)	definit(0.00962)	amaz(0.00843)	sashimi(0.00798)	dinner(0.00746)	best(0.00724)	shrimp(0.00714)	sauc(0.00616)	spice(0.00614)	delici(0.00606)	review(0.00589)	nigiri(0.00585)	small(0.00566)	price(0.00560)	piec(0.00553)	
Topic 2(0.07625):	locat(0.05391)	shop(0.03694)	price(0.02941)	find(0.02760)	store(0.02608)	select(0.01656)	time(0.01270)	reason(0.01167)	work(0.01141)	clean(0.01135)	pick(0.01096)	custom(0.01066)	stuff(0.01047)	varieti(0.00873)	walk(0.00835)	deal(0.00832)	insid(0.00811)	staff(0.00807)	peopl(0.00797)	product(0.00745)	area(0.00665)	market(0.00626)	drive(0.00613)	counter(0.00610)	favorit(0.00603)	spend(0.00596)	sell(0.00573)	easi(0.00563)	custom-servic(0.00563)	snack(0.00560)	
Topic 3(0.05437):	dish(0.04907)	soup(0.04654)	rice(0.03266)	bowl(0.01652)	spici(0.01565)	restaur(0.01558)	serv(0.01550)	veggi(0.01521)	cold(0.01283)	sauc(0.01203)	small(0.01202)	korean(0.01202)	flavor(0.01128)	side(0.01054)	veget(0.01044)	tast(0.01033)	tofu(0.01012)	cook(0.00957)	time(0.00949)	style(0.00939)	fri-rice(0.00872)	definit(0.00823)	broth(0.00806)	delici(0.00733)	ball(0.00699)	shrimp(0.00671)	friend(0.00645)	piec(0.00632)	recommend(0.00585)	option(0.00508)	
Topic 4(0.04823):	pizza(0.06208)	ramen(0.03347)	italian(0.01401)	crust(0.01385)	sauc(0.01298)	slice(0.01250)	ingredi(0.01192)	pasta(0.01114)	thin(0.01056)	extra(0.01055)	sausag(0.01037)	best(0.01029)	garlic(0.00995)	broth(0.00880)	style(0.00853)	time(0.00833)	friend(0.00830)	tast(0.00805)	flavor(0.00777)	meatbal(0.00768)	oliv(0.00709)	small(0.00665)	definit(0.00656)	bowl(0.00643)	delici(0.00612)	perfect(0.00602)	york(0.00582)	monta(0.00580)	mozzarella(0.00547)	deep(0.00524)	
Topic 5(0.05405):	breakfast(0.03269)	coffe(0.03091)	toast(0.01959)	french(0.01781)	pancak(0.01630)	brunch(0.01479)	cafe(0.01370)	bread(0.01348)	waffl(0.01287)	crepe(0.01143)	friend(0.01128)	delici(0.01104)	serv(0.01077)	cute(0.01065)	honey(0.00902)	pastri(0.00717)	definit(0.00713)	offer(0.00621)	time(0.00609)	side(0.00602)	amaz(0.00600)	syrup(0.00589)	spot(0.00576)	small(0.00559)	fill(0.00548)	sausag(0.00534)	french-toast(0.00532)	choic(0.00522)	croissant(0.00511)	open(0.00510)	
Topic 6(0.10165):	time(0.05009)	wait(0.04659)	tabl(0.04028)	seat(0.02168)	peopl(0.02091)	star(0.02085)	NUM-minut(0.01807)	experi(0.01643)	friend(0.01274)	told(0.01240)	call(0.01220)	review(0.01214)	busi(0.01059)	parti(0.01035)	manag(0.01011)	arriv(0.00887)	final(0.00851)	restaur(0.00833)	waitress(0.00826)	water(0.00790)	staff(0.00759)	brought(0.00755)	waiter(0.00738)	reserv(0.00737)	start(0.00733)	custom(0.00646)	walk(0.00631)	thought(0.00623)	second(0.00615)	work(0.00609)	
Topic 7(0.07451):	drink(0.09076)	happi(0.04647)	night(0.03821)	beer(0.03696)	friend(0.02828)	happi-hour(0.02590)	price(0.02026)	pretti(0.01862)	time(0.01318)	rock(0.01221)	bartend(0.01095)	special(0.01033)	patio(0.01005)	area(0.00949)	music(0.00905)	town(0.00876)	friday(0.00794)	spot(0.00704)	favorit(0.00668)	deal(0.00649)	offer(0.00646)	recommend(0.00630)	amaz(0.00587)	donut(0.00574)	cool(0.00573)	definit(0.00565)	play(0.00555)	best(0.00551)	insid(0.00534)	chip(0.00494)	
Topic 8(0.05095):	pork(0.04771)	beef(0.04344)	sauc(0.02338)	flavor(0.01974)	belli(0.01454)	chines(0.01231)	tast(0.01216)	short(0.01184)	tender(0.01171)	asian(0.01125)	definit(0.01069)	pork-belli(0.01050)	cook(0.01014)	bean(0.00913)	side(0.00843)	combo(0.00813)	delici(0.00794)	best(0.00793)	pull(0.00777)	pretti(0.00774)	duck(0.00716)	time(0.00680)	short-rib(0.00660)	friend(0.00658)	roast(0.00644)	spici(0.00642)	sweet(0.00641)	crispi(0.00634)	spring(0.00634)	brisket(0.00595)	
Topic 9(0.07236):	steak(0.02951)	restaur(0.02201)	dine(0.01712)	dish(0.01681)	bread(0.01609)	wine(0.01579)	cours(0.01525)	perfect(0.01487)	dinner(0.01374)	cook(0.01164)	serv(0.01145)	excel(0.01051)	tast(0.00946)	sauc(0.00946)	plate(0.00919)	lobster(0.00905)	experi(0.00871)	mushroom(0.00789)	flavor(0.00784)	chef(0.00748)	side(0.00741)	appet(0.00705)	delici(0.00670)	amaz(0.00632)	start(0.00615)	rare(0.00581)	tabl(0.00518)	filet(0.00517)	best(0.00492)	scallop(0.00481)	
Topic 10(0.05930):	chicken(0.10398)	time(0.02272)	side(0.01921)	wing(0.01579)	perfect(0.01423)	flavor(0.01410)	lunch(0.01326)	friend(0.01325)	sauc(0.01313)	delici(0.01250)	plate(0.01226)	size(0.01126)	definit(0.01031)	wrap(0.01004)	boba(0.00892)	hawaiian(0.00881)	healthi(0.00820)	poke(0.00750)	bread(0.00703)	best(0.00666)	rice(0.00658)	option(0.00648)	tast(0.00627)	yelp(0.00607)	crispi(0.00584)	satisfi(0.00569)	bowl(0.00543)	amaz(0.00542)	dress(0.00520)	chicken-wing(0.00513)	
Topic 11(0.05604):	cream(0.05245)	chocol(0.04238)	cake(0.03961)	sweet(0.03467)	flavor(0.02923)	ice-cream(0.02737)	tast(0.01811)	cooki(0.01368)	strawberri(0.01158)	vanilla(0.00916)	delici(0.00891)	coconut(0.00770)	treat(0.00746)	sugar(0.00743)	custard(0.00743)	banana(0.00726)	cupcak(0.00717)	best(0.00663)	frozen(0.00621)	favorit(0.00615)	creme(0.00604)	macaron(0.00602)	white(0.00598)	perfect(0.00568)	time(0.00568)	bake(0.00567)	mango(0.00556)	tart(0.00551)	peanut(0.00535)	bakeri(0.00501)	
Topic 12(0.08166):	vega(0.07230)	park(0.03294)	las-vega(0.03065)	year(0.02531)	cool(0.02119)	local(0.01992)	walk(0.01442)	area(0.01434)	street(0.01257)	time(0.01119)	spot(0.00925)	downtown(0.00882)	watch(0.00865)	open(0.00851)	feel(0.00848)	event(0.00811)	famili(0.00801)	town(0.00743)	sign(0.00726)	trip(0.00708)	strip(0.00708)	peopl(0.00708)	NUM-year(0.00684)	find(0.00669)	play(0.00627)	pictur(0.00555)	bring(0.00554)	close(0.00550)	interest(0.00544)	insid(0.00532)	
Topic 13(0.05361):	buffet(0.05172)	crab(0.03308)	shrimp(0.02593)	taco(0.02581)	seafood(0.01758)	dinner(0.01559)	station(0.01466)	mexican(0.01265)	oyster(0.01186)	lunch(0.01167)	best(0.01130)	price(0.01114)	time(0.01106)	prime(0.01054)	plate(0.00957)	chip(0.00947)	select(0.00922)	corn(0.00772)	crab-leg(0.00753)	prime-rib(0.00753)	tortilla(0.00720)	burrito(0.00712)	bean(0.00710)	pretti(0.00700)	clam(0.00692)	offer(0.00691)	delici(0.00629)	tast(0.00611)	lobster(0.00596)	expect(0.00570)	
Topic 14(0.06191):	pretti(0.04315)	fast(0.02117)	onion(0.01709)	tast(0.01535)	pretti-good(0.01207)	shake(0.01184)	side(0.01172)	super(0.01169)	friend(0.01163)	joint(0.01136)	sauc(0.01036)	price(0.01001)	sweet(0.00975)	strip(0.00922)	blue(0.00845)	time(0.00831)	truffl(0.00772)	definit(0.00748)	pricey(0.00745)	sweet-potato(0.00718)	doubl(0.00703)	expect(0.00687)	averag(0.00686)	kinda(0.00659)	patti(0.00605)	ring(0.00580)	restaur(0.00553)	juici(0.00544)	finger(0.00522)	peopl(0.00518)	
266 users are loaded from /zf18/ll5fy/lab/dataset/yelp/byUser_70k_review/5foldsCVColdstart/2/...
260 users are loaded from /zf18/ll5fy/lab/dataset/yelp/byUser_70k_review/5foldsCVColdstart/0/...
244 users are loaded from /zf18/ll5fy/lab/dataset/yelp/byUser_70k_review/5foldsCVColdstart/1/...
264 users are loaded from /zf18/ll5fy/lab/dataset/yelp/byUser_70k_review/5foldsCVColdstart/3/...
256 users are loaded from /zf18/ll5fy/lab/dataset/yelp/byUser_70k_review/5foldsCVColdstart/4/...
====================
[Info]Fold No. 2: 
train size = 12778, test size = 3065....
[Info]EM Starting multithread LDA[k:15, alpha:1.01, beta:1.00, Variational]...
==============
[Info]Likelihood -3669669.75426 at step 0 converge to 1.0000000000...
==============
[Info]Likelihood -3668777.76358 at step 1 converge to 0.0002430711...
==============
[Info]Likelihood -3667877.66170 at step 2 converge to 0.0002453411...
==============
[Info]Likelihood -3666925.52929 at step 3 converge to 0.0002595867...
==============
[Info]Likelihood -3665715.49365 at step 4 converge to 0.0003299864...
==============
[Info]Likelihood -3663329.73089 at step 5 converge to 0.0006508314...
==============
[Info]Likelihood -3654747.33271 at step 6 converge to 0.0023427862...
==============
[Info]Likelihood -3623205.02177 at step 7 converge to 0.0086305039...
==============
[Info]Likelihood -3569509.04461 at step 8 converge to 0.0148200217...
==============
[Info]Likelihood -3518934.70522 at step 9 converge to 0.0141684301...
==============
[Info]Likelihood -3476795.42788 at step 10 converge to 0.0119750097...
==============
[Info]Likelihood -3445425.08731 at step 11 converge to 0.0090227743...
==============
[Info]Likelihood -3422701.12359 at step 12 converge to 0.0065954021...
==============
[Info]Likelihood -3405593.89898 at step 13 converge to 0.0049981649...
==============
[Info]Likelihood -3392274.18963 at step 14 converge to 0.0039111267...
==============
[Info]Likelihood -3381601.53781 at step 15 converge to 0.0031461643...
==============
[Info]Likelihood -3372832.92921 at step 16 converge to 0.0025930342...
==============
[Info]Likelihood -3365590.86719 at step 17 converge to 0.0021471748...
==============
[Info]Likelihood -3359467.68810 at step 18 converge to 0.0018193474...
==============
[Info]Likelihood -3354177.92100 at step 19 converge to 0.0015745849...
==============
[Info]Likelihood -3349522.64863 at step 20 converge to 0.0013879026...
==============
[Info]Likelihood -3345386.48510 at step 21 converge to 0.0012348516...
==============
[Info]Likelihood -3341693.13257 at step 22 converge to 0.0011040137...
==============
[Info]Likelihood -3338368.08625 at step 23 converge to 0.0009950185...
==============
[Info]Likelihood -3335377.03441 at step 24 converge to 0.0008959623...
==============
[Info]Likelihood -3332658.69155 at step 25 converge to 0.0008150032...
==============
[Info]Likelihood -3330146.68637 at step 26 converge to 0.0007537541...
==============
[Info]Likelihood -3327807.26278 at step 27 converge to 0.0007024987...
==============
[Info]Likelihood -3325652.29452 at step 28 converge to 0.0006475640...
==============
[Info]Likelihood -3323629.78624 at step 29 converge to 0.0006081539...
[Info]Likelihood -3323629.786 after step 30 converge to 0.000608 after 72 seconds...
[Info]Start evaluation in thread
[Stat]Test set perplexity is 1136.241 and log-likelihood is -344.144
[Info]multithread LDA[k:15, alpha:1.01, beta:1.00, Variational] Train/Test finished in 74.63 seconds...
TopWord FilePath:/zf18/ll5fy/lab/dataset/yelp/byUser_70k_review/output/5foldsCVColdstart/2/LDA_Variational_topWords_15.txt
Topic 0(0.05816):	restaur(0.04686)	dish(0.04667)	plate(0.03243)	lunch(0.02767)	wine(0.02043)	serv(0.01641)	chicken(0.01373)	curri(0.01338)	dine(0.01128)	flavor(0.01095)	tast(0.01041)	veget(0.01031)	spice(0.00976)	small(0.00887)	rice(0.00873)	veggi(0.00771)	bread(0.00738)	dinner(0.00716)	glass(0.00686)	surpris(0.00665)	prepar(0.00639)	kitchen(0.00635)	option(0.00611)	offer(0.00586)	pleasant(0.00566)	fantast(0.00515)	indian(0.00506)	excel(0.00497)	delici(0.00495)	carrot(0.00472)	
Topic 1(0.06297):	cream(0.03714)	steak(0.03203)	flavor(0.02499)	ice-cream(0.02027)	perfect(0.01751)	tast(0.01667)	cours(0.01332)	lobster(0.01295)	sweet(0.01243)	chocol(0.01235)	cook(0.01140)	bread(0.00947)	cake(0.00947)	excel(0.00816)	side(0.00741)	dinner(0.00740)	delici(0.00694)	dine(0.00662)	serv(0.00645)	mushroom(0.00644)	best(0.00622)	creami(0.00610)	rare(0.00592)	filet(0.00579)	restaur(0.00570)	mash-potato(0.00558)	amaz(0.00532)	salt(0.00532)	vanilla(0.00514)	sauc(0.00509)	
Topic 2(0.06264):	buffet(0.05173)	beer(0.03798)	select(0.03245)	price(0.03201)	crab(0.02486)	best(0.02118)	pretti(0.01990)	vega(0.01902)	offer(0.01893)	seafood(0.01754)	time(0.01672)	station(0.01587)	year(0.01497)	varieti(0.01469)	dinner(0.01195)	averag(0.01042)	prime(0.01035)	option(0.00856)	choic(0.00843)	includ(0.00778)	pretti-good(0.00754)	local(0.00744)	crab-leg(0.00739)	prime-rib(0.00730)	money(0.00688)	gelato(0.00681)	reason(0.00645)	asian(0.00632)	expect(0.00632)	oyster(0.00624)	
Topic 3(0.07241):	drink(0.06934)	happi(0.04444)	price(0.03450)	friend(0.02797)	night(0.02590)	happi-hour(0.02256)	recommend(0.02086)	pretti(0.02082)	special(0.01543)	definit(0.01298)	shrimp(0.01071)	bartend(0.01018)	expens(0.01018)	amaz(0.01001)	blue(0.00878)	appet(0.00853)	favorit(0.00840)	buck(0.00828)	tapa(0.00825)	time(0.00809)	dinner(0.00766)	friday(0.00761)	delici(0.00760)	deal(0.00746)	pricey(0.00706)	small(0.00661)	restaur(0.00655)	experi(0.00587)	martini(0.00565)	overpr(0.00558)	
Topic 4(0.08229):	room(0.05791)	strip(0.03306)	casino(0.03198)	stay(0.03041)	hotel(0.02964)	vega(0.02338)	walk(0.01431)	pool(0.01384)	park(0.01275)	view(0.01248)	locat(0.01160)	restaur(0.00933)	area(0.00914)	clean(0.00890)	las-vega(0.00663)	suit(0.00645)	time(0.00629)	properti(0.00600)	night(0.00562)	elev(0.00544)	tower(0.00538)	easi(0.00522)	feel(0.00509)	resort(0.00503)	gambl(0.00494)	modern(0.00485)	valet(0.00485)	smell(0.00475)	book(0.00473)	slot(0.00459)	
Topic 5(0.09706):	vega(0.02491)	peopl(0.01960)	club(0.01794)	music(0.01780)	play(0.01753)	night(0.01666)	time(0.01588)	watch(0.01573)	crowd(0.01524)	cool(0.01311)	las-vega(0.01200)	area(0.01146)	seat(0.01125)	park(0.01018)	danc(0.00920)	ticket(0.00740)	downtown(0.00685)	walk(0.00682)	year(0.00660)	rock(0.00633)	insid(0.00630)	pretti(0.00582)	open(0.00561)	local(0.00553)	event(0.00552)	entertain(0.00524)	feel(0.00523)	cirqu(0.00510)	drink(0.00482)	outdoor(0.00481)	
Topic 6(0.07028):	pretti(0.02503)	locat(0.02395)	fast(0.01936)	drink(0.01711)	coffe(0.01461)	time(0.01359)	friend(0.01260)	super(0.01130)	drive(0.01115)	shake(0.01099)	spot(0.00973)	definit(0.00960)	tast(0.00944)	feel(0.00937)	boba(0.00913)	find(0.00905)	joint(0.00891)	size(0.00879)	busi(0.00852)	open(0.00838)	area(0.00834)	cool(0.00752)	flavor(0.00724)	vega(0.00716)	counter(0.00687)	kinda(0.00649)	work(0.00597)	real(0.00580)	insid(0.00549)	sweet(0.00549)	
Topic 7(0.04829):	pizza(0.05856)	slice(0.01792)	pasta(0.01786)	sauc(0.01534)	italian(0.01289)	crust(0.01192)	sausag(0.01051)	perfect(0.01018)	bread(0.00998)	white(0.00996)	ingredi(0.00991)	style(0.00980)	garlic(0.00950)	tast(0.00944)	thin(0.00873)	oliv(0.00770)	mushroom(0.00758)	meatbal(0.00727)	small(0.00697)	time(0.00670)	serv(0.00626)	dine(0.00617)	best(0.00617)	secret(0.00615)	delici(0.00600)	deli(0.00593)	dress(0.00586)	definit(0.00500)	deep(0.00495)	york(0.00485)	
Topic 8(0.05252):	roll(0.05274)	sushi(0.04950)	fish(0.03382)	salmon(0.01922)	special(0.01833)	tuna(0.01723)	rice(0.01565)	shrimp(0.01372)	chef(0.01276)	favorit(0.01213)	sauc(0.01203)	spici(0.01098)	restaur(0.01063)	time(0.01042)	piec(0.00967)	dinner(0.00959)	definit(0.00907)	tast(0.00899)	dish(0.00824)	sashimi(0.00817)	lunch(0.00791)	nigiri(0.00770)	poke(0.00711)	appet(0.00627)	sake(0.00578)	friend(0.00569)	small(0.00557)	chines(0.00531)	delici(0.00514)	serv(0.00507)	
Topic 9(0.06949):	shop(0.03180)	store(0.02642)	cake(0.02365)	chocol(0.01985)	find(0.01522)	cooki(0.01364)	locat(0.01345)	theater(0.00968)	park(0.00858)	time(0.00850)	pick(0.00841)	town(0.00840)	treat(0.00761)	walk(0.00758)	product(0.00747)	sugar(0.00713)	price(0.00695)	cupcak(0.00694)	favorit(0.00626)	peanut(0.00613)	bakeri(0.00600)	stuff(0.00576)	squar(0.00562)	custom(0.00559)	friend(0.00554)	open(0.00551)	sweet(0.00536)	sell(0.00531)	work(0.00519)	purchas(0.00506)	
Topic 10(0.06326):	chicken(0.07851)	sauc(0.04609)	side(0.03172)	sweet(0.01936)	onion(0.01925)	time(0.01343)	juici(0.01335)	wing(0.01313)	delici(0.01270)	friend(0.01087)	flavor(0.01007)	tast(0.00936)	definit(0.00910)	perfect(0.00891)	healthi(0.00876)	crispi(0.00855)	cook(0.00768)	truffl(0.00730)	spici(0.00703)	season(0.00661)	garlic(0.00619)	sweet-potato(0.00605)	bite(0.00597)	combo(0.00571)	pickl(0.00563)	tender(0.00510)	ring(0.00509)	strip(0.00496)	finger(0.00493)	lunch(0.00488)	
Topic 11(0.09877):	time(0.04767)	wait(0.04282)	tabl(0.04023)	star(0.02201)	seat(0.02037)	NUM-minut(0.01857)	experi(0.01675)	peopl(0.01654)	friend(0.01463)	review(0.01365)	told(0.01274)	call(0.01144)	busi(0.01115)	manag(0.01050)	staff(0.00939)	custom(0.00931)	final(0.00926)	arriv(0.00920)	reserv(0.00885)	parti(0.00859)	work(0.00832)	waitress(0.00793)	start(0.00770)	second(0.00739)	walk(0.00723)	brought(0.00708)	waiter(0.00698)	point(0.00696)	expect(0.00667)	water(0.00586)	
Topic 12(0.05785):	pork(0.04136)	soup(0.03749)	ramen(0.02934)	bowl(0.02482)	beef(0.02412)	rice(0.01693)	broth(0.01489)	time(0.01395)	korean(0.01381)	cook(0.01285)	belli(0.01251)	spici(0.01211)	flavor(0.01068)	pork-belli(0.01000)	definit(0.00856)	friend(0.00855)	style(0.00824)	tast(0.00807)	side(0.00786)	hawaiian(0.00784)	small(0.00749)	restaur(0.00719)	best(0.00708)	dish(0.00658)	extra(0.00640)	pretti(0.00637)	short(0.00634)	brisket(0.00627)	monta(0.00622)	tofu(0.00589)	
Topic 13(0.05015):	taco(0.03909)	thai(0.03500)	chip(0.01726)	flavor(0.01558)	restaur(0.01477)	bean(0.01413)	mexican(0.01411)	rice(0.01344)	delici(0.01120)	spici(0.01072)	burrito(0.01062)	curri(0.00980)	lunch(0.00924)	shrimp(0.00882)	tortilla(0.00832)	nacho(0.00832)	favorit(0.00823)	best(0.00788)	tast(0.00784)	dish(0.00767)	time(0.00722)	sour(0.00709)	duck(0.00702)	amaz(0.00695)	definit(0.00689)	margarita(0.00687)	locat(0.00667)	authent(0.00656)	corn(0.00636)	friend(0.00609)	
Topic 14(0.05385):	breakfast(0.03462)	toast(0.02084)	french(0.01943)	bread(0.01727)	waffl(0.01654)	pancak(0.01564)	brunch(0.01560)	delici(0.01536)	coffe(0.01378)	serv(0.01254)	friend(0.01228)	time(0.01205)	amaz(0.01059)	banana(0.00890)	side(0.00837)	best(0.00789)	corn(0.00753)	definit(0.00708)	cute(0.00672)	syrup(0.00671)	french-toast(0.00631)	crepe(0.00628)	cafe(0.00579)	pastri(0.00572)	warm(0.00571)	benedict(0.00566)	strawberri(0.00566)	sausag(0.00565)	spot(0.00562)	wait(0.00533)	
264 users are loaded from /zf18/ll5fy/lab/dataset/yelp/byUser_70k_review/5foldsCVColdstart/3/...
260 users are loaded from /zf18/ll5fy/lab/dataset/yelp/byUser_70k_review/5foldsCVColdstart/0/...
244 users are loaded from /zf18/ll5fy/lab/dataset/yelp/byUser_70k_review/5foldsCVColdstart/1/...
266 users are loaded from /zf18/ll5fy/lab/dataset/yelp/byUser_70k_review/5foldsCVColdstart/2/...
256 users are loaded from /zf18/ll5fy/lab/dataset/yelp/byUser_70k_review/5foldsCVColdstart/4/...
====================
[Info]Fold No. 3: 
train size = 12591, test size = 3252....
[Info]EM Starting multithread LDA[k:15, alpha:1.01, beta:1.00, Variational]...
==============
[Info]Likelihood -3686815.93525 at step 0 converge to 1.0000000000...
==============
[Info]Likelihood -3685929.57495 at step 1 converge to 0.0002404135...
==============
[Info]Likelihood -3685032.55821 at step 2 converge to 0.0002433624...
==============
[Info]Likelihood -3684074.11200 at step 3 converge to 0.0002600917...
==============
[Info]Likelihood -3682841.21701 at step 4 converge to 0.0003346553...
==============
[Info]Likelihood -3680418.98431 at step 5 converge to 0.0006577076...
==============
[Info]Likelihood -3672344.33478 at step 6 converge to 0.0021939485...
==============
[Info]Likelihood -3644992.76067 at step 7 converge to 0.0074479873...
==============
[Info]Likelihood -3588193.55073 at step 8 converge to 0.0155828046...
==============
[Info]Likelihood -3528810.40853 at step 9 converge to 0.0165495928...
==============
[Info]Likelihood -3486128.72833 at step 10 converge to 0.0120952036...
==============
[Info]Likelihood -3457510.51707 at step 11 converge to 0.0082091665...
==============
[Info]Likelihood -3437146.32820 at step 12 converge to 0.0058898415...
==============
[Info]Likelihood -3421621.10232 at step 13 converge to 0.0045168941...
==============
[Info]Likelihood -3409472.07047 at step 14 converge to 0.0035506655...
==============
[Info]Likelihood -3399890.42610 at step 15 converge to 0.0028103015...
==============
[Info]Likelihood -3392141.04583 at step 16 converge to 0.0022793029...
==============
[Info]Likelihood -3385703.20685 at step 17 converge to 0.0018978689...
==============
[Info]Likelihood -3380204.18990 at step 18 converge to 0.0016241875...
==============
[Info]Likelihood -3375413.40839 at step 19 converge to 0.0014173054...
==============
[Info]Likelihood -3371181.29332 at step 20 converge to 0.0012538064...
==============
[Info]Likelihood -3367390.64462 at step 21 converge to 0.0011244274...
==============
[Info]Likelihood -3363942.64359 at step 22 converge to 0.0010239385...
==============
[Info]Likelihood -3360794.00813 at step 23 converge to 0.0009359956...
==============
[Info]Likelihood -3357926.50745 at step 24 converge to 0.0008532212...
==============
[Info]Likelihood -3355282.36566 at step 25 converge to 0.0007874329...
==============
[Info]Likelihood -3352856.76685 at step 26 converge to 0.0007229194...
==============
[Info]Likelihood -3350635.76554 at step 27 converge to 0.0006624206...
==============
[Info]Likelihood -3348588.56409 at step 28 converge to 0.0006109890...
==============
[Info]Likelihood -3346687.28335 at step 29 converge to 0.0005677857...
[Info]Likelihood -3346687.283 after step 30 converge to 0.000568 after 60 seconds...
[Info]Start evaluation in thread
[Stat]Test set perplexity is 1134.693 and log-likelihood is -319.479
[Info]multithread LDA[k:15, alpha:1.01, beta:1.00, Variational] Train/Test finished in 61.05 seconds...
TopWord FilePath:/zf18/ll5fy/lab/dataset/yelp/byUser_70k_review/output/5foldsCVColdstart/3/LDA_Variational_topWords_15.txt
Topic 0(0.05275):	flavor(0.05256)	cream(0.04643)	ice-cream(0.03300)	drink(0.01962)	tast(0.01709)	time(0.01577)	sweet(0.01547)	perfect(0.01071)	boba(0.00966)	favorit(0.00941)	salt(0.00911)	coconut(0.00905)	black(0.00845)	friend(0.00823)	yelp(0.00800)	best(0.00767)	peanut(0.00735)	mango(0.00733)	honey(0.00713)	feel(0.00679)	vegan(0.00673)	pink(0.00593)	combin(0.00582)	review(0.00571)	offer(0.00557)	definit(0.00544)	locat(0.00531)	cooki(0.00510)	option(0.00481)	open(0.00469)	
Topic 1(0.08477):	beer(0.02317)	shop(0.02294)	find(0.02250)	store(0.02049)	time(0.02029)	year(0.01751)	work(0.01703)	custom(0.01702)	deal(0.01136)	walk(0.01044)	manag(0.00929)	coffe(0.00906)	staff(0.00896)	month(0.00861)	money(0.00728)	custom-servic(0.00710)	spend(0.00691)	price(0.00682)	peopl(0.00666)	told(0.00629)	reason(0.00627)	vega(0.00621)	friend(0.00618)	NUM-year(0.00608)	product(0.00578)	call(0.00559)	stuff(0.00541)	week(0.00529)	open(0.00524)	locat(0.00522)	
Topic 2(0.05175):	chocol(0.04788)	cake(0.04421)	sweet(0.02823)	delici(0.01793)	tast(0.01586)	cream(0.01442)	strawberri(0.01399)	pastri(0.01306)	crepe(0.01291)	brunch(0.01108)	cooki(0.01102)	vanilla(0.01015)	fill(0.00937)	flavor(0.00900)	coffe(0.00896)	frozen(0.00845)	french(0.00835)	favorit(0.00800)	custard(0.00760)	bakeri(0.00756)	sugar(0.00715)	treat(0.00709)	amaz(0.00682)	whip(0.00680)	tart(0.00672)	bake(0.00669)	macaron(0.00631)	friend(0.00612)	best(0.00607)	gelato(0.00590)	
Topic 3(0.08803):	room(0.05333)	vega(0.03504)	strip(0.03118)	casino(0.02976)	stay(0.02884)	hotel(0.02598)	club(0.01436)	las-vega(0.01431)	view(0.01423)	walk(0.01398)	pool(0.01238)	locat(0.01011)	park(0.00875)	night(0.00857)	restaur(0.00849)	clean(0.00817)	area(0.00774)	time(0.00689)	properti(0.00543)	suit(0.00538)	tower(0.00528)	elev(0.00519)	easi(0.00486)	valet(0.00480)	door(0.00470)	pretti(0.00466)	resort(0.00461)	gambl(0.00453)	book(0.00448)	smell(0.00437)	
Topic 4(0.04953):	taco(0.03642)	chip(0.02506)	bean(0.01879)	mexican(0.01554)	corn(0.01525)	amaz(0.01318)	restaur(0.01234)	delici(0.01202)	super(0.01050)	burrito(0.01044)	nacho(0.01030)	tast(0.00998)	flavor(0.00962)	fish(0.00946)	friend(0.00897)	sauc(0.00846)	tortilla(0.00823)	street(0.00751)	serv(0.00748)	option(0.00736)	margarita(0.00731)	side(0.00685)	definit(0.00684)	sour(0.00670)	pretti(0.00670)	best(0.00643)	shrimp(0.00633)	favorit(0.00626)	time(0.00625)	vegetarian(0.00580)	
Topic 5(0.06384):	dish(0.04127)	chicken(0.03814)	rice(0.03752)	soup(0.03695)	thai(0.02654)	lunch(0.02491)	restaur(0.02385)	spici(0.02191)	beef(0.02142)	curri(0.02048)	flavor(0.01392)	sauc(0.01316)	pork(0.01298)	spice(0.01149)	shrimp(0.01122)	chines(0.00958)	veget(0.00950)	veggi(0.00936)	asian(0.00883)	fri-rice(0.00786)	special(0.00680)	tast(0.00662)	definit(0.00642)	crispi(0.00640)	serv(0.00635)	delici(0.00604)	time(0.00582)	best(0.00575)	steam(0.00563)	duck(0.00563)	
Topic 6(0.06144):	buffet(0.05122)	select(0.03078)	best(0.02351)	crab(0.02153)	price(0.02143)	vega(0.01691)	dinner(0.01683)	time(0.01662)	seafood(0.01631)	varieti(0.01604)	station(0.01576)	pretti(0.01311)	offer(0.01309)	donut(0.01019)	cupcak(0.00868)	prime(0.00859)	pick(0.00852)	impress(0.00847)	tapa(0.00727)	stuff(0.00714)	crab-leg(0.00692)	choic(0.00609)	prime-rib(0.00592)	town(0.00589)	year(0.00585)	includ(0.00584)	peopl(0.00583)	favorit(0.00580)	earli(0.00550)	popcorn(0.00536)	
Topic 7(0.06620):	wait(0.07672)	time(0.03069)	ramen(0.02720)	bowl(0.02454)	NUM-minut(0.02427)	tabl(0.01763)	extra(0.01700)	small(0.01650)	seat(0.01605)	peopl(0.01537)	broth(0.01467)	friend(0.01225)	final(0.01043)	super(0.00996)	busi(0.00982)	open(0.00971)	restaur(0.00969)	review(0.00950)	thought(0.00822)	definit(0.00820)	close(0.00817)	feel(0.00783)	pretti(0.00757)	base(0.00705)	cook(0.00704)	yelp(0.00673)	expect(0.00664)	best(0.00652)	door(0.00597)	water(0.00593)	
Topic 8(0.05170):	pizza(0.05513)	sauc(0.02676)	slice(0.02023)	bread(0.01784)	garlic(0.01679)	pasta(0.01596)	crust(0.01181)	italian(0.01167)	white(0.01124)	thin(0.01072)	style(0.01069)	sausag(0.01023)	mushroom(0.00985)	oliv(0.00895)	tast(0.00827)	perfect(0.00809)	ingredi(0.00801)	serv(0.00768)	dress(0.00702)	meatbal(0.00688)	best(0.00661)	delici(0.00645)	spinach(0.00630)	small(0.00626)	secret(0.00619)	mozzarella(0.00553)	flavor(0.00529)	deep(0.00511)	restaur(0.00510)	time(0.00499)	
Topic 9(0.09439):	night(0.02164)	peopl(0.02091)	seat(0.01868)	cool(0.01833)	music(0.01684)	park(0.01647)	watch(0.01645)	play(0.01569)	drink(0.01507)	time(0.01496)	crowd(0.01298)	area(0.01219)	vega(0.01088)	pretti(0.00900)	rock(0.00874)	downtown(0.00869)	danc(0.00832)	event(0.00810)	theater(0.00749)	friend(0.00744)	insid(0.00722)	ticket(0.00687)	definit(0.00548)	local(0.00536)	spot(0.00521)	entertain(0.00516)	walk(0.00488)	pictur(0.00484)	feel(0.00466)	water(0.00464)	
Topic 10(0.06697):	chicken(0.03919)	side(0.02834)	time(0.02809)	tabl(0.02042)	sauc(0.01853)	wing(0.01309)	definit(0.01200)	friend(0.01176)	waitress(0.01155)	juici(0.01121)	pretti(0.01085)	star(0.01016)	delici(0.00983)	tast(0.00980)	onion(0.00943)	lunch(0.00810)	night(0.00731)	oyster(0.00697)	truffl(0.00681)	sweet(0.00654)	roast(0.00622)	sweet-potato(0.00621)	cook(0.00604)	refil(0.00602)	brought(0.00560)	shrimp(0.00551)	strip(0.00538)	finger(0.00520)	appet(0.00511)	cold(0.00497)	
Topic 11(0.05784):	roll(0.04446)	sushi(0.04221)	fish(0.02240)	pork(0.01864)	salmon(0.01758)	tuna(0.01574)	korean(0.01443)	sauc(0.01405)	favorit(0.01302)	belli(0.01184)	spici(0.01142)	rice(0.01123)	definit(0.01021)	special(0.00924)	side(0.00908)	tast(0.00847)	pork-belli(0.00832)	dinner(0.00826)	lunch(0.00824)	piec(0.00820)	beef(0.00760)	time(0.00758)	chef(0.00752)	brisket(0.00698)	dish(0.00683)	pretti(0.00661)	delici(0.00637)	poke(0.00622)	nigiri(0.00594)	sashimi(0.00591)	
Topic 12(0.05087):	breakfast(0.02728)	chicken(0.02027)	toast(0.01584)	waffl(0.01472)	serv(0.01282)	pancak(0.01212)	plate(0.01063)	bread(0.01022)	french(0.00956)	crispi(0.00876)	hawaiian(0.00839)	coffe(0.00819)	kitchen(0.00738)	side(0.00712)	friend(0.00685)	season(0.00680)	arriv(0.00641)	syrup(0.00609)	offer(0.00599)	cafe(0.00586)	local(0.00582)	brown(0.00566)	best(0.00551)	sausag(0.00510)	sweet(0.00491)	benedict(0.00490)	restaur(0.00487)	french-toast(0.00482)	choic(0.00470)	vega(0.00466)	
Topic 13(0.07348):	steak(0.03245)	restaur(0.02382)	dinner(0.01638)	dish(0.01573)	dine(0.01569)	wine(0.01568)	cours(0.01489)	perfect(0.01375)	excel(0.01203)	cook(0.01173)	lobster(0.01163)	reserv(0.01114)	experi(0.01095)	tabl(0.01028)	bread(0.01022)	serv(0.00965)	tast(0.00919)	chef(0.00907)	start(0.00831)	plate(0.00821)	amaz(0.00799)	side(0.00791)	waiter(0.00747)	appet(0.00709)	mushroom(0.00678)	rare(0.00656)	delici(0.00656)	glass(0.00604)	best(0.00602)	night(0.00566)	
Topic 14(0.08644):	drink(0.04806)	price(0.04019)	happi(0.03901)	time(0.03236)	friend(0.02927)	pretti(0.02676)	locat(0.02351)	star(0.02315)	happi-hour(0.02029)	busi(0.01357)	fast(0.01179)	reason(0.00991)	special(0.00930)	tabl(0.00914)	slow(0.00887)	review(0.00872)	bartend(0.00775)	call(0.00676)	bill(0.00625)	experi(0.00590)	total(0.00575)	coupl(0.00568)	pretti-good(0.00539)	waiter(0.00538)	size(0.00526)	peopl(0.00525)	card(0.00509)	area(0.00505)	feel(0.00491)	night(0.00486)	
256 users are loaded from /zf18/ll5fy/lab/dataset/yelp/byUser_70k_review/5foldsCVColdstart/4/...
260 users are loaded from /zf18/ll5fy/lab/dataset/yelp/byUser_70k_review/5foldsCVColdstart/0/...
244 users are loaded from /zf18/ll5fy/lab/dataset/yelp/byUser_70k_review/5foldsCVColdstart/1/...
266 users are loaded from /zf18/ll5fy/lab/dataset/yelp/byUser_70k_review/5foldsCVColdstart/2/...
264 users are loaded from /zf18/ll5fy/lab/dataset/yelp/byUser_70k_review/5foldsCVColdstart/3/...
====================
[Info]Fold No. 4: 
train size = 12424, test size = 3419....
[Info]EM Starting multithread LDA[k:15, alpha:1.01, beta:1.00, Variational]...
==============
[Info]Likelihood -3624592.64812 at step 0 converge to 1.0000000000...
==============
[Info]Likelihood -3623717.57818 at step 1 converge to 0.0002414257...
==============
[Info]Likelihood -3622828.21800 at step 2 converge to 0.0002454276...
==============
[Info]Likelihood -3621846.41014 at step 3 converge to 0.0002710059...
==============
[Info]Likelihood -3620553.13012 at step 4 converge to 0.0003570775...
==============
[Info]Likelihood -3618158.98311 at step 5 converge to 0.0006612655...
==============
[Info]Likelihood -3609765.03401 at step 6 converge to 0.0023199503...
==============
[Info]Likelihood -3580129.38373 at step 7 converge to 0.0082098558...
==============
[Info]Likelihood -3525360.46900 at step 8 converge to 0.0152980267...
==============
[Info]Likelihood -3470730.83528 at step 9 converge to 0.0154961838...
==============
[Info]Likelihood -3427460.69297 at step 10 converge to 0.0124671559...
==============
[Info]Likelihood -3394873.83664 at step 11 converge to 0.0095075799...
==============
[Info]Likelihood -3371103.53236 at step 12 converge to 0.0070018226...
==============
[Info]Likelihood -3353628.41109 at step 13 converge to 0.0051837985...
==============
[Info]Likelihood -3340305.58619 at step 14 converge to 0.0039726598...
==============
[Info]Likelihood -3329699.46532 at step 15 converge to 0.0031751948...
==============
[Info]Likelihood -3320941.89605 at step 16 converge to 0.0026301381...
==============
[Info]Likelihood -3313551.82788 at step 17 converge to 0.0022252928...
==============
[Info]Likelihood -3307220.43345 at step 18 converge to 0.0019107576...
==============
[Info]Likelihood -3301726.40979 at step 19 converge to 0.0016612209...
==============
[Info]Likelihood -3296910.13530 at step 20 converge to 0.0014587140...
==============
[Info]Likelihood -3292648.00927 at step 21 converge to 0.0012927638...
==============
[Info]Likelihood -3288833.37444 at step 22 converge to 0.0011585310...
==============
[Info]Likelihood -3285392.51635 at step 23 converge to 0.0010462245...
==============
[Info]Likelihood -3282302.20590 at step 24 converge to 0.0009406214...
==============
[Info]Likelihood -3279527.98928 at step 25 converge to 0.0008452045...
==============
[Info]Likelihood -3277009.21515 at step 26 converge to 0.0007680295...
==============
[Info]Likelihood -3274699.59881 at step 27 converge to 0.0007047940...
==============
[Info]Likelihood -3272563.96461 at step 28 converge to 0.0006521619...
==============
[Info]Likelihood -3270566.82722 at step 29 converge to 0.0006102669...
[Info]Likelihood -3270566.827 after step 30 converge to 0.000610 after 57 seconds...
[Info]Start evaluation in thread
[Stat]Test set perplexity is 1136.240 and log-likelihood is -319.685
[Info]multithread LDA[k:15, alpha:1.01, beta:1.00, Variational] Train/Test finished in 59.31 seconds...
TopWord FilePath:/zf18/ll5fy/lab/dataset/yelp/byUser_70k_review/output/5foldsCVColdstart/4/LDA_Variational_topWords_15.txt
Topic 0(0.06242):	bread(0.02649)	restaur(0.02429)	dine(0.01986)	dish(0.01976)	cours(0.01698)	sauc(0.01375)	serv(0.01293)	plate(0.01210)	pasta(0.01118)	chef(0.01088)	mushroom(0.01018)	dinner(0.00940)	excel(0.00863)	perfect(0.00850)	experi(0.00848)	tabl(0.00793)	flavor(0.00729)	wine(0.00682)	tast(0.00663)	appet(0.00648)	truffl(0.00586)	rich(0.00574)	dress(0.00565)	onion(0.00562)	italian(0.00526)	creami(0.00524)	warm(0.00523)	pair(0.00516)	small(0.00514)	foie-gras(0.00513)	
Topic 1(0.05461):	roll(0.04963)	sushi(0.04421)	taco(0.03360)	fish(0.03093)	salmon(0.01758)	chip(0.01739)	tuna(0.01703)	mexican(0.01306)	sauc(0.01141)	favorit(0.00927)	spici(0.00874)	special(0.00872)	tast(0.00847)	burrito(0.00835)	rice(0.00830)	chef(0.00776)	poke(0.00745)	tortilla(0.00730)	sashimi(0.00718)	piec(0.00706)	restaur(0.00703)	nigiri(0.00700)	delici(0.00668)	flavor(0.00656)	bean(0.00622)	time(0.00566)	definit(0.00530)	best(0.00523)	shrimp(0.00522)	sake(0.00521)	
Topic 2(0.09603):	time(0.04321)	wait(0.03769)	star(0.03701)	tabl(0.03548)	review(0.02311)	NUM-minut(0.01810)	experi(0.01683)	seat(0.01340)	told(0.01301)	restaur(0.01294)	custom(0.01288)	friend(0.01221)	manag(0.01078)	call(0.01026)	busi(0.00996)	peopl(0.00943)	water(0.00903)	final(0.00859)	work(0.00856)	waitress(0.00848)	staff(0.00799)	brought(0.00774)	expect(0.00762)	arriv(0.00749)	coffe(0.00741)	walk(0.00707)	felt(0.00655)	feel(0.00644)	rate(0.00618)	reserv(0.00594)	
Topic 3(0.04984):	pizza(0.05929)	slice(0.02433)	white(0.01803)	ramen(0.01614)	style(0.01567)	garlic(0.01466)	pick(0.01371)	best(0.01306)	sauc(0.01233)	time(0.01216)	crust(0.01198)	thin(0.01043)	perfect(0.00938)	ingredi(0.00887)	favorit(0.00861)	open(0.00827)	small(0.00793)	secret(0.00788)	tast(0.00769)	sausag(0.00682)	friend(0.00675)	piec(0.00640)	delici(0.00626)	meatbal(0.00621)	side(0.00613)	ranch(0.00602)	wall(0.00564)	work(0.00563)	extra(0.00543)	mozzarella(0.00512)	
Topic 4(0.08523):	vega(0.06237)	locat(0.03570)	park(0.03310)	shop(0.02981)	las-vega(0.02919)	find(0.02383)	area(0.02092)	local(0.02037)	store(0.01931)	walk(0.01499)	town(0.01281)	drive(0.01241)	spot(0.01234)	street(0.01195)	easi(0.00979)	downtown(0.00971)	rock(0.00958)	cool(0.00875)	year(0.00815)	strip(0.00785)	insid(0.00748)	trip(0.00740)	time(0.00735)	restaur(0.00698)	sign(0.00627)	reason(0.00588)	famili(0.00577)	outdoor(0.00566)	open(0.00556)	peopl(0.00556)	
Topic 5(0.07155):	room(0.06473)	hotel(0.03392)	stay(0.03368)	casino(0.03329)	strip(0.02744)	view(0.01649)	pool(0.01642)	walk(0.01158)	vega(0.01138)	area(0.01019)	night(0.00770)	clean(0.00745)	suit(0.00720)	time(0.00602)	restaur(0.00602)	properti(0.00594)	elev(0.00593)	gambl(0.00586)	resort(0.00557)	fountain(0.00551)	wynn(0.00547)	smell(0.00547)	book(0.00541)	valet(0.00527)	door(0.00515)	tower(0.00508)	relax(0.00499)	modern(0.00492)	machin(0.00489)	beauti(0.00485)	
Topic 6(0.07708):	peopl(0.02645)	seat(0.02625)	time(0.02190)	music(0.02113)	watch(0.02044)	night(0.01905)	crowd(0.01733)	club(0.01699)	play(0.01561)	danc(0.01036)	ticket(0.00897)	year(0.00860)	cool(0.00858)	vega(0.00810)	theater(0.00799)	amaz(0.00775)	event(0.00742)	definit(0.00693)	entertain(0.00671)	cirqu(0.00662)	best(0.00629)	perform(0.00602)	earli(0.00557)	stage(0.00549)	experi(0.00547)	stori(0.00534)	venu(0.00522)	feel(0.00507)	funni(0.00503)	stand(0.00491)	
Topic 7(0.05386):	dish(0.04530)	thai(0.03744)	chicken(0.03683)	restaur(0.03017)	rice(0.03005)	curri(0.02548)	spici(0.02075)	flavor(0.01673)	spice(0.01485)	time(0.01324)	sweet(0.01143)	favorit(0.01074)	tast(0.01069)	definit(0.01022)	best(0.01012)	boba(0.00991)	fri-rice(0.00885)	asian(0.00871)	special(0.00852)	delici(0.00832)	small(0.00738)	pad-thai(0.00707)	friend(0.00622)	mango(0.00617)	perfect(0.00599)	amaz(0.00582)	recommend(0.00574)	ginger(0.00542)	shrimp(0.00530)	locat(0.00508)	
Topic 8(0.07222):	pretti(0.06604)	super(0.03500)	friend(0.02399)	fast(0.01994)	pretti-good(0.01810)	time(0.01726)	price(0.01718)	definit(0.01487)	tast(0.01143)	chicken(0.01133)	peopl(0.01103)	shake(0.01084)	joint(0.01042)	wait(0.01017)	strip(0.00954)	onion(0.00939)	side(0.00917)	staff(0.00828)	clean(0.00763)	size(0.00731)	kinda(0.00723)	serious(0.00678)	sauc(0.00670)	expect(0.00607)	thought(0.00600)	feel(0.00594)	cute(0.00581)	locat(0.00577)	heard(0.00570)	patti(0.00544)	
Topic 9(0.07517):	drink(0.09235)	happi(0.04669)	beer(0.03826)	price(0.03080)	night(0.03036)	friend(0.02568)	happi-hour(0.02471)	wine(0.01921)	select(0.01826)	time(0.01638)	glass(0.01269)	special(0.01204)	dinner(0.01156)	bartend(0.01064)	parti(0.00970)	patio(0.00956)	bottl(0.00887)	buck(0.00802)	amaz(0.00784)	tabl(0.00777)	total(0.00764)	pretti(0.00721)	birthday(0.00689)	recommend(0.00688)	cool(0.00665)	alcohol(0.00648)	appet(0.00624)	friday(0.00601)	staff(0.00582)	NUM-buck(0.00556)	
Topic 10(0.06379):	lunch(0.06015)	chicken(0.02552)	option(0.02114)	price(0.02043)	time(0.01717)	deal(0.01471)	friend(0.01278)	size(0.01198)	definit(0.01158)	delici(0.01121)	yelp(0.00968)	side(0.00957)	offer(0.00946)	bread(0.00872)	today(0.00855)	healthi(0.00809)	veggi(0.00788)	dinner(0.00759)	fill(0.00713)	fair(0.00709)	week(0.00705)	varieti(0.00688)	pretti(0.00667)	serv(0.00665)	vegetarian(0.00633)	flavor(0.00609)	nacho(0.00590)	popcorn(0.00577)	choic(0.00570)	small(0.00565)	
Topic 11(0.05645):	buffet(0.05462)	breakfast(0.03286)	pancak(0.01931)	chicken(0.01892)	station(0.01584)	best(0.01426)	wait(0.01369)	waffl(0.01348)	time(0.01298)	brunch(0.01292)	plate(0.01205)	serv(0.01180)	toast(0.01148)	side(0.01079)	prime(0.00946)	french(0.00840)	corn(0.00798)	sausag(0.00748)	select(0.00738)	prime-rib(0.00729)	dinner(0.00726)	choic(0.00716)	smoke(0.00656)	offer(0.00598)	pull(0.00523)	friend(0.00522)	benedict(0.00518)	delici(0.00513)	crab-leg(0.00512)	french-toast(0.00505)	
Topic 12(0.06105):	pork(0.04003)	beef(0.03657)	soup(0.03491)	sauc(0.02551)	rice(0.01739)	chicken(0.01724)	bowl(0.01624)	flavor(0.01583)	wing(0.01392)	korean(0.01370)	cook(0.01285)	dish(0.01266)	spici(0.01205)	belli(0.01179)	side(0.01106)	bean(0.00988)	broth(0.00986)	chines(0.00973)	pork-belli(0.00867)	tender(0.00806)	veggi(0.00801)	combo(0.00772)	tast(0.00768)	tofu(0.00763)	time(0.00744)	definit(0.00678)	steam(0.00661)	crispi(0.00634)	short(0.00610)	asian(0.00557)	
Topic 13(0.05786):	steak(0.04519)	crab(0.02667)	shrimp(0.02604)	perfect(0.02228)	cook(0.02096)	tast(0.01854)	side(0.01849)	lobster(0.01777)	delici(0.01470)	seafood(0.01454)	season(0.01202)	juici(0.01136)	flavor(0.01095)	medium(0.01091)	rare(0.01070)	oyster(0.01069)	amaz(0.01060)	start(0.00943)	best(0.00930)	recommend(0.00901)	sweet(0.00894)	sauc(0.00858)	dinner(0.00802)	definit(0.00802)	filet(0.00746)	tender(0.00672)	favorit(0.00625)	clam(0.00611)	sweet-potato(0.00608)	mouth(0.00564)	
Topic 14(0.06286):	cream(0.04701)	chocol(0.03738)	cake(0.03037)	sweet(0.03013)	flavor(0.02781)	ice-cream(0.02414)	coffe(0.01431)	cooki(0.01298)	tast(0.01297)	strawberri(0.01186)	crepe(0.00924)	sugar(0.00875)	appl(0.00872)	pastri(0.00859)	banana(0.00781)	vanilla(0.00716)	cupcak(0.00706)	gelato(0.00664)	delici(0.00564)	whip(0.00553)	fill(0.00542)	treat(0.00541)	favorit(0.00531)	best(0.00531)	small(0.00508)	peanut(0.00507)	custard(0.00499)	creme(0.00498)	select(0.00481)	coconut(0.00479)	

Part 0 -----------------Valid folds: 5
[Stat]Loglikelihood -324.359+/-10.809
[Stat]Perplexity 1115.591+/-24.876
