Load 6134 2-gram new features from /home/ll5fy/TUIR/dataset/yelp/yelp_features.txt...
Load 6134 2-gram new features from /home/ll5fy/TUIR/dataset/yelp/yelp_features.txt...
[Info]Start FIXED cross validation...
[Info]Load 553 tags, with 6134 features.
260 users are loaded from /home/ll5fy/TUIR/dataset/yelp/byUser_70k_review/5foldsCVColdstart/0/...
244 users are loaded from /home/ll5fy/TUIR/dataset/yelp/byUser_70k_review/5foldsCVColdstart/1/...
266 users are loaded from /home/ll5fy/TUIR/dataset/yelp/byUser_70k_review/5foldsCVColdstart/2/...
264 users are loaded from /home/ll5fy/TUIR/dataset/yelp/byUser_70k_review/5foldsCVColdstart/3/...
256 users are loaded from /home/ll5fy/TUIR/dataset/yelp/byUser_70k_review/5foldsCVColdstart/4/...
[Info]Finish loading 722 items' weights in total 156639 items!
[Info]Begin tagging 722 items with LDA_User Interpolation............
---- item 1: map is 0.47308, precision@k is 0.18182, mrr is 1.00000
---- item 51: map is 0.25189, precision@k is 0.09091, mrr is 0.50000
---- item 101: map is 0.18075, precision@k is 0.09091, mrr is 0.33333
---- item 151: map is 0.11922, precision@k is 0.09091, mrr is 0.25000
---- item 201: map is 0.35812, precision@k is 0.18182, mrr is 1.00000
---- item 251: map is 1.00000, precision@k is 1.00000, mrr is 1.00000
---- item 301: map is 0.09943, precision@k is 0.09091, mrr is 0.25000
---- item 351: map is 0.35719, precision@k is 0.18182, mrr is 1.00000
---- item 401: map is 0.14810, precision@k is 0.18182, mrr is 0.25000
---- item 451: map is 0.33577, precision@k is 0.18182, mrr is 0.50000
---- item 501: map is 0.11870, precision@k is 0.09091, mrr is 0.33333
---- item 551: map is 0.34358, precision@k is 0.09091, mrr is 1.00000
---- item 601: map is 0.20370, precision@k is 0.09091, mrr is 0.33333
---- item 651: map is 0.26310, precision@k is 0.18182, mrr is 0.50000
---- item 701: map is 0.14139, precision@k is 0.09091, mrr is 0.25000
[Stat]LDA_User model, Interpolation mode item tagging: Precision@K is 0.13657, MAP is: 0.21833, MRR is: 0.46369, in top 10 tags
244 users are loaded from /home/ll5fy/TUIR/dataset/yelp/byUser_70k_review/5foldsCVColdstart/1/...
260 users are loaded from /home/ll5fy/TUIR/dataset/yelp/byUser_70k_review/5foldsCVColdstart/0/...
266 users are loaded from /home/ll5fy/TUIR/dataset/yelp/byUser_70k_review/5foldsCVColdstart/2/...
264 users are loaded from /home/ll5fy/TUIR/dataset/yelp/byUser_70k_review/5foldsCVColdstart/3/...
256 users are loaded from /home/ll5fy/TUIR/dataset/yelp/byUser_70k_review/5foldsCVColdstart/4/...
[Info]Finish loading 732 items' weights in total 156639 items!
[Info]Begin tagging 732 items with LDA_User Interpolation............
---- item 1: map is 0.67584, precision@k is 0.18182, mrr is 1.00000
---- item 51: map is 0.34957, precision@k is 0.09091, mrr is 1.00000
---- item 101: map is 0.21401, precision@k is 0.09091, mrr is 0.50000
---- item 151: map is 0.42384, precision@k is 0.18182, mrr is 1.00000
---- item 201: map is 1.00000, precision@k is 1.00000, mrr is 1.00000
---- item 251: map is 0.52222, precision@k is 0.09091, mrr is 1.00000
---- item 301: map is 0.43138, precision@k is 0.18182, mrr is 1.00000
---- item 351: map is 0.26538, precision@k is 0.09091, mrr is 0.50000
---- item 401: map is 0.34478, precision@k is 0.09091, mrr is 1.00000
---- item 451: map is 0.25756, precision@k is 0.18182, mrr is 1.00000
---- item 501: map is 0.25000, precision@k is 0.25000, mrr is 0.25000
---- item 551: map is 0.00433, precision@k is 0.00000, mrr is 0.00278
---- item 601: map is 0.01628, precision@k is 0.00000, mrr is 0.02083
---- item 651: map is 0.18594, precision@k is 0.09091, mrr is 0.50000
---- item 701: map is 0.41886, precision@k is 0.18182, mrr is 1.00000
[Stat]LDA_User model, Interpolation mode item tagging: Precision@K is 0.20057, MAP is: 0.37673, MRR is: 0.75426, in top 10 tags
266 users are loaded from /home/ll5fy/TUIR/dataset/yelp/byUser_70k_review/5foldsCVColdstart/2/...
260 users are loaded from /home/ll5fy/TUIR/dataset/yelp/byUser_70k_review/5foldsCVColdstart/0/...
244 users are loaded from /home/ll5fy/TUIR/dataset/yelp/byUser_70k_review/5foldsCVColdstart/1/...
264 users are loaded from /home/ll5fy/TUIR/dataset/yelp/byUser_70k_review/5foldsCVColdstart/3/...
256 users are loaded from /home/ll5fy/TUIR/dataset/yelp/byUser_70k_review/5foldsCVColdstart/4/...
[Info]Finish loading 702 items' weights in total 156639 items!
[Info]Begin tagging 702 items with LDA_User Interpolation............
---- item 1: map is 0.35263, precision@k is 0.09091, mrr is 1.00000
---- item 51: map is 0.25920, precision@k is 0.18182, mrr is 0.50000
---- item 101: map is 0.01796, precision@k is 0.00000, mrr is 0.02500
---- item 151: map is 0.30724, precision@k is 0.18182, mrr is 0.50000
---- item 201: map is 0.20407, precision@k is 0.09091, mrr is 1.00000
---- item 251: map is 0.24858, precision@k is 0.27273, mrr is 0.50000
---- item 301: map is 0.19450, precision@k is 0.09091, mrr is 0.50000
---- item 351: map is 0.40649, precision@k is 0.18182, mrr is 1.00000
---- item 401: map is 0.48418, precision@k is 0.27273, mrr is 1.00000
---- item 451: map is 0.65346, precision@k is 0.27273, mrr is 1.00000
---- item 501: map is 0.21000, precision@k is 0.18182, mrr is 0.50000
---- item 551: map is 0.54363, precision@k is 0.27273, mrr is 1.00000
---- item 601: map is 0.31425, precision@k is 0.27273, mrr is 0.50000
---- item 651: map is 0.43395, precision@k is 0.18182, mrr is 1.00000
---- item 701: map is 0.41667, precision@k is 0.50000, mrr is 0.33333
[Stat]LDA_User model, Interpolation mode item tagging: Precision@K is 0.20566, MAP is: 0.37689, MRR is: 0.72759, in top 10 tags
264 users are loaded from /home/ll5fy/TUIR/dataset/yelp/byUser_70k_review/5foldsCVColdstart/3/...
260 users are loaded from /home/ll5fy/TUIR/dataset/yelp/byUser_70k_review/5foldsCVColdstart/0/...
244 users are loaded from /home/ll5fy/TUIR/dataset/yelp/byUser_70k_review/5foldsCVColdstart/1/...
266 users are loaded from /home/ll5fy/TUIR/dataset/yelp/byUser_70k_review/5foldsCVColdstart/2/...
256 users are loaded from /home/ll5fy/TUIR/dataset/yelp/byUser_70k_review/5foldsCVColdstart/4/...
[Info]Finish loading 717 items' weights in total 156639 items!
[Info]Begin tagging 717 items with LDA_User Interpolation............
---- item 1: map is 0.67544, precision@k is 0.18182, mrr is 1.00000
---- item 51: map is 0.39444, precision@k is 0.09091, mrr is 1.00000
---- item 101: map is 0.15203, precision@k is 0.09091, mrr is 0.25000
---- item 151: map is 0.10629, precision@k is 0.09091, mrr is 0.20000
---- item 201: map is 0.20216, precision@k is 0.18182, mrr is 0.50000
---- item 251: map is 0.25254, precision@k is 0.09091, mrr is 0.50000
---- item 301: map is 0.30847, precision@k is 0.18182, mrr is 0.50000
---- item 351: map is 0.02203, precision@k is 0.00000, mrr is 0.02778
---- item 401: map is 0.00646, precision@k is 0.00000, mrr is 0.00476
---- item 451: map is 0.51316, precision@k is 0.09091, mrr is 1.00000
---- item 501: map is 1.00000, precision@k is 1.00000, mrr is 1.00000
---- item 551: map is 0.66986, precision@k is 0.18182, mrr is 1.00000
---- item 601: map is 0.17400, precision@k is 0.09091, mrr is 0.50000
---- item 651: map is 0.19984, precision@k is 0.18182, mrr is 0.50000
---- item 701: map is 0.09466, precision@k is 0.09091, mrr is 0.25000
[Stat]LDA_User model, Interpolation mode item tagging: Precision@K is 0.20593, MAP is: 0.37480, MRR is: 0.72318, in top 10 tags
256 users are loaded from /home/ll5fy/TUIR/dataset/yelp/byUser_70k_review/5foldsCVColdstart/4/...
260 users are loaded from /home/ll5fy/TUIR/dataset/yelp/byUser_70k_review/5foldsCVColdstart/0/...
244 users are loaded from /home/ll5fy/TUIR/dataset/yelp/byUser_70k_review/5foldsCVColdstart/1/...
266 users are loaded from /home/ll5fy/TUIR/dataset/yelp/byUser_70k_review/5foldsCVColdstart/2/...
264 users are loaded from /home/ll5fy/TUIR/dataset/yelp/byUser_70k_review/5foldsCVColdstart/3/...
[Info]Finish loading 726 items' weights in total 156639 items!
[Info]Begin tagging 726 items with LDA_User Interpolation............
---- item 1: map is 0.67460, precision@k is 0.18182, mrr is 1.00000
---- item 51: map is 0.21980, precision@k is 0.09091, mrr is 1.00000
---- item 101: map is 0.56854, precision@k is 0.18182, mrr is 1.00000
---- item 151: map is 0.34785, precision@k is 0.09091, mrr is 1.00000
---- item 201: map is 0.83333, precision@k is 0.66667, mrr is 1.00000
---- item 251: map is 0.34798, precision@k is 0.09091, mrr is 1.00000
---- item 301: map is 0.41944, precision@k is 0.18182, mrr is 1.00000
---- item 351: map is 1.00000, precision@k is 1.00000, mrr is 1.00000
---- item 401: map is 0.35335, precision@k is 0.09091, mrr is 1.00000
---- item 451: map is 0.18551, precision@k is 0.09091, mrr is 0.50000
---- item 501: map is 0.53367, precision@k is 0.18182, mrr is 1.00000
---- item 551: map is 0.51820, precision@k is 0.18182, mrr is 1.00000
---- item 601: map is 0.34563, precision@k is 0.18182, mrr is 0.50000
---- item 651: map is 0.52857, precision@k is 0.18182, mrr is 1.00000
---- item 701: map is 0.50870, precision@k is 0.18182, mrr is 1.00000
[Stat]LDA_User model, Interpolation mode item tagging: Precision@K is 0.21958, MAP is: 0.38648, MRR is: 0.72644, in top 10 tags

[Stat]Running time (seconds) 306.29200
[Stat]MAP 0.347+/-0.064
[Stat]MRR 0.679+/-0.108
[Stat]Precision 0.194+/-0.029
