Load 6134 2-gram new features from /home/ll5fy/TUIR/dataset/yelp/yelp_features.txt...
Load 6134 2-gram new features from /home/ll5fy/TUIR/dataset/yelp/yelp_features.txt...
[Info]Start FIXED cross validation...
[Info]Load 553 tags, with 6134 features.
260 users are loaded from /home/ll5fy/TUIR/dataset/yelp/byUser_70k_review/5foldsCVColdstart/0/...
244 users are loaded from /home/ll5fy/TUIR/dataset/yelp/byUser_70k_review/5foldsCVColdstart/1/...
266 users are loaded from /home/ll5fy/TUIR/dataset/yelp/byUser_70k_review/5foldsCVColdstart/2/...
264 users are loaded from /home/ll5fy/TUIR/dataset/yelp/byUser_70k_review/5foldsCVColdstart/3/...
256 users are loaded from /home/ll5fy/TUIR/dataset/yelp/byUser_70k_review/5foldsCVColdstart/4/...
[Info]Finish loading 861 items' weights in total 156639 items!
[Info]Begin tagging 861 items with ETBIR_Item Interpolation............
---- item 1: map is 0.55800, precision@k is 0.18182, mrr is 1.00000
---- item 51: map is 0.35407, precision@k is 0.18182, mrr is 1.00000
---- item 101: map is 0.75000, precision@k is 0.50000, mrr is 1.00000
---- item 151: map is 0.14665, precision@k is 0.09091, mrr is 0.33333
---- item 201: map is 0.34327, precision@k is 0.09091, mrr is 1.00000
---- item 251: map is 0.19167, precision@k is 0.09091, mrr is 0.25000
---- item 301: map is 0.50525, precision@k is 0.18182, mrr is 1.00000
---- item 351: map is 0.75000, precision@k is 0.50000, mrr is 1.00000
---- item 401: map is 0.18695, precision@k is 0.18182, mrr is 0.50000
---- item 451: map is 0.58497, precision@k is 0.18182, mrr is 1.00000
---- item 501: map is 0.34680, precision@k is 0.09091, mrr is 1.00000
---- item 551: map is 0.64286, precision@k is 0.28571, mrr is 1.00000
---- item 601: map is 0.03273, precision@k is 0.00000, mrr is 0.03448
---- item 651: map is 0.02406, precision@k is 0.00000, mrr is 0.03704
---- item 701: map is 0.34250, precision@k is 0.09091, mrr is 1.00000
---- item 751: map is 0.00443, precision@k is 0.00000, mrr is 0.00305
---- item 801: map is 0.41390, precision@k is 0.18182, mrr is 1.00000
---- item 851: map is 0.09882, precision@k is 0.09091, mrr is 0.25000
[Stat]ETBIR_Item model, Interpolation mode item tagging: Precision@K is 0.20375, MAP is: 0.35625, MRR is: 0.68185, in top 10 tags
244 users are loaded from /home/ll5fy/TUIR/dataset/yelp/byUser_70k_review/5foldsCVColdstart/1/...
260 users are loaded from /home/ll5fy/TUIR/dataset/yelp/byUser_70k_review/5foldsCVColdstart/0/...
266 users are loaded from /home/ll5fy/TUIR/dataset/yelp/byUser_70k_review/5foldsCVColdstart/2/...
264 users are loaded from /home/ll5fy/TUIR/dataset/yelp/byUser_70k_review/5foldsCVColdstart/3/...
256 users are loaded from /home/ll5fy/TUIR/dataset/yelp/byUser_70k_review/5foldsCVColdstart/4/...
[Info]Finish loading 861 items' weights in total 156639 items!
[Info]Begin tagging 861 items with ETBIR_Item Interpolation............
---- item 1: map is 0.55804, precision@k is 0.18182, mrr is 1.00000
---- item 51: map is 0.34846, precision@k is 0.18182, mrr is 1.00000
---- item 101: map is 0.66667, precision@k is 0.33333, mrr is 1.00000
---- item 151: map is 0.14722, precision@k is 0.18182, mrr is 0.20000
---- item 201: map is 0.34281, precision@k is 0.09091, mrr is 1.00000
---- item 251: map is 0.21591, precision@k is 0.09091, mrr is 0.25000
---- item 301: map is 0.50506, precision@k is 0.18182, mrr is 1.00000
---- item 351: map is 0.83333, precision@k is 0.66667, mrr is 1.00000
---- item 401: map is 0.30651, precision@k is 0.27273, mrr is 0.50000
---- item 451: map is 0.53571, precision@k is 0.18182, mrr is 1.00000
---- item 501: map is 0.34769, precision@k is 0.09091, mrr is 1.00000
---- item 551: map is 0.58333, precision@k is 0.09091, mrr is 1.00000
---- item 601: map is 0.43975, precision@k is 0.18182, mrr is 1.00000
---- item 651: map is 0.03052, precision@k is 0.00000, mrr is 0.05000
---- item 701: map is 0.18103, precision@k is 0.09091, mrr is 0.50000
---- item 751: map is 0.00456, precision@k is 0.00000, mrr is 0.00279
---- item 801: map is 0.41350, precision@k is 0.18182, mrr is 1.00000
---- item 851: map is 0.10616, precision@k is 0.09091, mrr is 0.25000
[Stat]ETBIR_Item model, Interpolation mode item tagging: Precision@K is 0.22378, MAP is: 0.36740, MRR is: 0.65561, in top 10 tags
266 users are loaded from /home/ll5fy/TUIR/dataset/yelp/byUser_70k_review/5foldsCVColdstart/2/...
260 users are loaded from /home/ll5fy/TUIR/dataset/yelp/byUser_70k_review/5foldsCVColdstart/0/...
244 users are loaded from /home/ll5fy/TUIR/dataset/yelp/byUser_70k_review/5foldsCVColdstart/1/...
264 users are loaded from /home/ll5fy/TUIR/dataset/yelp/byUser_70k_review/5foldsCVColdstart/3/...
256 users are loaded from /home/ll5fy/TUIR/dataset/yelp/byUser_70k_review/5foldsCVColdstart/4/...
[Info]Finish loading 861 items' weights in total 156639 items!
[Info]Begin tagging 861 items with ETBIR_Item Interpolation............
---- item 1: map is 0.67265, precision@k is 0.18182, mrr is 1.00000
---- item 51: map is 0.34564, precision@k is 0.09091, mrr is 1.00000
---- item 101: map is 0.62500, precision@k is 0.25000, mrr is 1.00000
---- item 151: map is 0.14300, precision@k is 0.18182, mrr is 0.14286
---- item 201: map is 0.34353, precision@k is 0.09091, mrr is 1.00000
---- item 251: map is 0.22500, precision@k is 0.20000, mrr is 0.25000
---- item 301: map is 0.50490, precision@k is 0.18182, mrr is 1.00000
---- item 351: map is 1.00000, precision@k is 1.00000, mrr is 1.00000
---- item 401: map is 0.35121, precision@k is 0.27273, mrr is 0.50000
---- item 451: map is 0.53030, precision@k is 0.18182, mrr is 1.00000
---- item 501: map is 0.34745, precision@k is 0.09091, mrr is 1.00000
---- item 551: map is 0.58333, precision@k is 0.09091, mrr is 1.00000
---- item 601: map is 0.43862, precision@k is 0.18182, mrr is 1.00000
---- item 651: map is 0.03915, precision@k is 0.00000, mrr is 0.04545
---- item 701: map is 0.13471, precision@k is 0.09091, mrr is 0.33333
---- item 751: map is 0.00447, precision@k is 0.00000, mrr is 0.00288
---- item 801: map is 0.41426, precision@k is 0.18182, mrr is 1.00000
---- item 851: map is 0.11341, precision@k is 0.09091, mrr is 0.25000
[Stat]ETBIR_Item model, Interpolation mode item tagging: Precision@K is 0.21939, MAP is: 0.36338, MRR is: 0.64768, in top 10 tags
264 users are loaded from /home/ll5fy/TUIR/dataset/yelp/byUser_70k_review/5foldsCVColdstart/3/...
260 users are loaded from /home/ll5fy/TUIR/dataset/yelp/byUser_70k_review/5foldsCVColdstart/0/...
244 users are loaded from /home/ll5fy/TUIR/dataset/yelp/byUser_70k_review/5foldsCVColdstart/1/...
266 users are loaded from /home/ll5fy/TUIR/dataset/yelp/byUser_70k_review/5foldsCVColdstart/2/...
256 users are loaded from /home/ll5fy/TUIR/dataset/yelp/byUser_70k_review/5foldsCVColdstart/4/...
[Info]Finish loading 861 items' weights in total 156639 items!
[Info]Begin tagging 861 items with ETBIR_Item Interpolation............
---- item 1: map is 0.68205, precision@k is 0.18182, mrr is 1.00000
---- item 51: map is 0.33772, precision@k is 0.09091, mrr is 1.00000
---- item 101: map is 0.62500, precision@k is 0.25000, mrr is 1.00000
---- item 151: map is 0.11633, precision@k is 0.09091, mrr is 0.14286
---- item 201: map is 0.34343, precision@k is 0.09091, mrr is 1.00000
---- item 251: map is 0.41667, precision@k is 0.50000, mrr is 0.33333
---- item 301: map is 0.50489, precision@k is 0.18182, mrr is 1.00000
---- item 351: map is 1.00000, precision@k is 1.00000, mrr is 1.00000
---- item 401: map is 0.35126, precision@k is 0.27273, mrr is 0.50000
---- item 451: map is 0.41124, precision@k is 0.18182, mrr is 1.00000
---- item 501: map is 0.34552, precision@k is 0.09091, mrr is 1.00000
---- item 551: map is 0.57143, precision@k is 0.09091, mrr is 1.00000
---- item 601: map is 0.43902, precision@k is 0.18182, mrr is 1.00000
---- item 651: map is 0.04806, precision@k is 0.00000, mrr is 0.03846
---- item 701: map is 0.15964, precision@k is 0.09091, mrr is 0.33333
---- item 751: map is 0.00437, precision@k is 0.00000, mrr is 0.00283
---- item 801: map is 0.41510, precision@k is 0.18182, mrr is 1.00000
---- item 851: map is 0.10667, precision@k is 0.09091, mrr is 0.25000
[Stat]ETBIR_Item model, Interpolation mode item tagging: Precision@K is 0.21615, MAP is: 0.36099, MRR is: 0.64389, in top 10 tags
256 users are loaded from /home/ll5fy/TUIR/dataset/yelp/byUser_70k_review/5foldsCVColdstart/4/...
260 users are loaded from /home/ll5fy/TUIR/dataset/yelp/byUser_70k_review/5foldsCVColdstart/0/...
244 users are loaded from /home/ll5fy/TUIR/dataset/yelp/byUser_70k_review/5foldsCVColdstart/1/...
266 users are loaded from /home/ll5fy/TUIR/dataset/yelp/byUser_70k_review/5foldsCVColdstart/2/...
264 users are loaded from /home/ll5fy/TUIR/dataset/yelp/byUser_70k_review/5foldsCVColdstart/3/...
[Info]Finish loading 861 items' weights in total 156639 items!
[Info]Begin tagging 861 items with ETBIR_Item Interpolation............
---- item 1: map is 0.74702, precision@k is 0.57143, mrr is 1.00000
---- item 51: map is 0.32941, precision@k is 0.09091, mrr is 1.00000
---- item 101: map is 0.62500, precision@k is 0.25000, mrr is 1.00000
---- item 151: map is 0.48798, precision@k is 0.27273, mrr is 1.00000
---- item 201: map is 0.34515, precision@k is 0.09091, mrr is 1.00000
---- item 251: map is 0.22500, precision@k is 0.20000, mrr is 0.25000
---- item 301: map is 0.50548, precision@k is 0.18182, mrr is 1.00000
---- item 351: map is 1.00000, precision@k is 1.00000, mrr is 1.00000
---- item 401: map is 0.35152, precision@k is 0.27273, mrr is 0.50000
---- item 451: map is 0.41205, precision@k is 0.18182, mrr is 1.00000
---- item 501: map is 0.34469, precision@k is 0.09091, mrr is 1.00000
---- item 551: map is 0.56667, precision@k is 0.09091, mrr is 1.00000
---- item 601: map is 0.44274, precision@k is 0.18182, mrr is 1.00000
---- item 651: map is 0.04700, precision@k is 0.00000, mrr is 0.03846
---- item 701: map is 0.15637, precision@k is 0.09091, mrr is 0.33333
---- item 751: map is 0.00450, precision@k is 0.00000, mrr is 0.00299
---- item 801: map is 0.41560, precision@k is 0.18182, mrr is 1.00000
---- item 851: map is 0.10888, precision@k is 0.09091, mrr is 0.25000
[Stat]ETBIR_Item model, Interpolation mode item tagging: Precision@K is 0.21523, MAP is: 0.36066, MRR is: 0.64240, in top 10 tags

[Stat]Running time (seconds) 362.11100
[Stat]MAP 0.362+/-0.004
[Stat]MRR 0.654+/-0.015
[Stat]Precision 0.216+/-0.007
