Load 6134 2-gram new features from /home/ll5fy/TUIR/dataset/yelp/yelp_features.txt...
Load 6134 2-gram new features from /home/ll5fy/TUIR/dataset/yelp/yelp_features.txt...
[Info]Start FIXED cross validation...
[Info]Load 553 tags, with 6134 features.
260 users are loaded from /home/ll5fy/TUIR/dataset/yelp/byUser_70k_review/5foldsCVColdstart/0/...
244 users are loaded from /home/ll5fy/TUIR/dataset/yelp/byUser_70k_review/5foldsCVColdstart/1/...
266 users are loaded from /home/ll5fy/TUIR/dataset/yelp/byUser_70k_review/5foldsCVColdstart/2/...
264 users are loaded from /home/ll5fy/TUIR/dataset/yelp/byUser_70k_review/5foldsCVColdstart/3/...
256 users are loaded from /home/ll5fy/TUIR/dataset/yelp/byUser_70k_review/5foldsCVColdstart/4/...
[Info]Finish loading 722 items' weights in total 156639 items!
[Info]Begin tagging 722 items with CTM Interpolation............
---- item 1: map is 0.47041, precision@k is 0.18182, mrr is 1.00000
---- item 51: map is 0.50187, precision@k is 0.09091, mrr is 1.00000
---- item 101: map is 0.83333, precision@k is 0.66667, mrr is 1.00000
---- item 151: map is 0.09127, precision@k is 0.09091, mrr is 0.25000
---- item 201: map is 0.34176, precision@k is 0.18182, mrr is 1.00000
---- item 251: map is 0.83333, precision@k is 0.66667, mrr is 1.00000
---- item 301: map is 0.04847, precision@k is 0.09091, mrr is 0.12500
---- item 351: map is 0.31926, precision@k is 0.18182, mrr is 1.00000
---- item 401: map is 0.31148, precision@k is 0.09091, mrr is 1.00000
---- item 451: map is 0.52704, precision@k is 0.18182, mrr is 1.00000
---- item 501: map is 0.17125, precision@k is 0.09091, mrr is 0.50000
---- item 551: map is 0.44684, precision@k is 0.18182, mrr is 1.00000
---- item 601: map is 0.41667, precision@k is 0.33333, mrr is 0.50000
---- item 651: map is 0.24147, precision@k is 0.18182, mrr is 0.50000
---- item 701: map is 0.64286, precision@k is 0.28571, mrr is 1.00000
[Stat]CTM model, Interpolation mode item tagging: Precision@K is 0.18242, MAP is: 0.30915, MRR is: 0.61989, in top 10 tags
244 users are loaded from /home/ll5fy/TUIR/dataset/yelp/byUser_70k_review/5foldsCVColdstart/1/...
260 users are loaded from /home/ll5fy/TUIR/dataset/yelp/byUser_70k_review/5foldsCVColdstart/0/...
266 users are loaded from /home/ll5fy/TUIR/dataset/yelp/byUser_70k_review/5foldsCVColdstart/2/...
264 users are loaded from /home/ll5fy/TUIR/dataset/yelp/byUser_70k_review/5foldsCVColdstart/3/...
256 users are loaded from /home/ll5fy/TUIR/dataset/yelp/byUser_70k_review/5foldsCVColdstart/4/...
[Info]Finish loading 732 items' weights in total 156639 items!
[Info]Begin tagging 732 items with CTM Interpolation............
---- item 1: map is 0.57596, precision@k is 0.18182, mrr is 1.00000
---- item 51: map is 0.44854, precision@k is 0.18182, mrr is 1.00000
---- item 101: map is 0.13880, precision@k is 0.18182, mrr is 0.16667
---- item 151: map is 0.36981, precision@k is 0.18182, mrr is 1.00000
---- item 201: map is 0.83333, precision@k is 0.66667, mrr is 1.00000
---- item 251: map is 0.33333, precision@k is 0.09091, mrr is 0.50000
---- item 301: map is 0.43138, precision@k is 0.18182, mrr is 1.00000
---- item 351: map is 0.30952, precision@k is 0.28571, mrr is 0.33333
---- item 401: map is 0.12781, precision@k is 0.09091, mrr is 0.33333
---- item 451: map is 0.27812, precision@k is 0.18182, mrr is 1.00000
---- item 501: map is 0.50000, precision@k is 0.50000, mrr is 0.50000
---- item 551: map is 0.00424, precision@k is 0.00000, mrr is 0.00270
---- item 601: map is 0.03102, precision@k is 0.00000, mrr is 0.02703
---- item 651: map is 0.36364, precision@k is 0.18182, mrr is 0.50000
---- item 701: map is 0.41779, precision@k is 0.18182, mrr is 1.00000
[Stat]CTM model, Interpolation mode item tagging: Precision@K is 0.21892, MAP is: 0.37398, MRR is: 0.68292, in top 10 tags
266 users are loaded from /home/ll5fy/TUIR/dataset/yelp/byUser_70k_review/5foldsCVColdstart/2/...
260 users are loaded from /home/ll5fy/TUIR/dataset/yelp/byUser_70k_review/5foldsCVColdstart/0/...
244 users are loaded from /home/ll5fy/TUIR/dataset/yelp/byUser_70k_review/5foldsCVColdstart/1/...
264 users are loaded from /home/ll5fy/TUIR/dataset/yelp/byUser_70k_review/5foldsCVColdstart/3/...
256 users are loaded from /home/ll5fy/TUIR/dataset/yelp/byUser_70k_review/5foldsCVColdstart/4/...
[Info]Finish loading 702 items' weights in total 156639 items!
[Info]Begin tagging 702 items with CTM Interpolation............
---- item 1: map is 0.55817, precision@k is 0.18182, mrr is 1.00000
---- item 51: map is 0.39522, precision@k is 0.27273, mrr is 0.50000
---- item 101: map is 0.50538, precision@k is 0.09091, mrr is 1.00000
---- item 151: map is 0.23565, precision@k is 0.18182, mrr is 0.50000
---- item 201: map is 0.19027, precision@k is 0.09091, mrr is 1.00000
---- item 251: map is 0.24827, precision@k is 0.27273, mrr is 0.50000
---- item 301: map is 0.13840, precision@k is 0.18182, mrr is 0.16667
---- item 351: map is 0.50769, precision@k is 0.18182, mrr is 1.00000
---- item 401: map is 0.47863, precision@k is 0.27273, mrr is 1.00000
---- item 451: map is 0.65543, precision@k is 0.27273, mrr is 1.00000
---- item 501: map is 0.34615, precision@k is 0.27273, mrr is 0.50000
---- item 551: map is 0.52749, precision@k is 0.27273, mrr is 1.00000
---- item 601: map is 0.24630, precision@k is 0.27273, mrr is 0.33333
---- item 651: map is 0.40508, precision@k is 0.18182, mrr is 1.00000
---- item 701: map is 0.33333, precision@k is 0.33333, mrr is 0.33333
[Stat]CTM model, Interpolation mode item tagging: Precision@K is 0.22537, MAP is: 0.37079, MRR is: 0.65700, in top 10 tags
264 users are loaded from /home/ll5fy/TUIR/dataset/yelp/byUser_70k_review/5foldsCVColdstart/3/...
260 users are loaded from /home/ll5fy/TUIR/dataset/yelp/byUser_70k_review/5foldsCVColdstart/0/...
244 users are loaded from /home/ll5fy/TUIR/dataset/yelp/byUser_70k_review/5foldsCVColdstart/1/...
266 users are loaded from /home/ll5fy/TUIR/dataset/yelp/byUser_70k_review/5foldsCVColdstart/2/...
256 users are loaded from /home/ll5fy/TUIR/dataset/yelp/byUser_70k_review/5foldsCVColdstart/4/...
[Info]Finish loading 717 items' weights in total 156639 items!
[Info]Begin tagging 717 items with CTM Interpolation............
---- item 1: map is 0.57168, precision@k is 0.18182, mrr is 1.00000
---- item 51: map is 0.56071, precision@k is 0.18182, mrr is 1.00000
---- item 101: map is 0.22619, precision@k is 0.28571, mrr is 0.16667
---- item 151: map is 0.09074, precision@k is 0.09091, mrr is 0.16667
---- item 201: map is 0.36654, precision@k is 0.27273, mrr is 0.50000
---- item 251: map is 0.07376, precision@k is 0.09091, mrr is 0.14286
---- item 301: map is 0.29092, precision@k is 0.18182, mrr is 0.33333
---- item 351: map is 0.02607, precision@k is 0.00000, mrr is 0.03704
---- item 401: map is 0.00843, precision@k is 0.00000, mrr is 0.00599
---- item 451: map is 0.83333, precision@k is 0.66667, mrr is 1.00000
---- item 501: map is 1.00000, precision@k is 1.00000, mrr is 1.00000
---- item 551: map is 0.66999, precision@k is 0.18182, mrr is 1.00000
---- item 601: map is 0.06419, precision@k is 0.09091, mrr is 0.16667
---- item 651: map is 0.34627, precision@k is 0.27273, mrr is 0.50000
---- item 701: map is 0.41792, precision@k is 0.36364, mrr is 1.00000
[Stat]CTM model, Interpolation mode item tagging: Precision@K is 0.23265, MAP is: 0.37861, MRR is: 0.66959, in top 10 tags
256 users are loaded from /home/ll5fy/TUIR/dataset/yelp/byUser_70k_review/5foldsCVColdstart/4/...
260 users are loaded from /home/ll5fy/TUIR/dataset/yelp/byUser_70k_review/5foldsCVColdstart/0/...
244 users are loaded from /home/ll5fy/TUIR/dataset/yelp/byUser_70k_review/5foldsCVColdstart/1/...
266 users are loaded from /home/ll5fy/TUIR/dataset/yelp/byUser_70k_review/5foldsCVColdstart/2/...
264 users are loaded from /home/ll5fy/TUIR/dataset/yelp/byUser_70k_review/5foldsCVColdstart/3/...
[Info]Finish loading 726 items' weights in total 156639 items!
[Info]Begin tagging 726 items with CTM Interpolation............
---- item 1: map is 0.57026, precision@k is 0.18182, mrr is 1.00000
---- item 51: map is 0.22171, precision@k is 0.09091, mrr is 1.00000
---- item 101: map is 0.45079, precision@k is 0.18182, mrr is 1.00000
---- item 151: map is 0.12486, precision@k is 0.09091, mrr is 0.33333
---- item 201: map is 0.66667, precision@k is 0.33333, mrr is 1.00000
---- item 251: map is 0.34751, precision@k is 0.09091, mrr is 1.00000
---- item 301: map is 0.41004, precision@k is 0.18182, mrr is 1.00000
---- item 351: map is 1.00000, precision@k is 1.00000, mrr is 1.00000
---- item 401: map is 0.37266, precision@k is 0.09091, mrr is 1.00000
---- item 451: map is 0.13682, precision@k is 0.09091, mrr is 0.33333
---- item 501: map is 0.63870, precision@k is 0.27273, mrr is 1.00000
---- item 551: map is 0.51248, precision@k is 0.27273, mrr is 1.00000
---- item 601: map is 0.44792, precision@k is 0.27273, mrr is 0.50000
---- item 651: map is 0.66667, precision@k is 0.50000, mrr is 1.00000
---- item 701: map is 0.50976, precision@k is 0.18182, mrr is 1.00000
[Stat]CTM model, Interpolation mode item tagging: Precision@K is 0.22966, MAP is: 0.37636, MRR is: 0.66302, in top 10 tags

[Stat]Running time (seconds) 302.70100
[Stat]MAP 0.362+/-0.026
[Stat]MRR 0.658+/-0.021
[Stat]Precision 0.218+/-0.018
