Load 6134 2-gram new features from /home/ll5fy/TUIR/dataset/yelp/yelp_features.txt...
Load 6134 2-gram new features from /home/ll5fy/TUIR/dataset/yelp/yelp_features.txt...
[Info]Start FIXED cross validation...
[Info]Load 553 tags, with 6134 features.
260 users are loaded from /home/ll5fy/TUIR/dataset/yelp/byUser_70k_review/5foldsCVColdstart/0/...
244 users are loaded from /home/ll5fy/TUIR/dataset/yelp/byUser_70k_review/5foldsCVColdstart/1/...
266 users are loaded from /home/ll5fy/TUIR/dataset/yelp/byUser_70k_review/5foldsCVColdstart/2/...
264 users are loaded from /home/ll5fy/TUIR/dataset/yelp/byUser_70k_review/5foldsCVColdstart/3/...
256 users are loaded from /home/ll5fy/TUIR/dataset/yelp/byUser_70k_review/5foldsCVColdstart/4/...
[Info]Finish loading 722 items' weights in total 156639 items!
[Info]Begin tagging 722 items with LDA_Item Interpolation............
---- item 1: map is 0.47067, precision@k is 0.18182, mrr is 1.00000
---- item 51: map is 0.25183, precision@k is 0.09091, mrr is 0.50000
---- item 101: map is 0.75000, precision@k is 0.50000, mrr is 1.00000
---- item 151: map is 0.10026, precision@k is 0.09091, mrr is 0.25000
---- item 201: map is 0.35709, precision@k is 0.18182, mrr is 1.00000
---- item 251: map is 0.83333, precision@k is 0.66667, mrr is 1.00000
---- item 301: map is 0.07953, precision@k is 0.09091, mrr is 0.20000
---- item 351: map is 0.33984, precision@k is 0.18182, mrr is 1.00000
---- item 401: map is 0.31852, precision@k is 0.09091, mrr is 1.00000
---- item 451: map is 0.53487, precision@k is 0.18182, mrr is 1.00000
---- item 501: map is 0.11598, precision@k is 0.09091, mrr is 0.33333
---- item 551: map is 0.66966, precision@k is 0.18182, mrr is 1.00000
---- item 601: map is 0.41667, precision@k is 0.33333, mrr is 0.50000
---- item 651: map is 0.27265, precision@k is 0.18182, mrr is 0.50000
---- item 701: map is 0.70000, precision@k is 0.40000, mrr is 1.00000
[Stat]LDA_Item model, Interpolation mode item tagging: Precision@K is 0.18554, MAP is: 0.31003, MRR is: 0.60431, in top 10 tags
244 users are loaded from /home/ll5fy/TUIR/dataset/yelp/byUser_70k_review/5foldsCVColdstart/1/...
260 users are loaded from /home/ll5fy/TUIR/dataset/yelp/byUser_70k_review/5foldsCVColdstart/0/...
266 users are loaded from /home/ll5fy/TUIR/dataset/yelp/byUser_70k_review/5foldsCVColdstart/2/...
264 users are loaded from /home/ll5fy/TUIR/dataset/yelp/byUser_70k_review/5foldsCVColdstart/3/...
256 users are loaded from /home/ll5fy/TUIR/dataset/yelp/byUser_70k_review/5foldsCVColdstart/4/...
[Info]Finish loading 732 items' weights in total 156639 items!
[Info]Begin tagging 732 items with LDA_Item Interpolation............
---- item 1: map is 0.68519, precision@k is 0.18182, mrr is 1.00000
---- item 51: map is 0.50524, precision@k is 0.18182, mrr is 1.00000
---- item 101: map is 0.09827, precision@k is 0.09091, mrr is 0.20000
---- item 151: map is 0.39660, precision@k is 0.18182, mrr is 1.00000
---- item 201: map is 0.83333, precision@k is 0.66667, mrr is 1.00000
---- item 251: map is 0.41667, precision@k is 0.33333, mrr is 0.50000
---- item 301: map is 0.46922, precision@k is 0.18182, mrr is 1.00000
---- item 351: map is 0.21429, precision@k is 0.09091, mrr is 0.33333
---- item 401: map is 0.12345, precision@k is 0.09091, mrr is 0.33333
---- item 451: map is 0.29775, precision@k is 0.18182, mrr is 1.00000
---- item 501: map is 0.50000, precision@k is 0.50000, mrr is 0.50000
---- item 551: map is 0.00419, precision@k is 0.00000, mrr is 0.00244
---- item 601: map is 0.02771, precision@k is 0.00000, mrr is 0.02000
---- item 651: map is 0.32222, precision@k is 0.18182, mrr is 0.50000
---- item 701: map is 0.41425, precision@k is 0.18182, mrr is 1.00000
[Stat]LDA_Item model, Interpolation mode item tagging: Precision@K is 0.21988, MAP is: 0.37740, MRR is: 0.68429, in top 10 tags
266 users are loaded from /home/ll5fy/TUIR/dataset/yelp/byUser_70k_review/5foldsCVColdstart/2/...
260 users are loaded from /home/ll5fy/TUIR/dataset/yelp/byUser_70k_review/5foldsCVColdstart/0/...
244 users are loaded from /home/ll5fy/TUIR/dataset/yelp/byUser_70k_review/5foldsCVColdstart/1/...
264 users are loaded from /home/ll5fy/TUIR/dataset/yelp/byUser_70k_review/5foldsCVColdstart/3/...
256 users are loaded from /home/ll5fy/TUIR/dataset/yelp/byUser_70k_review/5foldsCVColdstart/4/...
[Info]Finish loading 702 items' weights in total 156639 items!
[Info]Begin tagging 702 items with LDA_Item Interpolation............
---- item 1: map is 0.55964, precision@k is 0.18182, mrr is 1.00000
---- item 51: map is 0.36500, precision@k is 0.27273, mrr is 0.50000
---- item 101: map is 0.50592, precision@k is 0.09091, mrr is 1.00000
---- item 151: map is 0.23221, precision@k is 0.18182, mrr is 0.50000
---- item 201: map is 0.19012, precision@k is 0.09091, mrr is 1.00000
---- item 251: map is 0.24737, precision@k is 0.27273, mrr is 0.50000
---- item 301: map is 0.14850, precision@k is 0.18182, mrr is 0.16667
---- item 351: map is 0.41498, precision@k is 0.18182, mrr is 1.00000
---- item 401: map is 0.48610, precision@k is 0.27273, mrr is 1.00000
---- item 451: map is 0.65962, precision@k is 0.27273, mrr is 1.00000
---- item 501: map is 0.34619, precision@k is 0.27273, mrr is 0.50000
---- item 551: map is 0.52699, precision@k is 0.27273, mrr is 1.00000
---- item 601: map is 0.24546, precision@k is 0.27273, mrr is 0.33333
---- item 651: map is 0.37778, precision@k is 0.09091, mrr is 1.00000
---- item 701: map is 0.33333, precision@k is 0.33333, mrr is 0.33333
[Stat]LDA_Item model, Interpolation mode item tagging: Precision@K is 0.22439, MAP is: 0.37727, MRR is: 0.66802, in top 10 tags
264 users are loaded from /home/ll5fy/TUIR/dataset/yelp/byUser_70k_review/5foldsCVColdstart/3/...
260 users are loaded from /home/ll5fy/TUIR/dataset/yelp/byUser_70k_review/5foldsCVColdstart/0/...
244 users are loaded from /home/ll5fy/TUIR/dataset/yelp/byUser_70k_review/5foldsCVColdstart/1/...
266 users are loaded from /home/ll5fy/TUIR/dataset/yelp/byUser_70k_review/5foldsCVColdstart/2/...
256 users are loaded from /home/ll5fy/TUIR/dataset/yelp/byUser_70k_review/5foldsCVColdstart/4/...
[Info]Finish loading 717 items' weights in total 156639 items!
[Info]Begin tagging 717 items with LDA_Item Interpolation............
---- item 1: map is 0.56631, precision@k is 0.18182, mrr is 1.00000
---- item 51: map is 0.56331, precision@k is 0.18182, mrr is 1.00000
---- item 101: map is 0.22619, precision@k is 0.28571, mrr is 0.16667
---- item 151: map is 0.08951, precision@k is 0.09091, mrr is 0.16667
---- item 201: map is 0.36389, precision@k is 0.27273, mrr is 0.50000
---- item 251: map is 0.07380, precision@k is 0.09091, mrr is 0.14286
---- item 301: map is 0.28272, precision@k is 0.18182, mrr is 0.33333
---- item 351: map is 0.02767, precision@k is 0.00000, mrr is 0.04000
---- item 401: map is 0.00658, precision@k is 0.00000, mrr is 0.00442
---- item 451: map is 0.61111, precision@k is 0.22222, mrr is 1.00000
---- item 501: map is 1.00000, precision@k is 1.00000, mrr is 1.00000
---- item 551: map is 0.67083, precision@k is 0.18182, mrr is 1.00000
---- item 601: map is 0.05545, precision@k is 0.09091, mrr is 0.14286
---- item 651: map is 0.34374, precision@k is 0.27273, mrr is 0.50000
---- item 701: map is 0.40808, precision@k is 0.36364, mrr is 1.00000
[Stat]LDA_Item model, Interpolation mode item tagging: Precision@K is 0.23211, MAP is: 0.37870, MRR is: 0.66926, in top 10 tags
256 users are loaded from /home/ll5fy/TUIR/dataset/yelp/byUser_70k_review/5foldsCVColdstart/4/...
260 users are loaded from /home/ll5fy/TUIR/dataset/yelp/byUser_70k_review/5foldsCVColdstart/0/...
244 users are loaded from /home/ll5fy/TUIR/dataset/yelp/byUser_70k_review/5foldsCVColdstart/1/...
266 users are loaded from /home/ll5fy/TUIR/dataset/yelp/byUser_70k_review/5foldsCVColdstart/2/...
264 users are loaded from /home/ll5fy/TUIR/dataset/yelp/byUser_70k_review/5foldsCVColdstart/3/...
[Info]Finish loading 726 items' weights in total 156639 items!
[Info]Begin tagging 726 items with LDA_Item Interpolation............
---- item 1: map is 0.56296, precision@k is 0.18182, mrr is 1.00000
---- item 51: map is 0.22132, precision@k is 0.09091, mrr is 1.00000
---- item 101: map is 0.45031, precision@k is 0.18182, mrr is 1.00000
---- item 151: map is 0.12558, precision@k is 0.09091, mrr is 0.33333
---- item 201: map is 0.70000, precision@k is 0.40000, mrr is 1.00000
---- item 251: map is 0.34809, precision@k is 0.09091, mrr is 1.00000
---- item 301: map is 0.41921, precision@k is 0.18182, mrr is 1.00000
---- item 351: map is 1.00000, precision@k is 1.00000, mrr is 1.00000
---- item 401: map is 0.36488, precision@k is 0.09091, mrr is 1.00000
---- item 451: map is 0.16135, precision@k is 0.09091, mrr is 0.33333
---- item 501: map is 0.75704, precision@k is 0.27273, mrr is 1.00000
---- item 551: map is 0.50205, precision@k is 0.27273, mrr is 1.00000
---- item 601: map is 0.44369, precision@k is 0.27273, mrr is 0.50000
---- item 651: map is 0.66667, precision@k is 0.50000, mrr is 1.00000
---- item 701: map is 0.50858, precision@k is 0.18182, mrr is 1.00000
[Stat]LDA_Item model, Interpolation mode item tagging: Precision@K is 0.22961, MAP is: 0.37850, MRR is: 0.66881, in top 10 tags

[Stat]Running time (seconds) 300.53600
[Stat]MAP 0.364+/-0.027
[Stat]MRR 0.659+/-0.028
[Stat]Precision 0.218+/-0.017
