Load 6134 2-gram new features from /home/ll5fy/TUIR/dataset/yelp/yelp_features.txt...
Load 6134 2-gram new features from /home/ll5fy/TUIR/dataset/yelp/yelp_features.txt...
[Info]Start FIXED cross validation...
[Info]Load 553 tags, with 6134 features.
260 users are loaded from /home/ll5fy/TUIR/dataset/yelp/byUser_70k_review/5foldsCVColdstart/0/...
244 users are loaded from /home/ll5fy/TUIR/dataset/yelp/byUser_70k_review/5foldsCVColdstart/1/...
266 users are loaded from /home/ll5fy/TUIR/dataset/yelp/byUser_70k_review/5foldsCVColdstart/2/...
264 users are loaded from /home/ll5fy/TUIR/dataset/yelp/byUser_70k_review/5foldsCVColdstart/3/...
256 users are loaded from /home/ll5fy/TUIR/dataset/yelp/byUser_70k_review/5foldsCVColdstart/4/...
[Info]Finish loading 861 items' weights in total 156639 items!
[Info]Begin tagging 861 items with ETBIR_User Embed............
---- item 1: map is 0.34580, precision@k is 0.09091, mrr is 1.00000
---- item 51: map is 0.28089, precision@k is 0.09091, mrr is 1.00000
---- item 101: map is 0.60000, precision@k is 0.20000, mrr is 1.00000
---- item 151: map is 0.35714, precision@k is 0.09091, mrr is 1.00000
---- item 201: map is 0.34348, precision@k is 0.09091, mrr is 1.00000
---- item 251: map is 0.00990, precision@k is 0.00000, mrr is 0.00690
---- item 301: map is 0.25848, precision@k is 0.09091, mrr is 1.00000
---- item 351: map is 0.51111, precision@k is 0.09091, mrr is 1.00000
---- item 401: map is 0.03549, precision@k is 0.00000, mrr is 0.02941
---- item 451: map is 0.38041, precision@k is 0.09091, mrr is 1.00000
---- item 501: map is 0.01256, precision@k is 0.00000, mrr is 0.01111
---- item 551: map is 0.75000, precision@k is 0.50000, mrr is 1.00000
---- item 601: map is 0.02601, precision@k is 0.00000, mrr is 0.01786
---- item 651: map is 0.02299, precision@k is 0.00000, mrr is 0.02941
---- item 701: map is 0.34167, precision@k is 0.09091, mrr is 1.00000
---- item 751: map is 0.00436, precision@k is 0.00000, mrr is 0.00291
---- item 801: map is 0.35028, precision@k is 0.09091, mrr is 1.00000
---- item 851: map is 0.04186, precision@k is 0.00000, mrr is 0.05556
[Stat]ETBIR_User model, Embed mode item tagging: Precision@K is 0.09949, MAP is: 0.29308, MRR is: 0.77493, in top 10 tags
244 users are loaded from /home/ll5fy/TUIR/dataset/yelp/byUser_70k_review/5foldsCVColdstart/1/...
260 users are loaded from /home/ll5fy/TUIR/dataset/yelp/byUser_70k_review/5foldsCVColdstart/0/...
266 users are loaded from /home/ll5fy/TUIR/dataset/yelp/byUser_70k_review/5foldsCVColdstart/2/...
264 users are loaded from /home/ll5fy/TUIR/dataset/yelp/byUser_70k_review/5foldsCVColdstart/3/...
256 users are loaded from /home/ll5fy/TUIR/dataset/yelp/byUser_70k_review/5foldsCVColdstart/4/...
[Info]Finish loading 861 items' weights in total 156639 items!
[Info]Begin tagging 861 items with ETBIR_User Embed............
---- item 1: map is 0.34313, precision@k is 0.09091, mrr is 1.00000
---- item 51: map is 0.28798, precision@k is 0.09091, mrr is 1.00000
---- item 101: map is 0.54167, precision@k is 0.09091, mrr is 1.00000
---- item 151: map is 0.36017, precision@k is 0.09091, mrr is 1.00000
---- item 201: map is 0.34391, precision@k is 0.09091, mrr is 1.00000
---- item 251: map is 0.01385, precision@k is 0.00000, mrr is 0.00952
---- item 301: map is 0.26024, precision@k is 0.09091, mrr is 1.00000
---- item 351: map is 0.51351, precision@k is 0.09091, mrr is 1.00000
---- item 401: map is 0.03580, precision@k is 0.00000, mrr is 0.03226
---- item 451: map is 0.36775, precision@k is 0.09091, mrr is 1.00000
---- item 501: map is 0.01256, precision@k is 0.00000, mrr is 0.01282
---- item 551: map is 0.54348, precision@k is 0.09091, mrr is 1.00000
---- item 601: map is 0.02761, precision@k is 0.00000, mrr is 0.02857
---- item 651: map is 0.02348, precision@k is 0.00000, mrr is 0.03125
---- item 701: map is 0.34439, precision@k is 0.09091, mrr is 1.00000
---- item 751: map is 0.00441, precision@k is 0.00000, mrr is 0.00290
---- item 801: map is 0.34851, precision@k is 0.09091, mrr is 1.00000
---- item 851: map is 0.03228, precision@k is 0.00000, mrr is 0.03448
[Stat]ETBIR_User model, Embed mode item tagging: Precision@K is 0.09773, MAP is: 0.29343, MRR is: 0.77643, in top 10 tags
266 users are loaded from /home/ll5fy/TUIR/dataset/yelp/byUser_70k_review/5foldsCVColdstart/2/...
260 users are loaded from /home/ll5fy/TUIR/dataset/yelp/byUser_70k_review/5foldsCVColdstart/0/...
244 users are loaded from /home/ll5fy/TUIR/dataset/yelp/byUser_70k_review/5foldsCVColdstart/1/...
264 users are loaded from /home/ll5fy/TUIR/dataset/yelp/byUser_70k_review/5foldsCVColdstart/3/...
256 users are loaded from /home/ll5fy/TUIR/dataset/yelp/byUser_70k_review/5foldsCVColdstart/4/...
[Info]Finish loading 861 items' weights in total 156639 items!
[Info]Begin tagging 861 items with ETBIR_User Embed............
---- item 1: map is 0.34695, precision@k is 0.09091, mrr is 1.00000
---- item 51: map is 0.28515, precision@k is 0.09091, mrr is 1.00000
---- item 101: map is 0.53704, precision@k is 0.09091, mrr is 1.00000
---- item 151: map is 0.36254, precision@k is 0.09091, mrr is 1.00000
---- item 201: map is 0.34510, precision@k is 0.09091, mrr is 1.00000
---- item 251: map is 0.00678, precision@k is 0.00000, mrr is 0.00690
---- item 301: map is 0.26511, precision@k is 0.09091, mrr is 1.00000
---- item 351: map is 0.51471, precision@k is 0.09091, mrr is 1.00000
---- item 401: map is 0.02918, precision@k is 0.00000, mrr is 0.02222
---- item 451: map is 0.36908, precision@k is 0.09091, mrr is 1.00000
---- item 501: map is 0.01598, precision@k is 0.00000, mrr is 0.01220
---- item 551: map is 0.70000, precision@k is 0.40000, mrr is 1.00000
---- item 601: map is 0.02153, precision@k is 0.00000, mrr is 0.01282
---- item 651: map is 0.02910, precision@k is 0.00000, mrr is 0.06250
---- item 701: map is 0.34178, precision@k is 0.09091, mrr is 1.00000
---- item 751: map is 0.00468, precision@k is 0.00000, mrr is 0.00283
---- item 801: map is 0.35942, precision@k is 0.09091, mrr is 1.00000
---- item 851: map is 0.03570, precision@k is 0.00000, mrr is 0.03571
[Stat]ETBIR_User model, Embed mode item tagging: Precision@K is 0.10229, MAP is: 0.29744, MRR is: 0.77455, in top 10 tags
264 users are loaded from /home/ll5fy/TUIR/dataset/yelp/byUser_70k_review/5foldsCVColdstart/3/...
260 users are loaded from /home/ll5fy/TUIR/dataset/yelp/byUser_70k_review/5foldsCVColdstart/0/...
244 users are loaded from /home/ll5fy/TUIR/dataset/yelp/byUser_70k_review/5foldsCVColdstart/1/...
266 users are loaded from /home/ll5fy/TUIR/dataset/yelp/byUser_70k_review/5foldsCVColdstart/2/...
256 users are loaded from /home/ll5fy/TUIR/dataset/yelp/byUser_70k_review/5foldsCVColdstart/4/...
[Info]Finish loading 861 items' weights in total 156639 items!
[Info]Begin tagging 861 items with ETBIR_User Embed............
---- item 1: map is 0.34470, precision@k is 0.09091, mrr is 1.00000
---- item 51: map is 0.30799, precision@k is 0.09091, mrr is 1.00000
---- item 101: map is 0.61111, precision@k is 0.22222, mrr is 1.00000
---- item 151: map is 0.39310, precision@k is 0.09091, mrr is 1.00000
---- item 201: map is 0.34420, precision@k is 0.09091, mrr is 1.00000
---- item 251: map is 0.50532, precision@k is 0.09091, mrr is 1.00000
---- item 301: map is 0.25845, precision@k is 0.09091, mrr is 1.00000
---- item 351: map is 0.52381, precision@k is 0.09091, mrr is 1.00000
---- item 401: map is 0.02826, precision@k is 0.00000, mrr is 0.02041
---- item 451: map is 0.35982, precision@k is 0.09091, mrr is 1.00000
---- item 501: map is 0.01162, precision@k is 0.00000, mrr is 0.01075
---- item 551: map is 0.70000, precision@k is 0.40000, mrr is 1.00000
---- item 601: map is 0.02429, precision@k is 0.00000, mrr is 0.02174
---- item 651: map is 0.04134, precision@k is 0.09091, mrr is 0.12500
---- item 701: map is 0.34224, precision@k is 0.09091, mrr is 1.00000
---- item 751: map is 0.00434, precision@k is 0.00000, mrr is 0.00293
---- item 801: map is 0.35664, precision@k is 0.09091, mrr is 1.00000
---- item 851: map is 0.05427, precision@k is 0.00000, mrr is 0.07692
[Stat]ETBIR_User model, Embed mode item tagging: Precision@K is 0.10138, MAP is: 0.29508, MRR is: 0.77622, in top 10 tags
256 users are loaded from /home/ll5fy/TUIR/dataset/yelp/byUser_70k_review/5foldsCVColdstart/4/...
260 users are loaded from /home/ll5fy/TUIR/dataset/yelp/byUser_70k_review/5foldsCVColdstart/0/...
244 users are loaded from /home/ll5fy/TUIR/dataset/yelp/byUser_70k_review/5foldsCVColdstart/1/...
266 users are loaded from /home/ll5fy/TUIR/dataset/yelp/byUser_70k_review/5foldsCVColdstart/2/...
264 users are loaded from /home/ll5fy/TUIR/dataset/yelp/byUser_70k_review/5foldsCVColdstart/3/...
[Info]Finish loading 861 items' weights in total 156639 items!
[Info]Begin tagging 861 items with ETBIR_User Embed............
---- item 1: map is 0.31291, precision@k is 0.09091, mrr is 1.00000
---- item 51: map is 0.29733, precision@k is 0.09091, mrr is 1.00000
---- item 101: map is 0.60000, precision@k is 0.20000, mrr is 1.00000
---- item 151: map is 0.25556, precision@k is 0.09091, mrr is 1.00000
---- item 201: map is 0.34447, precision@k is 0.09091, mrr is 1.00000
---- item 251: map is 0.00834, precision@k is 0.00000, mrr is 0.00637
---- item 301: map is 0.25804, precision@k is 0.09091, mrr is 1.00000
---- item 351: map is 0.51818, precision@k is 0.09091, mrr is 1.00000
---- item 401: map is 0.02780, precision@k is 0.00000, mrr is 0.01961
---- item 451: map is 0.35070, precision@k is 0.09091, mrr is 1.00000
---- item 501: map is 0.01157, precision@k is 0.00000, mrr is 0.01235
---- item 551: map is 0.57143, precision@k is 0.09091, mrr is 1.00000
---- item 601: map is 0.02479, precision@k is 0.00000, mrr is 0.01695
---- item 651: map is 0.03342, precision@k is 0.00000, mrr is 0.08333
---- item 701: map is 0.34324, precision@k is 0.09091, mrr is 1.00000
---- item 751: map is 0.00437, precision@k is 0.00000, mrr is 0.00297
---- item 801: map is 0.34963, precision@k is 0.09091, mrr is 1.00000
---- item 851: map is 0.03936, precision@k is 0.00000, mrr is 0.06250
[Stat]ETBIR_User model, Embed mode item tagging: Precision@K is 0.10059, MAP is: 0.29660, MRR is: 0.77812, in top 10 tags

[Stat]Running time (seconds) 27.98400
[Stat]MAP 0.295+/-0.002
[Stat]MRR 0.776+/-0.001
[Stat]Precision 0.100+/-0.002
