Load 6134 2-gram new features from /home/ll5fy/TUIR/dataset/yelp/yelp_features.txt...
Load 6134 2-gram new features from /home/ll5fy/TUIR/dataset/yelp/yelp_features.txt...
[Info]Start FIXED cross validation...
[Info]Load 553 tags, with 6134 features.
260 users are loaded from /home/ll5fy/TUIR/dataset/yelp/byUser_70k_review/5foldsCVColdstart/0/...
244 users are loaded from /home/ll5fy/TUIR/dataset/yelp/byUser_70k_review/5foldsCVColdstart/1/...
266 users are loaded from /home/ll5fy/TUIR/dataset/yelp/byUser_70k_review/5foldsCVColdstart/2/...
264 users are loaded from /home/ll5fy/TUIR/dataset/yelp/byUser_70k_review/5foldsCVColdstart/3/...
256 users are loaded from /home/ll5fy/TUIR/dataset/yelp/byUser_70k_review/5foldsCVColdstart/4/...
[Info]Finish loading 861 items' weights in total 156639 items!
[Info]Begin tagging 861 items with ETBIR_Item Embed............
---- item 1: map is 0.34759, precision@k is 0.09091, mrr is 1.00000
---- item 51: map is 0.29839, precision@k is 0.09091, mrr is 1.00000
---- item 101: map is 0.64286, precision@k is 0.28571, mrr is 1.00000
---- item 151: map is 0.37568, precision@k is 0.09091, mrr is 1.00000
---- item 201: map is 0.34383, precision@k is 0.09091, mrr is 1.00000
---- item 251: map is 0.01074, precision@k is 0.00000, mrr is 0.00719
---- item 301: map is 0.25845, precision@k is 0.09091, mrr is 1.00000
---- item 351: map is 0.51205, precision@k is 0.09091, mrr is 1.00000
---- item 401: map is 0.06121, precision@k is 0.00000, mrr is 0.09091
---- item 451: map is 0.36932, precision@k is 0.09091, mrr is 1.00000
---- item 501: map is 0.01461, precision@k is 0.00000, mrr is 0.00935
---- item 551: map is 0.62500, precision@k is 0.25000, mrr is 1.00000
---- item 601: map is 0.03725, precision@k is 0.00000, mrr is 0.06250
---- item 651: map is 0.03194, precision@k is 0.00000, mrr is 0.09091
---- item 701: map is 0.34419, precision@k is 0.09091, mrr is 1.00000
---- item 751: map is 0.00435, precision@k is 0.00000, mrr is 0.00298
---- item 801: map is 0.35427, precision@k is 0.09091, mrr is 1.00000
---- item 851: map is 0.05180, precision@k is 0.00000, mrr is 0.08333
[Stat]ETBIR_Item model, Embed mode item tagging: Precision@K is 0.10028, MAP is: 0.29730, MRR is: 0.77933, in top 10 tags
244 users are loaded from /home/ll5fy/TUIR/dataset/yelp/byUser_70k_review/5foldsCVColdstart/1/...
260 users are loaded from /home/ll5fy/TUIR/dataset/yelp/byUser_70k_review/5foldsCVColdstart/0/...
266 users are loaded from /home/ll5fy/TUIR/dataset/yelp/byUser_70k_review/5foldsCVColdstart/2/...
264 users are loaded from /home/ll5fy/TUIR/dataset/yelp/byUser_70k_review/5foldsCVColdstart/3/...
256 users are loaded from /home/ll5fy/TUIR/dataset/yelp/byUser_70k_review/5foldsCVColdstart/4/...
[Info]Finish loading 861 items' weights in total 156639 items!
[Info]Begin tagging 861 items with ETBIR_Item Embed............
---- item 1: map is 0.34887, precision@k is 0.09091, mrr is 1.00000
---- item 51: map is 0.30827, precision@k is 0.09091, mrr is 1.00000
---- item 101: map is 0.64286, precision@k is 0.28571, mrr is 1.00000
---- item 151: map is 0.38508, precision@k is 0.09091, mrr is 1.00000
---- item 201: map is 0.34545, precision@k is 0.09091, mrr is 1.00000
---- item 251: map is 0.00897, precision@k is 0.00000, mrr is 0.00625
---- item 301: map is 0.26020, precision@k is 0.09091, mrr is 1.00000
---- item 351: map is 0.51471, precision@k is 0.09091, mrr is 1.00000
---- item 401: map is 0.04498, precision@k is 0.00000, mrr is 0.05000
---- item 451: map is 0.36176, precision@k is 0.09091, mrr is 1.00000
---- item 501: map is 0.01761, precision@k is 0.00000, mrr is 0.00917
---- item 551: map is 0.70000, precision@k is 0.40000, mrr is 1.00000
---- item 601: map is 0.02896, precision@k is 0.00000, mrr is 0.04167
---- item 651: map is 0.03060, precision@k is 0.00000, mrr is 0.07143
---- item 701: map is 0.34463, precision@k is 0.09091, mrr is 1.00000
---- item 751: map is 0.00432, precision@k is 0.00000, mrr is 0.00275
---- item 801: map is 0.35863, precision@k is 0.09091, mrr is 1.00000
---- item 851: map is 0.04641, precision@k is 0.00000, mrr is 0.07143
[Stat]ETBIR_Item model, Embed mode item tagging: Precision@K is 0.10272, MAP is: 0.29991, MRR is: 0.77637, in top 10 tags
266 users are loaded from /home/ll5fy/TUIR/dataset/yelp/byUser_70k_review/5foldsCVColdstart/2/...
260 users are loaded from /home/ll5fy/TUIR/dataset/yelp/byUser_70k_review/5foldsCVColdstart/0/...
244 users are loaded from /home/ll5fy/TUIR/dataset/yelp/byUser_70k_review/5foldsCVColdstart/1/...
264 users are loaded from /home/ll5fy/TUIR/dataset/yelp/byUser_70k_review/5foldsCVColdstart/3/...
256 users are loaded from /home/ll5fy/TUIR/dataset/yelp/byUser_70k_review/5foldsCVColdstart/4/...
[Info]Finish loading 861 items' weights in total 156639 items!
[Info]Begin tagging 861 items with ETBIR_Item Embed............
---- item 1: map is 0.34674, precision@k is 0.09091, mrr is 1.00000
---- item 51: map is 0.29368, precision@k is 0.09091, mrr is 1.00000
---- item 101: map is 0.64286, precision@k is 0.28571, mrr is 1.00000
---- item 151: map is 0.37554, precision@k is 0.09091, mrr is 1.00000
---- item 201: map is 0.34410, precision@k is 0.09091, mrr is 1.00000
---- item 251: map is 0.00915, precision@k is 0.00000, mrr is 0.00680
---- item 301: map is 0.25918, precision@k is 0.09091, mrr is 1.00000
---- item 351: map is 0.51190, precision@k is 0.09091, mrr is 1.00000
---- item 401: map is 0.07386, precision@k is 0.09091, mrr is 0.10000
---- item 451: map is 0.36687, precision@k is 0.09091, mrr is 1.00000
---- item 501: map is 0.01554, precision@k is 0.00000, mrr is 0.01075
---- item 551: map is 0.70000, precision@k is 0.40000, mrr is 1.00000
---- item 601: map is 0.04143, precision@k is 0.00000, mrr is 0.08333
---- item 651: map is 0.02794, precision@k is 0.00000, mrr is 0.07143
---- item 701: map is 0.34610, precision@k is 0.09091, mrr is 1.00000
---- item 751: map is 0.00443, precision@k is 0.00000, mrr is 0.00286
---- item 801: map is 0.35384, precision@k is 0.09091, mrr is 1.00000
---- item 851: map is 0.05098, precision@k is 0.00000, mrr is 0.07143
[Stat]ETBIR_Item model, Embed mode item tagging: Precision@K is 0.10642, MAP is: 0.29910, MRR is: 0.77936, in top 10 tags
264 users are loaded from /home/ll5fy/TUIR/dataset/yelp/byUser_70k_review/5foldsCVColdstart/3/...
260 users are loaded from /home/ll5fy/TUIR/dataset/yelp/byUser_70k_review/5foldsCVColdstart/0/...
244 users are loaded from /home/ll5fy/TUIR/dataset/yelp/byUser_70k_review/5foldsCVColdstart/1/...
266 users are loaded from /home/ll5fy/TUIR/dataset/yelp/byUser_70k_review/5foldsCVColdstart/2/...
256 users are loaded from /home/ll5fy/TUIR/dataset/yelp/byUser_70k_review/5foldsCVColdstart/4/...
[Info]Finish loading 861 items' weights in total 156639 items!
[Info]Begin tagging 861 items with ETBIR_Item Embed............
---- item 1: map is 0.34892, precision@k is 0.09091, mrr is 1.00000
---- item 51: map is 0.30802, precision@k is 0.09091, mrr is 1.00000
---- item 101: map is 0.70000, precision@k is 0.40000, mrr is 1.00000
---- item 151: map is 0.38793, precision@k is 0.09091, mrr is 1.00000
---- item 201: map is 0.34496, precision@k is 0.09091, mrr is 1.00000
---- item 251: map is 0.50424, precision@k is 0.09091, mrr is 1.00000
---- item 301: map is 0.25900, precision@k is 0.09091, mrr is 1.00000
---- item 351: map is 0.51538, precision@k is 0.09091, mrr is 1.00000
---- item 401: map is 0.05027, precision@k is 0.00000, mrr is 0.06667
---- item 451: map is 0.36587, precision@k is 0.09091, mrr is 1.00000
---- item 501: map is 0.01593, precision@k is 0.00000, mrr is 0.01053
---- item 551: map is 0.62500, precision@k is 0.25000, mrr is 1.00000
---- item 601: map is 0.03065, precision@k is 0.00000, mrr is 0.04348
---- item 651: map is 0.02655, precision@k is 0.00000, mrr is 0.05263
---- item 701: map is 0.34539, precision@k is 0.09091, mrr is 1.00000
---- item 751: map is 0.00424, precision@k is 0.00000, mrr is 0.00270
---- item 801: map is 0.35678, precision@k is 0.09091, mrr is 1.00000
---- item 851: map is 0.04010, precision@k is 0.00000, mrr is 0.05000
[Stat]ETBIR_Item model, Embed mode item tagging: Precision@K is 0.10253, MAP is: 0.29962, MRR is: 0.77693, in top 10 tags
256 users are loaded from /home/ll5fy/TUIR/dataset/yelp/byUser_70k_review/5foldsCVColdstart/4/...
260 users are loaded from /home/ll5fy/TUIR/dataset/yelp/byUser_70k_review/5foldsCVColdstart/0/...
244 users are loaded from /home/ll5fy/TUIR/dataset/yelp/byUser_70k_review/5foldsCVColdstart/1/...
266 users are loaded from /home/ll5fy/TUIR/dataset/yelp/byUser_70k_review/5foldsCVColdstart/2/...
264 users are loaded from /home/ll5fy/TUIR/dataset/yelp/byUser_70k_review/5foldsCVColdstart/3/...
[Info]Finish loading 861 items' weights in total 156639 items!
[Info]Begin tagging 861 items with ETBIR_Item Embed............
---- item 1: map is 0.31963, precision@k is 0.09091, mrr is 1.00000
---- item 51: map is 0.29669, precision@k is 0.09091, mrr is 1.00000
---- item 101: map is 0.66667, precision@k is 0.33333, mrr is 1.00000
---- item 151: map is 0.25293, precision@k is 0.09091, mrr is 1.00000
---- item 201: map is 0.34566, precision@k is 0.09091, mrr is 1.00000
---- item 251: map is 0.01030, precision@k is 0.00000, mrr is 0.00752
---- item 301: map is 0.25891, precision@k is 0.09091, mrr is 1.00000
---- item 351: map is 0.51389, precision@k is 0.09091, mrr is 1.00000
---- item 401: map is 0.05995, precision@k is 0.00000, mrr is 0.06667
---- item 451: map is 0.36244, precision@k is 0.09091, mrr is 1.00000
---- item 501: map is 0.01345, precision@k is 0.00000, mrr is 0.01042
---- item 551: map is 0.62500, precision@k is 0.25000, mrr is 1.00000
---- item 601: map is 0.03696, precision@k is 0.00000, mrr is 0.06250
---- item 651: map is 0.02605, precision@k is 0.00000, mrr is 0.05556
---- item 701: map is 0.34394, precision@k is 0.09091, mrr is 1.00000
---- item 751: map is 0.00428, precision@k is 0.00000, mrr is 0.00286
---- item 801: map is 0.35653, precision@k is 0.09091, mrr is 1.00000
---- item 851: map is 0.04404, precision@k is 0.00000, mrr is 0.05556
[Stat]ETBIR_Item model, Embed mode item tagging: Precision@K is 0.10315, MAP is: 0.29829, MRR is: 0.77738, in top 10 tags

[Stat]Running time (seconds) 27.14700
[Stat]MAP 0.299+/-0.001
[Stat]MRR 0.778+/-0.001
[Stat]Precision 0.103+/-0.002
