Load 6134 2-gram new features from /home/ll5fy/TUIR/dataset/yelp/yelp_features.txt...
Load 6134 2-gram new features from /home/ll5fy/TUIR/dataset/yelp/yelp_features.txt...
[Info]Start FIXED cross validation...
[Info]Load 553 tags, with 6134 features.
260 users are loaded from /home/ll5fy/TUIR/dataset/yelp/byUser_70k_review/5foldsCVColdstart/0/...
244 users are loaded from /home/ll5fy/TUIR/dataset/yelp/byUser_70k_review/5foldsCVColdstart/1/...
266 users are loaded from /home/ll5fy/TUIR/dataset/yelp/byUser_70k_review/5foldsCVColdstart/2/...
264 users are loaded from /home/ll5fy/TUIR/dataset/yelp/byUser_70k_review/5foldsCVColdstart/3/...
256 users are loaded from /home/ll5fy/TUIR/dataset/yelp/byUser_70k_review/5foldsCVColdstart/4/...
[Info]Finish loading 722 items' weights in total 156639 items!
[Info]Begin tagging 722 items with LDA_Variational Interpolation............
---- item 1: map is 0.47342, precision@k is 0.18182, mrr is 1.00000
---- item 51: map is 0.25190, precision@k is 0.09091, mrr is 0.50000
---- item 101: map is 0.19643, precision@k is 0.09091, mrr is 0.25000
---- item 151: map is 0.12114, precision@k is 0.09091, mrr is 0.25000
---- item 201: map is 0.35926, precision@k is 0.18182, mrr is 1.00000
---- item 251: map is 0.83333, precision@k is 0.66667, mrr is 1.00000
---- item 301: map is 0.08779, precision@k is 0.09091, mrr is 0.20000
---- item 351: map is 0.35785, precision@k is 0.18182, mrr is 1.00000
---- item 401: map is 0.36528, precision@k is 0.18182, mrr is 1.00000
---- item 451: map is 0.47703, precision@k is 0.18182, mrr is 1.00000
---- item 501: map is 0.09186, precision@k is 0.09091, mrr is 0.25000
---- item 551: map is 0.37387, precision@k is 0.09091, mrr is 1.00000
---- item 601: map is 0.41667, precision@k is 0.33333, mrr is 0.50000
---- item 651: map is 0.26653, precision@k is 0.18182, mrr is 0.50000
---- item 701: map is 0.32500, precision@k is 0.40000, mrr is 0.25000
[Stat]LDA_Variational model, Interpolation mode item tagging: Precision@K is 0.16553, MAP is: 0.26766, MRR is: 0.53196, in top 10 tags
244 users are loaded from /home/ll5fy/TUIR/dataset/yelp/byUser_70k_review/5foldsCVColdstart/1/...
260 users are loaded from /home/ll5fy/TUIR/dataset/yelp/byUser_70k_review/5foldsCVColdstart/0/...
266 users are loaded from /home/ll5fy/TUIR/dataset/yelp/byUser_70k_review/5foldsCVColdstart/2/...
264 users are loaded from /home/ll5fy/TUIR/dataset/yelp/byUser_70k_review/5foldsCVColdstart/3/...
256 users are loaded from /home/ll5fy/TUIR/dataset/yelp/byUser_70k_review/5foldsCVColdstart/4/...
[Info]Finish loading 732 items' weights in total 156639 items!
[Info]Begin tagging 732 items with LDA_Variational Interpolation............
---- item 1: map is 0.67601, precision@k is 0.18182, mrr is 1.00000
---- item 51: map is 0.34726, precision@k is 0.09091, mrr is 1.00000
---- item 101: map is 0.12218, precision@k is 0.09091, mrr is 0.25000
---- item 151: map is 0.42570, precision@k is 0.18182, mrr is 1.00000
---- item 201: map is 0.83333, precision@k is 0.66667, mrr is 1.00000
---- item 251: map is 0.33333, precision@k is 0.09091, mrr is 0.50000
---- item 301: map is 0.44721, precision@k is 0.18182, mrr is 1.00000
---- item 351: map is 0.28448, precision@k is 0.09091, mrr is 0.50000
---- item 401: map is 0.12660, precision@k is 0.09091, mrr is 0.33333
---- item 451: map is 0.25710, precision@k is 0.18182, mrr is 1.00000
---- item 501: map is 0.50000, precision@k is 0.50000, mrr is 0.50000
---- item 551: map is 0.00431, precision@k is 0.00000, mrr is 0.00267
---- item 601: map is 0.01853, precision@k is 0.00000, mrr is 0.01852
---- item 651: map is 0.20718, precision@k is 0.09091, mrr is 0.50000
---- item 701: map is 0.41567, precision@k is 0.18182, mrr is 1.00000
[Stat]LDA_Variational model, Interpolation mode item tagging: Precision@K is 0.21932, MAP is: 0.38369, MRR is: 0.72147, in top 10 tags
266 users are loaded from /home/ll5fy/TUIR/dataset/yelp/byUser_70k_review/5foldsCVColdstart/2/...
260 users are loaded from /home/ll5fy/TUIR/dataset/yelp/byUser_70k_review/5foldsCVColdstart/0/...
244 users are loaded from /home/ll5fy/TUIR/dataset/yelp/byUser_70k_review/5foldsCVColdstart/1/...
264 users are loaded from /home/ll5fy/TUIR/dataset/yelp/byUser_70k_review/5foldsCVColdstart/3/...
256 users are loaded from /home/ll5fy/TUIR/dataset/yelp/byUser_70k_review/5foldsCVColdstart/4/...
[Info]Finish loading 702 items' weights in total 156639 items!
[Info]Begin tagging 702 items with LDA_Variational Interpolation............
---- item 1: map is 0.44688, precision@k is 0.18182, mrr is 1.00000
---- item 51: map is 0.33145, precision@k is 0.27273, mrr is 0.50000
---- item 101: map is 0.50467, precision@k is 0.09091, mrr is 1.00000
---- item 151: map is 0.26756, precision@k is 0.18182, mrr is 0.50000
---- item 201: map is 0.19666, precision@k is 0.09091, mrr is 1.00000
---- item 251: map is 0.24719, precision@k is 0.27273, mrr is 0.50000
---- item 301: map is 0.15893, precision@k is 0.18182, mrr is 0.20000
---- item 351: map is 0.43670, precision@k is 0.18182, mrr is 1.00000
---- item 401: map is 0.47616, precision@k is 0.27273, mrr is 1.00000
---- item 451: map is 0.75483, precision@k is 0.27273, mrr is 1.00000
---- item 501: map is 0.33163, precision@k is 0.27273, mrr is 0.50000
---- item 551: map is 0.56876, precision@k is 0.27273, mrr is 1.00000
---- item 601: map is 0.29770, precision@k is 0.27273, mrr is 0.50000
---- item 651: map is 0.41183, precision@k is 0.18182, mrr is 1.00000
---- item 701: map is 0.41667, precision@k is 0.50000, mrr is 0.33333
[Stat]LDA_Variational model, Interpolation mode item tagging: Precision@K is 0.21389, MAP is: 0.37518, MRR is: 0.68860, in top 10 tags
264 users are loaded from /home/ll5fy/TUIR/dataset/yelp/byUser_70k_review/5foldsCVColdstart/3/...
260 users are loaded from /home/ll5fy/TUIR/dataset/yelp/byUser_70k_review/5foldsCVColdstart/0/...
244 users are loaded from /home/ll5fy/TUIR/dataset/yelp/byUser_70k_review/5foldsCVColdstart/1/...
266 users are loaded from /home/ll5fy/TUIR/dataset/yelp/byUser_70k_review/5foldsCVColdstart/2/...
256 users are loaded from /home/ll5fy/TUIR/dataset/yelp/byUser_70k_review/5foldsCVColdstart/4/...
[Info]Finish loading 717 items' weights in total 156639 items!
[Info]Begin tagging 717 items with LDA_Variational Interpolation............
---- item 1: map is 0.67576, precision@k is 0.18182, mrr is 1.00000
---- item 51: map is 0.67273, precision@k is 0.18182, mrr is 1.00000
---- item 101: map is 0.22500, precision@k is 0.20000, mrr is 0.25000
---- item 151: map is 0.09028, precision@k is 0.09091, mrr is 0.16667
---- item 201: map is 0.30099, precision@k is 0.18182, mrr is 0.50000
---- item 251: map is 0.16903, precision@k is 0.09091, mrr is 0.33333
---- item 301: map is 0.27436, precision@k is 0.18182, mrr is 0.33333
---- item 351: map is 0.02312, precision@k is 0.00000, mrr is 0.03226
---- item 401: map is 0.00743, precision@k is 0.00000, mrr is 0.00524
---- item 451: map is 0.52500, precision@k is 0.09091, mrr is 1.00000
---- item 501: map is 1.00000, precision@k is 1.00000, mrr is 1.00000
---- item 551: map is 0.67014, precision@k is 0.18182, mrr is 1.00000
---- item 601: map is 0.11929, precision@k is 0.09091, mrr is 0.33333
---- item 651: map is 0.26776, precision@k is 0.18182, mrr is 0.50000
---- item 701: map is 0.37124, precision@k is 0.18182, mrr is 1.00000
[Stat]LDA_Variational model, Interpolation mode item tagging: Precision@K is 0.22538, MAP is: 0.38214, MRR is: 0.69434, in top 10 tags
256 users are loaded from /home/ll5fy/TUIR/dataset/yelp/byUser_70k_review/5foldsCVColdstart/4/...
260 users are loaded from /home/ll5fy/TUIR/dataset/yelp/byUser_70k_review/5foldsCVColdstart/0/...
244 users are loaded from /home/ll5fy/TUIR/dataset/yelp/byUser_70k_review/5foldsCVColdstart/1/...
266 users are loaded from /home/ll5fy/TUIR/dataset/yelp/byUser_70k_review/5foldsCVColdstart/2/...
264 users are loaded from /home/ll5fy/TUIR/dataset/yelp/byUser_70k_review/5foldsCVColdstart/3/...
[Info]Finish loading 726 items' weights in total 156639 items!
[Info]Begin tagging 726 items with LDA_Variational Interpolation............
---- item 1: map is 0.67601, precision@k is 0.18182, mrr is 1.00000
---- item 51: map is 0.22024, precision@k is 0.09091, mrr is 1.00000
---- item 101: map is 0.52128, precision@k is 0.18182, mrr is 1.00000
---- item 151: map is 0.18039, precision@k is 0.09091, mrr is 0.50000
---- item 201: map is 0.83333, precision@k is 0.66667, mrr is 1.00000
---- item 251: map is 0.34689, precision@k is 0.09091, mrr is 1.00000
---- item 301: map is 0.41942, precision@k is 0.18182, mrr is 1.00000
---- item 351: map is 1.00000, precision@k is 1.00000, mrr is 1.00000
---- item 401: map is 0.35940, precision@k is 0.09091, mrr is 1.00000
---- item 451: map is 0.19140, precision@k is 0.09091, mrr is 0.50000
---- item 501: map is 0.61615, precision@k is 0.27273, mrr is 1.00000
---- item 551: map is 0.46021, precision@k is 0.18182, mrr is 1.00000
---- item 601: map is 0.43992, precision@k is 0.27273, mrr is 0.50000
---- item 651: map is 0.60000, precision@k is 0.30000, mrr is 1.00000
---- item 701: map is 0.50877, precision@k is 0.18182, mrr is 1.00000
[Stat]LDA_Variational model, Interpolation mode item tagging: Precision@K is 0.22767, MAP is: 0.38198, MRR is: 0.68875, in top 10 tags

[Stat]Running time (seconds) 310.82900
[Stat]MAP 0.358+/-0.045
[Stat]MRR 0.665+/-0.068
[Stat]Precision 0.210+/-0.023
