Load 6134 2-gram new features from /home/ll5fy/TUIR/dataset/yelp/yelp_features.txt...
Load 6134 2-gram new features from /home/ll5fy/TUIR/dataset/yelp/yelp_features.txt...
[Info]Start FIXED cross validation...
[Info]Load 553 tags, with 6134 features.
260 users are loaded from /home/ll5fy/TUIR/dataset/yelp/byUser_70k_review/5foldsCVColdstart/0/...
244 users are loaded from /home/ll5fy/TUIR/dataset/yelp/byUser_70k_review/5foldsCVColdstart/1/...
266 users are loaded from /home/ll5fy/TUIR/dataset/yelp/byUser_70k_review/5foldsCVColdstart/2/...
264 users are loaded from /home/ll5fy/TUIR/dataset/yelp/byUser_70k_review/5foldsCVColdstart/3/...
256 users are loaded from /home/ll5fy/TUIR/dataset/yelp/byUser_70k_review/5foldsCVColdstart/4/...
[Info]Finish loading 722 items' weights in total 156639 items!
[Info]Begin tagging 722 items with CTM Embed............
---- item 1: map is 0.09887, precision@k is 0.09091, mrr is 0.25000
---- item 51: map is 0.12690, precision@k is 0.09091, mrr is 0.25000
---- item 101: map is 0.12974, precision@k is 0.09091, mrr is 0.25000
---- item 151: map is 0.09156, precision@k is 0.09091, mrr is 0.25000
---- item 201: map is 0.07666, precision@k is 0.09091, mrr is 0.25000
---- item 251: map is 0.13214, precision@k is 0.09091, mrr is 0.25000
---- item 301: map is 0.09015, precision@k is 0.09091, mrr is 0.25000
---- item 351: map is 0.07717, precision@k is 0.09091, mrr is 0.25000
---- item 401: map is 0.07859, precision@k is 0.09091, mrr is 0.25000
---- item 451: map is 0.07068, precision@k is 0.09091, mrr is 0.25000
---- item 501: map is 0.08752, precision@k is 0.09091, mrr is 0.25000
---- item 551: map is 0.09124, precision@k is 0.09091, mrr is 0.25000
---- item 601: map is 0.12841, precision@k is 0.09091, mrr is 0.25000
---- item 651: map is 0.28395, precision@k is 0.18182, mrr is 0.50000
---- item 701: map is 0.13287, precision@k is 0.09091, mrr is 0.25000
[Stat]CTM model, Embed mode item tagging: Precision@K is 0.08684, MAP is: 0.10032, MRR is: 0.23262, in top 10 tags
244 users are loaded from /home/ll5fy/TUIR/dataset/yelp/byUser_70k_review/5foldsCVColdstart/1/...
260 users are loaded from /home/ll5fy/TUIR/dataset/yelp/byUser_70k_review/5foldsCVColdstart/0/...
266 users are loaded from /home/ll5fy/TUIR/dataset/yelp/byUser_70k_review/5foldsCVColdstart/2/...
264 users are loaded from /home/ll5fy/TUIR/dataset/yelp/byUser_70k_review/5foldsCVColdstart/3/...
256 users are loaded from /home/ll5fy/TUIR/dataset/yelp/byUser_70k_review/5foldsCVColdstart/4/...
[Info]Finish loading 732 items' weights in total 156639 items!
[Info]Begin tagging 732 items with CTM Embed............
---- item 1: map is 0.34543, precision@k is 0.09091, mrr is 1.00000
---- item 51: map is 0.34588, precision@k is 0.09091, mrr is 1.00000
---- item 101: map is 0.35061, precision@k is 0.09091, mrr is 1.00000
---- item 151: map is 0.23903, precision@k is 0.09091, mrr is 1.00000
---- item 201: map is 0.51639, precision@k is 0.09091, mrr is 1.00000
---- item 251: map is 0.52083, precision@k is 0.09091, mrr is 1.00000
---- item 301: map is 0.05274, precision@k is 0.00000, mrr is 0.09091
---- item 351: map is 0.50394, precision@k is 0.09091, mrr is 1.00000
---- item 401: map is 0.34141, precision@k is 0.09091, mrr is 1.00000
---- item 451: map is 0.02963, precision@k is 0.00000, mrr is 0.03333
---- item 501: map is 0.00752, precision@k is 0.00000, mrr is 0.00752
---- item 551: map is 0.00447, precision@k is 0.00000, mrr is 0.00282
---- item 601: map is 0.02127, precision@k is 0.00000, mrr is 0.03333
---- item 651: map is 0.34214, precision@k is 0.09091, mrr is 1.00000
---- item 701: map is 0.23082, precision@k is 0.09091, mrr is 1.00000
[Stat]CTM model, Embed mode item tagging: Precision@K is 0.09546, MAP is: 0.29026, MRR is: 0.77016, in top 10 tags
266 users are loaded from /home/ll5fy/TUIR/dataset/yelp/byUser_70k_review/5foldsCVColdstart/2/...
260 users are loaded from /home/ll5fy/TUIR/dataset/yelp/byUser_70k_review/5foldsCVColdstart/0/...
244 users are loaded from /home/ll5fy/TUIR/dataset/yelp/byUser_70k_review/5foldsCVColdstart/1/...
264 users are loaded from /home/ll5fy/TUIR/dataset/yelp/byUser_70k_review/5foldsCVColdstart/3/...
256 users are loaded from /home/ll5fy/TUIR/dataset/yelp/byUser_70k_review/5foldsCVColdstart/4/...
[Info]Finish loading 702 items' weights in total 156639 items!
[Info]Begin tagging 702 items with CTM Embed............
---- item 1: map is 0.35095, precision@k is 0.09091, mrr is 1.00000
---- item 51: map is 0.02793, precision@k is 0.00000, mrr is 0.01887
---- item 101: map is 0.00553, precision@k is 0.00000, mrr is 0.00543
---- item 151: map is 0.26704, precision@k is 0.09091, mrr is 1.00000
---- item 201: map is 0.18158, precision@k is 0.09091, mrr is 1.00000
---- item 251: map is 0.03008, precision@k is 0.00000, mrr is 0.01887
---- item 301: map is 0.35775, precision@k is 0.09091, mrr is 1.00000
---- item 351: map is 0.39161, precision@k is 0.09091, mrr is 1.00000
---- item 401: map is 0.21560, precision@k is 0.09091, mrr is 1.00000
---- item 451: map is 0.35966, precision@k is 0.18182, mrr is 1.00000
---- item 501: map is 0.02793, precision@k is 0.00000, mrr is 0.01887
---- item 551: map is 0.29837, precision@k is 0.09091, mrr is 1.00000
---- item 601: map is 0.02793, precision@k is 0.00000, mrr is 0.01887
---- item 651: map is 0.04595, precision@k is 0.09091, mrr is 0.11111
---- item 701: map is 0.52381, precision@k is 0.09091, mrr is 1.00000
[Stat]CTM model, Embed mode item tagging: Precision@K is 0.08685, MAP is: 0.28510, MRR is: 0.76147, in top 10 tags
264 users are loaded from /home/ll5fy/TUIR/dataset/yelp/byUser_70k_review/5foldsCVColdstart/3/...
260 users are loaded from /home/ll5fy/TUIR/dataset/yelp/byUser_70k_review/5foldsCVColdstart/0/...
244 users are loaded from /home/ll5fy/TUIR/dataset/yelp/byUser_70k_review/5foldsCVColdstart/1/...
266 users are loaded from /home/ll5fy/TUIR/dataset/yelp/byUser_70k_review/5foldsCVColdstart/2/...
256 users are loaded from /home/ll5fy/TUIR/dataset/yelp/byUser_70k_review/5foldsCVColdstart/4/...
[Info]Finish loading 717 items' weights in total 156639 items!
[Info]Begin tagging 717 items with CTM Embed............
---- item 1: map is 0.40056, precision@k is 0.09091, mrr is 1.00000
---- item 51: map is 0.35029, precision@k is 0.09091, mrr is 1.00000
---- item 101: map is 0.51235, precision@k is 0.09091, mrr is 1.00000
---- item 151: map is 0.50769, precision@k is 0.09091, mrr is 1.00000
---- item 201: map is 0.02198, precision@k is 0.00000, mrr is 0.01205
---- item 251: map is 0.50221, precision@k is 0.09091, mrr is 1.00000
---- item 301: map is 0.30659, precision@k is 0.09091, mrr is 1.00000
---- item 351: map is 0.02052, precision@k is 0.00000, mrr is 0.01887
---- item 401: map is 0.00857, precision@k is 0.00000, mrr is 0.00840
---- item 451: map is 0.51961, precision@k is 0.09091, mrr is 1.00000
---- item 501: map is 1.00000, precision@k is 1.00000, mrr is 1.00000
---- item 551: map is 0.33898, precision@k is 0.09091, mrr is 1.00000
---- item 601: map is 0.34210, precision@k is 0.09091, mrr is 1.00000
---- item 651: map is 0.02198, precision@k is 0.00000, mrr is 0.01205
---- item 701: map is 0.02408, precision@k is 0.00000, mrr is 0.01695
[Stat]CTM model, Embed mode item tagging: Precision@K is 0.09680, MAP is: 0.29212, MRR is: 0.77697, in top 10 tags
256 users are loaded from /home/ll5fy/TUIR/dataset/yelp/byUser_70k_review/5foldsCVColdstart/4/...
260 users are loaded from /home/ll5fy/TUIR/dataset/yelp/byUser_70k_review/5foldsCVColdstart/0/...
244 users are loaded from /home/ll5fy/TUIR/dataset/yelp/byUser_70k_review/5foldsCVColdstart/1/...
266 users are loaded from /home/ll5fy/TUIR/dataset/yelp/byUser_70k_review/5foldsCVColdstart/2/...
264 users are loaded from /home/ll5fy/TUIR/dataset/yelp/byUser_70k_review/5foldsCVColdstart/3/...
[Info]Finish loading 726 items' weights in total 156639 items!
[Info]Begin tagging 726 items with CTM Embed............
---- item 1: map is 0.34856, precision@k is 0.09091, mrr is 1.00000
---- item 51: map is 0.22821, precision@k is 0.09091, mrr is 1.00000
---- item 101: map is 0.34668, precision@k is 0.09091, mrr is 1.00000
---- item 151: map is 0.34756, precision@k is 0.09091, mrr is 1.00000
---- item 201: map is 0.54762, precision@k is 0.09091, mrr is 1.00000
---- item 251: map is 0.34756, precision@k is 0.09091, mrr is 1.00000
---- item 301: map is 0.14288, precision@k is 0.09091, mrr is 0.33333
---- item 351: map is 0.00243, precision@k is 0.00000, mrr is 0.00243
---- item 401: map is 0.36426, precision@k is 0.09091, mrr is 1.00000
---- item 451: map is 0.38147, precision@k is 0.09091, mrr is 1.00000
---- item 501: map is 0.27618, precision@k is 0.09091, mrr is 1.00000
---- item 551: map is 0.27486, precision@k is 0.09091, mrr is 1.00000
---- item 601: map is 0.29150, precision@k is 0.09091, mrr is 1.00000
---- item 651: map is 0.45214, precision@k is 0.18182, mrr is 1.00000
---- item 701: map is 0.26591, precision@k is 0.09091, mrr is 1.00000
[Stat]CTM model, Embed mode item tagging: Precision@K is 0.09421, MAP is: 0.29023, MRR is: 0.77379, in top 10 tags

[Stat]Running time (seconds) 28.78000
[Stat]MAP 0.252+/-0.076
[Stat]MRR 0.663+/-0.215
[Stat]Precision 0.092+/-0.004
