Load 6134 2-gram new features from /home/ll5fy/TUIR/dataset/yelp/yelp_features.txt...
Load 6134 2-gram new features from /home/ll5fy/TUIR/dataset/yelp/yelp_features.txt...
[Info]Start FIXED cross validation...
[Info]Load 553 tags, with 6134 features.
260 users are loaded from /home/ll5fy/TUIR/dataset/yelp/byUser_70k_review/5foldsCVColdstart/0/...
244 users are loaded from /home/ll5fy/TUIR/dataset/yelp/byUser_70k_review/5foldsCVColdstart/1/...
266 users are loaded from /home/ll5fy/TUIR/dataset/yelp/byUser_70k_review/5foldsCVColdstart/2/...
264 users are loaded from /home/ll5fy/TUIR/dataset/yelp/byUser_70k_review/5foldsCVColdstart/3/...
256 users are loaded from /home/ll5fy/TUIR/dataset/yelp/byUser_70k_review/5foldsCVColdstart/4/...
[Info]Finish loading 722 items' weights in total 156639 items!
[Info]Begin tagging 722 items with LDA_User Interpolation............
---- item 1: map is 0.47100, precision@k is 0.18182, mrr is 1.00000
---- item 51: map is 0.50187, precision@k is 0.09091, mrr is 1.00000
---- item 101: map is 0.83333, precision@k is 0.66667, mrr is 1.00000
---- item 151: map is 0.09867, precision@k is 0.09091, mrr is 0.25000
---- item 201: map is 0.34149, precision@k is 0.18182, mrr is 1.00000
---- item 251: map is 0.83333, precision@k is 0.66667, mrr is 1.00000
---- item 301: map is 0.07120, precision@k is 0.09091, mrr is 0.12500
---- item 351: map is 0.32692, precision@k is 0.18182, mrr is 1.00000
---- item 401: map is 0.30290, precision@k is 0.09091, mrr is 1.00000
---- item 451: map is 0.55204, precision@k is 0.18182, mrr is 1.00000
---- item 501: map is 0.17199, precision@k is 0.09091, mrr is 0.50000
---- item 551: map is 0.55834, precision@k is 0.18182, mrr is 1.00000
---- item 601: map is 0.41667, precision@k is 0.33333, mrr is 0.50000
---- item 651: map is 0.24046, precision@k is 0.18182, mrr is 0.50000
---- item 701: map is 0.66667, precision@k is 0.33333, mrr is 1.00000
[Stat]LDA_User model, Interpolation mode item tagging: Precision@K is 0.18969, MAP is: 0.31993, MRR is: 0.62518, in top 10 tags
244 users are loaded from /home/ll5fy/TUIR/dataset/yelp/byUser_70k_review/5foldsCVColdstart/1/...
260 users are loaded from /home/ll5fy/TUIR/dataset/yelp/byUser_70k_review/5foldsCVColdstart/0/...
266 users are loaded from /home/ll5fy/TUIR/dataset/yelp/byUser_70k_review/5foldsCVColdstart/2/...
264 users are loaded from /home/ll5fy/TUIR/dataset/yelp/byUser_70k_review/5foldsCVColdstart/3/...
256 users are loaded from /home/ll5fy/TUIR/dataset/yelp/byUser_70k_review/5foldsCVColdstart/4/...
[Info]Finish loading 732 items' weights in total 156639 items!
[Info]Begin tagging 732 items with LDA_User Interpolation............
---- item 1: map is 0.67352, precision@k is 0.18182, mrr is 1.00000
---- item 51: map is 0.50529, precision@k is 0.18182, mrr is 1.00000
---- item 101: map is 0.08449, precision@k is 0.09091, mrr is 0.16667
---- item 151: map is 0.39892, precision@k is 0.18182, mrr is 1.00000
---- item 201: map is 0.83333, precision@k is 0.66667, mrr is 1.00000
---- item 251: map is 0.58333, precision@k is 0.66667, mrr is 0.50000
---- item 301: map is 0.46920, precision@k is 0.18182, mrr is 1.00000
---- item 351: map is 0.19048, precision@k is 0.09091, mrr is 0.33333
---- item 401: map is 0.12023, precision@k is 0.09091, mrr is 0.33333
---- item 451: map is 0.28493, precision@k is 0.18182, mrr is 1.00000
---- item 501: map is 0.50000, precision@k is 0.50000, mrr is 0.50000
---- item 551: map is 0.00430, precision@k is 0.00000, mrr is 0.00248
---- item 601: map is 0.02363, precision@k is 0.00000, mrr is 0.01695
---- item 651: map is 0.20568, precision@k is 0.09091, mrr is 0.50000
---- item 701: map is 0.41696, precision@k is 0.18182, mrr is 1.00000
[Stat]LDA_User model, Interpolation mode item tagging: Precision@K is 0.22025, MAP is: 0.37689, MRR is: 0.68423, in top 10 tags
266 users are loaded from /home/ll5fy/TUIR/dataset/yelp/byUser_70k_review/5foldsCVColdstart/2/...
260 users are loaded from /home/ll5fy/TUIR/dataset/yelp/byUser_70k_review/5foldsCVColdstart/0/...
244 users are loaded from /home/ll5fy/TUIR/dataset/yelp/byUser_70k_review/5foldsCVColdstart/1/...
264 users are loaded from /home/ll5fy/TUIR/dataset/yelp/byUser_70k_review/5foldsCVColdstart/3/...
256 users are loaded from /home/ll5fy/TUIR/dataset/yelp/byUser_70k_review/5foldsCVColdstart/4/...
[Info]Finish loading 702 items' weights in total 156639 items!
[Info]Begin tagging 702 items with LDA_User Interpolation............
---- item 1: map is 0.55872, precision@k is 0.18182, mrr is 1.00000
---- item 51: map is 0.36515, precision@k is 0.27273, mrr is 0.50000
---- item 101: map is 0.50588, precision@k is 0.09091, mrr is 1.00000
---- item 151: map is 0.24553, precision@k is 0.18182, mrr is 0.50000
---- item 201: map is 0.17074, precision@k is 0.09091, mrr is 1.00000
---- item 251: map is 0.24829, precision@k is 0.27273, mrr is 0.50000
---- item 301: map is 0.14832, precision@k is 0.18182, mrr is 0.16667
---- item 351: map is 0.50735, precision@k is 0.18182, mrr is 1.00000
---- item 401: map is 0.48088, precision@k is 0.27273, mrr is 1.00000
---- item 451: map is 0.65820, precision@k is 0.27273, mrr is 1.00000
---- item 501: map is 0.34623, precision@k is 0.27273, mrr is 0.50000
---- item 551: map is 0.56875, precision@k is 0.27273, mrr is 1.00000
---- item 601: map is 0.24590, precision@k is 0.27273, mrr is 0.33333
---- item 651: map is 0.38608, precision@k is 0.09091, mrr is 1.00000
---- item 701: map is 0.36667, precision@k is 0.40000, mrr is 0.33333
[Stat]LDA_User model, Interpolation mode item tagging: Precision@K is 0.22887, MAP is: 0.37905, MRR is: 0.66580, in top 10 tags
264 users are loaded from /home/ll5fy/TUIR/dataset/yelp/byUser_70k_review/5foldsCVColdstart/3/...
260 users are loaded from /home/ll5fy/TUIR/dataset/yelp/byUser_70k_review/5foldsCVColdstart/0/...
244 users are loaded from /home/ll5fy/TUIR/dataset/yelp/byUser_70k_review/5foldsCVColdstart/1/...
266 users are loaded from /home/ll5fy/TUIR/dataset/yelp/byUser_70k_review/5foldsCVColdstart/2/...
256 users are loaded from /home/ll5fy/TUIR/dataset/yelp/byUser_70k_review/5foldsCVColdstart/4/...
[Info]Finish loading 717 items' weights in total 156639 items!
[Info]Begin tagging 717 items with LDA_User Interpolation............
---- item 1: map is 0.67568, precision@k is 0.18182, mrr is 1.00000
---- item 51: map is 0.56016, precision@k is 0.18182, mrr is 1.00000
---- item 101: map is 0.22619, precision@k is 0.28571, mrr is 0.16667
---- item 151: map is 0.09009, precision@k is 0.09091, mrr is 0.16667
---- item 201: map is 0.36558, precision@k is 0.27273, mrr is 0.50000
---- item 251: map is 0.07390, precision@k is 0.09091, mrr is 0.14286
---- item 301: map is 0.27162, precision@k is 0.18182, mrr is 0.33333
---- item 351: map is 0.02783, precision@k is 0.00000, mrr is 0.03704
---- item 401: map is 0.00710, precision@k is 0.00000, mrr is 0.00490
---- item 451: map is 0.59091, precision@k is 0.09091, mrr is 1.00000
---- item 501: map is 1.00000, precision@k is 1.00000, mrr is 1.00000
---- item 551: map is 0.67127, precision@k is 0.18182, mrr is 1.00000
---- item 601: map is 0.05554, precision@k is 0.09091, mrr is 0.14286
---- item 651: map is 0.34528, precision@k is 0.27273, mrr is 0.50000
---- item 701: map is 0.41792, precision@k is 0.36364, mrr is 1.00000
[Stat]LDA_User model, Interpolation mode item tagging: Precision@K is 0.23225, MAP is: 0.37960, MRR is: 0.67279, in top 10 tags
256 users are loaded from /home/ll5fy/TUIR/dataset/yelp/byUser_70k_review/5foldsCVColdstart/4/...
260 users are loaded from /home/ll5fy/TUIR/dataset/yelp/byUser_70k_review/5foldsCVColdstart/0/...
244 users are loaded from /home/ll5fy/TUIR/dataset/yelp/byUser_70k_review/5foldsCVColdstart/1/...
266 users are loaded from /home/ll5fy/TUIR/dataset/yelp/byUser_70k_review/5foldsCVColdstart/2/...
264 users are loaded from /home/ll5fy/TUIR/dataset/yelp/byUser_70k_review/5foldsCVColdstart/3/...
[Info]Finish loading 726 items' weights in total 156639 items!
[Info]Begin tagging 726 items with LDA_User Interpolation............
---- item 1: map is 0.56418, precision@k is 0.18182, mrr is 1.00000
---- item 51: map is 0.22648, precision@k is 0.09091, mrr is 1.00000
---- item 101: map is 0.45444, precision@k is 0.18182, mrr is 1.00000
---- item 151: map is 0.12664, precision@k is 0.09091, mrr is 0.33333
---- item 201: map is 0.70000, precision@k is 0.40000, mrr is 1.00000
---- item 251: map is 0.34902, precision@k is 0.09091, mrr is 1.00000
---- item 301: map is 0.41918, precision@k is 0.18182, mrr is 1.00000
---- item 351: map is 1.00000, precision@k is 1.00000, mrr is 1.00000
---- item 401: map is 0.37813, precision@k is 0.09091, mrr is 1.00000
---- item 451: map is 0.15012, precision@k is 0.09091, mrr is 0.33333
---- item 501: map is 0.65826, precision@k is 0.27273, mrr is 1.00000
---- item 551: map is 0.52607, precision@k is 0.27273, mrr is 1.00000
---- item 601: map is 0.43095, precision@k is 0.27273, mrr is 0.50000
---- item 651: map is 0.70000, precision@k is 0.60000, mrr is 1.00000
---- item 701: map is 0.50904, precision@k is 0.18182, mrr is 1.00000
[Stat]LDA_User model, Interpolation mode item tagging: Precision@K is 0.23404, MAP is: 0.38242, MRR is: 0.67221, in top 10 tags

[Stat]Running time (seconds) 307.89400
[Stat]MAP 0.368+/-0.024
[Stat]MRR 0.664+/-0.020
[Stat]Precision 0.221+/-0.016
