Load 6134 2-gram new features from /home/ll5fy/TUIR/dataset/yelp/yelp_features.txt...
Load 6134 2-gram new features from /home/ll5fy/TUIR/dataset/yelp/yelp_features.txt...
[Info]Start FIXED cross validation...
[Info]Load 553 tags, with 6134 features.
260 users are loaded from /home/ll5fy/TUIR/dataset/yelp/byUser_70k_review/5foldsCVColdstart/0/...
244 users are loaded from /home/ll5fy/TUIR/dataset/yelp/byUser_70k_review/5foldsCVColdstart/1/...
266 users are loaded from /home/ll5fy/TUIR/dataset/yelp/byUser_70k_review/5foldsCVColdstart/2/...
264 users are loaded from /home/ll5fy/TUIR/dataset/yelp/byUser_70k_review/5foldsCVColdstart/3/...
256 users are loaded from /home/ll5fy/TUIR/dataset/yelp/byUser_70k_review/5foldsCVColdstart/4/...
[Info]Finish loading 861 items' weights in total 156639 items!
[Info]Begin tagging 861 items with ETBIR Interpolation............
---- item 1: map is 0.35119, precision@k is 0.09091, mrr is 1.00000
---- item 51: map is 0.52932, precision@k is 0.18182, mrr is 1.00000
---- item 101: map is 1.00000, precision@k is 1.00000, mrr is 1.00000
---- item 151: map is 0.36020, precision@k is 0.09091, mrr is 1.00000
---- item 201: map is 0.34523, precision@k is 0.09091, mrr is 1.00000
---- item 251: map is 0.01931, precision@k is 0.00000, mrr is 0.02381
---- item 301: map is 0.42150, precision@k is 0.18182, mrr is 1.00000
---- item 351: map is 0.51667, precision@k is 0.09091, mrr is 1.00000
---- item 401: map is 0.12933, precision@k is 0.09091, mrr is 0.50000
---- item 451: map is 0.70000, precision@k is 0.18182, mrr is 1.00000
---- item 501: map is 0.34634, precision@k is 0.09091, mrr is 1.00000
---- item 551: map is 1.00000, precision@k is 1.00000, mrr is 1.00000
---- item 601: map is 0.02518, precision@k is 0.00000, mrr is 0.01695
---- item 651: map is 0.26069, precision@k is 0.09091, mrr is 1.00000
---- item 701: map is 0.34225, precision@k is 0.09091, mrr is 1.00000
---- item 751: map is 0.00443, precision@k is 0.00000, mrr is 0.00297
---- item 801: map is 0.35177, precision@k is 0.09091, mrr is 1.00000
---- item 851: map is 0.07849, precision@k is 0.09091, mrr is 0.25000
[Stat]ETBIR model, Interpolation mode item tagging: Precision@K is 0.18396, MAP is: 0.35943, MRR is: 0.75274, in top 10 tags
244 users are loaded from /home/ll5fy/TUIR/dataset/yelp/byUser_70k_review/5foldsCVColdstart/1/...
260 users are loaded from /home/ll5fy/TUIR/dataset/yelp/byUser_70k_review/5foldsCVColdstart/0/...
266 users are loaded from /home/ll5fy/TUIR/dataset/yelp/byUser_70k_review/5foldsCVColdstart/2/...
264 users are loaded from /home/ll5fy/TUIR/dataset/yelp/byUser_70k_review/5foldsCVColdstart/3/...
256 users are loaded from /home/ll5fy/TUIR/dataset/yelp/byUser_70k_review/5foldsCVColdstart/4/...
[Info]Finish loading 861 items' weights in total 156639 items!
[Info]Begin tagging 861 items with ETBIR Interpolation............
---- item 1: map is 0.34425, precision@k is 0.09091, mrr is 1.00000
---- item 51: map is 0.52177, precision@k is 0.18182, mrr is 1.00000
---- item 101: map is 0.83333, precision@k is 0.66667, mrr is 1.00000
---- item 151: map is 0.19656, precision@k is 0.09091, mrr is 0.50000
---- item 201: map is 0.34258, precision@k is 0.09091, mrr is 1.00000
---- item 251: map is 0.13908, precision@k is 0.09091, mrr is 0.25000
---- item 301: map is 0.50496, precision@k is 0.18182, mrr is 1.00000
---- item 351: map is 0.53030, precision@k is 0.09091, mrr is 1.00000
---- item 401: map is 0.23551, precision@k is 0.18182, mrr is 0.50000
---- item 451: map is 0.61438, precision@k is 0.18182, mrr is 1.00000
---- item 501: map is 0.34808, precision@k is 0.09091, mrr is 1.00000
---- item 551: map is 1.00000, precision@k is 1.00000, mrr is 1.00000
---- item 601: map is 0.43876, precision@k is 0.18182, mrr is 1.00000
---- item 651: map is 0.03787, precision@k is 0.09091, mrr is 0.11111
---- item 701: map is 0.17317, precision@k is 0.09091, mrr is 0.50000
---- item 751: map is 0.00448, precision@k is 0.00000, mrr is 0.00298
---- item 801: map is 0.35180, precision@k is 0.09091, mrr is 1.00000
---- item 851: map is 0.09048, precision@k is 0.09091, mrr is 0.25000
[Stat]ETBIR model, Interpolation mode item tagging: Precision@K is 0.21043, MAP is: 0.37550, MRR is: 0.73418, in top 10 tags
266 users are loaded from /home/ll5fy/TUIR/dataset/yelp/byUser_70k_review/5foldsCVColdstart/2/...
260 users are loaded from /home/ll5fy/TUIR/dataset/yelp/byUser_70k_review/5foldsCVColdstart/0/...
244 users are loaded from /home/ll5fy/TUIR/dataset/yelp/byUser_70k_review/5foldsCVColdstart/1/...
264 users are loaded from /home/ll5fy/TUIR/dataset/yelp/byUser_70k_review/5foldsCVColdstart/3/...
256 users are loaded from /home/ll5fy/TUIR/dataset/yelp/byUser_70k_review/5foldsCVColdstart/4/...
[Info]Finish loading 861 items' weights in total 156639 items!
[Info]Begin tagging 861 items with ETBIR Interpolation............
---- item 1: map is 0.35744, precision@k is 0.09091, mrr is 1.00000
---- item 51: map is 0.52954, precision@k is 0.18182, mrr is 1.00000
---- item 101: map is 0.83333, precision@k is 0.66667, mrr is 1.00000
---- item 151: map is 0.19455, precision@k is 0.09091, mrr is 0.50000
---- item 201: map is 0.34392, precision@k is 0.09091, mrr is 1.00000
---- item 251: map is 0.14063, precision@k is 0.09091, mrr is 0.25000
---- item 301: map is 0.50507, precision@k is 0.18182, mrr is 1.00000
---- item 351: map is 0.53125, precision@k is 0.09091, mrr is 1.00000
---- item 401: map is 0.26781, precision@k is 0.18182, mrr is 0.50000
---- item 451: map is 0.61438, precision@k is 0.18182, mrr is 1.00000
---- item 501: map is 0.34603, precision@k is 0.09091, mrr is 1.00000
---- item 551: map is 1.00000, precision@k is 1.00000, mrr is 1.00000
---- item 601: map is 0.43642, precision@k is 0.18182, mrr is 1.00000
---- item 651: map is 0.02903, precision@k is 0.00000, mrr is 0.05263
---- item 701: map is 0.17330, precision@k is 0.09091, mrr is 0.50000
---- item 751: map is 0.00454, precision@k is 0.00000, mrr is 0.00297
---- item 801: map is 0.37896, precision@k is 0.09091, mrr is 1.00000
---- item 851: map is 0.08148, precision@k is 0.09091, mrr is 0.25000
[Stat]ETBIR model, Interpolation mode item tagging: Precision@K is 0.21920, MAP is: 0.37820, MRR is: 0.70945, in top 10 tags
264 users are loaded from /home/ll5fy/TUIR/dataset/yelp/byUser_70k_review/5foldsCVColdstart/3/...
260 users are loaded from /home/ll5fy/TUIR/dataset/yelp/byUser_70k_review/5foldsCVColdstart/0/...
244 users are loaded from /home/ll5fy/TUIR/dataset/yelp/byUser_70k_review/5foldsCVColdstart/1/...
266 users are loaded from /home/ll5fy/TUIR/dataset/yelp/byUser_70k_review/5foldsCVColdstart/2/...
256 users are loaded from /home/ll5fy/TUIR/dataset/yelp/byUser_70k_review/5foldsCVColdstart/4/...
[Info]Finish loading 861 items' weights in total 156639 items!
[Info]Begin tagging 861 items with ETBIR Interpolation............
---- item 1: map is 0.39582, precision@k is 0.09091, mrr is 1.00000
---- item 51: map is 0.46715, precision@k is 0.18182, mrr is 1.00000
---- item 101: map is 0.83333, precision@k is 0.66667, mrr is 1.00000
---- item 151: map is 0.20595, precision@k is 0.09091, mrr is 0.50000
---- item 201: map is 0.34464, precision@k is 0.09091, mrr is 1.00000
---- item 251: map is 0.51124, precision@k is 0.09091, mrr is 1.00000
---- item 301: map is 0.50448, precision@k is 0.18182, mrr is 1.00000
---- item 351: map is 0.61111, precision@k is 0.22222, mrr is 1.00000
---- item 401: map is 0.31672, precision@k is 0.27273, mrr is 0.50000
---- item 451: map is 0.49892, precision@k is 0.18182, mrr is 1.00000
---- item 501: map is 0.34651, precision@k is 0.09091, mrr is 1.00000
---- item 551: map is 0.83333, precision@k is 0.66667, mrr is 1.00000
---- item 601: map is 0.43558, precision@k is 0.18182, mrr is 1.00000
---- item 651: map is 0.03282, precision@k is 0.00000, mrr is 0.06250
---- item 701: map is 0.17712, precision@k is 0.09091, mrr is 0.50000
---- item 751: map is 0.00447, precision@k is 0.00000, mrr is 0.00308
---- item 801: map is 0.42460, precision@k is 0.18182, mrr is 1.00000
---- item 851: map is 0.08310, precision@k is 0.09091, mrr is 0.25000
[Stat]ETBIR model, Interpolation mode item tagging: Precision@K is 0.22769, MAP is: 0.38371, MRR is: 0.69907, in top 10 tags
256 users are loaded from /home/ll5fy/TUIR/dataset/yelp/byUser_70k_review/5foldsCVColdstart/4/...
260 users are loaded from /home/ll5fy/TUIR/dataset/yelp/byUser_70k_review/5foldsCVColdstart/0/...
244 users are loaded from /home/ll5fy/TUIR/dataset/yelp/byUser_70k_review/5foldsCVColdstart/1/...
266 users are loaded from /home/ll5fy/TUIR/dataset/yelp/byUser_70k_review/5foldsCVColdstart/2/...
264 users are loaded from /home/ll5fy/TUIR/dataset/yelp/byUser_70k_review/5foldsCVColdstart/3/...
[Info]Finish loading 861 items' weights in total 156639 items!
[Info]Begin tagging 861 items with ETBIR Interpolation............
---- item 1: map is 0.64881, precision@k is 0.50000, mrr is 1.00000
---- item 51: map is 0.44959, precision@k is 0.18182, mrr is 1.00000
---- item 101: map is 0.83333, precision@k is 0.66667, mrr is 1.00000
---- item 151: map is 0.61496, precision@k is 0.27273, mrr is 1.00000
---- item 201: map is 0.34409, precision@k is 0.09091, mrr is 1.00000
---- item 251: map is 0.14195, precision@k is 0.09091, mrr is 0.25000
---- item 301: map is 0.50486, precision@k is 0.18182, mrr is 1.00000
---- item 351: map is 0.66667, precision@k is 0.33333, mrr is 1.00000
---- item 401: map is 0.35105, precision@k is 0.27273, mrr is 0.50000
---- item 451: map is 0.45455, precision@k is 0.18182, mrr is 1.00000
---- item 501: map is 0.34783, precision@k is 0.09091, mrr is 1.00000
---- item 551: map is 0.83333, precision@k is 0.66667, mrr is 1.00000
---- item 601: map is 0.43754, precision@k is 0.18182, mrr is 1.00000
---- item 651: map is 0.04231, precision@k is 0.09091, mrr is 0.14286
---- item 701: map is 0.17678, precision@k is 0.09091, mrr is 0.50000
---- item 751: map is 0.00455, precision@k is 0.00000, mrr is 0.00299
---- item 801: map is 0.35952, precision@k is 0.09091, mrr is 1.00000
---- item 851: map is 0.11537, precision@k is 0.09091, mrr is 0.33333
[Stat]ETBIR model, Interpolation mode item tagging: Precision@K is 0.22240, MAP is: 0.37766, MRR is: 0.68998, in top 10 tags

[Stat]Running time (seconds) 368.39300
[Stat]MAP 0.375+/-0.008
[Stat]MRR 0.717+/-0.023
[Stat]Precision 0.213+/-0.015
