Load 6134 2-gram new features from /home/ll5fy/TUIR/dataset/yelp/yelp_features.txt...
Load 6134 2-gram new features from /home/ll5fy/TUIR/dataset/yelp/yelp_features.txt...
[Info]Start FIXED cross validation...
[Info]Load 553 tags, with 6134 features.
260 users are loaded from /home/ll5fy/TUIR/dataset/yelp/byUser_70k_review/5foldsCVColdstart/0/...
244 users are loaded from /home/ll5fy/TUIR/dataset/yelp/byUser_70k_review/5foldsCVColdstart/1/...
266 users are loaded from /home/ll5fy/TUIR/dataset/yelp/byUser_70k_review/5foldsCVColdstart/2/...
264 users are loaded from /home/ll5fy/TUIR/dataset/yelp/byUser_70k_review/5foldsCVColdstart/3/...
256 users are loaded from /home/ll5fy/TUIR/dataset/yelp/byUser_70k_review/5foldsCVColdstart/4/...
[Info]Finish loading 861 items' weights in total 156639 items!
[Info]Begin tagging 861 items with ETBIR Interpolation............
---- item 1: map is 0.34807, precision@k is 0.09091, mrr is 1.00000
---- item 51: map is 0.52660, precision@k is 0.18182, mrr is 1.00000
---- item 101: map is 1.00000, precision@k is 1.00000, mrr is 1.00000
---- item 151: map is 0.36039, precision@k is 0.09091, mrr is 1.00000
---- item 201: map is 0.34416, precision@k is 0.09091, mrr is 1.00000
---- item 251: map is 0.06403, precision@k is 0.09091, mrr is 0.11111
---- item 301: map is 0.50569, precision@k is 0.18182, mrr is 1.00000
---- item 351: map is 0.51754, precision@k is 0.09091, mrr is 1.00000
---- item 401: map is 0.13215, precision@k is 0.09091, mrr is 0.50000
---- item 451: map is 0.59004, precision@k is 0.18182, mrr is 1.00000
---- item 501: map is 0.34650, precision@k is 0.09091, mrr is 1.00000
---- item 551: map is 1.00000, precision@k is 1.00000, mrr is 1.00000
---- item 601: map is 0.02636, precision@k is 0.00000, mrr is 0.02326
---- item 651: map is 0.03319, precision@k is 0.00000, mrr is 0.08333
---- item 701: map is 0.34148, precision@k is 0.09091, mrr is 1.00000
---- item 751: map is 0.00448, precision@k is 0.00000, mrr is 0.00305
---- item 801: map is 0.34926, precision@k is 0.09091, mrr is 1.00000
---- item 851: map is 0.08169, precision@k is 0.09091, mrr is 0.25000
[Stat]ETBIR model, Interpolation mode item tagging: Precision@K is 0.18721, MAP is: 0.36161, MRR is: 0.75127, in top 10 tags
244 users are loaded from /home/ll5fy/TUIR/dataset/yelp/byUser_70k_review/5foldsCVColdstart/1/...
260 users are loaded from /home/ll5fy/TUIR/dataset/yelp/byUser_70k_review/5foldsCVColdstart/0/...
266 users are loaded from /home/ll5fy/TUIR/dataset/yelp/byUser_70k_review/5foldsCVColdstart/2/...
264 users are loaded from /home/ll5fy/TUIR/dataset/yelp/byUser_70k_review/5foldsCVColdstart/3/...
256 users are loaded from /home/ll5fy/TUIR/dataset/yelp/byUser_70k_review/5foldsCVColdstart/4/...
[Info]Finish loading 861 items' weights in total 156639 items!
[Info]Begin tagging 861 items with ETBIR Interpolation............
---- item 1: map is 0.34802, precision@k is 0.09091, mrr is 1.00000
---- item 51: map is 0.53449, precision@k is 0.18182, mrr is 1.00000
---- item 101: map is 0.83333, precision@k is 0.66667, mrr is 1.00000
---- item 151: map is 0.20497, precision@k is 0.09091, mrr is 0.50000
---- item 201: map is 0.34562, precision@k is 0.09091, mrr is 1.00000
---- item 251: map is 0.13690, precision@k is 0.09091, mrr is 0.25000
---- item 301: map is 0.50514, precision@k is 0.18182, mrr is 1.00000
---- item 351: map is 0.51852, precision@k is 0.09091, mrr is 1.00000
---- item 401: map is 0.23224, precision@k is 0.18182, mrr is 0.50000
---- item 451: map is 0.60819, precision@k is 0.18182, mrr is 1.00000
---- item 501: map is 0.34713, precision@k is 0.09091, mrr is 1.00000
---- item 551: map is 1.00000, precision@k is 1.00000, mrr is 1.00000
---- item 601: map is 0.43687, precision@k is 0.18182, mrr is 1.00000
---- item 651: map is 0.03315, precision@k is 0.00000, mrr is 0.08333
---- item 701: map is 0.17308, precision@k is 0.09091, mrr is 0.50000
---- item 751: map is 0.00444, precision@k is 0.00000, mrr is 0.00292
---- item 801: map is 0.35321, precision@k is 0.09091, mrr is 1.00000
---- item 851: map is 0.08593, precision@k is 0.09091, mrr is 0.25000
[Stat]ETBIR model, Interpolation mode item tagging: Precision@K is 0.21241, MAP is: 0.37614, MRR is: 0.73095, in top 10 tags
266 users are loaded from /home/ll5fy/TUIR/dataset/yelp/byUser_70k_review/5foldsCVColdstart/2/...
260 users are loaded from /home/ll5fy/TUIR/dataset/yelp/byUser_70k_review/5foldsCVColdstart/0/...
244 users are loaded from /home/ll5fy/TUIR/dataset/yelp/byUser_70k_review/5foldsCVColdstart/1/...
264 users are loaded from /home/ll5fy/TUIR/dataset/yelp/byUser_70k_review/5foldsCVColdstart/3/...
256 users are loaded from /home/ll5fy/TUIR/dataset/yelp/byUser_70k_review/5foldsCVColdstart/4/...
[Info]Finish loading 861 items' weights in total 156639 items!
[Info]Begin tagging 861 items with ETBIR Interpolation............
---- item 1: map is 0.35618, precision@k is 0.09091, mrr is 1.00000
---- item 51: map is 0.54079, precision@k is 0.18182, mrr is 1.00000
---- item 101: map is 0.83333, precision@k is 0.66667, mrr is 1.00000
---- item 151: map is 0.19743, precision@k is 0.09091, mrr is 0.50000
---- item 201: map is 0.34479, precision@k is 0.09091, mrr is 1.00000
---- item 251: map is 0.14167, precision@k is 0.09091, mrr is 0.25000
---- item 301: map is 0.50495, precision@k is 0.18182, mrr is 1.00000
---- item 351: map is 0.55556, precision@k is 0.09091, mrr is 1.00000
---- item 401: map is 0.28487, precision@k is 0.27273, mrr is 0.50000
---- item 451: map is 0.60819, precision@k is 0.18182, mrr is 1.00000
---- item 501: map is 0.34568, precision@k is 0.09091, mrr is 1.00000
---- item 551: map is 1.00000, precision@k is 1.00000, mrr is 1.00000
---- item 601: map is 0.43552, precision@k is 0.18182, mrr is 1.00000
---- item 651: map is 0.02431, precision@k is 0.00000, mrr is 0.03333
---- item 701: map is 0.17856, precision@k is 0.09091, mrr is 0.50000
---- item 751: map is 0.00454, precision@k is 0.00000, mrr is 0.00287
---- item 801: map is 0.40730, precision@k is 0.18182, mrr is 1.00000
---- item 851: map is 0.07769, precision@k is 0.09091, mrr is 0.25000
[Stat]ETBIR model, Interpolation mode item tagging: Precision@K is 0.22158, MAP is: 0.38426, MRR is: 0.71430, in top 10 tags
264 users are loaded from /home/ll5fy/TUIR/dataset/yelp/byUser_70k_review/5foldsCVColdstart/3/...
260 users are loaded from /home/ll5fy/TUIR/dataset/yelp/byUser_70k_review/5foldsCVColdstart/0/...
244 users are loaded from /home/ll5fy/TUIR/dataset/yelp/byUser_70k_review/5foldsCVColdstart/1/...
266 users are loaded from /home/ll5fy/TUIR/dataset/yelp/byUser_70k_review/5foldsCVColdstart/2/...
256 users are loaded from /home/ll5fy/TUIR/dataset/yelp/byUser_70k_review/5foldsCVColdstart/4/...
[Info]Finish loading 861 items' weights in total 156639 items!
[Info]Begin tagging 861 items with ETBIR Interpolation............
---- item 1: map is 0.41872, precision@k is 0.18182, mrr is 1.00000
---- item 51: map is 0.46046, precision@k is 0.18182, mrr is 1.00000
---- item 101: map is 0.83333, precision@k is 0.66667, mrr is 1.00000
---- item 151: map is 0.20934, precision@k is 0.09091, mrr is 0.50000
---- item 201: map is 0.34483, precision@k is 0.09091, mrr is 1.00000
---- item 251: map is 0.51282, precision@k is 0.09091, mrr is 1.00000
---- item 301: map is 0.50437, precision@k is 0.18182, mrr is 1.00000
---- item 351: map is 0.59091, precision@k is 0.09091, mrr is 1.00000
---- item 401: map is 0.31631, precision@k is 0.27273, mrr is 0.50000
---- item 451: map is 0.48939, precision@k is 0.18182, mrr is 1.00000
---- item 501: map is 0.34547, precision@k is 0.09091, mrr is 1.00000
---- item 551: map is 0.83333, precision@k is 0.66667, mrr is 1.00000
---- item 601: map is 0.43517, precision@k is 0.18182, mrr is 1.00000
---- item 651: map is 0.03545, precision@k is 0.00000, mrr is 0.09091
---- item 701: map is 0.17648, precision@k is 0.09091, mrr is 0.50000
---- item 751: map is 0.00449, precision@k is 0.00000, mrr is 0.00292
---- item 801: map is 0.40188, precision@k is 0.09091, mrr is 1.00000
---- item 851: map is 0.10348, precision@k is 0.09091, mrr is 0.33333
[Stat]ETBIR model, Interpolation mode item tagging: Precision@K is 0.22521, MAP is: 0.38221, MRR is: 0.69708, in top 10 tags
256 users are loaded from /home/ll5fy/TUIR/dataset/yelp/byUser_70k_review/5foldsCVColdstart/4/...
260 users are loaded from /home/ll5fy/TUIR/dataset/yelp/byUser_70k_review/5foldsCVColdstart/0/...
244 users are loaded from /home/ll5fy/TUIR/dataset/yelp/byUser_70k_review/5foldsCVColdstart/1/...
266 users are loaded from /home/ll5fy/TUIR/dataset/yelp/byUser_70k_review/5foldsCVColdstart/2/...
264 users are loaded from /home/ll5fy/TUIR/dataset/yelp/byUser_70k_review/5foldsCVColdstart/3/...
[Info]Finish loading 861 items' weights in total 156639 items!
[Info]Begin tagging 861 items with ETBIR Interpolation............
---- item 1: map is 0.64881, precision@k is 0.50000, mrr is 1.00000
---- item 51: map is 0.44196, precision@k is 0.18182, mrr is 1.00000
---- item 101: map is 0.83333, precision@k is 0.66667, mrr is 1.00000
---- item 151: map is 0.61504, precision@k is 0.27273, mrr is 1.00000
---- item 201: map is 0.34407, precision@k is 0.09091, mrr is 1.00000
---- item 251: map is 0.14352, precision@k is 0.09091, mrr is 0.25000
---- item 301: map is 0.50555, precision@k is 0.18182, mrr is 1.00000
---- item 351: map is 0.61111, precision@k is 0.22222, mrr is 1.00000
---- item 401: map is 0.35199, precision@k is 0.27273, mrr is 0.50000
---- item 451: map is 0.45486, precision@k is 0.18182, mrr is 1.00000
---- item 501: map is 0.34743, precision@k is 0.09091, mrr is 1.00000
---- item 551: map is 0.83333, precision@k is 0.66667, mrr is 1.00000
---- item 601: map is 0.43921, precision@k is 0.18182, mrr is 1.00000
---- item 651: map is 0.03259, precision@k is 0.00000, mrr is 0.08333
---- item 701: map is 0.17532, precision@k is 0.09091, mrr is 0.50000
---- item 751: map is 0.00452, precision@k is 0.00000, mrr is 0.00292
---- item 801: map is 0.36231, precision@k is 0.09091, mrr is 1.00000
---- item 851: map is 0.10937, precision@k is 0.09091, mrr is 0.33333
[Stat]ETBIR model, Interpolation mode item tagging: Precision@K is 0.22156, MAP is: 0.37563, MRR is: 0.68892, in top 10 tags

[Stat]Running time (seconds) 366.76500
[Stat]MAP 0.376+/-0.008
[Stat]MRR 0.717+/-0.023
[Stat]Precision 0.214+/-0.014
