Load 6134 2-gram new features from /home/ll5fy/TUIR/dataset/yelp/yelp_features.txt...
Load 6134 2-gram new features from /home/ll5fy/TUIR/dataset/yelp/yelp_features.txt...
[Info]Start FIXED cross validation...
[Info]Load 553 tags, with 6134 features.
260 users are loaded from /home/ll5fy/TUIR/dataset/yelp/byUser_70k_review/5foldsCVColdstart/0/...
244 users are loaded from /home/ll5fy/TUIR/dataset/yelp/byUser_70k_review/5foldsCVColdstart/1/...
266 users are loaded from /home/ll5fy/TUIR/dataset/yelp/byUser_70k_review/5foldsCVColdstart/2/...
264 users are loaded from /home/ll5fy/TUIR/dataset/yelp/byUser_70k_review/5foldsCVColdstart/3/...
256 users are loaded from /home/ll5fy/TUIR/dataset/yelp/byUser_70k_review/5foldsCVColdstart/4/...
[Info]Finish loading 861 items' weights in total 156639 items!
[Info]Begin tagging 861 items with ETBIR Interpolation............
---- item 1: map is 0.34657, precision@k is 0.09091, mrr is 1.00000
---- item 51: map is 0.52929, precision@k is 0.18182, mrr is 1.00000
---- item 101: map is 1.00000, precision@k is 1.00000, mrr is 1.00000
---- item 151: map is 0.35987, precision@k is 0.09091, mrr is 1.00000
---- item 201: map is 0.34526, precision@k is 0.09091, mrr is 1.00000
---- item 251: map is 0.01054, precision@k is 0.00000, mrr is 0.00826
---- item 301: map is 0.26303, precision@k is 0.09091, mrr is 1.00000
---- item 351: map is 0.51429, precision@k is 0.09091, mrr is 1.00000
---- item 401: map is 0.09429, precision@k is 0.09091, mrr is 0.33333
---- item 451: map is 0.40115, precision@k is 0.09091, mrr is 1.00000
---- item 501: map is 0.02400, precision@k is 0.00000, mrr is 0.03226
---- item 551: map is 1.00000, precision@k is 1.00000, mrr is 1.00000
---- item 601: map is 0.02518, precision@k is 0.00000, mrr is 0.01695
---- item 651: map is 0.26069, precision@k is 0.09091, mrr is 1.00000
---- item 701: map is 0.34225, precision@k is 0.09091, mrr is 1.00000
---- item 751: map is 0.00444, precision@k is 0.00000, mrr is 0.00298
---- item 801: map is 0.35013, precision@k is 0.09091, mrr is 1.00000
---- item 851: map is 0.06314, precision@k is 0.09091, mrr is 0.16667
[Stat]ETBIR model, Interpolation mode item tagging: Precision@K is 0.15296, MAP is: 0.33768, MRR is: 0.77278, in top 10 tags
244 users are loaded from /home/ll5fy/TUIR/dataset/yelp/byUser_70k_review/5foldsCVColdstart/1/...
260 users are loaded from /home/ll5fy/TUIR/dataset/yelp/byUser_70k_review/5foldsCVColdstart/0/...
266 users are loaded from /home/ll5fy/TUIR/dataset/yelp/byUser_70k_review/5foldsCVColdstart/2/...
264 users are loaded from /home/ll5fy/TUIR/dataset/yelp/byUser_70k_review/5foldsCVColdstart/3/...
256 users are loaded from /home/ll5fy/TUIR/dataset/yelp/byUser_70k_review/5foldsCVColdstart/4/...
[Info]Finish loading 861 items' weights in total 156639 items!
[Info]Begin tagging 861 items with ETBIR Interpolation............
---- item 1: map is 0.34247, precision@k is 0.09091, mrr is 1.00000
---- item 51: map is 0.52204, precision@k is 0.18182, mrr is 1.00000
---- item 101: map is 1.00000, precision@k is 1.00000, mrr is 1.00000
---- item 151: map is 0.19440, precision@k is 0.09091, mrr is 0.50000
---- item 201: map is 0.34271, precision@k is 0.09091, mrr is 1.00000
---- item 251: map is 0.03159, precision@k is 0.00000, mrr is 0.04167
---- item 301: map is 0.50496, precision@k is 0.18182, mrr is 1.00000
---- item 351: map is 0.52500, precision@k is 0.09091, mrr is 1.00000
---- item 401: map is 0.16379, precision@k is 0.09091, mrr is 0.50000
---- item 451: map is 0.73333, precision@k is 0.18182, mrr is 1.00000
---- item 501: map is 0.02251, precision@k is 0.00000, mrr is 0.02326
---- item 551: map is 1.00000, precision@k is 1.00000, mrr is 1.00000
---- item 601: map is 0.31066, precision@k is 0.09091, mrr is 1.00000
---- item 651: map is 0.04009, precision@k is 0.09091, mrr is 0.12500
---- item 701: map is 0.17304, precision@k is 0.09091, mrr is 0.50000
---- item 751: map is 0.00450, precision@k is 0.00000, mrr is 0.00302
---- item 801: map is 0.34799, precision@k is 0.09091, mrr is 1.00000
---- item 851: map is 0.08653, precision@k is 0.09091, mrr is 0.25000
[Stat]ETBIR model, Interpolation mode item tagging: Precision@K is 0.18497, MAP is: 0.35925, MRR is: 0.76091, in top 10 tags
266 users are loaded from /home/ll5fy/TUIR/dataset/yelp/byUser_70k_review/5foldsCVColdstart/2/...
260 users are loaded from /home/ll5fy/TUIR/dataset/yelp/byUser_70k_review/5foldsCVColdstart/0/...
244 users are loaded from /home/ll5fy/TUIR/dataset/yelp/byUser_70k_review/5foldsCVColdstart/1/...
264 users are loaded from /home/ll5fy/TUIR/dataset/yelp/byUser_70k_review/5foldsCVColdstart/3/...
256 users are loaded from /home/ll5fy/TUIR/dataset/yelp/byUser_70k_review/5foldsCVColdstart/4/...
[Info]Finish loading 861 items' weights in total 156639 items!
[Info]Begin tagging 861 items with ETBIR Interpolation............
---- item 1: map is 0.34595, precision@k is 0.09091, mrr is 1.00000
---- item 51: map is 0.52902, precision@k is 0.18182, mrr is 1.00000
---- item 101: map is 1.00000, precision@k is 1.00000, mrr is 1.00000
---- item 151: map is 0.19246, precision@k is 0.09091, mrr is 0.50000
---- item 201: map is 0.34392, precision@k is 0.09091, mrr is 1.00000
---- item 251: map is 0.07230, precision@k is 0.09091, mrr is 0.12500
---- item 301: map is 0.50506, precision@k is 0.18182, mrr is 1.00000
---- item 351: map is 0.52000, precision@k is 0.09091, mrr is 1.00000
---- item 401: map is 0.22815, precision@k is 0.18182, mrr is 0.50000
---- item 451: map is 0.61806, precision@k is 0.18182, mrr is 1.00000
---- item 501: map is 0.17949, precision@k is 0.09091, mrr is 0.50000
---- item 551: map is 1.00000, precision@k is 1.00000, mrr is 1.00000
---- item 601: map is 0.43674, precision@k is 0.18182, mrr is 1.00000
---- item 651: map is 0.02846, precision@k is 0.00000, mrr is 0.05000
---- item 701: map is 0.17297, precision@k is 0.09091, mrr is 0.50000
---- item 751: map is 0.00455, precision@k is 0.00000, mrr is 0.00299
---- item 801: map is 0.35692, precision@k is 0.09091, mrr is 1.00000
---- item 851: map is 0.07552, precision@k is 0.09091, mrr is 0.25000
[Stat]ETBIR model, Interpolation mode item tagging: Precision@K is 0.19987, MAP is: 0.37305, MRR is: 0.74891, in top 10 tags
264 users are loaded from /home/ll5fy/TUIR/dataset/yelp/byUser_70k_review/5foldsCVColdstart/3/...
260 users are loaded from /home/ll5fy/TUIR/dataset/yelp/byUser_70k_review/5foldsCVColdstart/0/...
244 users are loaded from /home/ll5fy/TUIR/dataset/yelp/byUser_70k_review/5foldsCVColdstart/1/...
266 users are loaded from /home/ll5fy/TUIR/dataset/yelp/byUser_70k_review/5foldsCVColdstart/2/...
256 users are loaded from /home/ll5fy/TUIR/dataset/yelp/byUser_70k_review/5foldsCVColdstart/4/...
[Info]Finish loading 861 items' weights in total 156639 items!
[Info]Begin tagging 861 items with ETBIR Interpolation............
---- item 1: map is 0.34824, precision@k is 0.09091, mrr is 1.00000
---- item 51: map is 0.54900, precision@k is 0.18182, mrr is 1.00000
---- item 101: map is 1.00000, precision@k is 1.00000, mrr is 1.00000
---- item 151: map is 0.20333, precision@k is 0.09091, mrr is 0.50000
---- item 201: map is 0.34491, precision@k is 0.09091, mrr is 1.00000
---- item 251: map is 0.50752, precision@k is 0.09091, mrr is 1.00000
---- item 301: map is 0.50448, precision@k is 0.18182, mrr is 1.00000
---- item 351: map is 0.54545, precision@k is 0.09091, mrr is 1.00000
---- item 401: map is 0.23704, precision@k is 0.18182, mrr is 0.50000
---- item 451: map is 0.58889, precision@k is 0.18182, mrr is 1.00000
---- item 501: map is 0.34700, precision@k is 0.09091, mrr is 1.00000
---- item 551: map is 1.00000, precision@k is 1.00000, mrr is 1.00000
---- item 601: map is 0.43595, precision@k is 0.18182, mrr is 1.00000
---- item 651: map is 0.03049, precision@k is 0.00000, mrr is 0.05263
---- item 701: map is 0.17642, precision@k is 0.09091, mrr is 0.50000
---- item 751: map is 0.00449, precision@k is 0.00000, mrr is 0.00312
---- item 801: map is 0.40194, precision@k is 0.09091, mrr is 1.00000
---- item 851: map is 0.07653, precision@k is 0.09091, mrr is 0.25000
[Stat]ETBIR model, Interpolation mode item tagging: Precision@K is 0.21243, MAP is: 0.38146, MRR is: 0.73313, in top 10 tags
256 users are loaded from /home/ll5fy/TUIR/dataset/yelp/byUser_70k_review/5foldsCVColdstart/4/...
260 users are loaded from /home/ll5fy/TUIR/dataset/yelp/byUser_70k_review/5foldsCVColdstart/0/...
244 users are loaded from /home/ll5fy/TUIR/dataset/yelp/byUser_70k_review/5foldsCVColdstart/1/...
266 users are loaded from /home/ll5fy/TUIR/dataset/yelp/byUser_70k_review/5foldsCVColdstart/2/...
264 users are loaded from /home/ll5fy/TUIR/dataset/yelp/byUser_70k_review/5foldsCVColdstart/3/...
[Info]Finish loading 861 items' weights in total 156639 items!
[Info]Begin tagging 861 items with ETBIR Interpolation............
---- item 1: map is 0.62405, precision@k is 0.27273, mrr is 1.00000
---- item 51: map is 0.53270, precision@k is 0.18182, mrr is 1.00000
---- item 101: map is 0.83333, precision@k is 0.66667, mrr is 1.00000
---- item 151: map is 0.48158, precision@k is 0.27273, mrr is 1.00000
---- item 201: map is 0.34424, precision@k is 0.09091, mrr is 1.00000
---- item 251: map is 0.10990, precision@k is 0.09091, mrr is 0.20000
---- item 301: map is 0.50485, precision@k is 0.18182, mrr is 1.00000
---- item 351: map is 0.53704, precision@k is 0.09091, mrr is 1.00000
---- item 401: map is 0.28719, precision@k is 0.18182, mrr is 0.50000
---- item 451: map is 0.51020, precision@k is 0.18182, mrr is 1.00000
---- item 501: map is 0.34831, precision@k is 0.09091, mrr is 1.00000
---- item 551: map is 1.00000, precision@k is 1.00000, mrr is 1.00000
---- item 601: map is 0.43845, precision@k is 0.18182, mrr is 1.00000
---- item 651: map is 0.04150, precision@k is 0.09091, mrr is 0.14286
---- item 701: map is 0.17556, precision@k is 0.09091, mrr is 0.50000
---- item 751: map is 0.00457, precision@k is 0.00000, mrr is 0.00303
---- item 801: map is 0.35049, precision@k is 0.09091, mrr is 1.00000
---- item 851: map is 0.10397, precision@k is 0.09091, mrr is 0.25000
[Stat]ETBIR model, Interpolation mode item tagging: Precision@K is 0.21533, MAP is: 0.38184, MRR is: 0.73217, in top 10 tags

[Stat]Running time (seconds) 366.99800
[Stat]MAP 0.367+/-0.017
[Stat]MRR 0.750+/-0.016
[Stat]Precision 0.193+/-0.023
