Load 6134 2-gram new features from /home/ll5fy/TUIR/dataset/yelp/yelp_features.txt...
Load 6134 2-gram new features from /home/ll5fy/TUIR/dataset/yelp/yelp_features.txt...
[Info]Start FIXED cross validation...
[Info]Load 553 tags, with 6134 features.
260 users are loaded from /home/ll5fy/TUIR/dataset/yelp/byUser_70k_review/5foldsCVColdstart/0/...
244 users are loaded from /home/ll5fy/TUIR/dataset/yelp/byUser_70k_review/5foldsCVColdstart/1/...
266 users are loaded from /home/ll5fy/TUIR/dataset/yelp/byUser_70k_review/5foldsCVColdstart/2/...
264 users are loaded from /home/ll5fy/TUIR/dataset/yelp/byUser_70k_review/5foldsCVColdstart/3/...
256 users are loaded from /home/ll5fy/TUIR/dataset/yelp/byUser_70k_review/5foldsCVColdstart/4/...
[Info]Finish loading 861 items' weights in total 156639 items!
[Info]Begin tagging 861 items with ETBIR_User Interpolation............
---- item 1: map is 0.36089, precision@k is 0.09091, mrr is 1.00000
---- item 51: map is 0.56458, precision@k is 0.18182, mrr is 1.00000
---- item 101: map is 1.00000, precision@k is 1.00000, mrr is 1.00000
---- item 151: map is 0.20615, precision@k is 0.09091, mrr is 0.50000
---- item 201: map is 0.34698, precision@k is 0.09091, mrr is 1.00000
---- item 251: map is 0.01586, precision@k is 0.00000, mrr is 0.01961
---- item 301: map is 0.50608, precision@k is 0.18182, mrr is 1.00000
---- item 351: map is 0.51695, precision@k is 0.09091, mrr is 1.00000
---- item 401: map is 0.12513, precision@k is 0.09091, mrr is 0.50000
---- item 451: map is 0.57995, precision@k is 0.18182, mrr is 1.00000
---- item 501: map is 0.34600, precision@k is 0.09091, mrr is 1.00000
---- item 551: map is 1.00000, precision@k is 1.00000, mrr is 1.00000
---- item 601: map is 0.02326, precision@k is 0.00000, mrr is 0.02000
---- item 651: map is 0.02643, precision@k is 0.00000, mrr is 0.03448
---- item 701: map is 0.34436, precision@k is 0.09091, mrr is 1.00000
---- item 751: map is 0.00429, precision@k is 0.00000, mrr is 0.00279
---- item 801: map is 0.38972, precision@k is 0.09091, mrr is 1.00000
---- item 851: map is 0.07714, precision@k is 0.09091, mrr is 0.25000
[Stat]ETBIR_User model, Interpolation mode item tagging: Precision@K is 0.19314, MAP is: 0.36416, MRR is: 0.73495, in top 10 tags
244 users are loaded from /home/ll5fy/TUIR/dataset/yelp/byUser_70k_review/5foldsCVColdstart/1/...
260 users are loaded from /home/ll5fy/TUIR/dataset/yelp/byUser_70k_review/5foldsCVColdstart/0/...
266 users are loaded from /home/ll5fy/TUIR/dataset/yelp/byUser_70k_review/5foldsCVColdstart/2/...
264 users are loaded from /home/ll5fy/TUIR/dataset/yelp/byUser_70k_review/5foldsCVColdstart/3/...
256 users are loaded from /home/ll5fy/TUIR/dataset/yelp/byUser_70k_review/5foldsCVColdstart/4/...
[Info]Finish loading 861 items' weights in total 156639 items!
[Info]Begin tagging 861 items with ETBIR_User Interpolation............
---- item 1: map is 0.35842, precision@k is 0.09091, mrr is 1.00000
---- item 51: map is 0.55833, precision@k is 0.18182, mrr is 1.00000
---- item 101: map is 0.83333, precision@k is 0.66667, mrr is 1.00000
---- item 151: map is 0.20674, precision@k is 0.09091, mrr is 0.50000
---- item 201: map is 0.34580, precision@k is 0.09091, mrr is 1.00000
---- item 251: map is 0.13401, precision@k is 0.09091, mrr is 0.25000
---- item 301: map is 0.50636, precision@k is 0.18182, mrr is 1.00000
---- item 351: map is 0.52778, precision@k is 0.09091, mrr is 1.00000
---- item 401: map is 0.22570, precision@k is 0.18182, mrr is 0.50000
---- item 451: map is 0.58187, precision@k is 0.18182, mrr is 1.00000
---- item 501: map is 0.34585, precision@k is 0.09091, mrr is 1.00000
---- item 551: map is 1.00000, precision@k is 1.00000, mrr is 1.00000
---- item 601: map is 0.43143, precision@k is 0.18182, mrr is 1.00000
---- item 651: map is 0.02980, precision@k is 0.00000, mrr is 0.05882
---- item 701: map is 0.18093, precision@k is 0.09091, mrr is 0.50000
---- item 751: map is 0.00440, precision@k is 0.00000, mrr is 0.00282
---- item 801: map is 0.36541, precision@k is 0.09091, mrr is 1.00000
---- item 851: map is 0.07959, precision@k is 0.09091, mrr is 0.25000
[Stat]ETBIR_User model, Interpolation mode item tagging: Precision@K is 0.21594, MAP is: 0.37741, MRR is: 0.71454, in top 10 tags
266 users are loaded from /home/ll5fy/TUIR/dataset/yelp/byUser_70k_review/5foldsCVColdstart/2/...
260 users are loaded from /home/ll5fy/TUIR/dataset/yelp/byUser_70k_review/5foldsCVColdstart/0/...
244 users are loaded from /home/ll5fy/TUIR/dataset/yelp/byUser_70k_review/5foldsCVColdstart/1/...
264 users are loaded from /home/ll5fy/TUIR/dataset/yelp/byUser_70k_review/5foldsCVColdstart/3/...
256 users are loaded from /home/ll5fy/TUIR/dataset/yelp/byUser_70k_review/5foldsCVColdstart/4/...
[Info]Finish loading 861 items' weights in total 156639 items!
[Info]Begin tagging 861 items with ETBIR_User Interpolation............
---- item 1: map is 0.41875, precision@k is 0.18182, mrr is 1.00000
---- item 51: map is 0.42203, precision@k is 0.18182, mrr is 1.00000
---- item 101: map is 0.83333, precision@k is 0.66667, mrr is 1.00000
---- item 151: map is 0.20979, precision@k is 0.09091, mrr is 0.50000
---- item 201: map is 0.34487, precision@k is 0.09091, mrr is 1.00000
---- item 251: map is 0.13553, precision@k is 0.09091, mrr is 0.25000
---- item 301: map is 0.50660, precision@k is 0.18182, mrr is 1.00000
---- item 351: map is 0.52500, precision@k is 0.09091, mrr is 1.00000
---- item 401: map is 0.27466, precision@k is 0.27273, mrr is 0.50000
---- item 451: map is 0.58120, precision@k is 0.18182, mrr is 1.00000
---- item 501: map is 0.34477, precision@k is 0.09091, mrr is 1.00000
---- item 551: map is 1.00000, precision@k is 1.00000, mrr is 1.00000
---- item 601: map is 0.43208, precision@k is 0.18182, mrr is 1.00000
---- item 651: map is 0.02965, precision@k is 0.00000, mrr is 0.06667
---- item 701: map is 0.18283, precision@k is 0.09091, mrr is 0.50000
---- item 751: map is 0.00436, precision@k is 0.00000, mrr is 0.00274
---- item 801: map is 0.37277, precision@k is 0.09091, mrr is 1.00000
---- item 851: map is 0.09670, precision@k is 0.09091, mrr is 0.33333
[Stat]ETBIR_User model, Interpolation mode item tagging: Precision@K is 0.22010, MAP is: 0.37644, MRR is: 0.69477, in top 10 tags
264 users are loaded from /home/ll5fy/TUIR/dataset/yelp/byUser_70k_review/5foldsCVColdstart/3/...
260 users are loaded from /home/ll5fy/TUIR/dataset/yelp/byUser_70k_review/5foldsCVColdstart/0/...
244 users are loaded from /home/ll5fy/TUIR/dataset/yelp/byUser_70k_review/5foldsCVColdstart/1/...
266 users are loaded from /home/ll5fy/TUIR/dataset/yelp/byUser_70k_review/5foldsCVColdstart/2/...
256 users are loaded from /home/ll5fy/TUIR/dataset/yelp/byUser_70k_review/5foldsCVColdstart/4/...
[Info]Finish loading 861 items' weights in total 156639 items!
[Info]Begin tagging 861 items with ETBIR_User Interpolation............
---- item 1: map is 0.50204, precision@k is 0.18182, mrr is 1.00000
---- item 51: map is 0.43939, precision@k is 0.18182, mrr is 1.00000
---- item 101: map is 0.83333, precision@k is 0.66667, mrr is 1.00000
---- item 151: map is 0.20905, precision@k is 0.09091, mrr is 0.50000
---- item 201: map is 0.34626, precision@k is 0.09091, mrr is 1.00000
---- item 251: map is 0.50971, precision@k is 0.09091, mrr is 1.00000
---- item 301: map is 0.50496, precision@k is 0.18182, mrr is 1.00000
---- item 351: map is 0.57692, precision@k is 0.09091, mrr is 1.00000
---- item 401: map is 0.34853, precision@k is 0.27273, mrr is 0.50000
---- item 451: map is 0.46883, precision@k is 0.18182, mrr is 1.00000
---- item 501: map is 0.34636, precision@k is 0.09091, mrr is 1.00000
---- item 551: map is 0.75000, precision@k is 0.50000, mrr is 1.00000
---- item 601: map is 0.43333, precision@k is 0.18182, mrr is 1.00000
---- item 651: map is 0.03193, precision@k is 0.00000, mrr is 0.07143
---- item 701: map is 0.17816, precision@k is 0.09091, mrr is 0.50000
---- item 751: map is 0.00426, precision@k is 0.00000, mrr is 0.00267
---- item 801: map is 0.39268, precision@k is 0.09091, mrr is 1.00000
---- item 851: map is 0.09809, precision@k is 0.09091, mrr is 0.33333
[Stat]ETBIR_User model, Interpolation mode item tagging: Precision@K is 0.22138, MAP is: 0.37346, MRR is: 0.68176, in top 10 tags
256 users are loaded from /home/ll5fy/TUIR/dataset/yelp/byUser_70k_review/5foldsCVColdstart/4/...
260 users are loaded from /home/ll5fy/TUIR/dataset/yelp/byUser_70k_review/5foldsCVColdstart/0/...
244 users are loaded from /home/ll5fy/TUIR/dataset/yelp/byUser_70k_review/5foldsCVColdstart/1/...
266 users are loaded from /home/ll5fy/TUIR/dataset/yelp/byUser_70k_review/5foldsCVColdstart/2/...
264 users are loaded from /home/ll5fy/TUIR/dataset/yelp/byUser_70k_review/5foldsCVColdstart/3/...
[Info]Finish loading 861 items' weights in total 156639 items!
[Info]Begin tagging 861 items with ETBIR_User Interpolation............
---- item 1: map is 0.64881, precision@k is 0.50000, mrr is 1.00000
---- item 51: map is 0.46667, precision@k is 0.27273, mrr is 1.00000
---- item 101: map is 0.83333, precision@k is 0.66667, mrr is 1.00000
---- item 151: map is 0.57485, precision@k is 0.27273, mrr is 1.00000
---- item 201: map is 0.34634, precision@k is 0.09091, mrr is 1.00000
---- item 251: map is 0.13929, precision@k is 0.09091, mrr is 0.25000
---- item 301: map is 0.50600, precision@k is 0.18182, mrr is 1.00000
---- item 351: map is 0.64286, precision@k is 0.28571, mrr is 1.00000
---- item 401: map is 0.34771, precision@k is 0.27273, mrr is 0.50000
---- item 451: map is 0.46230, precision@k is 0.18182, mrr is 1.00000
---- item 501: map is 0.34660, precision@k is 0.09091, mrr is 1.00000
---- item 551: map is 0.75000, precision@k is 0.50000, mrr is 1.00000
---- item 601: map is 0.43254, precision@k is 0.18182, mrr is 1.00000
---- item 651: map is 0.03810, precision@k is 0.09091, mrr is 0.11111
---- item 701: map is 0.17747, precision@k is 0.09091, mrr is 0.50000
---- item 751: map is 0.00440, precision@k is 0.00000, mrr is 0.00283
---- item 801: map is 0.37990, precision@k is 0.09091, mrr is 1.00000
---- item 851: map is 0.10604, precision@k is 0.09091, mrr is 0.33333
[Stat]ETBIR_User model, Interpolation mode item tagging: Precision@K is 0.22358, MAP is: 0.37342, MRR is: 0.67471, in top 10 tags

[Stat]Running time (seconds) 364.44800
[Stat]MAP 0.373+/-0.005
[Stat]MRR 0.700+/-0.022
[Stat]Precision 0.215+/-0.011
