Load 6134 2-gram new features from /home/ll5fy/TUIR/dataset/yelp/yelp_features.txt...
Load 6134 2-gram new features from /home/ll5fy/TUIR/dataset/yelp/yelp_features.txt...
[Info]Start FIXED cross validation...
[Info]Load 553 tags, with 6134 features.
260 users are loaded from /home/ll5fy/TUIR/dataset/yelp/byUser_70k_review/5foldsCVColdstart/0/...
244 users are loaded from /home/ll5fy/TUIR/dataset/yelp/byUser_70k_review/5foldsCVColdstart/1/...
266 users are loaded from /home/ll5fy/TUIR/dataset/yelp/byUser_70k_review/5foldsCVColdstart/2/...
264 users are loaded from /home/ll5fy/TUIR/dataset/yelp/byUser_70k_review/5foldsCVColdstart/3/...
256 users are loaded from /home/ll5fy/TUIR/dataset/yelp/byUser_70k_review/5foldsCVColdstart/4/...
[Info]Finish loading 722 items' weights in total 156639 items!
[Info]Begin tagging 722 items with CTM Interpolation............
---- item 1: map is 0.44746, precision@k is 0.18182, mrr is 1.00000
---- item 51: map is 0.25188, precision@k is 0.09091, mrr is 0.50000
---- item 101: map is 0.12222, precision@k is 0.09091, mrr is 0.20000
---- item 151: map is 0.08418, precision@k is 0.09091, mrr is 0.20000
---- item 201: map is 0.33899, precision@k is 0.18182, mrr is 1.00000
---- item 251: map is 1.00000, precision@k is 1.00000, mrr is 1.00000
---- item 301: map is 0.06315, precision@k is 0.09091, mrr is 0.16667
---- item 351: map is 0.32676, precision@k is 0.18182, mrr is 1.00000
---- item 401: map is 0.33096, precision@k is 0.18182, mrr is 1.00000
---- item 451: map is 0.50892, precision@k is 0.18182, mrr is 1.00000
---- item 501: map is 0.07146, precision@k is 0.09091, mrr is 0.20000
---- item 551: map is 0.33812, precision@k is 0.09091, mrr is 1.00000
---- item 601: map is 0.17493, precision@k is 0.09091, mrr is 0.33333
---- item 651: map is 0.27251, precision@k is 0.18182, mrr is 0.50000
---- item 701: map is 0.10538, precision@k is 0.09091, mrr is 0.20000
[Stat]CTM model, Interpolation mode item tagging: Precision@K is 0.15094, MAP is: 0.24877, MRR is: 0.53701, in top 10 tags
244 users are loaded from /home/ll5fy/TUIR/dataset/yelp/byUser_70k_review/5foldsCVColdstart/1/...
260 users are loaded from /home/ll5fy/TUIR/dataset/yelp/byUser_70k_review/5foldsCVColdstart/0/...
266 users are loaded from /home/ll5fy/TUIR/dataset/yelp/byUser_70k_review/5foldsCVColdstart/2/...
264 users are loaded from /home/ll5fy/TUIR/dataset/yelp/byUser_70k_review/5foldsCVColdstart/3/...
256 users are loaded from /home/ll5fy/TUIR/dataset/yelp/byUser_70k_review/5foldsCVColdstart/4/...
[Info]Finish loading 732 items' weights in total 156639 items!
[Info]Begin tagging 732 items with CTM Interpolation............
---- item 1: map is 0.67045, precision@k is 0.18182, mrr is 1.00000
---- item 51: map is 0.35461, precision@k is 0.09091, mrr is 1.00000
---- item 101: map is 0.09522, precision@k is 0.09091, mrr is 0.25000
---- item 151: map is 0.44486, precision@k is 0.18182, mrr is 1.00000
---- item 201: map is 1.00000, precision@k is 1.00000, mrr is 1.00000
---- item 251: map is 0.28704, precision@k is 0.09091, mrr is 0.50000
---- item 301: map is 0.41942, precision@k is 0.18182, mrr is 1.00000
---- item 351: map is 0.27041, precision@k is 0.09091, mrr is 0.50000
---- item 401: map is 0.17836, precision@k is 0.09091, mrr is 0.50000
---- item 451: map is 0.27369, precision@k is 0.18182, mrr is 1.00000
---- item 501: map is 0.33333, precision@k is 0.33333, mrr is 0.33333
---- item 551: map is 0.00429, precision@k is 0.00000, mrr is 0.00270
---- item 601: map is 0.02383, precision@k is 0.00000, mrr is 0.02941
---- item 651: map is 0.20156, precision@k is 0.09091, mrr is 0.50000
---- item 701: map is 0.41669, precision@k is 0.18182, mrr is 1.00000
[Stat]CTM model, Interpolation mode item tagging: Precision@K is 0.21793, MAP is: 0.37462, MRR is: 0.70775, in top 10 tags
266 users are loaded from /home/ll5fy/TUIR/dataset/yelp/byUser_70k_review/5foldsCVColdstart/2/...
260 users are loaded from /home/ll5fy/TUIR/dataset/yelp/byUser_70k_review/5foldsCVColdstart/0/...
244 users are loaded from /home/ll5fy/TUIR/dataset/yelp/byUser_70k_review/5foldsCVColdstart/1/...
264 users are loaded from /home/ll5fy/TUIR/dataset/yelp/byUser_70k_review/5foldsCVColdstart/3/...
256 users are loaded from /home/ll5fy/TUIR/dataset/yelp/byUser_70k_review/5foldsCVColdstart/4/...
[Info]Finish loading 702 items' weights in total 156639 items!
[Info]Begin tagging 702 items with CTM Interpolation............
---- item 1: map is 0.44720, precision@k is 0.18182, mrr is 1.00000
---- item 51: map is 0.34926, precision@k is 0.27273, mrr is 0.50000
---- item 101: map is 0.50714, precision@k is 0.09091, mrr is 1.00000
---- item 151: map is 0.26771, precision@k is 0.18182, mrr is 0.50000
---- item 201: map is 0.21541, precision@k is 0.18182, mrr is 1.00000
---- item 251: map is 0.25101, precision@k is 0.27273, mrr is 0.50000
---- item 301: map is 0.17584, precision@k is 0.18182, mrr is 0.25000
---- item 351: map is 0.34755, precision@k is 0.09091, mrr is 1.00000
---- item 401: map is 0.47240, precision@k is 0.27273, mrr is 1.00000
---- item 451: map is 0.75694, precision@k is 0.27273, mrr is 1.00000
---- item 501: map is 0.33592, precision@k is 0.27273, mrr is 0.50000
---- item 551: map is 0.32140, precision@k is 0.18182, mrr is 0.50000
---- item 601: map is 0.30135, precision@k is 0.27273, mrr is 0.50000
---- item 651: map is 0.39560, precision@k is 0.09091, mrr is 1.00000
---- item 701: map is 0.41667, precision@k is 0.50000, mrr is 0.33333
[Stat]CTM model, Interpolation mode item tagging: Precision@K is 0.21500, MAP is: 0.37630, MRR is: 0.69278, in top 10 tags
264 users are loaded from /home/ll5fy/TUIR/dataset/yelp/byUser_70k_review/5foldsCVColdstart/3/...
260 users are loaded from /home/ll5fy/TUIR/dataset/yelp/byUser_70k_review/5foldsCVColdstart/0/...
244 users are loaded from /home/ll5fy/TUIR/dataset/yelp/byUser_70k_review/5foldsCVColdstart/1/...
266 users are loaded from /home/ll5fy/TUIR/dataset/yelp/byUser_70k_review/5foldsCVColdstart/2/...
256 users are loaded from /home/ll5fy/TUIR/dataset/yelp/byUser_70k_review/5foldsCVColdstart/4/...
[Info]Finish loading 717 items' weights in total 156639 items!
[Info]Begin tagging 717 items with CTM Interpolation............
---- item 1: map is 0.68362, precision@k is 0.18182, mrr is 1.00000
---- item 51: map is 0.56012, precision@k is 0.18182, mrr is 1.00000
---- item 101: map is 0.20833, precision@k is 0.09091, mrr is 0.25000
---- item 151: map is 0.09074, precision@k is 0.09091, mrr is 0.16667
---- item 201: map is 0.29809, precision@k is 0.18182, mrr is 0.50000
---- item 251: map is 0.16952, precision@k is 0.09091, mrr is 0.33333
---- item 301: map is 0.27837, precision@k is 0.18182, mrr is 0.33333
---- item 351: map is 0.02711, precision@k is 0.00000, mrr is 0.02941
---- item 401: map is 0.00716, precision@k is 0.00000, mrr is 0.00610
---- item 451: map is 0.55882, precision@k is 0.09091, mrr is 1.00000
---- item 501: map is 1.00000, precision@k is 1.00000, mrr is 1.00000
---- item 551: map is 0.67006, precision@k is 0.18182, mrr is 1.00000
---- item 601: map is 0.12007, precision@k is 0.09091, mrr is 0.33333
---- item 651: map is 0.27423, precision@k is 0.18182, mrr is 0.50000
---- item 701: map is 0.36750, precision@k is 0.27273, mrr is 1.00000
[Stat]CTM model, Interpolation mode item tagging: Precision@K is 0.22045, MAP is: 0.37518, MRR is: 0.69471, in top 10 tags
256 users are loaded from /home/ll5fy/TUIR/dataset/yelp/byUser_70k_review/5foldsCVColdstart/4/...
260 users are loaded from /home/ll5fy/TUIR/dataset/yelp/byUser_70k_review/5foldsCVColdstart/0/...
244 users are loaded from /home/ll5fy/TUIR/dataset/yelp/byUser_70k_review/5foldsCVColdstart/1/...
266 users are loaded from /home/ll5fy/TUIR/dataset/yelp/byUser_70k_review/5foldsCVColdstart/2/...
264 users are loaded from /home/ll5fy/TUIR/dataset/yelp/byUser_70k_review/5foldsCVColdstart/3/...
[Info]Finish loading 726 items' weights in total 156639 items!
[Info]Begin tagging 726 items with CTM Interpolation............
---- item 1: map is 0.67687, precision@k is 0.18182, mrr is 1.00000
---- item 51: map is 0.21938, precision@k is 0.09091, mrr is 1.00000
---- item 101: map is 0.50488, precision@k is 0.18182, mrr is 1.00000
---- item 151: map is 0.18019, precision@k is 0.09091, mrr is 0.50000
---- item 201: map is 0.83333, precision@k is 0.66667, mrr is 1.00000
---- item 251: map is 0.34697, precision@k is 0.09091, mrr is 1.00000
---- item 301: map is 0.41942, precision@k is 0.18182, mrr is 1.00000
---- item 351: map is 1.00000, precision@k is 1.00000, mrr is 1.00000
---- item 401: map is 0.35620, precision@k is 0.09091, mrr is 1.00000
---- item 451: map is 0.19463, precision@k is 0.09091, mrr is 0.50000
---- item 501: map is 0.59333, precision@k is 0.27273, mrr is 1.00000
---- item 551: map is 0.45430, precision@k is 0.18182, mrr is 1.00000
---- item 601: map is 0.39113, precision@k is 0.27273, mrr is 0.50000
---- item 651: map is 0.53704, precision@k is 0.18182, mrr is 1.00000
---- item 701: map is 0.50797, precision@k is 0.18182, mrr is 1.00000
[Stat]CTM model, Interpolation mode item tagging: Precision@K is 0.22310, MAP is: 0.37913, MRR is: 0.69277, in top 10 tags

[Stat]Running time (seconds) 307.27600
[Stat]MAP 0.351+/-0.051
[Stat]MRR 0.665+/-0.064
[Stat]Precision 0.205+/-0.027
