Load 6134 2-gram new features from /home/ll5fy/TUIR/dataset/yelp/yelp_features.txt...
Load 6134 2-gram new features from /home/ll5fy/TUIR/dataset/yelp/yelp_features.txt...
[Info]Start FIXED cross validation...
[Info]Load 553 tags, with 6134 features.
260 users are loaded from /home/ll5fy/TUIR/dataset/yelp/byUser_70k_review/5foldsCVColdstart/0/...
244 users are loaded from /home/ll5fy/TUIR/dataset/yelp/byUser_70k_review/5foldsCVColdstart/1/...
266 users are loaded from /home/ll5fy/TUIR/dataset/yelp/byUser_70k_review/5foldsCVColdstart/2/...
264 users are loaded from /home/ll5fy/TUIR/dataset/yelp/byUser_70k_review/5foldsCVColdstart/3/...
256 users are loaded from /home/ll5fy/TUIR/dataset/yelp/byUser_70k_review/5foldsCVColdstart/4/...
[Info]Finish loading 861 items' weights in total 156639 items!
[Info]Begin tagging 861 items with ETBIR_Item Embed............
---- item 1: map is 0.34191, precision@k is 0.09091, mrr is 1.00000
---- item 51: map is 0.27404, precision@k is 0.09091, mrr is 1.00000
---- item 101: map is 0.52128, precision@k is 0.09091, mrr is 1.00000
---- item 151: map is 0.36232, precision@k is 0.09091, mrr is 1.00000
---- item 201: map is 0.34481, precision@k is 0.09091, mrr is 1.00000
---- item 251: map is 0.01041, precision@k is 0.00000, mrr is 0.00730
---- item 301: map is 0.25834, precision@k is 0.09091, mrr is 1.00000
---- item 351: map is 0.51449, precision@k is 0.09091, mrr is 1.00000
---- item 401: map is 0.03441, precision@k is 0.00000, mrr is 0.02381
---- item 451: map is 0.38191, precision@k is 0.09091, mrr is 1.00000
---- item 501: map is 0.01318, precision@k is 0.00000, mrr is 0.01852
---- item 551: map is 0.52564, precision@k is 0.09091, mrr is 1.00000
---- item 601: map is 0.02805, precision@k is 0.00000, mrr is 0.01852
---- item 651: map is 0.02718, precision@k is 0.00000, mrr is 0.04348
---- item 701: map is 0.34142, precision@k is 0.09091, mrr is 1.00000
---- item 751: map is 0.00459, precision@k is 0.00000, mrr is 0.00303
---- item 801: map is 0.34776, precision@k is 0.09091, mrr is 1.00000
---- item 851: map is 0.03927, precision@k is 0.00000, mrr is 0.04545
[Stat]ETBIR_Item model, Embed mode item tagging: Precision@K is 0.08975, MAP is: 0.28349, MRR is: 0.77412, in top 10 tags
244 users are loaded from /home/ll5fy/TUIR/dataset/yelp/byUser_70k_review/5foldsCVColdstart/1/...
260 users are loaded from /home/ll5fy/TUIR/dataset/yelp/byUser_70k_review/5foldsCVColdstart/0/...
266 users are loaded from /home/ll5fy/TUIR/dataset/yelp/byUser_70k_review/5foldsCVColdstart/2/...
264 users are loaded from /home/ll5fy/TUIR/dataset/yelp/byUser_70k_review/5foldsCVColdstart/3/...
256 users are loaded from /home/ll5fy/TUIR/dataset/yelp/byUser_70k_review/5foldsCVColdstart/4/...
[Info]Finish loading 861 items' weights in total 156639 items!
[Info]Begin tagging 861 items with ETBIR_Item Embed............
---- item 1: map is 0.34066, precision@k is 0.09091, mrr is 1.00000
---- item 51: map is 0.27229, precision@k is 0.09091, mrr is 1.00000
---- item 101: map is 0.51639, precision@k is 0.09091, mrr is 1.00000
---- item 151: map is 0.36179, precision@k is 0.09091, mrr is 1.00000
---- item 201: map is 0.34228, precision@k is 0.09091, mrr is 1.00000
---- item 251: map is 0.00967, precision@k is 0.00000, mrr is 0.00758
---- item 301: map is 0.25971, precision@k is 0.09091, mrr is 1.00000
---- item 351: map is 0.51515, precision@k is 0.09091, mrr is 1.00000
---- item 401: map is 0.03368, precision@k is 0.00000, mrr is 0.02174
---- item 451: map is 0.39064, precision@k is 0.09091, mrr is 1.00000
---- item 501: map is 0.01176, precision@k is 0.00000, mrr is 0.01639
---- item 551: map is 0.51818, precision@k is 0.09091, mrr is 1.00000
---- item 601: map is 0.02699, precision@k is 0.00000, mrr is 0.01724
---- item 651: map is 0.04015, precision@k is 0.09091, mrr is 0.12500
---- item 701: map is 0.34139, precision@k is 0.09091, mrr is 1.00000
---- item 751: map is 0.00447, precision@k is 0.00000, mrr is 0.00287
---- item 801: map is 0.34668, precision@k is 0.09091, mrr is 1.00000
---- item 851: map is 0.06203, precision@k is 0.09091, mrr is 0.12500
[Stat]ETBIR_Item model, Embed mode item tagging: Precision@K is 0.09640, MAP is: 0.28398, MRR is: 0.77690, in top 10 tags
266 users are loaded from /home/ll5fy/TUIR/dataset/yelp/byUser_70k_review/5foldsCVColdstart/2/...
260 users are loaded from /home/ll5fy/TUIR/dataset/yelp/byUser_70k_review/5foldsCVColdstart/0/...
244 users are loaded from /home/ll5fy/TUIR/dataset/yelp/byUser_70k_review/5foldsCVColdstart/1/...
264 users are loaded from /home/ll5fy/TUIR/dataset/yelp/byUser_70k_review/5foldsCVColdstart/3/...
256 users are loaded from /home/ll5fy/TUIR/dataset/yelp/byUser_70k_review/5foldsCVColdstart/4/...
[Info]Finish loading 861 items' weights in total 156639 items!
[Info]Begin tagging 861 items with ETBIR_Item Embed............
---- item 1: map is 0.34419, precision@k is 0.09091, mrr is 1.00000
---- item 51: map is 0.27097, precision@k is 0.09091, mrr is 1.00000
---- item 101: map is 0.52041, precision@k is 0.09091, mrr is 1.00000
---- item 151: map is 0.35956, precision@k is 0.09091, mrr is 1.00000
---- item 201: map is 0.34348, precision@k is 0.09091, mrr is 1.00000
---- item 251: map is 0.01082, precision@k is 0.00000, mrr is 0.00735
---- item 301: map is 0.25788, precision@k is 0.09091, mrr is 1.00000
---- item 351: map is 0.51695, precision@k is 0.09091, mrr is 1.00000
---- item 401: map is 0.02751, precision@k is 0.00000, mrr is 0.01961
---- item 451: map is 0.39721, precision@k is 0.09091, mrr is 1.00000
---- item 501: map is 0.01118, precision@k is 0.00000, mrr is 0.01515
---- item 551: map is 0.54348, precision@k is 0.09091, mrr is 1.00000
---- item 601: map is 0.02233, precision@k is 0.00000, mrr is 0.01515
---- item 651: map is 0.04121, precision@k is 0.09091, mrr is 0.12500
---- item 701: map is 0.33951, precision@k is 0.09091, mrr is 1.00000
---- item 751: map is 0.00455, precision@k is 0.00000, mrr is 0.00295
---- item 801: map is 0.34865, precision@k is 0.09091, mrr is 1.00000
---- item 851: map is 0.06776, precision@k is 0.09091, mrr is 0.12500
[Stat]ETBIR_Item model, Embed mode item tagging: Precision@K is 0.09429, MAP is: 0.28430, MRR is: 0.77647, in top 10 tags
264 users are loaded from /home/ll5fy/TUIR/dataset/yelp/byUser_70k_review/5foldsCVColdstart/3/...
260 users are loaded from /home/ll5fy/TUIR/dataset/yelp/byUser_70k_review/5foldsCVColdstart/0/...
244 users are loaded from /home/ll5fy/TUIR/dataset/yelp/byUser_70k_review/5foldsCVColdstart/1/...
266 users are loaded from /home/ll5fy/TUIR/dataset/yelp/byUser_70k_review/5foldsCVColdstart/2/...
256 users are loaded from /home/ll5fy/TUIR/dataset/yelp/byUser_70k_review/5foldsCVColdstart/4/...
[Info]Finish loading 861 items' weights in total 156639 items!
[Info]Begin tagging 861 items with ETBIR_Item Embed............
---- item 1: map is 0.34290, precision@k is 0.09091, mrr is 1.00000
---- item 51: map is 0.28226, precision@k is 0.09091, mrr is 1.00000
---- item 101: map is 0.57143, precision@k is 0.09091, mrr is 1.00000
---- item 151: map is 0.36682, precision@k is 0.09091, mrr is 1.00000
---- item 201: map is 0.34473, precision@k is 0.09091, mrr is 1.00000
---- item 251: map is 0.50355, precision@k is 0.09091, mrr is 1.00000
---- item 301: map is 0.25816, precision@k is 0.09091, mrr is 1.00000
---- item 351: map is 0.52564, precision@k is 0.09091, mrr is 1.00000
---- item 401: map is 0.02682, precision@k is 0.00000, mrr is 0.01587
---- item 451: map is 0.36123, precision@k is 0.09091, mrr is 1.00000
---- item 501: map is 0.01216, precision@k is 0.00000, mrr is 0.01389
---- item 551: map is 0.53571, precision@k is 0.09091, mrr is 1.00000
---- item 601: map is 0.02147, precision@k is 0.00000, mrr is 0.01389
---- item 651: map is 0.04556, precision@k is 0.09091, mrr is 0.14286
---- item 701: map is 0.34290, precision@k is 0.09091, mrr is 1.00000
---- item 751: map is 0.00449, precision@k is 0.00000, mrr is 0.00322
---- item 801: map is 0.35973, precision@k is 0.09091, mrr is 1.00000
---- item 851: map is 0.08103, precision@k is 0.18182, mrr is 0.14286
[Stat]ETBIR_Item model, Embed mode item tagging: Precision@K is 0.09830, MAP is: 0.28972, MRR is: 0.77797, in top 10 tags
256 users are loaded from /home/ll5fy/TUIR/dataset/yelp/byUser_70k_review/5foldsCVColdstart/4/...
260 users are loaded from /home/ll5fy/TUIR/dataset/yelp/byUser_70k_review/5foldsCVColdstart/0/...
244 users are loaded from /home/ll5fy/TUIR/dataset/yelp/byUser_70k_review/5foldsCVColdstart/1/...
266 users are loaded from /home/ll5fy/TUIR/dataset/yelp/byUser_70k_review/5foldsCVColdstart/2/...
264 users are loaded from /home/ll5fy/TUIR/dataset/yelp/byUser_70k_review/5foldsCVColdstart/3/...
[Info]Finish loading 861 items' weights in total 156639 items!
[Info]Begin tagging 861 items with ETBIR_Item Embed............
---- item 1: map is 0.28775, precision@k is 0.09091, mrr is 1.00000
---- item 51: map is 0.28055, precision@k is 0.09091, mrr is 1.00000
---- item 101: map is 0.53704, precision@k is 0.09091, mrr is 1.00000
---- item 151: map is 0.23423, precision@k is 0.09091, mrr is 1.00000
---- item 201: map is 0.34355, precision@k is 0.09091, mrr is 1.00000
---- item 251: map is 0.00929, precision@k is 0.00000, mrr is 0.00800
---- item 301: map is 0.25731, precision@k is 0.09091, mrr is 1.00000
---- item 351: map is 0.51220, precision@k is 0.09091, mrr is 1.00000
---- item 401: map is 0.03388, precision@k is 0.00000, mrr is 0.01923
---- item 451: map is 0.34635, precision@k is 0.09091, mrr is 1.00000
---- item 501: map is 0.01326, precision@k is 0.00000, mrr is 0.01639
---- item 551: map is 0.53333, precision@k is 0.09091, mrr is 1.00000
---- item 601: map is 0.02747, precision@k is 0.00000, mrr is 0.01724
---- item 651: map is 0.03642, precision@k is 0.09091, mrr is 0.11111
---- item 701: map is 0.34024, precision@k is 0.09091, mrr is 1.00000
---- item 751: map is 0.00432, precision@k is 0.00000, mrr is 0.00305
---- item 801: map is 0.34620, precision@k is 0.09091, mrr is 1.00000
---- item 851: map is 0.06756, precision@k is 0.09091, mrr is 0.11111
[Stat]ETBIR_Item model, Embed mode item tagging: Precision@K is 0.09756, MAP is: 0.28629, MRR is: 0.77717, in top 10 tags

[Stat]Running time (seconds) 28.22200
[Stat]MAP 0.286+/-0.002
[Stat]MRR 0.777+/-0.001
[Stat]Precision 0.095+/-0.003
