Load 6134 2-gram new features from /home/ll5fy/TUIR/dataset/yelp/yelp_features.txt...
Load 6134 2-gram new features from /home/ll5fy/TUIR/dataset/yelp/yelp_features.txt...
[Info]Start FIXED cross validation...
[Info]Load 553 tags, with 6134 features.
260 users are loaded from /home/ll5fy/TUIR/dataset/yelp/byUser_70k_review/5foldsCVColdstart/0/...
244 users are loaded from /home/ll5fy/TUIR/dataset/yelp/byUser_70k_review/5foldsCVColdstart/1/...
266 users are loaded from /home/ll5fy/TUIR/dataset/yelp/byUser_70k_review/5foldsCVColdstart/2/...
264 users are loaded from /home/ll5fy/TUIR/dataset/yelp/byUser_70k_review/5foldsCVColdstart/3/...
256 users are loaded from /home/ll5fy/TUIR/dataset/yelp/byUser_70k_review/5foldsCVColdstart/4/...
[Info]Finish loading 722 items' weights in total 156639 items!
[Info]Begin tagging 722 items with LDA_User Embed............
---- item 1: map is 0.11015, precision@k is 0.09091, mrr is 0.25000
---- item 51: map is 0.12684, precision@k is 0.09091, mrr is 0.25000
---- item 101: map is 0.13046, precision@k is 0.09091, mrr is 0.25000
---- item 151: map is 0.12523, precision@k is 0.09091, mrr is 0.25000
---- item 201: map is 0.08537, precision@k is 0.09091, mrr is 0.25000
---- item 251: map is 0.16667, precision@k is 0.09091, mrr is 0.25000
---- item 301: map is 0.09777, precision@k is 0.09091, mrr is 0.25000
---- item 351: map is 0.08415, precision@k is 0.09091, mrr is 0.25000
---- item 401: map is 0.08057, precision@k is 0.09091, mrr is 0.25000
---- item 451: map is 0.09254, precision@k is 0.09091, mrr is 0.25000
---- item 501: map is 0.08950, precision@k is 0.09091, mrr is 0.25000
---- item 551: map is 0.08977, precision@k is 0.09091, mrr is 0.25000
---- item 601: map is 0.13258, precision@k is 0.09091, mrr is 0.25000
---- item 651: map is 0.26399, precision@k is 0.18182, mrr is 0.50000
---- item 701: map is 0.12983, precision@k is 0.09091, mrr is 0.25000
[Stat]LDA_User model, Embed mode item tagging: Precision@K is 0.09064, MAP is: 0.10526, MRR is: 0.23138, in top 10 tags
244 users are loaded from /home/ll5fy/TUIR/dataset/yelp/byUser_70k_review/5foldsCVColdstart/1/...
260 users are loaded from /home/ll5fy/TUIR/dataset/yelp/byUser_70k_review/5foldsCVColdstart/0/...
266 users are loaded from /home/ll5fy/TUIR/dataset/yelp/byUser_70k_review/5foldsCVColdstart/2/...
264 users are loaded from /home/ll5fy/TUIR/dataset/yelp/byUser_70k_review/5foldsCVColdstart/3/...
256 users are loaded from /home/ll5fy/TUIR/dataset/yelp/byUser_70k_review/5foldsCVColdstart/4/...
[Info]Finish loading 732 items' weights in total 156639 items!
[Info]Begin tagging 732 items with LDA_User Embed............
---- item 1: map is 0.39869, precision@k is 0.09091, mrr is 1.00000
---- item 51: map is 0.35051, precision@k is 0.09091, mrr is 1.00000
---- item 101: map is 0.39782, precision@k is 0.09091, mrr is 1.00000
---- item 151: map is 0.23463, precision@k is 0.09091, mrr is 1.00000
---- item 201: map is 0.52128, precision@k is 0.09091, mrr is 1.00000
---- item 251: map is 0.55000, precision@k is 0.09091, mrr is 1.00000
---- item 301: map is 0.08299, precision@k is 0.09091, mrr is 0.16667
---- item 351: map is 0.51613, precision@k is 0.09091, mrr is 1.00000
---- item 401: map is 0.34914, precision@k is 0.09091, mrr is 1.00000
---- item 451: map is 0.02703, precision@k is 0.00000, mrr is 0.02778
---- item 501: map is 0.01111, precision@k is 0.00000, mrr is 0.01111
---- item 551: map is 0.00444, precision@k is 0.00000, mrr is 0.00275
---- item 601: map is 0.01820, precision@k is 0.00000, mrr is 0.02778
---- item 651: map is 0.35054, precision@k is 0.09091, mrr is 1.00000
---- item 701: map is 0.22556, precision@k is 0.09091, mrr is 1.00000
[Stat]LDA_User model, Embed mode item tagging: Precision@K is 0.09122, MAP is: 0.29252, MRR is: 0.77045, in top 10 tags
266 users are loaded from /home/ll5fy/TUIR/dataset/yelp/byUser_70k_review/5foldsCVColdstart/2/...
260 users are loaded from /home/ll5fy/TUIR/dataset/yelp/byUser_70k_review/5foldsCVColdstart/0/...
244 users are loaded from /home/ll5fy/TUIR/dataset/yelp/byUser_70k_review/5foldsCVColdstart/1/...
264 users are loaded from /home/ll5fy/TUIR/dataset/yelp/byUser_70k_review/5foldsCVColdstart/3/...
256 users are loaded from /home/ll5fy/TUIR/dataset/yelp/byUser_70k_review/5foldsCVColdstart/4/...
[Info]Finish loading 702 items' weights in total 156639 items!
[Info]Begin tagging 702 items with LDA_User Embed............
---- item 1: map is 0.34580, precision@k is 0.09091, mrr is 1.00000
---- item 51: map is 0.02452, precision@k is 0.00000, mrr is 0.01639
---- item 101: map is 0.00478, precision@k is 0.00000, mrr is 0.00465
---- item 151: map is 0.27031, precision@k is 0.09091, mrr is 1.00000
---- item 201: map is 0.21236, precision@k is 0.18182, mrr is 1.00000
---- item 251: map is 0.02670, precision@k is 0.00000, mrr is 0.01639
---- item 301: map is 0.35297, precision@k is 0.09091, mrr is 1.00000
---- item 351: map is 0.37974, precision@k is 0.09091, mrr is 1.00000
---- item 401: map is 0.20651, precision@k is 0.09091, mrr is 1.00000
---- item 451: map is 0.31537, precision@k is 0.18182, mrr is 1.00000
---- item 501: map is 0.02452, precision@k is 0.00000, mrr is 0.01639
---- item 551: map is 0.28807, precision@k is 0.09091, mrr is 1.00000
---- item 601: map is 0.02452, precision@k is 0.00000, mrr is 0.01639
---- item 651: map is 0.07457, precision@k is 0.09091, mrr is 0.20000
---- item 701: map is 0.51695, precision@k is 0.09091, mrr is 1.00000
[Stat]LDA_User model, Embed mode item tagging: Precision@K is 0.09019, MAP is: 0.28747, MRR is: 0.76370, in top 10 tags
264 users are loaded from /home/ll5fy/TUIR/dataset/yelp/byUser_70k_review/5foldsCVColdstart/3/...
260 users are loaded from /home/ll5fy/TUIR/dataset/yelp/byUser_70k_review/5foldsCVColdstart/0/...
244 users are loaded from /home/ll5fy/TUIR/dataset/yelp/byUser_70k_review/5foldsCVColdstart/1/...
266 users are loaded from /home/ll5fy/TUIR/dataset/yelp/byUser_70k_review/5foldsCVColdstart/2/...
256 users are loaded from /home/ll5fy/TUIR/dataset/yelp/byUser_70k_review/5foldsCVColdstart/4/...
[Info]Finish loading 717 items' weights in total 156639 items!
[Info]Begin tagging 717 items with LDA_User Embed............
---- item 1: map is 0.39548, precision@k is 0.09091, mrr is 1.00000
---- item 51: map is 0.34108, precision@k is 0.09091, mrr is 1.00000
---- item 101: map is 0.50952, precision@k is 0.09091, mrr is 1.00000
---- item 151: map is 0.50714, precision@k is 0.09091, mrr is 1.00000
---- item 201: map is 0.02504, precision@k is 0.00000, mrr is 0.01786
---- item 251: map is 0.50213, precision@k is 0.09091, mrr is 1.00000
---- item 301: map is 0.30060, precision@k is 0.09091, mrr is 1.00000
---- item 351: map is 0.02033, precision@k is 0.00000, mrr is 0.02000
---- item 401: map is 0.00735, precision@k is 0.00000, mrr is 0.00562
---- item 451: map is 0.51087, precision@k is 0.09091, mrr is 1.00000
---- item 501: map is 1.00000, precision@k is 1.00000, mrr is 1.00000
---- item 551: map is 0.35233, precision@k is 0.09091, mrr is 1.00000
---- item 601: map is 0.34160, precision@k is 0.09091, mrr is 1.00000
---- item 651: map is 0.02504, precision@k is 0.00000, mrr is 0.01786
---- item 701: map is 0.01665, precision@k is 0.00000, mrr is 0.00990
[Stat]LDA_User model, Embed mode item tagging: Precision@K is 0.09734, MAP is: 0.29669, MRR is: 0.77707, in top 10 tags
256 users are loaded from /home/ll5fy/TUIR/dataset/yelp/byUser_70k_review/5foldsCVColdstart/4/...
260 users are loaded from /home/ll5fy/TUIR/dataset/yelp/byUser_70k_review/5foldsCVColdstart/0/...
244 users are loaded from /home/ll5fy/TUIR/dataset/yelp/byUser_70k_review/5foldsCVColdstart/1/...
266 users are loaded from /home/ll5fy/TUIR/dataset/yelp/byUser_70k_review/5foldsCVColdstart/2/...
264 users are loaded from /home/ll5fy/TUIR/dataset/yelp/byUser_70k_review/5foldsCVColdstart/3/...
[Info]Finish loading 726 items' weights in total 156639 items!
[Info]Begin tagging 726 items with LDA_User Embed............
---- item 1: map is 0.40295, precision@k is 0.09091, mrr is 1.00000
---- item 51: map is 0.24558, precision@k is 0.09091, mrr is 1.00000
---- item 101: map is 0.34709, precision@k is 0.09091, mrr is 1.00000
---- item 151: map is 0.34835, precision@k is 0.09091, mrr is 1.00000
---- item 201: map is 0.52083, precision@k is 0.09091, mrr is 1.00000
---- item 251: map is 0.34835, precision@k is 0.09091, mrr is 1.00000
---- item 301: map is 0.08478, precision@k is 0.09091, mrr is 0.20000
---- item 351: map is 0.00227, precision@k is 0.00000, mrr is 0.00227
---- item 401: map is 0.39316, precision@k is 0.09091, mrr is 1.00000
---- item 451: map is 0.35821, precision@k is 0.09091, mrr is 1.00000
---- item 501: map is 0.31917, precision@k is 0.09091, mrr is 1.00000
---- item 551: map is 0.29994, precision@k is 0.09091, mrr is 1.00000
---- item 601: map is 0.28325, precision@k is 0.09091, mrr is 1.00000
---- item 651: map is 0.38108, precision@k is 0.09091, mrr is 1.00000
---- item 701: map is 0.32995, precision@k is 0.18182, mrr is 1.00000
[Stat]LDA_User model, Embed mode item tagging: Precision@K is 0.10105, MAP is: 0.29689, MRR is: 0.77401, in top 10 tags

[Stat]Running time (seconds) 26.46800
[Stat]MAP 0.256+/-0.075
[Stat]MRR 0.663+/-0.216
[Stat]Precision 0.094+/-0.004
