Load 6134 2-gram new features from /home/ll5fy/TUIR/dataset/yelp/yelp_features.txt...
Load 6134 2-gram new features from /home/ll5fy/TUIR/dataset/yelp/yelp_features.txt...
[Info]Start FIXED cross validation...
[Info]Load 553 tags, with 6134 features.
260 users are loaded from /home/ll5fy/TUIR/dataset/yelp/byUser_70k_review/5foldsCVColdstart/0/...
244 users are loaded from /home/ll5fy/TUIR/dataset/yelp/byUser_70k_review/5foldsCVColdstart/1/...
266 users are loaded from /home/ll5fy/TUIR/dataset/yelp/byUser_70k_review/5foldsCVColdstart/2/...
264 users are loaded from /home/ll5fy/TUIR/dataset/yelp/byUser_70k_review/5foldsCVColdstart/3/...
256 users are loaded from /home/ll5fy/TUIR/dataset/yelp/byUser_70k_review/5foldsCVColdstart/4/...
[Info]Finish loading 861 items' weights in total 156639 items!
[Info]Begin tagging 861 items with ETBIR_User Interpolation............
---- item 1: map is 0.34278, precision@k is 0.09091, mrr is 1.00000
---- item 51: map is 0.53046, precision@k is 0.18182, mrr is 1.00000
---- item 101: map is 1.00000, precision@k is 1.00000, mrr is 1.00000
---- item 151: map is 0.36179, precision@k is 0.09091, mrr is 1.00000
---- item 201: map is 0.34371, precision@k is 0.09091, mrr is 1.00000
---- item 251: map is 0.01749, precision@k is 0.00000, mrr is 0.01818
---- item 301: map is 0.29041, precision@k is 0.09091, mrr is 1.00000
---- item 351: map is 0.51429, precision@k is 0.09091, mrr is 1.00000
---- item 401: map is 0.10023, precision@k is 0.09091, mrr is 0.33333
---- item 451: map is 0.40688, precision@k is 0.09091, mrr is 1.00000
---- item 501: map is 0.02336, precision@k is 0.00000, mrr is 0.03846
---- item 551: map is 1.00000, precision@k is 1.00000, mrr is 1.00000
---- item 601: map is 0.02639, precision@k is 0.00000, mrr is 0.02000
---- item 651: map is 0.03286, precision@k is 0.00000, mrr is 0.09091
---- item 701: map is 0.34123, precision@k is 0.09091, mrr is 1.00000
---- item 751: map is 0.00452, precision@k is 0.00000, mrr is 0.00296
---- item 801: map is 0.35164, precision@k is 0.09091, mrr is 1.00000
---- item 851: map is 0.05420, precision@k is 0.09091, mrr is 0.12500
[Stat]ETBIR_User model, Interpolation mode item tagging: Precision@K is 0.15765, MAP is: 0.34170, MRR is: 0.76793, in top 10 tags
244 users are loaded from /home/ll5fy/TUIR/dataset/yelp/byUser_70k_review/5foldsCVColdstart/1/...
260 users are loaded from /home/ll5fy/TUIR/dataset/yelp/byUser_70k_review/5foldsCVColdstart/0/...
266 users are loaded from /home/ll5fy/TUIR/dataset/yelp/byUser_70k_review/5foldsCVColdstart/2/...
264 users are loaded from /home/ll5fy/TUIR/dataset/yelp/byUser_70k_review/5foldsCVColdstart/3/...
256 users are loaded from /home/ll5fy/TUIR/dataset/yelp/byUser_70k_review/5foldsCVColdstart/4/...
[Info]Finish loading 861 items' weights in total 156639 items!
[Info]Begin tagging 861 items with ETBIR_User Interpolation............
---- item 1: map is 0.34293, precision@k is 0.09091, mrr is 1.00000
---- item 51: map is 0.54433, precision@k is 0.18182, mrr is 1.00000
---- item 101: map is 1.00000, precision@k is 1.00000, mrr is 1.00000
---- item 151: map is 0.20043, precision@k is 0.09091, mrr is 0.50000
---- item 201: map is 0.34262, precision@k is 0.09091, mrr is 1.00000
---- item 251: map is 0.03684, precision@k is 0.00000, mrr is 0.05263
---- item 301: map is 0.50548, precision@k is 0.18182, mrr is 1.00000
---- item 351: map is 0.52174, precision@k is 0.09091, mrr is 1.00000
---- item 401: map is 0.19308, precision@k is 0.18182, mrr is 0.50000
---- item 451: map is 0.71212, precision@k is 0.18182, mrr is 1.00000
---- item 501: map is 0.02683, precision@k is 0.00000, mrr is 0.03846
---- item 551: map is 1.00000, precision@k is 1.00000, mrr is 1.00000
---- item 601: map is 0.32420, precision@k is 0.18182, mrr is 1.00000
---- item 651: map is 0.02726, precision@k is 0.00000, mrr is 0.04762
---- item 701: map is 0.17411, precision@k is 0.09091, mrr is 0.50000
---- item 751: map is 0.00451, precision@k is 0.00000, mrr is 0.00278
---- item 801: map is 0.39068, precision@k is 0.09091, mrr is 1.00000
---- item 851: map is 0.06304, precision@k is 0.09091, mrr is 0.16667
[Stat]ETBIR_User model, Interpolation mode item tagging: Precision@K is 0.19249, MAP is: 0.37107, MRR is: 0.76298, in top 10 tags
266 users are loaded from /home/ll5fy/TUIR/dataset/yelp/byUser_70k_review/5foldsCVColdstart/2/...
260 users are loaded from /home/ll5fy/TUIR/dataset/yelp/byUser_70k_review/5foldsCVColdstart/0/...
244 users are loaded from /home/ll5fy/TUIR/dataset/yelp/byUser_70k_review/5foldsCVColdstart/1/...
264 users are loaded from /home/ll5fy/TUIR/dataset/yelp/byUser_70k_review/5foldsCVColdstart/3/...
256 users are loaded from /home/ll5fy/TUIR/dataset/yelp/byUser_70k_review/5foldsCVColdstart/4/...
[Info]Finish loading 861 items' weights in total 156639 items!
[Info]Begin tagging 861 items with ETBIR_User Interpolation............
---- item 1: map is 0.34988, precision@k is 0.09091, mrr is 1.00000
---- item 51: map is 0.53045, precision@k is 0.18182, mrr is 1.00000
---- item 101: map is 0.83333, precision@k is 0.66667, mrr is 1.00000
---- item 151: map is 0.20300, precision@k is 0.09091, mrr is 0.50000
---- item 201: map is 0.34369, precision@k is 0.09091, mrr is 1.00000
---- item 251: map is 0.04924, precision@k is 0.00000, mrr is 0.08333
---- item 301: map is 0.50467, precision@k is 0.18182, mrr is 1.00000
---- item 351: map is 0.52326, precision@k is 0.09091, mrr is 1.00000
---- item 401: map is 0.22639, precision@k is 0.18182, mrr is 0.50000
---- item 451: map is 0.60556, precision@k is 0.18182, mrr is 1.00000
---- item 501: map is 0.34701, precision@k is 0.09091, mrr is 1.00000
---- item 551: map is 1.00000, precision@k is 1.00000, mrr is 1.00000
---- item 601: map is 0.43624, precision@k is 0.18182, mrr is 1.00000
---- item 651: map is 0.03668, precision@k is 0.09091, mrr is 0.11111
---- item 701: map is 0.17327, precision@k is 0.09091, mrr is 0.50000
---- item 751: map is 0.00473, precision@k is 0.00000, mrr is 0.00294
---- item 801: map is 0.35841, precision@k is 0.09091, mrr is 1.00000
---- item 851: map is 0.08630, precision@k is 0.09091, mrr is 0.25000
[Stat]ETBIR_User model, Interpolation mode item tagging: Precision@K is 0.20181, MAP is: 0.37038, MRR is: 0.73777, in top 10 tags
264 users are loaded from /home/ll5fy/TUIR/dataset/yelp/byUser_70k_review/5foldsCVColdstart/3/...
260 users are loaded from /home/ll5fy/TUIR/dataset/yelp/byUser_70k_review/5foldsCVColdstart/0/...
244 users are loaded from /home/ll5fy/TUIR/dataset/yelp/byUser_70k_review/5foldsCVColdstart/1/...
266 users are loaded from /home/ll5fy/TUIR/dataset/yelp/byUser_70k_review/5foldsCVColdstart/2/...
256 users are loaded from /home/ll5fy/TUIR/dataset/yelp/byUser_70k_review/5foldsCVColdstart/4/...
[Info]Finish loading 861 items' weights in total 156639 items!
[Info]Begin tagging 861 items with ETBIR_User Interpolation............
---- item 1: map is 0.35279, precision@k is 0.09091, mrr is 1.00000
---- item 51: map is 0.53258, precision@k is 0.18182, mrr is 1.00000
---- item 101: map is 0.83333, precision@k is 0.66667, mrr is 1.00000
---- item 151: map is 0.20831, precision@k is 0.09091, mrr is 0.50000
---- item 201: map is 0.34463, precision@k is 0.09091, mrr is 1.00000
---- item 251: map is 0.50529, precision@k is 0.09091, mrr is 1.00000
---- item 301: map is 0.50457, precision@k is 0.18182, mrr is 1.00000
---- item 351: map is 0.53030, precision@k is 0.09091, mrr is 1.00000
---- item 401: map is 0.23583, precision@k is 0.18182, mrr is 0.50000
---- item 451: map is 0.51351, precision@k is 0.18182, mrr is 1.00000
---- item 501: map is 0.34442, precision@k is 0.09091, mrr is 1.00000
---- item 551: map is 1.00000, precision@k is 1.00000, mrr is 1.00000
---- item 601: map is 0.43399, precision@k is 0.18182, mrr is 1.00000
---- item 651: map is 0.03060, precision@k is 0.00000, mrr is 0.07143
---- item 701: map is 0.17707, precision@k is 0.09091, mrr is 0.50000
---- item 751: map is 0.00436, precision@k is 0.00000, mrr is 0.00287
---- item 801: map is 0.35326, precision@k is 0.09091, mrr is 1.00000
---- item 851: map is 0.08995, precision@k is 0.09091, mrr is 0.25000
[Stat]ETBIR_User model, Interpolation mode item tagging: Precision@K is 0.21430, MAP is: 0.38076, MRR is: 0.72853, in top 10 tags
256 users are loaded from /home/ll5fy/TUIR/dataset/yelp/byUser_70k_review/5foldsCVColdstart/4/...
260 users are loaded from /home/ll5fy/TUIR/dataset/yelp/byUser_70k_review/5foldsCVColdstart/0/...
244 users are loaded from /home/ll5fy/TUIR/dataset/yelp/byUser_70k_review/5foldsCVColdstart/1/...
266 users are loaded from /home/ll5fy/TUIR/dataset/yelp/byUser_70k_review/5foldsCVColdstart/2/...
264 users are loaded from /home/ll5fy/TUIR/dataset/yelp/byUser_70k_review/5foldsCVColdstart/3/...
[Info]Finish loading 861 items' weights in total 156639 items!
[Info]Begin tagging 861 items with ETBIR_User Interpolation............
---- item 1: map is 0.68407, precision@k is 0.27273, mrr is 1.00000
---- item 51: map is 0.53243, precision@k is 0.18182, mrr is 1.00000
---- item 101: map is 1.00000, precision@k is 1.00000, mrr is 1.00000
---- item 151: map is 0.47370, precision@k is 0.18182, mrr is 1.00000
---- item 201: map is 0.34418, precision@k is 0.09091, mrr is 1.00000
---- item 251: map is 0.13889, precision@k is 0.09091, mrr is 0.25000
---- item 301: map is 0.50589, precision@k is 0.18182, mrr is 1.00000
---- item 351: map is 0.52128, precision@k is 0.09091, mrr is 1.00000
---- item 401: map is 0.29035, precision@k is 0.18182, mrr is 0.50000
---- item 451: map is 0.47816, precision@k is 0.18182, mrr is 1.00000
---- item 501: map is 0.34701, precision@k is 0.09091, mrr is 1.00000
---- item 551: map is 1.00000, precision@k is 1.00000, mrr is 1.00000
---- item 601: map is 0.43694, precision@k is 0.18182, mrr is 1.00000
---- item 651: map is 0.02684, precision@k is 0.00000, mrr is 0.05000
---- item 701: map is 0.17703, precision@k is 0.09091, mrr is 0.50000
---- item 751: map is 0.00430, precision@k is 0.00000, mrr is 0.00292
---- item 801: map is 0.35757, precision@k is 0.09091, mrr is 1.00000
---- item 851: map is 0.07416, precision@k is 0.09091, mrr is 0.25000
[Stat]ETBIR_User model, Interpolation mode item tagging: Precision@K is 0.21984, MAP is: 0.38769, MRR is: 0.73046, in top 10 tags

[Stat]Running time (seconds) 364.80500
[Stat]MAP 0.370+/-0.016
[Stat]MRR 0.746+/-0.017
[Stat]Precision 0.197+/-0.022
