Load 6134 2-gram new features from /home/ll5fy/TUIR/dataset/yelp/yelp_features.txt...
Load 6134 2-gram new features from /home/ll5fy/TUIR/dataset/yelp/yelp_features.txt...
[Info]Start FIXED cross validation...
[Info]Load 553 tags, with 6134 features.
260 users are loaded from /home/ll5fy/TUIR/dataset/yelp/byUser_70k_review/5foldsCVColdstart/0/...
244 users are loaded from /home/ll5fy/TUIR/dataset/yelp/byUser_70k_review/5foldsCVColdstart/1/...
266 users are loaded from /home/ll5fy/TUIR/dataset/yelp/byUser_70k_review/5foldsCVColdstart/2/...
264 users are loaded from /home/ll5fy/TUIR/dataset/yelp/byUser_70k_review/5foldsCVColdstart/3/...
256 users are loaded from /home/ll5fy/TUIR/dataset/yelp/byUser_70k_review/5foldsCVColdstart/4/...
[Info]Finish loading 722 items' weights in total 156639 items!
[Info]Begin tagging 722 items with LDA_Variational Embed............
---- item 1: map is 0.10960, precision@k is 0.09091, mrr is 0.25000
---- item 51: map is 0.12684, precision@k is 0.09091, mrr is 0.25000
---- item 101: map is 0.13029, precision@k is 0.09091, mrr is 0.25000
---- item 151: map is 0.11169, precision@k is 0.09091, mrr is 0.25000
---- item 201: map is 0.08566, precision@k is 0.09091, mrr is 0.25000
---- item 251: map is 0.15441, precision@k is 0.09091, mrr is 0.25000
---- item 301: map is 0.09699, precision@k is 0.09091, mrr is 0.25000
---- item 351: map is 0.08368, precision@k is 0.09091, mrr is 0.25000
---- item 401: map is 0.07833, precision@k is 0.09091, mrr is 0.25000
---- item 451: map is 0.07960, precision@k is 0.09091, mrr is 0.25000
---- item 501: map is 0.08977, precision@k is 0.09091, mrr is 0.25000
---- item 551: map is 0.08989, precision@k is 0.09091, mrr is 0.25000
---- item 601: map is 0.13180, precision@k is 0.09091, mrr is 0.25000
---- item 651: map is 0.26303, precision@k is 0.18182, mrr is 0.50000
---- item 701: map is 0.13021, precision@k is 0.09091, mrr is 0.25000
[Stat]LDA_Variational model, Embed mode item tagging: Precision@K is 0.09064, MAP is: 0.10266, MRR is: 0.23138, in top 10 tags
244 users are loaded from /home/ll5fy/TUIR/dataset/yelp/byUser_70k_review/5foldsCVColdstart/1/...
260 users are loaded from /home/ll5fy/TUIR/dataset/yelp/byUser_70k_review/5foldsCVColdstart/0/...
266 users are loaded from /home/ll5fy/TUIR/dataset/yelp/byUser_70k_review/5foldsCVColdstart/2/...
264 users are loaded from /home/ll5fy/TUIR/dataset/yelp/byUser_70k_review/5foldsCVColdstart/3/...
256 users are loaded from /home/ll5fy/TUIR/dataset/yelp/byUser_70k_review/5foldsCVColdstart/4/...
[Info]Finish loading 732 items' weights in total 156639 items!
[Info]Begin tagging 732 items with LDA_Variational Embed............
---- item 1: map is 0.38988, precision@k is 0.09091, mrr is 1.00000
---- item 51: map is 0.34206, precision@k is 0.09091, mrr is 1.00000
---- item 101: map is 0.38915, precision@k is 0.09091, mrr is 1.00000
---- item 151: map is 0.24496, precision@k is 0.09091, mrr is 1.00000
---- item 201: map is 0.51887, precision@k is 0.09091, mrr is 1.00000
---- item 251: map is 0.53846, precision@k is 0.09091, mrr is 1.00000
---- item 301: map is 0.12972, precision@k is 0.09091, mrr is 0.33333
---- item 351: map is 0.51099, precision@k is 0.09091, mrr is 1.00000
---- item 401: map is 0.34510, precision@k is 0.09091, mrr is 1.00000
---- item 451: map is 0.02943, precision@k is 0.00000, mrr is 0.04348
---- item 501: map is 0.01333, precision@k is 0.00000, mrr is 0.01333
---- item 551: map is 0.00427, precision@k is 0.00000, mrr is 0.00273
---- item 601: map is 0.01675, precision@k is 0.00000, mrr is 0.02128
---- item 651: map is 0.34651, precision@k is 0.09091, mrr is 1.00000
---- item 701: map is 0.22745, precision@k is 0.09091, mrr is 1.00000
[Stat]LDA_Variational model, Embed mode item tagging: Precision@K is 0.09704, MAP is: 0.29369, MRR is: 0.77265, in top 10 tags
266 users are loaded from /home/ll5fy/TUIR/dataset/yelp/byUser_70k_review/5foldsCVColdstart/2/...
260 users are loaded from /home/ll5fy/TUIR/dataset/yelp/byUser_70k_review/5foldsCVColdstart/0/...
244 users are loaded from /home/ll5fy/TUIR/dataset/yelp/byUser_70k_review/5foldsCVColdstart/1/...
264 users are loaded from /home/ll5fy/TUIR/dataset/yelp/byUser_70k_review/5foldsCVColdstart/3/...
256 users are loaded from /home/ll5fy/TUIR/dataset/yelp/byUser_70k_review/5foldsCVColdstart/4/...
[Info]Finish loading 702 items' weights in total 156639 items!
[Info]Begin tagging 702 items with LDA_Variational Embed............
---- item 1: map is 0.34400, precision@k is 0.09091, mrr is 1.00000
---- item 51: map is 0.02552, precision@k is 0.00000, mrr is 0.01754
---- item 101: map is 0.00532, precision@k is 0.00000, mrr is 0.00549
---- item 151: map is 0.28849, precision@k is 0.09091, mrr is 1.00000
---- item 201: map is 0.21936, precision@k is 0.18182, mrr is 1.00000
---- item 251: map is 0.02811, precision@k is 0.00000, mrr is 0.01754
---- item 301: map is 0.35140, precision@k is 0.09091, mrr is 1.00000
---- item 351: map is 0.39593, precision@k is 0.09091, mrr is 1.00000
---- item 401: map is 0.19926, precision@k is 0.09091, mrr is 1.00000
---- item 451: map is 0.35003, precision@k is 0.18182, mrr is 1.00000
---- item 501: map is 0.02552, precision@k is 0.00000, mrr is 0.01754
---- item 551: map is 0.30075, precision@k is 0.09091, mrr is 1.00000
---- item 601: map is 0.02552, precision@k is 0.00000, mrr is 0.01754
---- item 651: map is 0.07485, precision@k is 0.09091, mrr is 0.20000
---- item 701: map is 0.51429, precision@k is 0.09091, mrr is 1.00000
[Stat]LDA_Variational model, Embed mode item tagging: Precision@K is 0.09281, MAP is: 0.29035, MRR is: 0.76242, in top 10 tags
264 users are loaded from /home/ll5fy/TUIR/dataset/yelp/byUser_70k_review/5foldsCVColdstart/3/...
260 users are loaded from /home/ll5fy/TUIR/dataset/yelp/byUser_70k_review/5foldsCVColdstart/0/...
244 users are loaded from /home/ll5fy/TUIR/dataset/yelp/byUser_70k_review/5foldsCVColdstart/1/...
266 users are loaded from /home/ll5fy/TUIR/dataset/yelp/byUser_70k_review/5foldsCVColdstart/2/...
256 users are loaded from /home/ll5fy/TUIR/dataset/yelp/byUser_70k_review/5foldsCVColdstart/4/...
[Info]Finish loading 717 items' weights in total 156639 items!
[Info]Begin tagging 717 items with LDA_Variational Embed............
---- item 1: map is 0.39790, precision@k is 0.09091, mrr is 1.00000
---- item 51: map is 0.34347, precision@k is 0.09091, mrr is 1.00000
---- item 101: map is 0.51099, precision@k is 0.09091, mrr is 1.00000
---- item 151: map is 0.50980, precision@k is 0.09091, mrr is 1.00000
---- item 201: map is 0.02672, precision@k is 0.00000, mrr is 0.01961
---- item 251: map is 0.50239, precision@k is 0.09091, mrr is 1.00000
---- item 301: map is 0.30270, precision@k is 0.09091, mrr is 1.00000
---- item 351: map is 0.02279, precision@k is 0.00000, mrr is 0.02703
---- item 401: map is 0.00685, precision@k is 0.00000, mrr is 0.00621
---- item 451: map is 0.50901, precision@k is 0.09091, mrr is 1.00000
---- item 501: map is 1.00000, precision@k is 1.00000, mrr is 1.00000
---- item 551: map is 0.35325, precision@k is 0.09091, mrr is 1.00000
---- item 601: map is 0.34326, precision@k is 0.09091, mrr is 1.00000
---- item 651: map is 0.02672, precision@k is 0.00000, mrr is 0.01961
---- item 701: map is 0.01679, precision@k is 0.00000, mrr is 0.00943
[Stat]LDA_Variational model, Embed mode item tagging: Precision@K is 0.10202, MAP is: 0.30112, MRR is: 0.77750, in top 10 tags
256 users are loaded from /home/ll5fy/TUIR/dataset/yelp/byUser_70k_review/5foldsCVColdstart/4/...
260 users are loaded from /home/ll5fy/TUIR/dataset/yelp/byUser_70k_review/5foldsCVColdstart/0/...
244 users are loaded from /home/ll5fy/TUIR/dataset/yelp/byUser_70k_review/5foldsCVColdstart/1/...
266 users are loaded from /home/ll5fy/TUIR/dataset/yelp/byUser_70k_review/5foldsCVColdstart/2/...
264 users are loaded from /home/ll5fy/TUIR/dataset/yelp/byUser_70k_review/5foldsCVColdstart/3/...
[Info]Finish loading 726 items' weights in total 156639 items!
[Info]Begin tagging 726 items with LDA_Variational Embed............
---- item 1: map is 0.38480, precision@k is 0.09091, mrr is 1.00000
---- item 51: map is 0.23578, precision@k is 0.09091, mrr is 1.00000
---- item 101: map is 0.34736, precision@k is 0.09091, mrr is 1.00000
---- item 151: map is 0.34671, precision@k is 0.09091, mrr is 1.00000
---- item 201: map is 0.52439, precision@k is 0.09091, mrr is 1.00000
---- item 251: map is 0.34671, precision@k is 0.09091, mrr is 1.00000
---- item 301: map is 0.10180, precision@k is 0.09091, mrr is 0.25000
---- item 351: map is 0.00234, precision@k is 0.00000, mrr is 0.00234
---- item 401: map is 0.37800, precision@k is 0.09091, mrr is 1.00000
---- item 451: map is 0.36096, precision@k is 0.09091, mrr is 1.00000
---- item 501: map is 0.30445, precision@k is 0.09091, mrr is 1.00000
---- item 551: map is 0.28939, precision@k is 0.09091, mrr is 1.00000
---- item 601: map is 0.28728, precision@k is 0.09091, mrr is 1.00000
---- item 651: map is 0.38537, precision@k is 0.09091, mrr is 1.00000
---- item 701: map is 0.27985, precision@k is 0.09091, mrr is 1.00000
[Stat]LDA_Variational model, Embed mode item tagging: Precision@K is 0.09854, MAP is: 0.29401, MRR is: 0.77536, in top 10 tags

[Stat]Running time (seconds) 159.94300
[Stat]MAP 0.256+/-0.077
[Stat]MRR 0.664+/-0.216
[Stat]Precision 0.096+/-0.004
