Load 6134 2-gram new features from /home/ll5fy/TUIR/dataset/yelp/yelp_features.txt...
Load 6134 2-gram new features from /home/ll5fy/TUIR/dataset/yelp/yelp_features.txt...
[Info]Start FIXED cross validation...
[Info]Load 553 tags, with 6134 features.
260 users are loaded from /home/ll5fy/TUIR/dataset/yelp/byUser_70k_review/5foldsCVColdstart/0/...
244 users are loaded from /home/ll5fy/TUIR/dataset/yelp/byUser_70k_review/5foldsCVColdstart/1/...
266 users are loaded from /home/ll5fy/TUIR/dataset/yelp/byUser_70k_review/5foldsCVColdstart/2/...
264 users are loaded from /home/ll5fy/TUIR/dataset/yelp/byUser_70k_review/5foldsCVColdstart/3/...
256 users are loaded from /home/ll5fy/TUIR/dataset/yelp/byUser_70k_review/5foldsCVColdstart/4/...
[Info]Finish loading 722 items' weights in total 156639 items!
[Info]Begin tagging 722 items with CTM Interpolation............
---- item 1: map is 0.45003, precision@k is 0.18182, mrr is 1.00000
---- item 51: map is 0.25186, precision@k is 0.09091, mrr is 0.50000
---- item 101: map is 0.12174, precision@k is 0.09091, mrr is 0.20000
---- item 151: map is 0.07410, precision@k is 0.09091, mrr is 0.20000
---- item 201: map is 0.34071, precision@k is 0.18182, mrr is 1.00000
---- item 251: map is 1.00000, precision@k is 1.00000, mrr is 1.00000
---- item 301: map is 0.05466, precision@k is 0.09091, mrr is 0.14286
---- item 351: map is 0.33870, precision@k is 0.18182, mrr is 1.00000
---- item 401: map is 0.32141, precision@k is 0.18182, mrr is 1.00000
---- item 451: map is 0.43017, precision@k is 0.18182, mrr is 1.00000
---- item 501: map is 0.07168, precision@k is 0.09091, mrr is 0.20000
---- item 551: map is 0.33932, precision@k is 0.09091, mrr is 1.00000
---- item 601: map is 0.19091, precision@k is 0.09091, mrr is 0.20000
---- item 651: map is 0.27805, precision@k is 0.18182, mrr is 0.50000
---- item 701: map is 0.11163, precision@k is 0.09091, mrr is 0.20000
[Stat]CTM model, Interpolation mode item tagging: Precision@K is 0.15153, MAP is: 0.24690, MRR is: 0.52472, in top 10 tags
244 users are loaded from /home/ll5fy/TUIR/dataset/yelp/byUser_70k_review/5foldsCVColdstart/1/...
260 users are loaded from /home/ll5fy/TUIR/dataset/yelp/byUser_70k_review/5foldsCVColdstart/0/...
266 users are loaded from /home/ll5fy/TUIR/dataset/yelp/byUser_70k_review/5foldsCVColdstart/2/...
264 users are loaded from /home/ll5fy/TUIR/dataset/yelp/byUser_70k_review/5foldsCVColdstart/3/...
256 users are loaded from /home/ll5fy/TUIR/dataset/yelp/byUser_70k_review/5foldsCVColdstart/4/...
[Info]Finish loading 732 items' weights in total 156639 items!
[Info]Begin tagging 732 items with CTM Interpolation............
---- item 1: map is 0.67529, precision@k is 0.18182, mrr is 1.00000
---- item 51: map is 0.35594, precision@k is 0.09091, mrr is 1.00000
---- item 101: map is 0.11724, precision@k is 0.09091, mrr is 0.25000
---- item 151: map is 0.42661, precision@k is 0.18182, mrr is 1.00000
---- item 201: map is 1.00000, precision@k is 1.00000, mrr is 1.00000
---- item 251: map is 0.34091, precision@k is 0.09091, mrr is 0.50000
---- item 301: map is 0.41948, precision@k is 0.18182, mrr is 1.00000
---- item 351: map is 0.26408, precision@k is 0.09091, mrr is 0.50000
---- item 401: map is 0.17672, precision@k is 0.09091, mrr is 0.50000
---- item 451: map is 0.27520, precision@k is 0.18182, mrr is 1.00000
---- item 501: map is 0.50000, precision@k is 0.50000, mrr is 0.50000
---- item 551: map is 0.00445, precision@k is 0.00000, mrr is 0.00275
---- item 601: map is 0.02643, precision@k is 0.00000, mrr is 0.03846
---- item 651: map is 0.19037, precision@k is 0.09091, mrr is 0.50000
---- item 701: map is 0.41691, precision@k is 0.18182, mrr is 1.00000
[Stat]CTM model, Interpolation mode item tagging: Precision@K is 0.21769, MAP is: 0.38104, MRR is: 0.72237, in top 10 tags
266 users are loaded from /home/ll5fy/TUIR/dataset/yelp/byUser_70k_review/5foldsCVColdstart/2/...
260 users are loaded from /home/ll5fy/TUIR/dataset/yelp/byUser_70k_review/5foldsCVColdstart/0/...
244 users are loaded from /home/ll5fy/TUIR/dataset/yelp/byUser_70k_review/5foldsCVColdstart/1/...
264 users are loaded from /home/ll5fy/TUIR/dataset/yelp/byUser_70k_review/5foldsCVColdstart/3/...
256 users are loaded from /home/ll5fy/TUIR/dataset/yelp/byUser_70k_review/5foldsCVColdstart/4/...
[Info]Finish loading 702 items' weights in total 156639 items!
[Info]Begin tagging 702 items with CTM Interpolation............
---- item 1: map is 0.50283, precision@k is 0.18182, mrr is 1.00000
---- item 51: map is 0.32091, precision@k is 0.27273, mrr is 0.50000
---- item 101: map is 0.50515, precision@k is 0.09091, mrr is 1.00000
---- item 151: map is 0.24274, precision@k is 0.18182, mrr is 0.50000
---- item 201: map is 0.32418, precision@k is 0.27273, mrr is 1.00000
---- item 251: map is 0.24782, precision@k is 0.27273, mrr is 0.50000
---- item 301: map is 0.14309, precision@k is 0.09091, mrr is 0.25000
---- item 351: map is 0.37145, precision@k is 0.09091, mrr is 1.00000
---- item 401: map is 0.47511, precision@k is 0.27273, mrr is 1.00000
---- item 451: map is 0.75312, precision@k is 0.27273, mrr is 1.00000
---- item 501: map is 0.34641, precision@k is 0.27273, mrr is 0.50000
---- item 551: map is 0.52587, precision@k is 0.27273, mrr is 1.00000
---- item 601: map is 0.29832, precision@k is 0.27273, mrr is 0.50000
---- item 651: map is 0.39381, precision@k is 0.09091, mrr is 1.00000
---- item 701: map is 0.36667, precision@k is 0.40000, mrr is 0.33333
[Stat]CTM model, Interpolation mode item tagging: Precision@K is 0.21365, MAP is: 0.37403, MRR is: 0.68937, in top 10 tags
264 users are loaded from /home/ll5fy/TUIR/dataset/yelp/byUser_70k_review/5foldsCVColdstart/3/...
260 users are loaded from /home/ll5fy/TUIR/dataset/yelp/byUser_70k_review/5foldsCVColdstart/0/...
244 users are loaded from /home/ll5fy/TUIR/dataset/yelp/byUser_70k_review/5foldsCVColdstart/1/...
266 users are loaded from /home/ll5fy/TUIR/dataset/yelp/byUser_70k_review/5foldsCVColdstart/2/...
256 users are loaded from /home/ll5fy/TUIR/dataset/yelp/byUser_70k_review/5foldsCVColdstart/4/...
[Info]Finish loading 717 items' weights in total 156639 items!
[Info]Begin tagging 717 items with CTM Interpolation............
---- item 1: map is 0.67708, precision@k is 0.18182, mrr is 1.00000
---- item 51: map is 0.67316, precision@k is 0.18182, mrr is 1.00000
---- item 101: map is 0.20833, precision@k is 0.09091, mrr is 0.25000
---- item 151: map is 0.08915, precision@k is 0.09091, mrr is 0.16667
---- item 201: map is 0.24441, precision@k is 0.18182, mrr is 0.50000
---- item 251: map is 0.16884, precision@k is 0.09091, mrr is 0.33333
---- item 301: map is 0.26098, precision@k is 0.18182, mrr is 0.33333
---- item 351: map is 0.02228, precision@k is 0.00000, mrr is 0.01695
---- item 401: map is 0.00675, precision@k is 0.00000, mrr is 0.00599
---- item 451: map is 0.52564, precision@k is 0.09091, mrr is 1.00000
---- item 501: map is 1.00000, precision@k is 1.00000, mrr is 1.00000
---- item 551: map is 0.66970, precision@k is 0.18182, mrr is 1.00000
---- item 601: map is 0.11863, precision@k is 0.09091, mrr is 0.33333
---- item 651: map is 0.26503, precision@k is 0.18182, mrr is 0.50000
---- item 701: map is 0.38420, precision@k is 0.18182, mrr is 1.00000
[Stat]CTM model, Interpolation mode item tagging: Precision@K is 0.22396, MAP is: 0.38291, MRR is: 0.69635, in top 10 tags
256 users are loaded from /home/ll5fy/TUIR/dataset/yelp/byUser_70k_review/5foldsCVColdstart/4/...
260 users are loaded from /home/ll5fy/TUIR/dataset/yelp/byUser_70k_review/5foldsCVColdstart/0/...
244 users are loaded from /home/ll5fy/TUIR/dataset/yelp/byUser_70k_review/5foldsCVColdstart/1/...
266 users are loaded from /home/ll5fy/TUIR/dataset/yelp/byUser_70k_review/5foldsCVColdstart/2/...
264 users are loaded from /home/ll5fy/TUIR/dataset/yelp/byUser_70k_review/5foldsCVColdstart/3/...
[Info]Finish loading 726 items' weights in total 156639 items!
[Info]Begin tagging 726 items with CTM Interpolation............
---- item 1: map is 0.67536, precision@k is 0.18182, mrr is 1.00000
---- item 51: map is 0.23144, precision@k is 0.09091, mrr is 1.00000
---- item 101: map is 0.51538, precision@k is 0.18182, mrr is 1.00000
---- item 151: map is 0.17941, precision@k is 0.09091, mrr is 0.50000
---- item 201: map is 0.83333, precision@k is 0.66667, mrr is 1.00000
---- item 251: map is 0.34624, precision@k is 0.09091, mrr is 1.00000
---- item 301: map is 0.41968, precision@k is 0.18182, mrr is 1.00000
---- item 351: map is 1.00000, precision@k is 1.00000, mrr is 1.00000
---- item 401: map is 0.37727, precision@k is 0.09091, mrr is 1.00000
---- item 451: map is 0.18634, precision@k is 0.09091, mrr is 0.50000
---- item 501: map is 0.55259, precision@k is 0.18182, mrr is 1.00000
---- item 551: map is 0.51233, precision@k is 0.27273, mrr is 1.00000
---- item 601: map is 0.41768, precision@k is 0.27273, mrr is 0.50000
---- item 651: map is 0.61111, precision@k is 0.33333, mrr is 1.00000
---- item 701: map is 0.50886, precision@k is 0.18182, mrr is 1.00000
[Stat]CTM model, Interpolation mode item tagging: Precision@K is 0.22443, MAP is: 0.38055, MRR is: 0.68638, in top 10 tags

[Stat]Running time (seconds) 305.47800
[Stat]MAP 0.353+/-0.053
[Stat]MRR 0.664+/-0.071
[Stat]Precision 0.206+/-0.028
