Load 6134 2-gram new features from /home/ll5fy/TUIR/dataset/yelp/yelp_features.txt...
Load 6134 2-gram new features from /home/ll5fy/TUIR/dataset/yelp/yelp_features.txt...
[Info]Start FIXED cross validation...
[Info]Load 553 tags, with 6134 features.
260 users are loaded from /home/ll5fy/TUIR/dataset/yelp/byUser_70k_review/5foldsCVColdstart/0/...
244 users are loaded from /home/ll5fy/TUIR/dataset/yelp/byUser_70k_review/5foldsCVColdstart/1/...
266 users are loaded from /home/ll5fy/TUIR/dataset/yelp/byUser_70k_review/5foldsCVColdstart/2/...
264 users are loaded from /home/ll5fy/TUIR/dataset/yelp/byUser_70k_review/5foldsCVColdstart/3/...
256 users are loaded from /home/ll5fy/TUIR/dataset/yelp/byUser_70k_review/5foldsCVColdstart/4/...
[Info]Finish loading 861 items' weights in total 156639 items!
[Info]Begin tagging 861 items with ETBIR_User Interpolation............
---- item 1: map is 0.43078, precision@k is 0.18182, mrr is 1.00000
---- item 51: map is 0.54861, precision@k is 0.18182, mrr is 1.00000
---- item 101: map is 0.83333, precision@k is 0.66667, mrr is 1.00000
---- item 151: map is 0.19806, precision@k is 0.09091, mrr is 0.50000
---- item 201: map is 0.34627, precision@k is 0.09091, mrr is 1.00000
---- item 251: map is 0.13435, precision@k is 0.09091, mrr is 0.25000
---- item 301: map is 0.50553, precision@k is 0.18182, mrr is 1.00000
---- item 351: map is 0.51961, precision@k is 0.09091, mrr is 1.00000
---- item 401: map is 0.13858, precision@k is 0.09091, mrr is 0.50000
---- item 451: map is 0.57683, precision@k is 0.18182, mrr is 1.00000
---- item 501: map is 0.34461, precision@k is 0.09091, mrr is 1.00000
---- item 551: map is 0.83333, precision@k is 0.66667, mrr is 1.00000
---- item 601: map is 0.03342, precision@k is 0.00000, mrr is 0.05263
---- item 651: map is 0.02885, precision@k is 0.00000, mrr is 0.05882
---- item 701: map is 0.34336, precision@k is 0.09091, mrr is 1.00000
---- item 751: map is 0.00433, precision@k is 0.00000, mrr is 0.00284
---- item 801: map is 0.36312, precision@k is 0.09091, mrr is 1.00000
---- item 851: map is 0.08125, precision@k is 0.09091, mrr is 0.25000
[Stat]ETBIR_User model, Interpolation mode item tagging: Precision@K is 0.20486, MAP is: 0.36783, MRR is: 0.71248, in top 10 tags
244 users are loaded from /home/ll5fy/TUIR/dataset/yelp/byUser_70k_review/5foldsCVColdstart/1/...
260 users are loaded from /home/ll5fy/TUIR/dataset/yelp/byUser_70k_review/5foldsCVColdstart/0/...
266 users are loaded from /home/ll5fy/TUIR/dataset/yelp/byUser_70k_review/5foldsCVColdstart/2/...
264 users are loaded from /home/ll5fy/TUIR/dataset/yelp/byUser_70k_review/5foldsCVColdstart/3/...
256 users are loaded from /home/ll5fy/TUIR/dataset/yelp/byUser_70k_review/5foldsCVColdstart/4/...
[Info]Finish loading 861 items' weights in total 156639 items!
[Info]Begin tagging 861 items with ETBIR_User Interpolation............
---- item 1: map is 0.43064, precision@k is 0.18182, mrr is 1.00000
---- item 51: map is 0.42618, precision@k is 0.18182, mrr is 1.00000
---- item 101: map is 0.83333, precision@k is 0.66667, mrr is 1.00000
---- item 151: map is 0.15462, precision@k is 0.09091, mrr is 0.33333
---- item 201: map is 0.34383, precision@k is 0.09091, mrr is 1.00000
---- item 251: map is 0.14881, precision@k is 0.09091, mrr is 0.25000
---- item 301: map is 0.50551, precision@k is 0.18182, mrr is 1.00000
---- item 351: map is 0.53448, precision@k is 0.09091, mrr is 1.00000
---- item 401: map is 0.29080, precision@k is 0.27273, mrr is 0.50000
---- item 451: map is 0.57937, precision@k is 0.18182, mrr is 1.00000
---- item 501: map is 0.34481, precision@k is 0.09091, mrr is 1.00000
---- item 551: map is 0.75000, precision@k is 0.50000, mrr is 1.00000
---- item 601: map is 0.43333, precision@k is 0.18182, mrr is 1.00000
---- item 651: map is 0.03097, precision@k is 0.00000, mrr is 0.08333
---- item 701: map is 0.18149, precision@k is 0.09091, mrr is 0.50000
---- item 751: map is 0.00436, precision@k is 0.00000, mrr is 0.00284
---- item 801: map is 0.38740, precision@k is 0.09091, mrr is 1.00000
---- item 851: map is 0.11284, precision@k is 0.09091, mrr is 0.33333
[Stat]ETBIR_User model, Interpolation mode item tagging: Precision@K is 0.21810, MAP is: 0.37182, MRR is: 0.67935, in top 10 tags
266 users are loaded from /home/ll5fy/TUIR/dataset/yelp/byUser_70k_review/5foldsCVColdstart/2/...
260 users are loaded from /home/ll5fy/TUIR/dataset/yelp/byUser_70k_review/5foldsCVColdstart/0/...
244 users are loaded from /home/ll5fy/TUIR/dataset/yelp/byUser_70k_review/5foldsCVColdstart/1/...
264 users are loaded from /home/ll5fy/TUIR/dataset/yelp/byUser_70k_review/5foldsCVColdstart/3/...
256 users are loaded from /home/ll5fy/TUIR/dataset/yelp/byUser_70k_review/5foldsCVColdstart/4/...
[Info]Finish loading 861 items' weights in total 156639 items!
[Info]Begin tagging 861 items with ETBIR_User Interpolation............
---- item 1: map is 0.55807, precision@k is 0.18182, mrr is 1.00000
---- item 51: map is 0.42794, precision@k is 0.18182, mrr is 1.00000
---- item 101: map is 0.75000, precision@k is 0.50000, mrr is 1.00000
---- item 151: map is 0.16020, precision@k is 0.18182, mrr is 0.25000
---- item 201: map is 0.34352, precision@k is 0.09091, mrr is 1.00000
---- item 251: map is 0.18382, precision@k is 0.09091, mrr is 0.25000
---- item 301: map is 0.50611, precision@k is 0.18182, mrr is 1.00000
---- item 351: map is 0.64286, precision@k is 0.28571, mrr is 1.00000
---- item 401: map is 0.34748, precision@k is 0.27273, mrr is 0.50000
---- item 451: map is 0.57828, precision@k is 0.18182, mrr is 1.00000
---- item 501: map is 0.34649, precision@k is 0.09091, mrr is 1.00000
---- item 551: map is 0.70000, precision@k is 0.40000, mrr is 1.00000
---- item 601: map is 0.43366, precision@k is 0.18182, mrr is 1.00000
---- item 651: map is 0.02949, precision@k is 0.00000, mrr is 0.06667
---- item 701: map is 0.18397, precision@k is 0.09091, mrr is 0.50000
---- item 751: map is 0.00440, precision@k is 0.00000, mrr is 0.00266
---- item 801: map is 0.41476, precision@k is 0.18182, mrr is 1.00000
---- item 851: map is 0.10248, precision@k is 0.09091, mrr is 0.25000
[Stat]ETBIR_User model, Interpolation mode item tagging: Precision@K is 0.22654, MAP is: 0.37234, MRR is: 0.66559, in top 10 tags
264 users are loaded from /home/ll5fy/TUIR/dataset/yelp/byUser_70k_review/5foldsCVColdstart/3/...
260 users are loaded from /home/ll5fy/TUIR/dataset/yelp/byUser_70k_review/5foldsCVColdstart/0/...
244 users are loaded from /home/ll5fy/TUIR/dataset/yelp/byUser_70k_review/5foldsCVColdstart/1/...
266 users are loaded from /home/ll5fy/TUIR/dataset/yelp/byUser_70k_review/5foldsCVColdstart/2/...
256 users are loaded from /home/ll5fy/TUIR/dataset/yelp/byUser_70k_review/5foldsCVColdstart/4/...
[Info]Finish loading 861 items' weights in total 156639 items!
[Info]Begin tagging 861 items with ETBIR_User Interpolation............
---- item 1: map is 0.55827, precision@k is 0.18182, mrr is 1.00000
---- item 51: map is 0.35653, precision@k is 0.18182, mrr is 1.00000
---- item 101: map is 0.75000, precision@k is 0.50000, mrr is 1.00000
---- item 151: map is 0.17778, precision@k is 0.18182, mrr is 0.25000
---- item 201: map is 0.34628, precision@k is 0.09091, mrr is 1.00000
---- item 251: map is 0.28226, precision@k is 0.09091, mrr is 0.50000
---- item 301: map is 0.50487, precision@k is 0.18182, mrr is 1.00000
---- item 351: map is 0.70000, precision@k is 0.40000, mrr is 1.00000
---- item 401: map is 0.34641, precision@k is 0.27273, mrr is 0.50000
---- item 451: map is 0.44372, precision@k is 0.18182, mrr is 1.00000
---- item 501: map is 0.34558, precision@k is 0.09091, mrr is 1.00000
---- item 551: map is 0.66667, precision@k is 0.33333, mrr is 1.00000
---- item 601: map is 0.43420, precision@k is 0.18182, mrr is 1.00000
---- item 651: map is 0.03113, precision@k is 0.00000, mrr is 0.05000
---- item 701: map is 0.19685, precision@k is 0.09091, mrr is 0.50000
---- item 751: map is 0.00413, precision@k is 0.00000, mrr is 0.00251
---- item 801: map is 0.41574, precision@k is 0.18182, mrr is 1.00000
---- item 851: map is 0.09762, precision@k is 0.09091, mrr is 0.25000
[Stat]ETBIR_User model, Interpolation mode item tagging: Precision@K is 0.22839, MAP is: 0.37225, MRR is: 0.66326, in top 10 tags
256 users are loaded from /home/ll5fy/TUIR/dataset/yelp/byUser_70k_review/5foldsCVColdstart/4/...
260 users are loaded from /home/ll5fy/TUIR/dataset/yelp/byUser_70k_review/5foldsCVColdstart/0/...
244 users are loaded from /home/ll5fy/TUIR/dataset/yelp/byUser_70k_review/5foldsCVColdstart/1/...
266 users are loaded from /home/ll5fy/TUIR/dataset/yelp/byUser_70k_review/5foldsCVColdstart/2/...
264 users are loaded from /home/ll5fy/TUIR/dataset/yelp/byUser_70k_review/5foldsCVColdstart/3/...
[Info]Finish loading 861 items' weights in total 156639 items!
[Info]Begin tagging 861 items with ETBIR_User Interpolation............
---- item 1: map is 0.73333, precision@k is 0.66667, mrr is 1.00000
---- item 51: map is 0.37274, precision@k is 0.18182, mrr is 1.00000
---- item 101: map is 0.75000, precision@k is 0.50000, mrr is 1.00000
---- item 151: map is 0.57446, precision@k is 0.27273, mrr is 1.00000
---- item 201: map is 0.34598, precision@k is 0.09091, mrr is 1.00000
---- item 251: map is 0.20192, precision@k is 0.09091, mrr is 0.25000
---- item 301: map is 0.50670, precision@k is 0.18182, mrr is 1.00000
---- item 351: map is 0.75000, precision@k is 0.50000, mrr is 1.00000
---- item 401: map is 0.34725, precision@k is 0.27273, mrr is 0.50000
---- item 451: map is 0.43421, precision@k is 0.18182, mrr is 1.00000
---- item 501: map is 0.34570, precision@k is 0.09091, mrr is 1.00000
---- item 551: map is 0.61111, precision@k is 0.22222, mrr is 1.00000
---- item 601: map is 0.43334, precision@k is 0.18182, mrr is 1.00000
---- item 651: map is 0.02808, precision@k is 0.00000, mrr is 0.05000
---- item 701: map is 0.18866, precision@k is 0.09091, mrr is 0.50000
---- item 751: map is 0.00427, precision@k is 0.00000, mrr is 0.00283
---- item 801: map is 0.41595, precision@k is 0.18182, mrr is 1.00000
---- item 851: map is 0.10251, precision@k is 0.09091, mrr is 0.25000
[Stat]ETBIR_User model, Interpolation mode item tagging: Precision@K is 0.22789, MAP is: 0.37096, MRR is: 0.65792, in top 10 tags

[Stat]Running time (seconds) 363.73200
[Stat]MAP 0.371+/-0.002
[Stat]MRR 0.676+/-0.020
[Stat]Precision 0.221+/-0.009
