Load 6134 2-gram new features from /home/ll5fy/TUIR/dataset/yelp/yelp_features.txt...
Load 6134 2-gram new features from /home/ll5fy/TUIR/dataset/yelp/yelp_features.txt...
[Info]Start FIXED cross validation...
[Info]Load 553 tags, with 6134 features.
260 users are loaded from /home/ll5fy/TUIR/dataset/yelp/byUser_70k_review/5foldsCVColdstart/0/...
244 users are loaded from /home/ll5fy/TUIR/dataset/yelp/byUser_70k_review/5foldsCVColdstart/1/...
266 users are loaded from /home/ll5fy/TUIR/dataset/yelp/byUser_70k_review/5foldsCVColdstart/2/...
264 users are loaded from /home/ll5fy/TUIR/dataset/yelp/byUser_70k_review/5foldsCVColdstart/3/...
256 users are loaded from /home/ll5fy/TUIR/dataset/yelp/byUser_70k_review/5foldsCVColdstart/4/...
[Info]Finish loading 722 items' weights in total 156639 items!
[Info]Begin tagging 722 items with LDA_Item Interpolation............
---- item 1: map is 0.47292, precision@k is 0.18182, mrr is 1.00000
---- item 51: map is 0.25188, precision@k is 0.09091, mrr is 0.50000
---- item 101: map is 0.21930, precision@k is 0.09091, mrr is 0.33333
---- item 151: map is 0.11490, precision@k is 0.09091, mrr is 0.25000
---- item 201: map is 0.35879, precision@k is 0.18182, mrr is 1.00000
---- item 251: map is 1.00000, precision@k is 1.00000, mrr is 1.00000
---- item 301: map is 0.08383, precision@k is 0.09091, mrr is 0.20000
---- item 351: map is 0.34069, precision@k is 0.18182, mrr is 1.00000
---- item 401: map is 0.36429, precision@k is 0.18182, mrr is 1.00000
---- item 451: map is 0.47680, precision@k is 0.18182, mrr is 1.00000
---- item 501: map is 0.11843, precision@k is 0.09091, mrr is 0.33333
---- item 551: map is 0.36692, precision@k is 0.09091, mrr is 1.00000
---- item 601: map is 0.41667, precision@k is 0.50000, mrr is 0.33333
---- item 651: map is 0.26637, precision@k is 0.18182, mrr is 0.50000
---- item 701: map is 0.29167, precision@k is 0.33333, mrr is 0.25000
[Stat]LDA_Item model, Interpolation mode item tagging: Precision@K is 0.16606, MAP is: 0.27410, MRR is: 0.55401, in top 10 tags
244 users are loaded from /home/ll5fy/TUIR/dataset/yelp/byUser_70k_review/5foldsCVColdstart/1/...
260 users are loaded from /home/ll5fy/TUIR/dataset/yelp/byUser_70k_review/5foldsCVColdstart/0/...
266 users are loaded from /home/ll5fy/TUIR/dataset/yelp/byUser_70k_review/5foldsCVColdstart/2/...
264 users are loaded from /home/ll5fy/TUIR/dataset/yelp/byUser_70k_review/5foldsCVColdstart/3/...
256 users are loaded from /home/ll5fy/TUIR/dataset/yelp/byUser_70k_review/5foldsCVColdstart/4/...
[Info]Finish loading 732 items' weights in total 156639 items!
[Info]Begin tagging 732 items with LDA_Item Interpolation............
---- item 1: map is 0.67657, precision@k is 0.18182, mrr is 1.00000
---- item 51: map is 0.34931, precision@k is 0.09091, mrr is 1.00000
---- item 101: map is 0.12899, precision@k is 0.09091, mrr is 0.25000
---- item 151: map is 0.42737, precision@k is 0.18182, mrr is 1.00000
---- item 201: map is 0.83333, precision@k is 0.66667, mrr is 1.00000
---- item 251: map is 0.30000, precision@k is 0.09091, mrr is 0.50000
---- item 301: map is 0.44733, precision@k is 0.18182, mrr is 1.00000
---- item 351: map is 0.27500, precision@k is 0.09091, mrr is 0.50000
---- item 401: map is 0.17973, precision@k is 0.09091, mrr is 0.50000
---- item 451: map is 0.26653, precision@k is 0.18182, mrr is 1.00000
---- item 501: map is 0.50000, precision@k is 0.50000, mrr is 0.50000
---- item 551: map is 0.00445, precision@k is 0.00000, mrr is 0.00281
---- item 601: map is 0.01778, precision@k is 0.00000, mrr is 0.01639
---- item 651: map is 0.20304, precision@k is 0.09091, mrr is 0.50000
---- item 701: map is 0.41513, precision@k is 0.18182, mrr is 1.00000
[Stat]LDA_Item model, Interpolation mode item tagging: Precision@K is 0.21662, MAP is: 0.38141, MRR is: 0.72361, in top 10 tags
266 users are loaded from /home/ll5fy/TUIR/dataset/yelp/byUser_70k_review/5foldsCVColdstart/2/...
260 users are loaded from /home/ll5fy/TUIR/dataset/yelp/byUser_70k_review/5foldsCVColdstart/0/...
244 users are loaded from /home/ll5fy/TUIR/dataset/yelp/byUser_70k_review/5foldsCVColdstart/1/...
264 users are loaded from /home/ll5fy/TUIR/dataset/yelp/byUser_70k_review/5foldsCVColdstart/3/...
256 users are loaded from /home/ll5fy/TUIR/dataset/yelp/byUser_70k_review/5foldsCVColdstart/4/...
[Info]Finish loading 702 items' weights in total 156639 items!
[Info]Begin tagging 702 items with LDA_Item Interpolation............
---- item 1: map is 0.39129, precision@k is 0.09091, mrr is 1.00000
---- item 51: map is 0.32161, precision@k is 0.27273, mrr is 0.50000
---- item 101: map is 0.50508, precision@k is 0.09091, mrr is 1.00000
---- item 151: map is 0.26871, precision@k is 0.18182, mrr is 0.50000
---- item 201: map is 0.18598, precision@k is 0.09091, mrr is 1.00000
---- item 251: map is 0.24775, precision@k is 0.27273, mrr is 0.50000
---- item 301: map is 0.15870, precision@k is 0.18182, mrr is 0.25000
---- item 351: map is 0.40103, precision@k is 0.09091, mrr is 1.00000
---- item 401: map is 0.46155, precision@k is 0.27273, mrr is 1.00000
---- item 451: map is 0.69119, precision@k is 0.27273, mrr is 1.00000
---- item 501: map is 0.33246, precision@k is 0.27273, mrr is 0.50000
---- item 551: map is 0.56875, precision@k is 0.27273, mrr is 1.00000
---- item 601: map is 0.29875, precision@k is 0.27273, mrr is 0.50000
---- item 651: map is 0.42157, precision@k is 0.18182, mrr is 1.00000
---- item 701: map is 0.41667, precision@k is 0.50000, mrr is 0.33333
[Stat]LDA_Item model, Interpolation mode item tagging: Precision@K is 0.21354, MAP is: 0.37688, MRR is: 0.69365, in top 10 tags
264 users are loaded from /home/ll5fy/TUIR/dataset/yelp/byUser_70k_review/5foldsCVColdstart/3/...
260 users are loaded from /home/ll5fy/TUIR/dataset/yelp/byUser_70k_review/5foldsCVColdstart/0/...
244 users are loaded from /home/ll5fy/TUIR/dataset/yelp/byUser_70k_review/5foldsCVColdstart/1/...
266 users are loaded from /home/ll5fy/TUIR/dataset/yelp/byUser_70k_review/5foldsCVColdstart/2/...
256 users are loaded from /home/ll5fy/TUIR/dataset/yelp/byUser_70k_review/5foldsCVColdstart/4/...
[Info]Finish loading 717 items' weights in total 156639 items!
[Info]Begin tagging 717 items with LDA_Item Interpolation............
---- item 1: map is 0.67593, precision@k is 0.18182, mrr is 1.00000
---- item 51: map is 0.46996, precision@k is 0.18182, mrr is 1.00000
---- item 101: map is 0.23611, precision@k is 0.22222, mrr is 0.25000
---- item 151: map is 0.09038, precision@k is 0.09091, mrr is 0.16667
---- item 201: map is 0.28915, precision@k is 0.18182, mrr is 0.50000
---- item 251: map is 0.16914, precision@k is 0.09091, mrr is 0.33333
---- item 301: map is 0.27360, precision@k is 0.18182, mrr is 0.33333
---- item 351: map is 0.02393, precision@k is 0.00000, mrr is 0.02857
---- item 401: map is 0.00661, precision@k is 0.00000, mrr is 0.00463
---- item 451: map is 0.52222, precision@k is 0.09091, mrr is 1.00000
---- item 501: map is 1.00000, precision@k is 1.00000, mrr is 1.00000
---- item 551: map is 0.67009, precision@k is 0.18182, mrr is 1.00000
---- item 601: map is 0.11933, precision@k is 0.09091, mrr is 0.33333
---- item 651: map is 0.26567, precision@k is 0.18182, mrr is 0.50000
---- item 701: map is 0.36628, precision@k is 0.18182, mrr is 1.00000
[Stat]LDA_Item model, Interpolation mode item tagging: Precision@K is 0.22569, MAP is: 0.38308, MRR is: 0.69442, in top 10 tags
256 users are loaded from /home/ll5fy/TUIR/dataset/yelp/byUser_70k_review/5foldsCVColdstart/4/...
260 users are loaded from /home/ll5fy/TUIR/dataset/yelp/byUser_70k_review/5foldsCVColdstart/0/...
244 users are loaded from /home/ll5fy/TUIR/dataset/yelp/byUser_70k_review/5foldsCVColdstart/1/...
266 users are loaded from /home/ll5fy/TUIR/dataset/yelp/byUser_70k_review/5foldsCVColdstart/2/...
264 users are loaded from /home/ll5fy/TUIR/dataset/yelp/byUser_70k_review/5foldsCVColdstart/3/...
[Info]Finish loading 726 items' weights in total 156639 items!
[Info]Begin tagging 726 items with LDA_Item Interpolation............
---- item 1: map is 0.67536, precision@k is 0.18182, mrr is 1.00000
---- item 51: map is 0.22573, precision@k is 0.09091, mrr is 1.00000
---- item 101: map is 0.51515, precision@k is 0.18182, mrr is 1.00000
---- item 151: map is 0.18152, precision@k is 0.09091, mrr is 0.50000
---- item 201: map is 0.75000, precision@k is 0.50000, mrr is 1.00000
---- item 251: map is 0.34858, precision@k is 0.09091, mrr is 1.00000
---- item 301: map is 0.41925, precision@k is 0.18182, mrr is 1.00000
---- item 351: map is 1.00000, precision@k is 1.00000, mrr is 1.00000
---- item 401: map is 0.37164, precision@k is 0.09091, mrr is 1.00000
---- item 451: map is 0.19121, precision@k is 0.09091, mrr is 0.50000
---- item 501: map is 0.56624, precision@k is 0.18182, mrr is 1.00000
---- item 551: map is 0.50189, precision@k is 0.27273, mrr is 1.00000
---- item 601: map is 0.43362, precision@k is 0.27273, mrr is 0.50000
---- item 651: map is 0.60000, precision@k is 0.30000, mrr is 1.00000
---- item 701: map is 0.50878, precision@k is 0.18182, mrr is 1.00000
[Stat]LDA_Item model, Interpolation mode item tagging: Precision@K is 0.22465, MAP is: 0.37887, MRR is: 0.68528, in top 10 tags

[Stat]Running time (seconds) 310.27300
[Stat]MAP 0.359+/-0.042
[Stat]MRR 0.670+/-0.060
[Stat]Precision 0.209+/-0.022
