Load 6134 2-gram new features from /home/ll5fy/TUIR/dataset/yelp/yelp_features.txt...
Load 6134 2-gram new features from /home/ll5fy/TUIR/dataset/yelp/yelp_features.txt...
[Info]Start FIXED cross validation...
[Info]Load 553 tags, with 6134 features.
260 users are loaded from /home/ll5fy/TUIR/dataset/yelp/byUser_70k_review/5foldsCVColdstart/0/...
244 users are loaded from /home/ll5fy/TUIR/dataset/yelp/byUser_70k_review/5foldsCVColdstart/1/...
266 users are loaded from /home/ll5fy/TUIR/dataset/yelp/byUser_70k_review/5foldsCVColdstart/2/...
264 users are loaded from /home/ll5fy/TUIR/dataset/yelp/byUser_70k_review/5foldsCVColdstart/3/...
256 users are loaded from /home/ll5fy/TUIR/dataset/yelp/byUser_70k_review/5foldsCVColdstart/4/...
[Info]Finish loading 861 items' weights in total 156639 items!
[Info]Begin tagging 861 items with ETBIR_Item Interpolation............
---- item 1: map is 0.35763, precision@k is 0.09091, mrr is 1.00000
---- item 51: map is 0.55266, precision@k is 0.18182, mrr is 1.00000
---- item 101: map is 1.00000, precision@k is 1.00000, mrr is 1.00000
---- item 151: map is 0.37205, precision@k is 0.09091, mrr is 1.00000
---- item 201: map is 0.34500, precision@k is 0.09091, mrr is 1.00000
---- item 251: map is 0.01529, precision@k is 0.00000, mrr is 0.01639
---- item 301: map is 0.27816, precision@k is 0.09091, mrr is 1.00000
---- item 351: map is 0.51429, precision@k is 0.09091, mrr is 1.00000
---- item 401: map is 0.13107, precision@k is 0.09091, mrr is 0.50000
---- item 451: map is 0.69298, precision@k is 0.18182, mrr is 1.00000
---- item 501: map is 0.04543, precision@k is 0.09091, mrr is 0.10000
---- item 551: map is 1.00000, precision@k is 1.00000, mrr is 1.00000
---- item 601: map is 0.02572, precision@k is 0.00000, mrr is 0.02564
---- item 651: map is 0.02994, precision@k is 0.00000, mrr is 0.07143
---- item 701: map is 0.34426, precision@k is 0.09091, mrr is 1.00000
---- item 751: map is 0.00442, precision@k is 0.00000, mrr is 0.00287
---- item 801: map is 0.35840, precision@k is 0.09091, mrr is 1.00000
---- item 851: map is 0.06317, precision@k is 0.09091, mrr is 0.16667
[Stat]ETBIR_Item model, Interpolation mode item tagging: Precision@K is 0.16772, MAP is: 0.35140, MRR is: 0.76021, in top 10 tags
244 users are loaded from /home/ll5fy/TUIR/dataset/yelp/byUser_70k_review/5foldsCVColdstart/1/...
260 users are loaded from /home/ll5fy/TUIR/dataset/yelp/byUser_70k_review/5foldsCVColdstart/0/...
266 users are loaded from /home/ll5fy/TUIR/dataset/yelp/byUser_70k_review/5foldsCVColdstart/2/...
264 users are loaded from /home/ll5fy/TUIR/dataset/yelp/byUser_70k_review/5foldsCVColdstart/3/...
256 users are loaded from /home/ll5fy/TUIR/dataset/yelp/byUser_70k_review/5foldsCVColdstart/4/...
[Info]Finish loading 861 items' weights in total 156639 items!
[Info]Begin tagging 861 items with ETBIR_Item Interpolation............
---- item 1: map is 0.35070, precision@k is 0.09091, mrr is 1.00000
---- item 51: map is 0.54479, precision@k is 0.18182, mrr is 1.00000
---- item 101: map is 1.00000, precision@k is 1.00000, mrr is 1.00000
---- item 151: map is 0.20065, precision@k is 0.09091, mrr is 0.50000
---- item 201: map is 0.34484, precision@k is 0.09091, mrr is 1.00000
---- item 251: map is 0.04836, precision@k is 0.00000, mrr is 0.07692
---- item 301: map is 0.50575, precision@k is 0.18182, mrr is 1.00000
---- item 351: map is 0.51471, precision@k is 0.09091, mrr is 1.00000
---- item 401: map is 0.20426, precision@k is 0.18182, mrr is 0.50000
---- item 451: map is 0.58497, precision@k is 0.18182, mrr is 1.00000
---- item 501: map is 0.04054, precision@k is 0.00000, mrr is 0.08333
---- item 551: map is 1.00000, precision@k is 1.00000, mrr is 1.00000
---- item 601: map is 0.33002, precision@k is 0.18182, mrr is 1.00000
---- item 651: map is 0.02579, precision@k is 0.00000, mrr is 0.05263
---- item 701: map is 0.17679, precision@k is 0.09091, mrr is 0.50000
---- item 751: map is 0.00443, precision@k is 0.00000, mrr is 0.00286
---- item 801: map is 0.36157, precision@k is 0.09091, mrr is 1.00000
---- item 851: map is 0.07852, precision@k is 0.09091, mrr is 0.25000
[Stat]ETBIR_Item model, Interpolation mode item tagging: Precision@K is 0.20198, MAP is: 0.37558, MRR is: 0.74697, in top 10 tags
266 users are loaded from /home/ll5fy/TUIR/dataset/yelp/byUser_70k_review/5foldsCVColdstart/2/...
260 users are loaded from /home/ll5fy/TUIR/dataset/yelp/byUser_70k_review/5foldsCVColdstart/0/...
244 users are loaded from /home/ll5fy/TUIR/dataset/yelp/byUser_70k_review/5foldsCVColdstart/1/...
264 users are loaded from /home/ll5fy/TUIR/dataset/yelp/byUser_70k_review/5foldsCVColdstart/3/...
256 users are loaded from /home/ll5fy/TUIR/dataset/yelp/byUser_70k_review/5foldsCVColdstart/4/...
[Info]Finish loading 861 items' weights in total 156639 items!
[Info]Begin tagging 861 items with ETBIR_Item Interpolation............
---- item 1: map is 0.35552, precision@k is 0.09091, mrr is 1.00000
---- item 51: map is 0.54762, precision@k is 0.18182, mrr is 1.00000
---- item 101: map is 1.00000, precision@k is 1.00000, mrr is 1.00000
---- item 151: map is 0.20538, precision@k is 0.09091, mrr is 0.50000
---- item 201: map is 0.34501, precision@k is 0.09091, mrr is 1.00000
---- item 251: map is 0.07998, precision@k is 0.09091, mrr is 0.14286
---- item 301: map is 0.50568, precision@k is 0.18182, mrr is 1.00000
---- item 351: map is 0.51563, precision@k is 0.09091, mrr is 1.00000
---- item 401: map is 0.23966, precision@k is 0.18182, mrr is 0.50000
---- item 451: map is 0.58413, precision@k is 0.18182, mrr is 1.00000
---- item 501: map is 0.34609, precision@k is 0.09091, mrr is 1.00000
---- item 551: map is 1.00000, precision@k is 1.00000, mrr is 1.00000
---- item 601: map is 0.43258, precision@k is 0.18182, mrr is 1.00000
---- item 651: map is 0.02504, precision@k is 0.00000, mrr is 0.05000
---- item 701: map is 0.17838, precision@k is 0.09091, mrr is 0.50000
---- item 751: map is 0.00441, precision@k is 0.00000, mrr is 0.00279
---- item 801: map is 0.36373, precision@k is 0.09091, mrr is 1.00000
---- item 851: map is 0.08247, precision@k is 0.09091, mrr is 0.25000
[Stat]ETBIR_Item model, Interpolation mode item tagging: Precision@K is 0.21047, MAP is: 0.37995, MRR is: 0.73463, in top 10 tags
264 users are loaded from /home/ll5fy/TUIR/dataset/yelp/byUser_70k_review/5foldsCVColdstart/3/...
260 users are loaded from /home/ll5fy/TUIR/dataset/yelp/byUser_70k_review/5foldsCVColdstart/0/...
244 users are loaded from /home/ll5fy/TUIR/dataset/yelp/byUser_70k_review/5foldsCVColdstart/1/...
266 users are loaded from /home/ll5fy/TUIR/dataset/yelp/byUser_70k_review/5foldsCVColdstart/2/...
256 users are loaded from /home/ll5fy/TUIR/dataset/yelp/byUser_70k_review/5foldsCVColdstart/4/...
[Info]Finish loading 861 items' weights in total 156639 items!
[Info]Begin tagging 861 items with ETBIR_Item Interpolation............
---- item 1: map is 0.36196, precision@k is 0.09091, mrr is 1.00000
---- item 51: map is 0.55041, precision@k is 0.18182, mrr is 1.00000
---- item 101: map is 0.83333, precision@k is 0.66667, mrr is 1.00000
---- item 151: map is 0.21380, precision@k is 0.09091, mrr is 0.50000
---- item 201: map is 0.34513, precision@k is 0.09091, mrr is 1.00000
---- item 251: map is 0.50549, precision@k is 0.09091, mrr is 1.00000
---- item 301: map is 0.50531, precision@k is 0.18182, mrr is 1.00000
---- item 351: map is 0.52174, precision@k is 0.09091, mrr is 1.00000
---- item 401: map is 0.28263, precision@k is 0.18182, mrr is 0.50000
---- item 451: map is 0.51852, precision@k is 0.18182, mrr is 1.00000
---- item 501: map is 0.34580, precision@k is 0.09091, mrr is 1.00000
---- item 551: map is 1.00000, precision@k is 1.00000, mrr is 1.00000
---- item 601: map is 0.43357, precision@k is 0.18182, mrr is 1.00000
---- item 651: map is 0.02945, precision@k is 0.00000, mrr is 0.06667
---- item 701: map is 0.17890, precision@k is 0.09091, mrr is 0.50000
---- item 751: map is 0.00429, precision@k is 0.00000, mrr is 0.00276
---- item 801: map is 0.36241, precision@k is 0.09091, mrr is 1.00000
---- item 851: map is 0.08182, precision@k is 0.09091, mrr is 0.25000
[Stat]ETBIR_Item model, Interpolation mode item tagging: Precision@K is 0.21219, MAP is: 0.37588, MRR is: 0.71685, in top 10 tags
256 users are loaded from /home/ll5fy/TUIR/dataset/yelp/byUser_70k_review/5foldsCVColdstart/4/...
260 users are loaded from /home/ll5fy/TUIR/dataset/yelp/byUser_70k_review/5foldsCVColdstart/0/...
244 users are loaded from /home/ll5fy/TUIR/dataset/yelp/byUser_70k_review/5foldsCVColdstart/1/...
266 users are loaded from /home/ll5fy/TUIR/dataset/yelp/byUser_70k_review/5foldsCVColdstart/2/...
264 users are loaded from /home/ll5fy/TUIR/dataset/yelp/byUser_70k_review/5foldsCVColdstart/3/...
[Info]Finish loading 861 items' weights in total 156639 items!
[Info]Begin tagging 861 items with ETBIR_Item Interpolation............
---- item 1: map is 0.60714, precision@k is 0.27273, mrr is 1.00000
---- item 51: map is 0.55222, precision@k is 0.18182, mrr is 1.00000
---- item 101: map is 0.83333, precision@k is 0.66667, mrr is 1.00000
---- item 151: map is 0.48536, precision@k is 0.27273, mrr is 1.00000
---- item 201: map is 0.34609, precision@k is 0.09091, mrr is 1.00000
---- item 251: map is 0.13435, precision@k is 0.09091, mrr is 0.25000
---- item 301: map is 0.50600, precision@k is 0.18182, mrr is 1.00000
---- item 351: map is 0.52500, precision@k is 0.09091, mrr is 1.00000
---- item 401: map is 0.30796, precision@k is 0.27273, mrr is 0.50000
---- item 451: map is 0.48553, precision@k is 0.18182, mrr is 1.00000
---- item 501: map is 0.34649, precision@k is 0.09091, mrr is 1.00000
---- item 551: map is 1.00000, precision@k is 1.00000, mrr is 1.00000
---- item 601: map is 0.43310, precision@k is 0.18182, mrr is 1.00000
---- item 651: map is 0.02857, precision@k is 0.00000, mrr is 0.05882
---- item 701: map is 0.17933, precision@k is 0.09091, mrr is 0.50000
---- item 751: map is 0.00429, precision@k is 0.00000, mrr is 0.00275
---- item 801: map is 0.36924, precision@k is 0.09091, mrr is 1.00000
---- item 851: map is 0.08065, precision@k is 0.09091, mrr is 0.25000
[Stat]ETBIR_Item model, Interpolation mode item tagging: Precision@K is 0.22117, MAP is: 0.38220, MRR is: 0.71166, in top 10 tags

[Stat]Running time (seconds) 365.17600
[Stat]MAP 0.373+/-0.011
[Stat]MRR 0.734+/-0.018
[Stat]Precision 0.203+/-0.019
