Load 6134 2-gram new features from /home/ll5fy/TUIR/dataset/yelp/yelp_features.txt...
Load 6134 2-gram new features from /home/ll5fy/TUIR/dataset/yelp/yelp_features.txt...
[Info]Start FIXED cross validation...
[Info]Load 553 tags, with 6134 features.
260 users are loaded from /home/ll5fy/TUIR/dataset/yelp/byUser_70k_review/5foldsCVColdstart/0/...
244 users are loaded from /home/ll5fy/TUIR/dataset/yelp/byUser_70k_review/5foldsCVColdstart/1/...
266 users are loaded from /home/ll5fy/TUIR/dataset/yelp/byUser_70k_review/5foldsCVColdstart/2/...
264 users are loaded from /home/ll5fy/TUIR/dataset/yelp/byUser_70k_review/5foldsCVColdstart/3/...
256 users are loaded from /home/ll5fy/TUIR/dataset/yelp/byUser_70k_review/5foldsCVColdstart/4/...
[Info]Finish loading 722 items' weights in total 156639 items!
[Info]Begin tagging 722 items with LDA_User Interpolation............
---- item 1: map is 0.50279, precision@k is 0.18182, mrr is 1.00000
---- item 51: map is 0.16852, precision@k is 0.09091, mrr is 0.33333
---- item 101: map is 0.70000, precision@k is 0.40000, mrr is 1.00000
---- item 151: map is 0.18494, precision@k is 0.09091, mrr is 0.50000
---- item 201: map is 0.33948, precision@k is 0.18182, mrr is 1.00000
---- item 251: map is 0.83333, precision@k is 0.66667, mrr is 1.00000
---- item 301: map is 0.06485, precision@k is 0.00000, mrr is 0.06667
---- item 351: map is 0.33853, precision@k is 0.18182, mrr is 1.00000
---- item 401: map is 0.30134, precision@k is 0.09091, mrr is 1.00000
---- item 451: map is 0.62738, precision@k is 0.27273, mrr is 1.00000
---- item 501: map is 0.33756, precision@k is 0.09091, mrr is 1.00000
---- item 551: map is 0.66934, precision@k is 0.18182, mrr is 1.00000
---- item 601: map is 0.37500, precision@k is 0.25000, mrr is 0.50000
---- item 651: map is 0.23234, precision@k is 0.18182, mrr is 0.50000
---- item 701: map is 0.64286, precision@k is 0.28571, mrr is 1.00000
[Stat]LDA_User model, Interpolation mode item tagging: Precision@K is 0.20912, MAP is: 0.35031, MRR is: 0.64972, in top 10 tags
244 users are loaded from /home/ll5fy/TUIR/dataset/yelp/byUser_70k_review/5foldsCVColdstart/1/...
260 users are loaded from /home/ll5fy/TUIR/dataset/yelp/byUser_70k_review/5foldsCVColdstart/0/...
266 users are loaded from /home/ll5fy/TUIR/dataset/yelp/byUser_70k_review/5foldsCVColdstart/2/...
264 users are loaded from /home/ll5fy/TUIR/dataset/yelp/byUser_70k_review/5foldsCVColdstart/3/...
256 users are loaded from /home/ll5fy/TUIR/dataset/yelp/byUser_70k_review/5foldsCVColdstart/4/...
[Info]Finish loading 732 items' weights in total 156639 items!
[Info]Begin tagging 732 items with LDA_User Interpolation............
---- item 1: map is 0.48116, precision@k is 0.18182, mrr is 1.00000
---- item 51: map is 0.56002, precision@k is 0.18182, mrr is 1.00000
---- item 101: map is 0.07367, precision@k is 0.00000, mrr is 0.07692
---- item 151: map is 0.36482, precision@k is 0.18182, mrr is 1.00000
---- item 201: map is 0.70000, precision@k is 0.40000, mrr is 1.00000
---- item 251: map is 0.50000, precision@k is 0.50000, mrr is 0.50000
---- item 301: map is 0.40995, precision@k is 0.18182, mrr is 1.00000
---- item 351: map is 0.36667, precision@k is 0.40000, mrr is 0.33333
---- item 401: map is 0.08494, precision@k is 0.09091, mrr is 0.20000
---- item 451: map is 0.32288, precision@k is 0.18182, mrr is 1.00000
---- item 501: map is 0.50000, precision@k is 0.50000, mrr is 0.50000
---- item 551: map is 0.00411, precision@k is 0.00000, mrr is 0.00240
---- item 601: map is 0.04365, precision@k is 0.00000, mrr is 0.07143
---- item 651: map is 0.47619, precision@k is 0.42857, mrr is 0.50000
---- item 701: map is 0.28313, precision@k is 0.18182, mrr is 1.00000
[Stat]LDA_User model, Interpolation mode item tagging: Precision@K is 0.22016, MAP is: 0.36439, MRR is: 0.64695, in top 10 tags
266 users are loaded from /home/ll5fy/TUIR/dataset/yelp/byUser_70k_review/5foldsCVColdstart/2/...
260 users are loaded from /home/ll5fy/TUIR/dataset/yelp/byUser_70k_review/5foldsCVColdstart/0/...
244 users are loaded from /home/ll5fy/TUIR/dataset/yelp/byUser_70k_review/5foldsCVColdstart/1/...
264 users are loaded from /home/ll5fy/TUIR/dataset/yelp/byUser_70k_review/5foldsCVColdstart/3/...
256 users are loaded from /home/ll5fy/TUIR/dataset/yelp/byUser_70k_review/5foldsCVColdstart/4/...
[Info]Finish loading 702 items' weights in total 156639 items!
[Info]Begin tagging 702 items with LDA_User Interpolation............
---- item 1: map is 0.68553, precision@k is 0.18182, mrr is 1.00000
---- item 51: map is 0.39314, precision@k is 0.27273, mrr is 0.50000
---- item 101: map is 0.50595, precision@k is 0.09091, mrr is 1.00000
---- item 151: map is 0.28853, precision@k is 0.27273, mrr is 0.50000
---- item 201: map is 0.20516, precision@k is 0.09091, mrr is 1.00000
---- item 251: map is 0.24976, precision@k is 0.27273, mrr is 0.50000
---- item 301: map is 0.10971, precision@k is 0.09091, mrr is 0.16667
---- item 351: map is 0.41626, precision@k is 0.18182, mrr is 1.00000
---- item 401: map is 0.49320, precision@k is 0.36364, mrr is 1.00000
---- item 451: map is 0.66563, precision@k is 0.27273, mrr is 1.00000
---- item 501: map is 0.36621, precision@k is 0.27273, mrr is 0.50000
---- item 551: map is 0.47752, precision@k is 0.27273, mrr is 1.00000
---- item 601: map is 0.24694, precision@k is 0.27273, mrr is 0.33333
---- item 651: map is 0.37439, precision@k is 0.09091, mrr is 1.00000
---- item 701: map is 0.27778, precision@k is 0.22222, mrr is 0.33333
[Stat]LDA_User model, Interpolation mode item tagging: Precision@K is 0.22368, MAP is: 0.36830, MRR is: 0.64195, in top 10 tags
264 users are loaded from /home/ll5fy/TUIR/dataset/yelp/byUser_70k_review/5foldsCVColdstart/3/...
260 users are loaded from /home/ll5fy/TUIR/dataset/yelp/byUser_70k_review/5foldsCVColdstart/0/...
244 users are loaded from /home/ll5fy/TUIR/dataset/yelp/byUser_70k_review/5foldsCVColdstart/1/...
266 users are loaded from /home/ll5fy/TUIR/dataset/yelp/byUser_70k_review/5foldsCVColdstart/2/...
256 users are loaded from /home/ll5fy/TUIR/dataset/yelp/byUser_70k_review/5foldsCVColdstart/4/...
[Info]Finish loading 717 items' weights in total 156639 items!
[Info]Begin tagging 717 items with LDA_User Interpolation............
---- item 1: map is 0.48452, precision@k is 0.18182, mrr is 1.00000
---- item 51: map is 0.47304, precision@k is 0.18182, mrr is 1.00000
---- item 101: map is 0.22619, precision@k is 0.28571, mrr is 0.16667
---- item 151: map is 0.09251, precision@k is 0.09091, mrr is 0.16667
---- item 201: map is 0.34380, precision@k is 0.27273, mrr is 0.50000
---- item 251: map is 0.06575, precision@k is 0.09091, mrr is 0.12500
---- item 301: map is 0.30521, precision@k is 0.18182, mrr is 0.33333
---- item 351: map is 0.04791, precision@k is 0.00000, mrr is 0.03571
---- item 401: map is 0.00753, precision@k is 0.00000, mrr is 0.00690
---- item 451: map is 1.00000, precision@k is 1.00000, mrr is 1.00000
---- item 501: map is 1.00000, precision@k is 1.00000, mrr is 1.00000
---- item 551: map is 0.67248, precision@k is 0.18182, mrr is 1.00000
---- item 601: map is 0.03895, precision@k is 0.00000, mrr is 0.07692
---- item 651: map is 0.34401, precision@k is 0.27273, mrr is 0.50000
---- item 701: map is 0.42563, precision@k is 0.36364, mrr is 1.00000
[Stat]LDA_User model, Interpolation mode item tagging: Precision@K is 0.22040, MAP is: 0.36744, MRR is: 0.65097, in top 10 tags
256 users are loaded from /home/ll5fy/TUIR/dataset/yelp/byUser_70k_review/5foldsCVColdstart/4/...
260 users are loaded from /home/ll5fy/TUIR/dataset/yelp/byUser_70k_review/5foldsCVColdstart/0/...
244 users are loaded from /home/ll5fy/TUIR/dataset/yelp/byUser_70k_review/5foldsCVColdstart/1/...
266 users are loaded from /home/ll5fy/TUIR/dataset/yelp/byUser_70k_review/5foldsCVColdstart/2/...
264 users are loaded from /home/ll5fy/TUIR/dataset/yelp/byUser_70k_review/5foldsCVColdstart/3/...
[Info]Finish loading 726 items' weights in total 156639 items!
[Info]Begin tagging 726 items with LDA_User Interpolation............
---- item 1: map is 0.47076, precision@k is 0.18182, mrr is 1.00000
---- item 51: map is 0.22151, precision@k is 0.09091, mrr is 1.00000
---- item 101: map is 0.43667, precision@k is 0.18182, mrr is 1.00000
---- item 151: map is 0.12601, precision@k is 0.09091, mrr is 0.33333
---- item 201: map is 0.66667, precision@k is 0.33333, mrr is 1.00000
---- item 251: map is 0.34867, precision@k is 0.09091, mrr is 1.00000
---- item 301: map is 0.40260, precision@k is 0.18182, mrr is 1.00000
---- item 351: map is 1.00000, precision@k is 1.00000, mrr is 1.00000
---- item 401: map is 0.39589, precision@k is 0.09091, mrr is 1.00000
---- item 451: map is 0.17698, precision@k is 0.09091, mrr is 0.33333
---- item 501: map is 0.47117, precision@k is 0.18182, mrr is 1.00000
---- item 551: map is 0.51266, precision@k is 0.27273, mrr is 1.00000
---- item 601: map is 0.41204, precision@k is 0.27273, mrr is 0.50000
---- item 651: map is 0.70000, precision@k is 0.60000, mrr is 1.00000
---- item 701: map is 0.51232, precision@k is 0.18182, mrr is 1.00000
[Stat]LDA_User model, Interpolation mode item tagging: Precision@K is 0.21632, MAP is: 0.36589, MRR is: 0.64798, in top 10 tags

[Stat]Running time (seconds) 301.23100
[Stat]MAP 0.363+/-0.007
[Stat]MRR 0.648+/-0.003
[Stat]Precision 0.218+/-0.005
