Load 6134 2-gram new features from /home/ll5fy/TUIR/dataset/yelp/yelp_features.txt...
Load 6134 2-gram new features from /home/ll5fy/TUIR/dataset/yelp/yelp_features.txt...
[Info]Start FIXED cross validation...
[Info]Load 553 tags, with 6134 features.
260 users are loaded from /home/ll5fy/TUIR/dataset/yelp/byUser_70k_review/5foldsCVColdstart/0/...
244 users are loaded from /home/ll5fy/TUIR/dataset/yelp/byUser_70k_review/5foldsCVColdstart/1/...
266 users are loaded from /home/ll5fy/TUIR/dataset/yelp/byUser_70k_review/5foldsCVColdstart/2/...
264 users are loaded from /home/ll5fy/TUIR/dataset/yelp/byUser_70k_review/5foldsCVColdstart/3/...
256 users are loaded from /home/ll5fy/TUIR/dataset/yelp/byUser_70k_review/5foldsCVColdstart/4/...
[Info]Finish loading 861 items' weights in total 156639 items!
[Info]Begin tagging 861 items with ETBIR_User Interpolation............
---- item 1: map is 0.34674, precision@k is 0.09091, mrr is 1.00000
---- item 51: map is 0.55568, precision@k is 0.18182, mrr is 1.00000
---- item 101: map is 1.00000, precision@k is 1.00000, mrr is 1.00000
---- item 151: map is 0.36595, precision@k is 0.09091, mrr is 1.00000
---- item 201: map is 0.34382, precision@k is 0.09091, mrr is 1.00000
---- item 251: map is 0.01763, precision@k is 0.00000, mrr is 0.02000
---- item 301: map is 0.27890, precision@k is 0.09091, mrr is 1.00000
---- item 351: map is 0.51370, precision@k is 0.09091, mrr is 1.00000
---- item 401: map is 0.09417, precision@k is 0.09091, mrr is 0.33333
---- item 451: map is 0.53448, precision@k is 0.18182, mrr is 1.00000
---- item 501: map is 0.02977, precision@k is 0.00000, mrr is 0.05556
---- item 551: map is 1.00000, precision@k is 1.00000, mrr is 1.00000
---- item 601: map is 0.02218, precision@k is 0.00000, mrr is 0.01587
---- item 651: map is 0.03287, precision@k is 0.00000, mrr is 0.08333
---- item 701: map is 0.34263, precision@k is 0.09091, mrr is 1.00000
---- item 751: map is 0.00453, precision@k is 0.00000, mrr is 0.00292
---- item 801: map is 0.35502, precision@k is 0.09091, mrr is 1.00000
---- item 851: map is 0.06623, precision@k is 0.09091, mrr is 0.16667
[Stat]ETBIR_User model, Interpolation mode item tagging: Precision@K is 0.16392, MAP is: 0.34574, MRR is: 0.76233, in top 10 tags
244 users are loaded from /home/ll5fy/TUIR/dataset/yelp/byUser_70k_review/5foldsCVColdstart/1/...
260 users are loaded from /home/ll5fy/TUIR/dataset/yelp/byUser_70k_review/5foldsCVColdstart/0/...
266 users are loaded from /home/ll5fy/TUIR/dataset/yelp/byUser_70k_review/5foldsCVColdstart/2/...
264 users are loaded from /home/ll5fy/TUIR/dataset/yelp/byUser_70k_review/5foldsCVColdstart/3/...
256 users are loaded from /home/ll5fy/TUIR/dataset/yelp/byUser_70k_review/5foldsCVColdstart/4/...
[Info]Finish loading 861 items' weights in total 156639 items!
[Info]Begin tagging 861 items with ETBIR_User Interpolation............
---- item 1: map is 0.35069, precision@k is 0.09091, mrr is 1.00000
---- item 51: map is 0.53325, precision@k is 0.18182, mrr is 1.00000
---- item 101: map is 1.00000, precision@k is 1.00000, mrr is 1.00000
---- item 151: map is 0.19818, precision@k is 0.09091, mrr is 0.50000
---- item 201: map is 0.34444, precision@k is 0.09091, mrr is 1.00000
---- item 251: map is 0.04790, precision@k is 0.00000, mrr is 0.07692
---- item 301: map is 0.42155, precision@k is 0.18182, mrr is 1.00000
---- item 351: map is 0.51613, precision@k is 0.09091, mrr is 1.00000
---- item 401: map is 0.20442, precision@k is 0.18182, mrr is 0.50000
---- item 451: map is 0.59259, precision@k is 0.18182, mrr is 1.00000
---- item 501: map is 0.04107, precision@k is 0.00000, mrr is 0.08333
---- item 551: map is 1.00000, precision@k is 1.00000, mrr is 1.00000
---- item 601: map is 0.32263, precision@k is 0.18182, mrr is 1.00000
---- item 651: map is 0.04162, precision@k is 0.09091, mrr is 0.14286
---- item 701: map is 0.17657, precision@k is 0.09091, mrr is 0.50000
---- item 751: map is 0.00455, precision@k is 0.00000, mrr is 0.00287
---- item 801: map is 0.35592, precision@k is 0.09091, mrr is 1.00000
---- item 851: map is 0.09352, precision@k is 0.09091, mrr is 0.25000
[Stat]ETBIR_User model, Interpolation mode item tagging: Precision@K is 0.19617, MAP is: 0.36941, MRR is: 0.75002, in top 10 tags
266 users are loaded from /home/ll5fy/TUIR/dataset/yelp/byUser_70k_review/5foldsCVColdstart/2/...
260 users are loaded from /home/ll5fy/TUIR/dataset/yelp/byUser_70k_review/5foldsCVColdstart/0/...
244 users are loaded from /home/ll5fy/TUIR/dataset/yelp/byUser_70k_review/5foldsCVColdstart/1/...
264 users are loaded from /home/ll5fy/TUIR/dataset/yelp/byUser_70k_review/5foldsCVColdstart/3/...
256 users are loaded from /home/ll5fy/TUIR/dataset/yelp/byUser_70k_review/5foldsCVColdstart/4/...
[Info]Finish loading 861 items' weights in total 156639 items!
[Info]Begin tagging 861 items with ETBIR_User Interpolation............
---- item 1: map is 0.34614, precision@k is 0.09091, mrr is 1.00000
---- item 51: map is 0.53169, precision@k is 0.18182, mrr is 1.00000
---- item 101: map is 1.00000, precision@k is 1.00000, mrr is 1.00000
---- item 151: map is 0.19624, precision@k is 0.09091, mrr is 0.50000
---- item 201: map is 0.34345, precision@k is 0.09091, mrr is 1.00000
---- item 251: map is 0.11099, precision@k is 0.09091, mrr is 0.20000
---- item 301: map is 0.50506, precision@k is 0.18182, mrr is 1.00000
---- item 351: map is 0.51754, precision@k is 0.09091, mrr is 1.00000
---- item 401: map is 0.23626, precision@k is 0.18182, mrr is 0.50000
---- item 451: map is 0.58889, precision@k is 0.18182, mrr is 1.00000
---- item 501: map is 0.34498, precision@k is 0.09091, mrr is 1.00000
---- item 551: map is 1.00000, precision@k is 1.00000, mrr is 1.00000
---- item 601: map is 0.43554, precision@k is 0.18182, mrr is 1.00000
---- item 651: map is 0.04063, precision@k is 0.09091, mrr is 0.14286
---- item 701: map is 0.17460, precision@k is 0.09091, mrr is 0.50000
---- item 751: map is 0.00446, precision@k is 0.00000, mrr is 0.00276
---- item 801: map is 0.35289, precision@k is 0.09091, mrr is 1.00000
---- item 851: map is 0.08983, precision@k is 0.09091, mrr is 0.25000
[Stat]ETBIR_User model, Interpolation mode item tagging: Precision@K is 0.20709, MAP is: 0.37609, MRR is: 0.73552, in top 10 tags
264 users are loaded from /home/ll5fy/TUIR/dataset/yelp/byUser_70k_review/5foldsCVColdstart/3/...
260 users are loaded from /home/ll5fy/TUIR/dataset/yelp/byUser_70k_review/5foldsCVColdstart/0/...
244 users are loaded from /home/ll5fy/TUIR/dataset/yelp/byUser_70k_review/5foldsCVColdstart/1/...
266 users are loaded from /home/ll5fy/TUIR/dataset/yelp/byUser_70k_review/5foldsCVColdstart/2/...
256 users are loaded from /home/ll5fy/TUIR/dataset/yelp/byUser_70k_review/5foldsCVColdstart/4/...
[Info]Finish loading 861 items' weights in total 156639 items!
[Info]Begin tagging 861 items with ETBIR_User Interpolation............
---- item 1: map is 0.35318, precision@k is 0.09091, mrr is 1.00000
---- item 51: map is 0.56731, precision@k is 0.18182, mrr is 1.00000
---- item 101: map is 0.83333, precision@k is 0.66667, mrr is 1.00000
---- item 151: map is 0.24097, precision@k is 0.09091, mrr is 0.50000
---- item 201: map is 0.34422, precision@k is 0.09091, mrr is 1.00000
---- item 251: map is 0.50498, precision@k is 0.09091, mrr is 1.00000
---- item 301: map is 0.50464, precision@k is 0.18182, mrr is 1.00000
---- item 351: map is 0.52326, precision@k is 0.09091, mrr is 1.00000
---- item 401: map is 0.24741, precision@k is 0.18182, mrr is 0.50000
---- item 451: map is 0.48889, precision@k is 0.18182, mrr is 1.00000
---- item 501: map is 0.34524, precision@k is 0.09091, mrr is 1.00000
---- item 551: map is 1.00000, precision@k is 1.00000, mrr is 1.00000
---- item 601: map is 0.43463, precision@k is 0.18182, mrr is 1.00000
---- item 651: map is 0.03040, precision@k is 0.00000, mrr is 0.06667
---- item 701: map is 0.17421, precision@k is 0.09091, mrr is 0.50000
---- item 751: map is 0.00437, precision@k is 0.00000, mrr is 0.00283
---- item 801: map is 0.36602, precision@k is 0.09091, mrr is 1.00000
---- item 851: map is 0.08444, precision@k is 0.09091, mrr is 0.25000
[Stat]ETBIR_User model, Interpolation mode item tagging: Precision@K is 0.21536, MAP is: 0.37786, MRR is: 0.71899, in top 10 tags
256 users are loaded from /home/ll5fy/TUIR/dataset/yelp/byUser_70k_review/5foldsCVColdstart/4/...
260 users are loaded from /home/ll5fy/TUIR/dataset/yelp/byUser_70k_review/5foldsCVColdstart/0/...
244 users are loaded from /home/ll5fy/TUIR/dataset/yelp/byUser_70k_review/5foldsCVColdstart/1/...
266 users are loaded from /home/ll5fy/TUIR/dataset/yelp/byUser_70k_review/5foldsCVColdstart/2/...
264 users are loaded from /home/ll5fy/TUIR/dataset/yelp/byUser_70k_review/5foldsCVColdstart/3/...
[Info]Finish loading 861 items' weights in total 156639 items!
[Info]Begin tagging 861 items with ETBIR_User Interpolation............
---- item 1: map is 0.60714, precision@k is 0.27273, mrr is 1.00000
---- item 51: map is 0.55791, precision@k is 0.18182, mrr is 1.00000
---- item 101: map is 0.83333, precision@k is 0.66667, mrr is 1.00000
---- item 151: map is 0.48016, precision@k is 0.18182, mrr is 1.00000
---- item 201: map is 0.34368, precision@k is 0.09091, mrr is 1.00000
---- item 251: map is 0.13553, precision@k is 0.09091, mrr is 0.25000
---- item 301: map is 0.50540, precision@k is 0.18182, mrr is 1.00000
---- item 351: map is 0.52941, precision@k is 0.09091, mrr is 1.00000
---- item 401: map is 0.30963, precision@k is 0.27273, mrr is 0.50000
---- item 451: map is 0.47871, precision@k is 0.18182, mrr is 1.00000
---- item 501: map is 0.34535, precision@k is 0.09091, mrr is 1.00000
---- item 551: map is 1.00000, precision@k is 1.00000, mrr is 1.00000
---- item 601: map is 0.43527, precision@k is 0.18182, mrr is 1.00000
---- item 651: map is 0.03114, precision@k is 0.00000, mrr is 0.08333
---- item 701: map is 0.18055, precision@k is 0.09091, mrr is 0.50000
---- item 751: map is 0.00432, precision@k is 0.00000, mrr is 0.00280
---- item 801: map is 0.35789, precision@k is 0.09091, mrr is 1.00000
---- item 851: map is 0.08097, precision@k is 0.09091, mrr is 0.25000
[Stat]ETBIR_User model, Interpolation mode item tagging: Precision@K is 0.22185, MAP is: 0.38382, MRR is: 0.71714, in top 10 tags

[Stat]Running time (seconds) 369.81900
[Stat]MAP 0.371+/-0.013
[Stat]MRR 0.737+/-0.018
[Stat]Precision 0.201+/-0.020
