Load 6134 2-gram new features from /home/ll5fy/TUIR/dataset/yelp/yelp_features.txt...
Load 6134 2-gram new features from /home/ll5fy/TUIR/dataset/yelp/yelp_features.txt...
[Info]Start FIXED cross validation...
[Info]Load 553 tags, with 6134 features.
260 users are loaded from /home/ll5fy/TUIR/dataset/yelp/byUser_70k_review/5foldsCVColdstart/0/...
244 users are loaded from /home/ll5fy/TUIR/dataset/yelp/byUser_70k_review/5foldsCVColdstart/1/...
266 users are loaded from /home/ll5fy/TUIR/dataset/yelp/byUser_70k_review/5foldsCVColdstart/2/...
264 users are loaded from /home/ll5fy/TUIR/dataset/yelp/byUser_70k_review/5foldsCVColdstart/3/...
256 users are loaded from /home/ll5fy/TUIR/dataset/yelp/byUser_70k_review/5foldsCVColdstart/4/...
[Info]Finish loading 722 items' weights in total 156639 items!
[Info]Begin tagging 722 items with LDA_User Interpolation............
---- item 1: map is 0.43125, precision@k is 0.18182, mrr is 1.00000
---- item 51: map is 0.10185, precision@k is 0.09091, mrr is 0.20000
---- item 101: map is 0.11064, precision@k is 0.09091, mrr is 0.20000
---- item 151: map is 0.06463, precision@k is 0.09091, mrr is 0.16667
---- item 201: map is 0.32616, precision@k is 0.18182, mrr is 1.00000
---- item 251: map is 0.75000, precision@k is 0.50000, mrr is 1.00000
---- item 301: map is 0.06148, precision@k is 0.09091, mrr is 0.16667
---- item 351: map is 0.32996, precision@k is 0.18182, mrr is 1.00000
---- item 401: map is 0.06436, precision@k is 0.09091, mrr is 0.16667
---- item 451: map is 0.06016, precision@k is 0.09091, mrr is 0.20000
---- item 501: map is 0.07088, precision@k is 0.09091, mrr is 0.20000
---- item 551: map is 0.08904, precision@k is 0.09091, mrr is 0.25000
---- item 601: map is 0.10532, precision@k is 0.09091, mrr is 0.20000
---- item 651: map is 0.24265, precision@k is 0.18182, mrr is 0.50000
---- item 701: map is 0.08821, precision@k is 0.09091, mrr is 0.16667
[Stat]LDA_User model, Interpolation mode item tagging: Precision@K is 0.10301, MAP is: 0.12004, MRR is: 0.26603, in top 10 tags
244 users are loaded from /home/ll5fy/TUIR/dataset/yelp/byUser_70k_review/5foldsCVColdstart/1/...
260 users are loaded from /home/ll5fy/TUIR/dataset/yelp/byUser_70k_review/5foldsCVColdstart/0/...
266 users are loaded from /home/ll5fy/TUIR/dataset/yelp/byUser_70k_review/5foldsCVColdstart/2/...
264 users are loaded from /home/ll5fy/TUIR/dataset/yelp/byUser_70k_review/5foldsCVColdstart/3/...
256 users are loaded from /home/ll5fy/TUIR/dataset/yelp/byUser_70k_review/5foldsCVColdstart/4/...
[Info]Finish loading 732 items' weights in total 156639 items!
[Info]Begin tagging 732 items with LDA_User Interpolation............
---- item 1: map is 0.67871, precision@k is 0.18182, mrr is 1.00000
---- item 51: map is 0.34504, precision@k is 0.09091, mrr is 1.00000
---- item 101: map is 0.40108, precision@k is 0.09091, mrr is 1.00000
---- item 151: map is 0.46074, precision@k is 0.18182, mrr is 1.00000
---- item 201: map is 0.58333, precision@k is 0.09091, mrr is 1.00000
---- item 251: map is 0.53448, precision@k is 0.09091, mrr is 1.00000
---- item 301: map is 0.40246, precision@k is 0.18182, mrr is 1.00000
---- item 351: map is 0.51639, precision@k is 0.09091, mrr is 1.00000
---- item 401: map is 0.35033, precision@k is 0.09091, mrr is 1.00000
---- item 451: map is 0.23012, precision@k is 0.09091, mrr is 1.00000
---- item 501: map is 0.01000, precision@k is 0.00000, mrr is 0.01000
---- item 551: map is 0.00415, precision@k is 0.00000, mrr is 0.00246
---- item 601: map is 0.01612, precision@k is 0.00000, mrr is 0.01887
---- item 651: map is 0.18671, precision@k is 0.09091, mrr is 0.50000
---- item 701: map is 0.34911, precision@k is 0.18182, mrr is 1.00000
[Stat]LDA_User model, Interpolation mode item tagging: Precision@K is 0.16199, MAP is: 0.35424, MRR is: 0.76479, in top 10 tags
266 users are loaded from /home/ll5fy/TUIR/dataset/yelp/byUser_70k_review/5foldsCVColdstart/2/...
260 users are loaded from /home/ll5fy/TUIR/dataset/yelp/byUser_70k_review/5foldsCVColdstart/0/...
244 users are loaded from /home/ll5fy/TUIR/dataset/yelp/byUser_70k_review/5foldsCVColdstart/1/...
264 users are loaded from /home/ll5fy/TUIR/dataset/yelp/byUser_70k_review/5foldsCVColdstart/3/...
256 users are loaded from /home/ll5fy/TUIR/dataset/yelp/byUser_70k_review/5foldsCVColdstart/4/...
[Info]Finish loading 702 items' weights in total 156639 items!
[Info]Begin tagging 702 items with LDA_User Interpolation............
---- item 1: map is 0.35900, precision@k is 0.09091, mrr is 1.00000
---- item 51: map is 0.03150, precision@k is 0.00000, mrr is 0.03448
---- item 101: map is 0.00471, precision@k is 0.00000, mrr is 0.00392
---- item 151: map is 0.31060, precision@k is 0.18182, mrr is 0.50000
---- item 201: map is 0.32958, precision@k is 0.18182, mrr is 1.00000
---- item 251: map is 0.08075, precision@k is 0.09091, mrr is 0.33333
---- item 301: map is 0.38842, precision@k is 0.09091, mrr is 1.00000
---- item 351: map is 0.36878, precision@k is 0.09091, mrr is 1.00000
---- item 401: map is 0.40925, precision@k is 0.27273, mrr is 1.00000
---- item 451: map is 0.65578, precision@k is 0.27273, mrr is 1.00000
---- item 501: map is 0.03005, precision@k is 0.00000, mrr is 0.02941
---- item 551: map is 0.31157, precision@k is 0.09091, mrr is 1.00000
---- item 601: map is 0.13446, precision@k is 0.18182, mrr is 0.25000
---- item 651: map is 0.22611, precision@k is 0.09091, mrr is 0.50000
---- item 701: map is 0.41667, precision@k is 0.33333, mrr is 0.50000
[Stat]LDA_User model, Interpolation mode item tagging: Precision@K is 0.16355, MAP is: 0.35013, MRR is: 0.74707, in top 10 tags
264 users are loaded from /home/ll5fy/TUIR/dataset/yelp/byUser_70k_review/5foldsCVColdstart/3/...
260 users are loaded from /home/ll5fy/TUIR/dataset/yelp/byUser_70k_review/5foldsCVColdstart/0/...
244 users are loaded from /home/ll5fy/TUIR/dataset/yelp/byUser_70k_review/5foldsCVColdstart/1/...
266 users are loaded from /home/ll5fy/TUIR/dataset/yelp/byUser_70k_review/5foldsCVColdstart/2/...
256 users are loaded from /home/ll5fy/TUIR/dataset/yelp/byUser_70k_review/5foldsCVColdstart/4/...
[Info]Finish loading 717 items' weights in total 156639 items!
[Info]Begin tagging 717 items with LDA_User Interpolation............
---- item 1: map is 0.67901, precision@k is 0.18182, mrr is 1.00000
---- item 51: map is 0.35511, precision@k is 0.09091, mrr is 1.00000
---- item 101: map is 0.28846, precision@k is 0.09091, mrr is 0.50000
---- item 151: map is 0.26000, precision@k is 0.09091, mrr is 0.50000
---- item 201: map is 0.02660, precision@k is 0.00000, mrr is 0.02632
---- item 251: map is 0.25258, precision@k is 0.09091, mrr is 0.50000
---- item 301: map is 0.31233, precision@k is 0.09091, mrr is 1.00000
---- item 351: map is 0.02465, precision@k is 0.00000, mrr is 0.02703
---- item 401: map is 0.00526, precision@k is 0.00000, mrr is 0.00426
---- item 451: map is 0.51449, precision@k is 0.09091, mrr is 1.00000
---- item 501: map is 1.00000, precision@k is 1.00000, mrr is 1.00000
---- item 551: map is 0.38220, precision@k is 0.09091, mrr is 1.00000
---- item 601: map is 0.34321, precision@k is 0.09091, mrr is 1.00000
---- item 651: map is 0.02788, precision@k is 0.00000, mrr is 0.03704
---- item 701: map is 0.01700, precision@k is 0.00000, mrr is 0.01149
[Stat]LDA_User model, Interpolation mode item tagging: Precision@K is 0.16947, MAP is: 0.35798, MRR is: 0.75436, in top 10 tags
256 users are loaded from /home/ll5fy/TUIR/dataset/yelp/byUser_70k_review/5foldsCVColdstart/4/...
260 users are loaded from /home/ll5fy/TUIR/dataset/yelp/byUser_70k_review/5foldsCVColdstart/0/...
244 users are loaded from /home/ll5fy/TUIR/dataset/yelp/byUser_70k_review/5foldsCVColdstart/1/...
266 users are loaded from /home/ll5fy/TUIR/dataset/yelp/byUser_70k_review/5foldsCVColdstart/2/...
264 users are loaded from /home/ll5fy/TUIR/dataset/yelp/byUser_70k_review/5foldsCVColdstart/3/...
[Info]Finish loading 726 items' weights in total 156639 items!
[Info]Begin tagging 726 items with LDA_User Interpolation............
---- item 1: map is 0.68391, precision@k is 0.18182, mrr is 1.00000
---- item 51: map is 0.23018, precision@k is 0.09091, mrr is 1.00000
---- item 101: map is 0.37310, precision@k is 0.09091, mrr is 1.00000
---- item 151: map is 0.35012, precision@k is 0.09091, mrr is 1.00000
---- item 201: map is 1.00000, precision@k is 1.00000, mrr is 1.00000
---- item 251: map is 0.35004, precision@k is 0.09091, mrr is 1.00000
---- item 301: map is 0.39638, precision@k is 0.09091, mrr is 1.00000
---- item 351: map is 0.02632, precision@k is 0.00000, mrr is 0.02632
---- item 401: map is 0.36685, precision@k is 0.09091, mrr is 1.00000
---- item 451: map is 0.18992, precision@k is 0.09091, mrr is 0.50000
---- item 501: map is 0.53751, precision@k is 0.18182, mrr is 1.00000
---- item 551: map is 0.53467, precision@k is 0.18182, mrr is 1.00000
---- item 601: map is 0.53624, precision@k is 0.18182, mrr is 1.00000
---- item 651: map is 0.51667, precision@k is 0.18182, mrr is 1.00000
---- item 701: map is 0.50775, precision@k is 0.18182, mrr is 1.00000
[Stat]LDA_User model, Interpolation mode item tagging: Precision@K is 0.17552, MAP is: 0.36266, MRR is: 0.76388, in top 10 tags

[Stat]Running time (seconds) 308.43300
[Stat]MAP 0.309+/-0.095
[Stat]MRR 0.659+/-0.197
[Stat]Precision 0.155+/-0.026
