Load 6134 2-gram new features from /home/ll5fy/TUIR/dataset/yelp/yelp_features.txt...
Load 6134 2-gram new features from /home/ll5fy/TUIR/dataset/yelp/yelp_features.txt...
[Info]Start FIXED cross validation...
[Info]Load 553 tags, with 6134 features.
260 users are loaded from /home/ll5fy/TUIR/dataset/yelp/byUser_70k_review/5foldsCVColdstart/0/...
244 users are loaded from /home/ll5fy/TUIR/dataset/yelp/byUser_70k_review/5foldsCVColdstart/1/...
266 users are loaded from /home/ll5fy/TUIR/dataset/yelp/byUser_70k_review/5foldsCVColdstart/2/...
264 users are loaded from /home/ll5fy/TUIR/dataset/yelp/byUser_70k_review/5foldsCVColdstart/3/...
256 users are loaded from /home/ll5fy/TUIR/dataset/yelp/byUser_70k_review/5foldsCVColdstart/4/...
[Info]Finish loading 861 items' weights in total 156639 items!
[Info]Begin tagging 861 items with ETBIR Interpolation............
---- item 1: map is 0.35683, precision@k is 0.09091, mrr is 1.00000
---- item 51: map is 0.55012, precision@k is 0.18182, mrr is 1.00000
---- item 101: map is 1.00000, precision@k is 1.00000, mrr is 1.00000
---- item 151: map is 0.20728, precision@k is 0.09091, mrr is 0.50000
---- item 201: map is 0.34444, precision@k is 0.09091, mrr is 1.00000
---- item 251: map is 0.04341, precision@k is 0.00000, mrr is 0.07143
---- item 301: map is 0.50545, precision@k is 0.18182, mrr is 1.00000
---- item 351: map is 0.51613, precision@k is 0.09091, mrr is 1.00000
---- item 401: map is 0.14162, precision@k is 0.09091, mrr is 0.50000
---- item 451: map is 0.57937, precision@k is 0.18182, mrr is 1.00000
---- item 501: map is 0.34650, precision@k is 0.09091, mrr is 1.00000
---- item 551: map is 1.00000, precision@k is 1.00000, mrr is 1.00000
---- item 601: map is 0.03019, precision@k is 0.00000, mrr is 0.04348
---- item 651: map is 0.02939, precision@k is 0.00000, mrr is 0.05882
---- item 701: map is 0.34552, precision@k is 0.09091, mrr is 1.00000
---- item 751: map is 0.00436, precision@k is 0.00000, mrr is 0.00287
---- item 801: map is 0.35651, precision@k is 0.09091, mrr is 1.00000
---- item 851: map is 0.07862, precision@k is 0.09091, mrr is 0.25000
[Stat]ETBIR model, Interpolation mode item tagging: Precision@K is 0.19443, MAP is: 0.36606, MRR is: 0.74077, in top 10 tags
244 users are loaded from /home/ll5fy/TUIR/dataset/yelp/byUser_70k_review/5foldsCVColdstart/1/...
260 users are loaded from /home/ll5fy/TUIR/dataset/yelp/byUser_70k_review/5foldsCVColdstart/0/...
266 users are loaded from /home/ll5fy/TUIR/dataset/yelp/byUser_70k_review/5foldsCVColdstart/2/...
264 users are loaded from /home/ll5fy/TUIR/dataset/yelp/byUser_70k_review/5foldsCVColdstart/3/...
256 users are loaded from /home/ll5fy/TUIR/dataset/yelp/byUser_70k_review/5foldsCVColdstart/4/...
[Info]Finish loading 861 items' weights in total 156639 items!
[Info]Begin tagging 861 items with ETBIR Interpolation............
---- item 1: map is 0.37980, precision@k is 0.09091, mrr is 1.00000
---- item 51: map is 0.56203, precision@k is 0.18182, mrr is 1.00000
---- item 101: map is 0.83333, precision@k is 0.66667, mrr is 1.00000
---- item 151: map is 0.22242, precision@k is 0.09091, mrr is 0.50000
---- item 201: map is 0.34558, precision@k is 0.09091, mrr is 1.00000
---- item 251: map is 0.13462, precision@k is 0.09091, mrr is 0.25000
---- item 301: map is 0.50648, precision@k is 0.18182, mrr is 1.00000
---- item 351: map is 0.51961, precision@k is 0.09091, mrr is 1.00000
---- item 401: map is 0.23327, precision@k is 0.18182, mrr is 0.50000
---- item 451: map is 0.57937, precision@k is 0.18182, mrr is 1.00000
---- item 501: map is 0.34832, precision@k is 0.09091, mrr is 1.00000
---- item 551: map is 1.00000, precision@k is 1.00000, mrr is 1.00000
---- item 601: map is 0.43149, precision@k is 0.18182, mrr is 1.00000
---- item 651: map is 0.02909, precision@k is 0.00000, mrr is 0.06250
---- item 701: map is 0.17889, precision@k is 0.09091, mrr is 0.50000
---- item 751: map is 0.00426, precision@k is 0.00000, mrr is 0.00271
---- item 801: map is 0.37636, precision@k is 0.09091, mrr is 1.00000
---- item 851: map is 0.08061, precision@k is 0.09091, mrr is 0.25000
[Stat]ETBIR model, Interpolation mode item tagging: Precision@K is 0.21943, MAP is: 0.38089, MRR is: 0.71231, in top 10 tags
266 users are loaded from /home/ll5fy/TUIR/dataset/yelp/byUser_70k_review/5foldsCVColdstart/2/...
260 users are loaded from /home/ll5fy/TUIR/dataset/yelp/byUser_70k_review/5foldsCVColdstart/0/...
244 users are loaded from /home/ll5fy/TUIR/dataset/yelp/byUser_70k_review/5foldsCVColdstart/1/...
264 users are loaded from /home/ll5fy/TUIR/dataset/yelp/byUser_70k_review/5foldsCVColdstart/3/...
256 users are loaded from /home/ll5fy/TUIR/dataset/yelp/byUser_70k_review/5foldsCVColdstart/4/...
[Info]Finish loading 861 items' weights in total 156639 items!
[Info]Begin tagging 861 items with ETBIR Interpolation............
---- item 1: map is 0.40202, precision@k is 0.18182, mrr is 1.00000
---- item 51: map is 0.43034, precision@k is 0.18182, mrr is 1.00000
---- item 101: map is 0.83333, precision@k is 0.66667, mrr is 1.00000
---- item 151: map is 0.22302, precision@k is 0.09091, mrr is 0.50000
---- item 201: map is 0.34295, precision@k is 0.09091, mrr is 1.00000
---- item 251: map is 0.14087, precision@k is 0.09091, mrr is 0.25000
---- item 301: map is 0.50485, precision@k is 0.18182, mrr is 1.00000
---- item 351: map is 0.52632, precision@k is 0.09091, mrr is 1.00000
---- item 401: map is 0.31564, precision@k is 0.27273, mrr is 0.50000
---- item 451: map is 0.58586, precision@k is 0.18182, mrr is 1.00000
---- item 501: map is 0.34606, precision@k is 0.09091, mrr is 1.00000
---- item 551: map is 0.83333, precision@k is 0.66667, mrr is 1.00000
---- item 601: map is 0.43443, precision@k is 0.18182, mrr is 1.00000
---- item 651: map is 0.03180, precision@k is 0.09091, mrr is 0.10000
---- item 701: map is 0.17562, precision@k is 0.09091, mrr is 0.50000
---- item 751: map is 0.00440, precision@k is 0.00000, mrr is 0.00288
---- item 801: map is 0.38106, precision@k is 0.09091, mrr is 1.00000
---- item 851: map is 0.11370, precision@k is 0.09091, mrr is 0.33333
[Stat]ETBIR model, Interpolation mode item tagging: Precision@K is 0.21754, MAP is: 0.37539, MRR is: 0.69865, in top 10 tags
264 users are loaded from /home/ll5fy/TUIR/dataset/yelp/byUser_70k_review/5foldsCVColdstart/3/...
260 users are loaded from /home/ll5fy/TUIR/dataset/yelp/byUser_70k_review/5foldsCVColdstart/0/...
244 users are loaded from /home/ll5fy/TUIR/dataset/yelp/byUser_70k_review/5foldsCVColdstart/1/...
266 users are loaded from /home/ll5fy/TUIR/dataset/yelp/byUser_70k_review/5foldsCVColdstart/2/...
256 users are loaded from /home/ll5fy/TUIR/dataset/yelp/byUser_70k_review/5foldsCVColdstart/4/...
[Info]Finish loading 861 items' weights in total 156639 items!
[Info]Begin tagging 861 items with ETBIR Interpolation............
---- item 1: map is 0.55781, precision@k is 0.18182, mrr is 1.00000
---- item 51: map is 0.44643, precision@k is 0.18182, mrr is 1.00000
---- item 101: map is 0.83333, precision@k is 0.66667, mrr is 1.00000
---- item 151: map is 0.19248, precision@k is 0.18182, mrr is 0.33333
---- item 201: map is 0.34472, precision@k is 0.09091, mrr is 1.00000
---- item 251: map is 0.50735, precision@k is 0.09091, mrr is 1.00000
---- item 301: map is 0.50509, precision@k is 0.18182, mrr is 1.00000
---- item 351: map is 0.56667, precision@k is 0.09091, mrr is 1.00000
---- item 401: map is 0.34744, precision@k is 0.27273, mrr is 0.50000
---- item 451: map is 0.48939, precision@k is 0.18182, mrr is 1.00000
---- item 501: map is 0.34728, precision@k is 0.09091, mrr is 1.00000
---- item 551: map is 0.75000, precision@k is 0.50000, mrr is 1.00000
---- item 601: map is 0.43237, precision@k is 0.18182, mrr is 1.00000
---- item 651: map is 0.03087, precision@k is 0.00000, mrr is 0.07143
---- item 701: map is 0.18115, precision@k is 0.09091, mrr is 0.50000
---- item 751: map is 0.00420, precision@k is 0.00000, mrr is 0.00262
---- item 801: map is 0.39646, precision@k is 0.09091, mrr is 1.00000
---- item 851: map is 0.09753, precision@k is 0.09091, mrr is 0.33333
[Stat]ETBIR model, Interpolation mode item tagging: Precision@K is 0.22263, MAP is: 0.37685, MRR is: 0.68565, in top 10 tags
256 users are loaded from /home/ll5fy/TUIR/dataset/yelp/byUser_70k_review/5foldsCVColdstart/4/...
260 users are loaded from /home/ll5fy/TUIR/dataset/yelp/byUser_70k_review/5foldsCVColdstart/0/...
244 users are loaded from /home/ll5fy/TUIR/dataset/yelp/byUser_70k_review/5foldsCVColdstart/1/...
266 users are loaded from /home/ll5fy/TUIR/dataset/yelp/byUser_70k_review/5foldsCVColdstart/2/...
264 users are loaded from /home/ll5fy/TUIR/dataset/yelp/byUser_70k_review/5foldsCVColdstart/3/...
[Info]Finish loading 861 items' weights in total 156639 items!
[Info]Begin tagging 861 items with ETBIR Interpolation............
---- item 1: map is 0.64881, precision@k is 0.50000, mrr is 1.00000
---- item 51: map is 0.42939, precision@k is 0.18182, mrr is 1.00000
---- item 101: map is 0.83333, precision@k is 0.66667, mrr is 1.00000
---- item 151: map is 0.57809, precision@k is 0.27273, mrr is 1.00000
---- item 201: map is 0.34515, precision@k is 0.09091, mrr is 1.00000
---- item 251: map is 0.14500, precision@k is 0.09091, mrr is 0.25000
---- item 301: map is 0.50596, precision@k is 0.18182, mrr is 1.00000
---- item 351: map is 0.58333, precision@k is 0.09091, mrr is 1.00000
---- item 401: map is 0.34880, precision@k is 0.27273, mrr is 0.50000
---- item 451: map is 0.46485, precision@k is 0.18182, mrr is 1.00000
---- item 501: map is 0.34568, precision@k is 0.09091, mrr is 1.00000
---- item 551: map is 0.75000, precision@k is 0.50000, mrr is 1.00000
---- item 601: map is 0.43326, precision@k is 0.18182, mrr is 1.00000
---- item 651: map is 0.02979, precision@k is 0.00000, mrr is 0.07143
---- item 701: map is 0.18003, precision@k is 0.09091, mrr is 0.50000
---- item 751: map is 0.00422, precision@k is 0.00000, mrr is 0.00271
---- item 801: map is 0.38530, precision@k is 0.09091, mrr is 1.00000
---- item 851: map is 0.10625, precision@k is 0.09091, mrr is 0.33333
[Stat]ETBIR model, Interpolation mode item tagging: Precision@K is 0.22275, MAP is: 0.37490, MRR is: 0.67641, in top 10 tags

[Stat]Running time (seconds) 365.75100
[Stat]MAP 0.375+/-0.005
[Stat]MRR 0.703+/-0.023
[Stat]Precision 0.215+/-0.011
