Load 6134 2-gram new features from /home/ll5fy/TUIR/dataset/yelp/yelp_features.txt...
Load 6134 2-gram new features from /home/ll5fy/TUIR/dataset/yelp/yelp_features.txt...
[Info]Start FIXED cross validation...
[Info]Load 553 tags, with 6134 features.
260 users are loaded from /home/ll5fy/TUIR/dataset/yelp/byUser_70k_review/5foldsCVColdstart/0/...
244 users are loaded from /home/ll5fy/TUIR/dataset/yelp/byUser_70k_review/5foldsCVColdstart/1/...
266 users are loaded from /home/ll5fy/TUIR/dataset/yelp/byUser_70k_review/5foldsCVColdstart/2/...
264 users are loaded from /home/ll5fy/TUIR/dataset/yelp/byUser_70k_review/5foldsCVColdstart/3/...
256 users are loaded from /home/ll5fy/TUIR/dataset/yelp/byUser_70k_review/5foldsCVColdstart/4/...
[Info]Finish loading 861 items' weights in total 156639 items!
[Info]Begin tagging 861 items with ETBIR_Item Interpolation............
---- item 1: map is 0.43062, precision@k is 0.18182, mrr is 1.00000
---- item 51: map is 0.55586, precision@k is 0.18182, mrr is 1.00000
---- item 101: map is 0.83333, precision@k is 0.66667, mrr is 1.00000
---- item 151: map is 0.20728, precision@k is 0.09091, mrr is 0.50000
---- item 201: map is 0.34356, precision@k is 0.09091, mrr is 1.00000
---- item 251: map is 0.13816, precision@k is 0.09091, mrr is 0.25000
---- item 301: map is 0.50520, precision@k is 0.18182, mrr is 1.00000
---- item 351: map is 0.52703, precision@k is 0.09091, mrr is 1.00000
---- item 401: map is 0.17893, precision@k is 0.18182, mrr is 0.50000
---- item 451: map is 0.58413, precision@k is 0.18182, mrr is 1.00000
---- item 501: map is 0.34557, precision@k is 0.09091, mrr is 1.00000
---- item 551: map is 0.83333, precision@k is 0.66667, mrr is 1.00000
---- item 601: map is 0.03725, precision@k is 0.00000, mrr is 0.06250
---- item 651: map is 0.03194, precision@k is 0.00000, mrr is 0.09091
---- item 701: map is 0.34419, precision@k is 0.09091, mrr is 1.00000
---- item 751: map is 0.00433, precision@k is 0.00000, mrr is 0.00292
---- item 801: map is 0.37500, precision@k is 0.09091, mrr is 1.00000
---- item 851: map is 0.10358, precision@k is 0.09091, mrr is 0.33333
[Stat]ETBIR_Item model, Interpolation mode item tagging: Precision@K is 0.20864, MAP is: 0.36982, MRR is: 0.71456, in top 10 tags
244 users are loaded from /home/ll5fy/TUIR/dataset/yelp/byUser_70k_review/5foldsCVColdstart/1/...
260 users are loaded from /home/ll5fy/TUIR/dataset/yelp/byUser_70k_review/5foldsCVColdstart/0/...
266 users are loaded from /home/ll5fy/TUIR/dataset/yelp/byUser_70k_review/5foldsCVColdstart/2/...
264 users are loaded from /home/ll5fy/TUIR/dataset/yelp/byUser_70k_review/5foldsCVColdstart/3/...
256 users are loaded from /home/ll5fy/TUIR/dataset/yelp/byUser_70k_review/5foldsCVColdstart/4/...
[Info]Finish loading 861 items' weights in total 156639 items!
[Info]Begin tagging 861 items with ETBIR_Item Interpolation............
---- item 1: map is 0.44651, precision@k is 0.18182, mrr is 1.00000
---- item 51: map is 0.44481, precision@k is 0.18182, mrr is 1.00000
---- item 101: map is 0.83333, precision@k is 0.66667, mrr is 1.00000
---- item 151: map is 0.17628, precision@k is 0.09091, mrr is 0.33333
---- item 201: map is 0.34496, precision@k is 0.09091, mrr is 1.00000
---- item 251: map is 0.14318, precision@k is 0.09091, mrr is 0.25000
---- item 301: map is 0.50627, precision@k is 0.18182, mrr is 1.00000
---- item 351: map is 0.54167, precision@k is 0.09091, mrr is 1.00000
---- item 401: map is 0.28003, precision@k is 0.27273, mrr is 0.50000
---- item 451: map is 0.57556, precision@k is 0.18182, mrr is 1.00000
---- item 501: map is 0.34757, precision@k is 0.09091, mrr is 1.00000
---- item 551: map is 0.75000, precision@k is 0.50000, mrr is 1.00000
---- item 601: map is 0.43136, precision@k is 0.18182, mrr is 1.00000
---- item 651: map is 0.03221, precision@k is 0.00000, mrr is 0.07692
---- item 701: map is 0.17960, precision@k is 0.09091, mrr is 0.50000
---- item 751: map is 0.00430, precision@k is 0.00000, mrr is 0.00269
---- item 801: map is 0.40781, precision@k is 0.18182, mrr is 1.00000
---- item 851: map is 0.10878, precision@k is 0.09091, mrr is 0.33333
[Stat]ETBIR_Item model, Interpolation mode item tagging: Precision@K is 0.21892, MAP is: 0.37475, MRR is: 0.68205, in top 10 tags
266 users are loaded from /home/ll5fy/TUIR/dataset/yelp/byUser_70k_review/5foldsCVColdstart/2/...
260 users are loaded from /home/ll5fy/TUIR/dataset/yelp/byUser_70k_review/5foldsCVColdstart/0/...
244 users are loaded from /home/ll5fy/TUIR/dataset/yelp/byUser_70k_review/5foldsCVColdstart/1/...
264 users are loaded from /home/ll5fy/TUIR/dataset/yelp/byUser_70k_review/5foldsCVColdstart/3/...
256 users are loaded from /home/ll5fy/TUIR/dataset/yelp/byUser_70k_review/5foldsCVColdstart/4/...
[Info]Finish loading 861 items' weights in total 156639 items!
[Info]Begin tagging 861 items with ETBIR_Item Interpolation............
---- item 1: map is 0.55780, precision@k is 0.18182, mrr is 1.00000
---- item 51: map is 0.40941, precision@k is 0.18182, mrr is 1.00000
---- item 101: map is 0.75000, precision@k is 0.50000, mrr is 1.00000
---- item 151: map is 0.16840, precision@k is 0.18182, mrr is 0.25000
---- item 201: map is 0.34360, precision@k is 0.09091, mrr is 1.00000
---- item 251: map is 0.17500, precision@k is 0.09091, mrr is 0.25000
---- item 301: map is 0.50549, precision@k is 0.18182, mrr is 1.00000
---- item 351: map is 0.59091, precision@k is 0.09091, mrr is 1.00000
---- item 401: map is 0.34776, precision@k is 0.27273, mrr is 0.50000
---- item 451: map is 0.57937, precision@k is 0.18182, mrr is 1.00000
---- item 501: map is 0.34629, precision@k is 0.09091, mrr is 1.00000
---- item 551: map is 0.70000, precision@k is 0.40000, mrr is 1.00000
---- item 601: map is 0.43337, precision@k is 0.18182, mrr is 1.00000
---- item 651: map is 0.02900, precision@k is 0.00000, mrr is 0.07143
---- item 701: map is 0.18434, precision@k is 0.09091, mrr is 0.50000
---- item 751: map is 0.00439, precision@k is 0.00000, mrr is 0.00277
---- item 801: map is 0.41426, precision@k is 0.18182, mrr is 1.00000
---- item 851: map is 0.10313, precision@k is 0.09091, mrr is 0.25000
[Stat]ETBIR_Item model, Interpolation mode item tagging: Precision@K is 0.22515, MAP is: 0.37054, MRR is: 0.66468, in top 10 tags
264 users are loaded from /home/ll5fy/TUIR/dataset/yelp/byUser_70k_review/5foldsCVColdstart/3/...
260 users are loaded from /home/ll5fy/TUIR/dataset/yelp/byUser_70k_review/5foldsCVColdstart/0/...
244 users are loaded from /home/ll5fy/TUIR/dataset/yelp/byUser_70k_review/5foldsCVColdstart/1/...
266 users are loaded from /home/ll5fy/TUIR/dataset/yelp/byUser_70k_review/5foldsCVColdstart/2/...
256 users are loaded from /home/ll5fy/TUIR/dataset/yelp/byUser_70k_review/5foldsCVColdstart/4/...
[Info]Finish loading 861 items' weights in total 156639 items!
[Info]Begin tagging 861 items with ETBIR_Item Interpolation............
---- item 1: map is 0.55830, precision@k is 0.18182, mrr is 1.00000
---- item 51: map is 0.38839, precision@k is 0.18182, mrr is 1.00000
---- item 101: map is 0.75000, precision@k is 0.50000, mrr is 1.00000
---- item 151: map is 0.20796, precision@k is 0.18182, mrr is 0.25000
---- item 201: map is 0.34419, precision@k is 0.09091, mrr is 1.00000
---- item 251: map is 0.26887, precision@k is 0.09091, mrr is 0.50000
---- item 301: map is 0.50521, precision@k is 0.18182, mrr is 1.00000
---- item 351: map is 0.75000, precision@k is 0.50000, mrr is 1.00000
---- item 401: map is 0.34764, precision@k is 0.27273, mrr is 0.50000
---- item 451: map is 0.43707, precision@k is 0.18182, mrr is 1.00000
---- item 501: map is 0.34653, precision@k is 0.09091, mrr is 1.00000
---- item 551: map is 0.66667, precision@k is 0.33333, mrr is 1.00000
---- item 601: map is 0.43349, precision@k is 0.18182, mrr is 1.00000
---- item 651: map is 0.02862, precision@k is 0.00000, mrr is 0.05263
---- item 701: map is 0.18526, precision@k is 0.09091, mrr is 0.50000
---- item 751: map is 0.00420, precision@k is 0.00000, mrr is 0.00263
---- item 801: map is 0.41481, precision@k is 0.18182, mrr is 1.00000
---- item 851: map is 0.09717, precision@k is 0.09091, mrr is 0.25000
[Stat]ETBIR_Item model, Interpolation mode item tagging: Precision@K is 0.22806, MAP is: 0.37181, MRR is: 0.66271, in top 10 tags
256 users are loaded from /home/ll5fy/TUIR/dataset/yelp/byUser_70k_review/5foldsCVColdstart/4/...
260 users are loaded from /home/ll5fy/TUIR/dataset/yelp/byUser_70k_review/5foldsCVColdstart/0/...
244 users are loaded from /home/ll5fy/TUIR/dataset/yelp/byUser_70k_review/5foldsCVColdstart/1/...
266 users are loaded from /home/ll5fy/TUIR/dataset/yelp/byUser_70k_review/5foldsCVColdstart/2/...
264 users are loaded from /home/ll5fy/TUIR/dataset/yelp/byUser_70k_review/5foldsCVColdstart/3/...
[Info]Finish loading 861 items' weights in total 156639 items!
[Info]Begin tagging 861 items with ETBIR_Item Interpolation............
---- item 1: map is 0.73333, precision@k is 0.66667, mrr is 1.00000
---- item 51: map is 0.38492, precision@k is 0.18182, mrr is 1.00000
---- item 101: map is 0.75000, precision@k is 0.50000, mrr is 1.00000
---- item 151: map is 0.52766, precision@k is 0.27273, mrr is 1.00000
---- item 201: map is 0.34473, precision@k is 0.09091, mrr is 1.00000
---- item 251: map is 0.19643, precision@k is 0.09091, mrr is 0.25000
---- item 301: map is 0.50592, precision@k is 0.18182, mrr is 1.00000
---- item 351: map is 0.75000, precision@k is 0.50000, mrr is 1.00000
---- item 401: map is 0.34821, precision@k is 0.27273, mrr is 0.50000
---- item 451: map is 0.43452, precision@k is 0.18182, mrr is 1.00000
---- item 501: map is 0.34474, precision@k is 0.09091, mrr is 1.00000
---- item 551: map is 0.61111, precision@k is 0.22222, mrr is 1.00000
---- item 601: map is 0.43452, precision@k is 0.18182, mrr is 1.00000
---- item 651: map is 0.02881, precision@k is 0.00000, mrr is 0.05263
---- item 701: map is 0.13083, precision@k is 0.09091, mrr is 0.33333
---- item 751: map is 0.00423, precision@k is 0.00000, mrr is 0.00275
---- item 801: map is 0.41487, precision@k is 0.18182, mrr is 1.00000
---- item 851: map is 0.10245, precision@k is 0.09091, mrr is 0.25000
[Stat]ETBIR_Item model, Interpolation mode item tagging: Precision@K is 0.22837, MAP is: 0.37079, MRR is: 0.65720, in top 10 tags

[Stat]Running time (seconds) 363.86800
[Stat]MAP 0.372+/-0.002
[Stat]MRR 0.676+/-0.021
[Stat]Precision 0.222+/-0.007
