Load 6134 2-gram new features from /home/ll5fy/TUIR/dataset/yelp/yelp_features.txt...
Load 6134 2-gram new features from /home/ll5fy/TUIR/dataset/yelp/yelp_features.txt...
[Info]Start FIXED cross validation...
[Info]Load 553 tags, with 6134 features.
260 users are loaded from /home/ll5fy/TUIR/dataset/yelp/byUser_70k_review/5foldsCVColdstart/0/...
244 users are loaded from /home/ll5fy/TUIR/dataset/yelp/byUser_70k_review/5foldsCVColdstart/1/...
266 users are loaded from /home/ll5fy/TUIR/dataset/yelp/byUser_70k_review/5foldsCVColdstart/2/...
264 users are loaded from /home/ll5fy/TUIR/dataset/yelp/byUser_70k_review/5foldsCVColdstart/3/...
256 users are loaded from /home/ll5fy/TUIR/dataset/yelp/byUser_70k_review/5foldsCVColdstart/4/...
[Info]Finish loading 861 items' weights in total 156639 items!
[Info]Begin tagging 861 items with ETBIR_Item Interpolation............
---- item 1: map is 0.34373, precision@k is 0.09091, mrr is 1.00000
---- item 51: map is 0.52780, precision@k is 0.18182, mrr is 1.00000
---- item 101: map is 1.00000, precision@k is 1.00000, mrr is 1.00000
---- item 151: map is 0.36257, precision@k is 0.09091, mrr is 1.00000
---- item 201: map is 0.34478, precision@k is 0.09091, mrr is 1.00000
---- item 251: map is 0.01493, precision@k is 0.00000, mrr is 0.01515
---- item 301: map is 0.27122, precision@k is 0.09091, mrr is 1.00000
---- item 351: map is 0.51563, precision@k is 0.09091, mrr is 1.00000
---- item 401: map is 0.09722, precision@k is 0.09091, mrr is 0.33333
---- item 451: map is 0.39939, precision@k is 0.09091, mrr is 1.00000
---- item 501: map is 0.02515, precision@k is 0.00000, mrr is 0.02703
---- item 551: map is 1.00000, precision@k is 1.00000, mrr is 1.00000
---- item 601: map is 0.02805, precision@k is 0.00000, mrr is 0.01852
---- item 651: map is 0.02718, precision@k is 0.00000, mrr is 0.04348
---- item 701: map is 0.34142, precision@k is 0.09091, mrr is 1.00000
---- item 751: map is 0.00458, precision@k is 0.00000, mrr is 0.00300
---- item 801: map is 0.34868, precision@k is 0.09091, mrr is 1.00000
---- item 851: map is 0.05152, precision@k is 0.09091, mrr is 0.11111
[Stat]ETBIR_Item model, Interpolation mode item tagging: Precision@K is 0.15038, MAP is: 0.33542, MRR is: 0.77337, in top 10 tags
244 users are loaded from /home/ll5fy/TUIR/dataset/yelp/byUser_70k_review/5foldsCVColdstart/1/...
260 users are loaded from /home/ll5fy/TUIR/dataset/yelp/byUser_70k_review/5foldsCVColdstart/0/...
266 users are loaded from /home/ll5fy/TUIR/dataset/yelp/byUser_70k_review/5foldsCVColdstart/2/...
264 users are loaded from /home/ll5fy/TUIR/dataset/yelp/byUser_70k_review/5foldsCVColdstart/3/...
256 users are loaded from /home/ll5fy/TUIR/dataset/yelp/byUser_70k_review/5foldsCVColdstart/4/...
[Info]Finish loading 861 items' weights in total 156639 items!
[Info]Begin tagging 861 items with ETBIR_Item Interpolation............
---- item 1: map is 0.34202, precision@k is 0.09091, mrr is 1.00000
---- item 51: map is 0.52647, precision@k is 0.18182, mrr is 1.00000
---- item 101: map is 1.00000, precision@k is 1.00000, mrr is 1.00000
---- item 151: map is 0.19571, precision@k is 0.09091, mrr is 0.50000
---- item 201: map is 0.34224, precision@k is 0.09091, mrr is 1.00000
---- item 251: map is 0.02568, precision@k is 0.00000, mrr is 0.03333
---- item 301: map is 0.50517, precision@k is 0.18182, mrr is 1.00000
---- item 351: map is 0.51923, precision@k is 0.09091, mrr is 1.00000
---- item 401: map is 0.16587, precision@k is 0.18182, mrr is 0.50000
---- item 451: map is 0.72917, precision@k is 0.18182, mrr is 1.00000
---- item 501: map is 0.02169, precision@k is 0.00000, mrr is 0.02326
---- item 551: map is 1.00000, precision@k is 1.00000, mrr is 1.00000
---- item 601: map is 0.30585, precision@k is 0.09091, mrr is 1.00000
---- item 651: map is 0.04010, precision@k is 0.09091, mrr is 0.12500
---- item 701: map is 0.17488, precision@k is 0.09091, mrr is 0.50000
---- item 751: map is 0.00446, precision@k is 0.00000, mrr is 0.00282
---- item 801: map is 0.34810, precision@k is 0.09091, mrr is 1.00000
---- item 851: map is 0.08518, precision@k is 0.09091, mrr is 0.25000
[Stat]ETBIR_Item model, Interpolation mode item tagging: Precision@K is 0.18862, MAP is: 0.36358, MRR is: 0.76618, in top 10 tags
266 users are loaded from /home/ll5fy/TUIR/dataset/yelp/byUser_70k_review/5foldsCVColdstart/2/...
260 users are loaded from /home/ll5fy/TUIR/dataset/yelp/byUser_70k_review/5foldsCVColdstart/0/...
244 users are loaded from /home/ll5fy/TUIR/dataset/yelp/byUser_70k_review/5foldsCVColdstart/1/...
264 users are loaded from /home/ll5fy/TUIR/dataset/yelp/byUser_70k_review/5foldsCVColdstart/3/...
256 users are loaded from /home/ll5fy/TUIR/dataset/yelp/byUser_70k_review/5foldsCVColdstart/4/...
[Info]Finish loading 861 items' weights in total 156639 items!
[Info]Begin tagging 861 items with ETBIR_Item Interpolation............
---- item 1: map is 0.35229, precision@k is 0.09091, mrr is 1.00000
---- item 51: map is 0.52565, precision@k is 0.18182, mrr is 1.00000
---- item 101: map is 0.83333, precision@k is 0.66667, mrr is 1.00000
---- item 151: map is 0.19476, precision@k is 0.09091, mrr is 0.50000
---- item 201: map is 0.34336, precision@k is 0.09091, mrr is 1.00000
---- item 251: map is 0.09354, precision@k is 0.09091, mrr is 0.16667
---- item 301: map is 0.50461, precision@k is 0.18182, mrr is 1.00000
---- item 351: map is 0.52632, precision@k is 0.09091, mrr is 1.00000
---- item 401: map is 0.19327, precision@k is 0.18182, mrr is 0.50000
---- item 451: map is 0.62222, precision@k is 0.18182, mrr is 1.00000
---- item 501: map is 0.18000, precision@k is 0.09091, mrr is 0.50000
---- item 551: map is 1.00000, precision@k is 1.00000, mrr is 1.00000
---- item 601: map is 0.43833, precision@k is 0.18182, mrr is 1.00000
---- item 651: map is 0.03923, precision@k is 0.09091, mrr is 0.11111
---- item 701: map is 0.17299, precision@k is 0.09091, mrr is 0.50000
---- item 751: map is 0.00454, precision@k is 0.00000, mrr is 0.00292
---- item 801: map is 0.35421, precision@k is 0.09091, mrr is 1.00000
---- item 851: map is 0.09442, precision@k is 0.09091, mrr is 0.25000
[Stat]ETBIR_Item model, Interpolation mode item tagging: Precision@K is 0.19882, MAP is: 0.37021, MRR is: 0.74661, in top 10 tags
264 users are loaded from /home/ll5fy/TUIR/dataset/yelp/byUser_70k_review/5foldsCVColdstart/3/...
260 users are loaded from /home/ll5fy/TUIR/dataset/yelp/byUser_70k_review/5foldsCVColdstart/0/...
244 users are loaded from /home/ll5fy/TUIR/dataset/yelp/byUser_70k_review/5foldsCVColdstart/1/...
266 users are loaded from /home/ll5fy/TUIR/dataset/yelp/byUser_70k_review/5foldsCVColdstart/2/...
256 users are loaded from /home/ll5fy/TUIR/dataset/yelp/byUser_70k_review/5foldsCVColdstart/4/...
[Info]Finish loading 861 items' weights in total 156639 items!
[Info]Begin tagging 861 items with ETBIR_Item Interpolation............
---- item 1: map is 0.35248, precision@k is 0.09091, mrr is 1.00000
---- item 51: map is 0.53845, precision@k is 0.18182, mrr is 1.00000
---- item 101: map is 0.83333, precision@k is 0.66667, mrr is 1.00000
---- item 151: map is 0.20182, precision@k is 0.09091, mrr is 0.50000
---- item 201: map is 0.34446, precision@k is 0.09091, mrr is 1.00000
---- item 251: map is 0.50431, precision@k is 0.09091, mrr is 1.00000
---- item 301: map is 0.50434, precision@k is 0.18182, mrr is 1.00000
---- item 351: map is 0.53571, precision@k is 0.09091, mrr is 1.00000
---- item 401: map is 0.23402, precision@k is 0.18182, mrr is 0.50000
---- item 451: map is 0.58187, precision@k is 0.18182, mrr is 1.00000
---- item 501: map is 0.34742, precision@k is 0.09091, mrr is 1.00000
---- item 551: map is 1.00000, precision@k is 1.00000, mrr is 1.00000
---- item 601: map is 0.43507, precision@k is 0.18182, mrr is 1.00000
---- item 651: map is 0.03912, precision@k is 0.09091, mrr is 0.10000
---- item 701: map is 0.17707, precision@k is 0.09091, mrr is 0.50000
---- item 751: map is 0.00445, precision@k is 0.00000, mrr is 0.00313
---- item 801: map is 0.37767, precision@k is 0.09091, mrr is 1.00000
---- item 851: map is 0.10274, precision@k is 0.09091, mrr is 0.25000
[Stat]ETBIR_Item model, Interpolation mode item tagging: Precision@K is 0.20768, MAP is: 0.37424, MRR is: 0.72925, in top 10 tags
256 users are loaded from /home/ll5fy/TUIR/dataset/yelp/byUser_70k_review/5foldsCVColdstart/4/...
260 users are loaded from /home/ll5fy/TUIR/dataset/yelp/byUser_70k_review/5foldsCVColdstart/0/...
244 users are loaded from /home/ll5fy/TUIR/dataset/yelp/byUser_70k_review/5foldsCVColdstart/1/...
266 users are loaded from /home/ll5fy/TUIR/dataset/yelp/byUser_70k_review/5foldsCVColdstart/2/...
264 users are loaded from /home/ll5fy/TUIR/dataset/yelp/byUser_70k_review/5foldsCVColdstart/3/...
[Info]Finish loading 861 items' weights in total 156639 items!
[Info]Begin tagging 861 items with ETBIR_Item Interpolation............
---- item 1: map is 0.61667, precision@k is 0.27273, mrr is 1.00000
---- item 51: map is 0.53091, precision@k is 0.18182, mrr is 1.00000
---- item 101: map is 0.83333, precision@k is 0.66667, mrr is 1.00000
---- item 151: map is 0.45604, precision@k is 0.18182, mrr is 1.00000
---- item 201: map is 0.34342, precision@k is 0.09091, mrr is 1.00000
---- item 251: map is 0.11124, precision@k is 0.09091, mrr is 0.20000
---- item 301: map is 0.50477, precision@k is 0.18182, mrr is 1.00000
---- item 351: map is 0.52222, precision@k is 0.09091, mrr is 1.00000
---- item 401: map is 0.30376, precision@k is 0.18182, mrr is 0.50000
---- item 451: map is 0.50990, precision@k is 0.18182, mrr is 1.00000
---- item 501: map is 0.34880, precision@k is 0.09091, mrr is 1.00000
---- item 551: map is 1.00000, precision@k is 1.00000, mrr is 1.00000
---- item 601: map is 0.43888, precision@k is 0.18182, mrr is 1.00000
---- item 651: map is 0.03353, precision@k is 0.00000, mrr is 0.09091
---- item 701: map is 0.17415, precision@k is 0.09091, mrr is 0.50000
---- item 751: map is 0.00428, precision@k is 0.00000, mrr is 0.00297
---- item 801: map is 0.34882, precision@k is 0.09091, mrr is 1.00000
---- item 851: map is 0.09590, precision@k is 0.09091, mrr is 0.25000
[Stat]ETBIR_Item model, Interpolation mode item tagging: Precision@K is 0.21594, MAP is: 0.38136, MRR is: 0.73260, in top 10 tags

[Stat]Running time (seconds) 362.89900
[Stat]MAP 0.365+/-0.016
[Stat]MRR 0.750+/-0.018
[Stat]Precision 0.192+/-0.023
