Load 6134 2-gram new features from /home/ll5fy/TUIR/dataset/yelp/yelp_features.txt...
Load 6134 2-gram new features from /home/ll5fy/TUIR/dataset/yelp/yelp_features.txt...
[Info]Start FIXED cross validation...
[Info]Load 553 tags, with 6134 features.
260 users are loaded from /home/ll5fy/TUIR/dataset/yelp/byUser_70k_review/5foldsCVColdstart/0/...
244 users are loaded from /home/ll5fy/TUIR/dataset/yelp/byUser_70k_review/5foldsCVColdstart/1/...
266 users are loaded from /home/ll5fy/TUIR/dataset/yelp/byUser_70k_review/5foldsCVColdstart/2/...
264 users are loaded from /home/ll5fy/TUIR/dataset/yelp/byUser_70k_review/5foldsCVColdstart/3/...
256 users are loaded from /home/ll5fy/TUIR/dataset/yelp/byUser_70k_review/5foldsCVColdstart/4/...
[Info]Finish loading 861 items' weights in total 156639 items!
[Info]Begin tagging 861 items with ETBIR Interpolation............
---- item 1: map is 0.43071, precision@k is 0.18182, mrr is 1.00000
---- item 51: map is 0.56266, precision@k is 0.18182, mrr is 1.00000
---- item 101: map is 0.83333, precision@k is 0.66667, mrr is 1.00000
---- item 151: map is 0.21575, precision@k is 0.09091, mrr is 0.50000
---- item 201: map is 0.34619, precision@k is 0.09091, mrr is 1.00000
---- item 251: map is 0.13340, precision@k is 0.09091, mrr is 0.25000
---- item 301: map is 0.50606, precision@k is 0.18182, mrr is 1.00000
---- item 351: map is 0.52703, precision@k is 0.09091, mrr is 1.00000
---- item 401: map is 0.13664, precision@k is 0.09091, mrr is 0.50000
---- item 451: map is 0.57995, precision@k is 0.18182, mrr is 1.00000
---- item 501: map is 0.34595, precision@k is 0.09091, mrr is 1.00000
---- item 551: map is 0.83333, precision@k is 0.66667, mrr is 1.00000
---- item 601: map is 0.02279, precision@k is 0.00000, mrr is 0.01961
---- item 651: map is 0.02809, precision@k is 0.00000, mrr is 0.04545
---- item 701: map is 0.34612, precision@k is 0.09091, mrr is 1.00000
---- item 751: map is 0.00430, precision@k is 0.00000, mrr is 0.00272
---- item 801: map is 0.37675, precision@k is 0.09091, mrr is 1.00000
---- item 851: map is 0.07747, precision@k is 0.09091, mrr is 0.25000
[Stat]ETBIR model, Interpolation mode item tagging: Precision@K is 0.20971, MAP is: 0.37022, MRR is: 0.71001, in top 10 tags
244 users are loaded from /home/ll5fy/TUIR/dataset/yelp/byUser_70k_review/5foldsCVColdstart/1/...
260 users are loaded from /home/ll5fy/TUIR/dataset/yelp/byUser_70k_review/5foldsCVColdstart/0/...
266 users are loaded from /home/ll5fy/TUIR/dataset/yelp/byUser_70k_review/5foldsCVColdstart/2/...
264 users are loaded from /home/ll5fy/TUIR/dataset/yelp/byUser_70k_review/5foldsCVColdstart/3/...
256 users are loaded from /home/ll5fy/TUIR/dataset/yelp/byUser_70k_review/5foldsCVColdstart/4/...
[Info]Finish loading 861 items' weights in total 156639 items!
[Info]Begin tagging 861 items with ETBIR Interpolation............
---- item 1: map is 0.44653, precision@k is 0.18182, mrr is 1.00000
---- item 51: map is 0.42603, precision@k is 0.18182, mrr is 1.00000
---- item 101: map is 0.83333, precision@k is 0.66667, mrr is 1.00000
---- item 151: map is 0.16679, precision@k is 0.09091, mrr is 0.33333
---- item 201: map is 0.34565, precision@k is 0.09091, mrr is 1.00000
---- item 251: map is 0.14195, precision@k is 0.09091, mrr is 0.25000
---- item 301: map is 0.50622, precision@k is 0.18182, mrr is 1.00000
---- item 351: map is 0.52703, precision@k is 0.09091, mrr is 1.00000
---- item 401: map is 0.27937, precision@k is 0.27273, mrr is 0.50000
---- item 451: map is 0.57556, precision@k is 0.18182, mrr is 1.00000
---- item 501: map is 0.34621, precision@k is 0.09091, mrr is 1.00000
---- item 551: map is 0.75000, precision@k is 0.50000, mrr is 1.00000
---- item 601: map is 0.43100, precision@k is 0.18182, mrr is 1.00000
---- item 651: map is 0.03505, precision@k is 0.00000, mrr is 0.09091
---- item 701: map is 0.18154, precision@k is 0.09091, mrr is 0.50000
---- item 751: map is 0.00431, precision@k is 0.00000, mrr is 0.00262
---- item 801: map is 0.39709, precision@k is 0.09091, mrr is 1.00000
---- item 851: map is 0.10901, precision@k is 0.09091, mrr is 0.33333
[Stat]ETBIR model, Interpolation mode item tagging: Precision@K is 0.22099, MAP is: 0.37619, MRR is: 0.68508, in top 10 tags
266 users are loaded from /home/ll5fy/TUIR/dataset/yelp/byUser_70k_review/5foldsCVColdstart/2/...
260 users are loaded from /home/ll5fy/TUIR/dataset/yelp/byUser_70k_review/5foldsCVColdstart/0/...
244 users are loaded from /home/ll5fy/TUIR/dataset/yelp/byUser_70k_review/5foldsCVColdstart/1/...
264 users are loaded from /home/ll5fy/TUIR/dataset/yelp/byUser_70k_review/5foldsCVColdstart/3/...
256 users are loaded from /home/ll5fy/TUIR/dataset/yelp/byUser_70k_review/5foldsCVColdstart/4/...
[Info]Finish loading 861 items' weights in total 156639 items!
[Info]Begin tagging 861 items with ETBIR Interpolation............
---- item 1: map is 0.55779, precision@k is 0.18182, mrr is 1.00000
---- item 51: map is 0.41588, precision@k is 0.18182, mrr is 1.00000
---- item 101: map is 0.75000, precision@k is 0.50000, mrr is 1.00000
---- item 151: map is 0.20543, precision@k is 0.18182, mrr is 0.33333
---- item 201: map is 0.34504, precision@k is 0.09091, mrr is 1.00000
---- item 251: map is 0.18382, precision@k is 0.09091, mrr is 0.25000
---- item 301: map is 0.50587, precision@k is 0.18182, mrr is 1.00000
---- item 351: map is 0.59091, precision@k is 0.09091, mrr is 1.00000
---- item 401: map is 0.34769, precision@k is 0.27273, mrr is 0.50000
---- item 451: map is 0.57683, precision@k is 0.18182, mrr is 1.00000
---- item 501: map is 0.34574, precision@k is 0.09091, mrr is 1.00000
---- item 551: map is 0.70000, precision@k is 0.40000, mrr is 1.00000
---- item 601: map is 0.43235, precision@k is 0.18182, mrr is 1.00000
---- item 651: map is 0.03001, precision@k is 0.00000, mrr is 0.06667
---- item 701: map is 0.18352, precision@k is 0.09091, mrr is 0.50000
---- item 751: map is 0.00451, precision@k is 0.00000, mrr is 0.00268
---- item 801: map is 0.41510, precision@k is 0.18182, mrr is 1.00000
---- item 851: map is 0.09841, precision@k is 0.09091, mrr is 0.25000
[Stat]ETBIR model, Interpolation mode item tagging: Precision@K is 0.22704, MAP is: 0.37218, MRR is: 0.66318, in top 10 tags
264 users are loaded from /home/ll5fy/TUIR/dataset/yelp/byUser_70k_review/5foldsCVColdstart/3/...
260 users are loaded from /home/ll5fy/TUIR/dataset/yelp/byUser_70k_review/5foldsCVColdstart/0/...
244 users are loaded from /home/ll5fy/TUIR/dataset/yelp/byUser_70k_review/5foldsCVColdstart/1/...
266 users are loaded from /home/ll5fy/TUIR/dataset/yelp/byUser_70k_review/5foldsCVColdstart/2/...
256 users are loaded from /home/ll5fy/TUIR/dataset/yelp/byUser_70k_review/5foldsCVColdstart/4/...
[Info]Finish loading 861 items' weights in total 156639 items!
[Info]Begin tagging 861 items with ETBIR Interpolation............
---- item 1: map is 0.55815, precision@k is 0.18182, mrr is 1.00000
---- item 51: map is 0.37321, precision@k is 0.18182, mrr is 1.00000
---- item 101: map is 0.75000, precision@k is 0.50000, mrr is 1.00000
---- item 151: map is 0.17790, precision@k is 0.18182, mrr is 0.25000
---- item 201: map is 0.34599, precision@k is 0.09091, mrr is 1.00000
---- item 251: map is 0.27041, precision@k is 0.09091, mrr is 0.50000
---- item 301: map is 0.50570, precision@k is 0.18182, mrr is 1.00000
---- item 351: map is 0.70000, precision@k is 0.40000, mrr is 1.00000
---- item 401: map is 0.34699, precision@k is 0.27273, mrr is 0.50000
---- item 451: map is 0.43391, precision@k is 0.18182, mrr is 1.00000
---- item 501: map is 0.34560, precision@k is 0.09091, mrr is 1.00000
---- item 551: map is 0.66667, precision@k is 0.33333, mrr is 1.00000
---- item 601: map is 0.43357, precision@k is 0.18182, mrr is 1.00000
---- item 651: map is 0.02888, precision@k is 0.00000, mrr is 0.04762
---- item 701: map is 0.18739, precision@k is 0.09091, mrr is 0.50000
---- item 751: map is 0.00422, precision@k is 0.00000, mrr is 0.00266
---- item 801: map is 0.41618, precision@k is 0.18182, mrr is 1.00000
---- item 851: map is 0.09629, precision@k is 0.09091, mrr is 0.25000
[Stat]ETBIR model, Interpolation mode item tagging: Precision@K is 0.22807, MAP is: 0.37194, MRR is: 0.66282, in top 10 tags
256 users are loaded from /home/ll5fy/TUIR/dataset/yelp/byUser_70k_review/5foldsCVColdstart/4/...
260 users are loaded from /home/ll5fy/TUIR/dataset/yelp/byUser_70k_review/5foldsCVColdstart/0/...
244 users are loaded from /home/ll5fy/TUIR/dataset/yelp/byUser_70k_review/5foldsCVColdstart/1/...
266 users are loaded from /home/ll5fy/TUIR/dataset/yelp/byUser_70k_review/5foldsCVColdstart/2/...
264 users are loaded from /home/ll5fy/TUIR/dataset/yelp/byUser_70k_review/5foldsCVColdstart/3/...
[Info]Finish loading 861 items' weights in total 156639 items!
[Info]Begin tagging 861 items with ETBIR Interpolation............
---- item 1: map is 0.73333, precision@k is 0.66667, mrr is 1.00000
---- item 51: map is 0.37679, precision@k is 0.18182, mrr is 1.00000
---- item 101: map is 0.75000, precision@k is 0.50000, mrr is 1.00000
---- item 151: map is 0.52540, precision@k is 0.27273, mrr is 1.00000
---- item 201: map is 0.34489, precision@k is 0.09091, mrr is 1.00000
---- item 251: map is 0.20833, precision@k is 0.09091, mrr is 0.25000
---- item 301: map is 0.50616, precision@k is 0.18182, mrr is 1.00000
---- item 351: map is 0.83333, precision@k is 0.66667, mrr is 1.00000
---- item 401: map is 0.34858, precision@k is 0.27273, mrr is 0.50000
---- item 451: map is 0.43391, precision@k is 0.18182, mrr is 1.00000
---- item 501: map is 0.34489, precision@k is 0.09091, mrr is 1.00000
---- item 551: map is 0.60000, precision@k is 0.20000, mrr is 1.00000
---- item 601: map is 0.43443, precision@k is 0.18182, mrr is 1.00000
---- item 651: map is 0.02912, precision@k is 0.00000, mrr is 0.05263
---- item 701: map is 0.18587, precision@k is 0.09091, mrr is 0.50000
---- item 751: map is 0.00426, precision@k is 0.00000, mrr is 0.00276
---- item 801: map is 0.41493, precision@k is 0.18182, mrr is 1.00000
---- item 851: map is 0.10192, precision@k is 0.09091, mrr is 0.25000
[Stat]ETBIR model, Interpolation mode item tagging: Precision@K is 0.22839, MAP is: 0.37071, MRR is: 0.65717, in top 10 tags

[Stat]Running time (seconds) 361.36900
[Stat]MAP 0.372+/-0.002
[Stat]MRR 0.676+/-0.020
[Stat]Precision 0.223+/-0.007
