Load 6134 2-gram new features from /home/ll5fy/TUIR/dataset/yelp/yelp_features.txt...
Load 6134 2-gram new features from /home/ll5fy/TUIR/dataset/yelp/yelp_features.txt...
[Info]Start FIXED cross validation...
[Info]Load 553 tags, with 6134 features.
260 users are loaded from /home/ll5fy/TUIR/dataset/yelp/byUser_70k_review/5foldsCVColdstart/0/...
244 users are loaded from /home/ll5fy/TUIR/dataset/yelp/byUser_70k_review/5foldsCVColdstart/1/...
266 users are loaded from /home/ll5fy/TUIR/dataset/yelp/byUser_70k_review/5foldsCVColdstart/2/...
264 users are loaded from /home/ll5fy/TUIR/dataset/yelp/byUser_70k_review/5foldsCVColdstart/3/...
256 users are loaded from /home/ll5fy/TUIR/dataset/yelp/byUser_70k_review/5foldsCVColdstart/4/...
[Info]Finish loading 722 items' weights in total 156639 items!
[Info]Begin tagging 722 items with LDA_Item Interpolation............
---- item 1: map is 0.47111, precision@k is 0.18182, mrr is 1.00000
---- item 51: map is 0.25183, precision@k is 0.09091, mrr is 0.50000
---- item 101: map is 0.75000, precision@k is 0.50000, mrr is 1.00000
---- item 151: map is 0.10362, precision@k is 0.09091, mrr is 0.25000
---- item 201: map is 0.35752, precision@k is 0.18182, mrr is 1.00000
---- item 251: map is 0.83333, precision@k is 0.66667, mrr is 1.00000
---- item 301: map is 0.06769, precision@k is 0.09091, mrr is 0.16667
---- item 351: map is 0.33990, precision@k is 0.18182, mrr is 1.00000
---- item 401: map is 0.31529, precision@k is 0.09091, mrr is 1.00000
---- item 451: map is 0.55989, precision@k is 0.18182, mrr is 1.00000
---- item 501: map is 0.11688, precision@k is 0.09091, mrr is 0.33333
---- item 551: map is 0.55853, precision@k is 0.18182, mrr is 1.00000
---- item 601: map is 0.41667, precision@k is 0.33333, mrr is 0.50000
---- item 651: map is 0.24010, precision@k is 0.18182, mrr is 0.50000
---- item 701: map is 0.66667, precision@k is 0.33333, mrr is 1.00000
[Stat]LDA_Item model, Interpolation mode item tagging: Precision@K is 0.18529, MAP is: 0.31114, MRR is: 0.60546, in top 10 tags
244 users are loaded from /home/ll5fy/TUIR/dataset/yelp/byUser_70k_review/5foldsCVColdstart/1/...
260 users are loaded from /home/ll5fy/TUIR/dataset/yelp/byUser_70k_review/5foldsCVColdstart/0/...
266 users are loaded from /home/ll5fy/TUIR/dataset/yelp/byUser_70k_review/5foldsCVColdstart/2/...
264 users are loaded from /home/ll5fy/TUIR/dataset/yelp/byUser_70k_review/5foldsCVColdstart/3/...
256 users are loaded from /home/ll5fy/TUIR/dataset/yelp/byUser_70k_review/5foldsCVColdstart/4/...
[Info]Finish loading 732 items' weights in total 156639 items!
[Info]Begin tagging 732 items with LDA_Item Interpolation............
---- item 1: map is 0.67719, precision@k is 0.18182, mrr is 1.00000
---- item 51: map is 0.66989, precision@k is 0.18182, mrr is 1.00000
---- item 101: map is 0.11296, precision@k is 0.09091, mrr is 0.20000
---- item 151: map is 0.35944, precision@k is 0.18182, mrr is 1.00000
---- item 201: map is 0.83333, precision@k is 0.66667, mrr is 1.00000
---- item 251: map is 0.31250, precision@k is 0.09091, mrr is 0.50000
---- item 301: map is 0.46933, precision@k is 0.18182, mrr is 1.00000
---- item 351: map is 0.28571, precision@k is 0.09091, mrr is 0.50000
---- item 401: map is 0.12448, precision@k is 0.09091, mrr is 0.33333
---- item 451: map is 0.27614, precision@k is 0.18182, mrr is 1.00000
---- item 501: map is 0.50000, precision@k is 0.50000, mrr is 0.50000
---- item 551: map is 0.00426, precision@k is 0.00000, mrr is 0.00260
---- item 601: map is 0.02565, precision@k is 0.00000, mrr is 0.01961
---- item 651: map is 0.25828, precision@k is 0.18182, mrr is 0.50000
---- item 701: map is 0.41669, precision@k is 0.18182, mrr is 1.00000
[Stat]LDA_Item model, Interpolation mode item tagging: Precision@K is 0.21755, MAP is: 0.37634, MRR is: 0.69126, in top 10 tags
266 users are loaded from /home/ll5fy/TUIR/dataset/yelp/byUser_70k_review/5foldsCVColdstart/2/...
260 users are loaded from /home/ll5fy/TUIR/dataset/yelp/byUser_70k_review/5foldsCVColdstart/0/...
244 users are loaded from /home/ll5fy/TUIR/dataset/yelp/byUser_70k_review/5foldsCVColdstart/1/...
264 users are loaded from /home/ll5fy/TUIR/dataset/yelp/byUser_70k_review/5foldsCVColdstart/3/...
256 users are loaded from /home/ll5fy/TUIR/dataset/yelp/byUser_70k_review/5foldsCVColdstart/4/...
[Info]Finish loading 702 items' weights in total 156639 items!
[Info]Begin tagging 702 items with LDA_Item Interpolation............
---- item 1: map is 0.55951, precision@k is 0.18182, mrr is 1.00000
---- item 51: map is 0.36488, precision@k is 0.27273, mrr is 0.50000
---- item 101: map is 0.50485, precision@k is 0.09091, mrr is 1.00000
---- item 151: map is 0.23455, precision@k is 0.18182, mrr is 0.50000
---- item 201: map is 0.18984, precision@k is 0.09091, mrr is 1.00000
---- item 251: map is 0.24639, precision@k is 0.27273, mrr is 0.50000
---- item 301: map is 0.12584, precision@k is 0.18182, mrr is 0.12500
---- item 351: map is 0.38679, precision@k is 0.09091, mrr is 1.00000
---- item 401: map is 0.54203, precision@k is 0.36364, mrr is 1.00000
---- item 451: map is 0.65730, precision@k is 0.27273, mrr is 1.00000
---- item 501: map is 0.34548, precision@k is 0.27273, mrr is 0.50000
---- item 551: map is 0.50190, precision@k is 0.27273, mrr is 1.00000
---- item 601: map is 0.25328, precision@k is 0.27273, mrr is 0.33333
---- item 651: map is 0.39840, precision@k is 0.09091, mrr is 1.00000
---- item 701: map is 0.30952, precision@k is 0.28571, mrr is 0.33333
[Stat]LDA_Item model, Interpolation mode item tagging: Precision@K is 0.22206, MAP is: 0.37031, MRR is: 0.66061, in top 10 tags
264 users are loaded from /home/ll5fy/TUIR/dataset/yelp/byUser_70k_review/5foldsCVColdstart/3/...
260 users are loaded from /home/ll5fy/TUIR/dataset/yelp/byUser_70k_review/5foldsCVColdstart/0/...
244 users are loaded from /home/ll5fy/TUIR/dataset/yelp/byUser_70k_review/5foldsCVColdstart/1/...
266 users are loaded from /home/ll5fy/TUIR/dataset/yelp/byUser_70k_review/5foldsCVColdstart/2/...
256 users are loaded from /home/ll5fy/TUIR/dataset/yelp/byUser_70k_review/5foldsCVColdstart/4/...
[Info]Finish loading 717 items' weights in total 156639 items!
[Info]Begin tagging 717 items with LDA_Item Interpolation............
---- item 1: map is 0.67857, precision@k is 0.18182, mrr is 1.00000
---- item 51: map is 0.55898, precision@k is 0.18182, mrr is 1.00000
---- item 101: map is 0.22619, precision@k is 0.28571, mrr is 0.16667
---- item 151: map is 0.09033, precision@k is 0.09091, mrr is 0.16667
---- item 201: map is 0.34589, precision@k is 0.27273, mrr is 0.50000
---- item 251: map is 0.08597, precision@k is 0.09091, mrr is 0.16667
---- item 301: map is 0.28822, precision@k is 0.18182, mrr is 0.33333
---- item 351: map is 0.02330, precision@k is 0.00000, mrr is 0.02381
---- item 401: map is 0.00778, precision@k is 0.00000, mrr is 0.00546
---- item 451: map is 0.70000, precision@k is 0.40000, mrr is 1.00000
---- item 501: map is 1.00000, precision@k is 1.00000, mrr is 1.00000
---- item 551: map is 0.67107, precision@k is 0.18182, mrr is 1.00000
---- item 601: map is 0.06434, precision@k is 0.09091, mrr is 0.16667
---- item 651: map is 0.33146, precision@k is 0.27273, mrr is 0.50000
---- item 701: map is 0.44881, precision@k is 0.36364, mrr is 1.00000
[Stat]LDA_Item model, Interpolation mode item tagging: Precision@K is 0.23587, MAP is: 0.38338, MRR is: 0.67614, in top 10 tags
256 users are loaded from /home/ll5fy/TUIR/dataset/yelp/byUser_70k_review/5foldsCVColdstart/4/...
260 users are loaded from /home/ll5fy/TUIR/dataset/yelp/byUser_70k_review/5foldsCVColdstart/0/...
244 users are loaded from /home/ll5fy/TUIR/dataset/yelp/byUser_70k_review/5foldsCVColdstart/1/...
266 users are loaded from /home/ll5fy/TUIR/dataset/yelp/byUser_70k_review/5foldsCVColdstart/2/...
264 users are loaded from /home/ll5fy/TUIR/dataset/yelp/byUser_70k_review/5foldsCVColdstart/3/...
[Info]Finish loading 726 items' weights in total 156639 items!
[Info]Begin tagging 726 items with LDA_Item Interpolation............
---- item 1: map is 0.56389, precision@k is 0.18182, mrr is 1.00000
---- item 51: map is 0.22326, precision@k is 0.09091, mrr is 1.00000
---- item 101: map is 0.43750, precision@k is 0.18182, mrr is 1.00000
---- item 151: map is 0.12509, precision@k is 0.09091, mrr is 0.33333
---- item 201: map is 0.70000, precision@k is 0.40000, mrr is 1.00000
---- item 251: map is 0.34738, precision@k is 0.09091, mrr is 1.00000
---- item 301: map is 0.41920, precision@k is 0.18182, mrr is 1.00000
---- item 351: map is 1.00000, precision@k is 1.00000, mrr is 1.00000
---- item 401: map is 0.37261, precision@k is 0.09091, mrr is 1.00000
---- item 451: map is 0.17032, precision@k is 0.09091, mrr is 0.33333
---- item 501: map is 0.69550, precision@k is 0.27273, mrr is 1.00000
---- item 551: map is 0.52586, precision@k is 0.27273, mrr is 1.00000
---- item 601: map is 0.42982, precision@k is 0.27273, mrr is 0.50000
---- item 651: map is 0.66667, precision@k is 0.50000, mrr is 1.00000
---- item 701: map is 0.50947, precision@k is 0.18182, mrr is 1.00000
[Stat]LDA_Item model, Interpolation mode item tagging: Precision@K is 0.22999, MAP is: 0.37839, MRR is: 0.66953, in top 10 tags

[Stat]Running time (seconds) 309.24500
[Stat]MAP 0.364+/-0.027
[Stat]MRR 0.661+/-0.029
[Stat]Precision 0.218+/-0.018
