Load 6134 2-gram new features from /home/ll5fy/TUIR/dataset/yelp/yelp_features.txt...
Load 6134 2-gram new features from /home/ll5fy/TUIR/dataset/yelp/yelp_features.txt...
[Info]Start FIXED cross validation...
[Info]Load 553 tags, with 6134 features.
260 users are loaded from /home/ll5fy/TUIR/dataset/yelp/byUser_70k_review/5foldsCVColdstart/0/...
244 users are loaded from /home/ll5fy/TUIR/dataset/yelp/byUser_70k_review/5foldsCVColdstart/1/...
266 users are loaded from /home/ll5fy/TUIR/dataset/yelp/byUser_70k_review/5foldsCVColdstart/2/...
264 users are loaded from /home/ll5fy/TUIR/dataset/yelp/byUser_70k_review/5foldsCVColdstart/3/...
256 users are loaded from /home/ll5fy/TUIR/dataset/yelp/byUser_70k_review/5foldsCVColdstart/4/...
[Info]Finish loading 861 items' weights in total 156639 items!
[Info]Begin tagging 861 items with ETBIR_Item Interpolation............
---- item 1: map is 0.41863, precision@k is 0.18182, mrr is 1.00000
---- item 51: map is 0.54027, precision@k is 0.18182, mrr is 1.00000
---- item 101: map is 0.83333, precision@k is 0.66667, mrr is 1.00000
---- item 151: map is 0.19786, precision@k is 0.09091, mrr is 0.50000
---- item 201: map is 0.34517, precision@k is 0.09091, mrr is 1.00000
---- item 251: map is 0.13908, precision@k is 0.09091, mrr is 0.25000
---- item 301: map is 0.50608, precision@k is 0.18182, mrr is 1.00000
---- item 351: map is 0.52222, precision@k is 0.09091, mrr is 1.00000
---- item 401: map is 0.15230, precision@k is 0.09091, mrr is 0.50000
---- item 451: map is 0.57729, precision@k is 0.18182, mrr is 1.00000
---- item 501: map is 0.34408, precision@k is 0.09091, mrr is 1.00000
---- item 551: map is 0.83333, precision@k is 0.66667, mrr is 1.00000
---- item 601: map is 0.02619, precision@k is 0.00000, mrr is 0.02941
---- item 651: map is 0.02690, precision@k is 0.00000, mrr is 0.05263
---- item 701: map is 0.34541, precision@k is 0.09091, mrr is 1.00000
---- item 751: map is 0.00432, precision@k is 0.00000, mrr is 0.00273
---- item 801: map is 0.37127, precision@k is 0.09091, mrr is 1.00000
---- item 851: map is 0.08144, precision@k is 0.09091, mrr is 0.25000
[Stat]ETBIR_Item model, Interpolation mode item tagging: Precision@K is 0.20603, MAP is: 0.36966, MRR is: 0.71369, in top 10 tags
244 users are loaded from /home/ll5fy/TUIR/dataset/yelp/byUser_70k_review/5foldsCVColdstart/1/...
260 users are loaded from /home/ll5fy/TUIR/dataset/yelp/byUser_70k_review/5foldsCVColdstart/0/...
266 users are loaded from /home/ll5fy/TUIR/dataset/yelp/byUser_70k_review/5foldsCVColdstart/2/...
264 users are loaded from /home/ll5fy/TUIR/dataset/yelp/byUser_70k_review/5foldsCVColdstart/3/...
256 users are loaded from /home/ll5fy/TUIR/dataset/yelp/byUser_70k_review/5foldsCVColdstart/4/...
[Info]Finish loading 861 items' weights in total 156639 items!
[Info]Begin tagging 861 items with ETBIR_Item Interpolation............
---- item 1: map is 0.43064, precision@k is 0.18182, mrr is 1.00000
---- item 51: map is 0.42710, precision@k is 0.18182, mrr is 1.00000
---- item 101: map is 0.83333, precision@k is 0.66667, mrr is 1.00000
---- item 151: map is 0.16441, precision@k is 0.09091, mrr is 0.33333
---- item 201: map is 0.34545, precision@k is 0.09091, mrr is 1.00000
---- item 251: map is 0.14583, precision@k is 0.09091, mrr is 0.25000
---- item 301: map is 0.50664, precision@k is 0.18182, mrr is 1.00000
---- item 351: map is 0.52778, precision@k is 0.09091, mrr is 1.00000
---- item 401: map is 0.28116, precision@k is 0.27273, mrr is 0.50000
---- item 451: map is 0.57556, precision@k is 0.18182, mrr is 1.00000
---- item 501: map is 0.34633, precision@k is 0.09091, mrr is 1.00000
---- item 551: map is 0.75000, precision@k is 0.50000, mrr is 1.00000
---- item 601: map is 0.43223, precision@k is 0.18182, mrr is 1.00000
---- item 651: map is 0.02878, precision@k is 0.00000, mrr is 0.05263
---- item 701: map is 0.18003, precision@k is 0.09091, mrr is 0.50000
---- item 751: map is 0.00425, precision@k is 0.00000, mrr is 0.00264
---- item 801: map is 0.39683, precision@k is 0.09091, mrr is 1.00000
---- item 851: map is 0.10372, precision@k is 0.09091, mrr is 0.33333
[Stat]ETBIR_Item model, Interpolation mode item tagging: Precision@K is 0.22046, MAP is: 0.37668, MRR is: 0.68389, in top 10 tags
266 users are loaded from /home/ll5fy/TUIR/dataset/yelp/byUser_70k_review/5foldsCVColdstart/2/...
260 users are loaded from /home/ll5fy/TUIR/dataset/yelp/byUser_70k_review/5foldsCVColdstart/0/...
244 users are loaded from /home/ll5fy/TUIR/dataset/yelp/byUser_70k_review/5foldsCVColdstart/1/...
264 users are loaded from /home/ll5fy/TUIR/dataset/yelp/byUser_70k_review/5foldsCVColdstart/3/...
256 users are loaded from /home/ll5fy/TUIR/dataset/yelp/byUser_70k_review/5foldsCVColdstart/4/...
[Info]Finish loading 861 items' weights in total 156639 items!
[Info]Begin tagging 861 items with ETBIR_Item Interpolation............
---- item 1: map is 0.55777, precision@k is 0.18182, mrr is 1.00000
---- item 51: map is 0.40915, precision@k is 0.18182, mrr is 1.00000
---- item 101: map is 0.75000, precision@k is 0.50000, mrr is 1.00000
---- item 151: map is 0.16111, precision@k is 0.18182, mrr is 0.25000
---- item 201: map is 0.34427, precision@k is 0.09091, mrr is 1.00000
---- item 251: map is 0.17262, precision@k is 0.09091, mrr is 0.25000
---- item 301: map is 0.50542, precision@k is 0.18182, mrr is 1.00000
---- item 351: map is 0.58333, precision@k is 0.09091, mrr is 1.00000
---- item 401: map is 0.34770, precision@k is 0.27273, mrr is 0.50000
---- item 451: map is 0.57778, precision@k is 0.18182, mrr is 1.00000
---- item 501: map is 0.34577, precision@k is 0.09091, mrr is 1.00000
---- item 551: map is 0.75000, precision@k is 0.50000, mrr is 1.00000
---- item 601: map is 0.43312, precision@k is 0.18182, mrr is 1.00000
---- item 651: map is 0.03129, precision@k is 0.00000, mrr is 0.07692
---- item 701: map is 0.17906, precision@k is 0.09091, mrr is 0.50000
---- item 751: map is 0.00438, precision@k is 0.00000, mrr is 0.00275
---- item 801: map is 0.41455, precision@k is 0.18182, mrr is 1.00000
---- item 851: map is 0.10337, precision@k is 0.09091, mrr is 0.25000
[Stat]ETBIR_Item model, Interpolation mode item tagging: Precision@K is 0.22596, MAP is: 0.37079, MRR is: 0.66310, in top 10 tags
264 users are loaded from /home/ll5fy/TUIR/dataset/yelp/byUser_70k_review/5foldsCVColdstart/3/...
260 users are loaded from /home/ll5fy/TUIR/dataset/yelp/byUser_70k_review/5foldsCVColdstart/0/...
244 users are loaded from /home/ll5fy/TUIR/dataset/yelp/byUser_70k_review/5foldsCVColdstart/1/...
266 users are loaded from /home/ll5fy/TUIR/dataset/yelp/byUser_70k_review/5foldsCVColdstart/2/...
256 users are loaded from /home/ll5fy/TUIR/dataset/yelp/byUser_70k_review/5foldsCVColdstart/4/...
[Info]Finish loading 861 items' weights in total 156639 items!
[Info]Begin tagging 861 items with ETBIR_Item Interpolation............
---- item 1: map is 0.55809, precision@k is 0.18182, mrr is 1.00000
---- item 51: map is 0.39418, precision@k is 0.18182, mrr is 1.00000
---- item 101: map is 0.75000, precision@k is 0.50000, mrr is 1.00000
---- item 151: map is 0.17871, precision@k is 0.18182, mrr is 0.25000
---- item 201: map is 0.34577, precision@k is 0.09091, mrr is 1.00000
---- item 251: map is 0.27083, precision@k is 0.09091, mrr is 0.50000
---- item 301: map is 0.50535, precision@k is 0.18182, mrr is 1.00000
---- item 351: map is 0.75000, precision@k is 0.50000, mrr is 1.00000
---- item 401: map is 0.34865, precision@k is 0.27273, mrr is 0.50000
---- item 451: map is 0.44369, precision@k is 0.18182, mrr is 1.00000
---- item 501: map is 0.34568, precision@k is 0.09091, mrr is 1.00000
---- item 551: map is 0.64286, precision@k is 0.28571, mrr is 1.00000
---- item 601: map is 0.43333, precision@k is 0.18182, mrr is 1.00000
---- item 651: map is 0.02775, precision@k is 0.00000, mrr is 0.04545
---- item 701: map is 0.18841, precision@k is 0.09091, mrr is 0.50000
---- item 751: map is 0.00425, precision@k is 0.00000, mrr is 0.00262
---- item 801: map is 0.41554, precision@k is 0.18182, mrr is 1.00000
---- item 851: map is 0.09174, precision@k is 0.09091, mrr is 0.25000
[Stat]ETBIR_Item model, Interpolation mode item tagging: Precision@K is 0.22647, MAP is: 0.37183, MRR is: 0.66226, in top 10 tags
256 users are loaded from /home/ll5fy/TUIR/dataset/yelp/byUser_70k_review/5foldsCVColdstart/4/...
260 users are loaded from /home/ll5fy/TUIR/dataset/yelp/byUser_70k_review/5foldsCVColdstart/0/...
244 users are loaded from /home/ll5fy/TUIR/dataset/yelp/byUser_70k_review/5foldsCVColdstart/1/...
266 users are loaded from /home/ll5fy/TUIR/dataset/yelp/byUser_70k_review/5foldsCVColdstart/2/...
264 users are loaded from /home/ll5fy/TUIR/dataset/yelp/byUser_70k_review/5foldsCVColdstart/3/...
[Info]Finish loading 861 items' weights in total 156639 items!
[Info]Begin tagging 861 items with ETBIR_Item Interpolation............
---- item 1: map is 0.73333, precision@k is 0.66667, mrr is 1.00000
---- item 51: map is 0.37951, precision@k is 0.18182, mrr is 1.00000
---- item 101: map is 0.75000, precision@k is 0.50000, mrr is 1.00000
---- item 151: map is 0.52838, precision@k is 0.27273, mrr is 1.00000
---- item 201: map is 0.34567, precision@k is 0.09091, mrr is 1.00000
---- item 251: map is 0.19167, precision@k is 0.09091, mrr is 0.25000
---- item 301: map is 0.50600, precision@k is 0.18182, mrr is 1.00000
---- item 351: map is 0.83333, precision@k is 0.66667, mrr is 1.00000
---- item 401: map is 0.34656, precision@k is 0.27273, mrr is 0.50000
---- item 451: map is 0.43485, precision@k is 0.18182, mrr is 1.00000
---- item 501: map is 0.34527, precision@k is 0.09091, mrr is 1.00000
---- item 551: map is 0.61111, precision@k is 0.22222, mrr is 1.00000
---- item 601: map is 0.43321, precision@k is 0.18182, mrr is 1.00000
---- item 651: map is 0.03097, precision@k is 0.00000, mrr is 0.05000
---- item 701: map is 0.12876, precision@k is 0.09091, mrr is 0.33333
---- item 751: map is 0.00431, precision@k is 0.00000, mrr is 0.00274
---- item 801: map is 0.41547, precision@k is 0.18182, mrr is 1.00000
---- item 851: map is 0.10157, precision@k is 0.09091, mrr is 0.25000
[Stat]ETBIR_Item model, Interpolation mode item tagging: Precision@K is 0.22696, MAP is: 0.37006, MRR is: 0.65665, in top 10 tags

[Stat]Running time (seconds) 365.89100
[Stat]MAP 0.372+/-0.003
[Stat]MRR 0.676+/-0.021
[Stat]Precision 0.221+/-0.008
