Load 6134 2-gram new features from /home/ll5fy/TUIR/dataset/yelp/yelp_features.txt...
Load 6134 2-gram new features from /home/ll5fy/TUIR/dataset/yelp/yelp_features.txt...
[Info]Start FIXED cross validation...
[Info]Load 553 tags, with 6134 features.
260 users are loaded from /home/ll5fy/TUIR/dataset/yelp/byUser_70k_review/5foldsCVColdstart/0/...
244 users are loaded from /home/ll5fy/TUIR/dataset/yelp/byUser_70k_review/5foldsCVColdstart/1/...
266 users are loaded from /home/ll5fy/TUIR/dataset/yelp/byUser_70k_review/5foldsCVColdstart/2/...
264 users are loaded from /home/ll5fy/TUIR/dataset/yelp/byUser_70k_review/5foldsCVColdstart/3/...
256 users are loaded from /home/ll5fy/TUIR/dataset/yelp/byUser_70k_review/5foldsCVColdstart/4/...
[Info]Finish loading 722 items' weights in total 156639 items!
[Info]Begin tagging 722 items with CTM Interpolation............
---- item 1: map is 0.46987, precision@k is 0.18182, mrr is 1.00000
---- item 51: map is 0.25190, precision@k is 0.09091, mrr is 0.50000
---- item 101: map is 0.15000, precision@k is 0.09091, mrr is 0.25000
---- item 151: map is 0.09221, precision@k is 0.09091, mrr is 0.25000
---- item 201: map is 0.35529, precision@k is 0.18182, mrr is 1.00000
---- item 251: map is 1.00000, precision@k is 1.00000, mrr is 1.00000
---- item 301: map is 0.07433, precision@k is 0.09091, mrr is 0.20000
---- item 351: map is 0.35564, precision@k is 0.18182, mrr is 1.00000
---- item 401: map is 0.35287, precision@k is 0.18182, mrr is 1.00000
---- item 451: map is 0.42727, precision@k is 0.18182, mrr is 1.00000
---- item 501: map is 0.08752, precision@k is 0.09091, mrr is 0.25000
---- item 551: map is 0.39659, precision@k is 0.09091, mrr is 1.00000
---- item 601: map is 0.16667, precision@k is 0.09091, mrr is 0.20000
---- item 651: map is 0.28514, precision@k is 0.18182, mrr is 0.50000
---- item 701: map is 0.32500, precision@k is 0.40000, mrr is 0.25000
[Stat]CTM model, Interpolation mode item tagging: Precision@K is 0.15514, MAP is: 0.25370, MRR is: 0.51799, in top 10 tags
244 users are loaded from /home/ll5fy/TUIR/dataset/yelp/byUser_70k_review/5foldsCVColdstart/1/...
260 users are loaded from /home/ll5fy/TUIR/dataset/yelp/byUser_70k_review/5foldsCVColdstart/0/...
266 users are loaded from /home/ll5fy/TUIR/dataset/yelp/byUser_70k_review/5foldsCVColdstart/2/...
264 users are loaded from /home/ll5fy/TUIR/dataset/yelp/byUser_70k_review/5foldsCVColdstart/3/...
256 users are loaded from /home/ll5fy/TUIR/dataset/yelp/byUser_70k_review/5foldsCVColdstart/4/...
[Info]Finish loading 732 items' weights in total 156639 items!
[Info]Begin tagging 732 items with CTM Interpolation............
---- item 1: map is 0.67113, precision@k is 0.18182, mrr is 1.00000
---- item 51: map is 0.36156, precision@k is 0.09091, mrr is 1.00000
---- item 101: map is 0.10043, precision@k is 0.09091, mrr is 0.25000
---- item 151: map is 0.42629, precision@k is 0.18182, mrr is 1.00000
---- item 201: map is 1.00000, precision@k is 1.00000, mrr is 1.00000
---- item 251: map is 0.28448, precision@k is 0.09091, mrr is 0.50000
---- item 301: map is 0.43141, precision@k is 0.18182, mrr is 1.00000
---- item 351: map is 0.25581, precision@k is 0.09091, mrr is 0.50000
---- item 401: map is 0.17481, precision@k is 0.09091, mrr is 0.50000
---- item 451: map is 0.28466, precision@k is 0.18182, mrr is 1.00000
---- item 501: map is 0.50000, precision@k is 0.50000, mrr is 0.50000
---- item 551: map is 0.00443, precision@k is 0.00000, mrr is 0.00276
---- item 601: map is 0.02294, precision@k is 0.00000, mrr is 0.02857
---- item 651: map is 0.18194, precision@k is 0.09091, mrr is 0.50000
---- item 701: map is 0.41655, precision@k is 0.18182, mrr is 1.00000
[Stat]CTM model, Interpolation mode item tagging: Precision@K is 0.21051, MAP is: 0.37492, MRR is: 0.72052, in top 10 tags
266 users are loaded from /home/ll5fy/TUIR/dataset/yelp/byUser_70k_review/5foldsCVColdstart/2/...
260 users are loaded from /home/ll5fy/TUIR/dataset/yelp/byUser_70k_review/5foldsCVColdstart/0/...
244 users are loaded from /home/ll5fy/TUIR/dataset/yelp/byUser_70k_review/5foldsCVColdstart/1/...
264 users are loaded from /home/ll5fy/TUIR/dataset/yelp/byUser_70k_review/5foldsCVColdstart/3/...
256 users are loaded from /home/ll5fy/TUIR/dataset/yelp/byUser_70k_review/5foldsCVColdstart/4/...
[Info]Finish loading 702 items' weights in total 156639 items!
[Info]Begin tagging 702 items with CTM Interpolation............
---- item 1: map is 0.41016, precision@k is 0.18182, mrr is 1.00000
---- item 51: map is 0.33276, precision@k is 0.27273, mrr is 0.50000
---- item 101: map is 0.50549, precision@k is 0.09091, mrr is 1.00000
---- item 151: map is 0.26593, precision@k is 0.18182, mrr is 0.50000
---- item 201: map is 0.17867, precision@k is 0.09091, mrr is 1.00000
---- item 251: map is 0.24831, precision@k is 0.27273, mrr is 0.50000
---- item 301: map is 0.15840, precision@k is 0.18182, mrr is 0.25000
---- item 351: map is 0.39146, precision@k is 0.09091, mrr is 1.00000
---- item 401: map is 0.40609, precision@k is 0.27273, mrr is 1.00000
---- item 451: map is 0.75613, precision@k is 0.27273, mrr is 1.00000
---- item 501: map is 0.33312, precision@k is 0.27273, mrr is 0.50000
---- item 551: map is 0.56892, precision@k is 0.27273, mrr is 1.00000
---- item 601: map is 0.29926, precision@k is 0.27273, mrr is 0.50000
---- item 651: map is 0.39002, precision@k is 0.09091, mrr is 1.00000
---- item 701: map is 0.41667, precision@k is 0.50000, mrr is 0.33333
[Stat]CTM model, Interpolation mode item tagging: Precision@K is 0.21399, MAP is: 0.37817, MRR is: 0.69611, in top 10 tags
264 users are loaded from /home/ll5fy/TUIR/dataset/yelp/byUser_70k_review/5foldsCVColdstart/3/...
260 users are loaded from /home/ll5fy/TUIR/dataset/yelp/byUser_70k_review/5foldsCVColdstart/0/...
244 users are loaded from /home/ll5fy/TUIR/dataset/yelp/byUser_70k_review/5foldsCVColdstart/1/...
266 users are loaded from /home/ll5fy/TUIR/dataset/yelp/byUser_70k_review/5foldsCVColdstart/2/...
256 users are loaded from /home/ll5fy/TUIR/dataset/yelp/byUser_70k_review/5foldsCVColdstart/4/...
[Info]Finish loading 717 items' weights in total 156639 items!
[Info]Begin tagging 717 items with CTM Interpolation............
---- item 1: map is 0.68627, precision@k is 0.18182, mrr is 1.00000
---- item 51: map is 0.67190, precision@k is 0.18182, mrr is 1.00000
---- item 101: map is 0.22500, precision@k is 0.20000, mrr is 0.25000
---- item 151: map is 0.09091, precision@k is 0.09091, mrr is 0.16667
---- item 201: map is 0.24180, precision@k is 0.18182, mrr is 0.50000
---- item 251: map is 0.16892, precision@k is 0.09091, mrr is 0.33333
---- item 301: map is 0.27395, precision@k is 0.18182, mrr is 0.33333
---- item 351: map is 0.02231, precision@k is 0.00000, mrr is 0.02500
---- item 401: map is 0.00861, precision@k is 0.00000, mrr is 0.00787
---- item 451: map is 0.57692, precision@k is 0.09091, mrr is 1.00000
---- item 501: map is 1.00000, precision@k is 1.00000, mrr is 1.00000
---- item 551: map is 0.66956, precision@k is 0.18182, mrr is 1.00000
---- item 601: map is 0.12030, precision@k is 0.09091, mrr is 0.33333
---- item 651: map is 0.23001, precision@k is 0.18182, mrr is 0.50000
---- item 701: map is 0.39715, precision@k is 0.27273, mrr is 1.00000
[Stat]CTM model, Interpolation mode item tagging: Precision@K is 0.22503, MAP is: 0.38191, MRR is: 0.69359, in top 10 tags
256 users are loaded from /home/ll5fy/TUIR/dataset/yelp/byUser_70k_review/5foldsCVColdstart/4/...
260 users are loaded from /home/ll5fy/TUIR/dataset/yelp/byUser_70k_review/5foldsCVColdstart/0/...
244 users are loaded from /home/ll5fy/TUIR/dataset/yelp/byUser_70k_review/5foldsCVColdstart/1/...
266 users are loaded from /home/ll5fy/TUIR/dataset/yelp/byUser_70k_review/5foldsCVColdstart/2/...
264 users are loaded from /home/ll5fy/TUIR/dataset/yelp/byUser_70k_review/5foldsCVColdstart/3/...
[Info]Finish loading 726 items' weights in total 156639 items!
[Info]Begin tagging 726 items with CTM Interpolation............
---- item 1: map is 0.56197, precision@k is 0.18182, mrr is 1.00000
---- item 51: map is 0.22495, precision@k is 0.09091, mrr is 1.00000
---- item 101: map is 0.48056, precision@k is 0.18182, mrr is 1.00000
---- item 151: map is 0.18036, precision@k is 0.09091, mrr is 0.50000
---- item 201: map is 0.75000, precision@k is 0.50000, mrr is 1.00000
---- item 251: map is 0.34726, precision@k is 0.09091, mrr is 1.00000
---- item 301: map is 0.41945, precision@k is 0.18182, mrr is 1.00000
---- item 351: map is 1.00000, precision@k is 1.00000, mrr is 1.00000
---- item 401: map is 0.36720, precision@k is 0.09091, mrr is 1.00000
---- item 451: map is 0.23357, precision@k is 0.09091, mrr is 0.50000
---- item 501: map is 0.56398, precision@k is 0.18182, mrr is 1.00000
---- item 551: map is 0.49352, precision@k is 0.27273, mrr is 1.00000
---- item 601: map is 0.41548, precision@k is 0.27273, mrr is 0.50000
---- item 651: map is 0.60000, precision@k is 0.30000, mrr is 1.00000
---- item 701: map is 0.50706, precision@k is 0.18182, mrr is 1.00000
[Stat]CTM model, Interpolation mode item tagging: Precision@K is 0.22159, MAP is: 0.37477, MRR is: 0.67967, in top 10 tags

[Stat]Running time (seconds) 304.99900
[Stat]MAP 0.353+/-0.050
[Stat]MRR 0.662+/-0.073
[Stat]Precision 0.205+/-0.026
