Load 6134 2-gram new features from /home/ll5fy/TUIR/dataset/yelp/yelp_features.txt...
Load 6134 2-gram new features from /home/ll5fy/TUIR/dataset/yelp/yelp_features.txt...
[Info]Start FIXED cross validation...
[Info]Load 553 tags, with 6134 features.
260 users are loaded from /home/ll5fy/TUIR/dataset/yelp/byUser_70k_review/5foldsCVColdstart/0/...
244 users are loaded from /home/ll5fy/TUIR/dataset/yelp/byUser_70k_review/5foldsCVColdstart/1/...
266 users are loaded from /home/ll5fy/TUIR/dataset/yelp/byUser_70k_review/5foldsCVColdstart/2/...
264 users are loaded from /home/ll5fy/TUIR/dataset/yelp/byUser_70k_review/5foldsCVColdstart/3/...
256 users are loaded from /home/ll5fy/TUIR/dataset/yelp/byUser_70k_review/5foldsCVColdstart/4/...
[Info]Finish loading 861 items' weights in total 156639 items!
[Info]Begin tagging 861 items with ETBIR_User Interpolation............
---- item 1: map is 0.35672, precision@k is 0.09091, mrr is 1.00000
---- item 51: map is 0.52073, precision@k is 0.18182, mrr is 1.00000
---- item 101: map is 0.83333, precision@k is 0.66667, mrr is 1.00000
---- item 151: map is 0.18896, precision@k is 0.09091, mrr is 0.50000
---- item 201: map is 0.34422, precision@k is 0.09091, mrr is 1.00000
---- item 251: map is 0.13676, precision@k is 0.09091, mrr is 0.25000
---- item 301: map is 0.50430, precision@k is 0.18182, mrr is 1.00000
---- item 351: map is 0.53125, precision@k is 0.09091, mrr is 1.00000
---- item 401: map is 0.13103, precision@k is 0.09091, mrr is 0.50000
---- item 451: map is 0.59402, precision@k is 0.18182, mrr is 1.00000
---- item 501: map is 0.34832, precision@k is 0.09091, mrr is 1.00000
---- item 551: map is 0.83333, precision@k is 0.66667, mrr is 1.00000
---- item 601: map is 0.02433, precision@k is 0.00000, mrr is 0.01818
---- item 651: map is 0.03424, precision@k is 0.00000, mrr is 0.08333
---- item 701: map is 0.34094, precision@k is 0.09091, mrr is 1.00000
---- item 751: map is 0.00469, precision@k is 0.00000, mrr is 0.00324
---- item 801: map is 0.35416, precision@k is 0.09091, mrr is 1.00000
---- item 851: map is 0.08752, precision@k is 0.09091, mrr is 0.25000
[Stat]ETBIR_User model, Interpolation mode item tagging: Precision@K is 0.19935, MAP is: 0.36328, MRR is: 0.72160, in top 10 tags
244 users are loaded from /home/ll5fy/TUIR/dataset/yelp/byUser_70k_review/5foldsCVColdstart/1/...
260 users are loaded from /home/ll5fy/TUIR/dataset/yelp/byUser_70k_review/5foldsCVColdstart/0/...
266 users are loaded from /home/ll5fy/TUIR/dataset/yelp/byUser_70k_review/5foldsCVColdstart/2/...
264 users are loaded from /home/ll5fy/TUIR/dataset/yelp/byUser_70k_review/5foldsCVColdstart/3/...
256 users are loaded from /home/ll5fy/TUIR/dataset/yelp/byUser_70k_review/5foldsCVColdstart/4/...
[Info]Finish loading 861 items' weights in total 156639 items!
[Info]Begin tagging 861 items with ETBIR_User Interpolation............
---- item 1: map is 0.35479, precision@k is 0.09091, mrr is 1.00000
---- item 51: map is 0.40197, precision@k is 0.18182, mrr is 1.00000
---- item 101: map is 0.83333, precision@k is 0.66667, mrr is 1.00000
---- item 151: map is 0.20322, precision@k is 0.09091, mrr is 0.50000
---- item 201: map is 0.34300, precision@k is 0.09091, mrr is 1.00000
---- item 251: map is 0.15441, precision@k is 0.09091, mrr is 0.25000
---- item 301: map is 0.50505, precision@k is 0.18182, mrr is 1.00000
---- item 351: map is 0.54545, precision@k is 0.09091, mrr is 1.00000
---- item 401: map is 0.28019, precision@k is 0.27273, mrr is 0.50000
---- item 451: map is 0.60317, precision@k is 0.18182, mrr is 1.00000
---- item 501: map is 0.34773, precision@k is 0.09091, mrr is 1.00000
---- item 551: map is 0.75000, precision@k is 0.50000, mrr is 1.00000
---- item 601: map is 0.43782, precision@k is 0.18182, mrr is 1.00000
---- item 651: map is 0.03556, precision@k is 0.00000, mrr is 0.08333
---- item 701: map is 0.17595, precision@k is 0.09091, mrr is 0.50000
---- item 751: map is 0.00482, precision@k is 0.00000, mrr is 0.00302
---- item 801: map is 0.36752, precision@k is 0.09091, mrr is 1.00000
---- item 851: map is 0.10936, precision@k is 0.09091, mrr is 0.33333
[Stat]ETBIR_User model, Interpolation mode item tagging: Precision@K is 0.21729, MAP is: 0.37203, MRR is: 0.68933, in top 10 tags
266 users are loaded from /home/ll5fy/TUIR/dataset/yelp/byUser_70k_review/5foldsCVColdstart/2/...
260 users are loaded from /home/ll5fy/TUIR/dataset/yelp/byUser_70k_review/5foldsCVColdstart/0/...
244 users are loaded from /home/ll5fy/TUIR/dataset/yelp/byUser_70k_review/5foldsCVColdstart/1/...
264 users are loaded from /home/ll5fy/TUIR/dataset/yelp/byUser_70k_review/5foldsCVColdstart/3/...
256 users are loaded from /home/ll5fy/TUIR/dataset/yelp/byUser_70k_review/5foldsCVColdstart/4/...
[Info]Finish loading 861 items' weights in total 156639 items!
[Info]Begin tagging 861 items with ETBIR_User Interpolation............
---- item 1: map is 0.55765, precision@k is 0.18182, mrr is 1.00000
---- item 51: map is 0.34297, precision@k is 0.18182, mrr is 1.00000
---- item 101: map is 0.75000, precision@k is 0.50000, mrr is 1.00000
---- item 151: map is 0.14460, precision@k is 0.09091, mrr is 0.33333
---- item 201: map is 0.34215, precision@k is 0.09091, mrr is 1.00000
---- item 251: map is 0.17763, precision@k is 0.09091, mrr is 0.25000
---- item 301: map is 0.50447, precision@k is 0.18182, mrr is 1.00000
---- item 351: map is 0.75000, precision@k is 0.50000, mrr is 1.00000
---- item 401: map is 0.33689, precision@k is 0.27273, mrr is 0.50000
---- item 451: map is 0.60317, precision@k is 0.18182, mrr is 1.00000
---- item 501: map is 0.34635, precision@k is 0.09091, mrr is 1.00000
---- item 551: map is 0.75000, precision@k is 0.50000, mrr is 1.00000
---- item 601: map is 0.43706, precision@k is 0.18182, mrr is 1.00000
---- item 651: map is 0.03863, precision@k is 0.09091, mrr is 0.10000
---- item 701: map is 0.17381, precision@k is 0.09091, mrr is 0.50000
---- item 751: map is 0.00484, precision@k is 0.00000, mrr is 0.00324
---- item 801: map is 0.39435, precision@k is 0.09091, mrr is 1.00000
---- item 851: map is 0.11687, precision@k is 0.09091, mrr is 0.33333
[Stat]ETBIR_User model, Interpolation mode item tagging: Precision@K is 0.22278, MAP is: 0.36919, MRR is: 0.67039, in top 10 tags
264 users are loaded from /home/ll5fy/TUIR/dataset/yelp/byUser_70k_review/5foldsCVColdstart/3/...
260 users are loaded from /home/ll5fy/TUIR/dataset/yelp/byUser_70k_review/5foldsCVColdstart/0/...
244 users are loaded from /home/ll5fy/TUIR/dataset/yelp/byUser_70k_review/5foldsCVColdstart/1/...
266 users are loaded from /home/ll5fy/TUIR/dataset/yelp/byUser_70k_review/5foldsCVColdstart/2/...
256 users are loaded from /home/ll5fy/TUIR/dataset/yelp/byUser_70k_review/5foldsCVColdstart/4/...
[Info]Finish loading 861 items' weights in total 156639 items!
[Info]Begin tagging 861 items with ETBIR_User Interpolation............
---- item 1: map is 0.55751, precision@k is 0.18182, mrr is 1.00000
---- item 51: map is 0.37277, precision@k is 0.18182, mrr is 1.00000
---- item 101: map is 0.75000, precision@k is 0.50000, mrr is 1.00000
---- item 151: map is 0.15896, precision@k is 0.09091, mrr is 0.33333
---- item 201: map is 0.34340, precision@k is 0.09091, mrr is 1.00000
---- item 251: map is 0.26515, precision@k is 0.09091, mrr is 0.50000
---- item 301: map is 0.50459, precision@k is 0.18182, mrr is 1.00000
---- item 351: map is 0.75000, precision@k is 0.50000, mrr is 1.00000
---- item 401: map is 0.35053, precision@k is 0.27273, mrr is 0.50000
---- item 451: map is 0.45238, precision@k is 0.18182, mrr is 1.00000
---- item 501: map is 0.34705, precision@k is 0.09091, mrr is 1.00000
---- item 551: map is 0.70000, precision@k is 0.40000, mrr is 1.00000
---- item 601: map is 0.43772, precision@k is 0.18182, mrr is 1.00000
---- item 651: map is 0.03565, precision@k is 0.00000, mrr is 0.07143
---- item 701: map is 0.18026, precision@k is 0.09091, mrr is 0.50000
---- item 751: map is 0.00455, precision@k is 0.00000, mrr is 0.00301
---- item 801: map is 0.41435, precision@k is 0.18182, mrr is 1.00000
---- item 851: map is 0.11344, precision@k is 0.09091, mrr is 0.33333
[Stat]ETBIR_User model, Interpolation mode item tagging: Precision@K is 0.22590, MAP is: 0.36894, MRR is: 0.66450, in top 10 tags
256 users are loaded from /home/ll5fy/TUIR/dataset/yelp/byUser_70k_review/5foldsCVColdstart/4/...
260 users are loaded from /home/ll5fy/TUIR/dataset/yelp/byUser_70k_review/5foldsCVColdstart/0/...
244 users are loaded from /home/ll5fy/TUIR/dataset/yelp/byUser_70k_review/5foldsCVColdstart/1/...
266 users are loaded from /home/ll5fy/TUIR/dataset/yelp/byUser_70k_review/5foldsCVColdstart/2/...
264 users are loaded from /home/ll5fy/TUIR/dataset/yelp/byUser_70k_review/5foldsCVColdstart/3/...
[Info]Finish loading 861 items' weights in total 156639 items!
[Info]Begin tagging 861 items with ETBIR_User Interpolation............
---- item 1: map is 0.70952, precision@k is 0.57143, mrr is 1.00000
---- item 51: map is 0.36389, precision@k is 0.18182, mrr is 1.00000
---- item 101: map is 0.75000, precision@k is 0.50000, mrr is 1.00000
---- item 151: map is 0.53666, precision@k is 0.27273, mrr is 1.00000
---- item 201: map is 0.34296, precision@k is 0.09091, mrr is 1.00000
---- item 251: map is 0.20833, precision@k is 0.09091, mrr is 0.25000
---- item 301: map is 0.50492, precision@k is 0.18182, mrr is 1.00000
---- item 351: map is 0.83333, precision@k is 0.66667, mrr is 1.00000
---- item 401: map is 0.35208, precision@k is 0.27273, mrr is 0.50000
---- item 451: map is 0.44077, precision@k is 0.18182, mrr is 1.00000
---- item 501: map is 0.34556, precision@k is 0.09091, mrr is 1.00000
---- item 551: map is 0.66667, precision@k is 0.33333, mrr is 1.00000
---- item 601: map is 0.43839, precision@k is 0.18182, mrr is 1.00000
---- item 651: map is 0.02999, precision@k is 0.00000, mrr is 0.05263
---- item 701: map is 0.18029, precision@k is 0.09091, mrr is 0.50000
---- item 751: map is 0.00458, precision@k is 0.00000, mrr is 0.00313
---- item 801: map is 0.41378, precision@k is 0.18182, mrr is 1.00000
---- item 851: map is 0.10524, precision@k is 0.09091, mrr is 0.25000
[Stat]ETBIR_User model, Interpolation mode item tagging: Precision@K is 0.22707, MAP is: 0.36845, MRR is: 0.66171, in top 10 tags

[Stat]Running time (seconds) 368.26600
[Stat]MAP 0.368+/-0.003
[Stat]MRR 0.682+/-0.022
[Stat]Precision 0.218+/-0.010
