Load 6134 2-gram new features from /home/ll5fy/TUIR/dataset/yelp/yelp_features.txt...
Load 6134 2-gram new features from /home/ll5fy/TUIR/dataset/yelp/yelp_features.txt...
[Info]Start FIXED cross validation...
[Info]Load 553 tags, with 6134 features.
260 users are loaded from /home/ll5fy/TUIR/dataset/yelp/byUser_70k_review/5foldsCVColdstart/0/...
244 users are loaded from /home/ll5fy/TUIR/dataset/yelp/byUser_70k_review/5foldsCVColdstart/1/...
266 users are loaded from /home/ll5fy/TUIR/dataset/yelp/byUser_70k_review/5foldsCVColdstart/2/...
264 users are loaded from /home/ll5fy/TUIR/dataset/yelp/byUser_70k_review/5foldsCVColdstart/3/...
256 users are loaded from /home/ll5fy/TUIR/dataset/yelp/byUser_70k_review/5foldsCVColdstart/4/...
[Info]Finish loading 861 items' weights in total 156639 items!
[Info]Begin tagging 861 items with ETBIR_User Interpolation............
---- item 1: map is 0.34326, precision@k is 0.09091, mrr is 1.00000
---- item 51: map is 0.52579, precision@k is 0.18182, mrr is 1.00000
---- item 101: map is 1.00000, precision@k is 1.00000, mrr is 1.00000
---- item 151: map is 0.35524, precision@k is 0.09091, mrr is 1.00000
---- item 201: map is 0.34383, precision@k is 0.09091, mrr is 1.00000
---- item 251: map is 0.01720, precision@k is 0.00000, mrr is 0.01852
---- item 301: map is 0.26656, precision@k is 0.09091, mrr is 1.00000
---- item 351: map is 0.51266, precision@k is 0.09091, mrr is 1.00000
---- item 401: map is 0.09913, precision@k is 0.09091, mrr is 0.33333
---- item 451: map is 0.42641, precision@k is 0.09091, mrr is 1.00000
---- item 501: map is 0.02753, precision@k is 0.00000, mrr is 0.04167
---- item 551: map is 1.00000, precision@k is 1.00000, mrr is 1.00000
---- item 601: map is 0.02455, precision@k is 0.00000, mrr is 0.01429
---- item 651: map is 0.02536, precision@k is 0.00000, mrr is 0.03448
---- item 701: map is 0.34499, precision@k is 0.09091, mrr is 1.00000
---- item 751: map is 0.00445, precision@k is 0.00000, mrr is 0.00318
---- item 801: map is 0.34888, precision@k is 0.09091, mrr is 1.00000
---- item 851: map is 0.04686, precision@k is 0.09091, mrr is 0.10000
[Stat]ETBIR_User model, Interpolation mode item tagging: Precision@K is 0.16020, MAP is: 0.34329, MRR is: 0.77110, in top 10 tags
244 users are loaded from /home/ll5fy/TUIR/dataset/yelp/byUser_70k_review/5foldsCVColdstart/1/...
260 users are loaded from /home/ll5fy/TUIR/dataset/yelp/byUser_70k_review/5foldsCVColdstart/0/...
266 users are loaded from /home/ll5fy/TUIR/dataset/yelp/byUser_70k_review/5foldsCVColdstart/2/...
264 users are loaded from /home/ll5fy/TUIR/dataset/yelp/byUser_70k_review/5foldsCVColdstart/3/...
256 users are loaded from /home/ll5fy/TUIR/dataset/yelp/byUser_70k_review/5foldsCVColdstart/4/...
[Info]Finish loading 861 items' weights in total 156639 items!
[Info]Begin tagging 861 items with ETBIR_User Interpolation............
---- item 1: map is 0.34422, precision@k is 0.09091, mrr is 1.00000
---- item 51: map is 0.53622, precision@k is 0.18182, mrr is 1.00000
---- item 101: map is 1.00000, precision@k is 1.00000, mrr is 1.00000
---- item 151: map is 0.20249, precision@k is 0.09091, mrr is 0.50000
---- item 201: map is 0.34383, precision@k is 0.09091, mrr is 1.00000
---- item 251: map is 0.01877, precision@k is 0.00000, mrr is 0.02439
---- item 301: map is 0.50563, precision@k is 0.18182, mrr is 1.00000
---- item 351: map is 0.51333, precision@k is 0.09091, mrr is 1.00000
---- item 401: map is 0.15275, precision@k is 0.09091, mrr is 0.50000
---- item 451: map is 0.70667, precision@k is 0.18182, mrr is 1.00000
---- item 501: map is 0.02438, precision@k is 0.00000, mrr is 0.03030
---- item 551: map is 1.00000, precision@k is 1.00000, mrr is 1.00000
---- item 601: map is 0.29700, precision@k is 0.09091, mrr is 1.00000
---- item 651: map is 0.02558, precision@k is 0.00000, mrr is 0.04762
---- item 701: map is 0.17645, precision@k is 0.09091, mrr is 0.50000
---- item 751: map is 0.00454, precision@k is 0.00000, mrr is 0.00291
---- item 801: map is 0.35084, precision@k is 0.09091, mrr is 1.00000
---- item 851: map is 0.06850, precision@k is 0.09091, mrr is 0.20000
[Stat]ETBIR_User model, Interpolation mode item tagging: Precision@K is 0.19240, MAP is: 0.36772, MRR is: 0.75842, in top 10 tags
266 users are loaded from /home/ll5fy/TUIR/dataset/yelp/byUser_70k_review/5foldsCVColdstart/2/...
260 users are loaded from /home/ll5fy/TUIR/dataset/yelp/byUser_70k_review/5foldsCVColdstart/0/...
244 users are loaded from /home/ll5fy/TUIR/dataset/yelp/byUser_70k_review/5foldsCVColdstart/1/...
264 users are loaded from /home/ll5fy/TUIR/dataset/yelp/byUser_70k_review/5foldsCVColdstart/3/...
256 users are loaded from /home/ll5fy/TUIR/dataset/yelp/byUser_70k_review/5foldsCVColdstart/4/...
[Info]Finish loading 861 items' weights in total 156639 items!
[Info]Begin tagging 861 items with ETBIR_User Interpolation............
---- item 1: map is 0.34688, precision@k is 0.09091, mrr is 1.00000
---- item 51: map is 0.53421, precision@k is 0.18182, mrr is 1.00000
---- item 101: map is 1.00000, precision@k is 1.00000, mrr is 1.00000
---- item 151: map is 0.21738, precision@k is 0.09091, mrr is 0.50000
---- item 201: map is 0.34386, precision@k is 0.09091, mrr is 1.00000
---- item 251: map is 0.05840, precision@k is 0.09091, mrr is 0.10000
---- item 301: map is 0.50427, precision@k is 0.18182, mrr is 1.00000
---- item 351: map is 0.52273, precision@k is 0.09091, mrr is 1.00000
---- item 401: map is 0.20630, precision@k is 0.18182, mrr is 0.50000
---- item 451: map is 0.61438, precision@k is 0.18182, mrr is 1.00000
---- item 501: map is 0.17921, precision@k is 0.09091, mrr is 0.50000
---- item 551: map is 1.00000, precision@k is 1.00000, mrr is 1.00000
---- item 601: map is 0.43618, precision@k is 0.18182, mrr is 1.00000
---- item 651: map is 0.03435, precision@k is 0.00000, mrr is 0.09091
---- item 701: map is 0.17501, precision@k is 0.09091, mrr is 0.50000
---- item 751: map is 0.00456, precision@k is 0.00000, mrr is 0.00301
---- item 801: map is 0.36597, precision@k is 0.09091, mrr is 1.00000
---- item 851: map is 0.07841, precision@k is 0.09091, mrr is 0.25000
[Stat]ETBIR_User model, Interpolation mode item tagging: Precision@K is 0.20098, MAP is: 0.37174, MRR is: 0.74295, in top 10 tags
264 users are loaded from /home/ll5fy/TUIR/dataset/yelp/byUser_70k_review/5foldsCVColdstart/3/...
260 users are loaded from /home/ll5fy/TUIR/dataset/yelp/byUser_70k_review/5foldsCVColdstart/0/...
244 users are loaded from /home/ll5fy/TUIR/dataset/yelp/byUser_70k_review/5foldsCVColdstart/1/...
266 users are loaded from /home/ll5fy/TUIR/dataset/yelp/byUser_70k_review/5foldsCVColdstart/2/...
256 users are loaded from /home/ll5fy/TUIR/dataset/yelp/byUser_70k_review/5foldsCVColdstart/4/...
[Info]Finish loading 861 items' weights in total 156639 items!
[Info]Begin tagging 861 items with ETBIR_User Interpolation............
---- item 1: map is 0.35072, precision@k is 0.09091, mrr is 1.00000
---- item 51: map is 0.53349, precision@k is 0.18182, mrr is 1.00000
---- item 101: map is 0.83333, precision@k is 0.66667, mrr is 1.00000
---- item 151: map is 0.21260, precision@k is 0.09091, mrr is 0.50000
---- item 201: map is 0.34448, precision@k is 0.09091, mrr is 1.00000
---- item 251: map is 0.50633, precision@k is 0.09091, mrr is 1.00000
---- item 301: map is 0.50451, precision@k is 0.18182, mrr is 1.00000
---- item 351: map is 0.52778, precision@k is 0.09091, mrr is 1.00000
---- item 401: map is 0.24759, precision@k is 0.18182, mrr is 0.50000
---- item 451: map is 0.50885, precision@k is 0.18182, mrr is 1.00000
---- item 501: map is 0.34672, precision@k is 0.09091, mrr is 1.00000
---- item 551: map is 1.00000, precision@k is 1.00000, mrr is 1.00000
---- item 601: map is 0.43624, precision@k is 0.18182, mrr is 1.00000
---- item 651: map is 0.03278, precision@k is 0.00000, mrr is 0.08333
---- item 701: map is 0.17641, precision@k is 0.09091, mrr is 0.50000
---- item 751: map is 0.00446, precision@k is 0.00000, mrr is 0.00287
---- item 801: map is 0.35055, precision@k is 0.09091, mrr is 1.00000
---- item 851: map is 0.08368, precision@k is 0.09091, mrr is 0.25000
[Stat]ETBIR_User model, Interpolation mode item tagging: Precision@K is 0.21195, MAP is: 0.37945, MRR is: 0.73317, in top 10 tags
256 users are loaded from /home/ll5fy/TUIR/dataset/yelp/byUser_70k_review/5foldsCVColdstart/4/...
260 users are loaded from /home/ll5fy/TUIR/dataset/yelp/byUser_70k_review/5foldsCVColdstart/0/...
244 users are loaded from /home/ll5fy/TUIR/dataset/yelp/byUser_70k_review/5foldsCVColdstart/1/...
266 users are loaded from /home/ll5fy/TUIR/dataset/yelp/byUser_70k_review/5foldsCVColdstart/2/...
264 users are loaded from /home/ll5fy/TUIR/dataset/yelp/byUser_70k_review/5foldsCVColdstart/3/...
[Info]Finish loading 861 items' weights in total 156639 items!
[Info]Begin tagging 861 items with ETBIR_User Interpolation............
---- item 1: map is 0.64163, precision@k is 0.27273, mrr is 1.00000
---- item 51: map is 0.53346, precision@k is 0.18182, mrr is 1.00000
---- item 101: map is 0.83333, precision@k is 0.66667, mrr is 1.00000
---- item 151: map is 0.49283, precision@k is 0.27273, mrr is 1.00000
---- item 201: map is 0.34396, precision@k is 0.09091, mrr is 1.00000
---- item 251: map is 0.13663, precision@k is 0.09091, mrr is 0.25000
---- item 301: map is 0.50491, precision@k is 0.18182, mrr is 1.00000
---- item 351: map is 0.55263, precision@k is 0.09091, mrr is 1.00000
---- item 401: map is 0.29260, precision@k is 0.18182, mrr is 0.50000
---- item 451: map is 0.51220, precision@k is 0.18182, mrr is 1.00000
---- item 501: map is 0.34525, precision@k is 0.09091, mrr is 1.00000
---- item 551: map is 1.00000, precision@k is 1.00000, mrr is 1.00000
---- item 601: map is 0.43432, precision@k is 0.18182, mrr is 1.00000
---- item 651: map is 0.03422, precision@k is 0.09091, mrr is 0.10000
---- item 701: map is 0.17467, precision@k is 0.09091, mrr is 0.50000
---- item 751: map is 0.00438, precision@k is 0.00000, mrr is 0.00291
---- item 801: map is 0.35506, precision@k is 0.09091, mrr is 1.00000
---- item 851: map is 0.08070, precision@k is 0.09091, mrr is 0.25000
[Stat]ETBIR_User model, Interpolation mode item tagging: Precision@K is 0.21516, MAP is: 0.37950, MRR is: 0.72537, in top 10 tags

[Stat]Running time (seconds) 363.89200
[Stat]MAP 0.368+/-0.013
[Stat]MRR 0.746+/-0.017
[Stat]Precision 0.196+/-0.020
