Load 6134 2-gram new features from /home/ll5fy/TUIR/dataset/yelp/yelp_features.txt...
Load 6134 2-gram new features from /home/ll5fy/TUIR/dataset/yelp/yelp_features.txt...
[Info]Start FIXED cross validation...
[Info]Load 553 tags, with 6134 features.
260 users are loaded from /home/ll5fy/TUIR/dataset/yelp/byUser_70k_review/5foldsCVColdstart/0/...
244 users are loaded from /home/ll5fy/TUIR/dataset/yelp/byUser_70k_review/5foldsCVColdstart/1/...
266 users are loaded from /home/ll5fy/TUIR/dataset/yelp/byUser_70k_review/5foldsCVColdstart/2/...
264 users are loaded from /home/ll5fy/TUIR/dataset/yelp/byUser_70k_review/5foldsCVColdstart/3/...
256 users are loaded from /home/ll5fy/TUIR/dataset/yelp/byUser_70k_review/5foldsCVColdstart/4/...
[Info]Finish loading 861 items' weights in total 156639 items!
[Info]Begin tagging 861 items with ETBIR_Item Interpolation............
---- item 1: map is 0.35206, precision@k is 0.09091, mrr is 1.00000
---- item 51: map is 0.53869, precision@k is 0.18182, mrr is 1.00000
---- item 101: map is 1.00000, precision@k is 1.00000, mrr is 1.00000
---- item 151: map is 0.19837, precision@k is 0.09091, mrr is 0.50000
---- item 201: map is 0.34481, precision@k is 0.09091, mrr is 1.00000
---- item 251: map is 0.05014, precision@k is 0.00000, mrr is 0.08333
---- item 301: map is 0.50517, precision@k is 0.18182, mrr is 1.00000
---- item 351: map is 0.51695, precision@k is 0.09091, mrr is 1.00000
---- item 401: map is 0.12687, precision@k is 0.09091, mrr is 0.50000
---- item 451: map is 0.59722, precision@k is 0.18182, mrr is 1.00000
---- item 501: map is 0.34599, precision@k is 0.09091, mrr is 1.00000
---- item 551: map is 1.00000, precision@k is 1.00000, mrr is 1.00000
---- item 601: map is 0.02311, precision@k is 0.00000, mrr is 0.01449
---- item 651: map is 0.03173, precision@k is 0.00000, mrr is 0.07143
---- item 701: map is 0.34324, precision@k is 0.09091, mrr is 1.00000
---- item 751: map is 0.00451, precision@k is 0.00000, mrr is 0.00315
---- item 801: map is 0.35608, precision@k is 0.09091, mrr is 1.00000
---- item 851: map is 0.07697, precision@k is 0.09091, mrr is 0.25000
[Stat]ETBIR_Item model, Interpolation mode item tagging: Precision@K is 0.19127, MAP is: 0.36403, MRR is: 0.74460, in top 10 tags
244 users are loaded from /home/ll5fy/TUIR/dataset/yelp/byUser_70k_review/5foldsCVColdstart/1/...
260 users are loaded from /home/ll5fy/TUIR/dataset/yelp/byUser_70k_review/5foldsCVColdstart/0/...
266 users are loaded from /home/ll5fy/TUIR/dataset/yelp/byUser_70k_review/5foldsCVColdstart/2/...
264 users are loaded from /home/ll5fy/TUIR/dataset/yelp/byUser_70k_review/5foldsCVColdstart/3/...
256 users are loaded from /home/ll5fy/TUIR/dataset/yelp/byUser_70k_review/5foldsCVColdstart/4/...
[Info]Finish loading 861 items' weights in total 156639 items!
[Info]Begin tagging 861 items with ETBIR_Item Interpolation............
---- item 1: map is 0.35340, precision@k is 0.09091, mrr is 1.00000
---- item 51: map is 0.54975, precision@k is 0.18182, mrr is 1.00000
---- item 101: map is 0.83333, precision@k is 0.66667, mrr is 1.00000
---- item 151: map is 0.20815, precision@k is 0.09091, mrr is 0.50000
---- item 201: map is 0.34468, precision@k is 0.09091, mrr is 1.00000
---- item 251: map is 0.13624, precision@k is 0.09091, mrr is 0.25000
---- item 301: map is 0.50574, precision@k is 0.18182, mrr is 1.00000
---- item 351: map is 0.51887, precision@k is 0.09091, mrr is 1.00000
---- item 401: map is 0.22811, precision@k is 0.18182, mrr is 0.50000
---- item 451: map is 0.59259, precision@k is 0.18182, mrr is 1.00000
---- item 501: map is 0.34639, precision@k is 0.09091, mrr is 1.00000
---- item 551: map is 0.83333, precision@k is 0.66667, mrr is 1.00000
---- item 601: map is 0.43545, precision@k is 0.18182, mrr is 1.00000
---- item 651: map is 0.02899, precision@k is 0.00000, mrr is 0.05263
---- item 701: map is 0.17460, precision@k is 0.09091, mrr is 0.50000
---- item 751: map is 0.00444, precision@k is 0.00000, mrr is 0.00279
---- item 801: map is 0.37969, precision@k is 0.09091, mrr is 1.00000
---- item 851: map is 0.08174, precision@k is 0.09091, mrr is 0.25000
[Stat]ETBIR_Item model, Interpolation mode item tagging: Precision@K is 0.21703, MAP is: 0.37983, MRR is: 0.71855, in top 10 tags
266 users are loaded from /home/ll5fy/TUIR/dataset/yelp/byUser_70k_review/5foldsCVColdstart/2/...
260 users are loaded from /home/ll5fy/TUIR/dataset/yelp/byUser_70k_review/5foldsCVColdstart/0/...
244 users are loaded from /home/ll5fy/TUIR/dataset/yelp/byUser_70k_review/5foldsCVColdstart/1/...
264 users are loaded from /home/ll5fy/TUIR/dataset/yelp/byUser_70k_review/5foldsCVColdstart/3/...
256 users are loaded from /home/ll5fy/TUIR/dataset/yelp/byUser_70k_review/5foldsCVColdstart/4/...
[Info]Finish loading 861 items' weights in total 156639 items!
[Info]Begin tagging 861 items with ETBIR_Item Interpolation............
---- item 1: map is 0.41861, precision@k is 0.18182, mrr is 1.00000
---- item 51: map is 0.56110, precision@k is 0.18182, mrr is 1.00000
---- item 101: map is 0.83333, precision@k is 0.66667, mrr is 1.00000
---- item 151: map is 0.22540, precision@k is 0.09091, mrr is 0.50000
---- item 201: map is 0.34453, precision@k is 0.09091, mrr is 1.00000
---- item 251: map is 0.13690, precision@k is 0.09091, mrr is 0.25000
---- item 301: map is 0.50606, precision@k is 0.18182, mrr is 1.00000
---- item 351: map is 0.53333, precision@k is 0.09091, mrr is 1.00000
---- item 401: map is 0.27436, precision@k is 0.27273, mrr is 0.50000
---- item 451: map is 0.58586, precision@k is 0.18182, mrr is 1.00000
---- item 501: map is 0.34615, precision@k is 0.09091, mrr is 1.00000
---- item 551: map is 1.00000, precision@k is 1.00000, mrr is 1.00000
---- item 601: map is 0.43342, precision@k is 0.18182, mrr is 1.00000
---- item 651: map is 0.02862, precision@k is 0.00000, mrr is 0.05882
---- item 701: map is 0.17715, precision@k is 0.09091, mrr is 0.50000
---- item 751: map is 0.00454, precision@k is 0.00000, mrr is 0.00265
---- item 801: map is 0.40103, precision@k is 0.09091, mrr is 1.00000
---- item 851: map is 0.10727, precision@k is 0.09091, mrr is 0.33333
[Stat]ETBIR_Item model, Interpolation mode item tagging: Precision@K is 0.22451, MAP is: 0.38240, MRR is: 0.70330, in top 10 tags
264 users are loaded from /home/ll5fy/TUIR/dataset/yelp/byUser_70k_review/5foldsCVColdstart/3/...
260 users are loaded from /home/ll5fy/TUIR/dataset/yelp/byUser_70k_review/5foldsCVColdstart/0/...
244 users are loaded from /home/ll5fy/TUIR/dataset/yelp/byUser_70k_review/5foldsCVColdstart/1/...
266 users are loaded from /home/ll5fy/TUIR/dataset/yelp/byUser_70k_review/5foldsCVColdstart/2/...
256 users are loaded from /home/ll5fy/TUIR/dataset/yelp/byUser_70k_review/5foldsCVColdstart/4/...
[Info]Finish loading 861 items' weights in total 156639 items!
[Info]Begin tagging 861 items with ETBIR_Item Interpolation............
---- item 1: map is 0.44648, precision@k is 0.18182, mrr is 1.00000
---- item 51: map is 0.41375, precision@k is 0.18182, mrr is 1.00000
---- item 101: map is 0.83333, precision@k is 0.66667, mrr is 1.00000
---- item 151: map is 0.21724, precision@k is 0.09091, mrr is 0.50000
---- item 201: map is 0.34415, precision@k is 0.09091, mrr is 1.00000
---- item 251: map is 0.50769, precision@k is 0.09091, mrr is 1.00000
---- item 301: map is 0.50473, precision@k is 0.18182, mrr is 1.00000
---- item 351: map is 0.57692, precision@k is 0.09091, mrr is 1.00000
---- item 401: map is 0.33369, precision@k is 0.27273, mrr is 0.50000
---- item 451: map is 0.48333, precision@k is 0.18182, mrr is 1.00000
---- item 501: map is 0.34628, precision@k is 0.09091, mrr is 1.00000
---- item 551: map is 0.75000, precision@k is 0.50000, mrr is 1.00000
---- item 601: map is 0.43387, precision@k is 0.18182, mrr is 1.00000
---- item 651: map is 0.03964, precision@k is 0.09091, mrr is 0.11111
---- item 701: map is 0.17662, precision@k is 0.09091, mrr is 0.50000
---- item 751: map is 0.00438, precision@k is 0.00000, mrr is 0.00275
---- item 801: map is 0.37990, precision@k is 0.09091, mrr is 1.00000
---- item 851: map is 0.10625, precision@k is 0.09091, mrr is 0.33333
[Stat]ETBIR_Item model, Interpolation mode item tagging: Precision@K is 0.22322, MAP is: 0.37757, MRR is: 0.69163, in top 10 tags
256 users are loaded from /home/ll5fy/TUIR/dataset/yelp/byUser_70k_review/5foldsCVColdstart/4/...
260 users are loaded from /home/ll5fy/TUIR/dataset/yelp/byUser_70k_review/5foldsCVColdstart/0/...
244 users are loaded from /home/ll5fy/TUIR/dataset/yelp/byUser_70k_review/5foldsCVColdstart/1/...
266 users are loaded from /home/ll5fy/TUIR/dataset/yelp/byUser_70k_review/5foldsCVColdstart/2/...
264 users are loaded from /home/ll5fy/TUIR/dataset/yelp/byUser_70k_review/5foldsCVColdstart/3/...
[Info]Finish loading 861 items' weights in total 156639 items!
[Info]Begin tagging 861 items with ETBIR_Item Interpolation............
---- item 1: map is 0.64881, precision@k is 0.50000, mrr is 1.00000
---- item 51: map is 0.41754, precision@k is 0.18182, mrr is 1.00000
---- item 101: map is 0.83333, precision@k is 0.66667, mrr is 1.00000
---- item 151: map is 0.62187, precision@k is 0.27273, mrr is 1.00000
---- item 201: map is 0.34444, precision@k is 0.09091, mrr is 1.00000
---- item 251: map is 0.14939, precision@k is 0.09091, mrr is 0.25000
---- item 301: map is 0.50523, precision@k is 0.18182, mrr is 1.00000
---- item 351: map is 0.61111, precision@k is 0.22222, mrr is 1.00000
---- item 401: map is 0.35055, precision@k is 0.27273, mrr is 0.50000
---- item 451: map is 0.48075, precision@k is 0.18182, mrr is 1.00000
---- item 501: map is 0.34549, precision@k is 0.09091, mrr is 1.00000
---- item 551: map is 0.75000, precision@k is 0.50000, mrr is 1.00000
---- item 601: map is 0.43507, precision@k is 0.18182, mrr is 1.00000
---- item 651: map is 0.02682, precision@k is 0.00000, mrr is 0.05556
---- item 701: map is 0.18097, precision@k is 0.09091, mrr is 0.50000
---- item 751: map is 0.00441, precision@k is 0.00000, mrr is 0.00283
---- item 801: map is 0.37413, precision@k is 0.09091, mrr is 1.00000
---- item 851: map is 0.10308, precision@k is 0.09091, mrr is 0.33333
[Stat]ETBIR_Item model, Interpolation mode item tagging: Precision@K is 0.22207, MAP is: 0.37580, MRR is: 0.68145, in top 10 tags

[Stat]Running time (seconds) 369.76600
[Stat]MAP 0.376+/-0.006
[Stat]MRR 0.708+/-0.022
[Stat]Precision 0.216+/-0.012
