Load 6134 2-gram new features from /home/ll5fy/TUIR/dataset/yelp/yelp_features.txt...
Load 6134 2-gram new features from /home/ll5fy/TUIR/dataset/yelp/yelp_features.txt...
[Info]Start FIXED cross validation...
[Info]Load 553 tags, with 6134 features.
260 users are loaded from /home/ll5fy/TUIR/dataset/yelp/byUser_70k_review/5foldsCVColdstart/0/...
244 users are loaded from /home/ll5fy/TUIR/dataset/yelp/byUser_70k_review/5foldsCVColdstart/1/...
266 users are loaded from /home/ll5fy/TUIR/dataset/yelp/byUser_70k_review/5foldsCVColdstart/2/...
264 users are loaded from /home/ll5fy/TUIR/dataset/yelp/byUser_70k_review/5foldsCVColdstart/3/...
256 users are loaded from /home/ll5fy/TUIR/dataset/yelp/byUser_70k_review/5foldsCVColdstart/4/...
[Info]Finish loading 722 items' weights in total 156639 items!
[Info]Begin tagging 722 items with LDA_User Embed............
---- item 1: map is 0.11054, precision@k is 0.09091, mrr is 0.25000
---- item 51: map is 0.12689, precision@k is 0.09091, mrr is 0.25000
---- item 101: map is 0.13158, precision@k is 0.09091, mrr is 0.25000
---- item 151: map is 0.11922, precision@k is 0.09091, mrr is 0.25000
---- item 201: map is 0.08598, precision@k is 0.09091, mrr is 0.25000
---- item 251: map is 0.16346, precision@k is 0.09091, mrr is 0.25000
---- item 301: map is 0.09855, precision@k is 0.09091, mrr is 0.25000
---- item 351: map is 0.08496, precision@k is 0.09091, mrr is 0.25000
---- item 401: map is 0.07810, precision@k is 0.09091, mrr is 0.25000
---- item 451: map is 0.09054, precision@k is 0.09091, mrr is 0.25000
---- item 501: map is 0.09095, precision@k is 0.09091, mrr is 0.25000
---- item 551: map is 0.09020, precision@k is 0.09091, mrr is 0.25000
---- item 601: map is 0.13263, precision@k is 0.09091, mrr is 0.25000
---- item 651: map is 0.26261, precision@k is 0.18182, mrr is 0.50000
---- item 701: map is 0.13024, precision@k is 0.09091, mrr is 0.25000
[Stat]LDA_User model, Embed mode item tagging: Precision@K is 0.09064, MAP is: 0.10356, MRR is: 0.23082, in top 10 tags
244 users are loaded from /home/ll5fy/TUIR/dataset/yelp/byUser_70k_review/5foldsCVColdstart/1/...
260 users are loaded from /home/ll5fy/TUIR/dataset/yelp/byUser_70k_review/5foldsCVColdstart/0/...
266 users are loaded from /home/ll5fy/TUIR/dataset/yelp/byUser_70k_review/5foldsCVColdstart/2/...
264 users are loaded from /home/ll5fy/TUIR/dataset/yelp/byUser_70k_review/5foldsCVColdstart/3/...
256 users are loaded from /home/ll5fy/TUIR/dataset/yelp/byUser_70k_review/5foldsCVColdstart/4/...
[Info]Finish loading 732 items' weights in total 156639 items!
[Info]Begin tagging 732 items with LDA_User Embed............
---- item 1: map is 0.39379, precision@k is 0.09091, mrr is 1.00000
---- item 51: map is 0.34589, precision@k is 0.09091, mrr is 1.00000
---- item 101: map is 0.39275, precision@k is 0.09091, mrr is 1.00000
---- item 151: map is 0.23283, precision@k is 0.09091, mrr is 1.00000
---- item 201: map is 0.51887, precision@k is 0.09091, mrr is 1.00000
---- item 251: map is 0.51786, precision@k is 0.09091, mrr is 1.00000
---- item 301: map is 0.12782, precision@k is 0.09091, mrr is 0.33333
---- item 351: map is 0.51087, precision@k is 0.09091, mrr is 1.00000
---- item 401: map is 0.34478, precision@k is 0.09091, mrr is 1.00000
---- item 451: map is 0.02422, precision@k is 0.00000, mrr is 0.01961
---- item 501: map is 0.01333, precision@k is 0.00000, mrr is 0.01333
---- item 551: map is 0.00435, precision@k is 0.00000, mrr is 0.00282
---- item 601: map is 0.01507, precision@k is 0.00000, mrr is 0.01961
---- item 651: map is 0.34657, precision@k is 0.09091, mrr is 1.00000
---- item 701: map is 0.22831, precision@k is 0.09091, mrr is 1.00000
[Stat]LDA_User model, Embed mode item tagging: Precision@K is 0.09348, MAP is: 0.29037, MRR is: 0.77208, in top 10 tags
266 users are loaded from /home/ll5fy/TUIR/dataset/yelp/byUser_70k_review/5foldsCVColdstart/2/...
260 users are loaded from /home/ll5fy/TUIR/dataset/yelp/byUser_70k_review/5foldsCVColdstart/0/...
244 users are loaded from /home/ll5fy/TUIR/dataset/yelp/byUser_70k_review/5foldsCVColdstart/1/...
264 users are loaded from /home/ll5fy/TUIR/dataset/yelp/byUser_70k_review/5foldsCVColdstart/3/...
256 users are loaded from /home/ll5fy/TUIR/dataset/yelp/byUser_70k_review/5foldsCVColdstart/4/...
[Info]Finish loading 702 items' weights in total 156639 items!
[Info]Begin tagging 702 items with LDA_User Embed............
---- item 1: map is 0.34448, precision@k is 0.09091, mrr is 1.00000
---- item 51: map is 0.02636, precision@k is 0.00000, mrr is 0.01587
---- item 101: map is 0.00533, precision@k is 0.00000, mrr is 0.00543
---- item 151: map is 0.27013, precision@k is 0.09091, mrr is 1.00000
---- item 201: map is 0.20631, precision@k is 0.09091, mrr is 1.00000
---- item 251: map is 0.02859, precision@k is 0.00000, mrr is 0.01587
---- item 301: map is 0.35391, precision@k is 0.09091, mrr is 1.00000
---- item 351: map is 0.40654, precision@k is 0.18182, mrr is 1.00000
---- item 401: map is 0.20933, precision@k is 0.09091, mrr is 1.00000
---- item 451: map is 0.33105, precision@k is 0.18182, mrr is 1.00000
---- item 501: map is 0.02636, precision@k is 0.00000, mrr is 0.01587
---- item 551: map is 0.30917, precision@k is 0.18182, mrr is 1.00000
---- item 601: map is 0.02636, precision@k is 0.00000, mrr is 0.01587
---- item 651: map is 0.07587, precision@k is 0.09091, mrr is 0.20000
---- item 701: map is 0.51923, precision@k is 0.09091, mrr is 1.00000
[Stat]LDA_User model, Embed mode item tagging: Precision@K is 0.09240, MAP is: 0.28752, MRR is: 0.76197, in top 10 tags
264 users are loaded from /home/ll5fy/TUIR/dataset/yelp/byUser_70k_review/5foldsCVColdstart/3/...
260 users are loaded from /home/ll5fy/TUIR/dataset/yelp/byUser_70k_review/5foldsCVColdstart/0/...
244 users are loaded from /home/ll5fy/TUIR/dataset/yelp/byUser_70k_review/5foldsCVColdstart/1/...
266 users are loaded from /home/ll5fy/TUIR/dataset/yelp/byUser_70k_review/5foldsCVColdstart/2/...
256 users are loaded from /home/ll5fy/TUIR/dataset/yelp/byUser_70k_review/5foldsCVColdstart/4/...
[Info]Finish loading 717 items' weights in total 156639 items!
[Info]Begin tagging 717 items with LDA_User Embed............
---- item 1: map is 0.38943, precision@k is 0.09091, mrr is 1.00000
---- item 51: map is 0.35079, precision@k is 0.09091, mrr is 1.00000
---- item 101: map is 0.50813, precision@k is 0.09091, mrr is 1.00000
---- item 151: map is 0.50637, precision@k is 0.09091, mrr is 1.00000
---- item 201: map is 0.02923, precision@k is 0.00000, mrr is 0.03226
---- item 251: map is 0.50249, precision@k is 0.09091, mrr is 1.00000
---- item 301: map is 0.29856, precision@k is 0.09091, mrr is 1.00000
---- item 351: map is 0.02091, precision@k is 0.00000, mrr is 0.02381
---- item 401: map is 0.00631, precision@k is 0.00000, mrr is 0.00481
---- item 451: map is 0.50847, precision@k is 0.09091, mrr is 1.00000
---- item 501: map is 1.00000, precision@k is 1.00000, mrr is 1.00000
---- item 551: map is 0.34330, precision@k is 0.09091, mrr is 1.00000
---- item 601: map is 0.34061, precision@k is 0.09091, mrr is 1.00000
---- item 651: map is 0.02923, precision@k is 0.00000, mrr is 0.03226
---- item 701: map is 0.01505, precision@k is 0.00000, mrr is 0.01053
[Stat]LDA_User model, Embed mode item tagging: Precision@K is 0.09175, MAP is: 0.29258, MRR is: 0.77907, in top 10 tags
256 users are loaded from /home/ll5fy/TUIR/dataset/yelp/byUser_70k_review/5foldsCVColdstart/4/...
260 users are loaded from /home/ll5fy/TUIR/dataset/yelp/byUser_70k_review/5foldsCVColdstart/0/...
244 users are loaded from /home/ll5fy/TUIR/dataset/yelp/byUser_70k_review/5foldsCVColdstart/1/...
266 users are loaded from /home/ll5fy/TUIR/dataset/yelp/byUser_70k_review/5foldsCVColdstart/2/...
264 users are loaded from /home/ll5fy/TUIR/dataset/yelp/byUser_70k_review/5foldsCVColdstart/3/...
[Info]Finish loading 726 items' weights in total 156639 items!
[Info]Begin tagging 726 items with LDA_User Embed............
---- item 1: map is 0.38030, precision@k is 0.09091, mrr is 1.00000
---- item 51: map is 0.22035, precision@k is 0.09091, mrr is 1.00000
---- item 101: map is 0.34595, precision@k is 0.09091, mrr is 1.00000
---- item 151: map is 0.34804, precision@k is 0.09091, mrr is 1.00000
---- item 201: map is 0.51563, precision@k is 0.09091, mrr is 1.00000
---- item 251: map is 0.34804, precision@k is 0.09091, mrr is 1.00000
---- item 301: map is 0.06546, precision@k is 0.09091, mrr is 0.11111
---- item 351: map is 0.00241, precision@k is 0.00000, mrr is 0.00241
---- item 401: map is 0.35176, precision@k is 0.09091, mrr is 1.00000
---- item 451: map is 0.34981, precision@k is 0.09091, mrr is 1.00000
---- item 501: map is 0.30247, precision@k is 0.09091, mrr is 1.00000
---- item 551: map is 0.26650, precision@k is 0.09091, mrr is 1.00000
---- item 601: map is 0.27552, precision@k is 0.09091, mrr is 1.00000
---- item 651: map is 0.39414, precision@k is 0.09091, mrr is 1.00000
---- item 701: map is 0.30857, precision@k is 0.18182, mrr is 1.00000
[Stat]LDA_User model, Embed mode item tagging: Precision@K is 0.09896, MAP is: 0.29311, MRR is: 0.77379, in top 10 tags

[Stat]Running time (seconds) 27.26700
[Stat]MAP 0.253+/-0.075
[Stat]MRR 0.664+/-0.216
[Stat]Precision 0.093+/-0.003
