Load 6134 2-gram new features from /home/ll5fy/TUIR/dataset/yelp/yelp_features.txt...
Load 6134 2-gram new features from /home/ll5fy/TUIR/dataset/yelp/yelp_features.txt...
[Info]Start FIXED cross validation...
[Info]Load 553 tags, with 6134 features.
260 users are loaded from /home/ll5fy/TUIR/dataset/yelp/byUser_70k_review/5foldsCVColdstart/0/...
244 users are loaded from /home/ll5fy/TUIR/dataset/yelp/byUser_70k_review/5foldsCVColdstart/1/...
266 users are loaded from /home/ll5fy/TUIR/dataset/yelp/byUser_70k_review/5foldsCVColdstart/2/...
264 users are loaded from /home/ll5fy/TUIR/dataset/yelp/byUser_70k_review/5foldsCVColdstart/3/...
256 users are loaded from /home/ll5fy/TUIR/dataset/yelp/byUser_70k_review/5foldsCVColdstart/4/...
[Info]Finish loading 722 items' weights in total 156639 items!
[Info]Begin tagging 722 items with LDA_Variational Embed............
---- item 1: map is 0.10800, precision@k is 0.09091, mrr is 0.20000
---- item 51: map is 0.10190, precision@k is 0.09091, mrr is 0.20000
---- item 101: map is 0.10595, precision@k is 0.09091, mrr is 0.20000
---- item 151: map is 0.10109, precision@k is 0.09091, mrr is 0.20000
---- item 201: map is 0.08391, precision@k is 0.09091, mrr is 0.20000
---- item 251: map is 0.14000, precision@k is 0.09091, mrr is 0.20000
---- item 301: map is 0.08210, precision@k is 0.09091, mrr is 0.20000
---- item 351: map is 0.08288, precision@k is 0.09091, mrr is 0.20000
---- item 401: map is 0.06660, precision@k is 0.09091, mrr is 0.20000
---- item 451: map is 0.07811, precision@k is 0.09091, mrr is 0.20000
---- item 501: map is 0.07438, precision@k is 0.09091, mrr is 0.20000
---- item 551: map is 0.07382, precision@k is 0.09091, mrr is 0.20000
---- item 601: map is 0.10746, precision@k is 0.09091, mrr is 0.20000
---- item 651: map is 0.27130, precision@k is 0.18182, mrr is 0.50000
---- item 701: map is 0.10546, precision@k is 0.09091, mrr is 0.20000
[Stat]LDA_Variational model, Embed mode item tagging: Precision@K is 0.08872, MAP is: 0.09167, MRR is: 0.19459, in top 10 tags
244 users are loaded from /home/ll5fy/TUIR/dataset/yelp/byUser_70k_review/5foldsCVColdstart/1/...
260 users are loaded from /home/ll5fy/TUIR/dataset/yelp/byUser_70k_review/5foldsCVColdstart/0/...
266 users are loaded from /home/ll5fy/TUIR/dataset/yelp/byUser_70k_review/5foldsCVColdstart/2/...
264 users are loaded from /home/ll5fy/TUIR/dataset/yelp/byUser_70k_review/5foldsCVColdstart/3/...
256 users are loaded from /home/ll5fy/TUIR/dataset/yelp/byUser_70k_review/5foldsCVColdstart/4/...
[Info]Finish loading 732 items' weights in total 156639 items!
[Info]Begin tagging 732 items with LDA_Variational Embed............
---- item 1: map is 0.38730, precision@k is 0.09091, mrr is 1.00000
---- item 51: map is 0.34326, precision@k is 0.09091, mrr is 1.00000
---- item 101: map is 0.38647, precision@k is 0.09091, mrr is 1.00000
---- item 151: map is 0.23512, precision@k is 0.09091, mrr is 1.00000
---- item 201: map is 0.51961, precision@k is 0.09091, mrr is 1.00000
---- item 251: map is 0.52439, precision@k is 0.09091, mrr is 1.00000
---- item 301: map is 0.06323, precision@k is 0.09091, mrr is 0.14286
---- item 351: map is 0.51136, precision@k is 0.09091, mrr is 1.00000
---- item 401: map is 0.34563, precision@k is 0.09091, mrr is 1.00000
---- item 451: map is 0.02469, precision@k is 0.00000, mrr is 0.02128
---- item 501: map is 0.00901, precision@k is 0.00000, mrr is 0.00901
---- item 551: map is 0.00431, precision@k is 0.00000, mrr is 0.00279
---- item 601: map is 0.01481, precision@k is 0.00000, mrr is 0.02083
---- item 651: map is 0.34683, precision@k is 0.09091, mrr is 1.00000
---- item 701: map is 0.22697, precision@k is 0.09091, mrr is 1.00000
[Stat]LDA_Variational model, Embed mode item tagging: Precision@K is 0.09195, MAP is: 0.29162, MRR is: 0.77192, in top 10 tags
266 users are loaded from /home/ll5fy/TUIR/dataset/yelp/byUser_70k_review/5foldsCVColdstart/2/...
260 users are loaded from /home/ll5fy/TUIR/dataset/yelp/byUser_70k_review/5foldsCVColdstart/0/...
244 users are loaded from /home/ll5fy/TUIR/dataset/yelp/byUser_70k_review/5foldsCVColdstart/1/...
264 users are loaded from /home/ll5fy/TUIR/dataset/yelp/byUser_70k_review/5foldsCVColdstart/3/...
256 users are loaded from /home/ll5fy/TUIR/dataset/yelp/byUser_70k_review/5foldsCVColdstart/4/...
[Info]Finish loading 702 items' weights in total 156639 items!
[Info]Begin tagging 702 items with LDA_Variational Embed............
---- item 1: map is 0.34909, precision@k is 0.09091, mrr is 1.00000
---- item 51: map is 0.02588, precision@k is 0.00000, mrr is 0.01695
---- item 101: map is 0.00506, precision@k is 0.00000, mrr is 0.00549
---- item 151: map is 0.27548, precision@k is 0.09091, mrr is 1.00000
---- item 201: map is 0.21428, precision@k is 0.18182, mrr is 1.00000
---- item 251: map is 0.02874, precision@k is 0.00000, mrr is 0.01695
---- item 301: map is 0.35917, precision@k is 0.09091, mrr is 1.00000
---- item 351: map is 0.40220, precision@k is 0.09091, mrr is 1.00000
---- item 401: map is 0.21625, precision@k is 0.09091, mrr is 1.00000
---- item 451: map is 0.33173, precision@k is 0.18182, mrr is 1.00000
---- item 501: map is 0.02588, precision@k is 0.00000, mrr is 0.01695
---- item 551: map is 0.30501, precision@k is 0.09091, mrr is 1.00000
---- item 601: map is 0.02588, precision@k is 0.00000, mrr is 0.01695
---- item 651: map is 0.09127, precision@k is 0.09091, mrr is 0.25000
---- item 701: map is 0.52500, precision@k is 0.09091, mrr is 1.00000
[Stat]LDA_Variational model, Embed mode item tagging: Precision@K is 0.09659, MAP is: 0.29243, MRR is: 0.76225, in top 10 tags
264 users are loaded from /home/ll5fy/TUIR/dataset/yelp/byUser_70k_review/5foldsCVColdstart/3/...
260 users are loaded from /home/ll5fy/TUIR/dataset/yelp/byUser_70k_review/5foldsCVColdstart/0/...
244 users are loaded from /home/ll5fy/TUIR/dataset/yelp/byUser_70k_review/5foldsCVColdstart/1/...
266 users are loaded from /home/ll5fy/TUIR/dataset/yelp/byUser_70k_review/5foldsCVColdstart/2/...
256 users are loaded from /home/ll5fy/TUIR/dataset/yelp/byUser_70k_review/5foldsCVColdstart/4/...
[Info]Finish loading 717 items' weights in total 156639 items!
[Info]Begin tagging 717 items with LDA_Variational Embed............
---- item 1: map is 0.41581, precision@k is 0.18182, mrr is 1.00000
---- item 51: map is 0.34429, precision@k is 0.09091, mrr is 1.00000
---- item 101: map is 0.51563, precision@k is 0.09091, mrr is 1.00000
---- item 151: map is 0.50671, precision@k is 0.09091, mrr is 1.00000
---- item 201: map is 0.02697, precision@k is 0.00000, mrr is 0.01786
---- item 251: map is 0.50247, precision@k is 0.09091, mrr is 1.00000
---- item 301: map is 0.31611, precision@k is 0.18182, mrr is 1.00000
---- item 351: map is 0.01868, precision@k is 0.00000, mrr is 0.01961
---- item 401: map is 0.00691, precision@k is 0.00000, mrr is 0.00526
---- item 451: map is 0.50840, precision@k is 0.09091, mrr is 1.00000
---- item 501: map is 1.00000, precision@k is 1.00000, mrr is 1.00000
---- item 551: map is 0.35084, precision@k is 0.09091, mrr is 1.00000
---- item 601: map is 0.34109, precision@k is 0.09091, mrr is 1.00000
---- item 651: map is 0.02697, precision@k is 0.00000, mrr is 0.01786
---- item 701: map is 0.01689, precision@k is 0.00000, mrr is 0.01149
[Stat]LDA_Variational model, Embed mode item tagging: Precision@K is 0.09871, MAP is: 0.29853, MRR is: 0.77677, in top 10 tags
256 users are loaded from /home/ll5fy/TUIR/dataset/yelp/byUser_70k_review/5foldsCVColdstart/4/...
260 users are loaded from /home/ll5fy/TUIR/dataset/yelp/byUser_70k_review/5foldsCVColdstart/0/...
244 users are loaded from /home/ll5fy/TUIR/dataset/yelp/byUser_70k_review/5foldsCVColdstart/1/...
266 users are loaded from /home/ll5fy/TUIR/dataset/yelp/byUser_70k_review/5foldsCVColdstart/2/...
264 users are loaded from /home/ll5fy/TUIR/dataset/yelp/byUser_70k_review/5foldsCVColdstart/3/...
[Info]Finish loading 726 items' weights in total 156639 items!
[Info]Begin tagging 726 items with LDA_Variational Embed............
---- item 1: map is 0.39472, precision@k is 0.09091, mrr is 1.00000
---- item 51: map is 0.23769, precision@k is 0.09091, mrr is 1.00000
---- item 101: map is 0.34792, precision@k is 0.09091, mrr is 1.00000
---- item 151: map is 0.35059, precision@k is 0.09091, mrr is 1.00000
---- item 201: map is 0.52128, precision@k is 0.09091, mrr is 1.00000
---- item 251: map is 0.35059, precision@k is 0.09091, mrr is 1.00000
---- item 301: map is 0.08683, precision@k is 0.09091, mrr is 0.20000
---- item 351: map is 0.00284, precision@k is 0.00000, mrr is 0.00284
---- item 401: map is 0.37873, precision@k is 0.09091, mrr is 1.00000
---- item 451: map is 0.35752, precision@k is 0.09091, mrr is 1.00000
---- item 501: map is 0.30959, precision@k is 0.09091, mrr is 1.00000
---- item 551: map is 0.28536, precision@k is 0.09091, mrr is 1.00000
---- item 601: map is 0.28385, precision@k is 0.09091, mrr is 1.00000
---- item 651: map is 0.39841, precision@k is 0.09091, mrr is 1.00000
---- item 701: map is 0.28022, precision@k is 0.09091, mrr is 1.00000
[Stat]LDA_Variational model, Embed mode item tagging: Precision@K is 0.10034, MAP is: 0.29639, MRR is: 0.77734, in top 10 tags

[Stat]Running time (seconds) 39.04600
[Stat]MAP 0.254+/-0.081
[Stat]MRR 0.657+/-0.231
[Stat]Precision 0.095+/-0.004
