Load 6134 2-gram new features from /home/ll5fy/TUIR/dataset/yelp/yelp_features.txt...
Load 6134 2-gram new features from /home/ll5fy/TUIR/dataset/yelp/yelp_features.txt...
[Info]Start FIXED cross validation...
[Info]Load 553 tags, with 6134 features.
260 users are loaded from /home/ll5fy/TUIR/dataset/yelp/byUser_70k_review/5foldsCVColdstart/0/...
244 users are loaded from /home/ll5fy/TUIR/dataset/yelp/byUser_70k_review/5foldsCVColdstart/1/...
266 users are loaded from /home/ll5fy/TUIR/dataset/yelp/byUser_70k_review/5foldsCVColdstart/2/...
264 users are loaded from /home/ll5fy/TUIR/dataset/yelp/byUser_70k_review/5foldsCVColdstart/3/...
256 users are loaded from /home/ll5fy/TUIR/dataset/yelp/byUser_70k_review/5foldsCVColdstart/4/...
[Info]Finish loading 722 items' weights in total 156639 items!
[Info]Begin tagging 722 items with LDA_Item Interpolation............
---- item 1: map is 0.47316, precision@k is 0.18182, mrr is 1.00000
---- item 51: map is 0.25187, precision@k is 0.09091, mrr is 0.50000
---- item 101: map is 0.75000, precision@k is 0.50000, mrr is 1.00000
---- item 151: map is 0.11768, precision@k is 0.09091, mrr is 0.25000
---- item 201: map is 0.36026, precision@k is 0.18182, mrr is 1.00000
---- item 251: map is 0.83333, precision@k is 0.66667, mrr is 1.00000
---- item 301: map is 0.09167, precision@k is 0.09091, mrr is 0.16667
---- item 351: map is 0.32926, precision@k is 0.18182, mrr is 1.00000
---- item 401: map is 0.30594, precision@k is 0.09091, mrr is 1.00000
---- item 451: map is 0.60971, precision@k is 0.27273, mrr is 1.00000
---- item 501: map is 0.11892, precision@k is 0.09091, mrr is 0.33333
---- item 551: map is 0.67010, precision@k is 0.18182, mrr is 1.00000
---- item 601: map is 0.45000, precision@k is 0.40000, mrr is 0.50000
---- item 651: map is 0.24509, precision@k is 0.18182, mrr is 0.50000
---- item 701: map is 0.70000, precision@k is 0.40000, mrr is 1.00000
[Stat]LDA_Item model, Interpolation mode item tagging: Precision@K is 0.19277, MAP is: 0.32406, MRR is: 0.62612, in top 10 tags
244 users are loaded from /home/ll5fy/TUIR/dataset/yelp/byUser_70k_review/5foldsCVColdstart/1/...
260 users are loaded from /home/ll5fy/TUIR/dataset/yelp/byUser_70k_review/5foldsCVColdstart/0/...
266 users are loaded from /home/ll5fy/TUIR/dataset/yelp/byUser_70k_review/5foldsCVColdstart/2/...
264 users are loaded from /home/ll5fy/TUIR/dataset/yelp/byUser_70k_review/5foldsCVColdstart/3/...
256 users are loaded from /home/ll5fy/TUIR/dataset/yelp/byUser_70k_review/5foldsCVColdstart/4/...
[Info]Finish loading 732 items' weights in total 156639 items!
[Info]Begin tagging 732 items with LDA_Item Interpolation............
---- item 1: map is 0.67766, precision@k is 0.18182, mrr is 1.00000
---- item 51: map is 0.38459, precision@k is 0.09091, mrr is 1.00000
---- item 101: map is 0.10623, precision@k is 0.09091, mrr is 0.16667
---- item 151: map is 0.35935, precision@k is 0.18182, mrr is 1.00000
---- item 201: map is 0.83333, precision@k is 0.66667, mrr is 1.00000
---- item 251: map is 0.34091, precision@k is 0.09091, mrr is 0.50000
---- item 301: map is 0.46923, precision@k is 0.18182, mrr is 1.00000
---- item 351: map is 0.21930, precision@k is 0.09091, mrr is 0.33333
---- item 401: map is 0.12290, precision@k is 0.09091, mrr is 0.33333
---- item 451: map is 0.27500, precision@k is 0.18182, mrr is 1.00000
---- item 501: map is 0.50000, precision@k is 0.50000, mrr is 0.50000
---- item 551: map is 0.00422, precision@k is 0.00000, mrr is 0.00248
---- item 601: map is 0.02895, precision@k is 0.00000, mrr is 0.03125
---- item 651: map is 0.31818, precision@k is 0.18182, mrr is 0.50000
---- item 701: map is 0.41544, precision@k is 0.18182, mrr is 1.00000
[Stat]LDA_Item model, Interpolation mode item tagging: Precision@K is 0.21757, MAP is: 0.37356, MRR is: 0.68489, in top 10 tags
266 users are loaded from /home/ll5fy/TUIR/dataset/yelp/byUser_70k_review/5foldsCVColdstart/2/...
260 users are loaded from /home/ll5fy/TUIR/dataset/yelp/byUser_70k_review/5foldsCVColdstart/0/...
244 users are loaded from /home/ll5fy/TUIR/dataset/yelp/byUser_70k_review/5foldsCVColdstart/1/...
264 users are loaded from /home/ll5fy/TUIR/dataset/yelp/byUser_70k_review/5foldsCVColdstart/3/...
256 users are loaded from /home/ll5fy/TUIR/dataset/yelp/byUser_70k_review/5foldsCVColdstart/4/...
[Info]Finish loading 702 items' weights in total 156639 items!
[Info]Begin tagging 702 items with LDA_Item Interpolation............
---- item 1: map is 0.66914, precision@k is 0.18182, mrr is 1.00000
---- item 51: map is 0.36576, precision@k is 0.27273, mrr is 0.50000
---- item 101: map is 0.50578, precision@k is 0.09091, mrr is 1.00000
---- item 151: map is 0.23532, precision@k is 0.18182, mrr is 0.50000
---- item 201: map is 0.18760, precision@k is 0.09091, mrr is 1.00000
---- item 251: map is 0.24827, precision@k is 0.27273, mrr is 0.50000
---- item 301: map is 0.13078, precision@k is 0.18182, mrr is 0.14286
---- item 351: map is 0.40234, precision@k is 0.09091, mrr is 1.00000
---- item 401: map is 0.48300, precision@k is 0.27273, mrr is 1.00000
---- item 451: map is 0.65469, precision@k is 0.27273, mrr is 1.00000
---- item 501: map is 0.34708, precision@k is 0.27273, mrr is 0.50000
---- item 551: map is 0.52699, precision@k is 0.27273, mrr is 1.00000
---- item 601: map is 0.25472, precision@k is 0.27273, mrr is 0.33333
---- item 651: map is 0.39391, precision@k is 0.09091, mrr is 1.00000
---- item 701: map is 0.30952, precision@k is 0.28571, mrr is 0.33333
[Stat]LDA_Item model, Interpolation mode item tagging: Precision@K is 0.22322, MAP is: 0.37123, MRR is: 0.66014, in top 10 tags
264 users are loaded from /home/ll5fy/TUIR/dataset/yelp/byUser_70k_review/5foldsCVColdstart/3/...
260 users are loaded from /home/ll5fy/TUIR/dataset/yelp/byUser_70k_review/5foldsCVColdstart/0/...
244 users are loaded from /home/ll5fy/TUIR/dataset/yelp/byUser_70k_review/5foldsCVColdstart/1/...
266 users are loaded from /home/ll5fy/TUIR/dataset/yelp/byUser_70k_review/5foldsCVColdstart/2/...
256 users are loaded from /home/ll5fy/TUIR/dataset/yelp/byUser_70k_review/5foldsCVColdstart/4/...
[Info]Finish loading 717 items' weights in total 156639 items!
[Info]Begin tagging 717 items with LDA_Item Interpolation............
---- item 1: map is 0.56907, precision@k is 0.18182, mrr is 1.00000
---- item 51: map is 0.56236, precision@k is 0.18182, mrr is 1.00000
---- item 101: map is 0.22619, precision@k is 0.28571, mrr is 0.16667
---- item 151: map is 0.08929, precision@k is 0.09091, mrr is 0.16667
---- item 201: map is 0.36502, precision@k is 0.27273, mrr is 0.50000
---- item 251: map is 0.07378, precision@k is 0.09091, mrr is 0.14286
---- item 301: map is 0.29282, precision@k is 0.18182, mrr is 0.33333
---- item 351: map is 0.02503, precision@k is 0.00000, mrr is 0.03571
---- item 401: map is 0.00681, precision@k is 0.00000, mrr is 0.00474
---- item 451: map is 0.83333, precision@k is 0.66667, mrr is 1.00000
---- item 501: map is 1.00000, precision@k is 1.00000, mrr is 1.00000
---- item 551: map is 0.67056, precision@k is 0.18182, mrr is 1.00000
---- item 601: map is 0.04970, precision@k is 0.09091, mrr is 0.12500
---- item 651: map is 0.34468, precision@k is 0.27273, mrr is 0.50000
---- item 701: map is 0.40820, precision@k is 0.36364, mrr is 1.00000
[Stat]LDA_Item model, Interpolation mode item tagging: Precision@K is 0.23321, MAP is: 0.37744, MRR is: 0.66985, in top 10 tags
256 users are loaded from /home/ll5fy/TUIR/dataset/yelp/byUser_70k_review/5foldsCVColdstart/4/...
260 users are loaded from /home/ll5fy/TUIR/dataset/yelp/byUser_70k_review/5foldsCVColdstart/0/...
244 users are loaded from /home/ll5fy/TUIR/dataset/yelp/byUser_70k_review/5foldsCVColdstart/1/...
266 users are loaded from /home/ll5fy/TUIR/dataset/yelp/byUser_70k_review/5foldsCVColdstart/2/...
264 users are loaded from /home/ll5fy/TUIR/dataset/yelp/byUser_70k_review/5foldsCVColdstart/3/...
[Info]Finish loading 726 items' weights in total 156639 items!
[Info]Begin tagging 726 items with LDA_Item Interpolation............
---- item 1: map is 0.56499, precision@k is 0.18182, mrr is 1.00000
---- item 51: map is 0.22059, precision@k is 0.09091, mrr is 1.00000
---- item 101: map is 0.44643, precision@k is 0.18182, mrr is 1.00000
---- item 151: map is 0.12555, precision@k is 0.09091, mrr is 0.33333
---- item 201: map is 0.70000, precision@k is 0.40000, mrr is 1.00000
---- item 251: map is 0.34798, precision@k is 0.09091, mrr is 1.00000
---- item 301: map is 0.41949, precision@k is 0.18182, mrr is 1.00000
---- item 351: map is 1.00000, precision@k is 1.00000, mrr is 1.00000
---- item 401: map is 0.36490, precision@k is 0.09091, mrr is 1.00000
---- item 451: map is 0.17078, precision@k is 0.09091, mrr is 0.33333
---- item 501: map is 0.53409, precision@k is 0.27273, mrr is 1.00000
---- item 551: map is 0.51237, precision@k is 0.27273, mrr is 1.00000
---- item 601: map is 0.44298, precision@k is 0.27273, mrr is 0.50000
---- item 651: map is 0.66667, precision@k is 0.50000, mrr is 1.00000
---- item 701: map is 0.51040, precision@k is 0.18182, mrr is 1.00000
[Stat]LDA_Item model, Interpolation mode item tagging: Precision@K is 0.22852, MAP is: 0.37553, MRR is: 0.66506, in top 10 tags

[Stat]Running time (seconds) 307.98800
[Stat]MAP 0.364+/-0.020
[Stat]MRR 0.661+/-0.019
[Stat]Precision 0.219+/-0.014
