Load 6134 2-gram new features from /home/ll5fy/TUIR/dataset/yelp/yelp_features.txt...
Load 6134 2-gram new features from /home/ll5fy/TUIR/dataset/yelp/yelp_features.txt...
[Info]Start FIXED cross validation...
[Info]Load 553 tags, with 6134 features.
260 users are loaded from /home/ll5fy/TUIR/dataset/yelp/byUser_70k_review/5foldsCVColdstart/0/...
244 users are loaded from /home/ll5fy/TUIR/dataset/yelp/byUser_70k_review/5foldsCVColdstart/1/...
266 users are loaded from /home/ll5fy/TUIR/dataset/yelp/byUser_70k_review/5foldsCVColdstart/2/...
264 users are loaded from /home/ll5fy/TUIR/dataset/yelp/byUser_70k_review/5foldsCVColdstart/3/...
256 users are loaded from /home/ll5fy/TUIR/dataset/yelp/byUser_70k_review/5foldsCVColdstart/4/...
[Info]Finish loading 722 items' weights in total 156639 items!
[Info]Begin tagging 722 items with LDA_Variational Interpolation............
---- item 1: map is 0.50641, precision@k is 0.18182, mrr is 1.00000
---- item 51: map is 0.12686, precision@k is 0.09091, mrr is 0.25000
---- item 101: map is 0.75000, precision@k is 0.50000, mrr is 1.00000
---- item 151: map is 0.21680, precision@k is 0.09091, mrr is 0.50000
---- item 201: map is 0.33749, precision@k is 0.18182, mrr is 1.00000
---- item 251: map is 0.83333, precision@k is 0.66667, mrr is 1.00000
---- item 301: map is 0.10053, precision@k is 0.09091, mrr is 0.14286
---- item 351: map is 0.32678, precision@k is 0.18182, mrr is 1.00000
---- item 401: map is 0.29834, precision@k is 0.09091, mrr is 1.00000
---- item 451: map is 0.65315, precision@k is 0.27273, mrr is 1.00000
---- item 501: map is 0.33959, precision@k is 0.09091, mrr is 1.00000
---- item 551: map is 0.66984, precision@k is 0.18182, mrr is 1.00000
---- item 601: map is 0.36111, precision@k is 0.22222, mrr is 0.50000
---- item 651: map is 0.23361, precision@k is 0.18182, mrr is 0.50000
---- item 701: map is 0.70000, precision@k is 0.40000, mrr is 1.00000
[Stat]LDA_Variational model, Interpolation mode item tagging: Precision@K is 0.20655, MAP is: 0.34933, MRR is: 0.64452, in top 10 tags
244 users are loaded from /home/ll5fy/TUIR/dataset/yelp/byUser_70k_review/5foldsCVColdstart/1/...
260 users are loaded from /home/ll5fy/TUIR/dataset/yelp/byUser_70k_review/5foldsCVColdstart/0/...
266 users are loaded from /home/ll5fy/TUIR/dataset/yelp/byUser_70k_review/5foldsCVColdstart/2/...
264 users are loaded from /home/ll5fy/TUIR/dataset/yelp/byUser_70k_review/5foldsCVColdstart/3/...
256 users are loaded from /home/ll5fy/TUIR/dataset/yelp/byUser_70k_review/5foldsCVColdstart/4/...
[Info]Finish loading 732 items' weights in total 156639 items!
[Info]Begin tagging 732 items with LDA_Variational Interpolation............
---- item 1: map is 0.51020, precision@k is 0.18182, mrr is 1.00000
---- item 51: map is 0.56014, precision@k is 0.18182, mrr is 1.00000
---- item 101: map is 0.07359, precision@k is 0.00000, mrr is 0.08333
---- item 151: map is 0.36690, precision@k is 0.18182, mrr is 1.00000
---- item 201: map is 0.70000, precision@k is 0.40000, mrr is 1.00000
---- item 251: map is 0.50000, precision@k is 0.50000, mrr is 0.50000
---- item 301: map is 0.41940, precision@k is 0.18182, mrr is 1.00000
---- item 351: map is 0.41667, precision@k is 0.50000, mrr is 0.33333
---- item 401: map is 0.09500, precision@k is 0.09091, mrr is 0.25000
---- item 451: map is 0.30296, precision@k is 0.18182, mrr is 1.00000
---- item 501: map is 0.50000, precision@k is 0.50000, mrr is 0.50000
---- item 551: map is 0.00409, precision@k is 0.00000, mrr is 0.00251
---- item 601: map is 0.04486, precision@k is 0.00000, mrr is 0.07692
---- item 651: map is 0.53333, precision@k is 0.60000, mrr is 0.50000
---- item 701: map is 0.31587, precision@k is 0.18182, mrr is 1.00000
[Stat]LDA_Variational model, Interpolation mode item tagging: Precision@K is 0.22275, MAP is: 0.36605, MRR is: 0.65317, in top 10 tags
266 users are loaded from /home/ll5fy/TUIR/dataset/yelp/byUser_70k_review/5foldsCVColdstart/2/...
260 users are loaded from /home/ll5fy/TUIR/dataset/yelp/byUser_70k_review/5foldsCVColdstart/0/...
244 users are loaded from /home/ll5fy/TUIR/dataset/yelp/byUser_70k_review/5foldsCVColdstart/1/...
264 users are loaded from /home/ll5fy/TUIR/dataset/yelp/byUser_70k_review/5foldsCVColdstart/3/...
256 users are loaded from /home/ll5fy/TUIR/dataset/yelp/byUser_70k_review/5foldsCVColdstart/4/...
[Info]Finish loading 702 items' weights in total 156639 items!
[Info]Begin tagging 702 items with LDA_Variational Interpolation............
---- item 1: map is 0.69106, precision@k is 0.18182, mrr is 1.00000
---- item 51: map is 0.39345, precision@k is 0.27273, mrr is 0.50000
---- item 101: map is 0.50758, precision@k is 0.09091, mrr is 1.00000
---- item 151: map is 0.28601, precision@k is 0.27273, mrr is 0.50000
---- item 201: map is 0.18701, precision@k is 0.09091, mrr is 1.00000
---- item 251: map is 0.25147, precision@k is 0.27273, mrr is 0.50000
---- item 301: map is 0.10271, precision@k is 0.09091, mrr is 0.16667
---- item 351: map is 0.42296, precision@k is 0.18182, mrr is 1.00000
---- item 401: map is 0.48713, precision@k is 0.36364, mrr is 1.00000
---- item 451: map is 0.66852, precision@k is 0.27273, mrr is 1.00000
---- item 501: map is 0.39704, precision@k is 0.27273, mrr is 0.50000
---- item 551: map is 0.47706, precision@k is 0.27273, mrr is 1.00000
---- item 601: map is 0.24740, precision@k is 0.27273, mrr is 0.33333
---- item 651: map is 0.37967, precision@k is 0.09091, mrr is 1.00000
---- item 701: map is 0.27778, precision@k is 0.22222, mrr is 0.33333
[Stat]LDA_Variational model, Interpolation mode item tagging: Precision@K is 0.22373, MAP is: 0.36653, MRR is: 0.64201, in top 10 tags
264 users are loaded from /home/ll5fy/TUIR/dataset/yelp/byUser_70k_review/5foldsCVColdstart/3/...
260 users are loaded from /home/ll5fy/TUIR/dataset/yelp/byUser_70k_review/5foldsCVColdstart/0/...
244 users are loaded from /home/ll5fy/TUIR/dataset/yelp/byUser_70k_review/5foldsCVColdstart/1/...
266 users are loaded from /home/ll5fy/TUIR/dataset/yelp/byUser_70k_review/5foldsCVColdstart/2/...
256 users are loaded from /home/ll5fy/TUIR/dataset/yelp/byUser_70k_review/5foldsCVColdstart/4/...
[Info]Finish loading 717 items' weights in total 156639 items!
[Info]Begin tagging 717 items with LDA_Variational Interpolation............
---- item 1: map is 0.45649, precision@k is 0.18182, mrr is 1.00000
---- item 51: map is 0.44879, precision@k is 0.18182, mrr is 1.00000
---- item 101: map is 0.22619, precision@k is 0.28571, mrr is 0.16667
---- item 151: map is 0.09115, precision@k is 0.09091, mrr is 0.16667
---- item 201: map is 0.34480, precision@k is 0.27273, mrr is 0.50000
---- item 251: map is 0.05845, precision@k is 0.09091, mrr is 0.11111
---- item 301: map is 0.30521, precision@k is 0.18182, mrr is 0.33333
---- item 351: map is 0.04297, precision@k is 0.00000, mrr is 0.03704
---- item 401: map is 0.01129, precision@k is 0.00000, mrr is 0.01205
---- item 451: map is 1.00000, precision@k is 1.00000, mrr is 1.00000
---- item 501: map is 1.00000, precision@k is 1.00000, mrr is 1.00000
---- item 551: map is 0.67169, precision@k is 0.18182, mrr is 1.00000
---- item 601: map is 0.03633, precision@k is 0.00000, mrr is 0.06667
---- item 651: map is 0.34486, precision@k is 0.27273, mrr is 0.50000
---- item 701: map is 0.42674, precision@k is 0.36364, mrr is 1.00000
[Stat]LDA_Variational model, Interpolation mode item tagging: Precision@K is 0.21822, MAP is: 0.36559, MRR is: 0.64914, in top 10 tags
256 users are loaded from /home/ll5fy/TUIR/dataset/yelp/byUser_70k_review/5foldsCVColdstart/4/...
260 users are loaded from /home/ll5fy/TUIR/dataset/yelp/byUser_70k_review/5foldsCVColdstart/0/...
244 users are loaded from /home/ll5fy/TUIR/dataset/yelp/byUser_70k_review/5foldsCVColdstart/1/...
266 users are loaded from /home/ll5fy/TUIR/dataset/yelp/byUser_70k_review/5foldsCVColdstart/2/...
264 users are loaded from /home/ll5fy/TUIR/dataset/yelp/byUser_70k_review/5foldsCVColdstart/3/...
[Info]Finish loading 726 items' weights in total 156639 items!
[Info]Begin tagging 726 items with LDA_Variational Interpolation............
---- item 1: map is 0.45796, precision@k is 0.18182, mrr is 1.00000
---- item 51: map is 0.21886, precision@k is 0.09091, mrr is 1.00000
---- item 101: map is 0.43066, precision@k is 0.18182, mrr is 1.00000
---- item 151: map is 0.12527, precision@k is 0.09091, mrr is 0.33333
---- item 201: map is 0.66667, precision@k is 0.33333, mrr is 1.00000
---- item 251: map is 0.34793, precision@k is 0.09091, mrr is 1.00000
---- item 301: map is 0.40282, precision@k is 0.18182, mrr is 1.00000
---- item 351: map is 1.00000, precision@k is 1.00000, mrr is 1.00000
---- item 401: map is 0.39141, precision@k is 0.09091, mrr is 1.00000
---- item 451: map is 0.20149, precision@k is 0.18182, mrr is 0.33333
---- item 501: map is 0.42159, precision@k is 0.18182, mrr is 1.00000
---- item 551: map is 0.51250, precision@k is 0.27273, mrr is 1.00000
---- item 601: map is 0.41071, precision@k is 0.27273, mrr is 0.50000
---- item 651: map is 0.70000, precision@k is 0.60000, mrr is 1.00000
---- item 701: map is 0.51384, precision@k is 0.18182, mrr is 1.00000
[Stat]LDA_Variational model, Interpolation mode item tagging: Precision@K is 0.21620, MAP is: 0.36376, MRR is: 0.64607, in top 10 tags

[Stat]Running time (seconds) 310.49000
[Stat]MAP 0.362+/-0.007
[Stat]MRR 0.647+/-0.004
[Stat]Precision 0.217+/-0.006
