Load 6134 2-gram new features from /home/ll5fy/TUIR/dataset/yelp/yelp_features.txt...
Load 6134 2-gram new features from /home/ll5fy/TUIR/dataset/yelp/yelp_features.txt...
[Info]Start FIXED cross validation...
[Info]Load 553 tags, with 6134 features.
260 users are loaded from /home/ll5fy/TUIR/dataset/yelp/byUser_70k_review/5foldsCVColdstart/0/...
244 users are loaded from /home/ll5fy/TUIR/dataset/yelp/byUser_70k_review/5foldsCVColdstart/1/...
266 users are loaded from /home/ll5fy/TUIR/dataset/yelp/byUser_70k_review/5foldsCVColdstart/2/...
264 users are loaded from /home/ll5fy/TUIR/dataset/yelp/byUser_70k_review/5foldsCVColdstart/3/...
256 users are loaded from /home/ll5fy/TUIR/dataset/yelp/byUser_70k_review/5foldsCVColdstart/4/...
[Info]Finish loading 722 items' weights in total 156639 items!
[Info]Begin tagging 722 items with LDA_Item Interpolation............
---- item 1: map is 0.47094, precision@k is 0.18182, mrr is 1.00000
---- item 51: map is 0.25183, precision@k is 0.09091, mrr is 0.50000
---- item 101: map is 0.15441, precision@k is 0.09091, mrr is 0.25000
---- item 151: map is 0.10227, precision@k is 0.09091, mrr is 0.25000
---- item 201: map is 0.35654, precision@k is 0.18182, mrr is 1.00000
---- item 251: map is 0.83333, precision@k is 0.66667, mrr is 1.00000
---- item 301: map is 0.07620, precision@k is 0.09091, mrr is 0.20000
---- item 351: map is 0.33940, precision@k is 0.18182, mrr is 1.00000
---- item 401: map is 0.35361, precision@k is 0.18182, mrr is 1.00000
---- item 451: map is 0.44379, precision@k is 0.18182, mrr is 1.00000
---- item 501: map is 0.08911, precision@k is 0.09091, mrr is 0.25000
---- item 551: map is 0.34741, precision@k is 0.09091, mrr is 1.00000
---- item 601: map is 0.26667, precision@k is 0.33333, mrr is 0.20000
---- item 651: map is 0.27235, precision@k is 0.18182, mrr is 0.50000
---- item 701: map is 0.17692, precision@k is 0.09091, mrr is 0.20000
[Stat]LDA_Item model, Interpolation mode item tagging: Precision@K is 0.15776, MAP is: 0.25384, MRR is: 0.51329, in top 10 tags
244 users are loaded from /home/ll5fy/TUIR/dataset/yelp/byUser_70k_review/5foldsCVColdstart/1/...
260 users are loaded from /home/ll5fy/TUIR/dataset/yelp/byUser_70k_review/5foldsCVColdstart/0/...
266 users are loaded from /home/ll5fy/TUIR/dataset/yelp/byUser_70k_review/5foldsCVColdstart/2/...
264 users are loaded from /home/ll5fy/TUIR/dataset/yelp/byUser_70k_review/5foldsCVColdstart/3/...
256 users are loaded from /home/ll5fy/TUIR/dataset/yelp/byUser_70k_review/5foldsCVColdstart/4/...
[Info]Finish loading 732 items' weights in total 156639 items!
[Info]Begin tagging 732 items with LDA_Item Interpolation............
---- item 1: map is 0.67719, precision@k is 0.18182, mrr is 1.00000
---- item 51: map is 0.38784, precision@k is 0.09091, mrr is 1.00000
---- item 101: map is 0.13207, precision@k is 0.09091, mrr is 0.25000
---- item 151: map is 0.42488, precision@k is 0.18182, mrr is 1.00000
---- item 201: map is 1.00000, precision@k is 1.00000, mrr is 1.00000
---- item 251: map is 0.27941, precision@k is 0.09091, mrr is 0.50000
---- item 301: map is 0.44712, precision@k is 0.18182, mrr is 1.00000
---- item 351: map is 0.26493, precision@k is 0.09091, mrr is 0.50000
---- item 401: map is 0.17993, precision@k is 0.09091, mrr is 0.50000
---- item 451: map is 0.26780, precision@k is 0.18182, mrr is 1.00000
---- item 501: map is 0.50000, precision@k is 0.50000, mrr is 0.50000
---- item 551: map is 0.00427, precision@k is 0.00000, mrr is 0.00263
---- item 601: map is 0.01867, precision@k is 0.00000, mrr is 0.02564
---- item 651: map is 0.19072, precision@k is 0.09091, mrr is 0.50000
---- item 701: map is 0.41665, precision@k is 0.18182, mrr is 1.00000
[Stat]LDA_Item model, Interpolation mode item tagging: Precision@K is 0.21475, MAP is: 0.38231, MRR is: 0.72503, in top 10 tags
266 users are loaded from /home/ll5fy/TUIR/dataset/yelp/byUser_70k_review/5foldsCVColdstart/2/...
260 users are loaded from /home/ll5fy/TUIR/dataset/yelp/byUser_70k_review/5foldsCVColdstart/0/...
244 users are loaded from /home/ll5fy/TUIR/dataset/yelp/byUser_70k_review/5foldsCVColdstart/1/...
264 users are loaded from /home/ll5fy/TUIR/dataset/yelp/byUser_70k_review/5foldsCVColdstart/3/...
256 users are loaded from /home/ll5fy/TUIR/dataset/yelp/byUser_70k_review/5foldsCVColdstart/4/...
[Info]Finish loading 702 items' weights in total 156639 items!
[Info]Begin tagging 702 items with LDA_Item Interpolation............
---- item 1: map is 0.46970, precision@k is 0.18182, mrr is 1.00000
---- item 51: map is 0.31185, precision@k is 0.27273, mrr is 0.50000
---- item 101: map is 0.50448, precision@k is 0.09091, mrr is 1.00000
---- item 151: map is 0.26893, precision@k is 0.18182, mrr is 0.50000
---- item 201: map is 0.19929, precision@k is 0.18182, mrr is 1.00000
---- item 251: map is 0.24608, precision@k is 0.27273, mrr is 0.50000
---- item 301: map is 0.12121, precision@k is 0.09091, mrr is 0.25000
---- item 351: map is 0.37265, precision@k is 0.09091, mrr is 1.00000
---- item 401: map is 0.42983, precision@k is 0.36364, mrr is 1.00000
---- item 451: map is 0.75629, precision@k is 0.27273, mrr is 1.00000
---- item 501: map is 0.33100, precision@k is 0.27273, mrr is 0.50000
---- item 551: map is 0.51232, precision@k is 0.27273, mrr is 1.00000
---- item 601: map is 0.29725, precision@k is 0.27273, mrr is 0.50000
---- item 651: map is 0.40448, precision@k is 0.18182, mrr is 1.00000
---- item 701: map is 0.41667, precision@k is 0.50000, mrr is 0.33333
[Stat]LDA_Item model, Interpolation mode item tagging: Precision@K is 0.21177, MAP is: 0.37408, MRR is: 0.69138, in top 10 tags
264 users are loaded from /home/ll5fy/TUIR/dataset/yelp/byUser_70k_review/5foldsCVColdstart/3/...
260 users are loaded from /home/ll5fy/TUIR/dataset/yelp/byUser_70k_review/5foldsCVColdstart/0/...
244 users are loaded from /home/ll5fy/TUIR/dataset/yelp/byUser_70k_review/5foldsCVColdstart/1/...
266 users are loaded from /home/ll5fy/TUIR/dataset/yelp/byUser_70k_review/5foldsCVColdstart/2/...
256 users are loaded from /home/ll5fy/TUIR/dataset/yelp/byUser_70k_review/5foldsCVColdstart/4/...
[Info]Finish loading 717 items' weights in total 156639 items!
[Info]Begin tagging 717 items with LDA_Item Interpolation............
---- item 1: map is 0.67778, precision@k is 0.18182, mrr is 1.00000
---- item 51: map is 0.47010, precision@k is 0.18182, mrr is 1.00000
---- item 101: map is 0.23611, precision@k is 0.22222, mrr is 0.25000
---- item 151: map is 0.09038, precision@k is 0.09091, mrr is 0.16667
---- item 201: map is 0.23772, precision@k is 0.18182, mrr is 0.50000
---- item 251: map is 0.16919, precision@k is 0.09091, mrr is 0.33333
---- item 301: map is 0.27143, precision@k is 0.18182, mrr is 0.33333
---- item 351: map is 0.02301, precision@k is 0.00000, mrr is 0.02326
---- item 401: map is 0.00732, precision@k is 0.00000, mrr is 0.00508
---- item 451: map is 0.53448, precision@k is 0.09091, mrr is 1.00000
---- item 501: map is 1.00000, precision@k is 1.00000, mrr is 1.00000
---- item 551: map is 0.67096, precision@k is 0.18182, mrr is 1.00000
---- item 601: map is 0.11955, precision@k is 0.09091, mrr is 0.33333
---- item 651: map is 0.26041, precision@k is 0.18182, mrr is 0.50000
---- item 701: map is 0.38335, precision@k is 0.18182, mrr is 1.00000
[Stat]LDA_Item model, Interpolation mode item tagging: Precision@K is 0.22759, MAP is: 0.39050, MRR is: 0.70681, in top 10 tags
256 users are loaded from /home/ll5fy/TUIR/dataset/yelp/byUser_70k_review/5foldsCVColdstart/4/...
260 users are loaded from /home/ll5fy/TUIR/dataset/yelp/byUser_70k_review/5foldsCVColdstart/0/...
244 users are loaded from /home/ll5fy/TUIR/dataset/yelp/byUser_70k_review/5foldsCVColdstart/1/...
266 users are loaded from /home/ll5fy/TUIR/dataset/yelp/byUser_70k_review/5foldsCVColdstart/2/...
264 users are loaded from /home/ll5fy/TUIR/dataset/yelp/byUser_70k_review/5foldsCVColdstart/3/...
[Info]Finish loading 726 items' weights in total 156639 items!
[Info]Begin tagging 726 items with LDA_Item Interpolation............
---- item 1: map is 0.67430, precision@k is 0.18182, mrr is 1.00000
---- item 51: map is 0.22490, precision@k is 0.09091, mrr is 1.00000
---- item 101: map is 0.50909, precision@k is 0.18182, mrr is 1.00000
---- item 151: map is 0.18071, precision@k is 0.09091, mrr is 0.50000
---- item 201: map is 0.75000, precision@k is 0.50000, mrr is 1.00000
---- item 251: map is 0.34756, precision@k is 0.09091, mrr is 1.00000
---- item 301: map is 0.41918, precision@k is 0.18182, mrr is 1.00000
---- item 351: map is 1.00000, precision@k is 1.00000, mrr is 1.00000
---- item 401: map is 0.37212, precision@k is 0.09091, mrr is 1.00000
---- item 451: map is 0.21263, precision@k is 0.09091, mrr is 0.50000
---- item 501: map is 0.56515, precision@k is 0.18182, mrr is 1.00000
---- item 551: map is 0.47639, precision@k is 0.18182, mrr is 1.00000
---- item 601: map is 0.40968, precision@k is 0.27273, mrr is 0.50000
---- item 651: map is 0.61111, precision@k is 0.33333, mrr is 1.00000
---- item 701: map is 0.50887, precision@k is 0.18182, mrr is 1.00000
[Stat]LDA_Item model, Interpolation mode item tagging: Precision@K is 0.22848, MAP is: 0.38678, MRR is: 0.69561, in top 10 tags

[Stat]Running time (seconds) 305.50000
[Stat]MAP 0.358+/-0.052
[Stat]MRR 0.666+/-0.077
[Stat]Precision 0.208+/-0.026
