Load 6134 2-gram new features from /home/ll5fy/TUIR/dataset/yelp/yelp_features.txt...
Load 6134 2-gram new features from /home/ll5fy/TUIR/dataset/yelp/yelp_features.txt...
[Info]Start FIXED cross validation...
[Info]Load 553 tags, with 6134 features.
260 users are loaded from /home/ll5fy/TUIR/dataset/yelp/byUser_70k_review/5foldsCVColdstart/0/...
244 users are loaded from /home/ll5fy/TUIR/dataset/yelp/byUser_70k_review/5foldsCVColdstart/1/...
266 users are loaded from /home/ll5fy/TUIR/dataset/yelp/byUser_70k_review/5foldsCVColdstart/2/...
264 users are loaded from /home/ll5fy/TUIR/dataset/yelp/byUser_70k_review/5foldsCVColdstart/3/...
256 users are loaded from /home/ll5fy/TUIR/dataset/yelp/byUser_70k_review/5foldsCVColdstart/4/...
[Info]Finish loading 722 items' weights in total 156639 items!
[Info]Begin tagging 722 items with LDA_Item Interpolation............
---- item 1: map is 0.47376, precision@k is 0.18182, mrr is 1.00000
---- item 51: map is 0.12688, precision@k is 0.09091, mrr is 0.25000
---- item 101: map is 0.75000, precision@k is 0.50000, mrr is 1.00000
---- item 151: map is 0.20846, precision@k is 0.09091, mrr is 0.50000
---- item 201: map is 0.35132, precision@k is 0.18182, mrr is 1.00000
---- item 251: map is 0.83333, precision@k is 0.66667, mrr is 1.00000
---- item 301: map is 0.09920, precision@k is 0.09091, mrr is 0.12500
---- item 351: map is 0.33710, precision@k is 0.18182, mrr is 1.00000
---- item 401: map is 0.29630, precision@k is 0.09091, mrr is 1.00000
---- item 451: map is 0.65299, precision@k is 0.27273, mrr is 1.00000
---- item 501: map is 0.34058, precision@k is 0.09091, mrr is 1.00000
---- item 551: map is 0.67005, precision@k is 0.18182, mrr is 1.00000
---- item 601: map is 0.36111, precision@k is 0.22222, mrr is 0.50000
---- item 651: map is 0.22985, precision@k is 0.18182, mrr is 0.50000
---- item 701: map is 0.70000, precision@k is 0.40000, mrr is 1.00000
[Stat]LDA_Item model, Interpolation mode item tagging: Precision@K is 0.21306, MAP is: 0.35660, MRR is: 0.65081, in top 10 tags
244 users are loaded from /home/ll5fy/TUIR/dataset/yelp/byUser_70k_review/5foldsCVColdstart/1/...
260 users are loaded from /home/ll5fy/TUIR/dataset/yelp/byUser_70k_review/5foldsCVColdstart/0/...
266 users are loaded from /home/ll5fy/TUIR/dataset/yelp/byUser_70k_review/5foldsCVColdstart/2/...
264 users are loaded from /home/ll5fy/TUIR/dataset/yelp/byUser_70k_review/5foldsCVColdstart/3/...
256 users are loaded from /home/ll5fy/TUIR/dataset/yelp/byUser_70k_review/5foldsCVColdstart/4/...
[Info]Finish loading 732 items' weights in total 156639 items!
[Info]Begin tagging 732 items with LDA_Item Interpolation............
---- item 1: map is 0.47982, precision@k is 0.18182, mrr is 1.00000
---- item 51: map is 0.55896, precision@k is 0.18182, mrr is 1.00000
---- item 101: map is 0.06752, precision@k is 0.00000, mrr is 0.07692
---- item 151: map is 0.32207, precision@k is 0.18182, mrr is 1.00000
---- item 201: map is 0.70000, precision@k is 0.40000, mrr is 1.00000
---- item 251: map is 0.41667, precision@k is 0.50000, mrr is 0.33333
---- item 301: map is 0.41041, precision@k is 0.18182, mrr is 1.00000
---- item 351: map is 0.41667, precision@k is 0.50000, mrr is 0.33333
---- item 401: map is 0.06924, precision@k is 0.09091, mrr is 0.16667
---- item 451: map is 0.32351, precision@k is 0.18182, mrr is 1.00000
---- item 501: map is 0.50000, precision@k is 0.50000, mrr is 0.50000
---- item 551: map is 0.00442, precision@k is 0.00000, mrr is 0.00274
---- item 601: map is 0.04522, precision@k is 0.00000, mrr is 0.07692
---- item 651: map is 0.50000, precision@k is 0.50000, mrr is 0.50000
---- item 701: map is 0.29562, precision@k is 0.18182, mrr is 1.00000
[Stat]LDA_Item model, Interpolation mode item tagging: Precision@K is 0.21940, MAP is: 0.36265, MRR is: 0.65029, in top 10 tags
266 users are loaded from /home/ll5fy/TUIR/dataset/yelp/byUser_70k_review/5foldsCVColdstart/2/...
260 users are loaded from /home/ll5fy/TUIR/dataset/yelp/byUser_70k_review/5foldsCVColdstart/0/...
244 users are loaded from /home/ll5fy/TUIR/dataset/yelp/byUser_70k_review/5foldsCVColdstart/1/...
264 users are loaded from /home/ll5fy/TUIR/dataset/yelp/byUser_70k_review/5foldsCVColdstart/3/...
256 users are loaded from /home/ll5fy/TUIR/dataset/yelp/byUser_70k_review/5foldsCVColdstart/4/...
[Info]Finish loading 702 items' weights in total 156639 items!
[Info]Begin tagging 702 items with LDA_Item Interpolation............
---- item 1: map is 0.67965, precision@k is 0.18182, mrr is 1.00000
---- item 51: map is 0.39472, precision@k is 0.27273, mrr is 0.50000
---- item 101: map is 0.50806, precision@k is 0.09091, mrr is 1.00000
---- item 151: map is 0.28656, precision@k is 0.27273, mrr is 0.50000
---- item 201: map is 0.17415, precision@k is 0.09091, mrr is 1.00000
---- item 251: map is 0.25320, precision@k is 0.27273, mrr is 0.50000
---- item 301: map is 0.10304, precision@k is 0.09091, mrr is 0.16667
---- item 351: map is 0.41416, precision@k is 0.18182, mrr is 1.00000
---- item 401: map is 0.48910, precision@k is 0.36364, mrr is 1.00000
---- item 451: map is 0.65820, precision@k is 0.27273, mrr is 1.00000
---- item 501: map is 0.39913, precision@k is 0.27273, mrr is 0.50000
---- item 551: map is 0.47708, precision@k is 0.27273, mrr is 1.00000
---- item 601: map is 0.24949, precision@k is 0.27273, mrr is 0.33333
---- item 651: map is 0.38288, precision@k is 0.09091, mrr is 1.00000
---- item 701: map is 0.26667, precision@k is 0.20000, mrr is 0.33333
[Stat]LDA_Item model, Interpolation mode item tagging: Precision@K is 0.22161, MAP is: 0.36517, MRR is: 0.64103, in top 10 tags
264 users are loaded from /home/ll5fy/TUIR/dataset/yelp/byUser_70k_review/5foldsCVColdstart/3/...
260 users are loaded from /home/ll5fy/TUIR/dataset/yelp/byUser_70k_review/5foldsCVColdstart/0/...
244 users are loaded from /home/ll5fy/TUIR/dataset/yelp/byUser_70k_review/5foldsCVColdstart/1/...
266 users are loaded from /home/ll5fy/TUIR/dataset/yelp/byUser_70k_review/5foldsCVColdstart/2/...
256 users are loaded from /home/ll5fy/TUIR/dataset/yelp/byUser_70k_review/5foldsCVColdstart/4/...
[Info]Finish loading 717 items' weights in total 156639 items!
[Info]Begin tagging 717 items with LDA_Item Interpolation............
---- item 1: map is 0.45694, precision@k is 0.18182, mrr is 1.00000
---- item 51: map is 0.43185, precision@k is 0.18182, mrr is 1.00000
---- item 101: map is 0.22619, precision@k is 0.28571, mrr is 0.16667
---- item 151: map is 0.09009, precision@k is 0.09091, mrr is 0.16667
---- item 201: map is 0.34518, precision@k is 0.27273, mrr is 0.50000
---- item 251: map is 0.05302, precision@k is 0.09091, mrr is 0.10000
---- item 301: map is 0.30521, precision@k is 0.18182, mrr is 0.33333
---- item 351: map is 0.04318, precision@k is 0.00000, mrr is 0.03846
---- item 401: map is 0.00952, precision@k is 0.00000, mrr is 0.01000
---- item 451: map is 1.00000, precision@k is 1.00000, mrr is 1.00000
---- item 501: map is 1.00000, precision@k is 1.00000, mrr is 1.00000
---- item 551: map is 0.67094, precision@k is 0.18182, mrr is 1.00000
---- item 601: map is 0.03319, precision@k is 0.00000, mrr is 0.06250
---- item 651: map is 0.34531, precision@k is 0.27273, mrr is 0.50000
---- item 701: map is 0.42609, precision@k is 0.36364, mrr is 1.00000
[Stat]LDA_Item model, Interpolation mode item tagging: Precision@K is 0.21696, MAP is: 0.36289, MRR is: 0.64742, in top 10 tags
256 users are loaded from /home/ll5fy/TUIR/dataset/yelp/byUser_70k_review/5foldsCVColdstart/4/...
260 users are loaded from /home/ll5fy/TUIR/dataset/yelp/byUser_70k_review/5foldsCVColdstart/0/...
244 users are loaded from /home/ll5fy/TUIR/dataset/yelp/byUser_70k_review/5foldsCVColdstart/1/...
266 users are loaded from /home/ll5fy/TUIR/dataset/yelp/byUser_70k_review/5foldsCVColdstart/2/...
264 users are loaded from /home/ll5fy/TUIR/dataset/yelp/byUser_70k_review/5foldsCVColdstart/3/...
[Info]Finish loading 726 items' weights in total 156639 items!
[Info]Begin tagging 726 items with LDA_Item Interpolation............
---- item 1: map is 0.44246, precision@k is 0.18182, mrr is 1.00000
---- item 51: map is 0.21946, precision@k is 0.09091, mrr is 1.00000
---- item 101: map is 0.42007, precision@k is 0.18182, mrr is 1.00000
---- item 151: map is 0.12457, precision@k is 0.09091, mrr is 0.33333
---- item 201: map is 0.66667, precision@k is 0.33333, mrr is 1.00000
---- item 251: map is 0.34746, precision@k is 0.09091, mrr is 1.00000
---- item 301: map is 0.40275, precision@k is 0.18182, mrr is 1.00000
---- item 351: map is 1.00000, precision@k is 1.00000, mrr is 1.00000
---- item 401: map is 0.39444, precision@k is 0.09091, mrr is 1.00000
---- item 451: map is 0.19238, precision@k is 0.18182, mrr is 0.33333
---- item 501: map is 0.46011, precision@k is 0.18182, mrr is 1.00000
---- item 551: map is 0.51236, precision@k is 0.27273, mrr is 1.00000
---- item 601: map is 0.40726, precision@k is 0.27273, mrr is 0.50000
---- item 651: map is 0.70000, precision@k is 0.60000, mrr is 1.00000
---- item 701: map is 0.51414, precision@k is 0.18182, mrr is 1.00000
[Stat]LDA_Item model, Interpolation mode item tagging: Precision@K is 0.21598, MAP is: 0.36325, MRR is: 0.64592, in top 10 tags

[Stat]Running time (seconds) 308.42100
[Stat]MAP 0.362+/-0.003
[Stat]MRR 0.647+/-0.004
[Stat]Precision 0.217+/-0.003
