Load 6134 2-gram new features from /home/ll5fy/TUIR/dataset/yelp/yelp_features.txt...
Load 6134 2-gram new features from /home/ll5fy/TUIR/dataset/yelp/yelp_features.txt...
[Info]Start FIXED cross validation...
[Info]Load 553 tags, with 6134 features.
260 users are loaded from /home/ll5fy/TUIR/dataset/yelp/byUser_70k_review/5foldsCVColdstart/0/...
244 users are loaded from /home/ll5fy/TUIR/dataset/yelp/byUser_70k_review/5foldsCVColdstart/1/...
266 users are loaded from /home/ll5fy/TUIR/dataset/yelp/byUser_70k_review/5foldsCVColdstart/2/...
264 users are loaded from /home/ll5fy/TUIR/dataset/yelp/byUser_70k_review/5foldsCVColdstart/3/...
256 users are loaded from /home/ll5fy/TUIR/dataset/yelp/byUser_70k_review/5foldsCVColdstart/4/...
[Info]Finish loading 861 items' weights in total 156639 items!
[Info]Begin tagging 861 items with ETBIR_User Interpolation............
---- item 1: map is 0.37233, precision@k is 0.09091, mrr is 1.00000
---- item 51: map is 0.52971, precision@k is 0.18182, mrr is 1.00000
---- item 101: map is 0.83333, precision@k is 0.66667, mrr is 1.00000
---- item 151: map is 0.19380, precision@k is 0.09091, mrr is 0.50000
---- item 201: map is 0.34454, precision@k is 0.09091, mrr is 1.00000
---- item 251: map is 0.13929, precision@k is 0.09091, mrr is 0.25000
---- item 301: map is 0.50463, precision@k is 0.18182, mrr is 1.00000
---- item 351: map is 0.52703, precision@k is 0.09091, mrr is 1.00000
---- item 401: map is 0.14253, precision@k is 0.09091, mrr is 0.50000
---- item 451: map is 0.58681, precision@k is 0.18182, mrr is 1.00000
---- item 501: map is 0.34704, precision@k is 0.09091, mrr is 1.00000
---- item 551: map is 0.83333, precision@k is 0.66667, mrr is 1.00000
---- item 601: map is 0.02694, precision@k is 0.00000, mrr is 0.01961
---- item 651: map is 0.25991, precision@k is 0.09091, mrr is 1.00000
---- item 701: map is 0.34294, precision@k is 0.09091, mrr is 1.00000
---- item 751: map is 0.00455, precision@k is 0.00000, mrr is 0.00305
---- item 801: map is 0.35261, precision@k is 0.09091, mrr is 1.00000
---- item 851: map is 0.07716, precision@k is 0.09091, mrr is 0.25000
[Stat]ETBIR_User model, Interpolation mode item tagging: Precision@K is 0.20367, MAP is: 0.36869, MRR is: 0.72530, in top 10 tags
244 users are loaded from /home/ll5fy/TUIR/dataset/yelp/byUser_70k_review/5foldsCVColdstart/1/...
260 users are loaded from /home/ll5fy/TUIR/dataset/yelp/byUser_70k_review/5foldsCVColdstart/0/...
266 users are loaded from /home/ll5fy/TUIR/dataset/yelp/byUser_70k_review/5foldsCVColdstart/2/...
264 users are loaded from /home/ll5fy/TUIR/dataset/yelp/byUser_70k_review/5foldsCVColdstart/3/...
256 users are loaded from /home/ll5fy/TUIR/dataset/yelp/byUser_70k_review/5foldsCVColdstart/4/...
[Info]Finish loading 861 items' weights in total 156639 items!
[Info]Begin tagging 861 items with ETBIR_User Interpolation............
---- item 1: map is 0.35374, precision@k is 0.09091, mrr is 1.00000
---- item 51: map is 0.39636, precision@k is 0.18182, mrr is 1.00000
---- item 101: map is 0.75000, precision@k is 0.50000, mrr is 1.00000
---- item 151: map is 0.19432, precision@k is 0.09091, mrr is 0.50000
---- item 201: map is 0.34410, precision@k is 0.09091, mrr is 1.00000
---- item 251: map is 0.14500, precision@k is 0.09091, mrr is 0.25000
---- item 301: map is 0.50578, precision@k is 0.18182, mrr is 1.00000
---- item 351: map is 0.52857, precision@k is 0.09091, mrr is 1.00000
---- item 401: map is 0.27299, precision@k is 0.18182, mrr is 0.50000
---- item 451: map is 0.60317, precision@k is 0.18182, mrr is 1.00000
---- item 501: map is 0.34717, precision@k is 0.09091, mrr is 1.00000
---- item 551: map is 0.75000, precision@k is 0.50000, mrr is 1.00000
---- item 601: map is 0.43774, precision@k is 0.18182, mrr is 1.00000
---- item 651: map is 0.04005, precision@k is 0.09091, mrr is 0.11111
---- item 701: map is 0.17681, precision@k is 0.09091, mrr is 0.50000
---- item 751: map is 0.00464, precision@k is 0.00000, mrr is 0.00292
---- item 801: map is 0.36121, precision@k is 0.09091, mrr is 1.00000
---- item 851: map is 0.11434, precision@k is 0.09091, mrr is 0.33333
[Stat]ETBIR_User model, Interpolation mode item tagging: Precision@K is 0.21700, MAP is: 0.37364, MRR is: 0.69367, in top 10 tags
266 users are loaded from /home/ll5fy/TUIR/dataset/yelp/byUser_70k_review/5foldsCVColdstart/2/...
260 users are loaded from /home/ll5fy/TUIR/dataset/yelp/byUser_70k_review/5foldsCVColdstart/0/...
244 users are loaded from /home/ll5fy/TUIR/dataset/yelp/byUser_70k_review/5foldsCVColdstart/1/...
264 users are loaded from /home/ll5fy/TUIR/dataset/yelp/byUser_70k_review/5foldsCVColdstart/3/...
256 users are loaded from /home/ll5fy/TUIR/dataset/yelp/byUser_70k_review/5foldsCVColdstart/4/...
[Info]Finish loading 861 items' weights in total 156639 items!
[Info]Begin tagging 861 items with ETBIR_User Interpolation............
---- item 1: map is 0.55751, precision@k is 0.18182, mrr is 1.00000
---- item 51: map is 0.37983, precision@k is 0.18182, mrr is 1.00000
---- item 101: map is 0.75000, precision@k is 0.50000, mrr is 1.00000
---- item 151: map is 0.14013, precision@k is 0.09091, mrr is 0.33333
---- item 201: map is 0.34304, precision@k is 0.09091, mrr is 1.00000
---- item 251: map is 0.17262, precision@k is 0.09091, mrr is 0.25000
---- item 301: map is 0.50524, precision@k is 0.18182, mrr is 1.00000
---- item 351: map is 0.66667, precision@k is 0.33333, mrr is 1.00000
---- item 401: map is 0.33556, precision@k is 0.27273, mrr is 0.50000
---- item 451: map is 0.59903, precision@k is 0.18182, mrr is 1.00000
---- item 501: map is 0.34657, precision@k is 0.09091, mrr is 1.00000
---- item 551: map is 0.75000, precision@k is 0.50000, mrr is 1.00000
---- item 601: map is 0.43786, precision@k is 0.18182, mrr is 1.00000
---- item 651: map is 0.03875, precision@k is 0.09091, mrr is 0.10000
---- item 701: map is 0.17494, precision@k is 0.09091, mrr is 0.50000
---- item 751: map is 0.00469, precision@k is 0.00000, mrr is 0.00307
---- item 801: map is 0.42320, precision@k is 0.18182, mrr is 1.00000
---- item 851: map is 0.11731, precision@k is 0.09091, mrr is 0.33333
[Stat]ETBIR_User model, Interpolation mode item tagging: Precision@K is 0.22490, MAP is: 0.37235, MRR is: 0.67166, in top 10 tags
264 users are loaded from /home/ll5fy/TUIR/dataset/yelp/byUser_70k_review/5foldsCVColdstart/3/...
260 users are loaded from /home/ll5fy/TUIR/dataset/yelp/byUser_70k_review/5foldsCVColdstart/0/...
244 users are loaded from /home/ll5fy/TUIR/dataset/yelp/byUser_70k_review/5foldsCVColdstart/1/...
266 users are loaded from /home/ll5fy/TUIR/dataset/yelp/byUser_70k_review/5foldsCVColdstart/2/...
256 users are loaded from /home/ll5fy/TUIR/dataset/yelp/byUser_70k_review/5foldsCVColdstart/4/...
[Info]Finish loading 861 items' weights in total 156639 items!
[Info]Begin tagging 861 items with ETBIR_User Interpolation............
---- item 1: map is 0.55759, precision@k is 0.18182, mrr is 1.00000
---- item 51: map is 0.35813, precision@k is 0.18182, mrr is 1.00000
---- item 101: map is 0.75000, precision@k is 0.50000, mrr is 1.00000
---- item 151: map is 0.17540, precision@k is 0.09091, mrr is 0.33333
---- item 201: map is 0.34314, precision@k is 0.09091, mrr is 1.00000
---- item 251: map is 0.26299, precision@k is 0.09091, mrr is 0.50000
---- item 301: map is 0.50458, precision@k is 0.18182, mrr is 1.00000
---- item 351: map is 0.83333, precision@k is 0.66667, mrr is 1.00000
---- item 401: map is 0.35153, precision@k is 0.27273, mrr is 0.50000
---- item 451: map is 0.44818, precision@k is 0.18182, mrr is 1.00000
---- item 501: map is 0.34572, precision@k is 0.09091, mrr is 1.00000
---- item 551: map is 0.66667, precision@k is 0.33333, mrr is 1.00000
---- item 601: map is 0.43571, precision@k is 0.18182, mrr is 1.00000
---- item 651: map is 0.03395, precision@k is 0.00000, mrr is 0.05263
---- item 701: map is 0.17624, precision@k is 0.09091, mrr is 0.50000
---- item 751: map is 0.00447, precision@k is 0.00000, mrr is 0.00297
---- item 801: map is 0.41476, precision@k is 0.18182, mrr is 1.00000
---- item 851: map is 0.09908, precision@k is 0.09091, mrr is 0.25000
[Stat]ETBIR_User model, Interpolation mode item tagging: Precision@K is 0.22628, MAP is: 0.36964, MRR is: 0.66531, in top 10 tags
256 users are loaded from /home/ll5fy/TUIR/dataset/yelp/byUser_70k_review/5foldsCVColdstart/4/...
260 users are loaded from /home/ll5fy/TUIR/dataset/yelp/byUser_70k_review/5foldsCVColdstart/0/...
244 users are loaded from /home/ll5fy/TUIR/dataset/yelp/byUser_70k_review/5foldsCVColdstart/1/...
266 users are loaded from /home/ll5fy/TUIR/dataset/yelp/byUser_70k_review/5foldsCVColdstart/2/...
264 users are loaded from /home/ll5fy/TUIR/dataset/yelp/byUser_70k_review/5foldsCVColdstart/3/...
[Info]Finish loading 861 items' weights in total 156639 items!
[Info]Begin tagging 861 items with ETBIR_User Interpolation............
---- item 1: map is 0.73333, precision@k is 0.66667, mrr is 1.00000
---- item 51: map is 0.35929, precision@k is 0.18182, mrr is 1.00000
---- item 101: map is 0.75000, precision@k is 0.50000, mrr is 1.00000
---- item 151: map is 0.53948, precision@k is 0.27273, mrr is 1.00000
---- item 201: map is 0.34432, precision@k is 0.09091, mrr is 1.00000
---- item 251: map is 0.19643, precision@k is 0.09091, mrr is 0.25000
---- item 301: map is 0.50487, precision@k is 0.18182, mrr is 1.00000
---- item 351: map is 0.83333, precision@k is 0.66667, mrr is 1.00000
---- item 401: map is 0.35003, precision@k is 0.27273, mrr is 0.50000
---- item 451: map is 0.44372, precision@k is 0.18182, mrr is 1.00000
---- item 501: map is 0.34568, precision@k is 0.09091, mrr is 1.00000
---- item 551: map is 0.66667, precision@k is 0.33333, mrr is 1.00000
---- item 601: map is 0.43769, precision@k is 0.18182, mrr is 1.00000
---- item 651: map is 0.03363, precision@k is 0.00000, mrr is 0.05556
---- item 701: map is 0.18198, precision@k is 0.09091, mrr is 0.50000
---- item 751: map is 0.00450, precision@k is 0.00000, mrr is 0.00294
---- item 801: map is 0.41403, precision@k is 0.18182, mrr is 1.00000
---- item 851: map is 0.09953, precision@k is 0.09091, mrr is 0.25000
[Stat]ETBIR_User model, Interpolation mode item tagging: Precision@K is 0.22756, MAP is: 0.36953, MRR is: 0.66130, in top 10 tags

[Stat]Running time (seconds) 362.74600
[Stat]MAP 0.371+/-0.002
[Stat]MRR 0.683+/-0.024
[Stat]Precision 0.220+/-0.009
