Load 6134 2-gram new features from /home/ll5fy/TUIR/dataset/yelp/yelp_features.txt...
Load 6134 2-gram new features from /home/ll5fy/TUIR/dataset/yelp/yelp_features.txt...
[Info]Start FIXED cross validation...
[Info]Load 553 tags, with 6134 features.
260 users are loaded from /home/ll5fy/TUIR/dataset/yelp/byUser_70k_review/5foldsCVColdstart/0/...
244 users are loaded from /home/ll5fy/TUIR/dataset/yelp/byUser_70k_review/5foldsCVColdstart/1/...
266 users are loaded from /home/ll5fy/TUIR/dataset/yelp/byUser_70k_review/5foldsCVColdstart/2/...
264 users are loaded from /home/ll5fy/TUIR/dataset/yelp/byUser_70k_review/5foldsCVColdstart/3/...
256 users are loaded from /home/ll5fy/TUIR/dataset/yelp/byUser_70k_review/5foldsCVColdstart/4/...
[Info]Finish loading 861 items' weights in total 156639 items!
[Info]Begin tagging 861 items with ETBIR_Item Interpolation............
---- item 1: map is 0.37970, precision@k is 0.09091, mrr is 1.00000
---- item 51: map is 0.53059, precision@k is 0.18182, mrr is 1.00000
---- item 101: map is 0.83333, precision@k is 0.66667, mrr is 1.00000
---- item 151: map is 0.19658, precision@k is 0.09091, mrr is 0.50000
---- item 201: map is 0.34342, precision@k is 0.09091, mrr is 1.00000
---- item 251: map is 0.13690, precision@k is 0.09091, mrr is 0.25000
---- item 301: map is 0.50523, precision@k is 0.18182, mrr is 1.00000
---- item 351: map is 0.52128, precision@k is 0.09091, mrr is 1.00000
---- item 401: map is 0.15550, precision@k is 0.09091, mrr is 0.50000
---- item 451: map is 0.59259, precision@k is 0.18182, mrr is 1.00000
---- item 501: map is 0.34760, precision@k is 0.09091, mrr is 1.00000
---- item 551: map is 0.83333, precision@k is 0.66667, mrr is 1.00000
---- item 601: map is 0.03273, precision@k is 0.00000, mrr is 0.03448
---- item 651: map is 0.02406, precision@k is 0.00000, mrr is 0.03704
---- item 701: map is 0.34250, precision@k is 0.09091, mrr is 1.00000
---- item 751: map is 0.00445, precision@k is 0.00000, mrr is 0.00311
---- item 801: map is 0.35256, precision@k is 0.09091, mrr is 1.00000
---- item 851: map is 0.08093, precision@k is 0.09091, mrr is 0.25000
[Stat]ETBIR_Item model, Interpolation mode item tagging: Precision@K is 0.20252, MAP is: 0.36663, MRR is: 0.72122, in top 10 tags
244 users are loaded from /home/ll5fy/TUIR/dataset/yelp/byUser_70k_review/5foldsCVColdstart/1/...
260 users are loaded from /home/ll5fy/TUIR/dataset/yelp/byUser_70k_review/5foldsCVColdstart/0/...
266 users are loaded from /home/ll5fy/TUIR/dataset/yelp/byUser_70k_review/5foldsCVColdstart/2/...
264 users are loaded from /home/ll5fy/TUIR/dataset/yelp/byUser_70k_review/5foldsCVColdstart/3/...
256 users are loaded from /home/ll5fy/TUIR/dataset/yelp/byUser_70k_review/5foldsCVColdstart/4/...
[Info]Finish loading 861 items' weights in total 156639 items!
[Info]Begin tagging 861 items with ETBIR_Item Interpolation............
---- item 1: map is 0.36305, precision@k is 0.09091, mrr is 1.00000
---- item 51: map is 0.40382, precision@k is 0.18182, mrr is 1.00000
---- item 101: map is 0.83333, precision@k is 0.66667, mrr is 1.00000
---- item 151: map is 0.20775, precision@k is 0.09091, mrr is 0.50000
---- item 201: map is 0.34312, precision@k is 0.09091, mrr is 1.00000
---- item 251: map is 0.15726, precision@k is 0.09091, mrr is 0.25000
---- item 301: map is 0.50503, precision@k is 0.18182, mrr is 1.00000
---- item 351: map is 0.54762, precision@k is 0.09091, mrr is 1.00000
---- item 401: map is 0.28726, precision@k is 0.27273, mrr is 0.50000
---- item 451: map is 0.60819, precision@k is 0.18182, mrr is 1.00000
---- item 501: map is 0.34853, precision@k is 0.09091, mrr is 1.00000
---- item 551: map is 0.75000, precision@k is 0.50000, mrr is 1.00000
---- item 601: map is 0.43910, precision@k is 0.18182, mrr is 1.00000
---- item 651: map is 0.03203, precision@k is 0.00000, mrr is 0.07692
---- item 701: map is 0.17578, precision@k is 0.09091, mrr is 0.50000
---- item 751: map is 0.00459, precision@k is 0.00000, mrr is 0.00282
---- item 801: map is 0.37857, precision@k is 0.09091, mrr is 1.00000
---- item 851: map is 0.10643, precision@k is 0.09091, mrr is 0.33333
[Stat]ETBIR_Item model, Interpolation mode item tagging: Precision@K is 0.21806, MAP is: 0.37546, MRR is: 0.69258, in top 10 tags
266 users are loaded from /home/ll5fy/TUIR/dataset/yelp/byUser_70k_review/5foldsCVColdstart/2/...
260 users are loaded from /home/ll5fy/TUIR/dataset/yelp/byUser_70k_review/5foldsCVColdstart/0/...
244 users are loaded from /home/ll5fy/TUIR/dataset/yelp/byUser_70k_review/5foldsCVColdstart/1/...
264 users are loaded from /home/ll5fy/TUIR/dataset/yelp/byUser_70k_review/5foldsCVColdstart/3/...
256 users are loaded from /home/ll5fy/TUIR/dataset/yelp/byUser_70k_review/5foldsCVColdstart/4/...
[Info]Finish loading 861 items' weights in total 156639 items!
[Info]Begin tagging 861 items with ETBIR_Item Interpolation............
---- item 1: map is 0.55774, precision@k is 0.18182, mrr is 1.00000
---- item 51: map is 0.37038, precision@k is 0.18182, mrr is 1.00000
---- item 101: map is 0.75000, precision@k is 0.50000, mrr is 1.00000
---- item 151: map is 0.16028, precision@k is 0.09091, mrr is 0.33333
---- item 201: map is 0.34404, precision@k is 0.09091, mrr is 1.00000
---- item 251: map is 0.16500, precision@k is 0.09091, mrr is 0.25000
---- item 301: map is 0.50487, precision@k is 0.18182, mrr is 1.00000
---- item 351: map is 0.66667, precision@k is 0.33333, mrr is 1.00000
---- item 401: map is 0.33509, precision@k is 0.27273, mrr is 0.50000
---- item 451: map is 0.60101, precision@k is 0.18182, mrr is 1.00000
---- item 501: map is 0.34851, precision@k is 0.09091, mrr is 1.00000
---- item 551: map is 0.75000, precision@k is 0.50000, mrr is 1.00000
---- item 601: map is 0.43615, precision@k is 0.18182, mrr is 1.00000
---- item 651: map is 0.03263, precision@k is 0.00000, mrr is 0.07692
---- item 701: map is 0.17577, precision@k is 0.09091, mrr is 0.50000
---- item 751: map is 0.00449, precision@k is 0.00000, mrr is 0.00293
---- item 801: map is 0.41394, precision@k is 0.18182, mrr is 1.00000
---- item 851: map is 0.11649, precision@k is 0.09091, mrr is 0.33333
[Stat]ETBIR_Item model, Interpolation mode item tagging: Precision@K is 0.22442, MAP is: 0.37115, MRR is: 0.66961, in top 10 tags
264 users are loaded from /home/ll5fy/TUIR/dataset/yelp/byUser_70k_review/5foldsCVColdstart/3/...
260 users are loaded from /home/ll5fy/TUIR/dataset/yelp/byUser_70k_review/5foldsCVColdstart/0/...
244 users are loaded from /home/ll5fy/TUIR/dataset/yelp/byUser_70k_review/5foldsCVColdstart/1/...
266 users are loaded from /home/ll5fy/TUIR/dataset/yelp/byUser_70k_review/5foldsCVColdstart/2/...
256 users are loaded from /home/ll5fy/TUIR/dataset/yelp/byUser_70k_review/5foldsCVColdstart/4/...
[Info]Finish loading 861 items' weights in total 156639 items!
[Info]Begin tagging 861 items with ETBIR_Item Interpolation............
---- item 1: map is 0.55768, precision@k is 0.18182, mrr is 1.00000
---- item 51: map is 0.35463, precision@k is 0.18182, mrr is 1.00000
---- item 101: map is 0.75000, precision@k is 0.50000, mrr is 1.00000
---- item 151: map is 0.19316, precision@k is 0.18182, mrr is 0.33333
---- item 201: map is 0.34362, precision@k is 0.09091, mrr is 1.00000
---- item 251: map is 0.26471, precision@k is 0.09091, mrr is 0.50000
---- item 301: map is 0.50486, precision@k is 0.18182, mrr is 1.00000
---- item 351: map is 0.83333, precision@k is 0.66667, mrr is 1.00000
---- item 401: map is 0.35039, precision@k is 0.27273, mrr is 0.50000
---- item 451: map is 0.44062, precision@k is 0.18182, mrr is 1.00000
---- item 501: map is 0.34682, precision@k is 0.09091, mrr is 1.00000
---- item 551: map is 0.70000, precision@k is 0.40000, mrr is 1.00000
---- item 601: map is 0.43722, precision@k is 0.18182, mrr is 1.00000
---- item 651: map is 0.03307, precision@k is 0.00000, mrr is 0.05556
---- item 701: map is 0.18208, precision@k is 0.09091, mrr is 0.50000
---- item 751: map is 0.00438, precision@k is 0.00000, mrr is 0.00286
---- item 801: map is 0.41465, precision@k is 0.18182, mrr is 1.00000
---- item 851: map is 0.09618, precision@k is 0.09091, mrr is 0.25000
[Stat]ETBIR_Item model, Interpolation mode item tagging: Precision@K is 0.22939, MAP is: 0.37227, MRR is: 0.66601, in top 10 tags
256 users are loaded from /home/ll5fy/TUIR/dataset/yelp/byUser_70k_review/5foldsCVColdstart/4/...
260 users are loaded from /home/ll5fy/TUIR/dataset/yelp/byUser_70k_review/5foldsCVColdstart/0/...
244 users are loaded from /home/ll5fy/TUIR/dataset/yelp/byUser_70k_review/5foldsCVColdstart/1/...
266 users are loaded from /home/ll5fy/TUIR/dataset/yelp/byUser_70k_review/5foldsCVColdstart/2/...
264 users are loaded from /home/ll5fy/TUIR/dataset/yelp/byUser_70k_review/5foldsCVColdstart/3/...
[Info]Finish loading 861 items' weights in total 156639 items!
[Info]Begin tagging 861 items with ETBIR_Item Interpolation............
---- item 1: map is 0.70952, precision@k is 0.57143, mrr is 1.00000
---- item 51: map is 0.34959, precision@k is 0.18182, mrr is 1.00000
---- item 101: map is 0.75000, precision@k is 0.50000, mrr is 1.00000
---- item 151: map is 0.53831, precision@k is 0.27273, mrr is 1.00000
---- item 201: map is 0.34590, precision@k is 0.09091, mrr is 1.00000
---- item 251: map is 0.20192, precision@k is 0.09091, mrr is 0.25000
---- item 301: map is 0.50537, precision@k is 0.18182, mrr is 1.00000
---- item 351: map is 0.83333, precision@k is 0.66667, mrr is 1.00000
---- item 401: map is 0.35248, precision@k is 0.27273, mrr is 0.50000
---- item 451: map is 0.44156, precision@k is 0.18182, mrr is 1.00000
---- item 501: map is 0.34586, precision@k is 0.09091, mrr is 1.00000
---- item 551: map is 0.66667, precision@k is 0.33333, mrr is 1.00000
---- item 601: map is 0.43829, precision@k is 0.18182, mrr is 1.00000
---- item 651: map is 0.03087, precision@k is 0.00000, mrr is 0.05556
---- item 701: map is 0.17919, precision@k is 0.09091, mrr is 0.50000
---- item 751: map is 0.00452, precision@k is 0.00000, mrr is 0.00302
---- item 801: map is 0.41522, precision@k is 0.18182, mrr is 1.00000
---- item 851: map is 0.10102, precision@k is 0.09091, mrr is 0.25000
[Stat]ETBIR_Item model, Interpolation mode item tagging: Precision@K is 0.22845, MAP is: 0.37046, MRR is: 0.66186, in top 10 tags

[Stat]Running time (seconds) 365.33600
[Stat]MAP 0.371+/-0.003
[Stat]MRR 0.682+/-0.022
[Stat]Precision 0.221+/-0.010
