Load 6134 2-gram new features from /home/ll5fy/TUIR/dataset/yelp/yelp_features.txt...
Load 6134 2-gram new features from /home/ll5fy/TUIR/dataset/yelp/yelp_features.txt...
[Info]Start FIXED cross validation...
[Info]Load 553 tags, with 6134 features.
260 users are loaded from /home/ll5fy/TUIR/dataset/yelp/byUser_70k_review/5foldsCVColdstart/0/...
244 users are loaded from /home/ll5fy/TUIR/dataset/yelp/byUser_70k_review/5foldsCVColdstart/1/...
266 users are loaded from /home/ll5fy/TUIR/dataset/yelp/byUser_70k_review/5foldsCVColdstart/2/...
264 users are loaded from /home/ll5fy/TUIR/dataset/yelp/byUser_70k_review/5foldsCVColdstart/3/...
256 users are loaded from /home/ll5fy/TUIR/dataset/yelp/byUser_70k_review/5foldsCVColdstart/4/...
[Info]Finish loading 861 items' weights in total 156639 items!
[Info]Begin tagging 861 items with ETBIR_Item Interpolation............
---- item 1: map is 0.34680, precision@k is 0.09091, mrr is 1.00000
---- item 51: map is 0.54291, precision@k is 0.18182, mrr is 1.00000
---- item 101: map is 1.00000, precision@k is 1.00000, mrr is 1.00000
---- item 151: map is 0.37022, precision@k is 0.09091, mrr is 1.00000
---- item 201: map is 0.34397, precision@k is 0.09091, mrr is 1.00000
---- item 251: map is 0.01175, precision@k is 0.00000, mrr is 0.00901
---- item 301: map is 0.25917, precision@k is 0.09091, mrr is 1.00000
---- item 351: map is 0.51266, precision@k is 0.09091, mrr is 1.00000
---- item 401: map is 0.04038, precision@k is 0.00000, mrr is 0.06667
---- item 451: map is 0.38889, precision@k is 0.09091, mrr is 1.00000
---- item 501: map is 0.01504, precision@k is 0.00000, mrr is 0.01064
---- item 551: map is 1.00000, precision@k is 1.00000, mrr is 1.00000
---- item 601: map is 0.02397, precision@k is 0.00000, mrr is 0.01923
---- item 651: map is 0.03635, precision@k is 0.09091, mrr is 0.11111
---- item 701: map is 0.34220, precision@k is 0.09091, mrr is 1.00000
---- item 751: map is 0.00446, precision@k is 0.00000, mrr is 0.00297
---- item 801: map is 0.35183, precision@k is 0.09091, mrr is 1.00000
---- item 851: map is 0.06219, precision@k is 0.09091, mrr is 0.14286
[Stat]ETBIR_Item model, Interpolation mode item tagging: Precision@K is 0.13435, MAP is: 0.32654, MRR is: 0.78490, in top 10 tags
244 users are loaded from /home/ll5fy/TUIR/dataset/yelp/byUser_70k_review/5foldsCVColdstart/1/...
260 users are loaded from /home/ll5fy/TUIR/dataset/yelp/byUser_70k_review/5foldsCVColdstart/0/...
266 users are loaded from /home/ll5fy/TUIR/dataset/yelp/byUser_70k_review/5foldsCVColdstart/2/...
264 users are loaded from /home/ll5fy/TUIR/dataset/yelp/byUser_70k_review/5foldsCVColdstart/3/...
256 users are loaded from /home/ll5fy/TUIR/dataset/yelp/byUser_70k_review/5foldsCVColdstart/4/...
[Info]Finish loading 861 items' weights in total 156639 items!
[Info]Begin tagging 861 items with ETBIR_Item Interpolation............
---- item 1: map is 0.34858, precision@k is 0.09091, mrr is 1.00000
---- item 51: map is 0.54901, precision@k is 0.18182, mrr is 1.00000
---- item 101: map is 1.00000, precision@k is 1.00000, mrr is 1.00000
---- item 151: map is 0.37674, precision@k is 0.09091, mrr is 1.00000
---- item 201: map is 0.34451, precision@k is 0.09091, mrr is 1.00000
---- item 251: map is 0.01030, precision@k is 0.00000, mrr is 0.00690
---- item 301: map is 0.26893, precision@k is 0.09091, mrr is 1.00000
---- item 351: map is 0.51613, precision@k is 0.09091, mrr is 1.00000
---- item 401: map is 0.11562, precision@k is 0.09091, mrr is 0.33333
---- item 451: map is 0.39022, precision@k is 0.09091, mrr is 1.00000
---- item 501: map is 0.01697, precision@k is 0.00000, mrr is 0.01136
---- item 551: map is 1.00000, precision@k is 1.00000, mrr is 1.00000
---- item 601: map is 0.14812, precision@k is 0.09091, mrr is 0.50000
---- item 651: map is 0.03104, precision@k is 0.00000, mrr is 0.05000
---- item 701: map is 0.34345, precision@k is 0.09091, mrr is 1.00000
---- item 751: map is 0.00437, precision@k is 0.00000, mrr is 0.00280
---- item 801: map is 0.35593, precision@k is 0.09091, mrr is 1.00000
---- item 851: map is 0.04355, precision@k is 0.00000, mrr is 0.05882
[Stat]ETBIR_Item model, Interpolation mode item tagging: Precision@K is 0.15179, MAP is: 0.34221, MRR is: 0.77458, in top 10 tags
266 users are loaded from /home/ll5fy/TUIR/dataset/yelp/byUser_70k_review/5foldsCVColdstart/2/...
260 users are loaded from /home/ll5fy/TUIR/dataset/yelp/byUser_70k_review/5foldsCVColdstart/0/...
244 users are loaded from /home/ll5fy/TUIR/dataset/yelp/byUser_70k_review/5foldsCVColdstart/1/...
264 users are loaded from /home/ll5fy/TUIR/dataset/yelp/byUser_70k_review/5foldsCVColdstart/3/...
256 users are loaded from /home/ll5fy/TUIR/dataset/yelp/byUser_70k_review/5foldsCVColdstart/4/...
[Info]Finish loading 861 items' weights in total 156639 items!
[Info]Begin tagging 861 items with ETBIR_Item Interpolation............
---- item 1: map is 0.34649, precision@k is 0.09091, mrr is 1.00000
---- item 51: map is 0.53964, precision@k is 0.18182, mrr is 1.00000
---- item 101: map is 1.00000, precision@k is 1.00000, mrr is 1.00000
---- item 151: map is 0.36370, precision@k is 0.09091, mrr is 1.00000
---- item 201: map is 0.34475, precision@k is 0.09091, mrr is 1.00000
---- item 251: map is 0.01236, precision@k is 0.00000, mrr is 0.01111
---- item 301: map is 0.28221, precision@k is 0.09091, mrr is 1.00000
---- item 351: map is 0.51333, precision@k is 0.09091, mrr is 1.00000
---- item 401: map is 0.13982, precision@k is 0.09091, mrr is 0.50000
---- item 451: map is 0.42842, precision@k is 0.09091, mrr is 1.00000
---- item 501: map is 0.01774, precision@k is 0.00000, mrr is 0.01299
---- item 551: map is 1.00000, precision@k is 1.00000, mrr is 1.00000
---- item 601: map is 0.27788, precision@k is 0.09091, mrr is 1.00000
---- item 651: map is 0.02872, precision@k is 0.00000, mrr is 0.06250
---- item 701: map is 0.34194, precision@k is 0.09091, mrr is 1.00000
---- item 751: map is 0.00461, precision@k is 0.00000, mrr is 0.00312
---- item 801: map is 0.35593, precision@k is 0.09091, mrr is 1.00000
---- item 851: map is 0.06986, precision@k is 0.09091, mrr is 0.16667
[Stat]ETBIR_Item model, Interpolation mode item tagging: Precision@K is 0.16461, MAP is: 0.34986, MRR is: 0.77064, in top 10 tags
264 users are loaded from /home/ll5fy/TUIR/dataset/yelp/byUser_70k_review/5foldsCVColdstart/3/...
260 users are loaded from /home/ll5fy/TUIR/dataset/yelp/byUser_70k_review/5foldsCVColdstart/0/...
244 users are loaded from /home/ll5fy/TUIR/dataset/yelp/byUser_70k_review/5foldsCVColdstart/1/...
266 users are loaded from /home/ll5fy/TUIR/dataset/yelp/byUser_70k_review/5foldsCVColdstart/2/...
256 users are loaded from /home/ll5fy/TUIR/dataset/yelp/byUser_70k_review/5foldsCVColdstart/4/...
[Info]Finish loading 861 items' weights in total 156639 items!
[Info]Begin tagging 861 items with ETBIR_Item Interpolation............
---- item 1: map is 0.34535, precision@k is 0.09091, mrr is 1.00000
---- item 51: map is 0.53908, precision@k is 0.18182, mrr is 1.00000
---- item 101: map is 1.00000, precision@k is 1.00000, mrr is 1.00000
---- item 151: map is 0.37280, precision@k is 0.09091, mrr is 1.00000
---- item 201: map is 0.34557, precision@k is 0.09091, mrr is 1.00000
---- item 251: map is 0.50508, precision@k is 0.09091, mrr is 1.00000
---- item 301: map is 0.26629, precision@k is 0.09091, mrr is 1.00000
---- item 351: map is 0.52000, precision@k is 0.09091, mrr is 1.00000
---- item 401: map is 0.15757, precision@k is 0.09091, mrr is 0.50000
---- item 451: map is 0.56871, precision@k is 0.18182, mrr is 1.00000
---- item 501: map is 0.02022, precision@k is 0.00000, mrr is 0.02632
---- item 551: map is 1.00000, precision@k is 1.00000, mrr is 1.00000
---- item 601: map is 0.28429, precision@k is 0.09091, mrr is 1.00000
---- item 651: map is 0.03121, precision@k is 0.00000, mrr is 0.06667
---- item 701: map is 0.17713, precision@k is 0.09091, mrr is 0.50000
---- item 751: map is 0.00442, precision@k is 0.00000, mrr is 0.00285
---- item 801: map is 0.35207, precision@k is 0.09091, mrr is 1.00000
---- item 851: map is 0.06426, precision@k is 0.09091, mrr is 0.14286
[Stat]ETBIR_Item model, Interpolation mode item tagging: Precision@K is 0.17337, MAP is: 0.35467, MRR is: 0.76259, in top 10 tags
256 users are loaded from /home/ll5fy/TUIR/dataset/yelp/byUser_70k_review/5foldsCVColdstart/4/...
260 users are loaded from /home/ll5fy/TUIR/dataset/yelp/byUser_70k_review/5foldsCVColdstart/0/...
244 users are loaded from /home/ll5fy/TUIR/dataset/yelp/byUser_70k_review/5foldsCVColdstart/1/...
266 users are loaded from /home/ll5fy/TUIR/dataset/yelp/byUser_70k_review/5foldsCVColdstart/2/...
264 users are loaded from /home/ll5fy/TUIR/dataset/yelp/byUser_70k_review/5foldsCVColdstart/3/...
[Info]Finish loading 861 items' weights in total 156639 items!
[Info]Begin tagging 861 items with ETBIR_Item Interpolation............
---- item 1: map is 0.35989, precision@k is 0.09091, mrr is 1.00000
---- item 51: map is 0.53382, precision@k is 0.18182, mrr is 1.00000
---- item 101: map is 1.00000, precision@k is 1.00000, mrr is 1.00000
---- item 151: map is 0.43815, precision@k is 0.18182, mrr is 1.00000
---- item 201: map is 0.34483, precision@k is 0.09091, mrr is 1.00000
---- item 251: map is 0.01660, precision@k is 0.00000, mrr is 0.01667
---- item 301: map is 0.27119, precision@k is 0.09091, mrr is 1.00000
---- item 351: map is 0.52174, precision@k is 0.09091, mrr is 1.00000
---- item 401: map is 0.20597, precision@k is 0.18182, mrr is 0.50000
---- item 451: map is 0.56871, precision@k is 0.18182, mrr is 1.00000
---- item 501: map is 0.03839, precision@k is 0.00000, mrr is 0.08333
---- item 551: map is 1.00000, precision@k is 1.00000, mrr is 1.00000
---- item 601: map is 0.35057, precision@k is 0.18182, mrr is 1.00000
---- item 651: map is 0.02729, precision@k is 0.00000, mrr is 0.06250
---- item 701: map is 0.17482, precision@k is 0.09091, mrr is 0.50000
---- item 751: map is 0.00428, precision@k is 0.00000, mrr is 0.00284
---- item 801: map is 0.35141, precision@k is 0.09091, mrr is 1.00000
---- item 851: map is 0.06341, precision@k is 0.09091, mrr is 0.14286
[Stat]ETBIR_Item model, Interpolation mode item tagging: Precision@K is 0.17825, MAP is: 0.35895, MRR is: 0.75999, in top 10 tags

[Stat]Running time (seconds) 363.41100
[Stat]MAP 0.346+/-0.011
[Stat]MRR 0.771+/-0.009
[Stat]Precision 0.160+/-0.016
