Load 6134 2-gram new features from /home/ll5fy/TUIR/dataset/yelp/yelp_features.txt...
Load 6134 2-gram new features from /home/ll5fy/TUIR/dataset/yelp/yelp_features.txt...
[Info]Start FIXED cross validation...
[Info]Load 553 tags, with 6134 features.
260 users are loaded from /home/ll5fy/TUIR/dataset/yelp/byUser_70k_review/5foldsCVColdstart/0/...
244 users are loaded from /home/ll5fy/TUIR/dataset/yelp/byUser_70k_review/5foldsCVColdstart/1/...
266 users are loaded from /home/ll5fy/TUIR/dataset/yelp/byUser_70k_review/5foldsCVColdstart/2/...
264 users are loaded from /home/ll5fy/TUIR/dataset/yelp/byUser_70k_review/5foldsCVColdstart/3/...
256 users are loaded from /home/ll5fy/TUIR/dataset/yelp/byUser_70k_review/5foldsCVColdstart/4/...
[Info]Finish loading 722 items' weights in total 156639 items!
[Info]Begin tagging 722 items with LDA_Variational Interpolation............
---- item 1: map is 0.47054, precision@k is 0.18182, mrr is 1.00000
---- item 51: map is 0.25183, precision@k is 0.09091, mrr is 0.50000
---- item 101: map is 0.50000, precision@k is 0.50000, mrr is 0.50000
---- item 151: map is 0.10357, precision@k is 0.09091, mrr is 0.25000
---- item 201: map is 0.35693, precision@k is 0.18182, mrr is 1.00000
---- item 251: map is 0.83333, precision@k is 0.66667, mrr is 1.00000
---- item 301: map is 0.07915, precision@k is 0.09091, mrr is 0.16667
---- item 351: map is 0.34006, precision@k is 0.18182, mrr is 1.00000
---- item 401: map is 0.30764, precision@k is 0.09091, mrr is 1.00000
---- item 451: map is 0.56032, precision@k is 0.18182, mrr is 1.00000
---- item 501: map is 0.11680, precision@k is 0.09091, mrr is 0.33333
---- item 551: map is 0.66971, precision@k is 0.18182, mrr is 1.00000
---- item 601: map is 0.41667, precision@k is 0.33333, mrr is 0.50000
---- item 651: map is 0.27751, precision@k is 0.18182, mrr is 0.50000
---- item 701: map is 0.70000, precision@k is 0.40000, mrr is 1.00000
[Stat]LDA_Variational model, Interpolation mode item tagging: Precision@K is 0.18930, MAP is: 0.31393, MRR is: 0.60755, in top 10 tags
244 users are loaded from /home/ll5fy/TUIR/dataset/yelp/byUser_70k_review/5foldsCVColdstart/1/...
260 users are loaded from /home/ll5fy/TUIR/dataset/yelp/byUser_70k_review/5foldsCVColdstart/0/...
266 users are loaded from /home/ll5fy/TUIR/dataset/yelp/byUser_70k_review/5foldsCVColdstart/2/...
264 users are loaded from /home/ll5fy/TUIR/dataset/yelp/byUser_70k_review/5foldsCVColdstart/3/...
256 users are loaded from /home/ll5fy/TUIR/dataset/yelp/byUser_70k_review/5foldsCVColdstart/4/...
[Info]Finish loading 732 items' weights in total 156639 items!
[Info]Begin tagging 732 items with LDA_Variational Interpolation............
---- item 1: map is 0.67568, precision@k is 0.18182, mrr is 1.00000
---- item 51: map is 0.67273, precision@k is 0.18182, mrr is 1.00000
---- item 101: map is 0.10518, precision@k is 0.09091, mrr is 0.20000
---- item 151: map is 0.35761, precision@k is 0.18182, mrr is 1.00000
---- item 201: map is 0.83333, precision@k is 0.66667, mrr is 1.00000
---- item 251: map is 0.30000, precision@k is 0.09091, mrr is 0.50000
---- item 301: map is 0.46952, precision@k is 0.18182, mrr is 1.00000
---- item 351: map is 0.29348, precision@k is 0.09091, mrr is 0.50000
---- item 401: map is 0.12409, precision@k is 0.09091, mrr is 0.33333
---- item 451: map is 0.26845, precision@k is 0.18182, mrr is 1.00000
---- item 501: map is 0.50000, precision@k is 0.50000, mrr is 0.50000
---- item 551: map is 0.00437, precision@k is 0.00000, mrr is 0.00274
---- item 601: map is 0.02699, precision@k is 0.00000, mrr is 0.02083
---- item 651: map is 0.31449, precision@k is 0.18182, mrr is 0.50000
---- item 701: map is 0.41648, precision@k is 0.18182, mrr is 1.00000
[Stat]LDA_Variational model, Interpolation mode item tagging: Precision@K is 0.21927, MAP is: 0.37724, MRR is: 0.69308, in top 10 tags
266 users are loaded from /home/ll5fy/TUIR/dataset/yelp/byUser_70k_review/5foldsCVColdstart/2/...
260 users are loaded from /home/ll5fy/TUIR/dataset/yelp/byUser_70k_review/5foldsCVColdstart/0/...
244 users are loaded from /home/ll5fy/TUIR/dataset/yelp/byUser_70k_review/5foldsCVColdstart/1/...
264 users are loaded from /home/ll5fy/TUIR/dataset/yelp/byUser_70k_review/5foldsCVColdstart/3/...
256 users are loaded from /home/ll5fy/TUIR/dataset/yelp/byUser_70k_review/5foldsCVColdstart/4/...
[Info]Finish loading 702 items' weights in total 156639 items!
[Info]Begin tagging 702 items with LDA_Variational Interpolation............
---- item 1: map is 0.56063, precision@k is 0.18182, mrr is 1.00000
---- item 51: map is 0.36484, precision@k is 0.27273, mrr is 0.50000
---- item 101: map is 0.50541, precision@k is 0.09091, mrr is 1.00000
---- item 151: map is 0.23362, precision@k is 0.18182, mrr is 0.50000
---- item 201: map is 0.19490, precision@k is 0.09091, mrr is 1.00000
---- item 251: map is 0.24761, precision@k is 0.27273, mrr is 0.50000
---- item 301: map is 0.14004, precision@k is 0.18182, mrr is 0.14286
---- item 351: map is 0.39593, precision@k is 0.09091, mrr is 1.00000
---- item 401: map is 0.46758, precision@k is 0.27273, mrr is 1.00000
---- item 451: map is 0.63062, precision@k is 0.27273, mrr is 1.00000
---- item 501: map is 0.34582, precision@k is 0.27273, mrr is 0.50000
---- item 551: map is 0.52705, precision@k is 0.27273, mrr is 1.00000
---- item 601: map is 0.24507, precision@k is 0.27273, mrr is 0.33333
---- item 651: map is 0.40481, precision@k is 0.18182, mrr is 1.00000
---- item 701: map is 0.33333, precision@k is 0.33333, mrr is 0.33333
[Stat]LDA_Variational model, Interpolation mode item tagging: Precision@K is 0.21872, MAP is: 0.36775, MRR is: 0.65660, in top 10 tags
264 users are loaded from /home/ll5fy/TUIR/dataset/yelp/byUser_70k_review/5foldsCVColdstart/3/...
260 users are loaded from /home/ll5fy/TUIR/dataset/yelp/byUser_70k_review/5foldsCVColdstart/0/...
244 users are loaded from /home/ll5fy/TUIR/dataset/yelp/byUser_70k_review/5foldsCVColdstart/1/...
266 users are loaded from /home/ll5fy/TUIR/dataset/yelp/byUser_70k_review/5foldsCVColdstart/2/...
256 users are loaded from /home/ll5fy/TUIR/dataset/yelp/byUser_70k_review/5foldsCVColdstart/4/...
[Info]Finish loading 717 items' weights in total 156639 items!
[Info]Begin tagging 717 items with LDA_Variational Interpolation............
---- item 1: map is 0.67730, precision@k is 0.18182, mrr is 1.00000
---- item 51: map is 0.55896, precision@k is 0.18182, mrr is 1.00000
---- item 101: map is 0.22619, precision@k is 0.28571, mrr is 0.16667
---- item 151: map is 0.09115, precision@k is 0.09091, mrr is 0.16667
---- item 201: map is 0.36414, precision@k is 0.27273, mrr is 0.50000
---- item 251: map is 0.07449, precision@k is 0.09091, mrr is 0.14286
---- item 301: map is 0.29688, precision@k is 0.18182, mrr is 0.33333
---- item 351: map is 0.02530, precision@k is 0.00000, mrr is 0.02778
---- item 401: map is 0.00692, precision@k is 0.00000, mrr is 0.00478
---- item 451: map is 0.61111, precision@k is 0.22222, mrr is 1.00000
---- item 501: map is 1.00000, precision@k is 1.00000, mrr is 1.00000
---- item 551: map is 0.67113, precision@k is 0.18182, mrr is 1.00000
---- item 601: map is 0.06413, precision@k is 0.09091, mrr is 0.16667
---- item 651: map is 0.34397, precision@k is 0.27273, mrr is 0.50000
---- item 701: map is 0.40823, precision@k is 0.36364, mrr is 1.00000
[Stat]LDA_Variational model, Interpolation mode item tagging: Precision@K is 0.23395, MAP is: 0.38021, MRR is: 0.66932, in top 10 tags
256 users are loaded from /home/ll5fy/TUIR/dataset/yelp/byUser_70k_review/5foldsCVColdstart/4/...
260 users are loaded from /home/ll5fy/TUIR/dataset/yelp/byUser_70k_review/5foldsCVColdstart/0/...
244 users are loaded from /home/ll5fy/TUIR/dataset/yelp/byUser_70k_review/5foldsCVColdstart/1/...
266 users are loaded from /home/ll5fy/TUIR/dataset/yelp/byUser_70k_review/5foldsCVColdstart/2/...
264 users are loaded from /home/ll5fy/TUIR/dataset/yelp/byUser_70k_review/5foldsCVColdstart/3/...
[Info]Finish loading 726 items' weights in total 156639 items!
[Info]Begin tagging 726 items with LDA_Variational Interpolation............
---- item 1: map is 0.58056, precision@k is 0.18182, mrr is 1.00000
---- item 51: map is 0.22601, precision@k is 0.09091, mrr is 1.00000
---- item 101: map is 0.44107, precision@k is 0.18182, mrr is 1.00000
---- item 151: map is 0.12560, precision@k is 0.09091, mrr is 0.33333
---- item 201: map is 0.70000, precision@k is 0.40000, mrr is 1.00000
---- item 251: map is 0.34797, precision@k is 0.09091, mrr is 1.00000
---- item 301: map is 0.41922, precision@k is 0.18182, mrr is 1.00000
---- item 351: map is 1.00000, precision@k is 1.00000, mrr is 1.00000
---- item 401: map is 0.38108, precision@k is 0.09091, mrr is 1.00000
---- item 451: map is 0.14919, precision@k is 0.09091, mrr is 0.33333
---- item 501: map is 0.67222, precision@k is 0.27273, mrr is 1.00000
---- item 551: map is 0.52586, precision@k is 0.27273, mrr is 1.00000
---- item 601: map is 0.43553, precision@k is 0.27273, mrr is 0.50000
---- item 651: map is 0.66667, precision@k is 0.50000, mrr is 1.00000
---- item 701: map is 0.50788, precision@k is 0.18182, mrr is 1.00000
[Stat]LDA_Variational model, Interpolation mode item tagging: Precision@K is 0.23194, MAP is: 0.37933, MRR is: 0.66670, in top 10 tags

[Stat]Running time (seconds) 304.34200
[Stat]MAP 0.364+/-0.025
[Stat]MRR 0.659+/-0.028
[Stat]Precision 0.219+/-0.016
