Load 6134 2-gram new features from /home/ll5fy/TUIR/dataset/yelp/yelp_features.txt...
Load 6134 2-gram new features from /home/ll5fy/TUIR/dataset/yelp/yelp_features.txt...
[Info]Start FIXED cross validation...
[Info]Load 553 tags, with 6134 features.
260 users are loaded from /home/ll5fy/TUIR/dataset/yelp/byUser_70k_review/5foldsCVColdstart/0/...
244 users are loaded from /home/ll5fy/TUIR/dataset/yelp/byUser_70k_review/5foldsCVColdstart/1/...
266 users are loaded from /home/ll5fy/TUIR/dataset/yelp/byUser_70k_review/5foldsCVColdstart/2/...
264 users are loaded from /home/ll5fy/TUIR/dataset/yelp/byUser_70k_review/5foldsCVColdstart/3/...
256 users are loaded from /home/ll5fy/TUIR/dataset/yelp/byUser_70k_review/5foldsCVColdstart/4/...
[Info]Finish loading 861 items' weights in total 156639 items!
[Info]Begin tagging 861 items with ETBIR_User Interpolation............
---- item 1: map is 0.55811, precision@k is 0.18182, mrr is 1.00000
---- item 51: map is 0.36588, precision@k is 0.18182, mrr is 1.00000
---- item 101: map is 0.75000, precision@k is 0.50000, mrr is 1.00000
---- item 151: map is 0.14208, precision@k is 0.09091, mrr is 0.33333
---- item 201: map is 0.34443, precision@k is 0.09091, mrr is 1.00000
---- item 251: map is 0.19643, precision@k is 0.09091, mrr is 0.25000
---- item 301: map is 0.50463, precision@k is 0.18182, mrr is 1.00000
---- item 351: map is 0.75000, precision@k is 0.50000, mrr is 1.00000
---- item 401: map is 0.18525, precision@k is 0.18182, mrr is 0.50000
---- item 451: map is 0.58258, precision@k is 0.18182, mrr is 1.00000
---- item 501: map is 0.34634, precision@k is 0.09091, mrr is 1.00000
---- item 551: map is 0.66667, precision@k is 0.33333, mrr is 1.00000
---- item 601: map is 0.02694, precision@k is 0.00000, mrr is 0.01961
---- item 651: map is 0.25991, precision@k is 0.09091, mrr is 1.00000
---- item 701: map is 0.34294, precision@k is 0.09091, mrr is 1.00000
---- item 751: map is 0.00453, precision@k is 0.00000, mrr is 0.00300
---- item 801: map is 0.41399, precision@k is 0.18182, mrr is 1.00000
---- item 851: map is 0.09549, precision@k is 0.09091, mrr is 0.25000
[Stat]ETBIR_User model, Interpolation mode item tagging: Precision@K is 0.20664, MAP is: 0.35762, MRR is: 0.68164, in top 10 tags
244 users are loaded from /home/ll5fy/TUIR/dataset/yelp/byUser_70k_review/5foldsCVColdstart/1/...
260 users are loaded from /home/ll5fy/TUIR/dataset/yelp/byUser_70k_review/5foldsCVColdstart/0/...
266 users are loaded from /home/ll5fy/TUIR/dataset/yelp/byUser_70k_review/5foldsCVColdstart/2/...
264 users are loaded from /home/ll5fy/TUIR/dataset/yelp/byUser_70k_review/5foldsCVColdstart/3/...
256 users are loaded from /home/ll5fy/TUIR/dataset/yelp/byUser_70k_review/5foldsCVColdstart/4/...
[Info]Finish loading 861 items' weights in total 156639 items!
[Info]Begin tagging 861 items with ETBIR_User Interpolation............
---- item 1: map is 0.55782, precision@k is 0.18182, mrr is 1.00000
---- item 51: map is 0.34744, precision@k is 0.18182, mrr is 1.00000
---- item 101: map is 0.66667, precision@k is 0.33333, mrr is 1.00000
---- item 151: map is 0.15052, precision@k is 0.09091, mrr is 0.25000
---- item 201: map is 0.34382, precision@k is 0.09091, mrr is 1.00000
---- item 251: map is 0.21591, precision@k is 0.09091, mrr is 0.25000
---- item 301: map is 0.50585, precision@k is 0.18182, mrr is 1.00000
---- item 351: map is 0.83333, precision@k is 0.66667, mrr is 1.00000
---- item 401: map is 0.30334, precision@k is 0.27273, mrr is 0.50000
---- item 451: map is 0.53704, precision@k is 0.18182, mrr is 1.00000
---- item 501: map is 0.34661, precision@k is 0.09091, mrr is 1.00000
---- item 551: map is 0.58333, precision@k is 0.09091, mrr is 1.00000
---- item 601: map is 0.43817, precision@k is 0.18182, mrr is 1.00000
---- item 651: map is 0.03553, precision@k is 0.00000, mrr is 0.05882
---- item 701: map is 0.18266, precision@k is 0.09091, mrr is 0.50000
---- item 751: map is 0.00459, precision@k is 0.00000, mrr is 0.00287
---- item 801: map is 0.41421, precision@k is 0.18182, mrr is 1.00000
---- item 851: map is 0.11155, precision@k is 0.09091, mrr is 0.25000
[Stat]ETBIR_User model, Interpolation mode item tagging: Precision@K is 0.22216, MAP is: 0.36571, MRR is: 0.65524, in top 10 tags
266 users are loaded from /home/ll5fy/TUIR/dataset/yelp/byUser_70k_review/5foldsCVColdstart/2/...
260 users are loaded from /home/ll5fy/TUIR/dataset/yelp/byUser_70k_review/5foldsCVColdstart/0/...
244 users are loaded from /home/ll5fy/TUIR/dataset/yelp/byUser_70k_review/5foldsCVColdstart/1/...
264 users are loaded from /home/ll5fy/TUIR/dataset/yelp/byUser_70k_review/5foldsCVColdstart/3/...
256 users are loaded from /home/ll5fy/TUIR/dataset/yelp/byUser_70k_review/5foldsCVColdstart/4/...
[Info]Finish loading 861 items' weights in total 156639 items!
[Info]Begin tagging 861 items with ETBIR_User Interpolation............
---- item 1: map is 0.55952, precision@k is 0.18182, mrr is 1.00000
---- item 51: map is 0.34351, precision@k is 0.09091, mrr is 1.00000
---- item 101: map is 0.62500, precision@k is 0.25000, mrr is 1.00000
---- item 151: map is 0.10450, precision@k is 0.09091, mrr is 0.11111
---- item 201: map is 0.34285, precision@k is 0.09091, mrr is 1.00000
---- item 251: map is 0.22500, precision@k is 0.20000, mrr is 0.25000
---- item 301: map is 0.50524, precision@k is 0.18182, mrr is 1.00000
---- item 351: map is 1.00000, precision@k is 1.00000, mrr is 1.00000
---- item 401: map is 0.35144, precision@k is 0.27273, mrr is 0.50000
---- item 451: map is 0.53030, precision@k is 0.18182, mrr is 1.00000
---- item 501: map is 0.34574, precision@k is 0.09091, mrr is 1.00000
---- item 551: map is 0.58333, precision@k is 0.09091, mrr is 1.00000
---- item 601: map is 0.43980, precision@k is 0.18182, mrr is 1.00000
---- item 651: map is 0.04173, precision@k is 0.00000, mrr is 0.04545
---- item 701: map is 0.13219, precision@k is 0.09091, mrr is 0.33333
---- item 751: map is 0.00465, precision@k is 0.00000, mrr is 0.00302
---- item 801: map is 0.41416, precision@k is 0.18182, mrr is 1.00000
---- item 851: map is 0.11278, precision@k is 0.09091, mrr is 0.25000
[Stat]ETBIR_User model, Interpolation mode item tagging: Precision@K is 0.22091, MAP is: 0.36401, MRR is: 0.64772, in top 10 tags
264 users are loaded from /home/ll5fy/TUIR/dataset/yelp/byUser_70k_review/5foldsCVColdstart/3/...
260 users are loaded from /home/ll5fy/TUIR/dataset/yelp/byUser_70k_review/5foldsCVColdstart/0/...
244 users are loaded from /home/ll5fy/TUIR/dataset/yelp/byUser_70k_review/5foldsCVColdstart/1/...
266 users are loaded from /home/ll5fy/TUIR/dataset/yelp/byUser_70k_review/5foldsCVColdstart/2/...
256 users are loaded from /home/ll5fy/TUIR/dataset/yelp/byUser_70k_review/5foldsCVColdstart/4/...
[Info]Finish loading 861 items' weights in total 156639 items!
[Info]Begin tagging 861 items with ETBIR_User Interpolation............
---- item 1: map is 0.67886, precision@k is 0.18182, mrr is 1.00000
---- item 51: map is 0.33905, precision@k is 0.09091, mrr is 1.00000
---- item 101: map is 0.62500, precision@k is 0.25000, mrr is 1.00000
---- item 151: map is 0.10913, precision@k is 0.09091, mrr is 0.14286
---- item 201: map is 0.34282, precision@k is 0.09091, mrr is 1.00000
---- item 251: map is 0.41667, precision@k is 0.50000, mrr is 0.33333
---- item 301: map is 0.50462, precision@k is 0.18182, mrr is 1.00000
---- item 351: map is 1.00000, precision@k is 1.00000, mrr is 1.00000
---- item 401: map is 0.35226, precision@k is 0.27273, mrr is 0.50000
---- item 451: map is 0.41754, precision@k is 0.18182, mrr is 1.00000
---- item 501: map is 0.34443, precision@k is 0.09091, mrr is 1.00000
---- item 551: map is 0.57143, precision@k is 0.09091, mrr is 1.00000
---- item 601: map is 0.43841, precision@k is 0.18182, mrr is 1.00000
---- item 651: map is 0.04808, precision@k is 0.00000, mrr is 0.03846
---- item 701: map is 0.14760, precision@k is 0.09091, mrr is 0.33333
---- item 751: map is 0.00444, precision@k is 0.00000, mrr is 0.00293
---- item 801: map is 0.41528, precision@k is 0.18182, mrr is 1.00000
---- item 851: map is 0.11258, precision@k is 0.09091, mrr is 0.25000
[Stat]ETBIR_User model, Interpolation mode item tagging: Precision@K is 0.21560, MAP is: 0.36049, MRR is: 0.64404, in top 10 tags
256 users are loaded from /home/ll5fy/TUIR/dataset/yelp/byUser_70k_review/5foldsCVColdstart/4/...
260 users are loaded from /home/ll5fy/TUIR/dataset/yelp/byUser_70k_review/5foldsCVColdstart/0/...
244 users are loaded from /home/ll5fy/TUIR/dataset/yelp/byUser_70k_review/5foldsCVColdstart/1/...
266 users are loaded from /home/ll5fy/TUIR/dataset/yelp/byUser_70k_review/5foldsCVColdstart/2/...
264 users are loaded from /home/ll5fy/TUIR/dataset/yelp/byUser_70k_review/5foldsCVColdstart/3/...
[Info]Finish loading 861 items' weights in total 156639 items!
[Info]Begin tagging 861 items with ETBIR_User Interpolation............
---- item 1: map is 0.77083, precision@k is 0.66667, mrr is 1.00000
---- item 51: map is 0.34286, precision@k is 0.09091, mrr is 1.00000
---- item 101: map is 0.62500, precision@k is 0.25000, mrr is 1.00000
---- item 151: map is 0.49012, precision@k is 0.27273, mrr is 1.00000
---- item 201: map is 0.34394, precision@k is 0.09091, mrr is 1.00000
---- item 251: map is 0.22500, precision@k is 0.20000, mrr is 0.25000
---- item 301: map is 0.50490, precision@k is 0.18182, mrr is 1.00000
---- item 351: map is 1.00000, precision@k is 1.00000, mrr is 1.00000
---- item 401: map is 0.35057, precision@k is 0.27273, mrr is 0.50000
---- item 451: map is 0.40710, precision@k is 0.09091, mrr is 1.00000
---- item 501: map is 0.34430, precision@k is 0.09091, mrr is 1.00000
---- item 551: map is 0.56667, precision@k is 0.09091, mrr is 1.00000
---- item 601: map is 0.44207, precision@k is 0.18182, mrr is 1.00000
---- item 651: map is 0.05009, precision@k is 0.00000, mrr is 0.03846
---- item 701: map is 0.15654, precision@k is 0.09091, mrr is 0.33333
---- item 751: map is 0.00446, precision@k is 0.00000, mrr is 0.00286
---- item 801: map is 0.41445, precision@k is 0.18182, mrr is 1.00000
---- item 851: map is 0.10605, precision@k is 0.09091, mrr is 0.25000
[Stat]ETBIR_User model, Interpolation mode item tagging: Precision@K is 0.21492, MAP is: 0.36015, MRR is: 0.64279, in top 10 tags

[Stat]Running time (seconds) 365.36200
[Stat]MAP 0.362+/-0.003
[Stat]MRR 0.654+/-0.014
[Stat]Precision 0.216+/-0.005
