Load 6134 2-gram new features from /home/ll5fy/TUIR/dataset/yelp/yelp_features.txt...
Load 6134 2-gram new features from /home/ll5fy/TUIR/dataset/yelp/yelp_features.txt...
[Info]Start FIXED cross validation...
[Info]Load 553 tags, with 6134 features.
260 users are loaded from /home/ll5fy/TUIR/dataset/yelp/byUser_70k_review/5foldsCVColdstart/0/...
244 users are loaded from /home/ll5fy/TUIR/dataset/yelp/byUser_70k_review/5foldsCVColdstart/1/...
266 users are loaded from /home/ll5fy/TUIR/dataset/yelp/byUser_70k_review/5foldsCVColdstart/2/...
264 users are loaded from /home/ll5fy/TUIR/dataset/yelp/byUser_70k_review/5foldsCVColdstart/3/...
256 users are loaded from /home/ll5fy/TUIR/dataset/yelp/byUser_70k_review/5foldsCVColdstart/4/...
[Info]Finish loading 722 items' weights in total 156639 items!
[Info]Begin tagging 722 items with CTM Embed............
---- item 1: map is 0.09551, precision@k is 0.09091, mrr is 0.20000
---- item 51: map is 0.10189, precision@k is 0.09091, mrr is 0.20000
---- item 101: map is 0.10503, precision@k is 0.09091, mrr is 0.20000
---- item 151: map is 0.07302, precision@k is 0.09091, mrr is 0.20000
---- item 201: map is 0.07467, precision@k is 0.09091, mrr is 0.20000
---- item 251: map is 0.10260, precision@k is 0.09091, mrr is 0.20000
---- item 301: map is 0.07303, precision@k is 0.09091, mrr is 0.20000
---- item 351: map is 0.07419, precision@k is 0.09091, mrr is 0.20000
---- item 401: map is 0.06440, precision@k is 0.09091, mrr is 0.20000
---- item 451: map is 0.05775, precision@k is 0.09091, mrr is 0.20000
---- item 501: map is 0.07123, precision@k is 0.09091, mrr is 0.20000
---- item 551: map is 0.07026, precision@k is 0.09091, mrr is 0.20000
---- item 601: map is 0.10301, precision@k is 0.09091, mrr is 0.20000
---- item 651: map is 0.27473, precision@k is 0.18182, mrr is 0.50000
---- item 701: map is 0.10193, precision@k is 0.09091, mrr is 0.20000
[Stat]CTM model, Embed mode item tagging: Precision@K is 0.08889, MAP is: 0.08616, MRR is: 0.19803, in top 10 tags
244 users are loaded from /home/ll5fy/TUIR/dataset/yelp/byUser_70k_review/5foldsCVColdstart/1/...
260 users are loaded from /home/ll5fy/TUIR/dataset/yelp/byUser_70k_review/5foldsCVColdstart/0/...
266 users are loaded from /home/ll5fy/TUIR/dataset/yelp/byUser_70k_review/5foldsCVColdstart/2/...
264 users are loaded from /home/ll5fy/TUIR/dataset/yelp/byUser_70k_review/5foldsCVColdstart/3/...
256 users are loaded from /home/ll5fy/TUIR/dataset/yelp/byUser_70k_review/5foldsCVColdstart/4/...
[Info]Finish loading 732 items' weights in total 156639 items!
[Info]Begin tagging 732 items with CTM Embed............
---- item 1: map is 0.34090, precision@k is 0.09091, mrr is 1.00000
---- item 51: map is 0.34880, precision@k is 0.09091, mrr is 1.00000
---- item 101: map is 0.34537, precision@k is 0.09091, mrr is 1.00000
---- item 151: map is 0.22060, precision@k is 0.09091, mrr is 1.00000
---- item 201: map is 0.50840, precision@k is 0.09091, mrr is 1.00000
---- item 251: map is 0.51786, precision@k is 0.09091, mrr is 1.00000
---- item 301: map is 0.04067, precision@k is 0.00000, mrr is 0.06250
---- item 351: map is 0.51176, precision@k is 0.09091, mrr is 1.00000
---- item 401: map is 0.34523, precision@k is 0.09091, mrr is 1.00000
---- item 451: map is 0.02785, precision@k is 0.00000, mrr is 0.03448
---- item 501: map is 0.00671, precision@k is 0.00000, mrr is 0.00671
---- item 551: map is 0.00421, precision@k is 0.00000, mrr is 0.00274
---- item 601: map is 0.02363, precision@k is 0.00000, mrr is 0.03448
---- item 651: map is 0.34709, precision@k is 0.09091, mrr is 1.00000
---- item 701: map is 0.22020, precision@k is 0.09091, mrr is 1.00000
[Stat]CTM model, Embed mode item tagging: Precision@K is 0.09485, MAP is: 0.29003, MRR is: 0.77567, in top 10 tags
266 users are loaded from /home/ll5fy/TUIR/dataset/yelp/byUser_70k_review/5foldsCVColdstart/2/...
260 users are loaded from /home/ll5fy/TUIR/dataset/yelp/byUser_70k_review/5foldsCVColdstart/0/...
244 users are loaded from /home/ll5fy/TUIR/dataset/yelp/byUser_70k_review/5foldsCVColdstart/1/...
264 users are loaded from /home/ll5fy/TUIR/dataset/yelp/byUser_70k_review/5foldsCVColdstart/3/...
256 users are loaded from /home/ll5fy/TUIR/dataset/yelp/byUser_70k_review/5foldsCVColdstart/4/...
[Info]Finish loading 702 items' weights in total 156639 items!
[Info]Begin tagging 702 items with CTM Embed............
---- item 1: map is 0.34791, precision@k is 0.09091, mrr is 1.00000
---- item 51: map is 0.03694, precision@k is 0.00000, mrr is 0.03226
---- item 101: map is 0.00563, precision@k is 0.00000, mrr is 0.00649
---- item 151: map is 0.26595, precision@k is 0.09091, mrr is 1.00000
---- item 201: map is 0.16497, precision@k is 0.09091, mrr is 1.00000
---- item 251: map is 0.03821, precision@k is 0.00000, mrr is 0.03226
---- item 301: map is 0.35473, precision@k is 0.09091, mrr is 1.00000
---- item 351: map is 0.35198, precision@k is 0.09091, mrr is 1.00000
---- item 401: map is 0.21028, precision@k is 0.09091, mrr is 1.00000
---- item 451: map is 0.36788, precision@k is 0.18182, mrr is 1.00000
---- item 501: map is 0.03694, precision@k is 0.00000, mrr is 0.03226
---- item 551: map is 0.26896, precision@k is 0.09091, mrr is 1.00000
---- item 601: map is 0.03694, precision@k is 0.00000, mrr is 0.03226
---- item 651: map is 0.05349, precision@k is 0.09091, mrr is 0.12500
---- item 701: map is 0.51724, precision@k is 0.09091, mrr is 1.00000
[Stat]CTM model, Embed mode item tagging: Precision@K is 0.08954, MAP is: 0.28427, MRR is: 0.76094, in top 10 tags
264 users are loaded from /home/ll5fy/TUIR/dataset/yelp/byUser_70k_review/5foldsCVColdstart/3/...
260 users are loaded from /home/ll5fy/TUIR/dataset/yelp/byUser_70k_review/5foldsCVColdstart/0/...
244 users are loaded from /home/ll5fy/TUIR/dataset/yelp/byUser_70k_review/5foldsCVColdstart/1/...
266 users are loaded from /home/ll5fy/TUIR/dataset/yelp/byUser_70k_review/5foldsCVColdstart/2/...
256 users are loaded from /home/ll5fy/TUIR/dataset/yelp/byUser_70k_review/5foldsCVColdstart/4/...
[Info]Finish loading 717 items' weights in total 156639 items!
[Info]Begin tagging 717 items with CTM Embed............
---- item 1: map is 0.34745, precision@k is 0.09091, mrr is 1.00000
---- item 51: map is 0.34864, precision@k is 0.09091, mrr is 1.00000
---- item 101: map is 0.50461, precision@k is 0.09091, mrr is 1.00000
---- item 151: map is 0.50549, precision@k is 0.09091, mrr is 1.00000
---- item 201: map is 0.02880, precision@k is 0.00000, mrr is 0.02083
---- item 251: map is 0.50191, precision@k is 0.09091, mrr is 1.00000
---- item 301: map is 0.26852, precision@k is 0.09091, mrr is 1.00000
---- item 351: map is 0.02715, precision@k is 0.00000, mrr is 0.02381
---- item 401: map is 0.00758, precision@k is 0.00000, mrr is 0.00709
---- item 451: map is 0.50588, precision@k is 0.09091, mrr is 1.00000
---- item 501: map is 1.00000, precision@k is 1.00000, mrr is 1.00000
---- item 551: map is 0.35090, precision@k is 0.09091, mrr is 1.00000
---- item 601: map is 0.33952, precision@k is 0.09091, mrr is 1.00000
---- item 651: map is 0.02880, precision@k is 0.00000, mrr is 0.02083
---- item 701: map is 0.01823, precision@k is 0.00000, mrr is 0.01149
[Stat]CTM model, Embed mode item tagging: Precision@K is 0.09530, MAP is: 0.29057, MRR is: 0.77686, in top 10 tags
256 users are loaded from /home/ll5fy/TUIR/dataset/yelp/byUser_70k_review/5foldsCVColdstart/4/...
260 users are loaded from /home/ll5fy/TUIR/dataset/yelp/byUser_70k_review/5foldsCVColdstart/0/...
244 users are loaded from /home/ll5fy/TUIR/dataset/yelp/byUser_70k_review/5foldsCVColdstart/1/...
266 users are loaded from /home/ll5fy/TUIR/dataset/yelp/byUser_70k_review/5foldsCVColdstart/2/...
264 users are loaded from /home/ll5fy/TUIR/dataset/yelp/byUser_70k_review/5foldsCVColdstart/3/...
[Info]Finish loading 726 items' weights in total 156639 items!
[Info]Begin tagging 726 items with CTM Embed............
---- item 1: map is 0.35044, precision@k is 0.09091, mrr is 1.00000
---- item 51: map is 0.22111, precision@k is 0.09091, mrr is 1.00000
---- item 101: map is 0.35430, precision@k is 0.09091, mrr is 1.00000
---- item 151: map is 0.34632, precision@k is 0.09091, mrr is 1.00000
---- item 201: map is 0.50694, precision@k is 0.09091, mrr is 1.00000
---- item 251: map is 0.34632, precision@k is 0.09091, mrr is 1.00000
---- item 301: map is 0.04329, precision@k is 0.00000, mrr is 0.05263
---- item 351: map is 0.00301, precision@k is 0.00000, mrr is 0.00301
---- item 401: map is 0.35381, precision@k is 0.09091, mrr is 1.00000
---- item 451: map is 0.34917, precision@k is 0.09091, mrr is 1.00000
---- item 501: map is 0.27681, precision@k is 0.09091, mrr is 1.00000
---- item 551: map is 0.26848, precision@k is 0.09091, mrr is 1.00000
---- item 601: map is 0.27623, precision@k is 0.09091, mrr is 1.00000
---- item 651: map is 0.43727, precision@k is 0.18182, mrr is 1.00000
---- item 701: map is 0.27174, precision@k is 0.09091, mrr is 1.00000
[Stat]CTM model, Embed mode item tagging: Precision@K is 0.09831, MAP is: 0.29014, MRR is: 0.77446, in top 10 tags

[Stat]Running time (seconds) 29.86900
[Stat]MAP 0.248+/-0.081
[Stat]MRR 0.657+/-0.230
[Stat]Precision 0.093+/-0.004
