Load 6134 2-gram new features from /home/ll5fy/TUIR/dataset/yelp/yelp_features.txt...
Load 6134 2-gram new features from /home/ll5fy/TUIR/dataset/yelp/yelp_features.txt...
[Info]Start FIXED cross validation...
[Info]Load 553 tags, with 6134 features.
260 users are loaded from /home/ll5fy/TUIR/dataset/yelp/byUser_70k_review/5foldsCVColdstart/0/...
244 users are loaded from /home/ll5fy/TUIR/dataset/yelp/byUser_70k_review/5foldsCVColdstart/1/...
266 users are loaded from /home/ll5fy/TUIR/dataset/yelp/byUser_70k_review/5foldsCVColdstart/2/...
264 users are loaded from /home/ll5fy/TUIR/dataset/yelp/byUser_70k_review/5foldsCVColdstart/3/...
256 users are loaded from /home/ll5fy/TUIR/dataset/yelp/byUser_70k_review/5foldsCVColdstart/4/...
[Info]Finish loading 722 items' weights in total 156639 items!
[Info]Begin tagging 722 items with CTM Interpolation............
---- item 1: map is 0.47308, precision@k is 0.18182, mrr is 1.00000
---- item 51: map is 0.12685, precision@k is 0.09091, mrr is 0.25000
---- item 101: map is 0.15726, precision@k is 0.09091, mrr is 0.25000
---- item 151: map is 0.09661, precision@k is 0.09091, mrr is 0.25000
---- item 201: map is 0.35837, precision@k is 0.18182, mrr is 1.00000
---- item 251: map is 1.00000, precision@k is 1.00000, mrr is 1.00000
---- item 301: map is 0.06636, precision@k is 0.09091, mrr is 0.14286
---- item 351: map is 0.32763, precision@k is 0.18182, mrr is 1.00000
---- item 401: map is 0.31748, precision@k is 0.18182, mrr is 1.00000
---- item 451: map is 0.43982, precision@k is 0.18182, mrr is 1.00000
---- item 501: map is 0.08860, precision@k is 0.09091, mrr is 0.25000
---- item 551: map is 0.33810, precision@k is 0.09091, mrr is 1.00000
---- item 601: map is 0.14762, precision@k is 0.09091, mrr is 0.20000
---- item 651: map is 0.30230, precision@k is 0.18182, mrr is 0.50000
---- item 701: map is 0.08951, precision@k is 0.09091, mrr is 0.16667
[Stat]CTM model, Interpolation mode item tagging: Precision@K is 0.14839, MAP is: 0.22476, MRR is: 0.45989, in top 10 tags
244 users are loaded from /home/ll5fy/TUIR/dataset/yelp/byUser_70k_review/5foldsCVColdstart/1/...
260 users are loaded from /home/ll5fy/TUIR/dataset/yelp/byUser_70k_review/5foldsCVColdstart/0/...
266 users are loaded from /home/ll5fy/TUIR/dataset/yelp/byUser_70k_review/5foldsCVColdstart/2/...
264 users are loaded from /home/ll5fy/TUIR/dataset/yelp/byUser_70k_review/5foldsCVColdstart/3/...
256 users are loaded from /home/ll5fy/TUIR/dataset/yelp/byUser_70k_review/5foldsCVColdstart/4/...
[Info]Finish loading 732 items' weights in total 156639 items!
[Info]Begin tagging 732 items with CTM Interpolation............
---- item 1: map is 0.67045, precision@k is 0.18182, mrr is 1.00000
---- item 51: map is 0.45322, precision@k is 0.18182, mrr is 1.00000
---- item 101: map is 0.09923, precision@k is 0.09091, mrr is 0.25000
---- item 151: map is 0.42164, precision@k is 0.18182, mrr is 1.00000
---- item 201: map is 1.00000, precision@k is 1.00000, mrr is 1.00000
---- item 251: map is 0.54000, precision@k is 0.09091, mrr is 1.00000
---- item 301: map is 0.44728, precision@k is 0.18182, mrr is 1.00000
---- item 351: map is 0.26010, precision@k is 0.09091, mrr is 0.50000
---- item 401: map is 0.17431, precision@k is 0.09091, mrr is 0.50000
---- item 451: map is 0.27427, precision@k is 0.18182, mrr is 1.00000
---- item 501: map is 0.50000, precision@k is 0.50000, mrr is 0.50000
---- item 551: map is 0.00417, precision@k is 0.00000, mrr is 0.00278
---- item 601: map is 0.02027, precision@k is 0.00000, mrr is 0.02273
---- item 651: map is 0.18643, precision@k is 0.09091, mrr is 0.50000
---- item 701: map is 0.41495, precision@k is 0.18182, mrr is 1.00000
[Stat]CTM model, Interpolation mode item tagging: Precision@K is 0.21908, MAP is: 0.38217, MRR is: 0.73129, in top 10 tags
266 users are loaded from /home/ll5fy/TUIR/dataset/yelp/byUser_70k_review/5foldsCVColdstart/2/...
260 users are loaded from /home/ll5fy/TUIR/dataset/yelp/byUser_70k_review/5foldsCVColdstart/0/...
244 users are loaded from /home/ll5fy/TUIR/dataset/yelp/byUser_70k_review/5foldsCVColdstart/1/...
264 users are loaded from /home/ll5fy/TUIR/dataset/yelp/byUser_70k_review/5foldsCVColdstart/3/...
256 users are loaded from /home/ll5fy/TUIR/dataset/yelp/byUser_70k_review/5foldsCVColdstart/4/...
[Info]Finish loading 702 items' weights in total 156639 items!
[Info]Begin tagging 702 items with CTM Interpolation............
---- item 1: map is 0.43150, precision@k is 0.18182, mrr is 1.00000
---- item 51: map is 0.32255, precision@k is 0.27273, mrr is 0.50000
---- item 101: map is 0.50541, precision@k is 0.09091, mrr is 1.00000
---- item 151: map is 0.26474, precision@k is 0.18182, mrr is 0.50000
---- item 201: map is 0.18505, precision@k is 0.18182, mrr is 1.00000
---- item 251: map is 0.24886, precision@k is 0.27273, mrr is 0.50000
---- item 301: map is 0.12175, precision@k is 0.09091, mrr is 0.25000
---- item 351: map is 0.34835, precision@k is 0.09091, mrr is 1.00000
---- item 401: map is 0.37254, precision@k is 0.27273, mrr is 1.00000
---- item 451: map is 0.75654, precision@k is 0.27273, mrr is 1.00000
---- item 501: map is 0.33374, precision@k is 0.27273, mrr is 0.50000
---- item 551: map is 0.31701, precision@k is 0.18182, mrr is 0.50000
---- item 601: map is 0.29910, precision@k is 0.27273, mrr is 0.50000
---- item 651: map is 0.39410, precision@k is 0.09091, mrr is 1.00000
---- item 701: map is 0.41667, precision@k is 0.50000, mrr is 0.33333
[Stat]CTM model, Interpolation mode item tagging: Precision@K is 0.21158, MAP is: 0.37381, MRR is: 0.69415, in top 10 tags
264 users are loaded from /home/ll5fy/TUIR/dataset/yelp/byUser_70k_review/5foldsCVColdstart/3/...
260 users are loaded from /home/ll5fy/TUIR/dataset/yelp/byUser_70k_review/5foldsCVColdstart/0/...
244 users are loaded from /home/ll5fy/TUIR/dataset/yelp/byUser_70k_review/5foldsCVColdstart/1/...
266 users are loaded from /home/ll5fy/TUIR/dataset/yelp/byUser_70k_review/5foldsCVColdstart/2/...
256 users are loaded from /home/ll5fy/TUIR/dataset/yelp/byUser_70k_review/5foldsCVColdstart/4/...
[Info]Finish loading 717 items' weights in total 156639 items!
[Info]Begin tagging 717 items with CTM Interpolation............
---- item 1: map is 0.67803, precision@k is 0.18182, mrr is 1.00000
---- item 51: map is 0.67219, precision@k is 0.18182, mrr is 1.00000
---- item 101: map is 0.21591, precision@k is 0.09091, mrr is 0.25000
---- item 151: map is 0.09188, precision@k is 0.09091, mrr is 0.16667
---- item 201: map is 0.30300, precision@k is 0.18182, mrr is 0.50000
---- item 251: map is 0.16954, precision@k is 0.09091, mrr is 0.33333
---- item 301: map is 0.23335, precision@k is 0.18182, mrr is 0.33333
---- item 351: map is 0.02693, precision@k is 0.00000, mrr is 0.02632
---- item 401: map is 0.00734, precision@k is 0.00000, mrr is 0.00621
---- item 451: map is 0.54000, precision@k is 0.09091, mrr is 1.00000
---- item 501: map is 1.00000, precision@k is 1.00000, mrr is 1.00000
---- item 551: map is 0.67021, precision@k is 0.18182, mrr is 1.00000
---- item 601: map is 0.12054, precision@k is 0.09091, mrr is 0.33333
---- item 651: map is 0.27454, precision@k is 0.18182, mrr is 0.50000
---- item 701: map is 0.37207, precision@k is 0.18182, mrr is 1.00000
[Stat]CTM model, Interpolation mode item tagging: Precision@K is 0.21966, MAP is: 0.37583, MRR is: 0.69302, in top 10 tags
256 users are loaded from /home/ll5fy/TUIR/dataset/yelp/byUser_70k_review/5foldsCVColdstart/4/...
260 users are loaded from /home/ll5fy/TUIR/dataset/yelp/byUser_70k_review/5foldsCVColdstart/0/...
244 users are loaded from /home/ll5fy/TUIR/dataset/yelp/byUser_70k_review/5foldsCVColdstart/1/...
266 users are loaded from /home/ll5fy/TUIR/dataset/yelp/byUser_70k_review/5foldsCVColdstart/2/...
264 users are loaded from /home/ll5fy/TUIR/dataset/yelp/byUser_70k_review/5foldsCVColdstart/3/...
[Info]Finish loading 726 items' weights in total 156639 items!
[Info]Begin tagging 726 items with CTM Interpolation............
---- item 1: map is 0.66973, precision@k is 0.18182, mrr is 1.00000
---- item 51: map is 0.22188, precision@k is 0.09091, mrr is 1.00000
---- item 101: map is 0.53846, precision@k is 0.18182, mrr is 1.00000
---- item 151: map is 0.18224, precision@k is 0.09091, mrr is 0.50000
---- item 201: map is 0.83333, precision@k is 0.66667, mrr is 1.00000
---- item 251: map is 0.34935, precision@k is 0.09091, mrr is 1.00000
---- item 301: map is 0.41950, precision@k is 0.18182, mrr is 1.00000
---- item 351: map is 1.00000, precision@k is 1.00000, mrr is 1.00000
---- item 401: map is 0.35682, precision@k is 0.09091, mrr is 1.00000
---- item 451: map is 0.18553, precision@k is 0.09091, mrr is 0.50000
---- item 501: map is 0.54056, precision@k is 0.18182, mrr is 1.00000
---- item 551: map is 0.45127, precision@k is 0.18182, mrr is 1.00000
---- item 601: map is 0.44048, precision@k is 0.27273, mrr is 0.50000
---- item 651: map is 0.61111, precision@k is 0.33333, mrr is 1.00000
---- item 701: map is 0.50899, precision@k is 0.18182, mrr is 1.00000
[Stat]CTM model, Interpolation mode item tagging: Precision@K is 0.22464, MAP is: 0.37865, MRR is: 0.68557, in top 10 tags

[Stat]Running time (seconds) 302.51100
[Stat]MAP 0.347+/-0.061
[Stat]MRR 0.653+/-0.098
[Stat]Precision 0.205+/-0.028
