Load 6134 2-gram new features from /home/ll5fy/TUIR/dataset/yelp/yelp_features.txt...
Load 6134 2-gram new features from /home/ll5fy/TUIR/dataset/yelp/yelp_features.txt...
[Info]Start FIXED cross validation...
[Info]Load 553 tags, with 6134 features.
260 users are loaded from /home/ll5fy/TUIR/dataset/yelp/byUser_70k_review/5foldsCVColdstart/0/...
244 users are loaded from /home/ll5fy/TUIR/dataset/yelp/byUser_70k_review/5foldsCVColdstart/1/...
266 users are loaded from /home/ll5fy/TUIR/dataset/yelp/byUser_70k_review/5foldsCVColdstart/2/...
264 users are loaded from /home/ll5fy/TUIR/dataset/yelp/byUser_70k_review/5foldsCVColdstart/3/...
256 users are loaded from /home/ll5fy/TUIR/dataset/yelp/byUser_70k_review/5foldsCVColdstart/4/...
[Info]Finish loading 861 items' weights in total 156639 items!
[Info]Begin tagging 861 items with ETBIR Interpolation............
---- item 1: map is 0.40204, precision@k is 0.18182, mrr is 1.00000
---- item 51: map is 0.52985, precision@k is 0.18182, mrr is 1.00000
---- item 101: map is 0.83333, precision@k is 0.66667, mrr is 1.00000
---- item 151: map is 0.19339, precision@k is 0.09091, mrr is 0.50000
---- item 201: map is 0.34506, precision@k is 0.09091, mrr is 1.00000
---- item 251: map is 0.13471, precision@k is 0.09091, mrr is 0.25000
---- item 301: map is 0.50483, precision@k is 0.18182, mrr is 1.00000
---- item 351: map is 0.52857, precision@k is 0.09091, mrr is 1.00000
---- item 401: map is 0.13450, precision@k is 0.09091, mrr is 0.50000
---- item 451: map is 0.58781, precision@k is 0.18182, mrr is 1.00000
---- item 501: map is 0.34632, precision@k is 0.09091, mrr is 1.00000
---- item 551: map is 1.00000, precision@k is 1.00000, mrr is 1.00000
---- item 601: map is 0.02518, precision@k is 0.00000, mrr is 0.01695
---- item 651: map is 0.26069, precision@k is 0.09091, mrr is 1.00000
---- item 701: map is 0.34225, precision@k is 0.09091, mrr is 1.00000
---- item 751: map is 0.00442, precision@k is 0.00000, mrr is 0.00293
---- item 801: map is 0.35694, precision@k is 0.09091, mrr is 1.00000
---- item 851: map is 0.08315, precision@k is 0.09091, mrr is 0.25000
[Stat]ETBIR model, Interpolation mode item tagging: Precision@K is 0.20273, MAP is: 0.36748, MRR is: 0.72415, in top 10 tags
244 users are loaded from /home/ll5fy/TUIR/dataset/yelp/byUser_70k_review/5foldsCVColdstart/1/...
260 users are loaded from /home/ll5fy/TUIR/dataset/yelp/byUser_70k_review/5foldsCVColdstart/0/...
266 users are loaded from /home/ll5fy/TUIR/dataset/yelp/byUser_70k_review/5foldsCVColdstart/2/...
264 users are loaded from /home/ll5fy/TUIR/dataset/yelp/byUser_70k_review/5foldsCVColdstart/3/...
256 users are loaded from /home/ll5fy/TUIR/dataset/yelp/byUser_70k_review/5foldsCVColdstart/4/...
[Info]Finish loading 861 items' weights in total 156639 items!
[Info]Begin tagging 861 items with ETBIR Interpolation............
---- item 1: map is 0.35681, precision@k is 0.09091, mrr is 1.00000
---- item 51: map is 0.37322, precision@k is 0.18182, mrr is 1.00000
---- item 101: map is 0.75000, precision@k is 0.50000, mrr is 1.00000
---- item 151: map is 0.20072, precision@k is 0.09091, mrr is 0.50000
---- item 201: map is 0.34247, precision@k is 0.09091, mrr is 1.00000
---- item 251: map is 0.15357, precision@k is 0.09091, mrr is 0.25000
---- item 301: map is 0.50498, precision@k is 0.18182, mrr is 1.00000
---- item 351: map is 0.55263, precision@k is 0.09091, mrr is 1.00000
---- item 401: map is 0.28016, precision@k is 0.27273, mrr is 0.50000
---- item 451: map is 0.61111, precision@k is 0.18182, mrr is 1.00000
---- item 501: map is 0.34790, precision@k is 0.09091, mrr is 1.00000
---- item 551: map is 0.75000, precision@k is 0.50000, mrr is 1.00000
---- item 601: map is 0.43829, precision@k is 0.18182, mrr is 1.00000
---- item 651: map is 0.03482, precision@k is 0.00000, mrr is 0.09091
---- item 701: map is 0.17345, precision@k is 0.09091, mrr is 0.50000
---- item 751: map is 0.00447, precision@k is 0.00000, mrr is 0.00294
---- item 801: map is 0.36929, precision@k is 0.09091, mrr is 1.00000
---- item 851: map is 0.11075, precision@k is 0.09091, mrr is 0.33333
[Stat]ETBIR model, Interpolation mode item tagging: Precision@K is 0.21747, MAP is: 0.37220, MRR is: 0.69002, in top 10 tags
266 users are loaded from /home/ll5fy/TUIR/dataset/yelp/byUser_70k_review/5foldsCVColdstart/2/...
260 users are loaded from /home/ll5fy/TUIR/dataset/yelp/byUser_70k_review/5foldsCVColdstart/0/...
244 users are loaded from /home/ll5fy/TUIR/dataset/yelp/byUser_70k_review/5foldsCVColdstart/1/...
264 users are loaded from /home/ll5fy/TUIR/dataset/yelp/byUser_70k_review/5foldsCVColdstart/3/...
256 users are loaded from /home/ll5fy/TUIR/dataset/yelp/byUser_70k_review/5foldsCVColdstart/4/...
[Info]Finish loading 861 items' weights in total 156639 items!
[Info]Begin tagging 861 items with ETBIR Interpolation............
---- item 1: map is 0.55757, precision@k is 0.18182, mrr is 1.00000
---- item 51: map is 0.36655, precision@k is 0.18182, mrr is 1.00000
---- item 101: map is 0.75000, precision@k is 0.50000, mrr is 1.00000
---- item 151: map is 0.14825, precision@k is 0.09091, mrr is 0.33333
---- item 201: map is 0.34374, precision@k is 0.09091, mrr is 1.00000
---- item 251: map is 0.18382, precision@k is 0.09091, mrr is 0.25000
---- item 301: map is 0.50508, precision@k is 0.18182, mrr is 1.00000
---- item 351: map is 0.64286, precision@k is 0.28571, mrr is 1.00000
---- item 401: map is 0.33629, precision@k is 0.27273, mrr is 0.50000
---- item 451: map is 0.60317, precision@k is 0.18182, mrr is 1.00000
---- item 501: map is 0.34580, precision@k is 0.09091, mrr is 1.00000
---- item 551: map is 0.83333, precision@k is 0.66667, mrr is 1.00000
---- item 601: map is 0.43656, precision@k is 0.18182, mrr is 1.00000
---- item 651: map is 0.03156, precision@k is 0.00000, mrr is 0.06250
---- item 701: map is 0.17420, precision@k is 0.09091, mrr is 0.50000
---- item 751: map is 0.00453, precision@k is 0.00000, mrr is 0.00294
---- item 801: map is 0.41386, precision@k is 0.18182, mrr is 1.00000
---- item 851: map is 0.09349, precision@k is 0.09091, mrr is 0.25000
[Stat]ETBIR model, Interpolation mode item tagging: Precision@K is 0.22292, MAP is: 0.37166, MRR is: 0.67347, in top 10 tags
264 users are loaded from /home/ll5fy/TUIR/dataset/yelp/byUser_70k_review/5foldsCVColdstart/3/...
260 users are loaded from /home/ll5fy/TUIR/dataset/yelp/byUser_70k_review/5foldsCVColdstart/0/...
244 users are loaded from /home/ll5fy/TUIR/dataset/yelp/byUser_70k_review/5foldsCVColdstart/1/...
266 users are loaded from /home/ll5fy/TUIR/dataset/yelp/byUser_70k_review/5foldsCVColdstart/2/...
256 users are loaded from /home/ll5fy/TUIR/dataset/yelp/byUser_70k_review/5foldsCVColdstart/4/...
[Info]Finish loading 861 items' weights in total 156639 items!
[Info]Begin tagging 861 items with ETBIR Interpolation............
---- item 1: map is 0.55762, precision@k is 0.18182, mrr is 1.00000
---- item 51: map is 0.40057, precision@k is 0.18182, mrr is 1.00000
---- item 101: map is 0.75000, precision@k is 0.50000, mrr is 1.00000
---- item 151: map is 0.17319, precision@k is 0.09091, mrr is 0.33333
---- item 201: map is 0.34433, precision@k is 0.09091, mrr is 1.00000
---- item 251: map is 0.27703, precision@k is 0.09091, mrr is 0.50000
---- item 301: map is 0.50448, precision@k is 0.18182, mrr is 1.00000
---- item 351: map is 0.75000, precision@k is 0.50000, mrr is 1.00000
---- item 401: map is 0.34932, precision@k is 0.27273, mrr is 0.50000
---- item 451: map is 0.45887, precision@k is 0.18182, mrr is 1.00000
---- item 501: map is 0.34627, precision@k is 0.09091, mrr is 1.00000
---- item 551: map is 0.70000, precision@k is 0.40000, mrr is 1.00000
---- item 601: map is 0.43654, precision@k is 0.18182, mrr is 1.00000
---- item 651: map is 0.03254, precision@k is 0.00000, mrr is 0.05000
---- item 701: map is 0.17970, precision@k is 0.09091, mrr is 0.50000
---- item 751: map is 0.00445, precision@k is 0.00000, mrr is 0.00303
---- item 801: map is 0.41541, precision@k is 0.18182, mrr is 1.00000
---- item 851: map is 0.10768, precision@k is 0.09091, mrr is 0.33333
[Stat]ETBIR model, Interpolation mode item tagging: Precision@K is 0.22830, MAP is: 0.37146, MRR is: 0.66340, in top 10 tags
256 users are loaded from /home/ll5fy/TUIR/dataset/yelp/byUser_70k_review/5foldsCVColdstart/4/...
260 users are loaded from /home/ll5fy/TUIR/dataset/yelp/byUser_70k_review/5foldsCVColdstart/0/...
244 users are loaded from /home/ll5fy/TUIR/dataset/yelp/byUser_70k_review/5foldsCVColdstart/1/...
266 users are loaded from /home/ll5fy/TUIR/dataset/yelp/byUser_70k_review/5foldsCVColdstart/2/...
264 users are loaded from /home/ll5fy/TUIR/dataset/yelp/byUser_70k_review/5foldsCVColdstart/3/...
[Info]Finish loading 861 items' weights in total 156639 items!
[Info]Begin tagging 861 items with ETBIR Interpolation............
---- item 1: map is 0.73333, precision@k is 0.66667, mrr is 1.00000
---- item 51: map is 0.35382, precision@k is 0.18182, mrr is 1.00000
---- item 101: map is 0.75000, precision@k is 0.50000, mrr is 1.00000
---- item 151: map is 0.53527, precision@k is 0.27273, mrr is 1.00000
---- item 201: map is 0.34388, precision@k is 0.09091, mrr is 1.00000
---- item 251: map is 0.19643, precision@k is 0.09091, mrr is 0.25000
---- item 301: map is 0.50486, precision@k is 0.18182, mrr is 1.00000
---- item 351: map is 0.83333, precision@k is 0.66667, mrr is 1.00000
---- item 401: map is 0.35097, precision@k is 0.27273, mrr is 0.50000
---- item 451: map is 0.43828, precision@k is 0.18182, mrr is 1.00000
---- item 501: map is 0.34752, precision@k is 0.09091, mrr is 1.00000
---- item 551: map is 0.66667, precision@k is 0.33333, mrr is 1.00000
---- item 601: map is 0.43828, precision@k is 0.18182, mrr is 1.00000
---- item 651: map is 0.03098, precision@k is 0.00000, mrr is 0.05556
---- item 701: map is 0.17961, precision@k is 0.09091, mrr is 0.50000
---- item 751: map is 0.00454, precision@k is 0.00000, mrr is 0.00297
---- item 801: map is 0.41412, precision@k is 0.18182, mrr is 1.00000
---- item 851: map is 0.10331, precision@k is 0.09091, mrr is 0.25000
[Stat]ETBIR model, Interpolation mode item tagging: Precision@K is 0.22976, MAP is: 0.37090, MRR is: 0.66120, in top 10 tags

[Stat]Running time (seconds) 367.04400
[Stat]MAP 0.371+/-0.002
[Stat]MRR 0.682+/-0.023
[Stat]Precision 0.220+/-0.010
