Load 6134 2-gram new features from /home/ll5fy/TUIR/dataset/yelp/yelp_features.txt...
Load 6134 2-gram new features from /home/ll5fy/TUIR/dataset/yelp/yelp_features.txt...
[Info]Start FIXED cross validation...
[Info]Load 553 tags, with 6134 features.
260 users are loaded from /home/ll5fy/TUIR/dataset/yelp/byUser_70k_review/5foldsCVColdstart/0/...
244 users are loaded from /home/ll5fy/TUIR/dataset/yelp/byUser_70k_review/5foldsCVColdstart/1/...
266 users are loaded from /home/ll5fy/TUIR/dataset/yelp/byUser_70k_review/5foldsCVColdstart/2/...
264 users are loaded from /home/ll5fy/TUIR/dataset/yelp/byUser_70k_review/5foldsCVColdstart/3/...
256 users are loaded from /home/ll5fy/TUIR/dataset/yelp/byUser_70k_review/5foldsCVColdstart/4/...
[Info]Finish loading 861 items' weights in total 156639 items!
[Info]Begin tagging 861 items with ETBIR_Item Interpolation............
---- item 1: map is 0.37467, precision@k is 0.09091, mrr is 1.00000
---- item 51: map is 0.55439, precision@k is 0.18182, mrr is 1.00000
---- item 101: map is 1.00000, precision@k is 1.00000, mrr is 1.00000
---- item 151: map is 0.20649, precision@k is 0.09091, mrr is 0.50000
---- item 201: map is 0.34492, precision@k is 0.09091, mrr is 1.00000
---- item 251: map is 0.05372, precision@k is 0.00000, mrr is 0.09091
---- item 301: map is 0.50543, precision@k is 0.18182, mrr is 1.00000
---- item 351: map is 0.51786, precision@k is 0.09091, mrr is 1.00000
---- item 401: map is 0.13664, precision@k is 0.09091, mrr is 0.50000
---- item 451: map is 0.58120, precision@k is 0.18182, mrr is 1.00000
---- item 501: map is 0.34530, precision@k is 0.09091, mrr is 1.00000
---- item 551: map is 1.00000, precision@k is 1.00000, mrr is 1.00000
---- item 601: map is 0.02572, precision@k is 0.00000, mrr is 0.02564
---- item 651: map is 0.02994, precision@k is 0.00000, mrr is 0.07143
---- item 701: map is 0.34426, precision@k is 0.09091, mrr is 1.00000
---- item 751: map is 0.00441, precision@k is 0.00000, mrr is 0.00287
---- item 801: map is 0.36852, precision@k is 0.09091, mrr is 1.00000
---- item 851: map is 0.07851, precision@k is 0.09091, mrr is 0.25000
[Stat]ETBIR_Item model, Interpolation mode item tagging: Precision@K is 0.19686, MAP is: 0.36906, MRR is: 0.74350, in top 10 tags
244 users are loaded from /home/ll5fy/TUIR/dataset/yelp/byUser_70k_review/5foldsCVColdstart/1/...
260 users are loaded from /home/ll5fy/TUIR/dataset/yelp/byUser_70k_review/5foldsCVColdstart/0/...
266 users are loaded from /home/ll5fy/TUIR/dataset/yelp/byUser_70k_review/5foldsCVColdstart/2/...
264 users are loaded from /home/ll5fy/TUIR/dataset/yelp/byUser_70k_review/5foldsCVColdstart/3/...
256 users are loaded from /home/ll5fy/TUIR/dataset/yelp/byUser_70k_review/5foldsCVColdstart/4/...
[Info]Finish loading 861 items' weights in total 156639 items!
[Info]Begin tagging 861 items with ETBIR_Item Interpolation............
---- item 1: map is 0.36697, precision@k is 0.09091, mrr is 1.00000
---- item 51: map is 0.54669, precision@k is 0.18182, mrr is 1.00000
---- item 101: map is 0.83333, precision@k is 0.66667, mrr is 1.00000
---- item 151: map is 0.20510, precision@k is 0.09091, mrr is 0.50000
---- item 201: map is 0.34469, precision@k is 0.09091, mrr is 1.00000
---- item 251: map is 0.13889, precision@k is 0.09091, mrr is 0.25000
---- item 301: map is 0.50577, precision@k is 0.18182, mrr is 1.00000
---- item 351: map is 0.51852, precision@k is 0.09091, mrr is 1.00000
---- item 401: map is 0.23642, precision@k is 0.18182, mrr is 0.50000
---- item 451: map is 0.58413, precision@k is 0.18182, mrr is 1.00000
---- item 501: map is 0.34599, precision@k is 0.09091, mrr is 1.00000
---- item 551: map is 0.83333, precision@k is 0.66667, mrr is 1.00000
---- item 601: map is 0.43409, precision@k is 0.18182, mrr is 1.00000
---- item 651: map is 0.02542, precision@k is 0.00000, mrr is 0.05000
---- item 701: map is 0.17712, precision@k is 0.09091, mrr is 0.50000
---- item 751: map is 0.00442, precision@k is 0.00000, mrr is 0.00283
---- item 801: map is 0.37577, precision@k is 0.09091, mrr is 1.00000
---- item 851: map is 0.08131, precision@k is 0.09091, mrr is 0.25000
[Stat]ETBIR_Item model, Interpolation mode item tagging: Precision@K is 0.21580, MAP is: 0.37916, MRR is: 0.71357, in top 10 tags
266 users are loaded from /home/ll5fy/TUIR/dataset/yelp/byUser_70k_review/5foldsCVColdstart/2/...
260 users are loaded from /home/ll5fy/TUIR/dataset/yelp/byUser_70k_review/5foldsCVColdstart/0/...
244 users are loaded from /home/ll5fy/TUIR/dataset/yelp/byUser_70k_review/5foldsCVColdstart/1/...
264 users are loaded from /home/ll5fy/TUIR/dataset/yelp/byUser_70k_review/5foldsCVColdstart/3/...
256 users are loaded from /home/ll5fy/TUIR/dataset/yelp/byUser_70k_review/5foldsCVColdstart/4/...
[Info]Finish loading 861 items' weights in total 156639 items!
[Info]Begin tagging 861 items with ETBIR_Item Interpolation............
---- item 1: map is 0.40207, precision@k is 0.18182, mrr is 1.00000
---- item 51: map is 0.46717, precision@k is 0.18182, mrr is 1.00000
---- item 101: map is 0.83333, precision@k is 0.66667, mrr is 1.00000
---- item 151: map is 0.21533, precision@k is 0.09091, mrr is 0.50000
---- item 201: map is 0.34489, precision@k is 0.09091, mrr is 1.00000
---- item 251: map is 0.13889, precision@k is 0.09091, mrr is 0.25000
---- item 301: map is 0.50567, precision@k is 0.18182, mrr is 1.00000
---- item 351: map is 0.52439, precision@k is 0.09091, mrr is 1.00000
---- item 401: map is 0.31454, precision@k is 0.27273, mrr is 0.50000
---- item 451: map is 0.58413, precision@k is 0.18182, mrr is 1.00000
---- item 501: map is 0.34581, precision@k is 0.09091, mrr is 1.00000
---- item 551: map is 0.83333, precision@k is 0.66667, mrr is 1.00000
---- item 601: map is 0.43265, precision@k is 0.18182, mrr is 1.00000
---- item 651: map is 0.02695, precision@k is 0.00000, mrr is 0.05882
---- item 701: map is 0.17944, precision@k is 0.09091, mrr is 0.50000
---- item 751: map is 0.00440, precision@k is 0.00000, mrr is 0.00279
---- item 801: map is 0.37996, precision@k is 0.09091, mrr is 1.00000
---- item 851: map is 0.10391, precision@k is 0.09091, mrr is 0.33333
[Stat]ETBIR_Item model, Interpolation mode item tagging: Precision@K is 0.21978, MAP is: 0.37878, MRR is: 0.69862, in top 10 tags
264 users are loaded from /home/ll5fy/TUIR/dataset/yelp/byUser_70k_review/5foldsCVColdstart/3/...
260 users are loaded from /home/ll5fy/TUIR/dataset/yelp/byUser_70k_review/5foldsCVColdstart/0/...
244 users are loaded from /home/ll5fy/TUIR/dataset/yelp/byUser_70k_review/5foldsCVColdstart/1/...
266 users are loaded from /home/ll5fy/TUIR/dataset/yelp/byUser_70k_review/5foldsCVColdstart/2/...
256 users are loaded from /home/ll5fy/TUIR/dataset/yelp/byUser_70k_review/5foldsCVColdstart/4/...
[Info]Finish loading 861 items' weights in total 156639 items!
[Info]Begin tagging 861 items with ETBIR_Item Interpolation............
---- item 1: map is 0.46871, precision@k is 0.18182, mrr is 1.00000
---- item 51: map is 0.42628, precision@k is 0.18182, mrr is 1.00000
---- item 101: map is 0.83333, precision@k is 0.66667, mrr is 1.00000
---- item 151: map is 0.23904, precision@k is 0.09091, mrr is 0.50000
---- item 201: map is 0.34496, precision@k is 0.09091, mrr is 1.00000
---- item 251: map is 0.50781, precision@k is 0.09091, mrr is 1.00000
---- item 301: map is 0.50531, precision@k is 0.18182, mrr is 1.00000
---- item 351: map is 0.55000, precision@k is 0.09091, mrr is 1.00000
---- item 401: map is 0.34890, precision@k is 0.27273, mrr is 0.50000
---- item 451: map is 0.48485, precision@k is 0.18182, mrr is 1.00000
---- item 501: map is 0.34566, precision@k is 0.09091, mrr is 1.00000
---- item 551: map is 0.75000, precision@k is 0.50000, mrr is 1.00000
---- item 601: map is 0.43365, precision@k is 0.18182, mrr is 1.00000
---- item 651: map is 0.03081, precision@k is 0.00000, mrr is 0.07143
---- item 701: map is 0.18026, precision@k is 0.09091, mrr is 0.50000
---- item 751: map is 0.00428, precision@k is 0.00000, mrr is 0.00275
---- item 801: map is 0.39219, precision@k is 0.09091, mrr is 1.00000
---- item 851: map is 0.10264, precision@k is 0.09091, mrr is 0.33333
[Stat]ETBIR_Item model, Interpolation mode item tagging: Precision@K is 0.21976, MAP is: 0.37330, MRR is: 0.68334, in top 10 tags
256 users are loaded from /home/ll5fy/TUIR/dataset/yelp/byUser_70k_review/5foldsCVColdstart/4/...
260 users are loaded from /home/ll5fy/TUIR/dataset/yelp/byUser_70k_review/5foldsCVColdstart/0/...
244 users are loaded from /home/ll5fy/TUIR/dataset/yelp/byUser_70k_review/5foldsCVColdstart/1/...
266 users are loaded from /home/ll5fy/TUIR/dataset/yelp/byUser_70k_review/5foldsCVColdstart/2/...
264 users are loaded from /home/ll5fy/TUIR/dataset/yelp/byUser_70k_review/5foldsCVColdstart/3/...
[Info]Finish loading 861 items' weights in total 156639 items!
[Info]Begin tagging 861 items with ETBIR_Item Interpolation............
---- item 1: map is 0.68452, precision@k is 0.57143, mrr is 1.00000
---- item 51: map is 0.43034, precision@k is 0.18182, mrr is 1.00000
---- item 101: map is 0.83333, precision@k is 0.66667, mrr is 1.00000
---- item 151: map is 0.57462, precision@k is 0.27273, mrr is 1.00000
---- item 201: map is 0.34599, precision@k is 0.09091, mrr is 1.00000
---- item 251: map is 0.14167, precision@k is 0.09091, mrr is 0.25000
---- item 301: map is 0.50602, precision@k is 0.18182, mrr is 1.00000
---- item 351: map is 0.58333, precision@k is 0.09091, mrr is 1.00000
---- item 401: map is 0.34769, precision@k is 0.27273, mrr is 0.50000
---- item 451: map is 0.48519, precision@k is 0.18182, mrr is 1.00000
---- item 501: map is 0.34588, precision@k is 0.09091, mrr is 1.00000
---- item 551: map is 0.75000, precision@k is 0.50000, mrr is 1.00000
---- item 601: map is 0.43327, precision@k is 0.18182, mrr is 1.00000
---- item 651: map is 0.03198, precision@k is 0.00000, mrr is 0.07692
---- item 701: map is 0.18226, precision@k is 0.09091, mrr is 0.50000
---- item 751: map is 0.00429, precision@k is 0.00000, mrr is 0.00273
---- item 801: map is 0.38591, precision@k is 0.09091, mrr is 1.00000
---- item 851: map is 0.10558, precision@k is 0.09091, mrr is 0.33333
[Stat]ETBIR_Item model, Interpolation mode item tagging: Precision@K is 0.22247, MAP is: 0.37422, MRR is: 0.67643, in top 10 tags

[Stat]Running time (seconds) 364.85400
[Stat]MAP 0.375+/-0.004
[Stat]MRR 0.703+/-0.024
[Stat]Precision 0.215+/-0.009
