Load 6134 2-gram new features from /home/ll5fy/TUIR/dataset/yelp/yelp_features.txt...
Load 6134 2-gram new features from /home/ll5fy/TUIR/dataset/yelp/yelp_features.txt...
[Info]Start FIXED cross validation...
[Info]Load 553 tags, with 6134 features.
260 users are loaded from /home/ll5fy/TUIR/dataset/yelp/byUser_70k_review/5foldsCVColdstart/0/...
244 users are loaded from /home/ll5fy/TUIR/dataset/yelp/byUser_70k_review/5foldsCVColdstart/1/...
266 users are loaded from /home/ll5fy/TUIR/dataset/yelp/byUser_70k_review/5foldsCVColdstart/2/...
264 users are loaded from /home/ll5fy/TUIR/dataset/yelp/byUser_70k_review/5foldsCVColdstart/3/...
256 users are loaded from /home/ll5fy/TUIR/dataset/yelp/byUser_70k_review/5foldsCVColdstart/4/...
[Info]Finish loading 722 items' weights in total 156639 items!
[Info]Begin tagging 722 items with LDA_User Interpolation............
---- item 1: map is 0.47125, precision@k is 0.18182, mrr is 1.00000
---- item 51: map is 0.25185, precision@k is 0.09091, mrr is 0.50000
---- item 101: map is 0.15357, precision@k is 0.09091, mrr is 0.25000
---- item 151: map is 0.09895, precision@k is 0.09091, mrr is 0.25000
---- item 201: map is 0.35706, precision@k is 0.18182, mrr is 1.00000
---- item 251: map is 1.00000, precision@k is 1.00000, mrr is 1.00000
---- item 301: map is 0.10622, precision@k is 0.09091, mrr is 0.25000
---- item 351: map is 0.35589, precision@k is 0.18182, mrr is 1.00000
---- item 401: map is 0.34890, precision@k is 0.18182, mrr is 1.00000
---- item 451: map is 0.45021, precision@k is 0.18182, mrr is 1.00000
---- item 501: map is 0.08901, precision@k is 0.09091, mrr is 0.25000
---- item 551: map is 0.46966, precision@k is 0.18182, mrr is 1.00000
---- item 601: map is 0.26667, precision@k is 0.33333, mrr is 0.20000
---- item 651: map is 0.27469, precision@k is 0.18182, mrr is 0.50000
---- item 701: map is 0.45000, precision@k is 0.40000, mrr is 0.50000
[Stat]LDA_User model, Interpolation mode item tagging: Precision@K is 0.16602, MAP is: 0.26470, MRR is: 0.52827, in top 10 tags
244 users are loaded from /home/ll5fy/TUIR/dataset/yelp/byUser_70k_review/5foldsCVColdstart/1/...
260 users are loaded from /home/ll5fy/TUIR/dataset/yelp/byUser_70k_review/5foldsCVColdstart/0/...
266 users are loaded from /home/ll5fy/TUIR/dataset/yelp/byUser_70k_review/5foldsCVColdstart/2/...
264 users are loaded from /home/ll5fy/TUIR/dataset/yelp/byUser_70k_review/5foldsCVColdstart/3/...
256 users are loaded from /home/ll5fy/TUIR/dataset/yelp/byUser_70k_review/5foldsCVColdstart/4/...
[Info]Finish loading 732 items' weights in total 156639 items!
[Info]Begin tagging 732 items with LDA_User Interpolation............
---- item 1: map is 0.67677, precision@k is 0.18182, mrr is 1.00000
---- item 51: map is 0.36847, precision@k is 0.09091, mrr is 1.00000
---- item 101: map is 0.12989, precision@k is 0.09091, mrr is 0.25000
---- item 151: map is 0.42187, precision@k is 0.18182, mrr is 1.00000
---- item 201: map is 0.83333, precision@k is 0.66667, mrr is 1.00000
---- item 251: map is 0.28333, precision@k is 0.09091, mrr is 0.50000
---- item 301: map is 0.44702, precision@k is 0.18182, mrr is 1.00000
---- item 351: map is 0.28125, precision@k is 0.09091, mrr is 0.50000
---- item 401: map is 0.18361, precision@k is 0.09091, mrr is 0.50000
---- item 451: map is 0.26224, precision@k is 0.18182, mrr is 1.00000
---- item 501: map is 0.50000, precision@k is 0.50000, mrr is 0.50000
---- item 551: map is 0.00417, precision@k is 0.00000, mrr is 0.00254
---- item 601: map is 0.01751, precision@k is 0.00000, mrr is 0.01515
---- item 651: map is 0.20435, precision@k is 0.09091, mrr is 0.50000
---- item 701: map is 0.41472, precision@k is 0.18182, mrr is 1.00000
[Stat]LDA_User model, Interpolation mode item tagging: Precision@K is 0.21706, MAP is: 0.38469, MRR is: 0.72661, in top 10 tags
266 users are loaded from /home/ll5fy/TUIR/dataset/yelp/byUser_70k_review/5foldsCVColdstart/2/...
260 users are loaded from /home/ll5fy/TUIR/dataset/yelp/byUser_70k_review/5foldsCVColdstart/0/...
244 users are loaded from /home/ll5fy/TUIR/dataset/yelp/byUser_70k_review/5foldsCVColdstart/1/...
264 users are loaded from /home/ll5fy/TUIR/dataset/yelp/byUser_70k_review/5foldsCVColdstart/3/...
256 users are loaded from /home/ll5fy/TUIR/dataset/yelp/byUser_70k_review/5foldsCVColdstart/4/...
[Info]Finish loading 702 items' weights in total 156639 items!
[Info]Begin tagging 702 items with LDA_User Interpolation............
---- item 1: map is 0.38410, precision@k is 0.09091, mrr is 1.00000
---- item 51: map is 0.29894, precision@k is 0.18182, mrr is 0.50000
---- item 101: map is 0.50521, precision@k is 0.09091, mrr is 1.00000
---- item 151: map is 0.27063, precision@k is 0.18182, mrr is 0.50000
---- item 201: map is 0.19039, precision@k is 0.09091, mrr is 1.00000
---- item 251: map is 0.24576, precision@k is 0.27273, mrr is 0.50000
---- item 301: map is 0.12229, precision@k is 0.09091, mrr is 0.20000
---- item 351: map is 0.39593, precision@k is 0.09091, mrr is 1.00000
---- item 401: map is 0.41038, precision@k is 0.27273, mrr is 1.00000
---- item 451: map is 0.75641, precision@k is 0.27273, mrr is 1.00000
---- item 501: map is 0.33052, precision@k is 0.27273, mrr is 0.50000
---- item 551: map is 0.56875, precision@k is 0.27273, mrr is 1.00000
---- item 601: map is 0.28601, precision@k is 0.27273, mrr is 0.50000
---- item 651: map is 0.39907, precision@k is 0.09091, mrr is 1.00000
---- item 701: map is 0.41667, precision@k is 0.50000, mrr is 0.33333
[Stat]LDA_User model, Interpolation mode item tagging: Precision@K is 0.20918, MAP is: 0.37148, MRR is: 0.68358, in top 10 tags
264 users are loaded from /home/ll5fy/TUIR/dataset/yelp/byUser_70k_review/5foldsCVColdstart/3/...
260 users are loaded from /home/ll5fy/TUIR/dataset/yelp/byUser_70k_review/5foldsCVColdstart/0/...
244 users are loaded from /home/ll5fy/TUIR/dataset/yelp/byUser_70k_review/5foldsCVColdstart/1/...
266 users are loaded from /home/ll5fy/TUIR/dataset/yelp/byUser_70k_review/5foldsCVColdstart/2/...
256 users are loaded from /home/ll5fy/TUIR/dataset/yelp/byUser_70k_review/5foldsCVColdstart/4/...
[Info]Finish loading 717 items' weights in total 156639 items!
[Info]Begin tagging 717 items with LDA_User Interpolation............
---- item 1: map is 0.67677, precision@k is 0.18182, mrr is 1.00000
---- item 51: map is 0.67560, precision@k is 0.18182, mrr is 1.00000
---- item 101: map is 0.22500, precision@k is 0.20000, mrr is 0.25000
---- item 151: map is 0.09038, precision@k is 0.09091, mrr is 0.16667
---- item 201: map is 0.28357, precision@k is 0.18182, mrr is 0.50000
---- item 251: map is 0.16895, precision@k is 0.09091, mrr is 0.33333
---- item 301: map is 0.27283, precision@k is 0.18182, mrr is 0.33333
---- item 351: map is 0.01975, precision@k is 0.00000, mrr is 0.02000
---- item 401: map is 0.00701, precision@k is 0.00000, mrr is 0.00581
---- item 451: map is 0.52857, precision@k is 0.09091, mrr is 1.00000
---- item 501: map is 1.00000, precision@k is 1.00000, mrr is 1.00000
---- item 551: map is 0.67125, precision@k is 0.18182, mrr is 1.00000
---- item 601: map is 0.11932, precision@k is 0.09091, mrr is 0.33333
---- item 651: map is 0.26549, precision@k is 0.18182, mrr is 0.50000
---- item 701: map is 0.35733, precision@k is 0.18182, mrr is 1.00000
[Stat]LDA_User model, Interpolation mode item tagging: Precision@K is 0.22650, MAP is: 0.38277, MRR is: 0.69702, in top 10 tags
256 users are loaded from /home/ll5fy/TUIR/dataset/yelp/byUser_70k_review/5foldsCVColdstart/4/...
260 users are loaded from /home/ll5fy/TUIR/dataset/yelp/byUser_70k_review/5foldsCVColdstart/0/...
244 users are loaded from /home/ll5fy/TUIR/dataset/yelp/byUser_70k_review/5foldsCVColdstart/1/...
266 users are loaded from /home/ll5fy/TUIR/dataset/yelp/byUser_70k_review/5foldsCVColdstart/2/...
264 users are loaded from /home/ll5fy/TUIR/dataset/yelp/byUser_70k_review/5foldsCVColdstart/3/...
[Info]Finish loading 726 items' weights in total 156639 items!
[Info]Begin tagging 726 items with LDA_User Interpolation............
---- item 1: map is 0.67381, precision@k is 0.18182, mrr is 1.00000
---- item 51: map is 0.22233, precision@k is 0.09091, mrr is 1.00000
---- item 101: map is 0.51075, precision@k is 0.18182, mrr is 1.00000
---- item 151: map is 0.18161, precision@k is 0.09091, mrr is 0.50000
---- item 201: map is 0.83333, precision@k is 0.66667, mrr is 1.00000
---- item 251: map is 0.34816, precision@k is 0.09091, mrr is 1.00000
---- item 301: map is 0.43112, precision@k is 0.18182, mrr is 1.00000
---- item 351: map is 1.00000, precision@k is 1.00000, mrr is 1.00000
---- item 401: map is 0.36106, precision@k is 0.09091, mrr is 1.00000
---- item 451: map is 0.20593, precision@k is 0.09091, mrr is 0.50000
---- item 501: map is 0.59043, precision@k is 0.27273, mrr is 1.00000
---- item 551: map is 0.46557, precision@k is 0.18182, mrr is 1.00000
---- item 601: map is 0.41232, precision@k is 0.27273, mrr is 0.50000
---- item 651: map is 0.62500, precision@k is 0.37500, mrr is 1.00000
---- item 701: map is 0.50743, precision@k is 0.18182, mrr is 1.00000
[Stat]LDA_User model, Interpolation mode item tagging: Precision@K is 0.22846, MAP is: 0.38908, MRR is: 0.70224, in top 10 tags

[Stat]Running time (seconds) 301.05500
[Stat]MAP 0.359+/-0.047
[Stat]MRR 0.668+/-0.071
[Stat]Precision 0.209+/-0.023
