Load 6134 2-gram new features from /home/ll5fy/TUIR/dataset/yelp/yelp_features.txt...
Load 6134 2-gram new features from /home/ll5fy/TUIR/dataset/yelp/yelp_features.txt...
[Info]Start FIXED cross validation...
[Info]Load 553 tags, with 6134 features.
260 users are loaded from /home/ll5fy/TUIR/dataset/yelp/byUser_70k_review/5foldsCVColdstart/0/...
244 users are loaded from /home/ll5fy/TUIR/dataset/yelp/byUser_70k_review/5foldsCVColdstart/1/...
266 users are loaded from /home/ll5fy/TUIR/dataset/yelp/byUser_70k_review/5foldsCVColdstart/2/...
264 users are loaded from /home/ll5fy/TUIR/dataset/yelp/byUser_70k_review/5foldsCVColdstart/3/...
256 users are loaded from /home/ll5fy/TUIR/dataset/yelp/byUser_70k_review/5foldsCVColdstart/4/...
[Info]Finish loading 722 items' weights in total 156639 items!
[Info]Begin tagging 722 items with LDA_Item Interpolation............
---- item 1: map is 0.47258, precision@k is 0.18182, mrr is 1.00000
---- item 51: map is 0.25187, precision@k is 0.09091, mrr is 0.50000
---- item 101: map is 0.16500, precision@k is 0.09091, mrr is 0.25000
---- item 151: map is 0.11161, precision@k is 0.09091, mrr is 0.25000
---- item 201: map is 0.35835, precision@k is 0.18182, mrr is 1.00000
---- item 251: map is 1.00000, precision@k is 1.00000, mrr is 1.00000
---- item 301: map is 0.08106, precision@k is 0.09091, mrr is 0.20000
---- item 351: map is 0.33957, precision@k is 0.18182, mrr is 1.00000
---- item 401: map is 0.35825, precision@k is 0.18182, mrr is 1.00000
---- item 451: map is 0.45850, precision@k is 0.18182, mrr is 1.00000
---- item 501: map is 0.09054, precision@k is 0.09091, mrr is 0.25000
---- item 551: map is 0.36450, precision@k is 0.09091, mrr is 1.00000
---- item 601: map is 0.29167, precision@k is 0.33333, mrr is 0.25000
---- item 651: map is 0.26997, precision@k is 0.18182, mrr is 0.50000
---- item 701: map is 0.26786, precision@k is 0.28571, mrr is 0.25000
[Stat]LDA_Item model, Interpolation mode item tagging: Precision@K is 0.16015, MAP is: 0.25690, MRR is: 0.51728, in top 10 tags
244 users are loaded from /home/ll5fy/TUIR/dataset/yelp/byUser_70k_review/5foldsCVColdstart/1/...
260 users are loaded from /home/ll5fy/TUIR/dataset/yelp/byUser_70k_review/5foldsCVColdstart/0/...
266 users are loaded from /home/ll5fy/TUIR/dataset/yelp/byUser_70k_review/5foldsCVColdstart/2/...
264 users are loaded from /home/ll5fy/TUIR/dataset/yelp/byUser_70k_review/5foldsCVColdstart/3/...
256 users are loaded from /home/ll5fy/TUIR/dataset/yelp/byUser_70k_review/5foldsCVColdstart/4/...
[Info]Finish loading 732 items' weights in total 156639 items!
[Info]Begin tagging 732 items with LDA_Item Interpolation............
---- item 1: map is 0.67552, precision@k is 0.18182, mrr is 1.00000
---- item 51: map is 0.35107, precision@k is 0.09091, mrr is 1.00000
---- item 101: map is 0.12500, precision@k is 0.09091, mrr is 0.25000
---- item 151: map is 0.43651, precision@k is 0.18182, mrr is 1.00000
---- item 201: map is 1.00000, precision@k is 1.00000, mrr is 1.00000
---- item 251: map is 0.32692, precision@k is 0.09091, mrr is 0.50000
---- item 301: map is 0.43136, precision@k is 0.18182, mrr is 1.00000
---- item 351: map is 0.27941, precision@k is 0.09091, mrr is 0.50000
---- item 401: map is 0.18164, precision@k is 0.09091, mrr is 0.50000
---- item 451: map is 0.26631, precision@k is 0.18182, mrr is 1.00000
---- item 501: map is 0.50000, precision@k is 0.50000, mrr is 0.50000
---- item 551: map is 0.00426, precision@k is 0.00000, mrr is 0.00272
---- item 601: map is 0.01523, precision@k is 0.00000, mrr is 0.01613
---- item 651: map is 0.20742, precision@k is 0.09091, mrr is 0.50000
---- item 701: map is 0.41786, precision@k is 0.18182, mrr is 1.00000
[Stat]LDA_Item model, Interpolation mode item tagging: Precision@K is 0.22100, MAP is: 0.38406, MRR is: 0.71571, in top 10 tags
266 users are loaded from /home/ll5fy/TUIR/dataset/yelp/byUser_70k_review/5foldsCVColdstart/2/...
260 users are loaded from /home/ll5fy/TUIR/dataset/yelp/byUser_70k_review/5foldsCVColdstart/0/...
244 users are loaded from /home/ll5fy/TUIR/dataset/yelp/byUser_70k_review/5foldsCVColdstart/1/...
264 users are loaded from /home/ll5fy/TUIR/dataset/yelp/byUser_70k_review/5foldsCVColdstart/3/...
256 users are loaded from /home/ll5fy/TUIR/dataset/yelp/byUser_70k_review/5foldsCVColdstart/4/...
[Info]Finish loading 702 items' weights in total 156639 items!
[Info]Begin tagging 702 items with LDA_Item Interpolation............
---- item 1: map is 0.38095, precision@k is 0.09091, mrr is 1.00000
---- item 51: map is 0.32106, precision@k is 0.27273, mrr is 0.50000
---- item 101: map is 0.50417, precision@k is 0.09091, mrr is 1.00000
---- item 151: map is 0.26935, precision@k is 0.18182, mrr is 0.50000
---- item 201: map is 0.20168, precision@k is 0.18182, mrr is 1.00000
---- item 251: map is 0.24693, precision@k is 0.27273, mrr is 0.50000
---- item 301: map is 0.13077, precision@k is 0.09091, mrr is 0.20000
---- item 351: map is 0.40079, precision@k is 0.09091, mrr is 1.00000
---- item 401: map is 0.40943, precision@k is 0.27273, mrr is 1.00000
---- item 451: map is 0.75538, precision@k is 0.27273, mrr is 1.00000
---- item 501: map is 0.33195, precision@k is 0.27273, mrr is 0.50000
---- item 551: map is 0.56869, precision@k is 0.27273, mrr is 1.00000
---- item 601: map is 0.29818, precision@k is 0.27273, mrr is 0.50000
---- item 651: map is 0.39799, precision@k is 0.09091, mrr is 1.00000
---- item 701: map is 0.41667, precision@k is 0.50000, mrr is 0.33333
[Stat]LDA_Item model, Interpolation mode item tagging: Precision@K is 0.21328, MAP is: 0.37386, MRR is: 0.68475, in top 10 tags
264 users are loaded from /home/ll5fy/TUIR/dataset/yelp/byUser_70k_review/5foldsCVColdstart/3/...
260 users are loaded from /home/ll5fy/TUIR/dataset/yelp/byUser_70k_review/5foldsCVColdstart/0/...
244 users are loaded from /home/ll5fy/TUIR/dataset/yelp/byUser_70k_review/5foldsCVColdstart/1/...
266 users are loaded from /home/ll5fy/TUIR/dataset/yelp/byUser_70k_review/5foldsCVColdstart/2/...
256 users are loaded from /home/ll5fy/TUIR/dataset/yelp/byUser_70k_review/5foldsCVColdstart/4/...
[Info]Finish loading 717 items' weights in total 156639 items!
[Info]Begin tagging 717 items with LDA_Item Interpolation............
---- item 1: map is 0.67576, precision@k is 0.18182, mrr is 1.00000
---- item 51: map is 0.39736, precision@k is 0.09091, mrr is 1.00000
---- item 101: map is 0.23611, precision@k is 0.22222, mrr is 0.25000
---- item 151: map is 0.08983, precision@k is 0.09091, mrr is 0.16667
---- item 201: map is 0.28281, precision@k is 0.18182, mrr is 0.50000
---- item 251: map is 0.16916, precision@k is 0.09091, mrr is 0.33333
---- item 301: map is 0.28215, precision@k is 0.18182, mrr is 0.33333
---- item 351: map is 0.02513, precision@k is 0.00000, mrr is 0.02941
---- item 401: map is 0.00689, precision@k is 0.00000, mrr is 0.00485
---- item 451: map is 0.52632, precision@k is 0.09091, mrr is 1.00000
---- item 501: map is 1.00000, precision@k is 1.00000, mrr is 1.00000
---- item 551: map is 0.67100, precision@k is 0.18182, mrr is 1.00000
---- item 601: map is 0.12076, precision@k is 0.09091, mrr is 0.33333
---- item 651: map is 0.26747, precision@k is 0.18182, mrr is 0.50000
---- item 701: map is 0.34629, precision@k is 0.18182, mrr is 1.00000
[Stat]LDA_Item model, Interpolation mode item tagging: Precision@K is 0.22346, MAP is: 0.38292, MRR is: 0.69783, in top 10 tags
256 users are loaded from /home/ll5fy/TUIR/dataset/yelp/byUser_70k_review/5foldsCVColdstart/4/...
260 users are loaded from /home/ll5fy/TUIR/dataset/yelp/byUser_70k_review/5foldsCVColdstart/0/...
244 users are loaded from /home/ll5fy/TUIR/dataset/yelp/byUser_70k_review/5foldsCVColdstart/1/...
266 users are loaded from /home/ll5fy/TUIR/dataset/yelp/byUser_70k_review/5foldsCVColdstart/2/...
264 users are loaded from /home/ll5fy/TUIR/dataset/yelp/byUser_70k_review/5foldsCVColdstart/3/...
[Info]Finish loading 726 items' weights in total 156639 items!
[Info]Begin tagging 726 items with LDA_Item Interpolation............
---- item 1: map is 0.67698, precision@k is 0.18182, mrr is 1.00000
---- item 51: map is 0.23240, precision@k is 0.09091, mrr is 1.00000
---- item 101: map is 0.48553, precision@k is 0.18182, mrr is 1.00000
---- item 151: map is 0.18127, precision@k is 0.09091, mrr is 0.50000
---- item 201: map is 0.75000, precision@k is 0.50000, mrr is 1.00000
---- item 251: map is 0.34833, precision@k is 0.09091, mrr is 1.00000
---- item 301: map is 0.43110, precision@k is 0.18182, mrr is 1.00000
---- item 351: map is 1.00000, precision@k is 1.00000, mrr is 1.00000
---- item 401: map is 0.38017, precision@k is 0.09091, mrr is 1.00000
---- item 451: map is 0.20689, precision@k is 0.09091, mrr is 0.50000
---- item 501: map is 0.56328, precision@k is 0.18182, mrr is 1.00000
---- item 551: map is 0.51242, precision@k is 0.27273, mrr is 1.00000
---- item 601: map is 0.42103, precision@k is 0.27273, mrr is 0.50000
---- item 651: map is 0.62500, precision@k is 0.37500, mrr is 1.00000
---- item 701: map is 0.50814, precision@k is 0.18182, mrr is 1.00000
[Stat]LDA_Item model, Interpolation mode item tagging: Precision@K is 0.22756, MAP is: 0.38278, MRR is: 0.68653, in top 10 tags

[Stat]Running time (seconds) 309.07700
[Stat]MAP 0.356+/-0.050
[Stat]MRR 0.660+/-0.072
[Stat]Precision 0.209+/-0.025
