Load 6134 2-gram new features from /home/ll5fy/TUIR/dataset/yelp/yelp_features.txt...
Load 6134 2-gram new features from /home/ll5fy/TUIR/dataset/yelp/yelp_features.txt...
[Info]Start FIXED cross validation...
[Info]Load 553 tags, with 6134 features.
260 users are loaded from /home/ll5fy/TUIR/dataset/yelp/byUser_70k_review/5foldsCVColdstart/0/...
244 users are loaded from /home/ll5fy/TUIR/dataset/yelp/byUser_70k_review/5foldsCVColdstart/1/...
266 users are loaded from /home/ll5fy/TUIR/dataset/yelp/byUser_70k_review/5foldsCVColdstart/2/...
264 users are loaded from /home/ll5fy/TUIR/dataset/yelp/byUser_70k_review/5foldsCVColdstart/3/...
256 users are loaded from /home/ll5fy/TUIR/dataset/yelp/byUser_70k_review/5foldsCVColdstart/4/...
[Info]Finish loading 722 items' weights in total 156639 items!
[Info]Begin tagging 722 items with CTM Interpolation............
---- item 1: map is 0.44861, precision@k is 0.18182, mrr is 1.00000
---- item 51: map is 0.10189, precision@k is 0.09091, mrr is 0.20000
---- item 101: map is 0.10571, precision@k is 0.09091, mrr is 0.20000
---- item 151: map is 0.07302, precision@k is 0.09091, mrr is 0.20000
---- item 201: map is 0.33956, precision@k is 0.18182, mrr is 1.00000
---- item 251: map is 0.75000, precision@k is 0.50000, mrr is 1.00000
---- item 301: map is 0.07310, precision@k is 0.09091, mrr is 0.20000
---- item 351: map is 0.33902, precision@k is 0.18182, mrr is 1.00000
---- item 401: map is 0.06622, precision@k is 0.09091, mrr is 0.20000
---- item 451: map is 0.05883, precision@k is 0.09091, mrr is 0.20000
---- item 501: map is 0.07124, precision@k is 0.09091, mrr is 0.20000
---- item 551: map is 0.07031, precision@k is 0.09091, mrr is 0.20000
---- item 601: map is 0.10355, precision@k is 0.09091, mrr is 0.20000
---- item 651: map is 0.27493, precision@k is 0.18182, mrr is 0.50000
---- item 701: map is 0.10200, precision@k is 0.09091, mrr is 0.20000
[Stat]CTM model, Interpolation mode item tagging: Precision@K is 0.10459, MAP is: 0.12403, MRR is: 0.27281, in top 10 tags
244 users are loaded from /home/ll5fy/TUIR/dataset/yelp/byUser_70k_review/5foldsCVColdstart/1/...
260 users are loaded from /home/ll5fy/TUIR/dataset/yelp/byUser_70k_review/5foldsCVColdstart/0/...
266 users are loaded from /home/ll5fy/TUIR/dataset/yelp/byUser_70k_review/5foldsCVColdstart/2/...
264 users are loaded from /home/ll5fy/TUIR/dataset/yelp/byUser_70k_review/5foldsCVColdstart/3/...
256 users are loaded from /home/ll5fy/TUIR/dataset/yelp/byUser_70k_review/5foldsCVColdstart/4/...
[Info]Finish loading 732 items' weights in total 156639 items!
[Info]Begin tagging 732 items with CTM Interpolation............
---- item 1: map is 0.67015, precision@k is 0.18182, mrr is 1.00000
---- item 51: map is 0.35073, precision@k is 0.09091, mrr is 1.00000
---- item 101: map is 0.17869, precision@k is 0.09091, mrr is 0.50000
---- item 151: map is 0.41670, precision@k is 0.18182, mrr is 1.00000
---- item 201: map is 0.51639, precision@k is 0.09091, mrr is 1.00000
---- item 251: map is 0.51923, precision@k is 0.09091, mrr is 1.00000
---- item 301: map is 0.37311, precision@k is 0.09091, mrr is 1.00000
---- item 351: map is 0.51235, precision@k is 0.09091, mrr is 1.00000
---- item 401: map is 0.34513, precision@k is 0.09091, mrr is 1.00000
---- item 451: map is 0.24119, precision@k is 0.09091, mrr is 1.00000
---- item 501: map is 0.00971, precision@k is 0.00000, mrr is 0.00971
---- item 551: map is 0.00421, precision@k is 0.00000, mrr is 0.00272
---- item 601: map is 0.02273, precision@k is 0.00000, mrr is 0.03125
---- item 651: map is 0.18142, precision@k is 0.09091, mrr is 0.50000
---- item 701: map is 0.22676, precision@k is 0.09091, mrr is 1.00000
[Stat]CTM model, Interpolation mode item tagging: Precision@K is 0.14557, MAP is: 0.33392, MRR is: 0.76774, in top 10 tags
266 users are loaded from /home/ll5fy/TUIR/dataset/yelp/byUser_70k_review/5foldsCVColdstart/2/...
260 users are loaded from /home/ll5fy/TUIR/dataset/yelp/byUser_70k_review/5foldsCVColdstart/0/...
244 users are loaded from /home/ll5fy/TUIR/dataset/yelp/byUser_70k_review/5foldsCVColdstart/1/...
264 users are loaded from /home/ll5fy/TUIR/dataset/yelp/byUser_70k_review/5foldsCVColdstart/3/...
256 users are loaded from /home/ll5fy/TUIR/dataset/yelp/byUser_70k_review/5foldsCVColdstart/4/...
[Info]Finish loading 702 items' weights in total 156639 items!
[Info]Begin tagging 702 items with CTM Interpolation............
---- item 1: map is 0.35131, precision@k is 0.09091, mrr is 1.00000
---- item 51: map is 0.08775, precision@k is 0.09091, mrr is 0.16667
---- item 101: map is 0.00631, precision@k is 0.00000, mrr is 0.00658
---- item 151: map is 0.30513, precision@k is 0.18182, mrr is 0.50000
---- item 201: map is 0.16501, precision@k is 0.09091, mrr is 1.00000
---- item 251: map is 0.12296, precision@k is 0.18182, mrr is 0.33333
---- item 301: map is 0.35572, precision@k is 0.09091, mrr is 1.00000
---- item 351: map is 0.35246, precision@k is 0.09091, mrr is 1.00000
---- item 401: map is 0.28725, precision@k is 0.18182, mrr is 1.00000
---- item 451: map is 0.63065, precision@k is 0.27273, mrr is 1.00000
---- item 501: map is 0.07690, precision@k is 0.09091, mrr is 0.11111
---- item 551: map is 0.27806, precision@k is 0.09091, mrr is 1.00000
---- item 601: map is 0.22542, precision@k is 0.18182, mrr is 0.50000
---- item 651: map is 0.41382, precision@k is 0.18182, mrr is 1.00000
---- item 701: map is 0.54762, precision@k is 0.09091, mrr is 1.00000
[Stat]CTM model, Interpolation mode item tagging: Precision@K is 0.16250, MAP is: 0.34219, MRR is: 0.75343, in top 10 tags
264 users are loaded from /home/ll5fy/TUIR/dataset/yelp/byUser_70k_review/5foldsCVColdstart/3/...
260 users are loaded from /home/ll5fy/TUIR/dataset/yelp/byUser_70k_review/5foldsCVColdstart/0/...
244 users are loaded from /home/ll5fy/TUIR/dataset/yelp/byUser_70k_review/5foldsCVColdstart/1/...
266 users are loaded from /home/ll5fy/TUIR/dataset/yelp/byUser_70k_review/5foldsCVColdstart/2/...
256 users are loaded from /home/ll5fy/TUIR/dataset/yelp/byUser_70k_review/5foldsCVColdstart/4/...
[Info]Finish loading 717 items' weights in total 156639 items!
[Info]Begin tagging 717 items with CTM Interpolation............
---- item 1: map is 0.67258, precision@k is 0.18182, mrr is 1.00000
---- item 51: map is 0.35361, precision@k is 0.09091, mrr is 1.00000
---- item 101: map is 0.25578, precision@k is 0.09091, mrr is 0.50000
---- item 151: map is 0.25549, precision@k is 0.09091, mrr is 0.50000
---- item 201: map is 0.04671, precision@k is 0.00000, mrr is 0.05882
---- item 251: map is 0.25191, precision@k is 0.09091, mrr is 0.50000
---- item 301: map is 0.27517, precision@k is 0.09091, mrr is 1.00000
---- item 351: map is 0.02726, precision@k is 0.00000, mrr is 0.02500
---- item 401: map is 0.00758, precision@k is 0.00000, mrr is 0.00709
---- item 451: map is 0.50625, precision@k is 0.09091, mrr is 1.00000
---- item 501: map is 1.00000, precision@k is 1.00000, mrr is 1.00000
---- item 551: map is 0.46975, precision@k is 0.18182, mrr is 1.00000
---- item 601: map is 0.33952, precision@k is 0.09091, mrr is 1.00000
---- item 651: map is 0.05016, precision@k is 0.00000, mrr is 0.09091
---- item 701: map is 0.02198, precision@k is 0.00000, mrr is 0.01370
[Stat]CTM model, Interpolation mode item tagging: Precision@K is 0.16885, MAP is: 0.34882, MRR is: 0.76024, in top 10 tags
256 users are loaded from /home/ll5fy/TUIR/dataset/yelp/byUser_70k_review/5foldsCVColdstart/4/...
260 users are loaded from /home/ll5fy/TUIR/dataset/yelp/byUser_70k_review/5foldsCVColdstart/0/...
244 users are loaded from /home/ll5fy/TUIR/dataset/yelp/byUser_70k_review/5foldsCVColdstart/1/...
266 users are loaded from /home/ll5fy/TUIR/dataset/yelp/byUser_70k_review/5foldsCVColdstart/2/...
264 users are loaded from /home/ll5fy/TUIR/dataset/yelp/byUser_70k_review/5foldsCVColdstart/3/...
[Info]Finish loading 726 items' weights in total 156639 items!
[Info]Begin tagging 726 items with CTM Interpolation............
---- item 1: map is 0.67790, precision@k is 0.18182, mrr is 1.00000
---- item 51: map is 0.22090, precision@k is 0.09091, mrr is 1.00000
---- item 101: map is 0.39167, precision@k is 0.09091, mrr is 1.00000
---- item 151: map is 0.34627, precision@k is 0.09091, mrr is 1.00000
---- item 201: map is 0.83333, precision@k is 0.66667, mrr is 1.00000
---- item 251: map is 0.34632, precision@k is 0.09091, mrr is 1.00000
---- item 301: map is 0.36784, precision@k is 0.09091, mrr is 1.00000
---- item 351: map is 0.16667, precision@k is 0.16667, mrr is 0.16667
---- item 401: map is 0.35392, precision@k is 0.09091, mrr is 1.00000
---- item 451: map is 0.18255, precision@k is 0.09091, mrr is 0.50000
---- item 501: map is 0.52611, precision@k is 0.18182, mrr is 1.00000
---- item 551: map is 0.43425, precision@k is 0.18182, mrr is 1.00000
---- item 601: map is 0.44807, precision@k is 0.18182, mrr is 1.00000
---- item 651: map is 0.51075, precision@k is 0.18182, mrr is 1.00000
---- item 701: map is 0.50742, precision@k is 0.18182, mrr is 1.00000
[Stat]CTM model, Interpolation mode item tagging: Precision@K is 0.17286, MAP is: 0.35634, MRR is: 0.76986, in top 10 tags

[Stat]Running time (seconds) 304.62100
[Stat]MAP 0.301+/-0.089
[Stat]MRR 0.665+/-0.196
[Stat]Precision 0.151+/-0.025
