Load 6134 2-gram new features from /home/ll5fy/TUIR/dataset/yelp/yelp_features.txt...
Load 6134 2-gram new features from /home/ll5fy/TUIR/dataset/yelp/yelp_features.txt...
[Info]Start FIXED cross validation...
[Info]Load 553 tags, with 6134 features.
260 users are loaded from /home/ll5fy/TUIR/dataset/yelp/byUser_70k_review/5foldsCVColdstart/0/...
244 users are loaded from /home/ll5fy/TUIR/dataset/yelp/byUser_70k_review/5foldsCVColdstart/1/...
266 users are loaded from /home/ll5fy/TUIR/dataset/yelp/byUser_70k_review/5foldsCVColdstart/2/...
264 users are loaded from /home/ll5fy/TUIR/dataset/yelp/byUser_70k_review/5foldsCVColdstart/3/...
256 users are loaded from /home/ll5fy/TUIR/dataset/yelp/byUser_70k_review/5foldsCVColdstart/4/...
[Info]Finish loading 861 items' weights in total 156639 items!
[Info]Begin tagging 861 items with ETBIR_Item Interpolation............
---- item 1: map is 0.36302, precision@k is 0.09091, mrr is 1.00000
---- item 51: map is 0.52871, precision@k is 0.18182, mrr is 1.00000
---- item 101: map is 0.83333, precision@k is 0.66667, mrr is 1.00000
---- item 151: map is 0.19571, precision@k is 0.09091, mrr is 0.50000
---- item 201: map is 0.34470, precision@k is 0.09091, mrr is 1.00000
---- item 251: map is 0.13611, precision@k is 0.09091, mrr is 0.25000
---- item 301: map is 0.50456, precision@k is 0.18182, mrr is 1.00000
---- item 351: map is 0.53333, precision@k is 0.09091, mrr is 1.00000
---- item 401: map is 0.13652, precision@k is 0.09091, mrr is 0.50000
---- item 451: map is 0.60317, precision@k is 0.18182, mrr is 1.00000
---- item 501: map is 0.34924, precision@k is 0.09091, mrr is 1.00000
---- item 551: map is 0.83333, precision@k is 0.66667, mrr is 1.00000
---- item 601: map is 0.02805, precision@k is 0.00000, mrr is 0.01852
---- item 651: map is 0.02718, precision@k is 0.00000, mrr is 0.04348
---- item 701: map is 0.34142, precision@k is 0.09091, mrr is 1.00000
---- item 751: map is 0.00456, precision@k is 0.00000, mrr is 0.00299
---- item 801: map is 0.35310, precision@k is 0.09091, mrr is 1.00000
---- item 851: map is 0.07912, precision@k is 0.09091, mrr is 0.25000
[Stat]ETBIR_Item model, Interpolation mode item tagging: Precision@K is 0.19932, MAP is: 0.36570, MRR is: 0.72606, in top 10 tags
244 users are loaded from /home/ll5fy/TUIR/dataset/yelp/byUser_70k_review/5foldsCVColdstart/1/...
260 users are loaded from /home/ll5fy/TUIR/dataset/yelp/byUser_70k_review/5foldsCVColdstart/0/...
266 users are loaded from /home/ll5fy/TUIR/dataset/yelp/byUser_70k_review/5foldsCVColdstart/2/...
264 users are loaded from /home/ll5fy/TUIR/dataset/yelp/byUser_70k_review/5foldsCVColdstart/3/...
256 users are loaded from /home/ll5fy/TUIR/dataset/yelp/byUser_70k_review/5foldsCVColdstart/4/...
[Info]Finish loading 861 items' weights in total 156639 items!
[Info]Begin tagging 861 items with ETBIR_Item Interpolation............
---- item 1: map is 0.35546, precision@k is 0.09091, mrr is 1.00000
---- item 51: map is 0.37753, precision@k is 0.18182, mrr is 1.00000
---- item 101: map is 0.83333, precision@k is 0.66667, mrr is 1.00000
---- item 151: map is 0.20056, precision@k is 0.09091, mrr is 0.50000
---- item 201: map is 0.34204, precision@k is 0.09091, mrr is 1.00000
---- item 251: map is 0.15064, precision@k is 0.09091, mrr is 0.25000
---- item 301: map is 0.50515, precision@k is 0.18182, mrr is 1.00000
---- item 351: map is 0.54348, precision@k is 0.09091, mrr is 1.00000
---- item 401: map is 0.27902, precision@k is 0.27273, mrr is 0.50000
---- item 451: map is 0.60317, precision@k is 0.18182, mrr is 1.00000
---- item 501: map is 0.34727, precision@k is 0.09091, mrr is 1.00000
---- item 551: map is 0.83333, precision@k is 0.66667, mrr is 1.00000
---- item 601: map is 0.43813, precision@k is 0.18182, mrr is 1.00000
---- item 651: map is 0.03505, precision@k is 0.00000, mrr is 0.09091
---- item 701: map is 0.17598, precision@k is 0.09091, mrr is 0.50000
---- item 751: map is 0.00443, precision@k is 0.00000, mrr is 0.00278
---- item 801: map is 0.37204, precision@k is 0.09091, mrr is 1.00000
---- item 851: map is 0.11067, precision@k is 0.09091, mrr is 0.33333
[Stat]ETBIR_Item model, Interpolation mode item tagging: Precision@K is 0.21652, MAP is: 0.37198, MRR is: 0.69226, in top 10 tags
266 users are loaded from /home/ll5fy/TUIR/dataset/yelp/byUser_70k_review/5foldsCVColdstart/2/...
260 users are loaded from /home/ll5fy/TUIR/dataset/yelp/byUser_70k_review/5foldsCVColdstart/0/...
244 users are loaded from /home/ll5fy/TUIR/dataset/yelp/byUser_70k_review/5foldsCVColdstart/1/...
264 users are loaded from /home/ll5fy/TUIR/dataset/yelp/byUser_70k_review/5foldsCVColdstart/3/...
256 users are loaded from /home/ll5fy/TUIR/dataset/yelp/byUser_70k_review/5foldsCVColdstart/4/...
[Info]Finish loading 861 items' weights in total 156639 items!
[Info]Begin tagging 861 items with ETBIR_Item Interpolation............
---- item 1: map is 0.55755, precision@k is 0.18182, mrr is 1.00000
---- item 51: map is 0.37765, precision@k is 0.18182, mrr is 1.00000
---- item 101: map is 0.75000, precision@k is 0.50000, mrr is 1.00000
---- item 151: map is 0.15030, precision@k is 0.09091, mrr is 0.33333
---- item 201: map is 0.34309, precision@k is 0.09091, mrr is 1.00000
---- item 251: map is 0.17763, precision@k is 0.09091, mrr is 0.25000
---- item 301: map is 0.50462, precision@k is 0.18182, mrr is 1.00000
---- item 351: map is 0.70000, precision@k is 0.40000, mrr is 1.00000
---- item 401: map is 0.33665, precision@k is 0.27273, mrr is 0.50000
---- item 451: map is 0.60317, precision@k is 0.18182, mrr is 1.00000
---- item 501: map is 0.34613, precision@k is 0.09091, mrr is 1.00000
---- item 551: map is 0.75000, precision@k is 0.50000, mrr is 1.00000
---- item 601: map is 0.43761, precision@k is 0.18182, mrr is 1.00000
---- item 651: map is 0.03763, precision@k is 0.00000, mrr is 0.09091
---- item 701: map is 0.17412, precision@k is 0.09091, mrr is 0.50000
---- item 751: map is 0.00450, precision@k is 0.00000, mrr is 0.00284
---- item 801: map is 0.40595, precision@k is 0.18182, mrr is 1.00000
---- item 851: map is 0.11648, precision@k is 0.09091, mrr is 0.33333
[Stat]ETBIR_Item model, Interpolation mode item tagging: Precision@K is 0.22120, MAP is: 0.36988, MRR is: 0.67289, in top 10 tags
264 users are loaded from /home/ll5fy/TUIR/dataset/yelp/byUser_70k_review/5foldsCVColdstart/3/...
260 users are loaded from /home/ll5fy/TUIR/dataset/yelp/byUser_70k_review/5foldsCVColdstart/0/...
244 users are loaded from /home/ll5fy/TUIR/dataset/yelp/byUser_70k_review/5foldsCVColdstart/1/...
266 users are loaded from /home/ll5fy/TUIR/dataset/yelp/byUser_70k_review/5foldsCVColdstart/2/...
256 users are loaded from /home/ll5fy/TUIR/dataset/yelp/byUser_70k_review/5foldsCVColdstart/4/...
[Info]Finish loading 861 items' weights in total 156639 items!
[Info]Begin tagging 861 items with ETBIR_Item Interpolation............
---- item 1: map is 0.55819, precision@k is 0.18182, mrr is 1.00000
---- item 51: map is 0.37247, precision@k is 0.18182, mrr is 1.00000
---- item 101: map is 0.75000, precision@k is 0.50000, mrr is 1.00000
---- item 151: map is 0.16738, precision@k is 0.09091, mrr is 0.33333
---- item 201: map is 0.34417, precision@k is 0.09091, mrr is 1.00000
---- item 251: map is 0.26266, precision@k is 0.09091, mrr is 0.50000
---- item 301: map is 0.50435, precision@k is 0.18182, mrr is 1.00000
---- item 351: map is 0.75000, precision@k is 0.50000, mrr is 1.00000
---- item 401: map is 0.34992, precision@k is 0.27273, mrr is 0.50000
---- item 451: map is 0.45238, precision@k is 0.18182, mrr is 1.00000
---- item 501: map is 0.34701, precision@k is 0.09091, mrr is 1.00000
---- item 551: map is 0.70000, precision@k is 0.40000, mrr is 1.00000
---- item 601: map is 0.43550, precision@k is 0.18182, mrr is 1.00000
---- item 651: map is 0.03769, precision@k is 0.00000, mrr is 0.07143
---- item 701: map is 0.17964, precision@k is 0.09091, mrr is 0.50000
---- item 751: map is 0.00443, precision@k is 0.00000, mrr is 0.00307
---- item 801: map is 0.41471, precision@k is 0.18182, mrr is 1.00000
---- item 851: map is 0.11412, precision@k is 0.09091, mrr is 0.33333
[Stat]ETBIR_Item model, Interpolation mode item tagging: Precision@K is 0.22736, MAP is: 0.36945, MRR is: 0.66341, in top 10 tags
256 users are loaded from /home/ll5fy/TUIR/dataset/yelp/byUser_70k_review/5foldsCVColdstart/4/...
260 users are loaded from /home/ll5fy/TUIR/dataset/yelp/byUser_70k_review/5foldsCVColdstart/0/...
244 users are loaded from /home/ll5fy/TUIR/dataset/yelp/byUser_70k_review/5foldsCVColdstart/1/...
266 users are loaded from /home/ll5fy/TUIR/dataset/yelp/byUser_70k_review/5foldsCVColdstart/2/...
264 users are loaded from /home/ll5fy/TUIR/dataset/yelp/byUser_70k_review/5foldsCVColdstart/3/...
[Info]Finish loading 861 items' weights in total 156639 items!
[Info]Begin tagging 861 items with ETBIR_Item Interpolation............
---- item 1: map is 0.70952, precision@k is 0.57143, mrr is 1.00000
---- item 51: map is 0.35284, precision@k is 0.18182, mrr is 1.00000
---- item 101: map is 0.75000, precision@k is 0.50000, mrr is 1.00000
---- item 151: map is 0.56662, precision@k is 0.27273, mrr is 1.00000
---- item 201: map is 0.34323, precision@k is 0.09091, mrr is 1.00000
---- item 251: map is 0.20192, precision@k is 0.09091, mrr is 0.25000
---- item 301: map is 0.50479, precision@k is 0.18182, mrr is 1.00000
---- item 351: map is 0.83333, precision@k is 0.66667, mrr is 1.00000
---- item 401: map is 0.35259, precision@k is 0.27273, mrr is 0.50000
---- item 451: map is 0.43792, precision@k is 0.18182, mrr is 1.00000
---- item 501: map is 0.34781, precision@k is 0.09091, mrr is 1.00000
---- item 551: map is 0.66667, precision@k is 0.33333, mrr is 1.00000
---- item 601: map is 0.43958, precision@k is 0.18182, mrr is 1.00000
---- item 651: map is 0.03054, precision@k is 0.00000, mrr is 0.05000
---- item 701: map is 0.17656, precision@k is 0.09091, mrr is 0.50000
---- item 751: map is 0.00425, precision@k is 0.00000, mrr is 0.00292
---- item 801: map is 0.41366, precision@k is 0.18182, mrr is 1.00000
---- item 851: map is 0.10284, precision@k is 0.09091, mrr is 0.25000
[Stat]ETBIR_Item model, Interpolation mode item tagging: Precision@K is 0.23006, MAP is: 0.37194, MRR is: 0.66450, in top 10 tags

[Stat]Running time (seconds) 363.18600
[Stat]MAP 0.370+/-0.002
[Stat]MRR 0.684+/-0.024
[Stat]Precision 0.219+/-0.011
