Load 6134 2-gram new features from /home/ll5fy/TUIR/dataset/yelp/yelp_features.txt...
Load 6134 2-gram new features from /home/ll5fy/TUIR/dataset/yelp/yelp_features.txt...
[Info]Start FIXED cross validation...
[Info]Load 553 tags, with 6134 features.
260 users are loaded from /home/ll5fy/TUIR/dataset/yelp/byUser_70k_review/5foldsCVColdstart/0/...
244 users are loaded from /home/ll5fy/TUIR/dataset/yelp/byUser_70k_review/5foldsCVColdstart/1/...
266 users are loaded from /home/ll5fy/TUIR/dataset/yelp/byUser_70k_review/5foldsCVColdstart/2/...
264 users are loaded from /home/ll5fy/TUIR/dataset/yelp/byUser_70k_review/5foldsCVColdstart/3/...
256 users are loaded from /home/ll5fy/TUIR/dataset/yelp/byUser_70k_review/5foldsCVColdstart/4/...
[Info]Finish loading 861 items' weights in total 156639 items!
[Info]Begin tagging 861 items with ETBIR_User Interpolation............
---- item 1: map is 0.46865, precision@k is 0.18182, mrr is 1.00000
---- item 51: map is 0.56846, precision@k is 0.18182, mrr is 1.00000
---- item 101: map is 0.83333, precision@k is 0.66667, mrr is 1.00000
---- item 151: map is 0.21123, precision@k is 0.09091, mrr is 0.50000
---- item 201: map is 0.34665, precision@k is 0.09091, mrr is 1.00000
---- item 251: map is 0.13333, precision@k is 0.09091, mrr is 0.25000
---- item 301: map is 0.50606, precision@k is 0.18182, mrr is 1.00000
---- item 351: map is 0.52857, precision@k is 0.09091, mrr is 1.00000
---- item 401: map is 0.12937, precision@k is 0.09091, mrr is 0.50000
---- item 451: map is 0.57937, precision@k is 0.18182, mrr is 1.00000
---- item 501: map is 0.34584, precision@k is 0.09091, mrr is 1.00000
---- item 551: map is 0.83333, precision@k is 0.66667, mrr is 1.00000
---- item 601: map is 0.02326, precision@k is 0.00000, mrr is 0.02000
---- item 651: map is 0.02643, precision@k is 0.00000, mrr is 0.03448
---- item 701: map is 0.34436, precision@k is 0.09091, mrr is 1.00000
---- item 751: map is 0.00428, precision@k is 0.00000, mrr is 0.00278
---- item 801: map is 0.42568, precision@k is 0.18182, mrr is 1.00000
---- item 851: map is 0.08325, precision@k is 0.09091, mrr is 0.25000
[Stat]ETBIR_User model, Interpolation mode item tagging: Precision@K is 0.20550, MAP is: 0.36651, MRR is: 0.70772, in top 10 tags
244 users are loaded from /home/ll5fy/TUIR/dataset/yelp/byUser_70k_review/5foldsCVColdstart/1/...
260 users are loaded from /home/ll5fy/TUIR/dataset/yelp/byUser_70k_review/5foldsCVColdstart/0/...
266 users are loaded from /home/ll5fy/TUIR/dataset/yelp/byUser_70k_review/5foldsCVColdstart/2/...
264 users are loaded from /home/ll5fy/TUIR/dataset/yelp/byUser_70k_review/5foldsCVColdstart/3/...
256 users are loaded from /home/ll5fy/TUIR/dataset/yelp/byUser_70k_review/5foldsCVColdstart/4/...
[Info]Finish loading 861 items' weights in total 156639 items!
[Info]Begin tagging 861 items with ETBIR_User Interpolation............
---- item 1: map is 0.43075, precision@k is 0.18182, mrr is 1.00000
---- item 51: map is 0.43523, precision@k is 0.18182, mrr is 1.00000
---- item 101: map is 0.83333, precision@k is 0.66667, mrr is 1.00000
---- item 151: map is 0.15735, precision@k is 0.09091, mrr is 0.33333
---- item 201: map is 0.34557, precision@k is 0.09091, mrr is 1.00000
---- item 251: map is 0.14254, precision@k is 0.09091, mrr is 0.25000
---- item 301: map is 0.50640, precision@k is 0.18182, mrr is 1.00000
---- item 351: map is 0.55000, precision@k is 0.09091, mrr is 1.00000
---- item 401: map is 0.27937, precision@k is 0.27273, mrr is 0.50000
---- item 451: map is 0.57995, precision@k is 0.18182, mrr is 1.00000
---- item 501: map is 0.34575, precision@k is 0.09091, mrr is 1.00000
---- item 551: map is 0.75000, precision@k is 0.50000, mrr is 1.00000
---- item 601: map is 0.43120, precision@k is 0.18182, mrr is 1.00000
---- item 651: map is 0.02953, precision@k is 0.00000, mrr is 0.05882
---- item 701: map is 0.18249, precision@k is 0.09091, mrr is 0.50000
---- item 751: map is 0.00439, precision@k is 0.00000, mrr is 0.00280
---- item 801: map is 0.39288, precision@k is 0.09091, mrr is 1.00000
---- item 851: map is 0.10411, precision@k is 0.09091, mrr is 0.33333
[Stat]ETBIR_User model, Interpolation mode item tagging: Precision@K is 0.21878, MAP is: 0.37119, MRR is: 0.67788, in top 10 tags
266 users are loaded from /home/ll5fy/TUIR/dataset/yelp/byUser_70k_review/5foldsCVColdstart/2/...
260 users are loaded from /home/ll5fy/TUIR/dataset/yelp/byUser_70k_review/5foldsCVColdstart/0/...
244 users are loaded from /home/ll5fy/TUIR/dataset/yelp/byUser_70k_review/5foldsCVColdstart/1/...
264 users are loaded from /home/ll5fy/TUIR/dataset/yelp/byUser_70k_review/5foldsCVColdstart/3/...
256 users are loaded from /home/ll5fy/TUIR/dataset/yelp/byUser_70k_review/5foldsCVColdstart/4/...
[Info]Finish loading 861 items' weights in total 156639 items!
[Info]Begin tagging 861 items with ETBIR_User Interpolation............
---- item 1: map is 0.55793, precision@k is 0.18182, mrr is 1.00000
---- item 51: map is 0.39925, precision@k is 0.18182, mrr is 1.00000
---- item 101: map is 0.75000, precision@k is 0.50000, mrr is 1.00000
---- item 151: map is 0.17886, precision@k is 0.09091, mrr is 0.33333
---- item 201: map is 0.34468, precision@k is 0.09091, mrr is 1.00000
---- item 251: map is 0.15833, precision@k is 0.09091, mrr is 0.25000
---- item 301: map is 0.50664, precision@k is 0.18182, mrr is 1.00000
---- item 351: map is 0.60000, precision@k is 0.20000, mrr is 1.00000
---- item 401: map is 0.34780, precision@k is 0.27273, mrr is 0.50000
---- item 451: map is 0.57828, precision@k is 0.18182, mrr is 1.00000
---- item 501: map is 0.34457, precision@k is 0.09091, mrr is 1.00000
---- item 551: map is 0.75000, precision@k is 0.50000, mrr is 1.00000
---- item 601: map is 0.43245, precision@k is 0.18182, mrr is 1.00000
---- item 651: map is 0.03112, precision@k is 0.00000, mrr is 0.07143
---- item 701: map is 0.18588, precision@k is 0.09091, mrr is 0.50000
---- item 751: map is 0.00435, precision@k is 0.00000, mrr is 0.00271
---- item 801: map is 0.40752, precision@k is 0.18182, mrr is 1.00000
---- item 851: map is 0.09492, precision@k is 0.09091, mrr is 0.25000
[Stat]ETBIR_User model, Interpolation mode item tagging: Precision@K is 0.22550, MAP is: 0.37073, MRR is: 0.66403, in top 10 tags
264 users are loaded from /home/ll5fy/TUIR/dataset/yelp/byUser_70k_review/5foldsCVColdstart/3/...
260 users are loaded from /home/ll5fy/TUIR/dataset/yelp/byUser_70k_review/5foldsCVColdstart/0/...
244 users are loaded from /home/ll5fy/TUIR/dataset/yelp/byUser_70k_review/5foldsCVColdstart/1/...
266 users are loaded from /home/ll5fy/TUIR/dataset/yelp/byUser_70k_review/5foldsCVColdstart/2/...
256 users are loaded from /home/ll5fy/TUIR/dataset/yelp/byUser_70k_review/5foldsCVColdstart/4/...
[Info]Finish loading 861 items' weights in total 156639 items!
[Info]Begin tagging 861 items with ETBIR_User Interpolation............
---- item 1: map is 0.55801, precision@k is 0.18182, mrr is 1.00000
---- item 51: map is 0.39597, precision@k is 0.18182, mrr is 1.00000
---- item 101: map is 0.75000, precision@k is 0.50000, mrr is 1.00000
---- item 151: map is 0.15436, precision@k is 0.09091, mrr is 0.25000
---- item 201: map is 0.34577, precision@k is 0.09091, mrr is 1.00000
---- item 251: map is 0.27439, precision@k is 0.09091, mrr is 0.50000
---- item 301: map is 0.50497, precision@k is 0.18182, mrr is 1.00000
---- item 351: map is 0.75000, precision@k is 0.50000, mrr is 1.00000
---- item 401: map is 0.34856, precision@k is 0.27273, mrr is 0.50000
---- item 451: map is 0.44048, precision@k is 0.18182, mrr is 1.00000
---- item 501: map is 0.34600, precision@k is 0.09091, mrr is 1.00000
---- item 551: map is 0.66667, precision@k is 0.33333, mrr is 1.00000
---- item 601: map is 0.43400, precision@k is 0.18182, mrr is 1.00000
---- item 651: map is 0.02941, precision@k is 0.00000, mrr is 0.05000
---- item 701: map is 0.18187, precision@k is 0.09091, mrr is 0.50000
---- item 751: map is 0.00425, precision@k is 0.00000, mrr is 0.00265
---- item 801: map is 0.41554, precision@k is 0.18182, mrr is 1.00000
---- item 851: map is 0.09410, precision@k is 0.09091, mrr is 0.25000
[Stat]ETBIR_User model, Interpolation mode item tagging: Precision@K is 0.22820, MAP is: 0.36937, MRR is: 0.65892, in top 10 tags
256 users are loaded from /home/ll5fy/TUIR/dataset/yelp/byUser_70k_review/5foldsCVColdstart/4/...
260 users are loaded from /home/ll5fy/TUIR/dataset/yelp/byUser_70k_review/5foldsCVColdstart/0/...
244 users are loaded from /home/ll5fy/TUIR/dataset/yelp/byUser_70k_review/5foldsCVColdstart/1/...
266 users are loaded from /home/ll5fy/TUIR/dataset/yelp/byUser_70k_review/5foldsCVColdstart/2/...
264 users are loaded from /home/ll5fy/TUIR/dataset/yelp/byUser_70k_review/5foldsCVColdstart/3/...
[Info]Finish loading 861 items' weights in total 156639 items!
[Info]Begin tagging 861 items with ETBIR_User Interpolation............
---- item 1: map is 0.73333, precision@k is 0.66667, mrr is 1.00000
---- item 51: map is 0.39461, precision@k is 0.18182, mrr is 1.00000
---- item 101: map is 0.75000, precision@k is 0.50000, mrr is 1.00000
---- item 151: map is 0.52446, precision@k is 0.27273, mrr is 1.00000
---- item 201: map is 0.34575, precision@k is 0.09091, mrr is 1.00000
---- item 251: map is 0.19167, precision@k is 0.09091, mrr is 0.25000
---- item 301: map is 0.50601, precision@k is 0.18182, mrr is 1.00000
---- item 351: map is 0.83333, precision@k is 0.66667, mrr is 1.00000
---- item 401: map is 0.34805, precision@k is 0.27273, mrr is 0.50000
---- item 451: map is 0.43333, precision@k is 0.18182, mrr is 1.00000
---- item 501: map is 0.34609, precision@k is 0.09091, mrr is 1.00000
---- item 551: map is 0.61111, precision@k is 0.22222, mrr is 1.00000
---- item 601: map is 0.43338, precision@k is 0.18182, mrr is 1.00000
---- item 651: map is 0.03045, precision@k is 0.00000, mrr is 0.05000
---- item 701: map is 0.12667, precision@k is 0.09091, mrr is 0.33333
---- item 751: map is 0.00440, precision@k is 0.00000, mrr is 0.00282
---- item 801: map is 0.41465, precision@k is 0.18182, mrr is 1.00000
---- item 851: map is 0.10129, precision@k is 0.09091, mrr is 0.25000
[Stat]ETBIR_User model, Interpolation mode item tagging: Precision@K is 0.22858, MAP is: 0.37091, MRR is: 0.65707, in top 10 tags

[Stat]Running time (seconds) 367.78900
[Stat]MAP 0.370+/-0.002
[Stat]MRR 0.673+/-0.019
[Stat]Precision 0.221+/-0.009
