Load 6134 2-gram new features from /home/ll5fy/TUIR/dataset/yelp/yelp_features.txt...
Load 6134 2-gram new features from /home/ll5fy/TUIR/dataset/yelp/yelp_features.txt...
[Info]Start FIXED cross validation...
[Info]Load 553 tags, with 6134 features.
260 users are loaded from /home/ll5fy/TUIR/dataset/yelp/byUser_70k_review/5foldsCVColdstart/0/...
244 users are loaded from /home/ll5fy/TUIR/dataset/yelp/byUser_70k_review/5foldsCVColdstart/1/...
266 users are loaded from /home/ll5fy/TUIR/dataset/yelp/byUser_70k_review/5foldsCVColdstart/2/...
264 users are loaded from /home/ll5fy/TUIR/dataset/yelp/byUser_70k_review/5foldsCVColdstart/3/...
256 users are loaded from /home/ll5fy/TUIR/dataset/yelp/byUser_70k_review/5foldsCVColdstart/4/...
[Info]Finish loading 861 items' weights in total 156639 items!
[Info]Begin tagging 861 items with ETBIR Embed............
---- item 1: map is 0.34836, precision@k is 0.09091, mrr is 1.00000
---- item 51: map is 0.30682, precision@k is 0.09091, mrr is 1.00000
---- item 101: map is 0.83333, precision@k is 0.66667, mrr is 1.00000
---- item 151: map is 0.38272, precision@k is 0.09091, mrr is 1.00000
---- item 201: map is 0.34666, precision@k is 0.09091, mrr is 1.00000
---- item 251: map is 0.00774, precision@k is 0.00000, mrr is 0.00532
---- item 301: map is 0.26051, precision@k is 0.09091, mrr is 1.00000
---- item 351: map is 0.51235, precision@k is 0.09091, mrr is 1.00000
---- item 401: map is 0.03114, precision@k is 0.00000, mrr is 0.02703
---- item 451: map is 0.37279, precision@k is 0.09091, mrr is 1.00000
---- item 501: map is 0.01604, precision@k is 0.00000, mrr is 0.00926
---- item 551: map is 0.61111, precision@k is 0.22222, mrr is 1.00000
---- item 601: map is 0.02279, precision@k is 0.00000, mrr is 0.01961
---- item 651: map is 0.02809, precision@k is 0.00000, mrr is 0.04545
---- item 701: map is 0.34612, precision@k is 0.09091, mrr is 1.00000
---- item 751: map is 0.00434, precision@k is 0.00000, mrr is 0.00279
---- item 801: map is 0.35814, precision@k is 0.09091, mrr is 1.00000
---- item 851: map is 0.03636, precision@k is 0.00000, mrr is 0.04762
[Stat]ETBIR model, Embed mode item tagging: Precision@K is 0.10801, MAP is: 0.30368, MRR is: 0.77549, in top 10 tags
244 users are loaded from /home/ll5fy/TUIR/dataset/yelp/byUser_70k_review/5foldsCVColdstart/1/...
260 users are loaded from /home/ll5fy/TUIR/dataset/yelp/byUser_70k_review/5foldsCVColdstart/0/...
266 users are loaded from /home/ll5fy/TUIR/dataset/yelp/byUser_70k_review/5foldsCVColdstart/2/...
264 users are loaded from /home/ll5fy/TUIR/dataset/yelp/byUser_70k_review/5foldsCVColdstart/3/...
256 users are loaded from /home/ll5fy/TUIR/dataset/yelp/byUser_70k_review/5foldsCVColdstart/4/...
[Info]Finish loading 861 items' weights in total 156639 items!
[Info]Begin tagging 861 items with ETBIR Embed............
---- item 1: map is 0.34762, precision@k is 0.09091, mrr is 1.00000
---- item 51: map is 0.29254, precision@k is 0.09091, mrr is 1.00000
---- item 101: map is 0.75000, precision@k is 0.50000, mrr is 1.00000
---- item 151: map is 0.36823, precision@k is 0.09091, mrr is 1.00000
---- item 201: map is 0.34634, precision@k is 0.09091, mrr is 1.00000
---- item 251: map is 0.00793, precision@k is 0.00000, mrr is 0.00571
---- item 301: map is 0.26019, precision@k is 0.09091, mrr is 1.00000
---- item 351: map is 0.51235, precision@k is 0.09091, mrr is 1.00000
---- item 401: map is 0.03303, precision@k is 0.00000, mrr is 0.02778
---- item 451: map is 0.36498, precision@k is 0.09091, mrr is 1.00000
---- item 501: map is 0.01533, precision@k is 0.00000, mrr is 0.00952
---- item 551: map is 0.61111, precision@k is 0.22222, mrr is 1.00000
---- item 601: map is 0.02402, precision@k is 0.00000, mrr is 0.02564
---- item 651: map is 0.03264, precision@k is 0.00000, mrr is 0.07692
---- item 701: map is 0.34592, precision@k is 0.09091, mrr is 1.00000
---- item 751: map is 0.00435, precision@k is 0.00000, mrr is 0.00270
---- item 801: map is 0.35599, precision@k is 0.09091, mrr is 1.00000
---- item 851: map is 0.05396, precision@k is 0.00000, mrr is 0.07692
[Stat]ETBIR model, Embed mode item tagging: Precision@K is 0.10339, MAP is: 0.30019, MRR is: 0.77534, in top 10 tags
266 users are loaded from /home/ll5fy/TUIR/dataset/yelp/byUser_70k_review/5foldsCVColdstart/2/...
260 users are loaded from /home/ll5fy/TUIR/dataset/yelp/byUser_70k_review/5foldsCVColdstart/0/...
244 users are loaded from /home/ll5fy/TUIR/dataset/yelp/byUser_70k_review/5foldsCVColdstart/1/...
264 users are loaded from /home/ll5fy/TUIR/dataset/yelp/byUser_70k_review/5foldsCVColdstart/3/...
256 users are loaded from /home/ll5fy/TUIR/dataset/yelp/byUser_70k_review/5foldsCVColdstart/4/...
[Info]Finish loading 861 items' weights in total 156639 items!
[Info]Begin tagging 861 items with ETBIR Embed............
---- item 1: map is 0.34675, precision@k is 0.09091, mrr is 1.00000
---- item 51: map is 0.29879, precision@k is 0.09091, mrr is 1.00000
---- item 101: map is 0.64286, precision@k is 0.28571, mrr is 1.00000
---- item 151: map is 0.37871, precision@k is 0.09091, mrr is 1.00000
---- item 201: map is 0.34568, precision@k is 0.09091, mrr is 1.00000
---- item 251: map is 0.01061, precision@k is 0.00000, mrr is 0.00752
---- item 301: map is 0.25983, precision@k is 0.09091, mrr is 1.00000
---- item 351: map is 0.51205, precision@k is 0.09091, mrr is 1.00000
---- item 401: map is 0.04066, precision@k is 0.00000, mrr is 0.04348
---- item 451: map is 0.36477, precision@k is 0.09091, mrr is 1.00000
---- item 501: map is 0.01443, precision@k is 0.00000, mrr is 0.00971
---- item 551: map is 0.83333, precision@k is 0.66667, mrr is 1.00000
---- item 601: map is 0.02697, precision@k is 0.00000, mrr is 0.03030
---- item 651: map is 0.02810, precision@k is 0.00000, mrr is 0.06250
---- item 701: map is 0.34527, precision@k is 0.09091, mrr is 1.00000
---- item 751: map is 0.00458, precision@k is 0.00000, mrr is 0.00276
---- item 801: map is 0.35741, precision@k is 0.09091, mrr is 1.00000
---- item 851: map is 0.04873, precision@k is 0.00000, mrr is 0.06250
[Stat]ETBIR model, Embed mode item tagging: Precision@K is 0.10430, MAP is: 0.30107, MRR is: 0.77591, in top 10 tags
264 users are loaded from /home/ll5fy/TUIR/dataset/yelp/byUser_70k_review/5foldsCVColdstart/3/...
260 users are loaded from /home/ll5fy/TUIR/dataset/yelp/byUser_70k_review/5foldsCVColdstart/0/...
244 users are loaded from /home/ll5fy/TUIR/dataset/yelp/byUser_70k_review/5foldsCVColdstart/1/...
266 users are loaded from /home/ll5fy/TUIR/dataset/yelp/byUser_70k_review/5foldsCVColdstart/2/...
256 users are loaded from /home/ll5fy/TUIR/dataset/yelp/byUser_70k_review/5foldsCVColdstart/4/...
[Info]Finish loading 861 items' weights in total 156639 items!
[Info]Begin tagging 861 items with ETBIR Embed............
---- item 1: map is 0.34638, precision@k is 0.09091, mrr is 1.00000
---- item 51: map is 0.29114, precision@k is 0.09091, mrr is 1.00000
---- item 101: map is 0.75000, precision@k is 0.50000, mrr is 1.00000
---- item 151: map is 0.37037, precision@k is 0.09091, mrr is 1.00000
---- item 201: map is 0.34716, precision@k is 0.09091, mrr is 1.00000
---- item 251: map is 0.50461, precision@k is 0.09091, mrr is 1.00000
---- item 301: map is 0.26031, precision@k is 0.09091, mrr is 1.00000
---- item 351: map is 0.51235, precision@k is 0.09091, mrr is 1.00000
---- item 401: map is 0.04063, precision@k is 0.00000, mrr is 0.04348
---- item 451: map is 0.35925, precision@k is 0.09091, mrr is 1.00000
---- item 501: map is 0.01425, precision@k is 0.00000, mrr is 0.01031
---- item 551: map is 0.70000, precision@k is 0.40000, mrr is 1.00000
---- item 601: map is 0.02795, precision@k is 0.00000, mrr is 0.03226
---- item 651: map is 0.02719, precision@k is 0.00000, mrr is 0.05000
---- item 701: map is 0.34629, precision@k is 0.09091, mrr is 1.00000
---- item 751: map is 0.00426, precision@k is 0.00000, mrr is 0.00274
---- item 801: map is 0.35484, precision@k is 0.09091, mrr is 1.00000
---- item 851: map is 0.03953, precision@k is 0.00000, mrr is 0.05263
[Stat]ETBIR model, Embed mode item tagging: Precision@K is 0.10665, MAP is: 0.30265, MRR is: 0.77535, in top 10 tags
256 users are loaded from /home/ll5fy/TUIR/dataset/yelp/byUser_70k_review/5foldsCVColdstart/4/...
260 users are loaded from /home/ll5fy/TUIR/dataset/yelp/byUser_70k_review/5foldsCVColdstart/0/...
244 users are loaded from /home/ll5fy/TUIR/dataset/yelp/byUser_70k_review/5foldsCVColdstart/1/...
266 users are loaded from /home/ll5fy/TUIR/dataset/yelp/byUser_70k_review/5foldsCVColdstart/2/...
264 users are loaded from /home/ll5fy/TUIR/dataset/yelp/byUser_70k_review/5foldsCVColdstart/3/...
[Info]Finish loading 861 items' weights in total 156639 items!
[Info]Begin tagging 861 items with ETBIR Embed............
---- item 1: map is 0.31529, precision@k is 0.09091, mrr is 1.00000
---- item 51: map is 0.29439, precision@k is 0.09091, mrr is 1.00000
---- item 101: map is 0.62500, precision@k is 0.25000, mrr is 1.00000
---- item 151: map is 0.25075, precision@k is 0.09091, mrr is 1.00000
---- item 201: map is 0.34560, precision@k is 0.09091, mrr is 1.00000
---- item 251: map is 0.01056, precision@k is 0.00000, mrr is 0.00752
---- item 301: map is 0.25914, precision@k is 0.09091, mrr is 1.00000
---- item 351: map is 0.51282, precision@k is 0.09091, mrr is 1.00000
---- item 401: map is 0.05340, precision@k is 0.00000, mrr is 0.05556
---- item 451: map is 0.35901, precision@k is 0.09091, mrr is 1.00000
---- item 501: map is 0.01346, precision@k is 0.00000, mrr is 0.01064
---- item 551: map is 0.70000, precision@k is 0.40000, mrr is 1.00000
---- item 601: map is 0.03413, precision@k is 0.00000, mrr is 0.05263
---- item 651: map is 0.02681, precision@k is 0.00000, mrr is 0.05882
---- item 701: map is 0.34350, precision@k is 0.09091, mrr is 1.00000
---- item 751: map is 0.00431, precision@k is 0.00000, mrr is 0.00287
---- item 801: map is 0.35385, precision@k is 0.09091, mrr is 1.00000
---- item 851: map is 0.04502, precision@k is 0.00000, mrr is 0.05882
[Stat]ETBIR model, Embed mode item tagging: Precision@K is 0.10498, MAP is: 0.29826, MRR is: 0.77705, in top 10 tags

[Stat]Running time (seconds) 27.26000
[Stat]MAP 0.301+/-0.002
[Stat]MRR 0.776+/-0.001
[Stat]Precision 0.105+/-0.002
