Load 6134 2-gram new features from /home/ll5fy/TUIR/dataset/yelp/yelp_features.txt...
Load 6134 2-gram new features from /home/ll5fy/TUIR/dataset/yelp/yelp_features.txt...
[Info]Start FIXED cross validation...
[Info]Load 553 tags, with 6134 features.
260 users are loaded from /home/ll5fy/TUIR/dataset/yelp/byUser_70k_review/5foldsCVColdstart/0/...
244 users are loaded from /home/ll5fy/TUIR/dataset/yelp/byUser_70k_review/5foldsCVColdstart/1/...
266 users are loaded from /home/ll5fy/TUIR/dataset/yelp/byUser_70k_review/5foldsCVColdstart/2/...
264 users are loaded from /home/ll5fy/TUIR/dataset/yelp/byUser_70k_review/5foldsCVColdstart/3/...
256 users are loaded from /home/ll5fy/TUIR/dataset/yelp/byUser_70k_review/5foldsCVColdstart/4/...
[Info]Finish loading 861 items' weights in total 156639 items!
[Info]Begin tagging 861 items with ETBIR Embed............
---- item 1: map is 0.34386, precision@k is 0.09091, mrr is 1.00000
---- item 51: map is 0.29938, precision@k is 0.09091, mrr is 1.00000
---- item 101: map is 0.60000, precision@k is 0.20000, mrr is 1.00000
---- item 151: map is 0.37681, precision@k is 0.09091, mrr is 1.00000
---- item 201: map is 0.34325, precision@k is 0.09091, mrr is 1.00000
---- item 251: map is 0.01259, precision@k is 0.00000, mrr is 0.00893
---- item 301: map is 0.25757, precision@k is 0.09091, mrr is 1.00000
---- item 351: map is 0.51449, precision@k is 0.09091, mrr is 1.00000
---- item 401: map is 0.04891, precision@k is 0.00000, mrr is 0.04762
---- item 451: map is 0.36312, precision@k is 0.09091, mrr is 1.00000
---- item 501: map is 0.01224, precision@k is 0.00000, mrr is 0.01220
---- item 551: map is 0.61111, precision@k is 0.22222, mrr is 1.00000
---- item 601: map is 0.03387, precision@k is 0.00000, mrr is 0.04348
---- item 651: map is 0.02549, precision@k is 0.00000, mrr is 0.05556
---- item 701: map is 0.34167, precision@k is 0.09091, mrr is 1.00000
---- item 751: map is 0.00443, precision@k is 0.00000, mrr is 0.00298
---- item 801: map is 0.35128, precision@k is 0.09091, mrr is 1.00000
---- item 851: map is 0.03973, precision@k is 0.00000, mrr is 0.05556
[Stat]ETBIR model, Embed mode item tagging: Precision@K is 0.10176, MAP is: 0.29344, MRR is: 0.77677, in top 10 tags
244 users are loaded from /home/ll5fy/TUIR/dataset/yelp/byUser_70k_review/5foldsCVColdstart/1/...
260 users are loaded from /home/ll5fy/TUIR/dataset/yelp/byUser_70k_review/5foldsCVColdstart/0/...
266 users are loaded from /home/ll5fy/TUIR/dataset/yelp/byUser_70k_review/5foldsCVColdstart/2/...
264 users are loaded from /home/ll5fy/TUIR/dataset/yelp/byUser_70k_review/5foldsCVColdstart/3/...
256 users are loaded from /home/ll5fy/TUIR/dataset/yelp/byUser_70k_review/5foldsCVColdstart/4/...
[Info]Finish loading 861 items' weights in total 156639 items!
[Info]Begin tagging 861 items with ETBIR Embed............
---- item 1: map is 0.34385, precision@k is 0.09091, mrr is 1.00000
---- item 51: map is 0.27793, precision@k is 0.09091, mrr is 1.00000
---- item 101: map is 0.59091, precision@k is 0.09091, mrr is 1.00000
---- item 151: map is 0.36568, precision@k is 0.09091, mrr is 1.00000
---- item 201: map is 0.34392, precision@k is 0.09091, mrr is 1.00000
---- item 251: map is 0.01087, precision@k is 0.00000, mrr is 0.00735
---- item 301: map is 0.25873, precision@k is 0.09091, mrr is 1.00000
---- item 351: map is 0.51786, precision@k is 0.09091, mrr is 1.00000
---- item 401: map is 0.03360, precision@k is 0.00000, mrr is 0.03030
---- item 451: map is 0.38303, precision@k is 0.09091, mrr is 1.00000
---- item 501: map is 0.01211, precision@k is 0.00000, mrr is 0.01124
---- item 551: map is 0.61111, precision@k is 0.22222, mrr is 1.00000
---- item 601: map is 0.02429, precision@k is 0.00000, mrr is 0.02083
---- item 651: map is 0.02696, precision@k is 0.00000, mrr is 0.04545
---- item 701: map is 0.34277, precision@k is 0.09091, mrr is 1.00000
---- item 751: map is 0.00440, precision@k is 0.00000, mrr is 0.00288
---- item 801: map is 0.35049, precision@k is 0.09091, mrr is 1.00000
---- item 851: map is 0.04025, precision@k is 0.00000, mrr is 0.04545
[Stat]ETBIR model, Embed mode item tagging: Precision@K is 0.09668, MAP is: 0.29314, MRR is: 0.77739, in top 10 tags
266 users are loaded from /home/ll5fy/TUIR/dataset/yelp/byUser_70k_review/5foldsCVColdstart/2/...
260 users are loaded from /home/ll5fy/TUIR/dataset/yelp/byUser_70k_review/5foldsCVColdstart/0/...
244 users are loaded from /home/ll5fy/TUIR/dataset/yelp/byUser_70k_review/5foldsCVColdstart/1/...
264 users are loaded from /home/ll5fy/TUIR/dataset/yelp/byUser_70k_review/5foldsCVColdstart/3/...
256 users are loaded from /home/ll5fy/TUIR/dataset/yelp/byUser_70k_review/5foldsCVColdstart/4/...
[Info]Finish loading 861 items' weights in total 156639 items!
[Info]Begin tagging 861 items with ETBIR Embed............
---- item 1: map is 0.34306, precision@k is 0.09091, mrr is 1.00000
---- item 51: map is 0.28451, precision@k is 0.09091, mrr is 1.00000
---- item 101: map is 0.52326, precision@k is 0.09091, mrr is 1.00000
---- item 151: map is 0.36859, precision@k is 0.09091, mrr is 1.00000
---- item 201: map is 0.34336, precision@k is 0.09091, mrr is 1.00000
---- item 251: map is 0.01126, precision@k is 0.00000, mrr is 0.00813
---- item 301: map is 0.25834, precision@k is 0.09091, mrr is 1.00000
---- item 351: map is 0.51724, precision@k is 0.09091, mrr is 1.00000
---- item 401: map is 0.04832, precision@k is 0.00000, mrr is 0.06250
---- item 451: map is 0.37404, precision@k is 0.09091, mrr is 1.00000
---- item 501: map is 0.01226, precision@k is 0.00000, mrr is 0.01205
---- item 551: map is 0.62500, precision@k is 0.25000, mrr is 1.00000
---- item 601: map is 0.03005, precision@k is 0.00000, mrr is 0.03448
---- item 651: map is 0.03028, precision@k is 0.00000, mrr is 0.07143
---- item 701: map is 0.34128, precision@k is 0.09091, mrr is 1.00000
---- item 751: map is 0.00440, precision@k is 0.00000, mrr is 0.00279
---- item 801: map is 0.35277, precision@k is 0.09091, mrr is 1.00000
---- item 851: map is 0.05219, precision@k is 0.00000, mrr is 0.07143
[Stat]ETBIR model, Embed mode item tagging: Precision@K is 0.09708, MAP is: 0.29197, MRR is: 0.77806, in top 10 tags
264 users are loaded from /home/ll5fy/TUIR/dataset/yelp/byUser_70k_review/5foldsCVColdstart/3/...
260 users are loaded from /home/ll5fy/TUIR/dataset/yelp/byUser_70k_review/5foldsCVColdstart/0/...
244 users are loaded from /home/ll5fy/TUIR/dataset/yelp/byUser_70k_review/5foldsCVColdstart/1/...
266 users are loaded from /home/ll5fy/TUIR/dataset/yelp/byUser_70k_review/5foldsCVColdstart/2/...
256 users are loaded from /home/ll5fy/TUIR/dataset/yelp/byUser_70k_review/5foldsCVColdstart/4/...
[Info]Finish loading 861 items' weights in total 156639 items!
[Info]Begin tagging 861 items with ETBIR Embed............
---- item 1: map is 0.34348, precision@k is 0.09091, mrr is 1.00000
---- item 51: map is 0.28100, precision@k is 0.09091, mrr is 1.00000
---- item 101: map is 0.64286, precision@k is 0.28571, mrr is 1.00000
---- item 151: map is 0.37407, precision@k is 0.09091, mrr is 1.00000
---- item 201: map is 0.34441, precision@k is 0.09091, mrr is 1.00000
---- item 251: map is 0.50552, precision@k is 0.09091, mrr is 1.00000
---- item 301: map is 0.25723, precision@k is 0.09091, mrr is 1.00000
---- item 351: map is 0.51923, precision@k is 0.09091, mrr is 1.00000
---- item 401: map is 0.03731, precision@k is 0.00000, mrr is 0.03571
---- item 451: map is 0.35154, precision@k is 0.09091, mrr is 1.00000
---- item 501: map is 0.01100, precision@k is 0.00000, mrr is 0.01220
---- item 551: map is 0.59091, precision@k is 0.09091, mrr is 1.00000
---- item 601: map is 0.02591, precision@k is 0.00000, mrr is 0.02222
---- item 651: map is 0.03067, precision@k is 0.00000, mrr is 0.07143
---- item 701: map is 0.34128, precision@k is 0.09091, mrr is 1.00000
---- item 751: map is 0.00441, precision@k is 0.00000, mrr is 0.00283
---- item 801: map is 0.34935, precision@k is 0.09091, mrr is 1.00000
---- item 851: map is 0.05513, precision@k is 0.00000, mrr is 0.07143
[Stat]ETBIR model, Embed mode item tagging: Precision@K is 0.10101, MAP is: 0.29355, MRR is: 0.77782, in top 10 tags
256 users are loaded from /home/ll5fy/TUIR/dataset/yelp/byUser_70k_review/5foldsCVColdstart/4/...
260 users are loaded from /home/ll5fy/TUIR/dataset/yelp/byUser_70k_review/5foldsCVColdstart/0/...
244 users are loaded from /home/ll5fy/TUIR/dataset/yelp/byUser_70k_review/5foldsCVColdstart/1/...
266 users are loaded from /home/ll5fy/TUIR/dataset/yelp/byUser_70k_review/5foldsCVColdstart/2/...
264 users are loaded from /home/ll5fy/TUIR/dataset/yelp/byUser_70k_review/5foldsCVColdstart/3/...
[Info]Finish loading 861 items' weights in total 156639 items!
[Info]Begin tagging 861 items with ETBIR Embed............
---- item 1: map is 0.31788, precision@k is 0.09091, mrr is 1.00000
---- item 51: map is 0.28324, precision@k is 0.09091, mrr is 1.00000
---- item 101: map is 0.55882, precision@k is 0.09091, mrr is 1.00000
---- item 151: map is 0.24821, precision@k is 0.09091, mrr is 1.00000
---- item 201: map is 0.34508, precision@k is 0.09091, mrr is 1.00000
---- item 251: map is 0.00962, precision@k is 0.00000, mrr is 0.00704
---- item 301: map is 0.25823, precision@k is 0.09091, mrr is 1.00000
---- item 351: map is 0.52000, precision@k is 0.09091, mrr is 1.00000
---- item 401: map is 0.03473, precision@k is 0.00000, mrr is 0.02857
---- item 451: map is 0.35287, precision@k is 0.09091, mrr is 1.00000
---- item 501: map is 0.01245, precision@k is 0.00000, mrr is 0.01163
---- item 551: map is 0.61111, precision@k is 0.22222, mrr is 1.00000
---- item 601: map is 0.02582, precision@k is 0.00000, mrr is 0.02222
---- item 651: map is 0.02688, precision@k is 0.00000, mrr is 0.05263
---- item 701: map is 0.34266, precision@k is 0.09091, mrr is 1.00000
---- item 751: map is 0.00435, precision@k is 0.00000, mrr is 0.00293
---- item 801: map is 0.35143, precision@k is 0.09091, mrr is 1.00000
---- item 851: map is 0.04174, precision@k is 0.00000, mrr is 0.05263
[Stat]ETBIR model, Embed mode item tagging: Precision@K is 0.09668, MAP is: 0.29149, MRR is: 0.77558, in top 10 tags

[Stat]Running time (seconds) 28.01600
[Stat]MAP 0.293+/-0.001
[Stat]MRR 0.777+/-0.001
[Stat]Precision 0.099+/-0.002
