Load 6134 2-gram new features from /home/ll5fy/TUIR/dataset/yelp/yelp_features.txt...
Load 6134 2-gram new features from /home/ll5fy/TUIR/dataset/yelp/yelp_features.txt...
[Info]Start FIXED cross validation...
[Info]Load 553 tags, with 6134 features.
260 users are loaded from /home/ll5fy/TUIR/dataset/yelp/byUser_70k_review/5foldsCVColdstart/0/...
244 users are loaded from /home/ll5fy/TUIR/dataset/yelp/byUser_70k_review/5foldsCVColdstart/1/...
266 users are loaded from /home/ll5fy/TUIR/dataset/yelp/byUser_70k_review/5foldsCVColdstart/2/...
264 users are loaded from /home/ll5fy/TUIR/dataset/yelp/byUser_70k_review/5foldsCVColdstart/3/...
256 users are loaded from /home/ll5fy/TUIR/dataset/yelp/byUser_70k_review/5foldsCVColdstart/4/...
[Info]Finish loading 722 items' weights in total 156639 items!
[Info]Begin tagging 722 items with LDA_Item Interpolation............
---- item 1: map is 0.47255, precision@k is 0.18182, mrr is 1.00000
---- item 51: map is 0.12687, precision@k is 0.09091, mrr is 0.25000
---- item 101: map is 0.13480, precision@k is 0.09091, mrr is 0.25000
---- item 151: map is 0.11066, precision@k is 0.09091, mrr is 0.25000
---- item 201: map is 0.35783, precision@k is 0.18182, mrr is 1.00000
---- item 251: map is 1.00000, precision@k is 1.00000, mrr is 1.00000
---- item 301: map is 0.07953, precision@k is 0.09091, mrr is 0.20000
---- item 351: map is 0.35599, precision@k is 0.18182, mrr is 1.00000
---- item 401: map is 0.18296, precision@k is 0.18182, mrr is 0.25000
---- item 451: map is 0.28493, precision@k is 0.18182, mrr is 0.50000
---- item 501: map is 0.09055, precision@k is 0.09091, mrr is 0.25000
---- item 551: map is 0.17665, precision@k is 0.09091, mrr is 0.50000
---- item 601: map is 0.15948, precision@k is 0.09091, mrr is 0.25000
---- item 651: map is 0.26999, precision@k is 0.18182, mrr is 0.50000
---- item 701: map is 0.14063, precision@k is 0.09091, mrr is 0.25000
[Stat]LDA_Item model, Interpolation mode item tagging: Precision@K is 0.12935, MAP is: 0.19305, MRR is: 0.40222, in top 10 tags
244 users are loaded from /home/ll5fy/TUIR/dataset/yelp/byUser_70k_review/5foldsCVColdstart/1/...
260 users are loaded from /home/ll5fy/TUIR/dataset/yelp/byUser_70k_review/5foldsCVColdstart/0/...
266 users are loaded from /home/ll5fy/TUIR/dataset/yelp/byUser_70k_review/5foldsCVColdstart/2/...
264 users are loaded from /home/ll5fy/TUIR/dataset/yelp/byUser_70k_review/5foldsCVColdstart/3/...
256 users are loaded from /home/ll5fy/TUIR/dataset/yelp/byUser_70k_review/5foldsCVColdstart/4/...
[Info]Finish loading 732 items' weights in total 156639 items!
[Info]Begin tagging 732 items with LDA_Item Interpolation............
---- item 1: map is 0.67544, precision@k is 0.18182, mrr is 1.00000
---- item 51: map is 0.34697, precision@k is 0.09091, mrr is 1.00000
---- item 101: map is 0.21009, precision@k is 0.09091, mrr is 0.50000
---- item 151: map is 0.43614, precision@k is 0.18182, mrr is 1.00000
---- item 201: map is 1.00000, precision@k is 1.00000, mrr is 1.00000
---- item 251: map is 0.54545, precision@k is 0.09091, mrr is 1.00000
---- item 301: map is 0.40279, precision@k is 0.18182, mrr is 1.00000
---- item 351: map is 0.26923, precision@k is 0.09091, mrr is 0.50000
---- item 401: map is 0.34831, precision@k is 0.09091, mrr is 1.00000
---- item 451: map is 0.26022, precision@k is 0.18182, mrr is 1.00000
---- item 501: map is 0.25000, precision@k is 0.25000, mrr is 0.25000
---- item 551: map is 0.00428, precision@k is 0.00000, mrr is 0.00274
---- item 601: map is 0.01396, precision@k is 0.00000, mrr is 0.01667
---- item 651: map is 0.18902, precision@k is 0.09091, mrr is 0.50000
---- item 701: map is 0.41789, precision@k is 0.18182, mrr is 1.00000
[Stat]LDA_Item model, Interpolation mode item tagging: Precision@K is 0.20167, MAP is: 0.37864, MRR is: 0.75040, in top 10 tags
266 users are loaded from /home/ll5fy/TUIR/dataset/yelp/byUser_70k_review/5foldsCVColdstart/2/...
260 users are loaded from /home/ll5fy/TUIR/dataset/yelp/byUser_70k_review/5foldsCVColdstart/0/...
244 users are loaded from /home/ll5fy/TUIR/dataset/yelp/byUser_70k_review/5foldsCVColdstart/1/...
264 users are loaded from /home/ll5fy/TUIR/dataset/yelp/byUser_70k_review/5foldsCVColdstart/3/...
256 users are loaded from /home/ll5fy/TUIR/dataset/yelp/byUser_70k_review/5foldsCVColdstart/4/...
[Info]Finish loading 702 items' weights in total 156639 items!
[Info]Begin tagging 702 items with LDA_Item Interpolation............
---- item 1: map is 0.35481, precision@k is 0.09091, mrr is 1.00000
---- item 51: map is 0.25670, precision@k is 0.18182, mrr is 0.50000
---- item 101: map is 0.01119, precision@k is 0.00000, mrr is 0.01429
---- item 151: map is 0.30813, precision@k is 0.18182, mrr is 0.50000
---- item 201: map is 0.20238, precision@k is 0.18182, mrr is 1.00000
---- item 251: map is 0.24747, precision@k is 0.27273, mrr is 0.50000
---- item 301: map is 0.19665, precision@k is 0.09091, mrr is 0.50000
---- item 351: map is 0.38467, precision@k is 0.09091, mrr is 1.00000
---- item 401: map is 0.48260, precision@k is 0.27273, mrr is 1.00000
---- item 451: map is 0.75483, precision@k is 0.27273, mrr is 1.00000
---- item 501: map is 0.20714, precision@k is 0.18182, mrr is 0.50000
---- item 551: map is 0.40679, precision@k is 0.27273, mrr is 1.00000
---- item 601: map is 0.31270, precision@k is 0.27273, mrr is 0.50000
---- item 651: map is 0.40405, precision@k is 0.18182, mrr is 1.00000
---- item 701: map is 0.41667, precision@k is 0.50000, mrr is 0.33333
[Stat]LDA_Item model, Interpolation mode item tagging: Precision@K is 0.20573, MAP is: 0.37500, MRR is: 0.72367, in top 10 tags
264 users are loaded from /home/ll5fy/TUIR/dataset/yelp/byUser_70k_review/5foldsCVColdstart/3/...
260 users are loaded from /home/ll5fy/TUIR/dataset/yelp/byUser_70k_review/5foldsCVColdstart/0/...
244 users are loaded from /home/ll5fy/TUIR/dataset/yelp/byUser_70k_review/5foldsCVColdstart/1/...
266 users are loaded from /home/ll5fy/TUIR/dataset/yelp/byUser_70k_review/5foldsCVColdstart/2/...
256 users are loaded from /home/ll5fy/TUIR/dataset/yelp/byUser_70k_review/5foldsCVColdstart/4/...
[Info]Finish loading 717 items' weights in total 156639 items!
[Info]Begin tagging 717 items with LDA_Item Interpolation............
---- item 1: map is 0.67584, precision@k is 0.18182, mrr is 1.00000
---- item 51: map is 0.34520, precision@k is 0.09091, mrr is 1.00000
---- item 101: map is 0.16346, precision@k is 0.09091, mrr is 0.25000
---- item 151: map is 0.10654, precision@k is 0.09091, mrr is 0.20000
---- item 201: map is 0.19977, precision@k is 0.18182, mrr is 0.50000
---- item 251: map is 0.25247, precision@k is 0.09091, mrr is 0.50000
---- item 301: map is 0.31292, precision@k is 0.18182, mrr is 0.50000
---- item 351: map is 0.02429, precision@k is 0.00000, mrr is 0.02500
---- item 401: map is 0.00671, precision@k is 0.00000, mrr is 0.00488
---- item 451: map is 0.51266, precision@k is 0.09091, mrr is 1.00000
---- item 501: map is 1.00000, precision@k is 1.00000, mrr is 1.00000
---- item 551: map is 0.67094, precision@k is 0.18182, mrr is 1.00000
---- item 601: map is 0.34264, precision@k is 0.09091, mrr is 1.00000
---- item 651: map is 0.19872, precision@k is 0.18182, mrr is 0.50000
---- item 701: map is 0.09384, precision@k is 0.09091, mrr is 0.25000
[Stat]LDA_Item model, Interpolation mode item tagging: Precision@K is 0.20920, MAP is: 0.38030, MRR is: 0.72799, in top 10 tags
256 users are loaded from /home/ll5fy/TUIR/dataset/yelp/byUser_70k_review/5foldsCVColdstart/4/...
260 users are loaded from /home/ll5fy/TUIR/dataset/yelp/byUser_70k_review/5foldsCVColdstart/0/...
244 users are loaded from /home/ll5fy/TUIR/dataset/yelp/byUser_70k_review/5foldsCVColdstart/1/...
266 users are loaded from /home/ll5fy/TUIR/dataset/yelp/byUser_70k_review/5foldsCVColdstart/2/...
264 users are loaded from /home/ll5fy/TUIR/dataset/yelp/byUser_70k_review/5foldsCVColdstart/3/...
[Info]Finish loading 726 items' weights in total 156639 items!
[Info]Begin tagging 726 items with LDA_Item Interpolation............
---- item 1: map is 0.67657, precision@k is 0.18182, mrr is 1.00000
---- item 51: map is 0.23448, precision@k is 0.09091, mrr is 1.00000
---- item 101: map is 0.57442, precision@k is 0.18182, mrr is 1.00000
---- item 151: map is 0.34813, precision@k is 0.09091, mrr is 1.00000
---- item 201: map is 0.83333, precision@k is 0.66667, mrr is 1.00000
---- item 251: map is 0.34833, precision@k is 0.09091, mrr is 1.00000
---- item 301: map is 0.44698, precision@k is 0.18182, mrr is 1.00000
---- item 351: map is 1.00000, precision@k is 1.00000, mrr is 1.00000
---- item 401: map is 0.37434, precision@k is 0.09091, mrr is 1.00000
---- item 451: map is 0.20285, precision@k is 0.09091, mrr is 0.50000
---- item 501: map is 0.53971, precision@k is 0.18182, mrr is 1.00000
---- item 551: map is 0.55970, precision@k is 0.18182, mrr is 1.00000
---- item 601: map is 0.35336, precision@k is 0.18182, mrr is 0.50000
---- item 651: map is 0.55000, precision@k is 0.18182, mrr is 1.00000
---- item 701: map is 0.50795, precision@k is 0.18182, mrr is 1.00000
[Stat]LDA_Item model, Interpolation mode item tagging: Precision@K is 0.21998, MAP is: 0.38720, MRR is: 0.71782, in top 10 tags

[Stat]Running time (seconds) 311.86100
[Stat]MAP 0.343+/-0.075
[Stat]MRR 0.664+/-0.132
[Stat]Precision 0.193+/-0.032
