Load 6134 2-gram new features from /home/ll5fy/TUIR/dataset/yelp/yelp_features.txt...
Load 6134 2-gram new features from /home/ll5fy/TUIR/dataset/yelp/yelp_features.txt...
[Info]Start FIXED cross validation...
[Info]Load 553 tags, with 6134 features.
260 users are loaded from /home/ll5fy/TUIR/dataset/yelp/byUser_70k_review/5foldsCVColdstart/0/...
244 users are loaded from /home/ll5fy/TUIR/dataset/yelp/byUser_70k_review/5foldsCVColdstart/1/...
266 users are loaded from /home/ll5fy/TUIR/dataset/yelp/byUser_70k_review/5foldsCVColdstart/2/...
264 users are loaded from /home/ll5fy/TUIR/dataset/yelp/byUser_70k_review/5foldsCVColdstart/3/...
256 users are loaded from /home/ll5fy/TUIR/dataset/yelp/byUser_70k_review/5foldsCVColdstart/4/...
[Info]Finish loading 861 items' weights in total 156639 items!
[Info]Begin tagging 861 items with ETBIR_User Embed............
---- item 1: map is 0.34794, precision@k is 0.09091, mrr is 1.00000
---- item 51: map is 0.29800, precision@k is 0.09091, mrr is 1.00000
---- item 101: map is 0.83333, precision@k is 0.66667, mrr is 1.00000
---- item 151: map is 0.37743, precision@k is 0.09091, mrr is 1.00000
---- item 201: map is 0.34560, precision@k is 0.09091, mrr is 1.00000
---- item 251: map is 0.00732, precision@k is 0.00000, mrr is 0.00559
---- item 301: map is 0.25897, precision@k is 0.09091, mrr is 1.00000
---- item 351: map is 0.50935, precision@k is 0.09091, mrr is 1.00000
---- item 401: map is 0.02808, precision@k is 0.00000, mrr is 0.02128
---- item 451: map is 0.37566, precision@k is 0.09091, mrr is 1.00000
---- item 501: map is 0.01475, precision@k is 0.00000, mrr is 0.01010
---- item 551: map is 0.83333, precision@k is 0.66667, mrr is 1.00000
---- item 601: map is 0.02189, precision@k is 0.00000, mrr is 0.01667
---- item 651: map is 0.02727, precision@k is 0.00000, mrr is 0.03571
---- item 701: map is 0.34342, precision@k is 0.09091, mrr is 1.00000
---- item 751: map is 0.00436, precision@k is 0.00000, mrr is 0.00292
---- item 801: map is 0.36246, precision@k is 0.09091, mrr is 1.00000
---- item 851: map is 0.03964, precision@k is 0.00000, mrr is 0.05263
[Stat]ETBIR_User model, Embed mode item tagging: Precision@K is 0.10648, MAP is: 0.30286, MRR is: 0.77547, in top 10 tags
244 users are loaded from /home/ll5fy/TUIR/dataset/yelp/byUser_70k_review/5foldsCVColdstart/1/...
260 users are loaded from /home/ll5fy/TUIR/dataset/yelp/byUser_70k_review/5foldsCVColdstart/0/...
266 users are loaded from /home/ll5fy/TUIR/dataset/yelp/byUser_70k_review/5foldsCVColdstart/2/...
264 users are loaded from /home/ll5fy/TUIR/dataset/yelp/byUser_70k_review/5foldsCVColdstart/3/...
256 users are loaded from /home/ll5fy/TUIR/dataset/yelp/byUser_70k_review/5foldsCVColdstart/4/...
[Info]Finish loading 861 items' weights in total 156639 items!
[Info]Begin tagging 861 items with ETBIR_User Embed............
---- item 1: map is 0.34652, precision@k is 0.09091, mrr is 1.00000
---- item 51: map is 0.28962, precision@k is 0.09091, mrr is 1.00000
---- item 101: map is 0.66667, precision@k is 0.33333, mrr is 1.00000
---- item 151: map is 0.35683, precision@k is 0.09091, mrr is 1.00000
---- item 201: map is 0.34608, precision@k is 0.09091, mrr is 1.00000
---- item 251: map is 0.01135, precision@k is 0.00000, mrr is 0.00800
---- item 301: map is 0.26155, precision@k is 0.09091, mrr is 1.00000
---- item 351: map is 0.51515, precision@k is 0.09091, mrr is 1.00000
---- item 401: map is 0.02865, precision@k is 0.00000, mrr is 0.02222
---- item 451: map is 0.36593, precision@k is 0.09091, mrr is 1.00000
---- item 501: map is 0.01271, precision@k is 0.00000, mrr is 0.00971
---- item 551: map is 0.66667, precision@k is 0.33333, mrr is 1.00000
---- item 601: map is 0.02518, precision@k is 0.00000, mrr is 0.02632
---- item 651: map is 0.02739, precision@k is 0.00000, mrr is 0.05882
---- item 701: map is 0.34612, precision@k is 0.09091, mrr is 1.00000
---- item 751: map is 0.00430, precision@k is 0.00000, mrr is 0.00280
---- item 801: map is 0.36257, precision@k is 0.09091, mrr is 1.00000
---- item 851: map is 0.03730, precision@k is 0.00000, mrr is 0.05000
[Stat]ETBIR_User model, Embed mode item tagging: Precision@K is 0.10236, MAP is: 0.29910, MRR is: 0.77641, in top 10 tags
266 users are loaded from /home/ll5fy/TUIR/dataset/yelp/byUser_70k_review/5foldsCVColdstart/2/...
260 users are loaded from /home/ll5fy/TUIR/dataset/yelp/byUser_70k_review/5foldsCVColdstart/0/...
244 users are loaded from /home/ll5fy/TUIR/dataset/yelp/byUser_70k_review/5foldsCVColdstart/1/...
264 users are loaded from /home/ll5fy/TUIR/dataset/yelp/byUser_70k_review/5foldsCVColdstart/3/...
256 users are loaded from /home/ll5fy/TUIR/dataset/yelp/byUser_70k_review/5foldsCVColdstart/4/...
[Info]Finish loading 861 items' weights in total 156639 items!
[Info]Begin tagging 861 items with ETBIR_User Embed............
---- item 1: map is 0.34869, precision@k is 0.09091, mrr is 1.00000
---- item 51: map is 0.29599, precision@k is 0.09091, mrr is 1.00000
---- item 101: map is 1.00000, precision@k is 1.00000, mrr is 1.00000
---- item 151: map is 0.36933, precision@k is 0.09091, mrr is 1.00000
---- item 201: map is 0.34549, precision@k is 0.09091, mrr is 1.00000
---- item 251: map is 0.00688, precision@k is 0.00000, mrr is 0.00546
---- item 301: map is 0.26290, precision@k is 0.09091, mrr is 1.00000
---- item 351: map is 0.51149, precision@k is 0.09091, mrr is 1.00000
---- item 401: map is 0.03433, precision@k is 0.00000, mrr is 0.03226
---- item 451: map is 0.37704, precision@k is 0.09091, mrr is 1.00000
---- item 501: map is 0.01218, precision@k is 0.00000, mrr is 0.01087
---- item 551: map is 0.59091, precision@k is 0.09091, mrr is 1.00000
---- item 601: map is 0.02691, precision@k is 0.00000, mrr is 0.02703
---- item 651: map is 0.02654, precision@k is 0.00000, mrr is 0.05556
---- item 701: map is 0.34188, precision@k is 0.09091, mrr is 1.00000
---- item 751: map is 0.00440, precision@k is 0.00000, mrr is 0.00278
---- item 801: map is 0.35249, precision@k is 0.09091, mrr is 1.00000
---- item 851: map is 0.03981, precision@k is 0.00000, mrr is 0.05000
[Stat]ETBIR_User model, Embed mode item tagging: Precision@K is 0.10832, MAP is: 0.30432, MRR is: 0.77623, in top 10 tags
264 users are loaded from /home/ll5fy/TUIR/dataset/yelp/byUser_70k_review/5foldsCVColdstart/3/...
260 users are loaded from /home/ll5fy/TUIR/dataset/yelp/byUser_70k_review/5foldsCVColdstart/0/...
244 users are loaded from /home/ll5fy/TUIR/dataset/yelp/byUser_70k_review/5foldsCVColdstart/1/...
266 users are loaded from /home/ll5fy/TUIR/dataset/yelp/byUser_70k_review/5foldsCVColdstart/2/...
256 users are loaded from /home/ll5fy/TUIR/dataset/yelp/byUser_70k_review/5foldsCVColdstart/4/...
[Info]Finish loading 861 items' weights in total 156639 items!
[Info]Begin tagging 861 items with ETBIR_User Embed............
---- item 1: map is 0.34616, precision@k is 0.09091, mrr is 1.00000
---- item 51: map is 0.28887, precision@k is 0.09091, mrr is 1.00000
---- item 101: map is 0.75000, precision@k is 0.50000, mrr is 1.00000
---- item 151: map is 0.39588, precision@k is 0.09091, mrr is 1.00000
---- item 201: map is 0.34563, precision@k is 0.09091, mrr is 1.00000
---- item 251: map is 0.50417, precision@k is 0.09091, mrr is 1.00000
---- item 301: map is 0.26078, precision@k is 0.09091, mrr is 1.00000
---- item 351: map is 0.51370, precision@k is 0.09091, mrr is 1.00000
---- item 401: map is 0.04165, precision@k is 0.00000, mrr is 0.04348
---- item 451: map is 0.35415, precision@k is 0.09091, mrr is 1.00000
---- item 501: map is 0.01330, precision@k is 0.00000, mrr is 0.01136
---- item 551: map is 0.57143, precision@k is 0.09091, mrr is 1.00000
---- item 601: map is 0.02423, precision@k is 0.00000, mrr is 0.02000
---- item 651: map is 0.04138, precision@k is 0.09091, mrr is 0.12500
---- item 701: map is 0.34389, precision@k is 0.09091, mrr is 1.00000
---- item 751: map is 0.00437, precision@k is 0.00000, mrr is 0.00275
---- item 801: map is 0.35423, precision@k is 0.09091, mrr is 1.00000
---- item 851: map is 0.05265, precision@k is 0.00000, mrr is 0.07143
[Stat]ETBIR_User model, Embed mode item tagging: Precision@K is 0.10382, MAP is: 0.30058, MRR is: 0.77662, in top 10 tags
256 users are loaded from /home/ll5fy/TUIR/dataset/yelp/byUser_70k_review/5foldsCVColdstart/4/...
260 users are loaded from /home/ll5fy/TUIR/dataset/yelp/byUser_70k_review/5foldsCVColdstart/0/...
244 users are loaded from /home/ll5fy/TUIR/dataset/yelp/byUser_70k_review/5foldsCVColdstart/1/...
266 users are loaded from /home/ll5fy/TUIR/dataset/yelp/byUser_70k_review/5foldsCVColdstart/2/...
264 users are loaded from /home/ll5fy/TUIR/dataset/yelp/byUser_70k_review/5foldsCVColdstart/3/...
[Info]Finish loading 861 items' weights in total 156639 items!
[Info]Begin tagging 861 items with ETBIR_User Embed............
---- item 1: map is 0.31224, precision@k is 0.09091, mrr is 1.00000
---- item 51: map is 0.28163, precision@k is 0.09091, mrr is 1.00000
---- item 101: map is 0.83333, precision@k is 0.66667, mrr is 1.00000
---- item 151: map is 0.25338, precision@k is 0.09091, mrr is 1.00000
---- item 201: map is 0.34697, precision@k is 0.09091, mrr is 1.00000
---- item 251: map is 0.00964, precision@k is 0.00000, mrr is 0.00709
---- item 301: map is 0.25842, precision@k is 0.09091, mrr is 1.00000
---- item 351: map is 0.51639, precision@k is 0.09091, mrr is 1.00000
---- item 401: map is 0.05120, precision@k is 0.00000, mrr is 0.05263
---- item 451: map is 0.34993, precision@k is 0.09091, mrr is 1.00000
---- item 501: map is 0.01116, precision@k is 0.00000, mrr is 0.01111
---- item 551: map is 0.60000, precision@k is 0.20000, mrr is 1.00000
---- item 601: map is 0.03427, precision@k is 0.00000, mrr is 0.05000
---- item 651: map is 0.03630, precision@k is 0.09091, mrr is 0.11111
---- item 701: map is 0.34240, precision@k is 0.09091, mrr is 1.00000
---- item 751: map is 0.00429, precision@k is 0.00000, mrr is 0.00278
---- item 801: map is 0.34946, precision@k is 0.09091, mrr is 1.00000
---- item 851: map is 0.05343, precision@k is 0.09091, mrr is 0.10000
[Stat]ETBIR_User model, Embed mode item tagging: Precision@K is 0.10444, MAP is: 0.30177, MRR is: 0.77720, in top 10 tags

[Stat]Running time (seconds) 27.70200
[Stat]MAP 0.302+/-0.002
[Stat]MRR 0.776+/-0.001
[Stat]Precision 0.105+/-0.002
