Load 6134 2-gram new features from /home/ll5fy/TUIR/dataset/yelp/yelp_features.txt...
Load 6134 2-gram new features from /home/ll5fy/TUIR/dataset/yelp/yelp_features.txt...
[Info]Start FIXED cross validation...
[Info]Load 553 tags, with 6134 features.
260 users are loaded from /home/ll5fy/TUIR/dataset/yelp/byUser_70k_review/5foldsCVColdstart/0/...
244 users are loaded from /home/ll5fy/TUIR/dataset/yelp/byUser_70k_review/5foldsCVColdstart/1/...
266 users are loaded from /home/ll5fy/TUIR/dataset/yelp/byUser_70k_review/5foldsCVColdstart/2/...
264 users are loaded from /home/ll5fy/TUIR/dataset/yelp/byUser_70k_review/5foldsCVColdstart/3/...
256 users are loaded from /home/ll5fy/TUIR/dataset/yelp/byUser_70k_review/5foldsCVColdstart/4/...
[Info]Finish loading 861 items' weights in total 156639 items!
[Info]Begin tagging 861 items with ETBIR Interpolation............
---- item 1: map is 0.34757, precision@k is 0.09091, mrr is 1.00000
---- item 51: map is 0.53869, precision@k is 0.18182, mrr is 1.00000
---- item 101: map is 1.00000, precision@k is 1.00000, mrr is 1.00000
---- item 151: map is 0.36362, precision@k is 0.09091, mrr is 1.00000
---- item 201: map is 0.34422, precision@k is 0.09091, mrr is 1.00000
---- item 251: map is 0.01233, precision@k is 0.00000, mrr is 0.00962
---- item 301: map is 0.25994, precision@k is 0.09091, mrr is 1.00000
---- item 351: map is 0.51163, precision@k is 0.09091, mrr is 1.00000
---- item 401: map is 0.03530, precision@k is 0.00000, mrr is 0.04348
---- item 451: map is 0.37537, precision@k is 0.09091, mrr is 1.00000
---- item 501: map is 0.01591, precision@k is 0.00000, mrr is 0.01087
---- item 551: map is 1.00000, precision@k is 1.00000, mrr is 1.00000
---- item 601: map is 0.02370, precision@k is 0.00000, mrr is 0.01667
---- item 651: map is 0.02790, precision@k is 0.00000, mrr is 0.05556
---- item 701: map is 0.34300, precision@k is 0.09091, mrr is 1.00000
---- item 751: map is 0.00443, precision@k is 0.00000, mrr is 0.00310
---- item 801: map is 0.35309, precision@k is 0.09091, mrr is 1.00000
---- item 851: map is 0.03978, precision@k is 0.00000, mrr is 0.05263
[Stat]ETBIR model, Interpolation mode item tagging: Precision@K is 0.13174, MAP is: 0.32626, MRR is: 0.77989, in top 10 tags
244 users are loaded from /home/ll5fy/TUIR/dataset/yelp/byUser_70k_review/5foldsCVColdstart/1/...
260 users are loaded from /home/ll5fy/TUIR/dataset/yelp/byUser_70k_review/5foldsCVColdstart/0/...
266 users are loaded from /home/ll5fy/TUIR/dataset/yelp/byUser_70k_review/5foldsCVColdstart/2/...
264 users are loaded from /home/ll5fy/TUIR/dataset/yelp/byUser_70k_review/5foldsCVColdstart/3/...
256 users are loaded from /home/ll5fy/TUIR/dataset/yelp/byUser_70k_review/5foldsCVColdstart/4/...
[Info]Finish loading 861 items' weights in total 156639 items!
[Info]Begin tagging 861 items with ETBIR Interpolation............
---- item 1: map is 0.34372, precision@k is 0.09091, mrr is 1.00000
---- item 51: map is 0.52804, precision@k is 0.18182, mrr is 1.00000
---- item 101: map is 1.00000, precision@k is 1.00000, mrr is 1.00000
---- item 151: map is 0.36116, precision@k is 0.09091, mrr is 1.00000
---- item 201: map is 0.34349, precision@k is 0.09091, mrr is 1.00000
---- item 251: map is 0.01422, precision@k is 0.00000, mrr is 0.01190
---- item 301: map is 0.26082, precision@k is 0.09091, mrr is 1.00000
---- item 351: map is 0.51639, precision@k is 0.09091, mrr is 1.00000
---- item 401: map is 0.10527, precision@k is 0.09091, mrr is 0.33333
---- item 451: map is 0.37905, precision@k is 0.09091, mrr is 1.00000
---- item 501: map is 0.01572, precision@k is 0.00000, mrr is 0.01190
---- item 551: map is 1.00000, precision@k is 1.00000, mrr is 1.00000
---- item 601: map is 0.10831, precision@k is 0.09091, mrr is 0.33333
---- item 651: map is 0.02808, precision@k is 0.00000, mrr is 0.05556
---- item 701: map is 0.34360, precision@k is 0.09091, mrr is 1.00000
---- item 751: map is 0.00438, precision@k is 0.00000, mrr is 0.00280
---- item 801: map is 0.34909, precision@k is 0.09091, mrr is 1.00000
---- item 851: map is 0.05011, precision@k is 0.00000, mrr is 0.07692
[Stat]ETBIR model, Interpolation mode item tagging: Precision@K is 0.15424, MAP is: 0.34363, MRR is: 0.78165, in top 10 tags
266 users are loaded from /home/ll5fy/TUIR/dataset/yelp/byUser_70k_review/5foldsCVColdstart/2/...
260 users are loaded from /home/ll5fy/TUIR/dataset/yelp/byUser_70k_review/5foldsCVColdstart/0/...
244 users are loaded from /home/ll5fy/TUIR/dataset/yelp/byUser_70k_review/5foldsCVColdstart/1/...
264 users are loaded from /home/ll5fy/TUIR/dataset/yelp/byUser_70k_review/5foldsCVColdstart/3/...
256 users are loaded from /home/ll5fy/TUIR/dataset/yelp/byUser_70k_review/5foldsCVColdstart/4/...
[Info]Finish loading 861 items' weights in total 156639 items!
[Info]Begin tagging 861 items with ETBIR Interpolation............
---- item 1: map is 0.35115, precision@k is 0.09091, mrr is 1.00000
---- item 51: map is 0.57947, precision@k is 0.18182, mrr is 1.00000
---- item 101: map is 1.00000, precision@k is 1.00000, mrr is 1.00000
---- item 151: map is 0.38193, precision@k is 0.09091, mrr is 1.00000
---- item 201: map is 0.34545, precision@k is 0.09091, mrr is 1.00000
---- item 251: map is 0.01366, precision@k is 0.00000, mrr is 0.01250
---- item 301: map is 0.26509, precision@k is 0.09091, mrr is 1.00000
---- item 351: map is 0.51538, precision@k is 0.09091, mrr is 1.00000
---- item 401: map is 0.13740, precision@k is 0.09091, mrr is 0.50000
---- item 451: map is 0.39978, precision@k is 0.09091, mrr is 1.00000
---- item 501: map is 0.02101, precision@k is 0.00000, mrr is 0.02222
---- item 551: map is 1.00000, precision@k is 1.00000, mrr is 1.00000
---- item 601: map is 0.27514, precision@k is 0.09091, mrr is 1.00000
---- item 651: map is 0.03082, precision@k is 0.00000, mrr is 0.07692
---- item 701: map is 0.34312, precision@k is 0.09091, mrr is 1.00000
---- item 751: map is 0.00449, precision@k is 0.00000, mrr is 0.00282
---- item 801: map is 0.37436, precision@k is 0.09091, mrr is 1.00000
---- item 851: map is 0.06629, precision@k is 0.09091, mrr is 0.16667
[Stat]ETBIR model, Interpolation mode item tagging: Precision@K is 0.16449, MAP is: 0.35226, MRR is: 0.77064, in top 10 tags
264 users are loaded from /home/ll5fy/TUIR/dataset/yelp/byUser_70k_review/5foldsCVColdstart/3/...
260 users are loaded from /home/ll5fy/TUIR/dataset/yelp/byUser_70k_review/5foldsCVColdstart/0/...
244 users are loaded from /home/ll5fy/TUIR/dataset/yelp/byUser_70k_review/5foldsCVColdstart/1/...
266 users are loaded from /home/ll5fy/TUIR/dataset/yelp/byUser_70k_review/5foldsCVColdstart/2/...
256 users are loaded from /home/ll5fy/TUIR/dataset/yelp/byUser_70k_review/5foldsCVColdstart/4/...
[Info]Finish loading 861 items' weights in total 156639 items!
[Info]Begin tagging 861 items with ETBIR Interpolation............
---- item 1: map is 0.34739, precision@k is 0.09091, mrr is 1.00000
---- item 51: map is 0.53158, precision@k is 0.18182, mrr is 1.00000
---- item 101: map is 1.00000, precision@k is 1.00000, mrr is 1.00000
---- item 151: map is 0.35987, precision@k is 0.09091, mrr is 1.00000
---- item 201: map is 0.34500, precision@k is 0.09091, mrr is 1.00000
---- item 251: map is 0.50503, precision@k is 0.09091, mrr is 1.00000
---- item 301: map is 0.26437, precision@k is 0.09091, mrr is 1.00000
---- item 351: map is 0.51408, precision@k is 0.09091, mrr is 1.00000
---- item 401: map is 0.18916, precision@k is 0.18182, mrr is 0.50000
---- item 451: map is 0.57071, precision@k is 0.18182, mrr is 1.00000
---- item 501: map is 0.01974, precision@k is 0.00000, mrr is 0.02273
---- item 551: map is 1.00000, precision@k is 1.00000, mrr is 1.00000
---- item 601: map is 0.29241, precision@k is 0.09091, mrr is 1.00000
---- item 651: map is 0.03021, precision@k is 0.00000, mrr is 0.06667
---- item 701: map is 0.17882, precision@k is 0.09091, mrr is 0.50000
---- item 751: map is 0.00433, precision@k is 0.00000, mrr is 0.00283
---- item 801: map is 0.35303, precision@k is 0.09091, mrr is 1.00000
---- item 851: map is 0.07563, precision@k is 0.09091, mrr is 0.20000
[Stat]ETBIR model, Interpolation mode item tagging: Precision@K is 0.17229, MAP is: 0.35667, MRR is: 0.77210, in top 10 tags
256 users are loaded from /home/ll5fy/TUIR/dataset/yelp/byUser_70k_review/5foldsCVColdstart/4/...
260 users are loaded from /home/ll5fy/TUIR/dataset/yelp/byUser_70k_review/5foldsCVColdstart/0/...
244 users are loaded from /home/ll5fy/TUIR/dataset/yelp/byUser_70k_review/5foldsCVColdstart/1/...
266 users are loaded from /home/ll5fy/TUIR/dataset/yelp/byUser_70k_review/5foldsCVColdstart/2/...
264 users are loaded from /home/ll5fy/TUIR/dataset/yelp/byUser_70k_review/5foldsCVColdstart/3/...
[Info]Finish loading 861 items' weights in total 156639 items!
[Info]Begin tagging 861 items with ETBIR Interpolation............
---- item 1: map is 0.39750, precision@k is 0.27273, mrr is 1.00000
---- item 51: map is 0.55560, precision@k is 0.18182, mrr is 1.00000
---- item 101: map is 1.00000, precision@k is 1.00000, mrr is 1.00000
---- item 151: map is 0.43555, precision@k is 0.18182, mrr is 1.00000
---- item 201: map is 0.34545, precision@k is 0.09091, mrr is 1.00000
---- item 251: map is 0.01755, precision@k is 0.00000, mrr is 0.01786
---- item 301: map is 0.26668, precision@k is 0.09091, mrr is 1.00000
---- item 351: map is 0.51852, precision@k is 0.09091, mrr is 1.00000
---- item 401: map is 0.19005, precision@k is 0.18182, mrr is 0.50000
---- item 451: map is 0.57143, precision@k is 0.18182, mrr is 1.00000
---- item 501: map is 0.03105, precision@k is 0.00000, mrr is 0.05882
---- item 551: map is 1.00000, precision@k is 1.00000, mrr is 1.00000
---- item 601: map is 0.33054, precision@k is 0.18182, mrr is 1.00000
---- item 651: map is 0.02798, precision@k is 0.00000, mrr is 0.05882
---- item 701: map is 0.17646, precision@k is 0.09091, mrr is 0.50000
---- item 751: map is 0.00435, precision@k is 0.00000, mrr is 0.00279
---- item 801: map is 0.35332, precision@k is 0.09091, mrr is 1.00000
---- item 851: map is 0.06530, precision@k is 0.09091, mrr is 0.16667
[Stat]ETBIR model, Interpolation mode item tagging: Precision@K is 0.18153, MAP is: 0.36345, MRR is: 0.76569, in top 10 tags

[Stat]Running time (seconds) 368.50500
[Stat]MAP 0.348+/-0.013
[Stat]MRR 0.774+/-0.006
[Stat]Precision 0.161+/-0.017
