Load 6134 2-gram new features from /home/ll5fy/TUIR/dataset/yelp/yelp_features.txt...
Load 6134 2-gram new features from /home/ll5fy/TUIR/dataset/yelp/yelp_features.txt...
[Info]Start FIXED cross validation...
[Info]Load 553 tags, with 6134 features.
260 users are loaded from /home/ll5fy/TUIR/dataset/yelp/byUser_70k_review/5foldsCVColdstart/0/...
244 users are loaded from /home/ll5fy/TUIR/dataset/yelp/byUser_70k_review/5foldsCVColdstart/1/...
266 users are loaded from /home/ll5fy/TUIR/dataset/yelp/byUser_70k_review/5foldsCVColdstart/2/...
264 users are loaded from /home/ll5fy/TUIR/dataset/yelp/byUser_70k_review/5foldsCVColdstart/3/...
256 users are loaded from /home/ll5fy/TUIR/dataset/yelp/byUser_70k_review/5foldsCVColdstart/4/...
[Info]Finish loading 722 items' weights in total 156639 items!
[Info]Begin tagging 722 items with LDA_Variational Interpolation............
---- item 1: map is 0.50714, precision@k is 0.18182, mrr is 1.00000
---- item 51: map is 0.25187, precision@k is 0.09091, mrr is 0.50000
---- item 101: map is 0.18095, precision@k is 0.09091, mrr is 0.33333
---- item 151: map is 0.14705, precision@k is 0.09091, mrr is 0.33333
---- item 201: map is 0.38377, precision@k is 0.18182, mrr is 1.00000
---- item 251: map is 1.00000, precision@k is 1.00000, mrr is 1.00000
---- item 301: map is 0.09989, precision@k is 0.09091, mrr is 0.25000
---- item 351: map is 0.38243, precision@k is 0.18182, mrr is 1.00000
---- item 401: map is 0.16051, precision@k is 0.18182, mrr is 0.25000
---- item 451: map is 0.46359, precision@k is 0.18182, mrr is 1.00000
---- item 501: map is 0.11839, precision@k is 0.09091, mrr is 0.33333
---- item 551: map is 0.34413, precision@k is 0.09091, mrr is 1.00000
---- item 601: map is 0.28571, precision@k is 0.09091, mrr is 0.50000
---- item 651: map is 0.26597, precision@k is 0.18182, mrr is 0.50000
---- item 701: map is 0.14139, precision@k is 0.09091, mrr is 0.25000
[Stat]LDA_Variational model, Interpolation mode item tagging: Precision@K is 0.14069, MAP is: 0.23060, MRR is: 0.48456, in top 10 tags
244 users are loaded from /home/ll5fy/TUIR/dataset/yelp/byUser_70k_review/5foldsCVColdstart/1/...
260 users are loaded from /home/ll5fy/TUIR/dataset/yelp/byUser_70k_review/5foldsCVColdstart/0/...
266 users are loaded from /home/ll5fy/TUIR/dataset/yelp/byUser_70k_review/5foldsCVColdstart/2/...
264 users are loaded from /home/ll5fy/TUIR/dataset/yelp/byUser_70k_review/5foldsCVColdstart/3/...
256 users are loaded from /home/ll5fy/TUIR/dataset/yelp/byUser_70k_review/5foldsCVColdstart/4/...
[Info]Finish loading 732 items' weights in total 156639 items!
[Info]Begin tagging 732 items with LDA_Variational Interpolation............
---- item 1: map is 0.67628, precision@k is 0.18182, mrr is 1.00000
---- item 51: map is 0.35170, precision@k is 0.09091, mrr is 1.00000
---- item 101: map is 0.21688, precision@k is 0.09091, mrr is 0.50000
---- item 151: map is 0.42585, precision@k is 0.18182, mrr is 1.00000
---- item 201: map is 1.00000, precision@k is 1.00000, mrr is 1.00000
---- item 251: map is 0.52326, precision@k is 0.09091, mrr is 1.00000
---- item 301: map is 0.43125, precision@k is 0.18182, mrr is 1.00000
---- item 351: map is 0.26316, precision@k is 0.09091, mrr is 0.50000
---- item 401: map is 0.34505, precision@k is 0.09091, mrr is 1.00000
---- item 451: map is 0.25668, precision@k is 0.18182, mrr is 1.00000
---- item 501: map is 0.10000, precision@k is 0.10000, mrr is 0.10000
---- item 551: map is 0.00427, precision@k is 0.00000, mrr is 0.00264
---- item 601: map is 0.01651, precision@k is 0.00000, mrr is 0.02128
---- item 651: map is 0.18261, precision@k is 0.09091, mrr is 0.50000
---- item 701: map is 0.41665, precision@k is 0.18182, mrr is 1.00000
[Stat]LDA_Variational model, Interpolation mode item tagging: Precision@K is 0.20042, MAP is: 0.37505, MRR is: 0.75076, in top 10 tags
266 users are loaded from /home/ll5fy/TUIR/dataset/yelp/byUser_70k_review/5foldsCVColdstart/2/...
260 users are loaded from /home/ll5fy/TUIR/dataset/yelp/byUser_70k_review/5foldsCVColdstart/0/...
244 users are loaded from /home/ll5fy/TUIR/dataset/yelp/byUser_70k_review/5foldsCVColdstart/1/...
264 users are loaded from /home/ll5fy/TUIR/dataset/yelp/byUser_70k_review/5foldsCVColdstart/3/...
256 users are loaded from /home/ll5fy/TUIR/dataset/yelp/byUser_70k_review/5foldsCVColdstart/4/...
[Info]Finish loading 702 items' weights in total 156639 items!
[Info]Begin tagging 702 items with LDA_Variational Interpolation............
---- item 1: map is 0.35221, precision@k is 0.09091, mrr is 1.00000
---- item 51: map is 0.25479, precision@k is 0.18182, mrr is 0.50000
---- item 101: map is 0.01854, precision@k is 0.00000, mrr is 0.02703
---- item 151: map is 0.30471, precision@k is 0.18182, mrr is 0.50000
---- item 201: map is 0.19965, precision@k is 0.09091, mrr is 1.00000
---- item 251: map is 0.24708, precision@k is 0.27273, mrr is 0.50000
---- item 301: map is 0.20359, precision@k is 0.09091, mrr is 0.50000
---- item 351: map is 0.39156, precision@k is 0.09091, mrr is 1.00000
---- item 401: map is 0.52430, precision@k is 0.27273, mrr is 1.00000
---- item 451: map is 0.65324, precision@k is 0.27273, mrr is 1.00000
---- item 501: map is 0.20416, precision@k is 0.18182, mrr is 0.50000
---- item 551: map is 0.41870, precision@k is 0.27273, mrr is 1.00000
---- item 601: map is 0.31247, precision@k is 0.27273, mrr is 0.50000
---- item 651: map is 0.44939, precision@k is 0.18182, mrr is 1.00000
---- item 701: map is 0.41667, precision@k is 0.50000, mrr is 0.33333
[Stat]LDA_Variational model, Interpolation mode item tagging: Precision@K is 0.20567, MAP is: 0.37561, MRR is: 0.72651, in top 10 tags
264 users are loaded from /home/ll5fy/TUIR/dataset/yelp/byUser_70k_review/5foldsCVColdstart/3/...
260 users are loaded from /home/ll5fy/TUIR/dataset/yelp/byUser_70k_review/5foldsCVColdstart/0/...
244 users are loaded from /home/ll5fy/TUIR/dataset/yelp/byUser_70k_review/5foldsCVColdstart/1/...
266 users are loaded from /home/ll5fy/TUIR/dataset/yelp/byUser_70k_review/5foldsCVColdstart/2/...
256 users are loaded from /home/ll5fy/TUIR/dataset/yelp/byUser_70k_review/5foldsCVColdstart/4/...
[Info]Finish loading 717 items' weights in total 156639 items!
[Info]Begin tagging 717 items with LDA_Variational Interpolation............
---- item 1: map is 0.67601, precision@k is 0.18182, mrr is 1.00000
---- item 51: map is 0.35895, precision@k is 0.09091, mrr is 1.00000
---- item 101: map is 0.16500, precision@k is 0.09091, mrr is 0.25000
---- item 151: map is 0.10746, precision@k is 0.09091, mrr is 0.20000
---- item 201: map is 0.20037, precision@k is 0.18182, mrr is 0.50000
---- item 251: map is 0.25242, precision@k is 0.09091, mrr is 0.50000
---- item 301: map is 0.31842, precision@k is 0.18182, mrr is 0.50000
---- item 351: map is 0.02378, precision@k is 0.00000, mrr is 0.03125
---- item 401: map is 0.00636, precision@k is 0.00000, mrr is 0.00465
---- item 451: map is 0.51370, precision@k is 0.09091, mrr is 1.00000
---- item 501: map is 1.00000, precision@k is 1.00000, mrr is 1.00000
---- item 551: map is 0.67010, precision@k is 0.18182, mrr is 1.00000
---- item 601: map is 0.34193, precision@k is 0.09091, mrr is 1.00000
---- item 651: map is 0.19905, precision@k is 0.18182, mrr is 0.50000
---- item 701: map is 0.09544, precision@k is 0.09091, mrr is 0.25000
[Stat]LDA_Variational model, Interpolation mode item tagging: Precision@K is 0.21076, MAP is: 0.38295, MRR is: 0.73132, in top 10 tags
256 users are loaded from /home/ll5fy/TUIR/dataset/yelp/byUser_70k_review/5foldsCVColdstart/4/...
260 users are loaded from /home/ll5fy/TUIR/dataset/yelp/byUser_70k_review/5foldsCVColdstart/0/...
244 users are loaded from /home/ll5fy/TUIR/dataset/yelp/byUser_70k_review/5foldsCVColdstart/1/...
266 users are loaded from /home/ll5fy/TUIR/dataset/yelp/byUser_70k_review/5foldsCVColdstart/2/...
264 users are loaded from /home/ll5fy/TUIR/dataset/yelp/byUser_70k_review/5foldsCVColdstart/3/...
[Info]Finish loading 726 items' weights in total 156639 items!
[Info]Begin tagging 726 items with LDA_Variational Interpolation............
---- item 1: map is 0.67500, precision@k is 0.18182, mrr is 1.00000
---- item 51: map is 0.22576, precision@k is 0.09091, mrr is 1.00000
---- item 101: map is 0.57341, precision@k is 0.18182, mrr is 1.00000
---- item 151: map is 0.34692, precision@k is 0.09091, mrr is 1.00000
---- item 201: map is 0.83333, precision@k is 0.66667, mrr is 1.00000
---- item 251: map is 0.34703, precision@k is 0.09091, mrr is 1.00000
---- item 301: map is 0.43125, precision@k is 0.18182, mrr is 1.00000
---- item 351: map is 1.00000, precision@k is 1.00000, mrr is 1.00000
---- item 401: map is 0.36250, precision@k is 0.09091, mrr is 1.00000
---- item 451: map is 0.18912, precision@k is 0.09091, mrr is 0.50000
---- item 501: map is 0.53092, precision@k is 0.18182, mrr is 1.00000
---- item 551: map is 0.54604, precision@k is 0.18182, mrr is 1.00000
---- item 601: map is 0.40428, precision@k is 0.27273, mrr is 0.50000
---- item 651: map is 0.53333, precision@k is 0.18182, mrr is 1.00000
---- item 701: map is 0.50819, precision@k is 0.18182, mrr is 1.00000
[Stat]LDA_Variational model, Interpolation mode item tagging: Precision@K is 0.22352, MAP is: 0.38947, MRR is: 0.72340, in top 10 tags

[Stat]Running time (seconds) 309.35500
[Stat]MAP 0.351+/-0.060
[Stat]MRR 0.683+/-0.100
[Stat]Precision 0.196+/-0.029
