Load 6134 2-gram new features from /home/ll5fy/TUIR/dataset/yelp/yelp_features.txt...
Load 6134 2-gram new features from /home/ll5fy/TUIR/dataset/yelp/yelp_features.txt...
[Info]Start FIXED cross validation...
[Info]Load 553 tags, with 6134 features.
260 users are loaded from /home/ll5fy/TUIR/dataset/yelp/byUser_70k_review/5foldsCVColdstart/0/...
244 users are loaded from /home/ll5fy/TUIR/dataset/yelp/byUser_70k_review/5foldsCVColdstart/1/...
266 users are loaded from /home/ll5fy/TUIR/dataset/yelp/byUser_70k_review/5foldsCVColdstart/2/...
264 users are loaded from /home/ll5fy/TUIR/dataset/yelp/byUser_70k_review/5foldsCVColdstart/3/...
256 users are loaded from /home/ll5fy/TUIR/dataset/yelp/byUser_70k_review/5foldsCVColdstart/4/...
[Info]Finish loading 722 items' weights in total 156639 items!
[Info]Begin tagging 722 items with LDA_Variational Embed............
---- item 1: map is 0.10524, precision@k is 0.09091, mrr is 0.25000
---- item 51: map is 0.12685, precision@k is 0.09091, mrr is 0.25000
---- item 101: map is 0.13018, precision@k is 0.09091, mrr is 0.25000
---- item 151: map is 0.10649, precision@k is 0.09091, mrr is 0.25000
---- item 201: map is 0.08203, precision@k is 0.09091, mrr is 0.25000
---- item 251: map is 0.14038, precision@k is 0.09091, mrr is 0.25000
---- item 301: map is 0.10900, precision@k is 0.09091, mrr is 0.25000
---- item 351: map is 0.08078, precision@k is 0.09091, mrr is 0.25000
---- item 401: map is 0.07646, precision@k is 0.09091, mrr is 0.25000
---- item 451: map is 0.08548, precision@k is 0.09091, mrr is 0.25000
---- item 501: map is 0.08886, precision@k is 0.09091, mrr is 0.25000
---- item 551: map is 0.09029, precision@k is 0.09091, mrr is 0.25000
---- item 601: map is 0.13204, precision@k is 0.09091, mrr is 0.25000
---- item 651: map is 0.27486, precision@k is 0.18182, mrr is 0.50000
---- item 701: map is 0.13068, precision@k is 0.09091, mrr is 0.25000
[Stat]LDA_Variational model, Embed mode item tagging: Precision@K is 0.09006, MAP is: 0.10333, MRR is: 0.23302, in top 10 tags
244 users are loaded from /home/ll5fy/TUIR/dataset/yelp/byUser_70k_review/5foldsCVColdstart/1/...
260 users are loaded from /home/ll5fy/TUIR/dataset/yelp/byUser_70k_review/5foldsCVColdstart/0/...
266 users are loaded from /home/ll5fy/TUIR/dataset/yelp/byUser_70k_review/5foldsCVColdstart/2/...
264 users are loaded from /home/ll5fy/TUIR/dataset/yelp/byUser_70k_review/5foldsCVColdstart/3/...
256 users are loaded from /home/ll5fy/TUIR/dataset/yelp/byUser_70k_review/5foldsCVColdstart/4/...
[Info]Finish loading 732 items' weights in total 156639 items!
[Info]Begin tagging 732 items with LDA_Variational Embed............
---- item 1: map is 0.37768, precision@k is 0.09091, mrr is 1.00000
---- item 51: map is 0.35669, precision@k is 0.09091, mrr is 1.00000
---- item 101: map is 0.37832, precision@k is 0.09091, mrr is 1.00000
---- item 151: map is 0.24307, precision@k is 0.09091, mrr is 1.00000
---- item 201: map is 0.51613, precision@k is 0.09091, mrr is 1.00000
---- item 251: map is 0.52703, precision@k is 0.09091, mrr is 1.00000
---- item 301: map is 0.06774, precision@k is 0.09091, mrr is 0.14286
---- item 351: map is 0.52083, precision@k is 0.09091, mrr is 1.00000
---- item 401: map is 0.35266, precision@k is 0.09091, mrr is 1.00000
---- item 451: map is 0.02695, precision@k is 0.00000, mrr is 0.02564
---- item 501: map is 0.00870, precision@k is 0.00000, mrr is 0.00870
---- item 551: map is 0.00424, precision@k is 0.00000, mrr is 0.00258
---- item 601: map is 0.01713, precision@k is 0.00000, mrr is 0.02564
---- item 651: map is 0.35363, precision@k is 0.09091, mrr is 1.00000
---- item 701: map is 0.22667, precision@k is 0.09091, mrr is 1.00000
[Stat]LDA_Variational model, Embed mode item tagging: Precision@K is 0.09741, MAP is: 0.29645, MRR is: 0.77097, in top 10 tags
266 users are loaded from /home/ll5fy/TUIR/dataset/yelp/byUser_70k_review/5foldsCVColdstart/2/...
260 users are loaded from /home/ll5fy/TUIR/dataset/yelp/byUser_70k_review/5foldsCVColdstart/0/...
244 users are loaded from /home/ll5fy/TUIR/dataset/yelp/byUser_70k_review/5foldsCVColdstart/1/...
264 users are loaded from /home/ll5fy/TUIR/dataset/yelp/byUser_70k_review/5foldsCVColdstart/3/...
256 users are loaded from /home/ll5fy/TUIR/dataset/yelp/byUser_70k_review/5foldsCVColdstart/4/...
[Info]Finish loading 702 items' weights in total 156639 items!
[Info]Begin tagging 702 items with LDA_Variational Embed............
---- item 1: map is 0.36766, precision@k is 0.09091, mrr is 1.00000
---- item 51: map is 0.02604, precision@k is 0.00000, mrr is 0.02000
---- item 101: map is 0.00517, precision@k is 0.00000, mrr is 0.00476
---- item 151: map is 0.27564, precision@k is 0.09091, mrr is 1.00000
---- item 201: map is 0.20632, precision@k is 0.18182, mrr is 1.00000
---- item 251: map is 0.02840, precision@k is 0.00000, mrr is 0.02000
---- item 301: map is 0.35893, precision@k is 0.09091, mrr is 1.00000
---- item 351: map is 0.40124, precision@k is 0.09091, mrr is 1.00000
---- item 401: map is 0.21633, precision@k is 0.09091, mrr is 1.00000
---- item 451: map is 0.40305, precision@k is 0.18182, mrr is 1.00000
---- item 501: map is 0.02604, precision@k is 0.00000, mrr is 0.02000
---- item 551: map is 0.30579, precision@k is 0.09091, mrr is 1.00000
---- item 601: map is 0.02604, precision@k is 0.00000, mrr is 0.02000
---- item 651: map is 0.06330, precision@k is 0.09091, mrr is 0.16667
---- item 701: map is 0.52500, precision@k is 0.09091, mrr is 1.00000
[Stat]LDA_Variational model, Embed mode item tagging: Precision@K is 0.09081, MAP is: 0.29020, MRR is: 0.76082, in top 10 tags
264 users are loaded from /home/ll5fy/TUIR/dataset/yelp/byUser_70k_review/5foldsCVColdstart/3/...
260 users are loaded from /home/ll5fy/TUIR/dataset/yelp/byUser_70k_review/5foldsCVColdstart/0/...
244 users are loaded from /home/ll5fy/TUIR/dataset/yelp/byUser_70k_review/5foldsCVColdstart/1/...
266 users are loaded from /home/ll5fy/TUIR/dataset/yelp/byUser_70k_review/5foldsCVColdstart/2/...
256 users are loaded from /home/ll5fy/TUIR/dataset/yelp/byUser_70k_review/5foldsCVColdstart/4/...
[Info]Finish loading 717 items' weights in total 156639 items!
[Info]Begin tagging 717 items with LDA_Variational Embed............
---- item 1: map is 0.39492, precision@k is 0.09091, mrr is 1.00000
---- item 51: map is 0.34602, precision@k is 0.09091, mrr is 1.00000
---- item 101: map is 0.51389, precision@k is 0.09091, mrr is 1.00000
---- item 151: map is 0.50671, precision@k is 0.09091, mrr is 1.00000
---- item 201: map is 0.02585, precision@k is 0.00000, mrr is 0.02041
---- item 251: map is 0.50234, precision@k is 0.09091, mrr is 1.00000
---- item 301: map is 0.30093, precision@k is 0.09091, mrr is 1.00000
---- item 351: map is 0.02071, precision@k is 0.00000, mrr is 0.02273
---- item 401: map is 0.00676, precision@k is 0.00000, mrr is 0.00505
---- item 451: map is 0.51031, precision@k is 0.09091, mrr is 1.00000
---- item 501: map is 1.00000, precision@k is 1.00000, mrr is 1.00000
---- item 551: map is 0.36007, precision@k is 0.09091, mrr is 1.00000
---- item 601: map is 0.34068, precision@k is 0.09091, mrr is 1.00000
---- item 651: map is 0.02585, precision@k is 0.00000, mrr is 0.02041
---- item 701: map is 0.01601, precision@k is 0.00000, mrr is 0.00971
[Stat]LDA_Variational model, Embed mode item tagging: Precision@K is 0.09633, MAP is: 0.29624, MRR is: 0.77680, in top 10 tags
256 users are loaded from /home/ll5fy/TUIR/dataset/yelp/byUser_70k_review/5foldsCVColdstart/4/...
260 users are loaded from /home/ll5fy/TUIR/dataset/yelp/byUser_70k_review/5foldsCVColdstart/0/...
244 users are loaded from /home/ll5fy/TUIR/dataset/yelp/byUser_70k_review/5foldsCVColdstart/1/...
266 users are loaded from /home/ll5fy/TUIR/dataset/yelp/byUser_70k_review/5foldsCVColdstart/2/...
264 users are loaded from /home/ll5fy/TUIR/dataset/yelp/byUser_70k_review/5foldsCVColdstart/3/...
[Info]Finish loading 726 items' weights in total 156639 items!
[Info]Begin tagging 726 items with LDA_Variational Embed............
---- item 1: map is 0.37954, precision@k is 0.09091, mrr is 1.00000
---- item 51: map is 0.22537, precision@k is 0.09091, mrr is 1.00000
---- item 101: map is 0.35726, precision@k is 0.09091, mrr is 1.00000
---- item 151: map is 0.35060, precision@k is 0.09091, mrr is 1.00000
---- item 201: map is 0.52941, precision@k is 0.09091, mrr is 1.00000
---- item 251: map is 0.35060, precision@k is 0.09091, mrr is 1.00000
---- item 301: map is 0.10103, precision@k is 0.09091, mrr is 0.25000
---- item 351: map is 0.00221, precision@k is 0.00000, mrr is 0.00221
---- item 401: map is 0.35793, precision@k is 0.09091, mrr is 1.00000
---- item 451: map is 0.36809, precision@k is 0.09091, mrr is 1.00000
---- item 501: map is 0.29519, precision@k is 0.09091, mrr is 1.00000
---- item 551: map is 0.27567, precision@k is 0.09091, mrr is 1.00000
---- item 601: map is 0.30554, precision@k is 0.09091, mrr is 1.00000
---- item 651: map is 0.37927, precision@k is 0.09091, mrr is 1.00000
---- item 701: map is 0.29734, precision@k is 0.09091, mrr is 1.00000
[Stat]LDA_Variational model, Embed mode item tagging: Precision@K is 0.09861, MAP is: 0.29600, MRR is: 0.77369, in top 10 tags

[Stat]Running time (seconds) 27.32600
[Stat]MAP 0.256+/-0.077
[Stat]MRR 0.663+/-0.215
[Stat]Precision 0.095+/-0.004
