Load 6134 2-gram new features from /home/ll5fy/TUIR/dataset/yelp/yelp_features.txt...
Load 6134 2-gram new features from /home/ll5fy/TUIR/dataset/yelp/yelp_features.txt...
[Info]Start FIXED cross validation...
[Info]Load 553 tags, with 6134 features.
260 users are loaded from /home/ll5fy/TUIR/dataset/yelp/byUser_70k_review/5foldsCVColdstart/0/...
244 users are loaded from /home/ll5fy/TUIR/dataset/yelp/byUser_70k_review/5foldsCVColdstart/1/...
266 users are loaded from /home/ll5fy/TUIR/dataset/yelp/byUser_70k_review/5foldsCVColdstart/2/...
264 users are loaded from /home/ll5fy/TUIR/dataset/yelp/byUser_70k_review/5foldsCVColdstart/3/...
256 users are loaded from /home/ll5fy/TUIR/dataset/yelp/byUser_70k_review/5foldsCVColdstart/4/...
[Info]Finish loading 722 items' weights in total 156639 items!
[Info]Begin tagging 722 items with LDA_User Interpolation............
---- item 1: map is 0.56071, precision@k is 0.18182, mrr is 1.00000
---- item 51: map is 0.16852, precision@k is 0.09091, mrr is 0.33333
---- item 101: map is 0.75000, precision@k is 0.50000, mrr is 1.00000
---- item 151: map is 0.19699, precision@k is 0.09091, mrr is 0.50000
---- item 201: map is 0.34900, precision@k is 0.18182, mrr is 1.00000
---- item 251: map is 0.83333, precision@k is 0.66667, mrr is 1.00000
---- item 301: map is 0.12239, precision@k is 0.09091, mrr is 0.20000
---- item 351: map is 0.32412, precision@k is 0.18182, mrr is 1.00000
---- item 401: map is 0.29850, precision@k is 0.09091, mrr is 1.00000
---- item 451: map is 0.65275, precision@k is 0.27273, mrr is 1.00000
---- item 501: map is 0.33906, precision@k is 0.09091, mrr is 1.00000
---- item 551: map is 0.66969, precision@k is 0.18182, mrr is 1.00000
---- item 601: map is 0.37500, precision@k is 0.25000, mrr is 0.50000
---- item 651: map is 0.23510, precision@k is 0.18182, mrr is 0.50000
---- item 701: map is 0.70000, precision@k is 0.40000, mrr is 1.00000
[Stat]LDA_User model, Interpolation mode item tagging: Precision@K is 0.21536, MAP is: 0.35607, MRR is: 0.65192, in top 10 tags
244 users are loaded from /home/ll5fy/TUIR/dataset/yelp/byUser_70k_review/5foldsCVColdstart/1/...
260 users are loaded from /home/ll5fy/TUIR/dataset/yelp/byUser_70k_review/5foldsCVColdstart/0/...
266 users are loaded from /home/ll5fy/TUIR/dataset/yelp/byUser_70k_review/5foldsCVColdstart/2/...
264 users are loaded from /home/ll5fy/TUIR/dataset/yelp/byUser_70k_review/5foldsCVColdstart/3/...
256 users are loaded from /home/ll5fy/TUIR/dataset/yelp/byUser_70k_review/5foldsCVColdstart/4/...
[Info]Finish loading 732 items' weights in total 156639 items!
[Info]Begin tagging 732 items with LDA_User Interpolation............
---- item 1: map is 0.51235, precision@k is 0.18182, mrr is 1.00000
---- item 51: map is 0.56036, precision@k is 0.18182, mrr is 1.00000
---- item 101: map is 0.06982, precision@k is 0.00000, mrr is 0.07692
---- item 151: map is 0.33229, precision@k is 0.18182, mrr is 1.00000
---- item 201: map is 0.70000, precision@k is 0.40000, mrr is 1.00000
---- item 251: map is 0.50000, precision@k is 0.50000, mrr is 0.50000
---- item 301: map is 0.41937, precision@k is 0.18182, mrr is 1.00000
---- item 351: map is 0.41667, precision@k is 0.50000, mrr is 0.33333
---- item 401: map is 0.08390, precision@k is 0.09091, mrr is 0.20000
---- item 451: map is 0.32311, precision@k is 0.18182, mrr is 1.00000
---- item 501: map is 0.50000, precision@k is 0.50000, mrr is 0.50000
---- item 551: map is 0.00415, precision@k is 0.00000, mrr is 0.00250
---- item 601: map is 0.04515, precision@k is 0.00000, mrr is 0.07692
---- item 651: map is 0.53333, precision@k is 0.60000, mrr is 0.50000
---- item 701: map is 0.29530, precision@k is 0.18182, mrr is 1.00000
[Stat]LDA_User model, Interpolation mode item tagging: Precision@K is 0.22213, MAP is: 0.36539, MRR is: 0.65059, in top 10 tags
266 users are loaded from /home/ll5fy/TUIR/dataset/yelp/byUser_70k_review/5foldsCVColdstart/2/...
260 users are loaded from /home/ll5fy/TUIR/dataset/yelp/byUser_70k_review/5foldsCVColdstart/0/...
244 users are loaded from /home/ll5fy/TUIR/dataset/yelp/byUser_70k_review/5foldsCVColdstart/1/...
264 users are loaded from /home/ll5fy/TUIR/dataset/yelp/byUser_70k_review/5foldsCVColdstart/3/...
256 users are loaded from /home/ll5fy/TUIR/dataset/yelp/byUser_70k_review/5foldsCVColdstart/4/...
[Info]Finish loading 702 items' weights in total 156639 items!
[Info]Begin tagging 702 items with LDA_User Interpolation............
---- item 1: map is 0.69106, precision@k is 0.18182, mrr is 1.00000
---- item 51: map is 0.39350, precision@k is 0.27273, mrr is 0.50000
---- item 101: map is 0.50826, precision@k is 0.09091, mrr is 1.00000
---- item 151: map is 0.28638, precision@k is 0.27273, mrr is 0.50000
---- item 201: map is 0.18171, precision@k is 0.09091, mrr is 1.00000
---- item 251: map is 0.25126, precision@k is 0.27273, mrr is 0.50000
---- item 301: map is 0.10265, precision@k is 0.09091, mrr is 0.16667
---- item 351: map is 0.42347, precision@k is 0.18182, mrr is 1.00000
---- item 401: map is 0.48694, precision@k is 0.36364, mrr is 1.00000
---- item 451: map is 0.66887, precision@k is 0.27273, mrr is 1.00000
---- item 501: map is 0.36681, precision@k is 0.27273, mrr is 0.50000
---- item 551: map is 0.47707, precision@k is 0.27273, mrr is 1.00000
---- item 601: map is 0.24715, precision@k is 0.27273, mrr is 0.33333
---- item 651: map is 0.37793, precision@k is 0.09091, mrr is 1.00000
---- item 701: map is 0.26667, precision@k is 0.20000, mrr is 0.33333
[Stat]LDA_User model, Interpolation mode item tagging: Precision@K is 0.22037, MAP is: 0.36491, MRR is: 0.64091, in top 10 tags
264 users are loaded from /home/ll5fy/TUIR/dataset/yelp/byUser_70k_review/5foldsCVColdstart/3/...
260 users are loaded from /home/ll5fy/TUIR/dataset/yelp/byUser_70k_review/5foldsCVColdstart/0/...
244 users are loaded from /home/ll5fy/TUIR/dataset/yelp/byUser_70k_review/5foldsCVColdstart/1/...
266 users are loaded from /home/ll5fy/TUIR/dataset/yelp/byUser_70k_review/5foldsCVColdstart/2/...
256 users are loaded from /home/ll5fy/TUIR/dataset/yelp/byUser_70k_review/5foldsCVColdstart/4/...
[Info]Finish loading 717 items' weights in total 156639 items!
[Info]Begin tagging 717 items with LDA_User Interpolation............
---- item 1: map is 0.45814, precision@k is 0.18182, mrr is 1.00000
---- item 51: map is 0.45278, precision@k is 0.18182, mrr is 1.00000
---- item 101: map is 0.22619, precision@k is 0.28571, mrr is 0.16667
---- item 151: map is 0.09009, precision@k is 0.09091, mrr is 0.16667
---- item 201: map is 0.34503, precision@k is 0.27273, mrr is 0.50000
---- item 251: map is 0.05279, precision@k is 0.09091, mrr is 0.10000
---- item 301: map is 0.30521, precision@k is 0.18182, mrr is 0.33333
---- item 351: map is 0.03741, precision@k is 0.00000, mrr is 0.03846
---- item 401: map is 0.01001, precision@k is 0.00000, mrr is 0.00885
---- item 451: map is 1.00000, precision@k is 1.00000, mrr is 1.00000
---- item 501: map is 1.00000, precision@k is 1.00000, mrr is 1.00000
---- item 551: map is 0.67265, precision@k is 0.18182, mrr is 1.00000
---- item 601: map is 0.03414, precision@k is 0.00000, mrr is 0.06667
---- item 651: map is 0.34520, precision@k is 0.27273, mrr is 0.50000
---- item 701: map is 0.42710, precision@k is 0.36364, mrr is 1.00000
[Stat]LDA_User model, Interpolation mode item tagging: Precision@K is 0.21832, MAP is: 0.36394, MRR is: 0.64839, in top 10 tags
256 users are loaded from /home/ll5fy/TUIR/dataset/yelp/byUser_70k_review/5foldsCVColdstart/4/...
260 users are loaded from /home/ll5fy/TUIR/dataset/yelp/byUser_70k_review/5foldsCVColdstart/0/...
244 users are loaded from /home/ll5fy/TUIR/dataset/yelp/byUser_70k_review/5foldsCVColdstart/1/...
266 users are loaded from /home/ll5fy/TUIR/dataset/yelp/byUser_70k_review/5foldsCVColdstart/2/...
264 users are loaded from /home/ll5fy/TUIR/dataset/yelp/byUser_70k_review/5foldsCVColdstart/3/...
[Info]Finish loading 726 items' weights in total 156639 items!
[Info]Begin tagging 726 items with LDA_User Interpolation............
---- item 1: map is 0.45568, precision@k is 0.18182, mrr is 1.00000
---- item 51: map is 0.21824, precision@k is 0.09091, mrr is 1.00000
---- item 101: map is 0.42628, precision@k is 0.18182, mrr is 1.00000
---- item 151: map is 0.12454, precision@k is 0.09091, mrr is 0.33333
---- item 201: map is 0.66667, precision@k is 0.33333, mrr is 1.00000
---- item 251: map is 0.34728, precision@k is 0.09091, mrr is 1.00000
---- item 301: map is 0.40267, precision@k is 0.18182, mrr is 1.00000
---- item 351: map is 1.00000, precision@k is 1.00000, mrr is 1.00000
---- item 401: map is 0.39236, precision@k is 0.09091, mrr is 1.00000
---- item 451: map is 0.19208, precision@k is 0.18182, mrr is 0.33333
---- item 501: map is 0.46604, precision@k is 0.18182, mrr is 1.00000
---- item 551: map is 0.51260, precision@k is 0.27273, mrr is 1.00000
---- item 601: map is 0.40625, precision@k is 0.27273, mrr is 0.50000
---- item 651: map is 0.70000, precision@k is 0.60000, mrr is 1.00000
---- item 701: map is 0.51126, precision@k is 0.18182, mrr is 1.00000
[Stat]LDA_User model, Interpolation mode item tagging: Precision@K is 0.21765, MAP is: 0.36455, MRR is: 0.64719, in top 10 tags

[Stat]Running time (seconds) 304.03500
[Stat]MAP 0.363+/-0.003
[Stat]MRR 0.648+/-0.004
[Stat]Precision 0.219+/-0.002
