Load 6134 2-gram new features from /home/ll5fy/TUIR/dataset/yelp/yelp_features.txt...
Load 6134 2-gram new features from /home/ll5fy/TUIR/dataset/yelp/yelp_features.txt...
[Info]Start FIXED cross validation...
[Info]Load 553 tags, with 6134 features.
260 users are loaded from /home/ll5fy/TUIR/dataset/yelp/byUser_70k_review/5foldsCVColdstart/0/...
244 users are loaded from /home/ll5fy/TUIR/dataset/yelp/byUser_70k_review/5foldsCVColdstart/1/...
266 users are loaded from /home/ll5fy/TUIR/dataset/yelp/byUser_70k_review/5foldsCVColdstart/2/...
264 users are loaded from /home/ll5fy/TUIR/dataset/yelp/byUser_70k_review/5foldsCVColdstart/3/...
256 users are loaded from /home/ll5fy/TUIR/dataset/yelp/byUser_70k_review/5foldsCVColdstart/4/...
[Info]Finish loading 722 items' weights in total 156639 items!
[Info]Begin tagging 722 items with CTM Interpolation............
---- item 1: map is 0.50595, precision@k is 0.18182, mrr is 1.00000
---- item 51: map is 0.16853, precision@k is 0.09091, mrr is 0.33333
---- item 101: map is 0.70000, precision@k is 0.40000, mrr is 1.00000
---- item 151: map is 0.17896, precision@k is 0.09091, mrr is 0.50000
---- item 201: map is 0.34722, precision@k is 0.18182, mrr is 1.00000
---- item 251: map is 0.83333, precision@k is 0.66667, mrr is 1.00000
---- item 301: map is 0.06743, precision@k is 0.00000, mrr is 0.06667
---- item 351: map is 0.31518, precision@k is 0.18182, mrr is 1.00000
---- item 401: map is 0.28431, precision@k is 0.09091, mrr is 1.00000
---- item 451: map is 0.65214, precision@k is 0.27273, mrr is 1.00000
---- item 501: map is 0.33840, precision@k is 0.09091, mrr is 1.00000
---- item 551: map is 0.66915, precision@k is 0.18182, mrr is 1.00000
---- item 601: map is 0.37500, precision@k is 0.25000, mrr is 0.50000
---- item 651: map is 0.23377, precision@k is 0.18182, mrr is 0.50000
---- item 701: map is 0.66667, precision@k is 0.33333, mrr is 1.00000
[Stat]CTM model, Interpolation mode item tagging: Precision@K is 0.20625, MAP is: 0.34900, MRR is: 0.65096, in top 10 tags
244 users are loaded from /home/ll5fy/TUIR/dataset/yelp/byUser_70k_review/5foldsCVColdstart/1/...
260 users are loaded from /home/ll5fy/TUIR/dataset/yelp/byUser_70k_review/5foldsCVColdstart/0/...
266 users are loaded from /home/ll5fy/TUIR/dataset/yelp/byUser_70k_review/5foldsCVColdstart/2/...
264 users are loaded from /home/ll5fy/TUIR/dataset/yelp/byUser_70k_review/5foldsCVColdstart/3/...
256 users are loaded from /home/ll5fy/TUIR/dataset/yelp/byUser_70k_review/5foldsCVColdstart/4/...
[Info]Finish loading 732 items' weights in total 156639 items!
[Info]Begin tagging 732 items with CTM Interpolation............
---- item 1: map is 0.51000, precision@k is 0.18182, mrr is 1.00000
---- item 51: map is 0.56014, precision@k is 0.18182, mrr is 1.00000
---- item 101: map is 0.05978, precision@k is 0.00000, mrr is 0.07143
---- item 151: map is 0.30976, precision@k is 0.18182, mrr is 1.00000
---- item 201: map is 0.70000, precision@k is 0.40000, mrr is 1.00000
---- item 251: map is 0.41667, precision@k is 0.50000, mrr is 0.33333
---- item 301: map is 0.41031, precision@k is 0.18182, mrr is 1.00000
---- item 351: map is 0.41667, precision@k is 0.50000, mrr is 0.33333
---- item 401: map is 0.06595, precision@k is 0.09091, mrr is 0.16667
---- item 451: map is 0.32517, precision@k is 0.18182, mrr is 1.00000
---- item 501: map is 0.50000, precision@k is 0.50000, mrr is 0.50000
---- item 551: map is 0.00441, precision@k is 0.00000, mrr is 0.00267
---- item 601: map is 0.05118, precision@k is 0.00000, mrr is 0.07692
---- item 651: map is 0.47619, precision@k is 0.42857, mrr is 0.50000
---- item 701: map is 0.29747, precision@k is 0.18182, mrr is 1.00000
[Stat]CTM model, Interpolation mode item tagging: Precision@K is 0.22058, MAP is: 0.36228, MRR is: 0.64800, in top 10 tags
266 users are loaded from /home/ll5fy/TUIR/dataset/yelp/byUser_70k_review/5foldsCVColdstart/2/...
260 users are loaded from /home/ll5fy/TUIR/dataset/yelp/byUser_70k_review/5foldsCVColdstart/0/...
244 users are loaded from /home/ll5fy/TUIR/dataset/yelp/byUser_70k_review/5foldsCVColdstart/1/...
264 users are loaded from /home/ll5fy/TUIR/dataset/yelp/byUser_70k_review/5foldsCVColdstart/3/...
256 users are loaded from /home/ll5fy/TUIR/dataset/yelp/byUser_70k_review/5foldsCVColdstart/4/...
[Info]Finish loading 702 items' weights in total 156639 items!
[Info]Begin tagging 702 items with CTM Interpolation............
---- item 1: map is 0.68667, precision@k is 0.18182, mrr is 1.00000
---- item 51: map is 0.39444, precision@k is 0.27273, mrr is 0.50000
---- item 101: map is 0.50833, precision@k is 0.09091, mrr is 1.00000
---- item 151: map is 0.27196, precision@k is 0.18182, mrr is 0.50000
---- item 201: map is 0.20182, precision@k is 0.09091, mrr is 1.00000
---- item 251: map is 0.25340, precision@k is 0.27273, mrr is 0.50000
---- item 301: map is 0.10510, precision@k is 0.09091, mrr is 0.16667
---- item 351: map is 0.41493, precision@k is 0.18182, mrr is 1.00000
---- item 401: map is 0.49775, precision@k is 0.36364, mrr is 1.00000
---- item 451: map is 0.65617, precision@k is 0.27273, mrr is 1.00000
---- item 501: map is 0.39875, precision@k is 0.27273, mrr is 0.50000
---- item 551: map is 0.47706, precision@k is 0.27273, mrr is 1.00000
---- item 601: map is 0.24827, precision@k is 0.27273, mrr is 0.33333
---- item 651: map is 0.37768, precision@k is 0.09091, mrr is 1.00000
---- item 701: map is 0.26667, precision@k is 0.20000, mrr is 0.33333
[Stat]CTM model, Interpolation mode item tagging: Precision@K is 0.21834, MAP is: 0.36380, MRR is: 0.64044, in top 10 tags
264 users are loaded from /home/ll5fy/TUIR/dataset/yelp/byUser_70k_review/5foldsCVColdstart/3/...
260 users are loaded from /home/ll5fy/TUIR/dataset/yelp/byUser_70k_review/5foldsCVColdstart/0/...
244 users are loaded from /home/ll5fy/TUIR/dataset/yelp/byUser_70k_review/5foldsCVColdstart/1/...
266 users are loaded from /home/ll5fy/TUIR/dataset/yelp/byUser_70k_review/5foldsCVColdstart/2/...
256 users are loaded from /home/ll5fy/TUIR/dataset/yelp/byUser_70k_review/5foldsCVColdstart/4/...
[Info]Finish loading 717 items' weights in total 156639 items!
[Info]Begin tagging 717 items with CTM Interpolation............
---- item 1: map is 0.44173, precision@k is 0.18182, mrr is 1.00000
---- item 51: map is 0.42292, precision@k is 0.18182, mrr is 1.00000
---- item 101: map is 0.22619, precision@k is 0.28571, mrr is 0.16667
---- item 151: map is 0.08905, precision@k is 0.09091, mrr is 0.16667
---- item 201: map is 0.34871, precision@k is 0.27273, mrr is 0.50000
---- item 251: map is 0.05807, precision@k is 0.09091, mrr is 0.11111
---- item 301: map is 0.30283, precision@k is 0.18182, mrr is 0.33333
---- item 351: map is 0.04376, precision@k is 0.00000, mrr is 0.03704
---- item 401: map is 0.01026, precision@k is 0.00000, mrr is 0.00909
---- item 451: map is 1.00000, precision@k is 1.00000, mrr is 1.00000
---- item 501: map is 1.00000, precision@k is 1.00000, mrr is 1.00000
---- item 551: map is 0.67028, precision@k is 0.18182, mrr is 1.00000
---- item 601: map is 0.03384, precision@k is 0.00000, mrr is 0.06667
---- item 651: map is 0.34815, precision@k is 0.27273, mrr is 0.50000
---- item 701: map is 0.42710, precision@k is 0.36364, mrr is 1.00000
[Stat]CTM model, Interpolation mode item tagging: Precision@K is 0.21814, MAP is: 0.36349, MRR is: 0.64856, in top 10 tags
256 users are loaded from /home/ll5fy/TUIR/dataset/yelp/byUser_70k_review/5foldsCVColdstart/4/...
260 users are loaded from /home/ll5fy/TUIR/dataset/yelp/byUser_70k_review/5foldsCVColdstart/0/...
244 users are loaded from /home/ll5fy/TUIR/dataset/yelp/byUser_70k_review/5foldsCVColdstart/1/...
266 users are loaded from /home/ll5fy/TUIR/dataset/yelp/byUser_70k_review/5foldsCVColdstart/2/...
264 users are loaded from /home/ll5fy/TUIR/dataset/yelp/byUser_70k_review/5foldsCVColdstart/3/...
[Info]Finish loading 726 items' weights in total 156639 items!
[Info]Begin tagging 726 items with CTM Interpolation............
---- item 1: map is 0.44139, precision@k is 0.18182, mrr is 1.00000
---- item 51: map is 0.22099, precision@k is 0.09091, mrr is 1.00000
---- item 101: map is 0.42039, precision@k is 0.18182, mrr is 1.00000
---- item 151: map is 0.12270, precision@k is 0.09091, mrr is 0.33333
---- item 201: map is 0.66667, precision@k is 0.33333, mrr is 1.00000
---- item 251: map is 0.34579, precision@k is 0.09091, mrr is 1.00000
---- item 301: map is 0.40323, precision@k is 0.18182, mrr is 1.00000
---- item 351: map is 1.00000, precision@k is 1.00000, mrr is 1.00000
---- item 401: map is 0.39357, precision@k is 0.09091, mrr is 1.00000
---- item 451: map is 0.17132, precision@k is 0.09091, mrr is 0.33333
---- item 501: map is 0.45766, precision@k is 0.18182, mrr is 1.00000
---- item 551: map is 0.51241, precision@k is 0.27273, mrr is 1.00000
---- item 601: map is 0.40726, precision@k is 0.27273, mrr is 0.50000
---- item 651: map is 0.70000, precision@k is 0.60000, mrr is 1.00000
---- item 701: map is 0.51214, precision@k is 0.18182, mrr is 1.00000
[Stat]CTM model, Interpolation mode item tagging: Precision@K is 0.21554, MAP is: 0.36376, MRR is: 0.64670, in top 10 tags

[Stat]Running time (seconds) 299.80800
[Stat]MAP 0.360+/-0.006
[Stat]MRR 0.647+/-0.004
[Stat]Precision 0.216+/-0.005
