Load 6134 2-gram new features from /home/ll5fy/TUIR/dataset/yelp/yelp_features.txt...
Load 6134 2-gram new features from /home/ll5fy/TUIR/dataset/yelp/yelp_features.txt...
[Info]Start FIXED cross validation...
[Info]Load 553 tags, with 6134 features.
260 users are loaded from /home/ll5fy/TUIR/dataset/yelp/byUser_70k_review/5foldsCVColdstart/0/...
244 users are loaded from /home/ll5fy/TUIR/dataset/yelp/byUser_70k_review/5foldsCVColdstart/1/...
266 users are loaded from /home/ll5fy/TUIR/dataset/yelp/byUser_70k_review/5foldsCVColdstart/2/...
264 users are loaded from /home/ll5fy/TUIR/dataset/yelp/byUser_70k_review/5foldsCVColdstart/3/...
256 users are loaded from /home/ll5fy/TUIR/dataset/yelp/byUser_70k_review/5foldsCVColdstart/4/...
[Info]Finish loading 722 items' weights in total 156639 items!
[Info]Begin tagging 722 items with LDA_Item Interpolation............
---- item 1: map is 0.47228, precision@k is 0.18182, mrr is 1.00000
---- item 51: map is 0.12683, precision@k is 0.09091, mrr is 0.25000
---- item 101: map is 0.13269, precision@k is 0.09091, mrr is 0.25000
---- item 151: map is 0.10969, precision@k is 0.09091, mrr is 0.25000
---- item 201: map is 0.35712, precision@k is 0.18182, mrr is 1.00000
---- item 251: map is 0.83333, precision@k is 0.66667, mrr is 1.00000
---- item 301: map is 0.09543, precision@k is 0.09091, mrr is 0.25000
---- item 351: map is 0.35551, precision@k is 0.18182, mrr is 1.00000
---- item 401: map is 0.14974, precision@k is 0.18182, mrr is 0.25000
---- item 451: map is 0.18253, precision@k is 0.18182, mrr is 0.25000
---- item 501: map is 0.08872, precision@k is 0.09091, mrr is 0.25000
---- item 551: map is 0.17461, precision@k is 0.09091, mrr is 0.50000
---- item 601: map is 0.15278, precision@k is 0.09091, mrr is 0.25000
---- item 651: map is 0.27853, precision@k is 0.18182, mrr is 0.50000
---- item 701: map is 0.13663, precision@k is 0.09091, mrr is 0.25000
[Stat]LDA_Item model, Interpolation mode item tagging: Precision@K is 0.13173, MAP is: 0.18986, MRR is: 0.39430, in top 10 tags
244 users are loaded from /home/ll5fy/TUIR/dataset/yelp/byUser_70k_review/5foldsCVColdstart/1/...
260 users are loaded from /home/ll5fy/TUIR/dataset/yelp/byUser_70k_review/5foldsCVColdstart/0/...
266 users are loaded from /home/ll5fy/TUIR/dataset/yelp/byUser_70k_review/5foldsCVColdstart/2/...
264 users are loaded from /home/ll5fy/TUIR/dataset/yelp/byUser_70k_review/5foldsCVColdstart/3/...
256 users are loaded from /home/ll5fy/TUIR/dataset/yelp/byUser_70k_review/5foldsCVColdstart/4/...
[Info]Finish loading 732 items' weights in total 156639 items!
[Info]Begin tagging 732 items with LDA_Item Interpolation............
---- item 1: map is 0.67610, precision@k is 0.18182, mrr is 1.00000
---- item 51: map is 0.34178, precision@k is 0.09091, mrr is 1.00000
---- item 101: map is 0.21010, precision@k is 0.09091, mrr is 0.50000
---- item 151: map is 0.43696, precision@k is 0.18182, mrr is 1.00000
---- item 201: map is 1.00000, precision@k is 1.00000, mrr is 1.00000
---- item 251: map is 0.55882, precision@k is 0.09091, mrr is 1.00000
---- item 301: map is 0.41938, precision@k is 0.18182, mrr is 1.00000
---- item 351: map is 0.26163, precision@k is 0.09091, mrr is 0.50000
---- item 401: map is 0.34647, precision@k is 0.09091, mrr is 1.00000
---- item 451: map is 0.26510, precision@k is 0.18182, mrr is 1.00000
---- item 501: map is 0.06250, precision@k is 0.00000, mrr is 0.06250
---- item 551: map is 0.00435, precision@k is 0.00000, mrr is 0.00268
---- item 601: map is 0.01792, precision@k is 0.00000, mrr is 0.02326
---- item 651: map is 0.18241, precision@k is 0.09091, mrr is 0.50000
---- item 701: map is 0.41556, precision@k is 0.18182, mrr is 1.00000
[Stat]LDA_Item model, Interpolation mode item tagging: Precision@K is 0.19801, MAP is: 0.37370, MRR is: 0.74461, in top 10 tags
266 users are loaded from /home/ll5fy/TUIR/dataset/yelp/byUser_70k_review/5foldsCVColdstart/2/...
260 users are loaded from /home/ll5fy/TUIR/dataset/yelp/byUser_70k_review/5foldsCVColdstart/0/...
244 users are loaded from /home/ll5fy/TUIR/dataset/yelp/byUser_70k_review/5foldsCVColdstart/1/...
264 users are loaded from /home/ll5fy/TUIR/dataset/yelp/byUser_70k_review/5foldsCVColdstart/3/...
256 users are loaded from /home/ll5fy/TUIR/dataset/yelp/byUser_70k_review/5foldsCVColdstart/4/...
[Info]Finish loading 702 items' weights in total 156639 items!
[Info]Begin tagging 702 items with LDA_Item Interpolation............
---- item 1: map is 0.37504, precision@k is 0.09091, mrr is 1.00000
---- item 51: map is 0.22078, precision@k is 0.18182, mrr is 0.50000
---- item 101: map is 0.01644, precision@k is 0.00000, mrr is 0.02273
---- item 151: map is 0.31190, precision@k is 0.18182, mrr is 0.50000
---- item 201: map is 0.19032, precision@k is 0.09091, mrr is 1.00000
---- item 251: map is 0.23291, precision@k is 0.27273, mrr is 0.50000
---- item 301: map is 0.25009, precision@k is 0.18182, mrr is 0.50000
---- item 351: map is 0.39635, precision@k is 0.09091, mrr is 1.00000
---- item 401: map is 0.52513, precision@k is 0.27273, mrr is 1.00000
---- item 451: map is 0.62826, precision@k is 0.27273, mrr is 1.00000
---- item 501: map is 0.20220, precision@k is 0.18182, mrr is 0.50000
---- item 551: map is 0.52592, precision@k is 0.27273, mrr is 1.00000
---- item 601: map is 0.31215, precision@k is 0.27273, mrr is 0.50000
---- item 651: map is 0.43355, precision@k is 0.18182, mrr is 1.00000
---- item 701: map is 0.58333, precision@k is 0.66667, mrr is 0.50000
[Stat]LDA_Item model, Interpolation mode item tagging: Precision@K is 0.21427, MAP is: 0.38834, MRR is: 0.73499, in top 10 tags
264 users are loaded from /home/ll5fy/TUIR/dataset/yelp/byUser_70k_review/5foldsCVColdstart/3/...
260 users are loaded from /home/ll5fy/TUIR/dataset/yelp/byUser_70k_review/5foldsCVColdstart/0/...
244 users are loaded from /home/ll5fy/TUIR/dataset/yelp/byUser_70k_review/5foldsCVColdstart/1/...
266 users are loaded from /home/ll5fy/TUIR/dataset/yelp/byUser_70k_review/5foldsCVColdstart/2/...
256 users are loaded from /home/ll5fy/TUIR/dataset/yelp/byUser_70k_review/5foldsCVColdstart/4/...
[Info]Finish loading 717 items' weights in total 156639 items!
[Info]Begin tagging 717 items with LDA_Item Interpolation............
---- item 1: map is 0.67657, precision@k is 0.18182, mrr is 1.00000
---- item 51: map is 0.34778, precision@k is 0.09091, mrr is 1.00000
---- item 101: map is 0.16071, precision@k is 0.09091, mrr is 0.25000
---- item 151: map is 0.10680, precision@k is 0.09091, mrr is 0.20000
---- item 201: map is 0.21916, precision@k is 0.18182, mrr is 0.50000
---- item 251: map is 0.16958, precision@k is 0.09091, mrr is 0.33333
---- item 301: map is 0.30949, precision@k is 0.18182, mrr is 0.50000
---- item 351: map is 0.02424, precision@k is 0.00000, mrr is 0.03846
---- item 401: map is 0.00662, precision@k is 0.00000, mrr is 0.00481
---- item 451: map is 0.51389, precision@k is 0.09091, mrr is 1.00000
---- item 501: map is 1.00000, precision@k is 1.00000, mrr is 1.00000
---- item 551: map is 0.67121, precision@k is 0.18182, mrr is 1.00000
---- item 601: map is 0.17448, precision@k is 0.09091, mrr is 0.50000
---- item 651: map is 0.19809, precision@k is 0.18182, mrr is 0.50000
---- item 701: map is 0.09009, precision@k is 0.09091, mrr is 0.25000
[Stat]LDA_Item model, Interpolation mode item tagging: Precision@K is 0.20641, MAP is: 0.37655, MRR is: 0.72029, in top 10 tags
256 users are loaded from /home/ll5fy/TUIR/dataset/yelp/byUser_70k_review/5foldsCVColdstart/4/...
260 users are loaded from /home/ll5fy/TUIR/dataset/yelp/byUser_70k_review/5foldsCVColdstart/0/...
244 users are loaded from /home/ll5fy/TUIR/dataset/yelp/byUser_70k_review/5foldsCVColdstart/1/...
266 users are loaded from /home/ll5fy/TUIR/dataset/yelp/byUser_70k_review/5foldsCVColdstart/2/...
264 users are loaded from /home/ll5fy/TUIR/dataset/yelp/byUser_70k_review/5foldsCVColdstart/3/...
[Info]Finish loading 726 items' weights in total 156639 items!
[Info]Begin tagging 726 items with LDA_Item Interpolation............
---- item 1: map is 0.67638, precision@k is 0.18182, mrr is 1.00000
---- item 51: map is 0.23223, precision@k is 0.09091, mrr is 1.00000
---- item 101: map is 0.57005, precision@k is 0.18182, mrr is 1.00000
---- item 151: map is 0.34917, precision@k is 0.09091, mrr is 1.00000
---- item 201: map is 0.83333, precision@k is 0.66667, mrr is 1.00000
---- item 251: map is 0.34917, precision@k is 0.09091, mrr is 1.00000
---- item 301: map is 0.43112, precision@k is 0.18182, mrr is 1.00000
---- item 351: map is 1.00000, precision@k is 1.00000, mrr is 1.00000
---- item 401: map is 0.37184, precision@k is 0.09091, mrr is 1.00000
---- item 451: map is 0.19722, precision@k is 0.09091, mrr is 0.50000
---- item 501: map is 0.53471, precision@k is 0.18182, mrr is 1.00000
---- item 551: map is 0.54882, precision@k is 0.18182, mrr is 1.00000
---- item 601: map is 0.33420, precision@k is 0.18182, mrr is 0.50000
---- item 651: map is 0.53125, precision@k is 0.18182, mrr is 1.00000
---- item 701: map is 0.50867, precision@k is 0.18182, mrr is 1.00000
[Stat]LDA_Item model, Interpolation mode item tagging: Precision@K is 0.21871, MAP is: 0.38823, MRR is: 0.72731, in top 10 tags

[Stat]Running time (seconds) 309.74100
[Stat]MAP 0.343+/-0.077
[Stat]MRR 0.664+/-0.135
[Stat]Precision 0.194+/-0.032
