Load 6134 2-gram new features from /home/ll5fy/TUIR/dataset/yelp/yelp_features.txt...
Load 6134 2-gram new features from /home/ll5fy/TUIR/dataset/yelp/yelp_features.txt...
[Info]Start FIXED cross validation...
[Info]Load 553 tags, with 6134 features.
260 users are loaded from /home/ll5fy/TUIR/dataset/yelp/byUser_70k_review/5foldsCVColdstart/0/...
244 users are loaded from /home/ll5fy/TUIR/dataset/yelp/byUser_70k_review/5foldsCVColdstart/1/...
266 users are loaded from /home/ll5fy/TUIR/dataset/yelp/byUser_70k_review/5foldsCVColdstart/2/...
264 users are loaded from /home/ll5fy/TUIR/dataset/yelp/byUser_70k_review/5foldsCVColdstart/3/...
256 users are loaded from /home/ll5fy/TUIR/dataset/yelp/byUser_70k_review/5foldsCVColdstart/4/...
[Info]Finish loading 722 items' weights in total 156639 items!
[Info]Begin tagging 722 items with CTM Interpolation............
---- item 1: map is 0.06600, precision@k is 0.09091, mrr is 0.16667
---- item 51: map is 0.12685, precision@k is 0.09091, mrr is 0.25000
---- item 101: map is 0.08978, precision@k is 0.09091, mrr is 0.16667
---- item 151: map is 0.06830, precision@k is 0.09091, mrr is 0.16667
---- item 201: map is 0.05542, precision@k is 0.09091, mrr is 0.16667
---- item 251: map is 0.70000, precision@k is 0.40000, mrr is 1.00000
---- item 301: map is 0.06990, precision@k is 0.09091, mrr is 0.16667
---- item 351: map is 0.20228, precision@k is 0.18182, mrr is 0.50000
---- item 401: map is 0.05531, precision@k is 0.09091, mrr is 0.16667
---- item 451: map is 0.07736, precision@k is 0.09091, mrr is 0.25000
---- item 501: map is 0.06082, precision@k is 0.09091, mrr is 0.16667
---- item 551: map is 0.08720, precision@k is 0.09091, mrr is 0.25000
---- item 601: map is 0.08672, precision@k is 0.09091, mrr is 0.16667
---- item 651: map is 0.30218, precision@k is 0.18182, mrr is 0.50000
---- item 701: map is 0.08548, precision@k is 0.09091, mrr is 0.16667
[Stat]CTM model, Interpolation mode item tagging: Precision@K is 0.10013, MAP is: 0.10757, MRR is: 0.22673, in top 10 tags
244 users are loaded from /home/ll5fy/TUIR/dataset/yelp/byUser_70k_review/5foldsCVColdstart/1/...
260 users are loaded from /home/ll5fy/TUIR/dataset/yelp/byUser_70k_review/5foldsCVColdstart/0/...
266 users are loaded from /home/ll5fy/TUIR/dataset/yelp/byUser_70k_review/5foldsCVColdstart/2/...
264 users are loaded from /home/ll5fy/TUIR/dataset/yelp/byUser_70k_review/5foldsCVColdstart/3/...
256 users are loaded from /home/ll5fy/TUIR/dataset/yelp/byUser_70k_review/5foldsCVColdstart/4/...
[Info]Finish loading 732 items' weights in total 156639 items!
[Info]Begin tagging 732 items with CTM Interpolation............
---- item 1: map is 0.67038, precision@k is 0.18182, mrr is 1.00000
---- item 51: map is 0.37544, precision@k is 0.09091, mrr is 1.00000
---- item 101: map is 0.34898, precision@k is 0.09091, mrr is 1.00000
---- item 151: map is 0.42094, precision@k is 0.18182, mrr is 1.00000
---- item 201: map is 0.51961, precision@k is 0.09091, mrr is 1.00000
---- item 251: map is 0.52703, precision@k is 0.09091, mrr is 1.00000
---- item 301: map is 0.38745, precision@k is 0.09091, mrr is 1.00000
---- item 351: map is 0.50595, precision@k is 0.09091, mrr is 1.00000
---- item 401: map is 0.34094, precision@k is 0.09091, mrr is 1.00000
---- item 451: map is 0.23683, precision@k is 0.09091, mrr is 1.00000
---- item 501: map is 0.01220, precision@k is 0.00000, mrr is 0.01220
---- item 551: map is 0.00419, precision@k is 0.00000, mrr is 0.00282
---- item 601: map is 0.01743, precision@k is 0.00000, mrr is 0.02439
---- item 651: map is 0.17702, precision@k is 0.09091, mrr is 0.50000
---- item 701: map is 0.23070, precision@k is 0.09091, mrr is 1.00000
[Stat]CTM model, Interpolation mode item tagging: Precision@K is 0.14822, MAP is: 0.33968, MRR is: 0.78188, in top 10 tags
266 users are loaded from /home/ll5fy/TUIR/dataset/yelp/byUser_70k_review/5foldsCVColdstart/2/...
260 users are loaded from /home/ll5fy/TUIR/dataset/yelp/byUser_70k_review/5foldsCVColdstart/0/...
244 users are loaded from /home/ll5fy/TUIR/dataset/yelp/byUser_70k_review/5foldsCVColdstart/1/...
264 users are loaded from /home/ll5fy/TUIR/dataset/yelp/byUser_70k_review/5foldsCVColdstart/3/...
256 users are loaded from /home/ll5fy/TUIR/dataset/yelp/byUser_70k_review/5foldsCVColdstart/4/...
[Info]Finish loading 702 items' weights in total 156639 items!
[Info]Begin tagging 702 items with CTM Interpolation............
---- item 1: map is 0.36062, precision@k is 0.09091, mrr is 1.00000
---- item 51: map is 0.05163, precision@k is 0.00000, mrr is 0.07143
---- item 101: map is 0.00526, precision@k is 0.00000, mrr is 0.00524
---- item 151: map is 0.30427, precision@k is 0.18182, mrr is 0.50000
---- item 201: map is 0.19905, precision@k is 0.18182, mrr is 1.00000
---- item 251: map is 0.09820, precision@k is 0.09091, mrr is 0.33333
---- item 301: map is 0.35261, precision@k is 0.09091, mrr is 1.00000
---- item 351: map is 0.34588, precision@k is 0.09091, mrr is 1.00000
---- item 401: map is 0.25060, precision@k is 0.18182, mrr is 1.00000
---- item 451: map is 0.63071, precision@k is 0.27273, mrr is 1.00000
---- item 501: map is 0.04663, precision@k is 0.00000, mrr is 0.05882
---- item 551: map is 0.26315, precision@k is 0.09091, mrr is 1.00000
---- item 601: map is 0.15325, precision@k is 0.18182, mrr is 0.25000
---- item 651: map is 0.40518, precision@k is 0.18182, mrr is 1.00000
---- item 701: map is 0.52857, precision@k is 0.09091, mrr is 1.00000
[Stat]CTM model, Interpolation mode item tagging: Precision@K is 0.15686, MAP is: 0.33922, MRR is: 0.75795, in top 10 tags
264 users are loaded from /home/ll5fy/TUIR/dataset/yelp/byUser_70k_review/5foldsCVColdstart/3/...
260 users are loaded from /home/ll5fy/TUIR/dataset/yelp/byUser_70k_review/5foldsCVColdstart/0/...
244 users are loaded from /home/ll5fy/TUIR/dataset/yelp/byUser_70k_review/5foldsCVColdstart/1/...
266 users are loaded from /home/ll5fy/TUIR/dataset/yelp/byUser_70k_review/5foldsCVColdstart/2/...
256 users are loaded from /home/ll5fy/TUIR/dataset/yelp/byUser_70k_review/5foldsCVColdstart/4/...
[Info]Finish loading 717 items' weights in total 156639 items!
[Info]Begin tagging 717 items with CTM Interpolation............
---- item 1: map is 0.67778, precision@k is 0.18182, mrr is 1.00000
---- item 51: map is 0.35310, precision@k is 0.09091, mrr is 1.00000
---- item 101: map is 0.51266, precision@k is 0.09091, mrr is 1.00000
---- item 151: map is 0.25885, precision@k is 0.09091, mrr is 0.50000
---- item 201: map is 0.05116, precision@k is 0.00000, mrr is 0.07143
---- item 251: map is 0.25283, precision@k is 0.09091, mrr is 0.50000
---- item 301: map is 0.16094, precision@k is 0.09091, mrr is 0.50000
---- item 351: map is 0.02544, precision@k is 0.00000, mrr is 0.02083
---- item 401: map is 0.00707, precision@k is 0.00000, mrr is 0.00645
---- item 451: map is 0.51235, precision@k is 0.09091, mrr is 1.00000
---- item 501: map is 1.00000, precision@k is 1.00000, mrr is 1.00000
---- item 551: map is 0.50346, precision@k is 0.18182, mrr is 1.00000
---- item 601: map is 0.34270, precision@k is 0.09091, mrr is 1.00000
---- item 651: map is 0.06113, precision@k is 0.09091, mrr is 0.14286
---- item 701: map is 0.02147, precision@k is 0.00000, mrr is 0.01639
[Stat]CTM model, Interpolation mode item tagging: Precision@K is 0.17701, MAP is: 0.35376, MRR is: 0.76327, in top 10 tags
256 users are loaded from /home/ll5fy/TUIR/dataset/yelp/byUser_70k_review/5foldsCVColdstart/4/...
260 users are loaded from /home/ll5fy/TUIR/dataset/yelp/byUser_70k_review/5foldsCVColdstart/0/...
244 users are loaded from /home/ll5fy/TUIR/dataset/yelp/byUser_70k_review/5foldsCVColdstart/1/...
266 users are loaded from /home/ll5fy/TUIR/dataset/yelp/byUser_70k_review/5foldsCVColdstart/2/...
264 users are loaded from /home/ll5fy/TUIR/dataset/yelp/byUser_70k_review/5foldsCVColdstart/3/...
[Info]Finish loading 726 items' weights in total 156639 items!
[Info]Begin tagging 726 items with CTM Interpolation............
---- item 1: map is 0.66969, precision@k is 0.18182, mrr is 1.00000
---- item 51: map is 0.22308, precision@k is 0.09091, mrr is 1.00000
---- item 101: map is 0.40530, precision@k is 0.09091, mrr is 1.00000
---- item 151: map is 0.34935, precision@k is 0.09091, mrr is 1.00000
---- item 201: map is 1.00000, precision@k is 1.00000, mrr is 1.00000
---- item 251: map is 0.34935, precision@k is 0.09091, mrr is 1.00000
---- item 301: map is 0.36180, precision@k is 0.09091, mrr is 1.00000
---- item 351: map is 0.07692, precision@k is 0.00000, mrr is 0.07692
---- item 401: map is 0.35500, precision@k is 0.09091, mrr is 1.00000
---- item 451: map is 0.18316, precision@k is 0.09091, mrr is 0.50000
---- item 501: map is 0.51717, precision@k is 0.18182, mrr is 1.00000
---- item 551: map is 0.51613, precision@k is 0.18182, mrr is 1.00000
---- item 601: map is 0.46243, precision@k is 0.18182, mrr is 1.00000
---- item 651: map is 0.51235, precision@k is 0.18182, mrr is 1.00000
---- item 701: map is 0.50885, precision@k is 0.18182, mrr is 1.00000
[Stat]CTM model, Interpolation mode item tagging: Precision@K is 0.17465, MAP is: 0.35248, MRR is: 0.74635, in top 10 tags

[Stat]Running time (seconds) 304.72400
[Stat]MAP 0.299+/-0.096
[Stat]MRR 0.655+/-0.215
[Stat]Precision 0.151+/-0.028
