Load 6134 2-gram new features from /home/ll5fy/TUIR/dataset/yelp/yelp_features.txt...
Load 6134 2-gram new features from /home/ll5fy/TUIR/dataset/yelp/yelp_features.txt...
[Info]Start FIXED cross validation...
[Info]Load 553 tags, with 6134 features.
260 users are loaded from /home/ll5fy/TUIR/dataset/yelp/byUser_70k_review/5foldsCVColdstart/0/...
244 users are loaded from /home/ll5fy/TUIR/dataset/yelp/byUser_70k_review/5foldsCVColdstart/1/...
266 users are loaded from /home/ll5fy/TUIR/dataset/yelp/byUser_70k_review/5foldsCVColdstart/2/...
264 users are loaded from /home/ll5fy/TUIR/dataset/yelp/byUser_70k_review/5foldsCVColdstart/3/...
256 users are loaded from /home/ll5fy/TUIR/dataset/yelp/byUser_70k_review/5foldsCVColdstart/4/...
[Info]Finish loading 722 items' weights in total 156639 items!
[Info]Begin tagging 722 items with LDA_User Interpolation............
---- item 1: map is 0.28502, precision@k is 0.18182, mrr is 0.50000
---- item 51: map is 0.10190, precision@k is 0.09091, mrr is 0.20000
---- item 101: map is 0.10508, precision@k is 0.09091, mrr is 0.20000
---- item 151: map is 0.08472, precision@k is 0.09091, mrr is 0.20000
---- item 201: map is 0.34158, precision@k is 0.18182, mrr is 1.00000
---- item 251: map is 0.66667, precision@k is 0.33333, mrr is 1.00000
---- item 301: map is 0.07965, precision@k is 0.09091, mrr is 0.20000
---- item 351: map is 0.33864, precision@k is 0.18182, mrr is 1.00000
---- item 401: map is 0.06012, precision@k is 0.09091, mrr is 0.16667
---- item 451: map is 0.07357, precision@k is 0.09091, mrr is 0.20000
---- item 501: map is 0.07222, precision@k is 0.09091, mrr is 0.20000
---- item 551: map is 0.07322, precision@k is 0.09091, mrr is 0.20000
---- item 601: map is 0.10893, precision@k is 0.09091, mrr is 0.20000
---- item 651: map is 0.22996, precision@k is 0.18182, mrr is 0.50000
---- item 701: map is 0.10592, precision@k is 0.09091, mrr is 0.20000
[Stat]LDA_User model, Interpolation mode item tagging: Precision@K is 0.10432, MAP is: 0.12422, MRR is: 0.26172, in top 10 tags
244 users are loaded from /home/ll5fy/TUIR/dataset/yelp/byUser_70k_review/5foldsCVColdstart/1/...
260 users are loaded from /home/ll5fy/TUIR/dataset/yelp/byUser_70k_review/5foldsCVColdstart/0/...
266 users are loaded from /home/ll5fy/TUIR/dataset/yelp/byUser_70k_review/5foldsCVColdstart/2/...
264 users are loaded from /home/ll5fy/TUIR/dataset/yelp/byUser_70k_review/5foldsCVColdstart/3/...
256 users are loaded from /home/ll5fy/TUIR/dataset/yelp/byUser_70k_review/5foldsCVColdstart/4/...
[Info]Finish loading 732 items' weights in total 156639 items!
[Info]Begin tagging 732 items with LDA_User Interpolation............
---- item 1: map is 0.67742, precision@k is 0.18182, mrr is 1.00000
---- item 51: map is 0.35814, precision@k is 0.09091, mrr is 1.00000
---- item 101: map is 0.39362, precision@k is 0.09091, mrr is 1.00000
---- item 151: map is 0.44164, precision@k is 0.18182, mrr is 1.00000
---- item 201: map is 0.56667, precision@k is 0.09091, mrr is 1.00000
---- item 251: map is 0.54000, precision@k is 0.09091, mrr is 1.00000
---- item 301: map is 0.41931, precision@k is 0.18182, mrr is 1.00000
---- item 351: map is 0.51111, precision@k is 0.09091, mrr is 1.00000
---- item 401: map is 0.34617, precision@k is 0.09091, mrr is 1.00000
---- item 451: map is 0.23792, precision@k is 0.09091, mrr is 1.00000
---- item 501: map is 0.01282, precision@k is 0.00000, mrr is 0.01282
---- item 551: map is 0.00434, precision@k is 0.00000, mrr is 0.00263
---- item 601: map is 0.01767, precision@k is 0.00000, mrr is 0.02564
---- item 651: map is 0.18028, precision@k is 0.09091, mrr is 0.50000
---- item 701: map is 0.25478, precision@k is 0.18182, mrr is 1.00000
[Stat]LDA_User model, Interpolation mode item tagging: Precision@K is 0.15222, MAP is: 0.34679, MRR is: 0.77561, in top 10 tags
266 users are loaded from /home/ll5fy/TUIR/dataset/yelp/byUser_70k_review/5foldsCVColdstart/2/...
260 users are loaded from /home/ll5fy/TUIR/dataset/yelp/byUser_70k_review/5foldsCVColdstart/0/...
244 users are loaded from /home/ll5fy/TUIR/dataset/yelp/byUser_70k_review/5foldsCVColdstart/1/...
264 users are loaded from /home/ll5fy/TUIR/dataset/yelp/byUser_70k_review/5foldsCVColdstart/3/...
256 users are loaded from /home/ll5fy/TUIR/dataset/yelp/byUser_70k_review/5foldsCVColdstart/4/...
[Info]Finish loading 702 items' weights in total 156639 items!
[Info]Begin tagging 702 items with LDA_User Interpolation............
---- item 1: map is 0.34782, precision@k is 0.09091, mrr is 1.00000
---- item 51: map is 0.07635, precision@k is 0.09091, mrr is 0.14286
---- item 101: map is 0.00548, precision@k is 0.00000, mrr is 0.00474
---- item 151: map is 0.31208, precision@k is 0.18182, mrr is 0.50000
---- item 201: map is 0.19897, precision@k is 0.09091, mrr is 1.00000
---- item 251: map is 0.11477, precision@k is 0.18182, mrr is 0.33333
---- item 301: map is 0.35507, precision@k is 0.09091, mrr is 1.00000
---- item 351: map is 0.37907, precision@k is 0.09091, mrr is 1.00000
---- item 401: map is 0.27601, precision@k is 0.18182, mrr is 1.00000
---- item 451: map is 0.59937, precision@k is 0.27273, mrr is 1.00000
---- item 501: map is 0.07272, precision@k is 0.09091, mrr is 0.11111
---- item 551: map is 0.29138, precision@k is 0.09091, mrr is 1.00000
---- item 601: map is 0.20111, precision@k is 0.18182, mrr is 0.50000
---- item 651: map is 0.21104, precision@k is 0.18182, mrr is 0.33333
---- item 701: map is 0.54348, precision@k is 0.09091, mrr is 1.00000
[Stat]LDA_User model, Interpolation mode item tagging: Precision@K is 0.16449, MAP is: 0.34556, MRR is: 0.76095, in top 10 tags
264 users are loaded from /home/ll5fy/TUIR/dataset/yelp/byUser_70k_review/5foldsCVColdstart/3/...
260 users are loaded from /home/ll5fy/TUIR/dataset/yelp/byUser_70k_review/5foldsCVColdstart/0/...
244 users are loaded from /home/ll5fy/TUIR/dataset/yelp/byUser_70k_review/5foldsCVColdstart/1/...
266 users are loaded from /home/ll5fy/TUIR/dataset/yelp/byUser_70k_review/5foldsCVColdstart/2/...
256 users are loaded from /home/ll5fy/TUIR/dataset/yelp/byUser_70k_review/5foldsCVColdstart/4/...
[Info]Finish loading 717 items' weights in total 156639 items!
[Info]Begin tagging 717 items with LDA_User Interpolation............
---- item 1: map is 0.67568, precision@k is 0.18182, mrr is 1.00000
---- item 51: map is 0.34653, precision@k is 0.09091, mrr is 1.00000
---- item 101: map is 0.26667, precision@k is 0.09091, mrr is 0.50000
---- item 151: map is 0.25719, precision@k is 0.09091, mrr is 0.50000
---- item 201: map is 0.04166, precision@k is 0.00000, mrr is 0.05882
---- item 251: map is 0.25239, precision@k is 0.09091, mrr is 0.50000
---- item 301: map is 0.17560, precision@k is 0.09091, mrr is 0.50000
---- item 351: map is 0.02062, precision@k is 0.00000, mrr is 0.02174
---- item 401: map is 0.00662, precision@k is 0.00000, mrr is 0.00495
---- item 451: map is 0.50980, precision@k is 0.09091, mrr is 1.00000
---- item 501: map is 1.00000, precision@k is 1.00000, mrr is 1.00000
---- item 551: map is 0.50383, precision@k is 0.18182, mrr is 1.00000
---- item 601: map is 0.34211, precision@k is 0.09091, mrr is 1.00000
---- item 651: map is 0.04691, precision@k is 0.09091, mrr is 0.10000
---- item 701: map is 0.01787, precision@k is 0.00000, mrr is 0.01111
[Stat]LDA_User model, Interpolation mode item tagging: Precision@K is 0.18060, MAP is: 0.36204, MRR is: 0.76688, in top 10 tags
256 users are loaded from /home/ll5fy/TUIR/dataset/yelp/byUser_70k_review/5foldsCVColdstart/4/...
260 users are loaded from /home/ll5fy/TUIR/dataset/yelp/byUser_70k_review/5foldsCVColdstart/0/...
244 users are loaded from /home/ll5fy/TUIR/dataset/yelp/byUser_70k_review/5foldsCVColdstart/1/...
266 users are loaded from /home/ll5fy/TUIR/dataset/yelp/byUser_70k_review/5foldsCVColdstart/2/...
264 users are loaded from /home/ll5fy/TUIR/dataset/yelp/byUser_70k_review/5foldsCVColdstart/3/...
[Info]Finish loading 726 items' weights in total 156639 items!
[Info]Begin tagging 726 items with LDA_User Interpolation............
---- item 1: map is 0.67560, precision@k is 0.18182, mrr is 1.00000
---- item 51: map is 0.22831, precision@k is 0.09091, mrr is 1.00000
---- item 101: map is 0.36869, precision@k is 0.09091, mrr is 1.00000
---- item 151: map is 0.34804, precision@k is 0.09091, mrr is 1.00000
---- item 201: map is 1.00000, precision@k is 1.00000, mrr is 1.00000
---- item 251: map is 0.34804, precision@k is 0.09091, mrr is 1.00000
---- item 301: map is 0.41013, precision@k is 0.18182, mrr is 1.00000
---- item 351: map is 0.04348, precision@k is 0.00000, mrr is 0.04348
---- item 401: map is 0.36410, precision@k is 0.09091, mrr is 1.00000
---- item 451: map is 0.19786, precision@k is 0.09091, mrr is 0.50000
---- item 501: map is 0.52423, precision@k is 0.18182, mrr is 1.00000
---- item 551: map is 0.52885, precision@k is 0.18182, mrr is 1.00000
---- item 601: map is 0.32045, precision@k is 0.18182, mrr is 0.50000
---- item 651: map is 0.52500, precision@k is 0.18182, mrr is 1.00000
---- item 701: map is 0.50861, precision@k is 0.18182, mrr is 1.00000
[Stat]LDA_User model, Interpolation mode item tagging: Precision@K is 0.18245, MAP is: 0.37004, MRR is: 0.76597, in top 10 tags

[Stat]Running time (seconds) 310.23600
[Stat]MAP 0.310+/-0.093
[Stat]MRR 0.666+/-0.202
[Stat]Precision 0.157+/-0.028
