Load 6134 2-gram new features from /home/ll5fy/TUIR/dataset/yelp/yelp_features.txt...
Load 6134 2-gram new features from /home/ll5fy/TUIR/dataset/yelp/yelp_features.txt...
[Info]Start FIXED cross validation...
[Info]Load 553 tags, with 6134 features.
260 users are loaded from /home/ll5fy/TUIR/dataset/yelp/byUser_70k_review/5foldsCVColdstart/0/...
244 users are loaded from /home/ll5fy/TUIR/dataset/yelp/byUser_70k_review/5foldsCVColdstart/1/...
266 users are loaded from /home/ll5fy/TUIR/dataset/yelp/byUser_70k_review/5foldsCVColdstart/2/...
264 users are loaded from /home/ll5fy/TUIR/dataset/yelp/byUser_70k_review/5foldsCVColdstart/3/...
256 users are loaded from /home/ll5fy/TUIR/dataset/yelp/byUser_70k_review/5foldsCVColdstart/4/...
[Info]Finish loading 861 items' weights in total 156639 items!
[Info]Begin tagging 861 items with ETBIR_Item Interpolation............
---- item 1: map is 0.34422, precision@k is 0.09091, mrr is 1.00000
---- item 51: map is 0.53038, precision@k is 0.18182, mrr is 1.00000
---- item 101: map is 1.00000, precision@k is 1.00000, mrr is 1.00000
---- item 151: map is 0.36177, precision@k is 0.09091, mrr is 1.00000
---- item 201: map is 0.34354, precision@k is 0.09091, mrr is 1.00000
---- item 251: map is 0.01509, precision@k is 0.00000, mrr is 0.01515
---- item 301: map is 0.26400, precision@k is 0.09091, mrr is 1.00000
---- item 351: map is 0.51220, precision@k is 0.09091, mrr is 1.00000
---- item 401: map is 0.10524, precision@k is 0.09091, mrr is 0.33333
---- item 451: map is 0.43056, precision@k is 0.09091, mrr is 1.00000
---- item 501: map is 0.02828, precision@k is 0.00000, mrr is 0.04167
---- item 551: map is 1.00000, precision@k is 1.00000, mrr is 1.00000
---- item 601: map is 0.03273, precision@k is 0.00000, mrr is 0.03448
---- item 651: map is 0.02406, precision@k is 0.00000, mrr is 0.03704
---- item 701: map is 0.34250, precision@k is 0.09091, mrr is 1.00000
---- item 751: map is 0.00448, precision@k is 0.00000, mrr is 0.00313
---- item 801: map is 0.34787, precision@k is 0.09091, mrr is 1.00000
---- item 851: map is 0.04700, precision@k is 0.00000, mrr is 0.07692
[Stat]ETBIR_Item model, Interpolation mode item tagging: Precision@K is 0.15665, MAP is: 0.33894, MRR is: 0.76714, in top 10 tags
244 users are loaded from /home/ll5fy/TUIR/dataset/yelp/byUser_70k_review/5foldsCVColdstart/1/...
260 users are loaded from /home/ll5fy/TUIR/dataset/yelp/byUser_70k_review/5foldsCVColdstart/0/...
266 users are loaded from /home/ll5fy/TUIR/dataset/yelp/byUser_70k_review/5foldsCVColdstart/2/...
264 users are loaded from /home/ll5fy/TUIR/dataset/yelp/byUser_70k_review/5foldsCVColdstart/3/...
256 users are loaded from /home/ll5fy/TUIR/dataset/yelp/byUser_70k_review/5foldsCVColdstart/4/...
[Info]Finish loading 861 items' weights in total 156639 items!
[Info]Begin tagging 861 items with ETBIR_Item Interpolation............
---- item 1: map is 0.34304, precision@k is 0.09091, mrr is 1.00000
---- item 51: map is 0.52766, precision@k is 0.18182, mrr is 1.00000
---- item 101: map is 1.00000, precision@k is 1.00000, mrr is 1.00000
---- item 151: map is 0.19906, precision@k is 0.09091, mrr is 0.50000
---- item 201: map is 0.34333, precision@k is 0.09091, mrr is 1.00000
---- item 251: map is 0.05708, precision@k is 0.00000, mrr is 0.09091
---- item 301: map is 0.50502, precision@k is 0.18182, mrr is 1.00000
---- item 351: map is 0.51923, precision@k is 0.09091, mrr is 1.00000
---- item 401: map is 0.19547, precision@k is 0.18182, mrr is 0.50000
---- item 451: map is 0.73333, precision@k is 0.18182, mrr is 1.00000
---- item 501: map is 0.02671, precision@k is 0.00000, mrr is 0.03333
---- item 551: map is 1.00000, precision@k is 1.00000, mrr is 1.00000
---- item 601: map is 0.32893, precision@k is 0.18182, mrr is 1.00000
---- item 651: map is 0.02955, precision@k is 0.00000, mrr is 0.06667
---- item 701: map is 0.17478, precision@k is 0.09091, mrr is 0.50000
---- item 751: map is 0.00462, precision@k is 0.00000, mrr is 0.00288
---- item 801: map is 0.34888, precision@k is 0.09091, mrr is 1.00000
---- item 851: map is 0.06838, precision@k is 0.09091, mrr is 0.20000
[Stat]ETBIR_Item model, Interpolation mode item tagging: Precision@K is 0.19303, MAP is: 0.37032, MRR is: 0.76505, in top 10 tags
266 users are loaded from /home/ll5fy/TUIR/dataset/yelp/byUser_70k_review/5foldsCVColdstart/2/...
260 users are loaded from /home/ll5fy/TUIR/dataset/yelp/byUser_70k_review/5foldsCVColdstart/0/...
244 users are loaded from /home/ll5fy/TUIR/dataset/yelp/byUser_70k_review/5foldsCVColdstart/1/...
264 users are loaded from /home/ll5fy/TUIR/dataset/yelp/byUser_70k_review/5foldsCVColdstart/3/...
256 users are loaded from /home/ll5fy/TUIR/dataset/yelp/byUser_70k_review/5foldsCVColdstart/4/...
[Info]Finish loading 861 items' weights in total 156639 items!
[Info]Begin tagging 861 items with ETBIR_Item Interpolation............
---- item 1: map is 0.35329, precision@k is 0.09091, mrr is 1.00000
---- item 51: map is 0.53482, precision@k is 0.18182, mrr is 1.00000
---- item 101: map is 1.00000, precision@k is 1.00000, mrr is 1.00000
---- item 151: map is 0.19892, precision@k is 0.09091, mrr is 0.50000
---- item 201: map is 0.34423, precision@k is 0.09091, mrr is 1.00000
---- item 251: map is 0.07120, precision@k is 0.09091, mrr is 0.12500
---- item 301: map is 0.50488, precision@k is 0.18182, mrr is 1.00000
---- item 351: map is 0.52326, precision@k is 0.09091, mrr is 1.00000
---- item 401: map is 0.23077, precision@k is 0.18182, mrr is 0.50000
---- item 451: map is 0.61806, precision@k is 0.18182, mrr is 1.00000
---- item 501: map is 0.34917, precision@k is 0.09091, mrr is 1.00000
---- item 551: map is 1.00000, precision@k is 1.00000, mrr is 1.00000
---- item 601: map is 0.43620, precision@k is 0.18182, mrr is 1.00000
---- item 651: map is 0.03523, precision@k is 0.09091, mrr is 0.10000
---- item 701: map is 0.17425, precision@k is 0.09091, mrr is 0.50000
---- item 751: map is 0.00451, precision@k is 0.00000, mrr is 0.00299
---- item 801: map is 0.35883, precision@k is 0.09091, mrr is 1.00000
---- item 851: map is 0.09306, precision@k is 0.09091, mrr is 0.25000
[Stat]ETBIR_Item model, Interpolation mode item tagging: Precision@K is 0.20219, MAP is: 0.37363, MRR is: 0.74557, in top 10 tags
264 users are loaded from /home/ll5fy/TUIR/dataset/yelp/byUser_70k_review/5foldsCVColdstart/3/...
260 users are loaded from /home/ll5fy/TUIR/dataset/yelp/byUser_70k_review/5foldsCVColdstart/0/...
244 users are loaded from /home/ll5fy/TUIR/dataset/yelp/byUser_70k_review/5foldsCVColdstart/1/...
266 users are loaded from /home/ll5fy/TUIR/dataset/yelp/byUser_70k_review/5foldsCVColdstart/2/...
256 users are loaded from /home/ll5fy/TUIR/dataset/yelp/byUser_70k_review/5foldsCVColdstart/4/...
[Info]Finish loading 861 items' weights in total 156639 items!
[Info]Begin tagging 861 items with ETBIR_Item Interpolation............
---- item 1: map is 0.34935, precision@k is 0.09091, mrr is 1.00000
---- item 51: map is 0.53038, precision@k is 0.18182, mrr is 1.00000
---- item 101: map is 1.00000, precision@k is 1.00000, mrr is 1.00000
---- item 151: map is 0.20326, precision@k is 0.09091, mrr is 0.50000
---- item 201: map is 0.34384, precision@k is 0.09091, mrr is 1.00000
---- item 251: map is 0.50455, precision@k is 0.09091, mrr is 1.00000
---- item 301: map is 0.50484, precision@k is 0.18182, mrr is 1.00000
---- item 351: map is 0.53030, precision@k is 0.09091, mrr is 1.00000
---- item 401: map is 0.24019, precision@k is 0.18182, mrr is 0.50000
---- item 451: map is 0.56790, precision@k is 0.18182, mrr is 1.00000
---- item 501: map is 0.34751, precision@k is 0.09091, mrr is 1.00000
---- item 551: map is 1.00000, precision@k is 1.00000, mrr is 1.00000
---- item 601: map is 0.43704, precision@k is 0.18182, mrr is 1.00000
---- item 651: map is 0.03366, precision@k is 0.00000, mrr is 0.07692
---- item 701: map is 0.17717, precision@k is 0.09091, mrr is 0.50000
---- item 751: map is 0.00441, precision@k is 0.00000, mrr is 0.00291
---- item 801: map is 0.35335, precision@k is 0.09091, mrr is 1.00000
---- item 851: map is 0.07910, precision@k is 0.09091, mrr is 0.25000
[Stat]ETBIR_Item model, Interpolation mode item tagging: Precision@K is 0.21128, MAP is: 0.38118, MRR is: 0.73610, in top 10 tags
256 users are loaded from /home/ll5fy/TUIR/dataset/yelp/byUser_70k_review/5foldsCVColdstart/4/...
260 users are loaded from /home/ll5fy/TUIR/dataset/yelp/byUser_70k_review/5foldsCVColdstart/0/...
244 users are loaded from /home/ll5fy/TUIR/dataset/yelp/byUser_70k_review/5foldsCVColdstart/1/...
266 users are loaded from /home/ll5fy/TUIR/dataset/yelp/byUser_70k_review/5foldsCVColdstart/2/...
264 users are loaded from /home/ll5fy/TUIR/dataset/yelp/byUser_70k_review/5foldsCVColdstart/3/...
[Info]Finish loading 861 items' weights in total 156639 items!
[Info]Begin tagging 861 items with ETBIR_Item Interpolation............
---- item 1: map is 0.63079, precision@k is 0.27273, mrr is 1.00000
---- item 51: map is 0.52260, precision@k is 0.18182, mrr is 1.00000
---- item 101: map is 0.83333, precision@k is 0.66667, mrr is 1.00000
---- item 151: map is 0.48485, precision@k is 0.27273, mrr is 1.00000
---- item 201: map is 0.34634, precision@k is 0.09091, mrr is 1.00000
---- item 251: map is 0.11075, precision@k is 0.09091, mrr is 0.20000
---- item 301: map is 0.50537, precision@k is 0.18182, mrr is 1.00000
---- item 351: map is 0.53333, precision@k is 0.09091, mrr is 1.00000
---- item 401: map is 0.29222, precision@k is 0.18182, mrr is 0.50000
---- item 451: map is 0.51351, precision@k is 0.18182, mrr is 1.00000
---- item 501: map is 0.34687, precision@k is 0.09091, mrr is 1.00000
---- item 551: map is 1.00000, precision@k is 1.00000, mrr is 1.00000
---- item 601: map is 0.43746, precision@k is 0.18182, mrr is 1.00000
---- item 651: map is 0.03452, precision@k is 0.09091, mrr is 0.10000
---- item 701: map is 0.17488, precision@k is 0.09091, mrr is 0.50000
---- item 751: map is 0.00455, precision@k is 0.00000, mrr is 0.00311
---- item 801: map is 0.35893, precision@k is 0.09091, mrr is 1.00000
---- item 851: map is 0.08771, precision@k is 0.09091, mrr is 0.25000
[Stat]ETBIR_Item model, Interpolation mode item tagging: Precision@K is 0.21572, MAP is: 0.37995, MRR is: 0.72620, in top 10 tags

[Stat]Running time (seconds) 363.57200
[Stat]MAP 0.369+/-0.015
[Stat]MRR 0.748+/-0.016
[Stat]Precision 0.196+/-0.021
