Load 6134 2-gram new features from /home/ll5fy/TUIR/dataset/yelp/yelp_features.txt...
Load 6134 2-gram new features from /home/ll5fy/TUIR/dataset/yelp/yelp_features.txt...
[Info]Start FIXED cross validation...
[Info]Load 553 tags, with 6134 features.
260 users are loaded from /home/ll5fy/TUIR/dataset/yelp/byUser_70k_review/5foldsCVColdstart/0/...
244 users are loaded from /home/ll5fy/TUIR/dataset/yelp/byUser_70k_review/5foldsCVColdstart/1/...
266 users are loaded from /home/ll5fy/TUIR/dataset/yelp/byUser_70k_review/5foldsCVColdstart/2/...
264 users are loaded from /home/ll5fy/TUIR/dataset/yelp/byUser_70k_review/5foldsCVColdstart/3/...
256 users are loaded from /home/ll5fy/TUIR/dataset/yelp/byUser_70k_review/5foldsCVColdstart/4/...
[Info]Finish loading 861 items' weights in total 156639 items!
[Info]Begin tagging 861 items with ETBIR Interpolation............
---- item 1: map is 0.44656, precision@k is 0.18182, mrr is 1.00000
---- item 51: map is 0.55534, precision@k is 0.18182, mrr is 1.00000
---- item 101: map is 0.83333, precision@k is 0.66667, mrr is 1.00000
---- item 151: map is 0.20784, precision@k is 0.09091, mrr is 0.50000
---- item 201: map is 0.34471, precision@k is 0.09091, mrr is 1.00000
---- item 251: map is 0.13663, precision@k is 0.09091, mrr is 0.25000
---- item 301: map is 0.50543, precision@k is 0.18182, mrr is 1.00000
---- item 351: map is 0.52632, precision@k is 0.09091, mrr is 1.00000
---- item 401: map is 0.13331, precision@k is 0.09091, mrr is 0.50000
---- item 451: map is 0.57778, precision@k is 0.18182, mrr is 1.00000
---- item 501: map is 0.34497, precision@k is 0.09091, mrr is 1.00000
---- item 551: map is 0.75000, precision@k is 0.50000, mrr is 1.00000
---- item 601: map is 0.02294, precision@k is 0.00000, mrr is 0.01786
---- item 651: map is 0.02950, precision@k is 0.00000, mrr is 0.05556
---- item 701: map is 0.34445, precision@k is 0.09091, mrr is 1.00000
---- item 751: map is 0.00435, precision@k is 0.00000, mrr is 0.00280
---- item 801: map is 0.37266, precision@k is 0.09091, mrr is 1.00000
---- item 851: map is 0.08214, precision@k is 0.09091, mrr is 0.25000
[Stat]ETBIR model, Interpolation mode item tagging: Precision@K is 0.20728, MAP is: 0.36966, MRR is: 0.71163, in top 10 tags
244 users are loaded from /home/ll5fy/TUIR/dataset/yelp/byUser_70k_review/5foldsCVColdstart/1/...
260 users are loaded from /home/ll5fy/TUIR/dataset/yelp/byUser_70k_review/5foldsCVColdstart/0/...
266 users are loaded from /home/ll5fy/TUIR/dataset/yelp/byUser_70k_review/5foldsCVColdstart/2/...
264 users are loaded from /home/ll5fy/TUIR/dataset/yelp/byUser_70k_review/5foldsCVColdstart/3/...
256 users are loaded from /home/ll5fy/TUIR/dataset/yelp/byUser_70k_review/5foldsCVColdstart/4/...
[Info]Finish loading 861 items' weights in total 156639 items!
[Info]Begin tagging 861 items with ETBIR Interpolation............
---- item 1: map is 0.43057, precision@k is 0.18182, mrr is 1.00000
---- item 51: map is 0.42201, precision@k is 0.18182, mrr is 1.00000
---- item 101: map is 0.83333, precision@k is 0.66667, mrr is 1.00000
---- item 151: map is 0.16512, precision@k is 0.09091, mrr is 0.33333
---- item 201: map is 0.34412, precision@k is 0.09091, mrr is 1.00000
---- item 251: map is 0.15357, precision@k is 0.09091, mrr is 0.25000
---- item 301: map is 0.50572, precision@k is 0.18182, mrr is 1.00000
---- item 351: map is 0.53704, precision@k is 0.09091, mrr is 1.00000
---- item 401: map is 0.28223, precision@k is 0.27273, mrr is 0.50000
---- item 451: map is 0.57828, precision@k is 0.18182, mrr is 1.00000
---- item 501: map is 0.34590, precision@k is 0.09091, mrr is 1.00000
---- item 551: map is 0.75000, precision@k is 0.50000, mrr is 1.00000
---- item 601: map is 0.43382, precision@k is 0.18182, mrr is 1.00000
---- item 651: map is 0.02831, precision@k is 0.00000, mrr is 0.05556
---- item 701: map is 0.17826, precision@k is 0.09091, mrr is 0.50000
---- item 751: map is 0.00439, precision@k is 0.00000, mrr is 0.00279
---- item 801: map is 0.39608, precision@k is 0.09091, mrr is 1.00000
---- item 851: map is 0.10424, precision@k is 0.09091, mrr is 0.33333
[Stat]ETBIR model, Interpolation mode item tagging: Precision@K is 0.22020, MAP is: 0.37555, MRR is: 0.68342, in top 10 tags
266 users are loaded from /home/ll5fy/TUIR/dataset/yelp/byUser_70k_review/5foldsCVColdstart/2/...
260 users are loaded from /home/ll5fy/TUIR/dataset/yelp/byUser_70k_review/5foldsCVColdstart/0/...
244 users are loaded from /home/ll5fy/TUIR/dataset/yelp/byUser_70k_review/5foldsCVColdstart/1/...
264 users are loaded from /home/ll5fy/TUIR/dataset/yelp/byUser_70k_review/5foldsCVColdstart/3/...
256 users are loaded from /home/ll5fy/TUIR/dataset/yelp/byUser_70k_review/5foldsCVColdstart/4/...
[Info]Finish loading 861 items' weights in total 156639 items!
[Info]Begin tagging 861 items with ETBIR Interpolation............
---- item 1: map is 0.55777, precision@k is 0.18182, mrr is 1.00000
---- item 51: map is 0.42113, precision@k is 0.18182, mrr is 1.00000
---- item 101: map is 0.75000, precision@k is 0.50000, mrr is 1.00000
---- item 151: map is 0.18968, precision@k is 0.18182, mrr is 0.33333
---- item 201: map is 0.34500, precision@k is 0.09091, mrr is 1.00000
---- item 251: map is 0.18382, precision@k is 0.09091, mrr is 0.25000
---- item 301: map is 0.50583, precision@k is 0.18182, mrr is 1.00000
---- item 351: map is 0.61111, precision@k is 0.22222, mrr is 1.00000
---- item 401: map is 0.34843, precision@k is 0.27273, mrr is 0.50000
---- item 451: map is 0.58681, precision@k is 0.18182, mrr is 1.00000
---- item 501: map is 0.34552, precision@k is 0.09091, mrr is 1.00000
---- item 551: map is 0.75000, precision@k is 0.50000, mrr is 1.00000
---- item 601: map is 0.43276, precision@k is 0.18182, mrr is 1.00000
---- item 651: map is 0.02616, precision@k is 0.00000, mrr is 0.04167
---- item 701: map is 0.18221, precision@k is 0.09091, mrr is 0.50000
---- item 751: map is 0.00441, precision@k is 0.00000, mrr is 0.00266
---- item 801: map is 0.41528, precision@k is 0.18182, mrr is 1.00000
---- item 851: map is 0.09378, precision@k is 0.09091, mrr is 0.25000
[Stat]ETBIR model, Interpolation mode item tagging: Precision@K is 0.22725, MAP is: 0.37336, MRR is: 0.66577, in top 10 tags
264 users are loaded from /home/ll5fy/TUIR/dataset/yelp/byUser_70k_review/5foldsCVColdstart/3/...
260 users are loaded from /home/ll5fy/TUIR/dataset/yelp/byUser_70k_review/5foldsCVColdstart/0/...
244 users are loaded from /home/ll5fy/TUIR/dataset/yelp/byUser_70k_review/5foldsCVColdstart/1/...
266 users are loaded from /home/ll5fy/TUIR/dataset/yelp/byUser_70k_review/5foldsCVColdstart/2/...
256 users are loaded from /home/ll5fy/TUIR/dataset/yelp/byUser_70k_review/5foldsCVColdstart/4/...
[Info]Finish loading 861 items' weights in total 156639 items!
[Info]Begin tagging 861 items with ETBIR Interpolation............
---- item 1: map is 0.55798, precision@k is 0.18182, mrr is 1.00000
---- item 51: map is 0.35338, precision@k is 0.18182, mrr is 1.00000
---- item 101: map is 0.75000, precision@k is 0.50000, mrr is 1.00000
---- item 151: map is 0.15025, precision@k is 0.09091, mrr is 0.25000
---- item 201: map is 0.34356, precision@k is 0.09091, mrr is 1.00000
---- item 251: map is 0.27439, precision@k is 0.09091, mrr is 0.50000
---- item 301: map is 0.50478, precision@k is 0.18182, mrr is 1.00000
---- item 351: map is 0.83333, precision@k is 0.66667, mrr is 1.00000
---- item 401: map is 0.35001, precision@k is 0.27273, mrr is 0.50000
---- item 451: map is 0.42778, precision@k is 0.18182, mrr is 1.00000
---- item 501: map is 0.34528, precision@k is 0.09091, mrr is 1.00000
---- item 551: map is 0.64286, precision@k is 0.28571, mrr is 1.00000
---- item 601: map is 0.43529, precision@k is 0.18182, mrr is 1.00000
---- item 651: map is 0.03039, precision@k is 0.00000, mrr is 0.05882
---- item 701: map is 0.18432, precision@k is 0.09091, mrr is 0.50000
---- item 751: map is 0.00425, precision@k is 0.00000, mrr is 0.00275
---- item 801: map is 0.41435, precision@k is 0.18182, mrr is 1.00000
---- item 851: map is 0.09919, precision@k is 0.09091, mrr is 0.25000
[Stat]ETBIR model, Interpolation mode item tagging: Precision@K is 0.22662, MAP is: 0.36792, MRR is: 0.65930, in top 10 tags
256 users are loaded from /home/ll5fy/TUIR/dataset/yelp/byUser_70k_review/5foldsCVColdstart/4/...
260 users are loaded from /home/ll5fy/TUIR/dataset/yelp/byUser_70k_review/5foldsCVColdstart/0/...
244 users are loaded from /home/ll5fy/TUIR/dataset/yelp/byUser_70k_review/5foldsCVColdstart/1/...
266 users are loaded from /home/ll5fy/TUIR/dataset/yelp/byUser_70k_review/5foldsCVColdstart/2/...
264 users are loaded from /home/ll5fy/TUIR/dataset/yelp/byUser_70k_review/5foldsCVColdstart/3/...
[Info]Finish loading 861 items' weights in total 156639 items!
[Info]Begin tagging 861 items with ETBIR Interpolation............
---- item 1: map is 0.73333, precision@k is 0.66667, mrr is 1.00000
---- item 51: map is 0.36160, precision@k is 0.18182, mrr is 1.00000
---- item 101: map is 0.75000, precision@k is 0.50000, mrr is 1.00000
---- item 151: map is 0.54315, precision@k is 0.27273, mrr is 1.00000
---- item 201: map is 0.34409, precision@k is 0.09091, mrr is 1.00000
---- item 251: map is 0.20833, precision@k is 0.09091, mrr is 0.25000
---- item 301: map is 0.50576, precision@k is 0.18182, mrr is 1.00000
---- item 351: map is 0.83333, precision@k is 0.66667, mrr is 1.00000
---- item 401: map is 0.35003, precision@k is 0.27273, mrr is 0.50000
---- item 451: map is 0.43306, precision@k is 0.18182, mrr is 1.00000
---- item 501: map is 0.34472, precision@k is 0.09091, mrr is 1.00000
---- item 551: map is 0.60000, precision@k is 0.20000, mrr is 1.00000
---- item 601: map is 0.43635, precision@k is 0.18182, mrr is 1.00000
---- item 651: map is 0.02880, precision@k is 0.00000, mrr is 0.05263
---- item 701: map is 0.18422, precision@k is 0.09091, mrr is 0.50000
---- item 751: map is 0.00431, precision@k is 0.00000, mrr is 0.00283
---- item 801: map is 0.41450, precision@k is 0.18182, mrr is 1.00000
---- item 851: map is 0.10266, precision@k is 0.09091, mrr is 0.25000
[Stat]ETBIR model, Interpolation mode item tagging: Precision@K is 0.22769, MAP is: 0.36991, MRR is: 0.65720, in top 10 tags

[Stat]Running time (seconds) 368.80500
[Stat]MAP 0.371+/-0.003
[Stat]MRR 0.675+/-0.020
[Stat]Precision 0.222+/-0.008
