Load 6134 2-gram new features from /home/ll5fy/TUIR/dataset/yelp/yelp_features.txt...
Load 6134 2-gram new features from /home/ll5fy/TUIR/dataset/yelp/yelp_features.txt...
[Info]Start FIXED cross validation...
[Info]Load 553 tags, with 6134 features.
260 users are loaded from /home/ll5fy/TUIR/dataset/yelp/byUser_70k_review/5foldsCVColdstart/0/...
244 users are loaded from /home/ll5fy/TUIR/dataset/yelp/byUser_70k_review/5foldsCVColdstart/1/...
266 users are loaded from /home/ll5fy/TUIR/dataset/yelp/byUser_70k_review/5foldsCVColdstart/2/...
264 users are loaded from /home/ll5fy/TUIR/dataset/yelp/byUser_70k_review/5foldsCVColdstart/3/...
256 users are loaded from /home/ll5fy/TUIR/dataset/yelp/byUser_70k_review/5foldsCVColdstart/4/...
[Info]Finish loading 722 items' weights in total 156639 items!
[Info]Begin tagging 722 items with LDA_Variational Interpolation............
---- item 1: map is 0.30524, precision@k is 0.18182, mrr is 0.50000
---- item 51: map is 0.12685, precision@k is 0.09091, mrr is 0.25000
---- item 101: map is 0.13085, precision@k is 0.09091, mrr is 0.25000
---- item 151: map is 0.10779, precision@k is 0.09091, mrr is 0.25000
---- item 201: map is 0.35711, precision@k is 0.18182, mrr is 1.00000
---- item 251: map is 0.70000, precision@k is 0.40000, mrr is 1.00000
---- item 301: map is 0.11039, precision@k is 0.09091, mrr is 0.25000
---- item 351: map is 0.35580, precision@k is 0.18182, mrr is 1.00000
---- item 401: map is 0.08015, precision@k is 0.09091, mrr is 0.25000
---- item 451: map is 0.09144, precision@k is 0.09091, mrr is 0.25000
---- item 501: map is 0.08886, precision@k is 0.09091, mrr is 0.25000
---- item 551: map is 0.09094, precision@k is 0.09091, mrr is 0.25000
---- item 601: map is 0.13435, precision@k is 0.09091, mrr is 0.25000
---- item 651: map is 0.27486, precision@k is 0.18182, mrr is 0.50000
---- item 701: map is 0.13225, precision@k is 0.09091, mrr is 0.25000
[Stat]LDA_Variational model, Interpolation mode item tagging: Precision@K is 0.10751, MAP is: 0.13912, MRR is: 0.28906, in top 10 tags
244 users are loaded from /home/ll5fy/TUIR/dataset/yelp/byUser_70k_review/5foldsCVColdstart/1/...
260 users are loaded from /home/ll5fy/TUIR/dataset/yelp/byUser_70k_review/5foldsCVColdstart/0/...
266 users are loaded from /home/ll5fy/TUIR/dataset/yelp/byUser_70k_review/5foldsCVColdstart/2/...
264 users are loaded from /home/ll5fy/TUIR/dataset/yelp/byUser_70k_review/5foldsCVColdstart/3/...
256 users are loaded from /home/ll5fy/TUIR/dataset/yelp/byUser_70k_review/5foldsCVColdstart/4/...
[Info]Finish loading 732 items' weights in total 156639 items!
[Info]Begin tagging 732 items with LDA_Variational Interpolation............
---- item 1: map is 0.67584, precision@k is 0.18182, mrr is 1.00000
---- item 51: map is 0.35844, precision@k is 0.09091, mrr is 1.00000
---- item 101: map is 0.37822, precision@k is 0.09091, mrr is 1.00000
---- item 151: map is 0.43190, precision@k is 0.18182, mrr is 1.00000
---- item 201: map is 0.54762, precision@k is 0.09091, mrr is 1.00000
---- item 251: map is 0.52857, precision@k is 0.09091, mrr is 1.00000
---- item 301: map is 0.39652, precision@k is 0.09091, mrr is 1.00000
---- item 351: map is 0.52222, precision@k is 0.09091, mrr is 1.00000
---- item 401: map is 0.35237, precision@k is 0.09091, mrr is 1.00000
---- item 451: map is 0.23675, precision@k is 0.09091, mrr is 1.00000
---- item 501: map is 0.01266, precision@k is 0.00000, mrr is 0.01266
---- item 551: map is 0.00424, precision@k is 0.00000, mrr is 0.00256
---- item 601: map is 0.01707, precision@k is 0.00000, mrr is 0.02439
---- item 651: map is 0.18930, precision@k is 0.09091, mrr is 0.50000
---- item 701: map is 0.25524, precision@k is 0.18182, mrr is 1.00000
[Stat]LDA_Variational model, Interpolation mode item tagging: Precision@K is 0.15332, MAP is: 0.34903, MRR is: 0.77749, in top 10 tags
266 users are loaded from /home/ll5fy/TUIR/dataset/yelp/byUser_70k_review/5foldsCVColdstart/2/...
260 users are loaded from /home/ll5fy/TUIR/dataset/yelp/byUser_70k_review/5foldsCVColdstart/0/...
244 users are loaded from /home/ll5fy/TUIR/dataset/yelp/byUser_70k_review/5foldsCVColdstart/1/...
264 users are loaded from /home/ll5fy/TUIR/dataset/yelp/byUser_70k_review/5foldsCVColdstart/3/...
256 users are loaded from /home/ll5fy/TUIR/dataset/yelp/byUser_70k_review/5foldsCVColdstart/4/...
[Info]Finish loading 702 items' weights in total 156639 items!
[Info]Begin tagging 702 items with LDA_Variational Interpolation............
---- item 1: map is 0.37759, precision@k is 0.09091, mrr is 1.00000
---- item 51: map is 0.05281, precision@k is 0.00000, mrr is 0.07692
---- item 101: map is 0.00618, precision@k is 0.00000, mrr is 0.00481
---- item 151: map is 0.31000, precision@k is 0.18182, mrr is 0.50000
---- item 201: map is 0.20583, precision@k is 0.18182, mrr is 1.00000
---- item 251: map is 0.09638, precision@k is 0.09091, mrr is 0.33333
---- item 301: map is 0.36123, precision@k is 0.09091, mrr is 1.00000
---- item 351: map is 0.40730, precision@k is 0.18182, mrr is 1.00000
---- item 401: map is 0.32357, precision@k is 0.18182, mrr is 1.00000
---- item 451: map is 0.65543, precision@k is 0.27273, mrr is 1.00000
---- item 501: map is 0.04524, precision@k is 0.00000, mrr is 0.06250
---- item 551: map is 0.33055, precision@k is 0.18182, mrr is 1.00000
---- item 601: map is 0.16636, precision@k is 0.18182, mrr is 0.33333
---- item 651: map is 0.26660, precision@k is 0.18182, mrr is 0.50000
---- item 701: map is 0.55882, precision@k is 0.09091, mrr is 1.00000
[Stat]LDA_Variational model, Interpolation mode item tagging: Precision@K is 0.16625, MAP is: 0.34939, MRR is: 0.75403, in top 10 tags
264 users are loaded from /home/ll5fy/TUIR/dataset/yelp/byUser_70k_review/5foldsCVColdstart/3/...
260 users are loaded from /home/ll5fy/TUIR/dataset/yelp/byUser_70k_review/5foldsCVColdstart/0/...
244 users are loaded from /home/ll5fy/TUIR/dataset/yelp/byUser_70k_review/5foldsCVColdstart/1/...
266 users are loaded from /home/ll5fy/TUIR/dataset/yelp/byUser_70k_review/5foldsCVColdstart/2/...
256 users are loaded from /home/ll5fy/TUIR/dataset/yelp/byUser_70k_review/5foldsCVColdstart/4/...
[Info]Finish loading 717 items' weights in total 156639 items!
[Info]Begin tagging 717 items with LDA_Variational Interpolation............
---- item 1: map is 0.67730, precision@k is 0.18182, mrr is 1.00000
---- item 51: map is 0.34861, precision@k is 0.09091, mrr is 1.00000
---- item 101: map is 0.18485, precision@k is 0.09091, mrr is 0.33333
---- item 151: map is 0.25671, precision@k is 0.09091, mrr is 0.50000
---- item 201: map is 0.04478, precision@k is 0.00000, mrr is 0.06250
---- item 251: map is 0.25235, precision@k is 0.09091, mrr is 0.50000
---- item 301: map is 0.18992, precision@k is 0.09091, mrr is 0.50000
---- item 351: map is 0.02072, precision@k is 0.00000, mrr is 0.02273
---- item 401: map is 0.00673, precision@k is 0.00000, mrr is 0.00503
---- item 451: map is 0.51124, precision@k is 0.09091, mrr is 1.00000
---- item 501: map is 1.00000, precision@k is 1.00000, mrr is 1.00000
---- item 551: map is 0.50376, precision@k is 0.18182, mrr is 1.00000
---- item 601: map is 0.34070, precision@k is 0.09091, mrr is 1.00000
---- item 651: map is 0.04680, precision@k is 0.00000, mrr is 0.09091
---- item 701: map is 0.01934, precision@k is 0.00000, mrr is 0.01205
[Stat]LDA_Variational model, Interpolation mode item tagging: Precision@K is 0.18041, MAP is: 0.36267, MRR is: 0.77042, in top 10 tags
256 users are loaded from /home/ll5fy/TUIR/dataset/yelp/byUser_70k_review/5foldsCVColdstart/4/...
260 users are loaded from /home/ll5fy/TUIR/dataset/yelp/byUser_70k_review/5foldsCVColdstart/0/...
244 users are loaded from /home/ll5fy/TUIR/dataset/yelp/byUser_70k_review/5foldsCVColdstart/1/...
266 users are loaded from /home/ll5fy/TUIR/dataset/yelp/byUser_70k_review/5foldsCVColdstart/2/...
264 users are loaded from /home/ll5fy/TUIR/dataset/yelp/byUser_70k_review/5foldsCVColdstart/3/...
[Info]Finish loading 726 items' weights in total 156639 items!
[Info]Begin tagging 726 items with LDA_Variational Interpolation............
---- item 1: map is 0.67576, precision@k is 0.18182, mrr is 1.00000
---- item 51: map is 0.22537, precision@k is 0.09091, mrr is 1.00000
---- item 101: map is 0.38048, precision@k is 0.09091, mrr is 1.00000
---- item 151: map is 0.35060, precision@k is 0.09091, mrr is 1.00000
---- item 201: map is 1.00000, precision@k is 1.00000, mrr is 1.00000
---- item 251: map is 0.35053, precision@k is 0.09091, mrr is 1.00000
---- item 301: map is 0.43112, precision@k is 0.18182, mrr is 1.00000
---- item 351: map is 0.02564, precision@k is 0.00000, mrr is 0.02564
---- item 401: map is 0.35793, precision@k is 0.09091, mrr is 1.00000
---- item 451: map is 0.20288, precision@k is 0.09091, mrr is 0.50000
---- item 501: map is 0.51810, precision@k is 0.18182, mrr is 1.00000
---- item 551: map is 0.51995, precision@k is 0.18182, mrr is 1.00000
---- item 601: map is 0.34297, precision@k is 0.18182, mrr is 0.50000
---- item 651: map is 0.52326, precision@k is 0.18182, mrr is 1.00000
---- item 701: map is 0.50889, precision@k is 0.18182, mrr is 1.00000
[Stat]LDA_Variational model, Interpolation mode item tagging: Precision@K is 0.18002, MAP is: 0.36512, MRR is: 0.76033, in top 10 tags

[Stat]Running time (seconds) 308.71500
[Stat]MAP 0.313+/-0.087
[Stat]MRR 0.670+/-0.191
[Stat]Precision 0.158+/-0.027
