Load 6134 2-gram new features from /home/ll5fy/TUIR/dataset/yelp/yelp_features.txt...
Load 6134 2-gram new features from /home/ll5fy/TUIR/dataset/yelp/yelp_features.txt...
[Info]Start FIXED cross validation...
[Info]Load 553 tags, with 6134 features.
260 users are loaded from /home/ll5fy/TUIR/dataset/yelp/byUser_70k_review/5foldsCVColdstart/0/...
244 users are loaded from /home/ll5fy/TUIR/dataset/yelp/byUser_70k_review/5foldsCVColdstart/1/...
266 users are loaded from /home/ll5fy/TUIR/dataset/yelp/byUser_70k_review/5foldsCVColdstart/2/...
264 users are loaded from /home/ll5fy/TUIR/dataset/yelp/byUser_70k_review/5foldsCVColdstart/3/...
256 users are loaded from /home/ll5fy/TUIR/dataset/yelp/byUser_70k_review/5foldsCVColdstart/4/...
[Info]Finish loading 861 items' weights in total 156639 items!
[Info]Begin tagging 861 items with ETBIR Interpolation............
---- item 1: map is 0.36868, precision@k is 0.09091, mrr is 1.00000
---- item 51: map is 0.55299, precision@k is 0.18182, mrr is 1.00000
---- item 101: map is 1.00000, precision@k is 1.00000, mrr is 1.00000
---- item 151: map is 0.20808, precision@k is 0.09091, mrr is 0.50000
---- item 201: map is 0.34479, precision@k is 0.09091, mrr is 1.00000
---- item 251: map is 0.07105, precision@k is 0.09091, mrr is 0.12500
---- item 301: map is 0.50543, precision@k is 0.18182, mrr is 1.00000
---- item 351: map is 0.51587, precision@k is 0.09091, mrr is 1.00000
---- item 401: map is 0.12762, precision@k is 0.09091, mrr is 0.50000
---- item 451: map is 0.57881, precision@k is 0.18182, mrr is 1.00000
---- item 501: map is 0.34503, precision@k is 0.09091, mrr is 1.00000
---- item 551: map is 1.00000, precision@k is 1.00000, mrr is 1.00000
---- item 601: map is 0.02294, precision@k is 0.00000, mrr is 0.01786
---- item 651: map is 0.02950, precision@k is 0.00000, mrr is 0.05556
---- item 701: map is 0.34445, precision@k is 0.09091, mrr is 1.00000
---- item 751: map is 0.00437, precision@k is 0.00000, mrr is 0.00283
---- item 801: map is 0.36390, precision@k is 0.09091, mrr is 1.00000
---- item 851: map is 0.07738, precision@k is 0.09091, mrr is 0.25000
[Stat]ETBIR model, Interpolation mode item tagging: Precision@K is 0.19527, MAP is: 0.36777, MRR is: 0.74115, in top 10 tags
244 users are loaded from /home/ll5fy/TUIR/dataset/yelp/byUser_70k_review/5foldsCVColdstart/1/...
260 users are loaded from /home/ll5fy/TUIR/dataset/yelp/byUser_70k_review/5foldsCVColdstart/0/...
266 users are loaded from /home/ll5fy/TUIR/dataset/yelp/byUser_70k_review/5foldsCVColdstart/2/...
264 users are loaded from /home/ll5fy/TUIR/dataset/yelp/byUser_70k_review/5foldsCVColdstart/3/...
256 users are loaded from /home/ll5fy/TUIR/dataset/yelp/byUser_70k_review/5foldsCVColdstart/4/...
[Info]Finish loading 861 items' weights in total 156639 items!
[Info]Begin tagging 861 items with ETBIR Interpolation............
---- item 1: map is 0.35431, precision@k is 0.09091, mrr is 1.00000
---- item 51: map is 0.54630, precision@k is 0.18182, mrr is 1.00000
---- item 101: map is 0.83333, precision@k is 0.66667, mrr is 1.00000
---- item 151: map is 0.20847, precision@k is 0.09091, mrr is 0.50000
---- item 201: map is 0.34422, precision@k is 0.09091, mrr is 1.00000
---- item 251: map is 0.13720, precision@k is 0.09091, mrr is 0.25000
---- item 301: map is 0.50572, precision@k is 0.18182, mrr is 1.00000
---- item 351: map is 0.51852, precision@k is 0.09091, mrr is 1.00000
---- item 401: map is 0.23150, precision@k is 0.18182, mrr is 0.50000
---- item 451: map is 0.58056, precision@k is 0.18182, mrr is 1.00000
---- item 501: map is 0.34614, precision@k is 0.09091, mrr is 1.00000
---- item 551: map is 0.83333, precision@k is 0.66667, mrr is 1.00000
---- item 601: map is 0.43399, precision@k is 0.18182, mrr is 1.00000
---- item 651: map is 0.02803, precision@k is 0.00000, mrr is 0.05556
---- item 701: map is 0.17744, precision@k is 0.09091, mrr is 0.50000
---- item 751: map is 0.00440, precision@k is 0.00000, mrr is 0.00282
---- item 801: map is 0.36622, precision@k is 0.09091, mrr is 1.00000
---- item 851: map is 0.07835, precision@k is 0.09091, mrr is 0.25000
[Stat]ETBIR model, Interpolation mode item tagging: Precision@K is 0.21884, MAP is: 0.38251, MRR is: 0.71928, in top 10 tags
266 users are loaded from /home/ll5fy/TUIR/dataset/yelp/byUser_70k_review/5foldsCVColdstart/2/...
260 users are loaded from /home/ll5fy/TUIR/dataset/yelp/byUser_70k_review/5foldsCVColdstart/0/...
244 users are loaded from /home/ll5fy/TUIR/dataset/yelp/byUser_70k_review/5foldsCVColdstart/1/...
264 users are loaded from /home/ll5fy/TUIR/dataset/yelp/byUser_70k_review/5foldsCVColdstart/3/...
256 users are loaded from /home/ll5fy/TUIR/dataset/yelp/byUser_70k_review/5foldsCVColdstart/4/...
[Info]Finish loading 861 items' weights in total 156639 items!
[Info]Begin tagging 861 items with ETBIR Interpolation............
---- item 1: map is 0.43059, precision@k is 0.18182, mrr is 1.00000
---- item 51: map is 0.56981, precision@k is 0.18182, mrr is 1.00000
---- item 101: map is 0.83333, precision@k is 0.66667, mrr is 1.00000
---- item 151: map is 0.21220, precision@k is 0.09091, mrr is 0.50000
---- item 201: map is 0.34526, precision@k is 0.09091, mrr is 1.00000
---- item 251: map is 0.14038, precision@k is 0.09091, mrr is 0.25000
---- item 301: map is 0.50581, precision@k is 0.18182, mrr is 1.00000
---- item 351: map is 0.52857, precision@k is 0.09091, mrr is 1.00000
---- item 401: map is 0.28213, precision@k is 0.27273, mrr is 0.50000
---- item 451: map is 0.59004, precision@k is 0.18182, mrr is 1.00000
---- item 501: map is 0.34586, precision@k is 0.09091, mrr is 1.00000
---- item 551: map is 0.83333, precision@k is 0.66667, mrr is 1.00000
---- item 601: map is 0.43248, precision@k is 0.18182, mrr is 1.00000
---- item 651: map is 0.02524, precision@k is 0.00000, mrr is 0.04000
---- item 701: map is 0.17939, precision@k is 0.09091, mrr is 0.50000
---- item 751: map is 0.00442, precision@k is 0.00000, mrr is 0.00269
---- item 801: map is 0.41522, precision@k is 0.18182, mrr is 1.00000
---- item 851: map is 0.07941, precision@k is 0.09091, mrr is 0.25000
[Stat]ETBIR model, Interpolation mode item tagging: Precision@K is 0.22297, MAP is: 0.38154, MRR is: 0.69975, in top 10 tags
264 users are loaded from /home/ll5fy/TUIR/dataset/yelp/byUser_70k_review/5foldsCVColdstart/3/...
260 users are loaded from /home/ll5fy/TUIR/dataset/yelp/byUser_70k_review/5foldsCVColdstart/0/...
244 users are loaded from /home/ll5fy/TUIR/dataset/yelp/byUser_70k_review/5foldsCVColdstart/1/...
266 users are loaded from /home/ll5fy/TUIR/dataset/yelp/byUser_70k_review/5foldsCVColdstart/2/...
256 users are loaded from /home/ll5fy/TUIR/dataset/yelp/byUser_70k_review/5foldsCVColdstart/4/...
[Info]Finish loading 861 items' weights in total 156639 items!
[Info]Begin tagging 861 items with ETBIR Interpolation............
---- item 1: map is 0.44649, precision@k is 0.18182, mrr is 1.00000
---- item 51: map is 0.40364, precision@k is 0.18182, mrr is 1.00000
---- item 101: map is 0.83333, precision@k is 0.66667, mrr is 1.00000
---- item 151: map is 0.20341, precision@k is 0.09091, mrr is 0.50000
---- item 201: map is 0.34369, precision@k is 0.09091, mrr is 1.00000
---- item 251: map is 0.50855, precision@k is 0.09091, mrr is 1.00000
---- item 301: map is 0.50476, precision@k is 0.18182, mrr is 1.00000
---- item 351: map is 0.55556, precision@k is 0.09091, mrr is 1.00000
---- item 401: map is 0.34945, precision@k is 0.27273, mrr is 0.50000
---- item 451: map is 0.47790, precision@k is 0.18182, mrr is 1.00000
---- item 501: map is 0.34570, precision@k is 0.09091, mrr is 1.00000
---- item 551: map is 0.75000, precision@k is 0.50000, mrr is 1.00000
---- item 601: map is 0.43444, precision@k is 0.18182, mrr is 1.00000
---- item 651: map is 0.03396, precision@k is 0.00000, mrr is 0.09091
---- item 701: map is 0.17983, precision@k is 0.09091, mrr is 0.50000
---- item 751: map is 0.00426, precision@k is 0.00000, mrr is 0.00278
---- item 801: map is 0.37053, precision@k is 0.09091, mrr is 1.00000
---- item 851: map is 0.10701, precision@k is 0.09091, mrr is 0.33333
[Stat]ETBIR model, Interpolation mode item tagging: Precision@K is 0.22117, MAP is: 0.37590, MRR is: 0.68908, in top 10 tags
256 users are loaded from /home/ll5fy/TUIR/dataset/yelp/byUser_70k_review/5foldsCVColdstart/4/...
260 users are loaded from /home/ll5fy/TUIR/dataset/yelp/byUser_70k_review/5foldsCVColdstart/0/...
244 users are loaded from /home/ll5fy/TUIR/dataset/yelp/byUser_70k_review/5foldsCVColdstart/1/...
266 users are loaded from /home/ll5fy/TUIR/dataset/yelp/byUser_70k_review/5foldsCVColdstart/2/...
264 users are loaded from /home/ll5fy/TUIR/dataset/yelp/byUser_70k_review/5foldsCVColdstart/3/...
[Info]Finish loading 861 items' weights in total 156639 items!
[Info]Begin tagging 861 items with ETBIR Interpolation............
---- item 1: map is 0.64881, precision@k is 0.50000, mrr is 1.00000
---- item 51: map is 0.41458, precision@k is 0.18182, mrr is 1.00000
---- item 101: map is 0.83333, precision@k is 0.66667, mrr is 1.00000
---- item 151: map is 0.57309, precision@k is 0.27273, mrr is 1.00000
---- item 201: map is 0.34447, precision@k is 0.09091, mrr is 1.00000
---- item 251: map is 0.14939, precision@k is 0.09091, mrr is 0.25000
---- item 301: map is 0.50575, precision@k is 0.18182, mrr is 1.00000
---- item 351: map is 0.58333, precision@k is 0.09091, mrr is 1.00000
---- item 401: map is 0.34942, precision@k is 0.27273, mrr is 0.50000
---- item 451: map is 0.46199, precision@k is 0.18182, mrr is 1.00000
---- item 501: map is 0.34511, precision@k is 0.09091, mrr is 1.00000
---- item 551: map is 0.75000, precision@k is 0.50000, mrr is 1.00000
---- item 601: map is 0.43499, precision@k is 0.18182, mrr is 1.00000
---- item 651: map is 0.03614, precision@k is 0.09091, mrr is 0.11111
---- item 701: map is 0.17892, precision@k is 0.09091, mrr is 0.50000
---- item 751: map is 0.00432, precision@k is 0.00000, mrr is 0.00284
---- item 801: map is 0.38502, precision@k is 0.09091, mrr is 1.00000
---- item 851: map is 0.10801, precision@k is 0.09091, mrr is 0.33333
[Stat]ETBIR model, Interpolation mode item tagging: Precision@K is 0.22250, MAP is: 0.37313, MRR is: 0.67509, in top 10 tags

[Stat]Running time (seconds) 367.09200
[Stat]MAP 0.376+/-0.005
[Stat]MRR 0.705+/-0.023
[Stat]Precision 0.216+/-0.011
