Load 6134 2-gram new features from /home/ll5fy/TUIR/dataset/yelp/yelp_features.txt...
Load 6134 2-gram new features from /home/ll5fy/TUIR/dataset/yelp/yelp_features.txt...
[Info]Start FIXED cross validation...
[Info]Load 553 tags, with 6134 features.
260 users are loaded from /home/ll5fy/TUIR/dataset/yelp/byUser_70k_review/5foldsCVColdstart/0/...
244 users are loaded from /home/ll5fy/TUIR/dataset/yelp/byUser_70k_review/5foldsCVColdstart/1/...
266 users are loaded from /home/ll5fy/TUIR/dataset/yelp/byUser_70k_review/5foldsCVColdstart/2/...
264 users are loaded from /home/ll5fy/TUIR/dataset/yelp/byUser_70k_review/5foldsCVColdstart/3/...
256 users are loaded from /home/ll5fy/TUIR/dataset/yelp/byUser_70k_review/5foldsCVColdstart/4/...
[Info]Finish loading 722 items' weights in total 156639 items!
[Info]Begin tagging 722 items with LDA_User Interpolation............
---- item 1: map is 0.43598, precision@k is 0.18182, mrr is 1.00000
---- item 51: map is 0.13281, precision@k is 0.09091, mrr is 0.25000
---- item 101: map is 0.60000, precision@k is 0.20000, mrr is 1.00000
---- item 151: map is 0.12652, precision@k is 0.18182, mrr is 0.14286
---- item 201: map is 0.43450, precision@k is 0.18182, mrr is 1.00000
---- item 251: map is 0.83333, precision@k is 0.66667, mrr is 1.00000
---- item 301: map is 0.08202, precision@k is 0.09091, mrr is 0.16667
---- item 351: map is 0.39248, precision@k is 0.18182, mrr is 1.00000
---- item 401: map is 0.28707, precision@k is 0.09091, mrr is 1.00000
---- item 451: map is 0.70263, precision@k is 0.27273, mrr is 1.00000
---- item 501: map is 0.10557, precision@k is 0.09091, mrr is 0.25000
---- item 551: map is 0.69369, precision@k is 0.18182, mrr is 1.00000
---- item 601: map is 0.58333, precision@k is 0.09091, mrr is 1.00000
---- item 651: map is 0.20373, precision@k is 0.18182, mrr is 0.50000
---- item 701: map is 0.50182, precision@k is 0.09091, mrr is 1.00000
[Stat]LDA_User model, Interpolation mode item tagging: Precision@K is 0.20343, MAP is: 0.35132, MRR is: 0.63288, in top 10 tags
244 users are loaded from /home/ll5fy/TUIR/dataset/yelp/byUser_70k_review/5foldsCVColdstart/1/...
260 users are loaded from /home/ll5fy/TUIR/dataset/yelp/byUser_70k_review/5foldsCVColdstart/0/...
266 users are loaded from /home/ll5fy/TUIR/dataset/yelp/byUser_70k_review/5foldsCVColdstart/2/...
264 users are loaded from /home/ll5fy/TUIR/dataset/yelp/byUser_70k_review/5foldsCVColdstart/3/...
256 users are loaded from /home/ll5fy/TUIR/dataset/yelp/byUser_70k_review/5foldsCVColdstart/4/...
[Info]Finish loading 732 items' weights in total 156639 items!
[Info]Begin tagging 732 items with LDA_User Interpolation............
---- item 1: map is 0.43372, precision@k is 0.18182, mrr is 1.00000
---- item 51: map is 0.33696, precision@k is 0.09091, mrr is 1.00000
---- item 101: map is 0.01949, precision@k is 0.00000, mrr is 0.02632
---- item 151: map is 0.28122, precision@k is 0.18182, mrr is 1.00000
---- item 201: map is 0.64286, precision@k is 0.28571, mrr is 1.00000
---- item 251: map is 0.36667, precision@k is 0.40000, mrr is 0.33333
---- item 301: map is 0.41266, precision@k is 0.18182, mrr is 1.00000
---- item 351: map is 0.26667, precision@k is 0.20000, mrr is 0.33333
---- item 401: map is 0.05101, precision@k is 0.00000, mrr is 0.07692
---- item 451: map is 0.42775, precision@k is 0.18182, mrr is 1.00000
---- item 501: map is 0.50000, precision@k is 0.50000, mrr is 0.50000
---- item 551: map is 0.00745, precision@k is 0.00000, mrr is 0.00452
---- item 601: map is 0.12912, precision@k is 0.09091, mrr is 0.33333
---- item 651: map is 0.43651, precision@k is 0.18182, mrr is 0.50000
---- item 701: map is 0.21822, precision@k is 0.09091, mrr is 1.00000
[Stat]LDA_User model, Interpolation mode item tagging: Precision@K is 0.20208, MAP is: 0.34628, MRR is: 0.62757, in top 10 tags
266 users are loaded from /home/ll5fy/TUIR/dataset/yelp/byUser_70k_review/5foldsCVColdstart/2/...
260 users are loaded from /home/ll5fy/TUIR/dataset/yelp/byUser_70k_review/5foldsCVColdstart/0/...
244 users are loaded from /home/ll5fy/TUIR/dataset/yelp/byUser_70k_review/5foldsCVColdstart/1/...
264 users are loaded from /home/ll5fy/TUIR/dataset/yelp/byUser_70k_review/5foldsCVColdstart/3/...
256 users are loaded from /home/ll5fy/TUIR/dataset/yelp/byUser_70k_review/5foldsCVColdstart/4/...
[Info]Finish loading 702 items' weights in total 156639 items!
[Info]Begin tagging 702 items with LDA_User Interpolation............
---- item 1: map is 0.83333, precision@k is 0.50000, mrr is 1.00000
---- item 51: map is 0.48756, precision@k is 0.27273, mrr is 1.00000
---- item 101: map is 0.52273, precision@k is 0.09091, mrr is 1.00000
---- item 151: map is 0.19975, precision@k is 0.18182, mrr is 0.50000
---- item 201: map is 0.16530, precision@k is 0.09091, mrr is 1.00000
---- item 251: map is 0.26845, precision@k is 0.27273, mrr is 0.50000
---- item 301: map is 0.08094, precision@k is 0.09091, mrr is 0.16667
---- item 351: map is 0.40945, precision@k is 0.18182, mrr is 1.00000
---- item 401: map is 0.50896, precision@k is 0.36364, mrr is 1.00000
---- item 451: map is 0.70263, precision@k is 0.27273, mrr is 1.00000
---- item 501: map is 0.42689, precision@k is 0.27273, mrr is 0.50000
---- item 551: map is 0.44737, precision@k is 0.27273, mrr is 1.00000
---- item 601: map is 0.24808, precision@k is 0.27273, mrr is 0.33333
---- item 651: map is 0.37123, precision@k is 0.09091, mrr is 1.00000
---- item 701: map is 0.19792, precision@k is 0.09091, mrr is 0.33333
[Stat]LDA_User model, Interpolation mode item tagging: Precision@K is 0.20585, MAP is: 0.34918, MRR is: 0.62539, in top 10 tags
264 users are loaded from /home/ll5fy/TUIR/dataset/yelp/byUser_70k_review/5foldsCVColdstart/3/...
260 users are loaded from /home/ll5fy/TUIR/dataset/yelp/byUser_70k_review/5foldsCVColdstart/0/...
244 users are loaded from /home/ll5fy/TUIR/dataset/yelp/byUser_70k_review/5foldsCVColdstart/1/...
266 users are loaded from /home/ll5fy/TUIR/dataset/yelp/byUser_70k_review/5foldsCVColdstart/2/...
256 users are loaded from /home/ll5fy/TUIR/dataset/yelp/byUser_70k_review/5foldsCVColdstart/4/...
[Info]Finish loading 717 items' weights in total 156639 items!
[Info]Begin tagging 717 items with LDA_User Interpolation............
---- item 1: map is 0.43372, precision@k is 0.18182, mrr is 1.00000
---- item 51: map is 0.33668, precision@k is 0.09091, mrr is 1.00000
---- item 101: map is 0.22619, precision@k is 0.28571, mrr is 0.16667
---- item 151: map is 0.07344, precision@k is 0.09091, mrr is 0.14286
---- item 201: map is 0.33754, precision@k is 0.27273, mrr is 0.50000
---- item 251: map is 0.03306, precision@k is 0.00000, mrr is 0.06250
---- item 301: map is 0.31629, precision@k is 0.18182, mrr is 0.33333
---- item 351: map is 0.06107, precision@k is 0.00000, mrr is 0.03571
---- item 401: map is 0.02661, precision@k is 0.00000, mrr is 0.04762
---- item 451: map is 1.00000, precision@k is 1.00000, mrr is 1.00000
---- item 501: map is 1.00000, precision@k is 1.00000, mrr is 1.00000
---- item 551: map is 0.69231, precision@k is 0.18182, mrr is 1.00000
---- item 601: map is 0.02281, precision@k is 0.00000, mrr is 0.05882
