Load 6134 2-gram new features from /home/ll5fy/TUIR/dataset/yelp/yelp_features.txt...
Load 6134 2-gram new features from /home/ll5fy/TUIR/dataset/yelp/yelp_features.txt...
[Info]Start FIXED cross validation...
[Info]Load 553 tags, with 6134 features.
260 users are loaded from /home/ll5fy/TUIR/dataset/yelp/byUser_70k_review/5foldsCVColdstart/0/...
244 users are loaded from /home/ll5fy/TUIR/dataset/yelp/byUser_70k_review/5foldsCVColdstart/1/...
266 users are loaded from /home/ll5fy/TUIR/dataset/yelp/byUser_70k_review/5foldsCVColdstart/2/...
264 users are loaded from /home/ll5fy/TUIR/dataset/yelp/byUser_70k_review/5foldsCVColdstart/3/...
256 users are loaded from /home/ll5fy/TUIR/dataset/yelp/byUser_70k_review/5foldsCVColdstart/4/...
[Info]Finish loading 722 items' weights in total 156639 items!
[Info]Begin tagging 722 items with CTM Embed............
---- item 1: map is 0.07620, precision@k is 0.09091, mrr is 0.20000
---- item 51: map is 0.10185, precision@k is 0.09091, mrr is 0.20000
---- item 101: map is 0.10719, precision@k is 0.09091, mrr is 0.20000
---- item 151: map is 0.08036, precision@k is 0.09091, mrr is 0.20000
---- item 201: map is 0.05995, precision@k is 0.09091, mrr is 0.20000
---- item 251: map is 0.10223, precision@k is 0.09091, mrr is 0.20000
---- item 301: map is 0.07370, precision@k is 0.09091, mrr is 0.20000
---- item 351: map is 0.06048, precision@k is 0.09091, mrr is 0.20000
---- item 401: map is 0.06782, precision@k is 0.09091, mrr is 0.20000
---- item 451: map is 0.05993, precision@k is 0.09091, mrr is 0.20000
---- item 501: map is 0.07112, precision@k is 0.09091, mrr is 0.20000
---- item 551: map is 0.07118, precision@k is 0.09091, mrr is 0.20000
---- item 601: map is 0.10204, precision@k is 0.09091, mrr is 0.20000
---- item 651: map is 0.30875, precision@k is 0.27273, mrr is 0.50000
---- item 701: map is 0.10244, precision@k is 0.09091, mrr is 0.20000
[Stat]CTM model, Embed mode item tagging: Precision@K is 0.09470, MAP is: 0.08826, MRR is: 0.19556, in top 10 tags
244 users are loaded from /home/ll5fy/TUIR/dataset/yelp/byUser_70k_review/5foldsCVColdstart/1/...
260 users are loaded from /home/ll5fy/TUIR/dataset/yelp/byUser_70k_review/5foldsCVColdstart/0/...
266 users are loaded from /home/ll5fy/TUIR/dataset/yelp/byUser_70k_review/5foldsCVColdstart/2/...
264 users are loaded from /home/ll5fy/TUIR/dataset/yelp/byUser_70k_review/5foldsCVColdstart/3/...
256 users are loaded from /home/ll5fy/TUIR/dataset/yelp/byUser_70k_review/5foldsCVColdstart/4/...
[Info]Finish loading 732 items' weights in total 156639 items!
[Info]Begin tagging 732 items with CTM Embed............
---- item 1: map is 0.33963, precision@k is 0.09091, mrr is 1.00000
---- item 51: map is 0.35029, precision@k is 0.09091, mrr is 1.00000
---- item 101: map is 0.34510, precision@k is 0.09091, mrr is 1.00000
---- item 151: map is 0.23832, precision@k is 0.09091, mrr is 1.00000
---- item 201: map is 0.50971, precision@k is 0.09091, mrr is 1.00000
---- item 251: map is 0.52857, precision@k is 0.09091, mrr is 1.00000
---- item 301: map is 0.04042, precision@k is 0.00000, mrr is 0.07143
---- item 351: map is 0.50364, precision@k is 0.09091, mrr is 1.00000
---- item 401: map is 0.33956, precision@k is 0.09091, mrr is 1.00000
---- item 451: map is 0.02349, precision@k is 0.00000, mrr is 0.02128
---- item 501: map is 0.00500, precision@k is 0.00000, mrr is 0.00500
---- item 551: map is 0.00448, precision@k is 0.00000, mrr is 0.00300
---- item 601: map is 0.01642, precision@k is 0.00000, mrr is 0.02128
---- item 651: map is 0.34136, precision@k is 0.09091, mrr is 1.00000
---- item 701: map is 0.22822, precision@k is 0.09091, mrr is 1.00000
[Stat]CTM model, Embed mode item tagging: Precision@K is 0.09170, MAP is: 0.28628, MRR is: 0.76967, in top 10 tags
266 users are loaded from /home/ll5fy/TUIR/dataset/yelp/byUser_70k_review/5foldsCVColdstart/2/...
260 users are loaded from /home/ll5fy/TUIR/dataset/yelp/byUser_70k_review/5foldsCVColdstart/0/...
244 users are loaded from /home/ll5fy/TUIR/dataset/yelp/byUser_70k_review/5foldsCVColdstart/1/...
264 users are loaded from /home/ll5fy/TUIR/dataset/yelp/byUser_70k_review/5foldsCVColdstart/3/...
256 users are loaded from /home/ll5fy/TUIR/dataset/yelp/byUser_70k_review/5foldsCVColdstart/4/...
[Info]Finish loading 702 items' weights in total 156639 items!
[Info]Begin tagging 702 items with CTM Embed............
---- item 1: map is 0.34872, precision@k is 0.09091, mrr is 1.00000
---- item 51: map is 0.03721, precision@k is 0.00000, mrr is 0.03226
---- item 101: map is 0.00568, precision@k is 0.00000, mrr is 0.00654
---- item 151: map is 0.26294, precision@k is 0.09091, mrr is 1.00000
---- item 201: map is 0.20685, precision@k is 0.09091, mrr is 1.00000
---- item 251: map is 0.03940, precision@k is 0.00000, mrr is 0.03226
---- item 301: map is 0.34488, precision@k is 0.09091, mrr is 1.00000
---- item 351: map is 0.34454, precision@k is 0.09091, mrr is 1.00000
---- item 401: map is 0.18981, precision@k is 0.09091, mrr is 1.00000
---- item 451: map is 0.37038, precision@k is 0.18182, mrr is 1.00000
---- item 501: map is 0.03721, precision@k is 0.00000, mrr is 0.03226
---- item 551: map is 0.26156, precision@k is 0.09091, mrr is 1.00000
---- item 601: map is 0.03721, precision@k is 0.00000, mrr is 0.03226
---- item 651: map is 0.04518, precision@k is 0.09091, mrr is 0.11111
---- item 701: map is 0.50617, precision@k is 0.09091, mrr is 1.00000
[Stat]CTM model, Embed mode item tagging: Precision@K is 0.08879, MAP is: 0.28230, MRR is: 0.76151, in top 10 tags
264 users are loaded from /home/ll5fy/TUIR/dataset/yelp/byUser_70k_review/5foldsCVColdstart/3/...
260 users are loaded from /home/ll5fy/TUIR/dataset/yelp/byUser_70k_review/5foldsCVColdstart/0/...
244 users are loaded from /home/ll5fy/TUIR/dataset/yelp/byUser_70k_review/5foldsCVColdstart/1/...
266 users are loaded from /home/ll5fy/TUIR/dataset/yelp/byUser_70k_review/5foldsCVColdstart/2/...
256 users are loaded from /home/ll5fy/TUIR/dataset/yelp/byUser_70k_review/5foldsCVColdstart/4/...
[Info]Finish loading 717 items' weights in total 156639 items!
[Info]Begin tagging 717 items with CTM Embed............
---- item 1: map is 0.34318, precision@k is 0.09091, mrr is 1.00000
---- item 51: map is 0.34971, precision@k is 0.09091, mrr is 1.00000
---- item 101: map is 0.54167, precision@k is 0.09091, mrr is 1.00000
---- item 151: map is 0.50826, precision@k is 0.09091, mrr is 1.00000
---- item 201: map is 0.03235, precision@k is 0.00000, mrr is 0.02500
---- item 251: map is 0.50195, precision@k is 0.09091, mrr is 1.00000
---- item 301: map is 0.26461, precision@k is 0.09091, mrr is 1.00000
---- item 351: map is 0.02082, precision@k is 0.00000, mrr is 0.02222
---- item 401: map is 0.00791, precision@k is 0.00000, mrr is 0.00680
---- item 451: map is 0.50625, precision@k is 0.09091, mrr is 1.00000
---- item 501: map is 1.00000, precision@k is 1.00000, mrr is 1.00000
---- item 551: map is 0.34964, precision@k is 0.09091, mrr is 1.00000
---- item 601: map is 0.34164, precision@k is 0.09091, mrr is 1.00000
---- item 651: map is 0.03235, precision@k is 0.00000, mrr is 0.02500
---- item 701: map is 0.01987, precision@k is 0.00000, mrr is 0.01316
[Stat]CTM model, Embed mode item tagging: Precision@K is 0.09093, MAP is: 0.28854, MRR is: 0.77639, in top 10 tags
256 users are loaded from /home/ll5fy/TUIR/dataset/yelp/byUser_70k_review/5foldsCVColdstart/4/...
260 users are loaded from /home/ll5fy/TUIR/dataset/yelp/byUser_70k_review/5foldsCVColdstart/0/...
244 users are loaded from /home/ll5fy/TUIR/dataset/yelp/byUser_70k_review/5foldsCVColdstart/1/...
266 users are loaded from /home/ll5fy/TUIR/dataset/yelp/byUser_70k_review/5foldsCVColdstart/2/...
264 users are loaded from /home/ll5fy/TUIR/dataset/yelp/byUser_70k_review/5foldsCVColdstart/3/...
[Info]Finish loading 726 items' weights in total 156639 items!
[Info]Begin tagging 726 items with CTM Embed............
---- item 1: map is 0.34358, precision@k is 0.09091, mrr is 1.00000
---- item 51: map is 0.22322, precision@k is 0.09091, mrr is 1.00000
---- item 101: map is 0.34318, precision@k is 0.09091, mrr is 1.00000
---- item 151: map is 0.34986, precision@k is 0.09091, mrr is 1.00000
---- item 201: map is 0.51724, precision@k is 0.09091, mrr is 1.00000
---- item 251: map is 0.34986, precision@k is 0.09091, mrr is 1.00000
---- item 301: map is 0.06914, precision@k is 0.09091, mrr is 0.12500
---- item 351: map is 0.00236, precision@k is 0.00000, mrr is 0.00236
---- item 401: map is 0.35511, precision@k is 0.09091, mrr is 1.00000
---- item 451: map is 0.36248, precision@k is 0.09091, mrr is 1.00000
---- item 501: map is 0.27148, precision@k is 0.09091, mrr is 1.00000
---- item 551: map is 0.26910, precision@k is 0.09091, mrr is 1.00000
---- item 601: map is 0.27735, precision@k is 0.09091, mrr is 1.00000
---- item 651: map is 0.43910, precision@k is 0.18182, mrr is 1.00000
---- item 701: map is 0.27922, precision@k is 0.09091, mrr is 1.00000
[Stat]CTM model, Embed mode item tagging: Precision@K is 0.09622, MAP is: 0.28831, MRR is: 0.77268, in top 10 tags

[Stat]Running time (seconds) 31.61700
[Stat]MAP 0.247+/-0.079
[Stat]MRR 0.655+/-0.230
[Stat]Precision 0.092+/-0.003
