Load 6134 2-gram new features from /home/ll5fy/TUIR/dataset/yelp/yelp_features.txt...
Load 6134 2-gram new features from /home/ll5fy/TUIR/dataset/yelp/yelp_features.txt...
[Info]Start FIXED cross validation...
[Info]Load 553 tags, with 6134 features.
260 users are loaded from /home/ll5fy/TUIR/dataset/yelp/byUser_70k_review/5foldsCVColdstart/0/...
244 users are loaded from /home/ll5fy/TUIR/dataset/yelp/byUser_70k_review/5foldsCVColdstart/1/...
266 users are loaded from /home/ll5fy/TUIR/dataset/yelp/byUser_70k_review/5foldsCVColdstart/2/...
264 users are loaded from /home/ll5fy/TUIR/dataset/yelp/byUser_70k_review/5foldsCVColdstart/3/...
256 users are loaded from /home/ll5fy/TUIR/dataset/yelp/byUser_70k_review/5foldsCVColdstart/4/...
[Info]Finish loading 861 items' weights in total 156639 items!
[Info]Begin tagging 861 items with ETBIR_User Interpolation............
---- item 1: map is 0.34424, precision@k is 0.09091, mrr is 1.00000
---- item 51: map is 0.55536, precision@k is 0.18182, mrr is 1.00000
---- item 101: map is 1.00000, precision@k is 1.00000, mrr is 1.00000
---- item 151: map is 0.36679, precision@k is 0.09091, mrr is 1.00000
---- item 201: map is 0.34379, precision@k is 0.09091, mrr is 1.00000
---- item 251: map is 0.01187, precision@k is 0.00000, mrr is 0.00935
---- item 301: map is 0.26047, precision@k is 0.09091, mrr is 1.00000
---- item 351: map is 0.51220, precision@k is 0.09091, mrr is 1.00000
---- item 401: map is 0.03912, precision@k is 0.00000, mrr is 0.06250
---- item 451: map is 0.37930, precision@k is 0.09091, mrr is 1.00000
---- item 501: map is 0.01328, precision@k is 0.00000, mrr is 0.01053
---- item 551: map is 1.00000, precision@k is 1.00000, mrr is 1.00000
---- item 601: map is 0.02218, precision@k is 0.00000, mrr is 0.01587
---- item 651: map is 0.03287, precision@k is 0.00000, mrr is 0.08333
---- item 701: map is 0.34263, precision@k is 0.09091, mrr is 1.00000
---- item 751: map is 0.00454, precision@k is 0.00000, mrr is 0.00295
---- item 801: map is 0.35380, precision@k is 0.09091, mrr is 1.00000
---- item 851: map is 0.05364, precision@k is 0.09091, mrr is 0.10000
[Stat]ETBIR_User model, Interpolation mode item tagging: Precision@K is 0.13171, MAP is: 0.32629, MRR is: 0.78209, in top 10 tags
244 users are loaded from /home/ll5fy/TUIR/dataset/yelp/byUser_70k_review/5foldsCVColdstart/1/...
260 users are loaded from /home/ll5fy/TUIR/dataset/yelp/byUser_70k_review/5foldsCVColdstart/0/...
266 users are loaded from /home/ll5fy/TUIR/dataset/yelp/byUser_70k_review/5foldsCVColdstart/2/...
264 users are loaded from /home/ll5fy/TUIR/dataset/yelp/byUser_70k_review/5foldsCVColdstart/3/...
256 users are loaded from /home/ll5fy/TUIR/dataset/yelp/byUser_70k_review/5foldsCVColdstart/4/...
[Info]Finish loading 861 items' weights in total 156639 items!
[Info]Begin tagging 861 items with ETBIR_User Interpolation............
---- item 1: map is 0.34709, precision@k is 0.09091, mrr is 1.00000
---- item 51: map is 0.53270, precision@k is 0.18182, mrr is 1.00000
---- item 101: map is 1.00000, precision@k is 1.00000, mrr is 1.00000
---- item 151: map is 0.36233, precision@k is 0.09091, mrr is 1.00000
---- item 201: map is 0.34455, precision@k is 0.09091, mrr is 1.00000
---- item 251: map is 0.01472, precision@k is 0.00000, mrr is 0.01235
---- item 301: map is 0.26138, precision@k is 0.09091, mrr is 1.00000
---- item 351: map is 0.51493, precision@k is 0.09091, mrr is 1.00000
---- item 401: map is 0.11318, precision@k is 0.09091, mrr is 0.33333
---- item 451: map is 0.37088, precision@k is 0.09091, mrr is 1.00000
---- item 501: map is 0.01636, precision@k is 0.00000, mrr is 0.01124
---- item 551: map is 1.00000, precision@k is 1.00000, mrr is 1.00000
---- item 601: map is 0.14742, precision@k is 0.09091, mrr is 0.50000
---- item 651: map is 0.04547, precision@k is 0.09091, mrr is 0.16667
---- item 701: map is 0.34318, precision@k is 0.09091, mrr is 1.00000
---- item 751: map is 0.00456, precision@k is 0.00000, mrr is 0.00289
---- item 801: map is 0.35379, precision@k is 0.09091, mrr is 1.00000
---- item 851: map is 0.08277, precision@k is 0.09091, mrr is 0.20000
[Stat]ETBIR_User model, Interpolation mode item tagging: Precision@K is 0.15090, MAP is: 0.34109, MRR is: 0.77782, in top 10 tags
266 users are loaded from /home/ll5fy/TUIR/dataset/yelp/byUser_70k_review/5foldsCVColdstart/2/...
260 users are loaded from /home/ll5fy/TUIR/dataset/yelp/byUser_70k_review/5foldsCVColdstart/0/...
244 users are loaded from /home/ll5fy/TUIR/dataset/yelp/byUser_70k_review/5foldsCVColdstart/1/...
264 users are loaded from /home/ll5fy/TUIR/dataset/yelp/byUser_70k_review/5foldsCVColdstart/3/...
256 users are loaded from /home/ll5fy/TUIR/dataset/yelp/byUser_70k_review/5foldsCVColdstart/4/...
[Info]Finish loading 861 items' weights in total 156639 items!
[Info]Begin tagging 861 items with ETBIR_User Interpolation............
---- item 1: map is 0.34193, precision@k is 0.09091, mrr is 1.00000
---- item 51: map is 0.53113, precision@k is 0.18182, mrr is 1.00000
---- item 101: map is 1.00000, precision@k is 1.00000, mrr is 1.00000
---- item 151: map is 0.35996, precision@k is 0.09091, mrr is 1.00000
---- item 201: map is 0.34351, precision@k is 0.09091, mrr is 1.00000
---- item 251: map is 0.01613, precision@k is 0.00000, mrr is 0.01408
---- item 301: map is 0.27887, precision@k is 0.09091, mrr is 1.00000
---- item 351: map is 0.51351, precision@k is 0.09091, mrr is 1.00000
---- item 401: map is 0.17438, precision@k is 0.18182, mrr is 0.50000
---- item 451: map is 0.37689, precision@k is 0.09091, mrr is 1.00000
---- item 501: map is 0.01592, precision@k is 0.00000, mrr is 0.01250
---- item 551: map is 1.00000, precision@k is 1.00000, mrr is 1.00000
---- item 601: map is 0.28884, precision@k is 0.09091, mrr is 1.00000
---- item 651: map is 0.03519, precision@k is 0.09091, mrr is 0.11111
---- item 701: map is 0.34100, precision@k is 0.09091, mrr is 1.00000
---- item 751: map is 0.00448, precision@k is 0.00000, mrr is 0.00280
---- item 801: map is 0.34942, precision@k is 0.09091, mrr is 1.00000
---- item 851: map is 0.06624, precision@k is 0.09091, mrr is 0.12500
[Stat]ETBIR_User model, Interpolation mode item tagging: Precision@K is 0.16168, MAP is: 0.35016, MRR is: 0.78021, in top 10 tags
264 users are loaded from /home/ll5fy/TUIR/dataset/yelp/byUser_70k_review/5foldsCVColdstart/3/...
260 users are loaded from /home/ll5fy/TUIR/dataset/yelp/byUser_70k_review/5foldsCVColdstart/0/...
244 users are loaded from /home/ll5fy/TUIR/dataset/yelp/byUser_70k_review/5foldsCVColdstart/1/...
266 users are loaded from /home/ll5fy/TUIR/dataset/yelp/byUser_70k_review/5foldsCVColdstart/2/...
256 users are loaded from /home/ll5fy/TUIR/dataset/yelp/byUser_70k_review/5foldsCVColdstart/4/...
[Info]Finish loading 861 items' weights in total 156639 items!
[Info]Begin tagging 861 items with ETBIR_User Interpolation............
---- item 1: map is 0.34481, precision@k is 0.09091, mrr is 1.00000
---- item 51: map is 0.56667, precision@k is 0.18182, mrr is 1.00000
---- item 101: map is 1.00000, precision@k is 1.00000, mrr is 1.00000
---- item 151: map is 0.39870, precision@k is 0.09091, mrr is 1.00000
---- item 201: map is 0.34437, precision@k is 0.09091, mrr is 1.00000
---- item 251: map is 0.50427, precision@k is 0.09091, mrr is 1.00000
---- item 301: map is 0.26372, precision@k is 0.09091, mrr is 1.00000
---- item 351: map is 0.51408, precision@k is 0.09091, mrr is 1.00000
---- item 401: map is 0.16229, precision@k is 0.18182, mrr is 0.50000
---- item 451: map is 0.57881, precision@k is 0.18182, mrr is 1.00000
---- item 501: map is 0.01968, precision@k is 0.00000, mrr is 0.02326
---- item 551: map is 1.00000, precision@k is 1.00000, mrr is 1.00000
---- item 601: map is 0.28667, precision@k is 0.09091, mrr is 1.00000
---- item 651: map is 0.02977, precision@k is 0.00000, mrr is 0.06250
---- item 701: map is 0.17397, precision@k is 0.09091, mrr is 0.50000
---- item 751: map is 0.00439, precision@k is 0.00000, mrr is 0.00288
---- item 801: map is 0.35588, precision@k is 0.09091, mrr is 1.00000
---- item 851: map is 0.06259, precision@k is 0.09091, mrr is 0.14286
[Stat]ETBIR_User model, Interpolation mode item tagging: Precision@K is 0.17211, MAP is: 0.35637, MRR is: 0.76903, in top 10 tags
256 users are loaded from /home/ll5fy/TUIR/dataset/yelp/byUser_70k_review/5foldsCVColdstart/4/...
260 users are loaded from /home/ll5fy/TUIR/dataset/yelp/byUser_70k_review/5foldsCVColdstart/0/...
244 users are loaded from /home/ll5fy/TUIR/dataset/yelp/byUser_70k_review/5foldsCVColdstart/1/...
266 users are loaded from /home/ll5fy/TUIR/dataset/yelp/byUser_70k_review/5foldsCVColdstart/2/...
264 users are loaded from /home/ll5fy/TUIR/dataset/yelp/byUser_70k_review/5foldsCVColdstart/3/...
[Info]Finish loading 861 items' weights in total 156639 items!
[Info]Begin tagging 861 items with ETBIR_User Interpolation............
---- item 1: map is 0.39699, precision@k is 0.18182, mrr is 1.00000
---- item 51: map is 0.55908, precision@k is 0.18182, mrr is 1.00000
---- item 101: map is 1.00000, precision@k is 1.00000, mrr is 1.00000
---- item 151: map is 0.43826, precision@k is 0.18182, mrr is 1.00000
---- item 201: map is 0.34384, precision@k is 0.09091, mrr is 1.00000
---- item 251: map is 0.01508, precision@k is 0.00000, mrr is 0.01429
---- item 301: map is 0.26756, precision@k is 0.09091, mrr is 1.00000
---- item 351: map is 0.51923, precision@k is 0.09091, mrr is 1.00000
---- item 401: map is 0.20615, precision@k is 0.18182, mrr is 0.50000
---- item 451: map is 0.56760, precision@k is 0.18182, mrr is 1.00000
---- item 501: map is 0.04557, precision@k is 0.09091, mrr is 0.10000
---- item 551: map is 1.00000, precision@k is 1.00000, mrr is 1.00000
---- item 601: map is 0.33140, precision@k is 0.18182, mrr is 1.00000
---- item 651: map is 0.03226, precision@k is 0.00000, mrr is 0.09091
---- item 701: map is 0.17939, precision@k is 0.09091, mrr is 0.50000
---- item 751: map is 0.00434, precision@k is 0.00000, mrr is 0.00284
---- item 801: map is 0.35287, precision@k is 0.09091, mrr is 1.00000
---- item 851: map is 0.05413, precision@k is 0.09091, mrr is 0.11111
[Stat]ETBIR_User model, Interpolation mode item tagging: Precision@K is 0.18240, MAP is: 0.36302, MRR is: 0.76280, in top 10 tags

[Stat]Running time (seconds) 368.48200
[Stat]MAP 0.347+/-0.013
[Stat]MRR 0.774+/-0.007
[Stat]Precision 0.160+/-0.018
