Load 6134 2-gram new features from /home/ll5fy/TUIR/dataset/yelp/yelp_features.txt...
Load 6134 2-gram new features from /home/ll5fy/TUIR/dataset/yelp/yelp_features.txt...
[Info]Start FIXED cross validation...
[Info]Load 553 tags, with 6134 features.
260 users are loaded from /home/ll5fy/TUIR/dataset/yelp/byUser_70k_review/5foldsCVColdstart/0/...
244 users are loaded from /home/ll5fy/TUIR/dataset/yelp/byUser_70k_review/5foldsCVColdstart/1/...
266 users are loaded from /home/ll5fy/TUIR/dataset/yelp/byUser_70k_review/5foldsCVColdstart/2/...
264 users are loaded from /home/ll5fy/TUIR/dataset/yelp/byUser_70k_review/5foldsCVColdstart/3/...
256 users are loaded from /home/ll5fy/TUIR/dataset/yelp/byUser_70k_review/5foldsCVColdstart/4/...
[Info]Finish loading 861 items' weights in total 156639 items!
[Info]Begin tagging 861 items with ETBIR_User Interpolation............
---- item 1: map is 0.55874, precision@k is 0.18182, mrr is 1.00000
---- item 51: map is 0.37194, precision@k is 0.18182, mrr is 1.00000
---- item 101: map is 0.75000, precision@k is 0.50000, mrr is 1.00000
---- item 151: map is 0.15034, precision@k is 0.09091, mrr is 0.33333
---- item 201: map is 0.34593, precision@k is 0.09091, mrr is 1.00000
---- item 251: map is 0.18750, precision@k is 0.09091, mrr is 0.25000
---- item 301: map is 0.50558, precision@k is 0.18182, mrr is 1.00000
---- item 351: map is 0.70000, precision@k is 0.40000, mrr is 1.00000
---- item 401: map is 0.17783, precision@k is 0.18182, mrr is 0.50000
---- item 451: map is 0.57479, precision@k is 0.18182, mrr is 1.00000
---- item 501: map is 0.34418, precision@k is 0.09091, mrr is 1.00000
---- item 551: map is 0.61111, precision@k is 0.22222, mrr is 1.00000
---- item 601: map is 0.03342, precision@k is 0.00000, mrr is 0.05263
---- item 651: map is 0.02885, precision@k is 0.00000, mrr is 0.05882
---- item 701: map is 0.34336, precision@k is 0.09091, mrr is 1.00000
---- item 751: map is 0.00431, precision@k is 0.00000, mrr is 0.00279
---- item 801: map is 0.41430, precision@k is 0.18182, mrr is 1.00000
---- item 851: map is 0.09665, precision@k is 0.09091, mrr is 0.25000
[Stat]ETBIR_User model, Interpolation mode item tagging: Precision@K is 0.20537, MAP is: 0.35907, MRR is: 0.68019, in top 10 tags
244 users are loaded from /home/ll5fy/TUIR/dataset/yelp/byUser_70k_review/5foldsCVColdstart/1/...
260 users are loaded from /home/ll5fy/TUIR/dataset/yelp/byUser_70k_review/5foldsCVColdstart/0/...
266 users are loaded from /home/ll5fy/TUIR/dataset/yelp/byUser_70k_review/5foldsCVColdstart/2/...
264 users are loaded from /home/ll5fy/TUIR/dataset/yelp/byUser_70k_review/5foldsCVColdstart/3/...
256 users are loaded from /home/ll5fy/TUIR/dataset/yelp/byUser_70k_review/5foldsCVColdstart/4/...
[Info]Finish loading 861 items' weights in total 156639 items!
[Info]Begin tagging 861 items with ETBIR_User Interpolation............
---- item 1: map is 0.55848, precision@k is 0.18182, mrr is 1.00000
---- item 51: map is 0.35857, precision@k is 0.18182, mrr is 1.00000
---- item 101: map is 0.66667, precision@k is 0.33333, mrr is 1.00000
---- item 151: map is 0.14432, precision@k is 0.18182, mrr is 0.20000
---- item 201: map is 0.34365, precision@k is 0.09091, mrr is 1.00000
---- item 251: map is 0.21591, precision@k is 0.09091, mrr is 0.25000
---- item 301: map is 0.50556, precision@k is 0.18182, mrr is 1.00000
---- item 351: map is 0.75000, precision@k is 0.50000, mrr is 1.00000
---- item 401: map is 0.31610, precision@k is 0.27273, mrr is 0.50000
---- item 451: map is 0.52041, precision@k is 0.18182, mrr is 1.00000
---- item 501: map is 0.34425, precision@k is 0.09091, mrr is 1.00000
---- item 551: map is 0.58333, precision@k is 0.09091, mrr is 1.00000
---- item 601: map is 0.43452, precision@k is 0.18182, mrr is 1.00000
---- item 651: map is 0.02851, precision@k is 0.00000, mrr is 0.05263
---- item 701: map is 0.19048, precision@k is 0.09091, mrr is 0.50000
---- item 751: map is 0.00434, precision@k is 0.00000, mrr is 0.00279
---- item 801: map is 0.41403, precision@k is 0.18182, mrr is 1.00000
---- item 851: map is 0.10787, precision@k is 0.09091, mrr is 0.25000
[Stat]ETBIR_User model, Interpolation mode item tagging: Precision@K is 0.22119, MAP is: 0.36637, MRR is: 0.65443, in top 10 tags
266 users are loaded from /home/ll5fy/TUIR/dataset/yelp/byUser_70k_review/5foldsCVColdstart/2/...
260 users are loaded from /home/ll5fy/TUIR/dataset/yelp/byUser_70k_review/5foldsCVColdstart/0/...
244 users are loaded from /home/ll5fy/TUIR/dataset/yelp/byUser_70k_review/5foldsCVColdstart/1/...
264 users are loaded from /home/ll5fy/TUIR/dataset/yelp/byUser_70k_review/5foldsCVColdstart/3/...
256 users are loaded from /home/ll5fy/TUIR/dataset/yelp/byUser_70k_review/5foldsCVColdstart/4/...
[Info]Finish loading 861 items' weights in total 156639 items!
[Info]Begin tagging 861 items with ETBIR_User Interpolation............
---- item 1: map is 0.67638, precision@k is 0.18182, mrr is 1.00000
---- item 51: map is 0.36591, precision@k is 0.09091, mrr is 1.00000
---- item 101: map is 0.62500, precision@k is 0.25000, mrr is 1.00000
---- item 151: map is 0.13653, precision@k is 0.09091, mrr is 0.20000
---- item 201: map is 0.34324, precision@k is 0.09091, mrr is 1.00000
---- item 251: map is 0.22500, precision@k is 0.20000, mrr is 0.25000
---- item 301: map is 0.50614, precision@k is 0.18182, mrr is 1.00000
---- item 351: map is 0.83333, precision@k is 0.66667, mrr is 1.00000
---- item 401: map is 0.34766, precision@k is 0.27273, mrr is 0.50000
---- item 451: map is 0.51852, precision@k is 0.18182, mrr is 1.00000
---- item 501: map is 0.34579, precision@k is 0.09091, mrr is 1.00000
---- item 551: map is 0.57692, precision@k is 0.09091, mrr is 1.00000
---- item 601: map is 0.43530, precision@k is 0.18182, mrr is 1.00000
---- item 651: map is 0.03526, precision@k is 0.00000, mrr is 0.04348
---- item 701: map is 0.15182, precision@k is 0.09091, mrr is 0.33333
---- item 751: map is 0.00438, precision@k is 0.00000, mrr is 0.00264
---- item 801: map is 0.41476, precision@k is 0.18182, mrr is 1.00000
---- item 851: map is 0.10971, precision@k is 0.09091, mrr is 0.25000
[Stat]ETBIR_User model, Interpolation mode item tagging: Precision@K is 0.21751, MAP is: 0.36360, MRR is: 0.64612, in top 10 tags
264 users are loaded from /home/ll5fy/TUIR/dataset/yelp/byUser_70k_review/5foldsCVColdstart/3/...
260 users are loaded from /home/ll5fy/TUIR/dataset/yelp/byUser_70k_review/5foldsCVColdstart/0/...
244 users are loaded from /home/ll5fy/TUIR/dataset/yelp/byUser_70k_review/5foldsCVColdstart/1/...
266 users are loaded from /home/ll5fy/TUIR/dataset/yelp/byUser_70k_review/5foldsCVColdstart/2/...
256 users are loaded from /home/ll5fy/TUIR/dataset/yelp/byUser_70k_review/5foldsCVColdstart/4/...
[Info]Finish loading 861 items' weights in total 156639 items!
[Info]Begin tagging 861 items with ETBIR_User Interpolation............
---- item 1: map is 0.70513, precision@k is 0.18182, mrr is 1.00000
---- item 51: map is 0.33921, precision@k is 0.09091, mrr is 1.00000
---- item 101: map is 0.62500, precision@k is 0.25000, mrr is 1.00000
---- item 151: map is 0.11684, precision@k is 0.09091, mrr is 0.16667
---- item 201: map is 0.34547, precision@k is 0.09091, mrr is 1.00000
---- item 251: map is 0.41667, precision@k is 0.50000, mrr is 0.33333
---- item 301: map is 0.50489, precision@k is 0.18182, mrr is 1.00000
---- item 351: map is 1.00000, precision@k is 1.00000, mrr is 1.00000
---- item 401: map is 0.34731, precision@k is 0.27273, mrr is 0.50000
---- item 451: map is 0.40764, precision@k is 0.09091, mrr is 1.00000
---- item 501: map is 0.34469, precision@k is 0.09091, mrr is 1.00000
---- item 551: map is 0.56667, precision@k is 0.09091, mrr is 1.00000
---- item 601: map is 0.43725, precision@k is 0.18182, mrr is 1.00000
---- item 651: map is 0.04649, precision@k is 0.00000, mrr is 0.03846
---- item 701: map is 0.17276, precision@k is 0.09091, mrr is 0.33333
---- item 751: map is 0.00412, precision@k is 0.00000, mrr is 0.00249
---- item 801: map is 0.41588, precision@k is 0.18182, mrr is 1.00000
---- item 851: map is 0.10591, precision@k is 0.09091, mrr is 0.25000
[Stat]ETBIR_User model, Interpolation mode item tagging: Precision@K is 0.21381, MAP is: 0.36101, MRR is: 0.64417, in top 10 tags
256 users are loaded from /home/ll5fy/TUIR/dataset/yelp/byUser_70k_review/5foldsCVColdstart/4/...
260 users are loaded from /home/ll5fy/TUIR/dataset/yelp/byUser_70k_review/5foldsCVColdstart/0/...
244 users are loaded from /home/ll5fy/TUIR/dataset/yelp/byUser_70k_review/5foldsCVColdstart/1/...
266 users are loaded from /home/ll5fy/TUIR/dataset/yelp/byUser_70k_review/5foldsCVColdstart/2/...
264 users are loaded from /home/ll5fy/TUIR/dataset/yelp/byUser_70k_review/5foldsCVColdstart/3/...
[Info]Finish loading 861 items' weights in total 156639 items!
[Info]Begin tagging 861 items with ETBIR_User Interpolation............
---- item 1: map is 0.73333, precision@k is 0.66667, mrr is 1.00000
---- item 51: map is 0.35417, precision@k is 0.09091, mrr is 1.00000
---- item 101: map is 0.62500, precision@k is 0.25000, mrr is 1.00000
---- item 151: map is 0.48788, precision@k is 0.27273, mrr is 1.00000
---- item 201: map is 0.34508, precision@k is 0.09091, mrr is 1.00000
---- item 251: map is 0.22500, precision@k is 0.20000, mrr is 0.25000
---- item 301: map is 0.50677, precision@k is 0.18182, mrr is 1.00000
---- item 351: map is 1.00000, precision@k is 1.00000, mrr is 1.00000
---- item 401: map is 0.34838, precision@k is 0.27273, mrr is 0.50000
---- item 451: map is 0.40932, precision@k is 0.09091, mrr is 1.00000
---- item 501: map is 0.34465, precision@k is 0.09091, mrr is 1.00000
---- item 551: map is 0.55263, precision@k is 0.09091, mrr is 1.00000
---- item 601: map is 0.43750, precision@k is 0.18182, mrr is 1.00000
---- item 651: map is 0.04603, precision@k is 0.00000, mrr is 0.03846
---- item 701: map is 0.16722, precision@k is 0.09091, mrr is 0.33333
---- item 751: map is 0.00424, precision@k is 0.00000, mrr is 0.00279
---- item 801: map is 0.41658, precision@k is 0.18182, mrr is 1.00000
---- item 851: map is 0.10680, precision@k is 0.09091, mrr is 0.25000
[Stat]ETBIR_User model, Interpolation mode item tagging: Precision@K is 0.21268, MAP is: 0.36083, MRR is: 0.64356, in top 10 tags

[Stat]Running time (seconds) 367.19600
[Stat]MAP 0.362+/-0.003
[Stat]MRR 0.654+/-0.014
[Stat]Precision 0.214+/-0.005
