Load 6134 2-gram new features from /home/ll5fy/TUIR/dataset/yelp/yelp_features.txt...
Load 6134 2-gram new features from /home/ll5fy/TUIR/dataset/yelp/yelp_features.txt...
[Info]Start FIXED cross validation...
[Info]Load 553 tags, with 6134 features.
260 users are loaded from /home/ll5fy/TUIR/dataset/yelp/byUser_70k_review/5foldsCVColdstart/0/...
244 users are loaded from /home/ll5fy/TUIR/dataset/yelp/byUser_70k_review/5foldsCVColdstart/1/...
266 users are loaded from /home/ll5fy/TUIR/dataset/yelp/byUser_70k_review/5foldsCVColdstart/2/...
264 users are loaded from /home/ll5fy/TUIR/dataset/yelp/byUser_70k_review/5foldsCVColdstart/3/...
256 users are loaded from /home/ll5fy/TUIR/dataset/yelp/byUser_70k_review/5foldsCVColdstart/4/...
[Info]Finish loading 861 items' weights in total 156639 items!
[Info]Begin tagging 861 items with ETBIR Embed............
---- item 1: map is 0.34646, precision@k is 0.09091, mrr is 1.00000
---- item 51: map is 0.29784, precision@k is 0.09091, mrr is 1.00000
---- item 101: map is 0.75000, precision@k is 0.50000, mrr is 1.00000
---- item 151: map is 0.37427, precision@k is 0.09091, mrr is 1.00000
---- item 201: map is 0.34608, precision@k is 0.09091, mrr is 1.00000
---- item 251: map is 0.00692, precision@k is 0.00000, mrr is 0.00541
---- item 301: map is 0.25984, precision@k is 0.09091, mrr is 1.00000
---- item 351: map is 0.51064, precision@k is 0.09091, mrr is 1.00000
---- item 401: map is 0.02747, precision@k is 0.00000, mrr is 0.02273
---- item 451: map is 0.36930, precision@k is 0.09091, mrr is 1.00000
---- item 501: map is 0.01542, precision@k is 0.00000, mrr is 0.00962
---- item 551: map is 0.55882, precision@k is 0.09091, mrr is 1.00000
---- item 601: map is 0.02059, precision@k is 0.00000, mrr is 0.01613
---- item 651: map is 0.03508, precision@k is 0.00000, mrr is 0.08333
---- item 701: map is 0.34705, precision@k is 0.09091, mrr is 1.00000
---- item 751: map is 0.00441, precision@k is 0.00000, mrr is 0.00291
---- item 801: map is 0.35274, precision@k is 0.09091, mrr is 1.00000
---- item 851: map is 0.05215, precision@k is 0.00000, mrr is 0.08333
[Stat]ETBIR model, Embed mode item tagging: Precision@K is 0.10167, MAP is: 0.29935, MRR is: 0.77577, in top 10 tags
244 users are loaded from /home/ll5fy/TUIR/dataset/yelp/byUser_70k_review/5foldsCVColdstart/1/...
260 users are loaded from /home/ll5fy/TUIR/dataset/yelp/byUser_70k_review/5foldsCVColdstart/0/...
266 users are loaded from /home/ll5fy/TUIR/dataset/yelp/byUser_70k_review/5foldsCVColdstart/2/...
264 users are loaded from /home/ll5fy/TUIR/dataset/yelp/byUser_70k_review/5foldsCVColdstart/3/...
256 users are loaded from /home/ll5fy/TUIR/dataset/yelp/byUser_70k_review/5foldsCVColdstart/4/...
[Info]Finish loading 861 items' weights in total 156639 items!
[Info]Begin tagging 861 items with ETBIR Embed............
---- item 1: map is 0.34759, precision@k is 0.09091, mrr is 1.00000
---- item 51: map is 0.29740, precision@k is 0.09091, mrr is 1.00000
---- item 101: map is 0.75000, precision@k is 0.50000, mrr is 1.00000
---- item 151: map is 0.37213, precision@k is 0.09091, mrr is 1.00000
---- item 201: map is 0.34729, precision@k is 0.09091, mrr is 1.00000
---- item 251: map is 0.00747, precision@k is 0.00000, mrr is 0.00559
---- item 301: map is 0.26140, precision@k is 0.09091, mrr is 1.00000
---- item 351: map is 0.51282, precision@k is 0.09091, mrr is 1.00000
---- item 401: map is 0.03031, precision@k is 0.00000, mrr is 0.02703
---- item 451: map is 0.36439, precision@k is 0.09091, mrr is 1.00000
---- item 501: map is 0.01716, precision@k is 0.00000, mrr is 0.00962
---- item 551: map is 0.70000, precision@k is 0.40000, mrr is 1.00000
---- item 601: map is 0.02231, precision@k is 0.00000, mrr is 0.02041
---- item 651: map is 0.02917, precision@k is 0.00000, mrr is 0.05556
---- item 701: map is 0.34478, precision@k is 0.09091, mrr is 1.00000
---- item 751: map is 0.00436, precision@k is 0.00000, mrr is 0.00279
---- item 801: map is 0.35813, precision@k is 0.09091, mrr is 1.00000
---- item 851: map is 0.04024, precision@k is 0.00000, mrr is 0.05556
[Stat]ETBIR model, Embed mode item tagging: Precision@K is 0.10579, MAP is: 0.30301, MRR is: 0.77429, in top 10 tags
266 users are loaded from /home/ll5fy/TUIR/dataset/yelp/byUser_70k_review/5foldsCVColdstart/2/...
260 users are loaded from /home/ll5fy/TUIR/dataset/yelp/byUser_70k_review/5foldsCVColdstart/0/...
244 users are loaded from /home/ll5fy/TUIR/dataset/yelp/byUser_70k_review/5foldsCVColdstart/1/...
264 users are loaded from /home/ll5fy/TUIR/dataset/yelp/byUser_70k_review/5foldsCVColdstart/3/...
256 users are loaded from /home/ll5fy/TUIR/dataset/yelp/byUser_70k_review/5foldsCVColdstart/4/...
[Info]Finish loading 861 items' weights in total 156639 items!
[Info]Begin tagging 861 items with ETBIR Embed............
---- item 1: map is 0.34675, precision@k is 0.09091, mrr is 1.00000
---- item 51: map is 0.29048, precision@k is 0.09091, mrr is 1.00000
---- item 101: map is 0.70000, precision@k is 0.40000, mrr is 1.00000
---- item 151: map is 0.37102, precision@k is 0.09091, mrr is 1.00000
---- item 201: map is 0.34491, precision@k is 0.09091, mrr is 1.00000
---- item 251: map is 0.00801, precision@k is 0.00000, mrr is 0.00602
---- item 301: map is 0.25995, precision@k is 0.09091, mrr is 1.00000
---- item 351: map is 0.51205, precision@k is 0.09091, mrr is 1.00000
---- item 401: map is 0.04339, precision@k is 0.00000, mrr is 0.05000
---- item 451: map is 0.36335, precision@k is 0.09091, mrr is 1.00000
---- item 501: map is 0.01422, precision@k is 0.00000, mrr is 0.01020
---- item 551: map is 0.64286, precision@k is 0.28571, mrr is 1.00000
---- item 601: map is 0.02862, precision@k is 0.00000, mrr is 0.03571
---- item 651: map is 0.03050, precision@k is 0.00000, mrr is 0.07692
---- item 701: map is 0.34475, precision@k is 0.09091, mrr is 1.00000
---- item 751: map is 0.00446, precision@k is 0.00000, mrr is 0.00283
---- item 801: map is 0.35482, precision@k is 0.09091, mrr is 1.00000
---- item 851: map is 0.05267, precision@k is 0.00000, mrr is 0.07692
[Stat]ETBIR model, Embed mode item tagging: Precision@K is 0.10120, MAP is: 0.29813, MRR is: 0.77662, in top 10 tags
264 users are loaded from /home/ll5fy/TUIR/dataset/yelp/byUser_70k_review/5foldsCVColdstart/3/...
260 users are loaded from /home/ll5fy/TUIR/dataset/yelp/byUser_70k_review/5foldsCVColdstart/0/...
244 users are loaded from /home/ll5fy/TUIR/dataset/yelp/byUser_70k_review/5foldsCVColdstart/1/...
266 users are loaded from /home/ll5fy/TUIR/dataset/yelp/byUser_70k_review/5foldsCVColdstart/2/...
256 users are loaded from /home/ll5fy/TUIR/dataset/yelp/byUser_70k_review/5foldsCVColdstart/4/...
[Info]Finish loading 861 items' weights in total 156639 items!
[Info]Begin tagging 861 items with ETBIR Embed............
---- item 1: map is 0.34639, precision@k is 0.09091, mrr is 1.00000
---- item 51: map is 0.29212, precision@k is 0.09091, mrr is 1.00000
---- item 101: map is 0.75000, precision@k is 0.50000, mrr is 1.00000
---- item 151: map is 0.37365, precision@k is 0.09091, mrr is 1.00000
---- item 201: map is 0.34516, precision@k is 0.09091, mrr is 1.00000
---- item 251: map is 0.50444, precision@k is 0.09091, mrr is 1.00000
---- item 301: map is 0.25835, precision@k is 0.09091, mrr is 1.00000
---- item 351: map is 0.51563, precision@k is 0.09091, mrr is 1.00000
---- item 401: map is 0.05146, precision@k is 0.00000, mrr is 0.06250
---- item 451: map is 0.35806, precision@k is 0.09091, mrr is 1.00000
---- item 501: map is 0.01366, precision@k is 0.00000, mrr is 0.01042
---- item 551: map is 0.61111, precision@k is 0.22222, mrr is 1.00000
---- item 601: map is 0.03122, precision@k is 0.00000, mrr is 0.04545
---- item 651: map is 0.02656, precision@k is 0.00000, mrr is 0.05000
---- item 701: map is 0.34367, precision@k is 0.09091, mrr is 1.00000
---- item 751: map is 0.00423, precision@k is 0.00000, mrr is 0.00266
---- item 801: map is 0.35317, precision@k is 0.09091, mrr is 1.00000
---- item 851: map is 0.04088, precision@k is 0.00000, mrr is 0.05000
[Stat]ETBIR model, Embed mode item tagging: Precision@K is 0.10645, MAP is: 0.30080, MRR is: 0.77708, in top 10 tags
256 users are loaded from /home/ll5fy/TUIR/dataset/yelp/byUser_70k_review/5foldsCVColdstart/4/...
260 users are loaded from /home/ll5fy/TUIR/dataset/yelp/byUser_70k_review/5foldsCVColdstart/0/...
244 users are loaded from /home/ll5fy/TUIR/dataset/yelp/byUser_70k_review/5foldsCVColdstart/1/...
266 users are loaded from /home/ll5fy/TUIR/dataset/yelp/byUser_70k_review/5foldsCVColdstart/2/...
264 users are loaded from /home/ll5fy/TUIR/dataset/yelp/byUser_70k_review/5foldsCVColdstart/3/...
[Info]Finish loading 861 items' weights in total 156639 items!
[Info]Begin tagging 861 items with ETBIR Embed............
---- item 1: map is 0.32626, precision@k is 0.09091, mrr is 1.00000
---- item 51: map is 0.30429, precision@k is 0.09091, mrr is 1.00000
---- item 101: map is 0.70000, precision@k is 0.40000, mrr is 1.00000
---- item 151: map is 0.26402, precision@k is 0.09091, mrr is 1.00000
---- item 201: map is 0.34721, precision@k is 0.09091, mrr is 1.00000
---- item 251: map is 0.00991, precision@k is 0.00000, mrr is 0.00699
---- item 301: map is 0.26041, precision@k is 0.09091, mrr is 1.00000
---- item 351: map is 0.51587, precision@k is 0.09091, mrr is 1.00000
---- item 401: map is 0.03616, precision@k is 0.00000, mrr is 0.02941
---- item 451: map is 0.36377, precision@k is 0.09091, mrr is 1.00000
---- item 501: map is 0.01319, precision@k is 0.00000, mrr is 0.01053
---- item 551: map is 0.75000, precision@k is 0.50000, mrr is 1.00000
---- item 601: map is 0.02623, precision@k is 0.00000, mrr is 0.02703
---- item 651: map is 0.02916, precision@k is 0.00000, mrr is 0.05882
---- item 701: map is 0.34474, precision@k is 0.09091, mrr is 1.00000
---- item 751: map is 0.00432, precision@k is 0.00000, mrr is 0.00272
---- item 801: map is 0.35677, precision@k is 0.09091, mrr is 1.00000
---- item 851: map is 0.03984, precision@k is 0.00000, mrr is 0.05882
[Stat]ETBIR model, Embed mode item tagging: Precision@K is 0.10755, MAP is: 0.30270, MRR is: 0.77575, in top 10 tags

[Stat]Running time (seconds) 27.33700
[Stat]MAP 0.301+/-0.002
[Stat]MRR 0.776+/-0.001
[Stat]Precision 0.105+/-0.003
