Load 6134 2-gram new features from /home/ll5fy/TUIR/dataset/yelp/yelp_features.txt...
Load 6134 2-gram new features from /home/ll5fy/TUIR/dataset/yelp/yelp_features.txt...
[Info]Start FIXED cross validation...
[Info]Load 553 tags, with 6134 features.
260 users are loaded from /home/ll5fy/TUIR/dataset/yelp/byUser_70k_review/5foldsCVColdstart/0/...
244 users are loaded from /home/ll5fy/TUIR/dataset/yelp/byUser_70k_review/5foldsCVColdstart/1/...
266 users are loaded from /home/ll5fy/TUIR/dataset/yelp/byUser_70k_review/5foldsCVColdstart/2/...
264 users are loaded from /home/ll5fy/TUIR/dataset/yelp/byUser_70k_review/5foldsCVColdstart/3/...
256 users are loaded from /home/ll5fy/TUIR/dataset/yelp/byUser_70k_review/5foldsCVColdstart/4/...
[Info]Finish loading 861 items' weights in total 156639 items!
[Info]Begin tagging 861 items with ETBIR Interpolation............
---- item 1: map is 0.34395, precision@k is 0.09091, mrr is 1.00000
---- item 51: map is 0.52282, precision@k is 0.18182, mrr is 1.00000
---- item 101: map is 1.00000, precision@k is 1.00000, mrr is 1.00000
---- item 151: map is 0.35358, precision@k is 0.09091, mrr is 1.00000
---- item 201: map is 0.34330, precision@k is 0.09091, mrr is 1.00000
---- item 251: map is 0.01462, precision@k is 0.00000, mrr is 0.01515
---- item 301: map is 0.26846, precision@k is 0.09091, mrr is 1.00000
---- item 351: map is 0.51250, precision@k is 0.09091, mrr is 1.00000
---- item 401: map is 0.06698, precision@k is 0.09091, mrr is 0.20000
---- item 451: map is 0.39141, precision@k is 0.09091, mrr is 1.00000
---- item 501: map is 0.02348, precision@k is 0.00000, mrr is 0.02778
---- item 551: map is 1.00000, precision@k is 1.00000, mrr is 1.00000
---- item 601: map is 0.02485, precision@k is 0.00000, mrr is 0.01563
---- item 651: map is 0.04327, precision@k is 0.09091, mrr is 0.14286
---- item 701: map is 0.34031, precision@k is 0.09091, mrr is 1.00000
---- item 751: map is 0.00460, precision@k is 0.00000, mrr is 0.00313
---- item 801: map is 0.34847, precision@k is 0.09091, mrr is 1.00000
---- item 851: map is 0.07727, precision@k is 0.09091, mrr is 0.20000
[Stat]ETBIR model, Interpolation mode item tagging: Precision@K is 0.14958, MAP is: 0.33304, MRR is: 0.76921, in top 10 tags
244 users are loaded from /home/ll5fy/TUIR/dataset/yelp/byUser_70k_review/5foldsCVColdstart/1/...
260 users are loaded from /home/ll5fy/TUIR/dataset/yelp/byUser_70k_review/5foldsCVColdstart/0/...
266 users are loaded from /home/ll5fy/TUIR/dataset/yelp/byUser_70k_review/5foldsCVColdstart/2/...
264 users are loaded from /home/ll5fy/TUIR/dataset/yelp/byUser_70k_review/5foldsCVColdstart/3/...
256 users are loaded from /home/ll5fy/TUIR/dataset/yelp/byUser_70k_review/5foldsCVColdstart/4/...
[Info]Finish loading 861 items' weights in total 156639 items!
[Info]Begin tagging 861 items with ETBIR Interpolation............
---- item 1: map is 0.34350, precision@k is 0.09091, mrr is 1.00000
---- item 51: map is 0.52455, precision@k is 0.18182, mrr is 1.00000
---- item 101: map is 1.00000, precision@k is 1.00000, mrr is 1.00000
---- item 151: map is 0.19633, precision@k is 0.09091, mrr is 0.50000
---- item 201: map is 0.34241, precision@k is 0.09091, mrr is 1.00000
---- item 251: map is 0.03001, precision@k is 0.00000, mrr is 0.04167
---- item 301: map is 0.38018, precision@k is 0.18182, mrr is 1.00000
---- item 351: map is 0.52273, precision@k is 0.09091, mrr is 1.00000
---- item 401: map is 0.16547, precision@k is 0.18182, mrr is 0.50000
---- item 451: map is 0.71930, precision@k is 0.18182, mrr is 1.00000
---- item 501: map is 0.02090, precision@k is 0.00000, mrr is 0.02326
---- item 551: map is 1.00000, precision@k is 1.00000, mrr is 1.00000
---- item 601: map is 0.31526, precision@k is 0.09091, mrr is 1.00000
---- item 651: map is 0.03535, precision@k is 0.00000, mrr is 0.07692
---- item 701: map is 0.17448, precision@k is 0.09091, mrr is 0.50000
---- item 751: map is 0.00447, precision@k is 0.00000, mrr is 0.00282
---- item 801: map is 0.34828, precision@k is 0.09091, mrr is 1.00000
---- item 851: map is 0.07932, precision@k is 0.09091, mrr is 0.25000
[Stat]ETBIR model, Interpolation mode item tagging: Precision@K is 0.18945, MAP is: 0.36818, MRR is: 0.77094, in top 10 tags
266 users are loaded from /home/ll5fy/TUIR/dataset/yelp/byUser_70k_review/5foldsCVColdstart/2/...
260 users are loaded from /home/ll5fy/TUIR/dataset/yelp/byUser_70k_review/5foldsCVColdstart/0/...
244 users are loaded from /home/ll5fy/TUIR/dataset/yelp/byUser_70k_review/5foldsCVColdstart/1/...
264 users are loaded from /home/ll5fy/TUIR/dataset/yelp/byUser_70k_review/5foldsCVColdstart/3/...
256 users are loaded from /home/ll5fy/TUIR/dataset/yelp/byUser_70k_review/5foldsCVColdstart/4/...
[Info]Finish loading 861 items' weights in total 156639 items!
[Info]Begin tagging 861 items with ETBIR Interpolation............
---- item 1: map is 0.35035, precision@k is 0.09091, mrr is 1.00000
---- item 51: map is 0.52817, precision@k is 0.18182, mrr is 1.00000
---- item 101: map is 0.83333, precision@k is 0.66667, mrr is 1.00000
---- item 151: map is 0.19403, precision@k is 0.09091, mrr is 0.50000
---- item 201: map is 0.34437, precision@k is 0.09091, mrr is 1.00000
---- item 251: map is 0.05446, precision@k is 0.00000, mrr is 0.09091
---- item 301: map is 0.50477, precision@k is 0.18182, mrr is 1.00000
---- item 351: map is 0.52857, precision@k is 0.09091, mrr is 1.00000
---- item 401: map is 0.23093, precision@k is 0.18182, mrr is 0.50000
---- item 451: map is 0.61111, precision@k is 0.18182, mrr is 1.00000
---- item 501: map is 0.18168, precision@k is 0.09091, mrr is 0.50000
---- item 551: map is 1.00000, precision@k is 1.00000, mrr is 1.00000
---- item 601: map is 0.43765, precision@k is 0.18182, mrr is 1.00000
---- item 651: map is 0.03855, precision@k is 0.09091, mrr is 0.11111
---- item 701: map is 0.17369, precision@k is 0.09091, mrr is 0.50000
---- item 751: map is 0.00479, precision@k is 0.00000, mrr is 0.00319
---- item 801: map is 0.35879, precision@k is 0.09091, mrr is 1.00000
---- item 851: map is 0.11364, precision@k is 0.18182, mrr is 0.25000
[Stat]ETBIR model, Interpolation mode item tagging: Precision@K is 0.19853, MAP is: 0.37126, MRR is: 0.74747, in top 10 tags
264 users are loaded from /home/ll5fy/TUIR/dataset/yelp/byUser_70k_review/5foldsCVColdstart/3/...
260 users are loaded from /home/ll5fy/TUIR/dataset/yelp/byUser_70k_review/5foldsCVColdstart/0/...
244 users are loaded from /home/ll5fy/TUIR/dataset/yelp/byUser_70k_review/5foldsCVColdstart/1/...
266 users are loaded from /home/ll5fy/TUIR/dataset/yelp/byUser_70k_review/5foldsCVColdstart/2/...
256 users are loaded from /home/ll5fy/TUIR/dataset/yelp/byUser_70k_review/5foldsCVColdstart/4/...
[Info]Finish loading 861 items' weights in total 156639 items!
[Info]Begin tagging 861 items with ETBIR Interpolation............
---- item 1: map is 0.34878, precision@k is 0.09091, mrr is 1.00000
---- item 51: map is 0.54086, precision@k is 0.18182, mrr is 1.00000
---- item 101: map is 1.00000, precision@k is 1.00000, mrr is 1.00000
---- item 151: map is 0.19903, precision@k is 0.09091, mrr is 0.50000
---- item 201: map is 0.34356, precision@k is 0.09091, mrr is 1.00000
---- item 251: map is 0.50448, precision@k is 0.09091, mrr is 1.00000
---- item 301: map is 0.50435, precision@k is 0.18182, mrr is 1.00000
---- item 351: map is 0.54167, precision@k is 0.09091, mrr is 1.00000
---- item 401: map is 0.24134, precision@k is 0.18182, mrr is 0.50000
---- item 451: map is 0.58187, precision@k is 0.18182, mrr is 1.00000
---- item 501: map is 0.34834, precision@k is 0.09091, mrr is 1.00000
---- item 551: map is 1.00000, precision@k is 1.00000, mrr is 1.00000
---- item 601: map is 0.43821, precision@k is 0.18182, mrr is 1.00000
---- item 651: map is 0.03080, precision@k is 0.00000, mrr is 0.06250
---- item 701: map is 0.17418, precision@k is 0.09091, mrr is 0.50000
---- item 751: map is 0.00457, precision@k is 0.00000, mrr is 0.00310
---- item 801: map is 0.38225, precision@k is 0.09091, mrr is 1.00000
---- item 851: map is 0.07539, precision@k is 0.09091, mrr is 0.25000
[Stat]ETBIR model, Interpolation mode item tagging: Precision@K is 0.21026, MAP is: 0.37857, MRR is: 0.73413, in top 10 tags
256 users are loaded from /home/ll5fy/TUIR/dataset/yelp/byUser_70k_review/5foldsCVColdstart/4/...
260 users are loaded from /home/ll5fy/TUIR/dataset/yelp/byUser_70k_review/5foldsCVColdstart/0/...
244 users are loaded from /home/ll5fy/TUIR/dataset/yelp/byUser_70k_review/5foldsCVColdstart/1/...
266 users are loaded from /home/ll5fy/TUIR/dataset/yelp/byUser_70k_review/5foldsCVColdstart/2/...
264 users are loaded from /home/ll5fy/TUIR/dataset/yelp/byUser_70k_review/5foldsCVColdstart/3/...
[Info]Finish loading 861 items' weights in total 156639 items!
[Info]Begin tagging 861 items with ETBIR Interpolation............
---- item 1: map is 0.63839, precision@k is 0.27273, mrr is 1.00000
---- item 51: map is 0.53166, precision@k is 0.18182, mrr is 1.00000
---- item 101: map is 0.83333, precision@k is 0.66667, mrr is 1.00000
---- item 151: map is 0.48634, precision@k is 0.27273, mrr is 1.00000
---- item 201: map is 0.34375, precision@k is 0.09091, mrr is 1.00000
---- item 251: map is 0.10917, precision@k is 0.09091, mrr is 0.20000
---- item 301: map is 0.50492, precision@k is 0.18182, mrr is 1.00000
---- item 351: map is 0.54000, precision@k is 0.09091, mrr is 1.00000
---- item 401: map is 0.30655, precision@k is 0.18182, mrr is 0.50000
---- item 451: map is 0.51538, precision@k is 0.18182, mrr is 1.00000
---- item 501: map is 0.34679, precision@k is 0.09091, mrr is 1.00000
---- item 551: map is 1.00000, precision@k is 1.00000, mrr is 1.00000
---- item 601: map is 0.43821, precision@k is 0.18182, mrr is 1.00000
---- item 651: map is 0.03585, precision@k is 0.09091, mrr is 0.10000
---- item 701: map is 0.17480, precision@k is 0.09091, mrr is 0.50000
---- item 751: map is 0.00442, precision@k is 0.00000, mrr is 0.00291
---- item 801: map is 0.36003, precision@k is 0.09091, mrr is 1.00000
---- item 851: map is 0.08719, precision@k is 0.09091, mrr is 0.25000
[Stat]ETBIR model, Interpolation mode item tagging: Precision@K is 0.21696, MAP is: 0.38314, MRR is: 0.73196, in top 10 tags

[Stat]Running time (seconds) 369.28700
[Stat]MAP 0.367+/-0.018
[Stat]MRR 0.751+/-0.017
[Stat]Precision 0.193+/-0.024
