Load 6134 2-gram new features from /home/ll5fy/TUIR/dataset/yelp/yelp_features.txt...
Load 6134 2-gram new features from /home/ll5fy/TUIR/dataset/yelp/yelp_features.txt...
[Info]Start FIXED cross validation...
[Info]Load 553 tags, with 6134 features.
260 users are loaded from /home/ll5fy/TUIR/dataset/yelp/byUser_70k_review/5foldsCVColdstart/0/...
244 users are loaded from /home/ll5fy/TUIR/dataset/yelp/byUser_70k_review/5foldsCVColdstart/1/...
266 users are loaded from /home/ll5fy/TUIR/dataset/yelp/byUser_70k_review/5foldsCVColdstart/2/...
264 users are loaded from /home/ll5fy/TUIR/dataset/yelp/byUser_70k_review/5foldsCVColdstart/3/...
256 users are loaded from /home/ll5fy/TUIR/dataset/yelp/byUser_70k_review/5foldsCVColdstart/4/...
[Info]Finish loading 861 items' weights in total 156639 items!
[Info]Begin tagging 861 items with ETBIR_User Interpolation............
---- item 1: map is 0.41890, precision@k is 0.18182, mrr is 1.00000
---- item 51: map is 0.56274, precision@k is 0.18182, mrr is 1.00000
---- item 101: map is 0.83333, precision@k is 0.66667, mrr is 1.00000
---- item 151: map is 0.21032, precision@k is 0.09091, mrr is 0.50000
---- item 201: map is 0.34529, precision@k is 0.09091, mrr is 1.00000
---- item 251: map is 0.13370, precision@k is 0.09091, mrr is 0.25000
---- item 301: map is 0.50571, precision@k is 0.18182, mrr is 1.00000
---- item 351: map is 0.51818, precision@k is 0.09091, mrr is 1.00000
---- item 401: map is 0.13205, precision@k is 0.09091, mrr is 0.50000
---- item 451: map is 0.58586, precision@k is 0.18182, mrr is 1.00000
---- item 501: map is 0.34530, precision@k is 0.09091, mrr is 1.00000
---- item 551: map is 0.75000, precision@k is 0.50000, mrr is 1.00000
---- item 601: map is 0.02189, precision@k is 0.00000, mrr is 0.01667
---- item 651: map is 0.02727, precision@k is 0.00000, mrr is 0.03571
---- item 701: map is 0.34342, precision@k is 0.09091, mrr is 1.00000
---- item 751: map is 0.00433, precision@k is 0.00000, mrr is 0.00286
---- item 801: map is 0.37907, precision@k is 0.09091, mrr is 1.00000
---- item 851: map is 0.08065, precision@k is 0.09091, mrr is 0.25000
[Stat]ETBIR_User model, Interpolation mode item tagging: Precision@K is 0.20922, MAP is: 0.37081, MRR is: 0.71135, in top 10 tags
244 users are loaded from /home/ll5fy/TUIR/dataset/yelp/byUser_70k_review/5foldsCVColdstart/1/...
260 users are loaded from /home/ll5fy/TUIR/dataset/yelp/byUser_70k_review/5foldsCVColdstart/0/...
266 users are loaded from /home/ll5fy/TUIR/dataset/yelp/byUser_70k_review/5foldsCVColdstart/2/...
264 users are loaded from /home/ll5fy/TUIR/dataset/yelp/byUser_70k_review/5foldsCVColdstart/3/...
256 users are loaded from /home/ll5fy/TUIR/dataset/yelp/byUser_70k_review/5foldsCVColdstart/4/...
[Info]Finish loading 861 items' weights in total 156639 items!
[Info]Begin tagging 861 items with ETBIR_User Interpolation............
---- item 1: map is 0.43058, precision@k is 0.18182, mrr is 1.00000
---- item 51: map is 0.41865, precision@k is 0.18182, mrr is 1.00000
---- item 101: map is 0.83333, precision@k is 0.66667, mrr is 1.00000
---- item 151: map is 0.13848, precision@k is 0.09091, mrr is 0.33333
---- item 201: map is 0.34547, precision@k is 0.09091, mrr is 1.00000
---- item 251: map is 0.14826, precision@k is 0.09091, mrr is 0.25000
---- item 301: map is 0.50610, precision@k is 0.18182, mrr is 1.00000
---- item 351: map is 0.53846, precision@k is 0.09091, mrr is 1.00000
---- item 401: map is 0.27971, precision@k is 0.27273, mrr is 0.50000
---- item 451: map is 0.57937, precision@k is 0.18182, mrr is 1.00000
---- item 501: map is 0.34512, precision@k is 0.09091, mrr is 1.00000
---- item 551: map is 0.75000, precision@k is 0.50000, mrr is 1.00000
---- item 601: map is 0.43217, precision@k is 0.18182, mrr is 1.00000
---- item 651: map is 0.02823, precision@k is 0.00000, mrr is 0.06250
---- item 701: map is 0.18200, precision@k is 0.09091, mrr is 0.50000
---- item 751: map is 0.00427, precision@k is 0.00000, mrr is 0.00272
---- item 801: map is 0.40820, precision@k is 0.18182, mrr is 1.00000
---- item 851: map is 0.10242, precision@k is 0.09091, mrr is 0.33333
[Stat]ETBIR_User model, Interpolation mode item tagging: Precision@K is 0.21976, MAP is: 0.37409, MRR is: 0.68221, in top 10 tags
266 users are loaded from /home/ll5fy/TUIR/dataset/yelp/byUser_70k_review/5foldsCVColdstart/2/...
260 users are loaded from /home/ll5fy/TUIR/dataset/yelp/byUser_70k_review/5foldsCVColdstart/0/...
244 users are loaded from /home/ll5fy/TUIR/dataset/yelp/byUser_70k_review/5foldsCVColdstart/1/...
264 users are loaded from /home/ll5fy/TUIR/dataset/yelp/byUser_70k_review/5foldsCVColdstart/3/...
256 users are loaded from /home/ll5fy/TUIR/dataset/yelp/byUser_70k_review/5foldsCVColdstart/4/...
[Info]Finish loading 861 items' weights in total 156639 items!
[Info]Begin tagging 861 items with ETBIR_User Interpolation............
---- item 1: map is 0.55807, precision@k is 0.18182, mrr is 1.00000
---- item 51: map is 0.42255, precision@k is 0.18182, mrr is 1.00000
---- item 101: map is 0.75000, precision@k is 0.50000, mrr is 1.00000
---- item 151: map is 0.17388, precision@k is 0.09091, mrr is 0.33333
---- item 201: map is 0.34498, precision@k is 0.09091, mrr is 1.00000
---- item 251: map is 0.16071, precision@k is 0.09091, mrr is 0.25000
---- item 301: map is 0.50544, precision@k is 0.18182, mrr is 1.00000
---- item 351: map is 0.57692, precision@k is 0.09091, mrr is 1.00000
---- item 401: map is 0.34663, precision@k is 0.27273, mrr is 0.50000
---- item 451: map is 0.59127, precision@k is 0.18182, mrr is 1.00000
---- item 501: map is 0.34508, precision@k is 0.09091, mrr is 1.00000
---- item 551: map is 0.70000, precision@k is 0.40000, mrr is 1.00000
---- item 601: map is 0.43368, precision@k is 0.18182, mrr is 1.00000
---- item 651: map is 0.02869, precision@k is 0.00000, mrr is 0.06250
---- item 701: map is 0.17783, precision@k is 0.09091, mrr is 0.50000
---- item 751: map is 0.00436, precision@k is 0.00000, mrr is 0.00268
---- item 801: map is 0.41460, precision@k is 0.18182, mrr is 1.00000
---- item 851: map is 0.09400, precision@k is 0.09091, mrr is 0.25000
[Stat]ETBIR_User model, Interpolation mode item tagging: Precision@K is 0.22603, MAP is: 0.37306, MRR is: 0.66597, in top 10 tags
264 users are loaded from /home/ll5fy/TUIR/dataset/yelp/byUser_70k_review/5foldsCVColdstart/3/...
260 users are loaded from /home/ll5fy/TUIR/dataset/yelp/byUser_70k_review/5foldsCVColdstart/0/...
244 users are loaded from /home/ll5fy/TUIR/dataset/yelp/byUser_70k_review/5foldsCVColdstart/1/...
266 users are loaded from /home/ll5fy/TUIR/dataset/yelp/byUser_70k_review/5foldsCVColdstart/2/...
256 users are loaded from /home/ll5fy/TUIR/dataset/yelp/byUser_70k_review/5foldsCVColdstart/4/...
[Info]Finish loading 861 items' weights in total 156639 items!
[Info]Begin tagging 861 items with ETBIR_User Interpolation............
---- item 1: map is 0.55798, precision@k is 0.18182, mrr is 1.00000
---- item 51: map is 0.37306, precision@k is 0.18182, mrr is 1.00000
---- item 101: map is 0.75000, precision@k is 0.50000, mrr is 1.00000
---- item 151: map is 0.23556, precision@k is 0.18182, mrr is 0.33333
---- item 201: map is 0.34474, precision@k is 0.09091, mrr is 1.00000
---- item 251: map is 0.26786, precision@k is 0.09091, mrr is 0.50000
---- item 301: map is 0.50555, precision@k is 0.18182, mrr is 1.00000
---- item 351: map is 0.75000, precision@k is 0.50000, mrr is 1.00000
---- item 401: map is 0.34903, precision@k is 0.27273, mrr is 0.50000
---- item 451: map is 0.43018, precision@k is 0.18182, mrr is 1.00000
---- item 501: map is 0.34547, precision@k is 0.09091, mrr is 1.00000
---- item 551: map is 0.62500, precision@k is 0.25000, mrr is 1.00000
---- item 601: map is 0.43482, precision@k is 0.18182, mrr is 1.00000
---- item 651: map is 0.03397, precision@k is 0.00000, mrr is 0.06667
---- item 701: map is 0.18403, precision@k is 0.09091, mrr is 0.50000
---- item 751: map is 0.00431, precision@k is 0.00000, mrr is 0.00265
---- item 801: map is 0.41574, precision@k is 0.18182, mrr is 1.00000
---- item 851: map is 0.11324, precision@k is 0.09091, mrr is 0.33333
[Stat]ETBIR_User model, Interpolation mode item tagging: Precision@K is 0.22777, MAP is: 0.37045, MRR is: 0.66149, in top 10 tags
256 users are loaded from /home/ll5fy/TUIR/dataset/yelp/byUser_70k_review/5foldsCVColdstart/4/...
260 users are loaded from /home/ll5fy/TUIR/dataset/yelp/byUser_70k_review/5foldsCVColdstart/0/...
244 users are loaded from /home/ll5fy/TUIR/dataset/yelp/byUser_70k_review/5foldsCVColdstart/1/...
266 users are loaded from /home/ll5fy/TUIR/dataset/yelp/byUser_70k_review/5foldsCVColdstart/2/...
264 users are loaded from /home/ll5fy/TUIR/dataset/yelp/byUser_70k_review/5foldsCVColdstart/3/...
[Info]Finish loading 861 items' weights in total 156639 items!
[Info]Begin tagging 861 items with ETBIR_User Interpolation............
---- item 1: map is 0.73333, precision@k is 0.66667, mrr is 1.00000
---- item 51: map is 0.36339, precision@k is 0.18182, mrr is 1.00000
---- item 101: map is 0.75000, precision@k is 0.50000, mrr is 1.00000
---- item 151: map is 0.52822, precision@k is 0.27273, mrr is 1.00000
---- item 201: map is 0.34589, precision@k is 0.09091, mrr is 1.00000
---- item 251: map is 0.19643, precision@k is 0.09091, mrr is 0.25000
---- item 301: map is 0.50579, precision@k is 0.18182, mrr is 1.00000
---- item 351: map is 0.83333, precision@k is 0.66667, mrr is 1.00000
---- item 401: map is 0.34933, precision@k is 0.27273, mrr is 0.50000
---- item 451: map is 0.42778, precision@k is 0.18182, mrr is 1.00000
---- item 501: map is 0.34395, precision@k is 0.09091, mrr is 1.00000
---- item 551: map is 0.61111, precision@k is 0.22222, mrr is 1.00000
---- item 601: map is 0.43591, precision@k is 0.18182, mrr is 1.00000
---- item 651: map is 0.02971, precision@k is 0.00000, mrr is 0.05000
---- item 701: map is 0.18323, precision@k is 0.09091, mrr is 0.50000
---- item 751: map is 0.00424, precision@k is 0.00000, mrr is 0.00268
---- item 801: map is 0.41481, precision@k is 0.18182, mrr is 1.00000
---- item 851: map is 0.10342, precision@k is 0.09091, mrr is 0.25000
[Stat]ETBIR_User model, Interpolation mode item tagging: Precision@K is 0.22784, MAP is: 0.37079, MRR is: 0.65740, in top 10 tags

[Stat]Running time (seconds) 365.24700
[Stat]MAP 0.372+/-0.001
[Stat]MRR 0.676+/-0.020
[Stat]Precision 0.222+/-0.007
