Load 6134 2-gram new features from /home/ll5fy/TUIR/dataset/yelp/yelp_features.txt...
Load 6134 2-gram new features from /home/ll5fy/TUIR/dataset/yelp/yelp_features.txt...
[Info]Start FIXED cross validation...
[Info]Load 553 tags, with 6134 features.
260 users are loaded from /home/ll5fy/TUIR/dataset/yelp/byUser_70k_review/5foldsCVColdstart/0/...
244 users are loaded from /home/ll5fy/TUIR/dataset/yelp/byUser_70k_review/5foldsCVColdstart/1/...
266 users are loaded from /home/ll5fy/TUIR/dataset/yelp/byUser_70k_review/5foldsCVColdstart/2/...
264 users are loaded from /home/ll5fy/TUIR/dataset/yelp/byUser_70k_review/5foldsCVColdstart/3/...
256 users are loaded from /home/ll5fy/TUIR/dataset/yelp/byUser_70k_review/5foldsCVColdstart/4/...
[Info]Finish loading 722 items' weights in total 156639 items!
[Info]Begin tagging 722 items with LDA_User Interpolation............
---- item 1: map is 0.50901, precision@k is 0.18182, mrr is 1.00000
---- item 51: map is 0.25187, precision@k is 0.09091, mrr is 0.50000
---- item 101: map is 0.30000, precision@k is 0.09091, mrr is 0.50000
---- item 151: map is 0.14548, precision@k is 0.09091, mrr is 0.33333
---- item 201: map is 0.38606, precision@k is 0.18182, mrr is 1.00000
---- item 251: map is 0.83333, precision@k is 0.66667, mrr is 1.00000
---- item 301: map is 0.10105, precision@k is 0.09091, mrr is 0.25000
---- item 351: map is 0.38188, precision@k is 0.18182, mrr is 1.00000
---- item 401: map is 0.36389, precision@k is 0.18182, mrr is 1.00000
---- item 451: map is 0.48167, precision@k is 0.18182, mrr is 1.00000
---- item 501: map is 0.17363, precision@k is 0.09091, mrr is 0.50000
---- item 551: map is 0.36569, precision@k is 0.09091, mrr is 1.00000
---- item 601: map is 0.41667, precision@k is 0.50000, mrr is 0.33333
---- item 651: map is 0.23095, precision@k is 0.18182, mrr is 0.50000
---- item 701: map is 0.29167, precision@k is 0.33333, mrr is 0.25000
[Stat]LDA_User model, Interpolation mode item tagging: Precision@K is 0.16951, MAP is: 0.28112, MRR is: 0.56212, in top 10 tags
244 users are loaded from /home/ll5fy/TUIR/dataset/yelp/byUser_70k_review/5foldsCVColdstart/1/...
260 users are loaded from /home/ll5fy/TUIR/dataset/yelp/byUser_70k_review/5foldsCVColdstart/0/...
266 users are loaded from /home/ll5fy/TUIR/dataset/yelp/byUser_70k_review/5foldsCVColdstart/2/...
264 users are loaded from /home/ll5fy/TUIR/dataset/yelp/byUser_70k_review/5foldsCVColdstart/3/...
256 users are loaded from /home/ll5fy/TUIR/dataset/yelp/byUser_70k_review/5foldsCVColdstart/4/...
[Info]Finish loading 732 items' weights in total 156639 items!
[Info]Begin tagging 732 items with LDA_User Interpolation............
---- item 1: map is 0.67917, precision@k is 0.18182, mrr is 1.00000
---- item 51: map is 0.34813, precision@k is 0.09091, mrr is 1.00000
---- item 101: map is 0.12682, precision@k is 0.09091, mrr is 0.25000
---- item 151: map is 0.42613, precision@k is 0.18182, mrr is 1.00000
---- item 201: map is 0.83333, precision@k is 0.66667, mrr is 1.00000
---- item 251: map is 0.29000, precision@k is 0.09091, mrr is 0.50000
---- item 301: map is 0.44716, precision@k is 0.18182, mrr is 1.00000
---- item 351: map is 0.28030, precision@k is 0.09091, mrr is 0.50000
---- item 401: map is 0.18099, precision@k is 0.09091, mrr is 0.50000
---- item 451: map is 0.26157, precision@k is 0.18182, mrr is 1.00000
---- item 501: map is 0.50000, precision@k is 0.50000, mrr is 0.50000
---- item 551: map is 0.00450, precision@k is 0.00000, mrr is 0.00266
---- item 601: map is 0.01708, precision@k is 0.00000, mrr is 0.01887
---- item 651: map is 0.21211, precision@k is 0.09091, mrr is 0.50000
---- item 701: map is 0.41647, precision@k is 0.18182, mrr is 1.00000
[Stat]LDA_User model, Interpolation mode item tagging: Precision@K is 0.21780, MAP is: 0.38112, MRR is: 0.71603, in top 10 tags
266 users are loaded from /home/ll5fy/TUIR/dataset/yelp/byUser_70k_review/5foldsCVColdstart/2/...
260 users are loaded from /home/ll5fy/TUIR/dataset/yelp/byUser_70k_review/5foldsCVColdstart/0/...
244 users are loaded from /home/ll5fy/TUIR/dataset/yelp/byUser_70k_review/5foldsCVColdstart/1/...
264 users are loaded from /home/ll5fy/TUIR/dataset/yelp/byUser_70k_review/5foldsCVColdstart/3/...
256 users are loaded from /home/ll5fy/TUIR/dataset/yelp/byUser_70k_review/5foldsCVColdstart/4/...
[Info]Finish loading 702 items' weights in total 156639 items!
[Info]Begin tagging 702 items with LDA_User Interpolation............
---- item 1: map is 0.50226, precision@k is 0.18182, mrr is 1.00000
---- item 51: map is 0.33147, precision@k is 0.27273, mrr is 0.50000
---- item 101: map is 0.50500, precision@k is 0.09091, mrr is 1.00000
---- item 151: map is 0.26863, precision@k is 0.18182, mrr is 0.50000
---- item 201: map is 0.19998, precision@k is 0.09091, mrr is 1.00000
---- item 251: map is 0.24715, precision@k is 0.27273, mrr is 0.50000
---- item 301: map is 0.17480, precision@k is 0.18182, mrr is 0.25000
---- item 351: map is 0.45107, precision@k is 0.18182, mrr is 1.00000
---- item 401: map is 0.47004, precision@k is 0.27273, mrr is 1.00000
---- item 451: map is 0.75581, precision@k is 0.27273, mrr is 1.00000
---- item 501: map is 0.33165, precision@k is 0.27273, mrr is 0.50000
---- item 551: map is 0.56874, precision@k is 0.27273, mrr is 1.00000
---- item 601: map is 0.29795, precision@k is 0.27273, mrr is 0.50000
---- item 651: map is 0.39877, precision@k is 0.09091, mrr is 1.00000
---- item 701: map is 0.50000, precision@k is 0.50000, mrr is 0.50000
[Stat]LDA_User model, Interpolation mode item tagging: Precision@K is 0.21561, MAP is: 0.37867, MRR is: 0.69204, in top 10 tags
264 users are loaded from /home/ll5fy/TUIR/dataset/yelp/byUser_70k_review/5foldsCVColdstart/3/...
260 users are loaded from /home/ll5fy/TUIR/dataset/yelp/byUser_70k_review/5foldsCVColdstart/0/...
244 users are loaded from /home/ll5fy/TUIR/dataset/yelp/byUser_70k_review/5foldsCVColdstart/1/...
266 users are loaded from /home/ll5fy/TUIR/dataset/yelp/byUser_70k_review/5foldsCVColdstart/2/...
256 users are loaded from /home/ll5fy/TUIR/dataset/yelp/byUser_70k_review/5foldsCVColdstart/4/...
[Info]Finish loading 717 items' weights in total 156639 items!
[Info]Begin tagging 717 items with LDA_User Interpolation............
---- item 1: map is 0.67742, precision@k is 0.18182, mrr is 1.00000
---- item 51: map is 0.41988, precision@k is 0.18182, mrr is 1.00000
---- item 101: map is 0.21591, precision@k is 0.09091, mrr is 0.25000
---- item 151: map is 0.09023, precision@k is 0.09091, mrr is 0.16667
---- item 201: map is 0.28036, precision@k is 0.18182, mrr is 0.50000
---- item 251: map is 0.16897, precision@k is 0.09091, mrr is 0.33333
---- item 301: map is 0.27764, precision@k is 0.18182, mrr is 0.33333
---- item 351: map is 0.02347, precision@k is 0.00000, mrr is 0.03226
---- item 401: map is 0.00707, precision@k is 0.00000, mrr is 0.00488
---- item 451: map is 0.53226, precision@k is 0.09091, mrr is 1.00000
---- item 501: map is 1.00000, precision@k is 1.00000, mrr is 1.00000
---- item 551: map is 0.67034, precision@k is 0.18182, mrr is 1.00000
---- item 601: map is 0.11930, precision@k is 0.09091, mrr is 0.33333
---- item 651: map is 0.26434, precision@k is 0.18182, mrr is 0.50000
---- item 701: map is 0.37602, precision@k is 0.18182, mrr is 1.00000
[Stat]LDA_User model, Interpolation mode item tagging: Precision@K is 0.22863, MAP is: 0.38824, MRR is: 0.70175, in top 10 tags
256 users are loaded from /home/ll5fy/TUIR/dataset/yelp/byUser_70k_review/5foldsCVColdstart/4/...
260 users are loaded from /home/ll5fy/TUIR/dataset/yelp/byUser_70k_review/5foldsCVColdstart/0/...
244 users are loaded from /home/ll5fy/TUIR/dataset/yelp/byUser_70k_review/5foldsCVColdstart/1/...
266 users are loaded from /home/ll5fy/TUIR/dataset/yelp/byUser_70k_review/5foldsCVColdstart/2/...
264 users are loaded from /home/ll5fy/TUIR/dataset/yelp/byUser_70k_review/5foldsCVColdstart/3/...
[Info]Finish loading 726 items' weights in total 156639 items!
[Info]Begin tagging 726 items with LDA_User Interpolation............
---- item 1: map is 0.67610, precision@k is 0.18182, mrr is 1.00000
---- item 51: map is 0.22781, precision@k is 0.09091, mrr is 1.00000
---- item 101: map is 0.51786, precision@k is 0.18182, mrr is 1.00000
---- item 151: map is 0.17951, precision@k is 0.09091, mrr is 0.50000
---- item 201: map is 0.75000, precision@k is 0.50000, mrr is 1.00000
---- item 251: map is 0.34627, precision@k is 0.09091, mrr is 1.00000
---- item 301: map is 0.41940, precision@k is 0.18182, mrr is 1.00000
---- item 351: map is 1.00000, precision@k is 1.00000, mrr is 1.00000
---- item 401: map is 0.37079, precision@k is 0.09091, mrr is 1.00000
---- item 451: map is 0.19462, precision@k is 0.09091, mrr is 0.50000
---- item 501: map is 0.55935, precision@k is 0.18182, mrr is 1.00000
---- item 551: map is 0.50195, precision@k is 0.27273, mrr is 1.00000
---- item 601: map is 0.42009, precision@k is 0.27273, mrr is 0.50000
---- item 651: map is 0.60000, precision@k is 0.30000, mrr is 1.00000
---- item 701: map is 0.50759, precision@k is 0.18182, mrr is 1.00000
[Stat]LDA_User model, Interpolation mode item tagging: Precision@K is 0.22790, MAP is: 0.38464, MRR is: 0.69098, in top 10 tags

[Stat]Running time (seconds) 300.15300
[Stat]MAP 0.363+/-0.041
[Stat]MRR 0.673+/-0.056
[Stat]Precision 0.212+/-0.022
