Load 6134 2-gram new features from /home/ll5fy/TUIR/dataset/yelp/yelp_features.txt...
Load 6134 2-gram new features from /home/ll5fy/TUIR/dataset/yelp/yelp_features.txt...
[Info]Start FIXED cross validation...
[Info]Load 553 tags, with 6134 features.
260 users are loaded from /home/ll5fy/TUIR/dataset/yelp/byUser_70k_review/5foldsCVColdstart/0/...
244 users are loaded from /home/ll5fy/TUIR/dataset/yelp/byUser_70k_review/5foldsCVColdstart/1/...
266 users are loaded from /home/ll5fy/TUIR/dataset/yelp/byUser_70k_review/5foldsCVColdstart/2/...
264 users are loaded from /home/ll5fy/TUIR/dataset/yelp/byUser_70k_review/5foldsCVColdstart/3/...
256 users are loaded from /home/ll5fy/TUIR/dataset/yelp/byUser_70k_review/5foldsCVColdstart/4/...
[Info]Finish loading 861 items' weights in total 156639 items!
[Info]Begin tagging 861 items with ETBIR_User Interpolation............
---- item 1: map is 0.34617, precision@k is 0.09091, mrr is 1.00000
---- item 51: map is 0.52620, precision@k is 0.18182, mrr is 1.00000
---- item 101: map is 1.00000, precision@k is 1.00000, mrr is 1.00000
---- item 151: map is 0.35545, precision@k is 0.09091, mrr is 1.00000
---- item 201: map is 0.34379, precision@k is 0.09091, mrr is 1.00000
---- item 251: map is 0.07193, precision@k is 0.09091, mrr is 0.12500
---- item 301: map is 0.50466, precision@k is 0.18182, mrr is 1.00000
---- item 351: map is 0.51538, precision@k is 0.09091, mrr is 1.00000
---- item 401: map is 0.13455, precision@k is 0.09091, mrr is 0.50000
---- item 451: map is 0.71014, precision@k is 0.18182, mrr is 1.00000
---- item 501: map is 0.34695, precision@k is 0.09091, mrr is 1.00000
---- item 551: map is 1.00000, precision@k is 1.00000, mrr is 1.00000
---- item 601: map is 0.02455, precision@k is 0.00000, mrr is 0.01429
---- item 651: map is 0.02536, precision@k is 0.00000, mrr is 0.03448
---- item 701: map is 0.34499, precision@k is 0.09091, mrr is 1.00000
---- item 751: map is 0.00445, precision@k is 0.00000, mrr is 0.00317
---- item 801: map is 0.35058, precision@k is 0.09091, mrr is 1.00000
---- item 851: map is 0.06472, precision@k is 0.09091, mrr is 0.20000
[Stat]ETBIR_User model, Interpolation mode item tagging: Precision@K is 0.18830, MAP is: 0.36191, MRR is: 0.75141, in top 10 tags
244 users are loaded from /home/ll5fy/TUIR/dataset/yelp/byUser_70k_review/5foldsCVColdstart/1/...
260 users are loaded from /home/ll5fy/TUIR/dataset/yelp/byUser_70k_review/5foldsCVColdstart/0/...
266 users are loaded from /home/ll5fy/TUIR/dataset/yelp/byUser_70k_review/5foldsCVColdstart/2/...
264 users are loaded from /home/ll5fy/TUIR/dataset/yelp/byUser_70k_review/5foldsCVColdstart/3/...
256 users are loaded from /home/ll5fy/TUIR/dataset/yelp/byUser_70k_review/5foldsCVColdstart/4/...
[Info]Finish loading 861 items' weights in total 156639 items!
[Info]Begin tagging 861 items with ETBIR_User Interpolation............
---- item 1: map is 0.34756, precision@k is 0.09091, mrr is 1.00000
---- item 51: map is 0.53681, precision@k is 0.18182, mrr is 1.00000
---- item 101: map is 0.83333, precision@k is 0.66667, mrr is 1.00000
---- item 151: map is 0.20528, precision@k is 0.09091, mrr is 0.50000
---- item 201: map is 0.34379, precision@k is 0.09091, mrr is 1.00000
---- item 251: map is 0.13377, precision@k is 0.09091, mrr is 0.25000
---- item 301: map is 0.50562, precision@k is 0.18182, mrr is 1.00000
---- item 351: map is 0.51724, precision@k is 0.09091, mrr is 1.00000
---- item 401: map is 0.23034, precision@k is 0.18182, mrr is 0.50000
---- item 451: map is 0.59127, precision@k is 0.18182, mrr is 1.00000
---- item 501: map is 0.34759, precision@k is 0.09091, mrr is 1.00000
---- item 551: map is 1.00000, precision@k is 1.00000, mrr is 1.00000
---- item 601: map is 0.43886, precision@k is 0.18182, mrr is 1.00000
---- item 651: map is 0.02568, precision@k is 0.00000, mrr is 0.04762
---- item 701: map is 0.17672, precision@k is 0.09091, mrr is 0.50000
---- item 751: map is 0.00451, precision@k is 0.00000, mrr is 0.00287
---- item 801: map is 0.35476, precision@k is 0.09091, mrr is 1.00000
---- item 851: map is 0.07957, precision@k is 0.09091, mrr is 0.25000
[Stat]ETBIR_User model, Interpolation mode item tagging: Precision@K is 0.21541, MAP is: 0.38182, MRR is: 0.73456, in top 10 tags
266 users are loaded from /home/ll5fy/TUIR/dataset/yelp/byUser_70k_review/5foldsCVColdstart/2/...
260 users are loaded from /home/ll5fy/TUIR/dataset/yelp/byUser_70k_review/5foldsCVColdstart/0/...
244 users are loaded from /home/ll5fy/TUIR/dataset/yelp/byUser_70k_review/5foldsCVColdstart/1/...
264 users are loaded from /home/ll5fy/TUIR/dataset/yelp/byUser_70k_review/5foldsCVColdstart/3/...
256 users are loaded from /home/ll5fy/TUIR/dataset/yelp/byUser_70k_review/5foldsCVColdstart/4/...
[Info]Finish loading 861 items' weights in total 156639 items!
[Info]Begin tagging 861 items with ETBIR_User Interpolation............
---- item 1: map is 0.37030, precision@k is 0.09091, mrr is 1.00000
---- item 51: map is 0.45220, precision@k is 0.18182, mrr is 1.00000
---- item 101: map is 0.83333, precision@k is 0.66667, mrr is 1.00000
---- item 151: map is 0.22372, precision@k is 0.09091, mrr is 0.50000
---- item 201: map is 0.34382, precision@k is 0.09091, mrr is 1.00000
---- item 251: map is 0.13690, precision@k is 0.09091, mrr is 0.25000
---- item 301: map is 0.50428, precision@k is 0.18182, mrr is 1.00000
---- item 351: map is 0.53846, precision@k is 0.09091, mrr is 1.00000
---- item 401: map is 0.26719, precision@k is 0.18182, mrr is 0.50000
---- item 451: map is 0.60819, precision@k is 0.18182, mrr is 1.00000
---- item 501: map is 0.34564, precision@k is 0.09091, mrr is 1.00000
---- item 551: map is 1.00000, precision@k is 1.00000, mrr is 1.00000
---- item 601: map is 0.43661, precision@k is 0.18182, mrr is 1.00000
---- item 651: map is 0.03648, precision@k is 0.09091, mrr is 0.10000
---- item 701: map is 0.17554, precision@k is 0.09091, mrr is 0.50000
---- item 751: map is 0.00454, precision@k is 0.00000, mrr is 0.00297
---- item 801: map is 0.38795, precision@k is 0.09091, mrr is 1.00000
---- item 851: map is 0.10133, precision@k is 0.09091, mrr is 0.33333
[Stat]ETBIR_User model, Interpolation mode item tagging: Precision@K is 0.21923, MAP is: 0.37904, MRR is: 0.71087, in top 10 tags
264 users are loaded from /home/ll5fy/TUIR/dataset/yelp/byUser_70k_review/5foldsCVColdstart/3/...
260 users are loaded from /home/ll5fy/TUIR/dataset/yelp/byUser_70k_review/5foldsCVColdstart/0/...
244 users are loaded from /home/ll5fy/TUIR/dataset/yelp/byUser_70k_review/5foldsCVColdstart/1/...
266 users are loaded from /home/ll5fy/TUIR/dataset/yelp/byUser_70k_review/5foldsCVColdstart/2/...
256 users are loaded from /home/ll5fy/TUIR/dataset/yelp/byUser_70k_review/5foldsCVColdstart/4/...
[Info]Finish loading 861 items' weights in total 156639 items!
[Info]Begin tagging 861 items with ETBIR_User Interpolation............
---- item 1: map is 0.40935, precision@k is 0.18182, mrr is 1.00000
---- item 51: map is 0.40863, precision@k is 0.18182, mrr is 1.00000
---- item 101: map is 0.83333, precision@k is 0.66667, mrr is 1.00000
---- item 151: map is 0.22991, precision@k is 0.09091, mrr is 0.50000
---- item 201: map is 0.34426, precision@k is 0.09091, mrr is 1.00000
---- item 251: map is 0.50935, precision@k is 0.09091, mrr is 1.00000
---- item 301: map is 0.50451, precision@k is 0.18182, mrr is 1.00000
---- item 351: map is 0.57692, precision@k is 0.09091, mrr is 1.00000
---- item 401: map is 0.33622, precision@k is 0.27273, mrr is 0.50000
---- item 451: map is 0.47536, precision@k is 0.18182, mrr is 1.00000
---- item 501: map is 0.34647, precision@k is 0.09091, mrr is 1.00000
---- item 551: map is 0.83333, precision@k is 0.66667, mrr is 1.00000
---- item 601: map is 0.43657, precision@k is 0.18182, mrr is 1.00000
---- item 651: map is 0.03342, precision@k is 0.00000, mrr is 0.08333
---- item 701: map is 0.17714, precision@k is 0.09091, mrr is 0.50000
---- item 751: map is 0.00444, precision@k is 0.00000, mrr is 0.00284
---- item 801: map is 0.36160, precision@k is 0.09091, mrr is 1.00000
---- item 851: map is 0.10437, precision@k is 0.09091, mrr is 0.33333
[Stat]ETBIR_User model, Interpolation mode item tagging: Precision@K is 0.22200, MAP is: 0.37871, MRR is: 0.69579, in top 10 tags
256 users are loaded from /home/ll5fy/TUIR/dataset/yelp/byUser_70k_review/5foldsCVColdstart/4/...
260 users are loaded from /home/ll5fy/TUIR/dataset/yelp/byUser_70k_review/5foldsCVColdstart/0/...
244 users are loaded from /home/ll5fy/TUIR/dataset/yelp/byUser_70k_review/5foldsCVColdstart/1/...
266 users are loaded from /home/ll5fy/TUIR/dataset/yelp/byUser_70k_review/5foldsCVColdstart/2/...
264 users are loaded from /home/ll5fy/TUIR/dataset/yelp/byUser_70k_review/5foldsCVColdstart/3/...
[Info]Finish loading 861 items' weights in total 156639 items!
[Info]Begin tagging 861 items with ETBIR_User Interpolation............
---- item 1: map is 0.64881, precision@k is 0.50000, mrr is 1.00000
---- item 51: map is 0.40844, precision@k is 0.18182, mrr is 1.00000
---- item 101: map is 0.83333, precision@k is 0.66667, mrr is 1.00000
---- item 151: map is 0.61805, precision@k is 0.27273, mrr is 1.00000
---- item 201: map is 0.34391, precision@k is 0.09091, mrr is 1.00000
---- item 251: map is 0.14722, precision@k is 0.09091, mrr is 0.25000
---- item 301: map is 0.50492, precision@k is 0.18182, mrr is 1.00000
---- item 351: map is 0.70000, precision@k is 0.40000, mrr is 1.00000
---- item 401: map is 0.34930, precision@k is 0.27273, mrr is 0.50000
---- item 451: map is 0.45635, precision@k is 0.18182, mrr is 1.00000
---- item 501: map is 0.34491, precision@k is 0.09091, mrr is 1.00000
---- item 551: map is 0.83333, precision@k is 0.66667, mrr is 1.00000
---- item 601: map is 0.43463, precision@k is 0.18182, mrr is 1.00000
---- item 651: map is 0.03352, precision@k is 0.00000, mrr is 0.09091
---- item 701: map is 0.17548, precision@k is 0.09091, mrr is 0.50000
---- item 751: map is 0.00436, precision@k is 0.00000, mrr is 0.00287
---- item 801: map is 0.37017, precision@k is 0.09091, mrr is 1.00000
---- item 851: map is 0.10438, precision@k is 0.09091, mrr is 0.33333
[Stat]ETBIR_User model, Interpolation mode item tagging: Precision@K is 0.22229, MAP is: 0.37629, MRR is: 0.68688, in top 10 tags

[Stat]Running time (seconds) 367.76800
[Stat]MAP 0.376+/-0.007
[Stat]MRR 0.716+/-0.024
[Stat]Precision 0.213+/-0.013
