Load 6134 2-gram new features from /home/ll5fy/TUIR/dataset/yelp/yelp_features.txt...
Load 6134 2-gram new features from /home/ll5fy/TUIR/dataset/yelp/yelp_features.txt...
[Info]Start FIXED cross validation...
[Info]Load 553 tags, with 6134 features.
260 users are loaded from /home/ll5fy/TUIR/dataset/yelp/byUser_70k_review/5foldsCVColdstart/0/...
244 users are loaded from /home/ll5fy/TUIR/dataset/yelp/byUser_70k_review/5foldsCVColdstart/1/...
266 users are loaded from /home/ll5fy/TUIR/dataset/yelp/byUser_70k_review/5foldsCVColdstart/2/...
264 users are loaded from /home/ll5fy/TUIR/dataset/yelp/byUser_70k_review/5foldsCVColdstart/3/...
256 users are loaded from /home/ll5fy/TUIR/dataset/yelp/byUser_70k_review/5foldsCVColdstart/4/...
[Info]Finish loading 722 items' weights in total 156639 items!
[Info]Begin tagging 722 items with LDA_Variational Interpolation............
---- item 1: map is 0.44905, precision@k is 0.18182, mrr is 1.00000
---- item 51: map is 0.16853, precision@k is 0.09091, mrr is 0.33333
---- item 101: map is 0.13294, precision@k is 0.09091, mrr is 0.25000
---- item 151: map is 0.07457, precision@k is 0.09091, mrr is 0.20000
---- item 201: map is 0.34045, precision@k is 0.18182, mrr is 1.00000
---- item 251: map is 1.00000, precision@k is 1.00000, mrr is 1.00000
---- item 301: map is 0.07299, precision@k is 0.09091, mrr is 0.20000
---- item 351: map is 0.33890, precision@k is 0.18182, mrr is 1.00000
---- item 401: map is 0.09691, precision@k is 0.09091, mrr is 0.20000
---- item 451: map is 0.21681, precision@k is 0.18182, mrr is 0.50000
---- item 501: map is 0.08781, precision@k is 0.09091, mrr is 0.25000
---- item 551: map is 0.17195, precision@k is 0.09091, mrr is 0.50000
---- item 601: map is 0.13409, precision@k is 0.09091, mrr is 0.25000
---- item 651: map is 0.27887, precision@k is 0.18182, mrr is 0.50000
---- item 701: map is 0.10565, precision@k is 0.09091, mrr is 0.20000
[Stat]LDA_Variational model, Interpolation mode item tagging: Precision@K is 0.13006, MAP is: 0.19880, MRR is: 0.43492, in top 10 tags
244 users are loaded from /home/ll5fy/TUIR/dataset/yelp/byUser_70k_review/5foldsCVColdstart/1/...
260 users are loaded from /home/ll5fy/TUIR/dataset/yelp/byUser_70k_review/5foldsCVColdstart/0/...
266 users are loaded from /home/ll5fy/TUIR/dataset/yelp/byUser_70k_review/5foldsCVColdstart/2/...
264 users are loaded from /home/ll5fy/TUIR/dataset/yelp/byUser_70k_review/5foldsCVColdstart/3/...
256 users are loaded from /home/ll5fy/TUIR/dataset/yelp/byUser_70k_review/5foldsCVColdstart/4/...
[Info]Finish loading 732 items' weights in total 156639 items!
[Info]Begin tagging 732 items with LDA_Variational Interpolation............
---- item 1: map is 0.69697, precision@k is 0.18182, mrr is 1.00000
---- item 51: map is 0.35999, precision@k is 0.09091, mrr is 1.00000
---- item 101: map is 0.39879, precision@k is 0.18182, mrr is 0.50000
---- item 151: map is 0.42124, precision@k is 0.18182, mrr is 1.00000
---- item 201: map is 1.00000, precision@k is 1.00000, mrr is 1.00000
---- item 251: map is 0.54545, precision@k is 0.09091, mrr is 1.00000
---- item 301: map is 0.40977, precision@k is 0.18182, mrr is 1.00000
---- item 351: map is 0.25694, precision@k is 0.09091, mrr is 0.50000
---- item 401: map is 0.34220, precision@k is 0.09091, mrr is 1.00000
---- item 451: map is 0.27138, precision@k is 0.18182, mrr is 1.00000
---- item 501: map is 0.03846, precision@k is 0.00000, mrr is 0.03846
---- item 551: map is 0.00429, precision@k is 0.00000, mrr is 0.00234
---- item 601: map is 0.02543, precision@k is 0.00000, mrr is 0.03571
---- item 651: map is 0.17584, precision@k is 0.09091, mrr is 0.50000
---- item 701: map is 0.41272, precision@k is 0.18182, mrr is 1.00000
[Stat]LDA_Variational model, Interpolation mode item tagging: Precision@K is 0.19517, MAP is: 0.37123, MRR is: 0.74317, in top 10 tags
266 users are loaded from /home/ll5fy/TUIR/dataset/yelp/byUser_70k_review/5foldsCVColdstart/2/...
260 users are loaded from /home/ll5fy/TUIR/dataset/yelp/byUser_70k_review/5foldsCVColdstart/0/...
244 users are loaded from /home/ll5fy/TUIR/dataset/yelp/byUser_70k_review/5foldsCVColdstart/1/...
264 users are loaded from /home/ll5fy/TUIR/dataset/yelp/byUser_70k_review/5foldsCVColdstart/3/...
256 users are loaded from /home/ll5fy/TUIR/dataset/yelp/byUser_70k_review/5foldsCVColdstart/4/...
[Info]Finish loading 702 items' weights in total 156639 items!
[Info]Begin tagging 702 items with LDA_Variational Interpolation............
---- item 1: map is 0.38730, precision@k is 0.09091, mrr is 1.00000
---- item 51: map is 0.21975, precision@k is 0.18182, mrr is 0.50000
---- item 101: map is 0.01233, precision@k is 0.00000, mrr is 0.01471
---- item 151: map is 0.31414, precision@k is 0.18182, mrr is 0.50000
---- item 201: map is 0.26904, precision@k is 0.18182, mrr is 1.00000
---- item 251: map is 0.23147, precision@k is 0.27273, mrr is 0.50000
---- item 301: map is 0.18308, precision@k is 0.09091, mrr is 0.33333
---- item 351: map is 0.37730, precision@k is 0.09091, mrr is 1.00000
---- item 401: map is 0.53085, precision@k is 0.27273, mrr is 1.00000
---- item 451: map is 0.65625, precision@k is 0.27273, mrr is 1.00000
---- item 501: map is 0.18830, precision@k is 0.18182, mrr is 0.50000
---- item 551: map is 0.56456, precision@k is 0.18182, mrr is 1.00000
---- item 601: map is 0.30521, precision@k is 0.27273, mrr is 0.50000
---- item 651: map is 0.37990, precision@k is 0.09091, mrr is 1.00000
---- item 701: map is 0.41667, precision@k is 0.50000, mrr is 0.33333
[Stat]LDA_Variational model, Interpolation mode item tagging: Precision@K is 0.20571, MAP is: 0.38051, MRR is: 0.72249, in top 10 tags
264 users are loaded from /home/ll5fy/TUIR/dataset/yelp/byUser_70k_review/5foldsCVColdstart/3/...
260 users are loaded from /home/ll5fy/TUIR/dataset/yelp/byUser_70k_review/5foldsCVColdstart/0/...
244 users are loaded from /home/ll5fy/TUIR/dataset/yelp/byUser_70k_review/5foldsCVColdstart/1/...
266 users are loaded from /home/ll5fy/TUIR/dataset/yelp/byUser_70k_review/5foldsCVColdstart/2/...
256 users are loaded from /home/ll5fy/TUIR/dataset/yelp/byUser_70k_review/5foldsCVColdstart/4/...
[Info]Finish loading 717 items' weights in total 156639 items!
[Info]Begin tagging 717 items with LDA_Variational Interpolation............
---- item 1: map is 0.68794, precision@k is 0.18182, mrr is 1.00000
---- item 51: map is 0.37164, precision@k is 0.09091, mrr is 1.00000
---- item 101: map is 0.20115, precision@k is 0.09091, mrr is 0.33333
---- item 151: map is 0.10901, precision@k is 0.09091, mrr is 0.20000
---- item 201: map is 0.16478, precision@k is 0.18182, mrr is 0.33333
---- item 251: map is 0.25334, precision@k is 0.09091, mrr is 0.50000
---- item 301: map is 0.31687, precision@k is 0.18182, mrr is 0.50000
---- item 351: map is 0.02408, precision@k is 0.00000, mrr is 0.02857
---- item 401: map is 0.00578, precision@k is 0.00000, mrr is 0.00418
---- item 451: map is 0.53704, precision@k is 0.09091, mrr is 1.00000
---- item 501: map is 1.00000, precision@k is 1.00000, mrr is 1.00000
---- item 551: map is 0.67038, precision@k is 0.18182, mrr is 1.00000
---- item 601: map is 0.17575, precision@k is 0.09091, mrr is 0.50000
---- item 651: map is 0.18331, precision@k is 0.18182, mrr is 0.50000
---- item 701: map is 0.06053, precision@k is 0.09091, mrr is 0.14286
[Stat]LDA_Variational model, Interpolation mode item tagging: Precision@K is 0.21040, MAP is: 0.37843, MRR is: 0.71869, in top 10 tags
256 users are loaded from /home/ll5fy/TUIR/dataset/yelp/byUser_70k_review/5foldsCVColdstart/4/...
260 users are loaded from /home/ll5fy/TUIR/dataset/yelp/byUser_70k_review/5foldsCVColdstart/0/...
244 users are loaded from /home/ll5fy/TUIR/dataset/yelp/byUser_70k_review/5foldsCVColdstart/1/...
266 users are loaded from /home/ll5fy/TUIR/dataset/yelp/byUser_70k_review/5foldsCVColdstart/2/...
264 users are loaded from /home/ll5fy/TUIR/dataset/yelp/byUser_70k_review/5foldsCVColdstart/3/...
[Info]Finish loading 726 items' weights in total 156639 items!
[Info]Begin tagging 726 items with LDA_Variational Interpolation............
---- item 1: map is 0.69524, precision@k is 0.18182, mrr is 1.00000
---- item 51: map is 0.24451, precision@k is 0.09091, mrr is 1.00000
---- item 101: map is 0.58056, precision@k is 0.18182, mrr is 1.00000
---- item 151: map is 0.34962, precision@k is 0.09091, mrr is 1.00000
---- item 201: map is 0.83333, precision@k is 0.66667, mrr is 1.00000
---- item 251: map is 0.34947, precision@k is 0.09091, mrr is 1.00000
---- item 301: map is 0.41927, precision@k is 0.18182, mrr is 1.00000
---- item 351: map is 1.00000, precision@k is 1.00000, mrr is 1.00000
---- item 401: map is 0.38255, precision@k is 0.09091, mrr is 1.00000
---- item 451: map is 0.18670, precision@k is 0.09091, mrr is 0.50000
---- item 501: map is 0.56039, precision@k is 0.18182, mrr is 1.00000
---- item 551: map is 0.57018, precision@k is 0.18182, mrr is 1.00000
---- item 601: map is 0.36210, precision@k is 0.18182, mrr is 0.50000
---- item 651: map is 0.54348, precision@k is 0.18182, mrr is 1.00000
---- item 701: map is 0.50901, precision@k is 0.18182, mrr is 1.00000
[Stat]LDA_Variational model, Interpolation mode item tagging: Precision@K is 0.22175, MAP is: 0.39226, MRR is: 0.72511, in top 10 tags

[Stat]Running time (seconds) 311.52600
[Stat]MAP 0.344+/-0.073
[Stat]MRR 0.669+/-0.117
[Stat]Precision 0.193+/-0.032
