Load 6134 2-gram new features from /home/ll5fy/TUIR/dataset/yelp/yelp_features.txt...
Load 6134 2-gram new features from /home/ll5fy/TUIR/dataset/yelp/yelp_features.txt...
[Info]Start FIXED cross validation...
[Info]Load 553 tags, with 6134 features.
260 users are loaded from /home/ll5fy/TUIR/dataset/yelp/byUser_70k_review/5foldsCVColdstart/0/...
244 users are loaded from /home/ll5fy/TUIR/dataset/yelp/byUser_70k_review/5foldsCVColdstart/1/...
266 users are loaded from /home/ll5fy/TUIR/dataset/yelp/byUser_70k_review/5foldsCVColdstart/2/...
264 users are loaded from /home/ll5fy/TUIR/dataset/yelp/byUser_70k_review/5foldsCVColdstart/3/...
256 users are loaded from /home/ll5fy/TUIR/dataset/yelp/byUser_70k_review/5foldsCVColdstart/4/...
[Info]Finish loading 722 items' weights in total 156639 items!
[Info]Begin tagging 722 items with LDA_Variational Interpolation............
---- item 1: map is 0.56231, precision@k is 0.18182, mrr is 1.00000
---- item 51: map is 0.25186, precision@k is 0.09091, mrr is 0.50000
---- item 101: map is 0.83333, precision@k is 0.66667, mrr is 1.00000
---- item 151: map is 0.20267, precision@k is 0.09091, mrr is 0.50000
---- item 201: map is 0.38530, precision@k is 0.18182, mrr is 1.00000
---- item 251: map is 0.83333, precision@k is 0.66667, mrr is 1.00000
---- item 301: map is 0.08293, precision@k is 0.09091, mrr is 0.14286
---- item 351: map is 0.35797, precision@k is 0.18182, mrr is 1.00000
---- item 401: map is 0.31522, precision@k is 0.09091, mrr is 1.00000
---- item 451: map is 0.62748, precision@k is 0.27273, mrr is 1.00000
---- item 501: map is 0.17395, precision@k is 0.09091, mrr is 0.50000
---- item 551: map is 0.66978, precision@k is 0.18182, mrr is 1.00000
---- item 601: map is 0.45000, precision@k is 0.40000, mrr is 0.50000
---- item 651: map is 0.24368, precision@k is 0.18182, mrr is 0.50000
---- item 701: map is 0.70000, precision@k is 0.40000, mrr is 1.00000
[Stat]LDA_Variational model, Interpolation mode item tagging: Precision@K is 0.19745, MAP is: 0.33137, MRR is: 0.63456, in top 10 tags
244 users are loaded from /home/ll5fy/TUIR/dataset/yelp/byUser_70k_review/5foldsCVColdstart/1/...
260 users are loaded from /home/ll5fy/TUIR/dataset/yelp/byUser_70k_review/5foldsCVColdstart/0/...
266 users are loaded from /home/ll5fy/TUIR/dataset/yelp/byUser_70k_review/5foldsCVColdstart/2/...
264 users are loaded from /home/ll5fy/TUIR/dataset/yelp/byUser_70k_review/5foldsCVColdstart/3/...
256 users are loaded from /home/ll5fy/TUIR/dataset/yelp/byUser_70k_review/5foldsCVColdstart/4/...
[Info]Finish loading 732 items' weights in total 156639 items!
[Info]Begin tagging 732 items with LDA_Variational Interpolation............
---- item 1: map is 0.67584, precision@k is 0.18182, mrr is 1.00000
---- item 51: map is 0.43219, precision@k is 0.18182, mrr is 1.00000
---- item 101: map is 0.09912, precision@k is 0.09091, mrr is 0.16667
---- item 151: map is 0.36893, precision@k is 0.18182, mrr is 1.00000
---- item 201: map is 0.83333, precision@k is 0.66667, mrr is 1.00000
---- item 251: map is 0.33333, precision@k is 0.09091, mrr is 0.50000
---- item 301: map is 0.43142, precision@k is 0.18182, mrr is 1.00000
---- item 351: map is 0.22549, precision@k is 0.09091, mrr is 0.33333
---- item 401: map is 0.12267, precision@k is 0.09091, mrr is 0.33333
---- item 451: map is 0.27511, precision@k is 0.18182, mrr is 1.00000
---- item 501: map is 0.50000, precision@k is 0.50000, mrr is 0.50000
---- item 551: map is 0.00427, precision@k is 0.00000, mrr is 0.00271
---- item 601: map is 0.03158, precision@k is 0.00000, mrr is 0.03333
---- item 651: map is 0.32222, precision@k is 0.18182, mrr is 0.50000
---- item 701: map is 0.41607, precision@k is 0.18182, mrr is 1.00000
[Stat]LDA_Variational model, Interpolation mode item tagging: Precision@K is 0.21810, MAP is: 0.37507, MRR is: 0.68758, in top 10 tags
266 users are loaded from /home/ll5fy/TUIR/dataset/yelp/byUser_70k_review/5foldsCVColdstart/2/...
260 users are loaded from /home/ll5fy/TUIR/dataset/yelp/byUser_70k_review/5foldsCVColdstart/0/...
244 users are loaded from /home/ll5fy/TUIR/dataset/yelp/byUser_70k_review/5foldsCVColdstart/1/...
264 users are loaded from /home/ll5fy/TUIR/dataset/yelp/byUser_70k_review/5foldsCVColdstart/3/...
256 users are loaded from /home/ll5fy/TUIR/dataset/yelp/byUser_70k_review/5foldsCVColdstart/4/...
[Info]Finish loading 702 items' weights in total 156639 items!
[Info]Begin tagging 702 items with LDA_Variational Interpolation............
---- item 1: map is 0.55875, precision@k is 0.18182, mrr is 1.00000
---- item 51: map is 0.39512, precision@k is 0.27273, mrr is 0.50000
---- item 101: map is 0.50552, precision@k is 0.09091, mrr is 1.00000
---- item 151: map is 0.24211, precision@k is 0.18182, mrr is 0.50000
---- item 201: map is 0.17785, precision@k is 0.09091, mrr is 1.00000
---- item 251: map is 0.24812, precision@k is 0.27273, mrr is 0.50000
---- item 301: map is 0.13003, precision@k is 0.18182, mrr is 0.14286
---- item 351: map is 0.40690, precision@k is 0.18182, mrr is 1.00000
---- item 401: map is 0.50949, precision@k is 0.27273, mrr is 1.00000
---- item 451: map is 0.65377, precision@k is 0.27273, mrr is 1.00000
---- item 501: map is 0.34633, precision@k is 0.27273, mrr is 0.50000
---- item 551: map is 0.52698, precision@k is 0.27273, mrr is 1.00000
---- item 601: map is 0.25442, precision@k is 0.27273, mrr is 0.33333
---- item 651: map is 0.41248, precision@k is 0.18182, mrr is 1.00000
---- item 701: map is 0.33333, precision@k is 0.33333, mrr is 0.33333
[Stat]LDA_Variational model, Interpolation mode item tagging: Precision@K is 0.22433, MAP is: 0.37135, MRR is: 0.66062, in top 10 tags
264 users are loaded from /home/ll5fy/TUIR/dataset/yelp/byUser_70k_review/5foldsCVColdstart/3/...
260 users are loaded from /home/ll5fy/TUIR/dataset/yelp/byUser_70k_review/5foldsCVColdstart/0/...
244 users are loaded from /home/ll5fy/TUIR/dataset/yelp/byUser_70k_review/5foldsCVColdstart/1/...
266 users are loaded from /home/ll5fy/TUIR/dataset/yelp/byUser_70k_review/5foldsCVColdstart/2/...
256 users are loaded from /home/ll5fy/TUIR/dataset/yelp/byUser_70k_review/5foldsCVColdstart/4/...
[Info]Finish loading 717 items' weights in total 156639 items!
[Info]Begin tagging 717 items with LDA_Variational Interpolation............
---- item 1: map is 0.56456, precision@k is 0.18182, mrr is 1.00000
---- item 51: map is 0.56023, precision@k is 0.18182, mrr is 1.00000
---- item 101: map is 0.22619, precision@k is 0.28571, mrr is 0.16667
---- item 151: map is 0.08974, precision@k is 0.09091, mrr is 0.16667
---- item 201: map is 0.36619, precision@k is 0.27273, mrr is 0.50000
---- item 251: map is 0.07399, precision@k is 0.09091, mrr is 0.14286
---- item 301: map is 0.28630, precision@k is 0.18182, mrr is 0.33333
---- item 351: map is 0.02441, precision@k is 0.00000, mrr is 0.03846
---- item 401: map is 0.00752, precision@k is 0.00000, mrr is 0.00518
---- item 451: map is 0.61111, precision@k is 0.22222, mrr is 1.00000
---- item 501: map is 1.00000, precision@k is 1.00000, mrr is 1.00000
---- item 551: map is 0.67038, precision@k is 0.18182, mrr is 1.00000
---- item 601: map is 0.04992, precision@k is 0.09091, mrr is 0.12500
---- item 651: map is 0.34615, precision@k is 0.27273, mrr is 0.50000
---- item 701: map is 0.41836, precision@k is 0.36364, mrr is 1.00000
[Stat]LDA_Variational model, Interpolation mode item tagging: Precision@K is 0.23088, MAP is: 0.37397, MRR is: 0.66661, in top 10 tags
256 users are loaded from /home/ll5fy/TUIR/dataset/yelp/byUser_70k_review/5foldsCVColdstart/4/...
260 users are loaded from /home/ll5fy/TUIR/dataset/yelp/byUser_70k_review/5foldsCVColdstart/0/...
244 users are loaded from /home/ll5fy/TUIR/dataset/yelp/byUser_70k_review/5foldsCVColdstart/1/...
266 users are loaded from /home/ll5fy/TUIR/dataset/yelp/byUser_70k_review/5foldsCVColdstart/2/...
264 users are loaded from /home/ll5fy/TUIR/dataset/yelp/byUser_70k_review/5foldsCVColdstart/3/...
[Info]Finish loading 726 items' weights in total 156639 items!
[Info]Begin tagging 726 items with LDA_Variational Interpolation............
---- item 1: map is 0.56425, precision@k is 0.18182, mrr is 1.00000
---- item 51: map is 0.22163, precision@k is 0.09091, mrr is 1.00000
---- item 101: map is 0.44396, precision@k is 0.18182, mrr is 1.00000
---- item 151: map is 0.12706, precision@k is 0.09091, mrr is 0.33333
---- item 201: map is 0.70000, precision@k is 0.40000, mrr is 1.00000
---- item 251: map is 0.34955, precision@k is 0.09091, mrr is 1.00000
---- item 301: map is 0.41928, precision@k is 0.18182, mrr is 1.00000
---- item 351: map is 1.00000, precision@k is 1.00000, mrr is 1.00000
---- item 401: map is 0.37022, precision@k is 0.09091, mrr is 1.00000
---- item 451: map is 0.15453, precision@k is 0.09091, mrr is 0.33333
---- item 501: map is 0.53340, precision@k is 0.27273, mrr is 1.00000
---- item 551: map is 0.52572, precision@k is 0.27273, mrr is 1.00000
---- item 601: map is 0.44106, precision@k is 0.27273, mrr is 0.50000
---- item 651: map is 0.64286, precision@k is 0.42857, mrr is 1.00000
---- item 701: map is 0.50884, precision@k is 0.18182, mrr is 1.00000
[Stat]LDA_Variational model, Interpolation mode item tagging: Precision@K is 0.22816, MAP is: 0.37497, MRR is: 0.66572, in top 10 tags

[Stat]Running time (seconds) 307.39700
[Stat]MAP 0.365+/-0.017
[Stat]MRR 0.663+/-0.017
[Stat]Precision 0.220+/-0.012
