Load 6134 2-gram new features from /home/ll5fy/TUIR/dataset/yelp/yelp_features.txt...
Load 6134 2-gram new features from /home/ll5fy/TUIR/dataset/yelp/yelp_features.txt...
[Info]Start FIXED cross validation...
[Info]Load 553 tags, with 6134 features.
260 users are loaded from /home/ll5fy/TUIR/dataset/yelp/byUser_70k_review/5foldsCVColdstart/0/...
244 users are loaded from /home/ll5fy/TUIR/dataset/yelp/byUser_70k_review/5foldsCVColdstart/1/...
266 users are loaded from /home/ll5fy/TUIR/dataset/yelp/byUser_70k_review/5foldsCVColdstart/2/...
264 users are loaded from /home/ll5fy/TUIR/dataset/yelp/byUser_70k_review/5foldsCVColdstart/3/...
256 users are loaded from /home/ll5fy/TUIR/dataset/yelp/byUser_70k_review/5foldsCVColdstart/4/...
[Info]Finish loading 722 items' weights in total 156639 items!
[Info]Begin tagging 722 items with LDA_Variational Interpolation............
---- item 1: map is 0.56280, precision@k is 0.18182, mrr is 1.00000
---- item 51: map is 0.25187, precision@k is 0.09091, mrr is 0.50000
---- item 101: map is 0.83333, precision@k is 0.66667, mrr is 1.00000
---- item 151: map is 0.20631, precision@k is 0.09091, mrr is 0.50000
---- item 201: map is 0.42794, precision@k is 0.18182, mrr is 1.00000
---- item 251: map is 0.83333, precision@k is 0.66667, mrr is 1.00000
---- item 301: map is 0.08582, precision@k is 0.09091, mrr is 0.16667
---- item 351: map is 0.35884, precision@k is 0.18182, mrr is 1.00000
---- item 401: map is 0.32778, precision@k is 0.18182, mrr is 1.00000
---- item 451: map is 0.58629, precision@k is 0.27273, mrr is 1.00000
---- item 501: map is 0.17391, precision@k is 0.09091, mrr is 0.50000
---- item 551: map is 0.67014, precision@k is 0.18182, mrr is 1.00000
---- item 601: map is 0.41667, precision@k is 0.33333, mrr is 0.50000
---- item 651: map is 0.23717, precision@k is 0.18182, mrr is 0.50000
---- item 701: map is 0.70000, precision@k is 0.40000, mrr is 1.00000
[Stat]LDA_Variational model, Interpolation mode item tagging: Precision@K is 0.19843, MAP is: 0.33387, MRR is: 0.63654, in top 10 tags
244 users are loaded from /home/ll5fy/TUIR/dataset/yelp/byUser_70k_review/5foldsCVColdstart/1/...
260 users are loaded from /home/ll5fy/TUIR/dataset/yelp/byUser_70k_review/5foldsCVColdstart/0/...
266 users are loaded from /home/ll5fy/TUIR/dataset/yelp/byUser_70k_review/5foldsCVColdstart/2/...
264 users are loaded from /home/ll5fy/TUIR/dataset/yelp/byUser_70k_review/5foldsCVColdstart/3/...
256 users are loaded from /home/ll5fy/TUIR/dataset/yelp/byUser_70k_review/5foldsCVColdstart/4/...
[Info]Finish loading 732 items' weights in total 156639 items!
[Info]Begin tagging 732 items with LDA_Variational Interpolation............
---- item 1: map is 0.67610, precision@k is 0.18182, mrr is 1.00000
---- item 51: map is 0.50418, precision@k is 0.18182, mrr is 1.00000
---- item 101: map is 0.09762, precision@k is 0.09091, mrr is 0.14286
---- item 151: map is 0.36277, precision@k is 0.18182, mrr is 1.00000
---- item 201: map is 0.83333, precision@k is 0.66667, mrr is 1.00000
---- item 251: map is 0.33333, precision@k is 0.09091, mrr is 0.50000
---- item 301: map is 0.43127, precision@k is 0.18182, mrr is 1.00000
---- item 351: map is 0.22917, precision@k is 0.09091, mrr is 0.33333
---- item 401: map is 0.12306, precision@k is 0.09091, mrr is 0.33333
---- item 451: map is 0.27514, precision@k is 0.18182, mrr is 1.00000
---- item 501: map is 0.50000, precision@k is 0.50000, mrr is 0.50000
---- item 551: map is 0.00424, precision@k is 0.00000, mrr is 0.00260
---- item 601: map is 0.02728, precision@k is 0.00000, mrr is 0.02326
---- item 651: map is 0.31538, precision@k is 0.18182, mrr is 0.50000
---- item 701: map is 0.41661, precision@k is 0.18182, mrr is 1.00000
[Stat]LDA_Variational model, Interpolation mode item tagging: Precision@K is 0.21835, MAP is: 0.37242, MRR is: 0.68238, in top 10 tags
266 users are loaded from /home/ll5fy/TUIR/dataset/yelp/byUser_70k_review/5foldsCVColdstart/2/...
260 users are loaded from /home/ll5fy/TUIR/dataset/yelp/byUser_70k_review/5foldsCVColdstart/0/...
244 users are loaded from /home/ll5fy/TUIR/dataset/yelp/byUser_70k_review/5foldsCVColdstart/1/...
264 users are loaded from /home/ll5fy/TUIR/dataset/yelp/byUser_70k_review/5foldsCVColdstart/3/...
256 users are loaded from /home/ll5fy/TUIR/dataset/yelp/byUser_70k_review/5foldsCVColdstart/4/...
[Info]Finish loading 702 items' weights in total 156639 items!
[Info]Begin tagging 702 items with LDA_Variational Interpolation............
---- item 1: map is 0.55820, precision@k is 0.18182, mrr is 1.00000
---- item 51: map is 0.36533, precision@k is 0.27273, mrr is 0.50000
---- item 101: map is 0.50565, precision@k is 0.09091, mrr is 1.00000
---- item 151: map is 0.22902, precision@k is 0.18182, mrr is 0.50000
---- item 201: map is 0.19015, precision@k is 0.09091, mrr is 1.00000
---- item 251: map is 0.24727, precision@k is 0.27273, mrr is 0.50000
---- item 301: map is 0.13763, precision@k is 0.18182, mrr is 0.16667
---- item 351: map is 0.40685, precision@k is 0.18182, mrr is 1.00000
---- item 401: map is 0.50433, precision@k is 0.27273, mrr is 1.00000
---- item 451: map is 0.65369, precision@k is 0.27273, mrr is 1.00000
---- item 501: map is 0.34626, precision@k is 0.27273, mrr is 0.50000
---- item 551: map is 0.52703, precision@k is 0.27273, mrr is 1.00000
---- item 601: map is 0.25426, precision@k is 0.27273, mrr is 0.33333
---- item 651: map is 0.41238, precision@k is 0.18182, mrr is 1.00000
---- item 701: map is 0.33333, precision@k is 0.33333, mrr is 0.33333
[Stat]LDA_Variational model, Interpolation mode item tagging: Precision@K is 0.22355, MAP is: 0.37177, MRR is: 0.66175, in top 10 tags
264 users are loaded from /home/ll5fy/TUIR/dataset/yelp/byUser_70k_review/5foldsCVColdstart/3/...
260 users are loaded from /home/ll5fy/TUIR/dataset/yelp/byUser_70k_review/5foldsCVColdstart/0/...
244 users are loaded from /home/ll5fy/TUIR/dataset/yelp/byUser_70k_review/5foldsCVColdstart/1/...
266 users are loaded from /home/ll5fy/TUIR/dataset/yelp/byUser_70k_review/5foldsCVColdstart/2/...
256 users are loaded from /home/ll5fy/TUIR/dataset/yelp/byUser_70k_review/5foldsCVColdstart/4/...
[Info]Finish loading 717 items' weights in total 156639 items!
[Info]Begin tagging 717 items with LDA_Variational Interpolation............
---- item 1: map is 0.56576, precision@k is 0.18182, mrr is 1.00000
---- item 51: map is 0.55965, precision@k is 0.18182, mrr is 1.00000
---- item 101: map is 0.22619, precision@k is 0.28571, mrr is 0.16667
---- item 151: map is 0.09058, precision@k is 0.09091, mrr is 0.16667
---- item 201: map is 0.36587, precision@k is 0.27273, mrr is 0.50000
---- item 251: map is 0.07397, precision@k is 0.09091, mrr is 0.14286
---- item 301: map is 0.28465, precision@k is 0.18182, mrr is 0.33333
---- item 351: map is 0.02647, precision@k is 0.00000, mrr is 0.03571
---- item 401: map is 0.00705, precision@k is 0.00000, mrr is 0.00483
---- item 451: map is 0.75000, precision@k is 0.50000, mrr is 1.00000
---- item 501: map is 1.00000, precision@k is 1.00000, mrr is 1.00000
---- item 551: map is 0.67024, precision@k is 0.18182, mrr is 1.00000
---- item 601: map is 0.05695, precision@k is 0.09091, mrr is 0.14286
---- item 651: map is 0.34586, precision@k is 0.27273, mrr is 0.50000
---- item 701: map is 0.41788, precision@k is 0.36364, mrr is 1.00000
[Stat]LDA_Variational model, Interpolation mode item tagging: Precision@K is 0.23446, MAP is: 0.37724, MRR is: 0.66918, in top 10 tags
256 users are loaded from /home/ll5fy/TUIR/dataset/yelp/byUser_70k_review/5foldsCVColdstart/4/...
260 users are loaded from /home/ll5fy/TUIR/dataset/yelp/byUser_70k_review/5foldsCVColdstart/0/...
244 users are loaded from /home/ll5fy/TUIR/dataset/yelp/byUser_70k_review/5foldsCVColdstart/1/...
266 users are loaded from /home/ll5fy/TUIR/dataset/yelp/byUser_70k_review/5foldsCVColdstart/2/...
264 users are loaded from /home/ll5fy/TUIR/dataset/yelp/byUser_70k_review/5foldsCVColdstart/3/...
[Info]Finish loading 726 items' weights in total 156639 items!
[Info]Begin tagging 726 items with LDA_Variational Interpolation............
---- item 1: map is 0.56481, precision@k is 0.18182, mrr is 1.00000
---- item 51: map is 0.22279, precision@k is 0.09091, mrr is 1.00000
---- item 101: map is 0.44444, precision@k is 0.18182, mrr is 1.00000
---- item 151: map is 0.12421, precision@k is 0.09091, mrr is 0.33333
---- item 201: map is 0.66667, precision@k is 0.33333, mrr is 1.00000
---- item 251: map is 0.34633, precision@k is 0.09091, mrr is 1.00000
---- item 301: map is 0.41934, precision@k is 0.18182, mrr is 1.00000
---- item 351: map is 1.00000, precision@k is 1.00000, mrr is 1.00000
---- item 401: map is 0.37463, precision@k is 0.09091, mrr is 1.00000
---- item 451: map is 0.15220, precision@k is 0.09091, mrr is 0.33333
---- item 501: map is 0.55036, precision@k is 0.27273, mrr is 1.00000
---- item 551: map is 0.52576, precision@k is 0.27273, mrr is 1.00000
---- item 601: map is 0.44048, precision@k is 0.27273, mrr is 0.50000
---- item 651: map is 0.66667, precision@k is 0.50000, mrr is 1.00000
---- item 701: map is 0.50872, precision@k is 0.18182, mrr is 1.00000
[Stat]LDA_Variational model, Interpolation mode item tagging: Precision@K is 0.22839, MAP is: 0.37552, MRR is: 0.66540, in top 10 tags

[Stat]Running time (seconds) 311.31600
[Stat]MAP 0.366+/-0.016
[Stat]MRR 0.663+/-0.015
[Stat]Precision 0.221+/-0.012
