Load 6134 2-gram new features from /home/ll5fy/TUIR/dataset/yelp/yelp_features.txt...
Load 6134 2-gram new features from /home/ll5fy/TUIR/dataset/yelp/yelp_features.txt...
[Info]Start FIXED cross validation...
[Info]Load 553 tags, with 6134 features.
260 users are loaded from /home/ll5fy/TUIR/dataset/yelp/byUser_70k_review/5foldsCVColdstart/0/...
244 users are loaded from /home/ll5fy/TUIR/dataset/yelp/byUser_70k_review/5foldsCVColdstart/1/...
266 users are loaded from /home/ll5fy/TUIR/dataset/yelp/byUser_70k_review/5foldsCVColdstart/2/...
264 users are loaded from /home/ll5fy/TUIR/dataset/yelp/byUser_70k_review/5foldsCVColdstart/3/...
256 users are loaded from /home/ll5fy/TUIR/dataset/yelp/byUser_70k_review/5foldsCVColdstart/4/...
[Info]Finish loading 861 items' weights in total 156639 items!
[Info]Begin tagging 861 items with ETBIR_User Interpolation............
---- item 1: map is 0.34855, precision@k is 0.09091, mrr is 1.00000
---- item 51: map is 0.56351, precision@k is 0.18182, mrr is 1.00000
---- item 101: map is 1.00000, precision@k is 1.00000, mrr is 1.00000
---- item 151: map is 0.37444, precision@k is 0.09091, mrr is 1.00000
---- item 201: map is 0.34703, precision@k is 0.09091, mrr is 1.00000
---- item 251: map is 0.00735, precision@k is 0.00000, mrr is 0.00535
---- item 301: map is 0.26415, precision@k is 0.09091, mrr is 1.00000
---- item 351: map is 0.51316, precision@k is 0.09091, mrr is 1.00000
---- item 401: map is 0.03018, precision@k is 0.00000, mrr is 0.03333
---- item 451: map is 0.39886, precision@k is 0.09091, mrr is 1.00000
---- item 501: map is 0.01708, precision@k is 0.00000, mrr is 0.01299
---- item 551: map is 1.00000, precision@k is 1.00000, mrr is 1.00000
---- item 601: map is 0.02326, precision@k is 0.00000, mrr is 0.02000
---- item 651: map is 0.02643, precision@k is 0.00000, mrr is 0.03448
---- item 701: map is 0.34436, precision@k is 0.09091, mrr is 1.00000
---- item 751: map is 0.00430, precision@k is 0.00000, mrr is 0.00282
---- item 801: map is 0.37265, precision@k is 0.09091, mrr is 1.00000
---- item 851: map is 0.04308, precision@k is 0.00000, mrr is 0.05556
[Stat]ETBIR_User model, Interpolation mode item tagging: Precision@K is 0.13350, MAP is: 0.33031, MRR is: 0.77264, in top 10 tags
244 users are loaded from /home/ll5fy/TUIR/dataset/yelp/byUser_70k_review/5foldsCVColdstart/1/...
260 users are loaded from /home/ll5fy/TUIR/dataset/yelp/byUser_70k_review/5foldsCVColdstart/0/...
266 users are loaded from /home/ll5fy/TUIR/dataset/yelp/byUser_70k_review/5foldsCVColdstart/2/...
264 users are loaded from /home/ll5fy/TUIR/dataset/yelp/byUser_70k_review/5foldsCVColdstart/3/...
256 users are loaded from /home/ll5fy/TUIR/dataset/yelp/byUser_70k_review/5foldsCVColdstart/4/...
[Info]Finish loading 861 items' weights in total 156639 items!
[Info]Begin tagging 861 items with ETBIR_User Interpolation............
---- item 1: map is 0.34869, precision@k is 0.09091, mrr is 1.00000
---- item 51: map is 0.55947, precision@k is 0.18182, mrr is 1.00000
---- item 101: map is 1.00000, precision@k is 1.00000, mrr is 1.00000
---- item 151: map is 0.36801, precision@k is 0.09091, mrr is 1.00000
---- item 201: map is 0.34620, precision@k is 0.09091, mrr is 1.00000
---- item 251: map is 0.00919, precision@k is 0.00000, mrr is 0.00625
---- item 301: map is 0.26700, precision@k is 0.09091, mrr is 1.00000
---- item 351: map is 0.51818, precision@k is 0.09091, mrr is 1.00000
---- item 401: map is 0.05579, precision@k is 0.09091, mrr is 0.14286
---- item 451: map is 0.38425, precision@k is 0.09091, mrr is 1.00000
---- item 501: map is 0.01599, precision@k is 0.00000, mrr is 0.01031
---- item 551: map is 1.00000, precision@k is 1.00000, mrr is 1.00000
---- item 601: map is 0.06217, precision@k is 0.09091, mrr is 0.16667
---- item 651: map is 0.02999, precision@k is 0.00000, mrr is 0.06250
---- item 701: map is 0.34673, precision@k is 0.09091, mrr is 1.00000
---- item 751: map is 0.00443, precision@k is 0.00000, mrr is 0.00287
---- item 801: map is 0.35592, precision@k is 0.09091, mrr is 1.00000
---- item 851: map is 0.04973, precision@k is 0.09091, mrr is 0.10000
[Stat]ETBIR_User model, Interpolation mode item tagging: Precision@K is 0.15292, MAP is: 0.34162, MRR is: 0.77063, in top 10 tags
266 users are loaded from /home/ll5fy/TUIR/dataset/yelp/byUser_70k_review/5foldsCVColdstart/2/...
260 users are loaded from /home/ll5fy/TUIR/dataset/yelp/byUser_70k_review/5foldsCVColdstart/0/...
244 users are loaded from /home/ll5fy/TUIR/dataset/yelp/byUser_70k_review/5foldsCVColdstart/1/...
264 users are loaded from /home/ll5fy/TUIR/dataset/yelp/byUser_70k_review/5foldsCVColdstart/3/...
256 users are loaded from /home/ll5fy/TUIR/dataset/yelp/byUser_70k_review/5foldsCVColdstart/4/...
[Info]Finish loading 861 items' weights in total 156639 items!
[Info]Begin tagging 861 items with ETBIR_User Interpolation............
---- item 1: map is 0.34891, precision@k is 0.09091, mrr is 1.00000
---- item 51: map is 0.54580, precision@k is 0.18182, mrr is 1.00000
---- item 101: map is 1.00000, precision@k is 1.00000, mrr is 1.00000
---- item 151: map is 0.36468, precision@k is 0.09091, mrr is 1.00000
---- item 201: map is 0.34530, precision@k is 0.09091, mrr is 1.00000
---- item 251: map is 0.01006, precision@k is 0.00000, mrr is 0.00800
---- item 301: map is 0.28290, precision@k is 0.09091, mrr is 1.00000
---- item 351: map is 0.51333, precision@k is 0.09091, mrr is 1.00000
---- item 401: map is 0.14367, precision@k is 0.09091, mrr is 0.50000
---- item 451: map is 0.52857, precision@k is 0.18182, mrr is 1.00000
---- item 501: map is 0.01569, precision@k is 0.00000, mrr is 0.01205
---- item 551: map is 1.00000, precision@k is 1.00000, mrr is 1.00000
---- item 601: map is 0.27481, precision@k is 0.09091, mrr is 1.00000
---- item 651: map is 0.02901, precision@k is 0.00000, mrr is 0.06667
---- item 701: map is 0.34807, precision@k is 0.09091, mrr is 1.00000
---- item 751: map is 0.00439, precision@k is 0.00000, mrr is 0.00279
---- item 801: map is 0.35397, precision@k is 0.09091, mrr is 1.00000
---- item 851: map is 0.04783, precision@k is 0.00000, mrr is 0.09091
[Stat]ETBIR_User model, Interpolation mode item tagging: Precision@K is 0.16753, MAP is: 0.34993, MRR is: 0.76322, in top 10 tags
264 users are loaded from /home/ll5fy/TUIR/dataset/yelp/byUser_70k_review/5foldsCVColdstart/3/...
260 users are loaded from /home/ll5fy/TUIR/dataset/yelp/byUser_70k_review/5foldsCVColdstart/0/...
244 users are loaded from /home/ll5fy/TUIR/dataset/yelp/byUser_70k_review/5foldsCVColdstart/1/...
266 users are loaded from /home/ll5fy/TUIR/dataset/yelp/byUser_70k_review/5foldsCVColdstart/2/...
256 users are loaded from /home/ll5fy/TUIR/dataset/yelp/byUser_70k_review/5foldsCVColdstart/4/...
[Info]Finish loading 861 items' weights in total 156639 items!
[Info]Begin tagging 861 items with ETBIR_User Interpolation............
---- item 1: map is 0.35040, precision@k is 0.09091, mrr is 1.00000
---- item 51: map is 0.56798, precision@k is 0.18182, mrr is 1.00000
---- item 101: map is 1.00000, precision@k is 1.00000, mrr is 1.00000
---- item 151: map is 0.36224, precision@k is 0.09091, mrr is 1.00000
---- item 201: map is 0.34684, precision@k is 0.09091, mrr is 1.00000
---- item 251: map is 0.50541, precision@k is 0.09091, mrr is 1.00000
---- item 301: map is 0.26421, precision@k is 0.09091, mrr is 1.00000
---- item 351: map is 0.51961, precision@k is 0.09091, mrr is 1.00000
---- item 401: map is 0.18974, precision@k is 0.18182, mrr is 0.50000
---- item 451: map is 0.58187, precision@k is 0.18182, mrr is 1.00000
---- item 501: map is 0.02639, precision@k is 0.00000, mrr is 0.03846
---- item 551: map is 1.00000, precision@k is 1.00000, mrr is 1.00000
---- item 601: map is 0.28699, precision@k is 0.09091, mrr is 1.00000
---- item 651: map is 0.02854, precision@k is 0.00000, mrr is 0.05556
---- item 701: map is 0.17688, precision@k is 0.09091, mrr is 0.50000
---- item 751: map is 0.00428, precision@k is 0.00000, mrr is 0.00271
---- item 801: map is 0.35849, precision@k is 0.09091, mrr is 1.00000
---- item 851: map is 0.04888, precision@k is 0.09091, mrr is 0.10000
[Stat]ETBIR_User model, Interpolation mode item tagging: Precision@K is 0.17192, MAP is: 0.35569, MRR is: 0.76402, in top 10 tags
256 users are loaded from /home/ll5fy/TUIR/dataset/yelp/byUser_70k_review/5foldsCVColdstart/4/...
260 users are loaded from /home/ll5fy/TUIR/dataset/yelp/byUser_70k_review/5foldsCVColdstart/0/...
244 users are loaded from /home/ll5fy/TUIR/dataset/yelp/byUser_70k_review/5foldsCVColdstart/1/...
266 users are loaded from /home/ll5fy/TUIR/dataset/yelp/byUser_70k_review/5foldsCVColdstart/2/...
264 users are loaded from /home/ll5fy/TUIR/dataset/yelp/byUser_70k_review/5foldsCVColdstart/3/...
[Info]Finish loading 861 items' weights in total 156639 items!
[Info]Begin tagging 861 items with ETBIR_User Interpolation............
---- item 1: map is 0.40064, precision@k is 0.18182, mrr is 1.00000
---- item 51: map is 0.62185, precision@k is 0.27273, mrr is 1.00000
---- item 101: map is 1.00000, precision@k is 1.00000, mrr is 1.00000
---- item 151: map is 0.44152, precision@k is 0.18182, mrr is 1.00000
---- item 201: map is 0.34699, precision@k is 0.09091, mrr is 1.00000
---- item 251: map is 0.01012, precision@k is 0.00000, mrr is 0.00781
---- item 301: map is 0.27777, precision@k is 0.09091, mrr is 1.00000
---- item 351: map is 0.52381, precision@k is 0.09091, mrr is 1.00000
---- item 401: map is 0.20355, precision@k is 0.18182, mrr is 0.50000
---- item 451: map is 0.57374, precision@k is 0.18182, mrr is 1.00000
---- item 501: map is 0.05544, precision@k is 0.09091, mrr is 0.12500
---- item 551: map is 1.00000, precision@k is 1.00000, mrr is 1.00000
---- item 601: map is 0.30191, precision@k is 0.09091, mrr is 1.00000
---- item 651: map is 0.03323, precision@k is 0.00000, mrr is 0.08333
---- item 701: map is 0.17559, precision@k is 0.09091, mrr is 0.50000
---- item 751: map is 0.00444, precision@k is 0.00000, mrr is 0.00292
---- item 801: map is 0.35362, precision@k is 0.09091, mrr is 1.00000
---- item 851: map is 0.06919, precision@k is 0.09091, mrr is 0.20000
[Stat]ETBIR_User model, Interpolation mode item tagging: Precision@K is 0.18264, MAP is: 0.36168, MRR is: 0.75486, in top 10 tags

[Stat]Running time (seconds) 371.12300
[Stat]MAP 0.348+/-0.011
[Stat]MRR 0.765+/-0.006
[Stat]Precision 0.162+/-0.017
