Load 6134 2-gram new features from /home/ll5fy/TUIR/dataset/yelp/yelp_features.txt...
Load 6134 2-gram new features from /home/ll5fy/TUIR/dataset/yelp/yelp_features.txt...
[Info]Start FIXED cross validation...
[Info]Load 553 tags, with 6134 features.
260 users are loaded from /home/ll5fy/TUIR/dataset/yelp/byUser_70k_review/5foldsCVColdstart/0/...
244 users are loaded from /home/ll5fy/TUIR/dataset/yelp/byUser_70k_review/5foldsCVColdstart/1/...
266 users are loaded from /home/ll5fy/TUIR/dataset/yelp/byUser_70k_review/5foldsCVColdstart/2/...
264 users are loaded from /home/ll5fy/TUIR/dataset/yelp/byUser_70k_review/5foldsCVColdstart/3/...
256 users are loaded from /home/ll5fy/TUIR/dataset/yelp/byUser_70k_review/5foldsCVColdstart/4/...
[Info]Finish loading 722 items' weights in total 156639 items!
[Info]Begin tagging 722 items with LDA_Variational Interpolation............
---- item 1: map is 0.47312, precision@k is 0.18182, mrr is 1.00000
---- item 51: map is 0.25186, precision@k is 0.09091, mrr is 0.50000
---- item 101: map is 0.17886, precision@k is 0.09091, mrr is 0.33333
---- item 151: map is 0.11631, precision@k is 0.09091, mrr is 0.25000
---- item 201: map is 0.35813, precision@k is 0.18182, mrr is 1.00000
---- item 251: map is 1.00000, precision@k is 1.00000, mrr is 1.00000
---- item 301: map is 0.09896, precision@k is 0.09091, mrr is 0.25000
---- item 351: map is 0.35675, precision@k is 0.18182, mrr is 1.00000
---- item 401: map is 0.17564, precision@k is 0.18182, mrr is 0.25000
---- item 451: map is 0.34762, precision@k is 0.18182, mrr is 0.50000
---- item 501: map is 0.11840, precision@k is 0.09091, mrr is 0.33333
---- item 551: map is 0.34756, precision@k is 0.09091, mrr is 1.00000
---- item 601: map is 0.21212, precision@k is 0.09091, mrr is 0.33333
---- item 651: map is 0.27239, precision@k is 0.18182, mrr is 0.50000
---- item 701: map is 0.16346, precision@k is 0.09091, mrr is 0.25000
[Stat]LDA_Variational model, Interpolation mode item tagging: Precision@K is 0.13944, MAP is: 0.22291, MRR is: 0.46762, in top 10 tags
244 users are loaded from /home/ll5fy/TUIR/dataset/yelp/byUser_70k_review/5foldsCVColdstart/1/...
260 users are loaded from /home/ll5fy/TUIR/dataset/yelp/byUser_70k_review/5foldsCVColdstart/0/...
266 users are loaded from /home/ll5fy/TUIR/dataset/yelp/byUser_70k_review/5foldsCVColdstart/2/...
264 users are loaded from /home/ll5fy/TUIR/dataset/yelp/byUser_70k_review/5foldsCVColdstart/3/...
256 users are loaded from /home/ll5fy/TUIR/dataset/yelp/byUser_70k_review/5foldsCVColdstart/4/...
[Info]Finish loading 732 items' weights in total 156639 items!
[Info]Begin tagging 732 items with LDA_Variational Interpolation............
---- item 1: map is 0.67560, precision@k is 0.18182, mrr is 1.00000
---- item 51: map is 0.34509, precision@k is 0.09091, mrr is 1.00000
---- item 101: map is 0.21240, precision@k is 0.09091, mrr is 0.50000
---- item 151: map is 0.43242, precision@k is 0.18182, mrr is 1.00000
---- item 201: map is 1.00000, precision@k is 1.00000, mrr is 1.00000
---- item 251: map is 0.52703, precision@k is 0.09091, mrr is 1.00000
---- item 301: map is 0.43137, precision@k is 0.18182, mrr is 1.00000
---- item 351: map is 0.26389, precision@k is 0.09091, mrr is 0.50000
---- item 401: map is 0.34457, precision@k is 0.09091, mrr is 1.00000
---- item 451: map is 0.26625, precision@k is 0.18182, mrr is 1.00000
---- item 501: map is 0.20000, precision@k is 0.20000, mrr is 0.20000
---- item 551: map is 0.00430, precision@k is 0.00000, mrr is 0.00278
---- item 601: map is 0.01813, precision@k is 0.00000, mrr is 0.01961
---- item 651: map is 0.18439, precision@k is 0.09091, mrr is 0.50000
---- item 701: map is 0.41589, precision@k is 0.18182, mrr is 1.00000
[Stat]LDA_Variational model, Interpolation mode item tagging: Precision@K is 0.20190, MAP is: 0.37848, MRR is: 0.75285, in top 10 tags
266 users are loaded from /home/ll5fy/TUIR/dataset/yelp/byUser_70k_review/5foldsCVColdstart/2/...
260 users are loaded from /home/ll5fy/TUIR/dataset/yelp/byUser_70k_review/5foldsCVColdstart/0/...
244 users are loaded from /home/ll5fy/TUIR/dataset/yelp/byUser_70k_review/5foldsCVColdstart/1/...
264 users are loaded from /home/ll5fy/TUIR/dataset/yelp/byUser_70k_review/5foldsCVColdstart/3/...
256 users are loaded from /home/ll5fy/TUIR/dataset/yelp/byUser_70k_review/5foldsCVColdstart/4/...
[Info]Finish loading 702 items' weights in total 156639 items!
[Info]Begin tagging 702 items with LDA_Variational Interpolation............
---- item 1: map is 0.35496, precision@k is 0.09091, mrr is 1.00000
---- item 51: map is 0.25968, precision@k is 0.18182, mrr is 0.50000
---- item 101: map is 0.01673, precision@k is 0.00000, mrr is 0.02326
---- item 151: map is 0.30889, precision@k is 0.18182, mrr is 0.50000
---- item 201: map is 0.18386, precision@k is 0.09091, mrr is 1.00000
---- item 251: map is 0.24782, precision@k is 0.27273, mrr is 0.50000
---- item 301: map is 0.19651, precision@k is 0.09091, mrr is 0.50000
---- item 351: map is 0.40714, precision@k is 0.18182, mrr is 1.00000
---- item 401: map is 0.48637, precision@k is 0.27273, mrr is 1.00000
---- item 451: map is 0.69076, precision@k is 0.27273, mrr is 1.00000
---- item 501: map is 0.22973, precision@k is 0.18182, mrr is 0.50000
---- item 551: map is 0.52698, precision@k is 0.27273, mrr is 1.00000
---- item 601: map is 0.31241, precision@k is 0.27273, mrr is 0.50000
---- item 651: map is 0.42174, precision@k is 0.18182, mrr is 1.00000
---- item 701: map is 0.41667, precision@k is 0.50000, mrr is 0.33333
[Stat]LDA_Variational model, Interpolation mode item tagging: Precision@K is 0.20818, MAP is: 0.37791, MRR is: 0.72559, in top 10 tags
264 users are loaded from /home/ll5fy/TUIR/dataset/yelp/byUser_70k_review/5foldsCVColdstart/3/...
260 users are loaded from /home/ll5fy/TUIR/dataset/yelp/byUser_70k_review/5foldsCVColdstart/0/...
244 users are loaded from /home/ll5fy/TUIR/dataset/yelp/byUser_70k_review/5foldsCVColdstart/1/...
266 users are loaded from /home/ll5fy/TUIR/dataset/yelp/byUser_70k_review/5foldsCVColdstart/2/...
256 users are loaded from /home/ll5fy/TUIR/dataset/yelp/byUser_70k_review/5foldsCVColdstart/4/...
[Info]Finish loading 717 items' weights in total 156639 items!
[Info]Begin tagging 717 items with LDA_Variational Interpolation............
---- item 1: map is 0.67514, precision@k is 0.18182, mrr is 1.00000
---- item 51: map is 0.37314, precision@k is 0.09091, mrr is 1.00000
---- item 101: map is 0.16667, precision@k is 0.09091, mrr is 0.25000
---- item 151: map is 0.10658, precision@k is 0.09091, mrr is 0.20000
---- item 201: map is 0.20143, precision@k is 0.18182, mrr is 0.50000
---- item 251: map is 0.25244, precision@k is 0.09091, mrr is 0.50000
---- item 301: map is 0.32347, precision@k is 0.18182, mrr is 0.50000
---- item 351: map is 0.02223, precision@k is 0.00000, mrr is 0.03704
---- item 401: map is 0.00660, precision@k is 0.00000, mrr is 0.00521
---- item 451: map is 0.51163, precision@k is 0.09091, mrr is 1.00000
---- item 501: map is 1.00000, precision@k is 1.00000, mrr is 1.00000
---- item 551: map is 0.67023, precision@k is 0.18182, mrr is 1.00000
---- item 601: map is 0.17443, precision@k is 0.09091, mrr is 0.50000
---- item 651: map is 0.19991, precision@k is 0.18182, mrr is 0.50000
---- item 701: map is 0.09915, precision@k is 0.09091, mrr is 0.25000
[Stat]LDA_Variational model, Interpolation mode item tagging: Precision@K is 0.20717, MAP is: 0.37616, MRR is: 0.72432, in top 10 tags
256 users are loaded from /home/ll5fy/TUIR/dataset/yelp/byUser_70k_review/5foldsCVColdstart/4/...
260 users are loaded from /home/ll5fy/TUIR/dataset/yelp/byUser_70k_review/5foldsCVColdstart/0/...
244 users are loaded from /home/ll5fy/TUIR/dataset/yelp/byUser_70k_review/5foldsCVColdstart/1/...
266 users are loaded from /home/ll5fy/TUIR/dataset/yelp/byUser_70k_review/5foldsCVColdstart/2/...
264 users are loaded from /home/ll5fy/TUIR/dataset/yelp/byUser_70k_review/5foldsCVColdstart/3/...
[Info]Finish loading 726 items' weights in total 156639 items!
[Info]Begin tagging 726 items with LDA_Variational Interpolation............
---- item 1: map is 0.67460, precision@k is 0.18182, mrr is 1.00000
---- item 51: map is 0.22374, precision@k is 0.09091, mrr is 1.00000
---- item 101: map is 0.57280, precision@k is 0.18182, mrr is 1.00000
---- item 151: map is 0.35031, precision@k is 0.09091, mrr is 1.00000
---- item 201: map is 0.83333, precision@k is 0.66667, mrr is 1.00000
---- item 251: map is 0.35021, precision@k is 0.09091, mrr is 1.00000
---- item 301: map is 0.43116, precision@k is 0.18182, mrr is 1.00000
---- item 351: map is 1.00000, precision@k is 1.00000, mrr is 1.00000
---- item 401: map is 0.36001, precision@k is 0.09091, mrr is 1.00000
---- item 451: map is 0.19087, precision@k is 0.09091, mrr is 0.50000
---- item 501: map is 0.52755, precision@k is 0.18182, mrr is 1.00000
---- item 551: map is 0.52609, precision@k is 0.18182, mrr is 1.00000
---- item 601: map is 0.41733, precision@k is 0.27273, mrr is 0.50000
---- item 651: map is 0.52778, precision@k is 0.18182, mrr is 1.00000
---- item 701: map is 0.50792, precision@k is 0.18182, mrr is 1.00000
[Stat]LDA_Variational model, Interpolation mode item tagging: Precision@K is 0.21913, MAP is: 0.38662, MRR is: 0.72340, in top 10 tags

[Stat]Running time (seconds) 307.21400
[Stat]MAP 0.348+/-0.063
[Stat]MRR 0.679+/-0.106
[Stat]Precision 0.195+/-0.028
