Load 6134 2-gram new features from /home/ll5fy/TUIR/dataset/yelp/yelp_features.txt...
Load 6134 2-gram new features from /home/ll5fy/TUIR/dataset/yelp/yelp_features.txt...
[Info]Start FIXED cross validation...
[Info]Load 553 tags, with 6134 features.
260 users are loaded from /home/ll5fy/TUIR/dataset/yelp/byUser_70k_review/5foldsCVColdstart/0/...
244 users are loaded from /home/ll5fy/TUIR/dataset/yelp/byUser_70k_review/5foldsCVColdstart/1/...
266 users are loaded from /home/ll5fy/TUIR/dataset/yelp/byUser_70k_review/5foldsCVColdstart/2/...
264 users are loaded from /home/ll5fy/TUIR/dataset/yelp/byUser_70k_review/5foldsCVColdstart/3/...
256 users are loaded from /home/ll5fy/TUIR/dataset/yelp/byUser_70k_review/5foldsCVColdstart/4/...
[Info]Finish loading 861 items' weights in total 156639 items!
[Info]Begin tagging 861 items with ETBIR_Item Interpolation............
---- item 1: map is 0.55837, precision@k is 0.18182, mrr is 1.00000
---- item 51: map is 0.36103, precision@k is 0.18182, mrr is 1.00000
---- item 101: map is 0.75000, precision@k is 0.50000, mrr is 1.00000
---- item 151: map is 0.16005, precision@k is 0.09091, mrr is 0.33333
---- item 201: map is 0.34432, precision@k is 0.09091, mrr is 1.00000
---- item 251: map is 0.19643, precision@k is 0.09091, mrr is 0.25000
---- item 301: map is 0.50509, precision@k is 0.18182, mrr is 1.00000
---- item 351: map is 0.83333, precision@k is 0.66667, mrr is 1.00000
---- item 401: map is 0.17392, precision@k is 0.18182, mrr is 0.50000
---- item 451: map is 0.58187, precision@k is 0.18182, mrr is 1.00000
---- item 501: map is 0.34658, precision@k is 0.09091, mrr is 1.00000
---- item 551: map is 0.66667, precision@k is 0.33333, mrr is 1.00000
---- item 601: map is 0.02197, precision@k is 0.00000, mrr is 0.01389
---- item 651: map is 0.03215, precision@k is 0.00000, mrr is 0.07143
---- item 701: map is 0.34363, precision@k is 0.09091, mrr is 1.00000
---- item 751: map is 0.00448, precision@k is 0.00000, mrr is 0.00294
---- item 801: map is 0.41465, precision@k is 0.18182, mrr is 1.00000
---- item 851: map is 0.09844, precision@k is 0.09091, mrr is 0.25000
[Stat]ETBIR_Item model, Interpolation mode item tagging: Precision@K is 0.20440, MAP is: 0.35816, MRR is: 0.68296, in top 10 tags
244 users are loaded from /home/ll5fy/TUIR/dataset/yelp/byUser_70k_review/5foldsCVColdstart/1/...
260 users are loaded from /home/ll5fy/TUIR/dataset/yelp/byUser_70k_review/5foldsCVColdstart/0/...
266 users are loaded from /home/ll5fy/TUIR/dataset/yelp/byUser_70k_review/5foldsCVColdstart/2/...
264 users are loaded from /home/ll5fy/TUIR/dataset/yelp/byUser_70k_review/5foldsCVColdstart/3/...
256 users are loaded from /home/ll5fy/TUIR/dataset/yelp/byUser_70k_review/5foldsCVColdstart/4/...
[Info]Finish loading 861 items' weights in total 156639 items!
[Info]Begin tagging 861 items with ETBIR_Item Interpolation............
---- item 1: map is 0.55812, precision@k is 0.18182, mrr is 1.00000
---- item 51: map is 0.35758, precision@k is 0.18182, mrr is 1.00000
---- item 101: map is 0.66667, precision@k is 0.33333, mrr is 1.00000
---- item 151: map is 0.17489, precision@k is 0.18182, mrr is 0.20000
---- item 201: map is 0.34448, precision@k is 0.09091, mrr is 1.00000
---- item 251: map is 0.21591, precision@k is 0.09091, mrr is 0.25000
---- item 301: map is 0.50607, precision@k is 0.18182, mrr is 1.00000
---- item 351: map is 0.83333, precision@k is 0.66667, mrr is 1.00000
---- item 401: map is 0.30185, precision@k is 0.27273, mrr is 0.50000
---- item 451: map is 0.52500, precision@k is 0.18182, mrr is 1.00000
---- item 501: map is 0.34595, precision@k is 0.09091, mrr is 1.00000
---- item 551: map is 0.58333, precision@k is 0.09091, mrr is 1.00000
---- item 601: map is 0.43406, precision@k is 0.18182, mrr is 1.00000
---- item 651: map is 0.03313, precision@k is 0.00000, mrr is 0.05000
---- item 701: map is 0.18768, precision@k is 0.09091, mrr is 0.50000
---- item 751: map is 0.00442, precision@k is 0.00000, mrr is 0.00271
---- item 801: map is 0.41498, precision@k is 0.18182, mrr is 1.00000
---- item 851: map is 0.10727, precision@k is 0.09091, mrr is 0.25000
[Stat]ETBIR_Item model, Interpolation mode item tagging: Precision@K is 0.22349, MAP is: 0.36788, MRR is: 0.65491, in top 10 tags
266 users are loaded from /home/ll5fy/TUIR/dataset/yelp/byUser_70k_review/5foldsCVColdstart/2/...
260 users are loaded from /home/ll5fy/TUIR/dataset/yelp/byUser_70k_review/5foldsCVColdstart/0/...
244 users are loaded from /home/ll5fy/TUIR/dataset/yelp/byUser_70k_review/5foldsCVColdstart/1/...
264 users are loaded from /home/ll5fy/TUIR/dataset/yelp/byUser_70k_review/5foldsCVColdstart/3/...
256 users are loaded from /home/ll5fy/TUIR/dataset/yelp/byUser_70k_review/5foldsCVColdstart/4/...
[Info]Finish loading 861 items' weights in total 156639 items!
[Info]Begin tagging 861 items with ETBIR_Item Interpolation............
---- item 1: map is 0.56481, precision@k is 0.18182, mrr is 1.00000
---- item 51: map is 0.34375, precision@k is 0.09091, mrr is 1.00000
---- item 101: map is 0.62500, precision@k is 0.25000, mrr is 1.00000
---- item 151: map is 0.12242, precision@k is 0.18182, mrr is 0.12500
---- item 201: map is 0.34327, precision@k is 0.09091, mrr is 1.00000
---- item 251: map is 0.22500, precision@k is 0.20000, mrr is 0.25000
---- item 301: map is 0.50557, precision@k is 0.18182, mrr is 1.00000
---- item 351: map is 1.00000, precision@k is 1.00000, mrr is 1.00000
---- item 401: map is 0.35179, precision@k is 0.27273, mrr is 0.50000
---- item 451: map is 0.52703, precision@k is 0.18182, mrr is 1.00000
---- item 501: map is 0.34631, precision@k is 0.09091, mrr is 1.00000
---- item 551: map is 0.58333, precision@k is 0.09091, mrr is 1.00000
---- item 601: map is 0.43845, precision@k is 0.18182, mrr is 1.00000
---- item 651: map is 0.03455, precision@k is 0.00000, mrr is 0.04167
---- item 701: map is 0.14280, precision@k is 0.09091, mrr is 0.33333
---- item 751: map is 0.00433, precision@k is 0.00000, mrr is 0.00266
---- item 801: map is 0.41421, precision@k is 0.18182, mrr is 1.00000
---- item 851: map is 0.10400, precision@k is 0.09091, mrr is 0.25000
[Stat]ETBIR_Item model, Interpolation mode item tagging: Precision@K is 0.21983, MAP is: 0.36461, MRR is: 0.64785, in top 10 tags
264 users are loaded from /home/ll5fy/TUIR/dataset/yelp/byUser_70k_review/5foldsCVColdstart/3/...
260 users are loaded from /home/ll5fy/TUIR/dataset/yelp/byUser_70k_review/5foldsCVColdstart/0/...
244 users are loaded from /home/ll5fy/TUIR/dataset/yelp/byUser_70k_review/5foldsCVColdstart/1/...
266 users are loaded from /home/ll5fy/TUIR/dataset/yelp/byUser_70k_review/5foldsCVColdstart/2/...
256 users are loaded from /home/ll5fy/TUIR/dataset/yelp/byUser_70k_review/5foldsCVColdstart/4/...
[Info]Finish loading 861 items' weights in total 156639 items!
[Info]Begin tagging 861 items with ETBIR_Item Interpolation............
---- item 1: map is 0.68037, precision@k is 0.18182, mrr is 1.00000
---- item 51: map is 0.34786, precision@k is 0.09091, mrr is 1.00000
---- item 101: map is 0.62500, precision@k is 0.25000, mrr is 1.00000
---- item 151: map is 0.11319, precision@k is 0.09091, mrr is 0.14286
---- item 201: map is 0.34320, precision@k is 0.09091, mrr is 1.00000
---- item 251: map is 0.41667, precision@k is 0.50000, mrr is 0.33333
---- item 301: map is 0.50441, precision@k is 0.18182, mrr is 1.00000
---- item 351: map is 1.00000, precision@k is 1.00000, mrr is 1.00000
---- item 401: map is 0.35147, precision@k is 0.27273, mrr is 0.50000
---- item 451: map is 0.41429, precision@k is 0.18182, mrr is 1.00000
---- item 501: map is 0.34476, precision@k is 0.09091, mrr is 1.00000
---- item 551: map is 0.57143, precision@k is 0.09091, mrr is 1.00000
---- item 601: map is 0.44061, precision@k is 0.18182, mrr is 1.00000
---- item 651: map is 0.04541, precision@k is 0.00000, mrr is 0.03846
---- item 701: map is 0.15910, precision@k is 0.09091, mrr is 0.33333
---- item 751: map is 0.00436, precision@k is 0.00000, mrr is 0.00281
---- item 801: map is 0.41493, precision@k is 0.18182, mrr is 1.00000
---- item 851: map is 0.10612, precision@k is 0.09091, mrr is 0.25000
[Stat]ETBIR_Item model, Interpolation mode item tagging: Precision@K is 0.21369, MAP is: 0.36026, MRR is: 0.64401, in top 10 tags
256 users are loaded from /home/ll5fy/TUIR/dataset/yelp/byUser_70k_review/5foldsCVColdstart/4/...
260 users are loaded from /home/ll5fy/TUIR/dataset/yelp/byUser_70k_review/5foldsCVColdstart/0/...
244 users are loaded from /home/ll5fy/TUIR/dataset/yelp/byUser_70k_review/5foldsCVColdstart/1/...
266 users are loaded from /home/ll5fy/TUIR/dataset/yelp/byUser_70k_review/5foldsCVColdstart/2/...
264 users are loaded from /home/ll5fy/TUIR/dataset/yelp/byUser_70k_review/5foldsCVColdstart/3/...
[Info]Finish loading 861 items' weights in total 156639 items!
[Info]Begin tagging 861 items with ETBIR_Item Interpolation............
---- item 1: map is 0.77083, precision@k is 0.66667, mrr is 1.00000
---- item 51: map is 0.34789, precision@k is 0.09091, mrr is 1.00000
---- item 101: map is 0.62500, precision@k is 0.25000, mrr is 1.00000
---- item 151: map is 0.48703, precision@k is 0.27273, mrr is 1.00000
---- item 201: map is 0.34415, precision@k is 0.09091, mrr is 1.00000
---- item 251: map is 0.22500, precision@k is 0.20000, mrr is 0.25000
---- item 301: map is 0.50506, precision@k is 0.18182, mrr is 1.00000
---- item 351: map is 1.00000, precision@k is 1.00000, mrr is 1.00000
---- item 401: map is 0.35145, precision@k is 0.27273, mrr is 0.50000
---- item 451: map is 0.40337, precision@k is 0.09091, mrr is 1.00000
---- item 501: map is 0.34424, precision@k is 0.09091, mrr is 1.00000
---- item 551: map is 0.56250, precision@k is 0.09091, mrr is 1.00000
---- item 601: map is 0.44248, precision@k is 0.18182, mrr is 1.00000
---- item 651: map is 0.04602, precision@k is 0.00000, mrr is 0.03846
---- item 701: map is 0.15720, precision@k is 0.09091, mrr is 0.33333
---- item 751: map is 0.00437, precision@k is 0.00000, mrr is 0.00270
---- item 801: map is 0.41498, precision@k is 0.18182, mrr is 1.00000
---- item 851: map is 0.10762, precision@k is 0.09091, mrr is 0.25000
[Stat]ETBIR_Item model, Interpolation mode item tagging: Precision@K is 0.21451, MAP is: 0.36052, MRR is: 0.64246, in top 10 tags

[Stat]Running time (seconds) 365.53400
[Stat]MAP 0.362+/-0.003
[Stat]MRR 0.654+/-0.015
[Stat]Precision 0.215+/-0.006
