Load 6134 2-gram new features from /home/ll5fy/TUIR/dataset/yelp/yelp_features.txt...
Load 6134 2-gram new features from /home/ll5fy/TUIR/dataset/yelp/yelp_features.txt...
[Info]Start FIXED cross validation...
[Info]Load 553 tags, with 6134 features.
260 users are loaded from /home/ll5fy/TUIR/dataset/yelp/byUser_70k_review/5foldsCVColdstart/0/...
244 users are loaded from /home/ll5fy/TUIR/dataset/yelp/byUser_70k_review/5foldsCVColdstart/1/...
266 users are loaded from /home/ll5fy/TUIR/dataset/yelp/byUser_70k_review/5foldsCVColdstart/2/...
264 users are loaded from /home/ll5fy/TUIR/dataset/yelp/byUser_70k_review/5foldsCVColdstart/3/...
256 users are loaded from /home/ll5fy/TUIR/dataset/yelp/byUser_70k_review/5foldsCVColdstart/4/...
[Info]Finish loading 861 items' weights in total 156639 items!
[Info]Begin tagging 861 items with ETBIR Interpolation............
---- item 1: map is 0.55870, precision@k is 0.18182, mrr is 1.00000
---- item 51: map is 0.38285, precision@k is 0.18182, mrr is 1.00000
---- item 101: map is 0.75000, precision@k is 0.50000, mrr is 1.00000
---- item 151: map is 0.17229, precision@k is 0.09091, mrr is 0.33333
---- item 201: map is 0.34542, precision@k is 0.09091, mrr is 1.00000
---- item 251: map is 0.18382, precision@k is 0.09091, mrr is 0.25000
---- item 301: map is 0.50588, precision@k is 0.18182, mrr is 1.00000
---- item 351: map is 0.70000, precision@k is 0.40000, mrr is 1.00000
---- item 401: map is 0.17690, precision@k is 0.18182, mrr is 0.50000
---- item 451: map is 0.57442, precision@k is 0.18182, mrr is 1.00000
---- item 501: map is 0.34546, precision@k is 0.09091, mrr is 1.00000
---- item 551: map is 0.62500, precision@k is 0.25000, mrr is 1.00000
---- item 601: map is 0.02059, precision@k is 0.00000, mrr is 0.01613
---- item 651: map is 0.03508, precision@k is 0.00000, mrr is 0.08333
---- item 701: map is 0.34705, precision@k is 0.09091, mrr is 1.00000
---- item 751: map is 0.00435, precision@k is 0.00000, mrr is 0.00279
---- item 801: map is 0.41574, precision@k is 0.18182, mrr is 1.00000
---- item 851: map is 0.09782, precision@k is 0.09091, mrr is 0.25000
[Stat]ETBIR model, Interpolation mode item tagging: Precision@K is 0.20651, MAP is: 0.36019, MRR is: 0.67978, in top 10 tags
244 users are loaded from /home/ll5fy/TUIR/dataset/yelp/byUser_70k_review/5foldsCVColdstart/1/...
260 users are loaded from /home/ll5fy/TUIR/dataset/yelp/byUser_70k_review/5foldsCVColdstart/0/...
266 users are loaded from /home/ll5fy/TUIR/dataset/yelp/byUser_70k_review/5foldsCVColdstart/2/...
264 users are loaded from /home/ll5fy/TUIR/dataset/yelp/byUser_70k_review/5foldsCVColdstart/3/...
256 users are loaded from /home/ll5fy/TUIR/dataset/yelp/byUser_70k_review/5foldsCVColdstart/4/...
[Info]Finish loading 861 items' weights in total 156639 items!
[Info]Begin tagging 861 items with ETBIR Interpolation............
---- item 1: map is 0.55834, precision@k is 0.18182, mrr is 1.00000
---- item 51: map is 0.36758, precision@k is 0.18182, mrr is 1.00000
---- item 101: map is 0.66667, precision@k is 0.33333, mrr is 1.00000
---- item 151: map is 0.18877, precision@k is 0.18182, mrr is 0.20000
---- item 201: map is 0.34553, precision@k is 0.09091, mrr is 1.00000
---- item 251: map is 0.21591, precision@k is 0.09091, mrr is 0.25000
---- item 301: map is 0.50712, precision@k is 0.18182, mrr is 1.00000
---- item 351: map is 0.75000, precision@k is 0.50000, mrr is 1.00000
---- item 401: map is 0.29918, precision@k is 0.27273, mrr is 0.50000
---- item 451: map is 0.51887, precision@k is 0.18182, mrr is 1.00000
---- item 501: map is 0.34680, precision@k is 0.09091, mrr is 1.00000
---- item 551: map is 0.57692, precision@k is 0.09091, mrr is 1.00000
---- item 601: map is 0.43219, precision@k is 0.18182, mrr is 1.00000
---- item 651: map is 0.03186, precision@k is 0.00000, mrr is 0.05556
---- item 701: map is 0.18813, precision@k is 0.09091, mrr is 0.50000
---- item 751: map is 0.00429, precision@k is 0.00000, mrr is 0.00267
---- item 801: map is 0.41595, precision@k is 0.18182, mrr is 1.00000
---- item 851: map is 0.10356, precision@k is 0.09091, mrr is 0.25000
[Stat]ETBIR model, Interpolation mode item tagging: Precision@K is 0.22244, MAP is: 0.36790, MRR is: 0.65411, in top 10 tags
266 users are loaded from /home/ll5fy/TUIR/dataset/yelp/byUser_70k_review/5foldsCVColdstart/2/...
260 users are loaded from /home/ll5fy/TUIR/dataset/yelp/byUser_70k_review/5foldsCVColdstart/0/...
244 users are loaded from /home/ll5fy/TUIR/dataset/yelp/byUser_70k_review/5foldsCVColdstart/1/...
264 users are loaded from /home/ll5fy/TUIR/dataset/yelp/byUser_70k_review/5foldsCVColdstart/3/...
256 users are loaded from /home/ll5fy/TUIR/dataset/yelp/byUser_70k_review/5foldsCVColdstart/4/...
[Info]Finish loading 861 items' weights in total 156639 items!
[Info]Begin tagging 861 items with ETBIR Interpolation............
---- item 1: map is 0.67419, precision@k is 0.18182, mrr is 1.00000
---- item 51: map is 0.35076, precision@k is 0.09091, mrr is 1.00000
---- item 101: map is 0.62500, precision@k is 0.25000, mrr is 1.00000
---- item 151: map is 0.13212, precision@k is 0.09091, mrr is 0.20000
---- item 201: map is 0.34375, precision@k is 0.09091, mrr is 1.00000
---- item 251: map is 0.22500, precision@k is 0.20000, mrr is 0.25000
---- item 301: map is 0.50570, precision@k is 0.18182, mrr is 1.00000
---- item 351: map is 0.83333, precision@k is 0.66667, mrr is 1.00000
---- item 401: map is 0.34772, precision@k is 0.27273, mrr is 0.50000
---- item 451: map is 0.51754, precision@k is 0.18182, mrr is 1.00000
---- item 501: map is 0.34501, precision@k is 0.09091, mrr is 1.00000
---- item 551: map is 0.57692, precision@k is 0.09091, mrr is 1.00000
---- item 601: map is 0.43479, precision@k is 0.18182, mrr is 1.00000
---- item 651: map is 0.03656, precision@k is 0.00000, mrr is 0.04545
---- item 701: map is 0.15686, precision@k is 0.09091, mrr is 0.33333
---- item 751: map is 0.00440, precision@k is 0.00000, mrr is 0.00272
---- item 801: map is 0.41493, precision@k is 0.18182, mrr is 1.00000
---- item 851: map is 0.11001, precision@k is 0.09091, mrr is 0.25000
[Stat]ETBIR model, Interpolation mode item tagging: Precision@K is 0.21788, MAP is: 0.36376, MRR is: 0.64717, in top 10 tags
264 users are loaded from /home/ll5fy/TUIR/dataset/yelp/byUser_70k_review/5foldsCVColdstart/3/...
260 users are loaded from /home/ll5fy/TUIR/dataset/yelp/byUser_70k_review/5foldsCVColdstart/0/...
244 users are loaded from /home/ll5fy/TUIR/dataset/yelp/byUser_70k_review/5foldsCVColdstart/1/...
266 users are loaded from /home/ll5fy/TUIR/dataset/yelp/byUser_70k_review/5foldsCVColdstart/2/...
256 users are loaded from /home/ll5fy/TUIR/dataset/yelp/byUser_70k_review/5foldsCVColdstart/4/...
[Info]Finish loading 861 items' weights in total 156639 items!
[Info]Begin tagging 861 items with ETBIR Interpolation............
---- item 1: map is 0.69792, precision@k is 0.18182, mrr is 1.00000
---- item 51: map is 0.35406, precision@k is 0.09091, mrr is 1.00000
---- item 101: map is 0.62500, precision@k is 0.25000, mrr is 1.00000
---- item 151: map is 0.12931, precision@k is 0.09091, mrr is 0.20000
---- item 201: map is 0.34383, precision@k is 0.09091, mrr is 1.00000
---- item 251: map is 0.41667, precision@k is 0.50000, mrr is 0.33333
---- item 301: map is 0.50498, precision@k is 0.18182, mrr is 1.00000
---- item 351: map is 1.00000, precision@k is 1.00000, mrr is 1.00000
---- item 401: map is 0.34908, precision@k is 0.27273, mrr is 0.50000
---- item 451: map is 0.40843, precision@k is 0.09091, mrr is 1.00000
---- item 501: map is 0.34436, precision@k is 0.09091, mrr is 1.00000
---- item 551: map is 0.56250, precision@k is 0.09091, mrr is 1.00000
---- item 601: map is 0.43585, precision@k is 0.18182, mrr is 1.00000
---- item 651: map is 0.04439, precision@k is 0.00000, mrr is 0.03846
---- item 701: map is 0.16299, precision@k is 0.09091, mrr is 0.33333
---- item 751: map is 0.00418, precision@k is 0.00000, mrr is 0.00257
---- item 801: map is 0.41560, precision@k is 0.18182, mrr is 1.00000
---- item 851: map is 0.10409, precision@k is 0.09091, mrr is 0.25000
[Stat]ETBIR model, Interpolation mode item tagging: Precision@K is 0.21333, MAP is: 0.36072, MRR is: 0.64407, in top 10 tags
256 users are loaded from /home/ll5fy/TUIR/dataset/yelp/byUser_70k_review/5foldsCVColdstart/4/...
260 users are loaded from /home/ll5fy/TUIR/dataset/yelp/byUser_70k_review/5foldsCVColdstart/0/...
244 users are loaded from /home/ll5fy/TUIR/dataset/yelp/byUser_70k_review/5foldsCVColdstart/1/...
266 users are loaded from /home/ll5fy/TUIR/dataset/yelp/byUser_70k_review/5foldsCVColdstart/2/...
264 users are loaded from /home/ll5fy/TUIR/dataset/yelp/byUser_70k_review/5foldsCVColdstart/3/...
[Info]Finish loading 861 items' weights in total 156639 items!
[Info]Begin tagging 861 items with ETBIR Interpolation............
---- item 1: map is 0.74702, precision@k is 0.57143, mrr is 1.00000
---- item 51: map is 0.36317, precision@k is 0.09091, mrr is 1.00000
---- item 101: map is 0.62500, precision@k is 0.25000, mrr is 1.00000
---- item 151: map is 0.49333, precision@k is 0.27273, mrr is 1.00000
---- item 201: map is 0.34512, precision@k is 0.09091, mrr is 1.00000
---- item 251: map is 0.22500, precision@k is 0.20000, mrr is 0.25000
---- item 301: map is 0.50669, precision@k is 0.18182, mrr is 1.00000
---- item 351: map is 1.00000, precision@k is 1.00000, mrr is 1.00000
---- item 401: map is 0.34894, precision@k is 0.27273, mrr is 0.50000
---- item 451: map is 0.41007, precision@k is 0.09091, mrr is 1.00000
---- item 501: map is 0.34377, precision@k is 0.09091, mrr is 1.00000
---- item 551: map is 0.55000, precision@k is 0.09091, mrr is 1.00000
---- item 601: map is 0.43825, precision@k is 0.18182, mrr is 1.00000
---- item 651: map is 0.04950, precision@k is 0.00000, mrr is 0.03846
---- item 701: map is 0.17077, precision@k is 0.09091, mrr is 0.33333
---- item 751: map is 0.00424, precision@k is 0.00000, mrr is 0.00259
---- item 801: map is 0.41610, precision@k is 0.18182, mrr is 1.00000
---- item 851: map is 0.10458, precision@k is 0.09091, mrr is 0.25000
[Stat]ETBIR model, Interpolation mode item tagging: Precision@K is 0.21256, MAP is: 0.36118, MRR is: 0.64253, in top 10 tags

[Stat]Running time (seconds) 367.11500
[Stat]MAP 0.363+/-0.003
[Stat]MRR 0.654+/-0.014
[Stat]Precision 0.215+/-0.005
