Load 6134 2-gram new features from /home/ll5fy/TUIR/dataset/yelp/yelp_features.txt...
Load 6134 2-gram new features from /home/ll5fy/TUIR/dataset/yelp/yelp_features.txt...
[Info]Start FIXED cross validation...
[Info]Load 553 tags, with 6134 features.
260 users are loaded from /home/ll5fy/TUIR/dataset/yelp/byUser_70k_review/5foldsCVColdstart/0/...
244 users are loaded from /home/ll5fy/TUIR/dataset/yelp/byUser_70k_review/5foldsCVColdstart/1/...
266 users are loaded from /home/ll5fy/TUIR/dataset/yelp/byUser_70k_review/5foldsCVColdstart/2/...
264 users are loaded from /home/ll5fy/TUIR/dataset/yelp/byUser_70k_review/5foldsCVColdstart/3/...
256 users are loaded from /home/ll5fy/TUIR/dataset/yelp/byUser_70k_review/5foldsCVColdstart/4/...
[Info]Finish loading 722 items' weights in total 156639 items!
[Info]Begin tagging 722 items with LDA_Variational Interpolation............
---- item 1: map is 0.47241, precision@k is 0.18182, mrr is 1.00000
---- item 51: map is 0.16852, precision@k is 0.09091, mrr is 0.33333
---- item 101: map is 0.16848, precision@k is 0.09091, mrr is 0.25000
---- item 151: map is 0.11484, precision@k is 0.09091, mrr is 0.25000
---- item 201: map is 0.35800, precision@k is 0.18182, mrr is 1.00000
---- item 251: map is 0.83333, precision@k is 0.66667, mrr is 1.00000
---- item 301: map is 0.08209, precision@k is 0.09091, mrr is 0.20000
---- item 351: map is 0.33995, precision@k is 0.18182, mrr is 1.00000
---- item 401: map is 0.32994, precision@k is 0.18182, mrr is 1.00000
---- item 451: map is 0.46911, precision@k is 0.18182, mrr is 1.00000
---- item 501: map is 0.08955, precision@k is 0.09091, mrr is 0.25000
---- item 551: map is 0.38773, precision@k is 0.09091, mrr is 1.00000
---- item 601: map is 0.26667, precision@k is 0.33333, mrr is 0.20000
---- item 651: map is 0.27322, precision@k is 0.18182, mrr is 0.50000
---- item 701: map is 0.32500, precision@k is 0.40000, mrr is 0.25000
[Stat]LDA_Variational model, Interpolation mode item tagging: Precision@K is 0.16178, MAP is: 0.25479, MRR is: 0.50580, in top 10 tags
244 users are loaded from /home/ll5fy/TUIR/dataset/yelp/byUser_70k_review/5foldsCVColdstart/1/...
260 users are loaded from /home/ll5fy/TUIR/dataset/yelp/byUser_70k_review/5foldsCVColdstart/0/...
266 users are loaded from /home/ll5fy/TUIR/dataset/yelp/byUser_70k_review/5foldsCVColdstart/2/...
264 users are loaded from /home/ll5fy/TUIR/dataset/yelp/byUser_70k_review/5foldsCVColdstart/3/...
256 users are loaded from /home/ll5fy/TUIR/dataset/yelp/byUser_70k_review/5foldsCVColdstart/4/...
[Info]Finish loading 732 items' weights in total 156639 items!
[Info]Begin tagging 732 items with LDA_Variational Interpolation............
---- item 1: map is 0.67514, precision@k is 0.18182, mrr is 1.00000
---- item 51: map is 0.36461, precision@k is 0.09091, mrr is 1.00000
---- item 101: map is 0.13164, precision@k is 0.09091, mrr is 0.25000
---- item 151: map is 0.42252, precision@k is 0.18182, mrr is 1.00000
---- item 201: map is 1.00000, precision@k is 1.00000, mrr is 1.00000
---- item 251: map is 0.29545, precision@k is 0.09091, mrr is 0.50000
---- item 301: map is 0.44707, precision@k is 0.18182, mrr is 1.00000
---- item 351: map is 0.26695, precision@k is 0.09091, mrr is 0.50000
---- item 401: map is 0.17816, precision@k is 0.09091, mrr is 0.50000
---- item 451: map is 0.25697, precision@k is 0.18182, mrr is 1.00000
---- item 501: map is 0.50000, precision@k is 0.50000, mrr is 0.50000
---- item 551: map is 0.00412, precision@k is 0.00000, mrr is 0.00257
---- item 601: map is 0.01851, precision@k is 0.00000, mrr is 0.01786
---- item 651: map is 0.19641, precision@k is 0.09091, mrr is 0.50000
---- item 701: map is 0.41509, precision@k is 0.18182, mrr is 1.00000
[Stat]LDA_Variational model, Interpolation mode item tagging: Precision@K is 0.22189, MAP is: 0.38965, MRR is: 0.73324, in top 10 tags
266 users are loaded from /home/ll5fy/TUIR/dataset/yelp/byUser_70k_review/5foldsCVColdstart/2/...
260 users are loaded from /home/ll5fy/TUIR/dataset/yelp/byUser_70k_review/5foldsCVColdstart/0/...
244 users are loaded from /home/ll5fy/TUIR/dataset/yelp/byUser_70k_review/5foldsCVColdstart/1/...
264 users are loaded from /home/ll5fy/TUIR/dataset/yelp/byUser_70k_review/5foldsCVColdstart/3/...
256 users are loaded from /home/ll5fy/TUIR/dataset/yelp/byUser_70k_review/5foldsCVColdstart/4/...
[Info]Finish loading 702 items' weights in total 156639 items!
[Info]Begin tagging 702 items with LDA_Variational Interpolation............
---- item 1: map is 0.37340, precision@k is 0.09091, mrr is 1.00000
---- item 51: map is 0.33020, precision@k is 0.27273, mrr is 0.50000
---- item 101: map is 0.50465, precision@k is 0.09091, mrr is 1.00000
---- item 151: map is 0.26984, precision@k is 0.18182, mrr is 0.50000
---- item 201: map is 0.20549, precision@k is 0.18182, mrr is 1.00000
---- item 251: map is 0.24636, precision@k is 0.27273, mrr is 0.50000
---- item 301: map is 0.16084, precision@k is 0.09091, mrr is 0.33333
---- item 351: map is 0.39111, precision@k is 0.09091, mrr is 1.00000
---- item 401: map is 0.41288, precision@k is 0.27273, mrr is 1.00000
---- item 451: map is 0.75667, precision@k is 0.27273, mrr is 1.00000
---- item 501: map is 0.33051, precision@k is 0.27273, mrr is 0.50000
---- item 551: map is 0.56872, precision@k is 0.27273, mrr is 1.00000
---- item 601: map is 0.29704, precision@k is 0.27273, mrr is 0.50000
---- item 651: map is 0.40461, precision@k is 0.18182, mrr is 1.00000
---- item 701: map is 0.41667, precision@k is 0.50000, mrr is 0.33333
[Stat]LDA_Variational model, Interpolation mode item tagging: Precision@K is 0.21593, MAP is: 0.38117, MRR is: 0.70265, in top 10 tags
264 users are loaded from /home/ll5fy/TUIR/dataset/yelp/byUser_70k_review/5foldsCVColdstart/3/...
260 users are loaded from /home/ll5fy/TUIR/dataset/yelp/byUser_70k_review/5foldsCVColdstart/0/...
244 users are loaded from /home/ll5fy/TUIR/dataset/yelp/byUser_70k_review/5foldsCVColdstart/1/...
266 users are loaded from /home/ll5fy/TUIR/dataset/yelp/byUser_70k_review/5foldsCVColdstart/2/...
256 users are loaded from /home/ll5fy/TUIR/dataset/yelp/byUser_70k_review/5foldsCVColdstart/4/...
[Info]Finish loading 717 items' weights in total 156639 items!
[Info]Begin tagging 717 items with LDA_Variational Interpolation............
---- item 1: map is 0.67560, precision@k is 0.18182, mrr is 1.00000
---- item 51: map is 0.55996, precision@k is 0.18182, mrr is 1.00000
---- item 101: map is 0.20000, precision@k is 0.20000, mrr is 0.20000
---- item 151: map is 0.09167, precision@k is 0.09091, mrr is 0.16667
---- item 201: map is 0.30064, precision@k is 0.18182, mrr is 0.50000
---- item 251: map is 0.16908, precision@k is 0.09091, mrr is 0.33333
---- item 301: map is 0.27143, precision@k is 0.18182, mrr is 0.33333
---- item 351: map is 0.02407, precision@k is 0.00000, mrr is 0.03226
---- item 401: map is 0.00776, precision@k is 0.00000, mrr is 0.00552
---- item 451: map is 0.52174, precision@k is 0.09091, mrr is 1.00000
---- item 501: map is 1.00000, precision@k is 1.00000, mrr is 1.00000
---- item 551: map is 0.67057, precision@k is 0.18182, mrr is 1.00000
---- item 601: map is 0.09272, precision@k is 0.09091, mrr is 0.25000
---- item 651: map is 0.26832, precision@k is 0.18182, mrr is 0.50000
---- item 701: map is 0.37662, precision@k is 0.18182, mrr is 1.00000
[Stat]LDA_Variational model, Interpolation mode item tagging: Precision@K is 0.23072, MAP is: 0.39049, MRR is: 0.69892, in top 10 tags
256 users are loaded from /home/ll5fy/TUIR/dataset/yelp/byUser_70k_review/5foldsCVColdstart/4/...
260 users are loaded from /home/ll5fy/TUIR/dataset/yelp/byUser_70k_review/5foldsCVColdstart/0/...
244 users are loaded from /home/ll5fy/TUIR/dataset/yelp/byUser_70k_review/5foldsCVColdstart/1/...
266 users are loaded from /home/ll5fy/TUIR/dataset/yelp/byUser_70k_review/5foldsCVColdstart/2/...
264 users are loaded from /home/ll5fy/TUIR/dataset/yelp/byUser_70k_review/5foldsCVColdstart/3/...
[Info]Finish loading 726 items' weights in total 156639 items!
[Info]Begin tagging 726 items with LDA_Variational Interpolation............
---- item 1: map is 0.67560, precision@k is 0.18182, mrr is 1.00000
---- item 51: map is 0.22258, precision@k is 0.09091, mrr is 1.00000
---- item 101: map is 0.50115, precision@k is 0.18182, mrr is 1.00000
---- item 151: map is 0.18196, precision@k is 0.09091, mrr is 0.50000
---- item 201: map is 0.75000, precision@k is 0.50000, mrr is 1.00000
---- item 251: map is 0.34877, precision@k is 0.09091, mrr is 1.00000
---- item 301: map is 0.43117, precision@k is 0.18182, mrr is 1.00000
---- item 351: map is 1.00000, precision@k is 1.00000, mrr is 1.00000
---- item 401: map is 0.36108, precision@k is 0.09091, mrr is 1.00000
---- item 451: map is 0.20323, precision@k is 0.09091, mrr is 0.50000
---- item 501: map is 0.54116, precision@k is 0.18182, mrr is 1.00000
---- item 551: map is 0.46031, precision@k is 0.18182, mrr is 1.00000
---- item 601: map is 0.43452, precision@k is 0.27273, mrr is 0.50000
---- item 651: map is 0.60000, precision@k is 0.30000, mrr is 1.00000
---- item 701: map is 0.50861, precision@k is 0.18182, mrr is 1.00000
[Stat]LDA_Variational model, Interpolation mode item tagging: Precision@K is 0.22682, MAP is: 0.38423, MRR is: 0.69154, in top 10 tags

[Stat]Running time (seconds) 306.93100
[Stat]MAP 0.360+/-0.053
[Stat]MRR 0.666+/-0.082
[Stat]Precision 0.211+/-0.025
