Load 6134 2-gram new features from /home/ll5fy/TUIR/dataset/yelp/yelp_features.txt...
Load 6134 2-gram new features from /home/ll5fy/TUIR/dataset/yelp/yelp_features.txt...
[Info]Start FIXED cross validation...
[Info]Load 553 tags, with 6134 features.
260 users are loaded from /home/ll5fy/TUIR/dataset/yelp/byUser_70k_review/5foldsCVColdstart/0/...
244 users are loaded from /home/ll5fy/TUIR/dataset/yelp/byUser_70k_review/5foldsCVColdstart/1/...
266 users are loaded from /home/ll5fy/TUIR/dataset/yelp/byUser_70k_review/5foldsCVColdstart/2/...
264 users are loaded from /home/ll5fy/TUIR/dataset/yelp/byUser_70k_review/5foldsCVColdstart/3/...
256 users are loaded from /home/ll5fy/TUIR/dataset/yelp/byUser_70k_review/5foldsCVColdstart/4/...
[Info]Finish loading 861 items' weights in total 156639 items!
[Info]Begin tagging 861 items with ETBIR_Item Interpolation............
---- item 1: map is 0.35047, precision@k is 0.09091, mrr is 1.00000
---- item 51: map is 0.55673, precision@k is 0.18182, mrr is 1.00000
---- item 101: map is 1.00000, precision@k is 1.00000, mrr is 1.00000
---- item 151: map is 0.38092, precision@k is 0.09091, mrr is 1.00000
---- item 201: map is 0.34529, precision@k is 0.09091, mrr is 1.00000
---- item 251: map is 0.01064, precision@k is 0.00000, mrr is 0.00862
---- item 301: map is 0.26900, precision@k is 0.09091, mrr is 1.00000
---- item 351: map is 0.51449, precision@k is 0.09091, mrr is 1.00000
---- item 401: map is 0.09354, precision@k is 0.09091, mrr is 0.33333
---- item 451: map is 0.69298, precision@k is 0.18182, mrr is 1.00000
---- item 501: map is 0.04523, precision@k is 0.09091, mrr is 0.10000
---- item 551: map is 1.00000, precision@k is 1.00000, mrr is 1.00000
---- item 601: map is 0.02341, precision@k is 0.00000, mrr is 0.02083
---- item 651: map is 0.02899, precision@k is 0.00000, mrr is 0.05882
---- item 701: map is 0.34463, precision@k is 0.09091, mrr is 1.00000
---- item 751: map is 0.00449, precision@k is 0.00000, mrr is 0.00296
---- item 801: map is 0.35608, precision@k is 0.09091, mrr is 1.00000
---- item 851: map is 0.05922, precision@k is 0.09091, mrr is 0.16667
[Stat]ETBIR_Item model, Interpolation mode item tagging: Precision@K is 0.16513, MAP is: 0.35001, MRR is: 0.76094, in top 10 tags
244 users are loaded from /home/ll5fy/TUIR/dataset/yelp/byUser_70k_review/5foldsCVColdstart/1/...
260 users are loaded from /home/ll5fy/TUIR/dataset/yelp/byUser_70k_review/5foldsCVColdstart/0/...
266 users are loaded from /home/ll5fy/TUIR/dataset/yelp/byUser_70k_review/5foldsCVColdstart/2/...
264 users are loaded from /home/ll5fy/TUIR/dataset/yelp/byUser_70k_review/5foldsCVColdstart/3/...
256 users are loaded from /home/ll5fy/TUIR/dataset/yelp/byUser_70k_review/5foldsCVColdstart/4/...
[Info]Finish loading 861 items' weights in total 156639 items!
[Info]Begin tagging 861 items with ETBIR_Item Interpolation............
---- item 1: map is 0.35235, precision@k is 0.09091, mrr is 1.00000
---- item 51: map is 0.53918, precision@k is 0.18182, mrr is 1.00000
---- item 101: map is 1.00000, precision@k is 1.00000, mrr is 1.00000
---- item 151: map is 0.19570, precision@k is 0.09091, mrr is 0.50000
---- item 201: map is 0.34402, precision@k is 0.09091, mrr is 1.00000
---- item 251: map is 0.03298, precision@k is 0.00000, mrr is 0.04762
---- item 301: map is 0.50543, precision@k is 0.18182, mrr is 1.00000
---- item 351: map is 0.51639, precision@k is 0.09091, mrr is 1.00000
---- item 401: map is 0.20323, precision@k is 0.18182, mrr is 0.50000
---- item 451: map is 0.58586, precision@k is 0.18182, mrr is 1.00000
---- item 501: map is 0.03269, precision@k is 0.00000, mrr is 0.05882
---- item 551: map is 1.00000, precision@k is 1.00000, mrr is 1.00000
---- item 601: map is 0.33027, precision@k is 0.18182, mrr is 1.00000
---- item 651: map is 0.02809, precision@k is 0.00000, mrr is 0.05556
---- item 701: map is 0.17664, precision@k is 0.09091, mrr is 0.50000
---- item 751: map is 0.00439, precision@k is 0.00000, mrr is 0.00281
---- item 801: map is 0.36810, precision@k is 0.09091, mrr is 1.00000
---- item 851: map is 0.07812, precision@k is 0.09091, mrr is 0.25000
[Stat]ETBIR_Item model, Interpolation mode item tagging: Precision@K is 0.20116, MAP is: 0.37579, MRR is: 0.74943, in top 10 tags
266 users are loaded from /home/ll5fy/TUIR/dataset/yelp/byUser_70k_review/5foldsCVColdstart/2/...
260 users are loaded from /home/ll5fy/TUIR/dataset/yelp/byUser_70k_review/5foldsCVColdstart/0/...
244 users are loaded from /home/ll5fy/TUIR/dataset/yelp/byUser_70k_review/5foldsCVColdstart/1/...
264 users are loaded from /home/ll5fy/TUIR/dataset/yelp/byUser_70k_review/5foldsCVColdstart/3/...
256 users are loaded from /home/ll5fy/TUIR/dataset/yelp/byUser_70k_review/5foldsCVColdstart/4/...
[Info]Finish loading 861 items' weights in total 156639 items!
[Info]Begin tagging 861 items with ETBIR_Item Interpolation............
---- item 1: map is 0.35752, precision@k is 0.09091, mrr is 1.00000
---- item 51: map is 0.56203, precision@k is 0.18182, mrr is 1.00000
---- item 101: map is 1.00000, precision@k is 1.00000, mrr is 1.00000
---- item 151: map is 0.22727, precision@k is 0.09091, mrr is 0.50000
---- item 201: map is 0.34590, precision@k is 0.09091, mrr is 1.00000
---- item 251: map is 0.09181, precision@k is 0.09091, mrr is 0.16667
---- item 301: map is 0.50593, precision@k is 0.18182, mrr is 1.00000
---- item 351: map is 0.51754, precision@k is 0.09091, mrr is 1.00000
---- item 401: map is 0.22573, precision@k is 0.18182, mrr is 0.50000
---- item 451: map is 0.58120, precision@k is 0.18182, mrr is 1.00000
---- item 501: map is 0.34609, precision@k is 0.09091, mrr is 1.00000
---- item 551: map is 1.00000, precision@k is 1.00000, mrr is 1.00000
---- item 601: map is 0.43298, precision@k is 0.18182, mrr is 1.00000
---- item 651: map is 0.02646, precision@k is 0.00000, mrr is 0.05000
---- item 701: map is 0.17701, precision@k is 0.09091, mrr is 0.50000
---- item 751: map is 0.00457, precision@k is 0.00000, mrr is 0.00270
---- item 801: map is 0.36905, precision@k is 0.09091, mrr is 1.00000
---- item 851: map is 0.07604, precision@k is 0.09091, mrr is 0.25000
[Stat]ETBIR_Item model, Interpolation mode item tagging: Precision@K is 0.20841, MAP is: 0.37712, MRR is: 0.72929, in top 10 tags
264 users are loaded from /home/ll5fy/TUIR/dataset/yelp/byUser_70k_review/5foldsCVColdstart/3/...
260 users are loaded from /home/ll5fy/TUIR/dataset/yelp/byUser_70k_review/5foldsCVColdstart/0/...
244 users are loaded from /home/ll5fy/TUIR/dataset/yelp/byUser_70k_review/5foldsCVColdstart/1/...
266 users are loaded from /home/ll5fy/TUIR/dataset/yelp/byUser_70k_review/5foldsCVColdstart/2/...
256 users are loaded from /home/ll5fy/TUIR/dataset/yelp/byUser_70k_review/5foldsCVColdstart/4/...
[Info]Finish loading 861 items' weights in total 156639 items!
[Info]Begin tagging 861 items with ETBIR_Item Interpolation............
---- item 1: map is 0.36000, precision@k is 0.09091, mrr is 1.00000
---- item 51: map is 0.55568, precision@k is 0.18182, mrr is 1.00000
---- item 101: map is 0.83333, precision@k is 0.66667, mrr is 1.00000
---- item 151: map is 0.22304, precision@k is 0.09091, mrr is 0.50000
---- item 201: map is 0.34517, precision@k is 0.09091, mrr is 1.00000
---- item 251: map is 0.50800, precision@k is 0.09091, mrr is 1.00000
---- item 301: map is 0.50504, precision@k is 0.18182, mrr is 1.00000
---- item 351: map is 0.52632, precision@k is 0.09091, mrr is 1.00000
---- item 401: map is 0.24225, precision@k is 0.18182, mrr is 0.50000
---- item 451: map is 0.48333, precision@k is 0.18182, mrr is 1.00000
---- item 501: map is 0.34561, precision@k is 0.09091, mrr is 1.00000
---- item 551: map is 1.00000, precision@k is 1.00000, mrr is 1.00000
---- item 601: map is 0.43253, precision@k is 0.18182, mrr is 1.00000
---- item 651: map is 0.03149, precision@k is 0.00000, mrr is 0.07143
---- item 701: map is 0.17910, precision@k is 0.09091, mrr is 0.50000
---- item 751: map is 0.00436, precision@k is 0.00000, mrr is 0.00274
---- item 801: map is 0.36117, precision@k is 0.09091, mrr is 1.00000
---- item 851: map is 0.08153, precision@k is 0.09091, mrr is 0.25000
[Stat]ETBIR_Item model, Interpolation mode item tagging: Precision@K is 0.21430, MAP is: 0.37775, MRR is: 0.71694, in top 10 tags
256 users are loaded from /home/ll5fy/TUIR/dataset/yelp/byUser_70k_review/5foldsCVColdstart/4/...
260 users are loaded from /home/ll5fy/TUIR/dataset/yelp/byUser_70k_review/5foldsCVColdstart/0/...
244 users are loaded from /home/ll5fy/TUIR/dataset/yelp/byUser_70k_review/5foldsCVColdstart/1/...
266 users are loaded from /home/ll5fy/TUIR/dataset/yelp/byUser_70k_review/5foldsCVColdstart/2/...
264 users are loaded from /home/ll5fy/TUIR/dataset/yelp/byUser_70k_review/5foldsCVColdstart/3/...
[Info]Finish loading 861 items' weights in total 156639 items!
[Info]Begin tagging 861 items with ETBIR_Item Interpolation............
---- item 1: map is 0.61859, precision@k is 0.27273, mrr is 1.00000
---- item 51: map is 0.55450, precision@k is 0.18182, mrr is 1.00000
---- item 101: map is 0.83333, precision@k is 0.66667, mrr is 1.00000
---- item 151: map is 0.48481, precision@k is 0.27273, mrr is 1.00000
---- item 201: map is 0.34516, precision@k is 0.09091, mrr is 1.00000
---- item 251: map is 0.13690, precision@k is 0.09091, mrr is 0.25000
---- item 301: map is 0.50602, precision@k is 0.18182, mrr is 1.00000
---- item 351: map is 0.52632, precision@k is 0.09091, mrr is 1.00000
---- item 401: map is 0.30945, precision@k is 0.27273, mrr is 0.50000
---- item 451: map is 0.48452, precision@k is 0.18182, mrr is 1.00000
---- item 501: map is 0.34464, precision@k is 0.09091, mrr is 1.00000
---- item 551: map is 1.00000, precision@k is 1.00000, mrr is 1.00000
---- item 601: map is 0.43391, precision@k is 0.18182, mrr is 1.00000
---- item 651: map is 0.02903, precision@k is 0.00000, mrr is 0.07143
---- item 701: map is 0.17811, precision@k is 0.09091, mrr is 0.50000
---- item 751: map is 0.00429, precision@k is 0.00000, mrr is 0.00280
---- item 801: map is 0.36644, precision@k is 0.09091, mrr is 1.00000
---- item 851: map is 0.08042, precision@k is 0.09091, mrr is 0.25000
[Stat]ETBIR_Item model, Interpolation mode item tagging: Precision@K is 0.22195, MAP is: 0.38196, MRR is: 0.71079, in top 10 tags

[Stat]Running time (seconds) 361.84100
[Stat]MAP 0.373+/-0.011
[Stat]MRR 0.733+/-0.019
[Stat]Precision 0.202+/-0.020
