Load 6134 2-gram new features from /home/ll5fy/TUIR/dataset/yelp/yelp_features.txt...
Load 6134 2-gram new features from /home/ll5fy/TUIR/dataset/yelp/yelp_features.txt...
[Info]Start FIXED cross validation...
[Info]Load 553 tags, with 6134 features.
260 users are loaded from /home/ll5fy/TUIR/dataset/yelp/byUser_70k_review/5foldsCVColdstart/0/...
244 users are loaded from /home/ll5fy/TUIR/dataset/yelp/byUser_70k_review/5foldsCVColdstart/1/...
266 users are loaded from /home/ll5fy/TUIR/dataset/yelp/byUser_70k_review/5foldsCVColdstart/2/...
264 users are loaded from /home/ll5fy/TUIR/dataset/yelp/byUser_70k_review/5foldsCVColdstart/3/...
256 users are loaded from /home/ll5fy/TUIR/dataset/yelp/byUser_70k_review/5foldsCVColdstart/4/...
[Info]Finish loading 722 items' weights in total 156639 items!
[Info]Begin tagging 722 items with LDA_User Interpolation............
---- item 1: map is 0.50621, precision@k is 0.18182, mrr is 1.00000
---- item 51: map is 0.25187, precision@k is 0.09091, mrr is 0.50000
---- item 101: map is 0.30263, precision@k is 0.09091, mrr is 0.50000
---- item 151: map is 0.14405, precision@k is 0.09091, mrr is 0.33333
---- item 201: map is 0.38343, precision@k is 0.18182, mrr is 1.00000
---- item 251: map is 0.83333, precision@k is 0.66667, mrr is 1.00000
---- item 301: map is 0.08656, precision@k is 0.09091, mrr is 0.20000
---- item 351: map is 0.34062, precision@k is 0.18182, mrr is 1.00000
---- item 401: map is 0.33542, precision@k is 0.18182, mrr is 1.00000
---- item 451: map is 0.54948, precision@k is 0.18182, mrr is 1.00000
---- item 501: map is 0.17381, precision@k is 0.09091, mrr is 0.50000
---- item 551: map is 0.36572, precision@k is 0.09091, mrr is 1.00000
---- item 601: map is 0.41667, precision@k is 0.50000, mrr is 0.33333
---- item 651: map is 0.26737, precision@k is 0.18182, mrr is 0.50000
---- item 701: map is 0.26786, precision@k is 0.28571, mrr is 0.25000
[Stat]LDA_User model, Interpolation mode item tagging: Precision@K is 0.17086, MAP is: 0.28414, MRR is: 0.57735, in top 10 tags
244 users are loaded from /home/ll5fy/TUIR/dataset/yelp/byUser_70k_review/5foldsCVColdstart/1/...
260 users are loaded from /home/ll5fy/TUIR/dataset/yelp/byUser_70k_review/5foldsCVColdstart/0/...
266 users are loaded from /home/ll5fy/TUIR/dataset/yelp/byUser_70k_review/5foldsCVColdstart/2/...
264 users are loaded from /home/ll5fy/TUIR/dataset/yelp/byUser_70k_review/5foldsCVColdstart/3/...
256 users are loaded from /home/ll5fy/TUIR/dataset/yelp/byUser_70k_review/5foldsCVColdstart/4/...
[Info]Finish loading 732 items' weights in total 156639 items!
[Info]Begin tagging 732 items with LDA_User Interpolation............
---- item 1: map is 0.67584, precision@k is 0.18182, mrr is 1.00000
---- item 51: map is 0.34940, precision@k is 0.09091, mrr is 1.00000
---- item 101: map is 0.12892, precision@k is 0.09091, mrr is 0.25000
---- item 151: map is 0.42840, precision@k is 0.18182, mrr is 1.00000
---- item 201: map is 0.83333, precision@k is 0.66667, mrr is 1.00000
---- item 251: map is 0.27778, precision@k is 0.09091, mrr is 0.50000
---- item 301: map is 0.44717, precision@k is 0.18182, mrr is 1.00000
---- item 351: map is 0.27381, precision@k is 0.09091, mrr is 0.50000
---- item 401: map is 0.17896, precision@k is 0.09091, mrr is 0.50000
---- item 451: map is 0.26075, precision@k is 0.18182, mrr is 1.00000
---- item 501: map is 0.50000, precision@k is 0.50000, mrr is 0.50000
---- item 551: map is 0.00430, precision@k is 0.00000, mrr is 0.00268
---- item 601: map is 0.01923, precision@k is 0.00000, mrr is 0.02381
---- item 651: map is 0.20259, precision@k is 0.09091, mrr is 0.50000
---- item 701: map is 0.41659, precision@k is 0.18182, mrr is 1.00000
[Stat]LDA_User model, Interpolation mode item tagging: Precision@K is 0.21862, MAP is: 0.38195, MRR is: 0.71981, in top 10 tags
266 users are loaded from /home/ll5fy/TUIR/dataset/yelp/byUser_70k_review/5foldsCVColdstart/2/...
260 users are loaded from /home/ll5fy/TUIR/dataset/yelp/byUser_70k_review/5foldsCVColdstart/0/...
244 users are loaded from /home/ll5fy/TUIR/dataset/yelp/byUser_70k_review/5foldsCVColdstart/1/...
264 users are loaded from /home/ll5fy/TUIR/dataset/yelp/byUser_70k_review/5foldsCVColdstart/3/...
256 users are loaded from /home/ll5fy/TUIR/dataset/yelp/byUser_70k_review/5foldsCVColdstart/4/...
[Info]Finish loading 702 items' weights in total 156639 items!
[Info]Begin tagging 702 items with LDA_User Interpolation............
---- item 1: map is 0.44665, precision@k is 0.18182, mrr is 1.00000
---- item 51: map is 0.33180, precision@k is 0.27273, mrr is 0.50000
---- item 101: map is 0.50581, precision@k is 0.09091, mrr is 1.00000
---- item 151: map is 0.26812, precision@k is 0.18182, mrr is 0.50000
---- item 201: map is 0.19430, precision@k is 0.09091, mrr is 1.00000
---- item 251: map is 0.24741, precision@k is 0.27273, mrr is 0.50000
---- item 301: map is 0.17544, precision@k is 0.18182, mrr is 0.25000
---- item 351: map is 0.41493, precision@k is 0.18182, mrr is 1.00000
---- item 401: map is 0.46261, precision@k is 0.27273, mrr is 1.00000
---- item 451: map is 0.69293, precision@k is 0.27273, mrr is 1.00000
---- item 501: map is 0.33244, precision@k is 0.27273, mrr is 0.50000
---- item 551: map is 0.56859, precision@k is 0.27273, mrr is 1.00000
---- item 601: map is 0.29837, precision@k is 0.27273, mrr is 0.50000
---- item 651: map is 0.43392, precision@k is 0.18182, mrr is 1.00000
---- item 701: map is 0.41667, precision@k is 0.50000, mrr is 0.33333
[Stat]LDA_User model, Interpolation mode item tagging: Precision@K is 0.21648, MAP is: 0.38219, MRR is: 0.69756, in top 10 tags
264 users are loaded from /home/ll5fy/TUIR/dataset/yelp/byUser_70k_review/5foldsCVColdstart/3/...
260 users are loaded from /home/ll5fy/TUIR/dataset/yelp/byUser_70k_review/5foldsCVColdstart/0/...
244 users are loaded from /home/ll5fy/TUIR/dataset/yelp/byUser_70k_review/5foldsCVColdstart/1/...
266 users are loaded from /home/ll5fy/TUIR/dataset/yelp/byUser_70k_review/5foldsCVColdstart/2/...
256 users are loaded from /home/ll5fy/TUIR/dataset/yelp/byUser_70k_review/5foldsCVColdstart/4/...
[Info]Finish loading 717 items' weights in total 156639 items!
[Info]Begin tagging 717 items with LDA_User Interpolation............
---- item 1: map is 0.67647, precision@k is 0.18182, mrr is 1.00000
---- item 51: map is 0.50369, precision@k is 0.18182, mrr is 1.00000
---- item 101: map is 0.20000, precision@k is 0.20000, mrr is 0.20000
---- item 151: map is 0.09038, precision@k is 0.09091, mrr is 0.16667
---- item 201: map is 0.30090, precision@k is 0.18182, mrr is 0.50000
---- item 251: map is 0.16917, precision@k is 0.09091, mrr is 0.33333
---- item 301: map is 0.27910, precision@k is 0.18182, mrr is 0.33333
---- item 351: map is 0.02395, precision@k is 0.00000, mrr is 0.03030
---- item 401: map is 0.00681, precision@k is 0.00000, mrr is 0.00481
---- item 451: map is 0.52273, precision@k is 0.09091, mrr is 1.00000
---- item 501: map is 1.00000, precision@k is 1.00000, mrr is 1.00000
---- item 551: map is 0.67016, precision@k is 0.18182, mrr is 1.00000
---- item 601: map is 0.09143, precision@k is 0.09091, mrr is 0.25000
---- item 651: map is 0.26934, precision@k is 0.18182, mrr is 0.50000
---- item 701: map is 0.36643, precision@k is 0.18182, mrr is 1.00000
[Stat]LDA_User model, Interpolation mode item tagging: Precision@K is 0.22633, MAP is: 0.38439, MRR is: 0.69622, in top 10 tags
256 users are loaded from /home/ll5fy/TUIR/dataset/yelp/byUser_70k_review/5foldsCVColdstart/4/...
260 users are loaded from /home/ll5fy/TUIR/dataset/yelp/byUser_70k_review/5foldsCVColdstart/0/...
244 users are loaded from /home/ll5fy/TUIR/dataset/yelp/byUser_70k_review/5foldsCVColdstart/1/...
266 users are loaded from /home/ll5fy/TUIR/dataset/yelp/byUser_70k_review/5foldsCVColdstart/2/...
264 users are loaded from /home/ll5fy/TUIR/dataset/yelp/byUser_70k_review/5foldsCVColdstart/3/...
[Info]Finish loading 726 items' weights in total 156639 items!
[Info]Begin tagging 726 items with LDA_User Interpolation............
---- item 1: map is 0.67544, precision@k is 0.18182, mrr is 1.00000
---- item 51: map is 0.22650, precision@k is 0.09091, mrr is 1.00000
---- item 101: map is 0.48037, precision@k is 0.18182, mrr is 1.00000
---- item 151: map is 0.18205, precision@k is 0.09091, mrr is 0.50000
---- item 201: map is 0.75000, precision@k is 0.50000, mrr is 1.00000
---- item 251: map is 0.34840, precision@k is 0.09091, mrr is 1.00000
---- item 301: map is 0.41936, precision@k is 0.18182, mrr is 1.00000
---- item 351: map is 1.00000, precision@k is 1.00000, mrr is 1.00000
---- item 401: map is 0.37186, precision@k is 0.09091, mrr is 1.00000
---- item 451: map is 0.19195, precision@k is 0.09091, mrr is 0.50000
---- item 501: map is 0.56205, precision@k is 0.18182, mrr is 1.00000
---- item 551: map is 0.50190, precision@k is 0.27273, mrr is 1.00000
---- item 601: map is 0.43421, precision@k is 0.27273, mrr is 0.50000
---- item 651: map is 0.61111, precision@k is 0.33333, mrr is 1.00000
---- item 701: map is 0.50875, precision@k is 0.18182, mrr is 1.00000
[Stat]LDA_User model, Interpolation mode item tagging: Precision@K is 0.22517, MAP is: 0.37987, MRR is: 0.68714, in top 10 tags

[Stat]Running time (seconds) 310.46600
[Stat]MAP 0.363+/-0.039
[Stat]MRR 0.676+/-0.050
[Stat]Precision 0.211+/-0.021
