Load 6134 2-gram new features from /home/ll5fy/TUIR/dataset/yelp/yelp_features.txt...
Load 6134 2-gram new features from /home/ll5fy/TUIR/dataset/yelp/yelp_features.txt...
[Info]Start FIXED cross validation...
[Info]Load 553 tags, with 6134 features.
260 users are loaded from /home/ll5fy/TUIR/dataset/yelp/byUser_70k_review/5foldsCVColdstart/0/...
244 users are loaded from /home/ll5fy/TUIR/dataset/yelp/byUser_70k_review/5foldsCVColdstart/1/...
266 users are loaded from /home/ll5fy/TUIR/dataset/yelp/byUser_70k_review/5foldsCVColdstart/2/...
264 users are loaded from /home/ll5fy/TUIR/dataset/yelp/byUser_70k_review/5foldsCVColdstart/3/...
256 users are loaded from /home/ll5fy/TUIR/dataset/yelp/byUser_70k_review/5foldsCVColdstart/4/...
[Info]Finish loading 722 items' weights in total 156639 items!
[Info]Begin tagging 722 items with LDA_User Interpolation............
---- item 1: map is 0.44868, precision@k is 0.18182, mrr is 1.00000
---- item 51: map is 0.10187, precision@k is 0.09091, mrr is 0.20000
---- item 101: map is 0.10450, precision@k is 0.09091, mrr is 0.20000
---- item 151: map is 0.07944, precision@k is 0.09091, mrr is 0.20000
---- item 201: map is 0.33974, precision@k is 0.18182, mrr is 1.00000
---- item 251: map is 0.83333, precision@k is 0.66667, mrr is 1.00000
---- item 301: map is 0.08054, precision@k is 0.09091, mrr is 0.20000
---- item 351: map is 0.33824, precision@k is 0.18182, mrr is 1.00000
---- item 401: map is 0.06919, precision@k is 0.09091, mrr is 0.20000
---- item 451: map is 0.06489, precision@k is 0.09091, mrr is 0.20000
---- item 501: map is 0.07200, precision@k is 0.09091, mrr is 0.20000
---- item 551: map is 0.08838, precision@k is 0.09091, mrr is 0.25000
---- item 601: map is 0.10546, precision@k is 0.09091, mrr is 0.20000
---- item 651: map is 0.23972, precision@k is 0.18182, mrr is 0.50000
---- item 701: map is 0.10368, precision@k is 0.09091, mrr is 0.20000
[Stat]LDA_User model, Interpolation mode item tagging: Precision@K is 0.10581, MAP is: 0.13150, MRR is: 0.28436, in top 10 tags
244 users are loaded from /home/ll5fy/TUIR/dataset/yelp/byUser_70k_review/5foldsCVColdstart/1/...
260 users are loaded from /home/ll5fy/TUIR/dataset/yelp/byUser_70k_review/5foldsCVColdstart/0/...
266 users are loaded from /home/ll5fy/TUIR/dataset/yelp/byUser_70k_review/5foldsCVColdstart/2/...
264 users are loaded from /home/ll5fy/TUIR/dataset/yelp/byUser_70k_review/5foldsCVColdstart/3/...
256 users are loaded from /home/ll5fy/TUIR/dataset/yelp/byUser_70k_review/5foldsCVColdstart/4/...
[Info]Finish loading 732 items' weights in total 156639 items!
[Info]Begin tagging 732 items with LDA_User Interpolation............
---- item 1: map is 0.67312, precision@k is 0.18182, mrr is 1.00000
---- item 51: map is 0.35075, precision@k is 0.09091, mrr is 1.00000
---- item 101: map is 0.36260, precision@k is 0.09091, mrr is 1.00000
---- item 151: map is 0.46372, precision@k is 0.18182, mrr is 1.00000
---- item 201: map is 0.61111, precision@k is 0.22222, mrr is 1.00000
---- item 251: map is 0.61111, precision@k is 0.22222, mrr is 1.00000
---- item 301: map is 0.46921, precision@k is 0.18182, mrr is 1.00000
---- item 351: map is 0.50633, precision@k is 0.09091, mrr is 1.00000
---- item 401: map is 0.34241, precision@k is 0.09091, mrr is 1.00000
---- item 451: map is 0.23410, precision@k is 0.09091, mrr is 1.00000
---- item 501: map is 0.01163, precision@k is 0.00000, mrr is 0.01163
---- item 551: map is 0.00434, precision@k is 0.00000, mrr is 0.00253
---- item 601: map is 0.01596, precision@k is 0.00000, mrr is 0.01887
---- item 651: map is 0.17522, precision@k is 0.09091, mrr is 0.50000
---- item 701: map is 0.41699, precision@k is 0.18182, mrr is 1.00000
[Stat]LDA_User model, Interpolation mode item tagging: Precision@K is 0.16195, MAP is: 0.35168, MRR is: 0.77116, in top 10 tags
266 users are loaded from /home/ll5fy/TUIR/dataset/yelp/byUser_70k_review/5foldsCVColdstart/2/...
260 users are loaded from /home/ll5fy/TUIR/dataset/yelp/byUser_70k_review/5foldsCVColdstart/0/...
244 users are loaded from /home/ll5fy/TUIR/dataset/yelp/byUser_70k_review/5foldsCVColdstart/1/...
264 users are loaded from /home/ll5fy/TUIR/dataset/yelp/byUser_70k_review/5foldsCVColdstart/3/...
256 users are loaded from /home/ll5fy/TUIR/dataset/yelp/byUser_70k_review/5foldsCVColdstart/4/...
[Info]Finish loading 702 items' weights in total 156639 items!
[Info]Begin tagging 702 items with LDA_User Interpolation............
---- item 1: map is 0.37497, precision@k is 0.09091, mrr is 1.00000
---- item 51: map is 0.04466, precision@k is 0.00000, mrr is 0.05882
---- item 101: map is 0.00575, precision@k is 0.00000, mrr is 0.00518
---- item 151: map is 0.30926, precision@k is 0.18182, mrr is 0.50000
---- item 201: map is 0.17422, precision@k is 0.09091, mrr is 1.00000
---- item 251: map is 0.09012, precision@k is 0.09091, mrr is 0.33333
---- item 301: map is 0.36200, precision@k is 0.09091, mrr is 1.00000
---- item 351: map is 0.67413, precision@k is 0.18182, mrr is 1.00000
---- item 401: map is 0.38668, precision@k is 0.18182, mrr is 1.00000
---- item 451: map is 0.60024, precision@k is 0.27273, mrr is 1.00000
---- item 501: map is 0.04103, precision@k is 0.00000, mrr is 0.05556
---- item 551: map is 0.55565, precision@k is 0.18182, mrr is 1.00000
---- item 601: map is 0.16568, precision@k is 0.18182, mrr is 0.33333
---- item 651: map is 0.17685, precision@k is 0.09091, mrr is 0.33333
---- item 701: map is 0.31667, precision@k is 0.09091, mrr is 0.50000
[Stat]LDA_User model, Interpolation mode item tagging: Precision@K is 0.16267, MAP is: 0.35246, MRR is: 0.75021, in top 10 tags
264 users are loaded from /home/ll5fy/TUIR/dataset/yelp/byUser_70k_review/5foldsCVColdstart/3/...
260 users are loaded from /home/ll5fy/TUIR/dataset/yelp/byUser_70k_review/5foldsCVColdstart/0/...
244 users are loaded from /home/ll5fy/TUIR/dataset/yelp/byUser_70k_review/5foldsCVColdstart/1/...
266 users are loaded from /home/ll5fy/TUIR/dataset/yelp/byUser_70k_review/5foldsCVColdstart/2/...
256 users are loaded from /home/ll5fy/TUIR/dataset/yelp/byUser_70k_review/5foldsCVColdstart/4/...
[Info]Finish loading 717 items' weights in total 156639 items!
[Info]Begin tagging 717 items with LDA_User Interpolation............
---- item 1: map is 0.67514, precision@k is 0.18182, mrr is 1.00000
---- item 51: map is 0.34581, precision@k is 0.09091, mrr is 1.00000
---- item 101: map is 0.26316, precision@k is 0.09091, mrr is 0.50000
---- item 151: map is 0.25699, precision@k is 0.09091, mrr is 0.50000
---- item 201: map is 0.04065, precision@k is 0.00000, mrr is 0.05263
---- item 251: map is 0.50238, precision@k is 0.09091, mrr is 1.00000
---- item 301: map is 0.16792, precision@k is 0.09091, mrr is 0.50000
---- item 351: map is 0.02490, precision@k is 0.00000, mrr is 0.02941
---- item 401: map is 0.00652, precision@k is 0.00000, mrr is 0.00481
---- item 451: map is 0.50901, precision@k is 0.09091, mrr is 1.00000
---- item 501: map is 1.00000, precision@k is 1.00000, mrr is 1.00000
---- item 551: map is 0.50431, precision@k is 0.18182, mrr is 1.00000
---- item 601: map is 0.34089, precision@k is 0.09091, mrr is 1.00000
---- item 651: map is 0.04320, precision@k is 0.00000, mrr is 0.08333
---- item 701: map is 0.01896, precision@k is 0.00000, mrr is 0.01250
[Stat]LDA_User model, Interpolation mode item tagging: Precision@K is 0.18006, MAP is: 0.36134, MRR is: 0.76301, in top 10 tags
256 users are loaded from /home/ll5fy/TUIR/dataset/yelp/byUser_70k_review/5foldsCVColdstart/4/...
260 users are loaded from /home/ll5fy/TUIR/dataset/yelp/byUser_70k_review/5foldsCVColdstart/0/...
244 users are loaded from /home/ll5fy/TUIR/dataset/yelp/byUser_70k_review/5foldsCVColdstart/1/...
266 users are loaded from /home/ll5fy/TUIR/dataset/yelp/byUser_70k_review/5foldsCVColdstart/2/...
264 users are loaded from /home/ll5fy/TUIR/dataset/yelp/byUser_70k_review/5foldsCVColdstart/3/...
[Info]Finish loading 726 items' weights in total 156639 items!
[Info]Begin tagging 726 items with LDA_User Interpolation............
---- item 1: map is 0.67442, precision@k is 0.18182, mrr is 1.00000
---- item 51: map is 0.23167, precision@k is 0.09091, mrr is 1.00000
---- item 101: map is 0.35537, precision@k is 0.09091, mrr is 1.00000
---- item 151: map is 0.34978, precision@k is 0.09091, mrr is 1.00000
---- item 201: map is 1.00000, precision@k is 1.00000, mrr is 1.00000
---- item 251: map is 0.34962, precision@k is 0.09091, mrr is 1.00000
---- item 301: map is 0.38028, precision@k is 0.09091, mrr is 1.00000
---- item 351: map is 0.02439, precision@k is 0.00000, mrr is 0.02439
---- item 401: map is 0.37082, precision@k is 0.09091, mrr is 1.00000
---- item 451: map is 0.19093, precision@k is 0.09091, mrr is 0.50000
---- item 501: map is 0.52114, precision@k is 0.18182, mrr is 1.00000
---- item 551: map is 0.53629, precision@k is 0.18182, mrr is 1.00000
---- item 601: map is 0.31456, precision@k is 0.18182, mrr is 0.50000
---- item 651: map is 0.52632, precision@k is 0.18182, mrr is 1.00000
---- item 701: map is 0.50829, precision@k is 0.18182, mrr is 1.00000
[Stat]LDA_User model, Interpolation mode item tagging: Precision@K is 0.17923, MAP is: 0.37001, MRR is: 0.77781, in top 10 tags

[Stat]Running time (seconds) 308.21500
[Stat]MAP 0.313+/-0.091
[Stat]MRR 0.669+/-0.193
[Stat]Precision 0.158+/-0.027
