Load 6134 2-gram new features from /home/ll5fy/TUIR/dataset/yelp/yelp_features.txt...
Load 6134 2-gram new features from /home/ll5fy/TUIR/dataset/yelp/yelp_features.txt...
[Info]Start FIXED cross validation...
[Info]Load 553 tags, with 6134 features.
260 users are loaded from /home/ll5fy/TUIR/dataset/yelp/byUser_70k_review/5foldsCVColdstart/0/...
244 users are loaded from /home/ll5fy/TUIR/dataset/yelp/byUser_70k_review/5foldsCVColdstart/1/...
266 users are loaded from /home/ll5fy/TUIR/dataset/yelp/byUser_70k_review/5foldsCVColdstart/2/...
264 users are loaded from /home/ll5fy/TUIR/dataset/yelp/byUser_70k_review/5foldsCVColdstart/3/...
256 users are loaded from /home/ll5fy/TUIR/dataset/yelp/byUser_70k_review/5foldsCVColdstart/4/...
[Info]Finish loading 861 items' weights in total 156639 items!
[Info]Begin tagging 861 items with ETBIR_Item Interpolation............
---- item 1: map is 0.34466, precision@k is 0.09091, mrr is 1.00000
---- item 51: map is 0.53571, precision@k is 0.18182, mrr is 1.00000
---- item 101: map is 1.00000, precision@k is 1.00000, mrr is 1.00000
---- item 151: map is 0.36687, precision@k is 0.09091, mrr is 1.00000
---- item 201: map is 0.34480, precision@k is 0.09091, mrr is 1.00000
---- item 251: map is 0.01286, precision@k is 0.00000, mrr is 0.01010
---- item 301: map is 0.25948, precision@k is 0.09091, mrr is 1.00000
---- item 351: map is 0.51351, precision@k is 0.09091, mrr is 1.00000
---- item 401: map is 0.02985, precision@k is 0.00000, mrr is 0.02632
---- item 451: map is 0.38437, precision@k is 0.09091, mrr is 1.00000
---- item 501: map is 0.01598, precision@k is 0.00000, mrr is 0.01408
---- item 551: map is 1.00000, precision@k is 1.00000, mrr is 1.00000
---- item 601: map is 0.02197, precision@k is 0.00000, mrr is 0.01389
---- item 651: map is 0.03215, precision@k is 0.00000, mrr is 0.07143
---- item 701: map is 0.34363, precision@k is 0.09091, mrr is 1.00000
---- item 751: map is 0.00455, precision@k is 0.00000, mrr is 0.00308
---- item 801: map is 0.34947, precision@k is 0.09091, mrr is 1.00000
---- item 851: map is 0.05106, precision@k is 0.09091, mrr is 0.11111
[Stat]ETBIR_Item model, Interpolation mode item tagging: Precision@K is 0.12466, MAP is: 0.32010, MRR is: 0.77957, in top 10 tags
244 users are loaded from /home/ll5fy/TUIR/dataset/yelp/byUser_70k_review/5foldsCVColdstart/1/...
260 users are loaded from /home/ll5fy/TUIR/dataset/yelp/byUser_70k_review/5foldsCVColdstart/0/...
266 users are loaded from /home/ll5fy/TUIR/dataset/yelp/byUser_70k_review/5foldsCVColdstart/2/...
264 users are loaded from /home/ll5fy/TUIR/dataset/yelp/byUser_70k_review/5foldsCVColdstart/3/...
256 users are loaded from /home/ll5fy/TUIR/dataset/yelp/byUser_70k_review/5foldsCVColdstart/4/...
[Info]Finish loading 861 items' weights in total 156639 items!
[Info]Begin tagging 861 items with ETBIR_Item Interpolation............
---- item 1: map is 0.34531, precision@k is 0.09091, mrr is 1.00000
---- item 51: map is 0.53788, precision@k is 0.18182, mrr is 1.00000
---- item 101: map is 1.00000, precision@k is 1.00000, mrr is 1.00000
---- item 151: map is 0.37046, precision@k is 0.09091, mrr is 1.00000
---- item 201: map is 0.34564, precision@k is 0.09091, mrr is 1.00000
---- item 251: map is 0.00784, precision@k is 0.00000, mrr is 0.00725
---- item 301: map is 0.26571, precision@k is 0.09091, mrr is 1.00000
---- item 351: map is 0.51639, precision@k is 0.09091, mrr is 1.00000
---- item 401: map is 0.04809, precision@k is 0.09091, mrr is 0.11111
---- item 451: map is 0.41429, precision@k is 0.09091, mrr is 1.00000
---- item 501: map is 0.01568, precision@k is 0.00000, mrr is 0.01205
---- item 551: map is 1.00000, precision@k is 1.00000, mrr is 1.00000
---- item 601: map is 0.03844, precision@k is 0.00000, mrr is 0.07143
---- item 651: map is 0.03454, precision@k is 0.00000, mrr is 0.07692
---- item 701: map is 0.34400, precision@k is 0.09091, mrr is 1.00000
---- item 751: map is 0.00448, precision@k is 0.00000, mrr is 0.00283
---- item 801: map is 0.35246, precision@k is 0.09091, mrr is 1.00000
---- item 851: map is 0.05061, precision@k is 0.09091, mrr is 0.11111
[Stat]ETBIR_Item model, Interpolation mode item tagging: Precision@K is 0.14949, MAP is: 0.34125, MRR is: 0.77854, in top 10 tags
266 users are loaded from /home/ll5fy/TUIR/dataset/yelp/byUser_70k_review/5foldsCVColdstart/2/...
260 users are loaded from /home/ll5fy/TUIR/dataset/yelp/byUser_70k_review/5foldsCVColdstart/0/...
244 users are loaded from /home/ll5fy/TUIR/dataset/yelp/byUser_70k_review/5foldsCVColdstart/1/...
264 users are loaded from /home/ll5fy/TUIR/dataset/yelp/byUser_70k_review/5foldsCVColdstart/3/...
256 users are loaded from /home/ll5fy/TUIR/dataset/yelp/byUser_70k_review/5foldsCVColdstart/4/...
[Info]Finish loading 861 items' weights in total 156639 items!
[Info]Begin tagging 861 items with ETBIR_Item Interpolation............
---- item 1: map is 0.34232, precision@k is 0.09091, mrr is 1.00000
---- item 51: map is 0.53228, precision@k is 0.18182, mrr is 1.00000
---- item 101: map is 1.00000, precision@k is 1.00000, mrr is 1.00000
---- item 151: map is 0.36492, precision@k is 0.09091, mrr is 1.00000
---- item 201: map is 0.34366, precision@k is 0.09091, mrr is 1.00000
---- item 251: map is 0.01469, precision@k is 0.00000, mrr is 0.01299
---- item 301: map is 0.26715, precision@k is 0.09091, mrr is 1.00000
---- item 351: map is 0.52000, precision@k is 0.09091, mrr is 1.00000
---- item 401: map is 0.15128, precision@k is 0.09091, mrr is 0.50000
---- item 451: map is 0.40625, precision@k is 0.09091, mrr is 1.00000
---- item 501: map is 0.01719, precision@k is 0.00000, mrr is 0.01538
---- item 551: map is 1.00000, precision@k is 1.00000, mrr is 1.00000
---- item 601: map is 0.28196, precision@k is 0.09091, mrr is 1.00000
---- item 651: map is 0.02379, precision@k is 0.00000, mrr is 0.03846
---- item 701: map is 0.34204, precision@k is 0.09091, mrr is 1.00000
---- item 751: map is 0.00437, precision@k is 0.00000, mrr is 0.00274
---- item 801: map is 0.35236, precision@k is 0.09091, mrr is 1.00000
---- item 851: map is 0.04138, precision@k is 0.00000, mrr is 0.06667
[Stat]ETBIR_Item model, Interpolation mode item tagging: Precision@K is 0.15891, MAP is: 0.34576, MRR is: 0.77706, in top 10 tags
264 users are loaded from /home/ll5fy/TUIR/dataset/yelp/byUser_70k_review/5foldsCVColdstart/3/...
260 users are loaded from /home/ll5fy/TUIR/dataset/yelp/byUser_70k_review/5foldsCVColdstart/0/...
244 users are loaded from /home/ll5fy/TUIR/dataset/yelp/byUser_70k_review/5foldsCVColdstart/1/...
266 users are loaded from /home/ll5fy/TUIR/dataset/yelp/byUser_70k_review/5foldsCVColdstart/2/...
256 users are loaded from /home/ll5fy/TUIR/dataset/yelp/byUser_70k_review/5foldsCVColdstart/4/...
[Info]Finish loading 861 items' weights in total 156639 items!
[Info]Begin tagging 861 items with ETBIR_Item Interpolation............
---- item 1: map is 0.34349, precision@k is 0.09091, mrr is 1.00000
---- item 51: map is 0.53599, precision@k is 0.18182, mrr is 1.00000
---- item 101: map is 1.00000, precision@k is 1.00000, mrr is 1.00000
---- item 151: map is 0.37171, precision@k is 0.09091, mrr is 1.00000
---- item 201: map is 0.34371, precision@k is 0.09091, mrr is 1.00000
---- item 251: map is 0.50565, precision@k is 0.09091, mrr is 1.00000
---- item 301: map is 0.26183, precision@k is 0.09091, mrr is 1.00000
---- item 351: map is 0.52439, precision@k is 0.09091, mrr is 1.00000
---- item 401: map is 0.19112, precision@k is 0.18182, mrr is 0.50000
---- item 451: map is 0.57250, precision@k is 0.18182, mrr is 1.00000
---- item 501: map is 0.01910, precision@k is 0.00000, mrr is 0.01695
---- item 551: map is 1.00000, precision@k is 1.00000, mrr is 1.00000
---- item 601: map is 0.29855, precision@k is 0.09091, mrr is 1.00000
---- item 651: map is 0.02774, precision@k is 0.00000, mrr is 0.05000
---- item 701: map is 0.17555, precision@k is 0.09091, mrr is 0.50000
---- item 751: map is 0.00442, precision@k is 0.00000, mrr is 0.00292
---- item 801: map is 0.35402, precision@k is 0.09091, mrr is 1.00000
---- item 851: map is 0.05189, precision@k is 0.09091, mrr is 0.10000
[Stat]ETBIR_Item model, Interpolation mode item tagging: Precision@K is 0.16736, MAP is: 0.35248, MRR is: 0.76835, in top 10 tags
256 users are loaded from /home/ll5fy/TUIR/dataset/yelp/byUser_70k_review/5foldsCVColdstart/4/...
260 users are loaded from /home/ll5fy/TUIR/dataset/yelp/byUser_70k_review/5foldsCVColdstart/0/...
244 users are loaded from /home/ll5fy/TUIR/dataset/yelp/byUser_70k_review/5foldsCVColdstart/1/...
266 users are loaded from /home/ll5fy/TUIR/dataset/yelp/byUser_70k_review/5foldsCVColdstart/2/...
264 users are loaded from /home/ll5fy/TUIR/dataset/yelp/byUser_70k_review/5foldsCVColdstart/3/...
[Info]Finish loading 861 items' weights in total 156639 items!
[Info]Begin tagging 861 items with ETBIR_Item Interpolation............
---- item 1: map is 0.36041, precision@k is 0.09091, mrr is 1.00000
---- item 51: map is 0.53984, precision@k is 0.18182, mrr is 1.00000
---- item 101: map is 1.00000, precision@k is 1.00000, mrr is 1.00000
---- item 151: map is 0.43311, precision@k is 0.18182, mrr is 1.00000
---- item 201: map is 0.34489, precision@k is 0.09091, mrr is 1.00000
---- item 251: map is 0.01973, precision@k is 0.00000, mrr is 0.02041
---- item 301: map is 0.26609, precision@k is 0.09091, mrr is 1.00000
---- item 351: map is 0.52128, precision@k is 0.09091, mrr is 1.00000
---- item 401: map is 0.17532, precision@k is 0.18182, mrr is 0.50000
---- item 451: map is 0.56619, precision@k is 0.18182, mrr is 1.00000
---- item 501: map is 0.03169, precision@k is 0.00000, mrr is 0.05556
---- item 551: map is 1.00000, precision@k is 1.00000, mrr is 1.00000
---- item 601: map is 0.31559, precision@k is 0.09091, mrr is 1.00000
---- item 651: map is 0.03187, precision@k is 0.00000, mrr is 0.09091
---- item 701: map is 0.17507, precision@k is 0.09091, mrr is 0.50000
---- item 751: map is 0.00445, precision@k is 0.00000, mrr is 0.00284
---- item 801: map is 0.34867, precision@k is 0.09091, mrr is 1.00000
---- item 851: map is 0.07764, precision@k is 0.09091, mrr is 0.25000
[Stat]ETBIR_Item model, Interpolation mode item tagging: Precision@K is 0.17480, MAP is: 0.35570, MRR is: 0.76861, in top 10 tags

[Stat]Running time (seconds) 365.90300
[Stat]MAP 0.343+/-0.013
[Stat]MRR 0.774+/-0.005
[Stat]Precision 0.155+/-0.017
