Load 6134 2-gram new features from /home/ll5fy/TUIR/dataset/yelp/yelp_features.txt...
Load 6134 2-gram new features from /home/ll5fy/TUIR/dataset/yelp/yelp_features.txt...
[Info]Start FIXED cross validation...
[Info]Load 553 tags, with 6134 features.
260 users are loaded from /home/ll5fy/TUIR/dataset/yelp/byUser_70k_review/5foldsCVColdstart/0/...
244 users are loaded from /home/ll5fy/TUIR/dataset/yelp/byUser_70k_review/5foldsCVColdstart/1/...
266 users are loaded from /home/ll5fy/TUIR/dataset/yelp/byUser_70k_review/5foldsCVColdstart/2/...
264 users are loaded from /home/ll5fy/TUIR/dataset/yelp/byUser_70k_review/5foldsCVColdstart/3/...
256 users are loaded from /home/ll5fy/TUIR/dataset/yelp/byUser_70k_review/5foldsCVColdstart/4/...
[Info]Finish loading 722 items' weights in total 156639 items!
[Info]Begin tagging 722 items with LDA_Variational Interpolation............
---- item 1: map is 0.56331, precision@k is 0.18182, mrr is 1.00000
---- item 51: map is 0.12687, precision@k is 0.09091, mrr is 0.25000
---- item 101: map is 0.75000, precision@k is 0.50000, mrr is 1.00000
---- item 151: map is 0.38721, precision@k is 0.09091, mrr is 1.00000
---- item 201: map is 0.36082, precision@k is 0.18182, mrr is 1.00000
---- item 251: map is 0.83333, precision@k is 0.66667, mrr is 1.00000
---- item 301: map is 0.10946, precision@k is 0.09091, mrr is 0.14286
---- item 351: map is 0.35196, precision@k is 0.18182, mrr is 1.00000
---- item 401: map is 0.29899, precision@k is 0.09091, mrr is 1.00000
---- item 451: map is 0.65377, precision@k is 0.27273, mrr is 1.00000
---- item 501: map is 0.34069, precision@k is 0.09091, mrr is 1.00000
---- item 551: map is 0.67019, precision@k is 0.18182, mrr is 1.00000
---- item 601: map is 0.61111, precision@k is 0.22222, mrr is 1.00000
---- item 651: map is 0.23013, precision@k is 0.18182, mrr is 0.50000
---- item 701: map is 0.70000, precision@k is 0.40000, mrr is 1.00000
[Stat]LDA_Variational model, Interpolation mode item tagging: Precision@K is 0.21509, MAP is: 0.35902, MRR is: 0.65367, in top 10 tags
244 users are loaded from /home/ll5fy/TUIR/dataset/yelp/byUser_70k_review/5foldsCVColdstart/1/...
260 users are loaded from /home/ll5fy/TUIR/dataset/yelp/byUser_70k_review/5foldsCVColdstart/0/...
266 users are loaded from /home/ll5fy/TUIR/dataset/yelp/byUser_70k_review/5foldsCVColdstart/2/...
264 users are loaded from /home/ll5fy/TUIR/dataset/yelp/byUser_70k_review/5foldsCVColdstart/3/...
256 users are loaded from /home/ll5fy/TUIR/dataset/yelp/byUser_70k_review/5foldsCVColdstart/4/...
[Info]Finish loading 732 items' weights in total 156639 items!
[Info]Begin tagging 732 items with LDA_Variational Interpolation............
---- item 1: map is 0.51163, precision@k is 0.18182, mrr is 1.00000
---- item 51: map is 0.55974, precision@k is 0.18182, mrr is 1.00000
---- item 101: map is 0.06745, precision@k is 0.00000, mrr is 0.07692
---- item 151: map is 0.31329, precision@k is 0.18182, mrr is 1.00000
---- item 201: map is 0.70000, precision@k is 0.40000, mrr is 1.00000
---- item 251: map is 0.41667, precision@k is 0.50000, mrr is 0.33333
---- item 301: map is 0.41019, precision@k is 0.18182, mrr is 1.00000
---- item 351: map is 0.36667, precision@k is 0.40000, mrr is 0.33333
---- item 401: map is 0.06801, precision@k is 0.09091, mrr is 0.16667
---- item 451: map is 0.32359, precision@k is 0.18182, mrr is 1.00000
---- item 501: map is 0.50000, precision@k is 0.50000, mrr is 0.50000
---- item 551: map is 0.00423, precision@k is 0.00000, mrr is 0.00256
---- item 601: map is 0.04436, precision@k is 0.00000, mrr is 0.07143
---- item 651: map is 0.47619, precision@k is 0.42857, mrr is 0.50000
---- item 701: map is 0.29725, precision@k is 0.18182, mrr is 1.00000
[Stat]LDA_Variational model, Interpolation mode item tagging: Precision@K is 0.21994, MAP is: 0.36309, MRR is: 0.64914, in top 10 tags
266 users are loaded from /home/ll5fy/TUIR/dataset/yelp/byUser_70k_review/5foldsCVColdstart/2/...
260 users are loaded from /home/ll5fy/TUIR/dataset/yelp/byUser_70k_review/5foldsCVColdstart/0/...
244 users are loaded from /home/ll5fy/TUIR/dataset/yelp/byUser_70k_review/5foldsCVColdstart/1/...
264 users are loaded from /home/ll5fy/TUIR/dataset/yelp/byUser_70k_review/5foldsCVColdstart/3/...
256 users are loaded from /home/ll5fy/TUIR/dataset/yelp/byUser_70k_review/5foldsCVColdstart/4/...
[Info]Finish loading 702 items' weights in total 156639 items!
[Info]Begin tagging 702 items with LDA_Variational Interpolation............
---- item 1: map is 0.67790, precision@k is 0.18182, mrr is 1.00000
---- item 51: map is 0.39431, precision@k is 0.27273, mrr is 0.50000
---- item 101: map is 0.50847, precision@k is 0.09091, mrr is 1.00000
---- item 151: map is 0.27801, precision@k is 0.27273, mrr is 0.50000
---- item 201: map is 0.18158, precision@k is 0.09091, mrr is 1.00000
---- item 251: map is 0.25257, precision@k is 0.27273, mrr is 0.50000
---- item 301: map is 0.10246, precision@k is 0.09091, mrr is 0.16667
---- item 351: map is 0.41407, precision@k is 0.18182, mrr is 1.00000
---- item 401: map is 0.48920, precision@k is 0.36364, mrr is 1.00000
---- item 451: map is 0.65730, precision@k is 0.27273, mrr is 1.00000
---- item 501: map is 0.39829, precision@k is 0.27273, mrr is 0.50000
---- item 551: map is 0.47703, precision@k is 0.27273, mrr is 1.00000
---- item 601: map is 0.24874, precision@k is 0.27273, mrr is 0.33333
---- item 651: map is 0.38296, precision@k is 0.09091, mrr is 1.00000
---- item 701: map is 0.26667, precision@k is 0.20000, mrr is 0.33333
[Stat]LDA_Variational model, Interpolation mode item tagging: Precision@K is 0.22056, MAP is: 0.36406, MRR is: 0.64025, in top 10 tags
264 users are loaded from /home/ll5fy/TUIR/dataset/yelp/byUser_70k_review/5foldsCVColdstart/3/...
260 users are loaded from /home/ll5fy/TUIR/dataset/yelp/byUser_70k_review/5foldsCVColdstart/0/...
244 users are loaded from /home/ll5fy/TUIR/dataset/yelp/byUser_70k_review/5foldsCVColdstart/1/...
266 users are loaded from /home/ll5fy/TUIR/dataset/yelp/byUser_70k_review/5foldsCVColdstart/2/...
256 users are loaded from /home/ll5fy/TUIR/dataset/yelp/byUser_70k_review/5foldsCVColdstart/4/...
[Info]Finish loading 717 items' weights in total 156639 items!
[Info]Begin tagging 717 items with LDA_Variational Interpolation............
---- item 1: map is 0.45915, precision@k is 0.18182, mrr is 1.00000
---- item 51: map is 0.43262, precision@k is 0.18182, mrr is 1.00000
---- item 101: map is 0.22619, precision@k is 0.28571, mrr is 0.16667
---- item 151: map is 0.09028, precision@k is 0.09091, mrr is 0.16667
---- item 201: map is 0.34518, precision@k is 0.27273, mrr is 0.50000
---- item 251: map is 0.05303, precision@k is 0.09091, mrr is 0.10000
---- item 301: map is 0.30521, precision@k is 0.18182, mrr is 0.33333
---- item 351: map is 0.04362, precision@k is 0.00000, mrr is 0.03846
---- item 401: map is 0.00940, precision@k is 0.00000, mrr is 0.00971
---- item 451: map is 1.00000, precision@k is 1.00000, mrr is 1.00000
---- item 501: map is 1.00000, precision@k is 1.00000, mrr is 1.00000
---- item 551: map is 0.67100, precision@k is 0.18182, mrr is 1.00000
---- item 601: map is 0.03256, precision@k is 0.00000, mrr is 0.05882
---- item 651: map is 0.34510, precision@k is 0.27273, mrr is 0.50000
---- item 701: map is 0.42609, precision@k is 0.36364, mrr is 1.00000
[Stat]LDA_Variational model, Interpolation mode item tagging: Precision@K is 0.21660, MAP is: 0.36246, MRR is: 0.64752, in top 10 tags
256 users are loaded from /home/ll5fy/TUIR/dataset/yelp/byUser_70k_review/5foldsCVColdstart/4/...
260 users are loaded from /home/ll5fy/TUIR/dataset/yelp/byUser_70k_review/5foldsCVColdstart/0/...
244 users are loaded from /home/ll5fy/TUIR/dataset/yelp/byUser_70k_review/5foldsCVColdstart/1/...
266 users are loaded from /home/ll5fy/TUIR/dataset/yelp/byUser_70k_review/5foldsCVColdstart/2/...
264 users are loaded from /home/ll5fy/TUIR/dataset/yelp/byUser_70k_review/5foldsCVColdstart/3/...
[Info]Finish loading 726 items' weights in total 156639 items!
[Info]Begin tagging 726 items with LDA_Variational Interpolation............
---- item 1: map is 0.44246, precision@k is 0.18182, mrr is 1.00000
---- item 51: map is 0.21910, precision@k is 0.09091, mrr is 1.00000
---- item 101: map is 0.42169, precision@k is 0.18182, mrr is 1.00000
---- item 151: map is 0.12329, precision@k is 0.09091, mrr is 0.33333
---- item 201: map is 0.66667, precision@k is 0.33333, mrr is 1.00000
---- item 251: map is 0.34600, precision@k is 0.09091, mrr is 1.00000
---- item 301: map is 0.40280, precision@k is 0.18182, mrr is 1.00000
---- item 351: map is 1.00000, precision@k is 1.00000, mrr is 1.00000
---- item 401: map is 0.39458, precision@k is 0.09091, mrr is 1.00000
---- item 451: map is 0.19243, precision@k is 0.18182, mrr is 0.33333
---- item 501: map is 0.45996, precision@k is 0.18182, mrr is 1.00000
---- item 551: map is 0.51245, precision@k is 0.27273, mrr is 1.00000
---- item 601: map is 0.40833, precision@k is 0.27273, mrr is 0.50000
---- item 651: map is 0.70000, precision@k is 0.60000, mrr is 1.00000
---- item 701: map is 0.51290, precision@k is 0.18182, mrr is 1.00000
[Stat]LDA_Variational model, Interpolation mode item tagging: Precision@K is 0.21651, MAP is: 0.36382, MRR is: 0.64657, in top 10 tags

[Stat]Running time (seconds) 308.86400
[Stat]MAP 0.362+/-0.002
[Stat]MRR 0.647+/-0.004
[Stat]Precision 0.218+/-0.002
