Load 6134 2-gram new features from /home/ll5fy/TUIR/dataset/yelp/yelp_features.txt...
Load 6134 2-gram new features from /home/ll5fy/TUIR/dataset/yelp/yelp_features.txt...
[Info]Start FIXED cross validation...
[Info]Load 553 tags, with 6134 features.
260 users are loaded from /home/ll5fy/TUIR/dataset/yelp/byUser_70k_review/5foldsCVColdstart/0/...
244 users are loaded from /home/ll5fy/TUIR/dataset/yelp/byUser_70k_review/5foldsCVColdstart/1/...
266 users are loaded from /home/ll5fy/TUIR/dataset/yelp/byUser_70k_review/5foldsCVColdstart/2/...
264 users are loaded from /home/ll5fy/TUIR/dataset/yelp/byUser_70k_review/5foldsCVColdstart/3/...
256 users are loaded from /home/ll5fy/TUIR/dataset/yelp/byUser_70k_review/5foldsCVColdstart/4/...
[Info]Finish loading 722 items' weights in total 156639 items!
[Info]Begin tagging 722 items with LDA_Variational Interpolation............
---- item 1: map is 0.47216, precision@k is 0.18182, mrr is 1.00000
---- item 51: map is 0.25185, precision@k is 0.09091, mrr is 0.50000
---- item 101: map is 0.58333, precision@k is 0.66667, mrr is 0.50000
---- item 151: map is 0.11659, precision@k is 0.09091, mrr is 0.25000
---- item 201: map is 0.35930, precision@k is 0.18182, mrr is 1.00000
---- item 251: map is 0.83333, precision@k is 0.66667, mrr is 1.00000
---- item 301: map is 0.10798, precision@k is 0.09091, mrr is 0.16667
---- item 351: map is 0.34000, precision@k is 0.18182, mrr is 1.00000
---- item 401: map is 0.31618, precision@k is 0.18182, mrr is 1.00000
---- item 451: map is 0.57071, precision@k is 0.18182, mrr is 1.00000
---- item 501: map is 0.17219, precision@k is 0.09091, mrr is 0.50000
---- item 551: map is 0.66983, precision@k is 0.18182, mrr is 1.00000
---- item 601: map is 0.41667, precision@k is 0.33333, mrr is 0.50000
---- item 651: map is 0.24613, precision@k is 0.18182, mrr is 0.50000
---- item 701: map is 0.70000, precision@k is 0.40000, mrr is 1.00000
[Stat]LDA_Variational model, Interpolation mode item tagging: Precision@K is 0.19525, MAP is: 0.32107, MRR is: 0.61465, in top 10 tags
244 users are loaded from /home/ll5fy/TUIR/dataset/yelp/byUser_70k_review/5foldsCVColdstart/1/...
260 users are loaded from /home/ll5fy/TUIR/dataset/yelp/byUser_70k_review/5foldsCVColdstart/0/...
266 users are loaded from /home/ll5fy/TUIR/dataset/yelp/byUser_70k_review/5foldsCVColdstart/2/...
264 users are loaded from /home/ll5fy/TUIR/dataset/yelp/byUser_70k_review/5foldsCVColdstart/3/...
256 users are loaded from /home/ll5fy/TUIR/dataset/yelp/byUser_70k_review/5foldsCVColdstart/4/...
[Info]Finish loading 732 items' weights in total 156639 items!
[Info]Begin tagging 732 items with LDA_Variational Interpolation............
---- item 1: map is 0.67657, precision@k is 0.18182, mrr is 1.00000
---- item 51: map is 0.67371, precision@k is 0.18182, mrr is 1.00000
---- item 101: map is 0.10935, precision@k is 0.09091, mrr is 0.20000
---- item 151: map is 0.36731, precision@k is 0.18182, mrr is 1.00000
---- item 201: map is 0.83333, precision@k is 0.66667, mrr is 1.00000
---- item 251: map is 0.35000, precision@k is 0.20000, mrr is 0.50000
---- item 301: map is 0.43115, precision@k is 0.18182, mrr is 1.00000
---- item 351: map is 0.29167, precision@k is 0.25000, mrr is 0.33333
---- item 401: map is 0.13046, precision@k is 0.09091, mrr is 0.33333
---- item 451: map is 0.26853, precision@k is 0.18182, mrr is 1.00000
---- item 501: map is 0.50000, precision@k is 0.50000, mrr is 0.50000
---- item 551: map is 0.00420, precision@k is 0.00000, mrr is 0.00251
---- item 601: map is 0.02762, precision@k is 0.00000, mrr is 0.02439
---- item 651: map is 0.35606, precision@k is 0.18182, mrr is 0.50000
---- item 701: map is 0.41514, precision@k is 0.18182, mrr is 1.00000
[Stat]LDA_Variational model, Interpolation mode item tagging: Precision@K is 0.22431, MAP is: 0.38297, MRR is: 0.69475, in top 10 tags
266 users are loaded from /home/ll5fy/TUIR/dataset/yelp/byUser_70k_review/5foldsCVColdstart/2/...
260 users are loaded from /home/ll5fy/TUIR/dataset/yelp/byUser_70k_review/5foldsCVColdstart/0/...
244 users are loaded from /home/ll5fy/TUIR/dataset/yelp/byUser_70k_review/5foldsCVColdstart/1/...
264 users are loaded from /home/ll5fy/TUIR/dataset/yelp/byUser_70k_review/5foldsCVColdstart/3/...
256 users are loaded from /home/ll5fy/TUIR/dataset/yelp/byUser_70k_review/5foldsCVColdstart/4/...
[Info]Finish loading 702 items' weights in total 156639 items!
[Info]Begin tagging 702 items with LDA_Variational Interpolation............
---- item 1: map is 0.55899, precision@k is 0.18182, mrr is 1.00000
---- item 51: map is 0.36463, precision@k is 0.27273, mrr is 0.50000
---- item 101: map is 0.50562, precision@k is 0.09091, mrr is 1.00000
---- item 151: map is 0.25104, precision@k is 0.18182, mrr is 0.50000
---- item 201: map is 0.18835, precision@k is 0.09091, mrr is 1.00000
---- item 251: map is 0.24752, precision@k is 0.27273, mrr is 0.50000
---- item 301: map is 0.14758, precision@k is 0.18182, mrr is 0.16667
---- item 351: map is 0.42386, precision@k is 0.18182, mrr is 1.00000
---- item 401: map is 0.50473, precision@k is 0.27273, mrr is 1.00000
---- item 451: map is 0.69430, precision@k is 0.27273, mrr is 1.00000
---- item 501: map is 0.34581, precision@k is 0.27273, mrr is 0.50000
---- item 551: map is 0.52710, precision@k is 0.27273, mrr is 1.00000
---- item 601: map is 0.24538, precision@k is 0.27273, mrr is 0.33333
---- item 651: map is 0.39370, precision@k is 0.09091, mrr is 1.00000
---- item 701: map is 0.30952, precision@k is 0.28571, mrr is 0.33333
[Stat]LDA_Variational model, Interpolation mode item tagging: Precision@K is 0.22506, MAP is: 0.37219, MRR is: 0.65780, in top 10 tags
264 users are loaded from /home/ll5fy/TUIR/dataset/yelp/byUser_70k_review/5foldsCVColdstart/3/...
260 users are loaded from /home/ll5fy/TUIR/dataset/yelp/byUser_70k_review/5foldsCVColdstart/0/...
244 users are loaded from /home/ll5fy/TUIR/dataset/yelp/byUser_70k_review/5foldsCVColdstart/1/...
266 users are loaded from /home/ll5fy/TUIR/dataset/yelp/byUser_70k_review/5foldsCVColdstart/2/...
256 users are loaded from /home/ll5fy/TUIR/dataset/yelp/byUser_70k_review/5foldsCVColdstart/4/...
[Info]Finish loading 717 items' weights in total 156639 items!
[Info]Begin tagging 717 items with LDA_Variational Interpolation............
---- item 1: map is 0.56654, precision@k is 0.18182, mrr is 1.00000
---- item 51: map is 0.56056, precision@k is 0.18182, mrr is 1.00000
---- item 101: map is 0.22619, precision@k is 0.28571, mrr is 0.16667
---- item 151: map is 0.08996, precision@k is 0.09091, mrr is 0.16667
---- item 201: map is 0.36528, precision@k is 0.27273, mrr is 0.50000
---- item 251: map is 0.08585, precision@k is 0.09091, mrr is 0.16667
---- item 301: map is 0.28378, precision@k is 0.18182, mrr is 0.33333
---- item 351: map is 0.02330, precision@k is 0.00000, mrr is 0.02857
---- item 401: map is 0.00738, precision@k is 0.00000, mrr is 0.00505
---- item 451: map is 0.83333, precision@k is 0.66667, mrr is 1.00000
---- item 501: map is 1.00000, precision@k is 1.00000, mrr is 1.00000
---- item 551: map is 0.67056, precision@k is 0.18182, mrr is 1.00000
---- item 601: map is 0.06327, precision@k is 0.09091, mrr is 0.16667
---- item 651: map is 0.34524, precision@k is 0.27273, mrr is 0.50000
---- item 701: map is 0.41695, precision@k is 0.36364, mrr is 1.00000
[Stat]LDA_Variational model, Interpolation mode item tagging: Precision@K is 0.23221, MAP is: 0.37653, MRR is: 0.66980, in top 10 tags
256 users are loaded from /home/ll5fy/TUIR/dataset/yelp/byUser_70k_review/5foldsCVColdstart/4/...
260 users are loaded from /home/ll5fy/TUIR/dataset/yelp/byUser_70k_review/5foldsCVColdstart/0/...
244 users are loaded from /home/ll5fy/TUIR/dataset/yelp/byUser_70k_review/5foldsCVColdstart/1/...
266 users are loaded from /home/ll5fy/TUIR/dataset/yelp/byUser_70k_review/5foldsCVColdstart/2/...
264 users are loaded from /home/ll5fy/TUIR/dataset/yelp/byUser_70k_review/5foldsCVColdstart/3/...
[Info]Finish loading 726 items' weights in total 156639 items!
[Info]Begin tagging 726 items with LDA_Variational Interpolation............
---- item 1: map is 0.56536, precision@k is 0.18182, mrr is 1.00000
---- item 51: map is 0.22283, precision@k is 0.09091, mrr is 1.00000
---- item 101: map is 0.45296, precision@k is 0.18182, mrr is 1.00000
---- item 151: map is 0.12758, precision@k is 0.09091, mrr is 0.33333
---- item 201: map is 0.70000, precision@k is 0.40000, mrr is 1.00000
---- item 251: map is 0.34957, precision@k is 0.09091, mrr is 1.00000
---- item 301: map is 0.41923, precision@k is 0.18182, mrr is 1.00000
---- item 351: map is 1.00000, precision@k is 1.00000, mrr is 1.00000
---- item 401: map is 0.36892, precision@k is 0.09091, mrr is 1.00000
---- item 451: map is 0.18542, precision@k is 0.09091, mrr is 0.33333
---- item 501: map is 0.55093, precision@k is 0.27273, mrr is 1.00000
---- item 551: map is 0.51255, precision@k is 0.27273, mrr is 1.00000
---- item 601: map is 0.44892, precision@k is 0.27273, mrr is 0.50000
---- item 651: map is 0.66667, precision@k is 0.50000, mrr is 1.00000
---- item 701: map is 0.50977, precision@k is 0.18182, mrr is 1.00000
[Stat]LDA_Variational model, Interpolation mode item tagging: Precision@K is 0.22917, MAP is: 0.37728, MRR is: 0.66548, in top 10 tags

[Stat]Running time (seconds) 311.25000
[Stat]MAP 0.366+/-0.023
[Stat]MRR 0.660+/-0.026
[Stat]Precision 0.221+/-0.013
