Load 6134 2-gram new features from /home/ll5fy/TUIR/dataset/yelp/yelp_features.txt...
Load 6134 2-gram new features from /home/ll5fy/TUIR/dataset/yelp/yelp_features.txt...
[Info]Start FIXED cross validation...
[Info]Load 553 tags, with 6134 features.
260 users are loaded from /home/ll5fy/TUIR/dataset/yelp/byUser_70k_review/5foldsCVColdstart/0/...
244 users are loaded from /home/ll5fy/TUIR/dataset/yelp/byUser_70k_review/5foldsCVColdstart/1/...
266 users are loaded from /home/ll5fy/TUIR/dataset/yelp/byUser_70k_review/5foldsCVColdstart/2/...
264 users are loaded from /home/ll5fy/TUIR/dataset/yelp/byUser_70k_review/5foldsCVColdstart/3/...
256 users are loaded from /home/ll5fy/TUIR/dataset/yelp/byUser_70k_review/5foldsCVColdstart/4/...
[Info]Finish loading 861 items' weights in total 156639 items!
[Info]Begin tagging 861 items with ETBIR_Item Embed............
---- item 1: map is 0.34474, precision@k is 0.09091, mrr is 1.00000
---- item 51: map is 0.28509, precision@k is 0.09091, mrr is 1.00000
---- item 101: map is 0.75000, precision@k is 0.50000, mrr is 1.00000
---- item 151: map is 0.36246, precision@k is 0.09091, mrr is 1.00000
---- item 201: map is 0.34535, precision@k is 0.09091, mrr is 1.00000
---- item 251: map is 0.01312, precision@k is 0.00000, mrr is 0.01010
---- item 301: map is 0.26039, precision@k is 0.09091, mrr is 1.00000
---- item 351: map is 0.51111, precision@k is 0.09091, mrr is 1.00000
---- item 401: map is 0.03954, precision@k is 0.00000, mrr is 0.03846
---- item 451: map is 0.37000, precision@k is 0.09091, mrr is 1.00000
---- item 501: map is 0.01184, precision@k is 0.00000, mrr is 0.00901
---- item 551: map is 0.58333, precision@k is 0.09091, mrr is 1.00000
---- item 601: map is 0.02619, precision@k is 0.00000, mrr is 0.02941
---- item 651: map is 0.02690, precision@k is 0.00000, mrr is 0.05263
---- item 701: map is 0.34541, precision@k is 0.09091, mrr is 1.00000
---- item 751: map is 0.00434, precision@k is 0.00000, mrr is 0.00279
---- item 801: map is 0.35343, precision@k is 0.09091, mrr is 1.00000
---- item 851: map is 0.04073, precision@k is 0.00000, mrr is 0.05263
[Stat]ETBIR_Item model, Embed mode item tagging: Precision@K is 0.10186, MAP is: 0.29959, MRR is: 0.77488, in top 10 tags
244 users are loaded from /home/ll5fy/TUIR/dataset/yelp/byUser_70k_review/5foldsCVColdstart/1/...
260 users are loaded from /home/ll5fy/TUIR/dataset/yelp/byUser_70k_review/5foldsCVColdstart/0/...
266 users are loaded from /home/ll5fy/TUIR/dataset/yelp/byUser_70k_review/5foldsCVColdstart/2/...
264 users are loaded from /home/ll5fy/TUIR/dataset/yelp/byUser_70k_review/5foldsCVColdstart/3/...
256 users are loaded from /home/ll5fy/TUIR/dataset/yelp/byUser_70k_review/5foldsCVColdstart/4/...
[Info]Finish loading 861 items' weights in total 156639 items!
[Info]Begin tagging 861 items with ETBIR_Item Embed............
---- item 1: map is 0.34695, precision@k is 0.09091, mrr is 1.00000
---- item 51: map is 0.29283, precision@k is 0.09091, mrr is 1.00000
---- item 101: map is 0.83333, precision@k is 0.66667, mrr is 1.00000
---- item 151: map is 0.37022, precision@k is 0.09091, mrr is 1.00000
---- item 201: map is 0.34601, precision@k is 0.09091, mrr is 1.00000
---- item 251: map is 0.01014, precision@k is 0.00000, mrr is 0.00685
---- item 301: map is 0.26106, precision@k is 0.09091, mrr is 1.00000
---- item 351: map is 0.51205, precision@k is 0.09091, mrr is 1.00000
---- item 401: map is 0.03740, precision@k is 0.00000, mrr is 0.03333
---- item 451: map is 0.36349, precision@k is 0.09091, mrr is 1.00000
---- item 501: map is 0.01618, precision@k is 0.00000, mrr is 0.00980
---- item 551: map is 0.59091, precision@k is 0.09091, mrr is 1.00000
---- item 601: map is 0.02641, precision@k is 0.00000, mrr is 0.02941
---- item 651: map is 0.02897, precision@k is 0.00000, mrr is 0.05556
---- item 701: map is 0.34469, precision@k is 0.09091, mrr is 1.00000
---- item 751: map is 0.00428, precision@k is 0.00000, mrr is 0.00270
---- item 801: map is 0.35500, precision@k is 0.09091, mrr is 1.00000
---- item 851: map is 0.03912, precision@k is 0.00000, mrr is 0.05556
[Stat]ETBIR_Item model, Embed mode item tagging: Precision@K is 0.10516, MAP is: 0.30314, MRR is: 0.77539, in top 10 tags
266 users are loaded from /home/ll5fy/TUIR/dataset/yelp/byUser_70k_review/5foldsCVColdstart/2/...
260 users are loaded from /home/ll5fy/TUIR/dataset/yelp/byUser_70k_review/5foldsCVColdstart/0/...
244 users are loaded from /home/ll5fy/TUIR/dataset/yelp/byUser_70k_review/5foldsCVColdstart/1/...
264 users are loaded from /home/ll5fy/TUIR/dataset/yelp/byUser_70k_review/5foldsCVColdstart/3/...
256 users are loaded from /home/ll5fy/TUIR/dataset/yelp/byUser_70k_review/5foldsCVColdstart/4/...
[Info]Finish loading 861 items' weights in total 156639 items!
[Info]Begin tagging 861 items with ETBIR_Item Embed............
---- item 1: map is 0.34599, precision@k is 0.09091, mrr is 1.00000
---- item 51: map is 0.29444, precision@k is 0.09091, mrr is 1.00000
---- item 101: map is 0.66667, precision@k is 0.33333, mrr is 1.00000
---- item 151: map is 0.37583, precision@k is 0.09091, mrr is 1.00000
---- item 201: map is 0.34480, precision@k is 0.09091, mrr is 1.00000
---- item 251: map is 0.00962, precision@k is 0.00000, mrr is 0.00704
---- item 301: map is 0.25860, precision@k is 0.09091, mrr is 1.00000
---- item 351: map is 0.51220, precision@k is 0.09091, mrr is 1.00000
---- item 401: map is 0.05809, precision@k is 0.00000, mrr is 0.08333
---- item 451: map is 0.36246, precision@k is 0.09091, mrr is 1.00000
---- item 501: map is 0.01421, precision@k is 0.00000, mrr is 0.01031
---- item 551: map is 0.66667, precision@k is 0.33333, mrr is 1.00000
---- item 601: map is 0.03334, precision@k is 0.00000, mrr is 0.05263
---- item 651: map is 0.03223, precision@k is 0.00000, mrr is 0.09091
---- item 701: map is 0.34273, precision@k is 0.09091, mrr is 1.00000
---- item 751: map is 0.00443, precision@k is 0.00000, mrr is 0.00284
---- item 801: map is 0.35502, precision@k is 0.09091, mrr is 1.00000
---- item 851: map is 0.05586, precision@k is 0.00000, mrr is 0.09091
[Stat]ETBIR_Item model, Embed mode item tagging: Precision@K is 0.10183, MAP is: 0.29952, MRR is: 0.77875, in top 10 tags
264 users are loaded from /home/ll5fy/TUIR/dataset/yelp/byUser_70k_review/5foldsCVColdstart/3/...
260 users are loaded from /home/ll5fy/TUIR/dataset/yelp/byUser_70k_review/5foldsCVColdstart/0/...
244 users are loaded from /home/ll5fy/TUIR/dataset/yelp/byUser_70k_review/5foldsCVColdstart/1/...
266 users are loaded from /home/ll5fy/TUIR/dataset/yelp/byUser_70k_review/5foldsCVColdstart/2/...
256 users are loaded from /home/ll5fy/TUIR/dataset/yelp/byUser_70k_review/5foldsCVColdstart/4/...
[Info]Finish loading 861 items' weights in total 156639 items!
[Info]Begin tagging 861 items with ETBIR_Item Embed............
---- item 1: map is 0.34718, precision@k is 0.09091, mrr is 1.00000
---- item 51: map is 0.30700, precision@k is 0.09091, mrr is 1.00000
---- item 101: map is 0.75000, precision@k is 0.50000, mrr is 1.00000
---- item 151: map is 0.37565, precision@k is 0.09091, mrr is 1.00000
---- item 201: map is 0.34666, precision@k is 0.09091, mrr is 1.00000
---- item 251: map is 0.50481, precision@k is 0.09091, mrr is 1.00000
---- item 301: map is 0.26013, precision@k is 0.09091, mrr is 1.00000
---- item 351: map is 0.51333, precision@k is 0.09091, mrr is 1.00000
---- item 401: map is 0.03898, precision@k is 0.00000, mrr is 0.04545
---- item 451: map is 0.37381, precision@k is 0.09091, mrr is 1.00000
---- item 501: map is 0.01422, precision@k is 0.00000, mrr is 0.01020
---- item 551: map is 0.83333, precision@k is 0.66667, mrr is 1.00000
---- item 601: map is 0.02506, precision@k is 0.00000, mrr is 0.02500
---- item 651: map is 0.02525, precision@k is 0.00000, mrr is 0.04000
---- item 701: map is 0.34604, precision@k is 0.09091, mrr is 1.00000
---- item 751: map is 0.00430, precision@k is 0.00000, mrr is 0.00271
---- item 801: map is 0.36541, precision@k is 0.09091, mrr is 1.00000
---- item 851: map is 0.03644, precision@k is 0.00000, mrr is 0.04167
[Stat]ETBIR_Item model, Embed mode item tagging: Precision@K is 0.11001, MAP is: 0.30584, MRR is: 0.77570, in top 10 tags
256 users are loaded from /home/ll5fy/TUIR/dataset/yelp/byUser_70k_review/5foldsCVColdstart/4/...
260 users are loaded from /home/ll5fy/TUIR/dataset/yelp/byUser_70k_review/5foldsCVColdstart/0/...
244 users are loaded from /home/ll5fy/TUIR/dataset/yelp/byUser_70k_review/5foldsCVColdstart/1/...
266 users are loaded from /home/ll5fy/TUIR/dataset/yelp/byUser_70k_review/5foldsCVColdstart/2/...
264 users are loaded from /home/ll5fy/TUIR/dataset/yelp/byUser_70k_review/5foldsCVColdstart/3/...
[Info]Finish loading 861 items' weights in total 156639 items!
[Info]Begin tagging 861 items with ETBIR_Item Embed............
---- item 1: map is 0.31897, precision@k is 0.09091, mrr is 1.00000
---- item 51: map is 0.29672, precision@k is 0.09091, mrr is 1.00000
---- item 101: map is 0.61111, precision@k is 0.22222, mrr is 1.00000
---- item 151: map is 0.25490, precision@k is 0.09091, mrr is 1.00000
---- item 201: map is 0.34702, precision@k is 0.09091, mrr is 1.00000
---- item 251: map is 0.00774, precision@k is 0.00000, mrr is 0.00562
---- item 301: map is 0.25958, precision@k is 0.09091, mrr is 1.00000
---- item 351: map is 0.51538, precision@k is 0.09091, mrr is 1.00000
---- item 401: map is 0.03727, precision@k is 0.00000, mrr is 0.03333
---- item 451: map is 0.36211, precision@k is 0.09091, mrr is 1.00000
---- item 501: map is 0.01479, precision@k is 0.00000, mrr is 0.01031
---- item 551: map is 0.75000, precision@k is 0.50000, mrr is 1.00000
---- item 601: map is 0.02679, precision@k is 0.00000, mrr is 0.03125
---- item 651: map is 0.03550, precision@k is 0.09091, mrr is 0.10000
---- item 701: map is 0.34398, precision@k is 0.09091, mrr is 1.00000
---- item 751: map is 0.00437, precision@k is 0.00000, mrr is 0.00285
---- item 801: map is 0.35616, precision@k is 0.09091, mrr is 1.00000
---- item 851: map is 0.05879, precision@k is 0.09091, mrr is 0.10000
[Stat]ETBIR_Item model, Embed mode item tagging: Precision@K is 0.10807, MAP is: 0.29922, MRR is: 0.77760, in top 10 tags

[Stat]Running time (seconds) 27.15500
[Stat]MAP 0.301+/-0.003
[Stat]MRR 0.776+/-0.001
[Stat]Precision 0.105+/-0.003
