Load 6134 2-gram new features from /home/ll5fy/TUIR/dataset/yelp/yelp_features.txt...
Load 6134 2-gram new features from /home/ll5fy/TUIR/dataset/yelp/yelp_features.txt...
[Info]Start FIXED cross validation...
[Info]Load 553 tags, with 6134 features.
260 users are loaded from /home/ll5fy/TUIR/dataset/yelp/byUser_70k_review/5foldsCVColdstart/0/...
244 users are loaded from /home/ll5fy/TUIR/dataset/yelp/byUser_70k_review/5foldsCVColdstart/1/...
266 users are loaded from /home/ll5fy/TUIR/dataset/yelp/byUser_70k_review/5foldsCVColdstart/2/...
264 users are loaded from /home/ll5fy/TUIR/dataset/yelp/byUser_70k_review/5foldsCVColdstart/3/...
256 users are loaded from /home/ll5fy/TUIR/dataset/yelp/byUser_70k_review/5foldsCVColdstart/4/...
[Info]Finish loading 861 items' weights in total 156639 items!
[Info]Begin tagging 861 items with ETBIR_User Interpolation............
---- item 1: map is 0.55827, precision@k is 0.18182, mrr is 1.00000
---- item 51: map is 0.36981, precision@k is 0.18182, mrr is 1.00000
---- item 101: map is 0.75000, precision@k is 0.50000, mrr is 1.00000
---- item 151: map is 0.13874, precision@k is 0.09091, mrr is 0.33333
---- item 201: map is 0.34331, precision@k is 0.09091, mrr is 1.00000
---- item 251: map is 0.19643, precision@k is 0.09091, mrr is 0.25000
---- item 301: map is 0.50454, precision@k is 0.18182, mrr is 1.00000
---- item 351: map is 0.75000, precision@k is 0.50000, mrr is 1.00000
---- item 401: map is 0.18378, precision@k is 0.18182, mrr is 0.50000
---- item 451: map is 0.58333, precision@k is 0.18182, mrr is 1.00000
---- item 501: map is 0.34442, precision@k is 0.09091, mrr is 1.00000
---- item 551: map is 0.64286, precision@k is 0.28571, mrr is 1.00000
---- item 601: map is 0.02601, precision@k is 0.00000, mrr is 0.01786
---- item 651: map is 0.02299, precision@k is 0.00000, mrr is 0.02941
---- item 701: map is 0.34167, precision@k is 0.09091, mrr is 1.00000
---- item 751: map is 0.00431, precision@k is 0.00000, mrr is 0.00281
---- item 801: map is 0.41450, precision@k is 0.18182, mrr is 1.00000
---- item 851: map is 0.09749, precision@k is 0.09091, mrr is 0.25000
[Stat]ETBIR_User model, Interpolation mode item tagging: Precision@K is 0.20541, MAP is: 0.35790, MRR is: 0.68143, in top 10 tags
244 users are loaded from /home/ll5fy/TUIR/dataset/yelp/byUser_70k_review/5foldsCVColdstart/1/...
260 users are loaded from /home/ll5fy/TUIR/dataset/yelp/byUser_70k_review/5foldsCVColdstart/0/...
266 users are loaded from /home/ll5fy/TUIR/dataset/yelp/byUser_70k_review/5foldsCVColdstart/2/...
264 users are loaded from /home/ll5fy/TUIR/dataset/yelp/byUser_70k_review/5foldsCVColdstart/3/...
256 users are loaded from /home/ll5fy/TUIR/dataset/yelp/byUser_70k_review/5foldsCVColdstart/4/...
[Info]Finish loading 861 items' weights in total 156639 items!
[Info]Begin tagging 861 items with ETBIR_User Interpolation............
---- item 1: map is 0.55817, precision@k is 0.18182, mrr is 1.00000
---- item 51: map is 0.35531, precision@k is 0.18182, mrr is 1.00000
---- item 101: map is 0.64286, precision@k is 0.28571, mrr is 1.00000
---- item 151: map is 0.14409, precision@k is 0.18182, mrr is 0.20000
---- item 201: map is 0.34327, precision@k is 0.09091, mrr is 1.00000
---- item 251: map is 0.21591, precision@k is 0.09091, mrr is 0.25000
---- item 301: map is 0.50597, precision@k is 0.18182, mrr is 1.00000
---- item 351: map is 0.83333, precision@k is 0.66667, mrr is 1.00000
---- item 401: map is 0.30387, precision@k is 0.27273, mrr is 0.50000
---- item 451: map is 0.52326, precision@k is 0.18182, mrr is 1.00000
---- item 501: map is 0.34556, precision@k is 0.09091, mrr is 1.00000
---- item 551: map is 0.58333, precision@k is 0.09091, mrr is 1.00000
---- item 601: map is 0.43591, precision@k is 0.18182, mrr is 1.00000
---- item 651: map is 0.02790, precision@k is 0.00000, mrr is 0.04348
---- item 701: map is 0.18700, precision@k is 0.09091, mrr is 0.50000
---- item 751: map is 0.00435, precision@k is 0.00000, mrr is 0.00276
---- item 801: map is 0.41440, precision@k is 0.18182, mrr is 1.00000
---- item 851: map is 0.09796, precision@k is 0.09091, mrr is 0.25000
[Stat]ETBIR_User model, Interpolation mode item tagging: Precision@K is 0.22217, MAP is: 0.36622, MRR is: 0.65390, in top 10 tags
266 users are loaded from /home/ll5fy/TUIR/dataset/yelp/byUser_70k_review/5foldsCVColdstart/2/...
260 users are loaded from /home/ll5fy/TUIR/dataset/yelp/byUser_70k_review/5foldsCVColdstart/0/...
244 users are loaded from /home/ll5fy/TUIR/dataset/yelp/byUser_70k_review/5foldsCVColdstart/1/...
264 users are loaded from /home/ll5fy/TUIR/dataset/yelp/byUser_70k_review/5foldsCVColdstart/3/...
256 users are loaded from /home/ll5fy/TUIR/dataset/yelp/byUser_70k_review/5foldsCVColdstart/4/...
[Info]Finish loading 861 items' weights in total 156639 items!
[Info]Begin tagging 861 items with ETBIR_User Interpolation............
---- item 1: map is 0.67320, precision@k is 0.18182, mrr is 1.00000
---- item 51: map is 0.34731, precision@k is 0.09091, mrr is 1.00000
---- item 101: map is 0.62500, precision@k is 0.25000, mrr is 1.00000
---- item 151: map is 0.14062, precision@k is 0.18182, mrr is 0.16667
---- item 201: map is 0.34408, precision@k is 0.09091, mrr is 1.00000
---- item 251: map is 0.22500, precision@k is 0.20000, mrr is 0.25000
---- item 301: map is 0.50573, precision@k is 0.18182, mrr is 1.00000
---- item 351: map is 0.83333, precision@k is 0.66667, mrr is 1.00000
---- item 401: map is 0.35022, precision@k is 0.27273, mrr is 0.50000
---- item 451: map is 0.52083, precision@k is 0.18182, mrr is 1.00000
---- item 501: map is 0.34821, precision@k is 0.09091, mrr is 1.00000
---- item 551: map is 0.57692, precision@k is 0.09091, mrr is 1.00000
---- item 601: map is 0.43620, precision@k is 0.18182, mrr is 1.00000
---- item 651: map is 0.03896, precision@k is 0.00000, mrr is 0.04545
---- item 701: map is 0.14266, precision@k is 0.09091, mrr is 0.33333
---- item 751: map is 0.00458, precision@k is 0.00000, mrr is 0.00271
---- item 801: map is 0.41574, precision@k is 0.18182, mrr is 1.00000
---- item 851: map is 0.10522, precision@k is 0.09091, mrr is 0.25000
[Stat]ETBIR_User model, Interpolation mode item tagging: Precision@K is 0.21944, MAP is: 0.36493, MRR is: 0.64780, in top 10 tags
264 users are loaded from /home/ll5fy/TUIR/dataset/yelp/byUser_70k_review/5foldsCVColdstart/3/...
260 users are loaded from /home/ll5fy/TUIR/dataset/yelp/byUser_70k_review/5foldsCVColdstart/0/...
244 users are loaded from /home/ll5fy/TUIR/dataset/yelp/byUser_70k_review/5foldsCVColdstart/1/...
266 users are loaded from /home/ll5fy/TUIR/dataset/yelp/byUser_70k_review/5foldsCVColdstart/2/...
256 users are loaded from /home/ll5fy/TUIR/dataset/yelp/byUser_70k_review/5foldsCVColdstart/4/...
[Info]Finish loading 861 items' weights in total 156639 items!
[Info]Begin tagging 861 items with ETBIR_User Interpolation............
---- item 1: map is 0.68707, precision@k is 0.18182, mrr is 1.00000
---- item 51: map is 0.35985, precision@k is 0.09091, mrr is 1.00000
---- item 101: map is 0.62500, precision@k is 0.25000, mrr is 1.00000
---- item 151: map is 0.12837, precision@k is 0.09091, mrr is 0.20000
---- item 201: map is 0.34334, precision@k is 0.09091, mrr is 1.00000
---- item 251: map is 0.41667, precision@k is 0.50000, mrr is 0.33333
---- item 301: map is 0.50504, precision@k is 0.18182, mrr is 1.00000
---- item 351: map is 1.00000, precision@k is 1.00000, mrr is 1.00000
---- item 401: map is 0.35063, precision@k is 0.27273, mrr is 0.50000
---- item 451: map is 0.40932, precision@k is 0.09091, mrr is 1.00000
---- item 501: map is 0.34402, precision@k is 0.09091, mrr is 1.00000
---- item 551: map is 0.56667, precision@k is 0.09091, mrr is 1.00000
---- item 601: map is 0.43822, precision@k is 0.18182, mrr is 1.00000
---- item 651: map is 0.04835, precision@k is 0.00000, mrr is 0.04000
---- item 701: map is 0.15946, precision@k is 0.09091, mrr is 0.33333
---- item 751: map is 0.00426, precision@k is 0.00000, mrr is 0.00280
---- item 801: map is 0.41465, precision@k is 0.18182, mrr is 1.00000
---- item 851: map is 0.11002, precision@k is 0.09091, mrr is 0.25000
[Stat]ETBIR_User model, Interpolation mode item tagging: Precision@K is 0.21383, MAP is: 0.36004, MRR is: 0.64282, in top 10 tags
256 users are loaded from /home/ll5fy/TUIR/dataset/yelp/byUser_70k_review/5foldsCVColdstart/4/...
260 users are loaded from /home/ll5fy/TUIR/dataset/yelp/byUser_70k_review/5foldsCVColdstart/0/...
244 users are loaded from /home/ll5fy/TUIR/dataset/yelp/byUser_70k_review/5foldsCVColdstart/1/...
266 users are loaded from /home/ll5fy/TUIR/dataset/yelp/byUser_70k_review/5foldsCVColdstart/2/...
264 users are loaded from /home/ll5fy/TUIR/dataset/yelp/byUser_70k_review/5foldsCVColdstart/3/...
[Info]Finish loading 861 items' weights in total 156639 items!
[Info]Begin tagging 861 items with ETBIR_User Interpolation............
---- item 1: map is 0.74702, precision@k is 0.57143, mrr is 1.00000
---- item 51: map is 0.35162, precision@k is 0.09091, mrr is 1.00000
---- item 101: map is 0.62500, precision@k is 0.25000, mrr is 1.00000
---- item 151: map is 0.48719, precision@k is 0.27273, mrr is 1.00000
---- item 201: map is 0.34358, precision@k is 0.09091, mrr is 1.00000
---- item 251: map is 0.22500, precision@k is 0.20000, mrr is 0.25000
---- item 301: map is 0.50550, precision@k is 0.18182, mrr is 1.00000
---- item 351: map is 1.00000, precision@k is 1.00000, mrr is 1.00000
---- item 401: map is 0.34955, precision@k is 0.27273, mrr is 0.50000
---- item 451: map is 0.40458, precision@k is 0.09091, mrr is 1.00000
---- item 501: map is 0.34334, precision@k is 0.09091, mrr is 1.00000
---- item 551: map is 0.55556, precision@k is 0.09091, mrr is 1.00000
---- item 601: map is 0.43971, precision@k is 0.18182, mrr is 1.00000
---- item 651: map is 0.05231, precision@k is 0.00000, mrr is 0.03846
---- item 701: map is 0.16286, precision@k is 0.09091, mrr is 0.33333
---- item 751: map is 0.00428, precision@k is 0.00000, mrr is 0.00279
---- item 801: map is 0.41487, precision@k is 0.18182, mrr is 1.00000
---- item 851: map is 0.10369, precision@k is 0.09091, mrr is 0.25000
[Stat]ETBIR_User model, Interpolation mode item tagging: Precision@K is 0.21251, MAP is: 0.35967, MRR is: 0.64315, in top 10 tags

[Stat]Running time (seconds) 365.23600
[Stat]MAP 0.362+/-0.003
[Stat]MRR 0.654+/-0.014
[Stat]Precision 0.215+/-0.006
