Load 6134 2-gram new features from /home/ll5fy/TUIR/dataset/yelp/yelp_features.txt...
Load 6134 2-gram new features from /home/ll5fy/TUIR/dataset/yelp/yelp_features.txt...
[Info]Start FIXED cross validation...
[Info]Load 553 tags, with 6134 features.
260 users are loaded from /home/ll5fy/TUIR/dataset/yelp/byUser_70k_review/5foldsCVColdstart/0/...
244 users are loaded from /home/ll5fy/TUIR/dataset/yelp/byUser_70k_review/5foldsCVColdstart/1/...
266 users are loaded from /home/ll5fy/TUIR/dataset/yelp/byUser_70k_review/5foldsCVColdstart/2/...
264 users are loaded from /home/ll5fy/TUIR/dataset/yelp/byUser_70k_review/5foldsCVColdstart/3/...
256 users are loaded from /home/ll5fy/TUIR/dataset/yelp/byUser_70k_review/5foldsCVColdstart/4/...
[Info]Finish loading 722 items' weights in total 156639 items!
[Info]Begin tagging 722 items with LDA_Item Embed............
---- item 1: map is 0.11058, precision@k is 0.09091, mrr is 0.25000
---- item 51: map is 0.12689, precision@k is 0.09091, mrr is 0.25000
---- item 101: map is 0.13199, precision@k is 0.09091, mrr is 0.25000
---- item 151: map is 0.11639, precision@k is 0.09091, mrr is 0.25000
---- item 201: map is 0.08623, precision@k is 0.09091, mrr is 0.25000
---- item 251: map is 0.16500, precision@k is 0.09091, mrr is 0.25000
---- item 301: map is 0.09707, precision@k is 0.09091, mrr is 0.25000
---- item 351: map is 0.08529, precision@k is 0.09091, mrr is 0.25000
---- item 401: map is 0.07920, precision@k is 0.09091, mrr is 0.25000
---- item 451: map is 0.09241, precision@k is 0.09091, mrr is 0.25000
---- item 501: map is 0.09018, precision@k is 0.09091, mrr is 0.25000
---- item 551: map is 0.09117, precision@k is 0.09091, mrr is 0.25000
---- item 601: map is 0.13235, precision@k is 0.09091, mrr is 0.25000
---- item 651: map is 0.26602, precision@k is 0.18182, mrr is 0.50000
---- item 701: map is 0.13176, precision@k is 0.09091, mrr is 0.25000
[Stat]LDA_Item model, Embed mode item tagging: Precision@K is 0.09027, MAP is: 0.10516, MRR is: 0.23093, in top 10 tags
244 users are loaded from /home/ll5fy/TUIR/dataset/yelp/byUser_70k_review/5foldsCVColdstart/1/...
260 users are loaded from /home/ll5fy/TUIR/dataset/yelp/byUser_70k_review/5foldsCVColdstart/0/...
266 users are loaded from /home/ll5fy/TUIR/dataset/yelp/byUser_70k_review/5foldsCVColdstart/2/...
264 users are loaded from /home/ll5fy/TUIR/dataset/yelp/byUser_70k_review/5foldsCVColdstart/3/...
256 users are loaded from /home/ll5fy/TUIR/dataset/yelp/byUser_70k_review/5foldsCVColdstart/4/...
[Info]Finish loading 732 items' weights in total 156639 items!
[Info]Begin tagging 732 items with LDA_Item Embed............
---- item 1: map is 0.37892, precision@k is 0.09091, mrr is 1.00000
---- item 51: map is 0.36697, precision@k is 0.09091, mrr is 1.00000
---- item 101: map is 0.37989, precision@k is 0.09091, mrr is 1.00000
---- item 151: map is 0.23958, precision@k is 0.09091, mrr is 1.00000
---- item 201: map is 0.51515, precision@k is 0.09091, mrr is 1.00000
---- item 251: map is 0.54167, precision@k is 0.09091, mrr is 1.00000
---- item 301: map is 0.05991, precision@k is 0.09091, mrr is 0.10000
---- item 351: map is 0.50980, precision@k is 0.09091, mrr is 1.00000
---- item 401: map is 0.34468, precision@k is 0.09091, mrr is 1.00000
---- item 451: map is 0.02512, precision@k is 0.00000, mrr is 0.02857
---- item 501: map is 0.00826, precision@k is 0.00000, mrr is 0.00826
---- item 551: map is 0.00432, precision@k is 0.00000, mrr is 0.00276
---- item 601: map is 0.01869, precision@k is 0.00000, mrr is 0.02857
---- item 651: map is 0.34546, precision@k is 0.09091, mrr is 1.00000
---- item 701: map is 0.22486, precision@k is 0.09091, mrr is 1.00000
[Stat]LDA_Item model, Embed mode item tagging: Precision@K is 0.09301, MAP is: 0.29367, MRR is: 0.77022, in top 10 tags
266 users are loaded from /home/ll5fy/TUIR/dataset/yelp/byUser_70k_review/5foldsCVColdstart/2/...
260 users are loaded from /home/ll5fy/TUIR/dataset/yelp/byUser_70k_review/5foldsCVColdstart/0/...
244 users are loaded from /home/ll5fy/TUIR/dataset/yelp/byUser_70k_review/5foldsCVColdstart/1/...
264 users are loaded from /home/ll5fy/TUIR/dataset/yelp/byUser_70k_review/5foldsCVColdstart/3/...
256 users are loaded from /home/ll5fy/TUIR/dataset/yelp/byUser_70k_review/5foldsCVColdstart/4/...
[Info]Finish loading 702 items' weights in total 156639 items!
[Info]Begin tagging 702 items with LDA_Item Embed............
---- item 1: map is 0.34500, precision@k is 0.09091, mrr is 1.00000
---- item 51: map is 0.02279, precision@k is 0.00000, mrr is 0.01449
---- item 101: map is 0.00493, precision@k is 0.00000, mrr is 0.00450
---- item 151: map is 0.27168, precision@k is 0.09091, mrr is 1.00000
---- item 201: map is 0.20155, precision@k is 0.18182, mrr is 1.00000
---- item 251: map is 0.02529, precision@k is 0.00000, mrr is 0.01449
---- item 301: map is 0.35294, precision@k is 0.09091, mrr is 1.00000
---- item 351: map is 0.38024, precision@k is 0.09091, mrr is 1.00000
---- item 401: map is 0.20273, precision@k is 0.09091, mrr is 1.00000
---- item 451: map is 0.33444, precision@k is 0.18182, mrr is 1.00000
---- item 501: map is 0.02279, precision@k is 0.00000, mrr is 0.01449
---- item 551: map is 0.28782, precision@k is 0.09091, mrr is 1.00000
---- item 601: map is 0.02279, precision@k is 0.00000, mrr is 0.01449
---- item 651: map is 0.11783, precision@k is 0.09091, mrr is 0.33333
---- item 701: map is 0.51613, precision@k is 0.09091, mrr is 1.00000
[Stat]LDA_Item model, Embed mode item tagging: Precision@K is 0.09093, MAP is: 0.28595, MRR is: 0.76304, in top 10 tags
264 users are loaded from /home/ll5fy/TUIR/dataset/yelp/byUser_70k_review/5foldsCVColdstart/3/...
260 users are loaded from /home/ll5fy/TUIR/dataset/yelp/byUser_70k_review/5foldsCVColdstart/0/...
244 users are loaded from /home/ll5fy/TUIR/dataset/yelp/byUser_70k_review/5foldsCVColdstart/1/...
266 users are loaded from /home/ll5fy/TUIR/dataset/yelp/byUser_70k_review/5foldsCVColdstart/2/...
256 users are loaded from /home/ll5fy/TUIR/dataset/yelp/byUser_70k_review/5foldsCVColdstart/4/...
[Info]Finish loading 717 items' weights in total 156639 items!
[Info]Begin tagging 717 items with LDA_Item Embed............
---- item 1: map is 0.38362, precision@k is 0.09091, mrr is 1.00000
---- item 51: map is 0.34082, precision@k is 0.09091, mrr is 1.00000
---- item 101: map is 0.51075, precision@k is 0.09091, mrr is 1.00000
---- item 151: map is 0.50730, precision@k is 0.09091, mrr is 1.00000
---- item 201: map is 0.02334, precision@k is 0.00000, mrr is 0.01538
---- item 251: map is 0.50236, precision@k is 0.09091, mrr is 1.00000
---- item 301: map is 0.29120, precision@k is 0.09091, mrr is 1.00000
---- item 351: map is 0.01948, precision@k is 0.00000, mrr is 0.01923
---- item 401: map is 0.00684, precision@k is 0.00000, mrr is 0.00513
---- item 451: map is 0.50862, precision@k is 0.09091, mrr is 1.00000
---- item 501: map is 1.00000, precision@k is 1.00000, mrr is 1.00000
---- item 551: map is 0.34871, precision@k is 0.09091, mrr is 1.00000
---- item 601: map is 0.34152, precision@k is 0.09091, mrr is 1.00000
---- item 651: map is 0.02334, precision@k is 0.00000, mrr is 0.01538
---- item 701: map is 0.01584, precision@k is 0.00000, mrr is 0.00943
[Stat]LDA_Item model, Embed mode item tagging: Precision@K is 0.10304, MAP is: 0.29972, MRR is: 0.77736, in top 10 tags
256 users are loaded from /home/ll5fy/TUIR/dataset/yelp/byUser_70k_review/5foldsCVColdstart/4/...
260 users are loaded from /home/ll5fy/TUIR/dataset/yelp/byUser_70k_review/5foldsCVColdstart/0/...
244 users are loaded from /home/ll5fy/TUIR/dataset/yelp/byUser_70k_review/5foldsCVColdstart/1/...
266 users are loaded from /home/ll5fy/TUIR/dataset/yelp/byUser_70k_review/5foldsCVColdstart/2/...
264 users are loaded from /home/ll5fy/TUIR/dataset/yelp/byUser_70k_review/5foldsCVColdstart/3/...
[Info]Finish loading 726 items' weights in total 156639 items!
[Info]Begin tagging 726 items with LDA_Item Embed............
---- item 1: map is 0.37870, precision@k is 0.09091, mrr is 1.00000
---- item 51: map is 0.24204, precision@k is 0.09091, mrr is 1.00000
---- item 101: map is 0.34638, precision@k is 0.09091, mrr is 1.00000
---- item 151: map is 0.34675, precision@k is 0.09091, mrr is 1.00000
---- item 201: map is 0.51613, precision@k is 0.09091, mrr is 1.00000
---- item 251: map is 0.34675, precision@k is 0.09091, mrr is 1.00000
---- item 301: map is 0.05781, precision@k is 0.09091, mrr is 0.12500
---- item 351: map is 0.00266, precision@k is 0.00000, mrr is 0.00266
---- item 401: map is 0.38842, precision@k is 0.09091, mrr is 1.00000
---- item 451: map is 0.35286, precision@k is 0.09091, mrr is 1.00000
---- item 501: map is 0.30955, precision@k is 0.09091, mrr is 1.00000
---- item 551: map is 0.29491, precision@k is 0.09091, mrr is 1.00000
---- item 601: map is 0.27733, precision@k is 0.09091, mrr is 1.00000
---- item 651: map is 0.40971, precision@k is 0.18182, mrr is 1.00000
---- item 701: map is 0.27738, precision@k is 0.09091, mrr is 1.00000
[Stat]LDA_Item model, Embed mode item tagging: Precision@K is 0.09784, MAP is: 0.29564, MRR is: 0.77519, in top 10 tags

[Stat]Running time (seconds) 31.44400
[Stat]MAP 0.256+/-0.076
[Stat]MRR 0.663+/-0.216
[Stat]Precision 0.095+/-0.005
