Load 6134 2-gram new features from /home/ll5fy/TUIR/dataset/yelp/yelp_features.txt...
Load 6134 2-gram new features from /home/ll5fy/TUIR/dataset/yelp/yelp_features.txt...
[Info]Start FIXED cross validation...
[Info]Load 553 tags, with 6134 features.
260 users are loaded from /home/ll5fy/TUIR/dataset/yelp/byUser_70k_review/5foldsCVColdstart/0/...
244 users are loaded from /home/ll5fy/TUIR/dataset/yelp/byUser_70k_review/5foldsCVColdstart/1/...
266 users are loaded from /home/ll5fy/TUIR/dataset/yelp/byUser_70k_review/5foldsCVColdstart/2/...
264 users are loaded from /home/ll5fy/TUIR/dataset/yelp/byUser_70k_review/5foldsCVColdstart/3/...
256 users are loaded from /home/ll5fy/TUIR/dataset/yelp/byUser_70k_review/5foldsCVColdstart/4/...
[Info]Finish loading 722 items' weights in total 156639 items!
[Info]Begin tagging 722 items with LDA_User Interpolation............
---- item 1: map is 0.46937, precision@k is 0.18182, mrr is 1.00000
---- item 51: map is 0.25185, precision@k is 0.09091, mrr is 0.50000
---- item 101: map is 0.83333, precision@k is 0.66667, mrr is 1.00000
---- item 151: map is 0.09407, precision@k is 0.09091, mrr is 0.25000
---- item 201: map is 0.35552, precision@k is 0.18182, mrr is 1.00000
---- item 251: map is 0.83333, precision@k is 0.66667, mrr is 1.00000
---- item 301: map is 0.05545, precision@k is 0.09091, mrr is 0.14286
---- item 351: map is 0.33179, precision@k is 0.18182, mrr is 1.00000
---- item 401: map is 0.31149, precision@k is 0.09091, mrr is 1.00000
---- item 451: map is 0.51956, precision@k is 0.18182, mrr is 1.00000
---- item 501: map is 0.17088, precision@k is 0.09091, mrr is 0.50000
---- item 551: map is 0.66933, precision@k is 0.18182, mrr is 1.00000
---- item 601: map is 0.41667, precision@k is 0.33333, mrr is 0.50000
---- item 651: map is 0.24546, precision@k is 0.18182, mrr is 0.50000
---- item 701: map is 0.64286, precision@k is 0.28571, mrr is 1.00000
[Stat]LDA_User model, Interpolation mode item tagging: Precision@K is 0.18561, MAP is: 0.31353, MRR is: 0.62314, in top 10 tags
244 users are loaded from /home/ll5fy/TUIR/dataset/yelp/byUser_70k_review/5foldsCVColdstart/1/...
260 users are loaded from /home/ll5fy/TUIR/dataset/yelp/byUser_70k_review/5foldsCVColdstart/0/...
266 users are loaded from /home/ll5fy/TUIR/dataset/yelp/byUser_70k_review/5foldsCVColdstart/2/...
264 users are loaded from /home/ll5fy/TUIR/dataset/yelp/byUser_70k_review/5foldsCVColdstart/3/...
256 users are loaded from /home/ll5fy/TUIR/dataset/yelp/byUser_70k_review/5foldsCVColdstart/4/...
[Info]Finish loading 732 items' weights in total 156639 items!
[Info]Begin tagging 732 items with LDA_User Interpolation............
---- item 1: map is 0.56775, precision@k is 0.18182, mrr is 1.00000
---- item 51: map is 0.43304, precision@k is 0.18182, mrr is 1.00000
---- item 101: map is 0.10133, precision@k is 0.09091, mrr is 0.14286
---- item 151: map is 0.39683, precision@k is 0.18182, mrr is 1.00000
---- item 201: map is 0.83333, precision@k is 0.66667, mrr is 1.00000
---- item 251: map is 0.39286, precision@k is 0.28571, mrr is 0.50000
---- item 301: map is 0.44693, precision@k is 0.18182, mrr is 1.00000
---- item 351: map is 0.25758, precision@k is 0.09091, mrr is 0.33333
---- item 401: map is 0.12823, precision@k is 0.09091, mrr is 0.33333
---- item 451: map is 0.27404, precision@k is 0.18182, mrr is 1.00000
---- item 501: map is 0.50000, precision@k is 0.50000, mrr is 0.50000
---- item 551: map is 0.00412, precision@k is 0.00000, mrr is 0.00241
---- item 601: map is 0.02492, precision@k is 0.00000, mrr is 0.01852
---- item 651: map is 0.33448, precision@k is 0.18182, mrr is 0.50000
---- item 701: map is 0.41584, precision@k is 0.18182, mrr is 1.00000
[Stat]LDA_User model, Interpolation mode item tagging: Precision@K is 0.21927, MAP is: 0.37435, MRR is: 0.67941, in top 10 tags
266 users are loaded from /home/ll5fy/TUIR/dataset/yelp/byUser_70k_review/5foldsCVColdstart/2/...
260 users are loaded from /home/ll5fy/TUIR/dataset/yelp/byUser_70k_review/5foldsCVColdstart/0/...
244 users are loaded from /home/ll5fy/TUIR/dataset/yelp/byUser_70k_review/5foldsCVColdstart/1/...
264 users are loaded from /home/ll5fy/TUIR/dataset/yelp/byUser_70k_review/5foldsCVColdstart/3/...
256 users are loaded from /home/ll5fy/TUIR/dataset/yelp/byUser_70k_review/5foldsCVColdstart/4/...
[Info]Finish loading 702 items' weights in total 156639 items!
[Info]Begin tagging 702 items with LDA_User Interpolation............
---- item 1: map is 0.55913, precision@k is 0.18182, mrr is 1.00000
---- item 51: map is 0.36415, precision@k is 0.27273, mrr is 0.50000
---- item 101: map is 0.50420, precision@k is 0.09091, mrr is 1.00000
---- item 151: map is 0.23947, precision@k is 0.18182, mrr is 0.50000
---- item 201: map is 0.25325, precision@k is 0.18182, mrr is 1.00000
---- item 251: map is 0.24547, precision@k is 0.27273, mrr is 0.50000
---- item 301: map is 0.16042, precision@k is 0.18182, mrr is 0.20000
---- item 351: map is 0.39841, precision@k is 0.09091, mrr is 1.00000
---- item 401: map is 0.49158, precision@k is 0.27273, mrr is 1.00000
---- item 451: map is 0.65730, precision@k is 0.27273, mrr is 1.00000
---- item 501: map is 0.34482, precision@k is 0.27273, mrr is 0.50000
---- item 551: map is 0.52754, precision@k is 0.27273, mrr is 1.00000
---- item 601: map is 0.25298, precision@k is 0.27273, mrr is 0.33333
---- item 651: map is 0.38486, precision@k is 0.09091, mrr is 1.00000
---- item 701: map is 0.36667, precision@k is 0.40000, mrr is 0.33333
[Stat]LDA_User model, Interpolation mode item tagging: Precision@K is 0.22870, MAP is: 0.38196, MRR is: 0.66994, in top 10 tags
264 users are loaded from /home/ll5fy/TUIR/dataset/yelp/byUser_70k_review/5foldsCVColdstart/3/...
260 users are loaded from /home/ll5fy/TUIR/dataset/yelp/byUser_70k_review/5foldsCVColdstart/0/...
244 users are loaded from /home/ll5fy/TUIR/dataset/yelp/byUser_70k_review/5foldsCVColdstart/1/...
266 users are loaded from /home/ll5fy/TUIR/dataset/yelp/byUser_70k_review/5foldsCVColdstart/2/...
256 users are loaded from /home/ll5fy/TUIR/dataset/yelp/byUser_70k_review/5foldsCVColdstart/4/...
[Info]Finish loading 717 items' weights in total 156639 items!
[Info]Begin tagging 717 items with LDA_User Interpolation............
---- item 1: map is 0.56907, precision@k is 0.18182, mrr is 1.00000
---- item 51: map is 0.56201, precision@k is 0.18182, mrr is 1.00000
---- item 101: map is 0.22619, precision@k is 0.28571, mrr is 0.16667
---- item 151: map is 0.09286, precision@k is 0.09091, mrr is 0.16667
---- item 201: map is 0.36443, precision@k is 0.27273, mrr is 0.50000
---- item 251: map is 0.07413, precision@k is 0.09091, mrr is 0.14286
---- item 301: map is 0.28690, precision@k is 0.18182, mrr is 0.33333
---- item 351: map is 0.02832, precision@k is 0.00000, mrr is 0.02500
---- item 401: map is 0.00571, precision@k is 0.00000, mrr is 0.00417
---- item 451: map is 0.70000, precision@k is 0.40000, mrr is 1.00000
---- item 501: map is 1.00000, precision@k is 1.00000, mrr is 1.00000
---- item 551: map is 0.67134, precision@k is 0.18182, mrr is 1.00000
---- item 601: map is 0.06589, precision@k is 0.09091, mrr is 0.16667
---- item 651: map is 0.33022, precision@k is 0.27273, mrr is 0.50000
---- item 701: map is 0.42573, precision@k is 0.36364, mrr is 1.00000
[Stat]LDA_User model, Interpolation mode item tagging: Precision@K is 0.23409, MAP is: 0.38057, MRR is: 0.66924, in top 10 tags
256 users are loaded from /home/ll5fy/TUIR/dataset/yelp/byUser_70k_review/5foldsCVColdstart/4/...
260 users are loaded from /home/ll5fy/TUIR/dataset/yelp/byUser_70k_review/5foldsCVColdstart/0/...
244 users are loaded from /home/ll5fy/TUIR/dataset/yelp/byUser_70k_review/5foldsCVColdstart/1/...
266 users are loaded from /home/ll5fy/TUIR/dataset/yelp/byUser_70k_review/5foldsCVColdstart/2/...
264 users are loaded from /home/ll5fy/TUIR/dataset/yelp/byUser_70k_review/5foldsCVColdstart/3/...
[Info]Finish loading 726 items' weights in total 156639 items!
[Info]Begin tagging 726 items with LDA_User Interpolation............
---- item 1: map is 0.57407, precision@k is 0.18182, mrr is 1.00000
---- item 51: map is 0.22684, precision@k is 0.09091, mrr is 1.00000
---- item 101: map is 0.47076, precision@k is 0.18182, mrr is 1.00000
---- item 151: map is 0.12699, precision@k is 0.09091, mrr is 0.33333
---- item 201: map is 0.70000, precision@k is 0.40000, mrr is 1.00000
---- item 251: map is 0.34954, precision@k is 0.09091, mrr is 1.00000
---- item 301: map is 0.41916, precision@k is 0.18182, mrr is 1.00000
---- item 351: map is 1.00000, precision@k is 1.00000, mrr is 1.00000
---- item 401: map is 0.37897, precision@k is 0.09091, mrr is 1.00000
---- item 451: map is 0.14968, precision@k is 0.09091, mrr is 0.33333
---- item 501: map is 0.70536, precision@k is 0.27273, mrr is 1.00000
---- item 551: map is 0.52590, precision@k is 0.27273, mrr is 1.00000
---- item 601: map is 0.45370, precision@k is 0.27273, mrr is 0.50000
---- item 651: map is 0.66667, precision@k is 0.50000, mrr is 1.00000
---- item 701: map is 0.50838, precision@k is 0.18182, mrr is 1.00000
[Stat]LDA_User model, Interpolation mode item tagging: Precision@K is 0.23126, MAP is: 0.38151, MRR is: 0.66990, in top 10 tags

[Stat]Running time (seconds) 305.23800
[Stat]MAP 0.366+/-0.027
[Stat]MRR 0.662+/-0.020
[Stat]Precision 0.220+/-0.018
