Load 6134 2-gram new features from /home/ll5fy/TUIR/dataset/yelp/yelp_features.txt...
Load 6134 2-gram new features from /home/ll5fy/TUIR/dataset/yelp/yelp_features.txt...
[Info]Start FIXED cross validation...
[Info]Load 553 tags, with 6134 features.
260 users are loaded from /home/ll5fy/TUIR/dataset/yelp/byUser_70k_review/5foldsCVColdstart/0/...
244 users are loaded from /home/ll5fy/TUIR/dataset/yelp/byUser_70k_review/5foldsCVColdstart/1/...
266 users are loaded from /home/ll5fy/TUIR/dataset/yelp/byUser_70k_review/5foldsCVColdstart/2/...
264 users are loaded from /home/ll5fy/TUIR/dataset/yelp/byUser_70k_review/5foldsCVColdstart/3/...
256 users are loaded from /home/ll5fy/TUIR/dataset/yelp/byUser_70k_review/5foldsCVColdstart/4/...
[Info]Finish loading 722 items' weights in total 156639 items!
[Info]Begin tagging 722 items with CTM Interpolation............
---- item 1: map is 0.47376, precision@k is 0.18182, mrr is 1.00000
---- item 51: map is 0.16852, precision@k is 0.09091, mrr is 0.33333
---- item 101: map is 0.75000, precision@k is 0.50000, mrr is 1.00000
---- item 151: map is 0.13179, precision@k is 0.09091, mrr is 0.33333
---- item 201: map is 0.33880, precision@k is 0.18182, mrr is 1.00000
---- item 251: map is 0.83333, precision@k is 0.66667, mrr is 1.00000
---- item 301: map is 0.12118, precision@k is 0.09091, mrr is 0.20000
---- item 351: map is 0.32685, precision@k is 0.18182, mrr is 1.00000
---- item 401: map is 0.28530, precision@k is 0.09091, mrr is 1.00000
---- item 451: map is 0.65273, precision@k is 0.27273, mrr is 1.00000
---- item 501: map is 0.33865, precision@k is 0.09091, mrr is 1.00000
---- item 551: map is 0.66933, precision@k is 0.18182, mrr is 1.00000
---- item 601: map is 0.39286, precision@k is 0.28571, mrr is 0.50000
---- item 651: map is 0.24102, precision@k is 0.18182, mrr is 0.50000
---- item 701: map is 0.64286, precision@k is 0.28571, mrr is 1.00000
[Stat]CTM model, Interpolation mode item tagging: Precision@K is 0.20990, MAP is: 0.34972, MRR is: 0.64779, in top 10 tags
244 users are loaded from /home/ll5fy/TUIR/dataset/yelp/byUser_70k_review/5foldsCVColdstart/1/...
260 users are loaded from /home/ll5fy/TUIR/dataset/yelp/byUser_70k_review/5foldsCVColdstart/0/...
266 users are loaded from /home/ll5fy/TUIR/dataset/yelp/byUser_70k_review/5foldsCVColdstart/2/...
264 users are loaded from /home/ll5fy/TUIR/dataset/yelp/byUser_70k_review/5foldsCVColdstart/3/...
256 users are loaded from /home/ll5fy/TUIR/dataset/yelp/byUser_70k_review/5foldsCVColdstart/4/...
[Info]Finish loading 732 items' weights in total 156639 items!
[Info]Begin tagging 732 items with CTM Interpolation............
---- item 1: map is 0.50439, precision@k is 0.18182, mrr is 1.00000
---- item 51: map is 0.56425, precision@k is 0.18182, mrr is 1.00000
---- item 101: map is 0.04602, precision@k is 0.00000, mrr is 0.08333
---- item 151: map is 0.33609, precision@k is 0.18182, mrr is 1.00000
---- item 201: map is 0.75000, precision@k is 0.50000, mrr is 1.00000
---- item 251: map is 0.41667, precision@k is 0.50000, mrr is 0.33333
---- item 301: map is 0.41030, precision@k is 0.18182, mrr is 1.00000
---- item 351: map is 0.41667, precision@k is 0.50000, mrr is 0.33333
---- item 401: map is 0.07472, precision@k is 0.09091, mrr is 0.20000
---- item 451: map is 0.32280, precision@k is 0.18182, mrr is 1.00000
---- item 501: map is 0.50000, precision@k is 0.50000, mrr is 0.50000
---- item 551: map is 0.00415, precision@k is 0.00000, mrr is 0.00270
---- item 601: map is 0.04667, precision@k is 0.00000, mrr is 0.07692
---- item 651: map is 0.53333, precision@k is 0.60000, mrr is 0.50000
---- item 701: map is 0.29609, precision@k is 0.18182, mrr is 1.00000
[Stat]CTM model, Interpolation mode item tagging: Precision@K is 0.22009, MAP is: 0.36205, MRR is: 0.65033, in top 10 tags
266 users are loaded from /home/ll5fy/TUIR/dataset/yelp/byUser_70k_review/5foldsCVColdstart/2/...
260 users are loaded from /home/ll5fy/TUIR/dataset/yelp/byUser_70k_review/5foldsCVColdstart/0/...
244 users are loaded from /home/ll5fy/TUIR/dataset/yelp/byUser_70k_review/5foldsCVColdstart/1/...
264 users are loaded from /home/ll5fy/TUIR/dataset/yelp/byUser_70k_review/5foldsCVColdstart/3/...
256 users are loaded from /home/ll5fy/TUIR/dataset/yelp/byUser_70k_review/5foldsCVColdstart/4/...
[Info]Finish loading 702 items' weights in total 156639 items!
[Info]Begin tagging 702 items with CTM Interpolation............
---- item 1: map is 0.68889, precision@k is 0.18182, mrr is 1.00000
---- item 51: map is 0.39571, precision@k is 0.27273, mrr is 0.50000
---- item 101: map is 0.50943, precision@k is 0.09091, mrr is 1.00000
---- item 151: map is 0.27912, precision@k is 0.27273, mrr is 0.50000
---- item 201: map is 0.17252, precision@k is 0.09091, mrr is 1.00000
---- item 251: map is 0.25431, precision@k is 0.27273, mrr is 0.50000
---- item 301: map is 0.10631, precision@k is 0.09091, mrr is 0.16667
---- item 351: map is 0.39275, precision@k is 0.09091, mrr is 1.00000
---- item 401: map is 0.50527, precision@k is 0.36364, mrr is 1.00000
---- item 451: map is 0.66818, precision@k is 0.27273, mrr is 1.00000
---- item 501: map is 0.37120, precision@k is 0.27273, mrr is 0.50000
---- item 551: map is 0.47691, precision@k is 0.27273, mrr is 1.00000
---- item 601: map is 0.24960, precision@k is 0.27273, mrr is 0.33333
---- item 651: map is 0.37817, precision@k is 0.09091, mrr is 1.00000
---- item 701: map is 0.26667, precision@k is 0.20000, mrr is 0.33333
[Stat]CTM model, Interpolation mode item tagging: Precision@K is 0.22150, MAP is: 0.36415, MRR is: 0.63967, in top 10 tags
264 users are loaded from /home/ll5fy/TUIR/dataset/yelp/byUser_70k_review/5foldsCVColdstart/3/...
260 users are loaded from /home/ll5fy/TUIR/dataset/yelp/byUser_70k_review/5foldsCVColdstart/0/...
244 users are loaded from /home/ll5fy/TUIR/dataset/yelp/byUser_70k_review/5foldsCVColdstart/1/...
266 users are loaded from /home/ll5fy/TUIR/dataset/yelp/byUser_70k_review/5foldsCVColdstart/2/...
256 users are loaded from /home/ll5fy/TUIR/dataset/yelp/byUser_70k_review/5foldsCVColdstart/4/...
[Info]Finish loading 717 items' weights in total 156639 items!
[Info]Begin tagging 717 items with CTM Interpolation............
---- item 1: map is 0.46084, precision@k is 0.18182, mrr is 1.00000
---- item 51: map is 0.43404, precision@k is 0.18182, mrr is 1.00000
---- item 101: map is 0.22619, precision@k is 0.28571, mrr is 0.16667
---- item 151: map is 0.09153, precision@k is 0.09091, mrr is 0.16667
---- item 201: map is 0.34715, precision@k is 0.27273, mrr is 0.50000
---- item 251: map is 0.04930, precision@k is 0.00000, mrr is 0.09091
---- item 301: map is 0.29367, precision@k is 0.18182, mrr is 0.33333
---- item 351: map is 0.04843, precision@k is 0.00000, mrr is 0.03846
---- item 401: map is 0.01116, precision@k is 0.00000, mrr is 0.01042
---- item 451: map is 1.00000, precision@k is 1.00000, mrr is 1.00000
---- item 501: map is 1.00000, precision@k is 1.00000, mrr is 1.00000
---- item 551: map is 0.67098, precision@k is 0.18182, mrr is 1.00000
---- item 601: map is 0.03357, precision@k is 0.00000, mrr is 0.05882
---- item 651: map is 0.34684, precision@k is 0.27273, mrr is 0.50000
---- item 701: map is 0.42735, precision@k is 0.36364, mrr is 1.00000
[Stat]CTM model, Interpolation mode item tagging: Precision@K is 0.21598, MAP is: 0.36075, MRR is: 0.64541, in top 10 tags
256 users are loaded from /home/ll5fy/TUIR/dataset/yelp/byUser_70k_review/5foldsCVColdstart/4/...
260 users are loaded from /home/ll5fy/TUIR/dataset/yelp/byUser_70k_review/5foldsCVColdstart/0/...
244 users are loaded from /home/ll5fy/TUIR/dataset/yelp/byUser_70k_review/5foldsCVColdstart/1/...
266 users are loaded from /home/ll5fy/TUIR/dataset/yelp/byUser_70k_review/5foldsCVColdstart/2/...
264 users are loaded from /home/ll5fy/TUIR/dataset/yelp/byUser_70k_review/5foldsCVColdstart/3/...
[Info]Finish loading 726 items' weights in total 156639 items!
[Info]Begin tagging 726 items with CTM Interpolation............
---- item 1: map is 0.43276, precision@k is 0.18182, mrr is 1.00000
---- item 51: map is 0.21798, precision@k is 0.09091, mrr is 1.00000
---- item 101: map is 0.43241, precision@k is 0.18182, mrr is 1.00000
---- item 151: map is 0.12547, precision@k is 0.09091, mrr is 0.33333
---- item 201: map is 0.66667, precision@k is 0.33333, mrr is 1.00000
---- item 251: map is 0.34770, precision@k is 0.09091, mrr is 1.00000
---- item 301: map is 0.40299, precision@k is 0.18182, mrr is 1.00000
---- item 351: map is 1.00000, precision@k is 1.00000, mrr is 1.00000
---- item 401: map is 0.39125, precision@k is 0.09091, mrr is 1.00000
---- item 451: map is 0.17132, precision@k is 0.09091, mrr is 0.33333
---- item 501: map is 0.45057, precision@k is 0.18182, mrr is 1.00000
---- item 551: map is 0.51254, precision@k is 0.27273, mrr is 1.00000
---- item 601: map is 0.41346, precision@k is 0.27273, mrr is 0.50000
---- item 651: map is 0.70000, precision@k is 0.60000, mrr is 1.00000
---- item 701: map is 0.51360, precision@k is 0.18182, mrr is 1.00000
[Stat]CTM model, Interpolation mode item tagging: Precision@K is 0.21460, MAP is: 0.36268, MRR is: 0.64589, in top 10 tags

[Stat]Running time (seconds) 304.43500
[Stat]MAP 0.360+/-0.005
[Stat]MRR 0.646+/-0.004
[Stat]Precision 0.216+/-0.004
