Load 6134 2-gram new features from /home/ll5fy/TUIR/dataset/yelp/yelp_features.txt...
Load 6134 2-gram new features from /home/ll5fy/TUIR/dataset/yelp/yelp_features.txt...
[Info]Start FIXED cross validation...
[Info]Load 553 tags, with 6134 features.
260 users are loaded from /home/ll5fy/TUIR/dataset/yelp/byUser_70k_review/5foldsCVColdstart/0/...
244 users are loaded from /home/ll5fy/TUIR/dataset/yelp/byUser_70k_review/5foldsCVColdstart/1/...
266 users are loaded from /home/ll5fy/TUIR/dataset/yelp/byUser_70k_review/5foldsCVColdstart/2/...
264 users are loaded from /home/ll5fy/TUIR/dataset/yelp/byUser_70k_review/5foldsCVColdstart/3/...
256 users are loaded from /home/ll5fy/TUIR/dataset/yelp/byUser_70k_review/5foldsCVColdstart/4/...
[Info]Finish loading 722 items' weights in total 156639 items!
[Info]Begin tagging 722 items with LDA_User Interpolation............
---- item 1: map is 0.44715, precision@k is 0.18182, mrr is 1.00000
---- item 51: map is 0.25185, precision@k is 0.09091, mrr is 0.50000
---- item 101: map is 0.22500, precision@k is 0.20000, mrr is 0.25000
---- item 151: map is 0.07632, precision@k is 0.09091, mrr is 0.20000
---- item 201: map is 0.33831, precision@k is 0.18182, mrr is 1.00000
---- item 251: map is 1.00000, precision@k is 1.00000, mrr is 1.00000
---- item 301: map is 0.05413, precision@k is 0.09091, mrr is 0.14286
---- item 351: map is 0.33048, precision@k is 0.18182, mrr is 1.00000
---- item 401: map is 0.33639, precision@k is 0.18182, mrr is 1.00000
---- item 451: map is 0.51122, precision@k is 0.18182, mrr is 1.00000
---- item 501: map is 0.08754, precision@k is 0.09091, mrr is 0.25000
---- item 551: map is 0.35186, precision@k is 0.09091, mrr is 1.00000
---- item 601: map is 0.25000, precision@k is 0.25000, mrr is 0.25000
---- item 651: map is 0.24288, precision@k is 0.18182, mrr is 0.50000
---- item 701: map is 0.20833, precision@k is 0.25000, mrr is 0.16667
[Stat]LDA_User model, Interpolation mode item tagging: Precision@K is 0.15998, MAP is: 0.25846, MRR is: 0.54447, in top 10 tags
244 users are loaded from /home/ll5fy/TUIR/dataset/yelp/byUser_70k_review/5foldsCVColdstart/1/...
260 users are loaded from /home/ll5fy/TUIR/dataset/yelp/byUser_70k_review/5foldsCVColdstart/0/...
266 users are loaded from /home/ll5fy/TUIR/dataset/yelp/byUser_70k_review/5foldsCVColdstart/2/...
264 users are loaded from /home/ll5fy/TUIR/dataset/yelp/byUser_70k_review/5foldsCVColdstart/3/...
256 users are loaded from /home/ll5fy/TUIR/dataset/yelp/byUser_70k_review/5foldsCVColdstart/4/...
[Info]Finish loading 732 items' weights in total 156639 items!
[Info]Begin tagging 732 items with LDA_User Interpolation............
---- item 1: map is 0.67901, precision@k is 0.18182, mrr is 1.00000
---- item 51: map is 0.35330, precision@k is 0.09091, mrr is 1.00000
---- item 101: map is 0.13705, precision@k is 0.09091, mrr is 0.25000
---- item 151: map is 0.46206, precision@k is 0.18182, mrr is 1.00000
---- item 201: map is 0.83333, precision@k is 0.66667, mrr is 1.00000
---- item 251: map is 0.30263, precision@k is 0.09091, mrr is 0.50000
---- item 301: map is 0.44693, precision@k is 0.18182, mrr is 1.00000
---- item 351: map is 0.20115, precision@k is 0.09091, mrr is 0.33333
---- item 401: map is 0.12811, precision@k is 0.09091, mrr is 0.33333
---- item 451: map is 0.27230, precision@k is 0.18182, mrr is 1.00000
---- item 501: map is 0.50000, precision@k is 0.50000, mrr is 0.50000
---- item 551: map is 0.00413, precision@k is 0.00000, mrr is 0.00243
---- item 601: map is 0.01782, precision@k is 0.00000, mrr is 0.01724
---- item 651: map is 0.21266, precision@k is 0.09091, mrr is 0.50000
---- item 701: map is 0.41580, precision@k is 0.18182, mrr is 1.00000
[Stat]LDA_User model, Interpolation mode item tagging: Precision@K is 0.21776, MAP is: 0.38206, MRR is: 0.70787, in top 10 tags
266 users are loaded from /home/ll5fy/TUIR/dataset/yelp/byUser_70k_review/5foldsCVColdstart/2/...
260 users are loaded from /home/ll5fy/TUIR/dataset/yelp/byUser_70k_review/5foldsCVColdstart/0/...
244 users are loaded from /home/ll5fy/TUIR/dataset/yelp/byUser_70k_review/5foldsCVColdstart/1/...
264 users are loaded from /home/ll5fy/TUIR/dataset/yelp/byUser_70k_review/5foldsCVColdstart/3/...
256 users are loaded from /home/ll5fy/TUIR/dataset/yelp/byUser_70k_review/5foldsCVColdstart/4/...
[Info]Finish loading 702 items' weights in total 156639 items!
[Info]Begin tagging 702 items with LDA_User Interpolation............
---- item 1: map is 0.44740, precision@k is 0.18182, mrr is 1.00000
---- item 51: map is 0.29452, precision@k is 0.18182, mrr is 0.50000
---- item 101: map is 0.50398, precision@k is 0.09091, mrr is 1.00000
---- item 151: map is 0.27210, precision@k is 0.18182, mrr is 0.50000
---- item 201: map is 0.27567, precision@k is 0.18182, mrr is 1.00000
---- item 251: map is 0.24552, precision@k is 0.27273, mrr is 0.50000
---- item 301: map is 0.21699, precision@k is 0.18182, mrr is 0.33333
---- item 351: map is 0.39048, precision@k is 0.09091, mrr is 1.00000
---- item 401: map is 0.47050, precision@k is 0.27273, mrr is 1.00000
---- item 451: map is 0.75613, precision@k is 0.27273, mrr is 1.00000
---- item 501: map is 0.31155, precision@k is 0.27273, mrr is 0.50000
---- item 551: map is 0.56920, precision@k is 0.27273, mrr is 1.00000
---- item 601: map is 0.28610, precision@k is 0.27273, mrr is 0.50000
---- item 651: map is 0.38851, precision@k is 0.09091, mrr is 1.00000
---- item 701: map is 0.41667, precision@k is 0.50000, mrr is 0.33333
[Stat]LDA_User model, Interpolation mode item tagging: Precision@K is 0.21997, MAP is: 0.38606, MRR is: 0.69374, in top 10 tags
264 users are loaded from /home/ll5fy/TUIR/dataset/yelp/byUser_70k_review/5foldsCVColdstart/3/...
260 users are loaded from /home/ll5fy/TUIR/dataset/yelp/byUser_70k_review/5foldsCVColdstart/0/...
244 users are loaded from /home/ll5fy/TUIR/dataset/yelp/byUser_70k_review/5foldsCVColdstart/1/...
266 users are loaded from /home/ll5fy/TUIR/dataset/yelp/byUser_70k_review/5foldsCVColdstart/2/...
256 users are loaded from /home/ll5fy/TUIR/dataset/yelp/byUser_70k_review/5foldsCVColdstart/4/...
[Info]Finish loading 717 items' weights in total 156639 items!
[Info]Begin tagging 717 items with LDA_User Interpolation............
---- item 1: map is 0.67949, precision@k is 0.18182, mrr is 1.00000
---- item 51: map is 0.67320, precision@k is 0.18182, mrr is 1.00000
---- item 101: map is 0.22500, precision@k is 0.25000, mrr is 0.20000
---- item 151: map is 0.09314, precision@k is 0.09091, mrr is 0.16667
---- item 201: map is 0.22964, precision@k is 0.18182, mrr is 0.50000
---- item 251: map is 0.16930, precision@k is 0.09091, mrr is 0.33333
---- item 301: map is 0.26501, precision@k is 0.18182, mrr is 0.33333
---- item 351: map is 0.02618, precision@k is 0.00000, mrr is 0.02857
---- item 401: map is 0.00541, precision@k is 0.00000, mrr is 0.00417
---- item 451: map is 0.53226, precision@k is 0.09091, mrr is 1.00000
---- item 501: map is 1.00000, precision@k is 1.00000, mrr is 1.00000
---- item 551: map is 0.67121, precision@k is 0.18182, mrr is 1.00000
---- item 601: map is 0.12105, precision@k is 0.09091, mrr is 0.33333
---- item 651: map is 0.25652, precision@k is 0.18182, mrr is 0.50000
---- item 701: map is 0.32598, precision@k is 0.18182, mrr is 1.00000
[Stat]LDA_User model, Interpolation mode item tagging: Precision@K is 0.23044, MAP is: 0.38779, MRR is: 0.69590, in top 10 tags
256 users are loaded from /home/ll5fy/TUIR/dataset/yelp/byUser_70k_review/5foldsCVColdstart/4/...
260 users are loaded from /home/ll5fy/TUIR/dataset/yelp/byUser_70k_review/5foldsCVColdstart/0/...
244 users are loaded from /home/ll5fy/TUIR/dataset/yelp/byUser_70k_review/5foldsCVColdstart/1/...
266 users are loaded from /home/ll5fy/TUIR/dataset/yelp/byUser_70k_review/5foldsCVColdstart/2/...
264 users are loaded from /home/ll5fy/TUIR/dataset/yelp/byUser_70k_review/5foldsCVColdstart/3/...
[Info]Finish loading 726 items' weights in total 156639 items!
[Info]Begin tagging 726 items with LDA_User Interpolation............
---- item 1: map is 0.68362, precision@k is 0.18182, mrr is 1.00000
---- item 51: map is 0.22834, precision@k is 0.09091, mrr is 1.00000
---- item 101: map is 0.53030, precision@k is 0.18182, mrr is 1.00000
---- item 151: map is 0.18303, precision@k is 0.09091, mrr is 0.50000
---- item 201: map is 0.83333, precision@k is 0.66667, mrr is 1.00000
---- item 251: map is 0.34980, precision@k is 0.09091, mrr is 1.00000
---- item 301: map is 0.41914, precision@k is 0.18182, mrr is 1.00000
---- item 351: map is 1.00000, precision@k is 1.00000, mrr is 1.00000
---- item 401: map is 0.37405, precision@k is 0.09091, mrr is 1.00000
---- item 451: map is 0.19452, precision@k is 0.09091, mrr is 0.50000
---- item 501: map is 0.57974, precision@k is 0.18182, mrr is 1.00000
---- item 551: map is 0.48691, precision@k is 0.18182, mrr is 1.00000
---- item 601: map is 0.43329, precision@k is 0.27273, mrr is 0.50000
---- item 651: map is 0.61111, precision@k is 0.33333, mrr is 1.00000
---- item 701: map is 0.50795, precision@k is 0.18182, mrr is 1.00000
[Stat]LDA_User model, Interpolation mode item tagging: Precision@K is 0.22815, MAP is: 0.38779, MRR is: 0.69213, in top 10 tags

[Stat]Running time (seconds) 304.18600
[Stat]MAP 0.360+/-0.051
[Stat]MRR 0.667+/-0.061
[Stat]Precision 0.211+/-0.026
