Load 6134 2-gram new features from /home/ll5fy/TUIR/dataset/yelp/yelp_features.txt...
Load 6134 2-gram new features from /home/ll5fy/TUIR/dataset/yelp/yelp_features.txt...
[Info]Start FIXED cross validation...
[Info]Load 553 tags, with 6134 features.
260 users are loaded from /home/ll5fy/TUIR/dataset/yelp/byUser_70k_review/5foldsCVColdstart/0/...
244 users are loaded from /home/ll5fy/TUIR/dataset/yelp/byUser_70k_review/5foldsCVColdstart/1/...
266 users are loaded from /home/ll5fy/TUIR/dataset/yelp/byUser_70k_review/5foldsCVColdstart/2/...
264 users are loaded from /home/ll5fy/TUIR/dataset/yelp/byUser_70k_review/5foldsCVColdstart/3/...
256 users are loaded from /home/ll5fy/TUIR/dataset/yelp/byUser_70k_review/5foldsCVColdstart/4/...
[Info]Finish loading 861 items' weights in total 156639 items!
[Info]Begin tagging 861 items with ETBIR Embed............
---- item 1: map is 0.34426, precision@k is 0.09091, mrr is 1.00000
---- item 51: map is 0.28094, precision@k is 0.09091, mrr is 1.00000
---- item 101: map is 0.52778, precision@k is 0.09091, mrr is 1.00000
---- item 151: map is 0.36017, precision@k is 0.09091, mrr is 1.00000
---- item 201: map is 0.34535, precision@k is 0.09091, mrr is 1.00000
---- item 251: map is 0.00732, precision@k is 0.00000, mrr is 0.00606
---- item 301: map is 0.25740, precision@k is 0.09091, mrr is 1.00000
---- item 351: map is 0.51235, precision@k is 0.09091, mrr is 1.00000
---- item 401: map is 0.03278, precision@k is 0.00000, mrr is 0.02941
---- item 451: map is 0.36324, precision@k is 0.09091, mrr is 1.00000
---- item 501: map is 0.01203, precision@k is 0.00000, mrr is 0.01389
---- item 551: map is 0.58333, precision@k is 0.09091, mrr is 1.00000
---- item 601: map is 0.02518, precision@k is 0.00000, mrr is 0.01695
---- item 651: map is 0.26069, precision@k is 0.09091, mrr is 1.00000
---- item 701: map is 0.34225, precision@k is 0.09091, mrr is 1.00000
---- item 751: map is 0.00445, precision@k is 0.00000, mrr is 0.00300
---- item 801: map is 0.34915, precision@k is 0.09091, mrr is 1.00000
---- item 851: map is 0.04668, precision@k is 0.00000, mrr is 0.07143
[Stat]ETBIR model, Embed mode item tagging: Precision@K is 0.09017, MAP is: 0.28614, MRR is: 0.77547, in top 10 tags
244 users are loaded from /home/ll5fy/TUIR/dataset/yelp/byUser_70k_review/5foldsCVColdstart/1/...
260 users are loaded from /home/ll5fy/TUIR/dataset/yelp/byUser_70k_review/5foldsCVColdstart/0/...
266 users are loaded from /home/ll5fy/TUIR/dataset/yelp/byUser_70k_review/5foldsCVColdstart/2/...
264 users are loaded from /home/ll5fy/TUIR/dataset/yelp/byUser_70k_review/5foldsCVColdstart/3/...
256 users are loaded from /home/ll5fy/TUIR/dataset/yelp/byUser_70k_review/5foldsCVColdstart/4/...
[Info]Finish loading 861 items' weights in total 156639 items!
[Info]Begin tagging 861 items with ETBIR Embed............
---- item 1: map is 0.34046, precision@k is 0.09091, mrr is 1.00000
---- item 51: map is 0.26948, precision@k is 0.09091, mrr is 1.00000
---- item 101: map is 0.51266, precision@k is 0.09091, mrr is 1.00000
---- item 151: map is 0.36075, precision@k is 0.09091, mrr is 1.00000
---- item 201: map is 0.34276, precision@k is 0.09091, mrr is 1.00000
---- item 251: map is 0.01065, precision@k is 0.00000, mrr is 0.00840
---- item 301: map is 0.25950, precision@k is 0.09091, mrr is 1.00000
---- item 351: map is 0.51961, precision@k is 0.09091, mrr is 1.00000
---- item 401: map is 0.03458, precision@k is 0.00000, mrr is 0.02500
---- item 451: map is 0.39836, precision@k is 0.09091, mrr is 1.00000
---- item 501: map is 0.01208, precision@k is 0.00000, mrr is 0.01667
---- item 551: map is 0.53704, precision@k is 0.09091, mrr is 1.00000
---- item 601: map is 0.02642, precision@k is 0.00000, mrr is 0.01667
---- item 651: map is 0.04305, precision@k is 0.09091, mrr is 0.14286
---- item 701: map is 0.33965, precision@k is 0.09091, mrr is 1.00000
---- item 751: map is 0.00451, precision@k is 0.00000, mrr is 0.00304
---- item 801: map is 0.34671, precision@k is 0.09091, mrr is 1.00000
---- item 851: map is 0.06557, precision@k is 0.09091, mrr is 0.14286
[Stat]ETBIR model, Embed mode item tagging: Precision@K is 0.09756, MAP is: 0.28567, MRR is: 0.77796, in top 10 tags
266 users are loaded from /home/ll5fy/TUIR/dataset/yelp/byUser_70k_review/5foldsCVColdstart/2/...
260 users are loaded from /home/ll5fy/TUIR/dataset/yelp/byUser_70k_review/5foldsCVColdstart/0/...
244 users are loaded from /home/ll5fy/TUIR/dataset/yelp/byUser_70k_review/5foldsCVColdstart/1/...
264 users are loaded from /home/ll5fy/TUIR/dataset/yelp/byUser_70k_review/5foldsCVColdstart/3/...
256 users are loaded from /home/ll5fy/TUIR/dataset/yelp/byUser_70k_review/5foldsCVColdstart/4/...
[Info]Finish loading 861 items' weights in total 156639 items!
[Info]Begin tagging 861 items with ETBIR Embed............
---- item 1: map is 0.34191, precision@k is 0.09091, mrr is 1.00000
---- item 51: map is 0.27348, precision@k is 0.09091, mrr is 1.00000
---- item 101: map is 0.52632, precision@k is 0.09091, mrr is 1.00000
---- item 151: map is 0.35824, precision@k is 0.09091, mrr is 1.00000
---- item 201: map is 0.34399, precision@k is 0.09091, mrr is 1.00000
---- item 251: map is 0.00959, precision@k is 0.00000, mrr is 0.00735
---- item 301: map is 0.25842, precision@k is 0.09091, mrr is 1.00000
---- item 351: map is 0.51449, precision@k is 0.09091, mrr is 1.00000
---- item 401: map is 0.03051, precision@k is 0.00000, mrr is 0.02500
---- item 451: map is 0.39756, precision@k is 0.09091, mrr is 1.00000
---- item 501: map is 0.01124, precision@k is 0.00000, mrr is 0.01389
---- item 551: map is 0.61111, precision@k is 0.22222, mrr is 1.00000
---- item 601: map is 0.02372, precision@k is 0.00000, mrr is 0.01389
---- item 651: map is 0.02851, precision@k is 0.00000, mrr is 0.05000
---- item 701: map is 0.33943, precision@k is 0.09091, mrr is 1.00000
---- item 751: map is 0.00457, precision@k is 0.00000, mrr is 0.00303
---- item 801: map is 0.35113, precision@k is 0.09091, mrr is 1.00000
---- item 851: map is 0.03967, precision@k is 0.00000, mrr is 0.05000
[Stat]ETBIR model, Embed mode item tagging: Precision@K is 0.09636, MAP is: 0.28648, MRR is: 0.77531, in top 10 tags
264 users are loaded from /home/ll5fy/TUIR/dataset/yelp/byUser_70k_review/5foldsCVColdstart/3/...
260 users are loaded from /home/ll5fy/TUIR/dataset/yelp/byUser_70k_review/5foldsCVColdstart/0/...
244 users are loaded from /home/ll5fy/TUIR/dataset/yelp/byUser_70k_review/5foldsCVColdstart/1/...
266 users are loaded from /home/ll5fy/TUIR/dataset/yelp/byUser_70k_review/5foldsCVColdstart/2/...
256 users are loaded from /home/ll5fy/TUIR/dataset/yelp/byUser_70k_review/5foldsCVColdstart/4/...
[Info]Finish loading 861 items' weights in total 156639 items!
[Info]Begin tagging 861 items with ETBIR Embed............
---- item 1: map is 0.34176, precision@k is 0.09091, mrr is 1.00000
---- item 51: map is 0.28474, precision@k is 0.09091, mrr is 1.00000
---- item 101: map is 0.62500, precision@k is 0.25000, mrr is 1.00000
---- item 151: map is 0.36880, precision@k is 0.09091, mrr is 1.00000
---- item 201: map is 0.34504, precision@k is 0.09091, mrr is 1.00000
---- item 251: map is 0.50552, precision@k is 0.09091, mrr is 1.00000
---- item 301: map is 0.25843, precision@k is 0.09091, mrr is 1.00000
---- item 351: map is 0.52778, precision@k is 0.09091, mrr is 1.00000
---- item 401: map is 0.03174, precision@k is 0.00000, mrr is 0.02703
---- item 451: map is 0.36492, precision@k is 0.09091, mrr is 1.00000
---- item 501: map is 0.01158, precision@k is 0.00000, mrr is 0.01408
---- item 551: map is 0.53333, precision@k is 0.09091, mrr is 1.00000
---- item 601: map is 0.02421, precision@k is 0.00000, mrr is 0.01538
---- item 651: map is 0.02844, precision@k is 0.00000, mrr is 0.04167
---- item 701: map is 0.34251, precision@k is 0.09091, mrr is 1.00000
---- item 751: map is 0.00451, precision@k is 0.00000, mrr is 0.00317
---- item 801: map is 0.36602, precision@k is 0.09091, mrr is 1.00000
---- item 851: map is 0.03887, precision@k is 0.00000, mrr is 0.04167
[Stat]ETBIR model, Embed mode item tagging: Precision@K is 0.09870, MAP is: 0.29189, MRR is: 0.77590, in top 10 tags
256 users are loaded from /home/ll5fy/TUIR/dataset/yelp/byUser_70k_review/5foldsCVColdstart/4/...
260 users are loaded from /home/ll5fy/TUIR/dataset/yelp/byUser_70k_review/5foldsCVColdstart/0/...
244 users are loaded from /home/ll5fy/TUIR/dataset/yelp/byUser_70k_review/5foldsCVColdstart/1/...
266 users are loaded from /home/ll5fy/TUIR/dataset/yelp/byUser_70k_review/5foldsCVColdstart/2/...
264 users are loaded from /home/ll5fy/TUIR/dataset/yelp/byUser_70k_review/5foldsCVColdstart/3/...
[Info]Finish loading 861 items' weights in total 156639 items!
[Info]Begin tagging 861 items with ETBIR Embed............
---- item 1: map is 0.29051, precision@k is 0.09091, mrr is 1.00000
---- item 51: map is 0.27984, precision@k is 0.09091, mrr is 1.00000
---- item 101: map is 0.52703, precision@k is 0.09091, mrr is 1.00000
---- item 151: map is 0.23882, precision@k is 0.09091, mrr is 1.00000
---- item 201: map is 0.34447, precision@k is 0.09091, mrr is 1.00000
---- item 251: map is 0.00887, precision@k is 0.00000, mrr is 0.00704
---- item 301: map is 0.25711, precision@k is 0.09091, mrr is 1.00000
---- item 351: map is 0.51887, precision@k is 0.09091, mrr is 1.00000
---- item 401: map is 0.02779, precision@k is 0.00000, mrr is 0.01724
---- item 451: map is 0.34660, precision@k is 0.09091, mrr is 1.00000
---- item 501: map is 0.01336, precision@k is 0.00000, mrr is 0.01515
---- item 551: map is 0.61111, precision@k is 0.22222, mrr is 1.00000
---- item 601: map is 0.02299, precision@k is 0.00000, mrr is 0.01515
---- item 651: map is 0.04552, precision@k is 0.09091, mrr is 0.16667
---- item 701: map is 0.34169, precision@k is 0.09091, mrr is 1.00000
---- item 751: map is 0.00464, precision@k is 0.00000, mrr is 0.00313
---- item 801: map is 0.34714, precision@k is 0.09091, mrr is 1.00000
---- item 851: map is 0.08385, precision@k is 0.09091, mrr is 0.16667
[Stat]ETBIR model, Embed mode item tagging: Precision@K is 0.10080, MAP is: 0.28838, MRR is: 0.77836, in top 10 tags

[Stat]Running time (seconds) 28.63900
[Stat]MAP 0.288+/-0.002
[Stat]MRR 0.777+/-0.001
[Stat]Precision 0.097+/-0.004
