Load 6134 2-gram new features from /home/ll5fy/TUIR/dataset/yelp/yelp_features.txt...
Load 6134 2-gram new features from /home/ll5fy/TUIR/dataset/yelp/yelp_features.txt...
[Info]Start FIXED cross validation...
[Info]Load 553 tags, with 6134 features.
260 users are loaded from /home/ll5fy/TUIR/dataset/yelp/byUser_70k_review/5foldsCVColdstart/0/...
244 users are loaded from /home/ll5fy/TUIR/dataset/yelp/byUser_70k_review/5foldsCVColdstart/1/...
266 users are loaded from /home/ll5fy/TUIR/dataset/yelp/byUser_70k_review/5foldsCVColdstart/2/...
264 users are loaded from /home/ll5fy/TUIR/dataset/yelp/byUser_70k_review/5foldsCVColdstart/3/...
256 users are loaded from /home/ll5fy/TUIR/dataset/yelp/byUser_70k_review/5foldsCVColdstart/4/...
[Info]Finish loading 722 items' weights in total 156639 items!
[Info]Begin tagging 722 items with LDA_Variational Interpolation............
---- item 1: map is 0.50617, precision@k is 0.18182, mrr is 1.00000
---- item 51: map is 0.25184, precision@k is 0.09091, mrr is 0.50000
---- item 101: map is 0.83333, precision@k is 0.66667, mrr is 1.00000
---- item 151: map is 0.14557, precision@k is 0.09091, mrr is 0.33333
---- item 201: map is 0.33245, precision@k is 0.18182, mrr is 1.00000
---- item 251: map is 0.83333, precision@k is 0.66667, mrr is 1.00000
---- item 301: map is 0.07607, precision@k is 0.09091, mrr is 0.14286
---- item 351: map is 0.34030, precision@k is 0.18182, mrr is 1.00000
---- item 401: map is 0.30832, precision@k is 0.09091, mrr is 1.00000
---- item 451: map is 0.55641, precision@k is 0.18182, mrr is 1.00000
---- item 501: map is 0.17313, precision@k is 0.09091, mrr is 0.50000
---- item 551: map is 0.66976, precision@k is 0.18182, mrr is 1.00000
---- item 601: map is 0.41667, precision@k is 0.33333, mrr is 0.50000
---- item 651: map is 0.23180, precision@k is 0.18182, mrr is 0.50000
---- item 701: map is 0.70000, precision@k is 0.40000, mrr is 1.00000
[Stat]LDA_Variational model, Interpolation mode item tagging: Precision@K is 0.19286, MAP is: 0.32151, MRR is: 0.61955, in top 10 tags
244 users are loaded from /home/ll5fy/TUIR/dataset/yelp/byUser_70k_review/5foldsCVColdstart/1/...
260 users are loaded from /home/ll5fy/TUIR/dataset/yelp/byUser_70k_review/5foldsCVColdstart/0/...
266 users are loaded from /home/ll5fy/TUIR/dataset/yelp/byUser_70k_review/5foldsCVColdstart/2/...
264 users are loaded from /home/ll5fy/TUIR/dataset/yelp/byUser_70k_review/5foldsCVColdstart/3/...
256 users are loaded from /home/ll5fy/TUIR/dataset/yelp/byUser_70k_review/5foldsCVColdstart/4/...
[Info]Finish loading 732 items' weights in total 156639 items!
[Info]Begin tagging 732 items with LDA_Variational Interpolation............
---- item 1: map is 0.67628, precision@k is 0.18182, mrr is 1.00000
---- item 51: map is 0.41084, precision@k is 0.18182, mrr is 1.00000
---- item 101: map is 0.11177, precision@k is 0.09091, mrr is 0.20000
---- item 151: map is 0.36615, precision@k is 0.18182, mrr is 1.00000
---- item 201: map is 0.83333, precision@k is 0.66667, mrr is 1.00000
---- item 251: map is 0.36111, precision@k is 0.22222, mrr is 0.50000
---- item 301: map is 0.44720, precision@k is 0.18182, mrr is 1.00000
---- item 351: map is 0.23810, precision@k is 0.09091, mrr is 0.33333
---- item 401: map is 0.12294, precision@k is 0.09091, mrr is 0.33333
---- item 451: map is 0.27230, precision@k is 0.18182, mrr is 1.00000
---- item 501: map is 0.50000, precision@k is 0.50000, mrr is 0.50000
---- item 551: map is 0.00424, precision@k is 0.00000, mrr is 0.00267
---- item 601: map is 0.02971, precision@k is 0.00000, mrr is 0.02857
---- item 651: map is 0.32222, precision@k is 0.18182, mrr is 0.50000
---- item 701: map is 0.41668, precision@k is 0.18182, mrr is 1.00000
[Stat]LDA_Variational model, Interpolation mode item tagging: Precision@K is 0.21865, MAP is: 0.37727, MRR is: 0.68960, in top 10 tags
266 users are loaded from /home/ll5fy/TUIR/dataset/yelp/byUser_70k_review/5foldsCVColdstart/2/...
260 users are loaded from /home/ll5fy/TUIR/dataset/yelp/byUser_70k_review/5foldsCVColdstart/0/...
244 users are loaded from /home/ll5fy/TUIR/dataset/yelp/byUser_70k_review/5foldsCVColdstart/1/...
264 users are loaded from /home/ll5fy/TUIR/dataset/yelp/byUser_70k_review/5foldsCVColdstart/3/...
256 users are loaded from /home/ll5fy/TUIR/dataset/yelp/byUser_70k_review/5foldsCVColdstart/4/...
[Info]Finish loading 702 items' weights in total 156639 items!
[Info]Begin tagging 702 items with LDA_Variational Interpolation............
---- item 1: map is 0.55851, precision@k is 0.18182, mrr is 1.00000
---- item 51: map is 0.39526, precision@k is 0.27273, mrr is 0.50000
---- item 101: map is 0.50606, precision@k is 0.09091, mrr is 1.00000
---- item 151: map is 0.25935, precision@k is 0.18182, mrr is 0.50000
---- item 201: map is 0.19381, precision@k is 0.09091, mrr is 1.00000
---- item 251: map is 0.24765, precision@k is 0.27273, mrr is 0.50000
---- item 301: map is 0.12422, precision@k is 0.18182, mrr is 0.12500
---- item 351: map is 0.40694, precision@k is 0.18182, mrr is 1.00000
---- item 401: map is 0.48104, precision@k is 0.27273, mrr is 1.00000
---- item 451: map is 0.65621, precision@k is 0.27273, mrr is 1.00000
---- item 501: map is 0.34649, precision@k is 0.27273, mrr is 0.50000
---- item 551: map is 0.52707, precision@k is 0.27273, mrr is 1.00000
---- item 601: map is 0.25374, precision@k is 0.27273, mrr is 0.33333
---- item 651: map is 0.40549, precision@k is 0.18182, mrr is 1.00000
---- item 701: map is 0.30952, precision@k is 0.28571, mrr is 0.33333
[Stat]LDA_Variational model, Interpolation mode item tagging: Precision@K is 0.22436, MAP is: 0.37088, MRR is: 0.65912, in top 10 tags
264 users are loaded from /home/ll5fy/TUIR/dataset/yelp/byUser_70k_review/5foldsCVColdstart/3/...
260 users are loaded from /home/ll5fy/TUIR/dataset/yelp/byUser_70k_review/5foldsCVColdstart/0/...
244 users are loaded from /home/ll5fy/TUIR/dataset/yelp/byUser_70k_review/5foldsCVColdstart/1/...
266 users are loaded from /home/ll5fy/TUIR/dataset/yelp/byUser_70k_review/5foldsCVColdstart/2/...
256 users are loaded from /home/ll5fy/TUIR/dataset/yelp/byUser_70k_review/5foldsCVColdstart/4/...
[Info]Finish loading 717 items' weights in total 156639 items!
[Info]Begin tagging 717 items with LDA_Variational Interpolation............
---- item 1: map is 0.56536, precision@k is 0.18182, mrr is 1.00000
---- item 51: map is 0.55974, precision@k is 0.18182, mrr is 1.00000
---- item 101: map is 0.22619, precision@k is 0.28571, mrr is 0.16667
---- item 151: map is 0.09251, precision@k is 0.09091, mrr is 0.16667
---- item 201: map is 0.34635, precision@k is 0.27273, mrr is 0.50000
---- item 251: map is 0.07395, precision@k is 0.09091, mrr is 0.14286
---- item 301: map is 0.28397, precision@k is 0.18182, mrr is 0.33333
---- item 351: map is 0.02658, precision@k is 0.00000, mrr is 0.02778
---- item 401: map is 0.00739, precision@k is 0.00000, mrr is 0.00581
---- item 451: map is 0.66667, precision@k is 0.33333, mrr is 1.00000
---- item 501: map is 1.00000, precision@k is 1.00000, mrr is 1.00000
---- item 551: map is 0.67092, precision@k is 0.18182, mrr is 1.00000
---- item 601: map is 0.05198, precision@k is 0.09091, mrr is 0.12500
---- item 651: map is 0.34590, precision@k is 0.27273, mrr is 0.50000
---- item 701: map is 0.40952, precision@k is 0.36364, mrr is 1.00000
[Stat]LDA_Variational model, Interpolation mode item tagging: Precision@K is 0.23229, MAP is: 0.37806, MRR is: 0.66930, in top 10 tags
256 users are loaded from /home/ll5fy/TUIR/dataset/yelp/byUser_70k_review/5foldsCVColdstart/4/...
260 users are loaded from /home/ll5fy/TUIR/dataset/yelp/byUser_70k_review/5foldsCVColdstart/0/...
244 users are loaded from /home/ll5fy/TUIR/dataset/yelp/byUser_70k_review/5foldsCVColdstart/1/...
266 users are loaded from /home/ll5fy/TUIR/dataset/yelp/byUser_70k_review/5foldsCVColdstart/2/...
264 users are loaded from /home/ll5fy/TUIR/dataset/yelp/byUser_70k_review/5foldsCVColdstart/3/...
[Info]Finish loading 726 items' weights in total 156639 items!
[Info]Begin tagging 726 items with LDA_Variational Interpolation............
---- item 1: map is 0.56643, precision@k is 0.18182, mrr is 1.00000
---- item 51: map is 0.22753, precision@k is 0.09091, mrr is 1.00000
---- item 101: map is 0.44227, precision@k is 0.18182, mrr is 1.00000
---- item 151: map is 0.12367, precision@k is 0.09091, mrr is 0.33333
---- item 201: map is 0.70000, precision@k is 0.40000, mrr is 1.00000
---- item 251: map is 0.34627, precision@k is 0.09091, mrr is 1.00000
---- item 301: map is 0.41926, precision@k is 0.18182, mrr is 1.00000
---- item 351: map is 1.00000, precision@k is 1.00000, mrr is 1.00000
---- item 401: map is 0.38124, precision@k is 0.09091, mrr is 1.00000
---- item 451: map is 0.22848, precision@k is 0.09091, mrr is 0.50000
---- item 501: map is 0.76010, precision@k is 0.27273, mrr is 1.00000
---- item 551: map is 0.52584, precision@k is 0.27273, mrr is 1.00000
---- item 601: map is 0.43841, precision@k is 0.27273, mrr is 0.50000
---- item 651: map is 0.66667, precision@k is 0.50000, mrr is 1.00000
---- item 701: map is 0.50951, precision@k is 0.18182, mrr is 1.00000
[Stat]LDA_Variational model, Interpolation mode item tagging: Precision@K is 0.22970, MAP is: 0.37676, MRR is: 0.66629, in top 10 tags

[Stat]Running time (seconds) 306.13700
[Stat]MAP 0.365+/-0.022
[Stat]MRR 0.661+/-0.023
[Stat]Precision 0.220+/-0.014
