Load 6134 2-gram new features from /home/ll5fy/TUIR/dataset/yelp/yelp_features.txt...
Load 6134 2-gram new features from /home/ll5fy/TUIR/dataset/yelp/yelp_features.txt...
[Info]Start FIXED cross validation...
[Info]Load 553 tags, with 6134 features.
260 users are loaded from /home/ll5fy/TUIR/dataset/yelp/byUser_70k_review/5foldsCVColdstart/0/...
244 users are loaded from /home/ll5fy/TUIR/dataset/yelp/byUser_70k_review/5foldsCVColdstart/1/...
266 users are loaded from /home/ll5fy/TUIR/dataset/yelp/byUser_70k_review/5foldsCVColdstart/2/...
264 users are loaded from /home/ll5fy/TUIR/dataset/yelp/byUser_70k_review/5foldsCVColdstart/3/...
256 users are loaded from /home/ll5fy/TUIR/dataset/yelp/byUser_70k_review/5foldsCVColdstart/4/...
[Info]Finish loading 861 items' weights in total 156639 items!
[Info]Begin tagging 861 items with ETBIR_User Interpolation............
---- item 1: map is 0.35922, precision@k is 0.09091, mrr is 1.00000
---- item 51: map is 0.54778, precision@k is 0.18182, mrr is 1.00000
---- item 101: map is 1.00000, precision@k is 1.00000, mrr is 1.00000
---- item 151: map is 0.19604, precision@k is 0.09091, mrr is 0.50000
---- item 201: map is 0.34648, precision@k is 0.09091, mrr is 1.00000
---- item 251: map is 0.03080, precision@k is 0.00000, mrr is 0.04762
---- item 301: map is 0.50555, precision@k is 0.18182, mrr is 1.00000
---- item 351: map is 0.51333, precision@k is 0.09091, mrr is 1.00000
---- item 401: map is 0.12941, precision@k is 0.09091, mrr is 0.50000
---- item 451: map is 0.57683, precision@k is 0.18182, mrr is 1.00000
---- item 501: map is 0.34479, precision@k is 0.09091, mrr is 1.00000
---- item 551: map is 1.00000, precision@k is 1.00000, mrr is 1.00000
---- item 601: map is 0.03342, precision@k is 0.00000, mrr is 0.05263
---- item 651: map is 0.02885, precision@k is 0.00000, mrr is 0.05882
---- item 701: map is 0.34336, precision@k is 0.09091, mrr is 1.00000
---- item 751: map is 0.00434, precision@k is 0.00000, mrr is 0.00287
---- item 801: map is 0.35529, precision@k is 0.09091, mrr is 1.00000
---- item 851: map is 0.07595, precision@k is 0.09091, mrr is 0.25000
[Stat]ETBIR_User model, Interpolation mode item tagging: Precision@K is 0.19124, MAP is: 0.36527, MRR is: 0.74291, in top 10 tags
244 users are loaded from /home/ll5fy/TUIR/dataset/yelp/byUser_70k_review/5foldsCVColdstart/1/...
260 users are loaded from /home/ll5fy/TUIR/dataset/yelp/byUser_70k_review/5foldsCVColdstart/0/...
266 users are loaded from /home/ll5fy/TUIR/dataset/yelp/byUser_70k_review/5foldsCVColdstart/2/...
264 users are loaded from /home/ll5fy/TUIR/dataset/yelp/byUser_70k_review/5foldsCVColdstart/3/...
256 users are loaded from /home/ll5fy/TUIR/dataset/yelp/byUser_70k_review/5foldsCVColdstart/4/...
[Info]Finish loading 861 items' weights in total 156639 items!
[Info]Begin tagging 861 items with ETBIR_User Interpolation............
---- item 1: map is 0.36428, precision@k is 0.09091, mrr is 1.00000
---- item 51: map is 0.54714, precision@k is 0.18182, mrr is 1.00000
---- item 101: map is 0.83333, precision@k is 0.66667, mrr is 1.00000
---- item 151: map is 0.20108, precision@k is 0.09091, mrr is 0.50000
---- item 201: map is 0.34407, precision@k is 0.09091, mrr is 1.00000
---- item 251: map is 0.13676, precision@k is 0.09091, mrr is 0.25000
---- item 301: map is 0.50552, precision@k is 0.18182, mrr is 1.00000
---- item 351: map is 0.51852, precision@k is 0.09091, mrr is 1.00000
---- item 401: map is 0.24758, precision@k is 0.18182, mrr is 0.50000
---- item 451: map is 0.58333, precision@k is 0.18182, mrr is 1.00000
---- item 501: map is 0.34509, precision@k is 0.09091, mrr is 1.00000
---- item 551: map is 0.83333, precision@k is 0.66667, mrr is 1.00000
---- item 601: map is 0.43294, precision@k is 0.18182, mrr is 1.00000
---- item 651: map is 0.03331, precision@k is 0.09091, mrr is 0.10000
---- item 701: map is 0.18018, precision@k is 0.09091, mrr is 0.50000
---- item 751: map is 0.00437, precision@k is 0.00000, mrr is 0.00286
---- item 801: map is 0.36543, precision@k is 0.09091, mrr is 1.00000
---- item 851: map is 0.08652, precision@k is 0.09091, mrr is 0.25000
[Stat]ETBIR_User model, Interpolation mode item tagging: Precision@K is 0.21524, MAP is: 0.37877, MRR is: 0.71605, in top 10 tags
266 users are loaded from /home/ll5fy/TUIR/dataset/yelp/byUser_70k_review/5foldsCVColdstart/2/...
260 users are loaded from /home/ll5fy/TUIR/dataset/yelp/byUser_70k_review/5foldsCVColdstart/0/...
244 users are loaded from /home/ll5fy/TUIR/dataset/yelp/byUser_70k_review/5foldsCVColdstart/1/...
264 users are loaded from /home/ll5fy/TUIR/dataset/yelp/byUser_70k_review/5foldsCVColdstart/3/...
256 users are loaded from /home/ll5fy/TUIR/dataset/yelp/byUser_70k_review/5foldsCVColdstart/4/...
[Info]Finish loading 861 items' weights in total 156639 items!
[Info]Begin tagging 861 items with ETBIR_User Interpolation............
---- item 1: map is 0.40218, precision@k is 0.18182, mrr is 1.00000
---- item 51: map is 0.45513, precision@k is 0.18182, mrr is 1.00000
---- item 101: map is 0.83333, precision@k is 0.66667, mrr is 1.00000
---- item 151: map is 0.22481, precision@k is 0.09091, mrr is 0.50000
---- item 201: map is 0.34374, precision@k is 0.09091, mrr is 1.00000
---- item 251: map is 0.14113, precision@k is 0.09091, mrr is 0.25000
---- item 301: map is 0.50610, precision@k is 0.18182, mrr is 1.00000
---- item 351: map is 0.53704, precision@k is 0.09091, mrr is 1.00000
---- item 401: map is 0.31449, precision@k is 0.27273, mrr is 0.50000
---- item 451: map is 0.57995, precision@k is 0.18182, mrr is 1.00000
---- item 501: map is 0.34709, precision@k is 0.09091, mrr is 1.00000
---- item 551: map is 1.00000, precision@k is 1.00000, mrr is 1.00000
---- item 601: map is 0.43271, precision@k is 0.18182, mrr is 1.00000
---- item 651: map is 0.02716, precision@k is 0.00000, mrr is 0.05556
---- item 701: map is 0.18095, precision@k is 0.09091, mrr is 0.50000
---- item 751: map is 0.00440, precision@k is 0.00000, mrr is 0.00269
---- item 801: map is 0.40135, precision@k is 0.09091, mrr is 1.00000
---- item 851: map is 0.10716, precision@k is 0.09091, mrr is 0.33333
[Stat]ETBIR_User model, Interpolation mode item tagging: Precision@K is 0.22402, MAP is: 0.37947, MRR is: 0.69658, in top 10 tags
264 users are loaded from /home/ll5fy/TUIR/dataset/yelp/byUser_70k_review/5foldsCVColdstart/3/...
260 users are loaded from /home/ll5fy/TUIR/dataset/yelp/byUser_70k_review/5foldsCVColdstart/0/...
244 users are loaded from /home/ll5fy/TUIR/dataset/yelp/byUser_70k_review/5foldsCVColdstart/1/...
266 users are loaded from /home/ll5fy/TUIR/dataset/yelp/byUser_70k_review/5foldsCVColdstart/2/...
256 users are loaded from /home/ll5fy/TUIR/dataset/yelp/byUser_70k_review/5foldsCVColdstart/4/...
[Info]Finish loading 861 items' weights in total 156639 items!
[Info]Begin tagging 861 items with ETBIR_User Interpolation............
---- item 1: map is 0.50222, precision@k is 0.18182, mrr is 1.00000
---- item 51: map is 0.40793, precision@k is 0.18182, mrr is 1.00000
---- item 101: map is 0.83333, precision@k is 0.66667, mrr is 1.00000
---- item 151: map is 0.23385, precision@k is 0.09091, mrr is 0.50000
---- item 201: map is 0.34686, precision@k is 0.09091, mrr is 1.00000
---- item 251: map is 0.51064, precision@k is 0.09091, mrr is 1.00000
---- item 301: map is 0.50487, precision@k is 0.18182, mrr is 1.00000
---- item 351: map is 0.53571, precision@k is 0.09091, mrr is 1.00000
---- item 401: map is 0.32124, precision@k is 0.27273, mrr is 0.50000
---- item 451: map is 0.48280, precision@k is 0.18182, mrr is 1.00000
---- item 501: map is 0.34582, precision@k is 0.09091, mrr is 1.00000
---- item 551: map is 0.75000, precision@k is 0.50000, mrr is 1.00000
---- item 601: map is 0.43325, precision@k is 0.18182, mrr is 1.00000
---- item 651: map is 0.02973, precision@k is 0.00000, mrr is 0.05000
---- item 701: map is 0.18672, precision@k is 0.09091, mrr is 0.50000
---- item 751: map is 0.00415, precision@k is 0.00000, mrr is 0.00254
---- item 801: map is 0.38618, precision@k is 0.09091, mrr is 1.00000
---- item 851: map is 0.09961, precision@k is 0.09091, mrr is 0.33333
[Stat]ETBIR_User model, Interpolation mode item tagging: Precision@K is 0.22148, MAP is: 0.37642, MRR is: 0.68620, in top 10 tags
256 users are loaded from /home/ll5fy/TUIR/dataset/yelp/byUser_70k_review/5foldsCVColdstart/4/...
260 users are loaded from /home/ll5fy/TUIR/dataset/yelp/byUser_70k_review/5foldsCVColdstart/0/...
244 users are loaded from /home/ll5fy/TUIR/dataset/yelp/byUser_70k_review/5foldsCVColdstart/1/...
266 users are loaded from /home/ll5fy/TUIR/dataset/yelp/byUser_70k_review/5foldsCVColdstart/2/...
264 users are loaded from /home/ll5fy/TUIR/dataset/yelp/byUser_70k_review/5foldsCVColdstart/3/...
[Info]Finish loading 861 items' weights in total 156639 items!
[Info]Begin tagging 861 items with ETBIR_User Interpolation............
---- item 1: map is 0.64881, precision@k is 0.50000, mrr is 1.00000
---- item 51: map is 0.42041, precision@k is 0.18182, mrr is 1.00000
---- item 101: map is 0.83333, precision@k is 0.66667, mrr is 1.00000
---- item 151: map is 0.62475, precision@k is 0.27273, mrr is 1.00000
---- item 201: map is 0.34649, precision@k is 0.09091, mrr is 1.00000
---- item 251: map is 0.14773, precision@k is 0.09091, mrr is 0.25000
---- item 301: map is 0.50673, precision@k is 0.18182, mrr is 1.00000
---- item 351: map is 0.60000, precision@k is 0.20000, mrr is 1.00000
---- item 401: map is 0.34737, precision@k is 0.27273, mrr is 0.50000
---- item 451: map is 0.48553, precision@k is 0.18182, mrr is 1.00000
---- item 501: map is 0.34620, precision@k is 0.09091, mrr is 1.00000
---- item 551: map is 0.75000, precision@k is 0.50000, mrr is 1.00000
---- item 601: map is 0.43250, precision@k is 0.18182, mrr is 1.00000
---- item 651: map is 0.03162, precision@k is 0.00000, mrr is 0.08333
---- item 701: map is 0.18159, precision@k is 0.09091, mrr is 0.50000
---- item 751: map is 0.00428, precision@k is 0.00000, mrr is 0.00286
---- item 801: map is 0.41588, precision@k is 0.18182, mrr is 1.00000
---- item 851: map is 0.10723, precision@k is 0.09091, mrr is 0.33333
[Stat]ETBIR_User model, Interpolation mode item tagging: Precision@K is 0.22413, MAP is: 0.37559, MRR is: 0.67558, in top 10 tags

[Stat]Running time (seconds) 365.35300
[Stat]MAP 0.375+/-0.005
[Stat]MRR 0.703+/-0.024
[Stat]Precision 0.215+/-0.012
