Load 6134 2-gram new features from /home/ll5fy/TUIR/dataset/yelp/yelp_features.txt...
Load 6134 2-gram new features from /home/ll5fy/TUIR/dataset/yelp/yelp_features.txt...
[Info]Start FIXED cross validation...
[Info]Load 553 tags, with 6134 features.
260 users are loaded from /home/ll5fy/TUIR/dataset/yelp/byUser_70k_review/5foldsCVColdstart/0/...
244 users are loaded from /home/ll5fy/TUIR/dataset/yelp/byUser_70k_review/5foldsCVColdstart/1/...
266 users are loaded from /home/ll5fy/TUIR/dataset/yelp/byUser_70k_review/5foldsCVColdstart/2/...
264 users are loaded from /home/ll5fy/TUIR/dataset/yelp/byUser_70k_review/5foldsCVColdstart/3/...
256 users are loaded from /home/ll5fy/TUIR/dataset/yelp/byUser_70k_review/5foldsCVColdstart/4/...
[Info]Finish loading 722 items' weights in total 156639 items!
[Info]Begin tagging 722 items with LDA_User Interpolation............
---- item 1: map is 0.47269, precision@k is 0.18182, mrr is 1.00000
---- item 51: map is 0.12684, precision@k is 0.09091, mrr is 0.25000
---- item 101: map is 0.13176, precision@k is 0.09091, mrr is 0.25000
---- item 151: map is 0.12523, precision@k is 0.09091, mrr is 0.25000
---- item 201: map is 0.35732, precision@k is 0.18182, mrr is 1.00000
---- item 251: map is 0.83333, precision@k is 0.66667, mrr is 1.00000
---- item 301: map is 0.09790, precision@k is 0.09091, mrr is 0.25000
---- item 351: map is 0.35605, precision@k is 0.18182, mrr is 1.00000
---- item 401: map is 0.08603, precision@k is 0.09091, mrr is 0.25000
---- item 451: map is 0.10054, precision@k is 0.09091, mrr is 0.25000
---- item 501: map is 0.08950, precision@k is 0.09091, mrr is 0.25000
---- item 551: map is 0.11805, precision@k is 0.09091, mrr is 0.33333
---- item 601: map is 0.13520, precision@k is 0.09091, mrr is 0.25000
---- item 651: map is 0.26389, precision@k is 0.18182, mrr is 0.50000
---- item 701: map is 0.13117, precision@k is 0.09091, mrr is 0.25000
[Stat]LDA_User model, Interpolation mode item tagging: Precision@K is 0.10818, MAP is: 0.14613, MRR is: 0.30593, in top 10 tags
244 users are loaded from /home/ll5fy/TUIR/dataset/yelp/byUser_70k_review/5foldsCVColdstart/1/...
260 users are loaded from /home/ll5fy/TUIR/dataset/yelp/byUser_70k_review/5foldsCVColdstart/0/...
266 users are loaded from /home/ll5fy/TUIR/dataset/yelp/byUser_70k_review/5foldsCVColdstart/2/...
264 users are loaded from /home/ll5fy/TUIR/dataset/yelp/byUser_70k_review/5foldsCVColdstart/3/...
256 users are loaded from /home/ll5fy/TUIR/dataset/yelp/byUser_70k_review/5foldsCVColdstart/4/...
[Info]Finish loading 732 items' weights in total 156639 items!
[Info]Begin tagging 732 items with LDA_User Interpolation............
---- item 1: map is 0.67647, precision@k is 0.18182, mrr is 1.00000
---- item 51: map is 0.35111, precision@k is 0.09091, mrr is 1.00000
---- item 101: map is 0.39346, precision@k is 0.09091, mrr is 1.00000
---- item 151: map is 0.42381, precision@k is 0.18182, mrr is 1.00000
---- item 201: map is 0.55882, precision@k is 0.09091, mrr is 1.00000
---- item 251: map is 0.55882, precision@k is 0.09091, mrr is 1.00000
---- item 301: map is 0.41015, precision@k is 0.18182, mrr is 1.00000
---- item 351: map is 0.51724, precision@k is 0.09091, mrr is 1.00000
---- item 401: map is 0.34914, precision@k is 0.09091, mrr is 1.00000
---- item 451: map is 0.24080, precision@k is 0.09091, mrr is 1.00000
---- item 501: map is 0.01695, precision@k is 0.00000, mrr is 0.01695
---- item 551: map is 0.00443, precision@k is 0.00000, mrr is 0.00273
---- item 601: map is 0.01785, precision@k is 0.00000, mrr is 0.02632
---- item 651: map is 0.18526, precision@k is 0.09091, mrr is 0.50000
---- item 701: map is 0.25115, precision@k is 0.09091, mrr is 1.00000
[Stat]LDA_User model, Interpolation mode item tagging: Precision@K is 0.15057, MAP is: 0.34477, MRR is: 0.77635, in top 10 tags
266 users are loaded from /home/ll5fy/TUIR/dataset/yelp/byUser_70k_review/5foldsCVColdstart/2/...
260 users are loaded from /home/ll5fy/TUIR/dataset/yelp/byUser_70k_review/5foldsCVColdstart/0/...
244 users are loaded from /home/ll5fy/TUIR/dataset/yelp/byUser_70k_review/5foldsCVColdstart/1/...
264 users are loaded from /home/ll5fy/TUIR/dataset/yelp/byUser_70k_review/5foldsCVColdstart/3/...
256 users are loaded from /home/ll5fy/TUIR/dataset/yelp/byUser_70k_review/5foldsCVColdstart/4/...
[Info]Finish loading 702 items' weights in total 156639 items!
[Info]Begin tagging 702 items with LDA_User Interpolation............
---- item 1: map is 0.34734, precision@k is 0.09091, mrr is 1.00000
---- item 51: map is 0.04433, precision@k is 0.00000, mrr is 0.06250
---- item 101: map is 0.00553, precision@k is 0.00000, mrr is 0.00465
---- item 151: map is 0.30614, precision@k is 0.18182, mrr is 0.50000
---- item 201: map is 0.21201, precision@k is 0.18182, mrr is 1.00000
---- item 251: map is 0.09108, precision@k is 0.09091, mrr is 0.33333
---- item 301: map is 0.35493, precision@k is 0.09091, mrr is 1.00000
---- item 351: map is 0.37756, precision@k is 0.09091, mrr is 1.00000
---- item 401: map is 0.28800, precision@k is 0.18182, mrr is 1.00000
---- item 451: map is 0.46171, precision@k is 0.27273, mrr is 1.00000
---- item 501: map is 0.03849, precision@k is 0.00000, mrr is 0.04348
---- item 551: map is 0.29946, precision@k is 0.09091, mrr is 1.00000
---- item 601: map is 0.15019, precision@k is 0.18182, mrr is 0.25000
---- item 651: map is 0.44905, precision@k is 0.18182, mrr is 1.00000
---- item 701: map is 0.54000, precision@k is 0.09091, mrr is 1.00000
[Stat]LDA_User model, Interpolation mode item tagging: Precision@K is 0.16536, MAP is: 0.34652, MRR is: 0.75792, in top 10 tags
264 users are loaded from /home/ll5fy/TUIR/dataset/yelp/byUser_70k_review/5foldsCVColdstart/3/...
260 users are loaded from /home/ll5fy/TUIR/dataset/yelp/byUser_70k_review/5foldsCVColdstart/0/...
244 users are loaded from /home/ll5fy/TUIR/dataset/yelp/byUser_70k_review/5foldsCVColdstart/1/...
266 users are loaded from /home/ll5fy/TUIR/dataset/yelp/byUser_70k_review/5foldsCVColdstart/2/...
256 users are loaded from /home/ll5fy/TUIR/dataset/yelp/byUser_70k_review/5foldsCVColdstart/4/...
[Info]Finish loading 717 items' weights in total 156639 items!
[Info]Begin tagging 717 items with LDA_User Interpolation............
---- item 1: map is 0.67754, precision@k is 0.18182, mrr is 1.00000
---- item 51: map is 0.34196, precision@k is 0.09091, mrr is 1.00000
---- item 101: map is 0.26205, precision@k is 0.09091, mrr is 0.50000
---- item 151: map is 0.25709, precision@k is 0.09091, mrr is 0.50000
---- item 201: map is 0.04125, precision@k is 0.00000, mrr is 0.05000
---- item 251: map is 0.25214, precision@k is 0.09091, mrr is 0.50000
---- item 301: map is 0.19054, precision@k is 0.09091, mrr is 0.50000
---- item 351: map is 0.02054, precision@k is 0.00000, mrr is 0.02083
---- item 401: map is 0.00738, precision@k is 0.00000, mrr is 0.00562
---- item 451: map is 0.51176, precision@k is 0.09091, mrr is 1.00000
---- item 501: map is 1.00000, precision@k is 1.00000, mrr is 1.00000
---- item 551: map is 0.50350, precision@k is 0.18182, mrr is 1.00000
---- item 601: map is 0.34165, precision@k is 0.09091, mrr is 1.00000
---- item 651: map is 0.04772, precision@k is 0.09091, mrr is 0.10000
---- item 701: map is 0.02008, precision@k is 0.00000, mrr is 0.01220
[Stat]LDA_User model, Interpolation mode item tagging: Precision@K is 0.17911, MAP is: 0.36507, MRR is: 0.77177, in top 10 tags
256 users are loaded from /home/ll5fy/TUIR/dataset/yelp/byUser_70k_review/5foldsCVColdstart/4/...
260 users are loaded from /home/ll5fy/TUIR/dataset/yelp/byUser_70k_review/5foldsCVColdstart/0/...
244 users are loaded from /home/ll5fy/TUIR/dataset/yelp/byUser_70k_review/5foldsCVColdstart/1/...
266 users are loaded from /home/ll5fy/TUIR/dataset/yelp/byUser_70k_review/5foldsCVColdstart/2/...
264 users are loaded from /home/ll5fy/TUIR/dataset/yelp/byUser_70k_review/5foldsCVColdstart/3/...
[Info]Finish loading 726 items' weights in total 156639 items!
[Info]Begin tagging 726 items with LDA_User Interpolation............
---- item 1: map is 0.67576, precision@k is 0.18182, mrr is 1.00000
---- item 51: map is 0.24327, precision@k is 0.09091, mrr is 1.00000
---- item 101: map is 0.37125, precision@k is 0.09091, mrr is 1.00000
---- item 151: map is 0.34835, precision@k is 0.09091, mrr is 1.00000
---- item 201: map is 1.00000, precision@k is 1.00000, mrr is 1.00000
---- item 251: map is 0.34829, precision@k is 0.09091, mrr is 1.00000
---- item 301: map is 0.43118, precision@k is 0.18182, mrr is 1.00000
---- item 351: map is 0.03030, precision@k is 0.00000, mrr is 0.03030
---- item 401: map is 0.38647, precision@k is 0.09091, mrr is 1.00000
---- item 451: map is 0.19215, precision@k is 0.09091, mrr is 0.50000
---- item 501: map is 0.52687, precision@k is 0.18182, mrr is 1.00000
---- item 551: map is 0.57016, precision@k is 0.18182, mrr is 1.00000
---- item 601: map is 0.32068, precision@k is 0.18182, mrr is 0.50000
---- item 651: map is 0.51639, precision@k is 0.18182, mrr is 1.00000
---- item 701: map is 0.50851, precision@k is 0.18182, mrr is 1.00000
[Stat]LDA_User model, Interpolation mode item tagging: Precision@K is 0.17792, MAP is: 0.36685, MRR is: 0.77017, in top 10 tags

[Stat]Running time (seconds) 308.90600
[Stat]MAP 0.314+/-0.084
[Stat]MRR 0.676+/-0.185
[Stat]Precision 0.156+/-0.026
