Load 6134 2-gram new features from /home/ll5fy/TUIR/dataset/yelp/yelp_features.txt...
Load 6134 2-gram new features from /home/ll5fy/TUIR/dataset/yelp/yelp_features.txt...
[Info]Start FIXED cross validation...
[Info]Load 553 tags, with 6134 features.
260 users are loaded from /home/ll5fy/TUIR/dataset/yelp/byUser_70k_review/5foldsCVColdstart/0/...
244 users are loaded from /home/ll5fy/TUIR/dataset/yelp/byUser_70k_review/5foldsCVColdstart/1/...
266 users are loaded from /home/ll5fy/TUIR/dataset/yelp/byUser_70k_review/5foldsCVColdstart/2/...
264 users are loaded from /home/ll5fy/TUIR/dataset/yelp/byUser_70k_review/5foldsCVColdstart/3/...
256 users are loaded from /home/ll5fy/TUIR/dataset/yelp/byUser_70k_review/5foldsCVColdstart/4/...
[Info]Finish loading 722 items' weights in total 156639 items!
[Info]Begin tagging 722 items with LDA_Variational Embed............
---- item 1: map is 0.12149, precision@k is 0.09091, mrr is 0.25000
---- item 51: map is 0.12686, precision@k is 0.09091, mrr is 0.25000
---- item 101: map is 0.13110, precision@k is 0.09091, mrr is 0.25000
---- item 151: map is 0.11631, precision@k is 0.09091, mrr is 0.25000
---- item 201: map is 0.09403, precision@k is 0.09091, mrr is 0.25000
---- item 251: map is 0.15833, precision@k is 0.09091, mrr is 0.25000
---- item 301: map is 0.09764, precision@k is 0.09091, mrr is 0.25000
---- item 351: map is 0.09286, precision@k is 0.09091, mrr is 0.25000
---- item 401: map is 0.07775, precision@k is 0.09091, mrr is 0.25000
---- item 451: map is 0.09888, precision@k is 0.09091, mrr is 0.25000
---- item 501: map is 0.09063, precision@k is 0.09091, mrr is 0.25000
---- item 551: map is 0.09150, precision@k is 0.09091, mrr is 0.25000
---- item 601: map is 0.13313, precision@k is 0.09091, mrr is 0.25000
---- item 651: map is 0.27052, precision@k is 0.18182, mrr is 0.50000
---- item 701: map is 0.13258, precision@k is 0.09091, mrr is 0.25000
[Stat]LDA_Variational model, Embed mode item tagging: Precision@K is 0.08679, MAP is: 0.10299, MRR is: 0.23091, in top 10 tags
244 users are loaded from /home/ll5fy/TUIR/dataset/yelp/byUser_70k_review/5foldsCVColdstart/1/...
260 users are loaded from /home/ll5fy/TUIR/dataset/yelp/byUser_70k_review/5foldsCVColdstart/0/...
266 users are loaded from /home/ll5fy/TUIR/dataset/yelp/byUser_70k_review/5foldsCVColdstart/2/...
264 users are loaded from /home/ll5fy/TUIR/dataset/yelp/byUser_70k_review/5foldsCVColdstart/3/...
256 users are loaded from /home/ll5fy/TUIR/dataset/yelp/byUser_70k_review/5foldsCVColdstart/4/...
[Info]Finish loading 732 items' weights in total 156639 items!
[Info]Begin tagging 732 items with LDA_Variational Embed............
---- item 1: map is 0.39346, precision@k is 0.09091, mrr is 1.00000
---- item 51: map is 0.34307, precision@k is 0.09091, mrr is 1.00000
---- item 101: map is 0.39331, precision@k is 0.09091, mrr is 1.00000
---- item 151: map is 0.24890, precision@k is 0.09091, mrr is 1.00000
---- item 201: map is 0.51563, precision@k is 0.09091, mrr is 1.00000
---- item 251: map is 0.52128, precision@k is 0.09091, mrr is 1.00000
---- item 301: map is 0.05929, precision@k is 0.09091, mrr is 0.12500
---- item 351: map is 0.51010, precision@k is 0.09091, mrr is 1.00000
---- item 401: map is 0.34457, precision@k is 0.09091, mrr is 1.00000
---- item 451: map is 0.02348, precision@k is 0.00000, mrr is 0.02000
---- item 501: map is 0.01099, precision@k is 0.00000, mrr is 0.01099
---- item 551: map is 0.00432, precision@k is 0.00000, mrr is 0.00281
---- item 601: map is 0.01729, precision@k is 0.00000, mrr is 0.02000
---- item 651: map is 0.34588, precision@k is 0.09091, mrr is 1.00000
---- item 701: map is 0.23244, precision@k is 0.09091, mrr is 1.00000
[Stat]LDA_Variational model, Embed mode item tagging: Precision@K is 0.09232, MAP is: 0.29306, MRR is: 0.77083, in top 10 tags
266 users are loaded from /home/ll5fy/TUIR/dataset/yelp/byUser_70k_review/5foldsCVColdstart/2/...
260 users are loaded from /home/ll5fy/TUIR/dataset/yelp/byUser_70k_review/5foldsCVColdstart/0/...
244 users are loaded from /home/ll5fy/TUIR/dataset/yelp/byUser_70k_review/5foldsCVColdstart/1/...
264 users are loaded from /home/ll5fy/TUIR/dataset/yelp/byUser_70k_review/5foldsCVColdstart/3/...
256 users are loaded from /home/ll5fy/TUIR/dataset/yelp/byUser_70k_review/5foldsCVColdstart/4/...
[Info]Finish loading 702 items' weights in total 156639 items!
[Info]Begin tagging 702 items with LDA_Variational Embed............
---- item 1: map is 0.34618, precision@k is 0.09091, mrr is 1.00000
---- item 51: map is 0.02937, precision@k is 0.00000, mrr is 0.02632
---- item 101: map is 0.00522, precision@k is 0.00000, mrr is 0.00513
---- item 151: map is 0.27283, precision@k is 0.09091, mrr is 1.00000
---- item 201: map is 0.18372, precision@k is 0.09091, mrr is 1.00000
---- item 251: map is 0.03125, precision@k is 0.00000, mrr is 0.02632
---- item 301: map is 0.35274, precision@k is 0.09091, mrr is 1.00000
---- item 351: map is 0.39603, precision@k is 0.09091, mrr is 1.00000
---- item 401: map is 0.20801, precision@k is 0.09091, mrr is 1.00000
---- item 451: map is 0.34220, precision@k is 0.18182, mrr is 1.00000
---- item 501: map is 0.02937, precision@k is 0.00000, mrr is 0.02632
---- item 551: map is 0.30065, precision@k is 0.09091, mrr is 1.00000
---- item 601: map is 0.02937, precision@k is 0.00000, mrr is 0.02632
---- item 651: map is 0.07494, precision@k is 0.09091, mrr is 0.20000
---- item 701: map is 0.51639, precision@k is 0.09091, mrr is 1.00000
[Stat]LDA_Variational model, Embed mode item tagging: Precision@K is 0.08750, MAP is: 0.28634, MRR is: 0.76171, in top 10 tags
264 users are loaded from /home/ll5fy/TUIR/dataset/yelp/byUser_70k_review/5foldsCVColdstart/3/...
260 users are loaded from /home/ll5fy/TUIR/dataset/yelp/byUser_70k_review/5foldsCVColdstart/0/...
244 users are loaded from /home/ll5fy/TUIR/dataset/yelp/byUser_70k_review/5foldsCVColdstart/1/...
266 users are loaded from /home/ll5fy/TUIR/dataset/yelp/byUser_70k_review/5foldsCVColdstart/2/...
256 users are loaded from /home/ll5fy/TUIR/dataset/yelp/byUser_70k_review/5foldsCVColdstart/4/...
[Info]Finish loading 717 items' weights in total 156639 items!
[Info]Begin tagging 717 items with LDA_Variational Embed............
---- item 1: map is 0.41574, precision@k is 0.18182, mrr is 1.00000
---- item 51: map is 0.34618, precision@k is 0.09091, mrr is 1.00000
---- item 101: map is 0.51190, precision@k is 0.09091, mrr is 1.00000
---- item 151: map is 0.50667, precision@k is 0.09091, mrr is 1.00000
---- item 201: map is 0.02409, precision@k is 0.00000, mrr is 0.01493
---- item 251: map is 0.50241, precision@k is 0.09091, mrr is 1.00000
---- item 301: map is 0.31597, precision@k is 0.18182, mrr is 1.00000
---- item 351: map is 0.02164, precision@k is 0.00000, mrr is 0.03448
---- item 401: map is 0.00651, precision@k is 0.00000, mrr is 0.00532
---- item 451: map is 0.50833, precision@k is 0.09091, mrr is 1.00000
---- item 501: map is 1.00000, precision@k is 1.00000, mrr is 1.00000
---- item 551: map is 0.35021, precision@k is 0.09091, mrr is 1.00000
---- item 601: map is 0.34107, precision@k is 0.09091, mrr is 1.00000
---- item 651: map is 0.02409, precision@k is 0.00000, mrr is 0.01493
---- item 701: map is 0.01643, precision@k is 0.00000, mrr is 0.01031
[Stat]LDA_Variational model, Embed mode item tagging: Precision@K is 0.10120, MAP is: 0.29795, MRR is: 0.77847, in top 10 tags
256 users are loaded from /home/ll5fy/TUIR/dataset/yelp/byUser_70k_review/5foldsCVColdstart/4/...
260 users are loaded from /home/ll5fy/TUIR/dataset/yelp/byUser_70k_review/5foldsCVColdstart/0/...
244 users are loaded from /home/ll5fy/TUIR/dataset/yelp/byUser_70k_review/5foldsCVColdstart/1/...
266 users are loaded from /home/ll5fy/TUIR/dataset/yelp/byUser_70k_review/5foldsCVColdstart/2/...
264 users are loaded from /home/ll5fy/TUIR/dataset/yelp/byUser_70k_review/5foldsCVColdstart/3/...
[Info]Finish loading 726 items' weights in total 156639 items!
[Info]Begin tagging 726 items with LDA_Variational Embed............
---- item 1: map is 0.38275, precision@k is 0.09091, mrr is 1.00000
---- item 51: map is 0.22464, precision@k is 0.09091, mrr is 1.00000
---- item 101: map is 0.34866, precision@k is 0.09091, mrr is 1.00000
---- item 151: map is 0.35077, precision@k is 0.09091, mrr is 1.00000
---- item 201: map is 0.51754, precision@k is 0.09091, mrr is 1.00000
---- item 251: map is 0.35077, precision@k is 0.09091, mrr is 1.00000
---- item 301: map is 0.07567, precision@k is 0.09091, mrr is 0.16667
---- item 351: map is 0.00239, precision@k is 0.00000, mrr is 0.00239
---- item 401: map is 0.35682, precision@k is 0.09091, mrr is 1.00000
---- item 451: map is 0.35388, precision@k is 0.09091, mrr is 1.00000
---- item 501: map is 0.29914, precision@k is 0.09091, mrr is 1.00000
---- item 551: map is 0.26800, precision@k is 0.09091, mrr is 1.00000
---- item 601: map is 0.28507, precision@k is 0.09091, mrr is 1.00000
---- item 651: map is 0.38936, precision@k is 0.09091, mrr is 1.00000
---- item 701: map is 0.32034, precision@k is 0.18182, mrr is 1.00000
[Stat]LDA_Variational model, Embed mode item tagging: Precision@K is 0.09755, MAP is: 0.29426, MRR is: 0.77496, in top 10 tags

[Stat]Running time (seconds) 30.91800
[Stat]MAP 0.255+/-0.076
[Stat]MRR 0.663+/-0.216
[Stat]Precision 0.093+/-0.006
