Load 6134 2-gram new features from /home/ll5fy/TUIR/dataset/yelp/yelp_features.txt...
Load 6134 2-gram new features from /home/ll5fy/TUIR/dataset/yelp/yelp_features.txt...
[Info]Start FIXED cross validation...
[Info]Load 553 tags, with 6134 features.
260 users are loaded from /home/ll5fy/TUIR/dataset/yelp/byUser_70k_review/5foldsCVColdstart/0/...
244 users are loaded from /home/ll5fy/TUIR/dataset/yelp/byUser_70k_review/5foldsCVColdstart/1/...
266 users are loaded from /home/ll5fy/TUIR/dataset/yelp/byUser_70k_review/5foldsCVColdstart/2/...
264 users are loaded from /home/ll5fy/TUIR/dataset/yelp/byUser_70k_review/5foldsCVColdstart/3/...
256 users are loaded from /home/ll5fy/TUIR/dataset/yelp/byUser_70k_review/5foldsCVColdstart/4/...
[Info]Finish loading 861 items' weights in total 156639 items!
[Info]Begin tagging 861 items with ETBIR_User Embed............
---- item 1: map is 0.34125, precision@k is 0.09091, mrr is 1.00000
---- item 51: map is 0.27572, precision@k is 0.09091, mrr is 1.00000
---- item 101: map is 0.61111, precision@k is 0.22222, mrr is 1.00000
---- item 151: map is 0.36118, precision@k is 0.09091, mrr is 1.00000
---- item 201: map is 0.34375, precision@k is 0.09091, mrr is 1.00000
---- item 251: map is 0.01169, precision@k is 0.00000, mrr is 0.00787
---- item 301: map is 0.26002, precision@k is 0.09091, mrr is 1.00000
---- item 351: map is 0.51266, precision@k is 0.09091, mrr is 1.00000
---- item 401: map is 0.03678, precision@k is 0.00000, mrr is 0.02941
---- item 451: map is 0.36761, precision@k is 0.09091, mrr is 1.00000
---- item 501: map is 0.01025, precision@k is 0.00000, mrr is 0.01111
---- item 551: map is 0.66667, precision@k is 0.33333, mrr is 1.00000
---- item 601: map is 0.02639, precision@k is 0.00000, mrr is 0.02000
---- item 651: map is 0.03286, precision@k is 0.00000, mrr is 0.09091
---- item 701: map is 0.34123, precision@k is 0.09091, mrr is 1.00000
---- item 751: map is 0.00453, precision@k is 0.00000, mrr is 0.00299
---- item 801: map is 0.35105, precision@k is 0.09091, mrr is 1.00000
---- item 851: map is 0.04317, precision@k is 0.00000, mrr is 0.05882
[Stat]ETBIR_User model, Embed mode item tagging: Precision@K is 0.09564, MAP is: 0.29009, MRR is: 0.77538, in top 10 tags
244 users are loaded from /home/ll5fy/TUIR/dataset/yelp/byUser_70k_review/5foldsCVColdstart/1/...
260 users are loaded from /home/ll5fy/TUIR/dataset/yelp/byUser_70k_review/5foldsCVColdstart/0/...
266 users are loaded from /home/ll5fy/TUIR/dataset/yelp/byUser_70k_review/5foldsCVColdstart/2/...
264 users are loaded from /home/ll5fy/TUIR/dataset/yelp/byUser_70k_review/5foldsCVColdstart/3/...
256 users are loaded from /home/ll5fy/TUIR/dataset/yelp/byUser_70k_review/5foldsCVColdstart/4/...
[Info]Finish loading 861 items' weights in total 156639 items!
[Info]Begin tagging 861 items with ETBIR_User Embed............
---- item 1: map is 0.34141, precision@k is 0.09091, mrr is 1.00000
---- item 51: map is 0.29249, precision@k is 0.09091, mrr is 1.00000
---- item 101: map is 0.52222, precision@k is 0.09091, mrr is 1.00000
---- item 151: map is 0.36654, precision@k is 0.09091, mrr is 1.00000
---- item 201: map is 0.34270, precision@k is 0.09091, mrr is 1.00000
---- item 251: map is 0.01152, precision@k is 0.00000, mrr is 0.00885
---- item 301: map is 0.25875, precision@k is 0.09091, mrr is 1.00000
---- item 351: map is 0.51724, precision@k is 0.09091, mrr is 1.00000
---- item 401: map is 0.03706, precision@k is 0.00000, mrr is 0.02857
---- item 451: map is 0.37166, precision@k is 0.09091, mrr is 1.00000
---- item 501: map is 0.01284, precision@k is 0.00000, mrr is 0.01370
---- item 551: map is 0.59091, precision@k is 0.09091, mrr is 1.00000
---- item 601: map is 0.02894, precision@k is 0.00000, mrr is 0.03226
---- item 651: map is 0.02720, precision@k is 0.00000, mrr is 0.04762
---- item 701: map is 0.34058, precision@k is 0.09091, mrr is 1.00000
---- item 751: map is 0.00453, precision@k is 0.00000, mrr is 0.00280
---- item 801: map is 0.36721, precision@k is 0.09091, mrr is 1.00000
---- item 851: map is 0.03880, precision@k is 0.00000, mrr is 0.03571
[Stat]ETBIR_User model, Embed mode item tagging: Precision@K is 0.09460, MAP is: 0.28951, MRR is: 0.77561, in top 10 tags
266 users are loaded from /home/ll5fy/TUIR/dataset/yelp/byUser_70k_review/5foldsCVColdstart/2/...
260 users are loaded from /home/ll5fy/TUIR/dataset/yelp/byUser_70k_review/5foldsCVColdstart/0/...
244 users are loaded from /home/ll5fy/TUIR/dataset/yelp/byUser_70k_review/5foldsCVColdstart/1/...
264 users are loaded from /home/ll5fy/TUIR/dataset/yelp/byUser_70k_review/5foldsCVColdstart/3/...
256 users are loaded from /home/ll5fy/TUIR/dataset/yelp/byUser_70k_review/5foldsCVColdstart/4/...
[Info]Finish loading 861 items' weights in total 156639 items!
[Info]Begin tagging 861 items with ETBIR_User Embed............
---- item 1: map is 0.34356, precision@k is 0.09091, mrr is 1.00000
---- item 51: map is 0.27473, precision@k is 0.09091, mrr is 1.00000
---- item 101: map is 0.52128, precision@k is 0.09091, mrr is 1.00000
---- item 151: map is 0.36738, precision@k is 0.09091, mrr is 1.00000
---- item 201: map is 0.34378, precision@k is 0.09091, mrr is 1.00000
---- item 251: map is 0.00739, precision@k is 0.00000, mrr is 0.00588
---- item 301: map is 0.26048, precision@k is 0.09091, mrr is 1.00000
---- item 351: map is 0.51538, precision@k is 0.09091, mrr is 1.00000
---- item 401: map is 0.03039, precision@k is 0.00000, mrr is 0.02439
---- item 451: map is 0.37868, precision@k is 0.09091, mrr is 1.00000
---- item 501: map is 0.01283, precision@k is 0.00000, mrr is 0.01299
---- item 551: map is 0.66667, precision@k is 0.33333, mrr is 1.00000
---- item 601: map is 0.02328, precision@k is 0.00000, mrr is 0.01429
---- item 651: map is 0.03662, precision@k is 0.09091, mrr is 0.11111
---- item 701: map is 0.33972, precision@k is 0.09091, mrr is 1.00000
---- item 751: map is 0.00477, precision@k is 0.00000, mrr is 0.00299
---- item 801: map is 0.35194, precision@k is 0.09091, mrr is 1.00000
---- item 851: map is 0.05874, precision@k is 0.00000, mrr is 0.09091
[Stat]ETBIR_User model, Embed mode item tagging: Precision@K is 0.09548, MAP is: 0.28786, MRR is: 0.77537, in top 10 tags
264 users are loaded from /home/ll5fy/TUIR/dataset/yelp/byUser_70k_review/5foldsCVColdstart/3/...
260 users are loaded from /home/ll5fy/TUIR/dataset/yelp/byUser_70k_review/5foldsCVColdstart/0/...
244 users are loaded from /home/ll5fy/TUIR/dataset/yelp/byUser_70k_review/5foldsCVColdstart/1/...
266 users are loaded from /home/ll5fy/TUIR/dataset/yelp/byUser_70k_review/5foldsCVColdstart/2/...
256 users are loaded from /home/ll5fy/TUIR/dataset/yelp/byUser_70k_review/5foldsCVColdstart/4/...
[Info]Finish loading 861 items' weights in total 156639 items!
[Info]Begin tagging 861 items with ETBIR_User Embed............
---- item 1: map is 0.34228, precision@k is 0.09091, mrr is 1.00000
---- item 51: map is 0.28566, precision@k is 0.09091, mrr is 1.00000
---- item 101: map is 0.61111, precision@k is 0.22222, mrr is 1.00000
---- item 151: map is 0.36906, precision@k is 0.09091, mrr is 1.00000
---- item 201: map is 0.34483, precision@k is 0.09091, mrr is 1.00000
---- item 251: map is 0.50429, precision@k is 0.09091, mrr is 1.00000
---- item 301: map is 0.25742, precision@k is 0.09091, mrr is 1.00000
---- item 351: map is 0.51818, precision@k is 0.09091, mrr is 1.00000
---- item 401: map is 0.03024, precision@k is 0.00000, mrr is 0.02500
---- item 451: map is 0.35238, precision@k is 0.09091, mrr is 1.00000
---- item 501: map is 0.01108, precision@k is 0.00000, mrr is 0.01031
---- item 551: map is 0.59091, precision@k is 0.09091, mrr is 1.00000
---- item 601: map is 0.02318, precision@k is 0.00000, mrr is 0.01852
---- item 651: map is 0.03002, precision@k is 0.00000, mrr is 0.07143
---- item 701: map is 0.34318, precision@k is 0.09091, mrr is 1.00000
---- item 751: map is 0.00439, precision@k is 0.00000, mrr is 0.00294
---- item 801: map is 0.34818, precision@k is 0.09091, mrr is 1.00000
---- item 851: map is 0.06096, precision@k is 0.00000, mrr is 0.07692
[Stat]ETBIR_User model, Embed mode item tagging: Precision@K is 0.09944, MAP is: 0.29520, MRR is: 0.77794, in top 10 tags
256 users are loaded from /home/ll5fy/TUIR/dataset/yelp/byUser_70k_review/5foldsCVColdstart/4/...
260 users are loaded from /home/ll5fy/TUIR/dataset/yelp/byUser_70k_review/5foldsCVColdstart/0/...
244 users are loaded from /home/ll5fy/TUIR/dataset/yelp/byUser_70k_review/5foldsCVColdstart/1/...
266 users are loaded from /home/ll5fy/TUIR/dataset/yelp/byUser_70k_review/5foldsCVColdstart/2/...
264 users are loaded from /home/ll5fy/TUIR/dataset/yelp/byUser_70k_review/5foldsCVColdstart/3/...
[Info]Finish loading 861 items' weights in total 156639 items!
[Info]Begin tagging 861 items with ETBIR_User Embed............
---- item 1: map is 0.31630, precision@k is 0.09091, mrr is 1.00000
---- item 51: map is 0.27719, precision@k is 0.09091, mrr is 1.00000
---- item 101: map is 0.70000, precision@k is 0.40000, mrr is 1.00000
---- item 151: map is 0.23467, precision@k is 0.09091, mrr is 1.00000
---- item 201: map is 0.34432, precision@k is 0.09091, mrr is 1.00000
---- item 251: map is 0.01380, precision@k is 0.00000, mrr is 0.00926
---- item 301: map is 0.26163, precision@k is 0.09091, mrr is 1.00000
---- item 351: map is 0.51235, precision@k is 0.09091, mrr is 1.00000
---- item 401: map is 0.03010, precision@k is 0.00000, mrr is 0.01923
---- item 451: map is 0.34893, precision@k is 0.09091, mrr is 1.00000
---- item 501: map is 0.01314, precision@k is 0.00000, mrr is 0.01493
---- item 551: map is 0.62500, precision@k is 0.25000, mrr is 1.00000
---- item 601: map is 0.02645, precision@k is 0.00000, mrr is 0.02000
---- item 651: map is 0.02516, precision@k is 0.00000, mrr is 0.04167
---- item 701: map is 0.34293, precision@k is 0.09091, mrr is 1.00000
---- item 751: map is 0.00433, precision@k is 0.00000, mrr is 0.00298
---- item 801: map is 0.35078, precision@k is 0.09091, mrr is 1.00000
---- item 851: map is 0.03300, precision@k is 0.00000, mrr is 0.02941
[Stat]ETBIR_User model, Embed mode item tagging: Precision@K is 0.09885, MAP is: 0.29264, MRR is: 0.77682, in top 10 tags

[Stat]Running time (seconds) 28.12100
[Stat]MAP 0.291+/-0.003
[Stat]MRR 0.776+/-0.001
[Stat]Precision 0.097+/-0.002
