Load 6134 2-gram new features from /home/ll5fy/TUIR/dataset/yelp/yelp_features.txt...
Load 6134 2-gram new features from /home/ll5fy/TUIR/dataset/yelp/yelp_features.txt...
[Info]Start FIXED cross validation...
[Info]Load 553 tags, with 6134 features.
260 users are loaded from /home/ll5fy/TUIR/dataset/yelp/byUser_70k_review/5foldsCVColdstart/0/...
244 users are loaded from /home/ll5fy/TUIR/dataset/yelp/byUser_70k_review/5foldsCVColdstart/1/...
266 users are loaded from /home/ll5fy/TUIR/dataset/yelp/byUser_70k_review/5foldsCVColdstart/2/...
264 users are loaded from /home/ll5fy/TUIR/dataset/yelp/byUser_70k_review/5foldsCVColdstart/3/...
256 users are loaded from /home/ll5fy/TUIR/dataset/yelp/byUser_70k_review/5foldsCVColdstart/4/...
[Info]Finish loading 861 items' weights in total 156639 items!
[Info]Begin tagging 861 items with ETBIR_User Interpolation............
---- item 1: map is 0.55826, precision@k is 0.18182, mrr is 1.00000
---- item 51: map is 0.37593, precision@k is 0.18182, mrr is 1.00000
---- item 101: map is 0.75000, precision@k is 0.50000, mrr is 1.00000
---- item 151: map is 0.15194, precision@k is 0.09091, mrr is 0.33333
---- item 201: map is 0.34341, precision@k is 0.09091, mrr is 1.00000
---- item 251: map is 0.19643, precision@k is 0.09091, mrr is 0.25000
---- item 301: map is 0.50511, precision@k is 0.18182, mrr is 1.00000
---- item 351: map is 0.83333, precision@k is 0.66667, mrr is 1.00000
---- item 401: map is 0.17977, precision@k is 0.18182, mrr is 0.50000
---- item 451: map is 0.58187, precision@k is 0.18182, mrr is 1.00000
---- item 501: map is 0.34400, precision@k is 0.09091, mrr is 1.00000
---- item 551: map is 0.62500, precision@k is 0.25000, mrr is 1.00000
---- item 601: map is 0.02218, precision@k is 0.00000, mrr is 0.01587
---- item 651: map is 0.03287, precision@k is 0.00000, mrr is 0.08333
---- item 701: map is 0.34263, precision@k is 0.09091, mrr is 1.00000
---- item 751: map is 0.00447, precision@k is 0.00000, mrr is 0.00284
---- item 801: map is 0.41390, precision@k is 0.18182, mrr is 1.00000
---- item 851: map is 0.10175, precision@k is 0.09091, mrr is 0.25000
[Stat]ETBIR_User model, Interpolation mode item tagging: Precision@K is 0.20646, MAP is: 0.35834, MRR is: 0.67843, in top 10 tags
244 users are loaded from /home/ll5fy/TUIR/dataset/yelp/byUser_70k_review/5foldsCVColdstart/1/...
260 users are loaded from /home/ll5fy/TUIR/dataset/yelp/byUser_70k_review/5foldsCVColdstart/0/...
266 users are loaded from /home/ll5fy/TUIR/dataset/yelp/byUser_70k_review/5foldsCVColdstart/2/...
264 users are loaded from /home/ll5fy/TUIR/dataset/yelp/byUser_70k_review/5foldsCVColdstart/3/...
256 users are loaded from /home/ll5fy/TUIR/dataset/yelp/byUser_70k_review/5foldsCVColdstart/4/...
[Info]Finish loading 861 items' weights in total 156639 items!
[Info]Begin tagging 861 items with ETBIR_User Interpolation............
---- item 1: map is 0.55804, precision@k is 0.18182, mrr is 1.00000
---- item 51: map is 0.34952, precision@k is 0.18182, mrr is 1.00000
---- item 101: map is 0.64286, precision@k is 0.28571, mrr is 1.00000
---- item 151: map is 0.13803, precision@k is 0.09091, mrr is 0.20000
---- item 201: map is 0.34385, precision@k is 0.09091, mrr is 1.00000
---- item 251: map is 0.21591, precision@k is 0.09091, mrr is 0.25000
---- item 301: map is 0.50491, precision@k is 0.18182, mrr is 1.00000
---- item 351: map is 0.83333, precision@k is 0.66667, mrr is 1.00000
---- item 401: map is 0.31651, precision@k is 0.27273, mrr is 0.50000
---- item 451: map is 0.52500, precision@k is 0.18182, mrr is 1.00000
---- item 501: map is 0.34599, precision@k is 0.09091, mrr is 1.00000
---- item 551: map is 0.58333, precision@k is 0.09091, mrr is 1.00000
---- item 601: map is 0.43446, precision@k is 0.18182, mrr is 1.00000
---- item 651: map is 0.03185, precision@k is 0.00000, mrr is 0.05882
---- item 701: map is 0.18592, precision@k is 0.09091, mrr is 0.50000
---- item 751: map is 0.00449, precision@k is 0.00000, mrr is 0.00277
---- item 801: map is 0.41445, precision@k is 0.18182, mrr is 1.00000
---- item 851: map is 0.11277, precision@k is 0.09091, mrr is 0.25000
[Stat]ETBIR_User model, Interpolation mode item tagging: Precision@K is 0.21986, MAP is: 0.36475, MRR is: 0.65220, in top 10 tags
266 users are loaded from /home/ll5fy/TUIR/dataset/yelp/byUser_70k_review/5foldsCVColdstart/2/...
260 users are loaded from /home/ll5fy/TUIR/dataset/yelp/byUser_70k_review/5foldsCVColdstart/0/...
244 users are loaded from /home/ll5fy/TUIR/dataset/yelp/byUser_70k_review/5foldsCVColdstart/1/...
264 users are loaded from /home/ll5fy/TUIR/dataset/yelp/byUser_70k_review/5foldsCVColdstart/3/...
256 users are loaded from /home/ll5fy/TUIR/dataset/yelp/byUser_70k_review/5foldsCVColdstart/4/...
[Info]Finish loading 861 items' weights in total 156639 items!
[Info]Begin tagging 861 items with ETBIR_User Interpolation............
---- item 1: map is 0.67193, precision@k is 0.18182, mrr is 1.00000
---- item 51: map is 0.33256, precision@k is 0.09091, mrr is 1.00000
---- item 101: map is 0.62500, precision@k is 0.25000, mrr is 1.00000
---- item 151: map is 0.11759, precision@k is 0.18182, mrr is 0.12500
---- item 201: map is 0.34301, precision@k is 0.09091, mrr is 1.00000
---- item 251: map is 0.22500, precision@k is 0.20000, mrr is 0.25000
---- item 301: map is 0.50512, precision@k is 0.18182, mrr is 1.00000
---- item 351: map is 1.00000, precision@k is 1.00000, mrr is 1.00000
---- item 401: map is 0.35077, precision@k is 0.27273, mrr is 0.50000
---- item 451: map is 0.52128, precision@k is 0.18182, mrr is 1.00000
---- item 501: map is 0.34399, precision@k is 0.09091, mrr is 1.00000
---- item 551: map is 0.57692, precision@k is 0.09091, mrr is 1.00000
---- item 601: map is 0.43719, precision@k is 0.18182, mrr is 1.00000
---- item 651: map is 0.03688, precision@k is 0.00000, mrr is 0.04545
---- item 701: map is 0.14044, precision@k is 0.09091, mrr is 0.33333
---- item 751: map is 0.00442, precision@k is 0.00000, mrr is 0.00270
---- item 801: map is 0.41382, precision@k is 0.18182, mrr is 1.00000
---- item 851: map is 0.10925, precision@k is 0.09091, mrr is 0.25000
[Stat]ETBIR_User model, Interpolation mode item tagging: Precision@K is 0.21854, MAP is: 0.36291, MRR is: 0.64620, in top 10 tags
264 users are loaded from /home/ll5fy/TUIR/dataset/yelp/byUser_70k_review/5foldsCVColdstart/3/...
260 users are loaded from /home/ll5fy/TUIR/dataset/yelp/byUser_70k_review/5foldsCVColdstart/0/...
244 users are loaded from /home/ll5fy/TUIR/dataset/yelp/byUser_70k_review/5foldsCVColdstart/1/...
266 users are loaded from /home/ll5fy/TUIR/dataset/yelp/byUser_70k_review/5foldsCVColdstart/2/...
256 users are loaded from /home/ll5fy/TUIR/dataset/yelp/byUser_70k_review/5foldsCVColdstart/4/...
[Info]Finish loading 861 items' weights in total 156639 items!
[Info]Begin tagging 861 items with ETBIR_User Interpolation............
---- item 1: map is 0.68095, precision@k is 0.18182, mrr is 1.00000
---- item 51: map is 0.36317, precision@k is 0.09091, mrr is 1.00000
---- item 101: map is 0.62500, precision@k is 0.25000, mrr is 1.00000
---- item 151: map is 0.12540, precision@k is 0.09091, mrr is 0.20000
---- item 201: map is 0.34352, precision@k is 0.09091, mrr is 1.00000
---- item 251: map is 0.41667, precision@k is 0.50000, mrr is 0.33333
---- item 301: map is 0.50467, precision@k is 0.18182, mrr is 1.00000
---- item 351: map is 1.00000, precision@k is 1.00000, mrr is 1.00000
---- item 401: map is 0.34938, precision@k is 0.27273, mrr is 0.50000
---- item 451: map is 0.41754, precision@k is 0.18182, mrr is 1.00000
---- item 501: map is 0.34379, precision@k is 0.09091, mrr is 1.00000
---- item 551: map is 0.56667, precision@k is 0.09091, mrr is 1.00000
---- item 601: map is 0.43830, precision@k is 0.18182, mrr is 1.00000
---- item 651: map is 0.04449, precision@k is 0.00000, mrr is 0.03846
---- item 701: map is 0.14797, precision@k is 0.09091, mrr is 0.33333
---- item 751: map is 0.00434, precision@k is 0.00000, mrr is 0.00278
---- item 801: map is 0.41487, precision@k is 0.18182, mrr is 1.00000
---- item 851: map is 0.10716, precision@k is 0.09091, mrr is 0.25000
[Stat]ETBIR_User model, Interpolation mode item tagging: Precision@K is 0.21227, MAP is: 0.35992, MRR is: 0.64386, in top 10 tags
256 users are loaded from /home/ll5fy/TUIR/dataset/yelp/byUser_70k_review/5foldsCVColdstart/4/...
260 users are loaded from /home/ll5fy/TUIR/dataset/yelp/byUser_70k_review/5foldsCVColdstart/0/...
244 users are loaded from /home/ll5fy/TUIR/dataset/yelp/byUser_70k_review/5foldsCVColdstart/1/...
266 users are loaded from /home/ll5fy/TUIR/dataset/yelp/byUser_70k_review/5foldsCVColdstart/2/...
264 users are loaded from /home/ll5fy/TUIR/dataset/yelp/byUser_70k_review/5foldsCVColdstart/3/...
[Info]Finish loading 861 items' weights in total 156639 items!
[Info]Begin tagging 861 items with ETBIR_User Interpolation............
---- item 1: map is 0.74702, precision@k is 0.57143, mrr is 1.00000
---- item 51: map is 0.35532, precision@k is 0.09091, mrr is 1.00000
---- item 101: map is 0.62500, precision@k is 0.25000, mrr is 1.00000
---- item 151: map is 0.49594, precision@k is 0.27273, mrr is 1.00000
---- item 201: map is 0.34334, precision@k is 0.09091, mrr is 1.00000
---- item 251: map is 0.22500, precision@k is 0.20000, mrr is 0.25000
---- item 301: map is 0.50553, precision@k is 0.18182, mrr is 1.00000
---- item 351: map is 1.00000, precision@k is 1.00000, mrr is 1.00000
---- item 401: map is 0.34961, precision@k is 0.27273, mrr is 0.50000
---- item 451: map is 0.40425, precision@k is 0.09091, mrr is 1.00000
---- item 501: map is 0.34367, precision@k is 0.09091, mrr is 1.00000
---- item 551: map is 0.55882, precision@k is 0.09091, mrr is 1.00000
---- item 601: map is 0.44058, precision@k is 0.18182, mrr is 1.00000
---- item 651: map is 0.04771, precision@k is 0.00000, mrr is 0.03846
---- item 701: map is 0.16716, precision@k is 0.09091, mrr is 0.33333
---- item 751: map is 0.00428, precision@k is 0.00000, mrr is 0.00274
---- item 801: map is 0.41516, precision@k is 0.18182, mrr is 1.00000
---- item 851: map is 0.10448, precision@k is 0.09091, mrr is 0.25000
[Stat]ETBIR_User model, Interpolation mode item tagging: Precision@K is 0.21271, MAP is: 0.36015, MRR is: 0.64208, in top 10 tags

[Stat]Running time (seconds) 361.52500
[Stat]MAP 0.361+/-0.002
[Stat]MRR 0.653+/-0.013
[Stat]Precision 0.214+/-0.005
