Load 6134 2-gram new features from /home/ll5fy/TUIR/dataset/yelp/yelp_features.txt...
Load 6134 2-gram new features from /home/ll5fy/TUIR/dataset/yelp/yelp_features.txt...
[Info]Start FIXED cross validation...
[Info]Load 553 tags, with 6134 features.
260 users are loaded from /home/ll5fy/TUIR/dataset/yelp/byUser_70k_review/5foldsCVColdstart/0/...
244 users are loaded from /home/ll5fy/TUIR/dataset/yelp/byUser_70k_review/5foldsCVColdstart/1/...
266 users are loaded from /home/ll5fy/TUIR/dataset/yelp/byUser_70k_review/5foldsCVColdstart/2/...
264 users are loaded from /home/ll5fy/TUIR/dataset/yelp/byUser_70k_review/5foldsCVColdstart/3/...
256 users are loaded from /home/ll5fy/TUIR/dataset/yelp/byUser_70k_review/5foldsCVColdstart/4/...
[Info]Finish loading 861 items' weights in total 156639 items!
[Info]Begin tagging 861 items with ETBIR_User Interpolation............
---- item 1: map is 0.35190, precision@k is 0.09091, mrr is 1.00000
---- item 51: map is 0.56351, precision@k is 0.18182, mrr is 1.00000
---- item 101: map is 1.00000, precision@k is 1.00000, mrr is 1.00000
---- item 151: map is 0.37299, precision@k is 0.09091, mrr is 1.00000
---- item 201: map is 0.34703, precision@k is 0.09091, mrr is 1.00000
---- item 251: map is 0.00928, precision@k is 0.00000, mrr is 0.00752
---- item 301: map is 0.29180, precision@k is 0.09091, mrr is 1.00000
---- item 351: map is 0.51389, precision@k is 0.09091, mrr is 1.00000
---- item 401: map is 0.07413, precision@k is 0.09091, mrr is 0.25000
---- item 451: map is 0.69298, precision@k is 0.18182, mrr is 1.00000
---- item 501: map is 0.05441, precision@k is 0.09091, mrr is 0.12500
---- item 551: map is 1.00000, precision@k is 1.00000, mrr is 1.00000
---- item 601: map is 0.02326, precision@k is 0.00000, mrr is 0.02000
---- item 651: map is 0.02643, precision@k is 0.00000, mrr is 0.03448
---- item 701: map is 0.34436, precision@k is 0.09091, mrr is 1.00000
---- item 751: map is 0.00430, precision@k is 0.00000, mrr is 0.00281
---- item 801: map is 0.38393, precision@k is 0.09091, mrr is 1.00000
---- item 851: map is 0.06295, precision@k is 0.09091, mrr is 0.16667
[Stat]ETBIR_User model, Interpolation mode item tagging: Precision@K is 0.16555, MAP is: 0.34714, MRR is: 0.75043, in top 10 tags
244 users are loaded from /home/ll5fy/TUIR/dataset/yelp/byUser_70k_review/5foldsCVColdstart/1/...
260 users are loaded from /home/ll5fy/TUIR/dataset/yelp/byUser_70k_review/5foldsCVColdstart/0/...
266 users are loaded from /home/ll5fy/TUIR/dataset/yelp/byUser_70k_review/5foldsCVColdstart/2/...
264 users are loaded from /home/ll5fy/TUIR/dataset/yelp/byUser_70k_review/5foldsCVColdstart/3/...
256 users are loaded from /home/ll5fy/TUIR/dataset/yelp/byUser_70k_review/5foldsCVColdstart/4/...
[Info]Finish loading 861 items' weights in total 156639 items!
[Info]Begin tagging 861 items with ETBIR_User Interpolation............
---- item 1: map is 0.35247, precision@k is 0.09091, mrr is 1.00000
---- item 51: map is 0.55791, precision@k is 0.18182, mrr is 1.00000
---- item 101: map is 1.00000, precision@k is 1.00000, mrr is 1.00000
---- item 151: map is 0.20225, precision@k is 0.09091, mrr is 0.50000
---- item 201: map is 0.34604, precision@k is 0.09091, mrr is 1.00000
---- item 251: map is 0.01705, precision@k is 0.00000, mrr is 0.02041
---- item 301: map is 0.50639, precision@k is 0.18182, mrr is 1.00000
---- item 351: map is 0.52174, precision@k is 0.09091, mrr is 1.00000
---- item 401: map is 0.15911, precision@k is 0.18182, mrr is 0.50000
---- item 451: map is 0.58258, precision@k is 0.18182, mrr is 1.00000
---- item 501: map is 0.03633, precision@k is 0.00000, mrr is 0.07143
---- item 551: map is 1.00000, precision@k is 1.00000, mrr is 1.00000
---- item 601: map is 0.31476, precision@k is 0.18182, mrr is 1.00000
---- item 651: map is 0.02999, precision@k is 0.00000, mrr is 0.06250
---- item 701: map is 0.18018, precision@k is 0.09091, mrr is 0.50000
---- item 751: map is 0.00442, precision@k is 0.00000, mrr is 0.00285
---- item 801: map is 0.35869, precision@k is 0.09091, mrr is 1.00000
---- item 851: map is 0.06773, precision@k is 0.09091, mrr is 0.20000
[Stat]ETBIR_User model, Interpolation mode item tagging: Precision@K is 0.20024, MAP is: 0.36968, MRR is: 0.74137, in top 10 tags
266 users are loaded from /home/ll5fy/TUIR/dataset/yelp/byUser_70k_review/5foldsCVColdstart/2/...
260 users are loaded from /home/ll5fy/TUIR/dataset/yelp/byUser_70k_review/5foldsCVColdstart/0/...
244 users are loaded from /home/ll5fy/TUIR/dataset/yelp/byUser_70k_review/5foldsCVColdstart/1/...
264 users are loaded from /home/ll5fy/TUIR/dataset/yelp/byUser_70k_review/5foldsCVColdstart/3/...
256 users are loaded from /home/ll5fy/TUIR/dataset/yelp/byUser_70k_review/5foldsCVColdstart/4/...
[Info]Finish loading 861 items' weights in total 156639 items!
[Info]Begin tagging 861 items with ETBIR_User Interpolation............
---- item 1: map is 0.35918, precision@k is 0.09091, mrr is 1.00000
---- item 51: map is 0.54609, precision@k is 0.18182, mrr is 1.00000
---- item 101: map is 1.00000, precision@k is 1.00000, mrr is 1.00000
---- item 151: map is 0.20205, precision@k is 0.09091, mrr is 0.50000
---- item 201: map is 0.34504, precision@k is 0.09091, mrr is 1.00000
---- item 251: map is 0.04919, precision@k is 0.00000, mrr is 0.08333
---- item 301: map is 0.50658, precision@k is 0.18182, mrr is 1.00000
---- item 351: map is 0.51786, precision@k is 0.09091, mrr is 1.00000
---- item 401: map is 0.22681, precision@k is 0.18182, mrr is 0.50000
---- item 451: map is 0.58187, precision@k is 0.18182, mrr is 1.00000
---- item 501: map is 0.34492, precision@k is 0.09091, mrr is 1.00000
---- item 551: map is 1.00000, precision@k is 1.00000, mrr is 1.00000
---- item 601: map is 0.43234, precision@k is 0.18182, mrr is 1.00000
---- item 651: map is 0.02916, precision@k is 0.00000, mrr is 0.06667
---- item 701: map is 0.18197, precision@k is 0.09091, mrr is 0.50000
---- item 751: map is 0.00437, precision@k is 0.00000, mrr is 0.00275
---- item 801: map is 0.35851, precision@k is 0.09091, mrr is 1.00000
---- item 851: map is 0.07732, precision@k is 0.09091, mrr is 0.25000
[Stat]ETBIR_User model, Interpolation mode item tagging: Precision@K is 0.20859, MAP is: 0.37585, MRR is: 0.72894, in top 10 tags
264 users are loaded from /home/ll5fy/TUIR/dataset/yelp/byUser_70k_review/5foldsCVColdstart/3/...
260 users are loaded from /home/ll5fy/TUIR/dataset/yelp/byUser_70k_review/5foldsCVColdstart/0/...
244 users are loaded from /home/ll5fy/TUIR/dataset/yelp/byUser_70k_review/5foldsCVColdstart/1/...
266 users are loaded from /home/ll5fy/TUIR/dataset/yelp/byUser_70k_review/5foldsCVColdstart/2/...
256 users are loaded from /home/ll5fy/TUIR/dataset/yelp/byUser_70k_review/5foldsCVColdstart/4/...
[Info]Finish loading 861 items' weights in total 156639 items!
[Info]Begin tagging 861 items with ETBIR_User Interpolation............
---- item 1: map is 0.37232, precision@k is 0.09091, mrr is 1.00000
---- item 51: map is 0.56203, precision@k is 0.18182, mrr is 1.00000
---- item 101: map is 0.83333, precision@k is 0.66667, mrr is 1.00000
---- item 151: map is 0.19861, precision@k is 0.09091, mrr is 0.50000
---- item 201: map is 0.34672, precision@k is 0.09091, mrr is 1.00000
---- item 251: map is 0.50654, precision@k is 0.09091, mrr is 1.00000
---- item 301: map is 0.50495, precision@k is 0.18182, mrr is 1.00000
---- item 351: map is 0.52941, precision@k is 0.09091, mrr is 1.00000
---- item 401: map is 0.28062, precision@k is 0.18182, mrr is 0.50000
---- item 451: map is 0.49167, precision@k is 0.18182, mrr is 1.00000
---- item 501: map is 0.34657, precision@k is 0.09091, mrr is 1.00000
---- item 551: map is 1.00000, precision@k is 1.00000, mrr is 1.00000
---- item 601: map is 0.43374, precision@k is 0.18182, mrr is 1.00000
---- item 651: map is 0.02988, precision@k is 0.00000, mrr is 0.06250
---- item 701: map is 0.17724, precision@k is 0.09091, mrr is 0.50000
---- item 751: map is 0.00427, precision@k is 0.00000, mrr is 0.00268
---- item 801: map is 0.36691, precision@k is 0.09091, mrr is 1.00000
---- item 851: map is 0.07619, precision@k is 0.09091, mrr is 0.25000
[Stat]ETBIR_User model, Interpolation mode item tagging: Precision@K is 0.21236, MAP is: 0.37678, MRR is: 0.71748, in top 10 tags
256 users are loaded from /home/ll5fy/TUIR/dataset/yelp/byUser_70k_review/5foldsCVColdstart/4/...
260 users are loaded from /home/ll5fy/TUIR/dataset/yelp/byUser_70k_review/5foldsCVColdstart/0/...
244 users are loaded from /home/ll5fy/TUIR/dataset/yelp/byUser_70k_review/5foldsCVColdstart/1/...
266 users are loaded from /home/ll5fy/TUIR/dataset/yelp/byUser_70k_review/5foldsCVColdstart/2/...
264 users are loaded from /home/ll5fy/TUIR/dataset/yelp/byUser_70k_review/5foldsCVColdstart/3/...
[Info]Finish loading 861 items' weights in total 156639 items!
[Info]Begin tagging 861 items with ETBIR_User Interpolation............
---- item 1: map is 0.62381, precision@k is 0.40000, mrr is 1.00000
---- item 51: map is 0.62277, precision@k is 0.27273, mrr is 1.00000
---- item 101: map is 0.83333, precision@k is 0.66667, mrr is 1.00000
---- item 151: map is 0.51049, precision@k is 0.27273, mrr is 1.00000
---- item 201: map is 0.34656, precision@k is 0.09091, mrr is 1.00000
---- item 251: map is 0.10787, precision@k is 0.09091, mrr is 0.20000
---- item 301: map is 0.50600, precision@k is 0.18182, mrr is 1.00000
---- item 351: map is 0.54348, precision@k is 0.09091, mrr is 1.00000
---- item 401: map is 0.30809, precision@k is 0.27273, mrr is 0.50000
---- item 451: map is 0.48452, precision@k is 0.18182, mrr is 1.00000
---- item 501: map is 0.34689, precision@k is 0.09091, mrr is 1.00000
---- item 551: map is 1.00000, precision@k is 1.00000, mrr is 1.00000
---- item 601: map is 0.43256, precision@k is 0.18182, mrr is 1.00000
---- item 651: map is 0.03318, precision@k is 0.00000, mrr is 0.08333
---- item 701: map is 0.17638, precision@k is 0.09091, mrr is 0.50000
---- item 751: map is 0.00442, precision@k is 0.00000, mrr is 0.00287
---- item 801: map is 0.36141, precision@k is 0.09091, mrr is 1.00000
---- item 851: map is 0.08075, precision@k is 0.09091, mrr is 0.25000
[Stat]ETBIR_User model, Interpolation mode item tagging: Precision@K is 0.22225, MAP is: 0.38098, MRR is: 0.70767, in top 10 tags

[Stat]Running time (seconds) 364.72000
[Stat]MAP 0.370+/-0.012
[Stat]MRR 0.729+/-0.015
[Stat]Precision 0.202+/-0.019
