Load 6134 2-gram new features from /home/ll5fy/TUIR/dataset/yelp/yelp_features.txt...
Load 6134 2-gram new features from /home/ll5fy/TUIR/dataset/yelp/yelp_features.txt...
[Info]Start FIXED cross validation...
[Info]Load 553 tags, with 6134 features.
260 users are loaded from /home/ll5fy/TUIR/dataset/yelp/byUser_70k_review/5foldsCVColdstart/0/...
244 users are loaded from /home/ll5fy/TUIR/dataset/yelp/byUser_70k_review/5foldsCVColdstart/1/...
266 users are loaded from /home/ll5fy/TUIR/dataset/yelp/byUser_70k_review/5foldsCVColdstart/2/...
264 users are loaded from /home/ll5fy/TUIR/dataset/yelp/byUser_70k_review/5foldsCVColdstart/3/...
256 users are loaded from /home/ll5fy/TUIR/dataset/yelp/byUser_70k_review/5foldsCVColdstart/4/...
[Info]Finish loading 861 items' weights in total 156639 items!
[Info]Begin tagging 861 items with ETBIR_User Embed............
---- item 1: map is 0.34389, precision@k is 0.09091, mrr is 1.00000
---- item 51: map is 0.30329, precision@k is 0.09091, mrr is 1.00000
---- item 101: map is 0.55263, precision@k is 0.09091, mrr is 1.00000
---- item 151: map is 0.36679, precision@k is 0.09091, mrr is 1.00000
---- item 201: map is 0.34379, precision@k is 0.09091, mrr is 1.00000
---- item 251: map is 0.01110, precision@k is 0.00000, mrr is 0.00781
---- item 301: map is 0.25909, precision@k is 0.09091, mrr is 1.00000
---- item 351: map is 0.51205, precision@k is 0.09091, mrr is 1.00000
---- item 401: map is 0.03287, precision@k is 0.00000, mrr is 0.03226
---- item 451: map is 0.36866, precision@k is 0.09091, mrr is 1.00000
---- item 501: map is 0.01154, precision@k is 0.00000, mrr is 0.01053
---- item 551: map is 0.61111, precision@k is 0.22222, mrr is 1.00000
---- item 601: map is 0.02218, precision@k is 0.00000, mrr is 0.01587
---- item 651: map is 0.03287, precision@k is 0.00000, mrr is 0.08333
---- item 701: map is 0.34263, precision@k is 0.09091, mrr is 1.00000
---- item 751: map is 0.00454, precision@k is 0.00000, mrr is 0.00295
---- item 801: map is 0.35380, precision@k is 0.09091, mrr is 1.00000
---- item 851: map is 0.04781, precision@k is 0.00000, mrr is 0.06667
[Stat]ETBIR_User model, Embed mode item tagging: Precision@K is 0.10247, MAP is: 0.29651, MRR is: 0.77720, in top 10 tags
244 users are loaded from /home/ll5fy/TUIR/dataset/yelp/byUser_70k_review/5foldsCVColdstart/1/...
260 users are loaded from /home/ll5fy/TUIR/dataset/yelp/byUser_70k_review/5foldsCVColdstart/0/...
266 users are loaded from /home/ll5fy/TUIR/dataset/yelp/byUser_70k_review/5foldsCVColdstart/2/...
264 users are loaded from /home/ll5fy/TUIR/dataset/yelp/byUser_70k_review/5foldsCVColdstart/3/...
256 users are loaded from /home/ll5fy/TUIR/dataset/yelp/byUser_70k_review/5foldsCVColdstart/4/...
[Info]Finish loading 861 items' weights in total 156639 items!
[Info]Begin tagging 861 items with ETBIR_User Embed............
---- item 1: map is 0.34629, precision@k is 0.09091, mrr is 1.00000
---- item 51: map is 0.27999, precision@k is 0.09091, mrr is 1.00000
---- item 101: map is 0.61111, precision@k is 0.22222, mrr is 1.00000
---- item 151: map is 0.36205, precision@k is 0.09091, mrr is 1.00000
---- item 201: map is 0.34460, precision@k is 0.09091, mrr is 1.00000
---- item 251: map is 0.01197, precision@k is 0.00000, mrr is 0.00806
---- item 301: map is 0.25811, precision@k is 0.09091, mrr is 1.00000
---- item 351: map is 0.51429, precision@k is 0.09091, mrr is 1.00000
---- item 401: map is 0.04563, precision@k is 0.00000, mrr is 0.05263
---- item 451: map is 0.36378, precision@k is 0.09091, mrr is 1.00000
---- item 501: map is 0.01382, precision@k is 0.00000, mrr is 0.01124
---- item 551: map is 0.66667, precision@k is 0.33333, mrr is 1.00000
---- item 601: map is 0.02542, precision@k is 0.00000, mrr is 0.02564
---- item 651: map is 0.04543, precision@k is 0.09091, mrr is 0.16667
---- item 701: map is 0.34313, precision@k is 0.09091, mrr is 1.00000
---- item 751: map is 0.00457, precision@k is 0.00000, mrr is 0.00290
---- item 801: map is 0.35213, precision@k is 0.09091, mrr is 1.00000
---- item 851: map is 0.06631, precision@k is 0.09091, mrr is 0.10000
[Stat]ETBIR_User model, Embed mode item tagging: Precision@K is 0.10001, MAP is: 0.29637, MRR is: 0.77954, in top 10 tags
266 users are loaded from /home/ll5fy/TUIR/dataset/yelp/byUser_70k_review/5foldsCVColdstart/2/...
260 users are loaded from /home/ll5fy/TUIR/dataset/yelp/byUser_70k_review/5foldsCVColdstart/0/...
244 users are loaded from /home/ll5fy/TUIR/dataset/yelp/byUser_70k_review/5foldsCVColdstart/1/...
264 users are loaded from /home/ll5fy/TUIR/dataset/yelp/byUser_70k_review/5foldsCVColdstart/3/...
256 users are loaded from /home/ll5fy/TUIR/dataset/yelp/byUser_70k_review/5foldsCVColdstart/4/...
[Info]Finish loading 861 items' weights in total 156639 items!
[Info]Begin tagging 861 items with ETBIR_User Embed............
---- item 1: map is 0.34126, precision@k is 0.09091, mrr is 1.00000
---- item 51: map is 0.27628, precision@k is 0.09091, mrr is 1.00000
---- item 101: map is 0.70000, precision@k is 0.40000, mrr is 1.00000
---- item 151: map is 0.36046, precision@k is 0.09091, mrr is 1.00000
---- item 201: map is 0.34354, precision@k is 0.09091, mrr is 1.00000
---- item 251: map is 0.01161, precision@k is 0.00000, mrr is 0.00840
---- item 301: map is 0.26094, precision@k is 0.09091, mrr is 1.00000
---- item 351: map is 0.51220, precision@k is 0.09091, mrr is 1.00000
---- item 401: map is 0.04979, precision@k is 0.00000, mrr is 0.06250
---- item 451: map is 0.36340, precision@k is 0.09091, mrr is 1.00000
---- item 501: map is 0.01168, precision@k is 0.00000, mrr is 0.01124
---- item 551: map is 0.56667, precision@k is 0.09091, mrr is 1.00000
---- item 601: map is 0.02856, precision@k is 0.00000, mrr is 0.02326
---- item 651: map is 0.03515, precision@k is 0.09091, mrr is 0.11111
---- item 701: map is 0.34095, precision@k is 0.09091, mrr is 1.00000
---- item 751: map is 0.00449, precision@k is 0.00000, mrr is 0.00282
---- item 801: map is 0.34813, precision@k is 0.09091, mrr is 1.00000
---- item 851: map is 0.05588, precision@k is 0.00000, mrr is 0.06667
[Stat]ETBIR_User model, Embed mode item tagging: Precision@K is 0.09883, MAP is: 0.29462, MRR is: 0.77801, in top 10 tags
264 users are loaded from /home/ll5fy/TUIR/dataset/yelp/byUser_70k_review/5foldsCVColdstart/3/...
260 users are loaded from /home/ll5fy/TUIR/dataset/yelp/byUser_70k_review/5foldsCVColdstart/0/...
244 users are loaded from /home/ll5fy/TUIR/dataset/yelp/byUser_70k_review/5foldsCVColdstart/1/...
266 users are loaded from /home/ll5fy/TUIR/dataset/yelp/byUser_70k_review/5foldsCVColdstart/2/...
256 users are loaded from /home/ll5fy/TUIR/dataset/yelp/byUser_70k_review/5foldsCVColdstart/4/...
[Info]Finish loading 861 items' weights in total 156639 items!
[Info]Begin tagging 861 items with ETBIR_User Embed............
---- item 1: map is 0.34309, precision@k is 0.09091, mrr is 1.00000
---- item 51: map is 0.30586, precision@k is 0.09091, mrr is 1.00000
---- item 101: map is 0.62500, precision@k is 0.25000, mrr is 1.00000
---- item 151: map is 0.40338, precision@k is 0.09091, mrr is 1.00000
---- item 201: map is 0.34445, precision@k is 0.09091, mrr is 1.00000
---- item 251: map is 0.50412, precision@k is 0.09091, mrr is 1.00000
---- item 301: map is 0.25764, precision@k is 0.09091, mrr is 1.00000
---- item 351: map is 0.51282, precision@k is 0.09091, mrr is 1.00000
---- item 401: map is 0.03671, precision@k is 0.00000, mrr is 0.03333
---- item 451: map is 0.36258, precision@k is 0.09091, mrr is 1.00000
---- item 501: map is 0.01198, precision@k is 0.00000, mrr is 0.01031
---- item 551: map is 0.62500, precision@k is 0.25000, mrr is 1.00000
---- item 601: map is 0.02337, precision@k is 0.00000, mrr is 0.01613
---- item 651: map is 0.02960, precision@k is 0.00000, mrr is 0.06250
---- item 701: map is 0.34057, precision@k is 0.09091, mrr is 1.00000
---- item 751: map is 0.00440, precision@k is 0.00000, mrr is 0.00290
---- item 801: map is 0.35360, precision@k is 0.09091, mrr is 1.00000
---- item 851: map is 0.05084, precision@k is 0.00000, mrr is 0.07143
[Stat]ETBIR_User model, Embed mode item tagging: Precision@K is 0.10285, MAP is: 0.29819, MRR is: 0.77711, in top 10 tags
256 users are loaded from /home/ll5fy/TUIR/dataset/yelp/byUser_70k_review/5foldsCVColdstart/4/...
260 users are loaded from /home/ll5fy/TUIR/dataset/yelp/byUser_70k_review/5foldsCVColdstart/0/...
244 users are loaded from /home/ll5fy/TUIR/dataset/yelp/byUser_70k_review/5foldsCVColdstart/1/...
266 users are loaded from /home/ll5fy/TUIR/dataset/yelp/byUser_70k_review/5foldsCVColdstart/2/...
264 users are loaded from /home/ll5fy/TUIR/dataset/yelp/byUser_70k_review/5foldsCVColdstart/3/...
[Info]Finish loading 861 items' weights in total 156639 items!
[Info]Begin tagging 861 items with ETBIR_User Embed............
---- item 1: map is 0.31530, precision@k is 0.09091, mrr is 1.00000
---- item 51: map is 0.29707, precision@k is 0.09091, mrr is 1.00000
---- item 101: map is 0.56250, precision@k is 0.09091, mrr is 1.00000
---- item 151: map is 0.25132, precision@k is 0.09091, mrr is 1.00000
---- item 201: map is 0.34391, precision@k is 0.09091, mrr is 1.00000
---- item 251: map is 0.00962, precision@k is 0.00000, mrr is 0.00690
---- item 301: map is 0.25838, precision@k is 0.09091, mrr is 1.00000
---- item 351: map is 0.51538, precision@k is 0.09091, mrr is 1.00000
---- item 401: map is 0.04347, precision@k is 0.00000, mrr is 0.04167
---- item 451: map is 0.34892, precision@k is 0.09091, mrr is 1.00000
---- item 501: map is 0.01304, precision@k is 0.00000, mrr is 0.01176
---- item 551: map is 1.00000, precision@k is 1.00000, mrr is 1.00000
---- item 601: map is 0.02746, precision@k is 0.00000, mrr is 0.02564
---- item 651: map is 0.02985, precision@k is 0.00000, mrr is 0.07692
---- item 701: map is 0.34570, precision@k is 0.09091, mrr is 1.00000
---- item 751: map is 0.00436, precision@k is 0.00000, mrr is 0.00287
---- item 801: map is 0.35220, precision@k is 0.09091, mrr is 1.00000
---- item 851: map is 0.04695, precision@k is 0.00000, mrr is 0.07692
[Stat]ETBIR_User model, Embed mode item tagging: Precision@K is 0.10113, MAP is: 0.29618, MRR is: 0.77734, in top 10 tags

[Stat]Running time (seconds) 27.88100
[Stat]MAP 0.296+/-0.001
[Stat]MRR 0.778+/-0.001
[Stat]Precision 0.101+/-0.002
