Load 6134 2-gram new features from /home/ll5fy/TUIR/dataset/yelp/yelp_features.txt...
Load 6134 2-gram new features from /home/ll5fy/TUIR/dataset/yelp/yelp_features.txt...
[Info]Start FIXED cross validation...
[Info]Load 553 tags, with 6134 features.
260 users are loaded from /home/ll5fy/TUIR/dataset/yelp/byUser_70k_review/5foldsCVColdstart/0/...
244 users are loaded from /home/ll5fy/TUIR/dataset/yelp/byUser_70k_review/5foldsCVColdstart/1/...
266 users are loaded from /home/ll5fy/TUIR/dataset/yelp/byUser_70k_review/5foldsCVColdstart/2/...
264 users are loaded from /home/ll5fy/TUIR/dataset/yelp/byUser_70k_review/5foldsCVColdstart/3/...
256 users are loaded from /home/ll5fy/TUIR/dataset/yelp/byUser_70k_review/5foldsCVColdstart/4/...
[Info]Finish loading 722 items' weights in total 156639 items!
[Info]Begin tagging 722 items with CTM Embed............
---- item 1: map is 0.06158, precision@k is 0.09091, mrr is 0.16667
---- item 51: map is 0.08519, precision@k is 0.09091, mrr is 0.16667
---- item 101: map is 0.08716, precision@k is 0.09091, mrr is 0.16667
---- item 151: map is 0.06356, precision@k is 0.09091, mrr is 0.16667
---- item 201: map is 0.04926, precision@k is 0.09091, mrr is 0.16667
---- item 251: map is 0.08551, precision@k is 0.09091, mrr is 0.16667
---- item 301: map is 0.06077, precision@k is 0.09091, mrr is 0.16667
---- item 351: map is 0.04840, precision@k is 0.09091, mrr is 0.16667
---- item 401: map is 0.05618, precision@k is 0.09091, mrr is 0.16667
---- item 451: map is 0.04937, precision@k is 0.09091, mrr is 0.16667
---- item 501: map is 0.06023, precision@k is 0.09091, mrr is 0.16667
---- item 551: map is 0.06256, precision@k is 0.09091, mrr is 0.16667
---- item 601: map is 0.08597, precision@k is 0.09091, mrr is 0.16667
---- item 651: map is 0.27743, precision@k is 0.18182, mrr is 0.50000
---- item 701: map is 0.09009, precision@k is 0.09091, mrr is 0.16667
[Stat]CTM model, Embed mode item tagging: Precision@K is 0.08820, MAP is: 0.07756, MRR is: 0.17454, in top 10 tags
244 users are loaded from /home/ll5fy/TUIR/dataset/yelp/byUser_70k_review/5foldsCVColdstart/1/...
260 users are loaded from /home/ll5fy/TUIR/dataset/yelp/byUser_70k_review/5foldsCVColdstart/0/...
266 users are loaded from /home/ll5fy/TUIR/dataset/yelp/byUser_70k_review/5foldsCVColdstart/2/...
264 users are loaded from /home/ll5fy/TUIR/dataset/yelp/byUser_70k_review/5foldsCVColdstart/3/...
256 users are loaded from /home/ll5fy/TUIR/dataset/yelp/byUser_70k_review/5foldsCVColdstart/4/...
[Info]Finish loading 732 items' weights in total 156639 items!
[Info]Begin tagging 732 items with CTM Embed............
---- item 1: map is 0.34084, precision@k is 0.09091, mrr is 1.00000
---- item 51: map is 0.35501, precision@k is 0.09091, mrr is 1.00000
---- item 101: map is 0.34508, precision@k is 0.09091, mrr is 1.00000
---- item 151: map is 0.22613, precision@k is 0.09091, mrr is 1.00000
---- item 201: map is 0.50806, precision@k is 0.09091, mrr is 1.00000
---- item 251: map is 0.53333, precision@k is 0.09091, mrr is 1.00000
---- item 301: map is 0.04258, precision@k is 0.00000, mrr is 0.06667
---- item 351: map is 0.51266, precision@k is 0.09091, mrr is 1.00000
---- item 401: map is 0.34594, precision@k is 0.09091, mrr is 1.00000
---- item 451: map is 0.03180, precision@k is 0.00000, mrr is 0.03125
---- item 501: map is 0.00885, precision@k is 0.00000, mrr is 0.00885
---- item 551: map is 0.00425, precision@k is 0.00000, mrr is 0.00282
---- item 601: map is 0.01946, precision@k is 0.00000, mrr is 0.03125
---- item 651: map is 0.34749, precision@k is 0.09091, mrr is 1.00000
---- item 701: map is 0.22654, precision@k is 0.09091, mrr is 1.00000
[Stat]CTM model, Embed mode item tagging: Precision@K is 0.09760, MAP is: 0.29021, MRR is: 0.77375, in top 10 tags
266 users are loaded from /home/ll5fy/TUIR/dataset/yelp/byUser_70k_review/5foldsCVColdstart/2/...
260 users are loaded from /home/ll5fy/TUIR/dataset/yelp/byUser_70k_review/5foldsCVColdstart/0/...
244 users are loaded from /home/ll5fy/TUIR/dataset/yelp/byUser_70k_review/5foldsCVColdstart/1/...
264 users are loaded from /home/ll5fy/TUIR/dataset/yelp/byUser_70k_review/5foldsCVColdstart/3/...
256 users are loaded from /home/ll5fy/TUIR/dataset/yelp/byUser_70k_review/5foldsCVColdstart/4/...
[Info]Finish loading 702 items' weights in total 156639 items!
[Info]Begin tagging 702 items with CTM Embed............
---- item 1: map is 0.34959, precision@k is 0.09091, mrr is 1.00000
---- item 51: map is 0.03518, precision@k is 0.00000, mrr is 0.03030
---- item 101: map is 0.00561, precision@k is 0.00000, mrr is 0.00633
---- item 151: map is 0.26372, precision@k is 0.09091, mrr is 1.00000
---- item 201: map is 0.19494, precision@k is 0.09091, mrr is 1.00000
---- item 251: map is 0.03697, precision@k is 0.00000, mrr is 0.03030
---- item 301: map is 0.34956, precision@k is 0.09091, mrr is 1.00000
---- item 351: map is 0.34594, precision@k is 0.09091, mrr is 1.00000
---- item 401: map is 0.19489, precision@k is 0.09091, mrr is 1.00000
---- item 451: map is 0.36120, precision@k is 0.18182, mrr is 1.00000
---- item 501: map is 0.03518, precision@k is 0.00000, mrr is 0.03030
---- item 551: map is 0.25891, precision@k is 0.09091, mrr is 1.00000
---- item 601: map is 0.03518, precision@k is 0.00000, mrr is 0.03030
---- item 651: map is 0.04823, precision@k is 0.09091, mrr is 0.11111
---- item 701: map is 0.51205, precision@k is 0.09091, mrr is 1.00000
[Stat]CTM model, Embed mode item tagging: Precision@K is 0.08772, MAP is: 0.28309, MRR is: 0.76197, in top 10 tags
264 users are loaded from /home/ll5fy/TUIR/dataset/yelp/byUser_70k_review/5foldsCVColdstart/3/...
260 users are loaded from /home/ll5fy/TUIR/dataset/yelp/byUser_70k_review/5foldsCVColdstart/0/...
244 users are loaded from /home/ll5fy/TUIR/dataset/yelp/byUser_70k_review/5foldsCVColdstart/1/...
266 users are loaded from /home/ll5fy/TUIR/dataset/yelp/byUser_70k_review/5foldsCVColdstart/2/...
256 users are loaded from /home/ll5fy/TUIR/dataset/yelp/byUser_70k_review/5foldsCVColdstart/4/...
[Info]Finish loading 717 items' weights in total 156639 items!
[Info]Begin tagging 717 items with CTM Embed............
---- item 1: map is 0.42702, precision@k is 0.18182, mrr is 1.00000
---- item 51: map is 0.35066, precision@k is 0.09091, mrr is 1.00000
---- item 101: map is 0.50292, precision@k is 0.09091, mrr is 1.00000
---- item 151: map is 0.50699, precision@k is 0.09091, mrr is 1.00000
---- item 201: map is 0.02309, precision@k is 0.00000, mrr is 0.01190
---- item 251: map is 0.50236, precision@k is 0.09091, mrr is 1.00000
---- item 301: map is 0.32618, precision@k is 0.18182, mrr is 1.00000
---- item 351: map is 0.02102, precision@k is 0.00000, mrr is 0.01887
---- item 401: map is 0.01326, precision@k is 0.00000, mrr is 0.01000
---- item 451: map is 0.51961, precision@k is 0.09091, mrr is 1.00000
---- item 501: map is 1.00000, precision@k is 1.00000, mrr is 1.00000
---- item 551: map is 0.34278, precision@k is 0.09091, mrr is 1.00000
---- item 601: map is 0.34116, precision@k is 0.09091, mrr is 1.00000
---- item 651: map is 0.02309, precision@k is 0.00000, mrr is 0.01190
---- item 701: map is 0.02563, precision@k is 0.00000, mrr is 0.01639
[Stat]CTM model, Embed mode item tagging: Precision@K is 0.10139, MAP is: 0.29340, MRR is: 0.77840, in top 10 tags
256 users are loaded from /home/ll5fy/TUIR/dataset/yelp/byUser_70k_review/5foldsCVColdstart/4/...
260 users are loaded from /home/ll5fy/TUIR/dataset/yelp/byUser_70k_review/5foldsCVColdstart/0/...
244 users are loaded from /home/ll5fy/TUIR/dataset/yelp/byUser_70k_review/5foldsCVColdstart/1/...
266 users are loaded from /home/ll5fy/TUIR/dataset/yelp/byUser_70k_review/5foldsCVColdstart/2/...
264 users are loaded from /home/ll5fy/TUIR/dataset/yelp/byUser_70k_review/5foldsCVColdstart/3/...
[Info]Finish loading 726 items' weights in total 156639 items!
[Info]Begin tagging 726 items with CTM Embed............
---- item 1: map is 0.35577, precision@k is 0.09091, mrr is 1.00000
---- item 51: map is 0.22024, precision@k is 0.09091, mrr is 1.00000
---- item 101: map is 0.34758, precision@k is 0.09091, mrr is 1.00000
---- item 151: map is 0.34569, precision@k is 0.09091, mrr is 1.00000
---- item 201: map is 0.50813, precision@k is 0.09091, mrr is 1.00000
---- item 251: map is 0.34569, precision@k is 0.09091, mrr is 1.00000
---- item 301: map is 0.04404, precision@k is 0.00000, mrr is 0.06667
---- item 351: map is 0.00314, precision@k is 0.00000, mrr is 0.00314
---- item 401: map is 0.35330, precision@k is 0.09091, mrr is 1.00000
---- item 451: map is 0.35035, precision@k is 0.09091, mrr is 1.00000
---- item 501: map is 0.28427, precision@k is 0.09091, mrr is 1.00000
---- item 551: map is 0.26856, precision@k is 0.09091, mrr is 1.00000
---- item 601: map is 0.27010, precision@k is 0.09091, mrr is 1.00000
---- item 651: map is 0.40295, precision@k is 0.09091, mrr is 1.00000
---- item 701: map is 0.27384, precision@k is 0.09091, mrr is 1.00000
[Stat]CTM model, Embed mode item tagging: Precision@K is 0.09807, MAP is: 0.28789, MRR is: 0.77403, in top 10 tags

[Stat]Running time (seconds) 29.91600
[Stat]MAP 0.246+/-0.085
[Stat]MRR 0.653+/-0.239
[Stat]Precision 0.095+/-0.006
