Load 6134 2-gram new features from /home/ll5fy/TUIR/dataset/yelp/yelp_features.txt...
Load 6134 2-gram new features from /home/ll5fy/TUIR/dataset/yelp/yelp_features.txt...
[Info]Start FIXED cross validation...
[Info]Load 553 tags, with 6134 features.
260 users are loaded from /home/ll5fy/TUIR/dataset/yelp/byUser_70k_review/5foldsCVColdstart/0/...
244 users are loaded from /home/ll5fy/TUIR/dataset/yelp/byUser_70k_review/5foldsCVColdstart/1/...
266 users are loaded from /home/ll5fy/TUIR/dataset/yelp/byUser_70k_review/5foldsCVColdstart/2/...
264 users are loaded from /home/ll5fy/TUIR/dataset/yelp/byUser_70k_review/5foldsCVColdstart/3/...
256 users are loaded from /home/ll5fy/TUIR/dataset/yelp/byUser_70k_review/5foldsCVColdstart/4/...
[Info]Finish loading 722 items' weights in total 156639 items!
[Info]Begin tagging 722 items with CTM Interpolation............
---- item 1: map is 0.12350, precision@k is 0.09091, mrr is 0.20000
---- item 51: map is 0.10186, precision@k is 0.09091, mrr is 0.20000
---- item 101: map is 0.10503, precision@k is 0.09091, mrr is 0.20000
---- item 151: map is 0.07376, precision@k is 0.09091, mrr is 0.20000
---- item 201: map is 0.14028, precision@k is 0.18182, mrr is 0.20000
---- item 251: map is 0.70000, precision@k is 0.40000, mrr is 1.00000
---- item 301: map is 0.07295, precision@k is 0.09091, mrr is 0.20000
---- item 351: map is 0.33844, precision@k is 0.18182, mrr is 1.00000
---- item 401: map is 0.05474, precision@k is 0.09091, mrr is 0.16667
---- item 451: map is 0.05938, precision@k is 0.09091, mrr is 0.20000
---- item 501: map is 0.07167, precision@k is 0.09091, mrr is 0.20000
---- item 551: map is 0.07072, precision@k is 0.09091, mrr is 0.20000
---- item 601: map is 0.10450, precision@k is 0.09091, mrr is 0.20000
---- item 651: map is 0.27768, precision@k is 0.18182, mrr is 0.50000
---- item 701: map is 0.10252, precision@k is 0.09091, mrr is 0.20000
[Stat]CTM model, Interpolation mode item tagging: Precision@K is 0.10069, MAP is: 0.11721, MRR is: 0.26032, in top 10 tags
244 users are loaded from /home/ll5fy/TUIR/dataset/yelp/byUser_70k_review/5foldsCVColdstart/1/...
260 users are loaded from /home/ll5fy/TUIR/dataset/yelp/byUser_70k_review/5foldsCVColdstart/0/...
266 users are loaded from /home/ll5fy/TUIR/dataset/yelp/byUser_70k_review/5foldsCVColdstart/2/...
264 users are loaded from /home/ll5fy/TUIR/dataset/yelp/byUser_70k_review/5foldsCVColdstart/3/...
256 users are loaded from /home/ll5fy/TUIR/dataset/yelp/byUser_70k_review/5foldsCVColdstart/4/...
[Info]Finish loading 732 items' weights in total 156639 items!
[Info]Begin tagging 732 items with CTM Interpolation............
---- item 1: map is 0.67473, precision@k is 0.18182, mrr is 1.00000
---- item 51: map is 0.34681, precision@k is 0.09091, mrr is 1.00000
---- item 101: map is 0.36944, precision@k is 0.09091, mrr is 1.00000
---- item 151: map is 0.42556, precision@k is 0.18182, mrr is 1.00000
---- item 201: map is 0.51852, precision@k is 0.09091, mrr is 1.00000
---- item 251: map is 0.56250, precision@k is 0.09091, mrr is 1.00000
---- item 301: map is 0.37318, precision@k is 0.09091, mrr is 1.00000
---- item 351: map is 0.50935, precision@k is 0.09091, mrr is 1.00000
---- item 401: map is 0.34338, precision@k is 0.09091, mrr is 1.00000
---- item 451: map is 0.25228, precision@k is 0.09091, mrr is 1.00000
---- item 501: map is 0.01075, precision@k is 0.00000, mrr is 0.01075
---- item 551: map is 0.00447, precision@k is 0.00000, mrr is 0.00278
---- item 601: map is 0.02800, precision@k is 0.00000, mrr is 0.05556
---- item 651: map is 0.17923, precision@k is 0.09091, mrr is 0.50000
---- item 701: map is 0.28340, precision@k is 0.18182, mrr is 1.00000
[Stat]CTM model, Interpolation mode item tagging: Precision@K is 0.14982, MAP is: 0.34194, MRR is: 0.77612, in top 10 tags
266 users are loaded from /home/ll5fy/TUIR/dataset/yelp/byUser_70k_review/5foldsCVColdstart/2/...
260 users are loaded from /home/ll5fy/TUIR/dataset/yelp/byUser_70k_review/5foldsCVColdstart/0/...
244 users are loaded from /home/ll5fy/TUIR/dataset/yelp/byUser_70k_review/5foldsCVColdstart/1/...
264 users are loaded from /home/ll5fy/TUIR/dataset/yelp/byUser_70k_review/5foldsCVColdstart/3/...
256 users are loaded from /home/ll5fy/TUIR/dataset/yelp/byUser_70k_review/5foldsCVColdstart/4/...
[Info]Finish loading 702 items' weights in total 156639 items!
[Info]Begin tagging 702 items with CTM Interpolation............
---- item 1: map is 0.37101, precision@k is 0.09091, mrr is 1.00000
---- item 51: map is 0.05366, precision@k is 0.00000, mrr is 0.08333
---- item 101: map is 0.00528, precision@k is 0.00000, mrr is 0.00490
---- item 151: map is 0.30695, precision@k is 0.18182, mrr is 0.50000
---- item 201: map is 0.36526, precision@k is 0.27273, mrr is 1.00000
---- item 251: map is 0.10192, precision@k is 0.09091, mrr is 0.33333
---- item 301: map is 0.35599, precision@k is 0.09091, mrr is 1.00000
---- item 351: map is 0.36038, precision@k is 0.09091, mrr is 1.00000
---- item 401: map is 0.29372, precision@k is 0.18182, mrr is 1.00000
---- item 451: map is 0.33415, precision@k is 0.09091, mrr is 1.00000
---- item 501: map is 0.04758, precision@k is 0.00000, mrr is 0.05556
---- item 551: map is 0.27834, precision@k is 0.09091, mrr is 1.00000
---- item 601: map is 0.18866, precision@k is 0.18182, mrr is 0.33333
---- item 651: map is 0.41231, precision@k is 0.18182, mrr is 1.00000
---- item 701: map is 0.54762, precision@k is 0.09091, mrr is 1.00000
[Stat]CTM model, Interpolation mode item tagging: Precision@K is 0.15654, MAP is: 0.34165, MRR is: 0.75244, in top 10 tags
264 users are loaded from /home/ll5fy/TUIR/dataset/yelp/byUser_70k_review/5foldsCVColdstart/3/...
260 users are loaded from /home/ll5fy/TUIR/dataset/yelp/byUser_70k_review/5foldsCVColdstart/0/...
244 users are loaded from /home/ll5fy/TUIR/dataset/yelp/byUser_70k_review/5foldsCVColdstart/1/...
266 users are loaded from /home/ll5fy/TUIR/dataset/yelp/byUser_70k_review/5foldsCVColdstart/2/...
256 users are loaded from /home/ll5fy/TUIR/dataset/yelp/byUser_70k_review/5foldsCVColdstart/4/...
[Info]Finish loading 717 items' weights in total 156639 items!
[Info]Begin tagging 717 items with CTM Interpolation............
---- item 1: map is 0.67667, precision@k is 0.18182, mrr is 1.00000
---- item 51: map is 0.36137, precision@k is 0.09091, mrr is 1.00000
---- item 101: map is 0.51299, precision@k is 0.09091, mrr is 1.00000
---- item 151: map is 0.25581, precision@k is 0.09091, mrr is 0.50000
---- item 201: map is 0.03524, precision@k is 0.00000, mrr is 0.04000
---- item 251: map is 0.25213, precision@k is 0.09091, mrr is 0.50000
---- item 301: map is 0.17467, precision@k is 0.09091, mrr is 0.50000
---- item 351: map is 0.02190, precision@k is 0.00000, mrr is 0.01563
---- item 401: map is 0.00666, precision@k is 0.00000, mrr is 0.00617
---- item 451: map is 0.51075, precision@k is 0.09091, mrr is 1.00000
---- item 501: map is 1.00000, precision@k is 1.00000, mrr is 1.00000
---- item 551: map is 0.36807, precision@k is 0.09091, mrr is 1.00000
---- item 601: map is 0.34055, precision@k is 0.09091, mrr is 1.00000
---- item 651: map is 0.03902, precision@k is 0.00000, mrr is 0.06667
---- item 701: map is 0.02487, precision@k is 0.00000, mrr is 0.01923
[Stat]CTM model, Interpolation mode item tagging: Precision@K is 0.16450, MAP is: 0.35249, MRR is: 0.76476, in top 10 tags
256 users are loaded from /home/ll5fy/TUIR/dataset/yelp/byUser_70k_review/5foldsCVColdstart/4/...
260 users are loaded from /home/ll5fy/TUIR/dataset/yelp/byUser_70k_review/5foldsCVColdstart/0/...
244 users are loaded from /home/ll5fy/TUIR/dataset/yelp/byUser_70k_review/5foldsCVColdstart/1/...
266 users are loaded from /home/ll5fy/TUIR/dataset/yelp/byUser_70k_review/5foldsCVColdstart/2/...
264 users are loaded from /home/ll5fy/TUIR/dataset/yelp/byUser_70k_review/5foldsCVColdstart/3/...
[Info]Finish loading 726 items' weights in total 156639 items!
[Info]Begin tagging 726 items with CTM Interpolation............
---- item 1: map is 0.67507, precision@k is 0.18182, mrr is 1.00000
---- item 51: map is 0.23659, precision@k is 0.09091, mrr is 1.00000
---- item 101: map is 0.39708, precision@k is 0.09091, mrr is 1.00000
---- item 151: map is 0.34649, precision@k is 0.09091, mrr is 1.00000
---- item 201: map is 1.00000, precision@k is 1.00000, mrr is 1.00000
---- item 251: map is 0.34645, precision@k is 0.09091, mrr is 1.00000
---- item 301: map is 0.37142, precision@k is 0.09091, mrr is 1.00000
---- item 351: map is 0.03125, precision@k is 0.00000, mrr is 0.03125
---- item 401: map is 0.38036, precision@k is 0.09091, mrr is 1.00000
---- item 451: map is 0.18414, precision@k is 0.09091, mrr is 0.50000
---- item 501: map is 0.52173, precision@k is 0.18182, mrr is 1.00000
---- item 551: map is 0.55190, precision@k is 0.18182, mrr is 1.00000
---- item 601: map is 0.31339, precision@k is 0.18182, mrr is 0.50000
---- item 651: map is 0.51163, precision@k is 0.18182, mrr is 1.00000
---- item 701: map is 0.50880, precision@k is 0.18182, mrr is 1.00000
[Stat]CTM model, Interpolation mode item tagging: Precision@K is 0.17307, MAP is: 0.35906, MRR is: 0.76646, in top 10 tags

[Stat]Running time (seconds) 302.68700
[Stat]MAP 0.302+/-0.093
[Stat]MRR 0.664+/-0.202
[Stat]Precision 0.149+/-0.025
