Load 6134 2-gram new features from /home/ll5fy/TUIR/dataset/yelp/yelp_features.txt...
Load 6134 2-gram new features from /home/ll5fy/TUIR/dataset/yelp/yelp_features.txt...
[Info]Start FIXED cross validation...
[Info]Load 553 tags, with 6134 features.
260 users are loaded from /home/ll5fy/TUIR/dataset/yelp/byUser_70k_review/5foldsCVColdstart/0/...
244 users are loaded from /home/ll5fy/TUIR/dataset/yelp/byUser_70k_review/5foldsCVColdstart/1/...
266 users are loaded from /home/ll5fy/TUIR/dataset/yelp/byUser_70k_review/5foldsCVColdstart/2/...
264 users are loaded from /home/ll5fy/TUIR/dataset/yelp/byUser_70k_review/5foldsCVColdstart/3/...
256 users are loaded from /home/ll5fy/TUIR/dataset/yelp/byUser_70k_review/5foldsCVColdstart/4/...
[Info]Finish loading 722 items' weights in total 156639 items!
[Info]Begin tagging 722 items with LDA_User Interpolation............
---- item 1: map is 0.50469, precision@k is 0.18182, mrr is 1.00000
---- item 51: map is 0.12687, precision@k is 0.09091, mrr is 0.25000
---- item 101: map is 0.70000, precision@k is 0.40000, mrr is 1.00000
---- item 151: map is 0.19141, precision@k is 0.09091, mrr is 0.50000
---- item 201: map is 0.34170, precision@k is 0.18182, mrr is 1.00000
---- item 251: map is 0.83333, precision@k is 0.66667, mrr is 1.00000
---- item 301: map is 0.12641, precision@k is 0.09091, mrr is 0.25000
---- item 351: map is 0.32094, precision@k is 0.18182, mrr is 1.00000
---- item 401: map is 0.29037, precision@k is 0.09091, mrr is 1.00000
---- item 451: map is 0.65235, precision@k is 0.27273, mrr is 1.00000
---- item 501: map is 0.33870, precision@k is 0.09091, mrr is 1.00000
---- item 551: map is 0.66951, precision@k is 0.18182, mrr is 1.00000
---- item 601: map is 0.37500, precision@k is 0.25000, mrr is 0.50000
---- item 651: map is 0.23201, precision@k is 0.18182, mrr is 0.50000
---- item 701: map is 0.66667, precision@k is 0.33333, mrr is 1.00000
[Stat]LDA_User model, Interpolation mode item tagging: Precision@K is 0.20881, MAP is: 0.35212, MRR is: 0.64879, in top 10 tags
244 users are loaded from /home/ll5fy/TUIR/dataset/yelp/byUser_70k_review/5foldsCVColdstart/1/...
260 users are loaded from /home/ll5fy/TUIR/dataset/yelp/byUser_70k_review/5foldsCVColdstart/0/...
266 users are loaded from /home/ll5fy/TUIR/dataset/yelp/byUser_70k_review/5foldsCVColdstart/2/...
264 users are loaded from /home/ll5fy/TUIR/dataset/yelp/byUser_70k_review/5foldsCVColdstart/3/...
256 users are loaded from /home/ll5fy/TUIR/dataset/yelp/byUser_70k_review/5foldsCVColdstart/4/...
[Info]Finish loading 732 items' weights in total 156639 items!
[Info]Begin tagging 732 items with LDA_User Interpolation............
---- item 1: map is 0.50833, precision@k is 0.18182, mrr is 1.00000
---- item 51: map is 0.56082, precision@k is 0.18182, mrr is 1.00000
---- item 101: map is 0.05511, precision@k is 0.00000, mrr is 0.07692
---- item 151: map is 0.37052, precision@k is 0.18182, mrr is 1.00000
---- item 201: map is 0.70000, precision@k is 0.40000, mrr is 1.00000
---- item 251: map is 0.50000, precision@k is 0.50000, mrr is 0.50000
---- item 301: map is 0.41928, precision@k is 0.18182, mrr is 1.00000
---- item 351: map is 0.32500, precision@k is 0.40000, mrr is 0.25000
---- item 401: map is 0.06490, precision@k is 0.09091, mrr is 0.16667
---- item 451: map is 0.32301, precision@k is 0.18182, mrr is 1.00000
---- item 501: map is 0.50000, precision@k is 0.50000, mrr is 0.50000
---- item 551: map is 0.00429, precision@k is 0.00000, mrr is 0.00245
---- item 601: map is 0.04426, precision@k is 0.00000, mrr is 0.07143
---- item 651: map is 0.50000, precision@k is 0.50000, mrr is 0.50000
---- item 701: map is 0.29759, precision@k is 0.18182, mrr is 1.00000
[Stat]LDA_User model, Interpolation mode item tagging: Precision@K is 0.22008, MAP is: 0.36585, MRR is: 0.64933, in top 10 tags
266 users are loaded from /home/ll5fy/TUIR/dataset/yelp/byUser_70k_review/5foldsCVColdstart/2/...
260 users are loaded from /home/ll5fy/TUIR/dataset/yelp/byUser_70k_review/5foldsCVColdstart/0/...
244 users are loaded from /home/ll5fy/TUIR/dataset/yelp/byUser_70k_review/5foldsCVColdstart/1/...
264 users are loaded from /home/ll5fy/TUIR/dataset/yelp/byUser_70k_review/5foldsCVColdstart/3/...
256 users are loaded from /home/ll5fy/TUIR/dataset/yelp/byUser_70k_review/5foldsCVColdstart/4/...
[Info]Finish loading 702 items' weights in total 156639 items!
[Info]Begin tagging 702 items with LDA_User Interpolation............
---- item 1: map is 0.68095, precision@k is 0.18182, mrr is 1.00000
---- item 51: map is 0.39423, precision@k is 0.27273, mrr is 0.50000
---- item 101: map is 0.50833, precision@k is 0.09091, mrr is 1.00000
---- item 151: map is 0.27837, precision@k is 0.27273, mrr is 0.50000
---- item 201: map is 0.16814, precision@k is 0.09091, mrr is 1.00000
---- item 251: map is 0.25222, precision@k is 0.27273, mrr is 0.50000
---- item 301: map is 0.10657, precision@k is 0.09091, mrr is 0.16667
---- item 351: map is 0.42366, precision@k is 0.18182, mrr is 1.00000
---- item 401: map is 0.48842, precision@k is 0.36364, mrr is 1.00000
---- item 451: map is 0.66639, precision@k is 0.27273, mrr is 1.00000
---- item 501: map is 0.39798, precision@k is 0.27273, mrr is 0.50000
---- item 551: map is 0.47708, precision@k is 0.27273, mrr is 1.00000
---- item 601: map is 0.24850, precision@k is 0.27273, mrr is 0.33333
---- item 651: map is 0.37581, precision@k is 0.09091, mrr is 1.00000
---- item 701: map is 0.27778, precision@k is 0.22222, mrr is 0.33333
[Stat]LDA_User model, Interpolation mode item tagging: Precision@K is 0.22174, MAP is: 0.36671, MRR is: 0.64226, in top 10 tags
264 users are loaded from /home/ll5fy/TUIR/dataset/yelp/byUser_70k_review/5foldsCVColdstart/3/...
260 users are loaded from /home/ll5fy/TUIR/dataset/yelp/byUser_70k_review/5foldsCVColdstart/0/...
244 users are loaded from /home/ll5fy/TUIR/dataset/yelp/byUser_70k_review/5foldsCVColdstart/1/...
266 users are loaded from /home/ll5fy/TUIR/dataset/yelp/byUser_70k_review/5foldsCVColdstart/2/...
256 users are loaded from /home/ll5fy/TUIR/dataset/yelp/byUser_70k_review/5foldsCVColdstart/4/...
[Info]Finish loading 717 items' weights in total 156639 items!
[Info]Begin tagging 717 items with LDA_User Interpolation............
---- item 1: map is 0.45594, precision@k is 0.18182, mrr is 1.00000
---- item 51: map is 0.44901, precision@k is 0.18182, mrr is 1.00000
---- item 101: map is 0.22619, precision@k is 0.28571, mrr is 0.16667
---- item 151: map is 0.08983, precision@k is 0.09091, mrr is 0.16667
---- item 201: map is 0.34488, precision@k is 0.27273, mrr is 0.50000
---- item 251: map is 0.06542, precision@k is 0.09091, mrr is 0.12500
---- item 301: map is 0.30283, precision@k is 0.18182, mrr is 0.33333
---- item 351: map is 0.04444, precision@k is 0.00000, mrr is 0.03846
---- item 401: map is 0.00983, precision@k is 0.00000, mrr is 0.01053
---- item 451: map is 1.00000, precision@k is 1.00000, mrr is 1.00000
---- item 501: map is 1.00000, precision@k is 1.00000, mrr is 1.00000
---- item 551: map is 0.67216, precision@k is 0.18182, mrr is 1.00000
---- item 601: map is 0.03480, precision@k is 0.00000, mrr is 0.07143
---- item 651: map is 0.34477, precision@k is 0.27273, mrr is 0.50000
---- item 701: map is 0.42607, precision@k is 0.36364, mrr is 1.00000
[Stat]LDA_User model, Interpolation mode item tagging: Precision@K is 0.21918, MAP is: 0.36545, MRR is: 0.65005, in top 10 tags
256 users are loaded from /home/ll5fy/TUIR/dataset/yelp/byUser_70k_review/5foldsCVColdstart/4/...
260 users are loaded from /home/ll5fy/TUIR/dataset/yelp/byUser_70k_review/5foldsCVColdstart/0/...
244 users are loaded from /home/ll5fy/TUIR/dataset/yelp/byUser_70k_review/5foldsCVColdstart/1/...
266 users are loaded from /home/ll5fy/TUIR/dataset/yelp/byUser_70k_review/5foldsCVColdstart/2/...
264 users are loaded from /home/ll5fy/TUIR/dataset/yelp/byUser_70k_review/5foldsCVColdstart/3/...
[Info]Finish loading 726 items' weights in total 156639 items!
[Info]Begin tagging 726 items with LDA_User Interpolation............
---- item 1: map is 0.45710, precision@k is 0.18182, mrr is 1.00000
---- item 51: map is 0.22108, precision@k is 0.09091, mrr is 1.00000
---- item 101: map is 0.41721, precision@k is 0.18182, mrr is 1.00000
---- item 151: map is 0.12569, precision@k is 0.09091, mrr is 0.33333
---- item 201: map is 0.66667, precision@k is 0.33333, mrr is 1.00000
---- item 251: map is 0.34828, precision@k is 0.09091, mrr is 1.00000
---- item 301: map is 0.40265, precision@k is 0.18182, mrr is 1.00000
---- item 351: map is 1.00000, precision@k is 1.00000, mrr is 1.00000
---- item 401: map is 0.39489, precision@k is 0.09091, mrr is 1.00000
---- item 451: map is 0.18830, precision@k is 0.18182, mrr is 0.33333
---- item 501: map is 0.46458, precision@k is 0.18182, mrr is 1.00000
---- item 551: map is 0.51284, precision@k is 0.27273, mrr is 1.00000
---- item 601: map is 0.40530, precision@k is 0.27273, mrr is 0.50000
---- item 651: map is 0.70000, precision@k is 0.60000, mrr is 1.00000
---- item 701: map is 0.51375, precision@k is 0.18182, mrr is 1.00000
[Stat]LDA_User model, Interpolation mode item tagging: Precision@K is 0.21777, MAP is: 0.36595, MRR is: 0.64770, in top 10 tags

[Stat]Running time (seconds) 302.45800
[Stat]MAP 0.363+/-0.006
[Stat]MRR 0.648+/-0.003
[Stat]Precision 0.218+/-0.005
