Load 6134 2-gram new features from /home/ll5fy/TUIR/dataset/yelp/yelp_features.txt...
Load 6134 2-gram new features from /home/ll5fy/TUIR/dataset/yelp/yelp_features.txt...
[Info]Start FIXED cross validation...
[Info]Load 553 tags, with 6134 features.
260 users are loaded from /home/ll5fy/TUIR/dataset/yelp/byUser_70k_review/5foldsCVColdstart/0/...
244 users are loaded from /home/ll5fy/TUIR/dataset/yelp/byUser_70k_review/5foldsCVColdstart/1/...
266 users are loaded from /home/ll5fy/TUIR/dataset/yelp/byUser_70k_review/5foldsCVColdstart/2/...
264 users are loaded from /home/ll5fy/TUIR/dataset/yelp/byUser_70k_review/5foldsCVColdstart/3/...
256 users are loaded from /home/ll5fy/TUIR/dataset/yelp/byUser_70k_review/5foldsCVColdstart/4/...
[Info]Finish loading 722 items' weights in total 156639 items!
[Info]Begin tagging 722 items with LDA_Variational Interpolation............
---- item 1: map is 0.47312, precision@k is 0.18182, mrr is 1.00000
---- item 51: map is 0.25190, precision@k is 0.09091, mrr is 0.50000
---- item 101: map is 0.83333, precision@k is 0.66667, mrr is 1.00000
---- item 151: map is 0.12304, precision@k is 0.09091, mrr is 0.25000
---- item 201: map is 0.35993, precision@k is 0.18182, mrr is 1.00000
---- item 251: map is 0.83333, precision@k is 0.66667, mrr is 1.00000
---- item 301: map is 0.07451, precision@k is 0.09091, mrr is 0.12500
---- item 351: map is 0.34099, precision@k is 0.18182, mrr is 1.00000
---- item 401: map is 0.31505, precision@k is 0.09091, mrr is 1.00000
---- item 451: map is 0.57753, precision@k is 0.27273, mrr is 1.00000
---- item 501: map is 0.17436, precision@k is 0.09091, mrr is 0.50000
---- item 551: map is 0.67018, precision@k is 0.18182, mrr is 1.00000
---- item 601: map is 0.41667, precision@k is 0.33333, mrr is 0.50000
---- item 651: map is 0.23953, precision@k is 0.18182, mrr is 0.50000
---- item 701: map is 0.66667, precision@k is 0.33333, mrr is 1.00000
[Stat]LDA_Variational model, Interpolation mode item tagging: Precision@K is 0.19041, MAP is: 0.31657, MRR is: 0.60862, in top 10 tags
244 users are loaded from /home/ll5fy/TUIR/dataset/yelp/byUser_70k_review/5foldsCVColdstart/1/...
260 users are loaded from /home/ll5fy/TUIR/dataset/yelp/byUser_70k_review/5foldsCVColdstart/0/...
266 users are loaded from /home/ll5fy/TUIR/dataset/yelp/byUser_70k_review/5foldsCVColdstart/2/...
264 users are loaded from /home/ll5fy/TUIR/dataset/yelp/byUser_70k_review/5foldsCVColdstart/3/...
256 users are loaded from /home/ll5fy/TUIR/dataset/yelp/byUser_70k_review/5foldsCVColdstart/4/...
[Info]Finish loading 732 items' weights in total 156639 items!
[Info]Begin tagging 732 items with LDA_Variational Interpolation............
---- item 1: map is 0.67667, precision@k is 0.18182, mrr is 1.00000
---- item 51: map is 0.42030, precision@k is 0.18182, mrr is 1.00000
---- item 101: map is 0.09898, precision@k is 0.09091, mrr is 0.16667
---- item 151: map is 0.36076, precision@k is 0.18182, mrr is 1.00000
---- item 201: map is 0.83333, precision@k is 0.66667, mrr is 1.00000
---- item 251: map is 0.34091, precision@k is 0.09091, mrr is 0.50000
---- item 301: map is 0.44725, precision@k is 0.18182, mrr is 1.00000
---- item 351: map is 0.22917, precision@k is 0.09091, mrr is 0.33333
---- item 401: map is 0.12369, precision@k is 0.09091, mrr is 0.33333
---- item 451: map is 0.27544, precision@k is 0.18182, mrr is 1.00000
---- item 501: map is 0.50000, precision@k is 0.50000, mrr is 0.50000
---- item 551: map is 0.00427, precision@k is 0.00000, mrr is 0.00271
---- item 601: map is 0.02557, precision@k is 0.00000, mrr is 0.02381
---- item 651: map is 0.32326, precision@k is 0.18182, mrr is 0.50000
---- item 701: map is 0.41609, precision@k is 0.18182, mrr is 1.00000
[Stat]LDA_Variational model, Interpolation mode item tagging: Precision@K is 0.21785, MAP is: 0.37158, MRR is: 0.68294, in top 10 tags
266 users are loaded from /home/ll5fy/TUIR/dataset/yelp/byUser_70k_review/5foldsCVColdstart/2/...
260 users are loaded from /home/ll5fy/TUIR/dataset/yelp/byUser_70k_review/5foldsCVColdstart/0/...
244 users are loaded from /home/ll5fy/TUIR/dataset/yelp/byUser_70k_review/5foldsCVColdstart/1/...
264 users are loaded from /home/ll5fy/TUIR/dataset/yelp/byUser_70k_review/5foldsCVColdstart/3/...
256 users are loaded from /home/ll5fy/TUIR/dataset/yelp/byUser_70k_review/5foldsCVColdstart/4/...
[Info]Finish loading 702 items' weights in total 156639 items!
[Info]Begin tagging 702 items with LDA_Variational Interpolation............
---- item 1: map is 0.55940, precision@k is 0.18182, mrr is 1.00000
---- item 51: map is 0.36657, precision@k is 0.27273, mrr is 0.50000
---- item 101: map is 0.50613, precision@k is 0.09091, mrr is 1.00000
---- item 151: map is 0.24621, precision@k is 0.18182, mrr is 0.50000
---- item 201: map is 0.19578, precision@k is 0.09091, mrr is 1.00000
---- item 251: map is 0.24892, precision@k is 0.27273, mrr is 0.50000
---- item 301: map is 0.14790, precision@k is 0.18182, mrr is 0.16667
---- item 351: map is 0.40781, precision@k is 0.18182, mrr is 1.00000
---- item 401: map is 0.50853, precision@k is 0.27273, mrr is 1.00000
---- item 451: map is 0.69183, precision@k is 0.27273, mrr is 1.00000
---- item 501: map is 0.34757, precision@k is 0.27273, mrr is 0.50000
---- item 551: map is 0.52713, precision@k is 0.27273, mrr is 1.00000
---- item 601: map is 0.25549, precision@k is 0.27273, mrr is 0.33333
---- item 651: map is 0.40549, precision@k is 0.18182, mrr is 1.00000
---- item 701: map is 0.30952, precision@k is 0.28571, mrr is 0.33333
[Stat]LDA_Variational model, Interpolation mode item tagging: Precision@K is 0.22585, MAP is: 0.37388, MRR is: 0.66093, in top 10 tags
264 users are loaded from /home/ll5fy/TUIR/dataset/yelp/byUser_70k_review/5foldsCVColdstart/3/...
260 users are loaded from /home/ll5fy/TUIR/dataset/yelp/byUser_70k_review/5foldsCVColdstart/0/...
244 users are loaded from /home/ll5fy/TUIR/dataset/yelp/byUser_70k_review/5foldsCVColdstart/1/...
266 users are loaded from /home/ll5fy/TUIR/dataset/yelp/byUser_70k_review/5foldsCVColdstart/2/...
256 users are loaded from /home/ll5fy/TUIR/dataset/yelp/byUser_70k_review/5foldsCVColdstart/4/...
[Info]Finish loading 717 items' weights in total 156639 items!
[Info]Begin tagging 717 items with LDA_Variational Interpolation............
---- item 1: map is 0.56490, precision@k is 0.18182, mrr is 1.00000
---- item 51: map is 0.56014, precision@k is 0.18182, mrr is 1.00000
---- item 101: map is 0.22619, precision@k is 0.28571, mrr is 0.16667
---- item 151: map is 0.08991, precision@k is 0.09091, mrr is 0.16667
---- item 201: map is 0.36674, precision@k is 0.27273, mrr is 0.50000
---- item 251: map is 0.07403, precision@k is 0.09091, mrr is 0.14286
---- item 301: map is 0.28630, precision@k is 0.18182, mrr is 0.33333
---- item 351: map is 0.02192, precision@k is 0.00000, mrr is 0.02857
---- item 401: map is 0.00775, precision@k is 0.00000, mrr is 0.00535
---- item 451: map is 0.64286, precision@k is 0.28571, mrr is 1.00000
---- item 501: map is 1.00000, precision@k is 1.00000, mrr is 1.00000
---- item 551: map is 0.67015, precision@k is 0.18182, mrr is 1.00000
---- item 601: map is 0.06398, precision@k is 0.09091, mrr is 0.16667
---- item 651: map is 0.34689, precision@k is 0.27273, mrr is 0.50000
---- item 701: map is 0.42664, precision@k is 0.36364, mrr is 1.00000
[Stat]LDA_Variational model, Interpolation mode item tagging: Precision@K is 0.23200, MAP is: 0.37801, MRR is: 0.66898, in top 10 tags
256 users are loaded from /home/ll5fy/TUIR/dataset/yelp/byUser_70k_review/5foldsCVColdstart/4/...
260 users are loaded from /home/ll5fy/TUIR/dataset/yelp/byUser_70k_review/5foldsCVColdstart/0/...
244 users are loaded from /home/ll5fy/TUIR/dataset/yelp/byUser_70k_review/5foldsCVColdstart/1/...
266 users are loaded from /home/ll5fy/TUIR/dataset/yelp/byUser_70k_review/5foldsCVColdstart/2/...
264 users are loaded from /home/ll5fy/TUIR/dataset/yelp/byUser_70k_review/5foldsCVColdstart/3/...
[Info]Finish loading 726 items' weights in total 156639 items!
[Info]Begin tagging 726 items with LDA_Variational Interpolation............
---- item 1: map is 0.56692, precision@k is 0.18182, mrr is 1.00000
---- item 51: map is 0.22803, precision@k is 0.09091, mrr is 1.00000
---- item 101: map is 0.44227, precision@k is 0.18182, mrr is 1.00000
---- item 151: map is 0.12736, precision@k is 0.09091, mrr is 0.33333
---- item 201: map is 0.66667, precision@k is 0.33333, mrr is 1.00000
---- item 251: map is 0.34997, precision@k is 0.09091, mrr is 1.00000
---- item 301: map is 0.41931, precision@k is 0.18182, mrr is 1.00000
---- item 351: map is 1.00000, precision@k is 1.00000, mrr is 1.00000
---- item 401: map is 0.38405, precision@k is 0.09091, mrr is 1.00000
---- item 451: map is 0.16473, precision@k is 0.09091, mrr is 0.33333
---- item 501: map is 0.45439, precision@k is 0.27273, mrr is 1.00000
---- item 551: map is 0.52574, precision@k is 0.27273, mrr is 1.00000
---- item 601: map is 0.44048, precision@k is 0.27273, mrr is 0.50000
---- item 651: map is 0.64286, precision@k is 0.42857, mrr is 1.00000
---- item 701: map is 0.50832, precision@k is 0.18182, mrr is 1.00000
[Stat]LDA_Variational model, Interpolation mode item tagging: Precision@K is 0.22762, MAP is: 0.37308, MRR is: 0.66118, in top 10 tags

[Stat]Running time (seconds) 309.72000
[Stat]MAP 0.363+/-0.023
[Stat]MRR 0.657+/-0.025
[Stat]Precision 0.219+/-0.015
