Load 6134 2-gram new features from /home/ll5fy/TUIR/dataset/yelp/yelp_features.txt...
Load 6134 2-gram new features from /home/ll5fy/TUIR/dataset/yelp/yelp_features.txt...
[Info]Start FIXED cross validation...
[Info]Load 553 tags, with 6134 features.
260 users are loaded from /home/ll5fy/TUIR/dataset/yelp/byUser_70k_review/5foldsCVColdstart/0/...
244 users are loaded from /home/ll5fy/TUIR/dataset/yelp/byUser_70k_review/5foldsCVColdstart/1/...
266 users are loaded from /home/ll5fy/TUIR/dataset/yelp/byUser_70k_review/5foldsCVColdstart/2/...
264 users are loaded from /home/ll5fy/TUIR/dataset/yelp/byUser_70k_review/5foldsCVColdstart/3/...
256 users are loaded from /home/ll5fy/TUIR/dataset/yelp/byUser_70k_review/5foldsCVColdstart/4/...
[Info]Finish loading 722 items' weights in total 156639 items!
[Info]Begin tagging 722 items with LDA_Variational Interpolation............
---- item 1: map is 0.30571, precision@k is 0.18182, mrr is 0.50000
---- item 51: map is 0.12686, precision@k is 0.09091, mrr is 0.25000
---- item 101: map is 0.13162, precision@k is 0.09091, mrr is 0.25000
---- item 151: map is 0.11363, precision@k is 0.09091, mrr is 0.25000
---- item 201: map is 0.35711, precision@k is 0.18182, mrr is 1.00000
---- item 251: map is 0.70000, precision@k is 0.40000, mrr is 1.00000
---- item 301: map is 0.09614, precision@k is 0.09091, mrr is 0.25000
---- item 351: map is 0.35613, precision@k is 0.18182, mrr is 1.00000
---- item 401: map is 0.08407, precision@k is 0.09091, mrr is 0.25000
---- item 451: map is 0.09837, precision@k is 0.09091, mrr is 0.25000
---- item 501: map is 0.08957, precision@k is 0.09091, mrr is 0.25000
---- item 551: map is 0.09165, precision@k is 0.09091, mrr is 0.25000
---- item 601: map is 0.13333, precision@k is 0.09091, mrr is 0.25000
---- item 651: map is 0.27206, precision@k is 0.18182, mrr is 0.50000
---- item 701: map is 0.13333, precision@k is 0.09091, mrr is 0.25000
[Stat]LDA_Variational model, Interpolation mode item tagging: Precision@K is 0.10568, MAP is: 0.13769, MRR is: 0.28537, in top 10 tags
244 users are loaded from /home/ll5fy/TUIR/dataset/yelp/byUser_70k_review/5foldsCVColdstart/1/...
260 users are loaded from /home/ll5fy/TUIR/dataset/yelp/byUser_70k_review/5foldsCVColdstart/0/...
266 users are loaded from /home/ll5fy/TUIR/dataset/yelp/byUser_70k_review/5foldsCVColdstart/2/...
264 users are loaded from /home/ll5fy/TUIR/dataset/yelp/byUser_70k_review/5foldsCVColdstart/3/...
256 users are loaded from /home/ll5fy/TUIR/dataset/yelp/byUser_70k_review/5foldsCVColdstart/4/...
[Info]Finish loading 732 items' weights in total 156639 items!
[Info]Begin tagging 732 items with LDA_Variational Interpolation............
---- item 1: map is 0.67486, precision@k is 0.18182, mrr is 1.00000
---- item 51: map is 0.34804, precision@k is 0.09091, mrr is 1.00000
---- item 101: map is 0.39371, precision@k is 0.09091, mrr is 1.00000
---- item 151: map is 0.42251, precision@k is 0.18182, mrr is 1.00000
---- item 201: map is 0.52439, precision@k is 0.09091, mrr is 1.00000
---- item 251: map is 0.52941, precision@k is 0.09091, mrr is 1.00000
---- item 301: map is 0.41928, precision@k is 0.18182, mrr is 1.00000
---- item 351: map is 0.50971, precision@k is 0.09091, mrr is 1.00000
---- item 401: map is 0.34491, precision@k is 0.09091, mrr is 1.00000
---- item 451: map is 0.22943, precision@k is 0.09091, mrr is 1.00000
---- item 501: map is 0.01205, precision@k is 0.00000, mrr is 0.01205
---- item 551: map is 0.00413, precision@k is 0.00000, mrr is 0.00261
---- item 601: map is 0.01589, precision@k is 0.00000, mrr is 0.01887
---- item 651: map is 0.18114, precision@k is 0.09091, mrr is 0.50000
---- item 701: map is 0.24355, precision@k is 0.09091, mrr is 1.00000
[Stat]LDA_Variational model, Interpolation mode item tagging: Precision@K is 0.15207, MAP is: 0.34673, MRR is: 0.78192, in top 10 tags
266 users are loaded from /home/ll5fy/TUIR/dataset/yelp/byUser_70k_review/5foldsCVColdstart/2/...
260 users are loaded from /home/ll5fy/TUIR/dataset/yelp/byUser_70k_review/5foldsCVColdstart/0/...
244 users are loaded from /home/ll5fy/TUIR/dataset/yelp/byUser_70k_review/5foldsCVColdstart/1/...
264 users are loaded from /home/ll5fy/TUIR/dataset/yelp/byUser_70k_review/5foldsCVColdstart/3/...
256 users are loaded from /home/ll5fy/TUIR/dataset/yelp/byUser_70k_review/5foldsCVColdstart/4/...
[Info]Finish loading 702 items' weights in total 156639 items!
[Info]Begin tagging 702 items with LDA_Variational Interpolation............
---- item 1: map is 0.34612, precision@k is 0.09091, mrr is 1.00000
---- item 51: map is 0.04994, precision@k is 0.00000, mrr is 0.07692
---- item 101: map is 0.00536, precision@k is 0.00000, mrr is 0.00463
---- item 151: map is 0.30778, precision@k is 0.18182, mrr is 0.50000
---- item 201: map is 0.21695, precision@k is 0.18182, mrr is 1.00000
---- item 251: map is 0.09817, precision@k is 0.09091, mrr is 0.33333
---- item 301: map is 0.35246, precision@k is 0.09091, mrr is 1.00000
---- item 351: map is 0.38745, precision@k is 0.09091, mrr is 1.00000
---- item 401: map is 0.28708, precision@k is 0.18182, mrr is 1.00000
---- item 451: map is 0.58951, precision@k is 0.27273, mrr is 1.00000
---- item 501: map is 0.04516, precision@k is 0.00000, mrr is 0.06250
---- item 551: map is 0.30544, precision@k is 0.09091, mrr is 1.00000
---- item 601: map is 0.15032, precision@k is 0.18182, mrr is 0.25000
---- item 651: map is 0.26649, precision@k is 0.18182, mrr is 0.50000
---- item 701: map is 0.53704, precision@k is 0.09091, mrr is 1.00000
[Stat]LDA_Variational model, Interpolation mode item tagging: Precision@K is 0.16538, MAP is: 0.35045, MRR is: 0.76293, in top 10 tags
264 users are loaded from /home/ll5fy/TUIR/dataset/yelp/byUser_70k_review/5foldsCVColdstart/3/...
260 users are loaded from /home/ll5fy/TUIR/dataset/yelp/byUser_70k_review/5foldsCVColdstart/0/...
244 users are loaded from /home/ll5fy/TUIR/dataset/yelp/byUser_70k_review/5foldsCVColdstart/1/...
266 users are loaded from /home/ll5fy/TUIR/dataset/yelp/byUser_70k_review/5foldsCVColdstart/2/...
256 users are loaded from /home/ll5fy/TUIR/dataset/yelp/byUser_70k_review/5foldsCVColdstart/4/...
[Info]Finish loading 717 items' weights in total 156639 items!
[Info]Begin tagging 717 items with LDA_Variational Interpolation............
---- item 1: map is 0.67544, precision@k is 0.18182, mrr is 1.00000
---- item 51: map is 0.34702, precision@k is 0.09091, mrr is 1.00000
---- item 101: map is 0.18306, precision@k is 0.09091, mrr is 0.33333
---- item 151: map is 0.25847, precision@k is 0.09091, mrr is 0.50000
---- item 201: map is 0.05864, precision@k is 0.09091, mrr is 0.11111
---- item 251: map is 0.25235, precision@k is 0.09091, mrr is 0.50000
---- item 301: map is 0.17987, precision@k is 0.09091, mrr is 0.50000
---- item 351: map is 0.02238, precision@k is 0.00000, mrr is 0.02500
---- item 401: map is 0.00762, precision@k is 0.00000, mrr is 0.00571
---- item 451: map is 0.50971, precision@k is 0.09091, mrr is 1.00000
---- item 501: map is 1.00000, precision@k is 1.00000, mrr is 1.00000
---- item 551: map is 0.50377, precision@k is 0.18182, mrr is 1.00000
---- item 601: map is 0.34253, precision@k is 0.09091, mrr is 1.00000
---- item 651: map is 0.06714, precision@k is 0.09091, mrr is 0.16667
---- item 701: map is 0.02045, precision@k is 0.00000, mrr is 0.01220
[Stat]LDA_Variational model, Interpolation mode item tagging: Precision@K is 0.19183, MAP is: 0.37448, MRR is: 0.77290, in top 10 tags
256 users are loaded from /home/ll5fy/TUIR/dataset/yelp/byUser_70k_review/5foldsCVColdstart/4/...
260 users are loaded from /home/ll5fy/TUIR/dataset/yelp/byUser_70k_review/5foldsCVColdstart/0/...
244 users are loaded from /home/ll5fy/TUIR/dataset/yelp/byUser_70k_review/5foldsCVColdstart/1/...
266 users are loaded from /home/ll5fy/TUIR/dataset/yelp/byUser_70k_review/5foldsCVColdstart/2/...
264 users are loaded from /home/ll5fy/TUIR/dataset/yelp/byUser_70k_review/5foldsCVColdstart/3/...
[Info]Finish loading 726 items' weights in total 156639 items!
[Info]Begin tagging 726 items with LDA_Variational Interpolation............
---- item 1: map is 0.67493, precision@k is 0.18182, mrr is 1.00000
---- item 51: map is 0.22395, precision@k is 0.09091, mrr is 1.00000
---- item 101: map is 0.41009, precision@k is 0.09091, mrr is 1.00000
---- item 151: map is 0.34914, precision@k is 0.09091, mrr is 1.00000
---- item 201: map is 1.00000, precision@k is 1.00000, mrr is 1.00000
---- item 251: map is 0.34914, precision@k is 0.09091, mrr is 1.00000
---- item 301: map is 0.41925, precision@k is 0.18182, mrr is 1.00000
---- item 351: map is 0.05556, precision@k is 0.00000, mrr is 0.05556
---- item 401: map is 0.35577, precision@k is 0.09091, mrr is 1.00000
---- item 451: map is 0.19403, precision@k is 0.09091, mrr is 0.50000
---- item 501: map is 0.52056, precision@k is 0.18182, mrr is 1.00000
---- item 551: map is 0.51792, precision@k is 0.18182, mrr is 1.00000
---- item 601: map is 0.46254, precision@k is 0.18182, mrr is 1.00000
---- item 651: map is 0.51639, precision@k is 0.18182, mrr is 1.00000
---- item 701: map is 0.50842, precision@k is 0.18182, mrr is 1.00000
[Stat]LDA_Variational model, Interpolation mode item tagging: Precision@K is 0.17976, MAP is: 0.36434, MRR is: 0.76102, in top 10 tags

[Stat]Running time (seconds) 308.18000
[Stat]MAP 0.315+/-0.089
[Stat]MRR 0.673+/-0.194
[Stat]Precision 0.159+/-0.030
