Load 6134 2-gram new features from /home/ll5fy/TUIR/dataset/yelp/yelp_features.txt...
Load 6134 2-gram new features from /home/ll5fy/TUIR/dataset/yelp/yelp_features.txt...
[Info]Start FIXED cross validation...
[Info]Load 553 tags, with 6134 features.
260 users are loaded from /home/ll5fy/TUIR/dataset/yelp/byUser_70k_review/5foldsCVColdstart/0/...
244 users are loaded from /home/ll5fy/TUIR/dataset/yelp/byUser_70k_review/5foldsCVColdstart/1/...
266 users are loaded from /home/ll5fy/TUIR/dataset/yelp/byUser_70k_review/5foldsCVColdstart/2/...
264 users are loaded from /home/ll5fy/TUIR/dataset/yelp/byUser_70k_review/5foldsCVColdstart/3/...
256 users are loaded from /home/ll5fy/TUIR/dataset/yelp/byUser_70k_review/5foldsCVColdstart/4/...
[Info]Finish loading 861 items' weights in total 156639 items!
[Info]Begin tagging 861 items with ETBIR_Item Interpolation............
---- item 1: map is 0.34733, precision@k is 0.09091, mrr is 1.00000
---- item 51: map is 0.53022, precision@k is 0.18182, mrr is 1.00000
---- item 101: map is 1.00000, precision@k is 1.00000, mrr is 1.00000
---- item 151: map is 0.36166, precision@k is 0.09091, mrr is 1.00000
---- item 201: map is 0.34352, precision@k is 0.09091, mrr is 1.00000
---- item 251: map is 0.04701, precision@k is 0.00000, mrr is 0.07692
---- item 301: map is 0.50522, precision@k is 0.18182, mrr is 1.00000
---- item 351: map is 0.51408, precision@k is 0.09091, mrr is 1.00000
---- item 401: map is 0.14529, precision@k is 0.09091, mrr is 0.50000
---- item 451: map is 0.59556, precision@k is 0.18182, mrr is 1.00000
---- item 501: map is 0.34767, precision@k is 0.09091, mrr is 1.00000
---- item 551: map is 1.00000, precision@k is 1.00000, mrr is 1.00000
---- item 601: map is 0.03273, precision@k is 0.00000, mrr is 0.03448
---- item 651: map is 0.02406, precision@k is 0.00000, mrr is 0.03704
---- item 701: map is 0.34250, precision@k is 0.09091, mrr is 1.00000
---- item 751: map is 0.00447, precision@k is 0.00000, mrr is 0.00313
---- item 801: map is 0.34875, precision@k is 0.09091, mrr is 1.00000
---- item 851: map is 0.05967, precision@k is 0.09091, mrr is 0.14286
[Stat]ETBIR_Item model, Interpolation mode item tagging: Precision@K is 0.18591, MAP is: 0.36038, MRR is: 0.75033, in top 10 tags
244 users are loaded from /home/ll5fy/TUIR/dataset/yelp/byUser_70k_review/5foldsCVColdstart/1/...
260 users are loaded from /home/ll5fy/TUIR/dataset/yelp/byUser_70k_review/5foldsCVColdstart/0/...
266 users are loaded from /home/ll5fy/TUIR/dataset/yelp/byUser_70k_review/5foldsCVColdstart/2/...
264 users are loaded from /home/ll5fy/TUIR/dataset/yelp/byUser_70k_review/5foldsCVColdstart/3/...
256 users are loaded from /home/ll5fy/TUIR/dataset/yelp/byUser_70k_review/5foldsCVColdstart/4/...
[Info]Finish loading 861 items' weights in total 156639 items!
[Info]Begin tagging 861 items with ETBIR_Item Interpolation............
---- item 1: map is 0.34547, precision@k is 0.09091, mrr is 1.00000
---- item 51: map is 0.52781, precision@k is 0.18182, mrr is 1.00000
---- item 101: map is 0.83333, precision@k is 0.66667, mrr is 1.00000
---- item 151: map is 0.20057, precision@k is 0.09091, mrr is 0.50000
---- item 201: map is 0.34329, precision@k is 0.09091, mrr is 1.00000
---- item 251: map is 0.13971, precision@k is 0.09091, mrr is 0.25000
---- item 301: map is 0.50502, precision@k is 0.18182, mrr is 1.00000
---- item 351: map is 0.52564, precision@k is 0.09091, mrr is 1.00000
---- item 401: map is 0.23805, precision@k is 0.18182, mrr is 0.50000
---- item 451: map is 0.61111, precision@k is 0.18182, mrr is 1.00000
---- item 501: map is 0.34891, precision@k is 0.09091, mrr is 1.00000
---- item 551: map is 1.00000, precision@k is 1.00000, mrr is 1.00000
---- item 601: map is 0.43958, precision@k is 0.18182, mrr is 1.00000
---- item 651: map is 0.03152, precision@k is 0.00000, mrr is 0.07692
---- item 701: map is 0.17519, precision@k is 0.09091, mrr is 0.50000
---- item 751: map is 0.00461, precision@k is 0.00000, mrr is 0.00286
---- item 801: map is 0.35170, precision@k is 0.09091, mrr is 1.00000
---- item 851: map is 0.08101, precision@k is 0.09091, mrr is 0.25000
[Stat]ETBIR_Item model, Interpolation mode item tagging: Precision@K is 0.21408, MAP is: 0.38261, MRR is: 0.73543, in top 10 tags
266 users are loaded from /home/ll5fy/TUIR/dataset/yelp/byUser_70k_review/5foldsCVColdstart/2/...
260 users are loaded from /home/ll5fy/TUIR/dataset/yelp/byUser_70k_review/5foldsCVColdstart/0/...
244 users are loaded from /home/ll5fy/TUIR/dataset/yelp/byUser_70k_review/5foldsCVColdstart/1/...
264 users are loaded from /home/ll5fy/TUIR/dataset/yelp/byUser_70k_review/5foldsCVColdstart/3/...
256 users are loaded from /home/ll5fy/TUIR/dataset/yelp/byUser_70k_review/5foldsCVColdstart/4/...
[Info]Finish loading 861 items' weights in total 156639 items!
[Info]Begin tagging 861 items with ETBIR_Item Interpolation............
---- item 1: map is 0.38295, precision@k is 0.09091, mrr is 1.00000
---- item 51: map is 0.45190, precision@k is 0.18182, mrr is 1.00000
---- item 101: map is 0.83333, precision@k is 0.66667, mrr is 1.00000
---- item 151: map is 0.20199, precision@k is 0.09091, mrr is 0.50000
---- item 201: map is 0.34406, precision@k is 0.09091, mrr is 1.00000
---- item 251: map is 0.13799, precision@k is 0.09091, mrr is 0.25000
---- item 301: map is 0.50487, precision@k is 0.18182, mrr is 1.00000
---- item 351: map is 0.53571, precision@k is 0.09091, mrr is 1.00000
---- item 401: map is 0.27673, precision@k is 0.27273, mrr is 0.50000
---- item 451: map is 0.60556, precision@k is 0.18182, mrr is 1.00000
---- item 501: map is 0.34896, precision@k is 0.09091, mrr is 1.00000
---- item 551: map is 1.00000, precision@k is 1.00000, mrr is 1.00000
---- item 601: map is 0.43615, precision@k is 0.18182, mrr is 1.00000
---- item 651: map is 0.03566, precision@k is 0.09091, mrr is 0.10000
---- item 701: map is 0.17449, precision@k is 0.09091, mrr is 0.50000
---- item 751: map is 0.00450, precision@k is 0.00000, mrr is 0.00296
---- item 801: map is 0.37312, precision@k is 0.09091, mrr is 1.00000
---- item 851: map is 0.11410, precision@k is 0.09091, mrr is 0.33333
[Stat]ETBIR_Item model, Interpolation mode item tagging: Precision@K is 0.21905, MAP is: 0.37712, MRR is: 0.70631, in top 10 tags
264 users are loaded from /home/ll5fy/TUIR/dataset/yelp/byUser_70k_review/5foldsCVColdstart/3/...
260 users are loaded from /home/ll5fy/TUIR/dataset/yelp/byUser_70k_review/5foldsCVColdstart/0/...
244 users are loaded from /home/ll5fy/TUIR/dataset/yelp/byUser_70k_review/5foldsCVColdstart/1/...
266 users are loaded from /home/ll5fy/TUIR/dataset/yelp/byUser_70k_review/5foldsCVColdstart/2/...
256 users are loaded from /home/ll5fy/TUIR/dataset/yelp/byUser_70k_review/5foldsCVColdstart/4/...
[Info]Finish loading 861 items' weights in total 156639 items!
[Info]Begin tagging 861 items with ETBIR_Item Interpolation............
---- item 1: map is 0.41858, precision@k is 0.18182, mrr is 1.00000
---- item 51: map is 0.44658, precision@k is 0.18182, mrr is 1.00000
---- item 101: map is 0.83333, precision@k is 0.66667, mrr is 1.00000
---- item 151: map is 0.21028, precision@k is 0.09091, mrr is 0.50000
---- item 201: map is 0.34378, precision@k is 0.09091, mrr is 1.00000
---- item 251: map is 0.50602, precision@k is 0.09091, mrr is 1.00000
---- item 301: map is 0.50485, precision@k is 0.18182, mrr is 1.00000
---- item 351: map is 0.59091, precision@k is 0.09091, mrr is 1.00000
---- item 401: map is 0.32558, precision@k is 0.27273, mrr is 0.50000
---- item 451: map is 0.47886, precision@k is 0.18182, mrr is 1.00000
---- item 501: map is 0.34723, precision@k is 0.09091, mrr is 1.00000
---- item 551: map is 0.83333, precision@k is 0.66667, mrr is 1.00000
---- item 601: map is 0.43657, precision@k is 0.18182, mrr is 1.00000
---- item 651: map is 0.03434, precision@k is 0.00000, mrr is 0.07692
---- item 701: map is 0.17839, precision@k is 0.09091, mrr is 0.50000
---- item 751: map is 0.00439, precision@k is 0.00000, mrr is 0.00287
---- item 801: map is 0.36730, precision@k is 0.09091, mrr is 1.00000
---- item 851: map is 0.08654, precision@k is 0.09091, mrr is 0.25000
[Stat]ETBIR_Item model, Interpolation mode item tagging: Precision@K is 0.22304, MAP is: 0.38140, MRR is: 0.69855, in top 10 tags
256 users are loaded from /home/ll5fy/TUIR/dataset/yelp/byUser_70k_review/5foldsCVColdstart/4/...
260 users are loaded from /home/ll5fy/TUIR/dataset/yelp/byUser_70k_review/5foldsCVColdstart/0/...
244 users are loaded from /home/ll5fy/TUIR/dataset/yelp/byUser_70k_review/5foldsCVColdstart/1/...
266 users are loaded from /home/ll5fy/TUIR/dataset/yelp/byUser_70k_review/5foldsCVColdstart/2/...
264 users are loaded from /home/ll5fy/TUIR/dataset/yelp/byUser_70k_review/5foldsCVColdstart/3/...
[Info]Finish loading 861 items' weights in total 156639 items!
[Info]Begin tagging 861 items with ETBIR_Item Interpolation............
---- item 1: map is 0.64881, precision@k is 0.50000, mrr is 1.00000
---- item 51: map is 0.44016, precision@k is 0.18182, mrr is 1.00000
---- item 101: map is 0.83333, precision@k is 0.66667, mrr is 1.00000
---- item 151: map is 0.61814, precision@k is 0.27273, mrr is 1.00000
---- item 201: map is 0.34610, precision@k is 0.09091, mrr is 1.00000
---- item 251: map is 0.14583, precision@k is 0.09091, mrr is 0.25000
---- item 301: map is 0.50537, precision@k is 0.18182, mrr is 1.00000
---- item 351: map is 0.62500, precision@k is 0.25000, mrr is 1.00000
---- item 401: map is 0.35221, precision@k is 0.27273, mrr is 0.50000
---- item 451: map is 0.45796, precision@k is 0.18182, mrr is 1.00000
---- item 501: map is 0.34627, precision@k is 0.09091, mrr is 1.00000
---- item 551: map is 0.83333, precision@k is 0.66667, mrr is 1.00000
---- item 601: map is 0.43755, precision@k is 0.18182, mrr is 1.00000
---- item 651: map is 0.03524, precision@k is 0.09091, mrr is 0.10000
---- item 701: map is 0.17597, precision@k is 0.09091, mrr is 0.50000
---- item 751: map is 0.00453, precision@k is 0.00000, mrr is 0.00305
---- item 801: map is 0.37442, precision@k is 0.09091, mrr is 1.00000
---- item 851: map is 0.10742, precision@k is 0.09091, mrr is 0.33333
[Stat]ETBIR_Item model, Interpolation mode item tagging: Precision@K is 0.22337, MAP is: 0.37750, MRR is: 0.68892, in top 10 tags

[Stat]Running time (seconds) 367.89700
[Stat]MAP 0.376+/-0.008
[Stat]MRR 0.716+/-0.023
[Stat]Precision 0.213+/-0.014
