Load 6134 2-gram new features from /home/ll5fy/TUIR/dataset/yelp/yelp_features.txt...
Load 6134 2-gram new features from /home/ll5fy/TUIR/dataset/yelp/yelp_features.txt...
[Info]Start FIXED cross validation...
[Info]Load 553 tags, with 6134 features.
260 users are loaded from /home/ll5fy/TUIR/dataset/yelp/byUser_70k_review/5foldsCVColdstart/0/...
244 users are loaded from /home/ll5fy/TUIR/dataset/yelp/byUser_70k_review/5foldsCVColdstart/1/...
266 users are loaded from /home/ll5fy/TUIR/dataset/yelp/byUser_70k_review/5foldsCVColdstart/2/...
264 users are loaded from /home/ll5fy/TUIR/dataset/yelp/byUser_70k_review/5foldsCVColdstart/3/...
256 users are loaded from /home/ll5fy/TUIR/dataset/yelp/byUser_70k_review/5foldsCVColdstart/4/...
[Info]Finish loading 861 items' weights in total 156639 items!
[Info]Begin tagging 861 items with ETBIR_Item Embed............
---- item 1: map is 0.34720, precision@k is 0.09091, mrr is 1.00000
---- item 51: map is 0.30523, precision@k is 0.09091, mrr is 1.00000
---- item 101: map is 0.75000, precision@k is 0.50000, mrr is 1.00000
---- item 151: map is 0.38108, precision@k is 0.09091, mrr is 1.00000
---- item 201: map is 0.34533, precision@k is 0.09091, mrr is 1.00000
---- item 251: map is 0.00758, precision@k is 0.00000, mrr is 0.00606
---- item 301: map is 0.25887, precision@k is 0.09091, mrr is 1.00000
---- item 351: map is 0.51266, precision@k is 0.09091, mrr is 1.00000
---- item 401: map is 0.03018, precision@k is 0.00000, mrr is 0.02273
---- item 451: map is 0.36606, precision@k is 0.09091, mrr is 1.00000
---- item 501: map is 0.01376, precision@k is 0.00000, mrr is 0.00935
---- item 551: map is 0.62500, precision@k is 0.25000, mrr is 1.00000
---- item 601: map is 0.02341, precision@k is 0.00000, mrr is 0.02083
---- item 651: map is 0.02899, precision@k is 0.00000, mrr is 0.05882
---- item 701: map is 0.34463, precision@k is 0.09091, mrr is 1.00000
---- item 751: map is 0.00450, precision@k is 0.00000, mrr is 0.00298
---- item 801: map is 0.35422, precision@k is 0.09091, mrr is 1.00000
---- item 851: map is 0.03987, precision@k is 0.00000, mrr is 0.05882
[Stat]ETBIR_Item model, Embed mode item tagging: Precision@K is 0.10327, MAP is: 0.29974, MRR is: 0.77475, in top 10 tags
244 users are loaded from /home/ll5fy/TUIR/dataset/yelp/byUser_70k_review/5foldsCVColdstart/1/...
260 users are loaded from /home/ll5fy/TUIR/dataset/yelp/byUser_70k_review/5foldsCVColdstart/0/...
266 users are loaded from /home/ll5fy/TUIR/dataset/yelp/byUser_70k_review/5foldsCVColdstart/2/...
264 users are loaded from /home/ll5fy/TUIR/dataset/yelp/byUser_70k_review/5foldsCVColdstart/3/...
256 users are loaded from /home/ll5fy/TUIR/dataset/yelp/byUser_70k_review/5foldsCVColdstart/4/...
[Info]Finish loading 861 items' weights in total 156639 items!
[Info]Begin tagging 861 items with ETBIR_Item Embed............
---- item 1: map is 0.34913, precision@k is 0.09091, mrr is 1.00000
---- item 51: map is 0.28486, precision@k is 0.09091, mrr is 1.00000
---- item 101: map is 0.83333, precision@k is 0.66667, mrr is 1.00000
---- item 151: map is 0.36148, precision@k is 0.09091, mrr is 1.00000
---- item 201: map is 0.34409, precision@k is 0.09091, mrr is 1.00000
---- item 251: map is 0.01009, precision@k is 0.00000, mrr is 0.00775
---- item 301: map is 0.25906, precision@k is 0.09091, mrr is 1.00000
---- item 351: map is 0.51316, precision@k is 0.09091, mrr is 1.00000
---- item 401: map is 0.04287, precision@k is 0.00000, mrr is 0.05000
---- item 451: map is 0.36420, precision@k is 0.09091, mrr is 1.00000
---- item 501: map is 0.01334, precision@k is 0.00000, mrr is 0.01087
---- item 551: map is 0.62500, precision@k is 0.25000, mrr is 1.00000
---- item 601: map is 0.02824, precision@k is 0.00000, mrr is 0.03125
---- item 651: map is 0.02880, precision@k is 0.00000, mrr is 0.05882
---- item 701: map is 0.34314, precision@k is 0.09091, mrr is 1.00000
---- item 751: map is 0.00441, precision@k is 0.00000, mrr is 0.00285
---- item 801: map is 0.35630, precision@k is 0.09091, mrr is 1.00000
---- item 851: map is 0.04382, precision@k is 0.00000, mrr is 0.05882
[Stat]ETBIR_Item model, Embed mode item tagging: Precision@K is 0.10859, MAP is: 0.30220, MRR is: 0.77626, in top 10 tags
266 users are loaded from /home/ll5fy/TUIR/dataset/yelp/byUser_70k_review/5foldsCVColdstart/2/...
260 users are loaded from /home/ll5fy/TUIR/dataset/yelp/byUser_70k_review/5foldsCVColdstart/0/...
244 users are loaded from /home/ll5fy/TUIR/dataset/yelp/byUser_70k_review/5foldsCVColdstart/1/...
264 users are loaded from /home/ll5fy/TUIR/dataset/yelp/byUser_70k_review/5foldsCVColdstart/3/...
256 users are loaded from /home/ll5fy/TUIR/dataset/yelp/byUser_70k_review/5foldsCVColdstart/4/...
[Info]Finish loading 861 items' weights in total 156639 items!
[Info]Begin tagging 861 items with ETBIR_Item Embed............
---- item 1: map is 0.34737, precision@k is 0.09091, mrr is 1.00000
---- item 51: map is 0.30254, precision@k is 0.09091, mrr is 1.00000
---- item 101: map is 0.62500, precision@k is 0.25000, mrr is 1.00000
---- item 151: map is 0.38571, precision@k is 0.09091, mrr is 1.00000
---- item 201: map is 0.34610, precision@k is 0.09091, mrr is 1.00000
---- item 251: map is 0.00857, precision@k is 0.00000, mrr is 0.00610
---- item 301: map is 0.26015, precision@k is 0.09091, mrr is 1.00000
---- item 351: map is 0.51316, precision@k is 0.09091, mrr is 1.00000
---- item 401: map is 0.02977, precision@k is 0.00000, mrr is 0.02222
---- item 451: map is 0.36309, precision@k is 0.09091, mrr is 1.00000
---- item 501: map is 0.01332, precision@k is 0.00000, mrr is 0.01099
---- item 551: map is 0.75000, precision@k is 0.50000, mrr is 1.00000
---- item 601: map is 0.02313, precision@k is 0.00000, mrr is 0.01852
---- item 651: map is 0.02695, precision@k is 0.00000, mrr is 0.05263
---- item 701: map is 0.34333, precision@k is 0.09091, mrr is 1.00000
---- item 751: map is 0.00461, precision@k is 0.00000, mrr is 0.00275
---- item 801: map is 0.35779, precision@k is 0.09091, mrr is 1.00000
---- item 851: map is 0.04040, precision@k is 0.00000, mrr is 0.05263
[Stat]ETBIR_Item model, Embed mode item tagging: Precision@K is 0.10389, MAP is: 0.29913, MRR is: 0.77477, in top 10 tags
264 users are loaded from /home/ll5fy/TUIR/dataset/yelp/byUser_70k_review/5foldsCVColdstart/3/...
260 users are loaded from /home/ll5fy/TUIR/dataset/yelp/byUser_70k_review/5foldsCVColdstart/0/...
244 users are loaded from /home/ll5fy/TUIR/dataset/yelp/byUser_70k_review/5foldsCVColdstart/1/...
266 users are loaded from /home/ll5fy/TUIR/dataset/yelp/byUser_70k_review/5foldsCVColdstart/2/...
256 users are loaded from /home/ll5fy/TUIR/dataset/yelp/byUser_70k_review/5foldsCVColdstart/4/...
[Info]Finish loading 861 items' weights in total 156639 items!
[Info]Begin tagging 861 items with ETBIR_Item Embed............
---- item 1: map is 0.34427, precision@k is 0.09091, mrr is 1.00000
---- item 51: map is 0.29956, precision@k is 0.09091, mrr is 1.00000
---- item 101: map is 0.83333, precision@k is 0.66667, mrr is 1.00000
---- item 151: map is 0.38381, precision@k is 0.09091, mrr is 1.00000
---- item 201: map is 0.34558, precision@k is 0.09091, mrr is 1.00000
---- item 251: map is 0.50617, precision@k is 0.09091, mrr is 1.00000
---- item 301: map is 0.25851, precision@k is 0.09091, mrr is 1.00000
---- item 351: map is 0.51538, precision@k is 0.09091, mrr is 1.00000
---- item 401: map is 0.03189, precision@k is 0.00000, mrr is 0.02941
---- item 451: map is 0.35688, precision@k is 0.09091, mrr is 1.00000
---- item 501: map is 0.01275, precision@k is 0.00000, mrr is 0.01064
---- item 551: map is 0.66667, precision@k is 0.33333, mrr is 1.00000
---- item 601: map is 0.02331, precision@k is 0.00000, mrr is 0.02128
---- item 651: map is 0.03047, precision@k is 0.00000, mrr is 0.06667
---- item 701: map is 0.34486, precision@k is 0.09091, mrr is 1.00000
---- item 751: map is 0.00439, precision@k is 0.00000, mrr is 0.00280
---- item 801: map is 0.35270, precision@k is 0.09091, mrr is 1.00000
---- item 851: map is 0.04943, precision@k is 0.00000, mrr is 0.06667
[Stat]ETBIR_Item model, Embed mode item tagging: Precision@K is 0.10738, MAP is: 0.30342, MRR is: 0.77651, in top 10 tags
256 users are loaded from /home/ll5fy/TUIR/dataset/yelp/byUser_70k_review/5foldsCVColdstart/4/...
260 users are loaded from /home/ll5fy/TUIR/dataset/yelp/byUser_70k_review/5foldsCVColdstart/0/...
244 users are loaded from /home/ll5fy/TUIR/dataset/yelp/byUser_70k_review/5foldsCVColdstart/1/...
266 users are loaded from /home/ll5fy/TUIR/dataset/yelp/byUser_70k_review/5foldsCVColdstart/2/...
264 users are loaded from /home/ll5fy/TUIR/dataset/yelp/byUser_70k_review/5foldsCVColdstart/3/...
[Info]Finish loading 861 items' weights in total 156639 items!
[Info]Begin tagging 861 items with ETBIR_Item Embed............
---- item 1: map is 0.31781, precision@k is 0.09091, mrr is 1.00000
---- item 51: map is 0.29477, precision@k is 0.09091, mrr is 1.00000
---- item 101: map is 0.62500, precision@k is 0.25000, mrr is 1.00000
---- item 151: map is 0.25343, precision@k is 0.09091, mrr is 1.00000
---- item 201: map is 0.34546, precision@k is 0.09091, mrr is 1.00000
---- item 251: map is 0.01153, precision@k is 0.00000, mrr is 0.00813
---- item 301: map is 0.25906, precision@k is 0.09091, mrr is 1.00000
---- item 351: map is 0.51370, precision@k is 0.09091, mrr is 1.00000
---- item 401: map is 0.04376, precision@k is 0.00000, mrr is 0.04348
---- item 451: map is 0.35857, precision@k is 0.09091, mrr is 1.00000
---- item 501: map is 0.01159, precision@k is 0.00000, mrr is 0.01087
---- item 551: map is 0.75000, precision@k is 0.50000, mrr is 1.00000
---- item 601: map is 0.02906, precision@k is 0.00000, mrr is 0.03571
---- item 651: map is 0.02640, precision@k is 0.00000, mrr is 0.05556
---- item 701: map is 0.34410, precision@k is 0.09091, mrr is 1.00000
---- item 751: map is 0.00432, precision@k is 0.00000, mrr is 0.00287
---- item 801: map is 0.35303, precision@k is 0.09091, mrr is 1.00000
---- item 851: map is 0.04313, precision@k is 0.00000, mrr is 0.05556
[Stat]ETBIR_Item model, Embed mode item tagging: Precision@K is 0.10419, MAP is: 0.29924, MRR is: 0.77612, in top 10 tags

[Stat]Running time (seconds) 27.80600
[Stat]MAP 0.301+/-0.002
[Stat]MRR 0.776+/-0.001
[Stat]Precision 0.105+/-0.002
