Load 6134 2-gram new features from /home/ll5fy/TUIR/dataset/yelp/yelp_features.txt...
Load 6134 2-gram new features from /home/ll5fy/TUIR/dataset/yelp/yelp_features.txt...
[Info]Start FIXED cross validation...
[Info]Load 553 tags, with 6134 features.
260 users are loaded from /home/ll5fy/TUIR/dataset/yelp/byUser_70k_review/5foldsCVColdstart/0/...
244 users are loaded from /home/ll5fy/TUIR/dataset/yelp/byUser_70k_review/5foldsCVColdstart/1/...
266 users are loaded from /home/ll5fy/TUIR/dataset/yelp/byUser_70k_review/5foldsCVColdstart/2/...
264 users are loaded from /home/ll5fy/TUIR/dataset/yelp/byUser_70k_review/5foldsCVColdstart/3/...
256 users are loaded from /home/ll5fy/TUIR/dataset/yelp/byUser_70k_review/5foldsCVColdstart/4/...
[Info]Finish loading 722 items' weights in total 156639 items!
[Info]Begin tagging 722 items with LDA_Item Interpolation............
---- item 1: map is 0.47232, precision@k is 0.18182, mrr is 1.00000
---- item 51: map is 0.25183, precision@k is 0.09091, mrr is 0.50000
---- item 101: map is 0.15000, precision@k is 0.09091, mrr is 0.25000
---- item 151: map is 0.11153, precision@k is 0.09091, mrr is 0.25000
---- item 201: map is 0.35752, precision@k is 0.18182, mrr is 1.00000
---- item 251: map is 1.00000, precision@k is 1.00000, mrr is 1.00000
---- item 301: map is 0.08042, precision@k is 0.09091, mrr is 0.20000
---- item 351: map is 0.33904, precision@k is 0.18182, mrr is 1.00000
---- item 401: map is 0.36913, precision@k is 0.18182, mrr is 1.00000
---- item 451: map is 0.44231, precision@k is 0.18182, mrr is 1.00000
---- item 501: map is 0.08872, precision@k is 0.09091, mrr is 0.25000
---- item 551: map is 0.35339, precision@k is 0.09091, mrr is 1.00000
---- item 601: map is 0.26667, precision@k is 0.33333, mrr is 0.20000
---- item 651: map is 0.27979, precision@k is 0.18182, mrr is 0.50000
---- item 701: map is 0.26786, precision@k is 0.28571, mrr is 0.25000
[Stat]LDA_Item model, Interpolation mode item tagging: Precision@K is 0.16308, MAP is: 0.25757, MRR is: 0.51557, in top 10 tags
244 users are loaded from /home/ll5fy/TUIR/dataset/yelp/byUser_70k_review/5foldsCVColdstart/1/...
260 users are loaded from /home/ll5fy/TUIR/dataset/yelp/byUser_70k_review/5foldsCVColdstart/0/...
266 users are loaded from /home/ll5fy/TUIR/dataset/yelp/byUser_70k_review/5foldsCVColdstart/2/...
264 users are loaded from /home/ll5fy/TUIR/dataset/yelp/byUser_70k_review/5foldsCVColdstart/3/...
256 users are loaded from /home/ll5fy/TUIR/dataset/yelp/byUser_70k_review/5foldsCVColdstart/4/...
[Info]Finish loading 732 items' weights in total 156639 items!
[Info]Begin tagging 732 items with LDA_Item Interpolation............
---- item 1: map is 0.67628, precision@k is 0.18182, mrr is 1.00000
---- item 51: map is 0.34416, precision@k is 0.09091, mrr is 1.00000
---- item 101: map is 0.12374, precision@k is 0.09091, mrr is 0.25000
---- item 151: map is 0.43849, precision@k is 0.18182, mrr is 1.00000
---- item 201: map is 1.00000, precision@k is 1.00000, mrr is 1.00000
---- item 251: map is 0.33333, precision@k is 0.09091, mrr is 0.50000
---- item 301: map is 0.44715, precision@k is 0.18182, mrr is 1.00000
---- item 351: map is 0.26639, precision@k is 0.09091, mrr is 0.50000
---- item 401: map is 0.17985, precision@k is 0.09091, mrr is 0.50000
---- item 451: map is 0.26534, precision@k is 0.18182, mrr is 1.00000
---- item 501: map is 0.50000, precision@k is 0.50000, mrr is 0.50000
---- item 551: map is 0.00433, precision@k is 0.00000, mrr is 0.00266
---- item 601: map is 0.02025, precision@k is 0.00000, mrr is 0.02381
---- item 651: map is 0.19056, precision@k is 0.09091, mrr is 0.50000
---- item 701: map is 0.41550, precision@k is 0.18182, mrr is 1.00000
[Stat]LDA_Item model, Interpolation mode item tagging: Precision@K is 0.22109, MAP is: 0.38661, MRR is: 0.72268, in top 10 tags
266 users are loaded from /home/ll5fy/TUIR/dataset/yelp/byUser_70k_review/5foldsCVColdstart/2/...
260 users are loaded from /home/ll5fy/TUIR/dataset/yelp/byUser_70k_review/5foldsCVColdstart/0/...
244 users are loaded from /home/ll5fy/TUIR/dataset/yelp/byUser_70k_review/5foldsCVColdstart/1/...
264 users are loaded from /home/ll5fy/TUIR/dataset/yelp/byUser_70k_review/5foldsCVColdstart/3/...
256 users are loaded from /home/ll5fy/TUIR/dataset/yelp/byUser_70k_review/5foldsCVColdstart/4/...
[Info]Finish loading 702 items' weights in total 156639 items!
[Info]Begin tagging 702 items with LDA_Item Interpolation............
---- item 1: map is 0.44707, precision@k is 0.18182, mrr is 1.00000
---- item 51: map is 0.32060, precision@k is 0.27273, mrr is 0.50000
---- item 101: map is 0.50521, precision@k is 0.09091, mrr is 1.00000
---- item 151: map is 0.31580, precision@k is 0.18182, mrr is 0.50000
---- item 201: map is 0.18902, precision@k is 0.09091, mrr is 1.00000
---- item 251: map is 0.24699, precision@k is 0.27273, mrr is 0.50000
---- item 301: map is 0.20362, precision@k is 0.18182, mrr is 0.25000
---- item 351: map is 0.40735, precision@k is 0.18182, mrr is 1.00000
---- item 401: map is 0.46640, precision@k is 0.27273, mrr is 1.00000
---- item 451: map is 0.69089, precision@k is 0.27273, mrr is 1.00000
---- item 501: map is 0.33169, precision@k is 0.27273, mrr is 0.50000
---- item 551: map is 0.65211, precision@k is 0.27273, mrr is 1.00000
---- item 601: map is 0.28731, precision@k is 0.27273, mrr is 0.50000
---- item 651: map is 0.42169, precision@k is 0.18182, mrr is 1.00000
---- item 701: map is 0.50000, precision@k is 0.50000, mrr is 0.50000
[Stat]LDA_Item model, Interpolation mode item tagging: Precision@K is 0.21951, MAP is: 0.38653, MRR is: 0.70264, in top 10 tags
264 users are loaded from /home/ll5fy/TUIR/dataset/yelp/byUser_70k_review/5foldsCVColdstart/3/...
260 users are loaded from /home/ll5fy/TUIR/dataset/yelp/byUser_70k_review/5foldsCVColdstart/0/...
244 users are loaded from /home/ll5fy/TUIR/dataset/yelp/byUser_70k_review/5foldsCVColdstart/1/...
266 users are loaded from /home/ll5fy/TUIR/dataset/yelp/byUser_70k_review/5foldsCVColdstart/2/...
256 users are loaded from /home/ll5fy/TUIR/dataset/yelp/byUser_70k_review/5foldsCVColdstart/4/...
[Info]Finish loading 717 items' weights in total 156639 items!
[Info]Begin tagging 717 items with LDA_Item Interpolation............
---- item 1: map is 0.67687, precision@k is 0.18182, mrr is 1.00000
---- item 51: map is 0.41074, precision@k is 0.18182, mrr is 1.00000
---- item 101: map is 0.22500, precision@k is 0.20000, mrr is 0.25000
---- item 151: map is 0.09014, precision@k is 0.09091, mrr is 0.16667
---- item 201: map is 0.28480, precision@k is 0.18182, mrr is 0.50000
---- item 251: map is 0.16962, precision@k is 0.09091, mrr is 0.33333
---- item 301: map is 0.27053, precision@k is 0.18182, mrr is 0.33333
---- item 351: map is 0.02545, precision@k is 0.00000, mrr is 0.04167
---- item 401: map is 0.00675, precision@k is 0.00000, mrr is 0.00481
---- item 451: map is 0.52778, precision@k is 0.09091, mrr is 1.00000
---- item 501: map is 1.00000, precision@k is 1.00000, mrr is 1.00000
---- item 551: map is 0.67127, precision@k is 0.18182, mrr is 1.00000
---- item 601: map is 0.11907, precision@k is 0.09091, mrr is 0.33333
---- item 651: map is 0.26542, precision@k is 0.18182, mrr is 0.50000
---- item 701: map is 0.34535, precision@k is 0.18182, mrr is 1.00000
[Stat]LDA_Item model, Interpolation mode item tagging: Precision@K is 0.22128, MAP is: 0.37651, MRR is: 0.68777, in top 10 tags
256 users are loaded from /home/ll5fy/TUIR/dataset/yelp/byUser_70k_review/5foldsCVColdstart/4/...
260 users are loaded from /home/ll5fy/TUIR/dataset/yelp/byUser_70k_review/5foldsCVColdstart/0/...
244 users are loaded from /home/ll5fy/TUIR/dataset/yelp/byUser_70k_review/5foldsCVColdstart/1/...
266 users are loaded from /home/ll5fy/TUIR/dataset/yelp/byUser_70k_review/5foldsCVColdstart/2/...
264 users are loaded from /home/ll5fy/TUIR/dataset/yelp/byUser_70k_review/5foldsCVColdstart/3/...
[Info]Finish loading 726 items' weights in total 156639 items!
[Info]Begin tagging 726 items with LDA_Item Interpolation............
---- item 1: map is 0.67687, precision@k is 0.18182, mrr is 1.00000
---- item 51: map is 0.22865, precision@k is 0.09091, mrr is 1.00000
---- item 101: map is 0.51408, precision@k is 0.18182, mrr is 1.00000
---- item 151: map is 0.18242, precision@k is 0.09091, mrr is 0.50000
---- item 201: map is 0.83333, precision@k is 0.66667, mrr is 1.00000
---- item 251: map is 0.34917, precision@k is 0.09091, mrr is 1.00000
---- item 301: map is 0.41921, precision@k is 0.18182, mrr is 1.00000
---- item 351: map is 1.00000, precision@k is 1.00000, mrr is 1.00000
---- item 401: map is 0.37595, precision@k is 0.09091, mrr is 1.00000
---- item 451: map is 0.20071, precision@k is 0.09091, mrr is 0.50000
---- item 501: map is 0.56010, precision@k is 0.18182, mrr is 1.00000
---- item 551: map is 0.51237, precision@k is 0.27273, mrr is 1.00000
---- item 601: map is 0.41733, precision@k is 0.27273, mrr is 0.50000
---- item 651: map is 0.62500, precision@k is 0.37500, mrr is 1.00000
---- item 701: map is 0.50888, precision@k is 0.18182, mrr is 1.00000
[Stat]LDA_Item model, Interpolation mode item tagging: Precision@K is 0.22692, MAP is: 0.38415, MRR is: 0.69044, in top 10 tags

[Stat]Running time (seconds) 303.25700
[Stat]MAP 0.358+/-0.050
[Stat]MRR 0.664+/-0.075
[Stat]Precision 0.210+/-0.024
