Load 6134 2-gram new features from /home/ll5fy/TUIR/dataset/yelp/yelp_features.txt...
Load 6134 2-gram new features from /home/ll5fy/TUIR/dataset/yelp/yelp_features.txt...
[Info]Start FIXED cross validation...
[Info]Load 553 tags, with 6134 features.
260 users are loaded from /home/ll5fy/TUIR/dataset/yelp/byUser_70k_review/5foldsCVColdstart/0/...
244 users are loaded from /home/ll5fy/TUIR/dataset/yelp/byUser_70k_review/5foldsCVColdstart/1/...
266 users are loaded from /home/ll5fy/TUIR/dataset/yelp/byUser_70k_review/5foldsCVColdstart/2/...
264 users are loaded from /home/ll5fy/TUIR/dataset/yelp/byUser_70k_review/5foldsCVColdstart/3/...
256 users are loaded from /home/ll5fy/TUIR/dataset/yelp/byUser_70k_review/5foldsCVColdstart/4/...
[Info]Finish loading 722 items' weights in total 156639 items!
[Info]Begin tagging 722 items with LDA_Item Interpolation............
---- item 1: map is 0.45013, precision@k is 0.18182, mrr is 1.00000
---- item 51: map is 0.16856, precision@k is 0.09091, mrr is 0.33333
---- item 101: map is 0.15948, precision@k is 0.09091, mrr is 0.25000
---- item 151: map is 0.10457, precision@k is 0.09091, mrr is 0.20000
---- item 201: map is 0.34090, precision@k is 0.18182, mrr is 1.00000
---- item 251: map is 0.83333, precision@k is 0.66667, mrr is 1.00000
---- item 301: map is 0.06956, precision@k is 0.09091, mrr is 0.14286
---- item 351: map is 0.31924, precision@k is 0.18182, mrr is 1.00000
---- item 401: map is 0.32082, precision@k is 0.18182, mrr is 1.00000
---- item 451: map is 0.45468, precision@k is 0.18182, mrr is 1.00000
---- item 501: map is 0.09339, precision@k is 0.09091, mrr is 0.25000
---- item 551: map is 0.36044, precision@k is 0.09091, mrr is 1.00000
---- item 601: map is 0.26667, precision@k is 0.33333, mrr is 0.20000
---- item 651: map is 0.26754, precision@k is 0.18182, mrr is 0.50000
---- item 701: map is 0.20833, precision@k is 0.25000, mrr is 0.16667
[Stat]LDA_Item model, Interpolation mode item tagging: Precision@K is 0.15657, MAP is: 0.24549, MRR is: 0.49360, in top 10 tags
244 users are loaded from /home/ll5fy/TUIR/dataset/yelp/byUser_70k_review/5foldsCVColdstart/1/...
260 users are loaded from /home/ll5fy/TUIR/dataset/yelp/byUser_70k_review/5foldsCVColdstart/0/...
266 users are loaded from /home/ll5fy/TUIR/dataset/yelp/byUser_70k_review/5foldsCVColdstart/2/...
264 users are loaded from /home/ll5fy/TUIR/dataset/yelp/byUser_70k_review/5foldsCVColdstart/3/...
256 users are loaded from /home/ll5fy/TUIR/dataset/yelp/byUser_70k_review/5foldsCVColdstart/4/...
[Info]Finish loading 732 items' weights in total 156639 items!
[Info]Begin tagging 732 items with LDA_Item Interpolation............
---- item 1: map is 0.67507, precision@k is 0.18182, mrr is 1.00000
---- item 51: map is 0.36876, precision@k is 0.09091, mrr is 1.00000
---- item 101: map is 0.12101, precision@k is 0.09091, mrr is 0.25000
---- item 151: map is 0.42824, precision@k is 0.18182, mrr is 1.00000
---- item 201: map is 0.83333, precision@k is 0.66667, mrr is 1.00000
---- item 251: map is 0.29000, precision@k is 0.09091, mrr is 0.50000
---- item 301: map is 0.44698, precision@k is 0.18182, mrr is 1.00000
---- item 351: map is 0.26754, precision@k is 0.09091, mrr is 0.50000
---- item 401: map is 0.17774, precision@k is 0.09091, mrr is 0.50000
---- item 451: map is 0.26840, precision@k is 0.18182, mrr is 1.00000
---- item 501: map is 0.50000, precision@k is 0.50000, mrr is 0.50000
---- item 551: map is 0.00420, precision@k is 0.00000, mrr is 0.00247
---- item 601: map is 0.01676, precision@k is 0.00000, mrr is 0.01515
---- item 651: map is 0.19513, precision@k is 0.09091, mrr is 0.50000
---- item 701: map is 0.41709, precision@k is 0.18182, mrr is 1.00000
[Stat]LDA_Item model, Interpolation mode item tagging: Precision@K is 0.21685, MAP is: 0.38316, MRR is: 0.72466, in top 10 tags
266 users are loaded from /home/ll5fy/TUIR/dataset/yelp/byUser_70k_review/5foldsCVColdstart/2/...
260 users are loaded from /home/ll5fy/TUIR/dataset/yelp/byUser_70k_review/5foldsCVColdstart/0/...
244 users are loaded from /home/ll5fy/TUIR/dataset/yelp/byUser_70k_review/5foldsCVColdstart/1/...
264 users are loaded from /home/ll5fy/TUIR/dataset/yelp/byUser_70k_review/5foldsCVColdstart/3/...
256 users are loaded from /home/ll5fy/TUIR/dataset/yelp/byUser_70k_review/5foldsCVColdstart/4/...
[Info]Finish loading 702 items' weights in total 156639 items!
[Info]Begin tagging 702 items with LDA_Item Interpolation............
---- item 1: map is 0.55877, precision@k is 0.18182, mrr is 1.00000
---- item 51: map is 0.30484, precision@k is 0.27273, mrr is 0.50000
---- item 101: map is 0.50461, precision@k is 0.09091, mrr is 1.00000
---- item 151: map is 0.26697, precision@k is 0.18182, mrr is 0.50000
---- item 201: map is 0.20040, precision@k is 0.09091, mrr is 1.00000
---- item 251: map is 0.24680, precision@k is 0.27273, mrr is 0.50000
---- item 301: map is 0.21387, precision@k is 0.18182, mrr is 0.33333
---- item 351: map is 0.39514, precision@k is 0.09091, mrr is 1.00000
---- item 401: map is 0.47239, precision@k is 0.27273, mrr is 1.00000
---- item 451: map is 0.75448, precision@k is 0.27273, mrr is 1.00000
---- item 501: map is 0.33076, precision@k is 0.27273, mrr is 0.50000
---- item 551: map is 0.56871, precision@k is 0.27273, mrr is 1.00000
---- item 601: map is 0.28650, precision@k is 0.27273, mrr is 0.50000
---- item 651: map is 0.39343, precision@k is 0.09091, mrr is 1.00000
---- item 701: map is 0.41667, precision@k is 0.50000, mrr is 0.33333
[Stat]LDA_Item model, Interpolation mode item tagging: Precision@K is 0.21747, MAP is: 0.38136, MRR is: 0.69390, in top 10 tags
264 users are loaded from /home/ll5fy/TUIR/dataset/yelp/byUser_70k_review/5foldsCVColdstart/3/...
260 users are loaded from /home/ll5fy/TUIR/dataset/yelp/byUser_70k_review/5foldsCVColdstart/0/...
244 users are loaded from /home/ll5fy/TUIR/dataset/yelp/byUser_70k_review/5foldsCVColdstart/1/...
266 users are loaded from /home/ll5fy/TUIR/dataset/yelp/byUser_70k_review/5foldsCVColdstart/2/...
256 users are loaded from /home/ll5fy/TUIR/dataset/yelp/byUser_70k_review/5foldsCVColdstart/4/...
[Info]Finish loading 717 items' weights in total 156639 items!
[Info]Begin tagging 717 items with LDA_Item Interpolation............
---- item 1: map is 0.67638, precision@k is 0.18182, mrr is 1.00000
---- item 51: map is 0.47111, precision@k is 0.18182, mrr is 1.00000
---- item 101: map is 0.23611, precision@k is 0.22222, mrr is 0.25000
---- item 151: map is 0.09121, precision@k is 0.09091, mrr is 0.16667
---- item 201: map is 0.28822, precision@k is 0.18182, mrr is 0.50000
---- item 251: map is 0.16922, precision@k is 0.09091, mrr is 0.33333
---- item 301: map is 0.27201, precision@k is 0.18182, mrr is 0.33333
---- item 351: map is 0.02059, precision@k is 0.00000, mrr is 0.03030
---- item 401: map is 0.00659, precision@k is 0.00000, mrr is 0.00463
---- item 451: map is 0.52564, precision@k is 0.09091, mrr is 1.00000
---- item 501: map is 1.00000, precision@k is 1.00000, mrr is 1.00000
---- item 551: map is 0.67103, precision@k is 0.18182, mrr is 1.00000
---- item 601: map is 0.11966, precision@k is 0.09091, mrr is 0.33333
---- item 651: map is 0.26468, precision@k is 0.18182, mrr is 0.50000
---- item 701: map is 0.36625, precision@k is 0.18182, mrr is 1.00000
[Stat]LDA_Item model, Interpolation mode item tagging: Precision@K is 0.22723, MAP is: 0.38821, MRR is: 0.70407, in top 10 tags
256 users are loaded from /home/ll5fy/TUIR/dataset/yelp/byUser_70k_review/5foldsCVColdstart/4/...
260 users are loaded from /home/ll5fy/TUIR/dataset/yelp/byUser_70k_review/5foldsCVColdstart/0/...
244 users are loaded from /home/ll5fy/TUIR/dataset/yelp/byUser_70k_review/5foldsCVColdstart/1/...
266 users are loaded from /home/ll5fy/TUIR/dataset/yelp/byUser_70k_review/5foldsCVColdstart/2/...
264 users are loaded from /home/ll5fy/TUIR/dataset/yelp/byUser_70k_review/5foldsCVColdstart/3/...
[Info]Finish loading 726 items' weights in total 156639 items!
[Info]Begin tagging 726 items with LDA_Item Interpolation............
---- item 1: map is 0.67601, precision@k is 0.18182, mrr is 1.00000
---- item 51: map is 0.23716, precision@k is 0.09091, mrr is 1.00000
---- item 101: map is 0.51282, precision@k is 0.18182, mrr is 1.00000
---- item 151: map is 0.18042, precision@k is 0.09091, mrr is 0.50000
---- item 201: map is 0.83333, precision@k is 0.66667, mrr is 1.00000
---- item 251: map is 0.34726, precision@k is 0.09091, mrr is 1.00000
---- item 301: map is 0.41949, precision@k is 0.18182, mrr is 1.00000
---- item 351: map is 1.00000, precision@k is 1.00000, mrr is 1.00000
---- item 401: map is 0.38704, precision@k is 0.09091, mrr is 1.00000
---- item 451: map is 0.19121, precision@k is 0.09091, mrr is 0.50000
---- item 501: map is 0.63426, precision@k is 0.27273, mrr is 1.00000
---- item 551: map is 0.52585, precision@k is 0.27273, mrr is 1.00000
---- item 601: map is 0.43159, precision@k is 0.27273, mrr is 0.50000
---- item 651: map is 0.64286, precision@k is 0.42857, mrr is 1.00000
---- item 701: map is 0.50893, precision@k is 0.18182, mrr is 1.00000
[Stat]LDA_Item model, Interpolation mode item tagging: Precision@K is 0.22830, MAP is: 0.38663, MRR is: 0.69352, in top 10 tags

[Stat]Running time (seconds) 305.25500
[Stat]MAP 0.357+/-0.056
[Stat]MRR 0.662+/-0.085
[Stat]Precision 0.209+/-0.027
