Load 6134 2-gram new features from /home/ll5fy/TUIR/dataset/yelp/yelp_features.txt...
Load 6134 2-gram new features from /home/ll5fy/TUIR/dataset/yelp/yelp_features.txt...
[Info]Start FIXED cross validation...
[Info]Load 553 tags, with 6134 features.
260 users are loaded from /home/ll5fy/TUIR/dataset/yelp/byUser_70k_review/5foldsCVColdstart/0/...
244 users are loaded from /home/ll5fy/TUIR/dataset/yelp/byUser_70k_review/5foldsCVColdstart/1/...
266 users are loaded from /home/ll5fy/TUIR/dataset/yelp/byUser_70k_review/5foldsCVColdstart/2/...
264 users are loaded from /home/ll5fy/TUIR/dataset/yelp/byUser_70k_review/5foldsCVColdstart/3/...
256 users are loaded from /home/ll5fy/TUIR/dataset/yelp/byUser_70k_review/5foldsCVColdstart/4/...
[Info]Finish loading 722 items' weights in total 156639 items!
[Info]Begin tagging 722 items with LDA_Item Interpolation............
---- item 1: map is 0.47062, precision@k is 0.18182, mrr is 1.00000
---- item 51: map is 0.12683, precision@k is 0.09091, mrr is 0.25000
---- item 101: map is 0.13435, precision@k is 0.09091, mrr is 0.25000
---- item 151: map is 0.09849, precision@k is 0.09091, mrr is 0.25000
---- item 201: map is 0.35588, precision@k is 0.18182, mrr is 1.00000
---- item 251: map is 0.83333, precision@k is 0.66667, mrr is 1.00000
---- item 301: map is 0.09144, precision@k is 0.09091, mrr is 0.25000
---- item 351: map is 0.35564, precision@k is 0.18182, mrr is 1.00000
---- item 401: map is 0.16362, precision@k is 0.18182, mrr is 0.25000
---- item 451: map is 0.23907, precision@k is 0.18182, mrr is 0.50000
---- item 501: map is 0.08820, precision@k is 0.09091, mrr is 0.25000
---- item 551: map is 0.17598, precision@k is 0.09091, mrr is 0.50000
---- item 601: map is 0.14674, precision@k is 0.09091, mrr is 0.25000
---- item 651: map is 0.27070, precision@k is 0.18182, mrr is 0.50000
---- item 701: map is 0.14063, precision@k is 0.09091, mrr is 0.25000
[Stat]LDA_Item model, Interpolation mode item tagging: Precision@K is 0.12780, MAP is: 0.18691, MRR is: 0.39605, in top 10 tags
244 users are loaded from /home/ll5fy/TUIR/dataset/yelp/byUser_70k_review/5foldsCVColdstart/1/...
260 users are loaded from /home/ll5fy/TUIR/dataset/yelp/byUser_70k_review/5foldsCVColdstart/0/...
266 users are loaded from /home/ll5fy/TUIR/dataset/yelp/byUser_70k_review/5foldsCVColdstart/2/...
264 users are loaded from /home/ll5fy/TUIR/dataset/yelp/byUser_70k_review/5foldsCVColdstart/3/...
256 users are loaded from /home/ll5fy/TUIR/dataset/yelp/byUser_70k_review/5foldsCVColdstart/4/...
[Info]Finish loading 732 items' weights in total 156639 items!
[Info]Begin tagging 732 items with LDA_Item Interpolation............
---- item 1: map is 0.68421, precision@k is 0.18182, mrr is 1.00000
---- item 51: map is 0.35762, precision@k is 0.09091, mrr is 1.00000
---- item 101: map is 0.20007, precision@k is 0.09091, mrr is 0.50000
---- item 151: map is 0.46152, precision@k is 0.18182, mrr is 1.00000
---- item 201: map is 1.00000, precision@k is 1.00000, mrr is 1.00000
---- item 251: map is 0.57143, precision@k is 0.09091, mrr is 1.00000
---- item 301: map is 0.43110, precision@k is 0.18182, mrr is 1.00000
---- item 351: map is 0.26370, precision@k is 0.09091, mrr is 0.50000
---- item 401: map is 0.34560, precision@k is 0.09091, mrr is 1.00000
---- item 451: map is 0.27459, precision@k is 0.18182, mrr is 1.00000
---- item 501: map is 0.05263, precision@k is 0.00000, mrr is 0.05263
---- item 551: map is 0.00421, precision@k is 0.00000, mrr is 0.00248
---- item 601: map is 0.01778, precision@k is 0.00000, mrr is 0.02174
---- item 651: map is 0.18423, precision@k is 0.09091, mrr is 0.50000
---- item 701: map is 0.41429, precision@k is 0.18182, mrr is 1.00000
[Stat]LDA_Item model, Interpolation mode item tagging: Precision@K is 0.20111, MAP is: 0.37773, MRR is: 0.74154, in top 10 tags
266 users are loaded from /home/ll5fy/TUIR/dataset/yelp/byUser_70k_review/5foldsCVColdstart/2/...
260 users are loaded from /home/ll5fy/TUIR/dataset/yelp/byUser_70k_review/5foldsCVColdstart/0/...
244 users are loaded from /home/ll5fy/TUIR/dataset/yelp/byUser_70k_review/5foldsCVColdstart/1/...
264 users are loaded from /home/ll5fy/TUIR/dataset/yelp/byUser_70k_review/5foldsCVColdstart/3/...
256 users are loaded from /home/ll5fy/TUIR/dataset/yelp/byUser_70k_review/5foldsCVColdstart/4/...
[Info]Finish loading 702 items' weights in total 156639 items!
[Info]Begin tagging 702 items with LDA_Item Interpolation............
---- item 1: map is 0.39186, precision@k is 0.09091, mrr is 1.00000
---- item 51: map is 0.22070, precision@k is 0.18182, mrr is 0.50000
---- item 101: map is 0.01550, precision@k is 0.00000, mrr is 0.02041
---- item 151: map is 0.30734, precision@k is 0.18182, mrr is 0.50000
---- item 201: map is 0.20139, precision@k is 0.09091, mrr is 1.00000
---- item 251: map is 0.23277, precision@k is 0.27273, mrr is 0.50000
---- item 301: map is 0.21588, precision@k is 0.09091, mrr is 0.50000
---- item 351: map is 0.38883, precision@k is 0.09091, mrr is 1.00000
---- item 401: map is 0.47983, precision@k is 0.27273, mrr is 1.00000
---- item 451: map is 0.69519, precision@k is 0.27273, mrr is 1.00000
---- item 501: map is 0.20300, precision@k is 0.18182, mrr is 0.50000
---- item 551: map is 0.41032, precision@k is 0.27273, mrr is 1.00000
---- item 601: map is 0.30557, precision@k is 0.27273, mrr is 0.50000
---- item 651: map is 0.38608, precision@k is 0.09091, mrr is 1.00000
---- item 701: map is 0.41667, precision@k is 0.50000, mrr is 0.33333
[Stat]LDA_Item model, Interpolation mode item tagging: Precision@K is 0.20630, MAP is: 0.37900, MRR is: 0.72652, in top 10 tags
264 users are loaded from /home/ll5fy/TUIR/dataset/yelp/byUser_70k_review/5foldsCVColdstart/3/...
260 users are loaded from /home/ll5fy/TUIR/dataset/yelp/byUser_70k_review/5foldsCVColdstart/0/...
244 users are loaded from /home/ll5fy/TUIR/dataset/yelp/byUser_70k_review/5foldsCVColdstart/1/...
266 users are loaded from /home/ll5fy/TUIR/dataset/yelp/byUser_70k_review/5foldsCVColdstart/2/...
256 users are loaded from /home/ll5fy/TUIR/dataset/yelp/byUser_70k_review/5foldsCVColdstart/4/...
[Info]Finish loading 717 items' weights in total 156639 items!
[Info]Begin tagging 717 items with LDA_Item Interpolation............
---- item 1: map is 0.67677, precision@k is 0.18182, mrr is 1.00000
---- item 51: map is 0.43645, precision@k is 0.18182, mrr is 1.00000
---- item 101: map is 0.16500, precision@k is 0.09091, mrr is 0.25000
---- item 151: map is 0.10625, precision@k is 0.09091, mrr is 0.20000
---- item 201: map is 0.19840, precision@k is 0.18182, mrr is 0.50000
---- item 251: map is 0.25227, precision@k is 0.09091, mrr is 0.50000
---- item 301: map is 0.30000, precision@k is 0.18182, mrr is 0.50000
---- item 351: map is 0.02478, precision@k is 0.00000, mrr is 0.03125
---- item 401: map is 0.00615, precision@k is 0.00000, mrr is 0.00439
---- item 451: map is 0.51471, precision@k is 0.09091, mrr is 1.00000
---- item 501: map is 1.00000, precision@k is 1.00000, mrr is 1.00000
---- item 551: map is 0.67075, precision@k is 0.18182, mrr is 1.00000
---- item 601: map is 0.34066, precision@k is 0.09091, mrr is 1.00000
---- item 651: map is 0.17426, precision@k is 0.18182, mrr is 0.50000
---- item 701: map is 0.05280, precision@k is 0.09091, mrr is 0.11111
[Stat]LDA_Item model, Interpolation mode item tagging: Precision@K is 0.20949, MAP is: 0.37997, MRR is: 0.72816, in top 10 tags
256 users are loaded from /home/ll5fy/TUIR/dataset/yelp/byUser_70k_review/5foldsCVColdstart/4/...
260 users are loaded from /home/ll5fy/TUIR/dataset/yelp/byUser_70k_review/5foldsCVColdstart/0/...
244 users are loaded from /home/ll5fy/TUIR/dataset/yelp/byUser_70k_review/5foldsCVColdstart/1/...
266 users are loaded from /home/ll5fy/TUIR/dataset/yelp/byUser_70k_review/5foldsCVColdstart/2/...
264 users are loaded from /home/ll5fy/TUIR/dataset/yelp/byUser_70k_review/5foldsCVColdstart/3/...
[Info]Finish loading 726 items' weights in total 156639 items!
[Info]Begin tagging 726 items with LDA_Item Interpolation............
---- item 1: map is 0.67338, precision@k is 0.18182, mrr is 1.00000
---- item 51: map is 0.22264, precision@k is 0.09091, mrr is 1.00000
---- item 101: map is 0.58258, precision@k is 0.18182, mrr is 1.00000
---- item 151: map is 0.34840, precision@k is 0.09091, mrr is 1.00000
---- item 201: map is 0.83333, precision@k is 0.66667, mrr is 1.00000
---- item 251: map is 0.34841, precision@k is 0.09091, mrr is 1.00000
---- item 301: map is 0.44698, precision@k is 0.18182, mrr is 1.00000
---- item 351: map is 1.00000, precision@k is 1.00000, mrr is 1.00000
---- item 401: map is 0.35648, precision@k is 0.09091, mrr is 1.00000
---- item 451: map is 0.20238, precision@k is 0.09091, mrr is 0.50000
---- item 501: map is 0.53440, precision@k is 0.18182, mrr is 1.00000
---- item 551: map is 0.52475, precision@k is 0.18182, mrr is 1.00000
---- item 601: map is 0.36354, precision@k is 0.18182, mrr is 0.50000
---- item 651: map is 0.53704, precision@k is 0.18182, mrr is 1.00000
---- item 701: map is 0.50805, precision@k is 0.18182, mrr is 1.00000
[Stat]LDA_Item model, Interpolation mode item tagging: Precision@K is 0.21684, MAP is: 0.38788, MRR is: 0.72635, in top 10 tags

[Stat]Running time (seconds) 301.57000
[Stat]MAP 0.342+/-0.078
[Stat]MRR 0.664+/-0.134
[Stat]Precision 0.192+/-0.033
