Load 6134 2-gram new features from /home/ll5fy/TUIR/dataset/yelp/yelp_features.txt...
Load 6134 2-gram new features from /home/ll5fy/TUIR/dataset/yelp/yelp_features.txt...
[Info]Start FIXED cross validation...
[Info]Load 553 tags, with 6134 features.
260 users are loaded from /home/ll5fy/TUIR/dataset/yelp/byUser_70k_review/5foldsCVColdstart/0/...
244 users are loaded from /home/ll5fy/TUIR/dataset/yelp/byUser_70k_review/5foldsCVColdstart/1/...
266 users are loaded from /home/ll5fy/TUIR/dataset/yelp/byUser_70k_review/5foldsCVColdstart/2/...
264 users are loaded from /home/ll5fy/TUIR/dataset/yelp/byUser_70k_review/5foldsCVColdstart/3/...
256 users are loaded from /home/ll5fy/TUIR/dataset/yelp/byUser_70k_review/5foldsCVColdstart/4/...
[Info]Finish loading 722 items' weights in total 156639 items!
[Info]Begin tagging 722 items with LDA_Item Interpolation............
---- item 1: map is 0.50606, precision@k is 0.18182, mrr is 1.00000
---- item 51: map is 0.12690, precision@k is 0.09091, mrr is 0.25000
---- item 101: map is 0.75000, precision@k is 0.50000, mrr is 1.00000
---- item 151: map is 0.22077, precision@k is 0.09091, mrr is 0.50000
---- item 201: map is 0.33236, precision@k is 0.18182, mrr is 1.00000
---- item 251: map is 0.83333, precision@k is 0.66667, mrr is 1.00000
---- item 301: map is 0.11383, precision@k is 0.09091, mrr is 0.20000
---- item 351: map is 0.32552, precision@k is 0.18182, mrr is 1.00000
---- item 401: map is 0.29400, precision@k is 0.09091, mrr is 1.00000
---- item 451: map is 0.65291, precision@k is 0.27273, mrr is 1.00000
---- item 501: map is 0.34328, precision@k is 0.09091, mrr is 1.00000
---- item 551: map is 0.66999, precision@k is 0.18182, mrr is 1.00000
---- item 601: map is 0.36111, precision@k is 0.22222, mrr is 0.50000
---- item 651: map is 0.22818, precision@k is 0.18182, mrr is 0.50000
---- item 701: map is 0.64286, precision@k is 0.28571, mrr is 1.00000
[Stat]LDA_Item model, Interpolation mode item tagging: Precision@K is 0.20368, MAP is: 0.34844, MRR is: 0.64305, in top 10 tags
244 users are loaded from /home/ll5fy/TUIR/dataset/yelp/byUser_70k_review/5foldsCVColdstart/1/...
260 users are loaded from /home/ll5fy/TUIR/dataset/yelp/byUser_70k_review/5foldsCVColdstart/0/...
266 users are loaded from /home/ll5fy/TUIR/dataset/yelp/byUser_70k_review/5foldsCVColdstart/2/...
264 users are loaded from /home/ll5fy/TUIR/dataset/yelp/byUser_70k_review/5foldsCVColdstart/3/...
256 users are loaded from /home/ll5fy/TUIR/dataset/yelp/byUser_70k_review/5foldsCVColdstart/4/...
[Info]Finish loading 732 items' weights in total 156639 items!
[Info]Begin tagging 732 items with LDA_Item Interpolation............
---- item 1: map is 0.51031, precision@k is 0.18182, mrr is 1.00000
---- item 51: map is 0.56063, precision@k is 0.18182, mrr is 1.00000
---- item 101: map is 0.06443, precision@k is 0.00000, mrr is 0.07692
---- item 151: map is 0.34582, precision@k is 0.18182, mrr is 1.00000
---- item 201: map is 0.70000, precision@k is 0.40000, mrr is 1.00000
---- item 251: map is 0.41667, precision@k is 0.50000, mrr is 0.33333
---- item 301: map is 0.41931, precision@k is 0.18182, mrr is 1.00000
---- item 351: map is 0.41667, precision@k is 0.50000, mrr is 0.33333
---- item 401: map is 0.06724, precision@k is 0.09091, mrr is 0.16667
---- item 451: map is 0.32329, precision@k is 0.18182, mrr is 1.00000
---- item 501: map is 0.50000, precision@k is 0.50000, mrr is 0.50000
---- item 551: map is 0.00419, precision@k is 0.00000, mrr is 0.00244
---- item 601: map is 0.04368, precision@k is 0.00000, mrr is 0.07143
---- item 651: map is 0.53333, precision@k is 0.60000, mrr is 0.50000
---- item 701: map is 0.28444, precision@k is 0.18182, mrr is 1.00000
[Stat]LDA_Item model, Interpolation mode item tagging: Precision@K is 0.22064, MAP is: 0.36411, MRR is: 0.65002, in top 10 tags
266 users are loaded from /home/ll5fy/TUIR/dataset/yelp/byUser_70k_review/5foldsCVColdstart/2/...
260 users are loaded from /home/ll5fy/TUIR/dataset/yelp/byUser_70k_review/5foldsCVColdstart/0/...
244 users are loaded from /home/ll5fy/TUIR/dataset/yelp/byUser_70k_review/5foldsCVColdstart/1/...
264 users are loaded from /home/ll5fy/TUIR/dataset/yelp/byUser_70k_review/5foldsCVColdstart/3/...
256 users are loaded from /home/ll5fy/TUIR/dataset/yelp/byUser_70k_review/5foldsCVColdstart/4/...
[Info]Finish loading 702 items' weights in total 156639 items!
[Info]Begin tagging 702 items with LDA_Item Interpolation............
---- item 1: map is 0.69231, precision@k is 0.18182, mrr is 1.00000
---- item 51: map is 0.39372, precision@k is 0.27273, mrr is 0.50000
---- item 101: map is 0.50758, precision@k is 0.09091, mrr is 1.00000
---- item 151: map is 0.28575, precision@k is 0.27273, mrr is 0.50000
---- item 201: map is 0.18088, precision@k is 0.09091, mrr is 1.00000
---- item 251: map is 0.25181, precision@k is 0.27273, mrr is 0.50000
---- item 301: map is 0.10452, precision@k is 0.09091, mrr is 0.16667
---- item 351: map is 0.42262, precision@k is 0.18182, mrr is 1.00000
---- item 401: map is 0.49790, precision@k is 0.36364, mrr is 1.00000
---- item 451: map is 0.66053, precision@k is 0.27273, mrr is 1.00000
---- item 501: map is 0.39712, precision@k is 0.27273, mrr is 0.50000
---- item 551: map is 0.47704, precision@k is 0.27273, mrr is 1.00000
---- item 601: map is 0.24741, precision@k is 0.27273, mrr is 0.33333
---- item 651: map is 0.37724, precision@k is 0.09091, mrr is 1.00000
---- item 701: map is 0.27778, precision@k is 0.22222, mrr is 0.33333
[Stat]LDA_Item model, Interpolation mode item tagging: Precision@K is 0.22278, MAP is: 0.36632, MRR is: 0.64154, in top 10 tags
264 users are loaded from /home/ll5fy/TUIR/dataset/yelp/byUser_70k_review/5foldsCVColdstart/3/...
260 users are loaded from /home/ll5fy/TUIR/dataset/yelp/byUser_70k_review/5foldsCVColdstart/0/...
244 users are loaded from /home/ll5fy/TUIR/dataset/yelp/byUser_70k_review/5foldsCVColdstart/1/...
266 users are loaded from /home/ll5fy/TUIR/dataset/yelp/byUser_70k_review/5foldsCVColdstart/2/...
256 users are loaded from /home/ll5fy/TUIR/dataset/yelp/byUser_70k_review/5foldsCVColdstart/4/...
[Info]Finish loading 717 items' weights in total 156639 items!
[Info]Begin tagging 717 items with LDA_Item Interpolation............
---- item 1: map is 0.45710, precision@k is 0.18182, mrr is 1.00000
---- item 51: map is 0.44883, precision@k is 0.18182, mrr is 1.00000
---- item 101: map is 0.22619, precision@k is 0.28571, mrr is 0.16667
---- item 151: map is 0.09074, precision@k is 0.09091, mrr is 0.16667
---- item 201: map is 0.34445, precision@k is 0.27273, mrr is 0.50000
---- item 251: map is 0.06560, precision@k is 0.09091, mrr is 0.12500
---- item 301: map is 0.30283, precision@k is 0.18182, mrr is 0.33333
---- item 351: map is 0.03672, precision@k is 0.00000, mrr is 0.03846
---- item 401: map is 0.00933, precision@k is 0.00000, mrr is 0.00962
---- item 451: map is 1.00000, precision@k is 1.00000, mrr is 1.00000
---- item 501: map is 1.00000, precision@k is 1.00000, mrr is 1.00000
---- item 551: map is 0.67241, precision@k is 0.18182, mrr is 1.00000
---- item 601: map is 0.03470, precision@k is 0.00000, mrr is 0.06667
---- item 651: map is 0.34441, precision@k is 0.27273, mrr is 0.50000
---- item 701: map is 0.42603, precision@k is 0.36364, mrr is 1.00000
[Stat]LDA_Item model, Interpolation mode item tagging: Precision@K is 0.21985, MAP is: 0.36581, MRR is: 0.65030, in top 10 tags
256 users are loaded from /home/ll5fy/TUIR/dataset/yelp/byUser_70k_review/5foldsCVColdstart/4/...
260 users are loaded from /home/ll5fy/TUIR/dataset/yelp/byUser_70k_review/5foldsCVColdstart/0/...
244 users are loaded from /home/ll5fy/TUIR/dataset/yelp/byUser_70k_review/5foldsCVColdstart/1/...
266 users are loaded from /home/ll5fy/TUIR/dataset/yelp/byUser_70k_review/5foldsCVColdstart/2/...
264 users are loaded from /home/ll5fy/TUIR/dataset/yelp/byUser_70k_review/5foldsCVColdstart/3/...
[Info]Finish loading 726 items' weights in total 156639 items!
[Info]Begin tagging 726 items with LDA_Item Interpolation............
---- item 1: map is 0.45894, precision@k is 0.18182, mrr is 1.00000
---- item 51: map is 0.22297, precision@k is 0.09091, mrr is 1.00000
---- item 101: map is 0.41864, precision@k is 0.18182, mrr is 1.00000
---- item 151: map is 0.12366, precision@k is 0.09091, mrr is 0.33333
---- item 201: map is 0.66667, precision@k is 0.33333, mrr is 1.00000
---- item 251: map is 0.34617, precision@k is 0.09091, mrr is 1.00000
---- item 301: map is 0.40299, precision@k is 0.18182, mrr is 1.00000
---- item 351: map is 1.00000, precision@k is 1.00000, mrr is 1.00000
---- item 401: map is 0.39305, precision@k is 0.09091, mrr is 1.00000
---- item 451: map is 0.19093, precision@k is 0.18182, mrr is 0.33333
---- item 501: map is 0.46488, precision@k is 0.18182, mrr is 1.00000
---- item 551: map is 0.51263, precision@k is 0.27273, mrr is 1.00000
---- item 601: map is 0.40833, precision@k is 0.27273, mrr is 0.50000
---- item 651: map is 0.70000, precision@k is 0.60000, mrr is 1.00000
---- item 701: map is 0.51326, precision@k is 0.18182, mrr is 1.00000
[Stat]LDA_Item model, Interpolation mode item tagging: Precision@K is 0.21620, MAP is: 0.36482, MRR is: 0.64718, in top 10 tags

[Stat]Running time (seconds) 307.08100
[Stat]MAP 0.362+/-0.007
[Stat]MRR 0.646+/-0.004
[Stat]Precision 0.217+/-0.007
