Load 6134 2-gram new features from /home/ll5fy/TUIR/dataset/yelp/yelp_features.txt...
Load 6134 2-gram new features from /home/ll5fy/TUIR/dataset/yelp/yelp_features.txt...
[Info]Start FIXED cross validation...
[Info]Load 553 tags, with 6134 features.
260 users are loaded from /home/ll5fy/TUIR/dataset/yelp/byUser_70k_review/5foldsCVColdstart/0/...
244 users are loaded from /home/ll5fy/TUIR/dataset/yelp/byUser_70k_review/5foldsCVColdstart/1/...
266 users are loaded from /home/ll5fy/TUIR/dataset/yelp/byUser_70k_review/5foldsCVColdstart/2/...
264 users are loaded from /home/ll5fy/TUIR/dataset/yelp/byUser_70k_review/5foldsCVColdstart/3/...
256 users are loaded from /home/ll5fy/TUIR/dataset/yelp/byUser_70k_review/5foldsCVColdstart/4/...
[Info]Finish loading 861 items' weights in total 156639 items!
[Info]Begin tagging 861 items with ETBIR Interpolation............
---- item 1: map is 0.55835, precision@k is 0.18182, mrr is 1.00000
---- item 51: map is 0.35368, precision@k is 0.18182, mrr is 1.00000
---- item 101: map is 0.75000, precision@k is 0.50000, mrr is 1.00000
---- item 151: map is 0.14179, precision@k is 0.09091, mrr is 0.33333
---- item 201: map is 0.34505, precision@k is 0.09091, mrr is 1.00000
---- item 251: map is 0.18382, precision@k is 0.09091, mrr is 0.25000
---- item 301: map is 0.50488, precision@k is 0.18182, mrr is 1.00000
---- item 351: map is 0.75000, precision@k is 0.50000, mrr is 1.00000
---- item 401: map is 0.17391, precision@k is 0.18182, mrr is 0.50000
---- item 451: map is 0.58413, precision@k is 0.18182, mrr is 1.00000
---- item 501: map is 0.34577, precision@k is 0.09091, mrr is 1.00000
---- item 551: map is 0.66667, precision@k is 0.33333, mrr is 1.00000
---- item 601: map is 0.02518, precision@k is 0.00000, mrr is 0.01695
---- item 651: map is 0.26069, precision@k is 0.09091, mrr is 1.00000
---- item 701: map is 0.34225, precision@k is 0.09091, mrr is 1.00000
---- item 751: map is 0.00439, precision@k is 0.00000, mrr is 0.00288
---- item 801: map is 0.41455, precision@k is 0.18182, mrr is 1.00000
---- item 851: map is 0.09638, precision@k is 0.09091, mrr is 0.25000
[Stat]ETBIR model, Interpolation mode item tagging: Precision@K is 0.20423, MAP is: 0.35680, MRR is: 0.68191, in top 10 tags
244 users are loaded from /home/ll5fy/TUIR/dataset/yelp/byUser_70k_review/5foldsCVColdstart/1/...
260 users are loaded from /home/ll5fy/TUIR/dataset/yelp/byUser_70k_review/5foldsCVColdstart/0/...
266 users are loaded from /home/ll5fy/TUIR/dataset/yelp/byUser_70k_review/5foldsCVColdstart/2/...
264 users are loaded from /home/ll5fy/TUIR/dataset/yelp/byUser_70k_review/5foldsCVColdstart/3/...
256 users are loaded from /home/ll5fy/TUIR/dataset/yelp/byUser_70k_review/5foldsCVColdstart/4/...
[Info]Finish loading 861 items' weights in total 156639 items!
[Info]Begin tagging 861 items with ETBIR Interpolation............
---- item 1: map is 0.55812, precision@k is 0.18182, mrr is 1.00000
---- item 51: map is 0.35325, precision@k is 0.18182, mrr is 1.00000
---- item 101: map is 0.66667, precision@k is 0.33333, mrr is 1.00000
---- item 151: map is 0.12967, precision@k is 0.09091, mrr is 0.20000
---- item 201: map is 0.34238, precision@k is 0.09091, mrr is 1.00000
---- item 251: map is 0.21591, precision@k is 0.09091, mrr is 0.25000
---- item 301: map is 0.50498, precision@k is 0.18182, mrr is 1.00000
---- item 351: map is 0.83333, precision@k is 0.66667, mrr is 1.00000
---- item 401: map is 0.30603, precision@k is 0.27273, mrr is 0.50000
---- item 451: map is 0.53846, precision@k is 0.18182, mrr is 1.00000
---- item 501: map is 0.34709, precision@k is 0.09091, mrr is 1.00000
---- item 551: map is 0.58333, precision@k is 0.09091, mrr is 1.00000
---- item 601: map is 0.43937, precision@k is 0.18182, mrr is 1.00000
---- item 651: map is 0.03232, precision@k is 0.00000, mrr is 0.05263
---- item 701: map is 0.17529, precision@k is 0.09091, mrr is 0.50000
---- item 751: map is 0.00444, precision@k is 0.00000, mrr is 0.00289
---- item 801: map is 0.41343, precision@k is 0.18182, mrr is 1.00000
---- item 851: map is 0.11002, precision@k is 0.09091, mrr is 0.25000
[Stat]ETBIR model, Interpolation mode item tagging: Precision@K is 0.22065, MAP is: 0.36442, MRR is: 0.65448, in top 10 tags
266 users are loaded from /home/ll5fy/TUIR/dataset/yelp/byUser_70k_review/5foldsCVColdstart/2/...
260 users are loaded from /home/ll5fy/TUIR/dataset/yelp/byUser_70k_review/5foldsCVColdstart/0/...
244 users are loaded from /home/ll5fy/TUIR/dataset/yelp/byUser_70k_review/5foldsCVColdstart/1/...
264 users are loaded from /home/ll5fy/TUIR/dataset/yelp/byUser_70k_review/5foldsCVColdstart/3/...
256 users are loaded from /home/ll5fy/TUIR/dataset/yelp/byUser_70k_review/5foldsCVColdstart/4/...
[Info]Finish loading 861 items' weights in total 156639 items!
[Info]Begin tagging 861 items with ETBIR Interpolation............
---- item 1: map is 0.67090, precision@k is 0.18182, mrr is 1.00000
---- item 51: map is 0.33601, precision@k is 0.09091, mrr is 1.00000
---- item 101: map is 0.62500, precision@k is 0.25000, mrr is 1.00000
---- item 151: map is 0.12010, precision@k is 0.18182, mrr is 0.12500
---- item 201: map is 0.34330, precision@k is 0.09091, mrr is 1.00000
---- item 251: map is 0.22500, precision@k is 0.20000, mrr is 0.25000
---- item 301: map is 0.50508, precision@k is 0.18182, mrr is 1.00000
---- item 351: map is 1.00000, precision@k is 1.00000, mrr is 1.00000
---- item 401: map is 0.35219, precision@k is 0.27273, mrr is 0.50000
---- item 451: map is 0.53125, precision@k is 0.18182, mrr is 1.00000
---- item 501: map is 0.34492, precision@k is 0.09091, mrr is 1.00000
---- item 551: map is 0.58333, precision@k is 0.09091, mrr is 1.00000
---- item 601: map is 0.43823, precision@k is 0.18182, mrr is 1.00000
---- item 651: map is 0.03863, precision@k is 0.00000, mrr is 0.04348
---- item 701: map is 0.13157, precision@k is 0.09091, mrr is 0.33333
---- item 751: map is 0.00451, precision@k is 0.00000, mrr is 0.00292
---- item 801: map is 0.41412, precision@k is 0.18182, mrr is 1.00000
---- item 851: map is 0.10565, precision@k is 0.09091, mrr is 0.25000
[Stat]ETBIR model, Interpolation mode item tagging: Precision@K is 0.21926, MAP is: 0.36353, MRR is: 0.64783, in top 10 tags
264 users are loaded from /home/ll5fy/TUIR/dataset/yelp/byUser_70k_review/5foldsCVColdstart/3/...
260 users are loaded from /home/ll5fy/TUIR/dataset/yelp/byUser_70k_review/5foldsCVColdstart/0/...
244 users are loaded from /home/ll5fy/TUIR/dataset/yelp/byUser_70k_review/5foldsCVColdstart/1/...
266 users are loaded from /home/ll5fy/TUIR/dataset/yelp/byUser_70k_review/5foldsCVColdstart/2/...
256 users are loaded from /home/ll5fy/TUIR/dataset/yelp/byUser_70k_review/5foldsCVColdstart/4/...
[Info]Finish loading 861 items' weights in total 156639 items!
[Info]Begin tagging 861 items with ETBIR Interpolation............
---- item 1: map is 0.67932, precision@k is 0.18182, mrr is 1.00000
---- item 51: map is 0.35182, precision@k is 0.09091, mrr is 1.00000
---- item 101: map is 0.62500, precision@k is 0.25000, mrr is 1.00000
---- item 151: map is 0.10595, precision@k is 0.09091, mrr is 0.12500
---- item 201: map is 0.34396, precision@k is 0.09091, mrr is 1.00000
---- item 251: map is 0.41667, precision@k is 0.50000, mrr is 0.33333
---- item 301: map is 0.50456, precision@k is 0.18182, mrr is 1.00000
---- item 351: map is 1.00000, precision@k is 1.00000, mrr is 1.00000
---- item 401: map is 0.35011, precision@k is 0.27273, mrr is 0.50000
---- item 451: map is 0.42500, precision@k is 0.18182, mrr is 1.00000
---- item 501: map is 0.34515, precision@k is 0.09091, mrr is 1.00000
---- item 551: map is 0.57143, precision@k is 0.09091, mrr is 1.00000
---- item 601: map is 0.43914, precision@k is 0.18182, mrr is 1.00000
---- item 651: map is 0.04635, precision@k is 0.00000, mrr is 0.03846
---- item 701: map is 0.15752, precision@k is 0.09091, mrr is 0.33333
---- item 751: map is 0.00443, precision@k is 0.00000, mrr is 0.00299
---- item 801: map is 0.41574, precision@k is 0.18182, mrr is 1.00000
---- item 851: map is 0.10696, precision@k is 0.09091, mrr is 0.25000
[Stat]ETBIR model, Interpolation mode item tagging: Precision@K is 0.21605, MAP is: 0.36127, MRR is: 0.64380, in top 10 tags
256 users are loaded from /home/ll5fy/TUIR/dataset/yelp/byUser_70k_review/5foldsCVColdstart/4/...
260 users are loaded from /home/ll5fy/TUIR/dataset/yelp/byUser_70k_review/5foldsCVColdstart/0/...
244 users are loaded from /home/ll5fy/TUIR/dataset/yelp/byUser_70k_review/5foldsCVColdstart/1/...
266 users are loaded from /home/ll5fy/TUIR/dataset/yelp/byUser_70k_review/5foldsCVColdstart/2/...
264 users are loaded from /home/ll5fy/TUIR/dataset/yelp/byUser_70k_review/5foldsCVColdstart/3/...
[Info]Finish loading 861 items' weights in total 156639 items!
[Info]Begin tagging 861 items with ETBIR Interpolation............
---- item 1: map is 0.70952, precision@k is 0.57143, mrr is 1.00000
---- item 51: map is 0.33953, precision@k is 0.09091, mrr is 1.00000
---- item 101: map is 0.62500, precision@k is 0.25000, mrr is 1.00000
---- item 151: map is 0.48597, precision@k is 0.27273, mrr is 1.00000
---- item 201: map is 0.34349, precision@k is 0.09091, mrr is 1.00000
---- item 251: map is 0.22500, precision@k is 0.20000, mrr is 0.25000
---- item 301: map is 0.50491, precision@k is 0.18182, mrr is 1.00000
---- item 351: map is 1.00000, precision@k is 1.00000, mrr is 1.00000
---- item 401: map is 0.35159, precision@k is 0.27273, mrr is 0.50000
---- item 451: map is 0.40935, precision@k is 0.18182, mrr is 1.00000
---- item 501: map is 0.34587, precision@k is 0.09091, mrr is 1.00000
---- item 551: map is 0.56667, precision@k is 0.09091, mrr is 1.00000
---- item 601: map is 0.44221, precision@k is 0.18182, mrr is 1.00000
---- item 651: map is 0.04725, precision@k is 0.00000, mrr is 0.03846
---- item 701: map is 0.15736, precision@k is 0.09091, mrr is 0.33333
---- item 751: map is 0.00452, precision@k is 0.00000, mrr is 0.00293
---- item 801: map is 0.41450, precision@k is 0.18182, mrr is 1.00000
---- item 851: map is 0.11011, precision@k is 0.09091, mrr is 0.25000
[Stat]ETBIR model, Interpolation mode item tagging: Precision@K is 0.21485, MAP is: 0.36025, MRR is: 0.64262, in top 10 tags

[Stat]Running time (seconds) 366.82900
[Stat]MAP 0.361+/-0.003
[Stat]MRR 0.654+/-0.014
[Stat]Precision 0.215+/-0.006
