Load 6134 2-gram new features from /home/ll5fy/TUIR/dataset/yelp/yelp_features.txt...
Load 6134 2-gram new features from /home/ll5fy/TUIR/dataset/yelp/yelp_features.txt...
[Info]Start FIXED cross validation...
[Info]Load 553 tags, with 6134 features.
260 users are loaded from /home/ll5fy/TUIR/dataset/yelp/byUser_70k_review/5foldsCVColdstart/0/...
244 users are loaded from /home/ll5fy/TUIR/dataset/yelp/byUser_70k_review/5foldsCVColdstart/1/...
266 users are loaded from /home/ll5fy/TUIR/dataset/yelp/byUser_70k_review/5foldsCVColdstart/2/...
264 users are loaded from /home/ll5fy/TUIR/dataset/yelp/byUser_70k_review/5foldsCVColdstart/3/...
256 users are loaded from /home/ll5fy/TUIR/dataset/yelp/byUser_70k_review/5foldsCVColdstart/4/...
[Info]Finish loading 722 items' weights in total 156639 items!
[Info]Begin tagging 722 items with LDA_Item Interpolation............
---- item 1: map is 0.47308, precision@k is 0.18182, mrr is 1.00000
---- item 51: map is 0.16856, precision@k is 0.09091, mrr is 0.33333
---- item 101: map is 0.13340, precision@k is 0.09091, mrr is 0.25000
---- item 151: map is 0.11639, precision@k is 0.09091, mrr is 0.25000
---- item 201: map is 0.35818, precision@k is 0.18182, mrr is 1.00000
---- item 251: map is 0.83333, precision@k is 0.66667, mrr is 1.00000
---- item 301: map is 0.09733, precision@k is 0.09091, mrr is 0.25000
---- item 351: map is 0.35720, precision@k is 0.18182, mrr is 1.00000
---- item 401: map is 0.08386, precision@k is 0.09091, mrr is 0.25000
---- item 451: map is 0.12009, precision@k is 0.09091, mrr is 0.33333
---- item 501: map is 0.09018, precision@k is 0.09091, mrr is 0.25000
---- item 551: map is 0.17517, precision@k is 0.09091, mrr is 0.50000
---- item 601: map is 0.13510, precision@k is 0.09091, mrr is 0.25000
---- item 651: map is 0.26602, precision@k is 0.18182, mrr is 0.50000
---- item 701: map is 0.13393, precision@k is 0.09091, mrr is 0.25000
[Stat]LDA_Item model, Interpolation mode item tagging: Precision@K is 0.10934, MAP is: 0.15639, MRR is: 0.33145, in top 10 tags
244 users are loaded from /home/ll5fy/TUIR/dataset/yelp/byUser_70k_review/5foldsCVColdstart/1/...
260 users are loaded from /home/ll5fy/TUIR/dataset/yelp/byUser_70k_review/5foldsCVColdstart/0/...
266 users are loaded from /home/ll5fy/TUIR/dataset/yelp/byUser_70k_review/5foldsCVColdstart/2/...
264 users are loaded from /home/ll5fy/TUIR/dataset/yelp/byUser_70k_review/5foldsCVColdstart/3/...
256 users are loaded from /home/ll5fy/TUIR/dataset/yelp/byUser_70k_review/5foldsCVColdstart/4/...
[Info]Finish loading 732 items' weights in total 156639 items!
[Info]Begin tagging 732 items with LDA_Item Interpolation............
---- item 1: map is 0.67521, precision@k is 0.18182, mrr is 1.00000
---- item 51: map is 0.37032, precision@k is 0.09091, mrr is 1.00000
---- item 101: map is 0.37980, precision@k is 0.09091, mrr is 1.00000
---- item 151: map is 0.42941, precision@k is 0.18182, mrr is 1.00000
---- item 201: map is 0.54348, precision@k is 0.09091, mrr is 1.00000
---- item 251: map is 0.54348, precision@k is 0.09091, mrr is 1.00000
---- item 301: map is 0.38372, precision@k is 0.09091, mrr is 1.00000
---- item 351: map is 0.51053, precision@k is 0.09091, mrr is 1.00000
---- item 401: map is 0.34474, precision@k is 0.09091, mrr is 1.00000
---- item 451: map is 0.23863, precision@k is 0.09091, mrr is 1.00000
---- item 501: map is 0.01190, precision@k is 0.00000, mrr is 0.01190
---- item 551: map is 0.00432, precision@k is 0.00000, mrr is 0.00275
---- item 601: map is 0.01866, precision@k is 0.00000, mrr is 0.02778
---- item 651: map is 0.17971, precision@k is 0.09091, mrr is 0.50000
---- item 701: map is 0.25461, precision@k is 0.18182, mrr is 1.00000
[Stat]LDA_Item model, Interpolation mode item tagging: Precision@K is 0.15250, MAP is: 0.34677, MRR is: 0.77615, in top 10 tags
266 users are loaded from /home/ll5fy/TUIR/dataset/yelp/byUser_70k_review/5foldsCVColdstart/2/...
260 users are loaded from /home/ll5fy/TUIR/dataset/yelp/byUser_70k_review/5foldsCVColdstart/0/...
244 users are loaded from /home/ll5fy/TUIR/dataset/yelp/byUser_70k_review/5foldsCVColdstart/1/...
264 users are loaded from /home/ll5fy/TUIR/dataset/yelp/byUser_70k_review/5foldsCVColdstart/3/...
256 users are loaded from /home/ll5fy/TUIR/dataset/yelp/byUser_70k_review/5foldsCVColdstart/4/...
[Info]Finish loading 702 items' weights in total 156639 items!
[Info]Begin tagging 702 items with LDA_Item Interpolation............
---- item 1: map is 0.34604, precision@k is 0.09091, mrr is 1.00000
---- item 51: map is 0.03873, precision@k is 0.00000, mrr is 0.05263
---- item 101: map is 0.00593, precision@k is 0.00000, mrr is 0.00452
---- item 151: map is 0.30680, precision@k is 0.18182, mrr is 0.50000
---- item 201: map is 0.20150, precision@k is 0.18182, mrr is 1.00000
---- item 251: map is 0.08764, precision@k is 0.09091, mrr is 0.33333
---- item 301: map is 0.35453, precision@k is 0.09091, mrr is 1.00000
---- item 351: map is 0.38024, precision@k is 0.09091, mrr is 1.00000
---- item 401: map is 0.31111, precision@k is 0.18182, mrr is 1.00000
---- item 451: map is 0.61103, precision@k is 0.27273, mrr is 1.00000
---- item 501: map is 0.03391, precision@k is 0.00000, mrr is 0.03448
---- item 551: map is 0.30166, precision@k is 0.09091, mrr is 1.00000
---- item 601: map is 0.16681, precision@k is 0.18182, mrr is 0.33333
---- item 651: map is 0.33778, precision@k is 0.18182, mrr is 0.50000
---- item 701: map is 0.53704, precision@k is 0.09091, mrr is 1.00000
[Stat]LDA_Item model, Interpolation mode item tagging: Precision@K is 0.16460, MAP is: 0.34617, MRR is: 0.75363, in top 10 tags
264 users are loaded from /home/ll5fy/TUIR/dataset/yelp/byUser_70k_review/5foldsCVColdstart/3/...
260 users are loaded from /home/ll5fy/TUIR/dataset/yelp/byUser_70k_review/5foldsCVColdstart/0/...
244 users are loaded from /home/ll5fy/TUIR/dataset/yelp/byUser_70k_review/5foldsCVColdstart/1/...
266 users are loaded from /home/ll5fy/TUIR/dataset/yelp/byUser_70k_review/5foldsCVColdstart/2/...
256 users are loaded from /home/ll5fy/TUIR/dataset/yelp/byUser_70k_review/5foldsCVColdstart/4/...
[Info]Finish loading 717 items' weights in total 156639 items!
[Info]Begin tagging 717 items with LDA_Item Interpolation............
---- item 1: map is 0.67521, precision@k is 0.18182, mrr is 1.00000
---- item 51: map is 0.34157, precision@k is 0.09091, mrr is 1.00000
---- item 101: map is 0.18205, precision@k is 0.09091, mrr is 0.33333
---- item 151: map is 0.25725, precision@k is 0.09091, mrr is 0.50000
---- item 201: map is 0.03665, precision@k is 0.00000, mrr is 0.04762
---- item 251: map is 0.25239, precision@k is 0.09091, mrr is 0.50000
---- item 301: map is 0.17708, precision@k is 0.09091, mrr is 0.50000
---- item 351: map is 0.01985, precision@k is 0.00000, mrr is 0.02083
---- item 401: map is 0.00681, precision@k is 0.00000, mrr is 0.00510
---- item 451: map is 0.50935, precision@k is 0.09091, mrr is 1.00000
---- item 501: map is 1.00000, precision@k is 1.00000, mrr is 1.00000
---- item 551: map is 0.50350, precision@k is 0.18182, mrr is 1.00000
---- item 601: map is 0.34157, precision@k is 0.09091, mrr is 1.00000
---- item 651: map is 0.04213, precision@k is 0.00000, mrr is 0.08333
---- item 701: map is 0.01891, precision@k is 0.00000, mrr is 0.01176
[Stat]LDA_Item model, Interpolation mode item tagging: Precision@K is 0.18568, MAP is: 0.36545, MRR is: 0.76293, in top 10 tags
256 users are loaded from /home/ll5fy/TUIR/dataset/yelp/byUser_70k_review/5foldsCVColdstart/4/...
260 users are loaded from /home/ll5fy/TUIR/dataset/yelp/byUser_70k_review/5foldsCVColdstart/0/...
244 users are loaded from /home/ll5fy/TUIR/dataset/yelp/byUser_70k_review/5foldsCVColdstart/1/...
266 users are loaded from /home/ll5fy/TUIR/dataset/yelp/byUser_70k_review/5foldsCVColdstart/2/...
264 users are loaded from /home/ll5fy/TUIR/dataset/yelp/byUser_70k_review/5foldsCVColdstart/3/...
[Info]Finish loading 726 items' weights in total 156639 items!
[Info]Begin tagging 726 items with LDA_Item Interpolation............
---- item 1: map is 0.67507, precision@k is 0.18182, mrr is 1.00000
---- item 51: map is 0.24013, precision@k is 0.09091, mrr is 1.00000
---- item 101: map is 0.38193, precision@k is 0.09091, mrr is 1.00000
---- item 151: map is 0.34659, precision@k is 0.09091, mrr is 1.00000
---- item 201: map is 1.00000, precision@k is 1.00000, mrr is 1.00000
---- item 251: map is 0.34675, precision@k is 0.09091, mrr is 1.00000
---- item 301: map is 0.40995, precision@k is 0.18182, mrr is 1.00000
---- item 351: map is 0.10000, precision@k is 0.10000, mrr is 0.10000
---- item 401: map is 0.37800, precision@k is 0.09091, mrr is 1.00000
---- item 451: map is 0.18851, precision@k is 0.09091, mrr is 0.50000
---- item 501: map is 0.53519, precision@k is 0.18182, mrr is 1.00000
---- item 551: map is 0.55548, precision@k is 0.18182, mrr is 1.00000
---- item 601: map is 0.31537, precision@k is 0.18182, mrr is 0.50000
---- item 651: map is 0.51205, precision@k is 0.18182, mrr is 1.00000
---- item 701: map is 0.50814, precision@k is 0.18182, mrr is 1.00000
[Stat]LDA_Item model, Interpolation mode item tagging: Precision@K is 0.18124, MAP is: 0.36488, MRR is: 0.76427, in top 10 tags

[Stat]Running time (seconds) 308.05800
[Stat]MAP 0.316+/-0.080
[Stat]MRR 0.678+/-0.173
[Stat]Precision 0.159+/-0.027
