Load 6134 2-gram new features from /home/ll5fy/TUIR/dataset/yelp/yelp_features.txt...
Load 6134 2-gram new features from /home/ll5fy/TUIR/dataset/yelp/yelp_features.txt...
[Info]Start FIXED cross validation...
[Info]Load 553 tags, with 6134 features.
260 users are loaded from /home/ll5fy/TUIR/dataset/yelp/byUser_70k_review/5foldsCVColdstart/0/...
244 users are loaded from /home/ll5fy/TUIR/dataset/yelp/byUser_70k_review/5foldsCVColdstart/1/...
266 users are loaded from /home/ll5fy/TUIR/dataset/yelp/byUser_70k_review/5foldsCVColdstart/2/...
264 users are loaded from /home/ll5fy/TUIR/dataset/yelp/byUser_70k_review/5foldsCVColdstart/3/...
256 users are loaded from /home/ll5fy/TUIR/dataset/yelp/byUser_70k_review/5foldsCVColdstart/4/...
[Info]Finish loading 722 items' weights in total 156639 items!
[Info]Begin tagging 722 items with CTM Interpolation............
---- item 1: map is 0.45000, precision@k is 0.18182, mrr is 1.00000
---- item 51: map is 0.16853, precision@k is 0.09091, mrr is 0.33333
---- item 101: map is 0.10735, precision@k is 0.09091, mrr is 0.20000
---- item 151: map is 0.07387, precision@k is 0.09091, mrr is 0.20000
---- item 201: map is 0.34036, precision@k is 0.18182, mrr is 1.00000
---- item 251: map is 1.00000, precision@k is 1.00000, mrr is 1.00000
---- item 301: map is 0.07318, precision@k is 0.09091, mrr is 0.20000
---- item 351: map is 0.33854, precision@k is 0.18182, mrr is 1.00000
---- item 401: map is 0.05561, precision@k is 0.09091, mrr is 0.14286
---- item 451: map is 0.17705, precision@k is 0.09091, mrr is 0.50000
---- item 501: map is 0.07167, precision@k is 0.09091, mrr is 0.20000
---- item 551: map is 0.17106, precision@k is 0.09091, mrr is 0.50000
---- item 601: map is 0.10980, precision@k is 0.09091, mrr is 0.20000
---- item 651: map is 0.27846, precision@k is 0.18182, mrr is 0.50000
---- item 701: map is 0.10350, precision@k is 0.09091, mrr is 0.20000
[Stat]CTM model, Interpolation mode item tagging: Precision@K is 0.12245, MAP is: 0.18096, MRR is: 0.40073, in top 10 tags
244 users are loaded from /home/ll5fy/TUIR/dataset/yelp/byUser_70k_review/5foldsCVColdstart/1/...
260 users are loaded from /home/ll5fy/TUIR/dataset/yelp/byUser_70k_review/5foldsCVColdstart/0/...
266 users are loaded from /home/ll5fy/TUIR/dataset/yelp/byUser_70k_review/5foldsCVColdstart/2/...
264 users are loaded from /home/ll5fy/TUIR/dataset/yelp/byUser_70k_review/5foldsCVColdstart/3/...
256 users are loaded from /home/ll5fy/TUIR/dataset/yelp/byUser_70k_review/5foldsCVColdstart/4/...
[Info]Finish loading 732 items' weights in total 156639 items!
[Info]Begin tagging 732 items with CTM Interpolation............
---- item 1: map is 0.67480, precision@k is 0.18182, mrr is 1.00000
---- item 51: map is 0.35004, precision@k is 0.09091, mrr is 1.00000
---- item 101: map is 0.20057, precision@k is 0.09091, mrr is 0.50000
---- item 151: map is 0.42580, precision@k is 0.18182, mrr is 1.00000
---- item 201: map is 1.00000, precision@k is 1.00000, mrr is 1.00000
---- item 251: map is 0.56250, precision@k is 0.09091, mrr is 1.00000
---- item 301: map is 0.38742, precision@k is 0.09091, mrr is 1.00000
---- item 351: map is 0.26075, precision@k is 0.09091, mrr is 0.50000
---- item 401: map is 0.34338, precision@k is 0.09091, mrr is 1.00000
---- item 451: map is 0.27491, precision@k is 0.18182, mrr is 1.00000
---- item 501: map is 0.06250, precision@k is 0.00000, mrr is 0.06250
---- item 551: map is 0.00446, precision@k is 0.00000, mrr is 0.00276
---- item 601: map is 0.02590, precision@k is 0.00000, mrr is 0.04545
---- item 651: map is 0.18210, precision@k is 0.09091, mrr is 0.50000
---- item 701: map is 0.41686, precision@k is 0.18182, mrr is 1.00000
[Stat]CTM model, Interpolation mode item tagging: Precision@K is 0.19411, MAP is: 0.37013, MRR is: 0.74864, in top 10 tags
266 users are loaded from /home/ll5fy/TUIR/dataset/yelp/byUser_70k_review/5foldsCVColdstart/2/...
260 users are loaded from /home/ll5fy/TUIR/dataset/yelp/byUser_70k_review/5foldsCVColdstart/0/...
244 users are loaded from /home/ll5fy/TUIR/dataset/yelp/byUser_70k_review/5foldsCVColdstart/1/...
264 users are loaded from /home/ll5fy/TUIR/dataset/yelp/byUser_70k_review/5foldsCVColdstart/3/...
256 users are loaded from /home/ll5fy/TUIR/dataset/yelp/byUser_70k_review/5foldsCVColdstart/4/...
[Info]Finish loading 702 items' weights in total 156639 items!
[Info]Begin tagging 702 items with CTM Interpolation............
---- item 1: map is 0.39661, precision@k is 0.09091, mrr is 1.00000
---- item 51: map is 0.25780, precision@k is 0.18182, mrr is 0.50000
---- item 101: map is 0.01093, precision@k is 0.00000, mrr is 0.01176
---- item 151: map is 0.30727, precision@k is 0.18182, mrr is 0.50000
---- item 201: map is 0.32375, precision@k is 0.27273, mrr is 1.00000
---- item 251: map is 0.24789, precision@k is 0.27273, mrr is 0.50000
---- item 301: map is 0.19813, precision@k is 0.09091, mrr is 0.50000
---- item 351: map is 0.36420, precision@k is 0.09091, mrr is 1.00000
---- item 401: map is 0.40921, precision@k is 0.27273, mrr is 1.00000
---- item 451: map is 0.61015, precision@k is 0.27273, mrr is 1.00000
---- item 501: map is 0.22866, precision@k is 0.18182, mrr is 0.50000
---- item 551: map is 0.37036, precision@k is 0.18182, mrr is 1.00000
---- item 601: map is 0.31260, precision@k is 0.27273, mrr is 0.50000
---- item 651: map is 0.39884, precision@k is 0.09091, mrr is 1.00000
---- item 701: map is 0.41667, precision@k is 0.50000, mrr is 0.33333
[Stat]CTM model, Interpolation mode item tagging: Precision@K is 0.20514, MAP is: 0.37109, MRR is: 0.71559, in top 10 tags
264 users are loaded from /home/ll5fy/TUIR/dataset/yelp/byUser_70k_review/5foldsCVColdstart/3/...
260 users are loaded from /home/ll5fy/TUIR/dataset/yelp/byUser_70k_review/5foldsCVColdstart/0/...
244 users are loaded from /home/ll5fy/TUIR/dataset/yelp/byUser_70k_review/5foldsCVColdstart/1/...
266 users are loaded from /home/ll5fy/TUIR/dataset/yelp/byUser_70k_review/5foldsCVColdstart/2/...
256 users are loaded from /home/ll5fy/TUIR/dataset/yelp/byUser_70k_review/5foldsCVColdstart/4/...
[Info]Finish loading 717 items' weights in total 156639 items!
[Info]Begin tagging 717 items with CTM Interpolation............
---- item 1: map is 0.67677, precision@k is 0.18182, mrr is 1.00000
---- item 51: map is 0.40654, precision@k is 0.18182, mrr is 1.00000
---- item 101: map is 0.19231, precision@k is 0.09091, mrr is 0.33333
---- item 151: map is 0.10581, precision@k is 0.09091, mrr is 0.20000
---- item 201: map is 0.17049, precision@k is 0.18182, mrr is 0.33333
---- item 251: map is 0.25215, precision@k is 0.09091, mrr is 0.50000
---- item 301: map is 0.29236, precision@k is 0.18182, mrr is 0.50000
---- item 351: map is 0.02204, precision@k is 0.00000, mrr is 0.01613
---- item 401: map is 0.00669, precision@k is 0.00000, mrr is 0.00610
---- item 451: map is 0.51389, precision@k is 0.09091, mrr is 1.00000
---- item 501: map is 1.00000, precision@k is 1.00000, mrr is 1.00000
---- item 551: map is 0.66967, precision@k is 0.18182, mrr is 1.00000
---- item 601: map is 0.11846, precision@k is 0.09091, mrr is 0.33333
---- item 651: map is 0.16200, precision@k is 0.18182, mrr is 0.50000
---- item 701: map is 0.07913, precision@k is 0.00000, mrr is 0.08333
[Stat]CTM model, Interpolation mode item tagging: Precision@K is 0.20770, MAP is: 0.37811, MRR is: 0.72670, in top 10 tags
256 users are loaded from /home/ll5fy/TUIR/dataset/yelp/byUser_70k_review/5foldsCVColdstart/4/...
260 users are loaded from /home/ll5fy/TUIR/dataset/yelp/byUser_70k_review/5foldsCVColdstart/0/...
244 users are loaded from /home/ll5fy/TUIR/dataset/yelp/byUser_70k_review/5foldsCVColdstart/1/...
266 users are loaded from /home/ll5fy/TUIR/dataset/yelp/byUser_70k_review/5foldsCVColdstart/2/...
264 users are loaded from /home/ll5fy/TUIR/dataset/yelp/byUser_70k_review/5foldsCVColdstart/3/...
[Info]Finish loading 726 items' weights in total 156639 items!
[Info]Begin tagging 726 items with CTM Interpolation............
---- item 1: map is 0.67514, precision@k is 0.18182, mrr is 1.00000
---- item 51: map is 0.23385, precision@k is 0.09091, mrr is 1.00000
---- item 101: map is 0.57118, precision@k is 0.18182, mrr is 1.00000
---- item 151: map is 0.34623, precision@k is 0.09091, mrr is 1.00000
---- item 201: map is 0.83333, precision@k is 0.66667, mrr is 1.00000
---- item 251: map is 0.34627, precision@k is 0.09091, mrr is 1.00000
---- item 301: map is 0.38761, precision@k is 0.09091, mrr is 1.00000
---- item 351: map is 1.00000, precision@k is 1.00000, mrr is 1.00000
---- item 401: map is 0.37857, precision@k is 0.09091, mrr is 1.00000
---- item 451: map is 0.18488, precision@k is 0.09091, mrr is 0.50000
---- item 501: map is 0.52867, precision@k is 0.18182, mrr is 1.00000
---- item 551: map is 0.55548, precision@k is 0.18182, mrr is 1.00000
---- item 601: map is 0.33699, precision@k is 0.18182, mrr is 0.50000
---- item 651: map is 0.53030, precision@k is 0.18182, mrr is 1.00000
---- item 701: map is 0.50874, precision@k is 0.18182, mrr is 1.00000
[Stat]CTM model, Interpolation mode item tagging: Precision@K is 0.21848, MAP is: 0.38704, MRR is: 0.72623, in top 10 tags

[Stat]Running time (seconds) 300.98500
[Stat]MAP 0.337+/-0.078
[Stat]MRR 0.664+/-0.132
[Stat]Precision 0.190+/-0.034
