Load 6134 2-gram new features from /home/ll5fy/TUIR/dataset/yelp/yelp_features.txt...
Load 6134 2-gram new features from /home/ll5fy/TUIR/dataset/yelp/yelp_features.txt...
[Info]Start FIXED cross validation...
[Info]Load 553 tags, with 6134 features.
260 users are loaded from /home/ll5fy/TUIR/dataset/yelp/byUser_70k_review/5foldsCVColdstart/0/...
244 users are loaded from /home/ll5fy/TUIR/dataset/yelp/byUser_70k_review/5foldsCVColdstart/1/...
266 users are loaded from /home/ll5fy/TUIR/dataset/yelp/byUser_70k_review/5foldsCVColdstart/2/...
264 users are loaded from /home/ll5fy/TUIR/dataset/yelp/byUser_70k_review/5foldsCVColdstart/3/...
256 users are loaded from /home/ll5fy/TUIR/dataset/yelp/byUser_70k_review/5foldsCVColdstart/4/...
[Info]Finish loading 722 items' weights in total 156639 items!
[Info]Begin tagging 722 items with LDA_Variational Interpolation............
---- item 1: map is 0.47361, precision@k is 0.18182, mrr is 1.00000
---- item 51: map is 0.25190, precision@k is 0.09091, mrr is 0.50000
---- item 101: map is 0.83333, precision@k is 0.66667, mrr is 1.00000
---- item 151: map is 0.12309, precision@k is 0.09091, mrr is 0.25000
---- item 201: map is 0.33265, precision@k is 0.18182, mrr is 1.00000
---- item 251: map is 0.83333, precision@k is 0.66667, mrr is 1.00000
---- item 301: map is 0.08677, precision@k is 0.09091, mrr is 0.14286
---- item 351: map is 0.34208, precision@k is 0.18182, mrr is 1.00000
---- item 401: map is 0.31691, precision@k is 0.09091, mrr is 1.00000
---- item 451: map is 0.57779, precision@k is 0.27273, mrr is 1.00000
---- item 501: map is 0.17513, precision@k is 0.09091, mrr is 0.50000
---- item 551: map is 0.67019, precision@k is 0.18182, mrr is 1.00000
---- item 601: map is 0.66667, precision@k is 0.33333, mrr is 1.00000
---- item 651: map is 0.23380, precision@k is 0.18182, mrr is 0.50000
---- item 701: map is 0.70000, precision@k is 0.40000, mrr is 1.00000
[Stat]LDA_Variational model, Interpolation mode item tagging: Precision@K is 0.18842, MAP is: 0.31868, MRR is: 0.61020, in top 10 tags
244 users are loaded from /home/ll5fy/TUIR/dataset/yelp/byUser_70k_review/5foldsCVColdstart/1/...
260 users are loaded from /home/ll5fy/TUIR/dataset/yelp/byUser_70k_review/5foldsCVColdstart/0/...
266 users are loaded from /home/ll5fy/TUIR/dataset/yelp/byUser_70k_review/5foldsCVColdstart/2/...
264 users are loaded from /home/ll5fy/TUIR/dataset/yelp/byUser_70k_review/5foldsCVColdstart/3/...
256 users are loaded from /home/ll5fy/TUIR/dataset/yelp/byUser_70k_review/5foldsCVColdstart/4/...
[Info]Finish loading 732 items' weights in total 156639 items!
[Info]Begin tagging 732 items with LDA_Variational Interpolation............
---- item 1: map is 0.67619, precision@k is 0.18182, mrr is 1.00000
---- item 51: map is 0.38779, precision@k is 0.09091, mrr is 1.00000
---- item 101: map is 0.09919, precision@k is 0.09091, mrr is 0.16667
---- item 151: map is 0.36063, precision@k is 0.18182, mrr is 1.00000
---- item 201: map is 0.83333, precision@k is 0.66667, mrr is 1.00000
---- item 251: map is 0.41667, precision@k is 0.33333, mrr is 0.50000
---- item 301: map is 0.43135, precision@k is 0.18182, mrr is 1.00000
---- item 351: map is 0.26667, precision@k is 0.20000, mrr is 0.33333
---- item 401: map is 0.12697, precision@k is 0.09091, mrr is 0.33333
---- item 451: map is 0.26806, precision@k is 0.18182, mrr is 1.00000
---- item 501: map is 0.50000, precision@k is 0.50000, mrr is 0.50000
---- item 551: map is 0.00430, precision@k is 0.00000, mrr is 0.00266
---- item 601: map is 0.02693, precision@k is 0.00000, mrr is 0.02326
---- item 651: map is 0.35185, precision@k is 0.18182, mrr is 0.50000
---- item 701: map is 0.41561, precision@k is 0.18182, mrr is 1.00000
[Stat]LDA_Variational model, Interpolation mode item tagging: Precision@K is 0.21907, MAP is: 0.37404, MRR is: 0.68601, in top 10 tags
266 users are loaded from /home/ll5fy/TUIR/dataset/yelp/byUser_70k_review/5foldsCVColdstart/2/...
260 users are loaded from /home/ll5fy/TUIR/dataset/yelp/byUser_70k_review/5foldsCVColdstart/0/...
244 users are loaded from /home/ll5fy/TUIR/dataset/yelp/byUser_70k_review/5foldsCVColdstart/1/...
264 users are loaded from /home/ll5fy/TUIR/dataset/yelp/byUser_70k_review/5foldsCVColdstart/3/...
256 users are loaded from /home/ll5fy/TUIR/dataset/yelp/byUser_70k_review/5foldsCVColdstart/4/...
[Info]Finish loading 702 items' weights in total 156639 items!
[Info]Begin tagging 702 items with LDA_Variational Interpolation............
---- item 1: map is 0.55840, precision@k is 0.18182, mrr is 1.00000
---- item 51: map is 0.39519, precision@k is 0.27273, mrr is 0.50000
---- item 101: map is 0.50508, precision@k is 0.09091, mrr is 1.00000
---- item 151: map is 0.23450, precision@k is 0.18182, mrr is 0.50000
---- item 201: map is 0.18772, precision@k is 0.09091, mrr is 1.00000
---- item 251: map is 0.24736, precision@k is 0.27273, mrr is 0.50000
---- item 301: map is 0.13864, precision@k is 0.18182, mrr is 0.16667
---- item 351: map is 0.42473, precision@k is 0.18182, mrr is 1.00000
---- item 401: map is 0.49268, precision@k is 0.27273, mrr is 1.00000
---- item 451: map is 0.65549, precision@k is 0.27273, mrr is 1.00000
---- item 501: map is 0.34620, precision@k is 0.27273, mrr is 0.50000
---- item 551: map is 0.52709, precision@k is 0.27273, mrr is 1.00000
---- item 601: map is 0.25410, precision@k is 0.27273, mrr is 0.33333
---- item 651: map is 0.40442, precision@k is 0.18182, mrr is 1.00000
---- item 701: map is 0.30952, precision@k is 0.28571, mrr is 0.33333
[Stat]LDA_Variational model, Interpolation mode item tagging: Precision@K is 0.22446, MAP is: 0.37148, MRR is: 0.65922, in top 10 tags
264 users are loaded from /home/ll5fy/TUIR/dataset/yelp/byUser_70k_review/5foldsCVColdstart/3/...
260 users are loaded from /home/ll5fy/TUIR/dataset/yelp/byUser_70k_review/5foldsCVColdstart/0/...
244 users are loaded from /home/ll5fy/TUIR/dataset/yelp/byUser_70k_review/5foldsCVColdstart/1/...
266 users are loaded from /home/ll5fy/TUIR/dataset/yelp/byUser_70k_review/5foldsCVColdstart/2/...
256 users are loaded from /home/ll5fy/TUIR/dataset/yelp/byUser_70k_review/5foldsCVColdstart/4/...
[Info]Finish loading 717 items' weights in total 156639 items!
[Info]Begin tagging 717 items with LDA_Variational Interpolation............
---- item 1: map is 0.56536, precision@k is 0.18182, mrr is 1.00000
---- item 51: map is 0.56158, precision@k is 0.18182, mrr is 1.00000
---- item 101: map is 0.22619, precision@k is 0.28571, mrr is 0.16667
---- item 151: map is 0.09009, precision@k is 0.09091, mrr is 0.16667
---- item 201: map is 0.34606, precision@k is 0.27273, mrr is 0.50000
---- item 251: map is 0.08580, precision@k is 0.09091, mrr is 0.16667
---- item 301: map is 0.28333, precision@k is 0.18182, mrr is 0.33333
---- item 351: map is 0.02514, precision@k is 0.00000, mrr is 0.03333
---- item 401: map is 0.00791, precision@k is 0.00000, mrr is 0.00546
---- item 451: map is 0.66667, precision@k is 0.33333, mrr is 1.00000
---- item 501: map is 1.00000, precision@k is 1.00000, mrr is 1.00000
---- item 551: map is 0.67024, precision@k is 0.18182, mrr is 1.00000
---- item 601: map is 0.05024, precision@k is 0.09091, mrr is 0.12500
---- item 651: map is 0.34588, precision@k is 0.27273, mrr is 0.50000
---- item 701: map is 0.41844, precision@k is 0.36364, mrr is 1.00000
[Stat]LDA_Variational model, Interpolation mode item tagging: Precision@K is 0.23119, MAP is: 0.37617, MRR is: 0.66774, in top 10 tags
256 users are loaded from /home/ll5fy/TUIR/dataset/yelp/byUser_70k_review/5foldsCVColdstart/4/...
260 users are loaded from /home/ll5fy/TUIR/dataset/yelp/byUser_70k_review/5foldsCVColdstart/0/...
244 users are loaded from /home/ll5fy/TUIR/dataset/yelp/byUser_70k_review/5foldsCVColdstart/1/...
266 users are loaded from /home/ll5fy/TUIR/dataset/yelp/byUser_70k_review/5foldsCVColdstart/2/...
264 users are loaded from /home/ll5fy/TUIR/dataset/yelp/byUser_70k_review/5foldsCVColdstart/3/...
[Info]Finish loading 726 items' weights in total 156639 items!
[Info]Begin tagging 726 items with LDA_Variational Interpolation............
---- item 1: map is 0.56608, precision@k is 0.18182, mrr is 1.00000
---- item 51: map is 0.21914, precision@k is 0.09091, mrr is 1.00000
---- item 101: map is 0.44744, precision@k is 0.18182, mrr is 1.00000
---- item 151: map is 0.12439, precision@k is 0.09091, mrr is 0.33333
---- item 201: map is 0.70000, precision@k is 0.40000, mrr is 1.00000
---- item 251: map is 0.34662, precision@k is 0.09091, mrr is 1.00000
---- item 301: map is 0.41942, precision@k is 0.18182, mrr is 1.00000
---- item 351: map is 1.00000, precision@k is 1.00000, mrr is 1.00000
---- item 401: map is 0.36488, precision@k is 0.09091, mrr is 1.00000
---- item 451: map is 0.20878, precision@k is 0.09091, mrr is 0.50000
---- item 501: map is 0.63471, precision@k is 0.27273, mrr is 1.00000
---- item 551: map is 0.51230, precision@k is 0.27273, mrr is 1.00000
---- item 601: map is 0.44369, precision@k is 0.27273, mrr is 0.50000
---- item 651: map is 0.64286, precision@k is 0.42857, mrr is 1.00000
---- item 701: map is 0.50920, precision@k is 0.18182, mrr is 1.00000
[Stat]LDA_Variational model, Interpolation mode item tagging: Precision@K is 0.22805, MAP is: 0.37484, MRR is: 0.66617, in top 10 tags

[Stat]Running time (seconds) 309.69200
[Stat]MAP 0.363+/-0.022
[Stat]MRR 0.658+/-0.025
[Stat]Precision 0.218+/-0.015
