Load 6134 2-gram new features from /home/ll5fy/TUIR/dataset/yelp/yelp_features.txt...
Load 6134 2-gram new features from /home/ll5fy/TUIR/dataset/yelp/yelp_features.txt...
[Info]Start FIXED cross validation...
[Info]Load 553 tags, with 6134 features.
260 users are loaded from /home/ll5fy/TUIR/dataset/yelp/byUser_70k_review/5foldsCVColdstart/0/...
244 users are loaded from /home/ll5fy/TUIR/dataset/yelp/byUser_70k_review/5foldsCVColdstart/1/...
266 users are loaded from /home/ll5fy/TUIR/dataset/yelp/byUser_70k_review/5foldsCVColdstart/2/...
264 users are loaded from /home/ll5fy/TUIR/dataset/yelp/byUser_70k_review/5foldsCVColdstart/3/...
256 users are loaded from /home/ll5fy/TUIR/dataset/yelp/byUser_70k_review/5foldsCVColdstart/4/...
[Info]Finish loading 861 items' weights in total 156639 items!
[Info]Begin tagging 861 items with ETBIR_User Interpolation............
---- item 1: map is 0.40202, precision@k is 0.18182, mrr is 1.00000
---- item 51: map is 0.55947, precision@k is 0.18182, mrr is 1.00000
---- item 101: map is 0.83333, precision@k is 0.66667, mrr is 1.00000
---- item 151: map is 0.20556, precision@k is 0.09091, mrr is 0.50000
---- item 201: map is 0.34363, precision@k is 0.09091, mrr is 1.00000
---- item 251: map is 0.13799, precision@k is 0.09091, mrr is 0.25000
---- item 301: map is 0.50510, precision@k is 0.18182, mrr is 1.00000
---- item 351: map is 0.52703, precision@k is 0.09091, mrr is 1.00000
---- item 401: map is 0.13841, precision@k is 0.09091, mrr is 0.50000
---- item 451: map is 0.58681, precision@k is 0.18182, mrr is 1.00000
---- item 501: map is 0.34445, precision@k is 0.09091, mrr is 1.00000
---- item 551: map is 0.83333, precision@k is 0.66667, mrr is 1.00000
---- item 601: map is 0.02218, precision@k is 0.00000, mrr is 0.01587
---- item 651: map is 0.03287, precision@k is 0.00000, mrr is 0.08333
---- item 701: map is 0.34263, precision@k is 0.09091, mrr is 1.00000
---- item 751: map is 0.00451, precision@k is 0.00000, mrr is 0.00289
---- item 801: map is 0.36873, precision@k is 0.09091, mrr is 1.00000
---- item 851: map is 0.08612, precision@k is 0.09091, mrr is 0.25000
[Stat]ETBIR_User model, Interpolation mode item tagging: Precision@K is 0.20653, MAP is: 0.36762, MRR is: 0.71316, in top 10 tags
244 users are loaded from /home/ll5fy/TUIR/dataset/yelp/byUser_70k_review/5foldsCVColdstart/1/...
260 users are loaded from /home/ll5fy/TUIR/dataset/yelp/byUser_70k_review/5foldsCVColdstart/0/...
266 users are loaded from /home/ll5fy/TUIR/dataset/yelp/byUser_70k_review/5foldsCVColdstart/2/...
264 users are loaded from /home/ll5fy/TUIR/dataset/yelp/byUser_70k_review/5foldsCVColdstart/3/...
256 users are loaded from /home/ll5fy/TUIR/dataset/yelp/byUser_70k_review/5foldsCVColdstart/4/...
[Info]Finish loading 861 items' weights in total 156639 items!
[Info]Begin tagging 861 items with ETBIR_User Interpolation............
---- item 1: map is 0.44636, precision@k is 0.18182, mrr is 1.00000
---- item 51: map is 0.41057, precision@k is 0.18182, mrr is 1.00000
---- item 101: map is 0.75000, precision@k is 0.50000, mrr is 1.00000
---- item 151: map is 0.15186, precision@k is 0.09091, mrr is 0.33333
---- item 201: map is 0.34409, precision@k is 0.09091, mrr is 1.00000
---- item 251: map is 0.15625, precision@k is 0.09091, mrr is 0.25000
---- item 301: map is 0.50488, precision@k is 0.18182, mrr is 1.00000
---- item 351: map is 0.54167, precision@k is 0.09091, mrr is 1.00000
---- item 401: map is 0.28281, precision@k is 0.27273, mrr is 0.50000
---- item 451: map is 0.58889, precision@k is 0.18182, mrr is 1.00000
---- item 501: map is 0.34639, precision@k is 0.09091, mrr is 1.00000
---- item 551: map is 0.70000, precision@k is 0.40000, mrr is 1.00000
---- item 601: map is 0.43333, precision@k is 0.18182, mrr is 1.00000
---- item 651: map is 0.03918, precision@k is 0.09091, mrr is 0.12500
---- item 701: map is 0.17819, precision@k is 0.09091, mrr is 0.50000
---- item 751: map is 0.00450, precision@k is 0.00000, mrr is 0.00281
---- item 801: map is 0.39574, precision@k is 0.09091, mrr is 1.00000
---- item 851: map is 0.11495, precision@k is 0.09091, mrr is 0.33333
[Stat]ETBIR_User model, Interpolation mode item tagging: Precision@K is 0.21905, MAP is: 0.37129, MRR is: 0.67827, in top 10 tags
266 users are loaded from /home/ll5fy/TUIR/dataset/yelp/byUser_70k_review/5foldsCVColdstart/2/...
260 users are loaded from /home/ll5fy/TUIR/dataset/yelp/byUser_70k_review/5foldsCVColdstart/0/...
244 users are loaded from /home/ll5fy/TUIR/dataset/yelp/byUser_70k_review/5foldsCVColdstart/1/...
264 users are loaded from /home/ll5fy/TUIR/dataset/yelp/byUser_70k_review/5foldsCVColdstart/3/...
256 users are loaded from /home/ll5fy/TUIR/dataset/yelp/byUser_70k_review/5foldsCVColdstart/4/...
[Info]Finish loading 861 items' weights in total 156639 items!
[Info]Begin tagging 861 items with ETBIR_User Interpolation............
---- item 1: map is 0.55762, precision@k is 0.18182, mrr is 1.00000
---- item 51: map is 0.38414, precision@k is 0.18182, mrr is 1.00000
---- item 101: map is 0.75000, precision@k is 0.50000, mrr is 1.00000
---- item 151: map is 0.15795, precision@k is 0.09091, mrr is 0.33333
---- item 201: map is 0.34326, precision@k is 0.09091, mrr is 1.00000
---- item 251: map is 0.19167, precision@k is 0.09091, mrr is 0.25000
---- item 301: map is 0.50508, precision@k is 0.18182, mrr is 1.00000
---- item 351: map is 0.62500, precision@k is 0.25000, mrr is 1.00000
---- item 401: map is 0.35063, precision@k is 0.27273, mrr is 0.50000
---- item 451: map is 0.58497, precision@k is 0.18182, mrr is 1.00000
---- item 501: map is 0.34472, precision@k is 0.09091, mrr is 1.00000
---- item 551: map is 0.75000, precision@k is 0.50000, mrr is 1.00000
---- item 601: map is 0.43530, precision@k is 0.18182, mrr is 1.00000
---- item 651: map is 0.03347, precision@k is 0.00000, mrr is 0.09091
---- item 701: map is 0.17644, precision@k is 0.09091, mrr is 0.50000
---- item 751: map is 0.00444, precision@k is 0.00000, mrr is 0.00273
---- item 801: map is 0.41354, precision@k is 0.18182, mrr is 1.00000
---- item 851: map is 0.10435, precision@k is 0.09091, mrr is 0.25000
[Stat]ETBIR_User model, Interpolation mode item tagging: Precision@K is 0.22543, MAP is: 0.37020, MRR is: 0.66450, in top 10 tags
264 users are loaded from /home/ll5fy/TUIR/dataset/yelp/byUser_70k_review/5foldsCVColdstart/3/...
260 users are loaded from /home/ll5fy/TUIR/dataset/yelp/byUser_70k_review/5foldsCVColdstart/0/...
244 users are loaded from /home/ll5fy/TUIR/dataset/yelp/byUser_70k_review/5foldsCVColdstart/1/...
266 users are loaded from /home/ll5fy/TUIR/dataset/yelp/byUser_70k_review/5foldsCVColdstart/2/...
256 users are loaded from /home/ll5fy/TUIR/dataset/yelp/byUser_70k_review/5foldsCVColdstart/4/...
[Info]Finish loading 861 items' weights in total 156639 items!
[Info]Begin tagging 861 items with ETBIR_User Interpolation............
---- item 1: map is 0.55762, precision@k is 0.18182, mrr is 1.00000
---- item 51: map is 0.39739, precision@k is 0.18182, mrr is 1.00000
---- item 101: map is 0.70000, precision@k is 0.40000, mrr is 1.00000
---- item 151: map is 0.20743, precision@k is 0.18182, mrr is 0.25000
---- item 201: map is 0.34394, precision@k is 0.09091, mrr is 1.00000
---- item 251: map is 0.26923, precision@k is 0.09091, mrr is 0.50000
---- item 301: map is 0.50465, precision@k is 0.18182, mrr is 1.00000
---- item 351: map is 0.83333, precision@k is 0.66667, mrr is 1.00000
---- item 401: map is 0.34900, precision@k is 0.27273, mrr is 0.50000
---- item 451: map is 0.44898, precision@k is 0.18182, mrr is 1.00000
---- item 501: map is 0.34473, precision@k is 0.09091, mrr is 1.00000
---- item 551: map is 0.66667, precision@k is 0.33333, mrr is 1.00000
---- item 601: map is 0.43522, precision@k is 0.18182, mrr is 1.00000
---- item 651: map is 0.02985, precision@k is 0.00000, mrr is 0.05263
---- item 701: map is 0.17714, precision@k is 0.09091, mrr is 0.50000
---- item 751: map is 0.00436, precision@k is 0.00000, mrr is 0.00279
---- item 801: map is 0.41455, precision@k is 0.18182, mrr is 1.00000
---- item 851: map is 0.09648, precision@k is 0.09091, mrr is 0.25000
[Stat]ETBIR_User model, Interpolation mode item tagging: Precision@K is 0.22695, MAP is: 0.37029, MRR is: 0.66204, in top 10 tags
256 users are loaded from /home/ll5fy/TUIR/dataset/yelp/byUser_70k_review/5foldsCVColdstart/4/...
260 users are loaded from /home/ll5fy/TUIR/dataset/yelp/byUser_70k_review/5foldsCVColdstart/0/...
244 users are loaded from /home/ll5fy/TUIR/dataset/yelp/byUser_70k_review/5foldsCVColdstart/1/...
266 users are loaded from /home/ll5fy/TUIR/dataset/yelp/byUser_70k_review/5foldsCVColdstart/2/...
264 users are loaded from /home/ll5fy/TUIR/dataset/yelp/byUser_70k_review/5foldsCVColdstart/3/...
[Info]Finish loading 861 items' weights in total 156639 items!
[Info]Begin tagging 861 items with ETBIR_User Interpolation............
---- item 1: map is 0.73333, precision@k is 0.66667, mrr is 1.00000
---- item 51: map is 0.38115, precision@k is 0.18182, mrr is 1.00000
---- item 101: map is 0.75000, precision@k is 0.50000, mrr is 1.00000
---- item 151: map is 0.54492, precision@k is 0.27273, mrr is 1.00000
---- item 201: map is 0.34362, precision@k is 0.09091, mrr is 1.00000
---- item 251: map is 0.19643, precision@k is 0.09091, mrr is 0.25000
---- item 301: map is 0.50543, precision@k is 0.18182, mrr is 1.00000
---- item 351: map is 0.83333, precision@k is 0.66667, mrr is 1.00000
---- item 401: map is 0.34939, precision@k is 0.27273, mrr is 0.50000
---- item 451: map is 0.42778, precision@k is 0.18182, mrr is 1.00000
---- item 501: map is 0.34466, precision@k is 0.09091, mrr is 1.00000
---- item 551: map is 0.62500, precision@k is 0.25000, mrr is 1.00000
---- item 601: map is 0.43603, precision@k is 0.18182, mrr is 1.00000
---- item 651: map is 0.02993, precision@k is 0.00000, mrr is 0.05882
---- item 701: map is 0.19111, precision@k is 0.09091, mrr is 0.50000
---- item 751: map is 0.00430, precision@k is 0.00000, mrr is 0.00277
---- item 801: map is 0.41465, precision@k is 0.18182, mrr is 1.00000
---- item 851: map is 0.10082, precision@k is 0.09091, mrr is 0.25000
[Stat]ETBIR_User model, Interpolation mode item tagging: Precision@K is 0.22800, MAP is: 0.37004, MRR is: 0.65719, in top 10 tags

[Stat]Running time (seconds) 366.79800
[Stat]MAP 0.370+/-0.001
[Stat]MRR 0.675+/-0.020
[Stat]Precision 0.221+/-0.008
