Load 6134 2-gram new features from /home/ll5fy/TUIR/dataset/yelp/yelp_features.txt...
Load 6134 2-gram new features from /home/ll5fy/TUIR/dataset/yelp/yelp_features.txt...
[Info]Start FIXED cross validation...
[Info]Load 553 tags, with 6134 features.
260 users are loaded from /home/ll5fy/TUIR/dataset/yelp/byUser_70k_review/5foldsCVColdstart/0/...
244 users are loaded from /home/ll5fy/TUIR/dataset/yelp/byUser_70k_review/5foldsCVColdstart/1/...
266 users are loaded from /home/ll5fy/TUIR/dataset/yelp/byUser_70k_review/5foldsCVColdstart/2/...
264 users are loaded from /home/ll5fy/TUIR/dataset/yelp/byUser_70k_review/5foldsCVColdstart/3/...
256 users are loaded from /home/ll5fy/TUIR/dataset/yelp/byUser_70k_review/5foldsCVColdstart/4/...
[Info]Finish loading 861 items' weights in total 156639 items!
[Info]Begin tagging 861 items with ETBIR_User Interpolation............
---- item 1: map is 0.55855, precision@k is 0.18182, mrr is 1.00000
---- item 51: map is 0.40902, precision@k is 0.18182, mrr is 1.00000
---- item 101: map is 0.75000, precision@k is 0.50000, mrr is 1.00000
---- item 151: map is 0.15802, precision@k is 0.09091, mrr is 0.25000
---- item 201: map is 0.34336, precision@k is 0.09091, mrr is 1.00000
---- item 251: map is 0.19167, precision@k is 0.09091, mrr is 0.25000
---- item 301: map is 0.50549, precision@k is 0.18182, mrr is 1.00000
---- item 351: map is 0.70000, precision@k is 0.40000, mrr is 1.00000
---- item 401: map is 0.19246, precision@k is 0.18182, mrr is 0.50000
---- item 451: map is 0.57778, precision@k is 0.18182, mrr is 1.00000
---- item 501: map is 0.34704, precision@k is 0.09091, mrr is 1.00000
---- item 551: map is 0.61111, precision@k is 0.22222, mrr is 1.00000
---- item 601: map is 0.03105, precision@k is 0.00000, mrr is 0.04348
---- item 651: map is 0.02873, precision@k is 0.00000, mrr is 0.05263
---- item 701: map is 0.34294, precision@k is 0.09091, mrr is 1.00000
---- item 751: map is 0.00434, precision@k is 0.00000, mrr is 0.00294
---- item 801: map is 0.41471, precision@k is 0.18182, mrr is 1.00000
---- item 851: map is 0.10079, precision@k is 0.09091, mrr is 0.25000
[Stat]ETBIR_User model, Interpolation mode item tagging: Precision@K is 0.20595, MAP is: 0.35932, MRR is: 0.67951, in top 10 tags
244 users are loaded from /home/ll5fy/TUIR/dataset/yelp/byUser_70k_review/5foldsCVColdstart/1/...
260 users are loaded from /home/ll5fy/TUIR/dataset/yelp/byUser_70k_review/5foldsCVColdstart/0/...
266 users are loaded from /home/ll5fy/TUIR/dataset/yelp/byUser_70k_review/5foldsCVColdstart/2/...
264 users are loaded from /home/ll5fy/TUIR/dataset/yelp/byUser_70k_review/5foldsCVColdstart/3/...
256 users are loaded from /home/ll5fy/TUIR/dataset/yelp/byUser_70k_review/5foldsCVColdstart/4/...
[Info]Finish loading 861 items' weights in total 156639 items!
[Info]Begin tagging 861 items with ETBIR_User Interpolation............
---- item 1: map is 0.55838, precision@k is 0.18182, mrr is 1.00000
---- item 51: map is 0.36139, precision@k is 0.18182, mrr is 1.00000
---- item 101: map is 0.64286, precision@k is 0.28571, mrr is 1.00000
---- item 151: map is 0.13717, precision@k is 0.09091, mrr is 0.20000
---- item 201: map is 0.34412, precision@k is 0.09091, mrr is 1.00000
---- item 251: map is 0.21591, precision@k is 0.09091, mrr is 0.25000
---- item 301: map is 0.50560, precision@k is 0.18182, mrr is 1.00000
---- item 351: map is 0.83333, precision@k is 0.66667, mrr is 1.00000
---- item 401: map is 0.31600, precision@k is 0.27273, mrr is 0.50000
---- item 451: map is 0.52273, precision@k is 0.18182, mrr is 1.00000
---- item 501: map is 0.34567, precision@k is 0.09091, mrr is 1.00000
---- item 551: map is 0.58333, precision@k is 0.09091, mrr is 1.00000
---- item 601: map is 0.43472, precision@k is 0.18182, mrr is 1.00000
---- item 651: map is 0.02815, precision@k is 0.00000, mrr is 0.04762
---- item 701: map is 0.18594, precision@k is 0.09091, mrr is 0.50000
---- item 751: map is 0.00430, precision@k is 0.00000, mrr is 0.00280
---- item 801: map is 0.41399, precision@k is 0.18182, mrr is 1.00000
---- item 851: map is 0.11132, precision@k is 0.09091, mrr is 0.25000
[Stat]ETBIR_User model, Interpolation mode item tagging: Precision@K is 0.22018, MAP is: 0.36553, MRR is: 0.65261, in top 10 tags
266 users are loaded from /home/ll5fy/TUIR/dataset/yelp/byUser_70k_review/5foldsCVColdstart/2/...
260 users are loaded from /home/ll5fy/TUIR/dataset/yelp/byUser_70k_review/5foldsCVColdstart/0/...
244 users are loaded from /home/ll5fy/TUIR/dataset/yelp/byUser_70k_review/5foldsCVColdstart/1/...
264 users are loaded from /home/ll5fy/TUIR/dataset/yelp/byUser_70k_review/5foldsCVColdstart/3/...
256 users are loaded from /home/ll5fy/TUIR/dataset/yelp/byUser_70k_review/5foldsCVColdstart/4/...
[Info]Finish loading 861 items' weights in total 156639 items!
[Info]Begin tagging 861 items with ETBIR_User Interpolation............
---- item 1: map is 0.67473, precision@k is 0.18182, mrr is 1.00000
---- item 51: map is 0.35150, precision@k is 0.09091, mrr is 1.00000
---- item 101: map is 0.62500, precision@k is 0.25000, mrr is 1.00000
---- item 151: map is 0.13253, precision@k is 0.09091, mrr is 0.20000
---- item 201: map is 0.34498, precision@k is 0.09091, mrr is 1.00000
---- item 251: map is 0.22500, precision@k is 0.20000, mrr is 0.25000
---- item 301: map is 0.50637, precision@k is 0.18182, mrr is 1.00000
---- item 351: map is 1.00000, precision@k is 1.00000, mrr is 1.00000
---- item 401: map is 0.34918, precision@k is 0.27273, mrr is 0.50000
---- item 451: map is 0.51639, precision@k is 0.18182, mrr is 1.00000
---- item 501: map is 0.34524, precision@k is 0.09091, mrr is 1.00000
---- item 551: map is 0.58333, precision@k is 0.09091, mrr is 1.00000
---- item 601: map is 0.43365, precision@k is 0.18182, mrr is 1.00000
---- item 651: map is 0.03504, precision@k is 0.00000, mrr is 0.04348
---- item 701: map is 0.17174, precision@k is 0.09091, mrr is 0.33333
---- item 751: map is 0.00444, precision@k is 0.00000, mrr is 0.00265
---- item 801: map is 0.41534, precision@k is 0.18182, mrr is 1.00000
---- item 851: map is 0.10682, precision@k is 0.09091, mrr is 0.25000
[Stat]ETBIR_User model, Interpolation mode item tagging: Precision@K is 0.21813, MAP is: 0.36391, MRR is: 0.64617, in top 10 tags
264 users are loaded from /home/ll5fy/TUIR/dataset/yelp/byUser_70k_review/5foldsCVColdstart/3/...
260 users are loaded from /home/ll5fy/TUIR/dataset/yelp/byUser_70k_review/5foldsCVColdstart/0/...
244 users are loaded from /home/ll5fy/TUIR/dataset/yelp/byUser_70k_review/5foldsCVColdstart/1/...
266 users are loaded from /home/ll5fy/TUIR/dataset/yelp/byUser_70k_review/5foldsCVColdstart/2/...
256 users are loaded from /home/ll5fy/TUIR/dataset/yelp/byUser_70k_review/5foldsCVColdstart/4/...
[Info]Finish loading 861 items' weights in total 156639 items!
[Info]Begin tagging 861 items with ETBIR_User Interpolation............
---- item 1: map is 0.69892, precision@k is 0.18182, mrr is 1.00000
---- item 51: map is 0.34816, precision@k is 0.09091, mrr is 1.00000
---- item 101: map is 0.62500, precision@k is 0.25000, mrr is 1.00000
---- item 151: map is 0.12619, precision@k is 0.09091, mrr is 0.20000
---- item 201: map is 0.34342, precision@k is 0.09091, mrr is 1.00000
---- item 251: map is 0.41667, precision@k is 0.50000, mrr is 0.33333
---- item 301: map is 0.50479, precision@k is 0.18182, mrr is 1.00000
---- item 351: map is 1.00000, precision@k is 1.00000, mrr is 1.00000
---- item 401: map is 0.34861, precision@k is 0.27273, mrr is 0.50000
---- item 451: map is 0.41246, precision@k is 0.09091, mrr is 1.00000
---- item 501: map is 0.34617, precision@k is 0.09091, mrr is 1.00000
---- item 551: map is 0.56250, precision@k is 0.09091, mrr is 1.00000
---- item 601: map is 0.43691, precision@k is 0.18182, mrr is 1.00000
---- item 651: map is 0.04126, precision@k is 0.00000, mrr is 0.03846
---- item 701: map is 0.17036, precision@k is 0.09091, mrr is 0.33333
---- item 751: map is 0.00430, precision@k is 0.00000, mrr is 0.00268
---- item 801: map is 0.41460, precision@k is 0.18182, mrr is 1.00000
---- item 851: map is 0.10766, precision@k is 0.09091, mrr is 0.25000
[Stat]ETBIR_User model, Interpolation mode item tagging: Precision@K is 0.21287, MAP is: 0.36074, MRR is: 0.64434, in top 10 tags
256 users are loaded from /home/ll5fy/TUIR/dataset/yelp/byUser_70k_review/5foldsCVColdstart/4/...
260 users are loaded from /home/ll5fy/TUIR/dataset/yelp/byUser_70k_review/5foldsCVColdstart/0/...
244 users are loaded from /home/ll5fy/TUIR/dataset/yelp/byUser_70k_review/5foldsCVColdstart/1/...
266 users are loaded from /home/ll5fy/TUIR/dataset/yelp/byUser_70k_review/5foldsCVColdstart/2/...
264 users are loaded from /home/ll5fy/TUIR/dataset/yelp/byUser_70k_review/5foldsCVColdstart/3/...
[Info]Finish loading 861 items' weights in total 156639 items!
[Info]Begin tagging 861 items with ETBIR_User Interpolation............
---- item 1: map is 0.77083, precision@k is 0.66667, mrr is 1.00000
---- item 51: map is 0.37237, precision@k is 0.09091, mrr is 1.00000
---- item 101: map is 0.62500, precision@k is 0.25000, mrr is 1.00000
---- item 151: map is 0.49250, precision@k is 0.27273, mrr is 1.00000
---- item 201: map is 0.34578, precision@k is 0.09091, mrr is 1.00000
---- item 251: map is 0.22500, precision@k is 0.20000, mrr is 0.25000
---- item 301: map is 0.50705, precision@k is 0.18182, mrr is 1.00000
---- item 351: map is 1.00000, precision@k is 1.00000, mrr is 1.00000
---- item 401: map is 0.34629, precision@k is 0.27273, mrr is 0.50000
---- item 451: map is 0.41089, precision@k is 0.09091, mrr is 1.00000
---- item 501: map is 0.34503, precision@k is 0.09091, mrr is 1.00000
---- item 551: map is 0.55263, precision@k is 0.09091, mrr is 1.00000
---- item 601: map is 0.43638, precision@k is 0.18182, mrr is 1.00000
---- item 651: map is 0.05067, precision@k is 0.00000, mrr is 0.03846
---- item 701: map is 0.18179, precision@k is 0.18182, mrr is 0.33333
---- item 751: map is 0.00422, precision@k is 0.00000, mrr is 0.00253
---- item 801: map is 0.41721, precision@k is 0.18182, mrr is 1.00000
---- item 851: map is 0.10144, precision@k is 0.09091, mrr is 0.25000
[Stat]ETBIR_User model, Interpolation mode item tagging: Precision@K is 0.21289, MAP is: 0.36146, MRR is: 0.64265, in top 10 tags

[Stat]Running time (seconds) 363.53400
[Stat]MAP 0.362+/-0.002
[Stat]MRR 0.653+/-0.014
[Stat]Precision 0.214+/-0.005
