Load 6134 2-gram new features from /home/ll5fy/TUIR/dataset/yelp/yelp_features.txt...
Load 6134 2-gram new features from /home/ll5fy/TUIR/dataset/yelp/yelp_features.txt...
[Info]Start FIXED cross validation...
[Info]Load 553 tags, with 6134 features.
260 users are loaded from /home/ll5fy/TUIR/dataset/yelp/byUser_70k_review/5foldsCVColdstart/0/...
244 users are loaded from /home/ll5fy/TUIR/dataset/yelp/byUser_70k_review/5foldsCVColdstart/1/...
266 users are loaded from /home/ll5fy/TUIR/dataset/yelp/byUser_70k_review/5foldsCVColdstart/2/...
264 users are loaded from /home/ll5fy/TUIR/dataset/yelp/byUser_70k_review/5foldsCVColdstart/3/...
256 users are loaded from /home/ll5fy/TUIR/dataset/yelp/byUser_70k_review/5foldsCVColdstart/4/...
[Info]Finish loading 861 items' weights in total 156639 items!
[Info]Begin tagging 861 items with ETBIR Interpolation............
---- item 1: map is 0.41876, precision@k is 0.18182, mrr is 1.00000
---- item 51: map is 0.55184, precision@k is 0.18182, mrr is 1.00000
---- item 101: map is 0.83333, precision@k is 0.66667, mrr is 1.00000
---- item 151: map is 0.20991, precision@k is 0.09091, mrr is 0.50000
---- item 201: map is 0.34419, precision@k is 0.09091, mrr is 1.00000
---- item 251: map is 0.13553, precision@k is 0.09091, mrr is 0.25000
---- item 301: map is 0.50545, precision@k is 0.18182, mrr is 1.00000
---- item 351: map is 0.52632, precision@k is 0.09091, mrr is 1.00000
---- item 401: map is 0.15995, precision@k is 0.18182, mrr is 0.50000
---- item 451: map is 0.57778, precision@k is 0.18182, mrr is 1.00000
---- item 501: map is 0.34635, precision@k is 0.09091, mrr is 1.00000
---- item 551: map is 0.83333, precision@k is 0.66667, mrr is 1.00000
---- item 601: map is 0.03019, precision@k is 0.00000, mrr is 0.04348
---- item 651: map is 0.02939, precision@k is 0.00000, mrr is 0.05882
---- item 701: map is 0.34552, precision@k is 0.09091, mrr is 1.00000
---- item 751: map is 0.00435, precision@k is 0.00000, mrr is 0.00284
---- item 801: map is 0.36730, precision@k is 0.09091, mrr is 1.00000
---- item 851: map is 0.08498, precision@k is 0.09091, mrr is 0.25000
[Stat]ETBIR model, Interpolation mode item tagging: Precision@K is 0.20568, MAP is: 0.36890, MRR is: 0.71232, in top 10 tags
244 users are loaded from /home/ll5fy/TUIR/dataset/yelp/byUser_70k_review/5foldsCVColdstart/1/...
260 users are loaded from /home/ll5fy/TUIR/dataset/yelp/byUser_70k_review/5foldsCVColdstart/0/...
266 users are loaded from /home/ll5fy/TUIR/dataset/yelp/byUser_70k_review/5foldsCVColdstart/2/...
264 users are loaded from /home/ll5fy/TUIR/dataset/yelp/byUser_70k_review/5foldsCVColdstart/3/...
256 users are loaded from /home/ll5fy/TUIR/dataset/yelp/byUser_70k_review/5foldsCVColdstart/4/...
[Info]Finish loading 861 items' weights in total 156639 items!
[Info]Begin tagging 861 items with ETBIR Interpolation............
---- item 1: map is 0.46880, precision@k is 0.18182, mrr is 1.00000
---- item 51: map is 0.43687, precision@k is 0.18182, mrr is 1.00000
---- item 101: map is 0.83333, precision@k is 0.66667, mrr is 1.00000
---- item 151: map is 0.18542, precision@k is 0.09091, mrr is 0.33333
---- item 201: map is 0.34540, precision@k is 0.09091, mrr is 1.00000
---- item 251: map is 0.14387, precision@k is 0.09091, mrr is 0.25000
---- item 301: map is 0.50645, precision@k is 0.18182, mrr is 1.00000
---- item 351: map is 0.53846, precision@k is 0.09091, mrr is 1.00000
---- item 401: map is 0.27992, precision@k is 0.27273, mrr is 0.50000
---- item 451: map is 0.57729, precision@k is 0.18182, mrr is 1.00000
---- item 501: map is 0.34792, precision@k is 0.09091, mrr is 1.00000
---- item 551: map is 0.70000, precision@k is 0.40000, mrr is 1.00000
---- item 601: map is 0.43149, precision@k is 0.18182, mrr is 1.00000
---- item 651: map is 0.02965, precision@k is 0.00000, mrr is 0.06250
---- item 701: map is 0.18046, precision@k is 0.09091, mrr is 0.50000
---- item 751: map is 0.00425, precision@k is 0.00000, mrr is 0.00270
---- item 801: map is 0.40781, precision@k is 0.18182, mrr is 1.00000
---- item 851: map is 0.10538, precision@k is 0.09091, mrr is 0.33333
[Stat]ETBIR model, Interpolation mode item tagging: Precision@K is 0.21918, MAP is: 0.37427, MRR is: 0.68086, in top 10 tags
266 users are loaded from /home/ll5fy/TUIR/dataset/yelp/byUser_70k_review/5foldsCVColdstart/2/...
260 users are loaded from /home/ll5fy/TUIR/dataset/yelp/byUser_70k_review/5foldsCVColdstart/0/...
244 users are loaded from /home/ll5fy/TUIR/dataset/yelp/byUser_70k_review/5foldsCVColdstart/1/...
264 users are loaded from /home/ll5fy/TUIR/dataset/yelp/byUser_70k_review/5foldsCVColdstart/3/...
256 users are loaded from /home/ll5fy/TUIR/dataset/yelp/byUser_70k_review/5foldsCVColdstart/4/...
[Info]Finish loading 861 items' weights in total 156639 items!
[Info]Begin tagging 861 items with ETBIR Interpolation............
---- item 1: map is 0.55780, precision@k is 0.18182, mrr is 1.00000
---- item 51: map is 0.38035, precision@k is 0.18182, mrr is 1.00000
---- item 101: map is 0.75000, precision@k is 0.50000, mrr is 1.00000
---- item 151: map is 0.16864, precision@k is 0.18182, mrr is 0.25000
---- item 201: map is 0.34286, precision@k is 0.09091, mrr is 1.00000
---- item 251: map is 0.18056, precision@k is 0.09091, mrr is 0.25000
---- item 301: map is 0.50486, precision@k is 0.18182, mrr is 1.00000
---- item 351: map is 0.60000, precision@k is 0.20000, mrr is 1.00000
---- item 401: map is 0.34861, precision@k is 0.27273, mrr is 0.50000
---- item 451: map is 0.58333, precision@k is 0.18182, mrr is 1.00000
---- item 501: map is 0.34578, precision@k is 0.09091, mrr is 1.00000
---- item 551: map is 0.75000, precision@k is 0.50000, mrr is 1.00000
---- item 601: map is 0.43480, precision@k is 0.18182, mrr is 1.00000
---- item 651: map is 0.02998, precision@k is 0.00000, mrr is 0.08333
---- item 701: map is 0.17687, precision@k is 0.09091, mrr is 0.50000
---- item 751: map is 0.00439, precision@k is 0.00000, mrr is 0.00286
---- item 801: map is 0.41343, precision@k is 0.18182, mrr is 1.00000
---- item 851: map is 0.10781, precision@k is 0.09091, mrr is 0.25000
[Stat]ETBIR model, Interpolation mode item tagging: Precision@K is 0.22347, MAP is: 0.36914, MRR is: 0.66555, in top 10 tags
264 users are loaded from /home/ll5fy/TUIR/dataset/yelp/byUser_70k_review/5foldsCVColdstart/3/...
260 users are loaded from /home/ll5fy/TUIR/dataset/yelp/byUser_70k_review/5foldsCVColdstart/0/...
244 users are loaded from /home/ll5fy/TUIR/dataset/yelp/byUser_70k_review/5foldsCVColdstart/1/...
266 users are loaded from /home/ll5fy/TUIR/dataset/yelp/byUser_70k_review/5foldsCVColdstart/2/...
256 users are loaded from /home/ll5fy/TUIR/dataset/yelp/byUser_70k_review/5foldsCVColdstart/4/...
[Info]Finish loading 861 items' weights in total 156639 items!
[Info]Begin tagging 861 items with ETBIR Interpolation............
---- item 1: map is 0.55832, precision@k is 0.18182, mrr is 1.00000
---- item 51: map is 0.39552, precision@k is 0.18182, mrr is 1.00000
---- item 101: map is 0.75000, precision@k is 0.50000, mrr is 1.00000
---- item 151: map is 0.20853, precision@k is 0.18182, mrr is 0.25000
---- item 201: map is 0.34449, precision@k is 0.09091, mrr is 1.00000
---- item 251: map is 0.26887, precision@k is 0.09091, mrr is 0.50000
---- item 301: map is 0.50509, precision@k is 0.18182, mrr is 1.00000
---- item 351: map is 0.75000, precision@k is 0.50000, mrr is 1.00000
---- item 401: map is 0.34726, precision@k is 0.27273, mrr is 0.50000
---- item 451: map is 0.43841, precision@k is 0.18182, mrr is 1.00000
---- item 501: map is 0.34670, precision@k is 0.09091, mrr is 1.00000
---- item 551: map is 0.66667, precision@k is 0.33333, mrr is 1.00000
---- item 601: map is 0.43325, precision@k is 0.18182, mrr is 1.00000
---- item 651: map is 0.02929, precision@k is 0.00000, mrr is 0.05263
---- item 701: map is 0.18517, precision@k is 0.09091, mrr is 0.50000
---- item 751: map is 0.00419, precision@k is 0.00000, mrr is 0.00260
---- item 801: map is 0.41493, precision@k is 0.18182, mrr is 1.00000
---- item 851: map is 0.09665, precision@k is 0.09091, mrr is 0.25000
[Stat]ETBIR model, Interpolation mode item tagging: Precision@K is 0.22875, MAP is: 0.37199, MRR is: 0.66198, in top 10 tags
256 users are loaded from /home/ll5fy/TUIR/dataset/yelp/byUser_70k_review/5foldsCVColdstart/4/...
260 users are loaded from /home/ll5fy/TUIR/dataset/yelp/byUser_70k_review/5foldsCVColdstart/0/...
244 users are loaded from /home/ll5fy/TUIR/dataset/yelp/byUser_70k_review/5foldsCVColdstart/1/...
266 users are loaded from /home/ll5fy/TUIR/dataset/yelp/byUser_70k_review/5foldsCVColdstart/2/...
264 users are loaded from /home/ll5fy/TUIR/dataset/yelp/byUser_70k_review/5foldsCVColdstart/3/...
[Info]Finish loading 861 items' weights in total 156639 items!
[Info]Begin tagging 861 items with ETBIR Interpolation............
---- item 1: map is 0.73333, precision@k is 0.66667, mrr is 1.00000
---- item 51: map is 0.38476, precision@k is 0.18182, mrr is 1.00000
---- item 101: map is 0.75000, precision@k is 0.50000, mrr is 1.00000
---- item 151: map is 0.52781, precision@k is 0.27273, mrr is 1.00000
---- item 201: map is 0.34479, precision@k is 0.09091, mrr is 1.00000
---- item 251: map is 0.20833, precision@k is 0.09091, mrr is 0.25000
---- item 301: map is 0.50599, precision@k is 0.18182, mrr is 1.00000
---- item 351: map is 0.75000, precision@k is 0.50000, mrr is 1.00000
---- item 401: map is 0.34856, precision@k is 0.27273, mrr is 0.50000
---- item 451: map is 0.43553, precision@k is 0.18182, mrr is 1.00000
---- item 501: map is 0.34536, precision@k is 0.09091, mrr is 1.00000
---- item 551: map is 0.60000, precision@k is 0.20000, mrr is 1.00000
---- item 601: map is 0.43416, precision@k is 0.18182, mrr is 1.00000
---- item 651: map is 0.02824, precision@k is 0.00000, mrr is 0.04762
---- item 701: map is 0.13090, precision@k is 0.09091, mrr is 0.33333
---- item 751: map is 0.00422, precision@k is 0.00000, mrr is 0.00270
---- item 801: map is 0.41487, precision@k is 0.18182, mrr is 1.00000
---- item 851: map is 0.10011, precision@k is 0.09091, mrr is 0.25000
[Stat]ETBIR model, Interpolation mode item tagging: Precision@K is 0.22819, MAP is: 0.37105, MRR is: 0.65784, in top 10 tags

[Stat]Running time (seconds) 366.52000
[Stat]MAP 0.371+/-0.002
[Stat]MRR 0.676+/-0.020
[Stat]Precision 0.221+/-0.008
