Load 6134 2-gram new features from /home/ll5fy/TUIR/dataset/yelp/yelp_features.txt...
Load 6134 2-gram new features from /home/ll5fy/TUIR/dataset/yelp/yelp_features.txt...
[Info]Start FIXED cross validation...
[Info]Load 553 tags, with 6134 features.
260 users are loaded from /home/ll5fy/TUIR/dataset/yelp/byUser_70k_review/5foldsCVColdstart/0/...
244 users are loaded from /home/ll5fy/TUIR/dataset/yelp/byUser_70k_review/5foldsCVColdstart/1/...
266 users are loaded from /home/ll5fy/TUIR/dataset/yelp/byUser_70k_review/5foldsCVColdstart/2/...
264 users are loaded from /home/ll5fy/TUIR/dataset/yelp/byUser_70k_review/5foldsCVColdstart/3/...
256 users are loaded from /home/ll5fy/TUIR/dataset/yelp/byUser_70k_review/5foldsCVColdstart/4/...
[Info]Finish loading 722 items' weights in total 156639 items!
[Info]Begin tagging 722 items with LDA_Item Embed............
---- item 1: map is 0.06548, precision@k is 0.09091, mrr is 0.16667
---- item 51: map is 0.08515, precision@k is 0.09091, mrr is 0.16667
---- item 101: map is 0.08752, precision@k is 0.09091, mrr is 0.16667
---- item 151: map is 0.06225, precision@k is 0.09091, mrr is 0.16667
---- item 201: map is 0.05176, precision@k is 0.09091, mrr is 0.16667
---- item 251: map is 0.08947, precision@k is 0.09091, mrr is 0.16667
---- item 301: map is 0.06103, precision@k is 0.09091, mrr is 0.16667
---- item 351: map is 0.05161, precision@k is 0.09091, mrr is 0.16667
---- item 401: map is 0.06115, precision@k is 0.09091, mrr is 0.16667
---- item 451: map is 0.04874, precision@k is 0.09091, mrr is 0.16667
---- item 501: map is 0.05994, precision@k is 0.09091, mrr is 0.16667
---- item 551: map is 0.06019, precision@k is 0.09091, mrr is 0.16667
---- item 601: map is 0.08673, precision@k is 0.09091, mrr is 0.16667
---- item 651: map is 0.20745, precision@k is 0.18182, mrr is 0.33333
---- item 701: map is 0.08657, precision@k is 0.09091, mrr is 0.16667
[Stat]LDA_Item model, Embed mode item tagging: Precision@K is 0.08820, MAP is: 0.07325, MRR is: 0.16437, in top 10 tags
244 users are loaded from /home/ll5fy/TUIR/dataset/yelp/byUser_70k_review/5foldsCVColdstart/1/...
260 users are loaded from /home/ll5fy/TUIR/dataset/yelp/byUser_70k_review/5foldsCVColdstart/0/...
266 users are loaded from /home/ll5fy/TUIR/dataset/yelp/byUser_70k_review/5foldsCVColdstart/2/...
264 users are loaded from /home/ll5fy/TUIR/dataset/yelp/byUser_70k_review/5foldsCVColdstart/3/...
256 users are loaded from /home/ll5fy/TUIR/dataset/yelp/byUser_70k_review/5foldsCVColdstart/4/...
[Info]Finish loading 732 items' weights in total 156639 items!
[Info]Begin tagging 732 items with LDA_Item Embed............
---- item 1: map is 0.37193, precision@k is 0.09091, mrr is 1.00000
---- item 51: map is 0.35127, precision@k is 0.09091, mrr is 1.00000
---- item 101: map is 0.36011, precision@k is 0.09091, mrr is 1.00000
---- item 151: map is 0.27494, precision@k is 0.09091, mrr is 1.00000
---- item 201: map is 0.52083, precision@k is 0.09091, mrr is 1.00000
---- item 251: map is 0.55882, precision@k is 0.09091, mrr is 1.00000
---- item 301: map is 0.05085, precision@k is 0.09091, mrr is 0.12500
---- item 351: map is 0.50575, precision@k is 0.09091, mrr is 1.00000
---- item 401: map is 0.34298, precision@k is 0.09091, mrr is 1.00000
---- item 451: map is 0.02216, precision@k is 0.00000, mrr is 0.02632
---- item 501: map is 0.00498, precision@k is 0.00000, mrr is 0.00498
---- item 551: map is 0.00438, precision@k is 0.00000, mrr is 0.00258
---- item 601: map is 0.01863, precision@k is 0.00000, mrr is 0.02632
---- item 651: map is 0.34307, precision@k is 0.09091, mrr is 1.00000
---- item 701: map is 0.25055, precision@k is 0.09091, mrr is 1.00000
[Stat]LDA_Item model, Embed mode item tagging: Precision@K is 0.10582, MAP is: 0.30702, MRR is: 0.76986, in top 10 tags
266 users are loaded from /home/ll5fy/TUIR/dataset/yelp/byUser_70k_review/5foldsCVColdstart/2/...
260 users are loaded from /home/ll5fy/TUIR/dataset/yelp/byUser_70k_review/5foldsCVColdstart/0/...
244 users are loaded from /home/ll5fy/TUIR/dataset/yelp/byUser_70k_review/5foldsCVColdstart/1/...
264 users are loaded from /home/ll5fy/TUIR/dataset/yelp/byUser_70k_review/5foldsCVColdstart/3/...
256 users are loaded from /home/ll5fy/TUIR/dataset/yelp/byUser_70k_review/5foldsCVColdstart/4/...
[Info]Finish loading 702 items' weights in total 156639 items!
[Info]Begin tagging 702 items with LDA_Item Embed............
---- item 1: map is 0.37534, precision@k is 0.09091, mrr is 1.00000
---- item 51: map is 0.02313, precision@k is 0.00000, mrr is 0.01429
---- item 101: map is 0.00426, precision@k is 0.00000, mrr is 0.00394
---- item 151: map is 0.28167, precision@k is 0.09091, mrr is 1.00000
---- item 201: map is 0.28195, precision@k is 0.18182, mrr is 1.00000
---- item 251: map is 0.02545, precision@k is 0.00000, mrr is 0.01429
---- item 301: map is 0.36020, precision@k is 0.09091, mrr is 1.00000
---- item 351: map is 0.51000, precision@k is 0.18182, mrr is 1.00000
---- item 401: map is 0.20167, precision@k is 0.09091, mrr is 1.00000
---- item 451: map is 0.34109, precision@k is 0.18182, mrr is 1.00000
---- item 501: map is 0.02313, precision@k is 0.00000, mrr is 0.01429
---- item 551: map is 0.39665, precision@k is 0.18182, mrr is 1.00000
---- item 601: map is 0.02313, precision@k is 0.00000, mrr is 0.01429
---- item 651: map is 0.03937, precision@k is 0.09091, mrr is 0.10000
---- item 701: map is 0.52326, precision@k is 0.09091, mrr is 1.00000
[Stat]LDA_Item model, Embed mode item tagging: Precision@K is 0.09975, MAP is: 0.29726, MRR is: 0.76314, in top 10 tags
264 users are loaded from /home/ll5fy/TUIR/dataset/yelp/byUser_70k_review/5foldsCVColdstart/3/...
260 users are loaded from /home/ll5fy/TUIR/dataset/yelp/byUser_70k_review/5foldsCVColdstart/0/...
244 users are loaded from /home/ll5fy/TUIR/dataset/yelp/byUser_70k_review/5foldsCVColdstart/1/...
266 users are loaded from /home/ll5fy/TUIR/dataset/yelp/byUser_70k_review/5foldsCVColdstart/2/...
256 users are loaded from /home/ll5fy/TUIR/dataset/yelp/byUser_70k_review/5foldsCVColdstart/4/...
[Info]Finish loading 717 items' weights in total 156639 items!
[Info]Begin tagging 717 items with LDA_Item Embed............
---- item 1: map is 0.43159, precision@k is 0.18182, mrr is 1.00000
---- item 51: map is 0.34457, precision@k is 0.09091, mrr is 1.00000
---- item 101: map is 0.50794, precision@k is 0.09091, mrr is 1.00000
---- item 151: map is 0.51000, precision@k is 0.09091, mrr is 1.00000
---- item 201: map is 0.02161, precision@k is 0.00000, mrr is 0.01587
---- item 251: map is 0.50333, precision@k is 0.09091, mrr is 1.00000
---- item 301: map is 0.32848, precision@k is 0.18182, mrr is 1.00000
---- item 351: map is 0.02646, precision@k is 0.00000, mrr is 0.02778
---- item 401: map is 0.00560, precision@k is 0.00000, mrr is 0.00420
---- item 451: map is 0.51493, precision@k is 0.09091, mrr is 1.00000
---- item 501: map is 1.00000, precision@k is 1.00000, mrr is 1.00000
---- item 551: map is 0.34574, precision@k is 0.09091, mrr is 1.00000
---- item 601: map is 0.34277, precision@k is 0.09091, mrr is 1.00000
---- item 651: map is 0.02161, precision@k is 0.00000, mrr is 0.01587
---- item 701: map is 0.01276, precision@k is 0.00000, mrr is 0.00826
[Stat]LDA_Item model, Embed mode item tagging: Precision@K is 0.10299, MAP is: 0.30350, MRR is: 0.77597, in top 10 tags
256 users are loaded from /home/ll5fy/TUIR/dataset/yelp/byUser_70k_review/5foldsCVColdstart/4/...
260 users are loaded from /home/ll5fy/TUIR/dataset/yelp/byUser_70k_review/5foldsCVColdstart/0/...
244 users are loaded from /home/ll5fy/TUIR/dataset/yelp/byUser_70k_review/5foldsCVColdstart/1/...
266 users are loaded from /home/ll5fy/TUIR/dataset/yelp/byUser_70k_review/5foldsCVColdstart/2/...
264 users are loaded from /home/ll5fy/TUIR/dataset/yelp/byUser_70k_review/5foldsCVColdstart/3/...
[Info]Finish loading 726 items' weights in total 156639 items!
[Info]Begin tagging 726 items with LDA_Item Embed............
---- item 1: map is 0.37941, precision@k is 0.09091, mrr is 1.00000
---- item 51: map is 0.23308, precision@k is 0.09091, mrr is 1.00000
---- item 101: map is 0.35403, precision@k is 0.09091, mrr is 1.00000
---- item 151: map is 0.35026, precision@k is 0.09091, mrr is 1.00000
---- item 201: map is 0.53571, precision@k is 0.09091, mrr is 1.00000
---- item 251: map is 0.35026, precision@k is 0.09091, mrr is 1.00000
---- item 301: map is 0.06737, precision@k is 0.09091, mrr is 0.16667
---- item 351: map is 0.00259, precision@k is 0.00000, mrr is 0.00259
---- item 401: map is 0.37055, precision@k is 0.09091, mrr is 1.00000
---- item 451: map is 0.37164, precision@k is 0.09091, mrr is 1.00000
---- item 501: map is 0.30583, precision@k is 0.09091, mrr is 1.00000
---- item 551: map is 0.28115, precision@k is 0.09091, mrr is 1.00000
---- item 601: map is 0.29660, precision@k is 0.09091, mrr is 1.00000
---- item 651: map is 0.40000, precision@k is 0.09091, mrr is 1.00000
---- item 701: map is 0.29222, precision@k is 0.09091, mrr is 1.00000
[Stat]LDA_Item model, Embed mode item tagging: Precision@K is 0.09548, MAP is: 0.29514, MRR is: 0.77234, in top 10 tags

[Stat]Running time (seconds) 28.53200
[Stat]MAP 0.255+/-0.091
[Stat]MRR 0.649+/-0.242
[Stat]Precision 0.098+/-0.006
