Load 6134 2-gram new features from /home/ll5fy/TUIR/dataset/yelp/yelp_features.txt...
Load 6134 2-gram new features from /home/ll5fy/TUIR/dataset/yelp/yelp_features.txt...
[Info]Start FIXED cross validation...
[Info]Load 553 tags, with 6134 features.
260 users are loaded from /home/ll5fy/TUIR/dataset/yelp/byUser_70k_review/5foldsCVColdstart/0/...
244 users are loaded from /home/ll5fy/TUIR/dataset/yelp/byUser_70k_review/5foldsCVColdstart/1/...
266 users are loaded from /home/ll5fy/TUIR/dataset/yelp/byUser_70k_review/5foldsCVColdstart/2/...
264 users are loaded from /home/ll5fy/TUIR/dataset/yelp/byUser_70k_review/5foldsCVColdstart/3/...
256 users are loaded from /home/ll5fy/TUIR/dataset/yelp/byUser_70k_review/5foldsCVColdstart/4/...
[Info]Finish loading 861 items' weights in total 156639 items!
[Info]Begin tagging 861 items with ETBIR_Item Interpolation............
---- item 1: map is 0.55857, precision@k is 0.18182, mrr is 1.00000
---- item 51: map is 0.36589, precision@k is 0.18182, mrr is 1.00000
---- item 101: map is 0.75000, precision@k is 0.50000, mrr is 1.00000
---- item 151: map is 0.15568, precision@k is 0.09091, mrr is 0.33333
---- item 201: map is 0.34363, precision@k is 0.09091, mrr is 1.00000
---- item 251: map is 0.19643, precision@k is 0.09091, mrr is 0.25000
---- item 301: map is 0.50481, precision@k is 0.18182, mrr is 1.00000
---- item 351: map is 0.83333, precision@k is 0.66667, mrr is 1.00000
---- item 401: map is 0.18089, precision@k is 0.18182, mrr is 0.50000
---- item 451: map is 0.59004, precision@k is 0.18182, mrr is 1.00000
---- item 501: map is 0.34479, precision@k is 0.09091, mrr is 1.00000
---- item 551: map is 0.61111, precision@k is 0.22222, mrr is 1.00000
---- item 601: map is 0.02397, precision@k is 0.00000, mrr is 0.01923
---- item 651: map is 0.03635, precision@k is 0.09091, mrr is 0.11111
---- item 701: map is 0.34220, precision@k is 0.09091, mrr is 1.00000
---- item 751: map is 0.00441, precision@k is 0.00000, mrr is 0.00287
---- item 801: map is 0.41430, precision@k is 0.18182, mrr is 1.00000
---- item 851: map is 0.09934, precision@k is 0.09091, mrr is 0.25000
[Stat]ETBIR_Item model, Interpolation mode item tagging: Precision@K is 0.20599, MAP is: 0.35804, MRR is: 0.68122, in top 10 tags
244 users are loaded from /home/ll5fy/TUIR/dataset/yelp/byUser_70k_review/5foldsCVColdstart/1/...
260 users are loaded from /home/ll5fy/TUIR/dataset/yelp/byUser_70k_review/5foldsCVColdstart/0/...
266 users are loaded from /home/ll5fy/TUIR/dataset/yelp/byUser_70k_review/5foldsCVColdstart/2/...
264 users are loaded from /home/ll5fy/TUIR/dataset/yelp/byUser_70k_review/5foldsCVColdstart/3/...
256 users are loaded from /home/ll5fy/TUIR/dataset/yelp/byUser_70k_review/5foldsCVColdstart/4/...
[Info]Finish loading 861 items' weights in total 156639 items!
[Info]Begin tagging 861 items with ETBIR_Item Interpolation............
---- item 1: map is 0.55843, precision@k is 0.18182, mrr is 1.00000
---- item 51: map is 0.36291, precision@k is 0.18182, mrr is 1.00000
---- item 101: map is 0.64286, precision@k is 0.28571, mrr is 1.00000
---- item 151: map is 0.16316, precision@k is 0.18182, mrr is 0.20000
---- item 201: map is 0.34378, precision@k is 0.09091, mrr is 1.00000
---- item 251: map is 0.21591, precision@k is 0.09091, mrr is 0.25000
---- item 301: map is 0.50585, precision@k is 0.18182, mrr is 1.00000
---- item 351: map is 0.83333, precision@k is 0.66667, mrr is 1.00000
---- item 401: map is 0.31495, precision@k is 0.27273, mrr is 0.50000
---- item 451: map is 0.52174, precision@k is 0.18182, mrr is 1.00000
---- item 501: map is 0.34570, precision@k is 0.09091, mrr is 1.00000
---- item 551: map is 0.57692, precision@k is 0.09091, mrr is 1.00000
---- item 601: map is 0.43376, precision@k is 0.18182, mrr is 1.00000
---- item 651: map is 0.03220, precision@k is 0.00000, mrr is 0.04167
---- item 701: map is 0.18435, precision@k is 0.09091, mrr is 0.50000
---- item 751: map is 0.00431, precision@k is 0.00000, mrr is 0.00269
---- item 801: map is 0.41460, precision@k is 0.18182, mrr is 1.00000
---- item 851: map is 0.10653, precision@k is 0.09091, mrr is 0.25000
[Stat]ETBIR_Item model, Interpolation mode item tagging: Precision@K is 0.22113, MAP is: 0.36610, MRR is: 0.65280, in top 10 tags
266 users are loaded from /home/ll5fy/TUIR/dataset/yelp/byUser_70k_review/5foldsCVColdstart/2/...
260 users are loaded from /home/ll5fy/TUIR/dataset/yelp/byUser_70k_review/5foldsCVColdstart/0/...
244 users are loaded from /home/ll5fy/TUIR/dataset/yelp/byUser_70k_review/5foldsCVColdstart/1/...
264 users are loaded from /home/ll5fy/TUIR/dataset/yelp/byUser_70k_review/5foldsCVColdstart/3/...
256 users are loaded from /home/ll5fy/TUIR/dataset/yelp/byUser_70k_review/5foldsCVColdstart/4/...
[Info]Finish loading 861 items' weights in total 156639 items!
[Info]Begin tagging 861 items with ETBIR_Item Interpolation............
---- item 1: map is 0.67219, precision@k is 0.18182, mrr is 1.00000
---- item 51: map is 0.34810, precision@k is 0.09091, mrr is 1.00000
---- item 101: map is 0.62500, precision@k is 0.25000, mrr is 1.00000
---- item 151: map is 0.12439, precision@k is 0.18182, mrr is 0.14286
---- item 201: map is 0.34401, precision@k is 0.09091, mrr is 1.00000
---- item 251: map is 0.22500, precision@k is 0.20000, mrr is 0.25000
---- item 301: map is 0.50607, precision@k is 0.18182, mrr is 1.00000
---- item 351: map is 0.83333, precision@k is 0.66667, mrr is 1.00000
---- item 401: map is 0.35004, precision@k is 0.27273, mrr is 0.50000
---- item 451: map is 0.52041, precision@k is 0.18182, mrr is 1.00000
---- item 501: map is 0.34532, precision@k is 0.09091, mrr is 1.00000
---- item 551: map is 0.57692, precision@k is 0.09091, mrr is 1.00000
---- item 601: map is 0.43791, precision@k is 0.18182, mrr is 1.00000
---- item 651: map is 0.03831, precision@k is 0.00000, mrr is 0.04545
---- item 701: map is 0.14639, precision@k is 0.09091, mrr is 0.33333
---- item 751: map is 0.00453, precision@k is 0.00000, mrr is 0.00295
---- item 801: map is 0.41516, precision@k is 0.18182, mrr is 1.00000
---- item 851: map is 0.11000, precision@k is 0.09091, mrr is 0.25000
[Stat]ETBIR_Item model, Interpolation mode item tagging: Precision@K is 0.21770, MAP is: 0.36306, MRR is: 0.64629, in top 10 tags
264 users are loaded from /home/ll5fy/TUIR/dataset/yelp/byUser_70k_review/5foldsCVColdstart/3/...
260 users are loaded from /home/ll5fy/TUIR/dataset/yelp/byUser_70k_review/5foldsCVColdstart/0/...
244 users are loaded from /home/ll5fy/TUIR/dataset/yelp/byUser_70k_review/5foldsCVColdstart/1/...
266 users are loaded from /home/ll5fy/TUIR/dataset/yelp/byUser_70k_review/5foldsCVColdstart/2/...
256 users are loaded from /home/ll5fy/TUIR/dataset/yelp/byUser_70k_review/5foldsCVColdstart/4/...
[Info]Finish loading 861 items' weights in total 156639 items!
[Info]Begin tagging 861 items with ETBIR_Item Interpolation............
---- item 1: map is 0.69106, precision@k is 0.18182, mrr is 1.00000
---- item 51: map is 0.34351, precision@k is 0.09091, mrr is 1.00000
---- item 101: map is 0.62500, precision@k is 0.25000, mrr is 1.00000
---- item 151: map is 0.10774, precision@k is 0.09091, mrr is 0.14286
---- item 201: map is 0.34398, precision@k is 0.09091, mrr is 1.00000
---- item 251: map is 0.41667, precision@k is 0.50000, mrr is 0.33333
---- item 301: map is 0.50498, precision@k is 0.18182, mrr is 1.00000
---- item 351: map is 1.00000, precision@k is 1.00000, mrr is 1.00000
---- item 401: map is 0.34941, precision@k is 0.27273, mrr is 0.50000
---- item 451: map is 0.40543, precision@k is 0.09091, mrr is 1.00000
---- item 501: map is 0.34357, precision@k is 0.09091, mrr is 1.00000
---- item 551: map is 0.56250, precision@k is 0.09091, mrr is 1.00000
---- item 601: map is 0.43714, precision@k is 0.18182, mrr is 1.00000
---- item 651: map is 0.04641, precision@k is 0.00000, mrr is 0.03846
---- item 701: map is 0.16304, precision@k is 0.09091, mrr is 0.33333
---- item 751: map is 0.00435, precision@k is 0.00000, mrr is 0.00274
---- item 801: map is 0.41560, precision@k is 0.18182, mrr is 1.00000
---- item 851: map is 0.10825, precision@k is 0.09091, mrr is 0.25000
[Stat]ETBIR_Item model, Interpolation mode item tagging: Precision@K is 0.21327, MAP is: 0.35989, MRR is: 0.64278, in top 10 tags
256 users are loaded from /home/ll5fy/TUIR/dataset/yelp/byUser_70k_review/5foldsCVColdstart/4/...
260 users are loaded from /home/ll5fy/TUIR/dataset/yelp/byUser_70k_review/5foldsCVColdstart/0/...
244 users are loaded from /home/ll5fy/TUIR/dataset/yelp/byUser_70k_review/5foldsCVColdstart/1/...
266 users are loaded from /home/ll5fy/TUIR/dataset/yelp/byUser_70k_review/5foldsCVColdstart/2/...
264 users are loaded from /home/ll5fy/TUIR/dataset/yelp/byUser_70k_review/5foldsCVColdstart/3/...
[Info]Finish loading 861 items' weights in total 156639 items!
[Info]Begin tagging 861 items with ETBIR_Item Interpolation............
---- item 1: map is 0.74702, precision@k is 0.57143, mrr is 1.00000
---- item 51: map is 0.34028, precision@k is 0.09091, mrr is 1.00000
---- item 101: map is 0.62500, precision@k is 0.25000, mrr is 1.00000
---- item 151: map is 0.48502, precision@k is 0.27273, mrr is 1.00000
---- item 201: map is 0.34365, precision@k is 0.09091, mrr is 1.00000
---- item 251: map is 0.22500, precision@k is 0.20000, mrr is 0.25000
---- item 301: map is 0.50572, precision@k is 0.18182, mrr is 1.00000
---- item 351: map is 1.00000, precision@k is 1.00000, mrr is 1.00000
---- item 401: map is 0.34971, precision@k is 0.27273, mrr is 0.50000
---- item 451: map is 0.40469, precision@k is 0.09091, mrr is 1.00000
---- item 501: map is 0.34246, precision@k is 0.09091, mrr is 1.00000
---- item 551: map is 0.54762, precision@k is 0.09091, mrr is 1.00000
---- item 601: map is 0.44015, precision@k is 0.18182, mrr is 1.00000
---- item 651: map is 0.04734, precision@k is 0.00000, mrr is 0.03846
---- item 701: map is 0.15988, precision@k is 0.09091, mrr is 0.33333
---- item 751: map is 0.00422, precision@k is 0.00000, mrr is 0.00273
---- item 801: map is 0.41476, precision@k is 0.18182, mrr is 1.00000
---- item 851: map is 0.10642, precision@k is 0.09091, mrr is 0.25000
[Stat]ETBIR_Item model, Interpolation mode item tagging: Precision@K is 0.21218, MAP is: 0.35971, MRR is: 0.64245, in top 10 tags

[Stat]Running time (seconds) 365.40600
[Stat]MAP 0.361+/-0.003
[Stat]MRR 0.653+/-0.015
[Stat]Precision 0.214+/-0.005
