Load 6134 2-gram new features from /home/ll5fy/TUIR/dataset/yelp/yelp_features.txt...
Load 6134 2-gram new features from /home/ll5fy/TUIR/dataset/yelp/yelp_features.txt...
[Info]Start FIXED cross validation...
[Info]Load 553 tags, with 6134 features.
260 users are loaded from /home/ll5fy/TUIR/dataset/yelp/byUser_70k_review/5foldsCVColdstart/0/...
244 users are loaded from /home/ll5fy/TUIR/dataset/yelp/byUser_70k_review/5foldsCVColdstart/1/...
266 users are loaded from /home/ll5fy/TUIR/dataset/yelp/byUser_70k_review/5foldsCVColdstart/2/...
264 users are loaded from /home/ll5fy/TUIR/dataset/yelp/byUser_70k_review/5foldsCVColdstart/3/...
256 users are loaded from /home/ll5fy/TUIR/dataset/yelp/byUser_70k_review/5foldsCVColdstart/4/...
[Info]Finish loading 861 items' weights in total 156639 items!
[Info]Begin tagging 861 items with ETBIR_User Interpolation............
---- item 1: map is 0.55801, precision@k is 0.18182, mrr is 1.00000
---- item 51: map is 0.35500, precision@k is 0.18182, mrr is 1.00000
---- item 101: map is 0.75000, precision@k is 0.50000, mrr is 1.00000
---- item 151: map is 0.14704, precision@k is 0.09091, mrr is 0.33333
---- item 201: map is 0.34348, precision@k is 0.09091, mrr is 1.00000
---- item 251: map is 0.19643, precision@k is 0.09091, mrr is 0.25000
---- item 301: map is 0.50474, precision@k is 0.18182, mrr is 1.00000
---- item 351: map is 0.83333, precision@k is 0.66667, mrr is 1.00000
---- item 401: map is 0.18392, precision@k is 0.18182, mrr is 0.50000
---- item 451: map is 0.58333, precision@k is 0.18182, mrr is 1.00000
---- item 501: map is 0.34327, precision@k is 0.09091, mrr is 1.00000
---- item 551: map is 0.64286, precision@k is 0.28571, mrr is 1.00000
---- item 601: map is 0.02639, precision@k is 0.00000, mrr is 0.02000
---- item 651: map is 0.03286, precision@k is 0.00000, mrr is 0.09091
---- item 701: map is 0.34123, precision@k is 0.09091, mrr is 1.00000
---- item 751: map is 0.00448, precision@k is 0.00000, mrr is 0.00289
---- item 801: map is 0.41460, precision@k is 0.18182, mrr is 1.00000
---- item 851: map is 0.09819, precision@k is 0.09091, mrr is 0.25000
[Stat]ETBIR_User model, Interpolation mode item tagging: Precision@K is 0.20364, MAP is: 0.35643, MRR is: 0.68078, in top 10 tags
244 users are loaded from /home/ll5fy/TUIR/dataset/yelp/byUser_70k_review/5foldsCVColdstart/1/...
260 users are loaded from /home/ll5fy/TUIR/dataset/yelp/byUser_70k_review/5foldsCVColdstart/0/...
266 users are loaded from /home/ll5fy/TUIR/dataset/yelp/byUser_70k_review/5foldsCVColdstart/2/...
264 users are loaded from /home/ll5fy/TUIR/dataset/yelp/byUser_70k_review/5foldsCVColdstart/3/...
256 users are loaded from /home/ll5fy/TUIR/dataset/yelp/byUser_70k_review/5foldsCVColdstart/4/...
[Info]Finish loading 861 items' weights in total 156639 items!
[Info]Begin tagging 861 items with ETBIR_User Interpolation............
---- item 1: map is 0.55801, precision@k is 0.18182, mrr is 1.00000
---- item 51: map is 0.36786, precision@k is 0.18182, mrr is 1.00000
---- item 101: map is 0.66667, precision@k is 0.33333, mrr is 1.00000
---- item 151: map is 0.16408, precision@k is 0.18182, mrr is 0.25000
---- item 201: map is 0.34228, precision@k is 0.09091, mrr is 1.00000
---- item 251: map is 0.21591, precision@k is 0.09091, mrr is 0.25000
---- item 301: map is 0.50551, precision@k is 0.18182, mrr is 1.00000
---- item 351: map is 0.75000, precision@k is 0.50000, mrr is 1.00000
---- item 401: map is 0.30377, precision@k is 0.27273, mrr is 0.50000
---- item 451: map is 0.52703, precision@k is 0.18182, mrr is 1.00000
---- item 501: map is 0.34624, precision@k is 0.09091, mrr is 1.00000
---- item 551: map is 0.58333, precision@k is 0.09091, mrr is 1.00000
---- item 601: map is 0.43589, precision@k is 0.18182, mrr is 1.00000
---- item 651: map is 0.03053, precision@k is 0.00000, mrr is 0.04545
---- item 701: map is 0.17719, precision@k is 0.09091, mrr is 0.50000
---- item 751: map is 0.00446, precision@k is 0.00000, mrr is 0.00269
---- item 801: map is 0.41358, precision@k is 0.18182, mrr is 1.00000
---- item 851: map is 0.10405, precision@k is 0.09091, mrr is 0.25000
[Stat]ETBIR_User model, Interpolation mode item tagging: Precision@K is 0.22368, MAP is: 0.36918, MRR is: 0.65671, in top 10 tags
266 users are loaded from /home/ll5fy/TUIR/dataset/yelp/byUser_70k_review/5foldsCVColdstart/2/...
260 users are loaded from /home/ll5fy/TUIR/dataset/yelp/byUser_70k_review/5foldsCVColdstart/0/...
244 users are loaded from /home/ll5fy/TUIR/dataset/yelp/byUser_70k_review/5foldsCVColdstart/1/...
264 users are loaded from /home/ll5fy/TUIR/dataset/yelp/byUser_70k_review/5foldsCVColdstart/3/...
256 users are loaded from /home/ll5fy/TUIR/dataset/yelp/byUser_70k_review/5foldsCVColdstart/4/...
[Info]Finish loading 861 items' weights in total 156639 items!
[Info]Begin tagging 861 items with ETBIR_User Interpolation............
---- item 1: map is 0.67560, precision@k is 0.18182, mrr is 1.00000
---- item 51: map is 0.33747, precision@k is 0.09091, mrr is 1.00000
---- item 101: map is 0.62500, precision@k is 0.25000, mrr is 1.00000
---- item 151: map is 0.12149, precision@k is 0.18182, mrr is 0.12500
---- item 201: map is 0.34309, precision@k is 0.09091, mrr is 1.00000
---- item 251: map is 0.22500, precision@k is 0.20000, mrr is 0.25000
---- item 301: map is 0.50469, precision@k is 0.18182, mrr is 1.00000
---- item 351: map is 1.00000, precision@k is 1.00000, mrr is 1.00000
---- item 401: map is 0.35031, precision@k is 0.27273, mrr is 0.50000
---- item 451: map is 0.52703, precision@k is 0.18182, mrr is 1.00000
---- item 501: map is 0.34568, precision@k is 0.09091, mrr is 1.00000
---- item 551: map is 0.58333, precision@k is 0.09091, mrr is 1.00000
---- item 601: map is 0.43744, precision@k is 0.18182, mrr is 1.00000
---- item 651: map is 0.03797, precision@k is 0.00000, mrr is 0.04545
---- item 701: map is 0.12916, precision@k is 0.09091, mrr is 0.33333
---- item 751: map is 0.00468, precision@k is 0.00000, mrr is 0.00285
---- item 801: map is 0.41374, precision@k is 0.18182, mrr is 1.00000
---- item 851: map is 0.11026, precision@k is 0.09091, mrr is 0.25000
[Stat]ETBIR_User model, Interpolation mode item tagging: Precision@K is 0.21846, MAP is: 0.36197, MRR is: 0.64582, in top 10 tags
264 users are loaded from /home/ll5fy/TUIR/dataset/yelp/byUser_70k_review/5foldsCVColdstart/3/...
260 users are loaded from /home/ll5fy/TUIR/dataset/yelp/byUser_70k_review/5foldsCVColdstart/0/...
244 users are loaded from /home/ll5fy/TUIR/dataset/yelp/byUser_70k_review/5foldsCVColdstart/1/...
266 users are loaded from /home/ll5fy/TUIR/dataset/yelp/byUser_70k_review/5foldsCVColdstart/2/...
256 users are loaded from /home/ll5fy/TUIR/dataset/yelp/byUser_70k_review/5foldsCVColdstart/4/...
[Info]Finish loading 861 items' weights in total 156639 items!
[Info]Begin tagging 861 items with ETBIR_User Interpolation............
---- item 1: map is 0.68627, precision@k is 0.18182, mrr is 1.00000
---- item 51: map is 0.34161, precision@k is 0.09091, mrr is 1.00000
---- item 101: map is 0.62500, precision@k is 0.25000, mrr is 1.00000
---- item 151: map is 0.11110, precision@k is 0.09091, mrr is 0.14286
---- item 201: map is 0.34349, precision@k is 0.09091, mrr is 1.00000
---- item 251: map is 0.41667, precision@k is 0.50000, mrr is 0.33333
---- item 301: map is 0.50461, precision@k is 0.18182, mrr is 1.00000
---- item 351: map is 1.00000, precision@k is 1.00000, mrr is 1.00000
---- item 401: map is 0.35077, precision@k is 0.27273, mrr is 0.50000
---- item 451: map is 0.40599, precision@k is 0.09091, mrr is 1.00000
---- item 501: map is 0.34313, precision@k is 0.09091, mrr is 1.00000
---- item 551: map is 0.56667, precision@k is 0.09091, mrr is 1.00000
---- item 601: map is 0.43804, precision@k is 0.18182, mrr is 1.00000
---- item 651: map is 0.04386, precision@k is 0.00000, mrr is 0.03846
---- item 701: map is 0.16041, precision@k is 0.09091, mrr is 0.33333
---- item 751: map is 0.00431, precision@k is 0.00000, mrr is 0.00279
---- item 801: map is 0.41493, precision@k is 0.18182, mrr is 1.00000
---- item 851: map is 0.10886, precision@k is 0.09091, mrr is 0.25000
[Stat]ETBIR_User model, Interpolation mode item tagging: Precision@K is 0.21364, MAP is: 0.36064, MRR is: 0.64387, in top 10 tags
256 users are loaded from /home/ll5fy/TUIR/dataset/yelp/byUser_70k_review/5foldsCVColdstart/4/...
260 users are loaded from /home/ll5fy/TUIR/dataset/yelp/byUser_70k_review/5foldsCVColdstart/0/...
244 users are loaded from /home/ll5fy/TUIR/dataset/yelp/byUser_70k_review/5foldsCVColdstart/1/...
266 users are loaded from /home/ll5fy/TUIR/dataset/yelp/byUser_70k_review/5foldsCVColdstart/2/...
264 users are loaded from /home/ll5fy/TUIR/dataset/yelp/byUser_70k_review/5foldsCVColdstart/3/...
[Info]Finish loading 861 items' weights in total 156639 items!
[Info]Begin tagging 861 items with ETBIR_User Interpolation............
---- item 1: map is 0.74702, precision@k is 0.57143, mrr is 1.00000
---- item 51: map is 0.33921, precision@k is 0.09091, mrr is 1.00000
---- item 101: map is 0.62500, precision@k is 0.25000, mrr is 1.00000
---- item 151: map is 0.48975, precision@k is 0.27273, mrr is 1.00000
---- item 201: map is 0.34355, precision@k is 0.09091, mrr is 1.00000
---- item 251: map is 0.22500, precision@k is 0.20000, mrr is 0.25000
---- item 301: map is 0.50598, precision@k is 0.18182, mrr is 1.00000
---- item 351: map is 1.00000, precision@k is 1.00000, mrr is 1.00000
---- item 401: map is 0.35195, precision@k is 0.27273, mrr is 0.50000
---- item 451: map is 0.40394, precision@k is 0.09091, mrr is 1.00000
---- item 501: map is 0.34462, precision@k is 0.09091, mrr is 1.00000
---- item 551: map is 0.56250, precision@k is 0.09091, mrr is 1.00000
---- item 601: map is 0.44187, precision@k is 0.18182, mrr is 1.00000
---- item 651: map is 0.04839, precision@k is 0.00000, mrr is 0.03846
---- item 701: map is 0.16678, precision@k is 0.09091, mrr is 0.33333
---- item 751: map is 0.00425, precision@k is 0.00000, mrr is 0.00283
---- item 801: map is 0.41516, precision@k is 0.18182, mrr is 1.00000
---- item 851: map is 0.10307, precision@k is 0.09091, mrr is 0.25000
[Stat]ETBIR_User model, Interpolation mode item tagging: Precision@K is 0.21453, MAP is: 0.36104, MRR is: 0.64288, in top 10 tags

[Stat]Running time (seconds) 372.46500
[Stat]MAP 0.362+/-0.004
[Stat]MRR 0.654+/-0.014
[Stat]Precision 0.215+/-0.007
