Load 6134 2-gram new features from /home/ll5fy/TUIR/dataset/yelp/yelp_features.txt...
Load 6134 2-gram new features from /home/ll5fy/TUIR/dataset/yelp/yelp_features.txt...
[Info]Start FIXED cross validation...
[Info]Load 553 tags, with 6134 features.
260 users are loaded from /home/ll5fy/TUIR/dataset/yelp/byUser_70k_review/5foldsCVColdstart/0/...
244 users are loaded from /home/ll5fy/TUIR/dataset/yelp/byUser_70k_review/5foldsCVColdstart/1/...
266 users are loaded from /home/ll5fy/TUIR/dataset/yelp/byUser_70k_review/5foldsCVColdstart/2/...
264 users are loaded from /home/ll5fy/TUIR/dataset/yelp/byUser_70k_review/5foldsCVColdstart/3/...
256 users are loaded from /home/ll5fy/TUIR/dataset/yelp/byUser_70k_review/5foldsCVColdstart/4/...
[Info]Finish loading 722 items' weights in total 156639 items!
[Info]Begin tagging 722 items with CTM Interpolation............
---- item 1: map is 0.44787, precision@k is 0.18182, mrr is 1.00000
---- item 51: map is 0.25189, precision@k is 0.09091, mrr is 0.50000
---- item 101: map is 0.11176, precision@k is 0.09091, mrr is 0.20000
---- item 151: map is 0.07697, precision@k is 0.09091, mrr is 0.20000
---- item 201: map is 0.33957, precision@k is 0.18182, mrr is 1.00000
---- item 251: map is 1.00000, precision@k is 1.00000, mrr is 1.00000
---- item 301: map is 0.06384, precision@k is 0.09091, mrr is 0.16667
---- item 351: map is 0.33783, precision@k is 0.18182, mrr is 1.00000
---- item 401: map is 0.32335, precision@k is 0.18182, mrr is 1.00000
---- item 451: map is 0.43077, precision@k is 0.18182, mrr is 1.00000
---- item 501: map is 0.07158, precision@k is 0.09091, mrr is 0.20000
---- item 551: map is 0.33822, precision@k is 0.09091, mrr is 1.00000
---- item 601: map is 0.14000, precision@k is 0.09091, mrr is 0.20000
---- item 651: map is 0.27571, precision@k is 0.18182, mrr is 0.50000
---- item 701: map is 0.10578, precision@k is 0.09091, mrr is 0.20000
[Stat]CTM model, Interpolation mode item tagging: Precision@K is 0.14948, MAP is: 0.24316, MRR is: 0.51695, in top 10 tags
244 users are loaded from /home/ll5fy/TUIR/dataset/yelp/byUser_70k_review/5foldsCVColdstart/1/...
260 users are loaded from /home/ll5fy/TUIR/dataset/yelp/byUser_70k_review/5foldsCVColdstart/0/...
266 users are loaded from /home/ll5fy/TUIR/dataset/yelp/byUser_70k_review/5foldsCVColdstart/2/...
264 users are loaded from /home/ll5fy/TUIR/dataset/yelp/byUser_70k_review/5foldsCVColdstart/3/...
256 users are loaded from /home/ll5fy/TUIR/dataset/yelp/byUser_70k_review/5foldsCVColdstart/4/...
[Info]Finish loading 732 items' weights in total 156639 items!
[Info]Begin tagging 732 items with CTM Interpolation............
---- item 1: map is 0.67045, precision@k is 0.18182, mrr is 1.00000
---- item 51: map is 0.39030, precision@k is 0.09091, mrr is 1.00000
---- item 101: map is 0.09692, precision@k is 0.09091, mrr is 0.25000
---- item 151: map is 0.42727, precision@k is 0.18182, mrr is 1.00000
---- item 201: map is 0.83333, precision@k is 0.66667, mrr is 1.00000
---- item 251: map is 0.31667, precision@k is 0.09091, mrr is 0.50000
---- item 301: map is 0.46948, precision@k is 0.18182, mrr is 1.00000
---- item 351: map is 0.26053, precision@k is 0.09091, mrr is 0.50000
---- item 401: map is 0.17522, precision@k is 0.09091, mrr is 0.50000
---- item 451: map is 0.27380, precision@k is 0.18182, mrr is 1.00000
---- item 501: map is 0.50000, precision@k is 0.50000, mrr is 0.50000
---- item 551: map is 0.00470, precision@k is 0.00000, mrr is 0.00275
---- item 601: map is 0.01816, precision@k is 0.00000, mrr is 0.01923
---- item 651: map is 0.18431, precision@k is 0.09091, mrr is 0.50000
---- item 701: map is 0.42646, precision@k is 0.18182, mrr is 1.00000
[Stat]CTM model, Interpolation mode item tagging: Precision@K is 0.21585, MAP is: 0.38223, MRR is: 0.72448, in top 10 tags
266 users are loaded from /home/ll5fy/TUIR/dataset/yelp/byUser_70k_review/5foldsCVColdstart/2/...
260 users are loaded from /home/ll5fy/TUIR/dataset/yelp/byUser_70k_review/5foldsCVColdstart/0/...
244 users are loaded from /home/ll5fy/TUIR/dataset/yelp/byUser_70k_review/5foldsCVColdstart/1/...
264 users are loaded from /home/ll5fy/TUIR/dataset/yelp/byUser_70k_review/5foldsCVColdstart/3/...
256 users are loaded from /home/ll5fy/TUIR/dataset/yelp/byUser_70k_review/5foldsCVColdstart/4/...
[Info]Finish loading 702 items' weights in total 156639 items!
[Info]Begin tagging 702 items with CTM Interpolation............
---- item 1: map is 0.41933, precision@k is 0.18182, mrr is 1.00000
---- item 51: map is 0.31430, precision@k is 0.27273, mrr is 0.50000
---- item 101: map is 0.50546, precision@k is 0.09091, mrr is 1.00000
---- item 151: map is 0.30532, precision@k is 0.18182, mrr is 0.50000
---- item 201: map is 0.25657, precision@k is 0.18182, mrr is 1.00000
---- item 251: map is 0.25015, precision@k is 0.27273, mrr is 0.50000
---- item 301: map is 0.10218, precision@k is 0.09091, mrr is 0.25000
---- item 351: map is 0.34452, precision@k is 0.09091, mrr is 1.00000
---- item 401: map is 0.37266, precision@k is 0.27273, mrr is 1.00000
---- item 451: map is 0.69253, precision@k is 0.27273, mrr is 1.00000
---- item 501: map is 0.32335, precision@k is 0.27273, mrr is 0.50000
---- item 551: map is 0.30726, precision@k is 0.18182, mrr is 0.50000
---- item 601: map is 0.28978, precision@k is 0.27273, mrr is 0.50000
---- item 651: map is 0.38972, precision@k is 0.09091, mrr is 1.00000
---- item 701: map is 0.41667, precision@k is 0.50000, mrr is 0.33333
[Stat]CTM model, Interpolation mode item tagging: Precision@K is 0.21007, MAP is: 0.37045, MRR is: 0.68987, in top 10 tags
264 users are loaded from /home/ll5fy/TUIR/dataset/yelp/byUser_70k_review/5foldsCVColdstart/3/...
260 users are loaded from /home/ll5fy/TUIR/dataset/yelp/byUser_70k_review/5foldsCVColdstart/0/...
244 users are loaded from /home/ll5fy/TUIR/dataset/yelp/byUser_70k_review/5foldsCVColdstart/1/...
266 users are loaded from /home/ll5fy/TUIR/dataset/yelp/byUser_70k_review/5foldsCVColdstart/2/...
256 users are loaded from /home/ll5fy/TUIR/dataset/yelp/byUser_70k_review/5foldsCVColdstart/4/...
[Info]Finish loading 717 items' weights in total 156639 items!
[Info]Begin tagging 717 items with CTM Interpolation............
---- item 1: map is 0.70000, precision@k is 0.18182, mrr is 1.00000
---- item 51: map is 0.67338, precision@k is 0.18182, mrr is 1.00000
---- item 101: map is 0.24286, precision@k is 0.28571, mrr is 0.20000
---- item 151: map is 0.09085, precision@k is 0.09091, mrr is 0.16667
---- item 201: map is 0.25574, precision@k is 0.18182, mrr is 0.50000
---- item 251: map is 0.16886, precision@k is 0.09091, mrr is 0.33333
---- item 301: map is 0.30780, precision@k is 0.27273, mrr is 0.33333
---- item 351: map is 0.02616, precision@k is 0.00000, mrr is 0.02041
---- item 401: map is 0.00603, precision@k is 0.00000, mrr is 0.00474
---- item 451: map is 0.61111, precision@k is 0.22222, mrr is 1.00000
---- item 501: map is 1.00000, precision@k is 1.00000, mrr is 1.00000
---- item 551: map is 0.67009, precision@k is 0.18182, mrr is 1.00000
---- item 601: map is 0.12042, precision@k is 0.09091, mrr is 0.33333
---- item 651: map is 0.26681, precision@k is 0.18182, mrr is 0.50000
---- item 701: map is 0.33918, precision@k is 0.18182, mrr is 1.00000
[Stat]CTM model, Interpolation mode item tagging: Precision@K is 0.22559, MAP is: 0.38376, MRR is: 0.69734, in top 10 tags
256 users are loaded from /home/ll5fy/TUIR/dataset/yelp/byUser_70k_review/5foldsCVColdstart/4/...
260 users are loaded from /home/ll5fy/TUIR/dataset/yelp/byUser_70k_review/5foldsCVColdstart/0/...
244 users are loaded from /home/ll5fy/TUIR/dataset/yelp/byUser_70k_review/5foldsCVColdstart/1/...
266 users are loaded from /home/ll5fy/TUIR/dataset/yelp/byUser_70k_review/5foldsCVColdstart/2/...
264 users are loaded from /home/ll5fy/TUIR/dataset/yelp/byUser_70k_review/5foldsCVColdstart/3/...
[Info]Finish loading 726 items' weights in total 156639 items!
[Info]Begin tagging 726 items with CTM Interpolation............
---- item 1: map is 0.67325, precision@k is 0.18182, mrr is 1.00000
---- item 51: map is 0.22115, precision@k is 0.09091, mrr is 1.00000
---- item 101: map is 0.51449, precision@k is 0.18182, mrr is 1.00000
---- item 151: map is 0.18134, precision@k is 0.09091, mrr is 0.50000
---- item 201: map is 0.83333, precision@k is 0.66667, mrr is 1.00000
---- item 251: map is 0.34863, precision@k is 0.09091, mrr is 1.00000
---- item 301: map is 0.41950, precision@k is 0.18182, mrr is 1.00000
---- item 351: map is 1.00000, precision@k is 1.00000, mrr is 1.00000
---- item 401: map is 0.35825, precision@k is 0.09091, mrr is 1.00000
---- item 451: map is 0.18901, precision@k is 0.09091, mrr is 0.50000
---- item 501: map is 0.53641, precision@k is 0.18182, mrr is 1.00000
---- item 551: map is 0.45612, precision@k is 0.18182, mrr is 1.00000
---- item 601: map is 0.41548, precision@k is 0.27273, mrr is 0.50000
---- item 651: map is 0.60000, precision@k is 0.30000, mrr is 1.00000
---- item 701: map is 0.50954, precision@k is 0.18182, mrr is 1.00000
[Stat]CTM model, Interpolation mode item tagging: Precision@K is 0.22559, MAP is: 0.38343, MRR is: 0.69279, in top 10 tags

[Stat]Running time (seconds) 306.41800
[Stat]MAP 0.353+/-0.055
[Stat]MRR 0.664+/-0.075
[Stat]Precision 0.205+/-0.029
