Load 6134 2-gram new features from /home/ll5fy/TUIR/dataset/yelp/yelp_features.txt...
Load 6134 2-gram new features from /home/ll5fy/TUIR/dataset/yelp/yelp_features.txt...
[Info]Start FIXED cross validation...
[Info]Load 553 tags, with 6134 features.
260 users are loaded from /home/ll5fy/TUIR/dataset/yelp/byUser_70k_review/5foldsCVColdstart/0/...
244 users are loaded from /home/ll5fy/TUIR/dataset/yelp/byUser_70k_review/5foldsCVColdstart/1/...
266 users are loaded from /home/ll5fy/TUIR/dataset/yelp/byUser_70k_review/5foldsCVColdstart/2/...
264 users are loaded from /home/ll5fy/TUIR/dataset/yelp/byUser_70k_review/5foldsCVColdstart/3/...
256 users are loaded from /home/ll5fy/TUIR/dataset/yelp/byUser_70k_review/5foldsCVColdstart/4/...
[Info]Finish loading 861 items' weights in total 156639 items!
[Info]Begin tagging 861 items with ETBIR Embed............
---- item 1: map is 0.34194, precision@k is 0.09091, mrr is 1.00000
---- item 51: map is 0.28213, precision@k is 0.09091, mrr is 1.00000
---- item 101: map is 0.52500, precision@k is 0.09091, mrr is 1.00000
---- item 151: map is 0.36034, precision@k is 0.09091, mrr is 1.00000
---- item 201: map is 0.34423, precision@k is 0.09091, mrr is 1.00000
---- item 251: map is 0.01003, precision@k is 0.00000, mrr is 0.00725
---- item 301: map is 0.25875, precision@k is 0.09091, mrr is 1.00000
---- item 351: map is 0.51220, precision@k is 0.09091, mrr is 1.00000
---- item 401: map is 0.03576, precision@k is 0.00000, mrr is 0.03333
---- item 451: map is 0.37368, precision@k is 0.09091, mrr is 1.00000
---- item 501: map is 0.01322, precision@k is 0.00000, mrr is 0.01190
---- item 551: map is 0.54000, precision@k is 0.09091, mrr is 1.00000
---- item 601: map is 0.02636, precision@k is 0.00000, mrr is 0.02326
---- item 651: map is 0.03319, precision@k is 0.00000, mrr is 0.08333
---- item 701: map is 0.34148, precision@k is 0.09091, mrr is 1.00000
---- item 751: map is 0.00449, precision@k is 0.00000, mrr is 0.00309
---- item 801: map is 0.34687, precision@k is 0.09091, mrr is 1.00000
---- item 851: map is 0.05058, precision@k is 0.00000, mrr is 0.08333
[Stat]ETBIR model, Embed mode item tagging: Precision@K is 0.09228, MAP is: 0.28803, MRR is: 0.77604, in top 10 tags
244 users are loaded from /home/ll5fy/TUIR/dataset/yelp/byUser_70k_review/5foldsCVColdstart/1/...
260 users are loaded from /home/ll5fy/TUIR/dataset/yelp/byUser_70k_review/5foldsCVColdstart/0/...
266 users are loaded from /home/ll5fy/TUIR/dataset/yelp/byUser_70k_review/5foldsCVColdstart/2/...
264 users are loaded from /home/ll5fy/TUIR/dataset/yelp/byUser_70k_review/5foldsCVColdstart/3/...
256 users are loaded from /home/ll5fy/TUIR/dataset/yelp/byUser_70k_review/5foldsCVColdstart/4/...
[Info]Finish loading 861 items' weights in total 156639 items!
[Info]Begin tagging 861 items with ETBIR Embed............
---- item 1: map is 0.34213, precision@k is 0.09091, mrr is 1.00000
---- item 51: map is 0.28545, precision@k is 0.09091, mrr is 1.00000
---- item 101: map is 0.51493, precision@k is 0.09091, mrr is 1.00000
---- item 151: map is 0.36766, precision@k is 0.09091, mrr is 1.00000
---- item 201: map is 0.34579, precision@k is 0.09091, mrr is 1.00000
---- item 251: map is 0.01048, precision@k is 0.00000, mrr is 0.00735
---- item 301: map is 0.25899, precision@k is 0.09091, mrr is 1.00000
---- item 351: map is 0.51282, precision@k is 0.09091, mrr is 1.00000
---- item 401: map is 0.03295, precision@k is 0.00000, mrr is 0.02778
---- item 451: map is 0.39887, precision@k is 0.09091, mrr is 1.00000
---- item 501: map is 0.01223, precision@k is 0.00000, mrr is 0.01471
---- item 551: map is 0.55263, precision@k is 0.09091, mrr is 1.00000
---- item 601: map is 0.02473, precision@k is 0.00000, mrr is 0.01639
---- item 651: map is 0.03771, precision@k is 0.09091, mrr is 0.11111
---- item 701: map is 0.33956, precision@k is 0.09091, mrr is 1.00000
---- item 751: map is 0.00447, precision@k is 0.00000, mrr is 0.00298
---- item 801: map is 0.34799, precision@k is 0.09091, mrr is 1.00000
---- item 851: map is 0.05677, precision@k is 0.09091, mrr is 0.11111
[Stat]ETBIR model, Embed mode item tagging: Precision@K is 0.09756, MAP is: 0.28665, MRR is: 0.77754, in top 10 tags
266 users are loaded from /home/ll5fy/TUIR/dataset/yelp/byUser_70k_review/5foldsCVColdstart/2/...
260 users are loaded from /home/ll5fy/TUIR/dataset/yelp/byUser_70k_review/5foldsCVColdstart/0/...
244 users are loaded from /home/ll5fy/TUIR/dataset/yelp/byUser_70k_review/5foldsCVColdstart/1/...
264 users are loaded from /home/ll5fy/TUIR/dataset/yelp/byUser_70k_review/5foldsCVColdstart/3/...
256 users are loaded from /home/ll5fy/TUIR/dataset/yelp/byUser_70k_review/5foldsCVColdstart/4/...
[Info]Finish loading 861 items' weights in total 156639 items!
[Info]Begin tagging 861 items with ETBIR Embed............
---- item 1: map is 0.34178, precision@k is 0.09091, mrr is 1.00000
---- item 51: map is 0.27787, precision@k is 0.09091, mrr is 1.00000
---- item 101: map is 0.52703, precision@k is 0.09091, mrr is 1.00000
---- item 151: map is 0.36131, precision@k is 0.09091, mrr is 1.00000
---- item 201: map is 0.34507, precision@k is 0.09091, mrr is 1.00000
---- item 251: map is 0.01156, precision@k is 0.00000, mrr is 0.00862
---- item 301: map is 0.25842, precision@k is 0.09091, mrr is 1.00000
---- item 351: map is 0.51923, precision@k is 0.09091, mrr is 1.00000
---- item 401: map is 0.03647, precision@k is 0.00000, mrr is 0.02941
---- item 451: map is 0.38916, precision@k is 0.09091, mrr is 1.00000
---- item 501: map is 0.01121, precision@k is 0.00000, mrr is 0.01266
---- item 551: map is 0.70000, precision@k is 0.40000, mrr is 1.00000
---- item 601: map is 0.02665, precision@k is 0.00000, mrr is 0.02041
---- item 651: map is 0.02306, precision@k is 0.00000, mrr is 0.02857
---- item 701: map is 0.34436, precision@k is 0.09091, mrr is 1.00000
---- item 751: map is 0.00458, precision@k is 0.00000, mrr is 0.00294
---- item 801: map is 0.35828, precision@k is 0.09091, mrr is 1.00000
---- item 851: map is 0.03274, precision@k is 0.00000, mrr is 0.02857
[Stat]ETBIR model, Embed mode item tagging: Precision@K is 0.09708, MAP is: 0.29015, MRR is: 0.77464, in top 10 tags
264 users are loaded from /home/ll5fy/TUIR/dataset/yelp/byUser_70k_review/5foldsCVColdstart/3/...
260 users are loaded from /home/ll5fy/TUIR/dataset/yelp/byUser_70k_review/5foldsCVColdstart/0/...
244 users are loaded from /home/ll5fy/TUIR/dataset/yelp/byUser_70k_review/5foldsCVColdstart/1/...
266 users are loaded from /home/ll5fy/TUIR/dataset/yelp/byUser_70k_review/5foldsCVColdstart/2/...
256 users are loaded from /home/ll5fy/TUIR/dataset/yelp/byUser_70k_review/5foldsCVColdstart/4/...
[Info]Finish loading 861 items' weights in total 156639 items!
[Info]Begin tagging 861 items with ETBIR Embed............
---- item 1: map is 0.34240, precision@k is 0.09091, mrr is 1.00000
---- item 51: map is 0.28514, precision@k is 0.09091, mrr is 1.00000
---- item 101: map is 0.66667, precision@k is 0.33333, mrr is 1.00000
---- item 151: map is 0.36866, precision@k is 0.09091, mrr is 1.00000
---- item 201: map is 0.34503, precision@k is 0.09091, mrr is 1.00000
---- item 251: map is 0.50629, precision@k is 0.09091, mrr is 1.00000
---- item 301: map is 0.25734, precision@k is 0.09091, mrr is 1.00000
---- item 351: map is 0.52083, precision@k is 0.09091, mrr is 1.00000
---- item 401: map is 0.03032, precision@k is 0.00000, mrr is 0.02381
---- item 451: map is 0.36049, precision@k is 0.09091, mrr is 1.00000
---- item 501: map is 0.01118, precision@k is 0.00000, mrr is 0.01316
---- item 551: map is 0.56250, precision@k is 0.09091, mrr is 1.00000
---- item 601: map is 0.02287, precision@k is 0.00000, mrr is 0.01449
---- item 651: map is 0.03145, precision@k is 0.00000, mrr is 0.07143
---- item 701: map is 0.34182, precision@k is 0.09091, mrr is 1.00000
---- item 751: map is 0.00454, precision@k is 0.00000, mrr is 0.00301
---- item 801: map is 0.35875, precision@k is 0.09091, mrr is 1.00000
---- item 851: map is 0.04769, precision@k is 0.00000, mrr is 0.07143
[Stat]ETBIR model, Embed mode item tagging: Precision@K is 0.09936, MAP is: 0.29229, MRR is: 0.77537, in top 10 tags
256 users are loaded from /home/ll5fy/TUIR/dataset/yelp/byUser_70k_review/5foldsCVColdstart/4/...
260 users are loaded from /home/ll5fy/TUIR/dataset/yelp/byUser_70k_review/5foldsCVColdstart/0/...
244 users are loaded from /home/ll5fy/TUIR/dataset/yelp/byUser_70k_review/5foldsCVColdstart/1/...
266 users are loaded from /home/ll5fy/TUIR/dataset/yelp/byUser_70k_review/5foldsCVColdstart/2/...
264 users are loaded from /home/ll5fy/TUIR/dataset/yelp/byUser_70k_review/5foldsCVColdstart/3/...
[Info]Finish loading 861 items' weights in total 156639 items!
[Info]Begin tagging 861 items with ETBIR Embed............
---- item 1: map is 0.29099, precision@k is 0.09091, mrr is 1.00000
---- item 51: map is 0.27264, precision@k is 0.09091, mrr is 1.00000
---- item 101: map is 0.52326, precision@k is 0.09091, mrr is 1.00000
---- item 151: map is 0.23163, precision@k is 0.09091, mrr is 1.00000
---- item 201: map is 0.34434, precision@k is 0.09091, mrr is 1.00000
---- item 251: map is 0.01047, precision@k is 0.00000, mrr is 0.00725
---- item 301: map is 0.25943, precision@k is 0.09091, mrr is 1.00000
---- item 351: map is 0.51695, precision@k is 0.09091, mrr is 1.00000
---- item 401: map is 0.03091, precision@k is 0.00000, mrr is 0.01923
---- item 451: map is 0.34633, precision@k is 0.09091, mrr is 1.00000
---- item 501: map is 0.01230, precision@k is 0.00000, mrr is 0.01639
---- item 551: map is 0.53571, precision@k is 0.09091, mrr is 1.00000
---- item 601: map is 0.02540, precision@k is 0.00000, mrr is 0.01639
---- item 651: map is 0.03447, precision@k is 0.09091, mrr is 0.10000
---- item 701: map is 0.34055, precision@k is 0.09091, mrr is 1.00000
---- item 751: map is 0.00459, precision@k is 0.00000, mrr is 0.00301
---- item 801: map is 0.34741, precision@k is 0.09091, mrr is 1.00000
---- item 851: map is 0.05969, precision@k is 0.09091, mrr is 0.10000
[Stat]ETBIR model, Embed mode item tagging: Precision@K is 0.09429, MAP is: 0.28456, MRR is: 0.77594, in top 10 tags

[Stat]Running time (seconds) 27.78400
[Stat]MAP 0.288+/-0.003
[Stat]MRR 0.776+/-0.001
[Stat]Precision 0.096+/-0.003
