Load 6134 2-gram new features from /home/ll5fy/TUIR/dataset/yelp/yelp_features.txt...
Load 6134 2-gram new features from /home/ll5fy/TUIR/dataset/yelp/yelp_features.txt...
[Info]Start FIXED cross validation...
[Info]Load 553 tags, with 6134 features.
260 users are loaded from /home/ll5fy/TUIR/dataset/yelp/byUser_70k_review/5foldsCVColdstart/0/...
244 users are loaded from /home/ll5fy/TUIR/dataset/yelp/byUser_70k_review/5foldsCVColdstart/1/...
266 users are loaded from /home/ll5fy/TUIR/dataset/yelp/byUser_70k_review/5foldsCVColdstart/2/...
264 users are loaded from /home/ll5fy/TUIR/dataset/yelp/byUser_70k_review/5foldsCVColdstart/3/...
256 users are loaded from /home/ll5fy/TUIR/dataset/yelp/byUser_70k_review/5foldsCVColdstart/4/...
[Info]Finish loading 861 items' weights in total 156639 items!
[Info]Begin tagging 861 items with ETBIR Embed............
---- item 1: map is 0.34395, precision@k is 0.09091, mrr is 1.00000
---- item 51: map is 0.29647, precision@k is 0.09091, mrr is 1.00000
---- item 101: map is 0.54348, precision@k is 0.09091, mrr is 1.00000
---- item 151: map is 0.37022, precision@k is 0.09091, mrr is 1.00000
---- item 201: map is 0.34345, precision@k is 0.09091, mrr is 1.00000
---- item 251: map is 0.00947, precision@k is 0.00000, mrr is 0.00637
---- item 301: map is 0.25760, precision@k is 0.09091, mrr is 1.00000
---- item 351: map is 0.51538, precision@k is 0.09091, mrr is 1.00000
---- item 401: map is 0.03179, precision@k is 0.00000, mrr is 0.02439
---- item 451: map is 0.37121, precision@k is 0.09091, mrr is 1.00000
---- item 501: map is 0.01243, precision@k is 0.00000, mrr is 0.01266
---- item 551: map is 0.57692, precision@k is 0.09091, mrr is 1.00000
---- item 601: map is 0.02546, precision@k is 0.00000, mrr is 0.01754
---- item 651: map is 0.03966, precision@k is 0.09091, mrr is 0.12500
---- item 701: map is 0.34104, precision@k is 0.09091, mrr is 1.00000
---- item 751: map is 0.00438, precision@k is 0.00000, mrr is 0.00307
---- item 801: map is 0.35668, precision@k is 0.09091, mrr is 1.00000
---- item 851: map is 0.06394, precision@k is 0.09091, mrr is 0.12500
[Stat]ETBIR model, Embed mode item tagging: Precision@K is 0.09418, MAP is: 0.28938, MRR is: 0.77704, in top 10 tags
244 users are loaded from /home/ll5fy/TUIR/dataset/yelp/byUser_70k_review/5foldsCVColdstart/1/...
260 users are loaded from /home/ll5fy/TUIR/dataset/yelp/byUser_70k_review/5foldsCVColdstart/0/...
266 users are loaded from /home/ll5fy/TUIR/dataset/yelp/byUser_70k_review/5foldsCVColdstart/2/...
264 users are loaded from /home/ll5fy/TUIR/dataset/yelp/byUser_70k_review/5foldsCVColdstart/3/...
256 users are loaded from /home/ll5fy/TUIR/dataset/yelp/byUser_70k_review/5foldsCVColdstart/4/...
[Info]Finish loading 861 items' weights in total 156639 items!
[Info]Begin tagging 861 items with ETBIR Embed............
---- item 1: map is 0.34279, precision@k is 0.09091, mrr is 1.00000
---- item 51: map is 0.27466, precision@k is 0.09091, mrr is 1.00000
---- item 101: map is 0.53226, precision@k is 0.09091, mrr is 1.00000
---- item 151: map is 0.36776, precision@k is 0.09091, mrr is 1.00000
---- item 201: map is 0.34339, precision@k is 0.09091, mrr is 1.00000
---- item 251: map is 0.00978, precision@k is 0.00000, mrr is 0.00794
---- item 301: map is 0.25787, precision@k is 0.09091, mrr is 1.00000
---- item 351: map is 0.51961, precision@k is 0.09091, mrr is 1.00000
---- item 401: map is 0.03138, precision@k is 0.00000, mrr is 0.02083
---- item 451: map is 0.38757, precision@k is 0.09091, mrr is 1.00000
---- item 501: map is 0.01336, precision@k is 0.00000, mrr is 0.01408
---- item 551: map is 0.57692, precision@k is 0.09091, mrr is 1.00000
---- item 601: map is 0.02454, precision@k is 0.00000, mrr is 0.01471
---- item 651: map is 0.02864, precision@k is 0.00000, mrr is 0.05556
---- item 701: map is 0.34132, precision@k is 0.09091, mrr is 1.00000
---- item 751: map is 0.00459, precision@k is 0.00000, mrr is 0.00293
---- item 801: map is 0.34832, precision@k is 0.09091, mrr is 1.00000
---- item 851: map is 0.04793, precision@k is 0.00000, mrr is 0.05556
[Stat]ETBIR model, Embed mode item tagging: Precision@K is 0.09344, MAP is: 0.28833, MRR is: 0.77588, in top 10 tags
266 users are loaded from /home/ll5fy/TUIR/dataset/yelp/byUser_70k_review/5foldsCVColdstart/2/...
260 users are loaded from /home/ll5fy/TUIR/dataset/yelp/byUser_70k_review/5foldsCVColdstart/0/...
244 users are loaded from /home/ll5fy/TUIR/dataset/yelp/byUser_70k_review/5foldsCVColdstart/1/...
264 users are loaded from /home/ll5fy/TUIR/dataset/yelp/byUser_70k_review/5foldsCVColdstart/3/...
256 users are loaded from /home/ll5fy/TUIR/dataset/yelp/byUser_70k_review/5foldsCVColdstart/4/...
[Info]Finish loading 861 items' weights in total 156639 items!
[Info]Begin tagging 861 items with ETBIR Embed............
---- item 1: map is 0.34290, precision@k is 0.09091, mrr is 1.00000
---- item 51: map is 0.30862, precision@k is 0.09091, mrr is 1.00000
---- item 101: map is 0.54167, precision@k is 0.09091, mrr is 1.00000
---- item 151: map is 0.39610, precision@k is 0.09091, mrr is 1.00000
---- item 201: map is 0.34351, precision@k is 0.09091, mrr is 1.00000
---- item 251: map is 0.01080, precision@k is 0.00000, mrr is 0.00800
---- item 301: map is 0.25767, precision@k is 0.09091, mrr is 1.00000
---- item 351: map is 0.51515, precision@k is 0.09091, mrr is 1.00000
---- item 401: map is 0.03603, precision@k is 0.00000, mrr is 0.02941
---- item 451: map is 0.37768, precision@k is 0.09091, mrr is 1.00000
---- item 501: map is 0.01236, precision@k is 0.00000, mrr is 0.01408
---- item 551: map is 0.57692, precision@k is 0.09091, mrr is 1.00000
---- item 601: map is 0.02648, precision@k is 0.00000, mrr is 0.02000
---- item 651: map is 0.02683, precision@k is 0.00000, mrr is 0.06250
---- item 701: map is 0.34069, precision@k is 0.09091, mrr is 1.00000
---- item 751: map is 0.00458, precision@k is 0.00000, mrr is 0.00302
---- item 801: map is 0.35676, precision@k is 0.09091, mrr is 1.00000
---- item 851: map is 0.04580, precision@k is 0.00000, mrr is 0.06250
[Stat]ETBIR model, Embed mode item tagging: Precision@K is 0.09344, MAP is: 0.28883, MRR is: 0.77642, in top 10 tags
264 users are loaded from /home/ll5fy/TUIR/dataset/yelp/byUser_70k_review/5foldsCVColdstart/3/...
260 users are loaded from /home/ll5fy/TUIR/dataset/yelp/byUser_70k_review/5foldsCVColdstart/0/...
244 users are loaded from /home/ll5fy/TUIR/dataset/yelp/byUser_70k_review/5foldsCVColdstart/1/...
266 users are loaded from /home/ll5fy/TUIR/dataset/yelp/byUser_70k_review/5foldsCVColdstart/2/...
256 users are loaded from /home/ll5fy/TUIR/dataset/yelp/byUser_70k_review/5foldsCVColdstart/4/...
[Info]Finish loading 861 items' weights in total 156639 items!
[Info]Begin tagging 861 items with ETBIR Embed............
---- item 1: map is 0.34305, precision@k is 0.09091, mrr is 1.00000
---- item 51: map is 0.28951, precision@k is 0.09091, mrr is 1.00000
---- item 101: map is 0.61111, precision@k is 0.22222, mrr is 1.00000
---- item 151: map is 0.37985, precision@k is 0.09091, mrr is 1.00000
---- item 201: map is 0.34472, precision@k is 0.09091, mrr is 1.00000
---- item 251: map is 0.50415, precision@k is 0.09091, mrr is 1.00000
---- item 301: map is 0.25750, precision@k is 0.09091, mrr is 1.00000
---- item 351: map is 0.52632, precision@k is 0.09091, mrr is 1.00000
---- item 401: map is 0.03131, precision@k is 0.00000, mrr is 0.02439
---- item 451: map is 0.35863, precision@k is 0.09091, mrr is 1.00000
---- item 501: map is 0.01200, precision@k is 0.00000, mrr is 0.01316
---- item 551: map is 0.62500, precision@k is 0.25000, mrr is 1.00000
---- item 601: map is 0.02313, precision@k is 0.00000, mrr is 0.01587
---- item 651: map is 0.02906, precision@k is 0.00000, mrr is 0.05556
---- item 701: map is 0.34285, precision@k is 0.09091, mrr is 1.00000
---- item 751: map is 0.00451, precision@k is 0.00000, mrr is 0.00291
---- item 801: map is 0.35498, precision@k is 0.09091, mrr is 1.00000
---- item 851: map is 0.04235, precision@k is 0.00000, mrr is 0.05556
[Stat]ETBIR model, Embed mode item tagging: Precision@K is 0.10173, MAP is: 0.29289, MRR is: 0.77542, in top 10 tags
256 users are loaded from /home/ll5fy/TUIR/dataset/yelp/byUser_70k_review/5foldsCVColdstart/4/...
260 users are loaded from /home/ll5fy/TUIR/dataset/yelp/byUser_70k_review/5foldsCVColdstart/0/...
244 users are loaded from /home/ll5fy/TUIR/dataset/yelp/byUser_70k_review/5foldsCVColdstart/1/...
266 users are loaded from /home/ll5fy/TUIR/dataset/yelp/byUser_70k_review/5foldsCVColdstart/2/...
264 users are loaded from /home/ll5fy/TUIR/dataset/yelp/byUser_70k_review/5foldsCVColdstart/3/...
[Info]Finish loading 861 items' weights in total 156639 items!
[Info]Begin tagging 861 items with ETBIR Embed............
---- item 1: map is 0.29808, precision@k is 0.09091, mrr is 1.00000
---- item 51: map is 0.27850, precision@k is 0.09091, mrr is 1.00000
---- item 101: map is 0.59091, precision@k is 0.09091, mrr is 1.00000
---- item 151: map is 0.24099, precision@k is 0.09091, mrr is 1.00000
---- item 201: map is 0.34410, precision@k is 0.09091, mrr is 1.00000
---- item 251: map is 0.01063, precision@k is 0.00000, mrr is 0.00775
---- item 301: map is 0.25763, precision@k is 0.09091, mrr is 1.00000
---- item 351: map is 0.51639, precision@k is 0.09091, mrr is 1.00000
---- item 401: map is 0.03412, precision@k is 0.00000, mrr is 0.02439
---- item 451: map is 0.35192, precision@k is 0.09091, mrr is 1.00000
---- item 501: map is 0.01190, precision@k is 0.00000, mrr is 0.01370
---- item 551: map is 0.75000, precision@k is 0.50000, mrr is 1.00000
---- item 601: map is 0.02647, precision@k is 0.00000, mrr is 0.01754
---- item 651: map is 0.02710, precision@k is 0.00000, mrr is 0.05556
---- item 701: map is 0.34058, precision@k is 0.09091, mrr is 1.00000
---- item 751: map is 0.00436, precision@k is 0.00000, mrr is 0.00292
---- item 801: map is 0.34953, precision@k is 0.09091, mrr is 1.00000
---- item 851: map is 0.04462, precision@k is 0.00000, mrr is 0.05556
[Stat]ETBIR model, Embed mode item tagging: Precision@K is 0.09862, MAP is: 0.29349, MRR is: 0.77577, in top 10 tags

[Stat]Running time (seconds) 27.77500
[Stat]MAP 0.291+/-0.002
[Stat]MRR 0.776+/-0.001
[Stat]Precision 0.096+/-0.003
