Load 6134 2-gram new features from /home/ll5fy/TUIR/dataset/yelp/yelp_features.txt...
Load 6134 2-gram new features from /home/ll5fy/TUIR/dataset/yelp/yelp_features.txt...
[Info]Start FIXED cross validation...
[Info]Load 553 tags, with 6134 features.
260 users are loaded from /home/ll5fy/TUIR/dataset/yelp/byUser_70k_review/5foldsCVColdstart/0/...
244 users are loaded from /home/ll5fy/TUIR/dataset/yelp/byUser_70k_review/5foldsCVColdstart/1/...
266 users are loaded from /home/ll5fy/TUIR/dataset/yelp/byUser_70k_review/5foldsCVColdstart/2/...
264 users are loaded from /home/ll5fy/TUIR/dataset/yelp/byUser_70k_review/5foldsCVColdstart/3/...
256 users are loaded from /home/ll5fy/TUIR/dataset/yelp/byUser_70k_review/5foldsCVColdstart/4/...
[Info]Finish loading 722 items' weights in total 156639 items!
[Info]Begin tagging 722 items with LDA_Item Interpolation............
---- item 1: map is 0.30559, precision@k is 0.18182, mrr is 0.50000
---- item 51: map is 0.12683, precision@k is 0.09091, mrr is 0.25000
---- item 101: map is 0.13008, precision@k is 0.09091, mrr is 0.25000
---- item 151: map is 0.10887, precision@k is 0.09091, mrr is 0.25000
---- item 201: map is 0.35686, precision@k is 0.18182, mrr is 1.00000
---- item 251: map is 0.70000, precision@k is 0.40000, mrr is 1.00000
---- item 301: map is 0.09428, precision@k is 0.09091, mrr is 0.25000
---- item 351: map is 0.35545, precision@k is 0.18182, mrr is 1.00000
---- item 401: map is 0.08265, precision@k is 0.09091, mrr is 0.25000
---- item 451: map is 0.07888, precision@k is 0.09091, mrr is 0.25000
---- item 501: map is 0.08872, precision@k is 0.09091, mrr is 0.25000
---- item 551: map is 0.08943, precision@k is 0.09091, mrr is 0.25000
---- item 601: map is 0.13426, precision@k is 0.09091, mrr is 0.25000
---- item 651: map is 0.27861, precision@k is 0.18182, mrr is 0.50000
---- item 701: map is 0.13018, precision@k is 0.09091, mrr is 0.25000
[Stat]LDA_Item model, Interpolation mode item tagging: Precision@K is 0.10652, MAP is: 0.13591, MRR is: 0.28590, in top 10 tags
244 users are loaded from /home/ll5fy/TUIR/dataset/yelp/byUser_70k_review/5foldsCVColdstart/1/...
260 users are loaded from /home/ll5fy/TUIR/dataset/yelp/byUser_70k_review/5foldsCVColdstart/0/...
266 users are loaded from /home/ll5fy/TUIR/dataset/yelp/byUser_70k_review/5foldsCVColdstart/2/...
264 users are loaded from /home/ll5fy/TUIR/dataset/yelp/byUser_70k_review/5foldsCVColdstart/3/...
256 users are loaded from /home/ll5fy/TUIR/dataset/yelp/byUser_70k_review/5foldsCVColdstart/4/...
[Info]Finish loading 732 items' weights in total 156639 items!
[Info]Begin tagging 732 items with LDA_Item Interpolation............
---- item 1: map is 0.67593, precision@k is 0.18182, mrr is 1.00000
---- item 51: map is 0.34068, precision@k is 0.09091, mrr is 1.00000
---- item 101: map is 0.38047, precision@k is 0.09091, mrr is 1.00000
---- item 151: map is 0.43728, precision@k is 0.18182, mrr is 1.00000
---- item 201: map is 0.54545, precision@k is 0.09091, mrr is 1.00000
---- item 251: map is 0.54762, precision@k is 0.09091, mrr is 1.00000
---- item 301: map is 0.40272, precision@k is 0.18182, mrr is 1.00000
---- item 351: map is 0.50990, precision@k is 0.09091, mrr is 1.00000
---- item 401: map is 0.34647, precision@k is 0.09091, mrr is 1.00000
---- item 451: map is 0.24109, precision@k is 0.09091, mrr is 1.00000
---- item 501: map is 0.01136, precision@k is 0.00000, mrr is 0.01136
---- item 551: map is 0.00436, precision@k is 0.00000, mrr is 0.00271
---- item 601: map is 0.01803, precision@k is 0.00000, mrr is 0.02564
---- item 651: map is 0.17958, precision@k is 0.09091, mrr is 0.50000
---- item 701: map is 0.31548, precision@k is 0.18182, mrr is 1.00000
[Stat]LDA_Item model, Interpolation mode item tagging: Precision@K is 0.14997, MAP is: 0.34477, MRR is: 0.77541, in top 10 tags
266 users are loaded from /home/ll5fy/TUIR/dataset/yelp/byUser_70k_review/5foldsCVColdstart/2/...
260 users are loaded from /home/ll5fy/TUIR/dataset/yelp/byUser_70k_review/5foldsCVColdstart/0/...
244 users are loaded from /home/ll5fy/TUIR/dataset/yelp/byUser_70k_review/5foldsCVColdstart/1/...
264 users are loaded from /home/ll5fy/TUIR/dataset/yelp/byUser_70k_review/5foldsCVColdstart/3/...
256 users are loaded from /home/ll5fy/TUIR/dataset/yelp/byUser_70k_review/5foldsCVColdstart/4/...
[Info]Finish loading 702 items' weights in total 156639 items!
[Info]Begin tagging 702 items with LDA_Item Interpolation............
---- item 1: map is 0.35798, precision@k is 0.09091, mrr is 1.00000
---- item 51: map is 0.03897, precision@k is 0.00000, mrr is 0.05263
---- item 101: map is 0.00642, precision@k is 0.00000, mrr is 0.00505
---- item 151: map is 0.31115, precision@k is 0.18182, mrr is 0.50000
---- item 201: map is 0.19381, precision@k is 0.09091, mrr is 1.00000
---- item 251: map is 0.08505, precision@k is 0.09091, mrr is 0.33333
---- item 301: map is 0.38452, precision@k is 0.09091, mrr is 1.00000
---- item 351: map is 0.39213, precision@k is 0.09091, mrr is 1.00000
---- item 401: map is 0.41095, precision@k is 0.27273, mrr is 1.00000
---- item 451: map is 0.37339, precision@k is 0.18182, mrr is 1.00000
---- item 501: map is 0.03404, precision@k is 0.00000, mrr is 0.03448
---- item 551: map is 0.31977, precision@k is 0.18182, mrr is 1.00000
---- item 601: map is 0.14937, precision@k is 0.18182, mrr is 0.25000
---- item 651: map is 0.30498, precision@k is 0.18182, mrr is 0.50000
---- item 701: map is 0.41667, precision@k is 0.33333, mrr is 0.50000
[Stat]LDA_Item model, Interpolation mode item tagging: Precision@K is 0.16920, MAP is: 0.35382, MRR is: 0.76038, in top 10 tags
264 users are loaded from /home/ll5fy/TUIR/dataset/yelp/byUser_70k_review/5foldsCVColdstart/3/...
260 users are loaded from /home/ll5fy/TUIR/dataset/yelp/byUser_70k_review/5foldsCVColdstart/0/...
244 users are loaded from /home/ll5fy/TUIR/dataset/yelp/byUser_70k_review/5foldsCVColdstart/1/...
266 users are loaded from /home/ll5fy/TUIR/dataset/yelp/byUser_70k_review/5foldsCVColdstart/2/...
256 users are loaded from /home/ll5fy/TUIR/dataset/yelp/byUser_70k_review/5foldsCVColdstart/4/...
[Info]Finish loading 717 items' weights in total 156639 items!
[Info]Begin tagging 717 items with LDA_Item Interpolation............
---- item 1: map is 0.67638, precision@k is 0.18182, mrr is 1.00000
---- item 51: map is 0.34227, precision@k is 0.09091, mrr is 1.00000
---- item 101: map is 0.26370, precision@k is 0.09091, mrr is 0.50000
---- item 151: map is 0.25685, precision@k is 0.09091, mrr is 0.50000
---- item 201: map is 0.04846, precision@k is 0.00000, mrr is 0.08333
---- item 251: map is 0.25287, precision@k is 0.09091, mrr is 0.50000
---- item 301: map is 0.19283, precision@k is 0.09091, mrr is 0.50000
---- item 351: map is 0.02385, precision@k is 0.00000, mrr is 0.03704
---- item 401: map is 0.00648, precision@k is 0.00000, mrr is 0.00490
---- item 451: map is 0.51087, precision@k is 0.09091, mrr is 1.00000
---- item 501: map is 1.00000, precision@k is 1.00000, mrr is 1.00000
---- item 551: map is 0.50452, precision@k is 0.18182, mrr is 1.00000
---- item 601: map is 0.34113, precision@k is 0.09091, mrr is 1.00000
---- item 651: map is 0.04799, precision@k is 0.09091, mrr is 0.10000
---- item 701: map is 0.01823, precision@k is 0.00000, mrr is 0.01075
[Stat]LDA_Item model, Interpolation mode item tagging: Precision@K is 0.17573, MAP is: 0.35797, MRR is: 0.76273, in top 10 tags
256 users are loaded from /home/ll5fy/TUIR/dataset/yelp/byUser_70k_review/5foldsCVColdstart/4/...
260 users are loaded from /home/ll5fy/TUIR/dataset/yelp/byUser_70k_review/5foldsCVColdstart/0/...
244 users are loaded from /home/ll5fy/TUIR/dataset/yelp/byUser_70k_review/5foldsCVColdstart/1/...
266 users are loaded from /home/ll5fy/TUIR/dataset/yelp/byUser_70k_review/5foldsCVColdstart/2/...
264 users are loaded from /home/ll5fy/TUIR/dataset/yelp/byUser_70k_review/5foldsCVColdstart/3/...
[Info]Finish loading 726 items' weights in total 156639 items!
[Info]Begin tagging 726 items with LDA_Item Interpolation............
---- item 1: map is 0.67619, precision@k is 0.18182, mrr is 1.00000
---- item 51: map is 0.23315, precision@k is 0.09091, mrr is 1.00000
---- item 101: map is 0.37048, precision@k is 0.09091, mrr is 1.00000
---- item 151: map is 0.34940, precision@k is 0.09091, mrr is 1.00000
---- item 201: map is 1.00000, precision@k is 1.00000, mrr is 1.00000
---- item 251: map is 0.34933, precision@k is 0.09091, mrr is 1.00000
---- item 301: map is 0.40254, precision@k is 0.18182, mrr is 1.00000
---- item 351: map is 0.11111, precision@k is 0.11111, mrr is 0.11111
---- item 401: map is 0.36935, precision@k is 0.09091, mrr is 1.00000
---- item 451: map is 0.19511, precision@k is 0.09091, mrr is 0.50000
---- item 501: map is 0.52697, precision@k is 0.18182, mrr is 1.00000
---- item 551: map is 0.54361, precision@k is 0.18182, mrr is 1.00000
---- item 601: map is 0.31311, precision@k is 0.18182, mrr is 0.50000
---- item 651: map is 0.51316, precision@k is 0.18182, mrr is 1.00000
---- item 701: map is 0.50853, precision@k is 0.18182, mrr is 1.00000
[Stat]LDA_Item model, Interpolation mode item tagging: Precision@K is 0.17630, MAP is: 0.36169, MRR is: 0.76551, in top 10 tags

[Stat]Running time (seconds) 312.47600
[Stat]MAP 0.311+/-0.088
[Stat]MRR 0.670+/-0.192
[Stat]Precision 0.156+/-0.026
