Load 6134 2-gram new features from /home/ll5fy/TUIR/dataset/yelp/yelp_features.txt...
Load 6134 2-gram new features from /home/ll5fy/TUIR/dataset/yelp/yelp_features.txt...
[Info]Start FIXED cross validation...
[Info]Load 553 tags, with 6134 features.
260 users are loaded from /home/ll5fy/TUIR/dataset/yelp/byUser_70k_review/5foldsCVColdstart/0/...
244 users are loaded from /home/ll5fy/TUIR/dataset/yelp/byUser_70k_review/5foldsCVColdstart/1/...
266 users are loaded from /home/ll5fy/TUIR/dataset/yelp/byUser_70k_review/5foldsCVColdstart/2/...
264 users are loaded from /home/ll5fy/TUIR/dataset/yelp/byUser_70k_review/5foldsCVColdstart/3/...
256 users are loaded from /home/ll5fy/TUIR/dataset/yelp/byUser_70k_review/5foldsCVColdstart/4/...
[Info]Finish loading 861 items' weights in total 156639 items!
[Info]Begin tagging 861 items with ETBIR_Item Interpolation............
---- item 1: map is 0.34516, precision@k is 0.09091, mrr is 1.00000
---- item 51: map is 0.53792, precision@k is 0.18182, mrr is 1.00000
---- item 101: map is 1.00000, precision@k is 1.00000, mrr is 1.00000
---- item 151: map is 0.36296, precision@k is 0.09091, mrr is 1.00000
---- item 201: map is 0.34535, precision@k is 0.09091, mrr is 1.00000
---- item 251: map is 0.01429, precision@k is 0.00000, mrr is 0.01220
---- item 301: map is 0.26233, precision@k is 0.09091, mrr is 1.00000
---- item 351: map is 0.51149, precision@k is 0.09091, mrr is 1.00000
---- item 401: map is 0.05220, precision@k is 0.09091, mrr is 0.10000
---- item 451: map is 0.38689, precision@k is 0.09091, mrr is 1.00000
---- item 501: map is 0.01361, precision@k is 0.00000, mrr is 0.00901
---- item 551: map is 1.00000, precision@k is 1.00000, mrr is 1.00000
---- item 601: map is 0.02619, precision@k is 0.00000, mrr is 0.02941
---- item 651: map is 0.02690, precision@k is 0.00000, mrr is 0.05263
---- item 701: map is 0.34541, precision@k is 0.09091, mrr is 1.00000
---- item 751: map is 0.00434, precision@k is 0.00000, mrr is 0.00278
---- item 801: map is 0.35360, precision@k is 0.09091, mrr is 1.00000
---- item 851: map is 0.04532, precision@k is 0.00000, mrr is 0.07692
[Stat]ETBIR_Item model, Interpolation mode item tagging: Precision@K is 0.13557, MAP is: 0.33119, MRR is: 0.78048, in top 10 tags
244 users are loaded from /home/ll5fy/TUIR/dataset/yelp/byUser_70k_review/5foldsCVColdstart/1/...
260 users are loaded from /home/ll5fy/TUIR/dataset/yelp/byUser_70k_review/5foldsCVColdstart/0/...
266 users are loaded from /home/ll5fy/TUIR/dataset/yelp/byUser_70k_review/5foldsCVColdstart/2/...
264 users are loaded from /home/ll5fy/TUIR/dataset/yelp/byUser_70k_review/5foldsCVColdstart/3/...
256 users are loaded from /home/ll5fy/TUIR/dataset/yelp/byUser_70k_review/5foldsCVColdstart/4/...
[Info]Finish loading 861 items' weights in total 156639 items!
[Info]Begin tagging 861 items with ETBIR_Item Interpolation............
---- item 1: map is 0.34716, precision@k is 0.09091, mrr is 1.00000
---- item 51: map is 0.54679, precision@k is 0.18182, mrr is 1.00000
---- item 101: map is 1.00000, precision@k is 1.00000, mrr is 1.00000
---- item 151: map is 0.37205, precision@k is 0.09091, mrr is 1.00000
---- item 201: map is 0.34601, precision@k is 0.09091, mrr is 1.00000
---- item 251: map is 0.01230, precision@k is 0.00000, mrr is 0.01010
---- item 301: map is 0.26537, precision@k is 0.09091, mrr is 1.00000
---- item 351: map is 0.51235, precision@k is 0.09091, mrr is 1.00000
---- item 401: map is 0.10953, precision@k is 0.09091, mrr is 0.33333
---- item 451: map is 0.40103, precision@k is 0.09091, mrr is 1.00000
---- item 501: map is 0.01870, precision@k is 0.00000, mrr is 0.01613
---- item 551: map is 1.00000, precision@k is 1.00000, mrr is 1.00000
---- item 601: map is 0.14695, precision@k is 0.09091, mrr is 0.50000
---- item 651: map is 0.02895, precision@k is 0.00000, mrr is 0.05556
---- item 701: map is 0.34481, precision@k is 0.09091, mrr is 1.00000
---- item 751: map is 0.00427, precision@k is 0.00000, mrr is 0.00269
---- item 801: map is 0.35522, precision@k is 0.09091, mrr is 1.00000
---- item 851: map is 0.04109, precision@k is 0.00000, mrr is 0.06250
[Stat]ETBIR_Item model, Interpolation mode item tagging: Precision@K is 0.15554, MAP is: 0.34714, MRR is: 0.77816, in top 10 tags
266 users are loaded from /home/ll5fy/TUIR/dataset/yelp/byUser_70k_review/5foldsCVColdstart/2/...
260 users are loaded from /home/ll5fy/TUIR/dataset/yelp/byUser_70k_review/5foldsCVColdstart/0/...
244 users are loaded from /home/ll5fy/TUIR/dataset/yelp/byUser_70k_review/5foldsCVColdstart/1/...
264 users are loaded from /home/ll5fy/TUIR/dataset/yelp/byUser_70k_review/5foldsCVColdstart/3/...
256 users are loaded from /home/ll5fy/TUIR/dataset/yelp/byUser_70k_review/5foldsCVColdstart/4/...
[Info]Finish loading 861 items' weights in total 156639 items!
[Info]Begin tagging 861 items with ETBIR_Item Interpolation............
---- item 1: map is 0.34807, precision@k is 0.09091, mrr is 1.00000
---- item 51: map is 0.55389, precision@k is 0.18182, mrr is 1.00000
---- item 101: map is 1.00000, precision@k is 1.00000, mrr is 1.00000
---- item 151: map is 0.37302, precision@k is 0.09091, mrr is 1.00000
---- item 201: map is 0.34483, precision@k is 0.09091, mrr is 1.00000
---- item 251: map is 0.01337, precision@k is 0.00000, mrr is 0.01136
---- item 301: map is 0.26501, precision@k is 0.09091, mrr is 1.00000
---- item 351: map is 0.51266, precision@k is 0.09091, mrr is 1.00000
---- item 401: map is 0.18928, precision@k is 0.18182, mrr is 0.50000
---- item 451: map is 0.42857, precision@k is 0.18182, mrr is 1.00000
---- item 501: map is 0.01939, precision@k is 0.00000, mrr is 0.01923
---- item 551: map is 1.00000, precision@k is 1.00000, mrr is 1.00000
---- item 601: map is 0.28266, precision@k is 0.09091, mrr is 1.00000
---- item 651: map is 0.03362, precision@k is 0.09091, mrr is 0.10000
---- item 701: map is 0.34287, precision@k is 0.09091, mrr is 1.00000
---- item 751: map is 0.00442, precision@k is 0.00000, mrr is 0.00283
---- item 801: map is 0.35640, precision@k is 0.09091, mrr is 1.00000
---- item 851: map is 0.06861, precision@k is 0.09091, mrr is 0.16667
[Stat]ETBIR_Item model, Interpolation mode item tagging: Precision@K is 0.16834, MAP is: 0.35307, MRR is: 0.77619, in top 10 tags
264 users are loaded from /home/ll5fy/TUIR/dataset/yelp/byUser_70k_review/5foldsCVColdstart/3/...
260 users are loaded from /home/ll5fy/TUIR/dataset/yelp/byUser_70k_review/5foldsCVColdstart/0/...
244 users are loaded from /home/ll5fy/TUIR/dataset/yelp/byUser_70k_review/5foldsCVColdstart/1/...
266 users are loaded from /home/ll5fy/TUIR/dataset/yelp/byUser_70k_review/5foldsCVColdstart/2/...
256 users are loaded from /home/ll5fy/TUIR/dataset/yelp/byUser_70k_review/5foldsCVColdstart/4/...
[Info]Finish loading 861 items' weights in total 156639 items!
[Info]Begin tagging 861 items with ETBIR_Item Interpolation............
---- item 1: map is 0.34889, precision@k is 0.09091, mrr is 1.00000
---- item 51: map is 0.56696, precision@k is 0.18182, mrr is 1.00000
---- item 101: map is 1.00000, precision@k is 1.00000, mrr is 1.00000
---- item 151: map is 0.21157, precision@k is 0.09091, mrr is 0.50000
---- item 201: map is 0.34659, precision@k is 0.09091, mrr is 1.00000
---- item 251: map is 0.50515, precision@k is 0.09091, mrr is 1.00000
---- item 301: map is 0.27256, precision@k is 0.09091, mrr is 1.00000
---- item 351: map is 0.51587, precision@k is 0.09091, mrr is 1.00000
---- item 401: map is 0.18872, precision@k is 0.18182, mrr is 0.50000
---- item 451: map is 0.58781, precision@k is 0.18182, mrr is 1.00000
---- item 501: map is 0.02460, precision@k is 0.00000, mrr is 0.03448
---- item 551: map is 1.00000, precision@k is 1.00000, mrr is 1.00000
---- item 601: map is 0.29222, precision@k is 0.09091, mrr is 1.00000
---- item 651: map is 0.02582, precision@k is 0.00000, mrr is 0.04348
---- item 701: map is 0.17978, precision@k is 0.09091, mrr is 0.50000
---- item 751: map is 0.00429, precision@k is 0.00000, mrr is 0.00267
---- item 801: map is 0.37473, precision@k is 0.09091, mrr is 1.00000
---- item 851: map is 0.04042, precision@k is 0.00000, mrr is 0.06250
[Stat]ETBIR_Item model, Interpolation mode item tagging: Precision@K is 0.18008, MAP is: 0.35923, MRR is: 0.75522, in top 10 tags
256 users are loaded from /home/ll5fy/TUIR/dataset/yelp/byUser_70k_review/5foldsCVColdstart/4/...
260 users are loaded from /home/ll5fy/TUIR/dataset/yelp/byUser_70k_review/5foldsCVColdstart/0/...
244 users are loaded from /home/ll5fy/TUIR/dataset/yelp/byUser_70k_review/5foldsCVColdstart/1/...
266 users are loaded from /home/ll5fy/TUIR/dataset/yelp/byUser_70k_review/5foldsCVColdstart/2/...
264 users are loaded from /home/ll5fy/TUIR/dataset/yelp/byUser_70k_review/5foldsCVColdstart/3/...
[Info]Finish loading 861 items' weights in total 156639 items!
[Info]Begin tagging 861 items with ETBIR_Item Interpolation............
---- item 1: map is 0.40774, precision@k is 0.18182, mrr is 1.00000
---- item 51: map is 0.55299, precision@k is 0.18182, mrr is 1.00000
---- item 101: map is 1.00000, precision@k is 1.00000, mrr is 1.00000
---- item 151: map is 0.44234, precision@k is 0.18182, mrr is 1.00000
---- item 201: map is 0.34678, precision@k is 0.09091, mrr is 1.00000
---- item 251: map is 0.01093, precision@k is 0.00000, mrr is 0.00980
---- item 301: map is 0.27211, precision@k is 0.09091, mrr is 1.00000
---- item 351: map is 0.51818, precision@k is 0.09091, mrr is 1.00000
---- item 401: map is 0.20117, precision@k is 0.18182, mrr is 0.50000
---- item 451: map is 0.57556, precision@k is 0.18182, mrr is 1.00000
---- item 501: map is 0.06804, precision@k is 0.09091, mrr is 0.16667
---- item 551: map is 1.00000, precision@k is 1.00000, mrr is 1.00000
---- item 601: map is 0.32795, precision@k is 0.18182, mrr is 1.00000
---- item 651: map is 0.03405, precision@k is 0.00000, mrr is 0.09091
---- item 701: map is 0.17738, precision@k is 0.09091, mrr is 0.50000
---- item 751: map is 0.00435, precision@k is 0.00000, mrr is 0.00282
---- item 801: map is 0.35786, precision@k is 0.09091, mrr is 1.00000
---- item 851: map is 0.07366, precision@k is 0.09091, mrr is 0.20000
[Stat]ETBIR_Item model, Interpolation mode item tagging: Precision@K is 0.17951, MAP is: 0.35668, MRR is: 0.75017, in top 10 tags

[Stat]Running time (seconds) 367.18500
[Stat]MAP 0.349+/-0.010
[Stat]MRR 0.768+/-0.013
[Stat]Precision 0.164+/-0.017
