Load 6134 2-gram new features from /home/ll5fy/TUIR/dataset/yelp/yelp_features.txt...
Load 6134 2-gram new features from /home/ll5fy/TUIR/dataset/yelp/yelp_features.txt...
[Info]Start FIXED cross validation...
[Info]Load 553 tags, with 6134 features.
260 users are loaded from /home/ll5fy/TUIR/dataset/yelp/byUser_70k_review/5foldsCVColdstart/0/...
244 users are loaded from /home/ll5fy/TUIR/dataset/yelp/byUser_70k_review/5foldsCVColdstart/1/...
266 users are loaded from /home/ll5fy/TUIR/dataset/yelp/byUser_70k_review/5foldsCVColdstart/2/...
264 users are loaded from /home/ll5fy/TUIR/dataset/yelp/byUser_70k_review/5foldsCVColdstart/3/...
256 users are loaded from /home/ll5fy/TUIR/dataset/yelp/byUser_70k_review/5foldsCVColdstart/4/...
[Info]Finish loading 861 items' weights in total 156639 items!
[Info]Begin tagging 861 items with ETBIR_Item Interpolation............
---- item 1: map is 0.40946, precision@k is 0.18182, mrr is 1.00000
---- item 51: map is 0.53576, precision@k is 0.18182, mrr is 1.00000
---- item 101: map is 0.83333, precision@k is 0.66667, mrr is 1.00000
---- item 151: map is 0.20599, precision@k is 0.09091, mrr is 0.50000
---- item 201: map is 0.34442, precision@k is 0.09091, mrr is 1.00000
---- item 251: map is 0.13799, precision@k is 0.09091, mrr is 0.25000
---- item 301: map is 0.50506, precision@k is 0.18182, mrr is 1.00000
---- item 351: map is 0.52703, precision@k is 0.09091, mrr is 1.00000
---- item 401: map is 0.12902, precision@k is 0.09091, mrr is 0.50000
---- item 451: map is 0.59004, precision@k is 0.18182, mrr is 1.00000
---- item 501: map is 0.34749, precision@k is 0.09091, mrr is 1.00000
---- item 551: map is 0.83333, precision@k is 0.66667, mrr is 1.00000
---- item 601: map is 0.02197, precision@k is 0.00000, mrr is 0.01389
---- item 651: map is 0.03215, precision@k is 0.00000, mrr is 0.07143
---- item 701: map is 0.34363, precision@k is 0.09091, mrr is 1.00000
---- item 751: map is 0.00451, precision@k is 0.00000, mrr is 0.00299
---- item 801: map is 0.35553, precision@k is 0.09091, mrr is 1.00000
---- item 851: map is 0.08331, precision@k is 0.09091, mrr is 0.25000
[Stat]ETBIR_Item model, Interpolation mode item tagging: Precision@K is 0.20385, MAP is: 0.36768, MRR is: 0.71955, in top 10 tags
244 users are loaded from /home/ll5fy/TUIR/dataset/yelp/byUser_70k_review/5foldsCVColdstart/1/...
260 users are loaded from /home/ll5fy/TUIR/dataset/yelp/byUser_70k_review/5foldsCVColdstart/0/...
266 users are loaded from /home/ll5fy/TUIR/dataset/yelp/byUser_70k_review/5foldsCVColdstart/2/...
264 users are loaded from /home/ll5fy/TUIR/dataset/yelp/byUser_70k_review/5foldsCVColdstart/3/...
256 users are loaded from /home/ll5fy/TUIR/dataset/yelp/byUser_70k_review/5foldsCVColdstart/4/...
[Info]Finish loading 861 items' weights in total 156639 items!
[Info]Begin tagging 861 items with ETBIR_Item Interpolation............
---- item 1: map is 0.41865, precision@k is 0.18182, mrr is 1.00000
---- item 51: map is 0.41629, precision@k is 0.18182, mrr is 1.00000
---- item 101: map is 0.83333, precision@k is 0.66667, mrr is 1.00000
---- item 151: map is 0.17322, precision@k is 0.09091, mrr is 0.33333
---- item 201: map is 0.34507, precision@k is 0.09091, mrr is 1.00000
---- item 251: map is 0.14628, precision@k is 0.09091, mrr is 0.25000
---- item 301: map is 0.50605, precision@k is 0.18182, mrr is 1.00000
---- item 351: map is 0.54167, precision@k is 0.09091, mrr is 1.00000
---- item 401: map is 0.27581, precision@k is 0.27273, mrr is 0.50000
---- item 451: map is 0.59402, precision@k is 0.18182, mrr is 1.00000
---- item 501: map is 0.34652, precision@k is 0.09091, mrr is 1.00000
---- item 551: map is 0.70000, precision@k is 0.40000, mrr is 1.00000
---- item 601: map is 0.43341, precision@k is 0.18182, mrr is 1.00000
---- item 651: map is 0.03415, precision@k is 0.00000, mrr is 0.07143
---- item 701: map is 0.17942, precision@k is 0.09091, mrr is 0.50000
---- item 751: map is 0.00444, precision@k is 0.00000, mrr is 0.00276
---- item 801: map is 0.38246, precision@k is 0.09091, mrr is 1.00000
---- item 851: map is 0.10629, precision@k is 0.09091, mrr is 0.33333
[Stat]ETBIR_Item model, Interpolation mode item tagging: Precision@K is 0.22017, MAP is: 0.37738, MRR is: 0.69091, in top 10 tags
266 users are loaded from /home/ll5fy/TUIR/dataset/yelp/byUser_70k_review/5foldsCVColdstart/2/...
260 users are loaded from /home/ll5fy/TUIR/dataset/yelp/byUser_70k_review/5foldsCVColdstart/0/...
244 users are loaded from /home/ll5fy/TUIR/dataset/yelp/byUser_70k_review/5foldsCVColdstart/1/...
264 users are loaded from /home/ll5fy/TUIR/dataset/yelp/byUser_70k_review/5foldsCVColdstart/3/...
256 users are loaded from /home/ll5fy/TUIR/dataset/yelp/byUser_70k_review/5foldsCVColdstart/4/...
[Info]Finish loading 861 items' weights in total 156639 items!
[Info]Begin tagging 861 items with ETBIR_Item Interpolation............
---- item 1: map is 0.55805, precision@k is 0.18182, mrr is 1.00000
---- item 51: map is 0.36783, precision@k is 0.18182, mrr is 1.00000
---- item 101: map is 0.75000, precision@k is 0.50000, mrr is 1.00000
---- item 151: map is 0.16233, precision@k is 0.09091, mrr is 0.33333
---- item 201: map is 0.34335, precision@k is 0.09091, mrr is 1.00000
---- item 251: map is 0.17763, precision@k is 0.09091, mrr is 0.25000
---- item 301: map is 0.50553, precision@k is 0.18182, mrr is 1.00000
---- item 351: map is 0.66667, precision@k is 0.33333, mrr is 1.00000
---- item 401: map is 0.33648, precision@k is 0.27273, mrr is 0.50000
---- item 451: map is 0.59722, precision@k is 0.18182, mrr is 1.00000
---- item 501: map is 0.34727, precision@k is 0.09091, mrr is 1.00000
---- item 551: map is 0.75000, precision@k is 0.50000, mrr is 1.00000
---- item 601: map is 0.43760, precision@k is 0.18182, mrr is 1.00000
---- item 651: map is 0.02630, precision@k is 0.00000, mrr is 0.04762
---- item 701: map is 0.17782, precision@k is 0.09091, mrr is 0.50000
---- item 751: map is 0.00435, precision@k is 0.00000, mrr is 0.00268
---- item 801: map is 0.41394, precision@k is 0.18182, mrr is 1.00000
---- item 851: map is 0.09172, precision@k is 0.09091, mrr is 0.25000
[Stat]ETBIR_Item model, Interpolation mode item tagging: Precision@K is 0.22631, MAP is: 0.37493, MRR is: 0.67343, in top 10 tags
264 users are loaded from /home/ll5fy/TUIR/dataset/yelp/byUser_70k_review/5foldsCVColdstart/3/...
260 users are loaded from /home/ll5fy/TUIR/dataset/yelp/byUser_70k_review/5foldsCVColdstart/0/...
244 users are loaded from /home/ll5fy/TUIR/dataset/yelp/byUser_70k_review/5foldsCVColdstart/1/...
266 users are loaded from /home/ll5fy/TUIR/dataset/yelp/byUser_70k_review/5foldsCVColdstart/2/...
256 users are loaded from /home/ll5fy/TUIR/dataset/yelp/byUser_70k_review/5foldsCVColdstart/4/...
[Info]Finish loading 861 items' weights in total 156639 items!
[Info]Begin tagging 861 items with ETBIR_Item Interpolation............
---- item 1: map is 0.55764, precision@k is 0.18182, mrr is 1.00000
---- item 51: map is 0.36457, precision@k is 0.18182, mrr is 1.00000
---- item 101: map is 0.75000, precision@k is 0.50000, mrr is 1.00000
---- item 151: map is 0.17495, precision@k is 0.18182, mrr is 0.25000
---- item 201: map is 0.34342, precision@k is 0.09091, mrr is 1.00000
---- item 251: map is 0.28030, precision@k is 0.09091, mrr is 0.50000
---- item 301: map is 0.50439, precision@k is 0.18182, mrr is 1.00000
---- item 351: map is 0.83333, precision@k is 0.66667, mrr is 1.00000
---- item 401: map is 0.35013, precision@k is 0.27273, mrr is 0.50000
---- item 451: map is 0.44444, precision@k is 0.18182, mrr is 1.00000
---- item 501: map is 0.34612, precision@k is 0.09091, mrr is 1.00000
---- item 551: map is 0.70000, precision@k is 0.40000, mrr is 1.00000
---- item 601: map is 0.43769, precision@k is 0.18182, mrr is 1.00000
---- item 651: map is 0.02974, precision@k is 0.00000, mrr is 0.04545
---- item 701: map is 0.18019, precision@k is 0.09091, mrr is 0.50000
---- item 751: map is 0.00438, precision@k is 0.00000, mrr is 0.00282
---- item 801: map is 0.41445, precision@k is 0.18182, mrr is 1.00000
---- item 851: map is 0.09686, precision@k is 0.09091, mrr is 0.25000
[Stat]ETBIR_Item model, Interpolation mode item tagging: Precision@K is 0.22891, MAP is: 0.37072, MRR is: 0.66250, in top 10 tags
256 users are loaded from /home/ll5fy/TUIR/dataset/yelp/byUser_70k_review/5foldsCVColdstart/4/...
260 users are loaded from /home/ll5fy/TUIR/dataset/yelp/byUser_70k_review/5foldsCVColdstart/0/...
244 users are loaded from /home/ll5fy/TUIR/dataset/yelp/byUser_70k_review/5foldsCVColdstart/1/...
266 users are loaded from /home/ll5fy/TUIR/dataset/yelp/byUser_70k_review/5foldsCVColdstart/2/...
264 users are loaded from /home/ll5fy/TUIR/dataset/yelp/byUser_70k_review/5foldsCVColdstart/3/...
[Info]Finish loading 861 items' weights in total 156639 items!
[Info]Begin tagging 861 items with ETBIR_Item Interpolation............
---- item 1: map is 0.73333, precision@k is 0.66667, mrr is 1.00000
---- item 51: map is 0.36681, precision@k is 0.18182, mrr is 1.00000
---- item 101: map is 0.75000, precision@k is 0.50000, mrr is 1.00000
---- item 151: map is 0.56748, precision@k is 0.27273, mrr is 1.00000
---- item 201: map is 0.34463, precision@k is 0.09091, mrr is 1.00000
---- item 251: map is 0.20192, precision@k is 0.09091, mrr is 0.25000
---- item 301: map is 0.50503, precision@k is 0.18182, mrr is 1.00000
---- item 351: map is 0.83333, precision@k is 0.66667, mrr is 1.00000
---- item 401: map is 0.35132, precision@k is 0.27273, mrr is 0.50000
---- item 451: map is 0.42667, precision@k is 0.18182, mrr is 1.00000
---- item 501: map is 0.34560, precision@k is 0.09091, mrr is 1.00000
---- item 551: map is 0.66667, precision@k is 0.33333, mrr is 1.00000
---- item 601: map is 0.43806, precision@k is 0.18182, mrr is 1.00000
---- item 651: map is 0.02933, precision@k is 0.00000, mrr is 0.05556
---- item 701: map is 0.18016, precision@k is 0.09091, mrr is 0.50000
---- item 751: map is 0.00441, precision@k is 0.00000, mrr is 0.00275
---- item 801: map is 0.41440, precision@k is 0.18182, mrr is 1.00000
---- item 851: map is 0.09973, precision@k is 0.09091, mrr is 0.25000
[Stat]ETBIR_Item model, Interpolation mode item tagging: Precision@K is 0.22813, MAP is: 0.37159, MRR is: 0.66144, in top 10 tags

[Stat]Running time (seconds) 366.33000
[Stat]MAP 0.372+/-0.003
[Stat]MRR 0.682+/-0.022
[Stat]Precision 0.221+/-0.009
