Load 6134 2-gram new features from /home/ll5fy/TUIR/dataset/yelp/yelp_features.txt...
Load 6134 2-gram new features from /home/ll5fy/TUIR/dataset/yelp/yelp_features.txt...
[Info]Start FIXED cross validation...
[Info]Load 553 tags, with 6134 features.
260 users are loaded from /home/ll5fy/TUIR/dataset/yelp/byUser_70k_review/5foldsCVColdstart/0/...
244 users are loaded from /home/ll5fy/TUIR/dataset/yelp/byUser_70k_review/5foldsCVColdstart/1/...
266 users are loaded from /home/ll5fy/TUIR/dataset/yelp/byUser_70k_review/5foldsCVColdstart/2/...
264 users are loaded from /home/ll5fy/TUIR/dataset/yelp/byUser_70k_review/5foldsCVColdstart/3/...
256 users are loaded from /home/ll5fy/TUIR/dataset/yelp/byUser_70k_review/5foldsCVColdstart/4/...
[Info]Finish loading 722 items' weights in total 156639 items!
[Info]Begin tagging 722 items with LDA_Item Embed............
---- item 1: map is 0.10806, precision@k is 0.09091, mrr is 0.25000
---- item 51: map is 0.12688, precision@k is 0.09091, mrr is 0.25000
---- item 101: map is 0.13129, precision@k is 0.09091, mrr is 0.25000
---- item 151: map is 0.11490, precision@k is 0.09091, mrr is 0.25000
---- item 201: map is 0.08410, precision@k is 0.09091, mrr is 0.25000
---- item 251: map is 0.16667, precision@k is 0.09091, mrr is 0.25000
---- item 301: map is 0.09754, precision@k is 0.09091, mrr is 0.25000
---- item 351: map is 0.08314, precision@k is 0.09091, mrr is 0.25000
---- item 401: map is 0.07768, precision@k is 0.09091, mrr is 0.25000
---- item 451: map is 0.09392, precision@k is 0.09091, mrr is 0.25000
---- item 501: map is 0.09067, precision@k is 0.09091, mrr is 0.25000
---- item 551: map is 0.09001, precision@k is 0.09091, mrr is 0.25000
---- item 601: map is 0.13214, precision@k is 0.09091, mrr is 0.25000
---- item 651: map is 0.26483, precision@k is 0.18182, mrr is 0.50000
---- item 701: map is 0.13010, precision@k is 0.09091, mrr is 0.25000
[Stat]LDA_Item model, Embed mode item tagging: Precision@K is 0.09013, MAP is: 0.10449, MRR is: 0.23091, in top 10 tags
244 users are loaded from /home/ll5fy/TUIR/dataset/yelp/byUser_70k_review/5foldsCVColdstart/1/...
260 users are loaded from /home/ll5fy/TUIR/dataset/yelp/byUser_70k_review/5foldsCVColdstart/0/...
266 users are loaded from /home/ll5fy/TUIR/dataset/yelp/byUser_70k_review/5foldsCVColdstart/2/...
264 users are loaded from /home/ll5fy/TUIR/dataset/yelp/byUser_70k_review/5foldsCVColdstart/3/...
256 users are loaded from /home/ll5fy/TUIR/dataset/yelp/byUser_70k_review/5foldsCVColdstart/4/...
[Info]Finish loading 732 items' weights in total 156639 items!
[Info]Begin tagging 732 items with LDA_Item Embed............
---- item 1: map is 0.39442, precision@k is 0.09091, mrr is 1.00000
---- item 51: map is 0.34269, precision@k is 0.09091, mrr is 1.00000
---- item 101: map is 0.39331, precision@k is 0.09091, mrr is 1.00000
---- item 151: map is 0.23449, precision@k is 0.09091, mrr is 1.00000
---- item 201: map is 0.51923, precision@k is 0.09091, mrr is 1.00000
---- item 251: map is 0.53448, precision@k is 0.09091, mrr is 1.00000
---- item 301: map is 0.06954, precision@k is 0.09091, mrr is 0.16667
---- item 351: map is 0.51333, precision@k is 0.09091, mrr is 1.00000
---- item 401: map is 0.34651, precision@k is 0.09091, mrr is 1.00000
---- item 451: map is 0.02241, precision@k is 0.00000, mrr is 0.01887
---- item 501: map is 0.00877, precision@k is 0.00000, mrr is 0.00877
---- item 551: map is 0.00449, precision@k is 0.00000, mrr is 0.00287
---- item 601: map is 0.01508, precision@k is 0.00000, mrr is 0.01754
---- item 651: map is 0.34807, precision@k is 0.09091, mrr is 1.00000
---- item 701: map is 0.22328, precision@k is 0.09091, mrr is 1.00000
[Stat]LDA_Item model, Embed mode item tagging: Precision@K is 0.09542, MAP is: 0.29356, MRR is: 0.77041, in top 10 tags
266 users are loaded from /home/ll5fy/TUIR/dataset/yelp/byUser_70k_review/5foldsCVColdstart/2/...
260 users are loaded from /home/ll5fy/TUIR/dataset/yelp/byUser_70k_review/5foldsCVColdstart/0/...
244 users are loaded from /home/ll5fy/TUIR/dataset/yelp/byUser_70k_review/5foldsCVColdstart/1/...
264 users are loaded from /home/ll5fy/TUIR/dataset/yelp/byUser_70k_review/5foldsCVColdstart/3/...
256 users are loaded from /home/ll5fy/TUIR/dataset/yelp/byUser_70k_review/5foldsCVColdstart/4/...
[Info]Finish loading 702 items' weights in total 156639 items!
[Info]Begin tagging 702 items with LDA_Item Embed............
---- item 1: map is 0.34661, precision@k is 0.09091, mrr is 1.00000
---- item 51: map is 0.02563, precision@k is 0.00000, mrr is 0.01754
---- item 101: map is 0.00476, precision@k is 0.00000, mrr is 0.00493
---- item 151: map is 0.27133, precision@k is 0.09091, mrr is 1.00000
---- item 201: map is 0.19450, precision@k is 0.18182, mrr is 1.00000
---- item 251: map is 0.02823, precision@k is 0.00000, mrr is 0.01754
---- item 301: map is 0.35637, precision@k is 0.09091, mrr is 1.00000
---- item 351: map is 0.38810, precision@k is 0.09091, mrr is 1.00000
---- item 401: map is 0.20885, precision@k is 0.09091, mrr is 1.00000
---- item 451: map is 0.34322, precision@k is 0.18182, mrr is 1.00000
---- item 501: map is 0.02563, precision@k is 0.00000, mrr is 0.01754
---- item 551: map is 0.29488, precision@k is 0.09091, mrr is 1.00000
---- item 601: map is 0.02563, precision@k is 0.00000, mrr is 0.01754
---- item 651: map is 0.09098, precision@k is 0.09091, mrr is 0.25000
---- item 701: map is 0.52128, precision@k is 0.09091, mrr is 1.00000
[Stat]LDA_Item model, Embed mode item tagging: Precision@K is 0.09477, MAP is: 0.28966, MRR is: 0.76343, in top 10 tags
264 users are loaded from /home/ll5fy/TUIR/dataset/yelp/byUser_70k_review/5foldsCVColdstart/3/...
260 users are loaded from /home/ll5fy/TUIR/dataset/yelp/byUser_70k_review/5foldsCVColdstart/0/...
244 users are loaded from /home/ll5fy/TUIR/dataset/yelp/byUser_70k_review/5foldsCVColdstart/1/...
266 users are loaded from /home/ll5fy/TUIR/dataset/yelp/byUser_70k_review/5foldsCVColdstart/2/...
256 users are loaded from /home/ll5fy/TUIR/dataset/yelp/byUser_70k_review/5foldsCVColdstart/4/...
[Info]Finish loading 717 items' weights in total 156639 items!
[Info]Begin tagging 717 items with LDA_Item Embed............
---- item 1: map is 0.37938, precision@k is 0.09091, mrr is 1.00000
---- item 51: map is 0.34101, precision@k is 0.09091, mrr is 1.00000
---- item 101: map is 0.51587, precision@k is 0.09091, mrr is 1.00000
---- item 151: map is 0.50730, precision@k is 0.09091, mrr is 1.00000
---- item 201: map is 0.02347, precision@k is 0.00000, mrr is 0.01429
---- item 251: map is 0.50241, precision@k is 0.09091, mrr is 1.00000
---- item 301: map is 0.28858, precision@k is 0.09091, mrr is 1.00000
---- item 351: map is 0.02227, precision@k is 0.00000, mrr is 0.02273
---- item 401: map is 0.00626, precision@k is 0.00000, mrr is 0.00474
---- item 451: map is 0.50901, precision@k is 0.09091, mrr is 1.00000
---- item 501: map is 1.00000, precision@k is 1.00000, mrr is 1.00000
---- item 551: map is 0.34526, precision@k is 0.09091, mrr is 1.00000
---- item 601: map is 0.34135, precision@k is 0.09091, mrr is 1.00000
---- item 651: map is 0.02347, precision@k is 0.00000, mrr is 0.01429
---- item 701: map is 0.01572, precision@k is 0.00000, mrr is 0.01075
[Stat]LDA_Item model, Embed mode item tagging: Precision@K is 0.09702, MAP is: 0.29747, MRR is: 0.77731, in top 10 tags
256 users are loaded from /home/ll5fy/TUIR/dataset/yelp/byUser_70k_review/5foldsCVColdstart/4/...
260 users are loaded from /home/ll5fy/TUIR/dataset/yelp/byUser_70k_review/5foldsCVColdstart/0/...
244 users are loaded from /home/ll5fy/TUIR/dataset/yelp/byUser_70k_review/5foldsCVColdstart/1/...
266 users are loaded from /home/ll5fy/TUIR/dataset/yelp/byUser_70k_review/5foldsCVColdstart/2/...
264 users are loaded from /home/ll5fy/TUIR/dataset/yelp/byUser_70k_review/5foldsCVColdstart/3/...
[Info]Finish loading 726 items' weights in total 156639 items!
[Info]Begin tagging 726 items with LDA_Item Embed............
---- item 1: map is 0.37863, precision@k is 0.09091, mrr is 1.00000
---- item 51: map is 0.22793, precision@k is 0.09091, mrr is 1.00000
---- item 101: map is 0.34764, precision@k is 0.09091, mrr is 1.00000
---- item 151: map is 0.34866, precision@k is 0.09091, mrr is 1.00000
---- item 201: map is 0.51786, precision@k is 0.09091, mrr is 1.00000
---- item 251: map is 0.34866, precision@k is 0.09091, mrr is 1.00000
---- item 301: map is 0.05139, precision@k is 0.00000, mrr is 0.09091
---- item 351: map is 0.00234, precision@k is 0.00000, mrr is 0.00234
---- item 401: map is 0.36369, precision@k is 0.09091, mrr is 1.00000
---- item 451: map is 0.35337, precision@k is 0.09091, mrr is 1.00000
---- item 501: map is 0.30047, precision@k is 0.09091, mrr is 1.00000
---- item 551: map is 0.27453, precision@k is 0.09091, mrr is 1.00000
---- item 601: map is 0.28259, precision@k is 0.09091, mrr is 1.00000
---- item 651: map is 0.39331, precision@k is 0.09091, mrr is 1.00000
---- item 701: map is 0.38355, precision@k is 0.18182, mrr is 1.00000
[Stat]LDA_Item model, Embed mode item tagging: Precision@K is 0.10634, MAP is: 0.29815, MRR is: 0.77448, in top 10 tags

[Stat]Running time (seconds) 32.29000
[Stat]MAP 0.257+/-0.076
[Stat]MRR 0.663+/-0.216
[Stat]Precision 0.097+/-0.005
