Load 6134 2-gram new features from /home/ll5fy/TUIR/dataset/yelp/yelp_features.txt...
Load 6134 2-gram new features from /home/ll5fy/TUIR/dataset/yelp/yelp_features.txt...
[Info]Start FIXED cross validation...
[Info]Load 553 tags, with 6134 features.
260 users are loaded from /home/ll5fy/TUIR/dataset/yelp/byUser_70k_review/5foldsCVColdstart/0/...
244 users are loaded from /home/ll5fy/TUIR/dataset/yelp/byUser_70k_review/5foldsCVColdstart/1/...
266 users are loaded from /home/ll5fy/TUIR/dataset/yelp/byUser_70k_review/5foldsCVColdstart/2/...
264 users are loaded from /home/ll5fy/TUIR/dataset/yelp/byUser_70k_review/5foldsCVColdstart/3/...
256 users are loaded from /home/ll5fy/TUIR/dataset/yelp/byUser_70k_review/5foldsCVColdstart/4/...
[Info]Finish loading 722 items' weights in total 156639 items!
[Info]Begin tagging 722 items with LDA_Variational Interpolation............
---- item 1: map is 0.47193, precision@k is 0.18182, mrr is 1.00000
---- item 51: map is 0.12685, precision@k is 0.09091, mrr is 0.25000
---- item 101: map is 0.13443, precision@k is 0.09091, mrr is 0.25000
---- item 151: map is 0.10779, precision@k is 0.09091, mrr is 0.25000
---- item 201: map is 0.35741, precision@k is 0.18182, mrr is 1.00000
---- item 251: map is 1.00000, precision@k is 1.00000, mrr is 1.00000
---- item 301: map is 0.11991, precision@k is 0.09091, mrr is 0.25000
---- item 351: map is 0.35586, precision@k is 0.18182, mrr is 1.00000
---- item 401: map is 0.14567, precision@k is 0.18182, mrr is 0.25000
---- item 451: map is 0.28652, precision@k is 0.18182, mrr is 0.50000
---- item 501: map is 0.08886, precision@k is 0.09091, mrr is 0.25000
---- item 551: map is 0.17732, precision@k is 0.09091, mrr is 0.50000
---- item 601: map is 0.15625, precision@k is 0.09091, mrr is 0.25000
---- item 651: map is 0.27486, precision@k is 0.18182, mrr is 0.50000
---- item 701: map is 0.14387, precision@k is 0.09091, mrr is 0.25000
[Stat]LDA_Variational model, Interpolation mode item tagging: Precision@K is 0.13361, MAP is: 0.20063, MRR is: 0.41466, in top 10 tags
244 users are loaded from /home/ll5fy/TUIR/dataset/yelp/byUser_70k_review/5foldsCVColdstart/1/...
260 users are loaded from /home/ll5fy/TUIR/dataset/yelp/byUser_70k_review/5foldsCVColdstart/0/...
266 users are loaded from /home/ll5fy/TUIR/dataset/yelp/byUser_70k_review/5foldsCVColdstart/2/...
264 users are loaded from /home/ll5fy/TUIR/dataset/yelp/byUser_70k_review/5foldsCVColdstart/3/...
256 users are loaded from /home/ll5fy/TUIR/dataset/yelp/byUser_70k_review/5foldsCVColdstart/4/...
[Info]Finish loading 732 items' weights in total 156639 items!
[Info]Begin tagging 732 items with LDA_Variational Interpolation............
---- item 1: map is 0.67584, precision@k is 0.18182, mrr is 1.00000
---- item 51: map is 0.37073, precision@k is 0.09091, mrr is 1.00000
---- item 101: map is 0.20803, precision@k is 0.09091, mrr is 0.50000
---- item 151: map is 0.43218, precision@k is 0.18182, mrr is 1.00000
---- item 201: map is 1.00000, precision@k is 1.00000, mrr is 1.00000
---- item 251: map is 0.53571, precision@k is 0.09091, mrr is 1.00000
---- item 301: map is 0.43116, precision@k is 0.18182, mrr is 1.00000
---- item 351: map is 0.27703, precision@k is 0.09091, mrr is 0.50000
---- item 401: map is 0.35237, precision@k is 0.09091, mrr is 1.00000
---- item 451: map is 0.26716, precision@k is 0.18182, mrr is 1.00000
---- item 501: map is 0.07143, precision@k is 0.00000, mrr is 0.07143
---- item 551: map is 0.00422, precision@k is 0.00000, mrr is 0.00253
---- item 601: map is 0.01739, precision@k is 0.00000, mrr is 0.02381
---- item 651: map is 0.19811, precision@k is 0.09091, mrr is 0.50000
---- item 701: map is 0.41524, precision@k is 0.18182, mrr is 1.00000
[Stat]LDA_Variational model, Interpolation mode item tagging: Precision@K is 0.20487, MAP is: 0.38648, MRR is: 0.76574, in top 10 tags
266 users are loaded from /home/ll5fy/TUIR/dataset/yelp/byUser_70k_review/5foldsCVColdstart/2/...
260 users are loaded from /home/ll5fy/TUIR/dataset/yelp/byUser_70k_review/5foldsCVColdstart/0/...
244 users are loaded from /home/ll5fy/TUIR/dataset/yelp/byUser_70k_review/5foldsCVColdstart/1/...
264 users are loaded from /home/ll5fy/TUIR/dataset/yelp/byUser_70k_review/5foldsCVColdstart/3/...
256 users are loaded from /home/ll5fy/TUIR/dataset/yelp/byUser_70k_review/5foldsCVColdstart/4/...
[Info]Finish loading 702 items' weights in total 156639 items!
[Info]Begin tagging 702 items with LDA_Variational Interpolation............
---- item 1: map is 0.40266, precision@k is 0.18182, mrr is 1.00000
---- item 51: map is 0.25536, precision@k is 0.18182, mrr is 0.50000
---- item 101: map is 0.01877, precision@k is 0.00000, mrr is 0.02778
---- item 151: map is 0.31087, precision@k is 0.18182, mrr is 0.50000
---- item 201: map is 0.20556, precision@k is 0.18182, mrr is 1.00000
---- item 251: map is 0.24690, precision@k is 0.27273, mrr is 0.50000
---- item 301: map is 0.20322, precision@k is 0.09091, mrr is 0.50000
---- item 351: map is 0.41471, precision@k is 0.18182, mrr is 1.00000
---- item 401: map is 0.46095, precision@k is 0.27273, mrr is 1.00000
---- item 451: map is 0.75565, precision@k is 0.27273, mrr is 1.00000
---- item 501: map is 0.20562, precision@k is 0.18182, mrr is 0.50000
---- item 551: map is 0.52591, precision@k is 0.27273, mrr is 1.00000
---- item 601: map is 0.31151, precision@k is 0.27273, mrr is 0.50000
---- item 651: map is 0.41212, precision@k is 0.18182, mrr is 1.00000
---- item 701: map is 0.41667, precision@k is 0.50000, mrr is 0.33333
[Stat]LDA_Variational model, Interpolation mode item tagging: Precision@K is 0.20688, MAP is: 0.37527, MRR is: 0.71944, in top 10 tags
264 users are loaded from /home/ll5fy/TUIR/dataset/yelp/byUser_70k_review/5foldsCVColdstart/3/...
260 users are loaded from /home/ll5fy/TUIR/dataset/yelp/byUser_70k_review/5foldsCVColdstart/0/...
244 users are loaded from /home/ll5fy/TUIR/dataset/yelp/byUser_70k_review/5foldsCVColdstart/1/...
266 users are loaded from /home/ll5fy/TUIR/dataset/yelp/byUser_70k_review/5foldsCVColdstart/2/...
256 users are loaded from /home/ll5fy/TUIR/dataset/yelp/byUser_70k_review/5foldsCVColdstart/4/...
[Info]Finish loading 717 items' weights in total 156639 items!
[Info]Begin tagging 717 items with LDA_Variational Interpolation............
---- item 1: map is 0.67742, precision@k is 0.18182, mrr is 1.00000
---- item 51: map is 0.36866, precision@k is 0.09091, mrr is 1.00000
---- item 101: map is 0.17763, precision@k is 0.09091, mrr is 0.25000
---- item 151: map is 0.10667, precision@k is 0.09091, mrr is 0.20000
---- item 201: map is 0.19979, precision@k is 0.18182, mrr is 0.50000
---- item 251: map is 0.25236, precision@k is 0.09091, mrr is 0.50000
---- item 301: map is 0.30625, precision@k is 0.18182, mrr is 0.50000
---- item 351: map is 0.02139, precision@k is 0.00000, mrr is 0.02439
---- item 401: map is 0.00675, precision@k is 0.00000, mrr is 0.00493
---- item 451: map is 0.51471, precision@k is 0.09091, mrr is 1.00000
---- item 501: map is 1.00000, precision@k is 1.00000, mrr is 1.00000
---- item 551: map is 0.67043, precision@k is 0.18182, mrr is 1.00000
---- item 601: map is 0.34075, precision@k is 0.09091, mrr is 1.00000
---- item 651: map is 0.19868, precision@k is 0.18182, mrr is 0.50000
---- item 701: map is 0.09429, precision@k is 0.09091, mrr is 0.25000
[Stat]LDA_Variational model, Interpolation mode item tagging: Precision@K is 0.20713, MAP is: 0.38014, MRR is: 0.73198, in top 10 tags
256 users are loaded from /home/ll5fy/TUIR/dataset/yelp/byUser_70k_review/5foldsCVColdstart/4/...
260 users are loaded from /home/ll5fy/TUIR/dataset/yelp/byUser_70k_review/5foldsCVColdstart/0/...
244 users are loaded from /home/ll5fy/TUIR/dataset/yelp/byUser_70k_review/5foldsCVColdstart/1/...
266 users are loaded from /home/ll5fy/TUIR/dataset/yelp/byUser_70k_review/5foldsCVColdstart/2/...
264 users are loaded from /home/ll5fy/TUIR/dataset/yelp/byUser_70k_review/5foldsCVColdstart/3/...
[Info]Finish loading 726 items' weights in total 156639 items!
[Info]Begin tagging 726 items with LDA_Variational Interpolation............
---- item 1: map is 0.67610, precision@k is 0.18182, mrr is 1.00000
---- item 51: map is 0.22503, precision@k is 0.09091, mrr is 1.00000
---- item 101: map is 0.58586, precision@k is 0.18182, mrr is 1.00000
---- item 151: map is 0.35043, precision@k is 0.09091, mrr is 1.00000
---- item 201: map is 0.83333, precision@k is 0.66667, mrr is 1.00000
---- item 251: map is 0.34999, precision@k is 0.09091, mrr is 1.00000
---- item 301: map is 0.46921, precision@k is 0.18182, mrr is 1.00000
---- item 351: map is 1.00000, precision@k is 1.00000, mrr is 1.00000
---- item 401: map is 0.35884, precision@k is 0.09091, mrr is 1.00000
---- item 451: map is 0.20804, precision@k is 0.09091, mrr is 0.50000
---- item 501: map is 0.52233, precision@k is 0.18182, mrr is 1.00000
---- item 551: map is 0.52629, precision@k is 0.18182, mrr is 1.00000
---- item 601: map is 0.42659, precision@k is 0.27273, mrr is 0.50000
---- item 651: map is 0.55882, precision@k is 0.18182, mrr is 1.00000
---- item 701: map is 0.50906, precision@k is 0.18182, mrr is 1.00000
[Stat]LDA_Variational model, Interpolation mode item tagging: Precision@K is 0.21827, MAP is: 0.38586, MRR is: 0.71422, in top 10 tags

[Stat]Running time (seconds) 306.48900
[Stat]MAP 0.346+/-0.073
[Stat]MRR 0.669+/-0.129
[Stat]Precision 0.194+/-0.031
