Load 6134 2-gram new features from /home/ll5fy/TUIR/dataset/yelp/yelp_features.txt...
Load 6134 2-gram new features from /home/ll5fy/TUIR/dataset/yelp/yelp_features.txt...
[Info]Start FIXED cross validation...
[Info]Load 553 tags, with 6134 features.
260 users are loaded from /home/ll5fy/TUIR/dataset/yelp/byUser_70k_review/5foldsCVColdstart/0/...
244 users are loaded from /home/ll5fy/TUIR/dataset/yelp/byUser_70k_review/5foldsCVColdstart/1/...
266 users are loaded from /home/ll5fy/TUIR/dataset/yelp/byUser_70k_review/5foldsCVColdstart/2/...
264 users are loaded from /home/ll5fy/TUIR/dataset/yelp/byUser_70k_review/5foldsCVColdstart/3/...
256 users are loaded from /home/ll5fy/TUIR/dataset/yelp/byUser_70k_review/5foldsCVColdstart/4/...
[Info]Finish loading 861 items' weights in total 156639 items!
[Info]Begin tagging 861 items with ETBIR Interpolation............
---- item 1: map is 0.40933, precision@k is 0.18182, mrr is 1.00000
---- item 51: map is 0.55361, precision@k is 0.18182, mrr is 1.00000
---- item 101: map is 0.83333, precision@k is 0.66667, mrr is 1.00000
---- item 151: map is 0.20518, precision@k is 0.09091, mrr is 0.50000
---- item 201: map is 0.34327, precision@k is 0.09091, mrr is 1.00000
---- item 251: map is 0.13649, precision@k is 0.09091, mrr is 0.25000
---- item 301: map is 0.50457, precision@k is 0.18182, mrr is 1.00000
---- item 351: map is 0.54000, precision@k is 0.09091, mrr is 1.00000
---- item 401: map is 0.13485, precision@k is 0.09091, mrr is 0.50000
---- item 451: map is 0.59127, precision@k is 0.18182, mrr is 1.00000
---- item 501: map is 0.34599, precision@k is 0.09091, mrr is 1.00000
---- item 551: map is 0.83333, precision@k is 0.66667, mrr is 1.00000
---- item 601: map is 0.02546, precision@k is 0.00000, mrr is 0.01754
---- item 651: map is 0.03966, precision@k is 0.09091, mrr is 0.12500
---- item 701: map is 0.34104, precision@k is 0.09091, mrr is 1.00000
---- item 751: map is 0.00436, precision@k is 0.00000, mrr is 0.00301
---- item 801: map is 0.37880, precision@k is 0.09091, mrr is 1.00000
---- item 851: map is 0.09416, precision@k is 0.09091, mrr is 0.25000
[Stat]ETBIR model, Interpolation mode item tagging: Precision@K is 0.20560, MAP is: 0.36748, MRR is: 0.71658, in top 10 tags
244 users are loaded from /home/ll5fy/TUIR/dataset/yelp/byUser_70k_review/5foldsCVColdstart/1/...
260 users are loaded from /home/ll5fy/TUIR/dataset/yelp/byUser_70k_review/5foldsCVColdstart/0/...
266 users are loaded from /home/ll5fy/TUIR/dataset/yelp/byUser_70k_review/5foldsCVColdstart/2/...
264 users are loaded from /home/ll5fy/TUIR/dataset/yelp/byUser_70k_review/5foldsCVColdstart/3/...
256 users are loaded from /home/ll5fy/TUIR/dataset/yelp/byUser_70k_review/5foldsCVColdstart/4/...
[Info]Finish loading 861 items' weights in total 156639 items!
[Info]Begin tagging 861 items with ETBIR Interpolation............
---- item 1: map is 0.38294, precision@k is 0.09091, mrr is 1.00000
---- item 51: map is 0.40512, precision@k is 0.18182, mrr is 1.00000
---- item 101: map is 0.83333, precision@k is 0.66667, mrr is 1.00000
---- item 151: map is 0.20411, precision@k is 0.09091, mrr is 0.50000
---- item 201: map is 0.34318, precision@k is 0.09091, mrr is 1.00000
---- item 251: map is 0.14939, precision@k is 0.09091, mrr is 0.25000
---- item 301: map is 0.50521, precision@k is 0.18182, mrr is 1.00000
---- item 351: map is 0.55882, precision@k is 0.09091, mrr is 1.00000
---- item 401: map is 0.27767, precision@k is 0.27273, mrr is 0.50000
---- item 451: map is 0.59903, precision@k is 0.18182, mrr is 1.00000
---- item 501: map is 0.34742, precision@k is 0.09091, mrr is 1.00000
---- item 551: map is 0.75000, precision@k is 0.50000, mrr is 1.00000
---- item 601: map is 0.43637, precision@k is 0.18182, mrr is 1.00000
---- item 651: map is 0.03110, precision@k is 0.00000, mrr is 0.06667
---- item 701: map is 0.17564, precision@k is 0.09091, mrr is 0.50000
---- item 751: map is 0.00452, precision@k is 0.00000, mrr is 0.00285
---- item 801: map is 0.37509, precision@k is 0.09091, mrr is 1.00000
---- item 851: map is 0.10933, precision@k is 0.09091, mrr is 0.33333
[Stat]ETBIR model, Interpolation mode item tagging: Precision@K is 0.21886, MAP is: 0.37549, MRR is: 0.69016, in top 10 tags
266 users are loaded from /home/ll5fy/TUIR/dataset/yelp/byUser_70k_review/5foldsCVColdstart/2/...
260 users are loaded from /home/ll5fy/TUIR/dataset/yelp/byUser_70k_review/5foldsCVColdstart/0/...
244 users are loaded from /home/ll5fy/TUIR/dataset/yelp/byUser_70k_review/5foldsCVColdstart/1/...
264 users are loaded from /home/ll5fy/TUIR/dataset/yelp/byUser_70k_review/5foldsCVColdstart/3/...
256 users are loaded from /home/ll5fy/TUIR/dataset/yelp/byUser_70k_review/5foldsCVColdstart/4/...
[Info]Finish loading 861 items' weights in total 156639 items!
[Info]Begin tagging 861 items with ETBIR Interpolation............
---- item 1: map is 0.55749, precision@k is 0.18182, mrr is 1.00000
---- item 51: map is 0.41912, precision@k is 0.18182, mrr is 1.00000
---- item 101: map is 0.75000, precision@k is 0.50000, mrr is 1.00000
---- item 151: map is 0.20853, precision@k is 0.18182, mrr is 0.33333
---- item 201: map is 0.34320, precision@k is 0.09091, mrr is 1.00000
---- item 251: map is 0.18382, precision@k is 0.09091, mrr is 0.25000
---- item 301: map is 0.50467, precision@k is 0.18182, mrr is 1.00000
---- item 351: map is 0.64286, precision@k is 0.28571, mrr is 1.00000
---- item 401: map is 0.35053, precision@k is 0.27273, mrr is 0.50000
---- item 451: map is 0.59259, precision@k is 0.18182, mrr is 1.00000
---- item 501: map is 0.34645, precision@k is 0.09091, mrr is 1.00000
---- item 551: map is 0.75000, precision@k is 0.50000, mrr is 1.00000
---- item 601: map is 0.43694, precision@k is 0.18182, mrr is 1.00000
---- item 651: map is 0.02876, precision@k is 0.00000, mrr is 0.06667
---- item 701: map is 0.17640, precision@k is 0.09091, mrr is 0.50000
---- item 751: map is 0.00453, precision@k is 0.00000, mrr is 0.00292
---- item 801: map is 0.41374, precision@k is 0.18182, mrr is 1.00000
---- item 851: map is 0.09726, precision@k is 0.09091, mrr is 0.25000
[Stat]ETBIR model, Interpolation mode item tagging: Precision@K is 0.22418, MAP is: 0.37247, MRR is: 0.67103, in top 10 tags
264 users are loaded from /home/ll5fy/TUIR/dataset/yelp/byUser_70k_review/5foldsCVColdstart/3/...
260 users are loaded from /home/ll5fy/TUIR/dataset/yelp/byUser_70k_review/5foldsCVColdstart/0/...
244 users are loaded from /home/ll5fy/TUIR/dataset/yelp/byUser_70k_review/5foldsCVColdstart/1/...
266 users are loaded from /home/ll5fy/TUIR/dataset/yelp/byUser_70k_review/5foldsCVColdstart/2/...
256 users are loaded from /home/ll5fy/TUIR/dataset/yelp/byUser_70k_review/5foldsCVColdstart/4/...
[Info]Finish loading 861 items' weights in total 156639 items!
[Info]Begin tagging 861 items with ETBIR Interpolation............
---- item 1: map is 0.55789, precision@k is 0.18182, mrr is 1.00000
---- item 51: map is 0.36988, precision@k is 0.18182, mrr is 1.00000
---- item 101: map is 0.75000, precision@k is 0.50000, mrr is 1.00000
---- item 151: map is 0.20519, precision@k is 0.18182, mrr is 0.33333
---- item 201: map is 0.34416, precision@k is 0.09091, mrr is 1.00000
---- item 251: map is 0.26923, precision@k is 0.09091, mrr is 0.50000
---- item 301: map is 0.50446, precision@k is 0.18182, mrr is 1.00000
---- item 351: map is 0.83333, precision@k is 0.66667, mrr is 1.00000
---- item 401: map is 0.34979, precision@k is 0.27273, mrr is 0.50000
---- item 451: map is 0.44744, precision@k is 0.18182, mrr is 1.00000
---- item 501: map is 0.34579, precision@k is 0.09091, mrr is 1.00000
---- item 551: map is 0.70000, precision@k is 0.40000, mrr is 1.00000
---- item 601: map is 0.43510, precision@k is 0.18182, mrr is 1.00000
---- item 651: map is 0.03122, precision@k is 0.00000, mrr is 0.05263
---- item 701: map is 0.18159, precision@k is 0.09091, mrr is 0.50000
---- item 751: map is 0.00445, precision@k is 0.00000, mrr is 0.00280
---- item 801: map is 0.41476, precision@k is 0.18182, mrr is 1.00000
---- item 851: map is 0.10778, precision@k is 0.09091, mrr is 0.33333
[Stat]ETBIR model, Interpolation mode item tagging: Precision@K is 0.22980, MAP is: 0.37222, MRR is: 0.66475, in top 10 tags
256 users are loaded from /home/ll5fy/TUIR/dataset/yelp/byUser_70k_review/5foldsCVColdstart/4/...
260 users are loaded from /home/ll5fy/TUIR/dataset/yelp/byUser_70k_review/5foldsCVColdstart/0/...
244 users are loaded from /home/ll5fy/TUIR/dataset/yelp/byUser_70k_review/5foldsCVColdstart/1/...
266 users are loaded from /home/ll5fy/TUIR/dataset/yelp/byUser_70k_review/5foldsCVColdstart/2/...
264 users are loaded from /home/ll5fy/TUIR/dataset/yelp/byUser_70k_review/5foldsCVColdstart/3/...
[Info]Finish loading 861 items' weights in total 156639 items!
[Info]Begin tagging 861 items with ETBIR Interpolation............
---- item 1: map is 0.73333, precision@k is 0.66667, mrr is 1.00000
---- item 51: map is 0.35928, precision@k is 0.18182, mrr is 1.00000
---- item 101: map is 0.75000, precision@k is 0.50000, mrr is 1.00000
---- item 151: map is 0.54071, precision@k is 0.27273, mrr is 1.00000
---- item 201: map is 0.34360, precision@k is 0.09091, mrr is 1.00000
---- item 251: map is 0.20192, precision@k is 0.09091, mrr is 0.25000
---- item 301: map is 0.50494, precision@k is 0.18182, mrr is 1.00000
---- item 351: map is 0.83333, precision@k is 0.66667, mrr is 1.00000
---- item 401: map is 0.35044, precision@k is 0.27273, mrr is 0.50000
---- item 451: map is 0.44139, precision@k is 0.18182, mrr is 1.00000
---- item 501: map is 0.34549, precision@k is 0.09091, mrr is 1.00000
---- item 551: map is 0.66667, precision@k is 0.33333, mrr is 1.00000
---- item 601: map is 0.43748, precision@k is 0.18182, mrr is 1.00000
---- item 651: map is 0.02939, precision@k is 0.00000, mrr is 0.04545
---- item 701: map is 0.17991, precision@k is 0.09091, mrr is 0.50000
---- item 751: map is 0.00431, precision@k is 0.00000, mrr is 0.00281
---- item 801: map is 0.41382, precision@k is 0.18182, mrr is 1.00000
---- item 851: map is 0.10159, precision@k is 0.09091, mrr is 0.25000
[Stat]ETBIR model, Interpolation mode item tagging: Precision@K is 0.22934, MAP is: 0.37091, MRR is: 0.66140, in top 10 tags

[Stat]Running time (seconds) 366.45300
[Stat]MAP 0.372+/-0.003
[Stat]MRR 0.681+/-0.020
[Stat]Precision 0.222+/-0.009
