Load 6134 2-gram new features from /home/ll5fy/TUIR/dataset/yelp/yelp_features.txt...
Load 6134 2-gram new features from /home/ll5fy/TUIR/dataset/yelp/yelp_features.txt...
[Info]Start FIXED cross validation...
[Info]Load 553 tags, with 6134 features.
260 users are loaded from /home/ll5fy/TUIR/dataset/yelp/byUser_70k_review/5foldsCVColdstart/0/...
244 users are loaded from /home/ll5fy/TUIR/dataset/yelp/byUser_70k_review/5foldsCVColdstart/1/...
266 users are loaded from /home/ll5fy/TUIR/dataset/yelp/byUser_70k_review/5foldsCVColdstart/2/...
264 users are loaded from /home/ll5fy/TUIR/dataset/yelp/byUser_70k_review/5foldsCVColdstart/3/...
256 users are loaded from /home/ll5fy/TUIR/dataset/yelp/byUser_70k_review/5foldsCVColdstart/4/...
[Info]Finish loading 722 items' weights in total 156639 items!
[Info]Begin tagging 722 items with LDA_User Interpolation............
---- item 1: map is 0.30457, precision@k is 0.18182, mrr is 0.50000
---- item 51: map is 0.12685, precision@k is 0.09091, mrr is 0.25000
---- item 101: map is 0.13052, precision@k is 0.09091, mrr is 0.25000
---- item 151: map is 0.09718, precision@k is 0.09091, mrr is 0.25000
---- item 201: map is 0.35636, precision@k is 0.18182, mrr is 1.00000
---- item 251: map is 0.70000, precision@k is 0.40000, mrr is 1.00000
---- item 301: map is 0.10079, precision@k is 0.09091, mrr is 0.25000
---- item 351: map is 0.35553, precision@k is 0.18182, mrr is 1.00000
---- item 401: map is 0.08176, precision@k is 0.09091, mrr is 0.25000
---- item 451: map is 0.08740, precision@k is 0.09091, mrr is 0.25000
---- item 501: map is 0.08900, precision@k is 0.09091, mrr is 0.25000
---- item 551: map is 0.09691, precision@k is 0.09091, mrr is 0.25000
---- item 601: map is 0.13199, precision@k is 0.09091, mrr is 0.25000
---- item 651: map is 0.26992, precision@k is 0.18182, mrr is 0.50000
---- item 701: map is 0.14461, precision@k is 0.09091, mrr is 0.25000
[Stat]LDA_User model, Interpolation mode item tagging: Precision@K is 0.10816, MAP is: 0.13639, MRR is: 0.28613, in top 10 tags
244 users are loaded from /home/ll5fy/TUIR/dataset/yelp/byUser_70k_review/5foldsCVColdstart/1/...
260 users are loaded from /home/ll5fy/TUIR/dataset/yelp/byUser_70k_review/5foldsCVColdstart/0/...
266 users are loaded from /home/ll5fy/TUIR/dataset/yelp/byUser_70k_review/5foldsCVColdstart/2/...
264 users are loaded from /home/ll5fy/TUIR/dataset/yelp/byUser_70k_review/5foldsCVColdstart/3/...
256 users are loaded from /home/ll5fy/TUIR/dataset/yelp/byUser_70k_review/5foldsCVColdstart/4/...
[Info]Finish loading 732 items' weights in total 156639 items!
[Info]Begin tagging 732 items with LDA_User Interpolation............
---- item 1: map is 0.67657, precision@k is 0.18182, mrr is 1.00000
---- item 51: map is 0.34909, precision@k is 0.09091, mrr is 1.00000
---- item 101: map is 0.38739, precision@k is 0.09091, mrr is 1.00000
---- item 151: map is 0.42120, precision@k is 0.18182, mrr is 1.00000
---- item 201: map is 0.59091, precision@k is 0.09091, mrr is 1.00000
---- item 251: map is 0.51852, precision@k is 0.09091, mrr is 1.00000
---- item 301: map is 0.43114, precision@k is 0.18182, mrr is 1.00000
---- item 351: map is 0.51449, precision@k is 0.09091, mrr is 1.00000
---- item 401: map is 0.35022, precision@k is 0.09091, mrr is 1.00000
---- item 451: map is 0.23158, precision@k is 0.09091, mrr is 1.00000
---- item 501: map is 0.01250, precision@k is 0.00000, mrr is 0.01250
---- item 551: map is 0.00418, precision@k is 0.00000, mrr is 0.00257
---- item 601: map is 0.01506, precision@k is 0.00000, mrr is 0.01563
---- item 651: map is 0.18328, precision@k is 0.09091, mrr is 0.50000
---- item 701: map is 0.25909, precision@k is 0.18182, mrr is 1.00000
[Stat]LDA_User model, Interpolation mode item tagging: Precision@K is 0.15383, MAP is: 0.34340, MRR is: 0.77678, in top 10 tags
266 users are loaded from /home/ll5fy/TUIR/dataset/yelp/byUser_70k_review/5foldsCVColdstart/2/...
260 users are loaded from /home/ll5fy/TUIR/dataset/yelp/byUser_70k_review/5foldsCVColdstart/0/...
244 users are loaded from /home/ll5fy/TUIR/dataset/yelp/byUser_70k_review/5foldsCVColdstart/1/...
264 users are loaded from /home/ll5fy/TUIR/dataset/yelp/byUser_70k_review/5foldsCVColdstart/3/...
256 users are loaded from /home/ll5fy/TUIR/dataset/yelp/byUser_70k_review/5foldsCVColdstart/4/...
[Info]Finish loading 702 items' weights in total 156639 items!
[Info]Begin tagging 702 items with LDA_User Interpolation............
---- item 1: map is 0.34766, precision@k is 0.09091, mrr is 1.00000
---- item 51: map is 0.03928, precision@k is 0.00000, mrr is 0.05263
---- item 101: map is 0.00615, precision@k is 0.00000, mrr is 0.00518
---- item 151: map is 0.30780, precision@k is 0.18182, mrr is 0.50000
---- item 201: map is 0.19463, precision@k is 0.09091, mrr is 1.00000
---- item 251: map is 0.08707, precision@k is 0.09091, mrr is 0.33333
---- item 301: map is 0.35565, precision@k is 0.09091, mrr is 1.00000
---- item 351: map is 0.38487, precision@k is 0.09091, mrr is 1.00000
---- item 401: map is 0.28785, precision@k is 0.18182, mrr is 1.00000
---- item 451: map is 0.59943, precision@k is 0.27273, mrr is 1.00000
---- item 501: map is 0.03431, precision@k is 0.00000, mrr is 0.03846
---- item 551: map is 0.30029, precision@k is 0.09091, mrr is 1.00000
---- item 601: map is 0.14839, precision@k is 0.18182, mrr is 0.25000
---- item 651: map is 0.23846, precision@k is 0.18182, mrr is 0.50000
---- item 701: map is 0.54545, precision@k is 0.09091, mrr is 1.00000
[Stat]LDA_User model, Interpolation mode item tagging: Precision@K is 0.15954, MAP is: 0.34264, MRR is: 0.74709, in top 10 tags
264 users are loaded from /home/ll5fy/TUIR/dataset/yelp/byUser_70k_review/5foldsCVColdstart/3/...
260 users are loaded from /home/ll5fy/TUIR/dataset/yelp/byUser_70k_review/5foldsCVColdstart/0/...
244 users are loaded from /home/ll5fy/TUIR/dataset/yelp/byUser_70k_review/5foldsCVColdstart/1/...
266 users are loaded from /home/ll5fy/TUIR/dataset/yelp/byUser_70k_review/5foldsCVColdstart/2/...
256 users are loaded from /home/ll5fy/TUIR/dataset/yelp/byUser_70k_review/5foldsCVColdstart/4/...
[Info]Finish loading 717 items' weights in total 156639 items!
[Info]Begin tagging 717 items with LDA_User Interpolation............
---- item 1: map is 0.67657, precision@k is 0.18182, mrr is 1.00000
---- item 51: map is 0.37751, precision@k is 0.09091, mrr is 1.00000
---- item 101: map is 0.19167, precision@k is 0.09091, mrr is 0.33333
---- item 151: map is 0.25714, precision@k is 0.09091, mrr is 0.50000
---- item 201: map is 0.04114, precision@k is 0.00000, mrr is 0.05263
---- item 251: map is 0.25225, precision@k is 0.09091, mrr is 0.50000
---- item 301: map is 0.31343, precision@k is 0.09091, mrr is 1.00000
---- item 351: map is 0.01875, precision@k is 0.00000, mrr is 0.01667
---- item 401: map is 0.00681, precision@k is 0.00000, mrr is 0.00599
---- item 451: map is 0.51075, precision@k is 0.09091, mrr is 1.00000
---- item 501: map is 1.00000, precision@k is 1.00000, mrr is 1.00000
---- item 551: map is 0.50446, precision@k is 0.18182, mrr is 1.00000
---- item 601: map is 0.34133, precision@k is 0.09091, mrr is 1.00000
---- item 651: map is 0.04592, precision@k is 0.00000, mrr is 0.08333
---- item 701: map is 0.02083, precision@k is 0.00000, mrr is 0.01176
[Stat]LDA_User model, Interpolation mode item tagging: Precision@K is 0.17716, MAP is: 0.36125, MRR is: 0.76839, in top 10 tags
256 users are loaded from /home/ll5fy/TUIR/dataset/yelp/byUser_70k_review/5foldsCVColdstart/4/...
260 users are loaded from /home/ll5fy/TUIR/dataset/yelp/byUser_70k_review/5foldsCVColdstart/0/...
244 users are loaded from /home/ll5fy/TUIR/dataset/yelp/byUser_70k_review/5foldsCVColdstart/1/...
266 users are loaded from /home/ll5fy/TUIR/dataset/yelp/byUser_70k_review/5foldsCVColdstart/2/...
264 users are loaded from /home/ll5fy/TUIR/dataset/yelp/byUser_70k_review/5foldsCVColdstart/3/...
[Info]Finish loading 726 items' weights in total 156639 items!
[Info]Begin tagging 726 items with LDA_User Interpolation............
---- item 1: map is 0.67376, precision@k is 0.18182, mrr is 1.00000
---- item 51: map is 0.22333, precision@k is 0.09091, mrr is 1.00000
---- item 101: map is 0.35508, precision@k is 0.09091, mrr is 1.00000
---- item 151: map is 0.34848, precision@k is 0.09091, mrr is 1.00000
---- item 201: map is 1.00000, precision@k is 1.00000, mrr is 1.00000
---- item 251: map is 0.34855, precision@k is 0.09091, mrr is 1.00000
---- item 301: map is 0.43112, precision@k is 0.18182, mrr is 1.00000
---- item 351: map is 0.04348, precision@k is 0.00000, mrr is 0.04348
---- item 401: map is 0.35614, precision@k is 0.09091, mrr is 1.00000
---- item 451: map is 0.19276, precision@k is 0.09091, mrr is 0.50000
---- item 501: map is 0.53048, precision@k is 0.18182, mrr is 1.00000
---- item 551: map is 0.51796, precision@k is 0.18182, mrr is 1.00000
---- item 601: map is 0.52211, precision@k is 0.18182, mrr is 1.00000
---- item 651: map is 0.51613, precision@k is 0.18182, mrr is 1.00000
---- item 701: map is 0.50723, precision@k is 0.18182, mrr is 1.00000
[Stat]LDA_User model, Interpolation mode item tagging: Precision@K is 0.17674, MAP is: 0.36582, MRR is: 0.77807, in top 10 tags

[Stat]Running time (seconds) 304.50300
[Stat]MAP 0.310+/-0.087
[Stat]MRR 0.671+/-0.193
[Stat]Precision 0.155+/-0.025
