Load 6134 2-gram new features from /home/ll5fy/TUIR/dataset/yelp/yelp_features.txt...
Load 6134 2-gram new features from /home/ll5fy/TUIR/dataset/yelp/yelp_features.txt...
[Info]Start FIXED cross validation...
[Info]Load 553 tags, with 6134 features.
260 users are loaded from /home/ll5fy/TUIR/dataset/yelp/byUser_70k_review/5foldsCVColdstart/0/...
244 users are loaded from /home/ll5fy/TUIR/dataset/yelp/byUser_70k_review/5foldsCVColdstart/1/...
266 users are loaded from /home/ll5fy/TUIR/dataset/yelp/byUser_70k_review/5foldsCVColdstart/2/...
264 users are loaded from /home/ll5fy/TUIR/dataset/yelp/byUser_70k_review/5foldsCVColdstart/3/...
256 users are loaded from /home/ll5fy/TUIR/dataset/yelp/byUser_70k_review/5foldsCVColdstart/4/...
[Info]Finish loading 722 items' weights in total 156639 items!
[Info]Begin tagging 722 items with LDA_Item Embed............
---- item 1: map is 0.10442, precision@k is 0.09091, mrr is 0.25000
---- item 51: map is 0.12683, precision@k is 0.09091, mrr is 0.25000
---- item 101: map is 0.12929, precision@k is 0.09091, mrr is 0.25000
---- item 151: map is 0.10887, precision@k is 0.09091, mrr is 0.25000
---- item 201: map is 0.08094, precision@k is 0.09091, mrr is 0.25000
---- item 251: map is 0.14881, precision@k is 0.09091, mrr is 0.25000
---- item 301: map is 0.09422, precision@k is 0.09091, mrr is 0.25000
---- item 351: map is 0.07955, precision@k is 0.09091, mrr is 0.25000
---- item 401: map is 0.07858, precision@k is 0.09091, mrr is 0.25000
---- item 451: map is 0.07608, precision@k is 0.09091, mrr is 0.25000
---- item 501: map is 0.08872, precision@k is 0.09091, mrr is 0.25000
---- item 551: map is 0.08901, precision@k is 0.09091, mrr is 0.25000
---- item 601: map is 0.13171, precision@k is 0.09091, mrr is 0.25000
---- item 651: map is 0.27752, precision@k is 0.18182, mrr is 0.50000
---- item 701: map is 0.12907, precision@k is 0.09091, mrr is 0.25000
[Stat]LDA_Item model, Embed mode item tagging: Precision@K is 0.09013, MAP is: 0.10316, MRR is: 0.23185, in top 10 tags
244 users are loaded from /home/ll5fy/TUIR/dataset/yelp/byUser_70k_review/5foldsCVColdstart/1/...
260 users are loaded from /home/ll5fy/TUIR/dataset/yelp/byUser_70k_review/5foldsCVColdstart/0/...
266 users are loaded from /home/ll5fy/TUIR/dataset/yelp/byUser_70k_review/5foldsCVColdstart/2/...
264 users are loaded from /home/ll5fy/TUIR/dataset/yelp/byUser_70k_review/5foldsCVColdstart/3/...
256 users are loaded from /home/ll5fy/TUIR/dataset/yelp/byUser_70k_review/5foldsCVColdstart/4/...
[Info]Finish loading 732 items' weights in total 156639 items!
[Info]Begin tagging 732 items with LDA_Item Embed............
---- item 1: map is 0.37963, precision@k is 0.09091, mrr is 1.00000
---- item 51: map is 0.34043, precision@k is 0.09091, mrr is 1.00000
---- item 101: map is 0.38057, precision@k is 0.09091, mrr is 1.00000
---- item 151: map is 0.25618, precision@k is 0.09091, mrr is 1.00000
---- item 201: map is 0.51852, precision@k is 0.09091, mrr is 1.00000
---- item 251: map is 0.54167, precision@k is 0.09091, mrr is 1.00000
---- item 301: map is 0.07184, precision@k is 0.09091, mrr is 0.14286
---- item 351: map is 0.50971, precision@k is 0.09091, mrr is 1.00000
---- item 401: map is 0.34647, precision@k is 0.09091, mrr is 1.00000
---- item 451: map is 0.02513, precision@k is 0.00000, mrr is 0.02564
---- item 501: map is 0.00794, precision@k is 0.00000, mrr is 0.00794
---- item 551: map is 0.00436, precision@k is 0.00000, mrr is 0.00272
---- item 601: map is 0.01793, precision@k is 0.00000, mrr is 0.02564
---- item 651: map is 0.34562, precision@k is 0.09091, mrr is 1.00000
---- item 701: map is 0.23453, precision@k is 0.09091, mrr is 1.00000
[Stat]LDA_Item model, Embed mode item tagging: Precision@K is 0.09633, MAP is: 0.29422, MRR is: 0.77155, in top 10 tags
266 users are loaded from /home/ll5fy/TUIR/dataset/yelp/byUser_70k_review/5foldsCVColdstart/2/...
260 users are loaded from /home/ll5fy/TUIR/dataset/yelp/byUser_70k_review/5foldsCVColdstart/0/...
244 users are loaded from /home/ll5fy/TUIR/dataset/yelp/byUser_70k_review/5foldsCVColdstart/1/...
264 users are loaded from /home/ll5fy/TUIR/dataset/yelp/byUser_70k_review/5foldsCVColdstart/3/...
256 users are loaded from /home/ll5fy/TUIR/dataset/yelp/byUser_70k_review/5foldsCVColdstart/4/...
[Info]Finish loading 702 items' weights in total 156639 items!
[Info]Begin tagging 702 items with LDA_Item Embed............
---- item 1: map is 0.35427, precision@k is 0.09091, mrr is 1.00000
---- item 51: map is 0.02371, precision@k is 0.00000, mrr is 0.01515
---- item 101: map is 0.00531, precision@k is 0.00000, mrr is 0.00500
---- item 151: map is 0.27956, precision@k is 0.09091, mrr is 1.00000
---- item 201: map is 0.19376, precision@k is 0.09091, mrr is 1.00000
---- item 251: map is 0.02635, precision@k is 0.00000, mrr is 0.01515
---- item 301: map is 0.37063, precision@k is 0.09091, mrr is 1.00000
---- item 351: map is 0.38853, precision@k is 0.09091, mrr is 1.00000
---- item 401: map is 0.23829, precision@k is 0.09091, mrr is 1.00000
---- item 451: map is 0.32000, precision@k is 0.18182, mrr is 1.00000
---- item 501: map is 0.02371, precision@k is 0.00000, mrr is 0.01515
---- item 551: map is 0.29511, precision@k is 0.09091, mrr is 1.00000
---- item 601: map is 0.02371, precision@k is 0.00000, mrr is 0.01515
---- item 651: map is 0.09085, precision@k is 0.09091, mrr is 0.25000
---- item 701: map is 0.54167, precision@k is 0.09091, mrr is 1.00000
[Stat]LDA_Item model, Embed mode item tagging: Precision@K is 0.09171, MAP is: 0.28979, MRR is: 0.76122, in top 10 tags
264 users are loaded from /home/ll5fy/TUIR/dataset/yelp/byUser_70k_review/5foldsCVColdstart/3/...
260 users are loaded from /home/ll5fy/TUIR/dataset/yelp/byUser_70k_review/5foldsCVColdstart/0/...
244 users are loaded from /home/ll5fy/TUIR/dataset/yelp/byUser_70k_review/5foldsCVColdstart/1/...
266 users are loaded from /home/ll5fy/TUIR/dataset/yelp/byUser_70k_review/5foldsCVColdstart/2/...
256 users are loaded from /home/ll5fy/TUIR/dataset/yelp/byUser_70k_review/5foldsCVColdstart/4/...
[Info]Finish loading 717 items' weights in total 156639 items!
[Info]Begin tagging 717 items with LDA_Item Embed............
---- item 1: map is 0.39850, precision@k is 0.09091, mrr is 1.00000
---- item 51: map is 0.34114, precision@k is 0.09091, mrr is 1.00000
---- item 101: map is 0.51099, precision@k is 0.09091, mrr is 1.00000
---- item 151: map is 0.50694, precision@k is 0.09091, mrr is 1.00000
---- item 201: map is 0.02542, precision@k is 0.00000, mrr is 0.02174
---- item 251: map is 0.50286, precision@k is 0.09091, mrr is 1.00000
---- item 301: map is 0.30340, precision@k is 0.09091, mrr is 1.00000
---- item 351: map is 0.02349, precision@k is 0.00000, mrr is 0.03571
---- item 401: map is 0.00650, precision@k is 0.00000, mrr is 0.00490
---- item 451: map is 0.50962, precision@k is 0.09091, mrr is 1.00000
---- item 501: map is 1.00000, precision@k is 1.00000, mrr is 1.00000
---- item 551: map is 0.35689, precision@k is 0.09091, mrr is 1.00000
---- item 601: map is 0.34115, precision@k is 0.09091, mrr is 1.00000
---- item 651: map is 0.02542, precision@k is 0.00000, mrr is 0.02174
---- item 701: map is 0.01541, precision@k is 0.00000, mrr is 0.00870
[Stat]LDA_Item model, Embed mode item tagging: Precision@K is 0.09273, MAP is: 0.29490, MRR is: 0.77703, in top 10 tags
256 users are loaded from /home/ll5fy/TUIR/dataset/yelp/byUser_70k_review/5foldsCVColdstart/4/...
260 users are loaded from /home/ll5fy/TUIR/dataset/yelp/byUser_70k_review/5foldsCVColdstart/0/...
244 users are loaded from /home/ll5fy/TUIR/dataset/yelp/byUser_70k_review/5foldsCVColdstart/1/...
266 users are loaded from /home/ll5fy/TUIR/dataset/yelp/byUser_70k_review/5foldsCVColdstart/2/...
264 users are loaded from /home/ll5fy/TUIR/dataset/yelp/byUser_70k_review/5foldsCVColdstart/3/...
[Info]Finish loading 726 items' weights in total 156639 items!
[Info]Begin tagging 726 items with LDA_Item Embed............
---- item 1: map is 0.39414, precision@k is 0.09091, mrr is 1.00000
---- item 51: map is 0.23334, precision@k is 0.09091, mrr is 1.00000
---- item 101: map is 0.34691, precision@k is 0.09091, mrr is 1.00000
---- item 151: map is 0.34940, precision@k is 0.09091, mrr is 1.00000
---- item 201: map is 0.51613, precision@k is 0.09091, mrr is 1.00000
---- item 251: map is 0.34940, precision@k is 0.09091, mrr is 1.00000
---- item 301: map is 0.05193, precision@k is 0.09091, mrr is 0.11111
---- item 351: map is 0.00287, precision@k is 0.00000, mrr is 0.00287
---- item 401: map is 0.37158, precision@k is 0.09091, mrr is 1.00000
---- item 451: map is 0.36116, precision@k is 0.09091, mrr is 1.00000
---- item 501: map is 0.31299, precision@k is 0.09091, mrr is 1.00000
---- item 551: map is 0.28166, precision@k is 0.09091, mrr is 1.00000
---- item 601: map is 0.27574, precision@k is 0.09091, mrr is 1.00000
---- item 651: map is 0.39159, precision@k is 0.09091, mrr is 1.00000
---- item 701: map is 0.32103, precision@k is 0.18182, mrr is 1.00000
[Stat]LDA_Item model, Embed mode item tagging: Precision@K is 0.10552, MAP is: 0.29805, MRR is: 0.77332, in top 10 tags

[Stat]Running time (seconds) 30.04100
[Stat]MAP 0.256+/-0.076
[Stat]MRR 0.663+/-0.216
[Stat]Precision 0.095+/-0.006
