Load 6134 2-gram new features from /home/ll5fy/TUIR/dataset/yelp/yelp_features.txt...
Load 6134 2-gram new features from /home/ll5fy/TUIR/dataset/yelp/yelp_features.txt...
[Info]Start FIXED cross validation...
[Info]Load 553 tags, with 6134 features.
260 users are loaded from /home/ll5fy/TUIR/dataset/yelp/byUser_70k_review/5foldsCVColdstart/0/...
244 users are loaded from /home/ll5fy/TUIR/dataset/yelp/byUser_70k_review/5foldsCVColdstart/1/...
266 users are loaded from /home/ll5fy/TUIR/dataset/yelp/byUser_70k_review/5foldsCVColdstart/2/...
264 users are loaded from /home/ll5fy/TUIR/dataset/yelp/byUser_70k_review/5foldsCVColdstart/3/...
256 users are loaded from /home/ll5fy/TUIR/dataset/yelp/byUser_70k_review/5foldsCVColdstart/4/...
[Info]Finish loading 861 items' weights in total 156639 items!
[Info]Begin tagging 861 items with ETBIR_Item Interpolation............
---- item 1: map is 0.37047, precision@k is 0.09091, mrr is 1.00000
---- item 51: map is 0.52862, precision@k is 0.18182, mrr is 1.00000
---- item 101: map is 0.83333, precision@k is 0.66667, mrr is 1.00000
---- item 151: map is 0.19467, precision@k is 0.09091, mrr is 0.50000
---- item 201: map is 0.34423, precision@k is 0.09091, mrr is 1.00000
---- item 251: map is 0.13636, precision@k is 0.09091, mrr is 0.25000
---- item 301: map is 0.50451, precision@k is 0.18182, mrr is 1.00000
---- item 351: map is 0.52941, precision@k is 0.09091, mrr is 1.00000
---- item 401: map is 0.13301, precision@k is 0.09091, mrr is 0.50000
---- item 451: map is 0.59903, precision@k is 0.18182, mrr is 1.00000
---- item 501: map is 0.34893, precision@k is 0.09091, mrr is 1.00000
---- item 551: map is 0.83333, precision@k is 0.66667, mrr is 1.00000
---- item 601: map is 0.02660, precision@k is 0.00000, mrr is 0.01818
---- item 651: map is 0.02297, precision@k is 0.00000, mrr is 0.03125
---- item 701: map is 0.34280, precision@k is 0.09091, mrr is 1.00000
---- item 751: map is 0.00455, precision@k is 0.00000, mrr is 0.00331
---- item 801: map is 0.35384, precision@k is 0.09091, mrr is 1.00000
---- item 851: map is 0.07346, precision@k is 0.09091, mrr is 0.25000
[Stat]ETBIR_Item model, Interpolation mode item tagging: Precision@K is 0.19975, MAP is: 0.36578, MRR is: 0.72479, in top 10 tags
244 users are loaded from /home/ll5fy/TUIR/dataset/yelp/byUser_70k_review/5foldsCVColdstart/1/...
260 users are loaded from /home/ll5fy/TUIR/dataset/yelp/byUser_70k_review/5foldsCVColdstart/0/...
266 users are loaded from /home/ll5fy/TUIR/dataset/yelp/byUser_70k_review/5foldsCVColdstart/2/...
264 users are loaded from /home/ll5fy/TUIR/dataset/yelp/byUser_70k_review/5foldsCVColdstart/3/...
256 users are loaded from /home/ll5fy/TUIR/dataset/yelp/byUser_70k_review/5foldsCVColdstart/4/...
[Info]Finish loading 861 items' weights in total 156639 items!
[Info]Begin tagging 861 items with ETBIR_Item Interpolation............
---- item 1: map is 0.36557, precision@k is 0.09091, mrr is 1.00000
---- item 51: map is 0.40429, precision@k is 0.18182, mrr is 1.00000
---- item 101: map is 0.83333, precision@k is 0.66667, mrr is 1.00000
---- item 151: map is 0.20602, precision@k is 0.09091, mrr is 0.50000
---- item 201: map is 0.34210, precision@k is 0.09091, mrr is 1.00000
---- item 251: map is 0.15625, precision@k is 0.09091, mrr is 0.25000
---- item 301: map is 0.50488, precision@k is 0.18182, mrr is 1.00000
---- item 351: map is 0.56250, precision@k is 0.09091, mrr is 1.00000
---- item 401: map is 0.28078, precision@k is 0.27273, mrr is 0.50000
---- item 451: map is 0.61111, precision@k is 0.18182, mrr is 1.00000
---- item 501: map is 0.34785, precision@k is 0.09091, mrr is 1.00000
---- item 551: map is 0.75000, precision@k is 0.50000, mrr is 1.00000
---- item 601: map is 0.43861, precision@k is 0.18182, mrr is 1.00000
---- item 651: map is 0.03490, precision@k is 0.00000, mrr is 0.08333
---- item 701: map is 0.17678, precision@k is 0.09091, mrr is 0.50000
---- item 751: map is 0.00440, precision@k is 0.00000, mrr is 0.00288
---- item 801: map is 0.37807, precision@k is 0.09091, mrr is 1.00000
---- item 851: map is 0.10128, precision@k is 0.09091, mrr is 0.33333
[Stat]ETBIR_Item model, Interpolation mode item tagging: Precision@K is 0.21730, MAP is: 0.37408, MRR is: 0.69235, in top 10 tags
266 users are loaded from /home/ll5fy/TUIR/dataset/yelp/byUser_70k_review/5foldsCVColdstart/2/...
260 users are loaded from /home/ll5fy/TUIR/dataset/yelp/byUser_70k_review/5foldsCVColdstart/0/...
244 users are loaded from /home/ll5fy/TUIR/dataset/yelp/byUser_70k_review/5foldsCVColdstart/1/...
264 users are loaded from /home/ll5fy/TUIR/dataset/yelp/byUser_70k_review/5foldsCVColdstart/3/...
256 users are loaded from /home/ll5fy/TUIR/dataset/yelp/byUser_70k_review/5foldsCVColdstart/4/...
[Info]Finish loading 861 items' weights in total 156639 items!
[Info]Begin tagging 861 items with ETBIR_Item Interpolation............
---- item 1: map is 0.55760, precision@k is 0.18182, mrr is 1.00000
---- item 51: map is 0.35825, precision@k is 0.18182, mrr is 1.00000
---- item 101: map is 0.75000, precision@k is 0.50000, mrr is 1.00000
---- item 151: map is 0.14586, precision@k is 0.09091, mrr is 0.33333
---- item 201: map is 0.34401, precision@k is 0.09091, mrr is 1.00000
---- item 251: map is 0.17045, precision@k is 0.09091, mrr is 0.25000
---- item 301: map is 0.50503, precision@k is 0.18182, mrr is 1.00000
---- item 351: map is 0.59091, precision@k is 0.09091, mrr is 1.00000
---- item 401: map is 0.33812, precision@k is 0.27273, mrr is 0.50000
---- item 451: map is 0.60556, precision@k is 0.18182, mrr is 1.00000
---- item 501: map is 0.34760, precision@k is 0.09091, mrr is 1.00000
---- item 551: map is 0.75000, precision@k is 0.50000, mrr is 1.00000
---- item 601: map is 0.43884, precision@k is 0.18182, mrr is 1.00000
---- item 651: map is 0.03266, precision@k is 0.00000, mrr is 0.07143
---- item 701: map is 0.17518, precision@k is 0.09091, mrr is 0.50000
---- item 751: map is 0.00462, precision@k is 0.00000, mrr is 0.00310
---- item 801: map is 0.40031, precision@k is 0.09091, mrr is 1.00000
---- item 851: map is 0.11320, precision@k is 0.09091, mrr is 0.33333
[Stat]ETBIR_Item model, Interpolation mode item tagging: Precision@K is 0.22210, MAP is: 0.37040, MRR is: 0.67097, in top 10 tags
264 users are loaded from /home/ll5fy/TUIR/dataset/yelp/byUser_70k_review/5foldsCVColdstart/3/...
260 users are loaded from /home/ll5fy/TUIR/dataset/yelp/byUser_70k_review/5foldsCVColdstart/0/...
244 users are loaded from /home/ll5fy/TUIR/dataset/yelp/byUser_70k_review/5foldsCVColdstart/1/...
266 users are loaded from /home/ll5fy/TUIR/dataset/yelp/byUser_70k_review/5foldsCVColdstart/2/...
256 users are loaded from /home/ll5fy/TUIR/dataset/yelp/byUser_70k_review/5foldsCVColdstart/4/...
[Info]Finish loading 861 items' weights in total 156639 items!
[Info]Begin tagging 861 items with ETBIR_Item Interpolation............
---- item 1: map is 0.55760, precision@k is 0.18182, mrr is 1.00000
---- item 51: map is 0.37987, precision@k is 0.18182, mrr is 1.00000
---- item 101: map is 0.75000, precision@k is 0.50000, mrr is 1.00000
---- item 151: map is 0.18200, precision@k is 0.09091, mrr is 0.33333
---- item 201: map is 0.34443, precision@k is 0.09091, mrr is 1.00000
---- item 251: map is 0.27381, precision@k is 0.09091, mrr is 0.50000
---- item 301: map is 0.50436, precision@k is 0.18182, mrr is 1.00000
---- item 351: map is 0.75000, precision@k is 0.50000, mrr is 1.00000
---- item 401: map is 0.35086, precision@k is 0.27273, mrr is 0.50000
---- item 451: map is 0.45296, precision@k is 0.18182, mrr is 1.00000
---- item 501: map is 0.34578, precision@k is 0.09091, mrr is 1.00000
---- item 551: map is 0.75000, precision@k is 0.50000, mrr is 1.00000
---- item 601: map is 0.43713, precision@k is 0.18182, mrr is 1.00000
---- item 651: map is 0.03140, precision@k is 0.00000, mrr is 0.05556
---- item 701: map is 0.17586, precision@k is 0.09091, mrr is 0.50000
---- item 751: map is 0.00454, precision@k is 0.00000, mrr is 0.00303
---- item 801: map is 0.41588, precision@k is 0.18182, mrr is 1.00000
---- item 851: map is 0.10992, precision@k is 0.09091, mrr is 0.33333
[Stat]ETBIR_Item model, Interpolation mode item tagging: Precision@K is 0.22618, MAP is: 0.37003, MRR is: 0.66472, in top 10 tags
256 users are loaded from /home/ll5fy/TUIR/dataset/yelp/byUser_70k_review/5foldsCVColdstart/4/...
260 users are loaded from /home/ll5fy/TUIR/dataset/yelp/byUser_70k_review/5foldsCVColdstart/0/...
244 users are loaded from /home/ll5fy/TUIR/dataset/yelp/byUser_70k_review/5foldsCVColdstart/1/...
266 users are loaded from /home/ll5fy/TUIR/dataset/yelp/byUser_70k_review/5foldsCVColdstart/2/...
264 users are loaded from /home/ll5fy/TUIR/dataset/yelp/byUser_70k_review/5foldsCVColdstart/3/...
[Info]Finish loading 861 items' weights in total 156639 items!
[Info]Begin tagging 861 items with ETBIR_Item Interpolation............
---- item 1: map is 0.73333, precision@k is 0.66667, mrr is 1.00000
---- item 51: map is 0.38459, precision@k is 0.18182, mrr is 1.00000
---- item 101: map is 0.75000, precision@k is 0.50000, mrr is 1.00000
---- item 151: map is 0.56560, precision@k is 0.27273, mrr is 1.00000
---- item 201: map is 0.34282, precision@k is 0.09091, mrr is 1.00000
---- item 251: map is 0.19643, precision@k is 0.09091, mrr is 0.25000
---- item 301: map is 0.50510, precision@k is 0.18182, mrr is 1.00000
---- item 351: map is 0.83333, precision@k is 0.66667, mrr is 1.00000
---- item 401: map is 0.35199, precision@k is 0.27273, mrr is 0.50000
---- item 451: map is 0.43758, precision@k is 0.18182, mrr is 1.00000
---- item 501: map is 0.34752, precision@k is 0.09091, mrr is 1.00000
---- item 551: map is 0.66667, precision@k is 0.33333, mrr is 1.00000
---- item 601: map is 0.43995, precision@k is 0.18182, mrr is 1.00000
---- item 651: map is 0.02943, precision@k is 0.00000, mrr is 0.05556
---- item 701: map is 0.17870, precision@k is 0.09091, mrr is 0.50000
---- item 751: map is 0.00433, precision@k is 0.00000, mrr is 0.00295
---- item 801: map is 0.40637, precision@k is 0.18182, mrr is 1.00000
---- item 851: map is 0.09762, precision@k is 0.09091, mrr is 0.25000
[Stat]ETBIR_Item model, Interpolation mode item tagging: Precision@K is 0.22980, MAP is: 0.37144, MRR is: 0.66193, in top 10 tags

[Stat]Running time (seconds) 370.69800
[Stat]MAP 0.370+/-0.003
[Stat]MRR 0.683+/-0.023
[Stat]Precision 0.219+/-0.010
