Load 6134 2-gram new features from /home/ll5fy/TUIR/dataset/yelp/yelp_features.txt...
Load 6134 2-gram new features from /home/ll5fy/TUIR/dataset/yelp/yelp_features.txt...
[Info]Start FIXED cross validation...
[Info]Load 553 tags, with 6134 features.
260 users are loaded from /home/ll5fy/TUIR/dataset/yelp/byUser_70k_review/5foldsCVColdstart/0/...
244 users are loaded from /home/ll5fy/TUIR/dataset/yelp/byUser_70k_review/5foldsCVColdstart/1/...
266 users are loaded from /home/ll5fy/TUIR/dataset/yelp/byUser_70k_review/5foldsCVColdstart/2/...
264 users are loaded from /home/ll5fy/TUIR/dataset/yelp/byUser_70k_review/5foldsCVColdstart/3/...
256 users are loaded from /home/ll5fy/TUIR/dataset/yelp/byUser_70k_review/5foldsCVColdstart/4/...
[Info]Finish loading 861 items' weights in total 156639 items!
[Info]Begin tagging 861 items with ETBIR Interpolation............
---- item 1: map is 0.35447, precision@k is 0.09091, mrr is 1.00000
---- item 51: map is 0.54879, precision@k is 0.18182, mrr is 1.00000
---- item 101: map is 1.00000, precision@k is 1.00000, mrr is 1.00000
---- item 151: map is 0.21020, precision@k is 0.09091, mrr is 0.50000
---- item 201: map is 0.34598, precision@k is 0.09091, mrr is 1.00000
---- item 251: map is 0.01804, precision@k is 0.00000, mrr is 0.02381
---- item 301: map is 0.50585, precision@k is 0.18182, mrr is 1.00000
---- item 351: map is 0.51515, precision@k is 0.09091, mrr is 1.00000
---- item 401: map is 0.12539, precision@k is 0.09091, mrr is 0.50000
---- item 451: map is 0.57881, precision@k is 0.18182, mrr is 1.00000
---- item 501: map is 0.34589, precision@k is 0.09091, mrr is 1.00000
---- item 551: map is 1.00000, precision@k is 1.00000, mrr is 1.00000
---- item 601: map is 0.02059, precision@k is 0.00000, mrr is 0.01613
---- item 651: map is 0.03508, precision@k is 0.00000, mrr is 0.08333
---- item 701: map is 0.34705, precision@k is 0.09091, mrr is 1.00000
---- item 751: map is 0.00439, precision@k is 0.00000, mrr is 0.00287
---- item 801: map is 0.35717, precision@k is 0.09091, mrr is 1.00000
---- item 851: map is 0.08162, precision@k is 0.09091, mrr is 0.25000
[Stat]ETBIR model, Interpolation mode item tagging: Precision@K is 0.19348, MAP is: 0.36486, MRR is: 0.74142, in top 10 tags
244 users are loaded from /home/ll5fy/TUIR/dataset/yelp/byUser_70k_review/5foldsCVColdstart/1/...
260 users are loaded from /home/ll5fy/TUIR/dataset/yelp/byUser_70k_review/5foldsCVColdstart/0/...
266 users are loaded from /home/ll5fy/TUIR/dataset/yelp/byUser_70k_review/5foldsCVColdstart/2/...
264 users are loaded from /home/ll5fy/TUIR/dataset/yelp/byUser_70k_review/5foldsCVColdstart/3/...
256 users are loaded from /home/ll5fy/TUIR/dataset/yelp/byUser_70k_review/5foldsCVColdstart/4/...
[Info]Finish loading 861 items' weights in total 156639 items!
[Info]Begin tagging 861 items with ETBIR Interpolation............
---- item 1: map is 0.35997, precision@k is 0.09091, mrr is 1.00000
---- item 51: map is 0.55342, precision@k is 0.18182, mrr is 1.00000
---- item 101: map is 0.83333, precision@k is 0.66667, mrr is 1.00000
---- item 151: map is 0.21266, precision@k is 0.09091, mrr is 0.50000
---- item 201: map is 0.34682, precision@k is 0.09091, mrr is 1.00000
---- item 251: map is 0.13355, precision@k is 0.09091, mrr is 0.25000
---- item 301: map is 0.50713, precision@k is 0.18182, mrr is 1.00000
---- item 351: map is 0.51754, precision@k is 0.09091, mrr is 1.00000
---- item 401: map is 0.22724, precision@k is 0.18182, mrr is 0.50000
---- item 451: map is 0.57778, precision@k is 0.18182, mrr is 1.00000
---- item 501: map is 0.34762, precision@k is 0.09091, mrr is 1.00000
---- item 551: map is 1.00000, precision@k is 1.00000, mrr is 1.00000
---- item 601: map is 0.43134, precision@k is 0.18182, mrr is 1.00000
---- item 651: map is 0.02948, precision@k is 0.00000, mrr is 0.05263
---- item 701: map is 0.17875, precision@k is 0.09091, mrr is 0.50000
---- item 751: map is 0.00433, precision@k is 0.00000, mrr is 0.00273
---- item 801: map is 0.37385, precision@k is 0.09091, mrr is 1.00000
---- item 851: map is 0.07957, precision@k is 0.09091, mrr is 0.25000
[Stat]ETBIR model, Interpolation mode item tagging: Precision@K is 0.21979, MAP is: 0.38109, MRR is: 0.71416, in top 10 tags
266 users are loaded from /home/ll5fy/TUIR/dataset/yelp/byUser_70k_review/5foldsCVColdstart/2/...
260 users are loaded from /home/ll5fy/TUIR/dataset/yelp/byUser_70k_review/5foldsCVColdstart/0/...
244 users are loaded from /home/ll5fy/TUIR/dataset/yelp/byUser_70k_review/5foldsCVColdstart/1/...
264 users are loaded from /home/ll5fy/TUIR/dataset/yelp/byUser_70k_review/5foldsCVColdstart/3/...
256 users are loaded from /home/ll5fy/TUIR/dataset/yelp/byUser_70k_review/5foldsCVColdstart/4/...
[Info]Finish loading 861 items' weights in total 156639 items!
[Info]Begin tagging 861 items with ETBIR Interpolation............
---- item 1: map is 0.40942, precision@k is 0.18182, mrr is 1.00000
---- item 51: map is 0.46992, precision@k is 0.18182, mrr is 1.00000
---- item 101: map is 0.83333, precision@k is 0.66667, mrr is 1.00000
---- item 151: map is 0.21944, precision@k is 0.09091, mrr is 0.50000
---- item 201: map is 0.34457, precision@k is 0.09091, mrr is 1.00000
---- item 251: map is 0.13705, precision@k is 0.09091, mrr is 0.25000
---- item 301: map is 0.50557, precision@k is 0.18182, mrr is 1.00000
---- item 351: map is 0.52381, precision@k is 0.09091, mrr is 1.00000
---- item 401: map is 0.31385, precision@k is 0.27273, mrr is 0.50000
---- item 451: map is 0.57937, precision@k is 0.18182, mrr is 1.00000
---- item 501: map is 0.34593, precision@k is 0.09091, mrr is 1.00000
---- item 551: map is 0.83333, precision@k is 0.66667, mrr is 1.00000
---- item 601: map is 0.43232, precision@k is 0.18182, mrr is 1.00000
---- item 651: map is 0.03074, precision@k is 0.00000, mrr is 0.07692
---- item 701: map is 0.17936, precision@k is 0.09091, mrr is 0.50000
---- item 751: map is 0.00442, precision@k is 0.00000, mrr is 0.00276
---- item 801: map is 0.37985, precision@k is 0.09091, mrr is 1.00000
---- item 851: map is 0.10766, precision@k is 0.09091, mrr is 0.33333
[Stat]ETBIR model, Interpolation mode item tagging: Precision@K is 0.21976, MAP is: 0.37702, MRR is: 0.69718, in top 10 tags
264 users are loaded from /home/ll5fy/TUIR/dataset/yelp/byUser_70k_review/5foldsCVColdstart/3/...
260 users are loaded from /home/ll5fy/TUIR/dataset/yelp/byUser_70k_review/5foldsCVColdstart/0/...
244 users are loaded from /home/ll5fy/TUIR/dataset/yelp/byUser_70k_review/5foldsCVColdstart/1/...
266 users are loaded from /home/ll5fy/TUIR/dataset/yelp/byUser_70k_review/5foldsCVColdstart/2/...
256 users are loaded from /home/ll5fy/TUIR/dataset/yelp/byUser_70k_review/5foldsCVColdstart/4/...
[Info]Finish loading 861 items' weights in total 156639 items!
[Info]Begin tagging 861 items with ETBIR Interpolation............
---- item 1: map is 0.50211, precision@k is 0.18182, mrr is 1.00000
---- item 51: map is 0.42083, precision@k is 0.18182, mrr is 1.00000
---- item 101: map is 0.83333, precision@k is 0.66667, mrr is 1.00000
---- item 151: map is 0.17648, precision@k is 0.09091, mrr is 0.33333
---- item 201: map is 0.34463, precision@k is 0.09091, mrr is 1.00000
---- item 251: map is 0.50787, precision@k is 0.09091, mrr is 1.00000
---- item 301: map is 0.50493, precision@k is 0.18182, mrr is 1.00000
---- item 351: map is 0.55882, precision@k is 0.09091, mrr is 1.00000
---- item 401: map is 0.34822, precision@k is 0.27273, mrr is 0.50000
---- item 451: map is 0.48391, precision@k is 0.18182, mrr is 1.00000
---- item 501: map is 0.34555, precision@k is 0.09091, mrr is 1.00000
---- item 551: map is 0.75000, precision@k is 0.50000, mrr is 1.00000
---- item 601: map is 0.43243, precision@k is 0.18182, mrr is 1.00000
---- item 651: map is 0.02908, precision@k is 0.00000, mrr is 0.06250
---- item 701: map is 0.17905, precision@k is 0.09091, mrr is 0.50000
---- item 751: map is 0.00421, precision@k is 0.00000, mrr is 0.00262
---- item 801: map is 0.38263, precision@k is 0.09091, mrr is 1.00000
---- item 851: map is 0.09958, precision@k is 0.09091, mrr is 0.33333
[Stat]ETBIR model, Interpolation mode item tagging: Precision@K is 0.22128, MAP is: 0.37574, MRR is: 0.68477, in top 10 tags
256 users are loaded from /home/ll5fy/TUIR/dataset/yelp/byUser_70k_review/5foldsCVColdstart/4/...
260 users are loaded from /home/ll5fy/TUIR/dataset/yelp/byUser_70k_review/5foldsCVColdstart/0/...
244 users are loaded from /home/ll5fy/TUIR/dataset/yelp/byUser_70k_review/5foldsCVColdstart/1/...
266 users are loaded from /home/ll5fy/TUIR/dataset/yelp/byUser_70k_review/5foldsCVColdstart/2/...
264 users are loaded from /home/ll5fy/TUIR/dataset/yelp/byUser_70k_review/5foldsCVColdstart/3/...
[Info]Finish loading 861 items' weights in total 156639 items!
[Info]Begin tagging 861 items with ETBIR Interpolation............
---- item 1: map is 0.66667, precision@k is 0.50000, mrr is 1.00000
---- item 51: map is 0.43766, precision@k is 0.18182, mrr is 1.00000
---- item 101: map is 0.83333, precision@k is 0.66667, mrr is 1.00000
---- item 151: map is 0.58170, precision@k is 0.27273, mrr is 1.00000
---- item 201: map is 0.34659, precision@k is 0.09091, mrr is 1.00000
---- item 251: map is 0.14224, precision@k is 0.09091, mrr is 0.25000
---- item 301: map is 0.50663, precision@k is 0.18182, mrr is 1.00000
---- item 351: map is 0.59091, precision@k is 0.09091, mrr is 1.00000
---- item 401: map is 0.34791, precision@k is 0.27273, mrr is 0.50000
---- item 451: map is 0.48667, precision@k is 0.18182, mrr is 1.00000
---- item 501: map is 0.34496, precision@k is 0.09091, mrr is 1.00000
---- item 551: map is 0.75000, precision@k is 0.50000, mrr is 1.00000
---- item 601: map is 0.43303, precision@k is 0.18182, mrr is 1.00000
---- item 651: map is 0.03208, precision@k is 0.00000, mrr is 0.07143
---- item 701: map is 0.18236, precision@k is 0.09091, mrr is 0.50000
---- item 751: map is 0.00428, precision@k is 0.00000, mrr is 0.00265
---- item 801: map is 0.39729, precision@k is 0.09091, mrr is 1.00000
---- item 851: map is 0.10292, precision@k is 0.09091, mrr is 0.33333
[Stat]ETBIR model, Interpolation mode item tagging: Precision@K is 0.22384, MAP is: 0.37630, MRR is: 0.67814, in top 10 tags

[Stat]Running time (seconds) 368.42400
[Stat]MAP 0.375+/-0.005
[Stat]MRR 0.703+/-0.023
[Stat]Precision 0.216+/-0.011
