Load 6134 2-gram new features from /home/ll5fy/TUIR/dataset/yelp/yelp_features.txt...
Load 6134 2-gram new features from /home/ll5fy/TUIR/dataset/yelp/yelp_features.txt...
[Info]Start FIXED cross validation...
[Info]Load 553 tags, with 6134 features.
260 users are loaded from /home/ll5fy/TUIR/dataset/yelp/byUser_70k_review/5foldsCVColdstart/0/...
244 users are loaded from /home/ll5fy/TUIR/dataset/yelp/byUser_70k_review/5foldsCVColdstart/1/...
266 users are loaded from /home/ll5fy/TUIR/dataset/yelp/byUser_70k_review/5foldsCVColdstart/2/...
264 users are loaded from /home/ll5fy/TUIR/dataset/yelp/byUser_70k_review/5foldsCVColdstart/3/...
256 users are loaded from /home/ll5fy/TUIR/dataset/yelp/byUser_70k_review/5foldsCVColdstart/4/...
[Info]Finish loading 722 items' weights in total 156639 items!
[Info]Begin tagging 722 items with LDA_Variational Interpolation............
---- item 1: map is 0.47053, precision@k is 0.18182, mrr is 1.00000
---- item 51: map is 0.25183, precision@k is 0.09091, mrr is 0.50000
---- item 101: map is 0.15833, precision@k is 0.09091, mrr is 0.25000
---- item 151: map is 0.10153, precision@k is 0.09091, mrr is 0.25000
---- item 201: map is 0.35611, precision@k is 0.18182, mrr is 1.00000
---- item 251: map is 1.00000, precision@k is 1.00000, mrr is 1.00000
---- item 301: map is 0.08253, precision@k is 0.09091, mrr is 0.20000
---- item 351: map is 0.35612, precision@k is 0.18182, mrr is 1.00000
---- item 401: map is 0.34909, precision@k is 0.18182, mrr is 1.00000
---- item 451: map is 0.44922, precision@k is 0.18182, mrr is 1.00000
---- item 501: map is 0.08903, precision@k is 0.09091, mrr is 0.25000
---- item 551: map is 0.43160, precision@k is 0.18182, mrr is 1.00000
---- item 601: map is 0.22500, precision@k is 0.25000, mrr is 0.20000
---- item 651: map is 0.27318, precision@k is 0.18182, mrr is 0.50000
---- item 701: map is 0.45000, precision@k is 0.40000, mrr is 0.50000
[Stat]LDA_Variational model, Interpolation mode item tagging: Precision@K is 0.16389, MAP is: 0.25892, MRR is: 0.51741, in top 10 tags
244 users are loaded from /home/ll5fy/TUIR/dataset/yelp/byUser_70k_review/5foldsCVColdstart/1/...
260 users are loaded from /home/ll5fy/TUIR/dataset/yelp/byUser_70k_review/5foldsCVColdstart/0/...
266 users are loaded from /home/ll5fy/TUIR/dataset/yelp/byUser_70k_review/5foldsCVColdstart/2/...
264 users are loaded from /home/ll5fy/TUIR/dataset/yelp/byUser_70k_review/5foldsCVColdstart/3/...
256 users are loaded from /home/ll5fy/TUIR/dataset/yelp/byUser_70k_review/5foldsCVColdstart/4/...
[Info]Finish loading 732 items' weights in total 156639 items!
[Info]Begin tagging 732 items with LDA_Variational Interpolation............
---- item 1: map is 0.67552, precision@k is 0.18182, mrr is 1.00000
---- item 51: map is 0.38384, precision@k is 0.09091, mrr is 1.00000
---- item 101: map is 0.12344, precision@k is 0.09091, mrr is 0.25000
---- item 151: map is 0.42337, precision@k is 0.18182, mrr is 1.00000
---- item 201: map is 0.83333, precision@k is 0.66667, mrr is 1.00000
---- item 251: map is 0.27941, precision@k is 0.09091, mrr is 0.50000
---- item 301: map is 0.44727, precision@k is 0.18182, mrr is 1.00000
---- item 351: map is 0.26667, precision@k is 0.09091, mrr is 0.50000
---- item 401: map is 0.17964, precision@k is 0.09091, mrr is 0.50000
---- item 451: map is 0.26744, precision@k is 0.18182, mrr is 1.00000
---- item 501: map is 0.50000, precision@k is 0.50000, mrr is 0.50000
---- item 551: map is 0.00438, precision@k is 0.00000, mrr is 0.00275
---- item 601: map is 0.01723, precision@k is 0.00000, mrr is 0.01961
---- item 651: map is 0.19417, precision@k is 0.09091, mrr is 0.50000
---- item 701: map is 0.41634, precision@k is 0.18182, mrr is 1.00000
[Stat]LDA_Variational model, Interpolation mode item tagging: Precision@K is 0.21508, MAP is: 0.38279, MRR is: 0.72654, in top 10 tags
266 users are loaded from /home/ll5fy/TUIR/dataset/yelp/byUser_70k_review/5foldsCVColdstart/2/...
260 users are loaded from /home/ll5fy/TUIR/dataset/yelp/byUser_70k_review/5foldsCVColdstart/0/...
244 users are loaded from /home/ll5fy/TUIR/dataset/yelp/byUser_70k_review/5foldsCVColdstart/1/...
264 users are loaded from /home/ll5fy/TUIR/dataset/yelp/byUser_70k_review/5foldsCVColdstart/3/...
256 users are loaded from /home/ll5fy/TUIR/dataset/yelp/byUser_70k_review/5foldsCVColdstart/4/...
[Info]Finish loading 702 items' weights in total 156639 items!
[Info]Begin tagging 702 items with LDA_Variational Interpolation............
---- item 1: map is 0.38164, precision@k is 0.09091, mrr is 1.00000
---- item 51: map is 0.30515, precision@k is 0.27273, mrr is 0.50000
---- item 101: map is 0.50495, precision@k is 0.09091, mrr is 1.00000
---- item 151: map is 0.26853, precision@k is 0.18182, mrr is 0.50000
---- item 201: map is 0.19748, precision@k is 0.09091, mrr is 1.00000
---- item 251: map is 0.24683, precision@k is 0.27273, mrr is 0.50000
---- item 301: map is 0.12037, precision@k is 0.09091, mrr is 0.20000
---- item 351: map is 0.39593, precision@k is 0.09091, mrr is 1.00000
---- item 401: map is 0.39787, precision@k is 0.27273, mrr is 1.00000
---- item 451: map is 0.61195, precision@k is 0.27273, mrr is 1.00000
---- item 501: map is 0.33122, precision@k is 0.27273, mrr is 0.50000
---- item 551: map is 0.54372, precision@k is 0.27273, mrr is 1.00000
---- item 601: map is 0.28649, precision@k is 0.27273, mrr is 0.50000
---- item 651: map is 0.40478, precision@k is 0.18182, mrr is 1.00000
---- item 701: map is 0.41667, precision@k is 0.50000, mrr is 0.33333
[Stat]LDA_Variational model, Interpolation mode item tagging: Precision@K is 0.21044, MAP is: 0.36980, MRR is: 0.68362, in top 10 tags
264 users are loaded from /home/ll5fy/TUIR/dataset/yelp/byUser_70k_review/5foldsCVColdstart/3/...
260 users are loaded from /home/ll5fy/TUIR/dataset/yelp/byUser_70k_review/5foldsCVColdstart/0/...
244 users are loaded from /home/ll5fy/TUIR/dataset/yelp/byUser_70k_review/5foldsCVColdstart/1/...
266 users are loaded from /home/ll5fy/TUIR/dataset/yelp/byUser_70k_review/5foldsCVColdstart/2/...
256 users are loaded from /home/ll5fy/TUIR/dataset/yelp/byUser_70k_review/5foldsCVColdstart/4/...
[Info]Finish loading 717 items' weights in total 156639 items!
[Info]Begin tagging 717 items with LDA_Variational Interpolation............
---- item 1: map is 0.67677, precision@k is 0.18182, mrr is 1.00000
---- item 51: map is 0.44785, precision@k is 0.18182, mrr is 1.00000
---- item 101: map is 0.20833, precision@k is 0.09091, mrr is 0.25000
---- item 151: map is 0.09127, precision@k is 0.09091, mrr is 0.16667
---- item 201: map is 0.25104, precision@k is 0.18182, mrr is 0.50000
---- item 251: map is 0.16957, precision@k is 0.09091, mrr is 0.33333
---- item 301: map is 0.27945, precision@k is 0.18182, mrr is 0.33333
---- item 351: map is 0.02425, precision@k is 0.00000, mrr is 0.02439
---- item 401: map is 0.00657, precision@k is 0.00000, mrr is 0.00457
---- item 451: map is 0.52632, precision@k is 0.09091, mrr is 1.00000
---- item 501: map is 1.00000, precision@k is 1.00000, mrr is 1.00000
---- item 551: map is 0.67100, precision@k is 0.18182, mrr is 1.00000
---- item 601: map is 0.17509, precision@k is 0.09091, mrr is 0.50000
---- item 651: map is 0.26192, precision@k is 0.18182, mrr is 0.50000
---- item 701: map is 0.32631, precision@k is 0.18182, mrr is 1.00000
[Stat]LDA_Variational model, Interpolation mode item tagging: Precision@K is 0.22630, MAP is: 0.38796, MRR is: 0.70184, in top 10 tags
256 users are loaded from /home/ll5fy/TUIR/dataset/yelp/byUser_70k_review/5foldsCVColdstart/4/...
260 users are loaded from /home/ll5fy/TUIR/dataset/yelp/byUser_70k_review/5foldsCVColdstart/0/...
244 users are loaded from /home/ll5fy/TUIR/dataset/yelp/byUser_70k_review/5foldsCVColdstart/1/...
266 users are loaded from /home/ll5fy/TUIR/dataset/yelp/byUser_70k_review/5foldsCVColdstart/2/...
264 users are loaded from /home/ll5fy/TUIR/dataset/yelp/byUser_70k_review/5foldsCVColdstart/3/...
[Info]Finish loading 726 items' weights in total 156639 items!
[Info]Begin tagging 726 items with LDA_Variational Interpolation............
---- item 1: map is 0.68794, precision@k is 0.18182, mrr is 1.00000
---- item 51: map is 0.22924, precision@k is 0.09091, mrr is 1.00000
---- item 101: map is 0.51299, precision@k is 0.18182, mrr is 1.00000
---- item 151: map is 0.18154, precision@k is 0.09091, mrr is 0.50000
---- item 201: map is 0.83333, precision@k is 0.66667, mrr is 1.00000
---- item 251: map is 0.34821, precision@k is 0.09091, mrr is 1.00000
---- item 301: map is 0.41915, precision@k is 0.18182, mrr is 1.00000
---- item 351: map is 1.00000, precision@k is 1.00000, mrr is 1.00000
---- item 401: map is 0.37498, precision@k is 0.09091, mrr is 1.00000
---- item 451: map is 0.19394, precision@k is 0.09091, mrr is 0.50000
---- item 501: map is 0.58859, precision@k is 0.18182, mrr is 1.00000
---- item 551: map is 0.51243, precision@k is 0.27273, mrr is 1.00000
---- item 601: map is 0.41352, precision@k is 0.27273, mrr is 0.50000
---- item 651: map is 0.62500, precision@k is 0.37500, mrr is 1.00000
---- item 701: map is 0.50745, precision@k is 0.18182, mrr is 1.00000
[Stat]LDA_Variational model, Interpolation mode item tagging: Precision@K is 0.23191, MAP is: 0.38814, MRR is: 0.69433, in top 10 tags

[Stat]Running time (seconds) 307.99500
[Stat]MAP 0.358+/-0.050
[Stat]MRR 0.665+/-0.075
[Stat]Precision 0.210+/-0.024
