Load 6134 2-gram new features from /home/ll5fy/TUIR/dataset/yelp/yelp_features.txt...
Load 6134 2-gram new features from /home/ll5fy/TUIR/dataset/yelp/yelp_features.txt...
[Info]Start FIXED cross validation...
[Info]Load 553 tags, with 6134 features.
260 users are loaded from /home/ll5fy/TUIR/dataset/yelp/byUser_70k_review/5foldsCVColdstart/0/...
244 users are loaded from /home/ll5fy/TUIR/dataset/yelp/byUser_70k_review/5foldsCVColdstart/1/...
266 users are loaded from /home/ll5fy/TUIR/dataset/yelp/byUser_70k_review/5foldsCVColdstart/2/...
264 users are loaded from /home/ll5fy/TUIR/dataset/yelp/byUser_70k_review/5foldsCVColdstart/3/...
256 users are loaded from /home/ll5fy/TUIR/dataset/yelp/byUser_70k_review/5foldsCVColdstart/4/...
[Info]Finish loading 722 items' weights in total 156639 items!
[Info]Begin tagging 722 items with LDA_Variational Interpolation............
---- item 1: map is 0.45069, precision@k is 0.18182, mrr is 1.00000
---- item 51: map is 0.12690, precision@k is 0.09091, mrr is 0.25000
---- item 101: map is 0.10685, precision@k is 0.09091, mrr is 0.20000
---- item 151: map is 0.10443, precision@k is 0.09091, mrr is 0.20000
---- item 201: map is 0.34103, precision@k is 0.18182, mrr is 1.00000
---- item 251: map is 0.70000, precision@k is 0.40000, mrr is 1.00000
---- item 301: map is 0.08264, precision@k is 0.09091, mrr is 0.20000
---- item 351: map is 0.33992, precision@k is 0.18182, mrr is 1.00000
---- item 401: map is 0.07179, precision@k is 0.09091, mrr is 0.20000
---- item 451: map is 0.09834, precision@k is 0.09091, mrr is 0.25000
---- item 501: map is 0.07438, precision@k is 0.09091, mrr is 0.20000
---- item 551: map is 0.09093, precision@k is 0.09091, mrr is 0.25000
---- item 601: map is 0.11020, precision@k is 0.09091, mrr is 0.20000
---- item 651: map is 0.27113, precision@k is 0.18182, mrr is 0.50000
---- item 701: map is 0.10685, precision@k is 0.09091, mrr is 0.20000
[Stat]LDA_Variational model, Interpolation mode item tagging: Precision@K is 0.10416, MAP is: 0.13374, MRR is: 0.28029, in top 10 tags
244 users are loaded from /home/ll5fy/TUIR/dataset/yelp/byUser_70k_review/5foldsCVColdstart/1/...
260 users are loaded from /home/ll5fy/TUIR/dataset/yelp/byUser_70k_review/5foldsCVColdstart/0/...
266 users are loaded from /home/ll5fy/TUIR/dataset/yelp/byUser_70k_review/5foldsCVColdstart/2/...
264 users are loaded from /home/ll5fy/TUIR/dataset/yelp/byUser_70k_review/5foldsCVColdstart/3/...
256 users are loaded from /home/ll5fy/TUIR/dataset/yelp/byUser_70k_review/5foldsCVColdstart/4/...
[Info]Finish loading 732 items' weights in total 156639 items!
[Info]Begin tagging 732 items with LDA_Variational Interpolation............
---- item 1: map is 0.67619, precision@k is 0.18182, mrr is 1.00000
---- item 51: map is 0.34370, precision@k is 0.09091, mrr is 1.00000
---- item 101: map is 0.38362, precision@k is 0.09091, mrr is 1.00000
---- item 151: map is 0.42431, precision@k is 0.18182, mrr is 1.00000
---- item 201: map is 0.55882, precision@k is 0.09091, mrr is 1.00000
---- item 251: map is 0.52564, precision@k is 0.09091, mrr is 1.00000
---- item 301: map is 0.40279, precision@k is 0.18182, mrr is 1.00000
---- item 351: map is 0.51266, precision@k is 0.09091, mrr is 1.00000
---- item 401: map is 0.34565, precision@k is 0.09091, mrr is 1.00000
---- item 451: map is 0.23252, precision@k is 0.09091, mrr is 1.00000
---- item 501: map is 0.01282, precision@k is 0.00000, mrr is 0.01282
---- item 551: map is 0.00431, precision@k is 0.00000, mrr is 0.00277
---- item 601: map is 0.01472, precision@k is 0.00000, mrr is 0.02000
---- item 651: map is 0.18154, precision@k is 0.09091, mrr is 0.50000
---- item 701: map is 0.24949, precision@k is 0.09091, mrr is 1.00000
[Stat]LDA_Variational model, Interpolation mode item tagging: Precision@K is 0.15011, MAP is: 0.34163, MRR is: 0.77152, in top 10 tags
266 users are loaded from /home/ll5fy/TUIR/dataset/yelp/byUser_70k_review/5foldsCVColdstart/2/...
260 users are loaded from /home/ll5fy/TUIR/dataset/yelp/byUser_70k_review/5foldsCVColdstart/0/...
244 users are loaded from /home/ll5fy/TUIR/dataset/yelp/byUser_70k_review/5foldsCVColdstart/1/...
264 users are loaded from /home/ll5fy/TUIR/dataset/yelp/byUser_70k_review/5foldsCVColdstart/3/...
256 users are loaded from /home/ll5fy/TUIR/dataset/yelp/byUser_70k_review/5foldsCVColdstart/4/...
[Info]Finish loading 702 items' weights in total 156639 items!
[Info]Begin tagging 702 items with LDA_Variational Interpolation............
---- item 1: map is 0.35119, precision@k is 0.09091, mrr is 1.00000
---- item 51: map is 0.04748, precision@k is 0.00000, mrr is 0.07143
---- item 101: map is 0.00574, precision@k is 0.00000, mrr is 0.00552
---- item 151: map is 0.30912, precision@k is 0.18182, mrr is 0.50000
---- item 201: map is 0.21251, precision@k is 0.18182, mrr is 1.00000
---- item 251: map is 0.09388, precision@k is 0.09091, mrr is 0.33333
---- item 301: map is 0.36271, precision@k is 0.09091, mrr is 1.00000
---- item 351: map is 0.40220, precision@k is 0.09091, mrr is 1.00000
---- item 401: map is 0.38150, precision@k is 0.18182, mrr is 1.00000
---- item 451: map is 0.48577, precision@k is 0.27273, mrr is 1.00000
---- item 501: map is 0.04249, precision@k is 0.00000, mrr is 0.04762
---- item 551: map is 0.31684, precision@k is 0.18182, mrr is 1.00000
---- item 601: map is 0.16775, precision@k is 0.18182, mrr is 0.33333
---- item 651: map is 0.30543, precision@k is 0.18182, mrr is 0.50000
---- item 701: map is 0.31667, precision@k is 0.09091, mrr is 0.50000
[Stat]LDA_Variational model, Interpolation mode item tagging: Precision@K is 0.16562, MAP is: 0.34992, MRR is: 0.75559, in top 10 tags
264 users are loaded from /home/ll5fy/TUIR/dataset/yelp/byUser_70k_review/5foldsCVColdstart/3/...
260 users are loaded from /home/ll5fy/TUIR/dataset/yelp/byUser_70k_review/5foldsCVColdstart/0/...
244 users are loaded from /home/ll5fy/TUIR/dataset/yelp/byUser_70k_review/5foldsCVColdstart/1/...
266 users are loaded from /home/ll5fy/TUIR/dataset/yelp/byUser_70k_review/5foldsCVColdstart/2/...
256 users are loaded from /home/ll5fy/TUIR/dataset/yelp/byUser_70k_review/5foldsCVColdstart/4/...
[Info]Finish loading 717 items' weights in total 156639 items!
[Info]Begin tagging 717 items with LDA_Variational Interpolation............
---- item 1: map is 0.67514, precision@k is 0.18182, mrr is 1.00000
---- item 51: map is 0.34638, precision@k is 0.09091, mrr is 1.00000
---- item 101: map is 0.18794, precision@k is 0.09091, mrr is 0.33333
---- item 151: map is 0.25667, precision@k is 0.09091, mrr is 0.50000
---- item 201: map is 0.04209, precision@k is 0.00000, mrr is 0.05263
---- item 251: map is 0.25247, precision@k is 0.09091, mrr is 0.50000
---- item 301: map is 0.19738, precision@k is 0.18182, mrr is 0.50000
---- item 351: map is 0.01894, precision@k is 0.00000, mrr is 0.02083
---- item 401: map is 0.00691, precision@k is 0.00000, mrr is 0.00526
---- item 451: map is 0.50926, precision@k is 0.09091, mrr is 1.00000
---- item 501: map is 1.00000, precision@k is 1.00000, mrr is 1.00000
---- item 551: map is 0.50332, precision@k is 0.18182, mrr is 1.00000
---- item 601: map is 0.34111, precision@k is 0.09091, mrr is 1.00000
---- item 651: map is 0.04952, precision@k is 0.09091, mrr is 0.10000
---- item 701: map is 0.02078, precision@k is 0.00000, mrr is 0.01563
[Stat]LDA_Variational model, Interpolation mode item tagging: Precision@K is 0.17996, MAP is: 0.36683, MRR is: 0.77283, in top 10 tags
256 users are loaded from /home/ll5fy/TUIR/dataset/yelp/byUser_70k_review/5foldsCVColdstart/4/...
260 users are loaded from /home/ll5fy/TUIR/dataset/yelp/byUser_70k_review/5foldsCVColdstart/0/...
244 users are loaded from /home/ll5fy/TUIR/dataset/yelp/byUser_70k_review/5foldsCVColdstart/1/...
266 users are loaded from /home/ll5fy/TUIR/dataset/yelp/byUser_70k_review/5foldsCVColdstart/2/...
264 users are loaded from /home/ll5fy/TUIR/dataset/yelp/byUser_70k_review/5foldsCVColdstart/3/...
[Info]Finish loading 726 items' weights in total 156639 items!
[Info]Begin tagging 726 items with LDA_Variational Interpolation............
---- item 1: map is 0.67677, precision@k is 0.18182, mrr is 1.00000
---- item 51: map is 0.23649, precision@k is 0.09091, mrr is 1.00000
---- item 101: map is 0.38229, precision@k is 0.09091, mrr is 1.00000
---- item 151: map is 0.35059, precision@k is 0.09091, mrr is 1.00000
---- item 201: map is 1.00000, precision@k is 1.00000, mrr is 1.00000
---- item 251: map is 0.35059, precision@k is 0.09091, mrr is 1.00000
---- item 301: map is 0.41928, precision@k is 0.18182, mrr is 1.00000
---- item 351: map is 0.11111, precision@k is 0.11111, mrr is 0.11111
---- item 401: map is 0.37416, precision@k is 0.09091, mrr is 1.00000
---- item 451: map is 0.19207, precision@k is 0.09091, mrr is 0.50000
---- item 501: map is 0.52281, precision@k is 0.18182, mrr is 1.00000
---- item 551: map is 0.54137, precision@k is 0.18182, mrr is 1.00000
---- item 601: map is 0.32073, precision@k is 0.18182, mrr is 0.50000
---- item 651: map is 0.51190, precision@k is 0.18182, mrr is 1.00000
---- item 701: map is 0.50751, precision@k is 0.18182, mrr is 1.00000
[Stat]LDA_Variational model, Interpolation mode item tagging: Precision@K is 0.17954, MAP is: 0.36253, MRR is: 0.75981, in top 10 tags

[Stat]Running time (seconds) 310.30500
[Stat]MAP 0.311+/-0.089
[Stat]MRR 0.668+/-0.194
[Stat]Precision 0.156+/-0.028
