Load 6134 2-gram new features from /home/ll5fy/TUIR/dataset/yelp/yelp_features.txt...
Load 6134 2-gram new features from /home/ll5fy/TUIR/dataset/yelp/yelp_features.txt...
[Info]Start FIXED cross validation...
[Info]Load 553 tags, with 6134 features.
260 users are loaded from /home/ll5fy/TUIR/dataset/yelp/byUser_70k_review/5foldsCVColdstart/0/...
244 users are loaded from /home/ll5fy/TUIR/dataset/yelp/byUser_70k_review/5foldsCVColdstart/1/...
266 users are loaded from /home/ll5fy/TUIR/dataset/yelp/byUser_70k_review/5foldsCVColdstart/2/...
264 users are loaded from /home/ll5fy/TUIR/dataset/yelp/byUser_70k_review/5foldsCVColdstart/3/...
256 users are loaded from /home/ll5fy/TUIR/dataset/yelp/byUser_70k_review/5foldsCVColdstart/4/...
[Info]Finish loading 722 items' weights in total 156639 items!
[Info]Begin tagging 722 items with LDA_Variational Interpolation............
---- item 1: map is 0.44834, precision@k is 0.18182, mrr is 1.00000
---- item 51: map is 0.25182, precision@k is 0.09091, mrr is 0.50000
---- item 101: map is 0.14722, precision@k is 0.09091, mrr is 0.25000
---- item 151: map is 0.07825, precision@k is 0.09091, mrr is 0.20000
---- item 201: map is 0.33946, precision@k is 0.18182, mrr is 1.00000
---- item 251: map is 1.00000, precision@k is 1.00000, mrr is 1.00000
---- item 301: map is 0.06880, precision@k is 0.09091, mrr is 0.16667
---- item 351: map is 0.32676, precision@k is 0.18182, mrr is 1.00000
---- item 401: map is 0.34139, precision@k is 0.18182, mrr is 1.00000
---- item 451: map is 0.44078, precision@k is 0.18182, mrr is 1.00000
---- item 501: map is 0.08847, precision@k is 0.09091, mrr is 0.25000
---- item 551: map is 0.35290, precision@k is 0.09091, mrr is 1.00000
---- item 601: map is 0.70000, precision@k is 0.40000, mrr is 1.00000
---- item 651: map is 0.27530, precision@k is 0.18182, mrr is 0.50000
---- item 701: map is 0.24286, precision@k is 0.28571, mrr is 0.20000
[Stat]LDA_Variational model, Interpolation mode item tagging: Precision@K is 0.16150, MAP is: 0.25955, MRR is: 0.53124, in top 10 tags
244 users are loaded from /home/ll5fy/TUIR/dataset/yelp/byUser_70k_review/5foldsCVColdstart/1/...
260 users are loaded from /home/ll5fy/TUIR/dataset/yelp/byUser_70k_review/5foldsCVColdstart/0/...
266 users are loaded from /home/ll5fy/TUIR/dataset/yelp/byUser_70k_review/5foldsCVColdstart/2/...
264 users are loaded from /home/ll5fy/TUIR/dataset/yelp/byUser_70k_review/5foldsCVColdstart/3/...
256 users are loaded from /home/ll5fy/TUIR/dataset/yelp/byUser_70k_review/5foldsCVColdstart/4/...
[Info]Finish loading 732 items' weights in total 156639 items!
[Info]Begin tagging 732 items with LDA_Variational Interpolation............
---- item 1: map is 0.68590, precision@k is 0.18182, mrr is 1.00000
---- item 51: map is 0.37983, precision@k is 0.09091, mrr is 1.00000
---- item 101: map is 0.11674, precision@k is 0.09091, mrr is 0.25000
---- item 151: map is 0.45429, precision@k is 0.18182, mrr is 1.00000
---- item 201: map is 0.83333, precision@k is 0.66667, mrr is 1.00000
---- item 251: map is 0.30882, precision@k is 0.09091, mrr is 0.50000
---- item 301: map is 0.44703, precision@k is 0.18182, mrr is 1.00000
---- item 351: map is 0.26136, precision@k is 0.09091, mrr is 0.50000
---- item 401: map is 0.17871, precision@k is 0.09091, mrr is 0.50000
---- item 451: map is 0.27370, precision@k is 0.18182, mrr is 1.00000
---- item 501: map is 0.50000, precision@k is 0.50000, mrr is 0.50000
---- item 551: map is 0.00420, precision@k is 0.00000, mrr is 0.00251
---- item 601: map is 0.01975, precision@k is 0.00000, mrr is 0.02500
---- item 651: map is 0.18326, precision@k is 0.09091, mrr is 0.50000
---- item 701: map is 0.41461, precision@k is 0.18182, mrr is 1.00000
[Stat]LDA_Variational model, Interpolation mode item tagging: Precision@K is 0.21927, MAP is: 0.38795, MRR is: 0.72227, in top 10 tags
266 users are loaded from /home/ll5fy/TUIR/dataset/yelp/byUser_70k_review/5foldsCVColdstart/2/...
260 users are loaded from /home/ll5fy/TUIR/dataset/yelp/byUser_70k_review/5foldsCVColdstart/0/...
244 users are loaded from /home/ll5fy/TUIR/dataset/yelp/byUser_70k_review/5foldsCVColdstart/1/...
264 users are loaded from /home/ll5fy/TUIR/dataset/yelp/byUser_70k_review/5foldsCVColdstart/3/...
256 users are loaded from /home/ll5fy/TUIR/dataset/yelp/byUser_70k_review/5foldsCVColdstart/4/...
[Info]Finish loading 702 items' weights in total 156639 items!
[Info]Begin tagging 702 items with LDA_Variational Interpolation............
---- item 1: map is 0.55841, precision@k is 0.18182, mrr is 1.00000
---- item 51: map is 0.29953, precision@k is 0.18182, mrr is 0.50000
---- item 101: map is 0.50498, precision@k is 0.09091, mrr is 1.00000
---- item 151: map is 0.26708, precision@k is 0.18182, mrr is 0.50000
---- item 201: map is 0.19890, precision@k is 0.09091, mrr is 1.00000
---- item 251: map is 0.24628, precision@k is 0.27273, mrr is 0.50000
---- item 301: map is 0.23385, precision@k is 0.18182, mrr is 0.33333
---- item 351: map is 0.37184, precision@k is 0.09091, mrr is 1.00000
---- item 401: map is 0.45778, precision@k is 0.27273, mrr is 1.00000
---- item 451: map is 0.75667, precision@k is 0.27273, mrr is 1.00000
---- item 501: map is 0.32034, precision@k is 0.27273, mrr is 0.50000
---- item 551: map is 0.52663, precision@k is 0.27273, mrr is 1.00000
---- item 601: map is 0.28649, precision@k is 0.27273, mrr is 0.50000
---- item 651: map is 0.38252, precision@k is 0.09091, mrr is 1.00000
---- item 701: map is 0.50000, precision@k is 0.50000, mrr is 0.50000
[Stat]LDA_Variational model, Interpolation mode item tagging: Precision@K is 0.21605, MAP is: 0.38047, MRR is: 0.69226, in top 10 tags
264 users are loaded from /home/ll5fy/TUIR/dataset/yelp/byUser_70k_review/5foldsCVColdstart/3/...
260 users are loaded from /home/ll5fy/TUIR/dataset/yelp/byUser_70k_review/5foldsCVColdstart/0/...
244 users are loaded from /home/ll5fy/TUIR/dataset/yelp/byUser_70k_review/5foldsCVColdstart/1/...
266 users are loaded from /home/ll5fy/TUIR/dataset/yelp/byUser_70k_review/5foldsCVColdstart/2/...
256 users are loaded from /home/ll5fy/TUIR/dataset/yelp/byUser_70k_review/5foldsCVColdstart/4/...
[Info]Finish loading 717 items' weights in total 156639 items!
[Info]Begin tagging 717 items with LDA_Variational Interpolation............
---- item 1: map is 0.67754, precision@k is 0.18182, mrr is 1.00000
---- item 51: map is 0.50439, precision@k is 0.18182, mrr is 1.00000
---- item 101: map is 0.23611, precision@k is 0.22222, mrr is 0.25000
---- item 151: map is 0.09140, precision@k is 0.09091, mrr is 0.16667
---- item 201: map is 0.23638, precision@k is 0.18182, mrr is 0.50000
---- item 251: map is 0.16914, precision@k is 0.09091, mrr is 0.33333
---- item 301: map is 0.28114, precision@k is 0.18182, mrr is 0.33333
---- item 351: map is 0.02502, precision@k is 0.00000, mrr is 0.02778
---- item 401: map is 0.00679, precision@k is 0.00000, mrr is 0.00485
---- item 451: map is 0.52857, precision@k is 0.09091, mrr is 1.00000
---- item 501: map is 1.00000, precision@k is 1.00000, mrr is 1.00000
---- item 551: map is 0.67136, precision@k is 0.18182, mrr is 1.00000
---- item 601: map is 0.12045, precision@k is 0.09091, mrr is 0.33333
---- item 651: map is 0.25880, precision@k is 0.18182, mrr is 0.50000
---- item 701: map is 0.32450, precision@k is 0.18182, mrr is 1.00000
[Stat]LDA_Variational model, Interpolation mode item tagging: Precision@K is 0.22876, MAP is: 0.38816, MRR is: 0.69974, in top 10 tags
256 users are loaded from /home/ll5fy/TUIR/dataset/yelp/byUser_70k_review/5foldsCVColdstart/4/...
260 users are loaded from /home/ll5fy/TUIR/dataset/yelp/byUser_70k_review/5foldsCVColdstart/0/...
244 users are loaded from /home/ll5fy/TUIR/dataset/yelp/byUser_70k_review/5foldsCVColdstart/1/...
266 users are loaded from /home/ll5fy/TUIR/dataset/yelp/byUser_70k_review/5foldsCVColdstart/2/...
264 users are loaded from /home/ll5fy/TUIR/dataset/yelp/byUser_70k_review/5foldsCVColdstart/3/...
[Info]Finish loading 726 items' weights in total 156639 items!
[Info]Begin tagging 726 items with LDA_Variational Interpolation............
---- item 1: map is 0.68485, precision@k is 0.18182, mrr is 1.00000
---- item 51: map is 0.23200, precision@k is 0.09091, mrr is 1.00000
---- item 101: map is 0.51111, precision@k is 0.18182, mrr is 1.00000
---- item 151: map is 0.18223, precision@k is 0.09091, mrr is 0.50000
---- item 201: map is 0.75000, precision@k is 0.50000, mrr is 1.00000
---- item 251: map is 0.34890, precision@k is 0.09091, mrr is 1.00000
---- item 301: map is 0.41912, precision@k is 0.18182, mrr is 1.00000
---- item 351: map is 1.00000, precision@k is 1.00000, mrr is 1.00000
---- item 401: map is 0.37657, precision@k is 0.09091, mrr is 1.00000
---- item 451: map is 0.19553, precision@k is 0.09091, mrr is 0.50000
---- item 501: map is 0.55504, precision@k is 0.18182, mrr is 1.00000
---- item 551: map is 0.51261, precision@k is 0.27273, mrr is 1.00000
---- item 601: map is 0.41163, precision@k is 0.27273, mrr is 0.50000
---- item 651: map is 0.62500, precision@k is 0.37500, mrr is 1.00000
---- item 701: map is 0.50831, precision@k is 0.18182, mrr is 1.00000
[Stat]LDA_Variational model, Interpolation mode item tagging: Precision@K is 0.22981, MAP is: 0.38716, MRR is: 0.69006, in top 10 tags

[Stat]Running time (seconds) 308.93900
[Stat]MAP 0.361+/-0.051
[Stat]MRR 0.667+/-0.069
[Stat]Precision 0.211+/-0.025
