Load 6134 2-gram new features from /home/ll5fy/TUIR/dataset/yelp/yelp_features.txt...
Load 6134 2-gram new features from /home/ll5fy/TUIR/dataset/yelp/yelp_features.txt...
[Info]Start FIXED cross validation...
[Info]Load 553 tags, with 6134 features.
260 users are loaded from /home/ll5fy/TUIR/dataset/yelp/byUser_70k_review/5foldsCVColdstart/0/...
244 users are loaded from /home/ll5fy/TUIR/dataset/yelp/byUser_70k_review/5foldsCVColdstart/1/...
266 users are loaded from /home/ll5fy/TUIR/dataset/yelp/byUser_70k_review/5foldsCVColdstart/2/...
264 users are loaded from /home/ll5fy/TUIR/dataset/yelp/byUser_70k_review/5foldsCVColdstart/3/...
256 users are loaded from /home/ll5fy/TUIR/dataset/yelp/byUser_70k_review/5foldsCVColdstart/4/...
[Info]Finish loading 722 items' weights in total 156639 items!
[Info]Begin tagging 722 items with LDA_Variational Embed............
---- item 1: map is 0.11570, precision@k is 0.09091, mrr is 0.20000
---- item 51: map is 0.10186, precision@k is 0.09091, mrr is 0.20000
---- item 101: map is 0.10452, precision@k is 0.09091, mrr is 0.20000
---- item 151: map is 0.07448, precision@k is 0.09091, mrr is 0.20000
---- item 201: map is 0.09003, precision@k is 0.09091, mrr is 0.20000
---- item 251: map is 0.10649, precision@k is 0.09091, mrr is 0.20000
---- item 301: map is 0.07267, precision@k is 0.09091, mrr is 0.20000
---- item 351: map is 0.08877, precision@k is 0.09091, mrr is 0.20000
---- item 401: map is 0.06701, precision@k is 0.09091, mrr is 0.20000
---- item 451: map is 0.05759, precision@k is 0.09091, mrr is 0.20000
---- item 501: map is 0.07114, precision@k is 0.09091, mrr is 0.20000
---- item 551: map is 0.07102, precision@k is 0.09091, mrr is 0.20000
---- item 601: map is 0.10361, precision@k is 0.09091, mrr is 0.20000
---- item 651: map is 0.27876, precision@k is 0.18182, mrr is 0.50000
---- item 701: map is 0.10286, precision@k is 0.09091, mrr is 0.20000
[Stat]LDA_Variational model, Embed mode item tagging: Precision@K is 0.08723, MAP is: 0.08808, MRR is: 0.19584, in top 10 tags
244 users are loaded from /home/ll5fy/TUIR/dataset/yelp/byUser_70k_review/5foldsCVColdstart/1/...
260 users are loaded from /home/ll5fy/TUIR/dataset/yelp/byUser_70k_review/5foldsCVColdstart/0/...
266 users are loaded from /home/ll5fy/TUIR/dataset/yelp/byUser_70k_review/5foldsCVColdstart/2/...
264 users are loaded from /home/ll5fy/TUIR/dataset/yelp/byUser_70k_review/5foldsCVColdstart/3/...
256 users are loaded from /home/ll5fy/TUIR/dataset/yelp/byUser_70k_review/5foldsCVColdstart/4/...
[Info]Finish loading 732 items' weights in total 156639 items!
[Info]Begin tagging 732 items with LDA_Variational Embed............
---- item 1: map is 0.69697, precision@k is 0.18182, mrr is 1.00000
---- item 51: map is 0.35298, precision@k is 0.09091, mrr is 1.00000
---- item 101: map is 0.67687, precision@k is 0.18182, mrr is 1.00000
---- item 151: map is 0.24331, precision@k is 0.09091, mrr is 1.00000
---- item 201: map is 0.51852, precision@k is 0.09091, mrr is 1.00000
---- item 251: map is 0.53846, precision@k is 0.09091, mrr is 1.00000
---- item 301: map is 0.05316, precision@k is 0.09091, mrr is 0.12500
---- item 351: map is 0.50541, precision@k is 0.09091, mrr is 1.00000
---- item 401: map is 0.34215, precision@k is 0.09091, mrr is 1.00000
---- item 451: map is 0.02685, precision@k is 0.00000, mrr is 0.04000
---- item 501: map is 0.00606, precision@k is 0.00000, mrr is 0.00606
---- item 551: map is 0.00432, precision@k is 0.00000, mrr is 0.00236
---- item 601: map is 0.02488, precision@k is 0.00000, mrr is 0.04000
---- item 651: map is 0.34055, precision@k is 0.09091, mrr is 1.00000
---- item 701: map is 0.23498, precision@k is 0.09091, mrr is 1.00000
[Stat]LDA_Variational model, Embed mode item tagging: Precision@K is 0.10910, MAP is: 0.30938, MRR is: 0.77030, in top 10 tags
266 users are loaded from /home/ll5fy/TUIR/dataset/yelp/byUser_70k_review/5foldsCVColdstart/2/...
260 users are loaded from /home/ll5fy/TUIR/dataset/yelp/byUser_70k_review/5foldsCVColdstart/0/...
244 users are loaded from /home/ll5fy/TUIR/dataset/yelp/byUser_70k_review/5foldsCVColdstart/1/...
264 users are loaded from /home/ll5fy/TUIR/dataset/yelp/byUser_70k_review/5foldsCVColdstart/3/...
256 users are loaded from /home/ll5fy/TUIR/dataset/yelp/byUser_70k_review/5foldsCVColdstart/4/...
[Info]Finish loading 702 items' weights in total 156639 items!
[Info]Begin tagging 702 items with LDA_Variational Embed............
---- item 1: map is 0.36768, precision@k is 0.09091, mrr is 1.00000
---- item 51: map is 0.02266, precision@k is 0.00000, mrr is 0.01408
---- item 101: map is 0.00489, precision@k is 0.00000, mrr is 0.00498
---- item 151: map is 0.27942, precision@k is 0.09091, mrr is 1.00000
---- item 201: map is 0.31070, precision@k is 0.18182, mrr is 1.00000
---- item 251: map is 0.02463, precision@k is 0.00000, mrr is 0.01408
---- item 301: map is 0.38391, precision@k is 0.09091, mrr is 1.00000
---- item 351: map is 0.37307, precision@k is 0.09091, mrr is 1.00000
---- item 401: map is 0.25918, precision@k is 0.18182, mrr is 1.00000
---- item 451: map is 0.35909, precision@k is 0.18182, mrr is 1.00000
---- item 501: map is 0.02266, precision@k is 0.00000, mrr is 0.01408
---- item 551: map is 0.29586, precision@k is 0.09091, mrr is 1.00000
---- item 601: map is 0.02266, precision@k is 0.00000, mrr is 0.01408
---- item 651: map is 0.03342, precision@k is 0.00000, mrr is 0.07692
---- item 701: map is 0.55882, precision@k is 0.09091, mrr is 1.00000
[Stat]LDA_Variational model, Embed mode item tagging: Precision@K is 0.09462, MAP is: 0.30087, MRR is: 0.76022, in top 10 tags
264 users are loaded from /home/ll5fy/TUIR/dataset/yelp/byUser_70k_review/5foldsCVColdstart/3/...
260 users are loaded from /home/ll5fy/TUIR/dataset/yelp/byUser_70k_review/5foldsCVColdstart/0/...
244 users are loaded from /home/ll5fy/TUIR/dataset/yelp/byUser_70k_review/5foldsCVColdstart/1/...
266 users are loaded from /home/ll5fy/TUIR/dataset/yelp/byUser_70k_review/5foldsCVColdstart/2/...
256 users are loaded from /home/ll5fy/TUIR/dataset/yelp/byUser_70k_review/5foldsCVColdstart/4/...
[Info]Finish loading 717 items' weights in total 156639 items!
[Info]Begin tagging 717 items with LDA_Variational Embed............
---- item 1: map is 0.41017, precision@k is 0.09091, mrr is 1.00000
---- item 51: map is 0.34686, precision@k is 0.09091, mrr is 1.00000
---- item 101: map is 0.51111, precision@k is 0.09091, mrr is 1.00000
---- item 151: map is 0.50917, precision@k is 0.09091, mrr is 1.00000
---- item 201: map is 0.02294, precision@k is 0.00000, mrr is 0.01695
---- item 251: map is 0.50328, precision@k is 0.09091, mrr is 1.00000
---- item 301: map is 0.31443, precision@k is 0.09091, mrr is 1.00000
---- item 351: map is 0.02363, precision@k is 0.00000, mrr is 0.02632
---- item 401: map is 0.00567, precision@k is 0.00000, mrr is 0.00426
---- item 451: map is 0.52128, precision@k is 0.09091, mrr is 1.00000
---- item 501: map is 1.00000, precision@k is 1.00000, mrr is 1.00000
---- item 551: map is 0.34342, precision@k is 0.09091, mrr is 1.00000
---- item 601: map is 0.34237, precision@k is 0.09091, mrr is 1.00000
---- item 651: map is 0.02294, precision@k is 0.00000, mrr is 0.01695
---- item 701: map is 0.01303, precision@k is 0.00000, mrr is 0.00840
[Stat]LDA_Variational model, Embed mode item tagging: Precision@K is 0.09452, MAP is: 0.29740, MRR is: 0.77661, in top 10 tags
256 users are loaded from /home/ll5fy/TUIR/dataset/yelp/byUser_70k_review/5foldsCVColdstart/4/...
260 users are loaded from /home/ll5fy/TUIR/dataset/yelp/byUser_70k_review/5foldsCVColdstart/0/...
244 users are loaded from /home/ll5fy/TUIR/dataset/yelp/byUser_70k_review/5foldsCVColdstart/1/...
266 users are loaded from /home/ll5fy/TUIR/dataset/yelp/byUser_70k_review/5foldsCVColdstart/2/...
264 users are loaded from /home/ll5fy/TUIR/dataset/yelp/byUser_70k_review/5foldsCVColdstart/3/...
[Info]Finish loading 726 items' weights in total 156639 items!
[Info]Begin tagging 726 items with LDA_Variational Embed............
---- item 1: map is 0.38151, precision@k is 0.09091, mrr is 1.00000
---- item 51: map is 0.24684, precision@k is 0.09091, mrr is 1.00000
---- item 101: map is 0.35494, precision@k is 0.09091, mrr is 1.00000
---- item 151: map is 0.34978, precision@k is 0.09091, mrr is 1.00000
---- item 201: map is 0.51010, precision@k is 0.09091, mrr is 1.00000
---- item 251: map is 0.34978, precision@k is 0.09091, mrr is 1.00000
---- item 301: map is 0.03977, precision@k is 0.00000, mrr is 0.08333
---- item 351: map is 0.00264, precision@k is 0.00000, mrr is 0.00264
---- item 401: map is 0.39405, precision@k is 0.09091, mrr is 1.00000
---- item 451: map is 0.35166, precision@k is 0.09091, mrr is 1.00000
---- item 501: map is 0.31052, precision@k is 0.09091, mrr is 1.00000
---- item 551: map is 0.29994, precision@k is 0.09091, mrr is 1.00000
---- item 601: map is 0.27904, precision@k is 0.09091, mrr is 1.00000
---- item 651: map is 0.41266, precision@k is 0.18182, mrr is 1.00000
---- item 701: map is 0.28521, precision@k is 0.09091, mrr is 1.00000
[Stat]LDA_Variational model, Embed mode item tagging: Precision@K is 0.09598, MAP is: 0.29478, MRR is: 0.77245, in top 10 tags

[Stat]Running time (seconds) 153.81800
[Stat]MAP 0.258+/-0.085
[Stat]MRR 0.655+/-0.230
[Stat]Precision 0.096+/-0.007
