Load 6134 2-gram new features from /home/ll5fy/TUIR/dataset/yelp/yelp_features.txt...
Load 6134 2-gram new features from /home/ll5fy/TUIR/dataset/yelp/yelp_features.txt...
[Info]Start FIXED cross validation...
[Info]Load 553 tags, with 6134 features.
260 users are loaded from /home/ll5fy/TUIR/dataset/yelp/byUser_70k_review/5foldsCVColdstart/0/...
244 users are loaded from /home/ll5fy/TUIR/dataset/yelp/byUser_70k_review/5foldsCVColdstart/1/...
266 users are loaded from /home/ll5fy/TUIR/dataset/yelp/byUser_70k_review/5foldsCVColdstart/2/...
264 users are loaded from /home/ll5fy/TUIR/dataset/yelp/byUser_70k_review/5foldsCVColdstart/3/...
256 users are loaded from /home/ll5fy/TUIR/dataset/yelp/byUser_70k_review/5foldsCVColdstart/4/...
[Info]Finish loading 722 items' weights in total 156639 items!
[Info]Begin tagging 722 items with CTM Interpolation............
---- item 1: map is 0.50358, precision@k is 0.18182, mrr is 1.00000
---- item 51: map is 0.12689, precision@k is 0.09091, mrr is 0.25000
---- item 101: map is 0.70000, precision@k is 0.40000, mrr is 1.00000
---- item 151: map is 0.18705, precision@k is 0.09091, mrr is 0.50000
---- item 201: map is 0.34306, precision@k is 0.18182, mrr is 1.00000
---- item 251: map is 0.83333, precision@k is 0.66667, mrr is 1.00000
---- item 301: map is 0.09838, precision@k is 0.09091, mrr is 0.16667
---- item 351: map is 0.31230, precision@k is 0.18182, mrr is 1.00000
---- item 401: map is 0.29250, precision@k is 0.09091, mrr is 1.00000
---- item 451: map is 0.65223, precision@k is 0.27273, mrr is 1.00000
---- item 501: map is 0.33825, precision@k is 0.09091, mrr is 1.00000
---- item 551: map is 0.66935, precision@k is 0.18182, mrr is 1.00000
---- item 601: map is 0.39286, precision@k is 0.28571, mrr is 0.50000
---- item 651: map is 0.23244, precision@k is 0.18182, mrr is 0.50000
---- item 701: map is 0.66667, precision@k is 0.33333, mrr is 1.00000
[Stat]CTM model, Interpolation mode item tagging: Precision@K is 0.20954, MAP is: 0.35105, MRR is: 0.65056, in top 10 tags
244 users are loaded from /home/ll5fy/TUIR/dataset/yelp/byUser_70k_review/5foldsCVColdstart/1/...
260 users are loaded from /home/ll5fy/TUIR/dataset/yelp/byUser_70k_review/5foldsCVColdstart/0/...
266 users are loaded from /home/ll5fy/TUIR/dataset/yelp/byUser_70k_review/5foldsCVColdstart/2/...
264 users are loaded from /home/ll5fy/TUIR/dataset/yelp/byUser_70k_review/5foldsCVColdstart/3/...
256 users are loaded from /home/ll5fy/TUIR/dataset/yelp/byUser_70k_review/5foldsCVColdstart/4/...
[Info]Finish loading 732 items' weights in total 156639 items!
[Info]Begin tagging 732 items with CTM Interpolation............
---- item 1: map is 0.50465, precision@k is 0.18182, mrr is 1.00000
---- item 51: map is 0.56114, precision@k is 0.18182, mrr is 1.00000
---- item 101: map is 0.04079, precision@k is 0.00000, mrr is 0.07692
---- item 151: map is 0.32231, precision@k is 0.18182, mrr is 1.00000
---- item 201: map is 0.70000, precision@k is 0.40000, mrr is 1.00000
---- item 251: map is 0.41667, precision@k is 0.50000, mrr is 0.33333
---- item 301: map is 0.41033, precision@k is 0.18182, mrr is 1.00000
---- item 351: map is 0.41667, precision@k is 0.50000, mrr is 0.33333
---- item 401: map is 0.07563, precision@k is 0.09091, mrr is 0.20000
---- item 451: map is 0.35779, precision@k is 0.18182, mrr is 1.00000
---- item 501: map is 0.50000, precision@k is 0.50000, mrr is 0.50000
---- item 551: map is 0.00463, precision@k is 0.00000, mrr is 0.00269
---- item 601: map is 0.04357, precision@k is 0.00000, mrr is 0.07143
---- item 651: map is 0.50000, precision@k is 0.50000, mrr is 0.50000
---- item 701: map is 0.29494, precision@k is 0.18182, mrr is 1.00000
[Stat]CTM model, Interpolation mode item tagging: Precision@K is 0.22066, MAP is: 0.36265, MRR is: 0.64842, in top 10 tags
266 users are loaded from /home/ll5fy/TUIR/dataset/yelp/byUser_70k_review/5foldsCVColdstart/2/...
260 users are loaded from /home/ll5fy/TUIR/dataset/yelp/byUser_70k_review/5foldsCVColdstart/0/...
244 users are loaded from /home/ll5fy/TUIR/dataset/yelp/byUser_70k_review/5foldsCVColdstart/1/...
264 users are loaded from /home/ll5fy/TUIR/dataset/yelp/byUser_70k_review/5foldsCVColdstart/3/...
256 users are loaded from /home/ll5fy/TUIR/dataset/yelp/byUser_70k_review/5foldsCVColdstart/4/...
[Info]Finish loading 702 items' weights in total 156639 items!
[Info]Begin tagging 702 items with CTM Interpolation............
---- item 1: map is 0.68452, precision@k is 0.18182, mrr is 1.00000
---- item 51: map is 0.39586, precision@k is 0.27273, mrr is 0.50000
---- item 101: map is 0.50885, precision@k is 0.09091, mrr is 1.00000
---- item 151: map is 0.27833, precision@k is 0.27273, mrr is 0.50000
---- item 201: map is 0.19594, precision@k is 0.18182, mrr is 1.00000
---- item 251: map is 0.25538, precision@k is 0.27273, mrr is 0.50000
---- item 301: map is 0.09471, precision@k is 0.09091, mrr is 0.14286
---- item 351: map is 0.37964, precision@k is 0.09091, mrr is 1.00000
---- item 401: map is 0.50650, precision@k is 0.36364, mrr is 1.00000
---- item 451: map is 0.66316, precision@k is 0.27273, mrr is 1.00000
---- item 501: map is 0.37097, precision@k is 0.27273, mrr is 0.50000
---- item 551: map is 0.47696, precision@k is 0.27273, mrr is 1.00000
---- item 601: map is 0.25062, precision@k is 0.27273, mrr is 0.33333
---- item 651: map is 0.37578, precision@k is 0.09091, mrr is 1.00000
---- item 701: map is 0.26667, precision@k is 0.20000, mrr is 0.33333
[Stat]CTM model, Interpolation mode item tagging: Precision@K is 0.22049, MAP is: 0.36296, MRR is: 0.63893, in top 10 tags
264 users are loaded from /home/ll5fy/TUIR/dataset/yelp/byUser_70k_review/5foldsCVColdstart/3/...
260 users are loaded from /home/ll5fy/TUIR/dataset/yelp/byUser_70k_review/5foldsCVColdstart/0/...
244 users are loaded from /home/ll5fy/TUIR/dataset/yelp/byUser_70k_review/5foldsCVColdstart/1/...
266 users are loaded from /home/ll5fy/TUIR/dataset/yelp/byUser_70k_review/5foldsCVColdstart/2/...
256 users are loaded from /home/ll5fy/TUIR/dataset/yelp/byUser_70k_review/5foldsCVColdstart/4/...
[Info]Finish loading 717 items' weights in total 156639 items!
[Info]Begin tagging 717 items with CTM Interpolation............
---- item 1: map is 0.47670, precision@k is 0.18182, mrr is 1.00000
---- item 51: map is 0.47316, precision@k is 0.18182, mrr is 1.00000
---- item 101: map is 0.22619, precision@k is 0.28571, mrr is 0.16667
---- item 151: map is 0.09053, precision@k is 0.09091, mrr is 0.16667
---- item 201: map is 0.34509, precision@k is 0.27273, mrr is 0.50000
---- item 251: map is 0.05265, precision@k is 0.09091, mrr is 0.10000
---- item 301: map is 0.30521, precision@k is 0.18182, mrr is 0.33333
---- item 351: map is 0.04747, precision@k is 0.00000, mrr is 0.03846
---- item 401: map is 0.00885, precision@k is 0.00000, mrr is 0.00840
---- item 451: map is 1.00000, precision@k is 1.00000, mrr is 1.00000
---- item 501: map is 1.00000, precision@k is 1.00000, mrr is 1.00000
---- item 551: map is 0.67077, precision@k is 0.18182, mrr is 1.00000
---- item 601: map is 0.03552, precision@k is 0.00000, mrr is 0.06250
---- item 651: map is 0.34505, precision@k is 0.27273, mrr is 0.50000
---- item 701: map is 0.42613, precision@k is 0.36364, mrr is 1.00000
[Stat]CTM model, Interpolation mode item tagging: Precision@K is 0.21737, MAP is: 0.36295, MRR is: 0.64739, in top 10 tags
256 users are loaded from /home/ll5fy/TUIR/dataset/yelp/byUser_70k_review/5foldsCVColdstart/4/...
260 users are loaded from /home/ll5fy/TUIR/dataset/yelp/byUser_70k_review/5foldsCVColdstart/0/...
244 users are loaded from /home/ll5fy/TUIR/dataset/yelp/byUser_70k_review/5foldsCVColdstart/1/...
266 users are loaded from /home/ll5fy/TUIR/dataset/yelp/byUser_70k_review/5foldsCVColdstart/2/...
264 users are loaded from /home/ll5fy/TUIR/dataset/yelp/byUser_70k_review/5foldsCVColdstart/3/...
[Info]Finish loading 726 items' weights in total 156639 items!
[Info]Begin tagging 726 items with CTM Interpolation............
---- item 1: map is 0.43921, precision@k is 0.18182, mrr is 1.00000
---- item 51: map is 0.21771, precision@k is 0.09091, mrr is 1.00000
---- item 101: map is 0.41991, precision@k is 0.18182, mrr is 1.00000
---- item 151: map is 0.12447, precision@k is 0.09091, mrr is 0.33333
---- item 201: map is 0.66667, precision@k is 0.33333, mrr is 1.00000
---- item 251: map is 0.34713, precision@k is 0.09091, mrr is 1.00000
---- item 301: map is 0.40302, precision@k is 0.18182, mrr is 1.00000
---- item 351: map is 1.00000, precision@k is 1.00000, mrr is 1.00000
---- item 401: map is 0.39236, precision@k is 0.09091, mrr is 1.00000
---- item 451: map is 0.16960, precision@k is 0.09091, mrr is 0.33333
---- item 501: map is 0.46047, precision@k is 0.18182, mrr is 1.00000
---- item 551: map is 0.51245, precision@k is 0.27273, mrr is 1.00000
---- item 601: map is 0.40726, precision@k is 0.27273, mrr is 0.50000
---- item 651: map is 0.70000, precision@k is 0.60000, mrr is 1.00000
---- item 701: map is 0.51252, precision@k is 0.18182, mrr is 1.00000
[Stat]CTM model, Interpolation mode item tagging: Precision@K is 0.21652, MAP is: 0.36436, MRR is: 0.64712, in top 10 tags

[Stat]Running time (seconds) 305.21800
[Stat]MAP 0.361+/-0.005
[Stat]MRR 0.646+/-0.004
[Stat]Precision 0.217+/-0.004
