Load 6134 2-gram new features from /home/ll5fy/TUIR/dataset/yelp/yelp_features.txt...
Load 6134 2-gram new features from /home/ll5fy/TUIR/dataset/yelp/yelp_features.txt...
[Info]Start FIXED cross validation...
[Info]Load 553 tags, with 6134 features.
260 users are loaded from /home/ll5fy/TUIR/dataset/yelp/byUser_70k_review/5foldsCVColdstart/0/...
244 users are loaded from /home/ll5fy/TUIR/dataset/yelp/byUser_70k_review/5foldsCVColdstart/1/...
266 users are loaded from /home/ll5fy/TUIR/dataset/yelp/byUser_70k_review/5foldsCVColdstart/2/...
264 users are loaded from /home/ll5fy/TUIR/dataset/yelp/byUser_70k_review/5foldsCVColdstart/3/...
256 users are loaded from /home/ll5fy/TUIR/dataset/yelp/byUser_70k_review/5foldsCVColdstart/4/...
[Info]Finish loading 722 items' weights in total 156639 items!
[Info]Begin tagging 722 items with LDA_User Interpolation............
---- item 1: map is 0.50893, precision@k is 0.18182, mrr is 1.00000
---- item 51: map is 0.25187, precision@k is 0.09091, mrr is 0.50000
---- item 101: map is 0.17829, precision@k is 0.09091, mrr is 0.33333
---- item 151: map is 0.14272, precision@k is 0.09091, mrr is 0.33333
---- item 201: map is 0.38532, precision@k is 0.18182, mrr is 1.00000
---- item 251: map is 1.00000, precision@k is 1.00000, mrr is 1.00000
---- item 301: map is 0.09867, precision@k is 0.09091, mrr is 0.25000
---- item 351: map is 0.35640, precision@k is 0.18182, mrr is 1.00000
---- item 401: map is 0.19652, precision@k is 0.18182, mrr is 0.33333
---- item 451: map is 0.46602, precision@k is 0.18182, mrr is 1.00000
---- item 501: map is 0.11811, precision@k is 0.09091, mrr is 0.33333
---- item 551: map is 0.17657, precision@k is 0.09091, mrr is 0.50000
---- item 601: map is 0.20238, precision@k is 0.09091, mrr is 0.33333
---- item 651: map is 0.26218, precision@k is 0.18182, mrr is 0.50000
---- item 701: map is 0.14063, precision@k is 0.09091, mrr is 0.25000
[Stat]LDA_User model, Interpolation mode item tagging: Precision@K is 0.13926, MAP is: 0.22400, MRR is: 0.47064, in top 10 tags
244 users are loaded from /home/ll5fy/TUIR/dataset/yelp/byUser_70k_review/5foldsCVColdstart/1/...
260 users are loaded from /home/ll5fy/TUIR/dataset/yelp/byUser_70k_review/5foldsCVColdstart/0/...
266 users are loaded from /home/ll5fy/TUIR/dataset/yelp/byUser_70k_review/5foldsCVColdstart/2/...
264 users are loaded from /home/ll5fy/TUIR/dataset/yelp/byUser_70k_review/5foldsCVColdstart/3/...
256 users are loaded from /home/ll5fy/TUIR/dataset/yelp/byUser_70k_review/5foldsCVColdstart/4/...
[Info]Finish loading 732 items' weights in total 156639 items!
[Info]Begin tagging 732 items with LDA_User Interpolation............
---- item 1: map is 0.67886, precision@k is 0.18182, mrr is 1.00000
---- item 51: map is 0.34351, precision@k is 0.09091, mrr is 1.00000
---- item 101: map is 0.21218, precision@k is 0.09091, mrr is 0.50000
---- item 151: map is 0.42509, precision@k is 0.18182, mrr is 1.00000
---- item 201: map is 1.00000, precision@k is 1.00000, mrr is 1.00000
---- item 251: map is 0.52632, precision@k is 0.09091, mrr is 1.00000
---- item 301: map is 0.43128, precision@k is 0.18182, mrr is 1.00000
---- item 351: map is 0.26961, precision@k is 0.09091, mrr is 0.50000
---- item 401: map is 0.34776, precision@k is 0.09091, mrr is 1.00000
---- item 451: map is 0.26144, precision@k is 0.18182, mrr is 1.00000
---- item 501: map is 0.20000, precision@k is 0.20000, mrr is 0.20000
---- item 551: map is 0.00452, precision@k is 0.00000, mrr is 0.00267
---- item 601: map is 0.01565, precision@k is 0.00000, mrr is 0.02000
---- item 651: map is 0.18970, precision@k is 0.09091, mrr is 0.50000
---- item 701: map is 0.41643, precision@k is 0.18182, mrr is 1.00000
[Stat]LDA_User model, Interpolation mode item tagging: Precision@K is 0.20283, MAP is: 0.37776, MRR is: 0.75133, in top 10 tags
266 users are loaded from /home/ll5fy/TUIR/dataset/yelp/byUser_70k_review/5foldsCVColdstart/2/...
260 users are loaded from /home/ll5fy/TUIR/dataset/yelp/byUser_70k_review/5foldsCVColdstart/0/...
244 users are loaded from /home/ll5fy/TUIR/dataset/yelp/byUser_70k_review/5foldsCVColdstart/1/...
264 users are loaded from /home/ll5fy/TUIR/dataset/yelp/byUser_70k_review/5foldsCVColdstart/3/...
256 users are loaded from /home/ll5fy/TUIR/dataset/yelp/byUser_70k_review/5foldsCVColdstart/4/...
[Info]Finish loading 702 items' weights in total 156639 items!
[Info]Begin tagging 702 items with LDA_User Interpolation............
---- item 1: map is 0.39606, precision@k is 0.09091, mrr is 1.00000
---- item 51: map is 0.25558, precision@k is 0.18182, mrr is 0.50000
---- item 101: map is 0.01775, precision@k is 0.00000, mrr is 0.02564
---- item 151: map is 0.30771, precision@k is 0.18182, mrr is 0.50000
---- item 201: map is 0.20664, precision@k is 0.09091, mrr is 1.00000
---- item 251: map is 0.24734, precision@k is 0.27273, mrr is 0.50000
---- item 301: map is 0.18597, precision@k is 0.18182, mrr is 0.33333
---- item 351: map is 0.42329, precision@k is 0.18182, mrr is 1.00000
---- item 401: map is 0.52621, precision@k is 0.27273, mrr is 1.00000
---- item 451: map is 0.69293, precision@k is 0.27273, mrr is 1.00000
---- item 501: map is 0.20481, precision@k is 0.18182, mrr is 0.50000
---- item 551: map is 0.52707, precision@k is 0.27273, mrr is 1.00000
---- item 601: map is 0.31226, precision@k is 0.27273, mrr is 0.50000
---- item 651: map is 0.40483, precision@k is 0.18182, mrr is 1.00000
---- item 701: map is 0.50000, precision@k is 0.50000, mrr is 0.50000
[Stat]LDA_User model, Interpolation mode item tagging: Precision@K is 0.20822, MAP is: 0.38048, MRR is: 0.72479, in top 10 tags
264 users are loaded from /home/ll5fy/TUIR/dataset/yelp/byUser_70k_review/5foldsCVColdstart/3/...
260 users are loaded from /home/ll5fy/TUIR/dataset/yelp/byUser_70k_review/5foldsCVColdstart/0/...
244 users are loaded from /home/ll5fy/TUIR/dataset/yelp/byUser_70k_review/5foldsCVColdstart/1/...
266 users are loaded from /home/ll5fy/TUIR/dataset/yelp/byUser_70k_review/5foldsCVColdstart/2/...
256 users are loaded from /home/ll5fy/TUIR/dataset/yelp/byUser_70k_review/5foldsCVColdstart/4/...
[Info]Finish loading 717 items' weights in total 156639 items!
[Info]Begin tagging 717 items with LDA_User Interpolation............
---- item 1: map is 0.67708, precision@k is 0.18182, mrr is 1.00000
---- item 51: map is 0.34713, precision@k is 0.09091, mrr is 1.00000
---- item 101: map is 0.16071, precision@k is 0.09091, mrr is 0.25000
---- item 151: map is 0.10699, precision@k is 0.09091, mrr is 0.20000
---- item 201: map is 0.19966, precision@k is 0.18182, mrr is 0.50000
---- item 251: map is 0.25226, precision@k is 0.09091, mrr is 0.50000
---- item 301: map is 0.31719, precision@k is 0.18182, mrr is 0.50000
---- item 351: map is 0.02281, precision@k is 0.00000, mrr is 0.03125
---- item 401: map is 0.00690, precision@k is 0.00000, mrr is 0.00488
---- item 451: map is 0.51429, precision@k is 0.09091, mrr is 1.00000
---- item 501: map is 1.00000, precision@k is 1.00000, mrr is 1.00000
---- item 551: map is 0.67029, precision@k is 0.18182, mrr is 1.00000
---- item 601: map is 0.17473, precision@k is 0.09091, mrr is 0.50000
---- item 651: map is 0.19843, precision@k is 0.18182, mrr is 0.50000
---- item 701: map is 0.09251, precision@k is 0.09091, mrr is 0.25000
[Stat]LDA_User model, Interpolation mode item tagging: Precision@K is 0.21608, MAP is: 0.38811, MRR is: 0.73274, in top 10 tags
256 users are loaded from /home/ll5fy/TUIR/dataset/yelp/byUser_70k_review/5foldsCVColdstart/4/...
260 users are loaded from /home/ll5fy/TUIR/dataset/yelp/byUser_70k_review/5foldsCVColdstart/0/...
244 users are loaded from /home/ll5fy/TUIR/dataset/yelp/byUser_70k_review/5foldsCVColdstart/1/...
266 users are loaded from /home/ll5fy/TUIR/dataset/yelp/byUser_70k_review/5foldsCVColdstart/2/...
264 users are loaded from /home/ll5fy/TUIR/dataset/yelp/byUser_70k_review/5foldsCVColdstart/3/...
[Info]Finish loading 726 items' weights in total 156639 items!
[Info]Begin tagging 726 items with LDA_User Interpolation............
---- item 1: map is 0.67619, precision@k is 0.18182, mrr is 1.00000
---- item 51: map is 0.22916, precision@k is 0.09091, mrr is 1.00000
---- item 101: map is 0.57407, precision@k is 0.18182, mrr is 1.00000
---- item 151: map is 0.34622, precision@k is 0.09091, mrr is 1.00000
---- item 201: map is 0.83333, precision@k is 0.66667, mrr is 1.00000
---- item 251: map is 0.34638, precision@k is 0.09091, mrr is 1.00000
---- item 301: map is 0.44717, precision@k is 0.18182, mrr is 1.00000
---- item 351: map is 1.00000, precision@k is 1.00000, mrr is 1.00000
---- item 401: map is 0.36794, precision@k is 0.09091, mrr is 1.00000
---- item 451: map is 0.18871, precision@k is 0.09091, mrr is 0.50000
---- item 501: map is 0.53530, precision@k is 0.18182, mrr is 1.00000
---- item 551: map is 0.55193, precision@k is 0.18182, mrr is 1.00000
---- item 601: map is 0.35539, precision@k is 0.18182, mrr is 0.50000
---- item 651: map is 0.53846, precision@k is 0.18182, mrr is 1.00000
---- item 701: map is 0.50748, precision@k is 0.18182, mrr is 1.00000
[Stat]LDA_User model, Interpolation mode item tagging: Precision@K is 0.22175, MAP is: 0.39105, MRR is: 0.72918, in top 10 tags

[Stat]Running time (seconds) 302.12600
[Stat]MAP 0.352+/-0.064
[Stat]MRR 0.682+/-0.106
[Stat]Precision 0.198+/-0.030
