Load 6134 2-gram new features from /home/ll5fy/TUIR/dataset/yelp/yelp_features.txt...
Load 6134 2-gram new features from /home/ll5fy/TUIR/dataset/yelp/yelp_features.txt...
[Info]Start FIXED cross validation...
[Info]Load 553 tags, with 6134 features.
260 users are loaded from /home/ll5fy/TUIR/dataset/yelp/byUser_70k_review/5foldsCVColdstart/0/...
244 users are loaded from /home/ll5fy/TUIR/dataset/yelp/byUser_70k_review/5foldsCVColdstart/1/...
266 users are loaded from /home/ll5fy/TUIR/dataset/yelp/byUser_70k_review/5foldsCVColdstart/2/...
264 users are loaded from /home/ll5fy/TUIR/dataset/yelp/byUser_70k_review/5foldsCVColdstart/3/...
256 users are loaded from /home/ll5fy/TUIR/dataset/yelp/byUser_70k_review/5foldsCVColdstart/4/...
[Info]Finish loading 722 items' weights in total 156639 items!
[Info]Begin tagging 722 items with LDA_Variational Interpolation............
---- item 1: map is 0.43443, precision@k is 0.18182, mrr is 1.00000
---- item 51: map is 0.13333, precision@k is 0.09091, mrr is 0.25000
---- item 101: map is 0.60000, precision@k is 0.20000, mrr is 1.00000
---- item 151: map is 0.12634, precision@k is 0.18182, mrr is 0.14286
---- item 201: map is 0.43450, precision@k is 0.18182, mrr is 1.00000
---- item 251: map is 0.83333, precision@k is 0.66667, mrr is 1.00000
---- item 301: map is 0.08129, precision@k is 0.09091, mrr is 0.16667
---- item 351: map is 0.39104, precision@k is 0.18182, mrr is 1.00000
---- item 401: map is 0.28707, precision@k is 0.09091, mrr is 1.00000
---- item 451: map is 0.70263, precision@k is 0.27273, mrr is 1.00000
---- item 501: map is 0.10505, precision@k is 0.09091, mrr is 0.25000
---- item 551: map is 0.69369, precision@k is 0.18182, mrr is 1.00000
---- item 601: map is 0.58333, precision@k is 0.09091, mrr is 1.00000
---- item 651: map is 0.20393, precision@k is 0.18182, mrr is 0.50000
---- item 701: map is 0.50182, precision@k is 0.09091, mrr is 1.00000
[Stat]LDA_Variational model, Interpolation mode item tagging: Precision@K is 0.20346, MAP is: 0.35094, MRR is: 0.63274, in top 10 tags
244 users are loaded from /home/ll5fy/TUIR/dataset/yelp/byUser_70k_review/5foldsCVColdstart/1/...
260 users are loaded from /home/ll5fy/TUIR/dataset/yelp/byUser_70k_review/5foldsCVColdstart/0/...
266 users are loaded from /home/ll5fy/TUIR/dataset/yelp/byUser_70k_review/5foldsCVColdstart/2/...
264 users are loaded from /home/ll5fy/TUIR/dataset/yelp/byUser_70k_review/5foldsCVColdstart/3/...
256 users are loaded from /home/ll5fy/TUIR/dataset/yelp/byUser_70k_review/5foldsCVColdstart/4/...
[Info]Finish loading 732 items' weights in total 156639 items!
[Info]Begin tagging 732 items with LDA_Variational Interpolation............
---- item 1: map is 0.43305, precision@k is 0.18182, mrr is 1.00000
---- item 51: map is 0.33688, precision@k is 0.09091, mrr is 1.00000
---- item 101: map is 0.01976, precision@k is 0.00000, mrr is 0.02703
---- item 151: map is 0.28133, precision@k is 0.18182, mrr is 1.00000
---- item 201: map is 0.64286, precision@k is 0.28571, mrr is 1.00000
---- item 251: map is 0.36667, precision@k is 0.40000, mrr is 0.33333
---- item 301: map is 0.41250, precision@k is 0.18182, mrr is 1.00000
---- item 351: map is 0.26667, precision@k is 0.20000, mrr is 0.33333
---- item 401: map is 0.05178, precision@k is 0.00000, mrr is 0.07692
---- item 451: map is 0.42774, precision@k is 0.18182, mrr is 1.00000
---- item 501: map is 0.50000, precision@k is 0.50000, mrr is 0.50000
---- item 551: map is 0.00719, precision@k is 0.00000, mrr is 0.00446
---- item 601: map is 0.10145, precision@k is 0.09091, mrr is 0.25000
---- item 651: map is 0.43651, precision@k is 0.18182, mrr is 0.50000
---- item 701: map is 0.21825, precision@k is 0.09091, mrr is 1.00000
[Stat]LDA_Variational model, Interpolation mode item tagging: Precision@K is 0.20185, MAP is: 0.34617, MRR is: 0.62719, in top 10 tags
266 users are loaded from /home/ll5fy/TUIR/dataset/yelp/byUser_70k_review/5foldsCVColdstart/2/...
260 users are loaded from /home/ll5fy/TUIR/dataset/yelp/byUser_70k_review/5foldsCVColdstart/0/...
244 users are loaded from /home/ll5fy/TUIR/dataset/yelp/byUser_70k_review/5foldsCVColdstart/1/...
264 users are loaded from /home/ll5fy/TUIR/dataset/yelp/byUser_70k_review/5foldsCVColdstart/3/...
256 users are loaded from /home/ll5fy/TUIR/dataset/yelp/byUser_70k_review/5foldsCVColdstart/4/...
[Info]Finish loading 702 items' weights in total 156639 items!
[Info]Begin tagging 702 items with LDA_Variational Interpolation............
---- item 1: map is 0.83333, precision@k is 0.50000, mrr is 1.00000
---- item 51: map is 0.48737, precision@k is 0.27273, mrr is 1.00000
---- item 101: map is 0.52273, precision@k is 0.09091, mrr is 1.00000
---- item 151: map is 0.19976, precision@k is 0.18182, mrr is 0.50000
---- item 201: map is 0.16542, precision@k is 0.09091, mrr is 1.00000
---- item 251: map is 0.26840, precision@k is 0.27273, mrr is 0.50000
---- item 301: map is 0.08079, precision@k is 0.09091, mrr is 0.16667
---- item 351: map is 0.40944, precision@k is 0.18182, mrr is 1.00000
---- item 401: map is 0.50889, precision@k is 0.36364, mrr is 1.00000
---- item 451: map is 0.70263, precision@k is 0.27273, mrr is 1.00000
---- item 501: map is 0.42568, precision@k is 0.27273, mrr is 0.50000
---- item 551: map is 0.44696, precision@k is 0.27273, mrr is 1.00000
---- item 601: map is 0.24794, precision@k is 0.27273, mrr is 0.33333
---- item 651: map is 0.37084, precision@k is 0.09091, mrr is 1.00000
---- item 701: map is 0.19792, precision@k is 0.09091, mrr is 0.33333
[Stat]LDA_Variational model, Interpolation mode item tagging: Precision@K is 0.20632, MAP is: 0.34970, MRR is: 0.62607, in top 10 tags
264 users are loaded from /home/ll5fy/TUIR/dataset/yelp/byUser_70k_review/5foldsCVColdstart/3/...
260 users are loaded from /home/ll5fy/TUIR/dataset/yelp/byUser_70k_review/5foldsCVColdstart/0/...
244 users are loaded from /home/ll5fy/TUIR/dataset/yelp/byUser_70k_review/5foldsCVColdstart/1/...
266 users are loaded from /home/ll5fy/TUIR/dataset/yelp/byUser_70k_review/5foldsCVColdstart/2/...
