Load 6134 2-gram new features from /home/ll5fy/TUIR/dataset/yelp/yelp_features.txt...
Load 6134 2-gram new features from /home/ll5fy/TUIR/dataset/yelp/yelp_features.txt...
[Info]Start FIXED cross validation...
[Info]Load 553 tags, with 6134 features.
260 users are loaded from /home/ll5fy/TUIR/dataset/yelp/byUser_70k_review/5foldsCVColdstart/0/...
244 users are loaded from /home/ll5fy/TUIR/dataset/yelp/byUser_70k_review/5foldsCVColdstart/1/...
266 users are loaded from /home/ll5fy/TUIR/dataset/yelp/byUser_70k_review/5foldsCVColdstart/2/...
264 users are loaded from /home/ll5fy/TUIR/dataset/yelp/byUser_70k_review/5foldsCVColdstart/3/...
256 users are loaded from /home/ll5fy/TUIR/dataset/yelp/byUser_70k_review/5foldsCVColdstart/4/...
[Info]Finish loading 861 items' weights in total 156639 items!
[Info]Begin tagging 861 items with ETBIR_Item Interpolation............
---- item 1: map is 0.35165, precision@k is 0.09091, mrr is 1.00000
---- item 51: map is 0.55266, precision@k is 0.18182, mrr is 1.00000
---- item 101: map is 1.00000, precision@k is 1.00000, mrr is 1.00000
---- item 151: map is 0.37220, precision@k is 0.09091, mrr is 1.00000
---- item 201: map is 0.34500, precision@k is 0.09091, mrr is 1.00000
---- item 251: map is 0.01077, precision@k is 0.00000, mrr is 0.00847
---- item 301: map is 0.26118, precision@k is 0.09091, mrr is 1.00000
---- item 351: map is 0.51266, precision@k is 0.09091, mrr is 1.00000
---- item 401: map is 0.04728, precision@k is 0.00000, mrr is 0.09091
---- item 451: map is 0.38743, precision@k is 0.09091, mrr is 1.00000
---- item 501: map is 0.01594, precision@k is 0.00000, mrr is 0.01136
---- item 551: map is 1.00000, precision@k is 1.00000, mrr is 1.00000
---- item 601: map is 0.02572, precision@k is 0.00000, mrr is 0.02564
---- item 651: map is 0.02994, precision@k is 0.00000, mrr is 0.07143
---- item 701: map is 0.34426, precision@k is 0.09091, mrr is 1.00000
---- item 751: map is 0.00442, precision@k is 0.00000, mrr is 0.00288
---- item 801: map is 0.35678, precision@k is 0.09091, mrr is 1.00000
---- item 851: map is 0.04828, precision@k is 0.00000, mrr is 0.08333
[Stat]ETBIR_Item model, Interpolation mode item tagging: Precision@K is 0.13566, MAP is: 0.33171, MRR is: 0.77955, in top 10 tags
244 users are loaded from /home/ll5fy/TUIR/dataset/yelp/byUser_70k_review/5foldsCVColdstart/1/...
260 users are loaded from /home/ll5fy/TUIR/dataset/yelp/byUser_70k_review/5foldsCVColdstart/0/...
266 users are loaded from /home/ll5fy/TUIR/dataset/yelp/byUser_70k_review/5foldsCVColdstart/2/...
264 users are loaded from /home/ll5fy/TUIR/dataset/yelp/byUser_70k_review/5foldsCVColdstart/3/...
256 users are loaded from /home/ll5fy/TUIR/dataset/yelp/byUser_70k_review/5foldsCVColdstart/4/...
[Info]Finish loading 861 items' weights in total 156639 items!
[Info]Begin tagging 861 items with ETBIR_Item Interpolation............
---- item 1: map is 0.34852, precision@k is 0.09091, mrr is 1.00000
---- item 51: map is 0.54380, precision@k is 0.18182, mrr is 1.00000
---- item 101: map is 1.00000, precision@k is 1.00000, mrr is 1.00000
---- item 151: map is 0.36593, precision@k is 0.09091, mrr is 1.00000
---- item 201: map is 0.34497, precision@k is 0.09091, mrr is 1.00000
---- item 251: map is 0.01518, precision@k is 0.00000, mrr is 0.01282
---- item 301: map is 0.26423, precision@k is 0.09091, mrr is 1.00000
---- item 351: map is 0.51299, precision@k is 0.09091, mrr is 1.00000
---- item 401: map is 0.11207, precision@k is 0.09091, mrr is 0.33333
---- item 451: map is 0.39697, precision@k is 0.09091, mrr is 1.00000
---- item 501: map is 0.01577, precision@k is 0.00000, mrr is 0.01064
---- item 551: map is 1.00000, precision@k is 1.00000, mrr is 1.00000
---- item 601: map is 0.14886, precision@k is 0.09091, mrr is 0.50000
---- item 651: map is 0.02582, precision@k is 0.00000, mrr is 0.05263
---- item 701: map is 0.34339, precision@k is 0.09091, mrr is 1.00000
---- item 751: map is 0.00444, precision@k is 0.00000, mrr is 0.00288
---- item 801: map is 0.35636, precision@k is 0.09091, mrr is 1.00000
---- item 851: map is 0.04635, precision@k is 0.00000, mrr is 0.07692
[Stat]ETBIR_Item model, Interpolation mode item tagging: Precision@K is 0.15490, MAP is: 0.34455, MRR is: 0.77265, in top 10 tags
266 users are loaded from /home/ll5fy/TUIR/dataset/yelp/byUser_70k_review/5foldsCVColdstart/2/...
260 users are loaded from /home/ll5fy/TUIR/dataset/yelp/byUser_70k_review/5foldsCVColdstart/0/...
244 users are loaded from /home/ll5fy/TUIR/dataset/yelp/byUser_70k_review/5foldsCVColdstart/1/...
264 users are loaded from /home/ll5fy/TUIR/dataset/yelp/byUser_70k_review/5foldsCVColdstart/3/...
256 users are loaded from /home/ll5fy/TUIR/dataset/yelp/byUser_70k_review/5foldsCVColdstart/4/...
[Info]Finish loading 861 items' weights in total 156639 items!
[Info]Begin tagging 861 items with ETBIR_Item Interpolation............
---- item 1: map is 0.34762, precision@k is 0.09091, mrr is 1.00000
---- item 51: map is 0.54762, precision@k is 0.18182, mrr is 1.00000
---- item 101: map is 1.00000, precision@k is 1.00000, mrr is 1.00000
---- item 151: map is 0.36919, precision@k is 0.09091, mrr is 1.00000
---- item 201: map is 0.34519, precision@k is 0.09091, mrr is 1.00000
---- item 251: map is 0.01187, precision@k is 0.00000, mrr is 0.00893
---- item 301: map is 0.26704, precision@k is 0.09091, mrr is 1.00000
---- item 351: map is 0.51282, precision@k is 0.09091, mrr is 1.00000
---- item 401: map is 0.20331, precision@k is 0.18182, mrr is 0.50000
---- item 451: map is 0.44792, precision@k is 0.18182, mrr is 1.00000
---- item 501: map is 0.01824, precision@k is 0.00000, mrr is 0.01613
---- item 551: map is 1.00000, precision@k is 1.00000, mrr is 1.00000
---- item 601: map is 0.28615, precision@k is 0.09091, mrr is 1.00000
---- item 651: map is 0.02550, precision@k is 0.00000, mrr is 0.05263
---- item 701: map is 0.34460, precision@k is 0.09091, mrr is 1.00000
---- item 751: map is 0.00442, precision@k is 0.00000, mrr is 0.00283
---- item 801: map is 0.35572, precision@k is 0.09091, mrr is 1.00000
---- item 851: map is 0.05205, precision@k is 0.00000, mrr is 0.09091
[Stat]ETBIR_Item model, Interpolation mode item tagging: Precision@K is 0.17054, MAP is: 0.35598, MRR is: 0.77835, in top 10 tags
264 users are loaded from /home/ll5fy/TUIR/dataset/yelp/byUser_70k_review/5foldsCVColdstart/3/...
260 users are loaded from /home/ll5fy/TUIR/dataset/yelp/byUser_70k_review/5foldsCVColdstart/0/...
244 users are loaded from /home/ll5fy/TUIR/dataset/yelp/byUser_70k_review/5foldsCVColdstart/1/...
266 users are loaded from /home/ll5fy/TUIR/dataset/yelp/byUser_70k_review/5foldsCVColdstart/2/...
256 users are loaded from /home/ll5fy/TUIR/dataset/yelp/byUser_70k_review/5foldsCVColdstart/4/...
[Info]Finish loading 861 items' weights in total 156639 items!
[Info]Begin tagging 861 items with ETBIR_Item Interpolation............
---- item 1: map is 0.34858, precision@k is 0.09091, mrr is 1.00000
---- item 51: map is 0.54961, precision@k is 0.18182, mrr is 1.00000
---- item 101: map is 1.00000, precision@k is 1.00000, mrr is 1.00000
---- item 151: map is 0.37377, precision@k is 0.09091, mrr is 1.00000
---- item 201: map is 0.34530, precision@k is 0.09091, mrr is 1.00000
---- item 251: map is 0.50476, precision@k is 0.09091, mrr is 1.00000
---- item 301: map is 0.26641, precision@k is 0.09091, mrr is 1.00000
---- item 351: map is 0.51538, precision@k is 0.09091, mrr is 1.00000
---- item 401: map is 0.18963, precision@k is 0.18182, mrr is 0.50000
---- item 451: map is 0.57479, precision@k is 0.18182, mrr is 1.00000
---- item 501: map is 0.02150, precision@k is 0.00000, mrr is 0.02632
---- item 551: map is 1.00000, precision@k is 1.00000, mrr is 1.00000
---- item 601: map is 0.29493, precision@k is 0.09091, mrr is 1.00000
---- item 651: map is 0.02802, precision@k is 0.00000, mrr is 0.05882
---- item 701: map is 0.17831, precision@k is 0.09091, mrr is 0.50000
---- item 751: map is 0.00430, precision@k is 0.00000, mrr is 0.00279
---- item 801: map is 0.35584, precision@k is 0.09091, mrr is 1.00000
---- item 851: map is 0.05822, precision@k is 0.09091, mrr is 0.12500
[Stat]ETBIR_Item model, Interpolation mode item tagging: Precision@K is 0.17448, MAP is: 0.35828, MRR is: 0.76828, in top 10 tags
256 users are loaded from /home/ll5fy/TUIR/dataset/yelp/byUser_70k_review/5foldsCVColdstart/4/...
260 users are loaded from /home/ll5fy/TUIR/dataset/yelp/byUser_70k_review/5foldsCVColdstart/0/...
244 users are loaded from /home/ll5fy/TUIR/dataset/yelp/byUser_70k_review/5foldsCVColdstart/1/...
266 users are loaded from /home/ll5fy/TUIR/dataset/yelp/byUser_70k_review/5foldsCVColdstart/2/...
264 users are loaded from /home/ll5fy/TUIR/dataset/yelp/byUser_70k_review/5foldsCVColdstart/3/...
[Info]Finish loading 861 items' weights in total 156639 items!
[Info]Begin tagging 861 items with ETBIR_Item Interpolation............
---- item 1: map is 0.43272, precision@k is 0.27273, mrr is 1.00000
---- item 51: map is 0.55000, precision@k is 0.18182, mrr is 1.00000
---- item 101: map is 1.00000, precision@k is 1.00000, mrr is 1.00000
---- item 151: map is 0.43583, precision@k is 0.18182, mrr is 1.00000
---- item 201: map is 0.34648, precision@k is 0.09091, mrr is 1.00000
---- item 251: map is 0.01337, precision@k is 0.00000, mrr is 0.01266
---- item 301: map is 0.26764, precision@k is 0.09091, mrr is 1.00000
---- item 351: map is 0.51493, precision@k is 0.09091, mrr is 1.00000
---- item 401: map is 0.20316, precision@k is 0.18182, mrr is 0.50000
---- item 451: map is 0.57479, precision@k is 0.18182, mrr is 1.00000
---- item 501: map is 0.05497, precision@k is 0.09091, mrr is 0.12500
---- item 551: map is 1.00000, precision@k is 1.00000, mrr is 1.00000
---- item 601: map is 0.32917, precision@k is 0.18182, mrr is 1.00000
---- item 651: map is 0.02865, precision@k is 0.00000, mrr is 0.06250
---- item 701: map is 0.17844, precision@k is 0.09091, mrr is 0.50000
---- item 751: map is 0.00432, precision@k is 0.00000, mrr is 0.00279
---- item 801: map is 0.35661, precision@k is 0.09091, mrr is 1.00000
---- item 851: map is 0.05910, precision@k is 0.09091, mrr is 0.14286
[Stat]ETBIR_Item model, Interpolation mode item tagging: Precision@K is 0.18317, MAP is: 0.36074, MRR is: 0.75535, in top 10 tags

[Stat]Running time (seconds) 365.60800
[Stat]MAP 0.350+/-0.011
[Stat]MRR 0.771+/-0.009
[Stat]Precision 0.164+/-0.017
