Load 6134 2-gram new features from /home/ll5fy/TUIR/dataset/yelp/yelp_features.txt...
Load 6134 2-gram new features from /home/ll5fy/TUIR/dataset/yelp/yelp_features.txt...
[Info]Start FIXED cross validation...
[Info]Load 553 tags, with 6134 features.
260 users are loaded from /home/ll5fy/TUIR/dataset/yelp/byUser_70k_review/5foldsCVColdstart/0/...
244 users are loaded from /home/ll5fy/TUIR/dataset/yelp/byUser_70k_review/5foldsCVColdstart/1/...
266 users are loaded from /home/ll5fy/TUIR/dataset/yelp/byUser_70k_review/5foldsCVColdstart/2/...
264 users are loaded from /home/ll5fy/TUIR/dataset/yelp/byUser_70k_review/5foldsCVColdstart/3/...
256 users are loaded from /home/ll5fy/TUIR/dataset/yelp/byUser_70k_review/5foldsCVColdstart/4/...
[Info]Finish loading 722 items' weights in total 156639 items!
[Info]Begin tagging 722 items with LDA_User Interpolation............
---- item 1: map is 0.56473, precision@k is 0.18182, mrr is 1.00000
---- item 51: map is 0.25187, precision@k is 0.09091, mrr is 0.50000
---- item 101: map is 0.83333, precision@k is 0.66667, mrr is 1.00000
---- item 151: map is 0.20262, precision@k is 0.09091, mrr is 0.50000
---- item 201: map is 0.38845, precision@k is 0.18182, mrr is 1.00000
---- item 251: map is 0.83333, precision@k is 0.66667, mrr is 1.00000
---- item 301: map is 0.08596, precision@k is 0.09091, mrr is 0.16667
---- item 351: map is 0.35747, precision@k is 0.18182, mrr is 1.00000
---- item 401: map is 0.32381, precision@k is 0.18182, mrr is 1.00000
---- item 451: map is 0.58588, precision@k is 0.27273, mrr is 1.00000
---- item 501: map is 0.17364, precision@k is 0.09091, mrr is 0.50000
---- item 551: map is 0.67003, precision@k is 0.18182, mrr is 1.00000
---- item 601: map is 0.41667, precision@k is 0.33333, mrr is 0.50000
---- item 651: map is 0.23399, precision@k is 0.18182, mrr is 0.50000
---- item 701: map is 0.70000, precision@k is 0.40000, mrr is 1.00000
[Stat]LDA_User model, Interpolation mode item tagging: Precision@K is 0.19625, MAP is: 0.32969, MRR is: 0.62953, in top 10 tags
244 users are loaded from /home/ll5fy/TUIR/dataset/yelp/byUser_70k_review/5foldsCVColdstart/1/...
260 users are loaded from /home/ll5fy/TUIR/dataset/yelp/byUser_70k_review/5foldsCVColdstart/0/...
266 users are loaded from /home/ll5fy/TUIR/dataset/yelp/byUser_70k_review/5foldsCVColdstart/2/...
264 users are loaded from /home/ll5fy/TUIR/dataset/yelp/byUser_70k_review/5foldsCVColdstart/3/...
256 users are loaded from /home/ll5fy/TUIR/dataset/yelp/byUser_70k_review/5foldsCVColdstart/4/...
[Info]Finish loading 732 items' weights in total 156639 items!
[Info]Begin tagging 732 items with LDA_User Interpolation............
---- item 1: map is 0.67949, precision@k is 0.18182, mrr is 1.00000
---- item 51: map is 0.40329, precision@k is 0.18182, mrr is 1.00000
---- item 101: map is 0.09898, precision@k is 0.09091, mrr is 0.16667
---- item 151: map is 0.36193, precision@k is 0.18182, mrr is 1.00000
---- item 201: map is 0.83333, precision@k is 0.66667, mrr is 1.00000
---- item 251: map is 0.33333, precision@k is 0.09091, mrr is 0.50000
---- item 301: map is 0.44716, precision@k is 0.18182, mrr is 1.00000
---- item 351: map is 0.25758, precision@k is 0.09091, mrr is 0.33333
---- item 401: map is 0.12544, precision@k is 0.09091, mrr is 0.33333
---- item 451: map is 0.26837, precision@k is 0.18182, mrr is 1.00000
---- item 501: map is 0.50000, precision@k is 0.50000, mrr is 0.50000
---- item 551: map is 0.00448, precision@k is 0.00000, mrr is 0.00265
---- item 601: map is 0.02597, precision@k is 0.00000, mrr is 0.02273
---- item 651: map is 0.26263, precision@k is 0.18182, mrr is 0.33333
---- item 701: map is 0.41657, precision@k is 0.18182, mrr is 1.00000
[Stat]LDA_User model, Interpolation mode item tagging: Precision@K is 0.21776, MAP is: 0.37245, MRR is: 0.68210, in top 10 tags
266 users are loaded from /home/ll5fy/TUIR/dataset/yelp/byUser_70k_review/5foldsCVColdstart/2/...
260 users are loaded from /home/ll5fy/TUIR/dataset/yelp/byUser_70k_review/5foldsCVColdstart/0/...
244 users are loaded from /home/ll5fy/TUIR/dataset/yelp/byUser_70k_review/5foldsCVColdstart/1/...
264 users are loaded from /home/ll5fy/TUIR/dataset/yelp/byUser_70k_review/5foldsCVColdstart/3/...
256 users are loaded from /home/ll5fy/TUIR/dataset/yelp/byUser_70k_review/5foldsCVColdstart/4/...
[Info]Finish loading 702 items' weights in total 156639 items!
[Info]Begin tagging 702 items with LDA_User Interpolation............
---- item 1: map is 0.55814, precision@k is 0.18182, mrr is 1.00000
---- item 51: map is 0.39530, precision@k is 0.27273, mrr is 0.50000
---- item 101: map is 0.50543, precision@k is 0.09091, mrr is 1.00000
---- item 151: map is 0.23755, precision@k is 0.18182, mrr is 0.50000
---- item 201: map is 0.19356, precision@k is 0.09091, mrr is 1.00000
---- item 251: map is 0.24733, precision@k is 0.27273, mrr is 0.50000
---- item 301: map is 0.13776, precision@k is 0.18182, mrr is 0.16667
---- item 351: map is 0.43515, precision@k is 0.18182, mrr is 1.00000
---- item 401: map is 0.50698, precision@k is 0.27273, mrr is 1.00000
---- item 451: map is 0.69440, precision@k is 0.27273, mrr is 1.00000
---- item 501: map is 0.34629, precision@k is 0.27273, mrr is 0.50000
---- item 551: map is 0.52707, precision@k is 0.27273, mrr is 1.00000
---- item 601: map is 0.25436, precision@k is 0.27273, mrr is 0.33333
---- item 651: map is 0.40488, precision@k is 0.18182, mrr is 1.00000
---- item 701: map is 0.30952, precision@k is 0.28571, mrr is 0.33333
[Stat]LDA_User model, Interpolation mode item tagging: Precision@K is 0.22394, MAP is: 0.37337, MRR is: 0.66024, in top 10 tags
264 users are loaded from /home/ll5fy/TUIR/dataset/yelp/byUser_70k_review/5foldsCVColdstart/3/...
260 users are loaded from /home/ll5fy/TUIR/dataset/yelp/byUser_70k_review/5foldsCVColdstart/0/...
244 users are loaded from /home/ll5fy/TUIR/dataset/yelp/byUser_70k_review/5foldsCVColdstart/1/...
266 users are loaded from /home/ll5fy/TUIR/dataset/yelp/byUser_70k_review/5foldsCVColdstart/2/...
256 users are loaded from /home/ll5fy/TUIR/dataset/yelp/byUser_70k_review/5foldsCVColdstart/4/...
[Info]Finish loading 717 items' weights in total 156639 items!
[Info]Begin tagging 717 items with LDA_User Interpolation............
---- item 1: map is 0.67803, precision@k is 0.18182, mrr is 1.00000
---- item 51: map is 0.55876, precision@k is 0.18182, mrr is 1.00000
---- item 101: map is 0.22619, precision@k is 0.28571, mrr is 0.16667
---- item 151: map is 0.09018, precision@k is 0.09091, mrr is 0.16667
---- item 201: map is 0.34496, precision@k is 0.27273, mrr is 0.50000
---- item 251: map is 0.07382, precision@k is 0.09091, mrr is 0.14286
---- item 301: map is 0.28151, precision@k is 0.18182, mrr is 0.33333
---- item 351: map is 0.02509, precision@k is 0.00000, mrr is 0.03571
---- item 401: map is 0.00747, precision@k is 0.00000, mrr is 0.00524
---- item 451: map is 0.70000, precision@k is 0.40000, mrr is 1.00000
---- item 501: map is 1.00000, precision@k is 1.00000, mrr is 1.00000
---- item 551: map is 0.67045, precision@k is 0.18182, mrr is 1.00000
---- item 601: map is 0.05619, precision@k is 0.09091, mrr is 0.14286
---- item 651: map is 0.34465, precision@k is 0.27273, mrr is 0.50000
---- item 701: map is 0.40857, precision@k is 0.36364, mrr is 1.00000
[Stat]LDA_User model, Interpolation mode item tagging: Precision@K is 0.23510, MAP is: 0.38064, MRR is: 0.67237, in top 10 tags
256 users are loaded from /home/ll5fy/TUIR/dataset/yelp/byUser_70k_review/5foldsCVColdstart/4/...
260 users are loaded from /home/ll5fy/TUIR/dataset/yelp/byUser_70k_review/5foldsCVColdstart/0/...
244 users are loaded from /home/ll5fy/TUIR/dataset/yelp/byUser_70k_review/5foldsCVColdstart/1/...
266 users are loaded from /home/ll5fy/TUIR/dataset/yelp/byUser_70k_review/5foldsCVColdstart/2/...
264 users are loaded from /home/ll5fy/TUIR/dataset/yelp/byUser_70k_review/5foldsCVColdstart/3/...
[Info]Finish loading 726 items' weights in total 156639 items!
[Info]Begin tagging 726 items with LDA_User Interpolation............
---- item 1: map is 0.56546, precision@k is 0.18182, mrr is 1.00000
---- item 51: map is 0.22430, precision@k is 0.09091, mrr is 1.00000
---- item 101: map is 0.44524, precision@k is 0.18182, mrr is 1.00000
---- item 151: map is 0.12356, precision@k is 0.09091, mrr is 0.33333
---- item 201: map is 0.70000, precision@k is 0.40000, mrr is 1.00000
---- item 251: map is 0.34603, precision@k is 0.09091, mrr is 1.00000
---- item 301: map is 0.41943, precision@k is 0.18182, mrr is 1.00000
---- item 351: map is 1.00000, precision@k is 1.00000, mrr is 1.00000
---- item 401: map is 0.37667, precision@k is 0.09091, mrr is 1.00000
---- item 451: map is 0.20629, precision@k is 0.09091, mrr is 0.50000
---- item 501: map is 0.65909, precision@k is 0.27273, mrr is 1.00000
---- item 551: map is 0.52578, precision@k is 0.27273, mrr is 1.00000
---- item 601: map is 0.44444, precision@k is 0.27273, mrr is 0.50000
---- item 651: map is 0.66667, precision@k is 0.50000, mrr is 1.00000
---- item 701: map is 0.50804, precision@k is 0.18182, mrr is 1.00000
[Stat]LDA_User model, Interpolation mode item tagging: Precision@K is 0.22950, MAP is: 0.37673, MRR is: 0.66627, in top 10 tags

[Stat]Running time (seconds) 304.80300
[Stat]MAP 0.367+/-0.019
[Stat]MRR 0.662+/-0.018
[Stat]Precision 0.221+/-0.013
