Load 6134 2-gram new features from /home/ll5fy/TUIR/dataset/yelp/yelp_features.txt...
Load 6134 2-gram new features from /home/ll5fy/TUIR/dataset/yelp/yelp_features.txt...
[Info]Start FIXED cross validation...
[Info]Load 553 tags, with 6134 features.
260 users are loaded from /home/ll5fy/TUIR/dataset/yelp/byUser_70k_review/5foldsCVColdstart/0/...
244 users are loaded from /home/ll5fy/TUIR/dataset/yelp/byUser_70k_review/5foldsCVColdstart/1/...
266 users are loaded from /home/ll5fy/TUIR/dataset/yelp/byUser_70k_review/5foldsCVColdstart/2/...
264 users are loaded from /home/ll5fy/TUIR/dataset/yelp/byUser_70k_review/5foldsCVColdstart/3/...
256 users are loaded from /home/ll5fy/TUIR/dataset/yelp/byUser_70k_review/5foldsCVColdstart/4/...
[Info]Finish loading 722 items' weights in total 156639 items!
[Info]Begin tagging 722 items with CTM Interpolation............
---- item 1: map is 0.47174, precision@k is 0.18182, mrr is 1.00000
---- item 51: map is 0.12685, precision@k is 0.09091, mrr is 0.25000
---- item 101: map is 0.19643, precision@k is 0.09091, mrr is 0.25000
---- item 151: map is 0.09791, precision@k is 0.09091, mrr is 0.25000
---- item 201: map is 0.35724, precision@k is 0.18182, mrr is 1.00000
---- item 251: map is 1.00000, precision@k is 1.00000, mrr is 1.00000
---- item 301: map is 0.07466, precision@k is 0.09091, mrr is 0.20000
---- item 351: map is 0.34120, precision@k is 0.18182, mrr is 1.00000
---- item 401: map is 0.33536, precision@k is 0.18182, mrr is 1.00000
---- item 451: map is 0.43219, precision@k is 0.18182, mrr is 1.00000
---- item 501: map is 0.08779, precision@k is 0.09091, mrr is 0.25000
---- item 551: map is 0.34012, precision@k is 0.09091, mrr is 1.00000
---- item 601: map is 0.10719, precision@k is 0.09091, mrr is 0.20000
---- item 651: map is 0.31528, precision@k is 0.27273, mrr is 0.50000
---- item 701: map is 0.11449, precision@k is 0.09091, mrr is 0.20000
[Stat]CTM model, Interpolation mode item tagging: Precision@K is 0.15175, MAP is: 0.23006, MRR is: 0.47444, in top 10 tags
244 users are loaded from /home/ll5fy/TUIR/dataset/yelp/byUser_70k_review/5foldsCVColdstart/1/...
260 users are loaded from /home/ll5fy/TUIR/dataset/yelp/byUser_70k_review/5foldsCVColdstart/0/...
266 users are loaded from /home/ll5fy/TUIR/dataset/yelp/byUser_70k_review/5foldsCVColdstart/2/...
264 users are loaded from /home/ll5fy/TUIR/dataset/yelp/byUser_70k_review/5foldsCVColdstart/3/...
256 users are loaded from /home/ll5fy/TUIR/dataset/yelp/byUser_70k_review/5foldsCVColdstart/4/...
[Info]Finish loading 732 items' weights in total 156639 items!
[Info]Begin tagging 732 items with CTM Interpolation............
---- item 1: map is 0.66993, precision@k is 0.18182, mrr is 1.00000
---- item 51: map is 0.37034, precision@k is 0.09091, mrr is 1.00000
---- item 101: map is 0.09521, precision@k is 0.09091, mrr is 0.25000
---- item 151: map is 0.42886, precision@k is 0.18182, mrr is 1.00000
---- item 201: map is 1.00000, precision@k is 1.00000, mrr is 1.00000
---- item 251: map is 0.29545, precision@k is 0.09091, mrr is 0.50000
---- item 301: map is 0.41040, precision@k is 0.18182, mrr is 1.00000
---- item 351: map is 0.25505, precision@k is 0.09091, mrr is 0.50000
---- item 401: map is 0.17290, precision@k is 0.09091, mrr is 0.50000
---- item 451: map is 0.26542, precision@k is 0.18182, mrr is 1.00000
---- item 501: map is 0.50000, precision@k is 0.50000, mrr is 0.50000
---- item 551: map is 0.00442, precision@k is 0.00000, mrr is 0.00290
---- item 601: map is 0.01839, precision@k is 0.00000, mrr is 0.01961
---- item 651: map is 0.18141, precision@k is 0.09091, mrr is 0.50000
---- item 701: map is 0.41799, precision@k is 0.18182, mrr is 1.00000
[Stat]CTM model, Interpolation mode item tagging: Precision@K is 0.20870, MAP is: 0.37371, MRR is: 0.72215, in top 10 tags
266 users are loaded from /home/ll5fy/TUIR/dataset/yelp/byUser_70k_review/5foldsCVColdstart/2/...
260 users are loaded from /home/ll5fy/TUIR/dataset/yelp/byUser_70k_review/5foldsCVColdstart/0/...
244 users are loaded from /home/ll5fy/TUIR/dataset/yelp/byUser_70k_review/5foldsCVColdstart/1/...
264 users are loaded from /home/ll5fy/TUIR/dataset/yelp/byUser_70k_review/5foldsCVColdstart/3/...
256 users are loaded from /home/ll5fy/TUIR/dataset/yelp/byUser_70k_review/5foldsCVColdstart/4/...
[Info]Finish loading 702 items' weights in total 156639 items!
[Info]Begin tagging 702 items with CTM Interpolation............
---- item 1: map is 0.38751, precision@k is 0.09091, mrr is 1.00000
---- item 51: map is 0.32379, precision@k is 0.27273, mrr is 0.50000
---- item 101: map is 0.50676, precision@k is 0.09091, mrr is 1.00000
---- item 151: map is 0.26227, precision@k is 0.18182, mrr is 0.50000
---- item 201: map is 0.20335, precision@k is 0.09091, mrr is 1.00000
---- item 251: map is 0.25222, precision@k is 0.27273, mrr is 0.50000
---- item 301: map is 0.13041, precision@k is 0.09091, mrr is 0.33333
---- item 351: map is 0.34744, precision@k is 0.09091, mrr is 1.00000
---- item 401: map is 0.37617, precision@k is 0.27273, mrr is 1.00000
---- item 451: map is 0.75870, precision@k is 0.27273, mrr is 1.00000
---- item 501: map is 0.33488, precision@k is 0.27273, mrr is 0.50000
---- item 551: map is 0.43930, precision@k is 0.18182, mrr is 1.00000
---- item 601: map is 0.28961, precision@k is 0.27273, mrr is 0.50000
---- item 651: map is 0.39098, precision@k is 0.09091, mrr is 1.00000
---- item 701: map is 0.41667, precision@k is 0.50000, mrr is 0.33333
[Stat]CTM model, Interpolation mode item tagging: Precision@K is 0.21211, MAP is: 0.37572, MRR is: 0.69853, in top 10 tags
264 users are loaded from /home/ll5fy/TUIR/dataset/yelp/byUser_70k_review/5foldsCVColdstart/3/...
260 users are loaded from /home/ll5fy/TUIR/dataset/yelp/byUser_70k_review/5foldsCVColdstart/0/...
244 users are loaded from /home/ll5fy/TUIR/dataset/yelp/byUser_70k_review/5foldsCVColdstart/1/...
266 users are loaded from /home/ll5fy/TUIR/dataset/yelp/byUser_70k_review/5foldsCVColdstart/2/...
256 users are loaded from /home/ll5fy/TUIR/dataset/yelp/byUser_70k_review/5foldsCVColdstart/4/...
[Info]Finish loading 717 items' weights in total 156639 items!
[Info]Begin tagging 717 items with CTM Interpolation............
---- item 1: map is 0.67333, precision@k is 0.18182, mrr is 1.00000
---- item 51: map is 0.67342, precision@k is 0.18182, mrr is 1.00000
---- item 101: map is 0.29167, precision@k is 0.33333, mrr is 0.25000
---- item 151: map is 0.09121, precision@k is 0.09091, mrr is 0.16667
---- item 201: map is 0.26642, precision@k is 0.18182, mrr is 0.50000
---- item 251: map is 0.16863, precision@k is 0.09091, mrr is 0.33333
---- item 301: map is 0.23063, precision@k is 0.18182, mrr is 0.33333
---- item 351: map is 0.02245, precision@k is 0.00000, mrr is 0.02778
---- item 401: map is 0.00840, precision@k is 0.00000, mrr is 0.00654
---- item 451: map is 0.51408, precision@k is 0.09091, mrr is 1.00000
---- item 501: map is 1.00000, precision@k is 1.00000, mrr is 1.00000
---- item 551: map is 0.66998, precision@k is 0.18182, mrr is 1.00000
---- item 601: map is 0.11939, precision@k is 0.09091, mrr is 0.33333
---- item 651: map is 0.27573, precision@k is 0.18182, mrr is 0.50000
---- item 701: map is 0.36806, precision@k is 0.18182, mrr is 1.00000
[Stat]CTM model, Interpolation mode item tagging: Precision@K is 0.22141, MAP is: 0.38013, MRR is: 0.69719, in top 10 tags
256 users are loaded from /home/ll5fy/TUIR/dataset/yelp/byUser_70k_review/5foldsCVColdstart/4/...
260 users are loaded from /home/ll5fy/TUIR/dataset/yelp/byUser_70k_review/5foldsCVColdstart/0/...
244 users are loaded from /home/ll5fy/TUIR/dataset/yelp/byUser_70k_review/5foldsCVColdstart/1/...
266 users are loaded from /home/ll5fy/TUIR/dataset/yelp/byUser_70k_review/5foldsCVColdstart/2/...
264 users are loaded from /home/ll5fy/TUIR/dataset/yelp/byUser_70k_review/5foldsCVColdstart/3/...
[Info]Finish loading 726 items' weights in total 156639 items!
[Info]Begin tagging 726 items with CTM Interpolation............
---- item 1: map is 0.67381, precision@k is 0.18182, mrr is 1.00000
---- item 51: map is 0.22199, precision@k is 0.09091, mrr is 1.00000
---- item 101: map is 0.50962, precision@k is 0.18182, mrr is 1.00000
---- item 151: map is 0.18242, precision@k is 0.09091, mrr is 0.50000
---- item 201: map is 0.83333, precision@k is 0.66667, mrr is 1.00000
---- item 251: map is 0.34945, precision@k is 0.09091, mrr is 1.00000
---- item 301: map is 0.41946, precision@k is 0.18182, mrr is 1.00000
---- item 351: map is 1.00000, precision@k is 1.00000, mrr is 1.00000
---- item 401: map is 0.35972, precision@k is 0.09091, mrr is 1.00000
---- item 451: map is 0.20000, precision@k is 0.09091, mrr is 0.50000
---- item 501: map is 0.56959, precision@k is 0.18182, mrr is 1.00000
---- item 551: map is 0.45273, precision@k is 0.18182, mrr is 1.00000
---- item 601: map is 0.41005, precision@k is 0.27273, mrr is 0.50000
---- item 651: map is 0.61111, precision@k is 0.33333, mrr is 1.00000
---- item 701: map is 0.50922, precision@k is 0.18182, mrr is 1.00000
[Stat]CTM model, Interpolation mode item tagging: Precision@K is 0.22664, MAP is: 0.38235, MRR is: 0.68902, in top 10 tags

[Stat]Running time (seconds) 311.76300
[Stat]MAP 0.348+/-0.059
[Stat]MRR 0.656+/-0.092
[Stat]Precision 0.204+/-0.027
