Load 6134 2-gram new features from /home/ll5fy/TUIR/dataset/yelp/yelp_features.txt...
Load 6134 2-gram new features from /home/ll5fy/TUIR/dataset/yelp/yelp_features.txt...
[Info]Start FIXED cross validation...
[Info]Load 553 tags, with 6134 features.
260 users are loaded from /home/ll5fy/TUIR/dataset/yelp/byUser_70k_review/5foldsCVColdstart/0/...
244 users are loaded from /home/ll5fy/TUIR/dataset/yelp/byUser_70k_review/5foldsCVColdstart/1/...
266 users are loaded from /home/ll5fy/TUIR/dataset/yelp/byUser_70k_review/5foldsCVColdstart/2/...
264 users are loaded from /home/ll5fy/TUIR/dataset/yelp/byUser_70k_review/5foldsCVColdstart/3/...
256 users are loaded from /home/ll5fy/TUIR/dataset/yelp/byUser_70k_review/5foldsCVColdstart/4/...
[Info]Finish loading 861 items' weights in total 156639 items!
[Info]Begin tagging 861 items with ETBIR Interpolation............
---- item 1: map is 0.40195, precision@k is 0.18182, mrr is 1.00000
---- item 51: map is 0.54852, precision@k is 0.18182, mrr is 1.00000
---- item 101: map is 0.83333, precision@k is 0.66667, mrr is 1.00000
---- item 151: map is 0.21086, precision@k is 0.09091, mrr is 0.50000
---- item 201: map is 0.34308, precision@k is 0.09091, mrr is 1.00000
---- item 251: map is 0.13949, precision@k is 0.09091, mrr is 0.25000
---- item 301: map is 0.50480, precision@k is 0.18182, mrr is 1.00000
---- item 351: map is 0.54167, precision@k is 0.09091, mrr is 1.00000
---- item 401: map is 0.15738, precision@k is 0.09091, mrr is 0.50000
---- item 451: map is 0.58413, precision@k is 0.18182, mrr is 1.00000
---- item 501: map is 0.34560, precision@k is 0.09091, mrr is 1.00000
---- item 551: map is 0.83333, precision@k is 0.66667, mrr is 1.00000
---- item 601: map is 0.03387, precision@k is 0.00000, mrr is 0.04348
---- item 651: map is 0.02549, precision@k is 0.00000, mrr is 0.05556
---- item 701: map is 0.34167, precision@k is 0.09091, mrr is 1.00000
---- item 751: map is 0.00441, precision@k is 0.00000, mrr is 0.00293
---- item 801: map is 0.36641, precision@k is 0.09091, mrr is 1.00000
---- item 851: map is 0.08011, precision@k is 0.09091, mrr is 0.25000
[Stat]ETBIR model, Interpolation mode item tagging: Precision@K is 0.20575, MAP is: 0.36828, MRR is: 0.71498, in top 10 tags
244 users are loaded from /home/ll5fy/TUIR/dataset/yelp/byUser_70k_review/5foldsCVColdstart/1/...
260 users are loaded from /home/ll5fy/TUIR/dataset/yelp/byUser_70k_review/5foldsCVColdstart/0/...
266 users are loaded from /home/ll5fy/TUIR/dataset/yelp/byUser_70k_review/5foldsCVColdstart/2/...
264 users are loaded from /home/ll5fy/TUIR/dataset/yelp/byUser_70k_review/5foldsCVColdstart/3/...
256 users are loaded from /home/ll5fy/TUIR/dataset/yelp/byUser_70k_review/5foldsCVColdstart/4/...
[Info]Finish loading 861 items' weights in total 156639 items!
[Info]Begin tagging 861 items with ETBIR Interpolation............
---- item 1: map is 0.39590, precision@k is 0.09091, mrr is 1.00000
---- item 51: map is 0.40848, precision@k is 0.18182, mrr is 1.00000
---- item 101: map is 0.83333, precision@k is 0.66667, mrr is 1.00000
---- item 151: map is 0.15023, precision@k is 0.09091, mrr is 0.33333
---- item 201: map is 0.34363, precision@k is 0.09091, mrr is 1.00000
---- item 251: map is 0.15132, precision@k is 0.09091, mrr is 0.25000
---- item 301: map is 0.50535, precision@k is 0.18182, mrr is 1.00000
---- item 351: map is 0.55000, precision@k is 0.09091, mrr is 1.00000
---- item 401: map is 0.28250, precision@k is 0.27273, mrr is 0.50000
---- item 451: map is 0.59903, precision@k is 0.18182, mrr is 1.00000
---- item 501: map is 0.34544, precision@k is 0.09091, mrr is 1.00000
---- item 551: map is 0.75000, precision@k is 0.50000, mrr is 1.00000
---- item 601: map is 0.43358, precision@k is 0.18182, mrr is 1.00000
---- item 651: map is 0.02732, precision@k is 0.00000, mrr is 0.04545
---- item 701: map is 0.17721, precision@k is 0.09091, mrr is 0.50000
---- item 751: map is 0.00435, precision@k is 0.00000, mrr is 0.00278
---- item 801: map is 0.37926, precision@k is 0.09091, mrr is 1.00000
---- item 851: map is 0.10612, precision@k is 0.09091, mrr is 0.33333
[Stat]ETBIR model, Interpolation mode item tagging: Precision@K is 0.21966, MAP is: 0.37475, MRR is: 0.68462, in top 10 tags
266 users are loaded from /home/ll5fy/TUIR/dataset/yelp/byUser_70k_review/5foldsCVColdstart/2/...
260 users are loaded from /home/ll5fy/TUIR/dataset/yelp/byUser_70k_review/5foldsCVColdstart/0/...
244 users are loaded from /home/ll5fy/TUIR/dataset/yelp/byUser_70k_review/5foldsCVColdstart/1/...
264 users are loaded from /home/ll5fy/TUIR/dataset/yelp/byUser_70k_review/5foldsCVColdstart/3/...
256 users are loaded from /home/ll5fy/TUIR/dataset/yelp/byUser_70k_review/5foldsCVColdstart/4/...
[Info]Finish loading 861 items' weights in total 156639 items!
[Info]Begin tagging 861 items with ETBIR Interpolation............
---- item 1: map is 0.55772, precision@k is 0.18182, mrr is 1.00000
---- item 51: map is 0.37871, precision@k is 0.18182, mrr is 1.00000
---- item 101: map is 0.75000, precision@k is 0.50000, mrr is 1.00000
---- item 151: map is 0.17778, precision@k is 0.09091, mrr is 0.33333
---- item 201: map is 0.34314, precision@k is 0.09091, mrr is 1.00000
---- item 251: map is 0.18382, precision@k is 0.09091, mrr is 0.25000
---- item 301: map is 0.50534, precision@k is 0.18182, mrr is 1.00000
---- item 351: map is 0.75000, precision@k is 0.50000, mrr is 1.00000
---- item 401: map is 0.34942, precision@k is 0.27273, mrr is 0.50000
---- item 451: map is 0.59402, precision@k is 0.18182, mrr is 1.00000
---- item 501: map is 0.34558, precision@k is 0.09091, mrr is 1.00000
---- item 551: map is 0.75000, precision@k is 0.50000, mrr is 1.00000
---- item 601: map is 0.43551, precision@k is 0.18182, mrr is 1.00000
---- item 651: map is 0.02932, precision@k is 0.00000, mrr is 0.05882
---- item 701: map is 0.17613, precision@k is 0.09091, mrr is 0.50000
---- item 751: map is 0.00435, precision@k is 0.00000, mrr is 0.00269
---- item 801: map is 0.41374, precision@k is 0.18182, mrr is 1.00000
---- item 851: map is 0.10093, precision@k is 0.09091, mrr is 0.25000
[Stat]ETBIR model, Interpolation mode item tagging: Precision@K is 0.22742, MAP is: 0.37368, MRR is: 0.66860, in top 10 tags
264 users are loaded from /home/ll5fy/TUIR/dataset/yelp/byUser_70k_review/5foldsCVColdstart/3/...
260 users are loaded from /home/ll5fy/TUIR/dataset/yelp/byUser_70k_review/5foldsCVColdstart/0/...
244 users are loaded from /home/ll5fy/TUIR/dataset/yelp/byUser_70k_review/5foldsCVColdstart/1/...
266 users are loaded from /home/ll5fy/TUIR/dataset/yelp/byUser_70k_review/5foldsCVColdstart/2/...
256 users are loaded from /home/ll5fy/TUIR/dataset/yelp/byUser_70k_review/5foldsCVColdstart/4/...
[Info]Finish loading 861 items' weights in total 156639 items!
[Info]Begin tagging 861 items with ETBIR Interpolation............
---- item 1: map is 0.55760, precision@k is 0.18182, mrr is 1.00000
---- item 51: map is 0.36093, precision@k is 0.18182, mrr is 1.00000
---- item 101: map is 0.75000, precision@k is 0.50000, mrr is 1.00000
---- item 151: map is 0.18306, precision@k is 0.18182, mrr is 0.25000
---- item 201: map is 0.34371, precision@k is 0.09091, mrr is 1.00000
---- item 251: map is 0.28571, precision@k is 0.09091, mrr is 0.50000
---- item 301: map is 0.50445, precision@k is 0.18182, mrr is 1.00000
---- item 351: map is 0.83333, precision@k is 0.66667, mrr is 1.00000
---- item 401: map is 0.35072, precision@k is 0.27273, mrr is 0.50000
---- item 451: map is 0.42871, precision@k is 0.18182, mrr is 1.00000
---- item 501: map is 0.34443, precision@k is 0.09091, mrr is 1.00000
---- item 551: map is 0.64286, precision@k is 0.28571, mrr is 1.00000
---- item 601: map is 0.43612, precision@k is 0.18182, mrr is 1.00000
---- item 651: map is 0.02995, precision@k is 0.00000, mrr is 0.05000
---- item 701: map is 0.17993, precision@k is 0.09091, mrr is 0.50000
---- item 751: map is 0.00437, precision@k is 0.00000, mrr is 0.00275
---- item 801: map is 0.41460, precision@k is 0.18182, mrr is 1.00000
---- item 851: map is 0.09897, precision@k is 0.09091, mrr is 0.25000
[Stat]ETBIR model, Interpolation mode item tagging: Precision@K is 0.22590, MAP is: 0.36736, MRR is: 0.66069, in top 10 tags
256 users are loaded from /home/ll5fy/TUIR/dataset/yelp/byUser_70k_review/5foldsCVColdstart/4/...
260 users are loaded from /home/ll5fy/TUIR/dataset/yelp/byUser_70k_review/5foldsCVColdstart/0/...
244 users are loaded from /home/ll5fy/TUIR/dataset/yelp/byUser_70k_review/5foldsCVColdstart/1/...
266 users are loaded from /home/ll5fy/TUIR/dataset/yelp/byUser_70k_review/5foldsCVColdstart/2/...
264 users are loaded from /home/ll5fy/TUIR/dataset/yelp/byUser_70k_review/5foldsCVColdstart/3/...
[Info]Finish loading 861 items' weights in total 156639 items!
[Info]Begin tagging 861 items with ETBIR Interpolation............
---- item 1: map is 0.73333, precision@k is 0.66667, mrr is 1.00000
---- item 51: map is 0.36961, precision@k is 0.18182, mrr is 1.00000
---- item 101: map is 0.75000, precision@k is 0.50000, mrr is 1.00000
---- item 151: map is 0.57641, precision@k is 0.27273, mrr is 1.00000
---- item 201: map is 0.34445, precision@k is 0.09091, mrr is 1.00000
---- item 251: map is 0.19643, precision@k is 0.09091, mrr is 0.25000
---- item 301: map is 0.50543, precision@k is 0.18182, mrr is 1.00000
---- item 351: map is 0.83333, precision@k is 0.66667, mrr is 1.00000
---- item 401: map is 0.34907, precision@k is 0.27273, mrr is 0.50000
---- item 451: map is 0.43018, precision@k is 0.18182, mrr is 1.00000
---- item 501: map is 0.34493, precision@k is 0.09091, mrr is 1.00000
---- item 551: map is 0.64286, precision@k is 0.28571, mrr is 1.00000
---- item 601: map is 0.43542, precision@k is 0.18182, mrr is 1.00000
---- item 651: map is 0.02854, precision@k is 0.00000, mrr is 0.04348
---- item 701: map is 0.18434, precision@k is 0.09091, mrr is 0.50000
---- item 751: map is 0.00429, precision@k is 0.00000, mrr is 0.00280
---- item 801: map is 0.41516, precision@k is 0.18182, mrr is 1.00000
---- item 851: map is 0.10018, precision@k is 0.09091, mrr is 0.25000
[Stat]ETBIR model, Interpolation mode item tagging: Precision@K is 0.22937, MAP is: 0.37256, MRR is: 0.66074, in top 10 tags

[Stat]Running time (seconds) 364.43100
[Stat]MAP 0.371+/-0.003
[Stat]MRR 0.678+/-0.020
[Stat]Precision 0.222+/-0.009
