Load 6134 2-gram new features from /home/ll5fy/TUIR/dataset/yelp/yelp_features.txt...
Load 6134 2-gram new features from /home/ll5fy/TUIR/dataset/yelp/yelp_features.txt...
[Info]Start FIXED cross validation...
[Info]Load 553 tags, with 6134 features.
260 users are loaded from /home/ll5fy/TUIR/dataset/yelp/byUser_70k_review/5foldsCVColdstart/0/...
244 users are loaded from /home/ll5fy/TUIR/dataset/yelp/byUser_70k_review/5foldsCVColdstart/1/...
266 users are loaded from /home/ll5fy/TUIR/dataset/yelp/byUser_70k_review/5foldsCVColdstart/2/...
264 users are loaded from /home/ll5fy/TUIR/dataset/yelp/byUser_70k_review/5foldsCVColdstart/3/...
256 users are loaded from /home/ll5fy/TUIR/dataset/yelp/byUser_70k_review/5foldsCVColdstart/4/...
[Info]Finish loading 861 items' weights in total 156639 items!
[Info]Begin tagging 861 items with ETBIR_Item Interpolation............
---- item 1: map is 0.55888, precision@k is 0.18182, mrr is 1.00000
---- item 51: map is 0.38492, precision@k is 0.18182, mrr is 1.00000
---- item 101: map is 0.75000, precision@k is 0.50000, mrr is 1.00000
---- item 151: map is 0.15964, precision@k is 0.09091, mrr is 0.33333
---- item 201: map is 0.34453, precision@k is 0.09091, mrr is 1.00000
---- item 251: map is 0.19643, precision@k is 0.09091, mrr is 0.25000
---- item 301: map is 0.50549, precision@k is 0.18182, mrr is 1.00000
---- item 351: map is 0.75000, precision@k is 0.50000, mrr is 1.00000
---- item 401: map is 0.18006, precision@k is 0.18182, mrr is 0.50000
---- item 451: map is 0.57778, precision@k is 0.18182, mrr is 1.00000
---- item 501: map is 0.34481, precision@k is 0.09091, mrr is 1.00000
---- item 551: map is 0.62500, precision@k is 0.25000, mrr is 1.00000
---- item 601: map is 0.02572, precision@k is 0.00000, mrr is 0.02564
---- item 651: map is 0.02994, precision@k is 0.00000, mrr is 0.07143
---- item 701: map is 0.34426, precision@k is 0.09091, mrr is 1.00000
---- item 751: map is 0.00438, precision@k is 0.00000, mrr is 0.00280
---- item 801: map is 0.41481, precision@k is 0.18182, mrr is 1.00000
---- item 851: map is 0.09987, precision@k is 0.09091, mrr is 0.25000
[Stat]ETBIR_Item model, Interpolation mode item tagging: Precision@K is 0.20674, MAP is: 0.36000, MRR is: 0.67856, in top 10 tags
244 users are loaded from /home/ll5fy/TUIR/dataset/yelp/byUser_70k_review/5foldsCVColdstart/1/...
260 users are loaded from /home/ll5fy/TUIR/dataset/yelp/byUser_70k_review/5foldsCVColdstart/0/...
266 users are loaded from /home/ll5fy/TUIR/dataset/yelp/byUser_70k_review/5foldsCVColdstart/2/...
264 users are loaded from /home/ll5fy/TUIR/dataset/yelp/byUser_70k_review/5foldsCVColdstart/3/...
256 users are loaded from /home/ll5fy/TUIR/dataset/yelp/byUser_70k_review/5foldsCVColdstart/4/...
[Info]Finish loading 861 items' weights in total 156639 items!
[Info]Begin tagging 861 items with ETBIR_Item Interpolation............
---- item 1: map is 0.55818, precision@k is 0.18182, mrr is 1.00000
---- item 51: map is 0.36291, precision@k is 0.18182, mrr is 1.00000
---- item 101: map is 0.64286, precision@k is 0.28571, mrr is 1.00000
---- item 151: map is 0.15149, precision@k is 0.18182, mrr is 0.20000
---- item 201: map is 0.34419, precision@k is 0.09091, mrr is 1.00000
---- item 251: map is 0.21591, precision@k is 0.09091, mrr is 0.25000
---- item 301: map is 0.50577, precision@k is 0.18182, mrr is 1.00000
---- item 351: map is 0.75000, precision@k is 0.50000, mrr is 1.00000
---- item 401: map is 0.31620, precision@k is 0.27273, mrr is 0.50000
---- item 451: map is 0.52174, precision@k is 0.18182, mrr is 1.00000
---- item 501: map is 0.34546, precision@k is 0.09091, mrr is 1.00000
---- item 551: map is 0.57692, precision@k is 0.09091, mrr is 1.00000
---- item 601: map is 0.43480, precision@k is 0.18182, mrr is 1.00000
---- item 651: map is 0.02785, precision@k is 0.00000, mrr is 0.04762
---- item 701: map is 0.18650, precision@k is 0.09091, mrr is 0.50000
---- item 751: map is 0.00438, precision@k is 0.00000, mrr is 0.00278
---- item 801: map is 0.41487, precision@k is 0.18182, mrr is 1.00000
---- item 851: map is 0.10787, precision@k is 0.09091, mrr is 0.25000
[Stat]ETBIR_Item model, Interpolation mode item tagging: Precision@K is 0.22041, MAP is: 0.36578, MRR is: 0.65254, in top 10 tags
266 users are loaded from /home/ll5fy/TUIR/dataset/yelp/byUser_70k_review/5foldsCVColdstart/2/...
260 users are loaded from /home/ll5fy/TUIR/dataset/yelp/byUser_70k_review/5foldsCVColdstart/0/...
244 users are loaded from /home/ll5fy/TUIR/dataset/yelp/byUser_70k_review/5foldsCVColdstart/1/...
264 users are loaded from /home/ll5fy/TUIR/dataset/yelp/byUser_70k_review/5foldsCVColdstart/3/...
256 users are loaded from /home/ll5fy/TUIR/dataset/yelp/byUser_70k_review/5foldsCVColdstart/4/...
[Info]Finish loading 861 items' weights in total 156639 items!
[Info]Begin tagging 861 items with ETBIR_Item Interpolation............
---- item 1: map is 0.67454, precision@k is 0.18182, mrr is 1.00000
---- item 51: map is 0.34773, precision@k is 0.09091, mrr is 1.00000
---- item 101: map is 0.62500, precision@k is 0.25000, mrr is 1.00000
---- item 151: map is 0.13212, precision@k is 0.09091, mrr is 0.20000
---- item 201: map is 0.34408, precision@k is 0.09091, mrr is 1.00000
---- item 251: map is 0.22500, precision@k is 0.20000, mrr is 0.25000
---- item 301: map is 0.50575, precision@k is 0.18182, mrr is 1.00000
---- item 351: map is 0.83333, precision@k is 0.66667, mrr is 1.00000
---- item 401: map is 0.34789, precision@k is 0.27273, mrr is 0.50000
---- item 451: map is 0.51923, precision@k is 0.18182, mrr is 1.00000
---- item 501: map is 0.34481, precision@k is 0.09091, mrr is 1.00000
---- item 551: map is 0.58333, precision@k is 0.09091, mrr is 1.00000
---- item 601: map is 0.43466, precision@k is 0.18182, mrr is 1.00000
---- item 651: map is 0.03487, precision@k is 0.00000, mrr is 0.04348
---- item 701: map is 0.15469, precision@k is 0.09091, mrr is 0.33333
---- item 751: map is 0.00436, precision@k is 0.00000, mrr is 0.00272
---- item 801: map is 0.41487, precision@k is 0.18182, mrr is 1.00000
---- item 851: map is 0.10653, precision@k is 0.09091, mrr is 0.25000
[Stat]ETBIR_Item model, Interpolation mode item tagging: Precision@K is 0.21787, MAP is: 0.36387, MRR is: 0.64594, in top 10 tags
264 users are loaded from /home/ll5fy/TUIR/dataset/yelp/byUser_70k_review/5foldsCVColdstart/3/...
260 users are loaded from /home/ll5fy/TUIR/dataset/yelp/byUser_70k_review/5foldsCVColdstart/0/...
244 users are loaded from /home/ll5fy/TUIR/dataset/yelp/byUser_70k_review/5foldsCVColdstart/1/...
266 users are loaded from /home/ll5fy/TUIR/dataset/yelp/byUser_70k_review/5foldsCVColdstart/2/...
256 users are loaded from /home/ll5fy/TUIR/dataset/yelp/byUser_70k_review/5foldsCVColdstart/4/...
[Info]Finish loading 861 items' weights in total 156639 items!
[Info]Begin tagging 861 items with ETBIR_Item Interpolation............
---- item 1: map is 0.69444, precision@k is 0.18182, mrr is 1.00000
---- item 51: map is 0.35614, precision@k is 0.09091, mrr is 1.00000
---- item 101: map is 0.62500, precision@k is 0.25000, mrr is 1.00000
---- item 151: map is 0.11684, precision@k is 0.09091, mrr is 0.16667
---- item 201: map is 0.34384, precision@k is 0.09091, mrr is 1.00000
---- item 251: map is 0.41667, precision@k is 0.50000, mrr is 0.33333
---- item 301: map is 0.50534, precision@k is 0.18182, mrr is 1.00000
---- item 351: map is 1.00000, precision@k is 1.00000, mrr is 1.00000
---- item 401: map is 0.34936, precision@k is 0.27273, mrr is 0.50000
---- item 451: map is 0.40956, precision@k is 0.09091, mrr is 1.00000
---- item 501: map is 0.34434, precision@k is 0.09091, mrr is 1.00000
---- item 551: map is 0.56250, precision@k is 0.09091, mrr is 1.00000
---- item 601: map is 0.43744, precision@k is 0.18182, mrr is 1.00000
---- item 651: map is 0.04431, precision@k is 0.00000, mrr is 0.03846
---- item 701: map is 0.16402, precision@k is 0.09091, mrr is 0.33333
---- item 751: map is 0.00426, precision@k is 0.00000, mrr is 0.00272
---- item 801: map is 0.41516, precision@k is 0.18182, mrr is 1.00000
---- item 851: map is 0.10963, precision@k is 0.09091, mrr is 0.25000
[Stat]ETBIR_Item model, Interpolation mode item tagging: Precision@K is 0.21377, MAP is: 0.36085, MRR is: 0.64449, in top 10 tags
256 users are loaded from /home/ll5fy/TUIR/dataset/yelp/byUser_70k_review/5foldsCVColdstart/4/...
260 users are loaded from /home/ll5fy/TUIR/dataset/yelp/byUser_70k_review/5foldsCVColdstart/0/...
244 users are loaded from /home/ll5fy/TUIR/dataset/yelp/byUser_70k_review/5foldsCVColdstart/1/...
266 users are loaded from /home/ll5fy/TUIR/dataset/yelp/byUser_70k_review/5foldsCVColdstart/2/...
264 users are loaded from /home/ll5fy/TUIR/dataset/yelp/byUser_70k_review/5foldsCVColdstart/3/...
[Info]Finish loading 861 items' weights in total 156639 items!
[Info]Begin tagging 861 items with ETBIR_Item Interpolation............
---- item 1: map is 0.77083, precision@k is 0.66667, mrr is 1.00000
---- item 51: map is 0.35353, precision@k is 0.09091, mrr is 1.00000
---- item 101: map is 0.62500, precision@k is 0.25000, mrr is 1.00000
---- item 151: map is 0.48818, precision@k is 0.27273, mrr is 1.00000
---- item 201: map is 0.34471, precision@k is 0.09091, mrr is 1.00000
---- item 251: map is 0.22500, precision@k is 0.20000, mrr is 0.25000
---- item 301: map is 0.50617, precision@k is 0.18182, mrr is 1.00000
---- item 351: map is 1.00000, precision@k is 1.00000, mrr is 1.00000
---- item 401: map is 0.34913, precision@k is 0.27273, mrr is 0.50000
---- item 451: map is 0.40886, precision@k is 0.09091, mrr is 1.00000
---- item 501: map is 0.34462, precision@k is 0.09091, mrr is 1.00000
---- item 551: map is 0.55000, precision@k is 0.09091, mrr is 1.00000
---- item 601: map is 0.43829, precision@k is 0.18182, mrr is 1.00000
---- item 651: map is 0.04791, precision@k is 0.00000, mrr is 0.03846
---- item 701: map is 0.16643, precision@k is 0.09091, mrr is 0.33333
---- item 751: map is 0.00425, precision@k is 0.00000, mrr is 0.00267
---- item 801: map is 0.41574, precision@k is 0.18182, mrr is 1.00000
---- item 851: map is 0.10686, precision@k is 0.09091, mrr is 0.25000
[Stat]ETBIR_Item model, Interpolation mode item tagging: Precision@K is 0.21255, MAP is: 0.36090, MRR is: 0.64258, in top 10 tags

[Stat]Running time (seconds) 366.65700
[Stat]MAP 0.362+/-0.002
[Stat]MRR 0.653+/-0.013
[Stat]Precision 0.214+/-0.005
