Load 6134 2-gram new features from /home/ll5fy/TUIR/dataset/yelp/yelp_features.txt...
Load 6134 2-gram new features from /home/ll5fy/TUIR/dataset/yelp/yelp_features.txt...
[Info]Start FIXED cross validation...
[Info]Load 553 tags, with 6134 features.
260 users are loaded from /home/ll5fy/TUIR/dataset/yelp/byUser_70k_review/5foldsCVColdstart/0/...
244 users are loaded from /home/ll5fy/TUIR/dataset/yelp/byUser_70k_review/5foldsCVColdstart/1/...
266 users are loaded from /home/ll5fy/TUIR/dataset/yelp/byUser_70k_review/5foldsCVColdstart/2/...
264 users are loaded from /home/ll5fy/TUIR/dataset/yelp/byUser_70k_review/5foldsCVColdstart/3/...
256 users are loaded from /home/ll5fy/TUIR/dataset/yelp/byUser_70k_review/5foldsCVColdstart/4/...
[Info]Finish loading 861 items' weights in total 156639 items!
[Info]Begin tagging 861 items with ETBIR_Item Interpolation............
---- item 1: map is 0.34788, precision@k is 0.09091, mrr is 1.00000
---- item 51: map is 0.55637, precision@k is 0.18182, mrr is 1.00000
---- item 101: map is 1.00000, precision@k is 1.00000, mrr is 1.00000
---- item 151: map is 0.38108, precision@k is 0.09091, mrr is 1.00000
---- item 201: map is 0.34529, precision@k is 0.09091, mrr is 1.00000
---- item 251: map is 0.00845, precision@k is 0.00000, mrr is 0.00610
---- item 301: map is 0.26002, precision@k is 0.09091, mrr is 1.00000
---- item 351: map is 0.51299, precision@k is 0.09091, mrr is 1.00000
---- item 401: map is 0.03494, precision@k is 0.00000, mrr is 0.04348
---- item 451: map is 0.37767, precision@k is 0.09091, mrr is 1.00000
---- item 501: map is 0.01577, precision@k is 0.00000, mrr is 0.01136
---- item 551: map is 1.00000, precision@k is 1.00000, mrr is 1.00000
---- item 601: map is 0.02341, precision@k is 0.00000, mrr is 0.02083
---- item 651: map is 0.02899, precision@k is 0.00000, mrr is 0.05882
---- item 701: map is 0.34463, precision@k is 0.09091, mrr is 1.00000
---- item 751: map is 0.00449, precision@k is 0.00000, mrr is 0.00298
---- item 801: map is 0.35500, precision@k is 0.09091, mrr is 1.00000
---- item 851: map is 0.04249, precision@k is 0.00000, mrr is 0.07143
[Stat]ETBIR_Item model, Interpolation mode item tagging: Precision@K is 0.13416, MAP is: 0.33054, MRR is: 0.78008, in top 10 tags
244 users are loaded from /home/ll5fy/TUIR/dataset/yelp/byUser_70k_review/5foldsCVColdstart/1/...
260 users are loaded from /home/ll5fy/TUIR/dataset/yelp/byUser_70k_review/5foldsCVColdstart/0/...
266 users are loaded from /home/ll5fy/TUIR/dataset/yelp/byUser_70k_review/5foldsCVColdstart/2/...
264 users are loaded from /home/ll5fy/TUIR/dataset/yelp/byUser_70k_review/5foldsCVColdstart/3/...
256 users are loaded from /home/ll5fy/TUIR/dataset/yelp/byUser_70k_review/5foldsCVColdstart/4/...
[Info]Finish loading 861 items' weights in total 156639 items!
[Info]Begin tagging 861 items with ETBIR_Item Interpolation............
---- item 1: map is 0.34914, precision@k is 0.09091, mrr is 1.00000
---- item 51: map is 0.53918, precision@k is 0.18182, mrr is 1.00000
---- item 101: map is 1.00000, precision@k is 1.00000, mrr is 1.00000
---- item 151: map is 0.36200, precision@k is 0.09091, mrr is 1.00000
---- item 201: map is 0.34409, precision@k is 0.09091, mrr is 1.00000
---- item 251: map is 0.01280, precision@k is 0.00000, mrr is 0.00935
---- item 301: map is 0.26210, precision@k is 0.09091, mrr is 1.00000
---- item 351: map is 0.51370, precision@k is 0.09091, mrr is 1.00000
---- item 401: map is 0.11125, precision@k is 0.09091, mrr is 0.33333
---- item 451: map is 0.37612, precision@k is 0.09091, mrr is 1.00000
---- item 501: map is 0.01539, precision@k is 0.00000, mrr is 0.01087
---- item 551: map is 1.00000, precision@k is 1.00000, mrr is 1.00000
---- item 601: map is 0.14902, precision@k is 0.09091, mrr is 0.50000
---- item 651: map is 0.02881, precision@k is 0.00000, mrr is 0.05882
---- item 701: map is 0.34320, precision@k is 0.09091, mrr is 1.00000
---- item 751: map is 0.00440, precision@k is 0.00000, mrr is 0.00284
---- item 801: map is 0.35704, precision@k is 0.09091, mrr is 1.00000
---- item 851: map is 0.04634, precision@k is 0.00000, mrr is 0.07143
[Stat]ETBIR_Item model, Interpolation mode item tagging: Precision@K is 0.15423, MAP is: 0.34578, MRR is: 0.77873, in top 10 tags
266 users are loaded from /home/ll5fy/TUIR/dataset/yelp/byUser_70k_review/5foldsCVColdstart/2/...
260 users are loaded from /home/ll5fy/TUIR/dataset/yelp/byUser_70k_review/5foldsCVColdstart/0/...
244 users are loaded from /home/ll5fy/TUIR/dataset/yelp/byUser_70k_review/5foldsCVColdstart/1/...
264 users are loaded from /home/ll5fy/TUIR/dataset/yelp/byUser_70k_review/5foldsCVColdstart/3/...
256 users are loaded from /home/ll5fy/TUIR/dataset/yelp/byUser_70k_review/5foldsCVColdstart/4/...
[Info]Finish loading 861 items' weights in total 156639 items!
[Info]Begin tagging 861 items with ETBIR_Item Interpolation............
---- item 1: map is 0.34860, precision@k is 0.09091, mrr is 1.00000
---- item 51: map is 0.56386, precision@k is 0.18182, mrr is 1.00000
---- item 101: map is 1.00000, precision@k is 1.00000, mrr is 1.00000
---- item 151: map is 0.38554, precision@k is 0.09091, mrr is 1.00000
---- item 201: map is 0.34605, precision@k is 0.09091, mrr is 1.00000
---- item 251: map is 0.01130, precision@k is 0.00000, mrr is 0.00952
---- item 301: map is 0.26782, precision@k is 0.09091, mrr is 1.00000
---- item 351: map is 0.51429, precision@k is 0.09091, mrr is 1.00000
---- item 401: map is 0.13852, precision@k is 0.09091, mrr is 0.50000
---- item 451: map is 0.45489, precision@k is 0.18182, mrr is 1.00000
---- item 501: map is 0.01824, precision@k is 0.00000, mrr is 0.01613
---- item 551: map is 1.00000, precision@k is 1.00000, mrr is 1.00000
---- item 601: map is 0.27572, precision@k is 0.09091, mrr is 1.00000
---- item 651: map is 0.02701, precision@k is 0.00000, mrr is 0.05263
---- item 701: map is 0.34339, precision@k is 0.09091, mrr is 1.00000
---- item 751: map is 0.00459, precision@k is 0.00000, mrr is 0.00273
---- item 801: map is 0.35998, precision@k is 0.09091, mrr is 1.00000
---- item 851: map is 0.05296, precision@k is 0.09091, mrr is 0.12500
[Stat]ETBIR_Item model, Interpolation mode item tagging: Precision@K is 0.16477, MAP is: 0.35035, MRR is: 0.76570, in top 10 tags
264 users are loaded from /home/ll5fy/TUIR/dataset/yelp/byUser_70k_review/5foldsCVColdstart/3/...
260 users are loaded from /home/ll5fy/TUIR/dataset/yelp/byUser_70k_review/5foldsCVColdstart/0/...
244 users are loaded from /home/ll5fy/TUIR/dataset/yelp/byUser_70k_review/5foldsCVColdstart/1/...
266 users are loaded from /home/ll5fy/TUIR/dataset/yelp/byUser_70k_review/5foldsCVColdstart/2/...
256 users are loaded from /home/ll5fy/TUIR/dataset/yelp/byUser_70k_review/5foldsCVColdstart/4/...
[Info]Finish loading 861 items' weights in total 156639 items!
[Info]Begin tagging 861 items with ETBIR_Item Interpolation............
---- item 1: map is 0.34718, precision@k is 0.09091, mrr is 1.00000
---- item 51: map is 0.55296, precision@k is 0.18182, mrr is 1.00000
---- item 101: map is 1.00000, precision@k is 1.00000, mrr is 1.00000
---- item 151: map is 0.38552, precision@k is 0.09091, mrr is 1.00000
---- item 201: map is 0.34549, precision@k is 0.09091, mrr is 1.00000
---- item 251: map is 0.50649, precision@k is 0.09091, mrr is 1.00000
---- item 301: map is 0.26503, precision@k is 0.09091, mrr is 1.00000
---- item 351: map is 0.51786, precision@k is 0.09091, mrr is 1.00000
---- item 401: map is 0.16985, precision@k is 0.18182, mrr is 0.50000
---- item 451: map is 0.57250, precision@k is 0.18182, mrr is 1.00000
---- item 501: map is 0.02137, precision@k is 0.00000, mrr is 0.02703
---- item 551: map is 1.00000, precision@k is 1.00000, mrr is 1.00000
---- item 601: map is 0.28862, precision@k is 0.09091, mrr is 1.00000
---- item 651: map is 0.02985, precision@k is 0.00000, mrr is 0.06250
---- item 701: map is 0.17843, precision@k is 0.09091, mrr is 0.50000
---- item 751: map is 0.00437, precision@k is 0.00000, mrr is 0.00278
---- item 801: map is 0.35360, precision@k is 0.09091, mrr is 1.00000
---- item 851: map is 0.05969, precision@k is 0.09091, mrr is 0.12500
[Stat]ETBIR_Item model, Interpolation mode item tagging: Precision@K is 0.17355, MAP is: 0.35671, MRR is: 0.76501, in top 10 tags
256 users are loaded from /home/ll5fy/TUIR/dataset/yelp/byUser_70k_review/5foldsCVColdstart/4/...
260 users are loaded from /home/ll5fy/TUIR/dataset/yelp/byUser_70k_review/5foldsCVColdstart/0/...
244 users are loaded from /home/ll5fy/TUIR/dataset/yelp/byUser_70k_review/5foldsCVColdstart/1/...
266 users are loaded from /home/ll5fy/TUIR/dataset/yelp/byUser_70k_review/5foldsCVColdstart/2/...
264 users are loaded from /home/ll5fy/TUIR/dataset/yelp/byUser_70k_review/5foldsCVColdstart/3/...
[Info]Finish loading 861 items' weights in total 156639 items!
[Info]Begin tagging 861 items with ETBIR_Item Interpolation............
---- item 1: map is 0.42874, precision@k is 0.27273, mrr is 1.00000
---- item 51: map is 0.55495, precision@k is 0.18182, mrr is 1.00000
---- item 101: map is 1.00000, precision@k is 1.00000, mrr is 1.00000
---- item 151: map is 0.43744, precision@k is 0.18182, mrr is 1.00000
---- item 201: map is 0.34543, precision@k is 0.09091, mrr is 1.00000
---- item 251: map is 0.01725, precision@k is 0.00000, mrr is 0.01695
---- item 301: map is 0.26820, precision@k is 0.09091, mrr is 1.00000
---- item 351: map is 0.51667, precision@k is 0.09091, mrr is 1.00000
---- item 401: map is 0.20443, precision@k is 0.18182, mrr is 0.50000
---- item 451: map is 0.57341, precision@k is 0.18182, mrr is 1.00000
---- item 501: map is 0.02893, precision@k is 0.00000, mrr is 0.05263
---- item 551: map is 1.00000, precision@k is 1.00000, mrr is 1.00000
---- item 601: map is 0.33867, precision@k is 0.18182, mrr is 1.00000
---- item 651: map is 0.02659, precision@k is 0.00000, mrr is 0.05556
---- item 701: map is 0.17766, precision@k is 0.09091, mrr is 0.50000
---- item 751: map is 0.00431, precision@k is 0.00000, mrr is 0.00285
---- item 801: map is 0.35498, precision@k is 0.09091, mrr is 1.00000
---- item 851: map is 0.06278, precision@k is 0.09091, mrr is 0.16667
[Stat]ETBIR_Item model, Interpolation mode item tagging: Precision@K is 0.18222, MAP is: 0.36298, MRR is: 0.76137, in top 10 tags

[Stat]Running time (seconds) 369.25100
[Stat]MAP 0.349+/-0.011
[Stat]MRR 0.770+/-0.008
[Stat]Precision 0.162+/-0.017
