Load 6134 2-gram new features from /home/ll5fy/TUIR/dataset/yelp/yelp_features.txt...
Load 6134 2-gram new features from /home/ll5fy/TUIR/dataset/yelp/yelp_features.txt...
[Info]Start FIXED cross validation...
[Info]Load 553 tags, with 6134 features.
260 users are loaded from /home/ll5fy/TUIR/dataset/yelp/byUser_70k_review/5foldsCVColdstart/0/...
244 users are loaded from /home/ll5fy/TUIR/dataset/yelp/byUser_70k_review/5foldsCVColdstart/1/...
266 users are loaded from /home/ll5fy/TUIR/dataset/yelp/byUser_70k_review/5foldsCVColdstart/2/...
264 users are loaded from /home/ll5fy/TUIR/dataset/yelp/byUser_70k_review/5foldsCVColdstart/3/...
256 users are loaded from /home/ll5fy/TUIR/dataset/yelp/byUser_70k_review/5foldsCVColdstart/4/...
[Info]Finish loading 722 items' weights in total 156639 items!
[Info]Begin tagging 722 items with LDA_User Embed............
---- item 1: map is 0.09296, precision@k is 0.09091, mrr is 0.20000
---- item 51: map is 0.10190, precision@k is 0.09091, mrr is 0.20000
---- item 101: map is 0.10448, precision@k is 0.09091, mrr is 0.20000
---- item 151: map is 0.08437, precision@k is 0.09091, mrr is 0.20000
---- item 201: map is 0.07250, precision@k is 0.09091, mrr is 0.20000
---- item 251: map is 0.13571, precision@k is 0.09091, mrr is 0.20000
---- item 301: map is 0.07924, precision@k is 0.09091, mrr is 0.20000
---- item 351: map is 0.06955, precision@k is 0.09091, mrr is 0.20000
---- item 401: map is 0.06492, precision@k is 0.09091, mrr is 0.20000
---- item 451: map is 0.06967, precision@k is 0.09091, mrr is 0.20000
---- item 501: map is 0.07222, precision@k is 0.09091, mrr is 0.20000
---- item 551: map is 0.07273, precision@k is 0.09091, mrr is 0.20000
---- item 601: map is 0.10685, precision@k is 0.09091, mrr is 0.20000
---- item 651: map is 0.22956, precision@k is 0.18182, mrr is 0.50000
---- item 701: map is 0.10467, precision@k is 0.09091, mrr is 0.20000
[Stat]LDA_User model, Embed mode item tagging: Precision@K is 0.09249, MAP is: 0.08899, MRR is: 0.19721, in top 10 tags
244 users are loaded from /home/ll5fy/TUIR/dataset/yelp/byUser_70k_review/5foldsCVColdstart/1/...
260 users are loaded from /home/ll5fy/TUIR/dataset/yelp/byUser_70k_review/5foldsCVColdstart/0/...
266 users are loaded from /home/ll5fy/TUIR/dataset/yelp/byUser_70k_review/5foldsCVColdstart/2/...
264 users are loaded from /home/ll5fy/TUIR/dataset/yelp/byUser_70k_review/5foldsCVColdstart/3/...
256 users are loaded from /home/ll5fy/TUIR/dataset/yelp/byUser_70k_review/5foldsCVColdstart/4/...
[Info]Finish loading 732 items' weights in total 156639 items!
[Info]Begin tagging 732 items with LDA_User Embed............
---- item 1: map is 0.39171, precision@k is 0.09091, mrr is 1.00000
---- item 51: map is 0.35629, precision@k is 0.09091, mrr is 1.00000
---- item 101: map is 0.38996, precision@k is 0.09091, mrr is 1.00000
---- item 151: map is 0.25045, precision@k is 0.09091, mrr is 1.00000
---- item 201: map is 0.52273, precision@k is 0.09091, mrr is 1.00000
---- item 251: map is 0.53704, precision@k is 0.09091, mrr is 1.00000
---- item 301: map is 0.10558, precision@k is 0.09091, mrr is 0.25000
---- item 351: map is 0.51064, precision@k is 0.09091, mrr is 1.00000
---- item 401: map is 0.34621, precision@k is 0.09091, mrr is 1.00000
---- item 451: map is 0.02607, precision@k is 0.00000, mrr is 0.02564
---- item 501: map is 0.00877, precision@k is 0.00000, mrr is 0.00877
---- item 551: map is 0.00435, precision@k is 0.00000, mrr is 0.00264
---- item 601: map is 0.01754, precision@k is 0.00000, mrr is 0.02564
---- item 651: map is 0.34617, precision@k is 0.09091, mrr is 1.00000
---- item 701: map is 0.22620, precision@k is 0.09091, mrr is 1.00000
[Stat]LDA_User model, Embed mode item tagging: Precision@K is 0.09735, MAP is: 0.29489, MRR is: 0.77104, in top 10 tags
266 users are loaded from /home/ll5fy/TUIR/dataset/yelp/byUser_70k_review/5foldsCVColdstart/2/...
260 users are loaded from /home/ll5fy/TUIR/dataset/yelp/byUser_70k_review/5foldsCVColdstart/0/...
244 users are loaded from /home/ll5fy/TUIR/dataset/yelp/byUser_70k_review/5foldsCVColdstart/1/...
264 users are loaded from /home/ll5fy/TUIR/dataset/yelp/byUser_70k_review/5foldsCVColdstart/3/...
256 users are loaded from /home/ll5fy/TUIR/dataset/yelp/byUser_70k_review/5foldsCVColdstart/4/...
[Info]Finish loading 702 items' weights in total 156639 items!
[Info]Begin tagging 702 items with LDA_User Embed............
---- item 1: map is 0.34663, precision@k is 0.09091, mrr is 1.00000
---- item 51: map is 0.03403, precision@k is 0.00000, mrr is 0.04348
---- item 101: map is 0.00479, precision@k is 0.00000, mrr is 0.00474
---- item 151: map is 0.28093, precision@k is 0.09091, mrr is 1.00000
---- item 201: map is 0.19901, precision@k is 0.09091, mrr is 1.00000
---- item 251: map is 0.03473, precision@k is 0.00000, mrr is 0.04348
---- item 301: map is 0.35379, precision@k is 0.09091, mrr is 1.00000
---- item 351: map is 0.37907, precision@k is 0.09091, mrr is 1.00000
---- item 401: map is 0.21073, precision@k is 0.09091, mrr is 1.00000
---- item 451: map is 0.33541, precision@k is 0.18182, mrr is 1.00000
---- item 501: map is 0.03403, precision@k is 0.00000, mrr is 0.04348
---- item 551: map is 0.28594, precision@k is 0.09091, mrr is 1.00000
---- item 601: map is 0.03403, precision@k is 0.00000, mrr is 0.04348
---- item 651: map is 0.06253, precision@k is 0.09091, mrr is 0.16667
---- item 701: map is 0.51639, precision@k is 0.09091, mrr is 1.00000
[Stat]LDA_User model, Embed mode item tagging: Precision@K is 0.08673, MAP is: 0.28640, MRR is: 0.76271, in top 10 tags
264 users are loaded from /home/ll5fy/TUIR/dataset/yelp/byUser_70k_review/5foldsCVColdstart/3/...
260 users are loaded from /home/ll5fy/TUIR/dataset/yelp/byUser_70k_review/5foldsCVColdstart/0/...
244 users are loaded from /home/ll5fy/TUIR/dataset/yelp/byUser_70k_review/5foldsCVColdstart/1/...
266 users are loaded from /home/ll5fy/TUIR/dataset/yelp/byUser_70k_review/5foldsCVColdstart/2/...
256 users are loaded from /home/ll5fy/TUIR/dataset/yelp/byUser_70k_review/5foldsCVColdstart/4/...
[Info]Finish loading 717 items' weights in total 156639 items!
[Info]Begin tagging 717 items with LDA_User Embed............
---- item 1: map is 0.38156, precision@k is 0.09091, mrr is 1.00000
---- item 51: map is 0.34432, precision@k is 0.09091, mrr is 1.00000
---- item 101: map is 0.51235, precision@k is 0.09091, mrr is 1.00000
---- item 151: map is 0.50725, precision@k is 0.09091, mrr is 1.00000
---- item 201: map is 0.02493, precision@k is 0.00000, mrr is 0.01852
---- item 251: map is 0.50238, precision@k is 0.09091, mrr is 1.00000
---- item 301: map is 0.29122, precision@k is 0.09091, mrr is 1.00000
---- item 351: map is 0.02063, precision@k is 0.00000, mrr is 0.02222
---- item 401: map is 0.00669, precision@k is 0.00000, mrr is 0.00495
---- item 451: map is 0.50901, precision@k is 0.09091, mrr is 1.00000
---- item 501: map is 1.00000, precision@k is 1.00000, mrr is 1.00000
---- item 551: map is 0.35735, precision@k is 0.09091, mrr is 1.00000
---- item 601: map is 0.34201, precision@k is 0.09091, mrr is 1.00000
---- item 651: map is 0.02493, precision@k is 0.00000, mrr is 0.01852
---- item 701: map is 0.01487, precision@k is 0.00000, mrr is 0.00926
[Stat]LDA_User model, Embed mode item tagging: Precision@K is 0.09493, MAP is: 0.29567, MRR is: 0.77797, in top 10 tags
256 users are loaded from /home/ll5fy/TUIR/dataset/yelp/byUser_70k_review/5foldsCVColdstart/4/...
260 users are loaded from /home/ll5fy/TUIR/dataset/yelp/byUser_70k_review/5foldsCVColdstart/0/...
244 users are loaded from /home/ll5fy/TUIR/dataset/yelp/byUser_70k_review/5foldsCVColdstart/1/...
266 users are loaded from /home/ll5fy/TUIR/dataset/yelp/byUser_70k_review/5foldsCVColdstart/2/...
264 users are loaded from /home/ll5fy/TUIR/dataset/yelp/byUser_70k_review/5foldsCVColdstart/3/...
[Info]Finish loading 726 items' weights in total 156639 items!
[Info]Begin tagging 726 items with LDA_User Embed............
---- item 1: map is 0.37930, precision@k is 0.09091, mrr is 1.00000
---- item 51: map is 0.22880, precision@k is 0.09091, mrr is 1.00000
---- item 101: map is 0.34689, precision@k is 0.09091, mrr is 1.00000
---- item 151: map is 0.34811, precision@k is 0.09091, mrr is 1.00000
---- item 201: map is 0.51887, precision@k is 0.09091, mrr is 1.00000
---- item 251: map is 0.34811, precision@k is 0.09091, mrr is 1.00000
---- item 301: map is 0.05315, precision@k is 0.09091, mrr is 0.10000
---- item 351: map is 0.00250, precision@k is 0.00000, mrr is 0.00250
---- item 401: map is 0.36569, precision@k is 0.09091, mrr is 1.00000
---- item 451: map is 0.36377, precision@k is 0.09091, mrr is 1.00000
---- item 501: map is 0.30034, precision@k is 0.09091, mrr is 1.00000
---- item 551: map is 0.28492, precision@k is 0.09091, mrr is 1.00000
---- item 601: map is 0.28150, precision@k is 0.09091, mrr is 1.00000
---- item 651: map is 0.46444, precision@k is 0.18182, mrr is 1.00000
---- item 701: map is 0.30028, precision@k is 0.09091, mrr is 1.00000
[Stat]LDA_User model, Embed mode item tagging: Precision@K is 0.09623, MAP is: 0.29814, MRR is: 0.77385, in top 10 tags

[Stat]Running time (seconds) 26.42400
[Stat]MAP 0.253+/-0.082
[Stat]MRR 0.657+/-0.230
[Stat]Precision 0.094+/-0.004
