Load 6134 2-gram new features from /home/ll5fy/TUIR/dataset/yelp/yelp_features.txt...
Load 6134 2-gram new features from /home/ll5fy/TUIR/dataset/yelp/yelp_features.txt...
[Info]Start FIXED cross validation...
[Info]Load 553 tags, with 6134 features.
260 users are loaded from /home/ll5fy/TUIR/dataset/yelp/byUser_70k_review/5foldsCVColdstart/0/...
244 users are loaded from /home/ll5fy/TUIR/dataset/yelp/byUser_70k_review/5foldsCVColdstart/1/...
266 users are loaded from /home/ll5fy/TUIR/dataset/yelp/byUser_70k_review/5foldsCVColdstart/2/...
264 users are loaded from /home/ll5fy/TUIR/dataset/yelp/byUser_70k_review/5foldsCVColdstart/3/...
256 users are loaded from /home/ll5fy/TUIR/dataset/yelp/byUser_70k_review/5foldsCVColdstart/4/...
[Info]Finish loading 861 items' weights in total 156639 items!
[Info]Begin tagging 861 items with ETBIR_Item Interpolation............
---- item 1: map is 0.36427, precision@k is 0.09091, mrr is 1.00000
---- item 51: map is 0.55435, precision@k is 0.18182, mrr is 1.00000
---- item 101: map is 1.00000, precision@k is 1.00000, mrr is 1.00000
---- item 151: map is 0.20756, precision@k is 0.09091, mrr is 0.50000
---- item 201: map is 0.34372, precision@k is 0.09091, mrr is 1.00000
---- item 251: map is 0.06456, precision@k is 0.09091, mrr is 0.11111
---- item 301: map is 0.50520, precision@k is 0.18182, mrr is 1.00000
---- item 351: map is 0.51667, precision@k is 0.09091, mrr is 1.00000
---- item 401: map is 0.15789, precision@k is 0.09091, mrr is 0.50000
---- item 451: map is 0.58413, precision@k is 0.18182, mrr is 1.00000
---- item 501: map is 0.34576, precision@k is 0.09091, mrr is 1.00000
---- item 551: map is 1.00000, precision@k is 1.00000, mrr is 1.00000
---- item 601: map is 0.03725, precision@k is 0.00000, mrr is 0.06250
---- item 651: map is 0.03194, precision@k is 0.00000, mrr is 0.09091
---- item 701: map is 0.34419, precision@k is 0.09091, mrr is 1.00000
---- item 751: map is 0.00434, precision@k is 0.00000, mrr is 0.00296
---- item 801: map is 0.36465, precision@k is 0.09091, mrr is 1.00000
---- item 851: map is 0.08271, precision@k is 0.09091, mrr is 0.25000
[Stat]ETBIR_Item model, Interpolation mode item tagging: Precision@K is 0.19553, MAP is: 0.36882, MRR is: 0.74903, in top 10 tags
244 users are loaded from /home/ll5fy/TUIR/dataset/yelp/byUser_70k_review/5foldsCVColdstart/1/...
260 users are loaded from /home/ll5fy/TUIR/dataset/yelp/byUser_70k_review/5foldsCVColdstart/0/...
266 users are loaded from /home/ll5fy/TUIR/dataset/yelp/byUser_70k_review/5foldsCVColdstart/2/...
264 users are loaded from /home/ll5fy/TUIR/dataset/yelp/byUser_70k_review/5foldsCVColdstart/3/...
256 users are loaded from /home/ll5fy/TUIR/dataset/yelp/byUser_70k_review/5foldsCVColdstart/4/...
[Info]Finish loading 861 items' weights in total 156639 items!
[Info]Begin tagging 861 items with ETBIR_Item Interpolation............
---- item 1: map is 0.36560, precision@k is 0.09091, mrr is 1.00000
---- item 51: map is 0.56274, precision@k is 0.18182, mrr is 1.00000
---- item 101: map is 0.83333, precision@k is 0.66667, mrr is 1.00000
---- item 151: map is 0.21799, precision@k is 0.09091, mrr is 0.50000
---- item 201: map is 0.34513, precision@k is 0.09091, mrr is 1.00000
---- item 251: map is 0.13490, precision@k is 0.09091, mrr is 0.25000
---- item 301: map is 0.50625, precision@k is 0.18182, mrr is 1.00000
---- item 351: map is 0.52083, precision@k is 0.09091, mrr is 1.00000
---- item 401: map is 0.23480, precision@k is 0.18182, mrr is 0.50000
---- item 451: map is 0.57778, precision@k is 0.18182, mrr is 1.00000
---- item 501: map is 0.34789, precision@k is 0.09091, mrr is 1.00000
---- item 551: map is 1.00000, precision@k is 1.00000, mrr is 1.00000
---- item 601: map is 0.43155, precision@k is 0.18182, mrr is 1.00000
---- item 651: map is 0.02913, precision@k is 0.00000, mrr is 0.06250
---- item 701: map is 0.17879, precision@k is 0.09091, mrr is 0.50000
---- item 751: map is 0.00431, precision@k is 0.00000, mrr is 0.00271
---- item 801: map is 0.38036, precision@k is 0.09091, mrr is 1.00000
---- item 851: map is 0.08488, precision@k is 0.09091, mrr is 0.25000
[Stat]ETBIR_Item model, Interpolation mode item tagging: Precision@K is 0.21994, MAP is: 0.38142, MRR is: 0.71395, in top 10 tags
266 users are loaded from /home/ll5fy/TUIR/dataset/yelp/byUser_70k_review/5foldsCVColdstart/2/...
260 users are loaded from /home/ll5fy/TUIR/dataset/yelp/byUser_70k_review/5foldsCVColdstart/0/...
244 users are loaded from /home/ll5fy/TUIR/dataset/yelp/byUser_70k_review/5foldsCVColdstart/1/...
264 users are loaded from /home/ll5fy/TUIR/dataset/yelp/byUser_70k_review/5foldsCVColdstart/3/...
256 users are loaded from /home/ll5fy/TUIR/dataset/yelp/byUser_70k_review/5foldsCVColdstart/4/...
[Info]Finish loading 861 items' weights in total 156639 items!
[Info]Begin tagging 861 items with ETBIR_Item Interpolation............
---- item 1: map is 0.40942, precision@k is 0.18182, mrr is 1.00000
---- item 51: map is 0.42898, precision@k is 0.18182, mrr is 1.00000
---- item 101: map is 0.83333, precision@k is 0.66667, mrr is 1.00000
---- item 151: map is 0.23359, precision@k is 0.09091, mrr is 0.50000
---- item 201: map is 0.34385, precision@k is 0.09091, mrr is 1.00000
---- item 251: map is 0.14015, precision@k is 0.09091, mrr is 0.25000
---- item 301: map is 0.50550, precision@k is 0.18182, mrr is 1.00000
---- item 351: map is 0.52326, precision@k is 0.09091, mrr is 1.00000
---- item 401: map is 0.31496, precision@k is 0.27273, mrr is 0.50000
---- item 451: map is 0.58258, precision@k is 0.18182, mrr is 1.00000
---- item 501: map is 0.34683, precision@k is 0.09091, mrr is 1.00000
---- item 551: map is 0.83333, precision@k is 0.66667, mrr is 1.00000
---- item 601: map is 0.43311, precision@k is 0.18182, mrr is 1.00000
---- item 651: map is 0.02926, precision@k is 0.00000, mrr is 0.07692
---- item 701: map is 0.18135, precision@k is 0.09091, mrr is 0.50000
---- item 751: map is 0.00440, precision@k is 0.00000, mrr is 0.00280
---- item 801: map is 0.37945, precision@k is 0.09091, mrr is 1.00000
---- item 851: map is 0.10809, precision@k is 0.09091, mrr is 0.33333
[Stat]ETBIR_Item model, Interpolation mode item tagging: Precision@K is 0.21780, MAP is: 0.37604, MRR is: 0.69508, in top 10 tags
264 users are loaded from /home/ll5fy/TUIR/dataset/yelp/byUser_70k_review/5foldsCVColdstart/3/...
260 users are loaded from /home/ll5fy/TUIR/dataset/yelp/byUser_70k_review/5foldsCVColdstart/0/...
244 users are loaded from /home/ll5fy/TUIR/dataset/yelp/byUser_70k_review/5foldsCVColdstart/1/...
266 users are loaded from /home/ll5fy/TUIR/dataset/yelp/byUser_70k_review/5foldsCVColdstart/2/...
256 users are loaded from /home/ll5fy/TUIR/dataset/yelp/byUser_70k_review/5foldsCVColdstart/4/...
[Info]Finish loading 861 items' weights in total 156639 items!
[Info]Begin tagging 861 items with ETBIR_Item Interpolation............
---- item 1: map is 0.55779, precision@k is 0.18182, mrr is 1.00000
---- item 51: map is 0.43766, precision@k is 0.18182, mrr is 1.00000
---- item 101: map is 0.83333, precision@k is 0.66667, mrr is 1.00000
---- item 151: map is 0.18580, precision@k is 0.09091, mrr is 0.33333
---- item 201: map is 0.34445, precision@k is 0.09091, mrr is 1.00000
---- item 251: map is 0.50730, precision@k is 0.09091, mrr is 1.00000
---- item 301: map is 0.50518, precision@k is 0.18182, mrr is 1.00000
---- item 351: map is 0.56250, precision@k is 0.09091, mrr is 1.00000
---- item 401: map is 0.34783, precision@k is 0.27273, mrr is 0.50000
---- item 451: map is 0.48794, precision@k is 0.18182, mrr is 1.00000
---- item 501: map is 0.34704, precision@k is 0.09091, mrr is 1.00000
---- item 551: map is 0.75000, precision@k is 0.50000, mrr is 1.00000
---- item 601: map is 0.43281, precision@k is 0.18182, mrr is 1.00000
---- item 651: map is 0.03025, precision@k is 0.00000, mrr is 0.07143
---- item 701: map is 0.18123, precision@k is 0.09091, mrr is 0.50000
---- item 751: map is 0.00421, precision@k is 0.00000, mrr is 0.00266
---- item 801: map is 0.39630, precision@k is 0.09091, mrr is 1.00000
---- item 851: map is 0.09962, precision@k is 0.09091, mrr is 0.33333
[Stat]ETBIR_Item model, Interpolation mode item tagging: Precision@K is 0.22160, MAP is: 0.37700, MRR is: 0.68666, in top 10 tags
256 users are loaded from /home/ll5fy/TUIR/dataset/yelp/byUser_70k_review/5foldsCVColdstart/4/...
260 users are loaded from /home/ll5fy/TUIR/dataset/yelp/byUser_70k_review/5foldsCVColdstart/0/...
244 users are loaded from /home/ll5fy/TUIR/dataset/yelp/byUser_70k_review/5foldsCVColdstart/1/...
266 users are loaded from /home/ll5fy/TUIR/dataset/yelp/byUser_70k_review/5foldsCVColdstart/2/...
264 users are loaded from /home/ll5fy/TUIR/dataset/yelp/byUser_70k_review/5foldsCVColdstart/3/...
[Info]Finish loading 861 items' weights in total 156639 items!
[Info]Begin tagging 861 items with ETBIR_Item Interpolation............
---- item 1: map is 0.64881, precision@k is 0.50000, mrr is 1.00000
---- item 51: map is 0.43200, precision@k is 0.18182, mrr is 1.00000
---- item 101: map is 0.83333, precision@k is 0.66667, mrr is 1.00000
---- item 151: map is 0.57766, precision@k is 0.27273, mrr is 1.00000
---- item 201: map is 0.34494, precision@k is 0.09091, mrr is 1.00000
---- item 251: map is 0.14387, precision@k is 0.09091, mrr is 0.25000
---- item 301: map is 0.50589, precision@k is 0.18182, mrr is 1.00000
---- item 351: map is 0.59091, precision@k is 0.09091, mrr is 1.00000
---- item 401: map is 0.34884, precision@k is 0.27273, mrr is 0.50000
---- item 451: map is 0.46368, precision@k is 0.18182, mrr is 1.00000
---- item 501: map is 0.34501, precision@k is 0.09091, mrr is 1.00000
---- item 551: map is 0.75000, precision@k is 0.50000, mrr is 1.00000
---- item 601: map is 0.43341, precision@k is 0.18182, mrr is 1.00000
---- item 651: map is 0.03299, precision@k is 0.00000, mrr is 0.09091
---- item 701: map is 0.18019, precision@k is 0.09091, mrr is 0.50000
---- item 751: map is 0.00424, precision@k is 0.00000, mrr is 0.00278
---- item 801: map is 0.38847, precision@k is 0.09091, mrr is 1.00000
---- item 851: map is 0.10800, precision@k is 0.09091, mrr is 0.33333
[Stat]ETBIR_Item model, Interpolation mode item tagging: Precision@K is 0.22274, MAP is: 0.37449, MRR is: 0.67696, in top 10 tags

[Stat]Running time (seconds) 363.15000
[Stat]MAP 0.376+/-0.004
[Stat]MRR 0.704+/-0.025
[Stat]Precision 0.216+/-0.010
