Load 6134 2-gram new features from /home/ll5fy/TUIR/dataset/yelp/yelp_features.txt...
Load 6134 2-gram new features from /home/ll5fy/TUIR/dataset/yelp/yelp_features.txt...
[Info]Start FIXED cross validation...
[Info]Load 553 tags, with 6134 features.
260 users are loaded from /home/ll5fy/TUIR/dataset/yelp/byUser_70k_review/5foldsCVColdstart/0/...
244 users are loaded from /home/ll5fy/TUIR/dataset/yelp/byUser_70k_review/5foldsCVColdstart/1/...
266 users are loaded from /home/ll5fy/TUIR/dataset/yelp/byUser_70k_review/5foldsCVColdstart/2/...
264 users are loaded from /home/ll5fy/TUIR/dataset/yelp/byUser_70k_review/5foldsCVColdstart/3/...
256 users are loaded from /home/ll5fy/TUIR/dataset/yelp/byUser_70k_review/5foldsCVColdstart/4/...
[Info]Finish loading 861 items' weights in total 156639 items!
[Info]Begin tagging 861 items with ETBIR Interpolation............
---- item 1: map is 0.34387, precision@k is 0.09091, mrr is 1.00000
---- item 51: map is 0.52672, precision@k is 0.18182, mrr is 1.00000
---- item 101: map is 1.00000, precision@k is 1.00000, mrr is 1.00000
---- item 151: map is 0.36020, precision@k is 0.09091, mrr is 1.00000
---- item 201: map is 0.34423, precision@k is 0.09091, mrr is 1.00000
---- item 251: map is 0.01517, precision@k is 0.00000, mrr is 0.01563
---- item 301: map is 0.26819, precision@k is 0.09091, mrr is 1.00000
---- item 351: map is 0.51449, precision@k is 0.09091, mrr is 1.00000
---- item 401: map is 0.09664, precision@k is 0.09091, mrr is 0.33333
---- item 451: map is 0.70238, precision@k is 0.18182, mrr is 1.00000
---- item 501: map is 0.03283, precision@k is 0.00000, mrr is 0.05882
---- item 551: map is 1.00000, precision@k is 1.00000, mrr is 1.00000
---- item 601: map is 0.02636, precision@k is 0.00000, mrr is 0.02326
---- item 651: map is 0.03319, precision@k is 0.00000, mrr is 0.08333
---- item 701: map is 0.34148, precision@k is 0.09091, mrr is 1.00000
---- item 751: map is 0.00448, precision@k is 0.00000, mrr is 0.00306
---- item 801: map is 0.34749, precision@k is 0.09091, mrr is 1.00000
---- item 851: map is 0.06173, precision@k is 0.09091, mrr is 0.14286
[Stat]ETBIR model, Interpolation mode item tagging: Precision@K is 0.15863, MAP is: 0.34393, MRR is: 0.77155, in top 10 tags
244 users are loaded from /home/ll5fy/TUIR/dataset/yelp/byUser_70k_review/5foldsCVColdstart/1/...
260 users are loaded from /home/ll5fy/TUIR/dataset/yelp/byUser_70k_review/5foldsCVColdstart/0/...
266 users are loaded from /home/ll5fy/TUIR/dataset/yelp/byUser_70k_review/5foldsCVColdstart/2/...
264 users are loaded from /home/ll5fy/TUIR/dataset/yelp/byUser_70k_review/5foldsCVColdstart/3/...
256 users are loaded from /home/ll5fy/TUIR/dataset/yelp/byUser_70k_review/5foldsCVColdstart/4/...
[Info]Finish loading 861 items' weights in total 156639 items!
[Info]Begin tagging 861 items with ETBIR Interpolation............
---- item 1: map is 0.34385, precision@k is 0.09091, mrr is 1.00000
---- item 51: map is 0.53396, precision@k is 0.18182, mrr is 1.00000
---- item 101: map is 1.00000, precision@k is 1.00000, mrr is 1.00000
---- item 151: map is 0.20231, precision@k is 0.09091, mrr is 0.50000
---- item 201: map is 0.34570, precision@k is 0.09091, mrr is 1.00000
---- item 251: map is 0.03704, precision@k is 0.00000, mrr is 0.05556
---- item 301: map is 0.50514, precision@k is 0.18182, mrr is 1.00000
---- item 351: map is 0.51408, precision@k is 0.09091, mrr is 1.00000
---- item 401: map is 0.16437, precision@k is 0.18182, mrr is 0.50000
---- item 451: map is 0.72917, precision@k is 0.18182, mrr is 1.00000
---- item 501: map is 0.02423, precision@k is 0.00000, mrr is 0.03125
---- item 551: map is 1.00000, precision@k is 1.00000, mrr is 1.00000
---- item 601: map is 0.31204, precision@k is 0.09091, mrr is 1.00000
---- item 651: map is 0.03575, precision@k is 0.09091, mrr is 0.10000
---- item 701: map is 0.17297, precision@k is 0.09091, mrr is 0.50000
---- item 751: map is 0.00445, precision@k is 0.00000, mrr is 0.00293
---- item 801: map is 0.34949, precision@k is 0.09091, mrr is 1.00000
---- item 851: map is 0.08234, precision@k is 0.09091, mrr is 0.25000
[Stat]ETBIR model, Interpolation mode item tagging: Precision@K is 0.19027, MAP is: 0.36255, MRR is: 0.75845, in top 10 tags
266 users are loaded from /home/ll5fy/TUIR/dataset/yelp/byUser_70k_review/5foldsCVColdstart/2/...
260 users are loaded from /home/ll5fy/TUIR/dataset/yelp/byUser_70k_review/5foldsCVColdstart/0/...
244 users are loaded from /home/ll5fy/TUIR/dataset/yelp/byUser_70k_review/5foldsCVColdstart/1/...
264 users are loaded from /home/ll5fy/TUIR/dataset/yelp/byUser_70k_review/5foldsCVColdstart/3/...
256 users are loaded from /home/ll5fy/TUIR/dataset/yelp/byUser_70k_review/5foldsCVColdstart/4/...
[Info]Finish loading 861 items' weights in total 156639 items!
[Info]Begin tagging 861 items with ETBIR Interpolation............
---- item 1: map is 0.34540, precision@k is 0.09091, mrr is 1.00000
---- item 51: map is 0.53598, precision@k is 0.18182, mrr is 1.00000
---- item 101: map is 1.00000, precision@k is 1.00000, mrr is 1.00000
---- item 151: map is 0.19649, precision@k is 0.09091, mrr is 0.50000
---- item 201: map is 0.34487, precision@k is 0.09091, mrr is 1.00000
---- item 251: map is 0.09432, precision@k is 0.09091, mrr is 0.16667
---- item 301: map is 0.50493, precision@k is 0.18182, mrr is 1.00000
---- item 351: map is 0.53030, precision@k is 0.09091, mrr is 1.00000
---- item 401: map is 0.23196, precision@k is 0.18182, mrr is 0.50000
---- item 451: map is 0.61806, precision@k is 0.18182, mrr is 1.00000
---- item 501: map is 0.17902, precision@k is 0.09091, mrr is 0.50000
---- item 551: map is 1.00000, precision@k is 1.00000, mrr is 1.00000
---- item 601: map is 0.43545, precision@k is 0.18182, mrr is 1.00000
---- item 651: map is 0.02394, precision@k is 0.00000, mrr is 0.03333
---- item 701: map is 0.17794, precision@k is 0.09091, mrr is 0.50000
---- item 751: map is 0.00455, precision@k is 0.00000, mrr is 0.00288
---- item 801: map is 0.37099, precision@k is 0.09091, mrr is 1.00000
---- item 851: map is 0.06460, precision@k is 0.09091, mrr is 0.20000
[Stat]ETBIR model, Interpolation mode item tagging: Precision@K is 0.20605, MAP is: 0.37868, MRR is: 0.74642, in top 10 tags
264 users are loaded from /home/ll5fy/TUIR/dataset/yelp/byUser_70k_review/5foldsCVColdstart/3/...
260 users are loaded from /home/ll5fy/TUIR/dataset/yelp/byUser_70k_review/5foldsCVColdstart/0/...
244 users are loaded from /home/ll5fy/TUIR/dataset/yelp/byUser_70k_review/5foldsCVColdstart/1/...
266 users are loaded from /home/ll5fy/TUIR/dataset/yelp/byUser_70k_review/5foldsCVColdstart/2/...
256 users are loaded from /home/ll5fy/TUIR/dataset/yelp/byUser_70k_review/5foldsCVColdstart/4/...
[Info]Finish loading 861 items' weights in total 156639 items!
[Info]Begin tagging 861 items with ETBIR Interpolation............
---- item 1: map is 0.35079, precision@k is 0.09091, mrr is 1.00000
---- item 51: map is 0.54155, precision@k is 0.18182, mrr is 1.00000
---- item 101: map is 0.83333, precision@k is 0.66667, mrr is 1.00000
---- item 151: map is 0.20294, precision@k is 0.09091, mrr is 0.50000
---- item 201: map is 0.34503, precision@k is 0.09091, mrr is 1.00000
---- item 251: map is 0.50847, precision@k is 0.09091, mrr is 1.00000
---- item 301: map is 0.50437, precision@k is 0.18182, mrr is 1.00000
---- item 351: map is 0.53226, precision@k is 0.09091, mrr is 1.00000
---- item 401: map is 0.23522, precision@k is 0.18182, mrr is 0.50000
---- item 451: map is 0.52326, precision@k is 0.18182, mrr is 1.00000
---- item 501: map is 0.34557, precision@k is 0.09091, mrr is 1.00000
---- item 551: map is 1.00000, precision@k is 1.00000, mrr is 1.00000
---- item 601: map is 0.43537, precision@k is 0.18182, mrr is 1.00000
---- item 651: map is 0.03129, precision@k is 0.00000, mrr is 0.07143
---- item 701: map is 0.17573, precision@k is 0.09091, mrr is 0.50000
---- item 751: map is 0.00450, precision@k is 0.00000, mrr is 0.00294
---- item 801: map is 0.37824, precision@k is 0.09091, mrr is 1.00000
---- item 851: map is 0.08159, precision@k is 0.09091, mrr is 0.25000
[Stat]ETBIR model, Interpolation mode item tagging: Precision@K is 0.21264, MAP is: 0.38191, MRR is: 0.73345, in top 10 tags
256 users are loaded from /home/ll5fy/TUIR/dataset/yelp/byUser_70k_review/5foldsCVColdstart/4/...
260 users are loaded from /home/ll5fy/TUIR/dataset/yelp/byUser_70k_review/5foldsCVColdstart/0/...
244 users are loaded from /home/ll5fy/TUIR/dataset/yelp/byUser_70k_review/5foldsCVColdstart/1/...
266 users are loaded from /home/ll5fy/TUIR/dataset/yelp/byUser_70k_review/5foldsCVColdstart/2/...
264 users are loaded from /home/ll5fy/TUIR/dataset/yelp/byUser_70k_review/5foldsCVColdstart/3/...
[Info]Finish loading 861 items' weights in total 156639 items!
[Info]Begin tagging 861 items with ETBIR Interpolation............
---- item 1: map is 0.62153, precision@k is 0.27273, mrr is 1.00000
---- item 51: map is 0.52554, precision@k is 0.18182, mrr is 1.00000
---- item 101: map is 0.83333, precision@k is 0.66667, mrr is 1.00000
---- item 151: map is 0.48117, precision@k is 0.27273, mrr is 1.00000
---- item 201: map is 0.34415, precision@k is 0.09091, mrr is 1.00000
---- item 251: map is 0.13587, precision@k is 0.09091, mrr is 0.25000
---- item 301: map is 0.50554, precision@k is 0.18182, mrr is 1.00000
---- item 351: map is 0.53448, precision@k is 0.09091, mrr is 1.00000
---- item 401: map is 0.29903, precision@k is 0.18182, mrr is 0.50000
---- item 451: map is 0.51053, precision@k is 0.18182, mrr is 1.00000
---- item 501: map is 0.34762, precision@k is 0.09091, mrr is 1.00000
---- item 551: map is 1.00000, precision@k is 1.00000, mrr is 1.00000
---- item 601: map is 0.43918, precision@k is 0.18182, mrr is 1.00000
---- item 651: map is 0.03469, precision@k is 0.09091, mrr is 0.10000
---- item 701: map is 0.17429, precision@k is 0.09091, mrr is 0.50000
---- item 751: map is 0.00454, precision@k is 0.00000, mrr is 0.00294
---- item 801: map is 0.35054, precision@k is 0.09091, mrr is 1.00000
---- item 851: map is 0.08723, precision@k is 0.09091, mrr is 0.25000
[Stat]ETBIR model, Interpolation mode item tagging: Precision@K is 0.21284, MAP is: 0.37757, MRR is: 0.73033, in top 10 tags

[Stat]Running time (seconds) 364.56800
[Stat]MAP 0.369+/-0.014
[Stat]MRR 0.748+/-0.015
[Stat]Precision 0.196+/-0.020
