Load 6134 2-gram new features from /home/ll5fy/TUIR/dataset/yelp/yelp_features.txt...
Load 6134 2-gram new features from /home/ll5fy/TUIR/dataset/yelp/yelp_features.txt...
[Info]Start FIXED cross validation...
[Info]Load 553 tags, with 6134 features.
260 users are loaded from /home/ll5fy/TUIR/dataset/yelp/byUser_70k_review/5foldsCVColdstart/0/...
244 users are loaded from /home/ll5fy/TUIR/dataset/yelp/byUser_70k_review/5foldsCVColdstart/1/...
266 users are loaded from /home/ll5fy/TUIR/dataset/yelp/byUser_70k_review/5foldsCVColdstart/2/...
264 users are loaded from /home/ll5fy/TUIR/dataset/yelp/byUser_70k_review/5foldsCVColdstart/3/...
256 users are loaded from /home/ll5fy/TUIR/dataset/yelp/byUser_70k_review/5foldsCVColdstart/4/...
[Info]Finish loading 722 items' weights in total 156639 items!
[Info]Begin tagging 722 items with LDA_Item Interpolation............
---- item 1: map is 0.43443, precision@k is 0.18182, mrr is 1.00000
---- item 51: map is 0.13377, precision@k is 0.09091, mrr is 0.25000
---- item 101: map is 0.60000, precision@k is 0.20000, mrr is 1.00000
---- item 151: map is 0.12765, precision@k is 0.18182, mrr is 0.14286
---- item 201: map is 0.43450, precision@k is 0.18182, mrr is 1.00000
---- item 251: map is 0.83333, precision@k is 0.66667, mrr is 1.00000
---- item 301: map is 0.08222, precision@k is 0.09091, mrr is 0.16667
---- item 351: map is 0.39148, precision@k is 0.18182, mrr is 1.00000
---- item 401: map is 0.28717, precision@k is 0.09091, mrr is 1.00000
---- item 451: map is 0.70263, precision@k is 0.27273, mrr is 1.00000
---- item 501: map is 0.10548, precision@k is 0.09091, mrr is 0.25000
---- item 551: map is 0.69369, precision@k is 0.18182, mrr is 1.00000
---- item 601: map is 0.58333, precision@k is 0.09091, mrr is 1.00000
---- item 651: map is 0.20373, precision@k is 0.18182, mrr is 0.50000
---- item 701: map is 0.50182, precision@k is 0.09091, mrr is 1.00000
[Stat]LDA_Item model, Interpolation mode item tagging: Precision@K is 0.20355, MAP is: 0.35137, MRR is: 0.63291, in top 10 tags
244 users are loaded from /home/ll5fy/TUIR/dataset/yelp/byUser_70k_review/5foldsCVColdstart/1/...
260 users are loaded from /home/ll5fy/TUIR/dataset/yelp/byUser_70k_review/5foldsCVColdstart/0/...
266 users are loaded from /home/ll5fy/TUIR/dataset/yelp/byUser_70k_review/5foldsCVColdstart/2/...
264 users are loaded from /home/ll5fy/TUIR/dataset/yelp/byUser_70k_review/5foldsCVColdstart/3/...
256 users are loaded from /home/ll5fy/TUIR/dataset/yelp/byUser_70k_review/5foldsCVColdstart/4/...
[Info]Finish loading 732 items' weights in total 156639 items!
[Info]Begin tagging 732 items with LDA_Item Interpolation............
---- item 1: map is 0.43305, precision@k is 0.18182, mrr is 1.00000
---- item 51: map is 0.33674, precision@k is 0.09091, mrr is 1.00000
---- item 101: map is 0.01842, precision@k is 0.00000, mrr is 0.02778
---- item 151: map is 0.28142, precision@k is 0.18182, mrr is 1.00000
---- item 201: map is 0.64286, precision@k is 0.28571, mrr is 1.00000
---- item 251: map is 0.36667, precision@k is 0.40000, mrr is 0.33333
---- item 301: map is 0.41266, precision@k is 0.18182, mrr is 1.00000
---- item 351: map is 0.26667, precision@k is 0.20000, mrr is 0.33333
---- item 401: map is 0.05242, precision@k is 0.00000, mrr is 0.07692
---- item 451: map is 0.42792, precision@k is 0.18182, mrr is 1.00000
---- item 501: map is 0.50000, precision@k is 0.50000, mrr is 0.50000
---- item 551: map is 0.00702, precision@k is 0.00000, mrr is 0.00427
---- item 601: map is 0.08468, precision@k is 0.09091, mrr is 0.20000
---- item 651: map is 0.43651, precision@k is 0.18182, mrr is 0.50000
---- item 701: map is 0.21833, precision@k is 0.09091, mrr is 1.00000
[Stat]LDA_Item model, Interpolation mode item tagging: Precision@K is 0.20150, MAP is: 0.34583, MRR is: 0.62703, in top 10 tags
266 users are loaded from /home/ll5fy/TUIR/dataset/yelp/byUser_70k_review/5foldsCVColdstart/2/...
260 users are loaded from /home/ll5fy/TUIR/dataset/yelp/byUser_70k_review/5foldsCVColdstart/0/...
244 users are loaded from /home/ll5fy/TUIR/dataset/yelp/byUser_70k_review/5foldsCVColdstart/1/...
264 users are loaded from /home/ll5fy/TUIR/dataset/yelp/byUser_70k_review/5foldsCVColdstart/3/...
256 users are loaded from /home/ll5fy/TUIR/dataset/yelp/byUser_70k_review/5foldsCVColdstart/4/...
[Info]Finish loading 702 items' weights in total 156639 items!
[Info]Begin tagging 702 items with LDA_Item Interpolation............
---- item 1: map is 0.83333, precision@k is 0.50000, mrr is 1.00000
---- item 51: map is 0.48752, precision@k is 0.27273, mrr is 1.00000
---- item 101: map is 0.52273, precision@k is 0.09091, mrr is 1.00000
---- item 151: map is 0.19975, precision@k is 0.18182, mrr is 0.50000
---- item 201: map is 0.16808, precision@k is 0.09091, mrr is 1.00000
---- item 251: map is 0.26840, precision@k is 0.27273, mrr is 0.50000
---- item 301: map is 0.08065, precision@k is 0.09091, mrr is 0.16667
---- item 351: map is 0.40203, precision@k is 0.18182, mrr is 1.00000
---- item 401: map is 0.50892, precision@k is 0.36364, mrr is 1.00000
---- item 451: map is 0.70263, precision@k is 0.27273, mrr is 1.00000
---- item 501: map is 0.42689, precision@k is 0.27273, mrr is 0.50000
---- item 551: map is 0.45051, precision@k is 0.27273, mrr is 1.00000
---- item 601: map is 0.24807, precision@k is 0.27273, mrr is 0.33333
---- item 651: map is 0.37143, precision@k is 0.09091, mrr is 1.00000
---- item 701: map is 0.19792, precision@k is 0.09091, mrr is 0.33333
[Stat]LDA_Item model, Interpolation mode item tagging: Precision@K is 0.20632, MAP is: 0.34974, MRR is: 0.62606, in top 10 tags
264 users are loaded from /home/ll5fy/TUIR/dataset/yelp/byUser_70k_review/5foldsCVColdstart/3/...
260 users are loaded from /home/ll5fy/TUIR/dataset/yelp/byUser_70k_review/5foldsCVColdstart/0/...
244 users are loaded from /home/ll5fy/TUIR/dataset/yelp/byUser_70k_review/5foldsCVColdstart/1/...
266 users are loaded from /home/ll5fy/TUIR/dataset/yelp/byUser_70k_review/5foldsCVColdstart/2/...
256 users are loaded from /home/ll5fy/TUIR/dataset/yelp/byUser_70k_review/5foldsCVColdstart/4/...
[Info]Finish loading 717 items' weights in total 156639 items!
[Info]Begin tagging 717 items with LDA_Item Interpolation............
---- item 1: map is 0.43305, precision@k is 0.18182, mrr is 1.00000
---- item 51: map is 0.33700, precision@k is 0.09091, mrr is 1.00000
---- item 101: map is 0.22619, precision@k is 0.28571, mrr is 0.16667
---- item 151: map is 0.07343, precision@k is 0.09091, mrr is 0.14286
---- item 201: map is 0.33756, precision@k is 0.27273, mrr is 0.50000
---- item 251: map is 0.03306, precision@k is 0.00000, mrr is 0.06250
---- item 301: map is 0.31629, precision@k is 0.18182, mrr is 0.33333
---- item 351: map is 0.06103, precision@k is 0.00000, mrr is 0.03571
---- item 401: map is 0.02663, precision@k is 0.00000, mrr is 0.04762
---- item 451: map is 1.00000, precision@k is 1.00000, mrr is 1.00000
