Load 6134 2-gram new features from /home/ll5fy/TUIR/dataset/yelp/yelp_features.txt...
Load 6134 2-gram new features from /home/ll5fy/TUIR/dataset/yelp/yelp_features.txt...
[Info]Start FIXED cross validation...
[Info]Load 553 tags, with 6134 features.
260 users are loaded from /home/ll5fy/TUIR/dataset/yelp/byUser_70k_review/5foldsCVColdstart/0/...
244 users are loaded from /home/ll5fy/TUIR/dataset/yelp/byUser_70k_review/5foldsCVColdstart/1/...
266 users are loaded from /home/ll5fy/TUIR/dataset/yelp/byUser_70k_review/5foldsCVColdstart/2/...
264 users are loaded from /home/ll5fy/TUIR/dataset/yelp/byUser_70k_review/5foldsCVColdstart/3/...
256 users are loaded from /home/ll5fy/TUIR/dataset/yelp/byUser_70k_review/5foldsCVColdstart/4/...
[Info]Finish loading 722 items' weights in total 156639 items!
[Info]Begin tagging 722 items with LDA_Item Interpolation............
---- item 1: map is 0.56218, precision@k is 0.18182, mrr is 1.00000
---- item 51: map is 0.25189, precision@k is 0.09091, mrr is 0.50000
---- item 101: map is 0.83333, precision@k is 0.66667, mrr is 1.00000
---- item 151: map is 0.20646, precision@k is 0.09091, mrr is 0.50000
---- item 201: map is 0.38565, precision@k is 0.18182, mrr is 1.00000
---- item 251: map is 0.83333, precision@k is 0.66667, mrr is 1.00000
---- item 301: map is 0.07239, precision@k is 0.09091, mrr is 0.14286
---- item 351: map is 0.35886, precision@k is 0.18182, mrr is 1.00000
---- item 401: map is 0.32148, precision@k is 0.18182, mrr is 1.00000
---- item 451: map is 0.58598, precision@k is 0.27273, mrr is 1.00000
---- item 501: map is 0.17352, precision@k is 0.09091, mrr is 0.50000
---- item 551: map is 0.67001, precision@k is 0.18182, mrr is 1.00000
---- item 601: map is 0.45000, precision@k is 0.40000, mrr is 0.50000
---- item 651: map is 0.23732, precision@k is 0.18182, mrr is 0.50000
---- item 701: map is 0.70000, precision@k is 0.40000, mrr is 1.00000
[Stat]LDA_Item model, Interpolation mode item tagging: Precision@K is 0.19585, MAP is: 0.33187, MRR is: 0.63648, in top 10 tags
244 users are loaded from /home/ll5fy/TUIR/dataset/yelp/byUser_70k_review/5foldsCVColdstart/1/...
260 users are loaded from /home/ll5fy/TUIR/dataset/yelp/byUser_70k_review/5foldsCVColdstart/0/...
266 users are loaded from /home/ll5fy/TUIR/dataset/yelp/byUser_70k_review/5foldsCVColdstart/2/...
264 users are loaded from /home/ll5fy/TUIR/dataset/yelp/byUser_70k_review/5foldsCVColdstart/3/...
256 users are loaded from /home/ll5fy/TUIR/dataset/yelp/byUser_70k_review/5foldsCVColdstart/4/...
[Info]Finish loading 732 items' weights in total 156639 items!
[Info]Begin tagging 732 items with LDA_Item Interpolation............
---- item 1: map is 0.67584, precision@k is 0.18182, mrr is 1.00000
---- item 51: map is 0.67467, precision@k is 0.18182, mrr is 1.00000
---- item 101: map is 0.10483, precision@k is 0.09091, mrr is 0.20000
---- item 151: map is 0.36568, precision@k is 0.18182, mrr is 1.00000
---- item 201: map is 0.83333, precision@k is 0.66667, mrr is 1.00000
---- item 251: map is 0.41667, precision@k is 0.33333, mrr is 0.50000
---- item 301: map is 0.43139, precision@k is 0.18182, mrr is 1.00000
---- item 351: map is 0.21667, precision@k is 0.09091, mrr is 0.33333
---- item 401: map is 0.12281, precision@k is 0.09091, mrr is 0.33333
---- item 451: map is 0.27472, precision@k is 0.18182, mrr is 1.00000
---- item 501: map is 0.50000, precision@k is 0.50000, mrr is 0.50000
---- item 551: map is 0.00429, precision@k is 0.00000, mrr is 0.00268
---- item 601: map is 0.03156, precision@k is 0.00000, mrr is 0.02941
---- item 651: map is 0.31887, precision@k is 0.18182, mrr is 0.50000
---- item 701: map is 0.41477, precision@k is 0.18182, mrr is 1.00000
[Stat]LDA_Item model, Interpolation mode item tagging: Precision@K is 0.21930, MAP is: 0.37473, MRR is: 0.68411, in top 10 tags
266 users are loaded from /home/ll5fy/TUIR/dataset/yelp/byUser_70k_review/5foldsCVColdstart/2/...
260 users are loaded from /home/ll5fy/TUIR/dataset/yelp/byUser_70k_review/5foldsCVColdstart/0/...
244 users are loaded from /home/ll5fy/TUIR/dataset/yelp/byUser_70k_review/5foldsCVColdstart/1/...
264 users are loaded from /home/ll5fy/TUIR/dataset/yelp/byUser_70k_review/5foldsCVColdstart/3/...
256 users are loaded from /home/ll5fy/TUIR/dataset/yelp/byUser_70k_review/5foldsCVColdstart/4/...
[Info]Finish loading 702 items' weights in total 156639 items!
[Info]Begin tagging 702 items with LDA_Item Interpolation............
---- item 1: map is 0.55847, precision@k is 0.18182, mrr is 1.00000
---- item 51: map is 0.39497, precision@k is 0.27273, mrr is 0.50000
---- item 101: map is 0.50488, precision@k is 0.09091, mrr is 1.00000
---- item 151: map is 0.23455, precision@k is 0.18182, mrr is 0.50000
---- item 201: map is 0.18886, precision@k is 0.09091, mrr is 1.00000
---- item 251: map is 0.24622, precision@k is 0.27273, mrr is 0.50000
---- item 301: map is 0.12444, precision@k is 0.18182, mrr is 0.12500
---- item 351: map is 0.40152, precision@k is 0.09091, mrr is 1.00000
---- item 401: map is 0.49163, precision@k is 0.27273, mrr is 1.00000
---- item 451: map is 0.65474, precision@k is 0.27273, mrr is 1.00000
---- item 501: map is 0.34578, precision@k is 0.27273, mrr is 0.50000
---- item 551: map is 0.52700, precision@k is 0.27273, mrr is 1.00000
---- item 601: map is 0.25330, precision@k is 0.27273, mrr is 0.33333
---- item 651: map is 0.41195, precision@k is 0.18182, mrr is 1.00000
---- item 701: map is 0.33333, precision@k is 0.33333, mrr is 0.33333
[Stat]LDA_Item model, Interpolation mode item tagging: Precision@K is 0.22385, MAP is: 0.37045, MRR is: 0.65982, in top 10 tags
264 users are loaded from /home/ll5fy/TUIR/dataset/yelp/byUser_70k_review/5foldsCVColdstart/3/...
260 users are loaded from /home/ll5fy/TUIR/dataset/yelp/byUser_70k_review/5foldsCVColdstart/0/...
244 users are loaded from /home/ll5fy/TUIR/dataset/yelp/byUser_70k_review/5foldsCVColdstart/1/...
266 users are loaded from /home/ll5fy/TUIR/dataset/yelp/byUser_70k_review/5foldsCVColdstart/2/...
256 users are loaded from /home/ll5fy/TUIR/dataset/yelp/byUser_70k_review/5foldsCVColdstart/4/...
[Info]Finish loading 717 items' weights in total 156639 items!
[Info]Begin tagging 717 items with LDA_Item Interpolation............
---- item 1: map is 0.56481, precision@k is 0.18182, mrr is 1.00000
---- item 51: map is 0.55866, precision@k is 0.18182, mrr is 1.00000
---- item 101: map is 0.22619, precision@k is 0.28571, mrr is 0.16667
---- item 151: map is 0.09043, precision@k is 0.09091, mrr is 0.16667
---- item 201: map is 0.34531, precision@k is 0.27273, mrr is 0.50000
---- item 251: map is 0.07394, precision@k is 0.09091, mrr is 0.14286
---- item 301: map is 0.27652, precision@k is 0.18182, mrr is 0.33333
---- item 351: map is 0.02304, precision@k is 0.00000, mrr is 0.02632
---- item 401: map is 0.00757, precision@k is 0.00000, mrr is 0.00518
---- item 451: map is 0.70000, precision@k is 0.40000, mrr is 1.00000
---- item 501: map is 1.00000, precision@k is 1.00000, mrr is 1.00000
---- item 551: map is 0.67041, precision@k is 0.18182, mrr is 1.00000
---- item 601: map is 0.05655, precision@k is 0.09091, mrr is 0.14286
---- item 651: map is 0.34523, precision@k is 0.27273, mrr is 0.50000
---- item 701: map is 0.40866, precision@k is 0.36364, mrr is 1.00000
[Stat]LDA_Item model, Interpolation mode item tagging: Precision@K is 0.23293, MAP is: 0.37664, MRR is: 0.66665, in top 10 tags
256 users are loaded from /home/ll5fy/TUIR/dataset/yelp/byUser_70k_review/5foldsCVColdstart/4/...
260 users are loaded from /home/ll5fy/TUIR/dataset/yelp/byUser_70k_review/5foldsCVColdstart/0/...
244 users are loaded from /home/ll5fy/TUIR/dataset/yelp/byUser_70k_review/5foldsCVColdstart/1/...
266 users are loaded from /home/ll5fy/TUIR/dataset/yelp/byUser_70k_review/5foldsCVColdstart/2/...
264 users are loaded from /home/ll5fy/TUIR/dataset/yelp/byUser_70k_review/5foldsCVColdstart/3/...
[Info]Finish loading 726 items' weights in total 156639 items!
[Info]Begin tagging 726 items with LDA_Item Interpolation............
---- item 1: map is 0.56481, precision@k is 0.18182, mrr is 1.00000
---- item 51: map is 0.22853, precision@k is 0.09091, mrr is 1.00000
---- item 101: map is 0.42917, precision@k is 0.18182, mrr is 1.00000
---- item 151: map is 0.12396, precision@k is 0.09091, mrr is 0.33333
---- item 201: map is 0.66667, precision@k is 0.33333, mrr is 1.00000
---- item 251: map is 0.34629, precision@k is 0.09091, mrr is 1.00000
---- item 301: map is 0.41922, precision@k is 0.18182, mrr is 1.00000
---- item 351: map is 1.00000, precision@k is 1.00000, mrr is 1.00000
---- item 401: map is 0.38200, precision@k is 0.09091, mrr is 1.00000
---- item 451: map is 0.14823, precision@k is 0.09091, mrr is 0.33333
---- item 501: map is 0.63385, precision@k is 0.27273, mrr is 1.00000
---- item 551: map is 0.52575, precision@k is 0.27273, mrr is 1.00000
---- item 601: map is 0.43627, precision@k is 0.27273, mrr is 0.50000
---- item 651: map is 0.64286, precision@k is 0.42857, mrr is 1.00000
---- item 701: map is 0.50861, precision@k is 0.18182, mrr is 1.00000
[Stat]LDA_Item model, Interpolation mode item tagging: Precision@K is 0.22741, MAP is: 0.37352, MRR is: 0.66264, in top 10 tags

[Stat]Running time (seconds) 307.82300
[Stat]MAP 0.365+/-0.017
[Stat]MRR 0.662+/-0.015
[Stat]Precision 0.220+/-0.013
