Load 6134 2-gram new features from /home/ll5fy/TUIR/dataset/yelp/yelp_features.txt...
Load 6134 2-gram new features from /home/ll5fy/TUIR/dataset/yelp/yelp_features.txt...
[Info]Start FIXED cross validation...
[Info]Load 553 tags, with 6134 features.
260 users are loaded from /home/ll5fy/TUIR/dataset/yelp/byUser_70k_review/5foldsCVColdstart/0/...
244 users are loaded from /home/ll5fy/TUIR/dataset/yelp/byUser_70k_review/5foldsCVColdstart/1/...
266 users are loaded from /home/ll5fy/TUIR/dataset/yelp/byUser_70k_review/5foldsCVColdstart/2/...
264 users are loaded from /home/ll5fy/TUIR/dataset/yelp/byUser_70k_review/5foldsCVColdstart/3/...
256 users are loaded from /home/ll5fy/TUIR/dataset/yelp/byUser_70k_review/5foldsCVColdstart/4/...
[Info]Finish loading 861 items' weights in total 156639 items!
[Info]Begin tagging 861 items with ETBIR_User Interpolation............
---- item 1: map is 0.34912, precision@k is 0.09091, mrr is 1.00000
---- item 51: map is 0.53189, precision@k is 0.18182, mrr is 1.00000
---- item 101: map is 1.00000, precision@k is 1.00000, mrr is 1.00000
---- item 151: map is 0.35625, precision@k is 0.09091, mrr is 1.00000
---- item 201: map is 0.34343, precision@k is 0.09091, mrr is 1.00000
---- item 251: map is 0.01460, precision@k is 0.00000, mrr is 0.01449
---- item 301: map is 0.27175, precision@k is 0.09091, mrr is 1.00000
---- item 351: map is 0.51351, precision@k is 0.09091, mrr is 1.00000
---- item 401: map is 0.09792, precision@k is 0.09091, mrr is 0.33333
---- item 451: map is 0.70513, precision@k is 0.18182, mrr is 1.00000
---- item 501: map is 0.04220, precision@k is 0.00000, mrr is 0.09091
---- item 551: map is 1.00000, precision@k is 1.00000, mrr is 1.00000
---- item 601: map is 0.02601, precision@k is 0.00000, mrr is 0.01786
---- item 651: map is 0.02299, precision@k is 0.00000, mrr is 0.02941
---- item 701: map is 0.34167, precision@k is 0.09091, mrr is 1.00000
---- item 751: map is 0.00436, precision@k is 0.00000, mrr is 0.00290
---- item 801: map is 0.35149, precision@k is 0.09091, mrr is 1.00000
---- item 851: map is 0.05220, precision@k is 0.09091, mrr is 0.11111
[Stat]ETBIR_User model, Interpolation mode item tagging: Precision@K is 0.15964, MAP is: 0.34340, MRR is: 0.76671, in top 10 tags
244 users are loaded from /home/ll5fy/TUIR/dataset/yelp/byUser_70k_review/5foldsCVColdstart/1/...
260 users are loaded from /home/ll5fy/TUIR/dataset/yelp/byUser_70k_review/5foldsCVColdstart/0/...
266 users are loaded from /home/ll5fy/TUIR/dataset/yelp/byUser_70k_review/5foldsCVColdstart/2/...
264 users are loaded from /home/ll5fy/TUIR/dataset/yelp/byUser_70k_review/5foldsCVColdstart/3/...
256 users are loaded from /home/ll5fy/TUIR/dataset/yelp/byUser_70k_review/5foldsCVColdstart/4/...
[Info]Finish loading 861 items' weights in total 156639 items!
[Info]Begin tagging 861 items with ETBIR_User Interpolation............
---- item 1: map is 0.34546, precision@k is 0.09091, mrr is 1.00000
---- item 51: map is 0.53873, precision@k is 0.18182, mrr is 1.00000
---- item 101: map is 1.00000, precision@k is 1.00000, mrr is 1.00000
---- item 151: map is 0.19437, precision@k is 0.09091, mrr is 0.50000
---- item 201: map is 0.34378, precision@k is 0.09091, mrr is 1.00000
---- item 251: map is 0.08362, precision@k is 0.09091, mrr is 0.14286
---- item 301: map is 0.50586, precision@k is 0.18182, mrr is 1.00000
---- item 351: map is 0.51538, precision@k is 0.09091, mrr is 1.00000
---- item 401: map is 0.19202, precision@k is 0.18182, mrr is 0.50000
---- item 451: map is 0.59127, precision@k is 0.18182, mrr is 1.00000
---- item 501: map is 0.02892, precision@k is 0.00000, mrr is 0.04762
---- item 551: map is 1.00000, precision@k is 1.00000, mrr is 1.00000
---- item 601: map is 0.32362, precision@k is 0.18182, mrr is 1.00000
---- item 651: map is 0.02407, precision@k is 0.00000, mrr is 0.03333
---- item 701: map is 0.17810, precision@k is 0.09091, mrr is 0.50000
---- item 751: map is 0.00440, precision@k is 0.00000, mrr is 0.00287
---- item 801: map is 0.35253, precision@k is 0.09091, mrr is 1.00000
---- item 851: map is 0.05662, precision@k is 0.09091, mrr is 0.16667
[Stat]ETBIR_User model, Interpolation mode item tagging: Precision@K is 0.19969, MAP is: 0.37463, MRR is: 0.75689, in top 10 tags
266 users are loaded from /home/ll5fy/TUIR/dataset/yelp/byUser_70k_review/5foldsCVColdstart/2/...
260 users are loaded from /home/ll5fy/TUIR/dataset/yelp/byUser_70k_review/5foldsCVColdstart/0/...
244 users are loaded from /home/ll5fy/TUIR/dataset/yelp/byUser_70k_review/5foldsCVColdstart/1/...
264 users are loaded from /home/ll5fy/TUIR/dataset/yelp/byUser_70k_review/5foldsCVColdstart/3/...
256 users are loaded from /home/ll5fy/TUIR/dataset/yelp/byUser_70k_review/5foldsCVColdstart/4/...
[Info]Finish loading 861 items' weights in total 156639 items!
[Info]Begin tagging 861 items with ETBIR_User Interpolation............
---- item 1: map is 0.35492, precision@k is 0.09091, mrr is 1.00000
---- item 51: map is 0.54155, precision@k is 0.18182, mrr is 1.00000
---- item 101: map is 1.00000, precision@k is 1.00000, mrr is 1.00000
---- item 151: map is 0.19737, precision@k is 0.09091, mrr is 0.50000
---- item 201: map is 0.34494, precision@k is 0.09091, mrr is 1.00000
---- item 251: map is 0.02441, precision@k is 0.00000, mrr is 0.02941
---- item 301: map is 0.50569, precision@k is 0.18182, mrr is 1.00000
---- item 351: map is 0.52000, precision@k is 0.09091, mrr is 1.00000
---- item 401: map is 0.22499, precision@k is 0.18182, mrr is 0.50000
---- item 451: map is 0.59004, precision@k is 0.18182, mrr is 1.00000
---- item 501: map is 0.35053, precision@k is 0.09091, mrr is 1.00000
---- item 551: map is 1.00000, precision@k is 1.00000, mrr is 1.00000
---- item 601: map is 0.43433, precision@k is 0.18182, mrr is 1.00000
---- item 651: map is 0.02788, precision@k is 0.00000, mrr is 0.05263
---- item 701: map is 0.17557, precision@k is 0.09091, mrr is 0.50000
---- item 751: map is 0.00463, precision@k is 0.00000, mrr is 0.00279
---- item 801: map is 0.37442, precision@k is 0.09091, mrr is 1.00000
---- item 851: map is 0.07395, precision@k is 0.09091, mrr is 0.25000
[Stat]ETBIR_User model, Interpolation mode item tagging: Precision@K is 0.20809, MAP is: 0.37759, MRR is: 0.73644, in top 10 tags
264 users are loaded from /home/ll5fy/TUIR/dataset/yelp/byUser_70k_review/5foldsCVColdstart/3/...
260 users are loaded from /home/ll5fy/TUIR/dataset/yelp/byUser_70k_review/5foldsCVColdstart/0/...
244 users are loaded from /home/ll5fy/TUIR/dataset/yelp/byUser_70k_review/5foldsCVColdstart/1/...
266 users are loaded from /home/ll5fy/TUIR/dataset/yelp/byUser_70k_review/5foldsCVColdstart/2/...
256 users are loaded from /home/ll5fy/TUIR/dataset/yelp/byUser_70k_review/5foldsCVColdstart/4/...
[Info]Finish loading 861 items' weights in total 156639 items!
[Info]Begin tagging 861 items with ETBIR_User Interpolation............
---- item 1: map is 0.36299, precision@k is 0.09091, mrr is 1.00000
---- item 51: map is 0.56602, precision@k is 0.18182, mrr is 1.00000
---- item 101: map is 0.83333, precision@k is 0.66667, mrr is 1.00000
---- item 151: map is 0.23512, precision@k is 0.09091, mrr is 0.50000
---- item 201: map is 0.34405, precision@k is 0.09091, mrr is 1.00000
---- item 251: map is 0.50654, precision@k is 0.09091, mrr is 1.00000
---- item 301: map is 0.50495, precision@k is 0.18182, mrr is 1.00000
---- item 351: map is 0.53704, precision@k is 0.09091, mrr is 1.00000
---- item 401: map is 0.23594, precision@k is 0.18182, mrr is 0.50000
---- item 451: map is 0.51852, precision@k is 0.18182, mrr is 1.00000
---- item 501: map is 0.34513, precision@k is 0.09091, mrr is 1.00000
---- item 551: map is 1.00000, precision@k is 1.00000, mrr is 1.00000
---- item 601: map is 0.43353, precision@k is 0.18182, mrr is 1.00000
---- item 651: map is 0.03935, precision@k is 0.09091, mrr is 0.11111
---- item 701: map is 0.17605, precision@k is 0.09091, mrr is 0.50000
---- item 751: map is 0.00431, precision@k is 0.00000, mrr is 0.00287
---- item 801: map is 0.36926, precision@k is 0.09091, mrr is 1.00000
---- item 851: map is 0.08613, precision@k is 0.09091, mrr is 0.25000
[Stat]ETBIR_User model, Interpolation mode item tagging: Precision@K is 0.21423, MAP is: 0.38198, MRR is: 0.73016, in top 10 tags
256 users are loaded from /home/ll5fy/TUIR/dataset/yelp/byUser_70k_review/5foldsCVColdstart/4/...
260 users are loaded from /home/ll5fy/TUIR/dataset/yelp/byUser_70k_review/5foldsCVColdstart/0/...
244 users are loaded from /home/ll5fy/TUIR/dataset/yelp/byUser_70k_review/5foldsCVColdstart/1/...
266 users are loaded from /home/ll5fy/TUIR/dataset/yelp/byUser_70k_review/5foldsCVColdstart/2/...
264 users are loaded from /home/ll5fy/TUIR/dataset/yelp/byUser_70k_review/5foldsCVColdstart/3/...
[Info]Finish loading 861 items' weights in total 156639 items!
[Info]Begin tagging 861 items with ETBIR_User Interpolation............
---- item 1: map is 0.60714, precision@k is 0.27273, mrr is 1.00000
---- item 51: map is 0.55463, precision@k is 0.18182, mrr is 1.00000
---- item 101: map is 1.00000, precision@k is 1.00000, mrr is 1.00000
---- item 151: map is 0.51757, precision@k is 0.27273, mrr is 1.00000
---- item 201: map is 0.34428, precision@k is 0.09091, mrr is 1.00000
---- item 251: map is 0.10943, precision@k is 0.09091, mrr is 0.20000
---- item 301: map is 0.50539, precision@k is 0.18182, mrr is 1.00000
---- item 351: map is 0.53448, precision@k is 0.09091, mrr is 1.00000
---- item 401: map is 0.29492, precision@k is 0.18182, mrr is 0.50000
---- item 451: map is 0.47932, precision@k is 0.18182, mrr is 1.00000
---- item 501: map is 0.34543, precision@k is 0.09091, mrr is 1.00000
---- item 551: map is 1.00000, precision@k is 1.00000, mrr is 1.00000
---- item 601: map is 0.43497, precision@k is 0.18182, mrr is 1.00000
---- item 651: map is 0.03675, precision@k is 0.09091, mrr is 0.10000
---- item 701: map is 0.17731, precision@k is 0.09091, mrr is 0.50000
---- item 751: map is 0.00434, precision@k is 0.00000, mrr is 0.00290
---- item 801: map is 0.35422, precision@k is 0.09091, mrr is 1.00000
---- item 851: map is 0.07427, precision@k is 0.09091, mrr is 0.25000
[Stat]ETBIR_User model, Interpolation mode item tagging: Precision@K is 0.21826, MAP is: 0.37978, MRR is: 0.71559, in top 10 tags

[Stat]Running time (seconds) 367.65500
[Stat]MAP 0.371+/-0.014
[Stat]MRR 0.741+/-0.018
[Stat]Precision 0.200+/-0.021
