Load 6134 2-gram new features from /home/ll5fy/TUIR/dataset/yelp/yelp_features.txt...
Load 6134 2-gram new features from /home/ll5fy/TUIR/dataset/yelp/yelp_features.txt...
[Info]Start FIXED cross validation...
[Info]Load 553 tags, with 6134 features.
260 users are loaded from /home/ll5fy/TUIR/dataset/yelp/byUser_70k_review/5foldsCVColdstart/0/...
244 users are loaded from /home/ll5fy/TUIR/dataset/yelp/byUser_70k_review/5foldsCVColdstart/1/...
266 users are loaded from /home/ll5fy/TUIR/dataset/yelp/byUser_70k_review/5foldsCVColdstart/2/...
264 users are loaded from /home/ll5fy/TUIR/dataset/yelp/byUser_70k_review/5foldsCVColdstart/3/...
256 users are loaded from /home/ll5fy/TUIR/dataset/yelp/byUser_70k_review/5foldsCVColdstart/4/...
[Info]Finish loading 722 items' weights in total 156639 items!
[Info]Begin tagging 722 items with LDA_Variational Interpolation............
---- item 1: map is 0.50474, precision@k is 0.18182, mrr is 1.00000
---- item 51: map is 0.50186, precision@k is 0.09091, mrr is 1.00000
---- item 101: map is 0.83333, precision@k is 0.66667, mrr is 1.00000
---- item 151: map is 0.11981, precision@k is 0.09091, mrr is 0.33333
---- item 201: map is 0.35914, precision@k is 0.18182, mrr is 1.00000
---- item 251: map is 0.83333, precision@k is 0.66667, mrr is 1.00000
---- item 301: map is 0.06365, precision@k is 0.09091, mrr is 0.16667
---- item 351: map is 0.33956, precision@k is 0.18182, mrr is 1.00000
---- item 401: map is 0.32249, precision@k is 0.09091, mrr is 1.00000
---- item 451: map is 0.51836, precision@k is 0.18182, mrr is 1.00000
---- item 501: map is 0.17115, precision@k is 0.09091, mrr is 0.50000
---- item 551: map is 0.55801, precision@k is 0.18182, mrr is 1.00000
---- item 601: map is 0.45000, precision@k is 0.40000, mrr is 0.50000
---- item 651: map is 0.24576, precision@k is 0.18182, mrr is 0.50000
---- item 701: map is 0.66667, precision@k is 0.33333, mrr is 1.00000
[Stat]LDA_Variational model, Interpolation mode item tagging: Precision@K is 0.18656, MAP is: 0.31729, MRR is: 0.62416, in top 10 tags
244 users are loaded from /home/ll5fy/TUIR/dataset/yelp/byUser_70k_review/5foldsCVColdstart/1/...
260 users are loaded from /home/ll5fy/TUIR/dataset/yelp/byUser_70k_review/5foldsCVColdstart/0/...
266 users are loaded from /home/ll5fy/TUIR/dataset/yelp/byUser_70k_review/5foldsCVColdstart/2/...
264 users are loaded from /home/ll5fy/TUIR/dataset/yelp/byUser_70k_review/5foldsCVColdstart/3/...
256 users are loaded from /home/ll5fy/TUIR/dataset/yelp/byUser_70k_review/5foldsCVColdstart/4/...
[Info]Finish loading 732 items' weights in total 156639 items!
[Info]Begin tagging 732 items with LDA_Variational Interpolation............
---- item 1: map is 0.69444, precision@k is 0.18182, mrr is 1.00000
---- item 51: map is 0.56071, precision@k is 0.18182, mrr is 1.00000
---- item 101: map is 0.15971, precision@k is 0.18182, mrr is 0.20000
---- item 151: map is 0.35737, precision@k is 0.18182, mrr is 1.00000
---- item 201: map is 0.83333, precision@k is 0.66667, mrr is 1.00000
---- item 251: map is 0.36111, precision@k is 0.22222, mrr is 0.50000
---- item 301: map is 0.46904, precision@k is 0.18182, mrr is 1.00000
---- item 351: map is 0.26961, precision@k is 0.09091, mrr is 0.50000
---- item 401: map is 0.12000, precision@k is 0.09091, mrr is 0.33333
---- item 451: map is 0.28256, precision@k is 0.18182, mrr is 1.00000
---- item 501: map is 0.50000, precision@k is 0.50000, mrr is 0.50000
---- item 551: map is 0.00427, precision@k is 0.00000, mrr is 0.00232
---- item 601: map is 0.04097, precision@k is 0.00000, mrr is 0.04348
---- item 651: map is 0.14695, precision@k is 0.09091, mrr is 0.33333
---- item 701: map is 0.41275, precision@k is 0.18182, mrr is 1.00000
[Stat]LDA_Variational model, Interpolation mode item tagging: Precision@K is 0.21484, MAP is: 0.37232, MRR is: 0.68374, in top 10 tags
266 users are loaded from /home/ll5fy/TUIR/dataset/yelp/byUser_70k_review/5foldsCVColdstart/2/...
260 users are loaded from /home/ll5fy/TUIR/dataset/yelp/byUser_70k_review/5foldsCVColdstart/0/...
244 users are loaded from /home/ll5fy/TUIR/dataset/yelp/byUser_70k_review/5foldsCVColdstart/1/...
264 users are loaded from /home/ll5fy/TUIR/dataset/yelp/byUser_70k_review/5foldsCVColdstart/3/...
256 users are loaded from /home/ll5fy/TUIR/dataset/yelp/byUser_70k_review/5foldsCVColdstart/4/...
[Info]Finish loading 702 items' weights in total 156639 items!
[Info]Begin tagging 702 items with LDA_Variational Interpolation............
---- item 1: map is 0.55909, precision@k is 0.18182, mrr is 1.00000
---- item 51: map is 0.36478, precision@k is 0.27273, mrr is 0.50000
---- item 101: map is 0.50546, precision@k is 0.09091, mrr is 1.00000
---- item 151: map is 0.24576, precision@k is 0.18182, mrr is 0.50000
---- item 201: map is 0.22892, precision@k is 0.18182, mrr is 1.00000
---- item 251: map is 0.24589, precision@k is 0.27273, mrr is 0.50000
---- item 301: map is 0.15000, precision@k is 0.18182, mrr is 0.16667
---- item 351: map is 0.39492, precision@k is 0.09091, mrr is 1.00000
---- item 401: map is 0.49112, precision@k is 0.27273, mrr is 1.00000
---- item 451: map is 0.65885, precision@k is 0.27273, mrr is 1.00000
---- item 501: map is 0.34552, precision@k is 0.27273, mrr is 0.50000
---- item 551: map is 0.52706, precision@k is 0.27273, mrr is 1.00000
---- item 601: map is 0.25331, precision@k is 0.27273, mrr is 0.33333
---- item 651: map is 0.37748, precision@k is 0.09091, mrr is 1.00000
---- item 701: map is 0.33333, precision@k is 0.33333, mrr is 0.33333
[Stat]LDA_Variational model, Interpolation mode item tagging: Precision@K is 0.22634, MAP is: 0.37819, MRR is: 0.66391, in top 10 tags
264 users are loaded from /home/ll5fy/TUIR/dataset/yelp/byUser_70k_review/5foldsCVColdstart/3/...
260 users are loaded from /home/ll5fy/TUIR/dataset/yelp/byUser_70k_review/5foldsCVColdstart/0/...
244 users are loaded from /home/ll5fy/TUIR/dataset/yelp/byUser_70k_review/5foldsCVColdstart/1/...
266 users are loaded from /home/ll5fy/TUIR/dataset/yelp/byUser_70k_review/5foldsCVColdstart/2/...
256 users are loaded from /home/ll5fy/TUIR/dataset/yelp/byUser_70k_review/5foldsCVColdstart/4/...
[Info]Finish loading 717 items' weights in total 156639 items!
[Info]Begin tagging 717 items with LDA_Variational Interpolation............
---- item 1: map is 0.57729, precision@k is 0.18182, mrr is 1.00000
---- item 51: map is 0.56053, precision@k is 0.18182, mrr is 1.00000
---- item 101: map is 0.22619, precision@k is 0.28571, mrr is 0.16667
---- item 151: map is 0.09211, precision@k is 0.09091, mrr is 0.16667
---- item 201: map is 0.36365, precision@k is 0.27273, mrr is 0.50000
---- item 251: map is 0.07512, precision@k is 0.09091, mrr is 0.14286
---- item 301: map is 0.29521, precision@k is 0.18182, mrr is 0.33333
---- item 351: map is 0.02729, precision@k is 0.00000, mrr is 0.03704
---- item 401: map is 0.00623, precision@k is 0.00000, mrr is 0.00417
---- item 451: map is 0.83333, precision@k is 0.66667, mrr is 1.00000
---- item 501: map is 1.00000, precision@k is 1.00000, mrr is 1.00000
---- item 551: map is 0.67057, precision@k is 0.18182, mrr is 1.00000
---- item 601: map is 0.06497, precision@k is 0.09091, mrr is 0.16667
---- item 651: map is 0.34354, precision@k is 0.27273, mrr is 0.50000
---- item 701: map is 0.40791, precision@k is 0.36364, mrr is 1.00000
[Stat]LDA_Variational model, Interpolation mode item tagging: Precision@K is 0.23099, MAP is: 0.37671, MRR is: 0.66524, in top 10 tags
256 users are loaded from /home/ll5fy/TUIR/dataset/yelp/byUser_70k_review/5foldsCVColdstart/4/...
260 users are loaded from /home/ll5fy/TUIR/dataset/yelp/byUser_70k_review/5foldsCVColdstart/0/...
244 users are loaded from /home/ll5fy/TUIR/dataset/yelp/byUser_70k_review/5foldsCVColdstart/1/...
266 users are loaded from /home/ll5fy/TUIR/dataset/yelp/byUser_70k_review/5foldsCVColdstart/2/...
264 users are loaded from /home/ll5fy/TUIR/dataset/yelp/byUser_70k_review/5foldsCVColdstart/3/...
[Info]Finish loading 726 items' weights in total 156639 items!
[Info]Begin tagging 726 items with LDA_Variational Interpolation............
---- item 1: map is 0.58413, precision@k is 0.18182, mrr is 1.00000
---- item 51: map is 0.23020, precision@k is 0.09091, mrr is 1.00000
---- item 101: map is 0.44898, precision@k is 0.18182, mrr is 1.00000
---- item 151: map is 0.12684, precision@k is 0.09091, mrr is 0.33333
---- item 201: map is 0.70000, precision@k is 0.40000, mrr is 1.00000
---- item 251: map is 0.34901, precision@k is 0.09091, mrr is 1.00000
---- item 301: map is 0.41001, precision@k is 0.18182, mrr is 1.00000
---- item 351: map is 1.00000, precision@k is 1.00000, mrr is 1.00000
---- item 401: map is 0.38466, precision@k is 0.09091, mrr is 1.00000
---- item 451: map is 0.14050, precision@k is 0.09091, mrr is 0.33333
---- item 501: map is 0.59298, precision@k is 0.27273, mrr is 1.00000
---- item 551: map is 0.52584, precision@k is 0.27273, mrr is 1.00000
---- item 601: map is 0.44792, precision@k is 0.27273, mrr is 0.50000
---- item 651: map is 0.66667, precision@k is 0.50000, mrr is 1.00000
---- item 701: map is 0.50957, precision@k is 0.18182, mrr is 1.00000
[Stat]LDA_Variational model, Interpolation mode item tagging: Precision@K is 0.23194, MAP is: 0.38150, MRR is: 0.66899, in top 10 tags

[Stat]Running time (seconds) 308.46100
[Stat]MAP 0.365+/-0.024
[Stat]MRR 0.661+/-0.020
[Stat]Precision 0.218+/-0.017
