Load 6134 2-gram new features from /home/ll5fy/TUIR/dataset/yelp/yelp_features.txt...
Load 6134 2-gram new features from /home/ll5fy/TUIR/dataset/yelp/yelp_features.txt...
[Info]Start FIXED cross validation...
[Info]Load 553 tags, with 6134 features.
260 users are loaded from /home/ll5fy/TUIR/dataset/yelp/byUser_70k_review/5foldsCVColdstart/0/...
244 users are loaded from /home/ll5fy/TUIR/dataset/yelp/byUser_70k_review/5foldsCVColdstart/1/...
266 users are loaded from /home/ll5fy/TUIR/dataset/yelp/byUser_70k_review/5foldsCVColdstart/2/...
264 users are loaded from /home/ll5fy/TUIR/dataset/yelp/byUser_70k_review/5foldsCVColdstart/3/...
256 users are loaded from /home/ll5fy/TUIR/dataset/yelp/byUser_70k_review/5foldsCVColdstart/4/...
[Info]Finish loading 722 items' weights in total 156639 items!
[Info]Begin tagging 722 items with CTM Interpolation............
---- item 1: map is 0.08768, precision@k is 0.09091, mrr is 0.20000
---- item 51: map is 0.10188, precision@k is 0.09091, mrr is 0.20000
---- item 101: map is 0.11136, precision@k is 0.09091, mrr is 0.20000
---- item 151: map is 0.07567, precision@k is 0.09091, mrr is 0.20000
---- item 201: map is 0.08943, precision@k is 0.09091, mrr is 0.20000
---- item 251: map is 0.70000, precision@k is 0.40000, mrr is 1.00000
---- item 301: map is 0.07471, precision@k is 0.09091, mrr is 0.20000
---- item 351: map is 0.34234, precision@k is 0.18182, mrr is 1.00000
---- item 401: map is 0.05115, precision@k is 0.09091, mrr is 0.16667
---- item 451: map is 0.06263, precision@k is 0.09091, mrr is 0.20000
---- item 501: map is 0.07225, precision@k is 0.09091, mrr is 0.20000
---- item 551: map is 0.07083, precision@k is 0.09091, mrr is 0.20000
---- item 601: map is 0.10286, precision@k is 0.09091, mrr is 0.20000
---- item 651: map is 0.28651, precision@k is 0.18182, mrr is 0.50000
---- item 701: map is 0.10231, precision@k is 0.09091, mrr is 0.20000
[Stat]CTM model, Interpolation mode item tagging: Precision@K is 0.10065, MAP is: 0.11278, MRR is: 0.24265, in top 10 tags
244 users are loaded from /home/ll5fy/TUIR/dataset/yelp/byUser_70k_review/5foldsCVColdstart/1/...
260 users are loaded from /home/ll5fy/TUIR/dataset/yelp/byUser_70k_review/5foldsCVColdstart/0/...
266 users are loaded from /home/ll5fy/TUIR/dataset/yelp/byUser_70k_review/5foldsCVColdstart/2/...
264 users are loaded from /home/ll5fy/TUIR/dataset/yelp/byUser_70k_review/5foldsCVColdstart/3/...
256 users are loaded from /home/ll5fy/TUIR/dataset/yelp/byUser_70k_review/5foldsCVColdstart/4/...
[Info]Finish loading 732 items' weights in total 156639 items!
[Info]Begin tagging 732 items with CTM Interpolation............
---- item 1: map is 0.67023, precision@k is 0.18182, mrr is 1.00000
---- item 51: map is 0.35667, precision@k is 0.09091, mrr is 1.00000
---- item 101: map is 0.34430, precision@k is 0.09091, mrr is 1.00000
---- item 151: map is 0.41699, precision@k is 0.18182, mrr is 1.00000
---- item 201: map is 0.54000, precision@k is 0.09091, mrr is 1.00000
---- item 251: map is 0.54167, precision@k is 0.09091, mrr is 1.00000
---- item 301: map is 0.39673, precision@k is 0.09091, mrr is 1.00000
---- item 351: map is 0.51205, precision@k is 0.09091, mrr is 1.00000
---- item 401: map is 0.34454, precision@k is 0.09091, mrr is 1.00000
---- item 451: map is 0.24278, precision@k is 0.09091, mrr is 1.00000
---- item 501: map is 0.01316, precision@k is 0.00000, mrr is 0.01316
---- item 551: map is 0.00429, precision@k is 0.00000, mrr is 0.00279
---- item 601: map is 0.01756, precision@k is 0.00000, mrr is 0.02564
---- item 651: map is 0.18184, precision@k is 0.09091, mrr is 0.50000
---- item 701: map is 0.24441, precision@k is 0.09091, mrr is 1.00000
[Stat]CTM model, Interpolation mode item tagging: Precision@K is 0.14128, MAP is: 0.33247, MRR is: 0.77749, in top 10 tags
266 users are loaded from /home/ll5fy/TUIR/dataset/yelp/byUser_70k_review/5foldsCVColdstart/2/...
260 users are loaded from /home/ll5fy/TUIR/dataset/yelp/byUser_70k_review/5foldsCVColdstart/0/...
244 users are loaded from /home/ll5fy/TUIR/dataset/yelp/byUser_70k_review/5foldsCVColdstart/1/...
264 users are loaded from /home/ll5fy/TUIR/dataset/yelp/byUser_70k_review/5foldsCVColdstart/3/...
256 users are loaded from /home/ll5fy/TUIR/dataset/yelp/byUser_70k_review/5foldsCVColdstart/4/...
[Info]Finish loading 702 items' weights in total 156639 items!
[Info]Begin tagging 702 items with CTM Interpolation............
---- item 1: map is 0.35079, precision@k is 0.09091, mrr is 1.00000
---- item 51: map is 0.04207, precision@k is 0.00000, mrr is 0.06667
---- item 101: map is 0.00740, precision@k is 0.00000, mrr is 0.00602
---- item 151: map is 0.31156, precision@k is 0.18182, mrr is 0.50000
---- item 201: map is 0.18081, precision@k is 0.18182, mrr is 1.00000
---- item 251: map is 0.09543, precision@k is 0.09091, mrr is 0.33333
---- item 301: map is 0.34206, precision@k is 0.09091, mrr is 1.00000
---- item 351: map is 0.35080, precision@k is 0.09091, mrr is 1.00000
---- item 401: map is 0.18554, precision@k is 0.09091, mrr is 1.00000
---- item 451: map is 0.37764, precision@k is 0.18182, mrr is 1.00000
---- item 501: map is 0.03972, precision@k is 0.00000, mrr is 0.04000
---- item 551: map is 0.29026, precision@k is 0.09091, mrr is 1.00000
---- item 601: map is 0.13798, precision@k is 0.18182, mrr is 0.25000
---- item 651: map is 0.45036, precision@k is 0.18182, mrr is 1.00000
---- item 701: map is 0.50377, precision@k is 0.09091, mrr is 1.00000
[Stat]CTM model, Interpolation mode item tagging: Precision@K is 0.15077, MAP is: 0.33315, MRR is: 0.75886, in top 10 tags
264 users are loaded from /home/ll5fy/TUIR/dataset/yelp/byUser_70k_review/5foldsCVColdstart/3/...
260 users are loaded from /home/ll5fy/TUIR/dataset/yelp/byUser_70k_review/5foldsCVColdstart/0/...
244 users are loaded from /home/ll5fy/TUIR/dataset/yelp/byUser_70k_review/5foldsCVColdstart/1/...
266 users are loaded from /home/ll5fy/TUIR/dataset/yelp/byUser_70k_review/5foldsCVColdstart/2/...
256 users are loaded from /home/ll5fy/TUIR/dataset/yelp/byUser_70k_review/5foldsCVColdstart/4/...
[Info]Finish loading 717 items' weights in total 156639 items!
[Info]Begin tagging 717 items with CTM Interpolation............
---- item 1: map is 0.66975, precision@k is 0.18182, mrr is 1.00000
---- item 51: map is 0.35117, precision@k is 0.09091, mrr is 1.00000
---- item 101: map is 0.25571, precision@k is 0.09091, mrr is 0.50000
---- item 151: map is 0.25775, precision@k is 0.09091, mrr is 0.50000
---- item 201: map is 0.02710, precision@k is 0.00000, mrr is 0.01818
---- item 251: map is 0.25202, precision@k is 0.09091, mrr is 0.50000
---- item 301: map is 0.26020, precision@k is 0.09091, mrr is 1.00000
---- item 351: map is 0.02655, precision@k is 0.00000, mrr is 0.02273
---- item 401: map is 0.01434, precision@k is 0.00000, mrr is 0.00980
---- item 451: map is 0.50321, precision@k is 0.09091, mrr is 1.00000
---- item 501: map is 1.00000, precision@k is 1.00000, mrr is 1.00000
---- item 551: map is 0.41087, precision@k is 0.18182, mrr is 1.00000
---- item 601: map is 0.34170, precision@k is 0.09091, mrr is 1.00000
---- item 651: map is 0.02825, precision@k is 0.00000, mrr is 0.02778
---- item 701: map is 0.03544, precision@k is 0.00000, mrr is 0.02439
[Stat]CTM model, Interpolation mode item tagging: Precision@K is 0.16795, MAP is: 0.34906, MRR is: 0.76412, in top 10 tags
256 users are loaded from /home/ll5fy/TUIR/dataset/yelp/byUser_70k_review/5foldsCVColdstart/4/...
260 users are loaded from /home/ll5fy/TUIR/dataset/yelp/byUser_70k_review/5foldsCVColdstart/0/...
244 users are loaded from /home/ll5fy/TUIR/dataset/yelp/byUser_70k_review/5foldsCVColdstart/1/...
266 users are loaded from /home/ll5fy/TUIR/dataset/yelp/byUser_70k_review/5foldsCVColdstart/2/...
264 users are loaded from /home/ll5fy/TUIR/dataset/yelp/byUser_70k_review/5foldsCVColdstart/3/...
[Info]Finish loading 726 items' weights in total 156639 items!
[Info]Begin tagging 726 items with CTM Interpolation............
---- item 1: map is 0.67007, precision@k is 0.18182, mrr is 1.00000
---- item 51: map is 0.22563, precision@k is 0.09091, mrr is 1.00000
---- item 101: map is 0.37364, precision@k is 0.09091, mrr is 1.00000
---- item 151: map is 0.34744, precision@k is 0.09091, mrr is 1.00000
---- item 201: map is 1.00000, precision@k is 1.00000, mrr is 1.00000
---- item 251: map is 0.34744, precision@k is 0.09091, mrr is 1.00000
---- item 301: map is 0.39165, precision@k is 0.09091, mrr is 1.00000
---- item 351: map is 0.04545, precision@k is 0.00000, mrr is 0.04545
---- item 401: map is 0.36058, precision@k is 0.09091, mrr is 1.00000
---- item 451: map is 0.17793, precision@k is 0.09091, mrr is 0.50000
---- item 501: map is 0.51531, precision@k is 0.18182, mrr is 1.00000
---- item 551: map is 0.44225, precision@k is 0.18182, mrr is 1.00000
---- item 601: map is 0.30360, precision@k is 0.18182, mrr is 0.50000
---- item 651: map is 0.51205, precision@k is 0.18182, mrr is 1.00000
---- item 701: map is 0.50842, precision@k is 0.18182, mrr is 1.00000
[Stat]CTM model, Interpolation mode item tagging: Precision@K is 0.16971, MAP is: 0.35313, MRR is: 0.77053, in top 10 tags

[Stat]Running time (seconds) 303.39000
[Stat]MAP 0.296+/-0.092
[Stat]MRR 0.663+/-0.210
[Stat]Precision 0.146+/-0.025
