Load 6134 2-gram new features from /home/ll5fy/TUIR/dataset/yelp/yelp_features.txt...
Load 6134 2-gram new features from /home/ll5fy/TUIR/dataset/yelp/yelp_features.txt...
[Info]Start FIXED cross validation...
[Info]Load 553 tags, with 6134 features.
260 users are loaded from /home/ll5fy/TUIR/dataset/yelp/byUser_70k_review/5foldsCVColdstart/0/...
244 users are loaded from /home/ll5fy/TUIR/dataset/yelp/byUser_70k_review/5foldsCVColdstart/1/...
266 users are loaded from /home/ll5fy/TUIR/dataset/yelp/byUser_70k_review/5foldsCVColdstart/2/...
264 users are loaded from /home/ll5fy/TUIR/dataset/yelp/byUser_70k_review/5foldsCVColdstart/3/...
256 users are loaded from /home/ll5fy/TUIR/dataset/yelp/byUser_70k_review/5foldsCVColdstart/4/...
[Info]Finish loading 861 items' weights in total 156639 items!
[Info]Begin tagging 861 items with ETBIR_Item Interpolation............
---- item 1: map is 0.35388, precision@k is 0.09091, mrr is 1.00000
---- item 51: map is 0.54464, precision@k is 0.18182, mrr is 1.00000
---- item 101: map is 1.00000, precision@k is 1.00000, mrr is 1.00000
---- item 151: map is 0.20436, precision@k is 0.09091, mrr is 0.50000
---- item 201: map is 0.34383, precision@k is 0.09091, mrr is 1.00000
---- item 251: map is 0.07105, precision@k is 0.09091, mrr is 0.12500
---- item 301: map is 0.50480, precision@k is 0.18182, mrr is 1.00000
---- item 351: map is 0.51754, precision@k is 0.09091, mrr is 1.00000
---- item 401: map is 0.12979, precision@k is 0.09091, mrr is 0.50000
---- item 451: map is 0.60101, precision@k is 0.18182, mrr is 1.00000
---- item 501: map is 0.34541, precision@k is 0.09091, mrr is 1.00000
---- item 551: map is 1.00000, precision@k is 1.00000, mrr is 1.00000
---- item 601: map is 0.02397, precision@k is 0.00000, mrr is 0.01923
---- item 651: map is 0.03635, precision@k is 0.09091, mrr is 0.11111
---- item 701: map is 0.34220, precision@k is 0.09091, mrr is 1.00000
---- item 751: map is 0.00445, precision@k is 0.00000, mrr is 0.00295
---- item 801: map is 0.35449, precision@k is 0.09091, mrr is 1.00000
---- item 851: map is 0.08139, precision@k is 0.09091, mrr is 0.25000
[Stat]ETBIR_Item model, Interpolation mode item tagging: Precision@K is 0.19369, MAP is: 0.36493, MRR is: 0.74854, in top 10 tags
244 users are loaded from /home/ll5fy/TUIR/dataset/yelp/byUser_70k_review/5foldsCVColdstart/1/...
260 users are loaded from /home/ll5fy/TUIR/dataset/yelp/byUser_70k_review/5foldsCVColdstart/0/...
266 users are loaded from /home/ll5fy/TUIR/dataset/yelp/byUser_70k_review/5foldsCVColdstart/2/...
264 users are loaded from /home/ll5fy/TUIR/dataset/yelp/byUser_70k_review/5foldsCVColdstart/3/...
256 users are loaded from /home/ll5fy/TUIR/dataset/yelp/byUser_70k_review/5foldsCVColdstart/4/...
[Info]Finish loading 861 items' weights in total 156639 items!
[Info]Begin tagging 861 items with ETBIR_Item Interpolation............
---- item 1: map is 0.36862, precision@k is 0.09091, mrr is 1.00000
---- item 51: map is 0.55210, precision@k is 0.18182, mrr is 1.00000
---- item 101: map is 0.83333, precision@k is 0.66667, mrr is 1.00000
---- item 151: map is 0.21538, precision@k is 0.09091, mrr is 0.50000
---- item 201: map is 0.34414, precision@k is 0.09091, mrr is 1.00000
---- item 251: map is 0.13520, precision@k is 0.09091, mrr is 0.25000
---- item 301: map is 0.50577, precision@k is 0.18182, mrr is 1.00000
---- item 351: map is 0.52222, precision@k is 0.09091, mrr is 1.00000
---- item 401: map is 0.24074, precision@k is 0.18182, mrr is 0.50000
---- item 451: map is 0.58781, precision@k is 0.18182, mrr is 1.00000
---- item 501: map is 0.34644, precision@k is 0.09091, mrr is 1.00000
---- item 551: map is 0.83333, precision@k is 0.66667, mrr is 1.00000
---- item 601: map is 0.43272, precision@k is 0.18182, mrr is 1.00000
---- item 651: map is 0.03099, precision@k is 0.00000, mrr is 0.05000
---- item 701: map is 0.17731, precision@k is 0.09091, mrr is 0.50000
---- item 751: map is 0.00435, precision@k is 0.00000, mrr is 0.00275
---- item 801: map is 0.37537, precision@k is 0.09091, mrr is 1.00000
---- item 851: map is 0.08159, precision@k is 0.09091, mrr is 0.25000
[Stat]ETBIR_Item model, Interpolation mode item tagging: Precision@K is 0.21647, MAP is: 0.38010, MRR is: 0.71558, in top 10 tags
266 users are loaded from /home/ll5fy/TUIR/dataset/yelp/byUser_70k_review/5foldsCVColdstart/2/...
260 users are loaded from /home/ll5fy/TUIR/dataset/yelp/byUser_70k_review/5foldsCVColdstart/0/...
244 users are loaded from /home/ll5fy/TUIR/dataset/yelp/byUser_70k_review/5foldsCVColdstart/1/...
264 users are loaded from /home/ll5fy/TUIR/dataset/yelp/byUser_70k_review/5foldsCVColdstart/3/...
256 users are loaded from /home/ll5fy/TUIR/dataset/yelp/byUser_70k_review/5foldsCVColdstart/4/...
[Info]Finish loading 861 items' weights in total 156639 items!
[Info]Begin tagging 861 items with ETBIR_Item Interpolation............
---- item 1: map is 0.40193, precision@k is 0.18182, mrr is 1.00000
---- item 51: map is 0.45966, precision@k is 0.18182, mrr is 1.00000
---- item 101: map is 0.83333, precision@k is 0.66667, mrr is 1.00000
---- item 151: map is 0.20538, precision@k is 0.09091, mrr is 0.50000
---- item 201: map is 0.34444, precision@k is 0.09091, mrr is 1.00000
---- item 251: map is 0.13833, precision@k is 0.09091, mrr is 0.25000
---- item 301: map is 0.50591, precision@k is 0.18182, mrr is 1.00000
---- item 351: map is 0.52703, precision@k is 0.09091, mrr is 1.00000
---- item 401: map is 0.27589, precision@k is 0.27273, mrr is 0.50000
---- item 451: map is 0.58681, precision@k is 0.18182, mrr is 1.00000
---- item 501: map is 0.34683, precision@k is 0.09091, mrr is 1.00000
---- item 551: map is 0.83333, precision@k is 0.66667, mrr is 1.00000
---- item 601: map is 0.43493, precision@k is 0.18182, mrr is 1.00000
---- item 651: map is 0.03075, precision@k is 0.00000, mrr is 0.07143
---- item 701: map is 0.17615, precision@k is 0.09091, mrr is 0.50000
---- item 751: map is 0.00457, precision@k is 0.00000, mrr is 0.00304
---- item 801: map is 0.37371, precision@k is 0.09091, mrr is 1.00000
---- item 851: map is 0.10620, precision@k is 0.09091, mrr is 0.33333
[Stat]ETBIR_Item model, Interpolation mode item tagging: Precision@K is 0.22220, MAP is: 0.37824, MRR is: 0.69975, in top 10 tags
264 users are loaded from /home/ll5fy/TUIR/dataset/yelp/byUser_70k_review/5foldsCVColdstart/3/...
260 users are loaded from /home/ll5fy/TUIR/dataset/yelp/byUser_70k_review/5foldsCVColdstart/0/...
244 users are loaded from /home/ll5fy/TUIR/dataset/yelp/byUser_70k_review/5foldsCVColdstart/1/...
266 users are loaded from /home/ll5fy/TUIR/dataset/yelp/byUser_70k_review/5foldsCVColdstart/2/...
256 users are loaded from /home/ll5fy/TUIR/dataset/yelp/byUser_70k_review/5foldsCVColdstart/4/...
[Info]Finish loading 861 items' weights in total 156639 items!
[Info]Begin tagging 861 items with ETBIR_Item Interpolation............
---- item 1: map is 0.44648, precision@k is 0.18182, mrr is 1.00000
---- item 51: map is 0.41754, precision@k is 0.18182, mrr is 1.00000
---- item 101: map is 0.83333, precision@k is 0.66667, mrr is 1.00000
---- item 151: map is 0.22421, precision@k is 0.09091, mrr is 0.50000
---- item 201: map is 0.34512, precision@k is 0.09091, mrr is 1.00000
---- item 251: map is 0.50847, precision@k is 0.09091, mrr is 1.00000
---- item 301: map is 0.50492, precision@k is 0.18182, mrr is 1.00000
---- item 351: map is 0.58333, precision@k is 0.09091, mrr is 1.00000
---- item 401: map is 0.32393, precision@k is 0.27273, mrr is 0.50000
---- item 451: map is 0.47932, precision@k is 0.18182, mrr is 1.00000
---- item 501: map is 0.34454, precision@k is 0.09091, mrr is 1.00000
---- item 551: map is 0.75000, precision@k is 0.50000, mrr is 1.00000
---- item 601: map is 0.43303, precision@k is 0.18182, mrr is 1.00000
---- item 651: map is 0.03549, precision@k is 0.00000, mrr is 0.09091
---- item 701: map is 0.17901, precision@k is 0.09091, mrr is 0.50000
---- item 751: map is 0.00438, precision@k is 0.00000, mrr is 0.00278
---- item 801: map is 0.37277, precision@k is 0.09091, mrr is 1.00000
---- item 851: map is 0.10514, precision@k is 0.09091, mrr is 0.33333
[Stat]ETBIR_Item model, Interpolation mode item tagging: Precision@K is 0.21967, MAP is: 0.37266, MRR is: 0.68089, in top 10 tags
256 users are loaded from /home/ll5fy/TUIR/dataset/yelp/byUser_70k_review/5foldsCVColdstart/4/...
260 users are loaded from /home/ll5fy/TUIR/dataset/yelp/byUser_70k_review/5foldsCVColdstart/0/...
244 users are loaded from /home/ll5fy/TUIR/dataset/yelp/byUser_70k_review/5foldsCVColdstart/1/...
266 users are loaded from /home/ll5fy/TUIR/dataset/yelp/byUser_70k_review/5foldsCVColdstart/2/...
264 users are loaded from /home/ll5fy/TUIR/dataset/yelp/byUser_70k_review/5foldsCVColdstart/3/...
[Info]Finish loading 861 items' weights in total 156639 items!
[Info]Begin tagging 861 items with ETBIR_Item Interpolation............
---- item 1: map is 0.64881, precision@k is 0.50000, mrr is 1.00000
---- item 51: map is 0.41070, precision@k is 0.18182, mrr is 1.00000
---- item 101: map is 0.83333, precision@k is 0.66667, mrr is 1.00000
---- item 151: map is 0.57069, precision@k is 0.27273, mrr is 1.00000
---- item 201: map is 0.34441, precision@k is 0.09091, mrr is 1.00000
---- item 251: map is 0.14722, precision@k is 0.09091, mrr is 0.25000
---- item 301: map is 0.50558, precision@k is 0.18182, mrr is 1.00000
---- item 351: map is 0.64286, precision@k is 0.28571, mrr is 1.00000
---- item 401: map is 0.34898, precision@k is 0.27273, mrr is 0.50000
---- item 451: map is 0.45710, precision@k is 0.18182, mrr is 1.00000
---- item 501: map is 0.34352, precision@k is 0.09091, mrr is 1.00000
---- item 551: map is 0.75000, precision@k is 0.50000, mrr is 1.00000
---- item 601: map is 0.43416, precision@k is 0.18182, mrr is 1.00000
---- item 651: map is 0.02969, precision@k is 0.00000, mrr is 0.07143
---- item 701: map is 0.17614, precision@k is 0.09091, mrr is 0.50000
---- item 751: map is 0.00426, precision@k is 0.00000, mrr is 0.00279
---- item 801: map is 0.37068, precision@k is 0.09091, mrr is 1.00000
---- item 851: map is 0.10907, precision@k is 0.09091, mrr is 0.33333
[Stat]ETBIR_Item model, Interpolation mode item tagging: Precision@K is 0.22245, MAP is: 0.37356, MRR is: 0.67630, in top 10 tags

[Stat]Running time (seconds) 366.42400
[Stat]MAP 0.374+/-0.005
[Stat]MRR 0.704+/-0.026
[Stat]Precision 0.215+/-0.011
