Load 6134 2-gram new features from /home/ll5fy/TUIR/dataset/yelp/yelp_features.txt...
Load 6134 2-gram new features from /home/ll5fy/TUIR/dataset/yelp/yelp_features.txt...
[Info]Start FIXED cross validation...
[Info]Load 553 tags, with 6134 features.
260 users are loaded from /home/ll5fy/TUIR/dataset/yelp/byUser_70k_review/5foldsCVColdstart/0/...
244 users are loaded from /home/ll5fy/TUIR/dataset/yelp/byUser_70k_review/5foldsCVColdstart/1/...
266 users are loaded from /home/ll5fy/TUIR/dataset/yelp/byUser_70k_review/5foldsCVColdstart/2/...
264 users are loaded from /home/ll5fy/TUIR/dataset/yelp/byUser_70k_review/5foldsCVColdstart/3/...
256 users are loaded from /home/ll5fy/TUIR/dataset/yelp/byUser_70k_review/5foldsCVColdstart/4/...
[Info]Finish loading 861 items' weights in total 156639 items!
[Info]Begin tagging 861 items with ETBIR_User Interpolation............
---- item 1: map is 0.35829, precision@k is 0.09091, mrr is 1.00000
---- item 51: map is 0.52692, precision@k is 0.18182, mrr is 1.00000
---- item 101: map is 0.83333, precision@k is 0.66667, mrr is 1.00000
---- item 151: map is 0.18920, precision@k is 0.09091, mrr is 0.50000
---- item 201: map is 0.34363, precision@k is 0.09091, mrr is 1.00000
---- item 251: map is 0.13766, precision@k is 0.09091, mrr is 0.25000
---- item 301: map is 0.50466, precision@k is 0.18182, mrr is 1.00000
---- item 351: map is 0.52381, precision@k is 0.09091, mrr is 1.00000
---- item 401: map is 0.13932, precision@k is 0.09091, mrr is 0.50000
---- item 451: map is 0.59402, precision@k is 0.18182, mrr is 1.00000
---- item 501: map is 0.34693, precision@k is 0.09091, mrr is 1.00000
---- item 551: map is 0.83333, precision@k is 0.66667, mrr is 1.00000
---- item 601: map is 0.02455, precision@k is 0.00000, mrr is 0.01429
---- item 651: map is 0.02536, precision@k is 0.00000, mrr is 0.03448
---- item 701: map is 0.34499, precision@k is 0.09091, mrr is 1.00000
---- item 751: map is 0.00443, precision@k is 0.00000, mrr is 0.00313
---- item 801: map is 0.35464, precision@k is 0.09091, mrr is 1.00000
---- item 851: map is 0.07634, precision@k is 0.09091, mrr is 0.25000
[Stat]ETBIR_User model, Interpolation mode item tagging: Precision@K is 0.20308, MAP is: 0.36772, MRR is: 0.72295, in top 10 tags
244 users are loaded from /home/ll5fy/TUIR/dataset/yelp/byUser_70k_review/5foldsCVColdstart/1/...
260 users are loaded from /home/ll5fy/TUIR/dataset/yelp/byUser_70k_review/5foldsCVColdstart/0/...
266 users are loaded from /home/ll5fy/TUIR/dataset/yelp/byUser_70k_review/5foldsCVColdstart/2/...
264 users are loaded from /home/ll5fy/TUIR/dataset/yelp/byUser_70k_review/5foldsCVColdstart/3/...
256 users are loaded from /home/ll5fy/TUIR/dataset/yelp/byUser_70k_review/5foldsCVColdstart/4/...
[Info]Finish loading 861 items' weights in total 156639 items!
[Info]Begin tagging 861 items with ETBIR_User Interpolation............
---- item 1: map is 0.37036, precision@k is 0.09091, mrr is 1.00000
---- item 51: map is 0.41222, precision@k is 0.18182, mrr is 1.00000
---- item 101: map is 0.83333, precision@k is 0.66667, mrr is 1.00000
---- item 151: map is 0.21334, precision@k is 0.09091, mrr is 0.50000
---- item 201: map is 0.34366, precision@k is 0.09091, mrr is 1.00000
---- item 251: map is 0.14113, precision@k is 0.09091, mrr is 0.25000
---- item 301: map is 0.50563, precision@k is 0.18182, mrr is 1.00000
---- item 351: map is 0.52632, precision@k is 0.09091, mrr is 1.00000
---- item 401: map is 0.27857, precision@k is 0.27273, mrr is 0.50000
---- item 451: map is 0.58889, precision@k is 0.18182, mrr is 1.00000
---- item 501: map is 0.34741, precision@k is 0.09091, mrr is 1.00000
---- item 551: map is 0.75000, precision@k is 0.50000, mrr is 1.00000
---- item 601: map is 0.43877, precision@k is 0.18182, mrr is 1.00000
---- item 651: map is 0.02723, precision@k is 0.00000, mrr is 0.05556
---- item 701: map is 0.17777, precision@k is 0.09091, mrr is 0.50000
---- item 751: map is 0.00449, precision@k is 0.00000, mrr is 0.00282
---- item 801: map is 0.37402, precision@k is 0.09091, mrr is 1.00000
---- item 851: map is 0.10499, precision@k is 0.09091, mrr is 0.33333
[Stat]ETBIR_User model, Interpolation mode item tagging: Precision@K is 0.21783, MAP is: 0.37539, MRR is: 0.69430, in top 10 tags
266 users are loaded from /home/ll5fy/TUIR/dataset/yelp/byUser_70k_review/5foldsCVColdstart/2/...
260 users are loaded from /home/ll5fy/TUIR/dataset/yelp/byUser_70k_review/5foldsCVColdstart/0/...
244 users are loaded from /home/ll5fy/TUIR/dataset/yelp/byUser_70k_review/5foldsCVColdstart/1/...
264 users are loaded from /home/ll5fy/TUIR/dataset/yelp/byUser_70k_review/5foldsCVColdstart/3/...
256 users are loaded from /home/ll5fy/TUIR/dataset/yelp/byUser_70k_review/5foldsCVColdstart/4/...
[Info]Finish loading 861 items' weights in total 156639 items!
[Info]Begin tagging 861 items with ETBIR_User Interpolation............
---- item 1: map is 0.55760, precision@k is 0.18182, mrr is 1.00000
---- item 51: map is 0.37488, precision@k is 0.18182, mrr is 1.00000
---- item 101: map is 0.75000, precision@k is 0.50000, mrr is 1.00000
---- item 151: map is 0.18621, precision@k is 0.09091, mrr is 0.33333
---- item 201: map is 0.34370, precision@k is 0.09091, mrr is 1.00000
---- item 251: map is 0.16204, precision@k is 0.09091, mrr is 0.25000
---- item 301: map is 0.50430, precision@k is 0.18182, mrr is 1.00000
---- item 351: map is 0.62500, precision@k is 0.25000, mrr is 1.00000
---- item 401: map is 0.33571, precision@k is 0.27273, mrr is 0.50000
---- item 451: map is 0.59903, precision@k is 0.18182, mrr is 1.00000
---- item 501: map is 0.34519, precision@k is 0.09091, mrr is 1.00000
---- item 551: map is 0.75000, precision@k is 0.50000, mrr is 1.00000
---- item 601: map is 0.43634, precision@k is 0.18182, mrr is 1.00000
---- item 651: map is 0.03352, precision@k is 0.00000, mrr is 0.07692
---- item 701: map is 0.17660, precision@k is 0.09091, mrr is 0.50000
---- item 751: map is 0.00453, precision@k is 0.00000, mrr is 0.00294
---- item 801: map is 0.41445, precision@k is 0.18182, mrr is 1.00000
---- item 851: map is 0.09446, precision@k is 0.09091, mrr is 0.25000
[Stat]ETBIR_User model, Interpolation mode item tagging: Precision@K is 0.22447, MAP is: 0.37286, MRR is: 0.67255, in top 10 tags
264 users are loaded from /home/ll5fy/TUIR/dataset/yelp/byUser_70k_review/5foldsCVColdstart/3/...
260 users are loaded from /home/ll5fy/TUIR/dataset/yelp/byUser_70k_review/5foldsCVColdstart/0/...
244 users are loaded from /home/ll5fy/TUIR/dataset/yelp/byUser_70k_review/5foldsCVColdstart/1/...
266 users are loaded from /home/ll5fy/TUIR/dataset/yelp/byUser_70k_review/5foldsCVColdstart/2/...
256 users are loaded from /home/ll5fy/TUIR/dataset/yelp/byUser_70k_review/5foldsCVColdstart/4/...
[Info]Finish loading 861 items' weights in total 156639 items!
[Info]Begin tagging 861 items with ETBIR_User Interpolation............
---- item 1: map is 0.55775, precision@k is 0.18182, mrr is 1.00000
---- item 51: map is 0.35685, precision@k is 0.18182, mrr is 1.00000
---- item 101: map is 0.75000, precision@k is 0.50000, mrr is 1.00000
---- item 151: map is 0.19968, precision@k is 0.18182, mrr is 0.33333
---- item 201: map is 0.34401, precision@k is 0.09091, mrr is 1.00000
---- item 251: map is 0.27564, precision@k is 0.09091, mrr is 0.50000
---- item 301: map is 0.50453, precision@k is 0.18182, mrr is 1.00000
---- item 351: map is 0.83333, precision@k is 0.66667, mrr is 1.00000
---- item 401: map is 0.35048, precision@k is 0.27273, mrr is 0.50000
---- item 451: map is 0.43712, precision@k is 0.18182, mrr is 1.00000
---- item 501: map is 0.34634, precision@k is 0.09091, mrr is 1.00000
---- item 551: map is 0.66667, precision@k is 0.33333, mrr is 1.00000
---- item 601: map is 0.43647, precision@k is 0.18182, mrr is 1.00000
---- item 651: map is 0.03161, precision@k is 0.00000, mrr is 0.06250
---- item 701: map is 0.18123, precision@k is 0.09091, mrr is 0.50000
---- item 751: map is 0.00443, precision@k is 0.00000, mrr is 0.00282
---- item 801: map is 0.41430, precision@k is 0.18182, mrr is 1.00000
---- item 851: map is 0.09800, precision@k is 0.09091, mrr is 0.25000
[Stat]ETBIR_User model, Interpolation mode item tagging: Precision@K is 0.22821, MAP is: 0.36992, MRR is: 0.66317, in top 10 tags
256 users are loaded from /home/ll5fy/TUIR/dataset/yelp/byUser_70k_review/5foldsCVColdstart/4/...
260 users are loaded from /home/ll5fy/TUIR/dataset/yelp/byUser_70k_review/5foldsCVColdstart/0/...
244 users are loaded from /home/ll5fy/TUIR/dataset/yelp/byUser_70k_review/5foldsCVColdstart/1/...
266 users are loaded from /home/ll5fy/TUIR/dataset/yelp/byUser_70k_review/5foldsCVColdstart/2/...
264 users are loaded from /home/ll5fy/TUIR/dataset/yelp/byUser_70k_review/5foldsCVColdstart/3/...
[Info]Finish loading 861 items' weights in total 156639 items!
[Info]Begin tagging 861 items with ETBIR_User Interpolation............
---- item 1: map is 0.73333, precision@k is 0.66667, mrr is 1.00000
---- item 51: map is 0.35848, precision@k is 0.18182, mrr is 1.00000
---- item 101: map is 0.75000, precision@k is 0.50000, mrr is 1.00000
---- item 151: map is 0.56783, precision@k is 0.27273, mrr is 1.00000
---- item 201: map is 0.34360, precision@k is 0.09091, mrr is 1.00000
---- item 251: map is 0.19643, precision@k is 0.09091, mrr is 0.25000
---- item 301: map is 0.50492, precision@k is 0.18182, mrr is 1.00000
---- item 351: map is 0.83333, precision@k is 0.66667, mrr is 1.00000
---- item 401: map is 0.34964, precision@k is 0.27273, mrr is 0.50000
---- item 451: map is 0.42816, precision@k is 0.18182, mrr is 1.00000
---- item 501: map is 0.34470, precision@k is 0.09091, mrr is 1.00000
---- item 551: map is 0.66667, precision@k is 0.33333, mrr is 1.00000
---- item 601: map is 0.43584, precision@k is 0.18182, mrr is 1.00000
---- item 651: map is 0.03036, precision@k is 0.00000, mrr is 0.05556
---- item 701: map is 0.17811, precision@k is 0.09091, mrr is 0.50000
---- item 751: map is 0.00436, precision@k is 0.00000, mrr is 0.00286
---- item 801: map is 0.41386, precision@k is 0.18182, mrr is 1.00000
---- item 851: map is 0.09944, precision@k is 0.09091, mrr is 0.25000
[Stat]ETBIR_User model, Interpolation mode item tagging: Precision@K is 0.22745, MAP is: 0.37035, MRR is: 0.66276, in top 10 tags

[Stat]Running time (seconds) 363.15100
[Stat]MAP 0.371+/-0.003
[Stat]MRR 0.683+/-0.023
[Stat]Precision 0.220+/-0.009
