Load 6134 2-gram new features from /home/ll5fy/TUIR/dataset/yelp/yelp_features.txt...
Load 6134 2-gram new features from /home/ll5fy/TUIR/dataset/yelp/yelp_features.txt...
[Info]Start FIXED cross validation...
[Info]Load 553 tags, with 6134 features.
260 users are loaded from /home/ll5fy/TUIR/dataset/yelp/byUser_70k_review/5foldsCVColdstart/0/...
244 users are loaded from /home/ll5fy/TUIR/dataset/yelp/byUser_70k_review/5foldsCVColdstart/1/...
266 users are loaded from /home/ll5fy/TUIR/dataset/yelp/byUser_70k_review/5foldsCVColdstart/2/...
264 users are loaded from /home/ll5fy/TUIR/dataset/yelp/byUser_70k_review/5foldsCVColdstart/3/...
256 users are loaded from /home/ll5fy/TUIR/dataset/yelp/byUser_70k_review/5foldsCVColdstart/4/...
[Info]Finish loading 722 items' weights in total 156639 items!
[Info]Begin tagging 722 items with LDA_Item Interpolation............
---- item 1: map is 0.47342, precision@k is 0.18182, mrr is 1.00000
---- item 51: map is 0.25188, precision@k is 0.09091, mrr is 0.50000
---- item 101: map is 0.21930, precision@k is 0.09091, mrr is 0.33333
---- item 151: map is 0.10967, precision@k is 0.09091, mrr is 0.25000
---- item 201: map is 0.35880, precision@k is 0.18182, mrr is 1.00000
---- item 251: map is 1.00000, precision@k is 1.00000, mrr is 1.00000
---- item 301: map is 0.07304, precision@k is 0.09091, mrr is 0.16667
---- item 351: map is 0.32825, precision@k is 0.18182, mrr is 1.00000
---- item 401: map is 0.33794, precision@k is 0.18182, mrr is 1.00000
---- item 451: map is 0.46605, precision@k is 0.18182, mrr is 1.00000
---- item 501: map is 0.11789, precision@k is 0.09091, mrr is 0.33333
---- item 551: map is 0.36818, precision@k is 0.09091, mrr is 1.00000
---- item 601: map is 0.41667, precision@k is 0.50000, mrr is 0.33333
---- item 651: map is 0.27914, precision@k is 0.18182, mrr is 0.50000
---- item 701: map is 0.26667, precision@k is 0.33333, mrr is 0.20000
[Stat]LDA_Item model, Interpolation mode item tagging: Precision@K is 0.16532, MAP is: 0.26904, MRR is: 0.54470, in top 10 tags
244 users are loaded from /home/ll5fy/TUIR/dataset/yelp/byUser_70k_review/5foldsCVColdstart/1/...
260 users are loaded from /home/ll5fy/TUIR/dataset/yelp/byUser_70k_review/5foldsCVColdstart/0/...
266 users are loaded from /home/ll5fy/TUIR/dataset/yelp/byUser_70k_review/5foldsCVColdstart/2/...
264 users are loaded from /home/ll5fy/TUIR/dataset/yelp/byUser_70k_review/5foldsCVColdstart/3/...
256 users are loaded from /home/ll5fy/TUIR/dataset/yelp/byUser_70k_review/5foldsCVColdstart/4/...
[Info]Finish loading 732 items' weights in total 156639 items!
[Info]Begin tagging 732 items with LDA_Item Interpolation............
---- item 1: map is 0.67949, precision@k is 0.18182, mrr is 1.00000
---- item 51: map is 0.34669, precision@k is 0.09091, mrr is 1.00000
---- item 101: map is 0.12409, precision@k is 0.09091, mrr is 0.25000
---- item 151: map is 0.43668, precision@k is 0.18182, mrr is 1.00000
---- item 201: map is 0.83333, precision@k is 0.66667, mrr is 1.00000
---- item 251: map is 0.28846, precision@k is 0.09091, mrr is 0.50000
---- item 301: map is 0.44716, precision@k is 0.18182, mrr is 1.00000
---- item 351: map is 0.27000, precision@k is 0.09091, mrr is 0.50000
---- item 401: map is 0.17848, precision@k is 0.09091, mrr is 0.50000
---- item 451: map is 0.27366, precision@k is 0.18182, mrr is 1.00000
---- item 501: map is 0.50000, precision@k is 0.50000, mrr is 0.50000
---- item 551: map is 0.00429, precision@k is 0.00000, mrr is 0.00264
---- item 601: map is 0.01825, precision@k is 0.00000, mrr is 0.02174
---- item 651: map is 0.19576, precision@k is 0.09091, mrr is 0.50000
---- item 701: map is 0.41588, precision@k is 0.18182, mrr is 1.00000
[Stat]LDA_Item model, Interpolation mode item tagging: Precision@K is 0.22124, MAP is: 0.38559, MRR is: 0.72213, in top 10 tags
266 users are loaded from /home/ll5fy/TUIR/dataset/yelp/byUser_70k_review/5foldsCVColdstart/2/...
260 users are loaded from /home/ll5fy/TUIR/dataset/yelp/byUser_70k_review/5foldsCVColdstart/0/...
244 users are loaded from /home/ll5fy/TUIR/dataset/yelp/byUser_70k_review/5foldsCVColdstart/1/...
264 users are loaded from /home/ll5fy/TUIR/dataset/yelp/byUser_70k_review/5foldsCVColdstart/3/...
256 users are loaded from /home/ll5fy/TUIR/dataset/yelp/byUser_70k_review/5foldsCVColdstart/4/...
[Info]Finish loading 702 items' weights in total 156639 items!
[Info]Begin tagging 702 items with LDA_Item Interpolation............
---- item 1: map is 0.40271, precision@k is 0.18182, mrr is 1.00000
---- item 51: map is 0.32152, precision@k is 0.27273, mrr is 0.50000
---- item 101: map is 0.50556, precision@k is 0.09091, mrr is 1.00000
---- item 151: map is 0.26761, precision@k is 0.18182, mrr is 0.50000
---- item 201: map is 0.19246, precision@k is 0.09091, mrr is 1.00000
---- item 251: map is 0.24767, precision@k is 0.27273, mrr is 0.50000
---- item 301: map is 0.15855, precision@k is 0.18182, mrr is 0.25000
---- item 351: map is 0.40714, precision@k is 0.18182, mrr is 1.00000
---- item 401: map is 0.41525, precision@k is 0.27273, mrr is 1.00000
---- item 451: map is 0.65340, precision@k is 0.27273, mrr is 1.00000
---- item 501: map is 0.33262, precision@k is 0.27273, mrr is 0.50000
---- item 551: map is 0.56868, precision@k is 0.27273, mrr is 1.00000
---- item 601: map is 0.28774, precision@k is 0.27273, mrr is 0.50000
---- item 651: map is 0.42188, precision@k is 0.18182, mrr is 1.00000
---- item 701: map is 0.41667, precision@k is 0.50000, mrr is 0.33333
[Stat]LDA_Item model, Interpolation mode item tagging: Precision@K is 0.21307, MAP is: 0.37548, MRR is: 0.69394, in top 10 tags
264 users are loaded from /home/ll5fy/TUIR/dataset/yelp/byUser_70k_review/5foldsCVColdstart/3/...
260 users are loaded from /home/ll5fy/TUIR/dataset/yelp/byUser_70k_review/5foldsCVColdstart/0/...
244 users are loaded from /home/ll5fy/TUIR/dataset/yelp/byUser_70k_review/5foldsCVColdstart/1/...
266 users are loaded from /home/ll5fy/TUIR/dataset/yelp/byUser_70k_review/5foldsCVColdstart/2/...
256 users are loaded from /home/ll5fy/TUIR/dataset/yelp/byUser_70k_review/5foldsCVColdstart/4/...
[Info]Finish loading 717 items' weights in total 156639 items!
[Info]Begin tagging 717 items with LDA_Item Interpolation............
---- item 1: map is 0.67638, precision@k is 0.18182, mrr is 1.00000
---- item 51: map is 0.50392, precision@k is 0.18182, mrr is 1.00000
---- item 101: map is 0.22500, precision@k is 0.20000, mrr is 0.25000
---- item 151: map is 0.08974, precision@k is 0.09091, mrr is 0.16667
---- item 201: map is 0.28628, precision@k is 0.18182, mrr is 0.50000
---- item 251: map is 0.16912, precision@k is 0.09091, mrr is 0.33333
---- item 301: map is 0.27390, precision@k is 0.18182, mrr is 0.33333
---- item 351: map is 0.02471, precision@k is 0.00000, mrr is 0.02941
---- item 401: map is 0.00668, precision@k is 0.00000, mrr is 0.00463
---- item 451: map is 0.52703, precision@k is 0.09091, mrr is 1.00000
---- item 501: map is 1.00000, precision@k is 1.00000, mrr is 1.00000
---- item 551: map is 0.67078, precision@k is 0.18182, mrr is 1.00000
---- item 601: map is 0.11845, precision@k is 0.09091, mrr is 0.33333
---- item 651: map is 0.26511, precision@k is 0.18182, mrr is 0.50000
---- item 701: map is 0.37067, precision@k is 0.18182, mrr is 1.00000
[Stat]LDA_Item model, Interpolation mode item tagging: Precision@K is 0.22305, MAP is: 0.37891, MRR is: 0.68985, in top 10 tags
256 users are loaded from /home/ll5fy/TUIR/dataset/yelp/byUser_70k_review/5foldsCVColdstart/4/...
260 users are loaded from /home/ll5fy/TUIR/dataset/yelp/byUser_70k_review/5foldsCVColdstart/0/...
244 users are loaded from /home/ll5fy/TUIR/dataset/yelp/byUser_70k_review/5foldsCVColdstart/1/...
266 users are loaded from /home/ll5fy/TUIR/dataset/yelp/byUser_70k_review/5foldsCVColdstart/2/...
264 users are loaded from /home/ll5fy/TUIR/dataset/yelp/byUser_70k_review/5foldsCVColdstart/3/...
[Info]Finish loading 726 items' weights in total 156639 items!
[Info]Begin tagging 726 items with LDA_Item Interpolation............
---- item 1: map is 0.68075, precision@k is 0.18182, mrr is 1.00000
---- item 51: map is 0.23400, precision@k is 0.09091, mrr is 1.00000
---- item 101: map is 0.52128, precision@k is 0.18182, mrr is 1.00000
---- item 151: map is 0.17976, precision@k is 0.09091, mrr is 0.50000
---- item 201: map is 0.83333, precision@k is 0.66667, mrr is 1.00000
---- item 251: map is 0.34638, precision@k is 0.09091, mrr is 1.00000
---- item 301: map is 0.41934, precision@k is 0.18182, mrr is 1.00000
---- item 351: map is 1.00000, precision@k is 1.00000, mrr is 1.00000
---- item 401: map is 0.38663, precision@k is 0.09091, mrr is 1.00000
---- item 451: map is 0.19558, precision@k is 0.09091, mrr is 0.50000
---- item 501: map is 0.76408, precision@k is 0.27273, mrr is 1.00000
---- item 551: map is 0.51230, precision@k is 0.27273, mrr is 1.00000
---- item 601: map is 0.41042, precision@k is 0.27273, mrr is 0.50000
---- item 651: map is 0.60000, precision@k is 0.30000, mrr is 1.00000
---- item 701: map is 0.50882, precision@k is 0.18182, mrr is 1.00000
[Stat]LDA_Item model, Interpolation mode item tagging: Precision@K is 0.22781, MAP is: 0.38282, MRR is: 0.68736, in top 10 tags

[Stat]Running time (seconds) 309.78000
[Stat]MAP 0.358+/-0.045
[Stat]MRR 0.668+/-0.063
[Stat]Precision 0.210+/-0.023
