Load 6134 2-gram new features from /home/ll5fy/TUIR/dataset/yelp/yelp_features.txt...
Load 6134 2-gram new features from /home/ll5fy/TUIR/dataset/yelp/yelp_features.txt...
[Info]Start FIXED cross validation...
[Info]Load 553 tags, with 6134 features.
260 users are loaded from /home/ll5fy/TUIR/dataset/yelp/byUser_70k_review/5foldsCVColdstart/0/...
244 users are loaded from /home/ll5fy/TUIR/dataset/yelp/byUser_70k_review/5foldsCVColdstart/1/...
266 users are loaded from /home/ll5fy/TUIR/dataset/yelp/byUser_70k_review/5foldsCVColdstart/2/...
264 users are loaded from /home/ll5fy/TUIR/dataset/yelp/byUser_70k_review/5foldsCVColdstart/3/...
256 users are loaded from /home/ll5fy/TUIR/dataset/yelp/byUser_70k_review/5foldsCVColdstart/4/...
[Info]Finish loading 722 items' weights in total 156639 items!
[Info]Begin tagging 722 items with CTM Interpolation............
---- item 1: map is 0.43192, precision@k is 0.18182, mrr is 1.00000
---- item 51: map is 0.25186, precision@k is 0.09091, mrr is 0.50000
---- item 101: map is 0.11667, precision@k is 0.09091, mrr is 0.20000
---- item 151: map is 0.06403, precision@k is 0.09091, mrr is 0.16667
---- item 201: map is 0.32753, precision@k is 0.18182, mrr is 1.00000
---- item 251: map is 1.00000, precision@k is 1.00000, mrr is 1.00000
---- item 301: map is 0.05310, precision@k is 0.09091, mrr is 0.14286
---- item 351: map is 0.32643, precision@k is 0.18182, mrr is 1.00000
---- item 401: map is 0.32905, precision@k is 0.18182, mrr is 1.00000
---- item 451: map is 0.42679, precision@k is 0.18182, mrr is 1.00000
---- item 501: map is 0.07135, precision@k is 0.09091, mrr is 0.20000
---- item 551: map is 0.38346, precision@k is 0.09091, mrr is 1.00000
---- item 601: map is 0.10606, precision@k is 0.09091, mrr is 0.16667
---- item 651: map is 0.27835, precision@k is 0.18182, mrr is 0.50000
---- item 701: map is 0.39286, precision@k is 0.28571, mrr is 0.50000
[Stat]CTM model, Interpolation mode item tagging: Precision@K is 0.15337, MAP is: 0.24475, MRR is: 0.51327, in top 10 tags
244 users are loaded from /home/ll5fy/TUIR/dataset/yelp/byUser_70k_review/5foldsCVColdstart/1/...
260 users are loaded from /home/ll5fy/TUIR/dataset/yelp/byUser_70k_review/5foldsCVColdstart/0/...
266 users are loaded from /home/ll5fy/TUIR/dataset/yelp/byUser_70k_review/5foldsCVColdstart/2/...
264 users are loaded from /home/ll5fy/TUIR/dataset/yelp/byUser_70k_review/5foldsCVColdstart/3/...
256 users are loaded from /home/ll5fy/TUIR/dataset/yelp/byUser_70k_review/5foldsCVColdstart/4/...
[Info]Finish loading 732 items' weights in total 156639 items!
[Info]Begin tagging 732 items with CTM Interpolation............
---- item 1: map is 0.67050, precision@k is 0.18182, mrr is 1.00000
---- item 51: map is 0.38395, precision@k is 0.09091, mrr is 1.00000
---- item 101: map is 0.09519, precision@k is 0.09091, mrr is 0.25000
---- item 151: map is 0.41880, precision@k is 0.18182, mrr is 1.00000
---- item 201: map is 1.00000, precision@k is 1.00000, mrr is 1.00000
---- item 251: map is 0.30556, precision@k is 0.09091, mrr is 0.50000
---- item 301: map is 0.41025, precision@k is 0.18182, mrr is 1.00000
---- item 351: map is 0.27703, precision@k is 0.09091, mrr is 0.50000
---- item 401: map is 0.17915, precision@k is 0.09091, mrr is 0.50000
---- item 451: map is 0.27030, precision@k is 0.18182, mrr is 1.00000
---- item 501: map is 0.50000, precision@k is 0.50000, mrr is 0.50000
---- item 551: map is 0.00423, precision@k is 0.00000, mrr is 0.00276
---- item 601: map is 0.02227, precision@k is 0.00000, mrr is 0.02632
---- item 651: map is 0.20497, precision@k is 0.09091, mrr is 0.50000
---- item 701: map is 0.41846, precision@k is 0.18182, mrr is 1.00000
[Stat]CTM model, Interpolation mode item tagging: Precision@K is 0.21629, MAP is: 0.37693, MRR is: 0.72104, in top 10 tags
266 users are loaded from /home/ll5fy/TUIR/dataset/yelp/byUser_70k_review/5foldsCVColdstart/2/...
260 users are loaded from /home/ll5fy/TUIR/dataset/yelp/byUser_70k_review/5foldsCVColdstart/0/...
244 users are loaded from /home/ll5fy/TUIR/dataset/yelp/byUser_70k_review/5foldsCVColdstart/1/...
264 users are loaded from /home/ll5fy/TUIR/dataset/yelp/byUser_70k_review/5foldsCVColdstart/3/...
256 users are loaded from /home/ll5fy/TUIR/dataset/yelp/byUser_70k_review/5foldsCVColdstart/4/...
[Info]Finish loading 702 items' weights in total 156639 items!
[Info]Begin tagging 702 items with CTM Interpolation............
---- item 1: map is 0.40299, precision@k is 0.18182, mrr is 1.00000
---- item 51: map is 0.32284, precision@k is 0.27273, mrr is 0.50000
---- item 101: map is 0.50676, precision@k is 0.09091, mrr is 1.00000
---- item 151: map is 0.26305, precision@k is 0.18182, mrr is 0.50000
---- item 201: map is 0.19066, precision@k is 0.09091, mrr is 1.00000
---- item 251: map is 0.25103, precision@k is 0.27273, mrr is 0.50000
---- item 301: map is 0.11622, precision@k is 0.09091, mrr is 0.25000
---- item 351: map is 0.34823, precision@k is 0.09091, mrr is 1.00000
---- item 401: map is 0.40181, precision@k is 0.27273, mrr is 1.00000
---- item 451: map is 0.75375, precision@k is 0.27273, mrr is 1.00000
---- item 501: map is 0.33401, precision@k is 0.27273, mrr is 0.50000
---- item 551: map is 0.32179, precision@k is 0.18182, mrr is 0.50000
---- item 601: map is 0.28912, precision@k is 0.27273, mrr is 0.50000
---- item 651: map is 0.39103, precision@k is 0.09091, mrr is 1.00000
---- item 701: map is 0.41667, precision@k is 0.50000, mrr is 0.33333
[Stat]CTM model, Interpolation mode item tagging: Precision@K is 0.20685, MAP is: 0.37078, MRR is: 0.69394, in top 10 tags
264 users are loaded from /home/ll5fy/TUIR/dataset/yelp/byUser_70k_review/5foldsCVColdstart/3/...
260 users are loaded from /home/ll5fy/TUIR/dataset/yelp/byUser_70k_review/5foldsCVColdstart/0/...
244 users are loaded from /home/ll5fy/TUIR/dataset/yelp/byUser_70k_review/5foldsCVColdstart/1/...
266 users are loaded from /home/ll5fy/TUIR/dataset/yelp/byUser_70k_review/5foldsCVColdstart/2/...
256 users are loaded from /home/ll5fy/TUIR/dataset/yelp/byUser_70k_review/5foldsCVColdstart/4/...
[Info]Finish loading 717 items' weights in total 156639 items!
[Info]Begin tagging 717 items with CTM Interpolation............
---- item 1: map is 0.68750, precision@k is 0.18182, mrr is 1.00000
---- item 51: map is 0.67185, precision@k is 0.18182, mrr is 1.00000
---- item 101: map is 0.14139, precision@k is 0.09091, mrr is 0.25000
---- item 151: map is 0.09014, precision@k is 0.09091, mrr is 0.16667
---- item 201: map is 0.24814, precision@k is 0.18182, mrr is 0.50000
---- item 251: map is 0.16908, precision@k is 0.09091, mrr is 0.33333
---- item 301: map is 0.28382, precision@k is 0.18182, mrr is 0.33333
---- item 351: map is 0.02246, precision@k is 0.00000, mrr is 0.02326
---- item 401: map is 0.01390, precision@k is 0.00000, mrr is 0.00962
---- item 451: map is 0.57692, precision@k is 0.09091, mrr is 1.00000
---- item 501: map is 1.00000, precision@k is 1.00000, mrr is 1.00000
---- item 551: map is 0.66955, precision@k is 0.18182, mrr is 1.00000
---- item 601: map is 0.11916, precision@k is 0.09091, mrr is 0.33333
---- item 651: map is 0.23314, precision@k is 0.18182, mrr is 0.50000
---- item 701: map is 0.39832, precision@k is 0.27273, mrr is 1.00000
[Stat]CTM model, Interpolation mode item tagging: Precision@K is 0.22086, MAP is: 0.37784, MRR is: 0.69490, in top 10 tags
256 users are loaded from /home/ll5fy/TUIR/dataset/yelp/byUser_70k_review/5foldsCVColdstart/4/...
260 users are loaded from /home/ll5fy/TUIR/dataset/yelp/byUser_70k_review/5foldsCVColdstart/0/...
244 users are loaded from /home/ll5fy/TUIR/dataset/yelp/byUser_70k_review/5foldsCVColdstart/1/...
266 users are loaded from /home/ll5fy/TUIR/dataset/yelp/byUser_70k_review/5foldsCVColdstart/2/...
264 users are loaded from /home/ll5fy/TUIR/dataset/yelp/byUser_70k_review/5foldsCVColdstart/3/...
[Info]Finish loading 726 items' weights in total 156639 items!
[Info]Begin tagging 726 items with CTM Interpolation............
---- item 1: map is 0.67560, precision@k is 0.18182, mrr is 1.00000
---- item 51: map is 0.21908, precision@k is 0.09091, mrr is 1.00000
---- item 101: map is 0.51351, precision@k is 0.18182, mrr is 1.00000
---- item 151: map is 0.17876, precision@k is 0.09091, mrr is 0.50000
---- item 201: map is 0.83333, precision@k is 0.66667, mrr is 1.00000
---- item 251: map is 0.34565, precision@k is 0.09091, mrr is 1.00000
---- item 301: map is 0.41017, precision@k is 0.18182, mrr is 1.00000
---- item 351: map is 1.00000, precision@k is 1.00000, mrr is 1.00000
---- item 401: map is 0.35717, precision@k is 0.09091, mrr is 1.00000
---- item 451: map is 0.18695, precision@k is 0.09091, mrr is 0.50000
---- item 501: map is 0.57127, precision@k is 0.18182, mrr is 1.00000
---- item 551: map is 0.46867, precision@k is 0.18182, mrr is 1.00000
---- item 601: map is 0.41494, precision@k is 0.27273, mrr is 0.50000
---- item 651: map is 0.62500, precision@k is 0.37500, mrr is 1.00000
---- item 701: map is 0.50779, precision@k is 0.18182, mrr is 1.00000
[Stat]CTM model, Interpolation mode item tagging: Precision@K is 0.22648, MAP is: 0.38275, MRR is: 0.68960, in top 10 tags

[Stat]Running time (seconds) 308.05500
[Stat]MAP 0.351+/-0.053
[Stat]MRR 0.663+/-0.075
[Stat]Precision 0.205+/-0.026
