Load 6134 2-gram new features from /home/ll5fy/TUIR/dataset/yelp/yelp_features.txt...
Load 6134 2-gram new features from /home/ll5fy/TUIR/dataset/yelp/yelp_features.txt...
[Info]Start FIXED cross validation...
[Info]Load 553 tags, with 6134 features.
260 users are loaded from /home/ll5fy/TUIR/dataset/yelp/byUser_70k_review/5foldsCVColdstart/0/...
244 users are loaded from /home/ll5fy/TUIR/dataset/yelp/byUser_70k_review/5foldsCVColdstart/1/...
266 users are loaded from /home/ll5fy/TUIR/dataset/yelp/byUser_70k_review/5foldsCVColdstart/2/...
264 users are loaded from /home/ll5fy/TUIR/dataset/yelp/byUser_70k_review/5foldsCVColdstart/3/...
256 users are loaded from /home/ll5fy/TUIR/dataset/yelp/byUser_70k_review/5foldsCVColdstart/4/...
[Info]Finish loading 722 items' weights in total 156639 items!
[Info]Begin tagging 722 items with LDA_Variational Interpolation............
---- item 1: map is 0.50654, precision@k is 0.18182, mrr is 1.00000
---- item 51: map is 0.25186, precision@k is 0.09091, mrr is 0.50000
---- item 101: map is 0.30000, precision@k is 0.09091, mrr is 0.50000
---- item 151: map is 0.14712, precision@k is 0.09091, mrr is 0.33333
---- item 201: map is 0.38359, precision@k is 0.18182, mrr is 1.00000
---- item 251: map is 1.00000, precision@k is 1.00000, mrr is 1.00000
---- item 301: map is 0.08473, precision@k is 0.09091, mrr is 0.20000
---- item 351: map is 0.35715, precision@k is 0.18182, mrr is 1.00000
---- item 401: map is 0.36427, precision@k is 0.18182, mrr is 1.00000
---- item 451: map is 0.58574, precision@k is 0.27273, mrr is 1.00000
---- item 501: map is 0.17398, precision@k is 0.09091, mrr is 0.50000
---- item 551: map is 0.38407, precision@k is 0.09091, mrr is 1.00000
---- item 601: map is 0.32500, precision@k is 0.40000, mrr is 0.25000
---- item 651: map is 0.27325, precision@k is 0.18182, mrr is 0.50000
---- item 701: map is 0.36667, precision@k is 0.40000, mrr is 0.33333
[Stat]LDA_Variational model, Interpolation mode item tagging: Precision@K is 0.17103, MAP is: 0.28551, MRR is: 0.57450, in top 10 tags
244 users are loaded from /home/ll5fy/TUIR/dataset/yelp/byUser_70k_review/5foldsCVColdstart/1/...
260 users are loaded from /home/ll5fy/TUIR/dataset/yelp/byUser_70k_review/5foldsCVColdstart/0/...
266 users are loaded from /home/ll5fy/TUIR/dataset/yelp/byUser_70k_review/5foldsCVColdstart/2/...
264 users are loaded from /home/ll5fy/TUIR/dataset/yelp/byUser_70k_review/5foldsCVColdstart/3/...
256 users are loaded from /home/ll5fy/TUIR/dataset/yelp/byUser_70k_review/5foldsCVColdstart/4/...
[Info]Finish loading 732 items' weights in total 156639 items!
[Info]Begin tagging 732 items with LDA_Variational Interpolation............
---- item 1: map is 0.67576, precision@k is 0.18182, mrr is 1.00000
---- item 51: map is 0.35211, precision@k is 0.09091, mrr is 1.00000
---- item 101: map is 0.12529, precision@k is 0.09091, mrr is 0.25000
---- item 151: map is 0.43291, precision@k is 0.18182, mrr is 1.00000
---- item 201: map is 1.00000, precision@k is 1.00000, mrr is 1.00000
---- item 251: map is 0.28571, precision@k is 0.09091, mrr is 0.50000
---- item 301: map is 0.44726, precision@k is 0.18182, mrr is 1.00000
---- item 351: map is 0.27174, precision@k is 0.09091, mrr is 0.50000
---- item 401: map is 0.17802, precision@k is 0.09091, mrr is 0.50000
---- item 451: map is 0.26676, precision@k is 0.18182, mrr is 1.00000
---- item 501: map is 0.50000, precision@k is 0.50000, mrr is 0.50000
---- item 551: map is 0.00429, precision@k is 0.00000, mrr is 0.00275
---- item 601: map is 0.02051, precision@k is 0.00000, mrr is 0.01887
---- item 651: map is 0.19900, precision@k is 0.09091, mrr is 0.50000
---- item 701: map is 0.41599, precision@k is 0.18182, mrr is 1.00000
[Stat]LDA_Variational model, Interpolation mode item tagging: Precision@K is 0.21945, MAP is: 0.38484, MRR is: 0.72360, in top 10 tags
266 users are loaded from /home/ll5fy/TUIR/dataset/yelp/byUser_70k_review/5foldsCVColdstart/2/...
260 users are loaded from /home/ll5fy/TUIR/dataset/yelp/byUser_70k_review/5foldsCVColdstart/0/...
244 users are loaded from /home/ll5fy/TUIR/dataset/yelp/byUser_70k_review/5foldsCVColdstart/1/...
264 users are loaded from /home/ll5fy/TUIR/dataset/yelp/byUser_70k_review/5foldsCVColdstart/3/...
256 users are loaded from /home/ll5fy/TUIR/dataset/yelp/byUser_70k_review/5foldsCVColdstart/4/...
[Info]Finish loading 702 items' weights in total 156639 items!
[Info]Begin tagging 702 items with LDA_Variational Interpolation............
---- item 1: map is 0.39161, precision@k is 0.09091, mrr is 1.00000
---- item 51: map is 0.33132, precision@k is 0.27273, mrr is 0.50000
---- item 101: map is 0.50518, precision@k is 0.09091, mrr is 1.00000
---- item 151: map is 0.26959, precision@k is 0.18182, mrr is 0.50000
---- item 201: map is 0.18210, precision@k is 0.09091, mrr is 1.00000
---- item 251: map is 0.24779, precision@k is 0.27273, mrr is 0.50000
---- item 301: map is 0.14722, precision@k is 0.09091, mrr is 0.25000
---- item 351: map is 0.41450, precision@k is 0.18182, mrr is 1.00000
---- item 401: map is 0.41726, precision@k is 0.27273, mrr is 1.00000
---- item 451: map is 0.75339, precision@k is 0.27273, mrr is 1.00000
---- item 501: map is 0.33172, precision@k is 0.27273, mrr is 0.50000
---- item 551: map is 0.56864, precision@k is 0.27273, mrr is 1.00000
---- item 601: map is 0.29821, precision@k is 0.27273, mrr is 0.50000
---- item 651: map is 0.41246, precision@k is 0.18182, mrr is 1.00000
---- item 701: map is 0.41667, precision@k is 0.50000, mrr is 0.33333
[Stat]LDA_Variational model, Interpolation mode item tagging: Precision@K is 0.21292, MAP is: 0.37512, MRR is: 0.69244, in top 10 tags
264 users are loaded from /home/ll5fy/TUIR/dataset/yelp/byUser_70k_review/5foldsCVColdstart/3/...
260 users are loaded from /home/ll5fy/TUIR/dataset/yelp/byUser_70k_review/5foldsCVColdstart/0/...
244 users are loaded from /home/ll5fy/TUIR/dataset/yelp/byUser_70k_review/5foldsCVColdstart/1/...
266 users are loaded from /home/ll5fy/TUIR/dataset/yelp/byUser_70k_review/5foldsCVColdstart/2/...
256 users are loaded from /home/ll5fy/TUIR/dataset/yelp/byUser_70k_review/5foldsCVColdstart/4/...
[Info]Finish loading 717 items' weights in total 156639 items!
[Info]Begin tagging 717 items with LDA_Variational Interpolation............
---- item 1: map is 0.67521, precision@k is 0.18182, mrr is 1.00000
---- item 51: map is 0.56025, precision@k is 0.18182, mrr is 1.00000
---- item 101: map is 0.21591, precision@k is 0.09091, mrr is 0.25000
---- item 151: map is 0.08987, precision@k is 0.09091, mrr is 0.16667
---- item 201: map is 0.28945, precision@k is 0.18182, mrr is 0.50000
---- item 251: map is 0.16914, precision@k is 0.09091, mrr is 0.33333
---- item 301: map is 0.27896, precision@k is 0.18182, mrr is 0.33333
---- item 351: map is 0.02434, precision@k is 0.00000, mrr is 0.04762
---- item 401: map is 0.00688, precision@k is 0.00000, mrr is 0.00521
---- item 451: map is 0.52128, precision@k is 0.09091, mrr is 1.00000
---- item 501: map is 1.00000, precision@k is 1.00000, mrr is 1.00000
---- item 551: map is 0.67028, precision@k is 0.18182, mrr is 1.00000
---- item 601: map is 0.11905, precision@k is 0.09091, mrr is 0.33333
---- item 651: map is 0.26654, precision@k is 0.18182, mrr is 0.50000
---- item 701: map is 0.37116, precision@k is 0.18182, mrr is 1.00000
[Stat]LDA_Variational model, Interpolation mode item tagging: Precision@K is 0.22183, MAP is: 0.37711, MRR is: 0.69088, in top 10 tags
256 users are loaded from /home/ll5fy/TUIR/dataset/yelp/byUser_70k_review/5foldsCVColdstart/4/...
260 users are loaded from /home/ll5fy/TUIR/dataset/yelp/byUser_70k_review/5foldsCVColdstart/0/...
244 users are loaded from /home/ll5fy/TUIR/dataset/yelp/byUser_70k_review/5foldsCVColdstart/1/...
266 users are loaded from /home/ll5fy/TUIR/dataset/yelp/byUser_70k_review/5foldsCVColdstart/2/...
264 users are loaded from /home/ll5fy/TUIR/dataset/yelp/byUser_70k_review/5foldsCVColdstart/3/...
[Info]Finish loading 726 items' weights in total 156639 items!
[Info]Begin tagging 726 items with LDA_Variational Interpolation............
---- item 1: map is 0.67480, precision@k is 0.18182, mrr is 1.00000
---- item 51: map is 0.22288, precision@k is 0.09091, mrr is 1.00000
---- item 101: map is 0.51695, precision@k is 0.18182, mrr is 1.00000
---- item 151: map is 0.18330, precision@k is 0.09091, mrr is 0.50000
---- item 201: map is 0.75000, precision@k is 0.50000, mrr is 1.00000
---- item 251: map is 0.35014, precision@k is 0.09091, mrr is 1.00000
---- item 301: map is 0.41926, precision@k is 0.18182, mrr is 1.00000
---- item 351: map is 1.00000, precision@k is 1.00000, mrr is 1.00000
---- item 401: map is 0.36348, precision@k is 0.09091, mrr is 1.00000
---- item 451: map is 0.19426, precision@k is 0.09091, mrr is 0.50000
---- item 501: map is 0.54544, precision@k is 0.18182, mrr is 1.00000
---- item 551: map is 0.46857, precision@k is 0.18182, mrr is 1.00000
---- item 601: map is 0.43841, precision@k is 0.27273, mrr is 0.50000
---- item 651: map is 0.60000, precision@k is 0.30000, mrr is 1.00000
---- item 701: map is 0.50806, precision@k is 0.18182, mrr is 1.00000
[Stat]LDA_Variational model, Interpolation mode item tagging: Precision@K is 0.22637, MAP is: 0.38075, MRR is: 0.68856, in top 10 tags

[Stat]Running time (seconds) 307.55300
[Stat]MAP 0.361+/-0.038
[Stat]MRR 0.674+/-0.051
[Stat]Precision 0.210+/-0.020
