Load 6134 2-gram new features from /home/ll5fy/TUIR/dataset/yelp/yelp_features.txt...
Load 6134 2-gram new features from /home/ll5fy/TUIR/dataset/yelp/yelp_features.txt...
[Info]Start FIXED cross validation...
[Info]Load 553 tags, with 6134 features.
260 users are loaded from /home/ll5fy/TUIR/dataset/yelp/byUser_70k_review/5foldsCVColdstart/0/...
244 users are loaded from /home/ll5fy/TUIR/dataset/yelp/byUser_70k_review/5foldsCVColdstart/1/...
266 users are loaded from /home/ll5fy/TUIR/dataset/yelp/byUser_70k_review/5foldsCVColdstart/2/...
264 users are loaded from /home/ll5fy/TUIR/dataset/yelp/byUser_70k_review/5foldsCVColdstart/3/...
256 users are loaded from /home/ll5fy/TUIR/dataset/yelp/byUser_70k_review/5foldsCVColdstart/4/...
[Info]Finish loading 722 items' weights in total 156639 items!
[Info]Begin tagging 722 items with LDA_Item Interpolation............
---- item 1: map is 0.43188, precision@k is 0.18182, mrr is 1.00000
---- item 51: map is 0.12682, precision@k is 0.09091, mrr is 0.25000
---- item 101: map is 0.09074, precision@k is 0.09091, mrr is 0.16667
---- item 151: map is 0.06231, precision@k is 0.09091, mrr is 0.16667
---- item 201: map is 0.32670, precision@k is 0.18182, mrr is 1.00000
---- item 251: map is 1.00000, precision@k is 1.00000, mrr is 1.00000
---- item 301: map is 0.06124, precision@k is 0.09091, mrr is 0.16667
---- item 351: map is 0.32654, precision@k is 0.18182, mrr is 1.00000
---- item 401: map is 0.08187, precision@k is 0.09091, mrr is 0.14286
---- item 451: map is 0.14146, precision@k is 0.18182, mrr is 0.25000
---- item 501: map is 0.05994, precision@k is 0.09091, mrr is 0.16667
---- item 551: map is 0.17236, precision@k is 0.09091, mrr is 0.50000
---- item 601: map is 0.09109, precision@k is 0.09091, mrr is 0.16667
---- item 651: map is 0.24041, precision@k is 0.18182, mrr is 0.50000
---- item 701: map is 0.09014, precision@k is 0.09091, mrr is 0.16667
[Stat]LDA_Item model, Interpolation mode item tagging: Precision@K is 0.12270, MAP is: 0.17220, MRR is: 0.38061, in top 10 tags
244 users are loaded from /home/ll5fy/TUIR/dataset/yelp/byUser_70k_review/5foldsCVColdstart/1/...
260 users are loaded from /home/ll5fy/TUIR/dataset/yelp/byUser_70k_review/5foldsCVColdstart/0/...
266 users are loaded from /home/ll5fy/TUIR/dataset/yelp/byUser_70k_review/5foldsCVColdstart/2/...
264 users are loaded from /home/ll5fy/TUIR/dataset/yelp/byUser_70k_review/5foldsCVColdstart/3/...
256 users are loaded from /home/ll5fy/TUIR/dataset/yelp/byUser_70k_review/5foldsCVColdstart/4/...
[Info]Finish loading 732 items' weights in total 156639 items!
[Info]Begin tagging 732 items with LDA_Item Interpolation............
---- item 1: map is 0.68992, precision@k is 0.18182, mrr is 1.00000
---- item 51: map is 0.35935, precision@k is 0.09091, mrr is 1.00000
---- item 101: map is 0.19259, precision@k is 0.09091, mrr is 0.50000
---- item 151: map is 0.43839, precision@k is 0.18182, mrr is 1.00000
---- item 201: map is 1.00000, precision@k is 1.00000, mrr is 1.00000
---- item 251: map is 0.58333, precision@k is 0.09091, mrr is 1.00000
---- item 301: map is 0.41925, precision@k is 0.18182, mrr is 1.00000
---- item 351: map is 0.25699, precision@k is 0.09091, mrr is 0.50000
---- item 401: map is 0.34301, precision@k is 0.09091, mrr is 1.00000
---- item 451: map is 0.27912, precision@k is 0.18182, mrr is 1.00000
---- item 501: map is 0.02500, precision@k is 0.00000, mrr is 0.02500
---- item 551: map is 0.00435, precision@k is 0.00000, mrr is 0.00254
---- item 601: map is 0.01927, precision@k is 0.00000, mrr is 0.02632
---- item 651: map is 0.17897, precision@k is 0.09091, mrr is 0.50000
---- item 701: map is 0.41422, precision@k is 0.18182, mrr is 1.00000
[Stat]LDA_Item model, Interpolation mode item tagging: Precision@K is 0.19593, MAP is: 0.37843, MRR is: 0.75422, in top 10 tags
266 users are loaded from /home/ll5fy/TUIR/dataset/yelp/byUser_70k_review/5foldsCVColdstart/2/...
260 users are loaded from /home/ll5fy/TUIR/dataset/yelp/byUser_70k_review/5foldsCVColdstart/0/...
244 users are loaded from /home/ll5fy/TUIR/dataset/yelp/byUser_70k_review/5foldsCVColdstart/1/...
264 users are loaded from /home/ll5fy/TUIR/dataset/yelp/byUser_70k_review/5foldsCVColdstart/3/...
256 users are loaded from /home/ll5fy/TUIR/dataset/yelp/byUser_70k_review/5foldsCVColdstart/4/...
[Info]Finish loading 702 items' weights in total 156639 items!
[Info]Begin tagging 702 items with LDA_Item Interpolation............
---- item 1: map is 0.40292, precision@k is 0.18182, mrr is 1.00000
---- item 51: map is 0.22031, precision@k is 0.18182, mrr is 0.50000
---- item 101: map is 0.00934, precision@k is 0.00000, mrr is 0.01075
---- item 151: map is 0.30938, precision@k is 0.18182, mrr is 0.50000
---- item 201: map is 0.27919, precision@k is 0.18182, mrr is 1.00000
---- item 251: map is 0.24647, precision@k is 0.27273, mrr is 0.50000
---- item 301: map is 0.20556, precision@k is 0.09091, mrr is 0.50000
---- item 351: map is 0.56536, precision@k is 0.18182, mrr is 1.00000
---- item 401: map is 0.44625, precision@k is 0.27273, mrr is 1.00000
---- item 451: map is 0.69440, precision@k is 0.27273, mrr is 1.00000
---- item 501: map is 0.20187, precision@k is 0.18182, mrr is 0.50000
---- item 551: map is 0.75191, precision@k is 0.27273, mrr is 1.00000
---- item 601: map is 0.31196, precision@k is 0.27273, mrr is 0.50000
---- item 651: map is 0.38852, precision@k is 0.09091, mrr is 1.00000
---- item 701: map is 0.41667, precision@k is 0.50000, mrr is 0.33333
[Stat]LDA_Item model, Interpolation mode item tagging: Precision@K is 0.20669, MAP is: 0.37732, MRR is: 0.72268, in top 10 tags
264 users are loaded from /home/ll5fy/TUIR/dataset/yelp/byUser_70k_review/5foldsCVColdstart/3/...
260 users are loaded from /home/ll5fy/TUIR/dataset/yelp/byUser_70k_review/5foldsCVColdstart/0/...
244 users are loaded from /home/ll5fy/TUIR/dataset/yelp/byUser_70k_review/5foldsCVColdstart/1/...
266 users are loaded from /home/ll5fy/TUIR/dataset/yelp/byUser_70k_review/5foldsCVColdstart/2/...
256 users are loaded from /home/ll5fy/TUIR/dataset/yelp/byUser_70k_review/5foldsCVColdstart/4/...
[Info]Finish loading 717 items' weights in total 156639 items!
[Info]Begin tagging 717 items with LDA_Item Interpolation............
---- item 1: map is 0.68229, precision@k is 0.18182, mrr is 1.00000
---- item 51: map is 0.35985, precision@k is 0.09091, mrr is 1.00000
---- item 101: map is 0.18627, precision@k is 0.09091, mrr is 0.33333
---- item 151: map is 0.10962, precision@k is 0.09091, mrr is 0.20000
---- item 201: map is 0.16395, precision@k is 0.18182, mrr is 0.33333
---- item 251: map is 0.25337, precision@k is 0.09091, mrr is 0.50000
---- item 301: map is 0.32472, precision@k is 0.18182, mrr is 0.50000
---- item 351: map is 0.02685, precision@k is 0.00000, mrr is 0.02778
---- item 401: map is 0.00573, precision@k is 0.00000, mrr is 0.00413
---- item 451: map is 0.52381, precision@k is 0.09091, mrr is 1.00000
---- item 501: map is 1.00000, precision@k is 1.00000, mrr is 1.00000
---- item 551: map is 0.67067, precision@k is 0.18182, mrr is 1.00000
---- item 601: map is 0.17597, precision@k is 0.09091, mrr is 0.50000
---- item 651: map is 0.17325, precision@k is 0.18182, mrr is 0.50000
---- item 701: map is 0.05817, precision@k is 0.09091, mrr is 0.14286
[Stat]LDA_Item model, Interpolation mode item tagging: Precision@K is 0.20785, MAP is: 0.37752, MRR is: 0.71491, in top 10 tags
256 users are loaded from /home/ll5fy/TUIR/dataset/yelp/byUser_70k_review/5foldsCVColdstart/4/...
260 users are loaded from /home/ll5fy/TUIR/dataset/yelp/byUser_70k_review/5foldsCVColdstart/0/...
244 users are loaded from /home/ll5fy/TUIR/dataset/yelp/byUser_70k_review/5foldsCVColdstart/1/...
266 users are loaded from /home/ll5fy/TUIR/dataset/yelp/byUser_70k_review/5foldsCVColdstart/2/...
264 users are loaded from /home/ll5fy/TUIR/dataset/yelp/byUser_70k_review/5foldsCVColdstart/3/...
[Info]Finish loading 726 items' weights in total 156639 items!
[Info]Begin tagging 726 items with LDA_Item Interpolation............
---- item 1: map is 0.69524, precision@k is 0.18182, mrr is 1.00000
---- item 51: map is 0.23166, precision@k is 0.09091, mrr is 1.00000
---- item 101: map is 0.57995, precision@k is 0.18182, mrr is 1.00000
---- item 151: map is 0.35009, precision@k is 0.09091, mrr is 1.00000
---- item 201: map is 0.83333, precision@k is 0.66667, mrr is 1.00000
---- item 251: map is 0.34985, precision@k is 0.09091, mrr is 1.00000
---- item 301: map is 0.44688, precision@k is 0.18182, mrr is 1.00000
---- item 351: map is 1.00000, precision@k is 1.00000, mrr is 1.00000
---- item 401: map is 0.36971, precision@k is 0.09091, mrr is 1.00000
---- item 451: map is 0.21270, precision@k is 0.09091, mrr is 0.50000
---- item 501: map is 0.55587, precision@k is 0.18182, mrr is 1.00000
---- item 551: map is 0.54611, precision@k is 0.18182, mrr is 1.00000
---- item 601: map is 0.36293, precision@k is 0.18182, mrr is 0.50000
---- item 651: map is 0.53704, precision@k is 0.18182, mrr is 1.00000
---- item 701: map is 0.50892, precision@k is 0.18182, mrr is 1.00000
[Stat]LDA_Item model, Interpolation mode item tagging: Precision@K is 0.22114, MAP is: 0.39174, MRR is: 0.72628, in top 10 tags

[Stat]Running time (seconds) 303.73900
[Stat]MAP 0.339+/-0.084
[Stat]MRR 0.660+/-0.140
[Stat]Precision 0.191+/-0.035
