Load 6134 2-gram new features from /home/ll5fy/TUIR/dataset/yelp/yelp_features.txt...
Load 6134 2-gram new features from /home/ll5fy/TUIR/dataset/yelp/yelp_features.txt...
[Info]Start FIXED cross validation...
[Info]Load 553 tags, with 6134 features.
260 users are loaded from /home/ll5fy/TUIR/dataset/yelp/byUser_70k_review/5foldsCVColdstart/0/...
244 users are loaded from /home/ll5fy/TUIR/dataset/yelp/byUser_70k_review/5foldsCVColdstart/1/...
266 users are loaded from /home/ll5fy/TUIR/dataset/yelp/byUser_70k_review/5foldsCVColdstart/2/...
264 users are loaded from /home/ll5fy/TUIR/dataset/yelp/byUser_70k_review/5foldsCVColdstart/3/...
256 users are loaded from /home/ll5fy/TUIR/dataset/yelp/byUser_70k_review/5foldsCVColdstart/4/...
[Info]Finish loading 861 items' weights in total 156639 items!
[Info]Begin tagging 861 items with ETBIR_Item Interpolation............
---- item 1: map is 0.34692, precision@k is 0.09091, mrr is 1.00000
---- item 51: map is 0.53845, precision@k is 0.18182, mrr is 1.00000
---- item 101: map is 1.00000, precision@k is 1.00000, mrr is 1.00000
---- item 151: map is 0.36284, precision@k is 0.09091, mrr is 1.00000
---- item 201: map is 0.34534, precision@k is 0.09091, mrr is 1.00000
---- item 251: map is 0.02082, precision@k is 0.00000, mrr is 0.02439
---- item 301: map is 0.27782, precision@k is 0.09091, mrr is 1.00000
---- item 351: map is 0.51205, precision@k is 0.09091, mrr is 1.00000
---- item 401: map is 0.13397, precision@k is 0.09091, mrr is 0.50000
---- item 451: map is 0.68992, precision@k is 0.18182, mrr is 1.00000
---- item 501: map is 0.03051, precision@k is 0.00000, mrr is 0.05882
---- item 551: map is 1.00000, precision@k is 1.00000, mrr is 1.00000
---- item 601: map is 0.02619, precision@k is 0.00000, mrr is 0.02941
---- item 651: map is 0.02690, precision@k is 0.00000, mrr is 0.05263
---- item 701: map is 0.34541, precision@k is 0.09091, mrr is 1.00000
---- item 751: map is 0.00433, precision@k is 0.00000, mrr is 0.00278
---- item 801: map is 0.35430, precision@k is 0.09091, mrr is 1.00000
---- item 851: map is 0.05716, precision@k is 0.09091, mrr is 0.14286
[Stat]ETBIR_Item model, Interpolation mode item tagging: Precision@K is 0.16680, MAP is: 0.34915, MRR is: 0.75899, in top 10 tags
244 users are loaded from /home/ll5fy/TUIR/dataset/yelp/byUser_70k_review/5foldsCVColdstart/1/...
260 users are loaded from /home/ll5fy/TUIR/dataset/yelp/byUser_70k_review/5foldsCVColdstart/0/...
266 users are loaded from /home/ll5fy/TUIR/dataset/yelp/byUser_70k_review/5foldsCVColdstart/2/...
264 users are loaded from /home/ll5fy/TUIR/dataset/yelp/byUser_70k_review/5foldsCVColdstart/3/...
256 users are loaded from /home/ll5fy/TUIR/dataset/yelp/byUser_70k_review/5foldsCVColdstart/4/...
[Info]Finish loading 861 items' weights in total 156639 items!
[Info]Begin tagging 861 items with ETBIR_Item Interpolation............
---- item 1: map is 0.34977, precision@k is 0.09091, mrr is 1.00000
---- item 51: map is 0.54819, precision@k is 0.18182, mrr is 1.00000
---- item 101: map is 1.00000, precision@k is 1.00000, mrr is 1.00000
---- item 151: map is 0.20902, precision@k is 0.09091, mrr is 0.50000
---- item 201: map is 0.34591, precision@k is 0.09091, mrr is 1.00000
---- item 251: map is 0.03591, precision@k is 0.00000, mrr is 0.05556
---- item 301: map is 0.50660, precision@k is 0.18182, mrr is 1.00000
---- item 351: map is 0.51449, precision@k is 0.09091, mrr is 1.00000
---- item 401: map is 0.18898, precision@k is 0.18182, mrr is 0.50000
---- item 451: map is 0.57778, precision@k is 0.18182, mrr is 1.00000
---- item 501: map is 0.06888, precision@k is 0.09091, mrr is 0.16667
---- item 551: map is 1.00000, precision@k is 1.00000, mrr is 1.00000
---- item 601: map is 0.32812, precision@k is 0.18182, mrr is 1.00000
---- item 651: map is 0.02849, precision@k is 0.00000, mrr is 0.05263
---- item 701: map is 0.17827, precision@k is 0.09091, mrr is 0.50000
---- item 751: map is 0.00426, precision@k is 0.00000, mrr is 0.00267
---- item 801: map is 0.35929, precision@k is 0.09091, mrr is 1.00000
---- item 851: map is 0.06600, precision@k is 0.09091, mrr is 0.20000
[Stat]ETBIR_Item model, Interpolation mode item tagging: Precision@K is 0.20150, MAP is: 0.37623, MRR is: 0.75051, in top 10 tags
266 users are loaded from /home/ll5fy/TUIR/dataset/yelp/byUser_70k_review/5foldsCVColdstart/2/...
260 users are loaded from /home/ll5fy/TUIR/dataset/yelp/byUser_70k_review/5foldsCVColdstart/0/...
244 users are loaded from /home/ll5fy/TUIR/dataset/yelp/byUser_70k_review/5foldsCVColdstart/1/...
264 users are loaded from /home/ll5fy/TUIR/dataset/yelp/byUser_70k_review/5foldsCVColdstart/3/...
256 users are loaded from /home/ll5fy/TUIR/dataset/yelp/byUser_70k_review/5foldsCVColdstart/4/...
[Info]Finish loading 861 items' weights in total 156639 items!
[Info]Begin tagging 861 items with ETBIR_Item Interpolation............
---- item 1: map is 0.35487, precision@k is 0.09091, mrr is 1.00000
---- item 51: map is 0.55347, precision@k is 0.18182, mrr is 1.00000
---- item 101: map is 0.83333, precision@k is 0.66667, mrr is 1.00000
---- item 151: map is 0.21190, precision@k is 0.09091, mrr is 0.50000
---- item 201: map is 0.34471, precision@k is 0.09091, mrr is 1.00000
---- item 251: map is 0.10935, precision@k is 0.09091, mrr is 0.20000
---- item 301: map is 0.50542, precision@k is 0.18182, mrr is 1.00000
---- item 351: map is 0.51587, precision@k is 0.09091, mrr is 1.00000
---- item 401: map is 0.23666, precision@k is 0.18182, mrr is 0.50000
---- item 451: map is 0.58258, precision@k is 0.18182, mrr is 1.00000
---- item 501: map is 0.34616, precision@k is 0.09091, mrr is 1.00000
---- item 551: map is 1.00000, precision@k is 1.00000, mrr is 1.00000
---- item 601: map is 0.43244, precision@k is 0.18182, mrr is 1.00000
---- item 651: map is 0.03091, precision@k is 0.00000, mrr is 0.08333
---- item 701: map is 0.17655, precision@k is 0.09091, mrr is 0.50000
---- item 751: map is 0.00441, precision@k is 0.00000, mrr is 0.00279
---- item 801: map is 0.36424, precision@k is 0.09091, mrr is 1.00000
---- item 851: map is 0.08670, precision@k is 0.09091, mrr is 0.25000
[Stat]ETBIR_Item model, Interpolation mode item tagging: Precision@K is 0.20774, MAP is: 0.37748, MRR is: 0.73146, in top 10 tags
264 users are loaded from /home/ll5fy/TUIR/dataset/yelp/byUser_70k_review/5foldsCVColdstart/3/...
260 users are loaded from /home/ll5fy/TUIR/dataset/yelp/byUser_70k_review/5foldsCVColdstart/0/...
244 users are loaded from /home/ll5fy/TUIR/dataset/yelp/byUser_70k_review/5foldsCVColdstart/1/...
266 users are loaded from /home/ll5fy/TUIR/dataset/yelp/byUser_70k_review/5foldsCVColdstart/2/...
256 users are loaded from /home/ll5fy/TUIR/dataset/yelp/byUser_70k_review/5foldsCVColdstart/4/...
[Info]Finish loading 861 items' weights in total 156639 items!
[Info]Begin tagging 861 items with ETBIR_Item Interpolation............
---- item 1: map is 0.37235, precision@k is 0.09091, mrr is 1.00000
---- item 51: map is 0.57125, precision@k is 0.18182, mrr is 1.00000
---- item 101: map is 0.83333, precision@k is 0.66667, mrr is 1.00000
---- item 151: map is 0.21157, precision@k is 0.09091, mrr is 0.50000
---- item 201: map is 0.34632, precision@k is 0.09091, mrr is 1.00000
---- item 251: map is 0.50581, precision@k is 0.09091, mrr is 1.00000
---- item 301: map is 0.50532, precision@k is 0.18182, mrr is 1.00000
---- item 351: map is 0.52128, precision@k is 0.09091, mrr is 1.00000
---- item 401: map is 0.24145, precision@k is 0.18182, mrr is 0.50000
---- item 451: map is 0.49697, precision@k is 0.18182, mrr is 1.00000
---- item 501: map is 0.34622, precision@k is 0.09091, mrr is 1.00000
---- item 551: map is 1.00000, precision@k is 1.00000, mrr is 1.00000
---- item 601: map is 0.43243, precision@k is 0.18182, mrr is 1.00000
---- item 651: map is 0.02599, precision@k is 0.00000, mrr is 0.04348
---- item 701: map is 0.18084, precision@k is 0.09091, mrr is 0.50000
---- item 751: map is 0.00427, precision@k is 0.00000, mrr is 0.00265
---- item 801: map is 0.38578, precision@k is 0.09091, mrr is 1.00000
---- item 851: map is 0.07424, precision@k is 0.09091, mrr is 0.25000
[Stat]ETBIR_Item model, Interpolation mode item tagging: Precision@K is 0.21562, MAP is: 0.37907, MRR is: 0.71331, in top 10 tags
256 users are loaded from /home/ll5fy/TUIR/dataset/yelp/byUser_70k_review/5foldsCVColdstart/4/...
260 users are loaded from /home/ll5fy/TUIR/dataset/yelp/byUser_70k_review/5foldsCVColdstart/0/...
244 users are loaded from /home/ll5fy/TUIR/dataset/yelp/byUser_70k_review/5foldsCVColdstart/1/...
266 users are loaded from /home/ll5fy/TUIR/dataset/yelp/byUser_70k_review/5foldsCVColdstart/2/...
264 users are loaded from /home/ll5fy/TUIR/dataset/yelp/byUser_70k_review/5foldsCVColdstart/3/...
[Info]Finish loading 861 items' weights in total 156639 items!
[Info]Begin tagging 861 items with ETBIR_Item Interpolation............
---- item 1: map is 0.61859, precision@k is 0.27273, mrr is 1.00000
---- item 51: map is 0.55451, precision@k is 0.18182, mrr is 1.00000
---- item 101: map is 0.83333, precision@k is 0.66667, mrr is 1.00000
---- item 151: map is 0.49470, precision@k is 0.27273, mrr is 1.00000
---- item 201: map is 0.34651, precision@k is 0.09091, mrr is 1.00000
---- item 251: map is 0.13333, precision@k is 0.09091, mrr is 0.25000
---- item 301: map is 0.50598, precision@k is 0.18182, mrr is 1.00000
---- item 351: map is 0.53226, precision@k is 0.09091, mrr is 1.00000
---- item 401: map is 0.29661, precision@k is 0.18182, mrr is 0.50000
---- item 451: map is 0.48627, precision@k is 0.18182, mrr is 1.00000
---- item 501: map is 0.34579, precision@k is 0.09091, mrr is 1.00000
---- item 551: map is 1.00000, precision@k is 1.00000, mrr is 1.00000
---- item 601: map is 0.43197, precision@k is 0.18182, mrr is 1.00000
---- item 651: map is 0.03435, precision@k is 0.00000, mrr is 0.09091
---- item 701: map is 0.17807, precision@k is 0.09091, mrr is 0.50000
---- item 751: map is 0.00433, precision@k is 0.00000, mrr is 0.00278
---- item 801: map is 0.37038, precision@k is 0.09091, mrr is 1.00000
---- item 851: map is 0.08494, precision@k is 0.09091, mrr is 0.25000
[Stat]ETBIR_Item model, Interpolation mode item tagging: Precision@K is 0.22001, MAP is: 0.37755, MRR is: 0.70228, in top 10 tags

[Stat]Running time (seconds) 365.69500
[Stat]MAP 0.372+/-0.011
[Stat]MRR 0.731+/-0.021
[Stat]Precision 0.202+/-0.019
