Load 6134 2-gram new features from /home/ll5fy/TUIR/dataset/yelp/yelp_features.txt...
Load 6134 2-gram new features from /home/ll5fy/TUIR/dataset/yelp/yelp_features.txt...
[Info]Start FIXED cross validation...
[Info]Load 553 tags, with 6134 features.
260 users are loaded from /home/ll5fy/TUIR/dataset/yelp/byUser_70k_review/5foldsCVColdstart/0/...
244 users are loaded from /home/ll5fy/TUIR/dataset/yelp/byUser_70k_review/5foldsCVColdstart/1/...
266 users are loaded from /home/ll5fy/TUIR/dataset/yelp/byUser_70k_review/5foldsCVColdstart/2/...
264 users are loaded from /home/ll5fy/TUIR/dataset/yelp/byUser_70k_review/5foldsCVColdstart/3/...
256 users are loaded from /home/ll5fy/TUIR/dataset/yelp/byUser_70k_review/5foldsCVColdstart/4/...
[Info]Finish loading 861 items' weights in total 156639 items!
[Info]Begin tagging 861 items with ETBIR Interpolation............
---- item 1: map is 0.34433, precision@k is 0.09091, mrr is 1.00000
---- item 51: map is 0.54820, precision@k is 0.18182, mrr is 1.00000
---- item 101: map is 1.00000, precision@k is 1.00000, mrr is 1.00000
---- item 151: map is 0.37560, precision@k is 0.09091, mrr is 1.00000
---- item 201: map is 0.34325, precision@k is 0.09091, mrr is 1.00000
---- item 251: map is 0.01388, precision@k is 0.00000, mrr is 0.01124
---- item 301: map is 0.25861, precision@k is 0.09091, mrr is 1.00000
---- item 351: map is 0.51563, precision@k is 0.09091, mrr is 1.00000
---- item 401: map is 0.06005, precision@k is 0.09091, mrr is 0.10000
---- item 451: map is 0.36782, precision@k is 0.09091, mrr is 1.00000
---- item 501: map is 0.01435, precision@k is 0.00000, mrr is 0.01220
---- item 551: map is 1.00000, precision@k is 1.00000, mrr is 1.00000
---- item 601: map is 0.03387, precision@k is 0.00000, mrr is 0.04348
---- item 651: map is 0.02549, precision@k is 0.00000, mrr is 0.05556
---- item 701: map is 0.34167, precision@k is 0.09091, mrr is 1.00000
---- item 751: map is 0.00443, precision@k is 0.00000, mrr is 0.00298
---- item 801: map is 0.35128, precision@k is 0.09091, mrr is 1.00000
---- item 851: map is 0.04205, precision@k is 0.00000, mrr is 0.06667
[Stat]ETBIR model, Interpolation mode item tagging: Precision@K is 0.13073, MAP is: 0.32499, MRR is: 0.78341, in top 10 tags
244 users are loaded from /home/ll5fy/TUIR/dataset/yelp/byUser_70k_review/5foldsCVColdstart/1/...
260 users are loaded from /home/ll5fy/TUIR/dataset/yelp/byUser_70k_review/5foldsCVColdstart/0/...
266 users are loaded from /home/ll5fy/TUIR/dataset/yelp/byUser_70k_review/5foldsCVColdstart/2/...
264 users are loaded from /home/ll5fy/TUIR/dataset/yelp/byUser_70k_review/5foldsCVColdstart/3/...
256 users are loaded from /home/ll5fy/TUIR/dataset/yelp/byUser_70k_review/5foldsCVColdstart/4/...
[Info]Finish loading 861 items' weights in total 156639 items!
[Info]Begin tagging 861 items with ETBIR Interpolation............
---- item 1: map is 0.34486, precision@k is 0.09091, mrr is 1.00000
---- item 51: map is 0.53134, precision@k is 0.18182, mrr is 1.00000
---- item 101: map is 1.00000, precision@k is 1.00000, mrr is 1.00000
---- item 151: map is 0.36537, precision@k is 0.09091, mrr is 1.00000
---- item 201: map is 0.34389, precision@k is 0.09091, mrr is 1.00000
---- item 251: map is 0.01314, precision@k is 0.00000, mrr is 0.01042
---- item 301: map is 0.26211, precision@k is 0.09091, mrr is 1.00000
---- item 351: map is 0.51852, precision@k is 0.09091, mrr is 1.00000
---- item 401: map is 0.10200, precision@k is 0.09091, mrr is 0.33333
---- item 451: map is 0.42518, precision@k is 0.09091, mrr is 1.00000
---- item 501: map is 0.01411, precision@k is 0.00000, mrr is 0.01111
---- item 551: map is 1.00000, precision@k is 1.00000, mrr is 1.00000
---- item 601: map is 0.08466, precision@k is 0.09091, mrr is 0.25000
---- item 651: map is 0.02736, precision@k is 0.00000, mrr is 0.04762
---- item 701: map is 0.34293, precision@k is 0.09091, mrr is 1.00000
---- item 751: map is 0.00439, precision@k is 0.00000, mrr is 0.00286
---- item 801: map is 0.35116, precision@k is 0.09091, mrr is 1.00000
---- item 851: map is 0.04265, precision@k is 0.00000, mrr is 0.05882
[Stat]ETBIR model, Interpolation mode item tagging: Precision@K is 0.14909, MAP is: 0.34034, MRR is: 0.77876, in top 10 tags
266 users are loaded from /home/ll5fy/TUIR/dataset/yelp/byUser_70k_review/5foldsCVColdstart/2/...
260 users are loaded from /home/ll5fy/TUIR/dataset/yelp/byUser_70k_review/5foldsCVColdstart/0/...
244 users are loaded from /home/ll5fy/TUIR/dataset/yelp/byUser_70k_review/5foldsCVColdstart/1/...
264 users are loaded from /home/ll5fy/TUIR/dataset/yelp/byUser_70k_review/5foldsCVColdstart/3/...
256 users are loaded from /home/ll5fy/TUIR/dataset/yelp/byUser_70k_review/5foldsCVColdstart/4/...
[Info]Finish loading 861 items' weights in total 156639 items!
[Info]Begin tagging 861 items with ETBIR Interpolation............
---- item 1: map is 0.34449, precision@k is 0.09091, mrr is 1.00000
---- item 51: map is 0.53934, precision@k is 0.18182, mrr is 1.00000
---- item 101: map is 1.00000, precision@k is 1.00000, mrr is 1.00000
---- item 151: map is 0.36905, precision@k is 0.09091, mrr is 1.00000
---- item 201: map is 0.34333, precision@k is 0.09091, mrr is 1.00000
---- item 251: map is 0.01542, precision@k is 0.00000, mrr is 0.01389
---- item 301: map is 0.26393, precision@k is 0.09091, mrr is 1.00000
---- item 351: map is 0.51852, precision@k is 0.09091, mrr is 1.00000
---- item 401: map is 0.16869, precision@k is 0.18182, mrr is 0.50000
---- item 451: map is 0.40175, precision@k is 0.09091, mrr is 1.00000
---- item 501: map is 0.01688, precision@k is 0.00000, mrr is 0.01282
---- item 551: map is 1.00000, precision@k is 1.00000, mrr is 1.00000
---- item 601: map is 0.28332, precision@k is 0.09091, mrr is 1.00000
---- item 651: map is 0.03035, precision@k is 0.00000, mrr is 0.07143
---- item 701: map is 0.34132, precision@k is 0.09091, mrr is 1.00000
---- item 751: map is 0.00439, precision@k is 0.00000, mrr is 0.00278
---- item 801: map is 0.35517, precision@k is 0.09091, mrr is 1.00000
---- item 851: map is 0.06119, precision@k is 0.09091, mrr is 0.12500
[Stat]ETBIR model, Interpolation mode item tagging: Precision@K is 0.16136, MAP is: 0.34981, MRR is: 0.78192, in top 10 tags
264 users are loaded from /home/ll5fy/TUIR/dataset/yelp/byUser_70k_review/5foldsCVColdstart/3/...
260 users are loaded from /home/ll5fy/TUIR/dataset/yelp/byUser_70k_review/5foldsCVColdstart/0/...
244 users are loaded from /home/ll5fy/TUIR/dataset/yelp/byUser_70k_review/5foldsCVColdstart/1/...
266 users are loaded from /home/ll5fy/TUIR/dataset/yelp/byUser_70k_review/5foldsCVColdstart/2/...
256 users are loaded from /home/ll5fy/TUIR/dataset/yelp/byUser_70k_review/5foldsCVColdstart/4/...
[Info]Finish loading 861 items' weights in total 156639 items!
[Info]Begin tagging 861 items with ETBIR Interpolation............
---- item 1: map is 0.34557, precision@k is 0.09091, mrr is 1.00000
---- item 51: map is 0.53695, precision@k is 0.18182, mrr is 1.00000
---- item 101: map is 1.00000, precision@k is 1.00000, mrr is 1.00000
---- item 151: map is 0.37371, precision@k is 0.09091, mrr is 1.00000
---- item 201: map is 0.34434, precision@k is 0.09091, mrr is 1.00000
---- item 251: map is 0.50588, precision@k is 0.09091, mrr is 1.00000
---- item 301: map is 0.26289, precision@k is 0.09091, mrr is 1.00000
---- item 351: map is 0.52174, precision@k is 0.09091, mrr is 1.00000
---- item 401: map is 0.17409, precision@k is 0.18182, mrr is 0.50000
---- item 451: map is 0.56838, precision@k is 0.18182, mrr is 1.00000
---- item 501: map is 0.01887, precision@k is 0.00000, mrr is 0.02128
---- item 551: map is 1.00000, precision@k is 1.00000, mrr is 1.00000
---- item 601: map is 0.29415, precision@k is 0.09091, mrr is 1.00000
---- item 651: map is 0.03078, precision@k is 0.00000, mrr is 0.07143
---- item 701: map is 0.17477, precision@k is 0.09091, mrr is 0.50000
---- item 751: map is 0.00440, precision@k is 0.00000, mrr is 0.00281
---- item 801: map is 0.35123, precision@k is 0.09091, mrr is 1.00000
---- item 851: map is 0.07088, precision@k is 0.09091, mrr is 0.16667
[Stat]ETBIR model, Interpolation mode item tagging: Precision@K is 0.17049, MAP is: 0.35047, MRR is: 0.76424, in top 10 tags
256 users are loaded from /home/ll5fy/TUIR/dataset/yelp/byUser_70k_review/5foldsCVColdstart/4/...
260 users are loaded from /home/ll5fy/TUIR/dataset/yelp/byUser_70k_review/5foldsCVColdstart/0/...
244 users are loaded from /home/ll5fy/TUIR/dataset/yelp/byUser_70k_review/5foldsCVColdstart/1/...
266 users are loaded from /home/ll5fy/TUIR/dataset/yelp/byUser_70k_review/5foldsCVColdstart/2/...
264 users are loaded from /home/ll5fy/TUIR/dataset/yelp/byUser_70k_review/5foldsCVColdstart/3/...
[Info]Finish loading 861 items' weights in total 156639 items!
[Info]Begin tagging 861 items with ETBIR Interpolation............
---- item 1: map is 0.37837, precision@k is 0.18182, mrr is 1.00000
---- item 51: map is 0.53344, precision@k is 0.18182, mrr is 1.00000
---- item 101: map is 1.00000, precision@k is 1.00000, mrr is 1.00000
---- item 151: map is 0.44661, precision@k is 0.18182, mrr is 1.00000
---- item 201: map is 0.34504, precision@k is 0.09091, mrr is 1.00000
---- item 251: map is 0.01546, precision@k is 0.00000, mrr is 0.01493
---- item 301: map is 0.26651, precision@k is 0.09091, mrr is 1.00000
---- item 351: map is 0.52439, precision@k is 0.09091, mrr is 1.00000
---- item 401: map is 0.19065, precision@k is 0.18182, mrr is 0.50000
---- item 451: map is 0.57026, precision@k is 0.18182, mrr is 1.00000
---- item 501: map is 0.03802, precision@k is 0.00000, mrr is 0.07692
---- item 551: map is 1.00000, precision@k is 1.00000, mrr is 1.00000
---- item 601: map is 0.33013, precision@k is 0.18182, mrr is 1.00000
---- item 651: map is 0.02741, precision@k is 0.00000, mrr is 0.05556
---- item 701: map is 0.17626, precision@k is 0.09091, mrr is 0.50000
---- item 751: map is 0.00434, precision@k is 0.00000, mrr is 0.00290
---- item 801: map is 0.35232, precision@k is 0.09091, mrr is 1.00000
---- item 851: map is 0.05474, precision@k is 0.09091, mrr is 0.12500
[Stat]ETBIR model, Interpolation mode item tagging: Precision@K is 0.17822, MAP is: 0.36060, MRR is: 0.76991, in top 10 tags

[Stat]Running time (seconds) 366.95100
[Stat]MAP 0.345+/-0.012
[Stat]MRR 0.776+/-0.007
[Stat]Precision 0.158+/-0.017
