Load 6134 2-gram new features from /home/ll5fy/TUIR/dataset/yelp/yelp_features.txt...
Load 6134 2-gram new features from /home/ll5fy/TUIR/dataset/yelp/yelp_features.txt...
[Info]Start FIXED cross validation...
[Info]Load 553 tags, with 6134 features.
260 users are loaded from /home/ll5fy/TUIR/dataset/yelp/byUser_70k_review/5foldsCVColdstart/0/...
244 users are loaded from /home/ll5fy/TUIR/dataset/yelp/byUser_70k_review/5foldsCVColdstart/1/...
266 users are loaded from /home/ll5fy/TUIR/dataset/yelp/byUser_70k_review/5foldsCVColdstart/2/...
264 users are loaded from /home/ll5fy/TUIR/dataset/yelp/byUser_70k_review/5foldsCVColdstart/3/...
256 users are loaded from /home/ll5fy/TUIR/dataset/yelp/byUser_70k_review/5foldsCVColdstart/4/...
[Info]Finish loading 722 items' weights in total 156639 items!
[Info]Begin tagging 722 items with LDA_User Interpolation............
---- item 1: map is 0.50625, precision@k is 0.18182, mrr is 1.00000
---- item 51: map is 0.25187, precision@k is 0.09091, mrr is 0.50000
---- item 101: map is 0.17982, precision@k is 0.09091, mrr is 0.33333
---- item 151: map is 0.14549, precision@k is 0.09091, mrr is 0.33333
---- item 201: map is 0.38292, precision@k is 0.18182, mrr is 1.00000
---- item 251: map is 1.00000, precision@k is 1.00000, mrr is 1.00000
---- item 301: map is 0.10004, precision@k is 0.09091, mrr is 0.25000
---- item 351: map is 0.35691, precision@k is 0.18182, mrr is 1.00000
---- item 401: map is 0.14728, precision@k is 0.18182, mrr is 0.25000
---- item 451: map is 0.46088, precision@k is 0.18182, mrr is 1.00000
---- item 501: map is 0.11826, precision@k is 0.09091, mrr is 0.33333
---- item 551: map is 0.34348, precision@k is 0.09091, mrr is 1.00000
---- item 601: map is 0.20238, precision@k is 0.09091, mrr is 0.33333
---- item 651: map is 0.26659, precision@k is 0.18182, mrr is 0.50000
---- item 701: map is 0.14087, precision@k is 0.09091, mrr is 0.25000
[Stat]LDA_User model, Interpolation mode item tagging: Precision@K is 0.13874, MAP is: 0.22532, MRR is: 0.47849, in top 10 tags
244 users are loaded from /home/ll5fy/TUIR/dataset/yelp/byUser_70k_review/5foldsCVColdstart/1/...
260 users are loaded from /home/ll5fy/TUIR/dataset/yelp/byUser_70k_review/5foldsCVColdstart/0/...
266 users are loaded from /home/ll5fy/TUIR/dataset/yelp/byUser_70k_review/5foldsCVColdstart/2/...
264 users are loaded from /home/ll5fy/TUIR/dataset/yelp/byUser_70k_review/5foldsCVColdstart/3/...
256 users are loaded from /home/ll5fy/TUIR/dataset/yelp/byUser_70k_review/5foldsCVColdstart/4/...
[Info]Finish loading 732 items' weights in total 156639 items!
[Info]Begin tagging 732 items with LDA_User Interpolation............
---- item 1: map is 0.67576, precision@k is 0.18182, mrr is 1.00000
---- item 51: map is 0.34375, precision@k is 0.09091, mrr is 1.00000
---- item 101: map is 0.21443, precision@k is 0.09091, mrr is 0.50000
---- item 151: map is 0.42859, precision@k is 0.18182, mrr is 1.00000
---- item 201: map is 1.00000, precision@k is 1.00000, mrr is 1.00000
---- item 251: map is 0.52083, precision@k is 0.09091, mrr is 1.00000
---- item 301: map is 0.43130, precision@k is 0.18182, mrr is 1.00000
---- item 351: map is 0.26389, precision@k is 0.09091, mrr is 0.50000
---- item 401: map is 0.34552, precision@k is 0.09091, mrr is 1.00000
---- item 451: map is 0.25581, precision@k is 0.18182, mrr is 1.00000
---- item 501: map is 0.08333, precision@k is 0.00000, mrr is 0.08333
---- item 551: map is 0.00431, precision@k is 0.00000, mrr is 0.00269
---- item 601: map is 0.01691, precision@k is 0.00000, mrr is 0.02381
---- item 651: map is 0.18616, precision@k is 0.09091, mrr is 0.50000
---- item 701: map is 0.41654, precision@k is 0.18182, mrr is 1.00000
[Stat]LDA_User model, Interpolation mode item tagging: Precision@K is 0.20228, MAP is: 0.37591, MRR is: 0.74959, in top 10 tags
266 users are loaded from /home/ll5fy/TUIR/dataset/yelp/byUser_70k_review/5foldsCVColdstart/2/...
260 users are loaded from /home/ll5fy/TUIR/dataset/yelp/byUser_70k_review/5foldsCVColdstart/0/...
244 users are loaded from /home/ll5fy/TUIR/dataset/yelp/byUser_70k_review/5foldsCVColdstart/1/...
264 users are loaded from /home/ll5fy/TUIR/dataset/yelp/byUser_70k_review/5foldsCVColdstart/3/...
256 users are loaded from /home/ll5fy/TUIR/dataset/yelp/byUser_70k_review/5foldsCVColdstart/4/...
[Info]Finish loading 702 items' weights in total 156639 items!
[Info]Begin tagging 702 items with LDA_User Interpolation............
---- item 1: map is 0.36877, precision@k is 0.09091, mrr is 1.00000
---- item 51: map is 0.22269, precision@k is 0.18182, mrr is 0.50000
---- item 101: map is 0.02835, precision@k is 0.00000, mrr is 0.04545
---- item 151: map is 0.30791, precision@k is 0.18182, mrr is 0.50000
---- item 201: map is 0.19703, precision@k is 0.09091, mrr is 1.00000
---- item 251: map is 0.24775, precision@k is 0.27273, mrr is 0.50000
---- item 301: map is 0.20211, precision@k is 0.09091, mrr is 0.50000
---- item 351: map is 0.40146, precision@k is 0.09091, mrr is 1.00000
---- item 401: map is 0.48099, precision@k is 0.27273, mrr is 1.00000
---- item 451: map is 0.65513, precision@k is 0.27273, mrr is 1.00000
---- item 501: map is 0.20593, precision@k is 0.18182, mrr is 0.50000
---- item 551: map is 0.54359, precision@k is 0.27273, mrr is 1.00000
---- item 601: map is 0.31268, precision@k is 0.27273, mrr is 0.50000
---- item 651: map is 0.44976, precision@k is 0.18182, mrr is 1.00000
---- item 701: map is 0.41667, precision@k is 0.50000, mrr is 0.33333
[Stat]LDA_User model, Interpolation mode item tagging: Precision@K is 0.21155, MAP is: 0.38381, MRR is: 0.73418, in top 10 tags
264 users are loaded from /home/ll5fy/TUIR/dataset/yelp/byUser_70k_review/5foldsCVColdstart/3/...
260 users are loaded from /home/ll5fy/TUIR/dataset/yelp/byUser_70k_review/5foldsCVColdstart/0/...
244 users are loaded from /home/ll5fy/TUIR/dataset/yelp/byUser_70k_review/5foldsCVColdstart/1/...
266 users are loaded from /home/ll5fy/TUIR/dataset/yelp/byUser_70k_review/5foldsCVColdstart/2/...
256 users are loaded from /home/ll5fy/TUIR/dataset/yelp/byUser_70k_review/5foldsCVColdstart/4/...
[Info]Finish loading 717 items' weights in total 156639 items!
[Info]Begin tagging 717 items with LDA_User Interpolation............
---- item 1: map is 0.67601, precision@k is 0.18182, mrr is 1.00000
---- item 51: map is 0.35607, precision@k is 0.09091, mrr is 1.00000
---- item 101: map is 0.16848, precision@k is 0.09091, mrr is 0.25000
---- item 151: map is 0.10719, precision@k is 0.09091, mrr is 0.20000
---- item 201: map is 0.20152, precision@k is 0.18182, mrr is 0.50000
---- item 251: map is 0.25246, precision@k is 0.09091, mrr is 0.50000
---- item 301: map is 0.30234, precision@k is 0.18182, mrr is 0.50000
---- item 351: map is 0.02299, precision@k is 0.00000, mrr is 0.02632
---- item 401: map is 0.00655, precision@k is 0.00000, mrr is 0.00481
---- item 451: map is 0.51316, precision@k is 0.09091, mrr is 1.00000
---- item 501: map is 1.00000, precision@k is 1.00000, mrr is 1.00000
---- item 551: map is 0.67007, precision@k is 0.18182, mrr is 1.00000
---- item 601: map is 0.17469, precision@k is 0.09091, mrr is 0.50000
---- item 651: map is 0.19973, precision@k is 0.18182, mrr is 0.50000
---- item 701: map is 0.09361, precision@k is 0.09091, mrr is 0.25000
[Stat]LDA_User model, Interpolation mode item tagging: Precision@K is 0.21225, MAP is: 0.38252, MRR is: 0.72624, in top 10 tags
256 users are loaded from /home/ll5fy/TUIR/dataset/yelp/byUser_70k_review/5foldsCVColdstart/4/...
260 users are loaded from /home/ll5fy/TUIR/dataset/yelp/byUser_70k_review/5foldsCVColdstart/0/...
244 users are loaded from /home/ll5fy/TUIR/dataset/yelp/byUser_70k_review/5foldsCVColdstart/1/...
266 users are loaded from /home/ll5fy/TUIR/dataset/yelp/byUser_70k_review/5foldsCVColdstart/2/...
264 users are loaded from /home/ll5fy/TUIR/dataset/yelp/byUser_70k_review/5foldsCVColdstart/3/...
[Info]Finish loading 726 items' weights in total 156639 items!
[Info]Begin tagging 726 items with LDA_User Interpolation............
---- item 1: map is 0.67521, precision@k is 0.18182, mrr is 1.00000
---- item 51: map is 0.22894, precision@k is 0.09091, mrr is 1.00000
---- item 101: map is 0.56984, precision@k is 0.18182, mrr is 1.00000
---- item 151: map is 0.34871, precision@k is 0.09091, mrr is 1.00000
---- item 201: map is 0.83333, precision@k is 0.66667, mrr is 1.00000
---- item 251: map is 0.34865, precision@k is 0.09091, mrr is 1.00000
---- item 301: map is 0.44714, precision@k is 0.18182, mrr is 1.00000
---- item 351: map is 1.00000, precision@k is 1.00000, mrr is 1.00000
---- item 401: map is 0.36980, precision@k is 0.09091, mrr is 1.00000
---- item 451: map is 0.18933, precision@k is 0.09091, mrr is 0.50000
---- item 501: map is 0.53068, precision@k is 0.18182, mrr is 1.00000
---- item 551: map is 0.54877, precision@k is 0.18182, mrr is 1.00000
---- item 601: map is 0.43229, precision@k is 0.27273, mrr is 0.50000
---- item 651: map is 0.52174, precision@k is 0.18182, mrr is 1.00000
---- item 701: map is 0.50859, precision@k is 0.18182, mrr is 1.00000
[Stat]LDA_User model, Interpolation mode item tagging: Precision@K is 0.21785, MAP is: 0.38568, MRR is: 0.72367, in top 10 tags

[Stat]Running time (seconds) 305.12800
[Stat]MAP 0.351+/-0.063
[Stat]MRR 0.682+/-0.102
[Stat]Precision 0.197+/-0.029
