Load 6134 2-gram new features from /home/ll5fy/TUIR/dataset/yelp/yelp_features.txt...
Load 6134 2-gram new features from /home/ll5fy/TUIR/dataset/yelp/yelp_features.txt...
[Info]Start FIXED cross validation...
[Info]Load 553 tags, with 6134 features.
260 users are loaded from /home/ll5fy/TUIR/dataset/yelp/byUser_70k_review/5foldsCVColdstart/0/...
244 users are loaded from /home/ll5fy/TUIR/dataset/yelp/byUser_70k_review/5foldsCVColdstart/1/...
266 users are loaded from /home/ll5fy/TUIR/dataset/yelp/byUser_70k_review/5foldsCVColdstart/2/...
264 users are loaded from /home/ll5fy/TUIR/dataset/yelp/byUser_70k_review/5foldsCVColdstart/3/...
256 users are loaded from /home/ll5fy/TUIR/dataset/yelp/byUser_70k_review/5foldsCVColdstart/4/...
[Info]Finish loading 722 items' weights in total 156639 items!
[Info]Begin tagging 722 items with LDA_Variational Interpolation............
---- item 1: map is 0.47308, precision@k is 0.18182, mrr is 1.00000
---- item 51: map is 0.16853, precision@k is 0.09091, mrr is 0.33333
---- item 101: map is 0.13225, precision@k is 0.09091, mrr is 0.25000
---- item 151: map is 0.11631, precision@k is 0.09091, mrr is 0.25000
---- item 201: map is 0.35782, precision@k is 0.18182, mrr is 1.00000
---- item 251: map is 0.83333, precision@k is 0.66667, mrr is 1.00000
---- item 301: map is 0.09793, precision@k is 0.09091, mrr is 0.25000
---- item 351: map is 0.35661, precision@k is 0.18182, mrr is 1.00000
---- item 401: map is 0.08189, precision@k is 0.09091, mrr is 0.25000
---- item 451: map is 0.12573, precision@k is 0.09091, mrr is 0.33333
---- item 501: map is 0.09063, precision@k is 0.09091, mrr is 0.25000
---- item 551: map is 0.17584, precision@k is 0.09091, mrr is 0.50000
---- item 601: map is 0.13564, precision@k is 0.09091, mrr is 0.25000
---- item 651: map is 0.27137, precision@k is 0.18182, mrr is 0.50000
---- item 701: map is 0.13490, precision@k is 0.09091, mrr is 0.25000
[Stat]LDA_Variational model, Interpolation mode item tagging: Precision@K is 0.10879, MAP is: 0.15533, MRR is: 0.33218, in top 10 tags
244 users are loaded from /home/ll5fy/TUIR/dataset/yelp/byUser_70k_review/5foldsCVColdstart/1/...
260 users are loaded from /home/ll5fy/TUIR/dataset/yelp/byUser_70k_review/5foldsCVColdstart/0/...
266 users are loaded from /home/ll5fy/TUIR/dataset/yelp/byUser_70k_review/5foldsCVColdstart/2/...
264 users are loaded from /home/ll5fy/TUIR/dataset/yelp/byUser_70k_review/5foldsCVColdstart/3/...
256 users are loaded from /home/ll5fy/TUIR/dataset/yelp/byUser_70k_review/5foldsCVColdstart/4/...
[Info]Finish loading 732 items' weights in total 156639 items!
[Info]Begin tagging 732 items with LDA_Variational Interpolation............
---- item 1: map is 0.67552, precision@k is 0.18182, mrr is 1.00000
---- item 51: map is 0.34331, precision@k is 0.09091, mrr is 1.00000
---- item 101: map is 0.38647, precision@k is 0.09091, mrr is 1.00000
---- item 151: map is 0.43261, precision@k is 0.18182, mrr is 1.00000
---- item 201: map is 0.54348, precision@k is 0.09091, mrr is 1.00000
---- item 251: map is 0.52273, precision@k is 0.09091, mrr is 1.00000
---- item 301: map is 0.39675, precision@k is 0.09091, mrr is 1.00000
---- item 351: map is 0.51124, precision@k is 0.09091, mrr is 1.00000
---- item 401: map is 0.34457, precision@k is 0.09091, mrr is 1.00000
---- item 451: map is 0.23281, precision@k is 0.09091, mrr is 1.00000
---- item 501: map is 0.01754, precision@k is 0.00000, mrr is 0.01754
---- item 551: map is 0.00431, precision@k is 0.00000, mrr is 0.00279
---- item 601: map is 0.01746, precision@k is 0.00000, mrr is 0.01961
---- item 651: map is 0.18097, precision@k is 0.09091, mrr is 0.50000
---- item 701: map is 0.29577, precision@k is 0.18182, mrr is 1.00000
[Stat]LDA_Variational model, Interpolation mode item tagging: Precision@K is 0.15217, MAP is: 0.34501, MRR is: 0.77481, in top 10 tags
266 users are loaded from /home/ll5fy/TUIR/dataset/yelp/byUser_70k_review/5foldsCVColdstart/2/...
260 users are loaded from /home/ll5fy/TUIR/dataset/yelp/byUser_70k_review/5foldsCVColdstart/0/...
244 users are loaded from /home/ll5fy/TUIR/dataset/yelp/byUser_70k_review/5foldsCVColdstart/1/...
264 users are loaded from /home/ll5fy/TUIR/dataset/yelp/byUser_70k_review/5foldsCVColdstart/3/...
256 users are loaded from /home/ll5fy/TUIR/dataset/yelp/byUser_70k_review/5foldsCVColdstart/4/...
[Info]Finish loading 702 items' weights in total 156639 items!
[Info]Begin tagging 702 items with LDA_Variational Interpolation............
---- item 1: map is 0.34750, precision@k is 0.09091, mrr is 1.00000
---- item 51: map is 0.06097, precision@k is 0.09091, mrr is 0.11111
---- item 101: map is 0.00602, precision@k is 0.00000, mrr is 0.00513
---- item 151: map is 0.30774, precision@k is 0.18182, mrr is 0.50000
---- item 201: map is 0.18379, precision@k is 0.09091, mrr is 1.00000
---- item 251: map is 0.10929, precision@k is 0.18182, mrr is 0.33333
---- item 301: map is 0.35439, precision@k is 0.09091, mrr is 1.00000
---- item 351: map is 0.40108, precision@k is 0.09091, mrr is 1.00000
---- item 401: map is 0.31945, precision@k is 0.18182, mrr is 1.00000
---- item 451: map is 0.56986, precision@k is 0.27273, mrr is 1.00000
---- item 501: map is 0.05336, precision@k is 0.00000, mrr is 0.07143
---- item 551: map is 0.32117, precision@k is 0.18182, mrr is 1.00000
---- item 601: map is 0.20251, precision@k is 0.18182, mrr is 0.50000
---- item 651: map is 0.44949, precision@k is 0.18182, mrr is 1.00000
---- item 701: map is 0.54348, precision@k is 0.09091, mrr is 1.00000
[Stat]LDA_Variational model, Interpolation mode item tagging: Precision@K is 0.16498, MAP is: 0.34957, MRR is: 0.76187, in top 10 tags
264 users are loaded from /home/ll5fy/TUIR/dataset/yelp/byUser_70k_review/5foldsCVColdstart/3/...
260 users are loaded from /home/ll5fy/TUIR/dataset/yelp/byUser_70k_review/5foldsCVColdstart/0/...
244 users are loaded from /home/ll5fy/TUIR/dataset/yelp/byUser_70k_review/5foldsCVColdstart/1/...
266 users are loaded from /home/ll5fy/TUIR/dataset/yelp/byUser_70k_review/5foldsCVColdstart/2/...
256 users are loaded from /home/ll5fy/TUIR/dataset/yelp/byUser_70k_review/5foldsCVColdstart/4/...
[Info]Finish loading 717 items' weights in total 156639 items!
[Info]Begin tagging 717 items with LDA_Variational Interpolation............
---- item 1: map is 0.67514, precision@k is 0.18182, mrr is 1.00000
---- item 51: map is 0.34916, precision@k is 0.09091, mrr is 1.00000
---- item 101: map is 0.18229, precision@k is 0.09091, mrr is 0.33333
---- item 151: map is 0.25662, precision@k is 0.09091, mrr is 0.50000
---- item 201: map is 0.03960, precision@k is 0.00000, mrr is 0.05556
---- item 251: map is 0.25241, precision@k is 0.09091, mrr is 0.50000
---- item 301: map is 0.19509, precision@k is 0.18182, mrr is 0.50000
---- item 351: map is 0.02193, precision@k is 0.00000, mrr is 0.03571
---- item 401: map is 0.00658, precision@k is 0.00000, mrr is 0.00532
---- item 451: map is 0.50893, precision@k is 0.09091, mrr is 1.00000
---- item 501: map is 1.00000, precision@k is 1.00000, mrr is 1.00000
---- item 551: map is 0.50355, precision@k is 0.18182, mrr is 1.00000
---- item 601: map is 0.34110, precision@k is 0.09091, mrr is 1.00000
---- item 651: map is 0.04299, precision@k is 0.00000, mrr is 0.08333
---- item 701: map is 0.01974, precision@k is 0.00000, mrr is 0.01370
[Stat]LDA_Variational model, Interpolation mode item tagging: Precision@K is 0.17832, MAP is: 0.35868, MRR is: 0.76331, in top 10 tags
256 users are loaded from /home/ll5fy/TUIR/dataset/yelp/byUser_70k_review/5foldsCVColdstart/4/...
260 users are loaded from /home/ll5fy/TUIR/dataset/yelp/byUser_70k_review/5foldsCVColdstart/0/...
244 users are loaded from /home/ll5fy/TUIR/dataset/yelp/byUser_70k_review/5foldsCVColdstart/1/...
266 users are loaded from /home/ll5fy/TUIR/dataset/yelp/byUser_70k_review/5foldsCVColdstart/2/...
264 users are loaded from /home/ll5fy/TUIR/dataset/yelp/byUser_70k_review/5foldsCVColdstart/3/...
[Info]Finish loading 726 items' weights in total 156639 items!
[Info]Begin tagging 726 items with LDA_Variational Interpolation............
---- item 1: map is 0.67442, precision@k is 0.18182, mrr is 1.00000
---- item 51: map is 0.22417, precision@k is 0.09091, mrr is 1.00000
---- item 101: map is 0.37341, precision@k is 0.09091, mrr is 1.00000
---- item 151: map is 0.35059, precision@k is 0.09091, mrr is 1.00000
---- item 201: map is 1.00000, precision@k is 1.00000, mrr is 1.00000
---- item 251: map is 0.35048, precision@k is 0.09091, mrr is 1.00000
---- item 301: map is 0.43114, precision@k is 0.18182, mrr is 1.00000
---- item 351: map is 0.04545, precision@k is 0.00000, mrr is 0.04545
---- item 401: map is 0.35708, precision@k is 0.09091, mrr is 1.00000
---- item 451: map is 0.18786, precision@k is 0.09091, mrr is 0.50000
---- item 501: map is 0.51947, precision@k is 0.18182, mrr is 1.00000
---- item 551: map is 0.52019, precision@k is 0.18182, mrr is 1.00000
---- item 601: map is 0.32864, precision@k is 0.18182, mrr is 0.50000
---- item 651: map is 0.51064, precision@k is 0.18182, mrr is 1.00000
---- item 701: map is 0.50786, precision@k is 0.18182, mrr is 1.00000
[Stat]LDA_Variational model, Interpolation mode item tagging: Precision@K is 0.17896, MAP is: 0.36348, MRR is: 0.76663, in top 10 tags

[Stat]Running time (seconds) 307.45800
[Stat]MAP 0.314+/-0.080
[Stat]MRR 0.680+/-0.174
[Stat]Precision 0.157+/-0.026
