Load 6134 2-gram new features from /home/ll5fy/TUIR/dataset/yelp/yelp_features.txt...
Load 6134 2-gram new features from /home/ll5fy/TUIR/dataset/yelp/yelp_features.txt...
[Info]Start FIXED cross validation...
[Info]Load 553 tags, with 6134 features.
260 users are loaded from /home/ll5fy/TUIR/dataset/yelp/byUser_70k_review/5foldsCVColdstart/0/...
244 users are loaded from /home/ll5fy/TUIR/dataset/yelp/byUser_70k_review/5foldsCVColdstart/1/...
266 users are loaded from /home/ll5fy/TUIR/dataset/yelp/byUser_70k_review/5foldsCVColdstart/2/...
264 users are loaded from /home/ll5fy/TUIR/dataset/yelp/byUser_70k_review/5foldsCVColdstart/3/...
256 users are loaded from /home/ll5fy/TUIR/dataset/yelp/byUser_70k_review/5foldsCVColdstart/4/...
[Info]Finish loading 722 items' weights in total 156639 items!
[Info]Begin tagging 722 items with CTM Embed............
---- item 1: map is 0.07218, precision@k is 0.09091, mrr is 0.20000
---- item 51: map is 0.10188, precision@k is 0.09091, mrr is 0.20000
---- item 101: map is 0.10422, precision@k is 0.09091, mrr is 0.20000
---- item 151: map is 0.08302, precision@k is 0.09091, mrr is 0.20000
---- item 201: map is 0.05705, precision@k is 0.09091, mrr is 0.20000
---- item 251: map is 0.10240, precision@k is 0.09091, mrr is 0.20000
---- item 301: map is 0.07333, precision@k is 0.09091, mrr is 0.20000
---- item 351: map is 0.05677, precision@k is 0.09091, mrr is 0.20000
---- item 401: map is 0.06399, precision@k is 0.09091, mrr is 0.20000
---- item 451: map is 0.05706, precision@k is 0.09091, mrr is 0.20000
---- item 501: map is 0.07145, precision@k is 0.09091, mrr is 0.20000
---- item 551: map is 0.07042, precision@k is 0.09091, mrr is 0.20000
---- item 601: map is 0.10206, precision@k is 0.09091, mrr is 0.20000
---- item 651: map is 0.23831, precision@k is 0.18182, mrr is 0.50000
---- item 701: map is 0.10198, precision@k is 0.09091, mrr is 0.20000
[Stat]CTM model, Embed mode item tagging: Precision@K is 0.08889, MAP is: 0.08434, MRR is: 0.19807, in top 10 tags
244 users are loaded from /home/ll5fy/TUIR/dataset/yelp/byUser_70k_review/5foldsCVColdstart/1/...
260 users are loaded from /home/ll5fy/TUIR/dataset/yelp/byUser_70k_review/5foldsCVColdstart/0/...
266 users are loaded from /home/ll5fy/TUIR/dataset/yelp/byUser_70k_review/5foldsCVColdstart/2/...
264 users are loaded from /home/ll5fy/TUIR/dataset/yelp/byUser_70k_review/5foldsCVColdstart/3/...
256 users are loaded from /home/ll5fy/TUIR/dataset/yelp/byUser_70k_review/5foldsCVColdstart/4/...
[Info]Finish loading 732 items' weights in total 156639 items!
[Info]Begin tagging 732 items with CTM Embed............
---- item 1: map is 0.34088, precision@k is 0.09091, mrr is 1.00000
---- item 51: map is 0.34446, precision@k is 0.09091, mrr is 1.00000
---- item 101: map is 0.34519, precision@k is 0.09091, mrr is 1.00000
---- item 151: map is 0.27622, precision@k is 0.09091, mrr is 1.00000
---- item 201: map is 0.50971, precision@k is 0.09091, mrr is 1.00000
---- item 251: map is 0.52174, precision@k is 0.09091, mrr is 1.00000
---- item 301: map is 0.04319, precision@k is 0.00000, mrr is 0.06250
---- item 351: map is 0.51111, precision@k is 0.09091, mrr is 1.00000
---- item 401: map is 0.34509, precision@k is 0.09091, mrr is 1.00000
---- item 451: map is 0.02896, precision@k is 0.00000, mrr is 0.04000
---- item 501: map is 0.00347, precision@k is 0.00000, mrr is 0.00347
---- item 551: map is 0.00431, precision@k is 0.00000, mrr is 0.00275
---- item 601: map is 0.02335, precision@k is 0.00000, mrr is 0.04000
---- item 651: map is 0.34764, precision@k is 0.09091, mrr is 1.00000
---- item 701: map is 0.24721, precision@k is 0.09091, mrr is 1.00000
[Stat]CTM model, Embed mode item tagging: Precision@K is 0.09581, MAP is: 0.29136, MRR is: 0.77238, in top 10 tags
266 users are loaded from /home/ll5fy/TUIR/dataset/yelp/byUser_70k_review/5foldsCVColdstart/2/...
260 users are loaded from /home/ll5fy/TUIR/dataset/yelp/byUser_70k_review/5foldsCVColdstart/0/...
244 users are loaded from /home/ll5fy/TUIR/dataset/yelp/byUser_70k_review/5foldsCVColdstart/1/...
264 users are loaded from /home/ll5fy/TUIR/dataset/yelp/byUser_70k_review/5foldsCVColdstart/3/...
256 users are loaded from /home/ll5fy/TUIR/dataset/yelp/byUser_70k_review/5foldsCVColdstart/4/...
[Info]Finish loading 702 items' weights in total 156639 items!
[Info]Begin tagging 702 items with CTM Embed............
---- item 1: map is 0.35730, precision@k is 0.09091, mrr is 1.00000
---- item 51: map is 0.02957, precision@k is 0.00000, mrr is 0.01754
---- item 101: map is 0.00560, precision@k is 0.00000, mrr is 0.00680
---- item 151: map is 0.26714, precision@k is 0.09091, mrr is 1.00000
---- item 201: map is 0.21581, precision@k is 0.18182, mrr is 1.00000
---- item 251: map is 0.03224, precision@k is 0.00000, mrr is 0.01754
---- item 301: map is 0.36279, precision@k is 0.09091, mrr is 1.00000
---- item 351: map is 0.34555, precision@k is 0.09091, mrr is 1.00000
---- item 401: map is 0.22609, precision@k is 0.09091, mrr is 1.00000
---- item 451: map is 0.32168, precision@k is 0.09091, mrr is 1.00000
---- item 501: map is 0.02957, precision@k is 0.00000, mrr is 0.01754
---- item 551: map is 0.25799, precision@k is 0.09091, mrr is 1.00000
---- item 601: map is 0.02957, precision@k is 0.00000, mrr is 0.01754
---- item 651: map is 0.05576, precision@k is 0.09091, mrr is 0.14286
---- item 701: map is 0.53030, precision@k is 0.09091, mrr is 1.00000
[Stat]CTM model, Embed mode item tagging: Precision@K is 0.08793, MAP is: 0.28516, MRR is: 0.76405, in top 10 tags
264 users are loaded from /home/ll5fy/TUIR/dataset/yelp/byUser_70k_review/5foldsCVColdstart/3/...
260 users are loaded from /home/ll5fy/TUIR/dataset/yelp/byUser_70k_review/5foldsCVColdstart/0/...
244 users are loaded from /home/ll5fy/TUIR/dataset/yelp/byUser_70k_review/5foldsCVColdstart/1/...
266 users are loaded from /home/ll5fy/TUIR/dataset/yelp/byUser_70k_review/5foldsCVColdstart/2/...
256 users are loaded from /home/ll5fy/TUIR/dataset/yelp/byUser_70k_review/5foldsCVColdstart/4/...
[Info]Finish loading 717 items' weights in total 156639 items!
[Info]Begin tagging 717 items with CTM Embed............
---- item 1: map is 0.40156, precision@k is 0.09091, mrr is 1.00000
---- item 51: map is 0.34605, precision@k is 0.09091, mrr is 1.00000
---- item 101: map is 0.50840, precision@k is 0.09091, mrr is 1.00000
---- item 151: map is 0.50758, precision@k is 0.09091, mrr is 1.00000
---- item 201: map is 0.03030, precision@k is 0.00000, mrr is 0.02174
---- item 251: map is 0.50279, precision@k is 0.09091, mrr is 1.00000
---- item 301: map is 0.30670, precision@k is 0.09091, mrr is 1.00000
---- item 351: map is 0.02557, precision@k is 0.00000, mrr is 0.02381
---- item 401: map is 0.00696, precision@k is 0.00000, mrr is 0.00637
---- item 451: map is 0.51695, precision@k is 0.09091, mrr is 1.00000
---- item 501: map is 1.00000, precision@k is 1.00000, mrr is 1.00000
---- item 551: map is 0.34398, precision@k is 0.09091, mrr is 1.00000
---- item 601: map is 0.34214, precision@k is 0.09091, mrr is 1.00000
---- item 651: map is 0.03030, precision@k is 0.00000, mrr is 0.02174
---- item 701: map is 0.01794, precision@k is 0.00000, mrr is 0.01163
[Stat]CTM model, Embed mode item tagging: Precision@K is 0.09565, MAP is: 0.29100, MRR is: 0.77725, in top 10 tags
256 users are loaded from /home/ll5fy/TUIR/dataset/yelp/byUser_70k_review/5foldsCVColdstart/4/...
260 users are loaded from /home/ll5fy/TUIR/dataset/yelp/byUser_70k_review/5foldsCVColdstart/0/...
244 users are loaded from /home/ll5fy/TUIR/dataset/yelp/byUser_70k_review/5foldsCVColdstart/1/...
266 users are loaded from /home/ll5fy/TUIR/dataset/yelp/byUser_70k_review/5foldsCVColdstart/2/...
264 users are loaded from /home/ll5fy/TUIR/dataset/yelp/byUser_70k_review/5foldsCVColdstart/3/...
[Info]Finish loading 726 items' weights in total 156639 items!
[Info]Begin tagging 726 items with CTM Embed............
---- item 1: map is 0.36265, precision@k is 0.09091, mrr is 1.00000
---- item 51: map is 0.22088, precision@k is 0.09091, mrr is 1.00000
---- item 101: map is 0.34056, precision@k is 0.09091, mrr is 1.00000
---- item 151: map is 0.34726, precision@k is 0.09091, mrr is 1.00000
---- item 201: map is 0.51235, precision@k is 0.09091, mrr is 1.00000
---- item 251: map is 0.34726, precision@k is 0.09091, mrr is 1.00000
---- item 301: map is 0.04924, precision@k is 0.00000, mrr is 0.06250
---- item 351: map is 0.00230, precision@k is 0.00000, mrr is 0.00230
---- item 401: map is 0.35276, precision@k is 0.09091, mrr is 1.00000
---- item 451: map is 0.35643, precision@k is 0.09091, mrr is 1.00000
---- item 501: map is 0.29790, precision@k is 0.09091, mrr is 1.00000
---- item 551: map is 0.26373, precision@k is 0.09091, mrr is 1.00000
---- item 601: map is 0.26575, precision@k is 0.09091, mrr is 1.00000
---- item 651: map is 0.42053, precision@k is 0.18182, mrr is 1.00000
---- item 701: map is 0.27141, precision@k is 0.09091, mrr is 1.00000
[Stat]CTM model, Embed mode item tagging: Precision@K is 0.09713, MAP is: 0.28667, MRR is: 0.77348, in top 10 tags

[Stat]Running time (seconds) 29.66700
[Stat]MAP 0.248+/-0.082
[Stat]MRR 0.657+/-0.230
[Stat]Precision 0.093+/-0.004
