Load 6134 2-gram new features from /home/ll5fy/TUIR/dataset/yelp/yelp_features.txt...
Load 6134 2-gram new features from /home/ll5fy/TUIR/dataset/yelp/yelp_features.txt...
[Info]Start FIXED cross validation...
[Info]Load 553 tags, with 6134 features.
260 users are loaded from /home/ll5fy/TUIR/dataset/yelp/byUser_70k_review/5foldsCVColdstart/0/...
244 users are loaded from /home/ll5fy/TUIR/dataset/yelp/byUser_70k_review/5foldsCVColdstart/1/...
266 users are loaded from /home/ll5fy/TUIR/dataset/yelp/byUser_70k_review/5foldsCVColdstart/2/...
264 users are loaded from /home/ll5fy/TUIR/dataset/yelp/byUser_70k_review/5foldsCVColdstart/3/...
256 users are loaded from /home/ll5fy/TUIR/dataset/yelp/byUser_70k_review/5foldsCVColdstart/4/...
[Info]Finish loading 722 items' weights in total 156639 items!
[Info]Begin tagging 722 items with CTM Interpolation............
---- item 1: map is 0.43482, precision@k is 0.18182, mrr is 1.00000
---- item 51: map is 0.12685, precision@k is 0.09091, mrr is 0.25000
---- item 101: map is 0.13564, precision@k is 0.09091, mrr is 0.25000
---- item 151: map is 0.07958, precision@k is 0.09091, mrr is 0.20000
---- item 201: map is 0.32941, precision@k is 0.18182, mrr is 1.00000
---- item 251: map is 0.83333, precision@k is 0.66667, mrr is 1.00000
---- item 301: map is 0.07114, precision@k is 0.09091, mrr is 0.16667
---- item 351: map is 0.32744, precision@k is 0.18182, mrr is 1.00000
---- item 401: map is 0.08032, precision@k is 0.09091, mrr is 0.16667
---- item 451: map is 0.14325, precision@k is 0.18182, mrr is 0.25000
---- item 501: map is 0.08861, precision@k is 0.09091, mrr is 0.25000
---- item 551: map is 0.11525, precision@k is 0.09091, mrr is 0.33333
---- item 601: map is 0.13185, precision@k is 0.09091, mrr is 0.25000
---- item 651: map is 0.30218, precision@k is 0.18182, mrr is 0.50000
---- item 701: map is 0.08601, precision@k is 0.09091, mrr is 0.16667
[Stat]CTM model, Interpolation mode item tagging: Precision@K is 0.12280, MAP is: 0.16580, MRR is: 0.34925, in top 10 tags
244 users are loaded from /home/ll5fy/TUIR/dataset/yelp/byUser_70k_review/5foldsCVColdstart/1/...
260 users are loaded from /home/ll5fy/TUIR/dataset/yelp/byUser_70k_review/5foldsCVColdstart/0/...
266 users are loaded from /home/ll5fy/TUIR/dataset/yelp/byUser_70k_review/5foldsCVColdstart/2/...
264 users are loaded from /home/ll5fy/TUIR/dataset/yelp/byUser_70k_review/5foldsCVColdstart/3/...
256 users are loaded from /home/ll5fy/TUIR/dataset/yelp/byUser_70k_review/5foldsCVColdstart/4/...
[Info]Finish loading 732 items' weights in total 156639 items!
[Info]Begin tagging 732 items with CTM Interpolation............
---- item 1: map is 0.67040, precision@k is 0.18182, mrr is 1.00000
---- item 51: map is 0.38655, precision@k is 0.09091, mrr is 1.00000
---- item 101: map is 0.18256, precision@k is 0.09091, mrr is 0.50000
---- item 151: map is 0.42125, precision@k is 0.18182, mrr is 1.00000
---- item 201: map is 1.00000, precision@k is 1.00000, mrr is 1.00000
---- item 251: map is 0.53030, precision@k is 0.09091, mrr is 1.00000
---- item 301: map is 0.40283, precision@k is 0.18182, mrr is 1.00000
---- item 351: map is 0.25704, precision@k is 0.09091, mrr is 0.50000
---- item 401: map is 0.34096, precision@k is 0.09091, mrr is 1.00000
---- item 451: map is 0.27461, precision@k is 0.18182, mrr is 1.00000
---- item 501: map is 0.06250, precision@k is 0.00000, mrr is 0.06250
---- item 551: map is 0.00418, precision@k is 0.00000, mrr is 0.00280
---- item 601: map is 0.01786, precision@k is 0.00000, mrr is 0.02381
---- item 651: map is 0.17982, precision@k is 0.09091, mrr is 0.50000
---- item 701: map is 0.41479, precision@k is 0.18182, mrr is 1.00000
[Stat]CTM model, Interpolation mode item tagging: Precision@K is 0.19186, MAP is: 0.37036, MRR is: 0.76589, in top 10 tags
266 users are loaded from /home/ll5fy/TUIR/dataset/yelp/byUser_70k_review/5foldsCVColdstart/2/...
260 users are loaded from /home/ll5fy/TUIR/dataset/yelp/byUser_70k_review/5foldsCVColdstart/0/...
244 users are loaded from /home/ll5fy/TUIR/dataset/yelp/byUser_70k_review/5foldsCVColdstart/1/...
264 users are loaded from /home/ll5fy/TUIR/dataset/yelp/byUser_70k_review/5foldsCVColdstart/3/...
256 users are loaded from /home/ll5fy/TUIR/dataset/yelp/byUser_70k_review/5foldsCVColdstart/4/...
[Info]Finish loading 702 items' weights in total 156639 items!
[Info]Begin tagging 702 items with CTM Interpolation............
---- item 1: map is 0.37772, precision@k is 0.09091, mrr is 1.00000
---- item 51: map is 0.25950, precision@k is 0.18182, mrr is 0.50000
---- item 101: map is 0.01076, precision@k is 0.00000, mrr is 0.01099
---- item 151: map is 0.30507, precision@k is 0.18182, mrr is 0.50000
---- item 201: map is 0.19899, precision@k is 0.18182, mrr is 1.00000
---- item 251: map is 0.24905, precision@k is 0.27273, mrr is 0.50000
---- item 301: map is 0.19037, precision@k is 0.09091, mrr is 0.50000
---- item 351: map is 0.34654, precision@k is 0.09091, mrr is 1.00000
---- item 401: map is 0.41482, precision@k is 0.27273, mrr is 1.00000
---- item 451: map is 0.69345, precision@k is 0.27273, mrr is 1.00000
---- item 501: map is 0.20877, precision@k is 0.18182, mrr is 0.50000
---- item 551: map is 0.29963, precision@k is 0.09091, mrr is 1.00000
---- item 601: map is 0.31370, precision@k is 0.27273, mrr is 0.50000
---- item 651: map is 0.39912, precision@k is 0.09091, mrr is 1.00000
---- item 701: map is 0.41667, precision@k is 0.50000, mrr is 0.33333
[Stat]CTM model, Interpolation mode item tagging: Precision@K is 0.20115, MAP is: 0.36867, MRR is: 0.72689, in top 10 tags
264 users are loaded from /home/ll5fy/TUIR/dataset/yelp/byUser_70k_review/5foldsCVColdstart/3/...
260 users are loaded from /home/ll5fy/TUIR/dataset/yelp/byUser_70k_review/5foldsCVColdstart/0/...
244 users are loaded from /home/ll5fy/TUIR/dataset/yelp/byUser_70k_review/5foldsCVColdstart/1/...
266 users are loaded from /home/ll5fy/TUIR/dataset/yelp/byUser_70k_review/5foldsCVColdstart/2/...
256 users are loaded from /home/ll5fy/TUIR/dataset/yelp/byUser_70k_review/5foldsCVColdstart/4/...
[Info]Finish loading 717 items' weights in total 156639 items!
[Info]Begin tagging 717 items with CTM Interpolation............
---- item 1: map is 0.67766, precision@k is 0.18182, mrr is 1.00000
---- item 51: map is 0.38056, precision@k is 0.09091, mrr is 1.00000
---- item 101: map is 0.16071, precision@k is 0.09091, mrr is 0.25000
---- item 151: map is 0.10885, precision@k is 0.09091, mrr is 0.20000
---- item 201: map is 0.20490, precision@k is 0.18182, mrr is 0.50000
---- item 251: map is 0.25286, precision@k is 0.09091, mrr is 0.50000
---- item 301: map is 0.27010, precision@k is 0.18182, mrr is 0.50000
---- item 351: map is 0.02640, precision@k is 0.00000, mrr is 0.02326
---- item 401: map is 0.00712, precision@k is 0.00000, mrr is 0.00633
---- item 451: map is 0.51786, precision@k is 0.09091, mrr is 1.00000
---- item 501: map is 1.00000, precision@k is 1.00000, mrr is 1.00000
---- item 551: map is 0.67016, precision@k is 0.18182, mrr is 1.00000
---- item 601: map is 0.34271, precision@k is 0.09091, mrr is 1.00000
---- item 651: map is 0.20278, precision@k is 0.18182, mrr is 0.50000
---- item 701: map is 0.09268, precision@k is 0.09091, mrr is 0.20000
[Stat]CTM model, Interpolation mode item tagging: Precision@K is 0.20676, MAP is: 0.37501, MRR is: 0.72984, in top 10 tags
256 users are loaded from /home/ll5fy/TUIR/dataset/yelp/byUser_70k_review/5foldsCVColdstart/4/...
260 users are loaded from /home/ll5fy/TUIR/dataset/yelp/byUser_70k_review/5foldsCVColdstart/0/...
244 users are loaded from /home/ll5fy/TUIR/dataset/yelp/byUser_70k_review/5foldsCVColdstart/1/...
266 users are loaded from /home/ll5fy/TUIR/dataset/yelp/byUser_70k_review/5foldsCVColdstart/2/...
264 users are loaded from /home/ll5fy/TUIR/dataset/yelp/byUser_70k_review/5foldsCVColdstart/3/...
[Info]Finish loading 726 items' weights in total 156639 items!
[Info]Begin tagging 726 items with CTM Interpolation............
---- item 1: map is 0.66971, precision@k is 0.18182, mrr is 1.00000
---- item 51: map is 0.22274, precision@k is 0.09091, mrr is 1.00000
---- item 101: map is 0.59722, precision@k is 0.18182, mrr is 1.00000
---- item 151: map is 0.34912, precision@k is 0.09091, mrr is 1.00000
---- item 201: map is 0.83333, precision@k is 0.66667, mrr is 1.00000
---- item 251: map is 0.34943, precision@k is 0.09091, mrr is 1.00000
---- item 301: map is 0.39676, precision@k is 0.09091, mrr is 1.00000
---- item 351: map is 1.00000, precision@k is 1.00000, mrr is 1.00000
---- item 401: map is 0.35572, precision@k is 0.09091, mrr is 1.00000
---- item 451: map is 0.18455, precision@k is 0.09091, mrr is 0.50000
---- item 501: map is 0.52330, precision@k is 0.18182, mrr is 1.00000
---- item 551: map is 0.52073, precision@k is 0.18182, mrr is 1.00000
---- item 601: map is 0.36818, precision@k is 0.18182, mrr is 0.50000
---- item 651: map is 0.52703, precision@k is 0.18182, mrr is 1.00000
---- item 701: map is 0.50888, precision@k is 0.18182, mrr is 1.00000
[Stat]CTM model, Interpolation mode item tagging: Precision@K is 0.21990, MAP is: 0.38177, MRR is: 0.71558, in top 10 tags

[Stat]Running time (seconds) 305.43300
[Stat]MAP 0.332+/-0.083
[Stat]MRR 0.657+/-0.155
[Stat]Precision 0.188+/-0.034
