Load 6134 2-gram new features from /home/ll5fy/TUIR/dataset/yelp/yelp_features.txt...
Load 6134 2-gram new features from /home/ll5fy/TUIR/dataset/yelp/yelp_features.txt...
[Info]Start FIXED cross validation...
[Info]Load 553 tags, with 6134 features.
260 users are loaded from /home/ll5fy/TUIR/dataset/yelp/byUser_70k_review/5foldsCVColdstart/0/...
244 users are loaded from /home/ll5fy/TUIR/dataset/yelp/byUser_70k_review/5foldsCVColdstart/1/...
266 users are loaded from /home/ll5fy/TUIR/dataset/yelp/byUser_70k_review/5foldsCVColdstart/2/...
264 users are loaded from /home/ll5fy/TUIR/dataset/yelp/byUser_70k_review/5foldsCVColdstart/3/...
256 users are loaded from /home/ll5fy/TUIR/dataset/yelp/byUser_70k_review/5foldsCVColdstart/4/...
[Info]Finish loading 722 items' weights in total 156639 items!
[Info]Begin tagging 722 items with LDA_Item Interpolation............
---- item 1: map is 0.50680, precision@k is 0.18182, mrr is 1.00000
---- item 51: map is 0.25188, precision@k is 0.09091, mrr is 0.50000
---- item 101: map is 0.83333, precision@k is 0.66667, mrr is 1.00000
---- item 151: map is 0.14263, precision@k is 0.09091, mrr is 0.33333
---- item 201: map is 0.36066, precision@k is 0.18182, mrr is 1.00000
---- item 251: map is 0.83333, precision@k is 0.66667, mrr is 1.00000
---- item 301: map is 0.06991, precision@k is 0.09091, mrr is 0.12500
---- item 351: map is 0.34103, precision@k is 0.18182, mrr is 1.00000
---- item 401: map is 0.31232, precision@k is 0.09091, mrr is 1.00000
---- item 451: map is 0.57760, precision@k is 0.27273, mrr is 1.00000
---- item 501: map is 0.17341, precision@k is 0.09091, mrr is 0.50000
---- item 551: map is 0.66978, precision@k is 0.18182, mrr is 1.00000
---- item 601: map is 0.41667, precision@k is 0.33333, mrr is 0.50000
---- item 651: map is 0.25271, precision@k is 0.18182, mrr is 0.50000
---- item 701: map is 0.66667, precision@k is 0.33333, mrr is 1.00000
[Stat]LDA_Item model, Interpolation mode item tagging: Precision@K is 0.19155, MAP is: 0.32036, MRR is: 0.61815, in top 10 tags
244 users are loaded from /home/ll5fy/TUIR/dataset/yelp/byUser_70k_review/5foldsCVColdstart/1/...
260 users are loaded from /home/ll5fy/TUIR/dataset/yelp/byUser_70k_review/5foldsCVColdstart/0/...
266 users are loaded from /home/ll5fy/TUIR/dataset/yelp/byUser_70k_review/5foldsCVColdstart/2/...
264 users are loaded from /home/ll5fy/TUIR/dataset/yelp/byUser_70k_review/5foldsCVColdstart/3/...
256 users are loaded from /home/ll5fy/TUIR/dataset/yelp/byUser_70k_review/5foldsCVColdstart/4/...
[Info]Finish loading 732 items' weights in total 156639 items!
[Info]Begin tagging 732 items with LDA_Item Interpolation............
---- item 1: map is 0.68037, precision@k is 0.18182, mrr is 1.00000
---- item 51: map is 0.38404, precision@k is 0.09091, mrr is 1.00000
---- item 101: map is 0.10726, precision@k is 0.09091, mrr is 0.20000
---- item 151: map is 0.37094, precision@k is 0.18182, mrr is 1.00000
---- item 201: map is 0.83333, precision@k is 0.66667, mrr is 1.00000
---- item 251: map is 0.32692, precision@k is 0.09091, mrr is 0.50000
---- item 301: map is 0.44717, precision@k is 0.18182, mrr is 1.00000
---- item 351: map is 0.22222, precision@k is 0.09091, mrr is 0.33333
---- item 401: map is 0.12317, precision@k is 0.09091, mrr is 0.33333
---- item 451: map is 0.27495, precision@k is 0.18182, mrr is 1.00000
---- item 501: map is 0.50000, precision@k is 0.50000, mrr is 0.50000
---- item 551: map is 0.00428, precision@k is 0.00000, mrr is 0.00261
---- item 601: map is 0.02768, precision@k is 0.00000, mrr is 0.02632
---- item 651: map is 0.31695, precision@k is 0.18182, mrr is 0.50000
---- item 701: map is 0.41621, precision@k is 0.18182, mrr is 1.00000
[Stat]LDA_Item model, Interpolation mode item tagging: Precision@K is 0.21898, MAP is: 0.37503, MRR is: 0.68740, in top 10 tags
266 users are loaded from /home/ll5fy/TUIR/dataset/yelp/byUser_70k_review/5foldsCVColdstart/2/...
260 users are loaded from /home/ll5fy/TUIR/dataset/yelp/byUser_70k_review/5foldsCVColdstart/0/...
244 users are loaded from /home/ll5fy/TUIR/dataset/yelp/byUser_70k_review/5foldsCVColdstart/1/...
264 users are loaded from /home/ll5fy/TUIR/dataset/yelp/byUser_70k_review/5foldsCVColdstart/3/...
256 users are loaded from /home/ll5fy/TUIR/dataset/yelp/byUser_70k_review/5foldsCVColdstart/4/...
[Info]Finish loading 702 items' weights in total 156639 items!
[Info]Begin tagging 702 items with LDA_Item Interpolation............
---- item 1: map is 0.55875, precision@k is 0.18182, mrr is 1.00000
---- item 51: map is 0.36593, precision@k is 0.27273, mrr is 0.50000
---- item 101: map is 0.50588, precision@k is 0.09091, mrr is 1.00000
---- item 151: map is 0.23666, precision@k is 0.18182, mrr is 0.50000
---- item 201: map is 0.18865, precision@k is 0.09091, mrr is 1.00000
---- item 251: map is 0.24789, precision@k is 0.27273, mrr is 0.50000
---- item 301: map is 0.14729, precision@k is 0.18182, mrr is 0.16667
---- item 351: map is 0.40709, precision@k is 0.18182, mrr is 1.00000
---- item 401: map is 0.50707, precision@k is 0.27273, mrr is 1.00000
---- item 451: map is 0.65368, precision@k is 0.27273, mrr is 1.00000
---- item 501: map is 0.34725, precision@k is 0.27273, mrr is 0.50000
---- item 551: map is 0.52702, precision@k is 0.27273, mrr is 1.00000
---- item 601: map is 0.25464, precision@k is 0.27273, mrr is 0.33333
---- item 651: map is 0.40526, precision@k is 0.18182, mrr is 1.00000
---- item 701: map is 0.33333, precision@k is 0.33333, mrr is 0.33333
[Stat]LDA_Item model, Interpolation mode item tagging: Precision@K is 0.22335, MAP is: 0.37169, MRR is: 0.66054, in top 10 tags
264 users are loaded from /home/ll5fy/TUIR/dataset/yelp/byUser_70k_review/5foldsCVColdstart/3/...
260 users are loaded from /home/ll5fy/TUIR/dataset/yelp/byUser_70k_review/5foldsCVColdstart/0/...
244 users are loaded from /home/ll5fy/TUIR/dataset/yelp/byUser_70k_review/5foldsCVColdstart/1/...
266 users are loaded from /home/ll5fy/TUIR/dataset/yelp/byUser_70k_review/5foldsCVColdstart/2/...
256 users are loaded from /home/ll5fy/TUIR/dataset/yelp/byUser_70k_review/5foldsCVColdstart/4/...
[Info]Finish loading 717 items' weights in total 156639 items!
[Info]Begin tagging 717 items with LDA_Item Interpolation............
---- item 1: map is 0.56556, precision@k is 0.18182, mrr is 1.00000
---- item 51: map is 0.55946, precision@k is 0.18182, mrr is 1.00000
---- item 101: map is 0.22619, precision@k is 0.28571, mrr is 0.16667
---- item 151: map is 0.08970, precision@k is 0.09091, mrr is 0.16667
---- item 201: map is 0.34611, precision@k is 0.27273, mrr is 0.50000
---- item 251: map is 0.07398, precision@k is 0.09091, mrr is 0.14286
---- item 301: map is 0.28272, precision@k is 0.18182, mrr is 0.33333
---- item 351: map is 0.02678, precision@k is 0.00000, mrr is 0.03333
---- item 401: map is 0.00709, precision@k is 0.00000, mrr is 0.00505
---- item 451: map is 0.75000, precision@k is 0.50000, mrr is 1.00000
---- item 501: map is 1.00000, precision@k is 1.00000, mrr is 1.00000
---- item 551: map is 0.67098, precision@k is 0.18182, mrr is 1.00000
---- item 601: map is 0.05535, precision@k is 0.09091, mrr is 0.14286
---- item 651: map is 0.34619, precision@k is 0.27273, mrr is 0.50000
---- item 701: map is 0.42619, precision@k is 0.36364, mrr is 1.00000
[Stat]LDA_Item model, Interpolation mode item tagging: Precision@K is 0.23135, MAP is: 0.37554, MRR is: 0.66596, in top 10 tags
256 users are loaded from /home/ll5fy/TUIR/dataset/yelp/byUser_70k_review/5foldsCVColdstart/4/...
260 users are loaded from /home/ll5fy/TUIR/dataset/yelp/byUser_70k_review/5foldsCVColdstart/0/...
244 users are loaded from /home/ll5fy/TUIR/dataset/yelp/byUser_70k_review/5foldsCVColdstart/1/...
266 users are loaded from /home/ll5fy/TUIR/dataset/yelp/byUser_70k_review/5foldsCVColdstart/2/...
264 users are loaded from /home/ll5fy/TUIR/dataset/yelp/byUser_70k_review/5foldsCVColdstart/3/...
[Info]Finish loading 726 items' weights in total 156639 items!
[Info]Begin tagging 726 items with LDA_Item Interpolation............
---- item 1: map is 0.57143, precision@k is 0.18182, mrr is 1.00000
---- item 51: map is 0.22791, precision@k is 0.09091, mrr is 1.00000
---- item 101: map is 0.44780, precision@k is 0.18182, mrr is 1.00000
---- item 151: map is 0.12400, precision@k is 0.09091, mrr is 0.33333
---- item 201: map is 0.70000, precision@k is 0.40000, mrr is 1.00000
---- item 251: map is 0.34628, precision@k is 0.09091, mrr is 1.00000
---- item 301: map is 0.41939, precision@k is 0.18182, mrr is 1.00000
---- item 351: map is 1.00000, precision@k is 1.00000, mrr is 1.00000
---- item 401: map is 0.38587, precision@k is 0.09091, mrr is 1.00000
---- item 451: map is 0.16285, precision@k is 0.09091, mrr is 0.33333
---- item 501: map is 0.63929, precision@k is 0.27273, mrr is 1.00000
---- item 551: map is 0.52569, precision@k is 0.27273, mrr is 1.00000
---- item 601: map is 0.44369, precision@k is 0.27273, mrr is 0.50000
---- item 651: map is 0.64286, precision@k is 0.42857, mrr is 1.00000
---- item 701: map is 0.50944, precision@k is 0.18182, mrr is 1.00000
[Stat]LDA_Item model, Interpolation mode item tagging: Precision@K is 0.22744, MAP is: 0.37515, MRR is: 0.66416, in top 10 tags

[Stat]Running time (seconds) 312.03700
[Stat]MAP 0.364+/-0.022
[Stat]MRR 0.659+/-0.023
[Stat]Precision 0.219+/-0.014
