Load 6134 2-gram new features from /home/ll5fy/TUIR/dataset/yelp/yelp_features.txt...
Load 6134 2-gram new features from /home/ll5fy/TUIR/dataset/yelp/yelp_features.txt...
[Info]Start FIXED cross validation...
[Info]Load 553 tags, with 6134 features.
260 users are loaded from /home/ll5fy/TUIR/dataset/yelp/byUser_70k_review/5foldsCVColdstart/0/...
244 users are loaded from /home/ll5fy/TUIR/dataset/yelp/byUser_70k_review/5foldsCVColdstart/1/...
266 users are loaded from /home/ll5fy/TUIR/dataset/yelp/byUser_70k_review/5foldsCVColdstart/2/...
264 users are loaded from /home/ll5fy/TUIR/dataset/yelp/byUser_70k_review/5foldsCVColdstart/3/...
256 users are loaded from /home/ll5fy/TUIR/dataset/yelp/byUser_70k_review/5foldsCVColdstart/4/...
[Info]Finish loading 861 items' weights in total 156639 items!
[Info]Begin tagging 861 items with ETBIR Interpolation............
---- item 1: map is 0.35146, precision@k is 0.09091, mrr is 1.00000
---- item 51: map is 0.54908, precision@k is 0.18182, mrr is 1.00000
---- item 101: map is 1.00000, precision@k is 1.00000, mrr is 1.00000
---- item 151: map is 0.36976, precision@k is 0.09091, mrr is 1.00000
---- item 201: map is 0.34337, precision@k is 0.09091, mrr is 1.00000
---- item 251: map is 0.04960, precision@k is 0.00000, mrr is 0.08333
---- item 301: map is 0.50457, precision@k is 0.18182, mrr is 1.00000
---- item 351: map is 0.52326, precision@k is 0.09091, mrr is 1.00000
---- item 401: map is 0.12966, precision@k is 0.09091, mrr is 0.50000
---- item 451: map is 0.59402, precision@k is 0.18182, mrr is 1.00000
---- item 501: map is 0.34613, precision@k is 0.09091, mrr is 1.00000
---- item 551: map is 1.00000, precision@k is 1.00000, mrr is 1.00000
---- item 601: map is 0.02546, precision@k is 0.00000, mrr is 0.01754
---- item 651: map is 0.03966, precision@k is 0.09091, mrr is 0.12500
---- item 701: map is 0.34104, precision@k is 0.09091, mrr is 1.00000
---- item 751: map is 0.00437, precision@k is 0.00000, mrr is 0.00303
---- item 801: map is 0.36424, precision@k is 0.09091, mrr is 1.00000
---- item 851: map is 0.08626, precision@k is 0.09091, mrr is 0.25000
[Stat]ETBIR model, Interpolation mode item tagging: Precision@K is 0.18773, MAP is: 0.36270, MRR is: 0.74949, in top 10 tags
244 users are loaded from /home/ll5fy/TUIR/dataset/yelp/byUser_70k_review/5foldsCVColdstart/1/...
260 users are loaded from /home/ll5fy/TUIR/dataset/yelp/byUser_70k_review/5foldsCVColdstart/0/...
266 users are loaded from /home/ll5fy/TUIR/dataset/yelp/byUser_70k_review/5foldsCVColdstart/2/...
264 users are loaded from /home/ll5fy/TUIR/dataset/yelp/byUser_70k_review/5foldsCVColdstart/3/...
256 users are loaded from /home/ll5fy/TUIR/dataset/yelp/byUser_70k_review/5foldsCVColdstart/4/...
[Info]Finish loading 861 items' weights in total 156639 items!
[Info]Begin tagging 861 items with ETBIR Interpolation............
---- item 1: map is 0.34915, precision@k is 0.09091, mrr is 1.00000
---- item 51: map is 0.52781, precision@k is 0.18182, mrr is 1.00000
---- item 101: map is 0.83333, precision@k is 0.66667, mrr is 1.00000
---- item 151: map is 0.20017, precision@k is 0.09091, mrr is 0.50000
---- item 201: map is 0.34324, precision@k is 0.09091, mrr is 1.00000
---- item 251: map is 0.13676, precision@k is 0.09091, mrr is 0.25000
---- item 301: map is 0.50519, precision@k is 0.18182, mrr is 1.00000
---- item 351: map is 0.52778, precision@k is 0.09091, mrr is 1.00000
---- item 401: map is 0.23144, precision@k is 0.18182, mrr is 0.50000
---- item 451: map is 0.60101, precision@k is 0.18182, mrr is 1.00000
---- item 501: map is 0.34745, precision@k is 0.09091, mrr is 1.00000
---- item 551: map is 1.00000, precision@k is 1.00000, mrr is 1.00000
---- item 601: map is 0.43661, precision@k is 0.18182, mrr is 1.00000
---- item 651: map is 0.03138, precision@k is 0.00000, mrr is 0.07143
---- item 701: map is 0.17511, precision@k is 0.09091, mrr is 0.50000
---- item 751: map is 0.00453, precision@k is 0.00000, mrr is 0.00288
---- item 801: map is 0.35414, precision@k is 0.09091, mrr is 1.00000
---- item 851: map is 0.08311, precision@k is 0.09091, mrr is 0.25000
[Stat]ETBIR model, Interpolation mode item tagging: Precision@K is 0.21661, MAP is: 0.38287, MRR is: 0.73196, in top 10 tags
266 users are loaded from /home/ll5fy/TUIR/dataset/yelp/byUser_70k_review/5foldsCVColdstart/2/...
260 users are loaded from /home/ll5fy/TUIR/dataset/yelp/byUser_70k_review/5foldsCVColdstart/0/...
244 users are loaded from /home/ll5fy/TUIR/dataset/yelp/byUser_70k_review/5foldsCVColdstart/1/...
264 users are loaded from /home/ll5fy/TUIR/dataset/yelp/byUser_70k_review/5foldsCVColdstart/3/...
256 users are loaded from /home/ll5fy/TUIR/dataset/yelp/byUser_70k_review/5foldsCVColdstart/4/...
[Info]Finish loading 861 items' weights in total 156639 items!
[Info]Begin tagging 861 items with ETBIR Interpolation............
---- item 1: map is 0.37224, precision@k is 0.09091, mrr is 1.00000
---- item 51: map is 0.48856, precision@k is 0.18182, mrr is 1.00000
---- item 101: map is 0.83333, precision@k is 0.66667, mrr is 1.00000
---- item 151: map is 0.24804, precision@k is 0.18182, mrr is 0.50000
---- item 201: map is 0.34337, precision@k is 0.09091, mrr is 1.00000
---- item 251: map is 0.14113, precision@k is 0.09091, mrr is 0.25000
---- item 301: map is 0.50467, precision@k is 0.18182, mrr is 1.00000
---- item 351: map is 0.53571, precision@k is 0.09091, mrr is 1.00000
---- item 401: map is 0.27837, precision@k is 0.27273, mrr is 0.50000
---- item 451: map is 0.59722, precision@k is 0.18182, mrr is 1.00000
---- item 501: map is 0.34671, precision@k is 0.09091, mrr is 1.00000
---- item 551: map is 1.00000, precision@k is 1.00000, mrr is 1.00000
---- item 601: map is 0.43673, precision@k is 0.18182, mrr is 1.00000
---- item 651: map is 0.02789, precision@k is 0.00000, mrr is 0.06667
---- item 701: map is 0.17495, precision@k is 0.09091, mrr is 0.50000
---- item 751: map is 0.00454, precision@k is 0.00000, mrr is 0.00294
---- item 801: map is 0.39518, precision@k is 0.09091, mrr is 1.00000
---- item 851: map is 0.10114, precision@k is 0.09091, mrr is 0.33333
[Stat]ETBIR model, Interpolation mode item tagging: Precision@K is 0.22198, MAP is: 0.38025, MRR is: 0.70671, in top 10 tags
264 users are loaded from /home/ll5fy/TUIR/dataset/yelp/byUser_70k_review/5foldsCVColdstart/3/...
260 users are loaded from /home/ll5fy/TUIR/dataset/yelp/byUser_70k_review/5foldsCVColdstart/0/...
244 users are loaded from /home/ll5fy/TUIR/dataset/yelp/byUser_70k_review/5foldsCVColdstart/1/...
266 users are loaded from /home/ll5fy/TUIR/dataset/yelp/byUser_70k_review/5foldsCVColdstart/2/...
256 users are loaded from /home/ll5fy/TUIR/dataset/yelp/byUser_70k_review/5foldsCVColdstart/4/...
[Info]Finish loading 861 items' weights in total 156639 items!
[Info]Begin tagging 861 items with ETBIR Interpolation............
---- item 1: map is 0.43057, precision@k is 0.18182, mrr is 1.00000
---- item 51: map is 0.42206, precision@k is 0.18182, mrr is 1.00000
---- item 101: map is 0.83333, precision@k is 0.66667, mrr is 1.00000
---- item 151: map is 0.23384, precision@k is 0.09091, mrr is 0.50000
---- item 201: map is 0.34423, precision@k is 0.09091, mrr is 1.00000
---- item 251: map is 0.50719, precision@k is 0.09091, mrr is 1.00000
---- item 301: map is 0.50445, precision@k is 0.18182, mrr is 1.00000
---- item 351: map is 0.64286, precision@k is 0.28571, mrr is 1.00000
---- item 401: map is 0.32459, precision@k is 0.27273, mrr is 0.50000
---- item 451: map is 0.48590, precision@k is 0.18182, mrr is 1.00000
---- item 501: map is 0.34626, precision@k is 0.09091, mrr is 1.00000
---- item 551: map is 0.83333, precision@k is 0.66667, mrr is 1.00000
---- item 601: map is 0.43404, precision@k is 0.18182, mrr is 1.00000
---- item 651: map is 0.03158, precision@k is 0.00000, mrr is 0.06667
---- item 701: map is 0.17780, precision@k is 0.09091, mrr is 0.50000
---- item 751: map is 0.00446, precision@k is 0.00000, mrr is 0.00282
---- item 801: map is 0.38831, precision@k is 0.09091, mrr is 1.00000
---- item 851: map is 0.09736, precision@k is 0.09091, mrr is 0.33333
[Stat]ETBIR model, Interpolation mode item tagging: Precision@K is 0.22327, MAP is: 0.37961, MRR is: 0.69512, in top 10 tags
256 users are loaded from /home/ll5fy/TUIR/dataset/yelp/byUser_70k_review/5foldsCVColdstart/4/...
260 users are loaded from /home/ll5fy/TUIR/dataset/yelp/byUser_70k_review/5foldsCVColdstart/0/...
244 users are loaded from /home/ll5fy/TUIR/dataset/yelp/byUser_70k_review/5foldsCVColdstart/1/...
266 users are loaded from /home/ll5fy/TUIR/dataset/yelp/byUser_70k_review/5foldsCVColdstart/2/...
264 users are loaded from /home/ll5fy/TUIR/dataset/yelp/byUser_70k_review/5foldsCVColdstart/3/...
[Info]Finish loading 861 items' weights in total 156639 items!
[Info]Begin tagging 861 items with ETBIR Interpolation............
---- item 1: map is 0.64881, precision@k is 0.50000, mrr is 1.00000
---- item 51: map is 0.45109, precision@k is 0.18182, mrr is 1.00000
---- item 101: map is 0.83333, precision@k is 0.66667, mrr is 1.00000
---- item 151: map is 0.62039, precision@k is 0.27273, mrr is 1.00000
---- item 201: map is 0.34394, precision@k is 0.09091, mrr is 1.00000
---- item 251: map is 0.14826, precision@k is 0.09091, mrr is 0.25000
---- item 301: map is 0.50492, precision@k is 0.18182, mrr is 1.00000
---- item 351: map is 0.61111, precision@k is 0.22222, mrr is 1.00000
---- item 401: map is 0.35033, precision@k is 0.27273, mrr is 0.50000
---- item 451: map is 0.45796, precision@k is 0.18182, mrr is 1.00000
---- item 501: map is 0.34593, precision@k is 0.09091, mrr is 1.00000
---- item 551: map is 0.75000, precision@k is 0.50000, mrr is 1.00000
---- item 601: map is 0.43621, precision@k is 0.18182, mrr is 1.00000
---- item 651: map is 0.02933, precision@k is 0.00000, mrr is 0.06250
---- item 701: map is 0.17573, precision@k is 0.09091, mrr is 0.50000
---- item 751: map is 0.00431, precision@k is 0.00000, mrr is 0.00282
---- item 801: map is 0.37312, precision@k is 0.09091, mrr is 1.00000
---- item 851: map is 0.10612, precision@k is 0.09091, mrr is 0.33333
[Stat]ETBIR model, Interpolation mode item tagging: Precision@K is 0.22390, MAP is: 0.37945, MRR is: 0.69023, in top 10 tags

[Stat]Running time (seconds) 366.32000
[Stat]MAP 0.377+/-0.007
[Stat]MRR 0.715+/-0.023
[Stat]Precision 0.215+/-0.014
