Load 6134 2-gram new features from /home/ll5fy/TUIR/dataset/yelp/yelp_features.txt...
Load 6134 2-gram new features from /home/ll5fy/TUIR/dataset/yelp/yelp_features.txt...
[Info]Start FIXED cross validation...
[Info]Load 553 tags, with 6134 features.
260 users are loaded from /home/ll5fy/TUIR/dataset/yelp/byUser_70k_review/5foldsCVColdstart/0/...
244 users are loaded from /home/ll5fy/TUIR/dataset/yelp/byUser_70k_review/5foldsCVColdstart/1/...
266 users are loaded from /home/ll5fy/TUIR/dataset/yelp/byUser_70k_review/5foldsCVColdstart/2/...
264 users are loaded from /home/ll5fy/TUIR/dataset/yelp/byUser_70k_review/5foldsCVColdstart/3/...
256 users are loaded from /home/ll5fy/TUIR/dataset/yelp/byUser_70k_review/5foldsCVColdstart/4/...
[Info]Finish loading 722 items' weights in total 156639 items!
[Info]Begin tagging 722 items with CTM Interpolation............
---- item 1: map is 0.30321, precision@k is 0.18182, mrr is 0.50000
---- item 51: map is 0.12690, precision@k is 0.09091, mrr is 0.25000
---- item 101: map is 0.13038, precision@k is 0.09091, mrr is 0.25000
---- item 151: map is 0.09173, precision@k is 0.09091, mrr is 0.25000
---- item 201: map is 0.35493, precision@k is 0.18182, mrr is 1.00000
---- item 251: map is 0.70000, precision@k is 0.40000, mrr is 1.00000
---- item 301: map is 0.09019, precision@k is 0.09091, mrr is 0.25000
---- item 351: map is 0.35546, precision@k is 0.18182, mrr is 1.00000
---- item 401: map is 0.07991, precision@k is 0.09091, mrr is 0.25000
---- item 451: map is 0.07309, precision@k is 0.09091, mrr is 0.25000
---- item 501: map is 0.08752, precision@k is 0.09091, mrr is 0.25000
---- item 551: map is 0.09246, precision@k is 0.09091, mrr is 0.25000
---- item 601: map is 0.12912, precision@k is 0.09091, mrr is 0.25000
---- item 651: map is 0.28344, precision@k is 0.18182, mrr is 0.50000
---- item 701: map is 0.13587, precision@k is 0.09091, mrr is 0.25000
[Stat]CTM model, Interpolation mode item tagging: Precision@K is 0.10280, MAP is: 0.13120, MRR is: 0.28347, in top 10 tags
244 users are loaded from /home/ll5fy/TUIR/dataset/yelp/byUser_70k_review/5foldsCVColdstart/1/...
260 users are loaded from /home/ll5fy/TUIR/dataset/yelp/byUser_70k_review/5foldsCVColdstart/0/...
266 users are loaded from /home/ll5fy/TUIR/dataset/yelp/byUser_70k_review/5foldsCVColdstart/2/...
264 users are loaded from /home/ll5fy/TUIR/dataset/yelp/byUser_70k_review/5foldsCVColdstart/3/...
256 users are loaded from /home/ll5fy/TUIR/dataset/yelp/byUser_70k_review/5foldsCVColdstart/4/...
[Info]Finish loading 732 items' weights in total 156639 items!
[Info]Begin tagging 732 items with CTM Interpolation............
---- item 1: map is 0.67103, precision@k is 0.18182, mrr is 1.00000
---- item 51: map is 0.34682, precision@k is 0.09091, mrr is 1.00000
---- item 101: map is 0.35052, precision@k is 0.09091, mrr is 1.00000
---- item 151: map is 0.42497, precision@k is 0.18182, mrr is 1.00000
---- item 201: map is 0.54000, precision@k is 0.09091, mrr is 1.00000
---- item 251: map is 0.52174, precision@k is 0.09091, mrr is 1.00000
---- item 301: map is 0.38378, precision@k is 0.09091, mrr is 1.00000
---- item 351: map is 0.50407, precision@k is 0.09091, mrr is 1.00000
---- item 401: map is 0.34141, precision@k is 0.09091, mrr is 1.00000
---- item 451: map is 0.25494, precision@k is 0.09091, mrr is 1.00000
---- item 501: map is 0.01075, precision@k is 0.00000, mrr is 0.01075
---- item 551: map is 0.00445, precision@k is 0.00000, mrr is 0.00279
---- item 601: map is 0.02104, precision@k is 0.00000, mrr is 0.03226
---- item 651: map is 0.17595, precision@k is 0.09091, mrr is 0.50000
---- item 701: map is 0.26099, precision@k is 0.18182, mrr is 1.00000
[Stat]CTM model, Interpolation mode item tagging: Precision@K is 0.14969, MAP is: 0.33946, MRR is: 0.77033, in top 10 tags
266 users are loaded from /home/ll5fy/TUIR/dataset/yelp/byUser_70k_review/5foldsCVColdstart/2/...
260 users are loaded from /home/ll5fy/TUIR/dataset/yelp/byUser_70k_review/5foldsCVColdstart/0/...
244 users are loaded from /home/ll5fy/TUIR/dataset/yelp/byUser_70k_review/5foldsCVColdstart/1/...
264 users are loaded from /home/ll5fy/TUIR/dataset/yelp/byUser_70k_review/5foldsCVColdstart/3/...
256 users are loaded from /home/ll5fy/TUIR/dataset/yelp/byUser_70k_review/5foldsCVColdstart/4/...
[Info]Finish loading 702 items' weights in total 156639 items!
[Info]Begin tagging 702 items with CTM Interpolation............
---- item 1: map is 0.35335, precision@k is 0.09091, mrr is 1.00000
---- item 51: map is 0.05166, precision@k is 0.00000, mrr is 0.07692
---- item 101: map is 0.00659, precision@k is 0.00000, mrr is 0.00543
---- item 151: map is 0.30486, precision@k is 0.18182, mrr is 0.50000
---- item 201: map is 0.18159, precision@k is 0.09091, mrr is 1.00000
---- item 251: map is 0.09712, precision@k is 0.09091, mrr is 0.33333
---- item 301: map is 0.36093, precision@k is 0.09091, mrr is 1.00000
---- item 351: map is 0.39156, precision@k is 0.09091, mrr is 1.00000
---- item 401: map is 0.37822, precision@k is 0.18182, mrr is 1.00000
---- item 451: map is 0.61267, precision@k is 0.27273, mrr is 1.00000
---- item 501: map is 0.04502, precision@k is 0.00000, mrr is 0.05263
---- item 551: map is 0.31186, precision@k is 0.09091, mrr is 1.00000
---- item 601: map is 0.15360, precision@k is 0.18182, mrr is 0.25000
---- item 651: map is 0.40541, precision@k is 0.18182, mrr is 1.00000
---- item 701: map is 0.30882, precision@k is 0.09091, mrr is 0.50000
[Stat]CTM model, Interpolation mode item tagging: Precision@K is 0.16604, MAP is: 0.34777, MRR is: 0.75512, in top 10 tags
264 users are loaded from /home/ll5fy/TUIR/dataset/yelp/byUser_70k_review/5foldsCVColdstart/3/...
260 users are loaded from /home/ll5fy/TUIR/dataset/yelp/byUser_70k_review/5foldsCVColdstart/0/...
244 users are loaded from /home/ll5fy/TUIR/dataset/yelp/byUser_70k_review/5foldsCVColdstart/1/...
266 users are loaded from /home/ll5fy/TUIR/dataset/yelp/byUser_70k_review/5foldsCVColdstart/2/...
256 users are loaded from /home/ll5fy/TUIR/dataset/yelp/byUser_70k_review/5foldsCVColdstart/4/...
[Info]Finish loading 717 items' weights in total 156639 items!
[Info]Begin tagging 717 items with CTM Interpolation............
---- item 1: map is 0.68627, precision@k is 0.18182, mrr is 1.00000
---- item 51: map is 0.35712, precision@k is 0.09091, mrr is 1.00000
---- item 101: map is 0.26695, precision@k is 0.09091, mrr is 0.50000
---- item 151: map is 0.25758, precision@k is 0.09091, mrr is 0.50000
---- item 201: map is 0.02985, precision@k is 0.00000, mrr is 0.03030
---- item 251: map is 0.25222, precision@k is 0.09091, mrr is 0.50000
---- item 301: map is 0.34219, precision@k is 0.09091, mrr is 1.00000
---- item 351: map is 0.02072, precision@k is 0.00000, mrr is 0.01961
---- item 401: map is 0.00855, precision@k is 0.00000, mrr is 0.00833
---- item 451: map is 0.52273, precision@k is 0.09091, mrr is 1.00000
---- item 501: map is 1.00000, precision@k is 1.00000, mrr is 1.00000
---- item 551: map is 0.34901, precision@k is 0.09091, mrr is 1.00000
---- item 601: map is 0.34218, precision@k is 0.09091, mrr is 1.00000
---- item 651: map is 0.03222, precision@k is 0.00000, mrr is 0.04762
---- item 701: map is 0.03089, precision@k is 0.00000, mrr is 0.02174
[Stat]CTM model, Interpolation mode item tagging: Precision@K is 0.16718, MAP is: 0.34808, MRR is: 0.75591, in top 10 tags
256 users are loaded from /home/ll5fy/TUIR/dataset/yelp/byUser_70k_review/5foldsCVColdstart/4/...
260 users are loaded from /home/ll5fy/TUIR/dataset/yelp/byUser_70k_review/5foldsCVColdstart/0/...
244 users are loaded from /home/ll5fy/TUIR/dataset/yelp/byUser_70k_review/5foldsCVColdstart/1/...
266 users are loaded from /home/ll5fy/TUIR/dataset/yelp/byUser_70k_review/5foldsCVColdstart/2/...
264 users are loaded from /home/ll5fy/TUIR/dataset/yelp/byUser_70k_review/5foldsCVColdstart/3/...
[Info]Finish loading 726 items' weights in total 156639 items!
[Info]Begin tagging 726 items with CTM Interpolation............
---- item 1: map is 0.67276, precision@k is 0.18182, mrr is 1.00000
---- item 51: map is 0.22727, precision@k is 0.09091, mrr is 1.00000
---- item 101: map is 0.37081, precision@k is 0.09091, mrr is 1.00000
---- item 151: map is 0.34750, precision@k is 0.09091, mrr is 1.00000
---- item 201: map is 1.00000, precision@k is 1.00000, mrr is 1.00000
---- item 251: map is 0.34738, precision@k is 0.09091, mrr is 1.00000
---- item 301: map is 0.43136, precision@k is 0.18182, mrr is 1.00000
---- item 351: map is 0.04167, precision@k is 0.00000, mrr is 0.04167
---- item 401: map is 0.36217, precision@k is 0.09091, mrr is 1.00000
---- item 451: map is 0.21639, precision@k is 0.09091, mrr is 0.50000
---- item 501: map is 0.52176, precision@k is 0.18182, mrr is 1.00000
---- item 551: map is 0.44438, precision@k is 0.18182, mrr is 1.00000
---- item 601: map is 0.43748, precision@k is 0.18182, mrr is 1.00000
---- item 651: map is 0.50962, precision@k is 0.18182, mrr is 1.00000
---- item 701: map is 0.50698, precision@k is 0.18182, mrr is 1.00000
[Stat]CTM model, Interpolation mode item tagging: Precision@K is 0.17635, MAP is: 0.35725, MRR is: 0.75736, in top 10 tags

[Stat]Running time (seconds) 305.52100
[Stat]MAP 0.305+/-0.087
[Stat]MRR 0.664+/-0.191
[Stat]Precision 0.152+/-0.026
