Load 6134 2-gram new features from /home/ll5fy/TUIR/dataset/yelp/yelp_features.txt...
Load 6134 2-gram new features from /home/ll5fy/TUIR/dataset/yelp/yelp_features.txt...
[Info]Start FIXED cross validation...
[Info]Load 553 tags, with 6134 features.
260 users are loaded from /home/ll5fy/TUIR/dataset/yelp/byUser_70k_review/5foldsCVColdstart/0/...
244 users are loaded from /home/ll5fy/TUIR/dataset/yelp/byUser_70k_review/5foldsCVColdstart/1/...
266 users are loaded from /home/ll5fy/TUIR/dataset/yelp/byUser_70k_review/5foldsCVColdstart/2/...
264 users are loaded from /home/ll5fy/TUIR/dataset/yelp/byUser_70k_review/5foldsCVColdstart/3/...
256 users are loaded from /home/ll5fy/TUIR/dataset/yelp/byUser_70k_review/5foldsCVColdstart/4/...
[Info]Finish loading 861 items' weights in total 156639 items!
[Info]Begin tagging 861 items with ETBIR_User Interpolation............
---- item 1: map is 0.34475, precision@k is 0.09091, mrr is 1.00000
---- item 51: map is 0.52932, precision@k is 0.18182, mrr is 1.00000
---- item 101: map is 1.00000, precision@k is 1.00000, mrr is 1.00000
---- item 151: map is 0.36111, precision@k is 0.09091, mrr is 1.00000
---- item 201: map is 0.34472, precision@k is 0.09091, mrr is 1.00000
---- item 251: map is 0.02071, precision@k is 0.00000, mrr is 0.02273
---- item 301: map is 0.26157, precision@k is 0.09091, mrr is 1.00000
---- item 351: map is 0.51370, precision@k is 0.09091, mrr is 1.00000
---- item 401: map is 0.09878, precision@k is 0.09091, mrr is 0.33333
---- item 451: map is 0.40115, precision@k is 0.09091, mrr is 1.00000
---- item 501: map is 0.02135, precision@k is 0.00000, mrr is 0.02273
---- item 551: map is 1.00000, precision@k is 1.00000, mrr is 1.00000
---- item 601: map is 0.02694, precision@k is 0.00000, mrr is 0.01961
---- item 651: map is 0.25991, precision@k is 0.09091, mrr is 1.00000
---- item 701: map is 0.34294, precision@k is 0.09091, mrr is 1.00000
---- item 751: map is 0.00457, precision@k is 0.00000, mrr is 0.00310
---- item 801: map is 0.34796, precision@k is 0.09091, mrr is 1.00000
---- item 851: map is 0.04782, precision@k is 0.09091, mrr is 0.10000
[Stat]ETBIR_User model, Interpolation mode item tagging: Precision@K is 0.15457, MAP is: 0.33881, MRR is: 0.77542, in top 10 tags
244 users are loaded from /home/ll5fy/TUIR/dataset/yelp/byUser_70k_review/5foldsCVColdstart/1/...
260 users are loaded from /home/ll5fy/TUIR/dataset/yelp/byUser_70k_review/5foldsCVColdstart/0/...
266 users are loaded from /home/ll5fy/TUIR/dataset/yelp/byUser_70k_review/5foldsCVColdstart/2/...
264 users are loaded from /home/ll5fy/TUIR/dataset/yelp/byUser_70k_review/5foldsCVColdstart/3/...
256 users are loaded from /home/ll5fy/TUIR/dataset/yelp/byUser_70k_review/5foldsCVColdstart/4/...
[Info]Finish loading 861 items' weights in total 156639 items!
[Info]Begin tagging 861 items with ETBIR_User Interpolation............
---- item 1: map is 0.34234, precision@k is 0.09091, mrr is 1.00000
---- item 51: map is 0.52014, precision@k is 0.18182, mrr is 1.00000
---- item 101: map is 1.00000, precision@k is 1.00000, mrr is 1.00000
---- item 151: map is 0.19041, precision@k is 0.09091, mrr is 0.50000
---- item 201: map is 0.34446, precision@k is 0.09091, mrr is 1.00000
---- item 251: map is 0.02261, precision@k is 0.00000, mrr is 0.03030
---- item 301: map is 0.42242, precision@k is 0.18182, mrr is 1.00000
---- item 351: map is 0.51449, precision@k is 0.09091, mrr is 1.00000
---- item 401: map is 0.13539, precision@k is 0.09091, mrr is 0.50000
---- item 451: map is 0.72917, precision@k is 0.18182, mrr is 1.00000
---- item 501: map is 0.02331, precision@k is 0.00000, mrr is 0.02703
---- item 551: map is 1.00000, precision@k is 1.00000, mrr is 1.00000
---- item 601: map is 0.28561, precision@k is 0.09091, mrr is 1.00000
---- item 651: map is 0.03970, precision@k is 0.09091, mrr is 0.11111
---- item 701: map is 0.17573, precision@k is 0.09091, mrr is 0.50000
---- item 751: map is 0.00467, precision@k is 0.00000, mrr is 0.00299
---- item 801: map is 0.34762, precision@k is 0.09091, mrr is 1.00000
---- item 851: map is 0.09567, precision@k is 0.09091, mrr is 0.25000
[Stat]ETBIR_User model, Interpolation mode item tagging: Precision@K is 0.18919, MAP is: 0.36734, MRR is: 0.76819, in top 10 tags
266 users are loaded from /home/ll5fy/TUIR/dataset/yelp/byUser_70k_review/5foldsCVColdstart/2/...
260 users are loaded from /home/ll5fy/TUIR/dataset/yelp/byUser_70k_review/5foldsCVColdstart/0/...
244 users are loaded from /home/ll5fy/TUIR/dataset/yelp/byUser_70k_review/5foldsCVColdstart/1/...
264 users are loaded from /home/ll5fy/TUIR/dataset/yelp/byUser_70k_review/5foldsCVColdstart/3/...
256 users are loaded from /home/ll5fy/TUIR/dataset/yelp/byUser_70k_review/5foldsCVColdstart/4/...
[Info]Finish loading 861 items' weights in total 156639 items!
[Info]Begin tagging 861 items with ETBIR_User Interpolation............
---- item 1: map is 0.34384, precision@k is 0.09091, mrr is 1.00000
---- item 51: map is 0.53771, precision@k is 0.18182, mrr is 1.00000
---- item 101: map is 1.00000, precision@k is 1.00000, mrr is 1.00000
---- item 151: map is 0.18809, precision@k is 0.09091, mrr is 0.50000
---- item 201: map is 0.34332, precision@k is 0.09091, mrr is 1.00000
---- item 251: map is 0.09234, precision@k is 0.09091, mrr is 0.16667
---- item 301: map is 0.50521, precision@k is 0.18182, mrr is 1.00000
---- item 351: map is 0.52632, precision@k is 0.09091, mrr is 1.00000
---- item 401: map is 0.19473, precision@k is 0.18182, mrr is 0.50000
---- item 451: map is 0.61111, precision@k is 0.18182, mrr is 1.00000
---- item 501: map is 0.18036, precision@k is 0.09091, mrr is 0.50000
---- item 551: map is 1.00000, precision@k is 1.00000, mrr is 1.00000
---- item 601: map is 0.43738, precision@k is 0.18182, mrr is 1.00000
---- item 651: map is 0.03908, precision@k is 0.09091, mrr is 0.11111
---- item 701: map is 0.17363, precision@k is 0.09091, mrr is 0.50000
---- item 751: map is 0.00472, precision@k is 0.00000, mrr is 0.00314
---- item 801: map is 0.38149, precision@k is 0.09091, mrr is 1.00000
---- item 851: map is 0.10049, precision@k is 0.09091, mrr is 0.25000
[Stat]ETBIR_User model, Interpolation mode item tagging: Precision@K is 0.20009, MAP is: 0.37032, MRR is: 0.73892, in top 10 tags
264 users are loaded from /home/ll5fy/TUIR/dataset/yelp/byUser_70k_review/5foldsCVColdstart/3/...
260 users are loaded from /home/ll5fy/TUIR/dataset/yelp/byUser_70k_review/5foldsCVColdstart/0/...
244 users are loaded from /home/ll5fy/TUIR/dataset/yelp/byUser_70k_review/5foldsCVColdstart/1/...
266 users are loaded from /home/ll5fy/TUIR/dataset/yelp/byUser_70k_review/5foldsCVColdstart/2/...
256 users are loaded from /home/ll5fy/TUIR/dataset/yelp/byUser_70k_review/5foldsCVColdstart/4/...
[Info]Finish loading 861 items' weights in total 156639 items!
[Info]Begin tagging 861 items with ETBIR_User Interpolation............
---- item 1: map is 0.34470, precision@k is 0.09091, mrr is 1.00000
---- item 51: map is 0.53209, precision@k is 0.18182, mrr is 1.00000
---- item 101: map is 0.83333, precision@k is 0.66667, mrr is 1.00000
---- item 151: map is 0.20000, precision@k is 0.09091, mrr is 0.50000
---- item 201: map is 0.34334, precision@k is 0.09091, mrr is 1.00000
---- item 251: map is 0.50426, precision@k is 0.09091, mrr is 1.00000
---- item 301: map is 0.50458, precision@k is 0.18182, mrr is 1.00000
---- item 351: map is 0.53571, precision@k is 0.09091, mrr is 1.00000
---- item 401: map is 0.24347, precision@k is 0.18182, mrr is 0.50000
---- item 451: map is 0.57596, precision@k is 0.18182, mrr is 1.00000
---- item 501: map is 0.34626, precision@k is 0.09091, mrr is 1.00000
---- item 551: map is 1.00000, precision@k is 1.00000, mrr is 1.00000
---- item 601: map is 0.43641, precision@k is 0.18182, mrr is 1.00000
---- item 651: map is 0.03438, precision@k is 0.00000, mrr is 0.07143
---- item 701: map is 0.17369, precision@k is 0.09091, mrr is 0.50000
---- item 751: map is 0.00449, precision@k is 0.00000, mrr is 0.00300
---- item 801: map is 0.36346, precision@k is 0.09091, mrr is 1.00000
---- item 851: map is 0.08211, precision@k is 0.09091, mrr is 0.25000
[Stat]ETBIR_User model, Interpolation mode item tagging: Precision@K is 0.20798, MAP is: 0.37525, MRR is: 0.73075, in top 10 tags
256 users are loaded from /home/ll5fy/TUIR/dataset/yelp/byUser_70k_review/5foldsCVColdstart/4/...
260 users are loaded from /home/ll5fy/TUIR/dataset/yelp/byUser_70k_review/5foldsCVColdstart/0/...
244 users are loaded from /home/ll5fy/TUIR/dataset/yelp/byUser_70k_review/5foldsCVColdstart/1/...
266 users are loaded from /home/ll5fy/TUIR/dataset/yelp/byUser_70k_review/5foldsCVColdstart/2/...
264 users are loaded from /home/ll5fy/TUIR/dataset/yelp/byUser_70k_review/5foldsCVColdstart/3/...
[Info]Finish loading 861 items' weights in total 156639 items!
[Info]Begin tagging 861 items with ETBIR_User Interpolation............
---- item 1: map is 0.62708, precision@k is 0.27273, mrr is 1.00000
---- item 51: map is 0.53257, precision@k is 0.18182, mrr is 1.00000
---- item 101: map is 0.83333, precision@k is 0.66667, mrr is 1.00000
---- item 151: map is 0.49395, precision@k is 0.27273, mrr is 1.00000
---- item 201: map is 0.34467, precision@k is 0.09091, mrr is 1.00000
---- item 251: map is 0.13587, precision@k is 0.09091, mrr is 0.25000
---- item 301: map is 0.50486, precision@k is 0.18182, mrr is 1.00000
---- item 351: map is 0.53846, precision@k is 0.09091, mrr is 1.00000
---- item 401: map is 0.29673, precision@k is 0.18182, mrr is 0.50000
---- item 451: map is 0.51587, precision@k is 0.18182, mrr is 1.00000
---- item 501: map is 0.34649, precision@k is 0.09091, mrr is 1.00000
---- item 551: map is 1.00000, precision@k is 1.00000, mrr is 1.00000
---- item 601: map is 0.43703, precision@k is 0.18182, mrr is 1.00000
---- item 651: map is 0.03708, precision@k is 0.09091, mrr is 0.10000
---- item 701: map is 0.17602, precision@k is 0.09091, mrr is 0.50000
---- item 751: map is 0.00454, precision@k is 0.00000, mrr is 0.00299
---- item 801: map is 0.35701, precision@k is 0.09091, mrr is 1.00000
---- item 851: map is 0.08147, precision@k is 0.09091, mrr is 0.25000
[Stat]ETBIR_User model, Interpolation mode item tagging: Precision@K is 0.21506, MAP is: 0.38073, MRR is: 0.72754, in top 10 tags

[Stat]Running time (seconds) 365.73500
[Stat]MAP 0.366+/-0.015
[Stat]MRR 0.748+/-0.020
[Stat]Precision 0.193+/-0.021
