Load 6134 2-gram new features from /home/ll5fy/TUIR/dataset/yelp/yelp_features.txt...
Load 6134 2-gram new features from /home/ll5fy/TUIR/dataset/yelp/yelp_features.txt...
[Info]Start FIXED cross validation...
[Info]Load 553 tags, with 6134 features.
260 users are loaded from /home/ll5fy/TUIR/dataset/yelp/byUser_70k_review/5foldsCVColdstart/0/...
244 users are loaded from /home/ll5fy/TUIR/dataset/yelp/byUser_70k_review/5foldsCVColdstart/1/...
266 users are loaded from /home/ll5fy/TUIR/dataset/yelp/byUser_70k_review/5foldsCVColdstart/2/...
264 users are loaded from /home/ll5fy/TUIR/dataset/yelp/byUser_70k_review/5foldsCVColdstart/3/...
256 users are loaded from /home/ll5fy/TUIR/dataset/yelp/byUser_70k_review/5foldsCVColdstart/4/...
[Info]Finish loading 722 items' weights in total 156639 items!
[Info]Begin tagging 722 items with LDA_Item Interpolation............
---- item 1: map is 0.47232, precision@k is 0.18182, mrr is 1.00000
---- item 51: map is 0.25190, precision@k is 0.09091, mrr is 0.50000
---- item 101: map is 0.45000, precision@k is 0.40000, mrr is 0.50000
---- item 151: map is 0.12124, precision@k is 0.09091, mrr is 0.25000
---- item 201: map is 0.34198, precision@k is 0.18182, mrr is 1.00000
---- item 251: map is 0.83333, precision@k is 0.66667, mrr is 1.00000
---- item 301: map is 0.07627, precision@k is 0.09091, mrr is 0.12500
---- item 351: map is 0.31975, precision@k is 0.18182, mrr is 1.00000
---- item 401: map is 0.30438, precision@k is 0.09091, mrr is 1.00000
---- item 451: map is 0.56004, precision@k is 0.18182, mrr is 1.00000
---- item 501: map is 0.09331, precision@k is 0.09091, mrr is 0.25000
---- item 551: map is 0.66998, precision@k is 0.18182, mrr is 1.00000
---- item 601: map is 0.39286, precision@k is 0.28571, mrr is 0.50000
---- item 651: map is 0.23592, precision@k is 0.18182, mrr is 0.50000
---- item 701: map is 0.64286, precision@k is 0.28571, mrr is 1.00000
[Stat]LDA_Item model, Interpolation mode item tagging: Precision@K is 0.18057, MAP is: 0.30371, MRR is: 0.58954, in top 10 tags
244 users are loaded from /home/ll5fy/TUIR/dataset/yelp/byUser_70k_review/5foldsCVColdstart/1/...
260 users are loaded from /home/ll5fy/TUIR/dataset/yelp/byUser_70k_review/5foldsCVColdstart/0/...
266 users are loaded from /home/ll5fy/TUIR/dataset/yelp/byUser_70k_review/5foldsCVColdstart/2/...
264 users are loaded from /home/ll5fy/TUIR/dataset/yelp/byUser_70k_review/5foldsCVColdstart/3/...
256 users are loaded from /home/ll5fy/TUIR/dataset/yelp/byUser_70k_review/5foldsCVColdstart/4/...
[Info]Finish loading 732 items' weights in total 156639 items!
[Info]Begin tagging 732 items with LDA_Item Interpolation............
---- item 1: map is 0.67521, precision@k is 0.18182, mrr is 1.00000
---- item 51: map is 0.50510, precision@k is 0.18182, mrr is 1.00000
---- item 101: map is 0.10415, precision@k is 0.09091, mrr is 0.20000
---- item 151: map is 0.36234, precision@k is 0.18182, mrr is 1.00000
---- item 201: map is 0.83333, precision@k is 0.66667, mrr is 1.00000
---- item 251: map is 0.34091, precision@k is 0.09091, mrr is 0.50000
---- item 301: map is 0.46922, precision@k is 0.18182, mrr is 1.00000
---- item 351: map is 0.29000, precision@k is 0.09091, mrr is 0.50000
---- item 401: map is 0.12236, precision@k is 0.09091, mrr is 0.33333
---- item 451: map is 0.26885, precision@k is 0.18182, mrr is 1.00000
---- item 501: map is 0.50000, precision@k is 0.50000, mrr is 0.50000
---- item 551: map is 0.00420, precision@k is 0.00000, mrr is 0.00246
---- item 601: map is 0.02513, precision@k is 0.00000, mrr is 0.02222
---- item 651: map is 0.31754, precision@k is 0.18182, mrr is 0.50000
---- item 701: map is 0.41710, precision@k is 0.18182, mrr is 1.00000
[Stat]LDA_Item model, Interpolation mode item tagging: Precision@K is 0.21809, MAP is: 0.37595, MRR is: 0.68835, in top 10 tags
266 users are loaded from /home/ll5fy/TUIR/dataset/yelp/byUser_70k_review/5foldsCVColdstart/2/...
260 users are loaded from /home/ll5fy/TUIR/dataset/yelp/byUser_70k_review/5foldsCVColdstart/0/...
244 users are loaded from /home/ll5fy/TUIR/dataset/yelp/byUser_70k_review/5foldsCVColdstart/1/...
264 users are loaded from /home/ll5fy/TUIR/dataset/yelp/byUser_70k_review/5foldsCVColdstart/3/...
256 users are loaded from /home/ll5fy/TUIR/dataset/yelp/byUser_70k_review/5foldsCVColdstart/4/...
[Info]Finish loading 702 items' weights in total 156639 items!
[Info]Begin tagging 702 items with LDA_Item Interpolation............
---- item 1: map is 0.67070, precision@k is 0.18182, mrr is 1.00000
---- item 51: map is 0.36450, precision@k is 0.27273, mrr is 0.50000
---- item 101: map is 0.50500, precision@k is 0.09091, mrr is 1.00000
---- item 151: map is 0.23470, precision@k is 0.18182, mrr is 0.50000
---- item 201: map is 0.18997, precision@k is 0.09091, mrr is 1.00000
---- item 251: map is 0.24687, precision@k is 0.27273, mrr is 0.50000
---- item 301: map is 0.13721, precision@k is 0.18182, mrr is 0.16667
---- item 351: map is 0.41362, precision@k is 0.18182, mrr is 1.00000
---- item 401: map is 0.49303, precision@k is 0.27273, mrr is 1.00000
---- item 451: map is 0.65498, precision@k is 0.27273, mrr is 1.00000
---- item 501: map is 0.34523, precision@k is 0.27273, mrr is 0.50000
---- item 551: map is 0.52704, precision@k is 0.27273, mrr is 1.00000
---- item 601: map is 0.24520, precision@k is 0.27273, mrr is 0.33333
---- item 651: map is 0.39343, precision@k is 0.09091, mrr is 1.00000
---- item 701: map is 0.36667, precision@k is 0.40000, mrr is 0.33333
[Stat]LDA_Item model, Interpolation mode item tagging: Precision@K is 0.22740, MAP is: 0.37825, MRR is: 0.66818, in top 10 tags
264 users are loaded from /home/ll5fy/TUIR/dataset/yelp/byUser_70k_review/5foldsCVColdstart/3/...
260 users are loaded from /home/ll5fy/TUIR/dataset/yelp/byUser_70k_review/5foldsCVColdstart/0/...
244 users are loaded from /home/ll5fy/TUIR/dataset/yelp/byUser_70k_review/5foldsCVColdstart/1/...
266 users are loaded from /home/ll5fy/TUIR/dataset/yelp/byUser_70k_review/5foldsCVColdstart/2/...
256 users are loaded from /home/ll5fy/TUIR/dataset/yelp/byUser_70k_review/5foldsCVColdstart/4/...
[Info]Finish loading 717 items' weights in total 156639 items!
[Info]Begin tagging 717 items with LDA_Item Interpolation............
---- item 1: map is 0.67667, precision@k is 0.18182, mrr is 1.00000
---- item 51: map is 0.56000, precision@k is 0.18182, mrr is 1.00000
---- item 101: map is 0.22619, precision@k is 0.28571, mrr is 0.16667
---- item 151: map is 0.09115, precision@k is 0.09091, mrr is 0.16667
---- item 201: map is 0.34504, precision@k is 0.27273, mrr is 0.50000
---- item 251: map is 0.08594, precision@k is 0.09091, mrr is 0.16667
---- item 301: map is 0.28378, precision@k is 0.18182, mrr is 0.33333
---- item 351: map is 0.02170, precision@k is 0.00000, mrr is 0.02941
---- item 401: map is 0.00706, precision@k is 0.00000, mrr is 0.00490
---- item 451: map is 0.70000, precision@k is 0.40000, mrr is 1.00000
---- item 501: map is 1.00000, precision@k is 1.00000, mrr is 1.00000
---- item 551: map is 0.67127, precision@k is 0.18182, mrr is 1.00000
---- item 601: map is 0.06424, precision@k is 0.09091, mrr is 0.16667
---- item 651: map is 0.34496, precision@k is 0.27273, mrr is 0.50000
---- item 701: map is 0.40833, precision@k is 0.36364, mrr is 1.00000
[Stat]LDA_Item model, Interpolation mode item tagging: Precision@K is 0.23661, MAP is: 0.38133, MRR is: 0.67339, in top 10 tags
256 users are loaded from /home/ll5fy/TUIR/dataset/yelp/byUser_70k_review/5foldsCVColdstart/4/...
260 users are loaded from /home/ll5fy/TUIR/dataset/yelp/byUser_70k_review/5foldsCVColdstart/0/...
244 users are loaded from /home/ll5fy/TUIR/dataset/yelp/byUser_70k_review/5foldsCVColdstart/1/...
266 users are loaded from /home/ll5fy/TUIR/dataset/yelp/byUser_70k_review/5foldsCVColdstart/2/...
264 users are loaded from /home/ll5fy/TUIR/dataset/yelp/byUser_70k_review/5foldsCVColdstart/3/...
[Info]Finish loading 726 items' weights in total 156639 items!
[Info]Begin tagging 726 items with LDA_Item Interpolation............
---- item 1: map is 0.56546, precision@k is 0.18182, mrr is 1.00000
---- item 51: map is 0.23206, precision@k is 0.09091, mrr is 1.00000
---- item 101: map is 0.44048, precision@k is 0.18182, mrr is 1.00000
---- item 151: map is 0.12458, precision@k is 0.09091, mrr is 0.33333
---- item 201: map is 0.70000, precision@k is 0.40000, mrr is 1.00000
---- item 251: map is 0.34703, precision@k is 0.09091, mrr is 1.00000
---- item 301: map is 0.41952, precision@k is 0.18182, mrr is 1.00000
---- item 351: map is 1.00000, precision@k is 1.00000, mrr is 1.00000
---- item 401: map is 0.38587, precision@k is 0.09091, mrr is 1.00000
---- item 451: map is 0.20437, precision@k is 0.09091, mrr is 0.50000
---- item 501: map is 0.65935, precision@k is 0.27273, mrr is 1.00000
---- item 551: map is 0.52588, precision@k is 0.27273, mrr is 1.00000
---- item 601: map is 0.43590, precision@k is 0.27273, mrr is 0.50000
---- item 651: map is 0.70000, precision@k is 0.60000, mrr is 1.00000
---- item 701: map is 0.50936, precision@k is 0.18182, mrr is 1.00000
[Stat]LDA_Item model, Interpolation mode item tagging: Precision@K is 0.23003, MAP is: 0.37840, MRR is: 0.66901, in top 10 tags

[Stat]Running time (seconds) 305.06400
[Stat]MAP 0.364+/-0.030
[Stat]MRR 0.658+/-0.035
[Stat]Precision 0.219+/-0.020
