Load 6134 2-gram new features from /home/ll5fy/TUIR/dataset/yelp/yelp_features.txt...
Load 6134 2-gram new features from /home/ll5fy/TUIR/dataset/yelp/yelp_features.txt...
[Info]Start FIXED cross validation...
[Info]Load 553 tags, with 6134 features.
260 users are loaded from /home/ll5fy/TUIR/dataset/yelp/byUser_70k_review/5foldsCVColdstart/0/...
244 users are loaded from /home/ll5fy/TUIR/dataset/yelp/byUser_70k_review/5foldsCVColdstart/1/...
266 users are loaded from /home/ll5fy/TUIR/dataset/yelp/byUser_70k_review/5foldsCVColdstart/2/...
264 users are loaded from /home/ll5fy/TUIR/dataset/yelp/byUser_70k_review/5foldsCVColdstart/3/...
256 users are loaded from /home/ll5fy/TUIR/dataset/yelp/byUser_70k_review/5foldsCVColdstart/4/...
[Info]Finish loading 722 items' weights in total 156639 items!
[Info]Begin tagging 722 items with LDA_User Interpolation............
---- item 1: map is 0.45196, precision@k is 0.18182, mrr is 1.00000
---- item 51: map is 0.25190, precision@k is 0.09091, mrr is 0.50000
---- item 101: map is 0.45000, precision@k is 0.40000, mrr is 0.50000
---- item 151: map is 0.08883, precision@k is 0.09091, mrr is 0.20000
---- item 201: map is 0.34371, precision@k is 0.18182, mrr is 1.00000
---- item 251: map is 0.83333, precision@k is 0.66667, mrr is 1.00000
---- item 301: map is 0.06445, precision@k is 0.09091, mrr is 0.11111
---- item 351: map is 0.32745, precision@k is 0.18182, mrr is 1.00000
---- item 401: map is 0.29908, precision@k is 0.09091, mrr is 1.00000
---- item 451: map is 0.55590, precision@k is 0.18182, mrr is 1.00000
---- item 501: map is 0.17220, precision@k is 0.09091, mrr is 0.50000
---- item 551: map is 0.66963, precision@k is 0.18182, mrr is 1.00000
---- item 601: map is 0.41667, precision@k is 0.33333, mrr is 0.50000
---- item 651: map is 0.23399, precision@k is 0.18182, mrr is 0.50000
---- item 701: map is 0.66667, precision@k is 0.33333, mrr is 1.00000
[Stat]LDA_User model, Interpolation mode item tagging: Precision@K is 0.18448, MAP is: 0.30660, MRR is: 0.60023, in top 10 tags
244 users are loaded from /home/ll5fy/TUIR/dataset/yelp/byUser_70k_review/5foldsCVColdstart/1/...
260 users are loaded from /home/ll5fy/TUIR/dataset/yelp/byUser_70k_review/5foldsCVColdstart/0/...
266 users are loaded from /home/ll5fy/TUIR/dataset/yelp/byUser_70k_review/5foldsCVColdstart/2/...
264 users are loaded from /home/ll5fy/TUIR/dataset/yelp/byUser_70k_review/5foldsCVColdstart/3/...
256 users are loaded from /home/ll5fy/TUIR/dataset/yelp/byUser_70k_review/5foldsCVColdstart/4/...
[Info]Finish loading 732 items' weights in total 156639 items!
[Info]Begin tagging 732 items with LDA_User Interpolation............
---- item 1: map is 0.67829, precision@k is 0.18182, mrr is 1.00000
---- item 51: map is 0.67296, precision@k is 0.18182, mrr is 1.00000
---- item 101: map is 0.11465, precision@k is 0.09091, mrr is 0.20000
---- item 151: map is 0.37215, precision@k is 0.18182, mrr is 1.00000
---- item 201: map is 0.83333, precision@k is 0.66667, mrr is 1.00000
---- item 251: map is 0.36111, precision@k is 0.22222, mrr is 0.50000
---- item 301: map is 0.46932, precision@k is 0.18182, mrr is 1.00000
---- item 351: map is 0.21930, precision@k is 0.09091, mrr is 0.33333
---- item 401: map is 0.12410, precision@k is 0.09091, mrr is 0.33333
---- item 451: map is 0.26845, precision@k is 0.18182, mrr is 1.00000
---- item 501: map is 0.50000, precision@k is 0.50000, mrr is 0.50000
---- item 551: map is 0.00430, precision@k is 0.00000, mrr is 0.00258
---- item 601: map is 0.02951, precision@k is 0.00000, mrr is 0.02500
---- item 651: map is 0.26405, precision@k is 0.18182, mrr is 0.33333
---- item 701: map is 0.41499, precision@k is 0.18182, mrr is 1.00000
[Stat]LDA_User model, Interpolation mode item tagging: Precision@K is 0.21834, MAP is: 0.37546, MRR is: 0.68314, in top 10 tags
266 users are loaded from /home/ll5fy/TUIR/dataset/yelp/byUser_70k_review/5foldsCVColdstart/2/...
260 users are loaded from /home/ll5fy/TUIR/dataset/yelp/byUser_70k_review/5foldsCVColdstart/0/...
244 users are loaded from /home/ll5fy/TUIR/dataset/yelp/byUser_70k_review/5foldsCVColdstart/1/...
264 users are loaded from /home/ll5fy/TUIR/dataset/yelp/byUser_70k_review/5foldsCVColdstart/3/...
256 users are loaded from /home/ll5fy/TUIR/dataset/yelp/byUser_70k_review/5foldsCVColdstart/4/...
[Info]Finish loading 702 items' weights in total 156639 items!
[Info]Begin tagging 702 items with LDA_User Interpolation............
---- item 1: map is 0.55904, precision@k is 0.18182, mrr is 1.00000
---- item 51: map is 0.36460, precision@k is 0.27273, mrr is 0.50000
---- item 101: map is 0.50535, precision@k is 0.09091, mrr is 1.00000
---- item 151: map is 0.25090, precision@k is 0.18182, mrr is 0.50000
---- item 201: map is 0.18910, precision@k is 0.09091, mrr is 1.00000
---- item 251: map is 0.24829, precision@k is 0.27273, mrr is 0.50000
---- item 301: map is 0.14048, precision@k is 0.18182, mrr is 0.14286
---- item 351: map is 0.40840, precision@k is 0.18182, mrr is 1.00000
---- item 401: map is 0.50942, precision@k is 0.27273, mrr is 1.00000
---- item 451: map is 0.65719, precision@k is 0.27273, mrr is 1.00000
---- item 501: map is 0.34544, precision@k is 0.27273, mrr is 0.50000
---- item 551: map is 0.52697, precision@k is 0.27273, mrr is 1.00000
---- item 601: map is 0.27831, precision@k is 0.27273, mrr is 0.50000
---- item 651: map is 0.39361, precision@k is 0.09091, mrr is 1.00000
---- item 701: map is 0.33333, precision@k is 0.33333, mrr is 0.33333
[Stat]LDA_User model, Interpolation mode item tagging: Precision@K is 0.22255, MAP is: 0.37341, MRR is: 0.66562, in top 10 tags
264 users are loaded from /home/ll5fy/TUIR/dataset/yelp/byUser_70k_review/5foldsCVColdstart/3/...
260 users are loaded from /home/ll5fy/TUIR/dataset/yelp/byUser_70k_review/5foldsCVColdstart/0/...
244 users are loaded from /home/ll5fy/TUIR/dataset/yelp/byUser_70k_review/5foldsCVColdstart/1/...
266 users are loaded from /home/ll5fy/TUIR/dataset/yelp/byUser_70k_review/5foldsCVColdstart/2/...
256 users are loaded from /home/ll5fy/TUIR/dataset/yelp/byUser_70k_review/5foldsCVColdstart/4/...
[Info]Finish loading 717 items' weights in total 156639 items!
[Info]Begin tagging 717 items with LDA_User Interpolation............
---- item 1: map is 0.56508, precision@k is 0.18182, mrr is 1.00000
---- item 51: map is 0.55974, precision@k is 0.18182, mrr is 1.00000
---- item 101: map is 0.22619, precision@k is 0.28571, mrr is 0.16667
---- item 151: map is 0.09033, precision@k is 0.09091, mrr is 0.16667
---- item 201: map is 0.36517, precision@k is 0.27273, mrr is 0.50000
---- item 251: map is 0.07400, precision@k is 0.09091, mrr is 0.14286
---- item 301: map is 0.28462, precision@k is 0.18182, mrr is 0.33333
---- item 351: map is 0.02395, precision@k is 0.00000, mrr is 0.03030
---- item 401: map is 0.00735, precision@k is 0.00000, mrr is 0.00508
---- item 451: map is 0.61111, precision@k is 0.22222, mrr is 1.00000
---- item 501: map is 1.00000, precision@k is 1.00000, mrr is 1.00000
---- item 551: map is 0.67080, precision@k is 0.18182, mrr is 1.00000
---- item 601: map is 0.05724, precision@k is 0.09091, mrr is 0.14286
---- item 651: map is 0.34497, precision@k is 0.27273, mrr is 0.50000
---- item 701: map is 0.40846, precision@k is 0.36364, mrr is 1.00000
[Stat]LDA_User model, Interpolation mode item tagging: Precision@K is 0.23341, MAP is: 0.37727, MRR is: 0.66811, in top 10 tags
256 users are loaded from /home/ll5fy/TUIR/dataset/yelp/byUser_70k_review/5foldsCVColdstart/4/...
260 users are loaded from /home/ll5fy/TUIR/dataset/yelp/byUser_70k_review/5foldsCVColdstart/0/...
244 users are loaded from /home/ll5fy/TUIR/dataset/yelp/byUser_70k_review/5foldsCVColdstart/1/...
266 users are loaded from /home/ll5fy/TUIR/dataset/yelp/byUser_70k_review/5foldsCVColdstart/2/...
264 users are loaded from /home/ll5fy/TUIR/dataset/yelp/byUser_70k_review/5foldsCVColdstart/3/...
[Info]Finish loading 726 items' weights in total 156639 items!
[Info]Begin tagging 726 items with LDA_User Interpolation............
---- item 1: map is 0.56499, precision@k is 0.18182, mrr is 1.00000
---- item 51: map is 0.22388, precision@k is 0.09091, mrr is 1.00000
---- item 101: map is 0.44208, precision@k is 0.18182, mrr is 1.00000
---- item 151: map is 0.12500, precision@k is 0.09091, mrr is 0.33333
---- item 201: map is 0.70000, precision@k is 0.40000, mrr is 1.00000
---- item 251: map is 0.34748, precision@k is 0.09091, mrr is 1.00000
---- item 301: map is 0.41941, precision@k is 0.18182, mrr is 1.00000
---- item 351: map is 1.00000, precision@k is 1.00000, mrr is 1.00000
---- item 401: map is 0.37671, precision@k is 0.09091, mrr is 1.00000
---- item 451: map is 0.16287, precision@k is 0.09091, mrr is 0.33333
---- item 501: map is 0.50885, precision@k is 0.27273, mrr is 1.00000
---- item 551: map is 0.52591, precision@k is 0.27273, mrr is 1.00000
---- item 601: map is 0.43841, precision@k is 0.27273, mrr is 0.50000
---- item 651: map is 0.70000, precision@k is 0.60000, mrr is 1.00000
---- item 701: map is 0.50939, precision@k is 0.18182, mrr is 1.00000
[Stat]LDA_User model, Interpolation mode item tagging: Precision@K is 0.22925, MAP is: 0.37534, MRR is: 0.66379, in top 10 tags

[Stat]Running time (seconds) 304.83100
[Stat]MAP 0.362+/-0.028
[Stat]MRR 0.656+/-0.029
[Stat]Precision 0.218+/-0.017
