Load 6134 2-gram new features from /home/ll5fy/TUIR/dataset/yelp/yelp_features.txt...
Load 6134 2-gram new features from /home/ll5fy/TUIR/dataset/yelp/yelp_features.txt...
[Info]Start FIXED cross validation...
[Info]Load 553 tags, with 6134 features.
260 users are loaded from /home/ll5fy/TUIR/dataset/yelp/byUser_70k_review/5foldsCVColdstart/0/...
244 users are loaded from /home/ll5fy/TUIR/dataset/yelp/byUser_70k_review/5foldsCVColdstart/1/...
266 users are loaded from /home/ll5fy/TUIR/dataset/yelp/byUser_70k_review/5foldsCVColdstart/2/...
264 users are loaded from /home/ll5fy/TUIR/dataset/yelp/byUser_70k_review/5foldsCVColdstart/3/...
256 users are loaded from /home/ll5fy/TUIR/dataset/yelp/byUser_70k_review/5foldsCVColdstart/4/...
[Info]Finish loading 722 items' weights in total 156639 items!
[Info]Begin tagging 722 items with LDA_User Interpolation............
---- item 1: map is 0.56188, precision@k is 0.18182, mrr is 1.00000
---- item 51: map is 0.25187, precision@k is 0.09091, mrr is 0.50000
---- item 101: map is 0.83333, precision@k is 0.66667, mrr is 1.00000
---- item 151: map is 0.20104, precision@k is 0.09091, mrr is 0.50000
---- item 201: map is 0.38491, precision@k is 0.18182, mrr is 1.00000
---- item 251: map is 0.83333, precision@k is 0.66667, mrr is 1.00000
---- item 301: map is 0.08958, precision@k is 0.09091, mrr is 0.16667
---- item 351: map is 0.35815, precision@k is 0.18182, mrr is 1.00000
---- item 401: map is 0.31815, precision@k is 0.18182, mrr is 1.00000
---- item 451: map is 0.57771, precision@k is 0.27273, mrr is 1.00000
---- item 501: map is 0.17377, precision@k is 0.09091, mrr is 0.50000
---- item 551: map is 0.67008, precision@k is 0.18182, mrr is 1.00000
---- item 601: map is 0.41667, precision@k is 0.33333, mrr is 0.50000
---- item 651: map is 0.23898, precision@k is 0.18182, mrr is 0.50000
---- item 701: map is 0.70000, precision@k is 0.40000, mrr is 1.00000
[Stat]LDA_User model, Interpolation mode item tagging: Precision@K is 0.19912, MAP is: 0.33153, MRR is: 0.63512, in top 10 tags
244 users are loaded from /home/ll5fy/TUIR/dataset/yelp/byUser_70k_review/5foldsCVColdstart/1/...
260 users are loaded from /home/ll5fy/TUIR/dataset/yelp/byUser_70k_review/5foldsCVColdstart/0/...
266 users are loaded from /home/ll5fy/TUIR/dataset/yelp/byUser_70k_review/5foldsCVColdstart/2/...
264 users are loaded from /home/ll5fy/TUIR/dataset/yelp/byUser_70k_review/5foldsCVColdstart/3/...
256 users are loaded from /home/ll5fy/TUIR/dataset/yelp/byUser_70k_review/5foldsCVColdstart/4/...
[Info]Finish loading 732 items' weights in total 156639 items!
[Info]Begin tagging 732 items with LDA_User Interpolation............
---- item 1: map is 0.67601, precision@k is 0.18182, mrr is 1.00000
---- item 51: map is 0.40325, precision@k is 0.18182, mrr is 1.00000
---- item 101: map is 0.10563, precision@k is 0.09091, mrr is 0.16667
---- item 151: map is 0.36450, precision@k is 0.18182, mrr is 1.00000
---- item 201: map is 0.83333, precision@k is 0.66667, mrr is 1.00000
---- item 251: map is 0.32692, precision@k is 0.09091, mrr is 0.50000
---- item 301: map is 0.43133, precision@k is 0.18182, mrr is 1.00000
---- item 351: map is 0.24359, precision@k is 0.09091, mrr is 0.33333
---- item 401: map is 0.12343, precision@k is 0.09091, mrr is 0.33333
---- item 451: map is 0.26788, precision@k is 0.18182, mrr is 1.00000
---- item 501: map is 0.50000, precision@k is 0.50000, mrr is 0.50000
---- item 551: map is 0.00428, precision@k is 0.00000, mrr is 0.00264
---- item 601: map is 0.02821, precision@k is 0.00000, mrr is 0.02632
---- item 651: map is 0.32326, precision@k is 0.18182, mrr is 0.50000
---- item 701: map is 0.41671, precision@k is 0.18182, mrr is 1.00000
[Stat]LDA_User model, Interpolation mode item tagging: Precision@K is 0.21790, MAP is: 0.37301, MRR is: 0.68468, in top 10 tags
266 users are loaded from /home/ll5fy/TUIR/dataset/yelp/byUser_70k_review/5foldsCVColdstart/2/...
260 users are loaded from /home/ll5fy/TUIR/dataset/yelp/byUser_70k_review/5foldsCVColdstart/0/...
244 users are loaded from /home/ll5fy/TUIR/dataset/yelp/byUser_70k_review/5foldsCVColdstart/1/...
264 users are loaded from /home/ll5fy/TUIR/dataset/yelp/byUser_70k_review/5foldsCVColdstart/3/...
256 users are loaded from /home/ll5fy/TUIR/dataset/yelp/byUser_70k_review/5foldsCVColdstart/4/...
[Info]Finish loading 702 items' weights in total 156639 items!
[Info]Begin tagging 702 items with LDA_User Interpolation............
---- item 1: map is 0.55812, precision@k is 0.18182, mrr is 1.00000
---- item 51: map is 0.39566, precision@k is 0.27273, mrr is 0.50000
---- item 101: map is 0.50610, precision@k is 0.09091, mrr is 1.00000
---- item 151: map is 0.23585, precision@k is 0.18182, mrr is 0.50000
---- item 201: map is 0.18921, precision@k is 0.09091, mrr is 1.00000
---- item 251: map is 0.24762, precision@k is 0.27273, mrr is 0.50000
---- item 301: map is 0.15957, precision@k is 0.18182, mrr is 0.16667
---- item 351: map is 0.40741, precision@k is 0.18182, mrr is 1.00000
---- item 401: map is 0.49405, precision@k is 0.27273, mrr is 1.00000
---- item 451: map is 0.65637, precision@k is 0.27273, mrr is 1.00000
---- item 501: map is 0.34695, precision@k is 0.27273, mrr is 0.50000
---- item 551: map is 0.52692, precision@k is 0.27273, mrr is 1.00000
---- item 601: map is 0.25491, precision@k is 0.27273, mrr is 0.33333
---- item 651: map is 0.41281, precision@k is 0.18182, mrr is 1.00000
---- item 701: map is 0.36667, precision@k is 0.40000, mrr is 0.33333
[Stat]LDA_User model, Interpolation mode item tagging: Precision@K is 0.22926, MAP is: 0.37831, MRR is: 0.66741, in top 10 tags
264 users are loaded from /home/ll5fy/TUIR/dataset/yelp/byUser_70k_review/5foldsCVColdstart/3/...
260 users are loaded from /home/ll5fy/TUIR/dataset/yelp/byUser_70k_review/5foldsCVColdstart/0/...
244 users are loaded from /home/ll5fy/TUIR/dataset/yelp/byUser_70k_review/5foldsCVColdstart/1/...
266 users are loaded from /home/ll5fy/TUIR/dataset/yelp/byUser_70k_review/5foldsCVColdstart/2/...
256 users are loaded from /home/ll5fy/TUIR/dataset/yelp/byUser_70k_review/5foldsCVColdstart/4/...
[Info]Finish loading 717 items' weights in total 156639 items!
[Info]Begin tagging 717 items with LDA_User Interpolation............
---- item 1: map is 0.56546, precision@k is 0.18182, mrr is 1.00000
---- item 51: map is 0.55923, precision@k is 0.18182, mrr is 1.00000
---- item 101: map is 0.22619, precision@k is 0.28571, mrr is 0.16667
---- item 151: map is 0.09033, precision@k is 0.09091, mrr is 0.16667
---- item 201: map is 0.34598, precision@k is 0.27273, mrr is 0.50000
---- item 251: map is 0.07400, precision@k is 0.09091, mrr is 0.14286
---- item 301: map is 0.28397, precision@k is 0.18182, mrr is 0.33333
---- item 351: map is 0.02619, precision@k is 0.00000, mrr is 0.03333
---- item 401: map is 0.00720, precision@k is 0.00000, mrr is 0.00493
---- item 451: map is 0.70000, precision@k is 0.40000, mrr is 1.00000
---- item 501: map is 1.00000, precision@k is 1.00000, mrr is 1.00000
---- item 551: map is 0.67020, precision@k is 0.18182, mrr is 1.00000
---- item 601: map is 0.06395, precision@k is 0.09091, mrr is 0.16667
---- item 651: map is 0.34577, precision@k is 0.27273, mrr is 0.50000
---- item 701: map is 0.40850, precision@k is 0.36364, mrr is 1.00000
[Stat]LDA_User model, Interpolation mode item tagging: Precision@K is 0.23384, MAP is: 0.37797, MRR is: 0.66966, in top 10 tags
256 users are loaded from /home/ll5fy/TUIR/dataset/yelp/byUser_70k_review/5foldsCVColdstart/4/...
260 users are loaded from /home/ll5fy/TUIR/dataset/yelp/byUser_70k_review/5foldsCVColdstart/0/...
244 users are loaded from /home/ll5fy/TUIR/dataset/yelp/byUser_70k_review/5foldsCVColdstart/1/...
266 users are loaded from /home/ll5fy/TUIR/dataset/yelp/byUser_70k_review/5foldsCVColdstart/2/...
264 users are loaded from /home/ll5fy/TUIR/dataset/yelp/byUser_70k_review/5foldsCVColdstart/3/...
[Info]Finish loading 726 items' weights in total 156639 items!
[Info]Begin tagging 726 items with LDA_User Interpolation............
---- item 1: map is 0.56517, precision@k is 0.18182, mrr is 1.00000
---- item 51: map is 0.22460, precision@k is 0.09091, mrr is 1.00000
---- item 101: map is 0.44156, precision@k is 0.18182, mrr is 1.00000
---- item 151: map is 0.12600, precision@k is 0.09091, mrr is 0.33333
---- item 201: map is 0.66667, precision@k is 0.33333, mrr is 1.00000
---- item 251: map is 0.34768, precision@k is 0.09091, mrr is 1.00000
---- item 301: map is 0.41941, precision@k is 0.18182, mrr is 1.00000
---- item 351: map is 1.00000, precision@k is 1.00000, mrr is 1.00000
---- item 401: map is 0.37897, precision@k is 0.09091, mrr is 1.00000
---- item 451: map is 0.15126, precision@k is 0.09091, mrr is 0.33333
---- item 501: map is 0.50901, precision@k is 0.27273, mrr is 1.00000
---- item 551: map is 0.52573, precision@k is 0.27273, mrr is 1.00000
---- item 601: map is 0.43750, precision@k is 0.27273, mrr is 0.50000
---- item 651: map is 0.64286, precision@k is 0.42857, mrr is 1.00000
---- item 701: map is 0.50940, precision@k is 0.18182, mrr is 1.00000
[Stat]LDA_User model, Interpolation mode item tagging: Precision@K is 0.22717, MAP is: 0.37456, MRR is: 0.66637, in top 10 tags

[Stat]Running time (seconds) 310.24800
[Stat]MAP 0.367+/-0.018
[Stat]MRR 0.665+/-0.016
[Stat]Precision 0.221+/-0.012
