Load 6134 2-gram new features from /home/ll5fy/TUIR/dataset/yelp/yelp_features.txt...
Load 6134 2-gram new features from /home/ll5fy/TUIR/dataset/yelp/yelp_features.txt...
[Info]Start FIXED cross validation...
[Info]Load 553 tags, with 6134 features.
260 users are loaded from /home/ll5fy/TUIR/dataset/yelp/byUser_70k_review/5foldsCVColdstart/0/...
244 users are loaded from /home/ll5fy/TUIR/dataset/yelp/byUser_70k_review/5foldsCVColdstart/1/...
266 users are loaded from /home/ll5fy/TUIR/dataset/yelp/byUser_70k_review/5foldsCVColdstart/2/...
264 users are loaded from /home/ll5fy/TUIR/dataset/yelp/byUser_70k_review/5foldsCVColdstart/3/...
256 users are loaded from /home/ll5fy/TUIR/dataset/yelp/byUser_70k_review/5foldsCVColdstart/4/...
[Info]Finish loading 722 items' weights in total 156639 items!
[Info]Begin tagging 722 items with LDA_User Interpolation............
---- item 1: map is 0.44872, precision@k is 0.18182, mrr is 1.00000
---- item 51: map is 0.25187, precision@k is 0.09091, mrr is 0.50000
---- item 101: map is 0.14461, precision@k is 0.09091, mrr is 0.25000
---- item 151: map is 0.08068, precision@k is 0.09091, mrr is 0.20000
---- item 201: map is 0.34027, precision@k is 0.18182, mrr is 1.00000
---- item 251: map is 1.00000, precision@k is 1.00000, mrr is 1.00000
---- item 301: map is 0.07498, precision@k is 0.09091, mrr is 0.16667
---- item 351: map is 0.32654, precision@k is 0.18182, mrr is 1.00000
---- item 401: map is 0.32989, precision@k is 0.18182, mrr is 1.00000
---- item 451: map is 0.52545, precision@k is 0.18182, mrr is 1.00000
---- item 501: map is 0.08867, precision@k is 0.09091, mrr is 0.25000
---- item 551: map is 0.34414, precision@k is 0.09091, mrr is 1.00000
---- item 601: map is 0.29167, precision@k is 0.25000, mrr is 0.33333
---- item 651: map is 0.23967, precision@k is 0.18182, mrr is 0.50000
---- item 701: map is 0.14545, precision@k is 0.09091, mrr is 0.20000
[Stat]LDA_User model, Interpolation mode item tagging: Precision@K is 0.16009, MAP is: 0.26364, MRR is: 0.54456, in top 10 tags
244 users are loaded from /home/ll5fy/TUIR/dataset/yelp/byUser_70k_review/5foldsCVColdstart/1/...
260 users are loaded from /home/ll5fy/TUIR/dataset/yelp/byUser_70k_review/5foldsCVColdstart/0/...
266 users are loaded from /home/ll5fy/TUIR/dataset/yelp/byUser_70k_review/5foldsCVColdstart/2/...
264 users are loaded from /home/ll5fy/TUIR/dataset/yelp/byUser_70k_review/5foldsCVColdstart/3/...
256 users are loaded from /home/ll5fy/TUIR/dataset/yelp/byUser_70k_review/5foldsCVColdstart/4/...
[Info]Finish loading 732 items' weights in total 156639 items!
[Info]Begin tagging 732 items with LDA_User Interpolation............
---- item 1: map is 0.67312, precision@k is 0.18182, mrr is 1.00000
---- item 51: map is 0.36761, precision@k is 0.09091, mrr is 1.00000
---- item 101: map is 0.11199, precision@k is 0.09091, mrr is 0.25000
---- item 151: map is 0.46516, precision@k is 0.18182, mrr is 1.00000
---- item 201: map is 0.83333, precision@k is 0.66667, mrr is 1.00000
---- item 251: map is 0.41667, precision@k is 0.33333, mrr is 0.50000
---- item 301: map is 0.46922, precision@k is 0.18182, mrr is 1.00000
---- item 351: map is 0.17667, precision@k is 0.09091, mrr is 0.33333
---- item 401: map is 0.17577, precision@k is 0.09091, mrr is 0.50000
---- item 451: map is 0.27398, precision@k is 0.18182, mrr is 1.00000
---- item 501: map is 0.50000, precision@k is 0.50000, mrr is 0.50000
---- item 551: map is 0.00431, precision@k is 0.00000, mrr is 0.00249
---- item 601: map is 0.01694, precision@k is 0.00000, mrr is 0.01818
---- item 651: map is 0.18064, precision@k is 0.09091, mrr is 0.50000
---- item 701: map is 0.41699, precision@k is 0.18182, mrr is 1.00000
[Stat]LDA_User model, Interpolation mode item tagging: Precision@K is 0.21783, MAP is: 0.38471, MRR is: 0.71570, in top 10 tags
266 users are loaded from /home/ll5fy/TUIR/dataset/yelp/byUser_70k_review/5foldsCVColdstart/2/...
260 users are loaded from /home/ll5fy/TUIR/dataset/yelp/byUser_70k_review/5foldsCVColdstart/0/...
244 users are loaded from /home/ll5fy/TUIR/dataset/yelp/byUser_70k_review/5foldsCVColdstart/1/...
264 users are loaded from /home/ll5fy/TUIR/dataset/yelp/byUser_70k_review/5foldsCVColdstart/3/...
256 users are loaded from /home/ll5fy/TUIR/dataset/yelp/byUser_70k_review/5foldsCVColdstart/4/...
[Info]Finish loading 702 items' weights in total 156639 items!
[Info]Begin tagging 702 items with LDA_User Interpolation............
---- item 1: map is 0.50267, precision@k is 0.18182, mrr is 1.00000
---- item 51: map is 0.29546, precision@k is 0.18182, mrr is 0.50000
---- item 101: map is 0.50535, precision@k is 0.09091, mrr is 1.00000
---- item 151: map is 0.27178, precision@k is 0.18182, mrr is 0.50000
---- item 201: map is 0.17212, precision@k is 0.09091, mrr is 1.00000
---- item 251: map is 0.24800, precision@k is 0.27273, mrr is 0.50000
---- item 301: map is 0.15346, precision@k is 0.09091, mrr is 0.25000
---- item 351: map is 0.67402, precision@k is 0.18182, mrr is 1.00000
---- item 401: map is 0.42075, precision@k is 0.27273, mrr is 1.00000
---- item 451: map is 0.75730, precision@k is 0.27273, mrr is 1.00000
---- item 501: map is 0.32082, precision@k is 0.27273, mrr is 0.50000
---- item 551: map is 0.60625, precision@k is 0.27273, mrr is 1.00000
---- item 601: map is 0.28731, precision@k is 0.27273, mrr is 0.50000
---- item 651: map is 0.38974, precision@k is 0.09091, mrr is 1.00000
---- item 701: map is 0.41667, precision@k is 0.50000, mrr is 0.33333
[Stat]LDA_User model, Interpolation mode item tagging: Precision@K is 0.21506, MAP is: 0.38070, MRR is: 0.69217, in top 10 tags
264 users are loaded from /home/ll5fy/TUIR/dataset/yelp/byUser_70k_review/5foldsCVColdstart/3/...
260 users are loaded from /home/ll5fy/TUIR/dataset/yelp/byUser_70k_review/5foldsCVColdstart/0/...
244 users are loaded from /home/ll5fy/TUIR/dataset/yelp/byUser_70k_review/5foldsCVColdstart/1/...
266 users are loaded from /home/ll5fy/TUIR/dataset/yelp/byUser_70k_review/5foldsCVColdstart/2/...
256 users are loaded from /home/ll5fy/TUIR/dataset/yelp/byUser_70k_review/5foldsCVColdstart/4/...
[Info]Finish loading 717 items' weights in total 156639 items!
[Info]Begin tagging 717 items with LDA_User Interpolation............
---- item 1: map is 0.67529, precision@k is 0.18182, mrr is 1.00000
---- item 51: map is 0.47130, precision@k is 0.18182, mrr is 1.00000
---- item 101: map is 0.18333, precision@k is 0.09091, mrr is 0.20000
---- item 151: map is 0.09009, precision@k is 0.09091, mrr is 0.16667
---- item 201: map is 0.28596, precision@k is 0.18182, mrr is 0.50000
---- item 251: map is 0.16909, precision@k is 0.09091, mrr is 0.33333
---- item 301: map is 0.25383, precision@k is 0.18182, mrr is 0.33333
---- item 351: map is 0.02589, precision@k is 0.00000, mrr is 0.03448
---- item 401: map is 0.00674, precision@k is 0.00000, mrr is 0.00467
---- item 451: map is 0.51923, precision@k is 0.09091, mrr is 1.00000
---- item 501: map is 1.00000, precision@k is 1.00000, mrr is 1.00000
---- item 551: map is 0.67105, precision@k is 0.18182, mrr is 1.00000
---- item 601: map is 0.11881, precision@k is 0.09091, mrr is 0.33333
---- item 651: map is 0.26512, precision@k is 0.18182, mrr is 0.50000
---- item 701: map is 0.34193, precision@k is 0.18182, mrr is 1.00000
[Stat]LDA_User model, Interpolation mode item tagging: Precision@K is 0.22526, MAP is: 0.38630, MRR is: 0.70200, in top 10 tags
256 users are loaded from /home/ll5fy/TUIR/dataset/yelp/byUser_70k_review/5foldsCVColdstart/4/...
260 users are loaded from /home/ll5fy/TUIR/dataset/yelp/byUser_70k_review/5foldsCVColdstart/0/...
244 users are loaded from /home/ll5fy/TUIR/dataset/yelp/byUser_70k_review/5foldsCVColdstart/1/...
266 users are loaded from /home/ll5fy/TUIR/dataset/yelp/byUser_70k_review/5foldsCVColdstart/2/...
264 users are loaded from /home/ll5fy/TUIR/dataset/yelp/byUser_70k_review/5foldsCVColdstart/3/...
[Info]Finish loading 726 items' weights in total 156639 items!
[Info]Begin tagging 726 items with LDA_User Interpolation............
---- item 1: map is 0.67480, precision@k is 0.18182, mrr is 1.00000
---- item 51: map is 0.22913, precision@k is 0.09091, mrr is 1.00000
---- item 101: map is 0.51075, precision@k is 0.18182, mrr is 1.00000
---- item 151: map is 0.18271, precision@k is 0.09091, mrr is 0.50000
---- item 201: map is 0.83333, precision@k is 0.66667, mrr is 1.00000
---- item 251: map is 0.34917, precision@k is 0.09091, mrr is 1.00000
---- item 301: map is 0.41917, precision@k is 0.18182, mrr is 1.00000
---- item 351: map is 1.00000, precision@k is 1.00000, mrr is 1.00000
---- item 401: map is 0.37307, precision@k is 0.09091, mrr is 1.00000
---- item 451: map is 0.19559, precision@k is 0.09091, mrr is 0.50000
---- item 501: map is 0.54556, precision@k is 0.18182, mrr is 1.00000
---- item 551: map is 0.50224, precision@k is 0.27273, mrr is 1.00000
---- item 601: map is 0.42886, precision@k is 0.27273, mrr is 0.50000
---- item 651: map is 0.62500, precision@k is 0.37500, mrr is 1.00000
---- item 701: map is 0.50863, precision@k is 0.18182, mrr is 1.00000
[Stat]LDA_User model, Interpolation mode item tagging: Precision@K is 0.23199, MAP is: 0.38932, MRR is: 0.69544, in top 10 tags

[Stat]Running time (seconds) 309.59000
[Stat]MAP 0.361+/-0.049
[Stat]MRR 0.670+/-0.063
[Stat]Precision 0.210+/-0.026
