Load 6134 2-gram new features from /home/ll5fy/TUIR/dataset/yelp/yelp_features.txt...
Load 6134 2-gram new features from /home/ll5fy/TUIR/dataset/yelp/yelp_features.txt...
[Info]Start FIXED cross validation...
[Info]Load 553 tags, with 6134 features.
260 users are loaded from /home/ll5fy/TUIR/dataset/yelp/byUser_70k_review/5foldsCVColdstart/0/...
244 users are loaded from /home/ll5fy/TUIR/dataset/yelp/byUser_70k_review/5foldsCVColdstart/1/...
266 users are loaded from /home/ll5fy/TUIR/dataset/yelp/byUser_70k_review/5foldsCVColdstart/2/...
264 users are loaded from /home/ll5fy/TUIR/dataset/yelp/byUser_70k_review/5foldsCVColdstart/3/...
256 users are loaded from /home/ll5fy/TUIR/dataset/yelp/byUser_70k_review/5foldsCVColdstart/4/...
[Info]Finish loading 722 items' weights in total 156639 items!
[Info]Begin tagging 722 items with LDA_Variational Interpolation............
---- item 1: map is 0.47338, precision@k is 0.18182, mrr is 1.00000
---- item 51: map is 0.12690, precision@k is 0.09091, mrr is 0.25000
---- item 101: map is 0.13326, precision@k is 0.09091, mrr is 0.25000
---- item 151: map is 0.11780, precision@k is 0.09091, mrr is 0.25000
---- item 201: map is 0.35836, precision@k is 0.18182, mrr is 1.00000
---- item 251: map is 0.70000, precision@k is 0.40000, mrr is 1.00000
---- item 301: map is 0.10080, precision@k is 0.09091, mrr is 0.25000
---- item 351: map is 0.35747, precision@k is 0.18182, mrr is 1.00000
---- item 401: map is 0.08382, precision@k is 0.09091, mrr is 0.25000
---- item 451: map is 0.10201, precision@k is 0.09091, mrr is 0.25000
---- item 501: map is 0.09186, precision@k is 0.09091, mrr is 0.25000
---- item 551: map is 0.09151, precision@k is 0.09091, mrr is 0.25000
---- item 601: map is 0.13971, precision@k is 0.09091, mrr is 0.25000
---- item 651: map is 0.26454, precision@k is 0.18182, mrr is 0.50000
---- item 701: map is 0.13258, precision@k is 0.09091, mrr is 0.25000
[Stat]LDA_Variational model, Interpolation mode item tagging: Precision@K is 0.10665, MAP is: 0.14151, MRR is: 0.29093, in top 10 tags
244 users are loaded from /home/ll5fy/TUIR/dataset/yelp/byUser_70k_review/5foldsCVColdstart/1/...
260 users are loaded from /home/ll5fy/TUIR/dataset/yelp/byUser_70k_review/5foldsCVColdstart/0/...
266 users are loaded from /home/ll5fy/TUIR/dataset/yelp/byUser_70k_review/5foldsCVColdstart/2/...
264 users are loaded from /home/ll5fy/TUIR/dataset/yelp/byUser_70k_review/5foldsCVColdstart/3/...
256 users are loaded from /home/ll5fy/TUIR/dataset/yelp/byUser_70k_review/5foldsCVColdstart/4/...
[Info]Finish loading 732 items' weights in total 156639 items!
[Info]Begin tagging 732 items with LDA_Variational Interpolation............
---- item 1: map is 0.67576, precision@k is 0.18182, mrr is 1.00000
---- item 51: map is 0.34211, precision@k is 0.09091, mrr is 1.00000
---- item 101: map is 0.20870, precision@k is 0.09091, mrr is 0.50000
---- item 151: map is 0.42489, precision@k is 0.18182, mrr is 1.00000
---- item 201: map is 0.54545, precision@k is 0.09091, mrr is 1.00000
---- item 251: map is 0.54348, precision@k is 0.09091, mrr is 1.00000
---- item 301: map is 0.40273, precision@k is 0.18182, mrr is 1.00000
---- item 351: map is 0.51724, precision@k is 0.09091, mrr is 1.00000
---- item 401: map is 0.34885, precision@k is 0.09091, mrr is 1.00000
---- item 451: map is 0.23107, precision@k is 0.09091, mrr is 1.00000
---- item 501: map is 0.01235, precision@k is 0.00000, mrr is 0.01235
---- item 551: map is 0.00434, precision@k is 0.00000, mrr is 0.00272
---- item 601: map is 0.01601, precision@k is 0.00000, mrr is 0.01961
---- item 651: map is 0.18414, precision@k is 0.09091, mrr is 0.50000
---- item 701: map is 0.25552, precision@k is 0.18182, mrr is 1.00000
[Stat]LDA_Variational model, Interpolation mode item tagging: Precision@K is 0.15686, MAP is: 0.34612, MRR is: 0.77293, in top 10 tags
266 users are loaded from /home/ll5fy/TUIR/dataset/yelp/byUser_70k_review/5foldsCVColdstart/2/...
260 users are loaded from /home/ll5fy/TUIR/dataset/yelp/byUser_70k_review/5foldsCVColdstart/0/...
244 users are loaded from /home/ll5fy/TUIR/dataset/yelp/byUser_70k_review/5foldsCVColdstart/1/...
264 users are loaded from /home/ll5fy/TUIR/dataset/yelp/byUser_70k_review/5foldsCVColdstart/3/...
256 users are loaded from /home/ll5fy/TUIR/dataset/yelp/byUser_70k_review/5foldsCVColdstart/4/...
[Info]Finish loading 702 items' weights in total 156639 items!
[Info]Begin tagging 702 items with LDA_Variational Interpolation............
---- item 1: map is 0.35574, precision@k is 0.09091, mrr is 1.00000
---- item 51: map is 0.04419, precision@k is 0.00000, mrr is 0.05882
---- item 101: map is 0.00525, precision@k is 0.00000, mrr is 0.00444
---- item 151: map is 0.30721, precision@k is 0.18182, mrr is 0.50000
---- item 201: map is 0.20257, precision@k is 0.18182, mrr is 1.00000
---- item 251: map is 0.09206, precision@k is 0.09091, mrr is 0.33333
---- item 301: map is 0.36195, precision@k is 0.09091, mrr is 1.00000
---- item 351: map is 0.40214, precision@k is 0.09091, mrr is 1.00000
---- item 401: map is 0.38401, precision@k is 0.18182, mrr is 1.00000
---- item 451: map is 0.61153, precision@k is 0.27273, mrr is 1.00000
---- item 501: map is 0.04000, precision@k is 0.00000, mrr is 0.04167
---- item 551: map is 0.33668, precision@k is 0.18182, mrr is 1.00000
---- item 601: map is 0.20086, precision@k is 0.18182, mrr is 0.50000
---- item 651: map is 0.47107, precision@k is 0.18182, mrr is 1.00000
---- item 701: map is 0.30556, precision@k is 0.09091, mrr is 0.50000
[Stat]LDA_Variational model, Interpolation mode item tagging: Precision@K is 0.16537, MAP is: 0.34789, MRR is: 0.75084, in top 10 tags
264 users are loaded from /home/ll5fy/TUIR/dataset/yelp/byUser_70k_review/5foldsCVColdstart/3/...
260 users are loaded from /home/ll5fy/TUIR/dataset/yelp/byUser_70k_review/5foldsCVColdstart/0/...
244 users are loaded from /home/ll5fy/TUIR/dataset/yelp/byUser_70k_review/5foldsCVColdstart/1/...
266 users are loaded from /home/ll5fy/TUIR/dataset/yelp/byUser_70k_review/5foldsCVColdstart/2/...
256 users are loaded from /home/ll5fy/TUIR/dataset/yelp/byUser_70k_review/5foldsCVColdstart/4/...
[Info]Finish loading 717 items' weights in total 156639 items!
[Info]Begin tagging 717 items with LDA_Variational Interpolation............
---- item 1: map is 0.67576, precision@k is 0.18182, mrr is 1.00000
---- item 51: map is 0.35649, precision@k is 0.09091, mrr is 1.00000
---- item 101: map is 0.26613, precision@k is 0.09091, mrr is 0.50000
---- item 151: map is 0.25704, precision@k is 0.09091, mrr is 0.50000
---- item 201: map is 0.04875, precision@k is 0.00000, mrr is 0.07692
---- item 251: map is 0.25232, precision@k is 0.09091, mrr is 0.50000
---- item 301: map is 0.30609, precision@k is 0.09091, mrr is 1.00000
---- item 351: map is 0.02142, precision@k is 0.00000, mrr is 0.02500
---- item 401: map is 0.00702, precision@k is 0.00000, mrr is 0.00535
---- item 451: map is 0.50926, precision@k is 0.09091, mrr is 1.00000
---- item 501: map is 1.00000, precision@k is 1.00000, mrr is 1.00000
---- item 551: map is 0.55899, precision@k is 0.18182, mrr is 1.00000
---- item 601: map is 0.34134, precision@k is 0.09091, mrr is 1.00000
---- item 651: map is 0.05461, precision@k is 0.09091, mrr is 0.12500
---- item 701: map is 0.01957, precision@k is 0.00000, mrr is 0.01370
[Stat]LDA_Variational model, Interpolation mode item tagging: Precision@K is 0.18260, MAP is: 0.36456, MRR is: 0.76879, in top 10 tags
256 users are loaded from /home/ll5fy/TUIR/dataset/yelp/byUser_70k_review/5foldsCVColdstart/4/...
260 users are loaded from /home/ll5fy/TUIR/dataset/yelp/byUser_70k_review/5foldsCVColdstart/0/...
244 users are loaded from /home/ll5fy/TUIR/dataset/yelp/byUser_70k_review/5foldsCVColdstart/1/...
266 users are loaded from /home/ll5fy/TUIR/dataset/yelp/byUser_70k_review/5foldsCVColdstart/2/...
264 users are loaded from /home/ll5fy/TUIR/dataset/yelp/byUser_70k_review/5foldsCVColdstart/3/...
[Info]Finish loading 726 items' weights in total 156639 items!
[Info]Begin tagging 726 items with LDA_Variational Interpolation............
---- item 1: map is 0.67576, precision@k is 0.18182, mrr is 1.00000
---- item 51: map is 0.22122, precision@k is 0.09091, mrr is 1.00000
---- item 101: map is 0.37881, precision@k is 0.09091, mrr is 1.00000
---- item 151: map is 0.34717, precision@k is 0.09091, mrr is 1.00000
---- item 201: map is 1.00000, precision@k is 1.00000, mrr is 1.00000
---- item 251: map is 0.34729, precision@k is 0.09091, mrr is 1.00000
---- item 301: map is 0.41938, precision@k is 0.18182, mrr is 1.00000
---- item 351: map is 0.06667, precision@k is 0.00000, mrr is 0.06667
---- item 401: map is 0.35432, precision@k is 0.09091, mrr is 1.00000
---- item 451: map is 0.18571, precision@k is 0.09091, mrr is 0.50000
---- item 501: map is 0.53588, precision@k is 0.18182, mrr is 1.00000
---- item 551: map is 0.51687, precision@k is 0.18182, mrr is 1.00000
---- item 601: map is 0.45119, precision@k is 0.18182, mrr is 1.00000
---- item 651: map is 0.51064, precision@k is 0.18182, mrr is 1.00000
---- item 701: map is 0.50852, precision@k is 0.18182, mrr is 1.00000
[Stat]LDA_Variational model, Interpolation mode item tagging: Precision@K is 0.17891, MAP is: 0.36479, MRR is: 0.76856, in top 10 tags

[Stat]Running time (seconds) 309.90100
[Stat]MAP 0.313+/-0.086
[Stat]MRR 0.670+/-0.190
[Stat]Precision 0.158+/-0.027
