Load 6134 2-gram new features from /home/ll5fy/TUIR/dataset/yelp/yelp_features.txt...
Load 6134 2-gram new features from /home/ll5fy/TUIR/dataset/yelp/yelp_features.txt...
[Info]Start FIXED cross validation...
[Info]Load 553 tags, with 6134 features.
260 users are loaded from /home/ll5fy/TUIR/dataset/yelp/byUser_70k_review/5foldsCVColdstart/0/...
244 users are loaded from /home/ll5fy/TUIR/dataset/yelp/byUser_70k_review/5foldsCVColdstart/1/...
266 users are loaded from /home/ll5fy/TUIR/dataset/yelp/byUser_70k_review/5foldsCVColdstart/2/...
264 users are loaded from /home/ll5fy/TUIR/dataset/yelp/byUser_70k_review/5foldsCVColdstart/3/...
256 users are loaded from /home/ll5fy/TUIR/dataset/yelp/byUser_70k_review/5foldsCVColdstart/4/...
[Info]Finish loading 722 items' weights in total 156639 items!
[Info]Begin tagging 722 items with LDA_Item Interpolation............
---- item 1: map is 0.50752, precision@k is 0.18182, mrr is 1.00000
---- item 51: map is 0.12688, precision@k is 0.09091, mrr is 0.25000
---- item 101: map is 0.75000, precision@k is 0.50000, mrr is 1.00000
---- item 151: map is 0.20624, precision@k is 0.09091, mrr is 0.50000
---- item 201: map is 0.36272, precision@k is 0.18182, mrr is 1.00000
---- item 251: map is 0.83333, precision@k is 0.66667, mrr is 1.00000
---- item 301: map is 0.09887, precision@k is 0.09091, mrr is 0.12500
---- item 351: map is 0.33815, precision@k is 0.18182, mrr is 1.00000
---- item 401: map is 0.29716, precision@k is 0.09091, mrr is 1.00000
---- item 451: map is 0.65321, precision@k is 0.27273, mrr is 1.00000
---- item 501: map is 0.34014, precision@k is 0.09091, mrr is 1.00000
---- item 551: map is 0.66984, precision@k is 0.18182, mrr is 1.00000
---- item 601: map is 0.36111, precision@k is 0.22222, mrr is 0.50000
---- item 651: map is 0.23918, precision@k is 0.18182, mrr is 0.50000
---- item 701: map is 0.66667, precision@k is 0.33333, mrr is 1.00000
[Stat]LDA_Item model, Interpolation mode item tagging: Precision@K is 0.21065, MAP is: 0.35407, MRR is: 0.64790, in top 10 tags
244 users are loaded from /home/ll5fy/TUIR/dataset/yelp/byUser_70k_review/5foldsCVColdstart/1/...
260 users are loaded from /home/ll5fy/TUIR/dataset/yelp/byUser_70k_review/5foldsCVColdstart/0/...
266 users are loaded from /home/ll5fy/TUIR/dataset/yelp/byUser_70k_review/5foldsCVColdstart/2/...
264 users are loaded from /home/ll5fy/TUIR/dataset/yelp/byUser_70k_review/5foldsCVColdstart/3/...
256 users are loaded from /home/ll5fy/TUIR/dataset/yelp/byUser_70k_review/5foldsCVColdstart/4/...
[Info]Finish loading 732 items' weights in total 156639 items!
[Info]Begin tagging 732 items with LDA_Item Interpolation............
---- item 1: map is 0.51538, precision@k is 0.18182, mrr is 1.00000
---- item 51: map is 0.55863, precision@k is 0.18182, mrr is 1.00000
---- item 101: map is 0.06775, precision@k is 0.00000, mrr is 0.07692
---- item 151: map is 0.33022, precision@k is 0.18182, mrr is 1.00000
---- item 201: map is 0.70000, precision@k is 0.40000, mrr is 1.00000
---- item 251: map is 0.41667, precision@k is 0.50000, mrr is 0.33333
---- item 301: map is 0.41951, precision@k is 0.18182, mrr is 1.00000
---- item 351: map is 0.36667, precision@k is 0.40000, mrr is 0.33333
---- item 401: map is 0.07955, precision@k is 0.09091, mrr is 0.20000
---- item 451: map is 0.32322, precision@k is 0.18182, mrr is 1.00000
---- item 501: map is 0.50000, precision@k is 0.50000, mrr is 0.50000
---- item 551: map is 0.00426, precision@k is 0.00000, mrr is 0.00258
---- item 601: map is 0.04402, precision@k is 0.00000, mrr is 0.07143
---- item 651: map is 0.53333, precision@k is 0.60000, mrr is 0.50000
---- item 701: map is 0.28341, precision@k is 0.18182, mrr is 1.00000
[Stat]LDA_Item model, Interpolation mode item tagging: Precision@K is 0.22099, MAP is: 0.36394, MRR is: 0.65013, in top 10 tags
266 users are loaded from /home/ll5fy/TUIR/dataset/yelp/byUser_70k_review/5foldsCVColdstart/2/...
260 users are loaded from /home/ll5fy/TUIR/dataset/yelp/byUser_70k_review/5foldsCVColdstart/0/...
244 users are loaded from /home/ll5fy/TUIR/dataset/yelp/byUser_70k_review/5foldsCVColdstart/1/...
264 users are loaded from /home/ll5fy/TUIR/dataset/yelp/byUser_70k_review/5foldsCVColdstart/3/...
256 users are loaded from /home/ll5fy/TUIR/dataset/yelp/byUser_70k_review/5foldsCVColdstart/4/...
[Info]Finish loading 702 items' weights in total 156639 items!
[Info]Begin tagging 702 items with LDA_Item Interpolation............
---- item 1: map is 0.68362, precision@k is 0.18182, mrr is 1.00000
---- item 51: map is 0.39485, precision@k is 0.27273, mrr is 0.50000
---- item 101: map is 0.50847, precision@k is 0.09091, mrr is 1.00000
---- item 151: map is 0.28643, precision@k is 0.27273, mrr is 0.50000
---- item 201: map is 0.18023, precision@k is 0.09091, mrr is 1.00000
---- item 251: map is 0.25260, precision@k is 0.27273, mrr is 0.50000
---- item 301: map is 0.10284, precision@k is 0.09091, mrr is 0.16667
---- item 351: map is 0.41435, precision@k is 0.18182, mrr is 1.00000
---- item 401: map is 0.49361, precision@k is 0.36364, mrr is 1.00000
---- item 451: map is 0.65725, precision@k is 0.27273, mrr is 1.00000
---- item 501: map is 0.39895, precision@k is 0.27273, mrr is 0.50000
---- item 551: map is 0.47702, precision@k is 0.27273, mrr is 1.00000
---- item 601: map is 0.24911, precision@k is 0.27273, mrr is 0.33333
---- item 651: map is 0.38049, precision@k is 0.09091, mrr is 1.00000
---- item 701: map is 0.26667, precision@k is 0.20000, mrr is 0.33333
[Stat]LDA_Item model, Interpolation mode item tagging: Precision@K is 0.22186, MAP is: 0.36512, MRR is: 0.64133, in top 10 tags
264 users are loaded from /home/ll5fy/TUIR/dataset/yelp/byUser_70k_review/5foldsCVColdstart/3/...
260 users are loaded from /home/ll5fy/TUIR/dataset/yelp/byUser_70k_review/5foldsCVColdstart/0/...
244 users are loaded from /home/ll5fy/TUIR/dataset/yelp/byUser_70k_review/5foldsCVColdstart/1/...
266 users are loaded from /home/ll5fy/TUIR/dataset/yelp/byUser_70k_review/5foldsCVColdstart/2/...
256 users are loaded from /home/ll5fy/TUIR/dataset/yelp/byUser_70k_review/5foldsCVColdstart/4/...
[Info]Finish loading 717 items' weights in total 156639 items!
[Info]Begin tagging 717 items with LDA_Item Interpolation............
---- item 1: map is 0.45833, precision@k is 0.18182, mrr is 1.00000
---- item 51: map is 0.44832, precision@k is 0.18182, mrr is 1.00000
---- item 101: map is 0.22619, precision@k is 0.28571, mrr is 0.16667
---- item 151: map is 0.08947, precision@k is 0.09091, mrr is 0.16667
---- item 201: map is 0.34536, precision@k is 0.27273, mrr is 0.50000
---- item 251: map is 0.05298, precision@k is 0.09091, mrr is 0.10000
---- item 301: map is 0.30521, precision@k is 0.18182, mrr is 0.33333
---- item 351: map is 0.04398, precision@k is 0.00000, mrr is 0.03846
---- item 401: map is 0.01012, precision@k is 0.00000, mrr is 0.01124
---- item 451: map is 1.00000, precision@k is 1.00000, mrr is 1.00000
---- item 501: map is 1.00000, precision@k is 1.00000, mrr is 1.00000
---- item 551: map is 0.67199, precision@k is 0.18182, mrr is 1.00000
---- item 601: map is 0.03068, precision@k is 0.00000, mrr is 0.05882
---- item 651: map is 0.34549, precision@k is 0.27273, mrr is 0.50000
---- item 701: map is 0.42611, precision@k is 0.36364, mrr is 1.00000
[Stat]LDA_Item model, Interpolation mode item tagging: Precision@K is 0.21674, MAP is: 0.36243, MRR is: 0.64710, in top 10 tags
256 users are loaded from /home/ll5fy/TUIR/dataset/yelp/byUser_70k_review/5foldsCVColdstart/4/...
260 users are loaded from /home/ll5fy/TUIR/dataset/yelp/byUser_70k_review/5foldsCVColdstart/0/...
244 users are loaded from /home/ll5fy/TUIR/dataset/yelp/byUser_70k_review/5foldsCVColdstart/1/...
266 users are loaded from /home/ll5fy/TUIR/dataset/yelp/byUser_70k_review/5foldsCVColdstart/2/...
264 users are loaded from /home/ll5fy/TUIR/dataset/yelp/byUser_70k_review/5foldsCVColdstart/3/...
[Info]Finish loading 726 items' weights in total 156639 items!
[Info]Begin tagging 726 items with LDA_Item Interpolation............
---- item 1: map is 0.46572, precision@k is 0.18182, mrr is 1.00000
---- item 51: map is 0.22224, precision@k is 0.09091, mrr is 1.00000
---- item 101: map is 0.42354, precision@k is 0.18182, mrr is 1.00000
---- item 151: map is 0.12316, precision@k is 0.09091, mrr is 0.33333
---- item 201: map is 0.66667, precision@k is 0.33333, mrr is 1.00000
---- item 251: map is 0.34594, precision@k is 0.09091, mrr is 1.00000
---- item 301: map is 0.40287, precision@k is 0.18182, mrr is 1.00000
---- item 351: map is 1.00000, precision@k is 1.00000, mrr is 1.00000
---- item 401: map is 0.39565, precision@k is 0.09091, mrr is 1.00000
---- item 451: map is 0.19194, precision@k is 0.18182, mrr is 0.33333
---- item 501: map is 0.46715, precision@k is 0.18182, mrr is 1.00000
---- item 551: map is 0.52575, precision@k is 0.27273, mrr is 1.00000
---- item 601: map is 0.41204, precision@k is 0.27273, mrr is 0.50000
---- item 651: map is 0.70000, precision@k is 0.60000, mrr is 1.00000
---- item 701: map is 0.51444, precision@k is 0.18182, mrr is 1.00000
[Stat]LDA_Item model, Interpolation mode item tagging: Precision@K is 0.21515, MAP is: 0.36332, MRR is: 0.64608, in top 10 tags

[Stat]Running time (seconds) 305.68900
[Stat]MAP 0.362+/-0.004
[Stat]MRR 0.647+/-0.003
[Stat]Precision 0.217+/-0.004
