Load 6134 2-gram new features from /home/ll5fy/TUIR/dataset/yelp/yelp_features.txt...
Load 6134 2-gram new features from /home/ll5fy/TUIR/dataset/yelp/yelp_features.txt...
[Info]Start FIXED cross validation...
[Info]Load 553 tags, with 6134 features.
260 users are loaded from /home/ll5fy/TUIR/dataset/yelp/byUser_70k_review/5foldsCVColdstart/0/...
244 users are loaded from /home/ll5fy/TUIR/dataset/yelp/byUser_70k_review/5foldsCVColdstart/1/...
266 users are loaded from /home/ll5fy/TUIR/dataset/yelp/byUser_70k_review/5foldsCVColdstart/2/...
264 users are loaded from /home/ll5fy/TUIR/dataset/yelp/byUser_70k_review/5foldsCVColdstart/3/...
256 users are loaded from /home/ll5fy/TUIR/dataset/yelp/byUser_70k_review/5foldsCVColdstart/4/...
[Info]Finish loading 722 items' weights in total 156639 items!
[Info]Begin tagging 722 items with CTM Interpolation............
---- item 1: map is 0.44790, precision@k is 0.18182, mrr is 1.00000
---- item 51: map is 0.25189, precision@k is 0.09091, mrr is 0.50000
---- item 101: map is 0.58333, precision@k is 0.66667, mrr is 0.50000
---- item 151: map is 0.07793, precision@k is 0.09091, mrr is 0.20000
---- item 201: map is 0.34065, precision@k is 0.18182, mrr is 1.00000
---- item 251: map is 0.83333, precision@k is 0.66667, mrr is 1.00000
---- item 301: map is 0.06694, precision@k is 0.09091, mrr is 0.16667
---- item 351: map is 0.32610, precision@k is 0.18182, mrr is 1.00000
---- item 401: map is 0.30008, precision@k is 0.09091, mrr is 1.00000
---- item 451: map is 0.52476, precision@k is 0.18182, mrr is 1.00000
---- item 501: map is 0.17158, precision@k is 0.09091, mrr is 0.50000
---- item 551: map is 0.35559, precision@k is 0.09091, mrr is 1.00000
---- item 601: map is 0.41667, precision@k is 0.33333, mrr is 0.50000
---- item 651: map is 0.27720, precision@k is 0.18182, mrr is 0.50000
---- item 701: map is 0.66667, precision@k is 0.33333, mrr is 1.00000
[Stat]CTM model, Interpolation mode item tagging: Precision@K is 0.18030, MAP is: 0.30423, MRR is: 0.61126, in top 10 tags
244 users are loaded from /home/ll5fy/TUIR/dataset/yelp/byUser_70k_review/5foldsCVColdstart/1/...
260 users are loaded from /home/ll5fy/TUIR/dataset/yelp/byUser_70k_review/5foldsCVColdstart/0/...
266 users are loaded from /home/ll5fy/TUIR/dataset/yelp/byUser_70k_review/5foldsCVColdstart/2/...
264 users are loaded from /home/ll5fy/TUIR/dataset/yelp/byUser_70k_review/5foldsCVColdstart/3/...
256 users are loaded from /home/ll5fy/TUIR/dataset/yelp/byUser_70k_review/5foldsCVColdstart/4/...
[Info]Finish loading 732 items' weights in total 156639 items!
[Info]Begin tagging 732 items with CTM Interpolation............
---- item 1: map is 0.67054, precision@k is 0.18182, mrr is 1.00000
---- item 51: map is 0.67235, precision@k is 0.18182, mrr is 1.00000
---- item 101: map is 0.06151, precision@k is 0.09091, mrr is 0.14286
---- item 151: map is 0.36211, precision@k is 0.18182, mrr is 1.00000
---- item 201: map is 0.83333, precision@k is 0.66667, mrr is 1.00000
---- item 251: map is 0.37500, precision@k is 0.25000, mrr is 0.50000
---- item 301: map is 0.46953, precision@k is 0.18182, mrr is 1.00000
---- item 351: map is 0.19231, precision@k is 0.09091, mrr is 0.33333
---- item 401: map is 0.11977, precision@k is 0.09091, mrr is 0.33333
---- item 451: map is 0.27506, precision@k is 0.18182, mrr is 1.00000
---- item 501: map is 0.50000, precision@k is 0.50000, mrr is 0.50000
---- item 551: map is 0.00468, precision@k is 0.00000, mrr is 0.00274
---- item 601: map is 0.02610, precision@k is 0.00000, mrr is 0.02041
---- item 651: map is 0.24008, precision@k is 0.09091, mrr is 0.50000
---- item 701: map is 0.42735, precision@k is 0.18182, mrr is 1.00000
[Stat]CTM model, Interpolation mode item tagging: Precision@K is 0.21762, MAP is: 0.37373, MRR is: 0.68726, in top 10 tags
266 users are loaded from /home/ll5fy/TUIR/dataset/yelp/byUser_70k_review/5foldsCVColdstart/2/...
260 users are loaded from /home/ll5fy/TUIR/dataset/yelp/byUser_70k_review/5foldsCVColdstart/0/...
244 users are loaded from /home/ll5fy/TUIR/dataset/yelp/byUser_70k_review/5foldsCVColdstart/1/...
264 users are loaded from /home/ll5fy/TUIR/dataset/yelp/byUser_70k_review/5foldsCVColdstart/3/...
256 users are loaded from /home/ll5fy/TUIR/dataset/yelp/byUser_70k_review/5foldsCVColdstart/4/...
[Info]Finish loading 702 items' weights in total 156639 items!
[Info]Begin tagging 702 items with CTM Interpolation............
---- item 1: map is 0.55868, precision@k is 0.18182, mrr is 1.00000
---- item 51: map is 0.36710, precision@k is 0.27273, mrr is 0.50000
---- item 101: map is 0.50585, precision@k is 0.09091, mrr is 1.00000
---- item 151: map is 0.22645, precision@k is 0.18182, mrr is 0.50000
---- item 201: map is 0.23661, precision@k is 0.18182, mrr is 1.00000
---- item 251: map is 0.25042, precision@k is 0.27273, mrr is 0.50000
---- item 301: map is 0.09424, precision@k is 0.09091, mrr is 0.12500
---- item 351: map is 0.34735, precision@k is 0.09091, mrr is 1.00000
---- item 401: map is 0.41873, precision@k is 0.27273, mrr is 1.00000
---- item 451: map is 0.65575, precision@k is 0.27273, mrr is 1.00000
---- item 501: map is 0.34871, precision@k is 0.27273, mrr is 0.50000
---- item 551: map is 0.43053, precision@k is 0.18182, mrr is 1.00000
---- item 601: map is 0.25716, precision@k is 0.27273, mrr is 0.33333
---- item 651: map is 0.38611, precision@k is 0.09091, mrr is 1.00000
---- item 701: map is 0.33333, precision@k is 0.33333, mrr is 0.33333
[Stat]CTM model, Interpolation mode item tagging: Precision@K is 0.21731, MAP is: 0.36587, MRR is: 0.65894, in top 10 tags
264 users are loaded from /home/ll5fy/TUIR/dataset/yelp/byUser_70k_review/5foldsCVColdstart/3/...
260 users are loaded from /home/ll5fy/TUIR/dataset/yelp/byUser_70k_review/5foldsCVColdstart/0/...
244 users are loaded from /home/ll5fy/TUIR/dataset/yelp/byUser_70k_review/5foldsCVColdstart/1/...
266 users are loaded from /home/ll5fy/TUIR/dataset/yelp/byUser_70k_review/5foldsCVColdstart/2/...
256 users are loaded from /home/ll5fy/TUIR/dataset/yelp/byUser_70k_review/5foldsCVColdstart/4/...
[Info]Finish loading 717 items' weights in total 156639 items!
[Info]Begin tagging 717 items with CTM Interpolation............
---- item 1: map is 0.58586, precision@k is 0.18182, mrr is 1.00000
---- item 51: map is 0.56218, precision@k is 0.18182, mrr is 1.00000
---- item 101: map is 0.22619, precision@k is 0.28571, mrr is 0.16667
---- item 151: map is 0.09080, precision@k is 0.09091, mrr is 0.16667
---- item 201: map is 0.36584, precision@k is 0.27273, mrr is 0.50000
---- item 251: map is 0.07368, precision@k is 0.09091, mrr is 0.14286
---- item 301: map is 0.30769, precision@k is 0.18182, mrr is 0.33333
---- item 351: map is 0.02805, precision@k is 0.00000, mrr is 0.02174
---- item 401: map is 0.00636, precision@k is 0.00000, mrr is 0.00472
---- item 451: map is 0.83333, precision@k is 0.66667, mrr is 1.00000
---- item 501: map is 1.00000, precision@k is 1.00000, mrr is 1.00000
---- item 551: map is 0.67021, precision@k is 0.18182, mrr is 1.00000
---- item 601: map is 0.06542, precision@k is 0.09091, mrr is 0.16667
---- item 651: map is 0.34565, precision@k is 0.27273, mrr is 0.50000
---- item 701: map is 0.41684, precision@k is 0.36364, mrr is 1.00000
[Stat]CTM model, Interpolation mode item tagging: Precision@K is 0.22944, MAP is: 0.37505, MRR is: 0.66762, in top 10 tags
256 users are loaded from /home/ll5fy/TUIR/dataset/yelp/byUser_70k_review/5foldsCVColdstart/4/...
260 users are loaded from /home/ll5fy/TUIR/dataset/yelp/byUser_70k_review/5foldsCVColdstart/0/...
244 users are loaded from /home/ll5fy/TUIR/dataset/yelp/byUser_70k_review/5foldsCVColdstart/1/...
266 users are loaded from /home/ll5fy/TUIR/dataset/yelp/byUser_70k_review/5foldsCVColdstart/2/...
264 users are loaded from /home/ll5fy/TUIR/dataset/yelp/byUser_70k_review/5foldsCVColdstart/3/...
[Info]Finish loading 726 items' weights in total 156639 items!
[Info]Begin tagging 726 items with CTM Interpolation............
---- item 1: map is 0.56270, precision@k is 0.18182, mrr is 1.00000
---- item 51: map is 0.21991, precision@k is 0.09091, mrr is 1.00000
---- item 101: map is 0.43018, precision@k is 0.18182, mrr is 1.00000
---- item 151: map is 0.12560, precision@k is 0.09091, mrr is 0.33333
---- item 201: map is 0.70000, precision@k is 0.40000, mrr is 1.00000
---- item 251: map is 0.34822, precision@k is 0.09091, mrr is 1.00000
---- item 301: map is 0.41027, precision@k is 0.18182, mrr is 1.00000
---- item 351: map is 1.00000, precision@k is 1.00000, mrr is 1.00000
---- item 401: map is 0.36504, precision@k is 0.09091, mrr is 1.00000
---- item 451: map is 0.13866, precision@k is 0.09091, mrr is 0.33333
---- item 501: map is 0.60060, precision@k is 0.27273, mrr is 1.00000
---- item 551: map is 0.51237, precision@k is 0.27273, mrr is 1.00000
---- item 601: map is 0.43519, precision@k is 0.27273, mrr is 0.50000
---- item 651: map is 0.66667, precision@k is 0.50000, mrr is 1.00000
---- item 701: map is 0.50968, precision@k is 0.18182, mrr is 1.00000
[Stat]CTM model, Interpolation mode item tagging: Precision@K is 0.23016, MAP is: 0.37657, MRR is: 0.66656, in top 10 tags

[Stat]Running time (seconds) 303.60400
[Stat]MAP 0.359+/-0.028
[Stat]MRR 0.658+/-0.025
[Stat]Precision 0.215+/-0.018
