Load 6134 2-gram new features from /home/ll5fy/TUIR/dataset/yelp/yelp_features.txt...
Load 6134 2-gram new features from /home/ll5fy/TUIR/dataset/yelp/yelp_features.txt...
[Info]Start FIXED cross validation...
[Info]Load 553 tags, with 6134 features.
260 users are loaded from /home/ll5fy/TUIR/dataset/yelp/byUser_70k_review/5foldsCVColdstart/0/...
244 users are loaded from /home/ll5fy/TUIR/dataset/yelp/byUser_70k_review/5foldsCVColdstart/1/...
266 users are loaded from /home/ll5fy/TUIR/dataset/yelp/byUser_70k_review/5foldsCVColdstart/2/...
264 users are loaded from /home/ll5fy/TUIR/dataset/yelp/byUser_70k_review/5foldsCVColdstart/3/...
256 users are loaded from /home/ll5fy/TUIR/dataset/yelp/byUser_70k_review/5foldsCVColdstart/4/...
[Info]Finish loading 722 items' weights in total 156639 items!
[Info]Begin tagging 722 items with LDA_User Interpolation............
---- item 1: map is 0.50990, precision@k is 0.18182, mrr is 1.00000
---- item 51: map is 0.12687, precision@k is 0.09091, mrr is 0.25000
---- item 101: map is 0.75000, precision@k is 0.50000, mrr is 1.00000
---- item 151: map is 0.21096, precision@k is 0.09091, mrr is 0.50000
---- item 201: map is 0.36592, precision@k is 0.18182, mrr is 1.00000
---- item 251: map is 0.83333, precision@k is 0.66667, mrr is 1.00000
---- item 301: map is 0.10458, precision@k is 0.09091, mrr is 0.14286
---- item 351: map is 0.34853, precision@k is 0.18182, mrr is 1.00000
---- item 401: map is 0.29720, precision@k is 0.09091, mrr is 1.00000
---- item 451: map is 0.65317, precision@k is 0.27273, mrr is 1.00000
---- item 501: map is 0.34034, precision@k is 0.09091, mrr is 1.00000
---- item 551: map is 0.67010, precision@k is 0.18182, mrr is 1.00000
---- item 601: map is 0.36111, precision@k is 0.22222, mrr is 0.50000
---- item 651: map is 0.22836, precision@k is 0.18182, mrr is 0.50000
---- item 701: map is 0.70000, precision@k is 0.40000, mrr is 1.00000
[Stat]LDA_User model, Interpolation mode item tagging: Precision@K is 0.21381, MAP is: 0.35711, MRR is: 0.65108, in top 10 tags
244 users are loaded from /home/ll5fy/TUIR/dataset/yelp/byUser_70k_review/5foldsCVColdstart/1/...
260 users are loaded from /home/ll5fy/TUIR/dataset/yelp/byUser_70k_review/5foldsCVColdstart/0/...
266 users are loaded from /home/ll5fy/TUIR/dataset/yelp/byUser_70k_review/5foldsCVColdstart/2/...
264 users are loaded from /home/ll5fy/TUIR/dataset/yelp/byUser_70k_review/5foldsCVColdstart/3/...
256 users are loaded from /home/ll5fy/TUIR/dataset/yelp/byUser_70k_review/5foldsCVColdstart/4/...
[Info]Finish loading 732 items' weights in total 156639 items!
[Info]Begin tagging 732 items with LDA_User Interpolation............
---- item 1: map is 0.51613, precision@k is 0.18182, mrr is 1.00000
---- item 51: map is 0.55885, precision@k is 0.18182, mrr is 1.00000
---- item 101: map is 0.06414, precision@k is 0.00000, mrr is 0.07692
---- item 151: map is 0.32078, precision@k is 0.18182, mrr is 1.00000
---- item 201: map is 0.70000, precision@k is 0.40000, mrr is 1.00000
---- item 251: map is 0.41667, precision@k is 0.50000, mrr is 0.33333
---- item 301: map is 0.41025, precision@k is 0.18182, mrr is 1.00000
---- item 351: map is 0.36667, precision@k is 0.40000, mrr is 0.33333
---- item 401: map is 0.07077, precision@k is 0.09091, mrr is 0.16667
---- item 451: map is 0.30327, precision@k is 0.18182, mrr is 1.00000
---- item 501: map is 0.50000, precision@k is 0.50000, mrr is 0.50000
---- item 551: map is 0.00447, precision@k is 0.00000, mrr is 0.00262
---- item 601: map is 0.04346, precision@k is 0.00000, mrr is 0.07143
---- item 651: map is 0.50000, precision@k is 0.50000, mrr is 0.50000
---- item 701: map is 0.29765, precision@k is 0.18182, mrr is 1.00000
[Stat]LDA_User model, Interpolation mode item tagging: Precision@K is 0.22097, MAP is: 0.36395, MRR is: 0.64874, in top 10 tags
266 users are loaded from /home/ll5fy/TUIR/dataset/yelp/byUser_70k_review/5foldsCVColdstart/2/...
260 users are loaded from /home/ll5fy/TUIR/dataset/yelp/byUser_70k_review/5foldsCVColdstart/0/...
244 users are loaded from /home/ll5fy/TUIR/dataset/yelp/byUser_70k_review/5foldsCVColdstart/1/...
264 users are loaded from /home/ll5fy/TUIR/dataset/yelp/byUser_70k_review/5foldsCVColdstart/3/...
256 users are loaded from /home/ll5fy/TUIR/dataset/yelp/byUser_70k_review/5foldsCVColdstart/4/...
[Info]Finish loading 702 items' weights in total 156639 items!
[Info]Begin tagging 702 items with LDA_User Interpolation............
---- item 1: map is 0.67657, precision@k is 0.18182, mrr is 1.00000
---- item 51: map is 0.39418, precision@k is 0.27273, mrr is 0.50000
---- item 101: map is 0.50787, precision@k is 0.09091, mrr is 1.00000
---- item 151: map is 0.27098, precision@k is 0.18182, mrr is 0.50000
---- item 201: map is 0.18174, precision@k is 0.09091, mrr is 1.00000
---- item 251: map is 0.25192, precision@k is 0.27273, mrr is 0.50000
---- item 301: map is 0.11363, precision@k is 0.09091, mrr is 0.20000
---- item 351: map is 0.42316, precision@k is 0.18182, mrr is 1.00000
---- item 401: map is 0.48460, precision@k is 0.36364, mrr is 1.00000
---- item 451: map is 0.66515, precision@k is 0.27273, mrr is 1.00000
---- item 501: map is 0.39831, precision@k is 0.27273, mrr is 0.50000
---- item 551: map is 0.47707, precision@k is 0.27273, mrr is 1.00000
---- item 601: map is 0.24868, precision@k is 0.27273, mrr is 0.33333
---- item 651: map is 0.38005, precision@k is 0.09091, mrr is 1.00000
---- item 701: map is 0.25758, precision@k is 0.09091, mrr is 0.33333
[Stat]LDA_User model, Interpolation mode item tagging: Precision@K is 0.22034, MAP is: 0.36449, MRR is: 0.64032, in top 10 tags
264 users are loaded from /home/ll5fy/TUIR/dataset/yelp/byUser_70k_review/5foldsCVColdstart/3/...
260 users are loaded from /home/ll5fy/TUIR/dataset/yelp/byUser_70k_review/5foldsCVColdstart/0/...
244 users are loaded from /home/ll5fy/TUIR/dataset/yelp/byUser_70k_review/5foldsCVColdstart/1/...
266 users are loaded from /home/ll5fy/TUIR/dataset/yelp/byUser_70k_review/5foldsCVColdstart/2/...
256 users are loaded from /home/ll5fy/TUIR/dataset/yelp/byUser_70k_review/5foldsCVColdstart/4/...
[Info]Finish loading 717 items' weights in total 156639 items!
[Info]Begin tagging 717 items with LDA_User Interpolation............
---- item 1: map is 0.45873, precision@k is 0.18182, mrr is 1.00000
---- item 51: map is 0.44765, precision@k is 0.18182, mrr is 1.00000
---- item 101: map is 0.22619, precision@k is 0.28571, mrr is 0.16667
---- item 151: map is 0.08996, precision@k is 0.09091, mrr is 0.16667
---- item 201: map is 0.34398, precision@k is 0.27273, mrr is 0.50000
---- item 251: map is 0.05829, precision@k is 0.09091, mrr is 0.11111
---- item 301: map is 0.30521, precision@k is 0.18182, mrr is 0.33333
---- item 351: map is 0.04157, precision@k is 0.00000, mrr is 0.03704
---- item 401: map is 0.01010, precision@k is 0.00000, mrr is 0.01064
---- item 451: map is 1.00000, precision@k is 1.00000, mrr is 1.00000
---- item 501: map is 1.00000, precision@k is 1.00000, mrr is 1.00000
---- item 551: map is 0.67132, precision@k is 0.18182, mrr is 1.00000
---- item 601: map is 0.03302, precision@k is 0.00000, mrr is 0.06250
---- item 651: map is 0.34426, precision@k is 0.27273, mrr is 0.50000
---- item 701: map is 0.42630, precision@k is 0.36364, mrr is 1.00000
[Stat]LDA_User model, Interpolation mode item tagging: Precision@K is 0.21921, MAP is: 0.36507, MRR is: 0.64973, in top 10 tags
256 users are loaded from /home/ll5fy/TUIR/dataset/yelp/byUser_70k_review/5foldsCVColdstart/4/...
260 users are loaded from /home/ll5fy/TUIR/dataset/yelp/byUser_70k_review/5foldsCVColdstart/0/...
244 users are loaded from /home/ll5fy/TUIR/dataset/yelp/byUser_70k_review/5foldsCVColdstart/1/...
266 users are loaded from /home/ll5fy/TUIR/dataset/yelp/byUser_70k_review/5foldsCVColdstart/2/...
264 users are loaded from /home/ll5fy/TUIR/dataset/yelp/byUser_70k_review/5foldsCVColdstart/3/...
[Info]Finish loading 726 items' weights in total 156639 items!
[Info]Begin tagging 726 items with LDA_User Interpolation............
---- item 1: map is 0.45937, precision@k is 0.18182, mrr is 1.00000
---- item 51: map is 0.21961, precision@k is 0.09091, mrr is 1.00000
---- item 101: map is 0.42211, precision@k is 0.18182, mrr is 1.00000
---- item 151: map is 0.12281, precision@k is 0.09091, mrr is 0.33333
---- item 201: map is 0.66667, precision@k is 0.33333, mrr is 1.00000
---- item 251: map is 0.34549, precision@k is 0.09091, mrr is 1.00000
---- item 301: map is 0.40293, precision@k is 0.18182, mrr is 1.00000
---- item 351: map is 1.00000, precision@k is 1.00000, mrr is 1.00000
---- item 401: map is 0.39236, precision@k is 0.09091, mrr is 1.00000
---- item 451: map is 0.18384, precision@k is 0.18182, mrr is 0.33333
---- item 501: map is 0.46326, precision@k is 0.18182, mrr is 1.00000
---- item 551: map is 0.51245, precision@k is 0.27273, mrr is 1.00000
---- item 601: map is 0.41071, precision@k is 0.27273, mrr is 0.50000
---- item 651: map is 0.70000, precision@k is 0.60000, mrr is 1.00000
---- item 701: map is 0.51204, precision@k is 0.18182, mrr is 1.00000
[Stat]LDA_User model, Interpolation mode item tagging: Precision@K is 0.21626, MAP is: 0.36374, MRR is: 0.64624, in top 10 tags

[Stat]Running time (seconds) 312.41600
[Stat]MAP 0.363+/-0.003
[Stat]MRR 0.647+/-0.004
[Stat]Precision 0.218+/-0.003
