Load 6134 2-gram new features from /home/ll5fy/TUIR/dataset/yelp/yelp_features.txt...
Load 6134 2-gram new features from /home/ll5fy/TUIR/dataset/yelp/yelp_features.txt...
[Info]Start FIXED cross validation...
[Info]Load 553 tags, with 6134 features.
260 users are loaded from /home/ll5fy/TUIR/dataset/yelp/byUser_70k_review/5foldsCVColdstart/0/...
244 users are loaded from /home/ll5fy/TUIR/dataset/yelp/byUser_70k_review/5foldsCVColdstart/1/...
266 users are loaded from /home/ll5fy/TUIR/dataset/yelp/byUser_70k_review/5foldsCVColdstart/2/...
264 users are loaded from /home/ll5fy/TUIR/dataset/yelp/byUser_70k_review/5foldsCVColdstart/3/...
256 users are loaded from /home/ll5fy/TUIR/dataset/yelp/byUser_70k_review/5foldsCVColdstart/4/...
[Info]Finish loading 861 items' weights in total 156639 items!
[Info]Begin tagging 861 items with ETBIR_User Embed............
---- item 1: map is 0.34306, precision@k is 0.09091, mrr is 1.00000
---- item 51: map is 0.27475, precision@k is 0.09091, mrr is 1.00000
---- item 101: map is 0.52381, precision@k is 0.09091, mrr is 1.00000
---- item 151: map is 0.36125, precision@k is 0.09091, mrr is 1.00000
---- item 201: map is 0.34472, precision@k is 0.09091, mrr is 1.00000
---- item 251: map is 0.01350, precision@k is 0.00000, mrr is 0.00990
---- item 301: map is 0.25690, precision@k is 0.09091, mrr is 1.00000
---- item 351: map is 0.51235, precision@k is 0.09091, mrr is 1.00000
---- item 401: map is 0.03759, precision@k is 0.00000, mrr is 0.02941
---- item 451: map is 0.36286, precision@k is 0.09091, mrr is 1.00000
---- item 501: map is 0.01218, precision@k is 0.00000, mrr is 0.01370
---- item 551: map is 0.60000, precision@k is 0.20000, mrr is 1.00000
---- item 601: map is 0.02694, precision@k is 0.00000, mrr is 0.01961
---- item 651: map is 0.25991, precision@k is 0.09091, mrr is 1.00000
---- item 701: map is 0.34294, precision@k is 0.09091, mrr is 1.00000
---- item 751: map is 0.00459, precision@k is 0.00000, mrr is 0.00313
---- item 801: map is 0.34712, precision@k is 0.09091, mrr is 1.00000
---- item 851: map is 0.03679, precision@k is 0.00000, mrr is 0.04000
[Stat]ETBIR_User model, Embed mode item tagging: Precision@K is 0.09552, MAP is: 0.28763, MRR is: 0.77573, in top 10 tags
244 users are loaded from /home/ll5fy/TUIR/dataset/yelp/byUser_70k_review/5foldsCVColdstart/1/...
260 users are loaded from /home/ll5fy/TUIR/dataset/yelp/byUser_70k_review/5foldsCVColdstart/0/...
266 users are loaded from /home/ll5fy/TUIR/dataset/yelp/byUser_70k_review/5foldsCVColdstart/2/...
264 users are loaded from /home/ll5fy/TUIR/dataset/yelp/byUser_70k_review/5foldsCVColdstart/3/...
256 users are loaded from /home/ll5fy/TUIR/dataset/yelp/byUser_70k_review/5foldsCVColdstart/4/...
[Info]Finish loading 861 items' weights in total 156639 items!
[Info]Begin tagging 861 items with ETBIR_User Embed............
---- item 1: map is 0.34077, precision@k is 0.09091, mrr is 1.00000
---- item 51: map is 0.26903, precision@k is 0.09091, mrr is 1.00000
---- item 101: map is 0.51613, precision@k is 0.09091, mrr is 1.00000
---- item 151: map is 0.35692, precision@k is 0.09091, mrr is 1.00000
---- item 201: map is 0.34454, precision@k is 0.09091, mrr is 1.00000
---- item 251: map is 0.00893, precision@k is 0.00000, mrr is 0.00649
---- item 301: map is 0.25922, precision@k is 0.09091, mrr is 1.00000
---- item 351: map is 0.51316, precision@k is 0.09091, mrr is 1.00000
---- item 401: map is 0.02411, precision@k is 0.00000, mrr is 0.01587
---- item 451: map is 0.39798, precision@k is 0.09091, mrr is 1.00000
---- item 501: map is 0.01228, precision@k is 0.00000, mrr is 0.01563
---- item 551: map is 0.64286, precision@k is 0.28571, mrr is 1.00000
---- item 601: map is 0.01881, precision@k is 0.00000, mrr is 0.01515
---- item 651: map is 0.04470, precision@k is 0.09091, mrr is 0.14286
---- item 701: map is 0.34204, precision@k is 0.09091, mrr is 1.00000
---- item 751: map is 0.00469, precision@k is 0.00000, mrr is 0.00303
---- item 801: map is 0.34599, precision@k is 0.09091, mrr is 1.00000
---- item 851: map is 0.07266, precision@k is 0.09091, mrr is 0.14286
[Stat]ETBIR_User model, Embed mode item tagging: Precision@K is 0.09691, MAP is: 0.28681, MRR is: 0.77686, in top 10 tags
266 users are loaded from /home/ll5fy/TUIR/dataset/yelp/byUser_70k_review/5foldsCVColdstart/2/...
260 users are loaded from /home/ll5fy/TUIR/dataset/yelp/byUser_70k_review/5foldsCVColdstart/0/...
244 users are loaded from /home/ll5fy/TUIR/dataset/yelp/byUser_70k_review/5foldsCVColdstart/1/...
264 users are loaded from /home/ll5fy/TUIR/dataset/yelp/byUser_70k_review/5foldsCVColdstart/3/...
256 users are loaded from /home/ll5fy/TUIR/dataset/yelp/byUser_70k_review/5foldsCVColdstart/4/...
[Info]Finish loading 861 items' weights in total 156639 items!
[Info]Begin tagging 861 items with ETBIR_User Embed............
---- item 1: map is 0.34076, precision@k is 0.09091, mrr is 1.00000
---- item 51: map is 0.27861, precision@k is 0.09091, mrr is 1.00000
---- item 101: map is 0.51333, precision@k is 0.09091, mrr is 1.00000
---- item 151: map is 0.35450, precision@k is 0.09091, mrr is 1.00000
---- item 201: map is 0.34344, precision@k is 0.09091, mrr is 1.00000
---- item 251: map is 0.00961, precision@k is 0.00000, mrr is 0.00694
---- item 301: map is 0.25944, precision@k is 0.09091, mrr is 1.00000
---- item 351: map is 0.51754, precision@k is 0.09091, mrr is 1.00000
---- item 401: map is 0.02727, precision@k is 0.00000, mrr is 0.01818
---- item 451: map is 0.38611, precision@k is 0.09091, mrr is 1.00000
---- item 501: map is 0.01138, precision@k is 0.00000, mrr is 0.01563
---- item 551: map is 0.59091, precision@k is 0.09091, mrr is 1.00000
---- item 601: map is 0.02339, precision@k is 0.00000, mrr is 0.01515
---- item 651: map is 0.04399, precision@k is 0.09091, mrr is 0.14286
---- item 701: map is 0.33997, precision@k is 0.09091, mrr is 1.00000
---- item 751: map is 0.00476, precision@k is 0.00000, mrr is 0.00319
---- item 801: map is 0.36137, precision@k is 0.09091, mrr is 1.00000
---- item 851: map is 0.08048, precision@k is 0.09091, mrr is 0.14286
[Stat]ETBIR_User model, Embed mode item tagging: Precision@K is 0.09525, MAP is: 0.28724, MRR is: 0.77670, in top 10 tags
264 users are loaded from /home/ll5fy/TUIR/dataset/yelp/byUser_70k_review/5foldsCVColdstart/3/...
260 users are loaded from /home/ll5fy/TUIR/dataset/yelp/byUser_70k_review/5foldsCVColdstart/0/...
244 users are loaded from /home/ll5fy/TUIR/dataset/yelp/byUser_70k_review/5foldsCVColdstart/1/...
266 users are loaded from /home/ll5fy/TUIR/dataset/yelp/byUser_70k_review/5foldsCVColdstart/2/...
256 users are loaded from /home/ll5fy/TUIR/dataset/yelp/byUser_70k_review/5foldsCVColdstart/4/...
[Info]Finish loading 861 items' weights in total 156639 items!
[Info]Begin tagging 861 items with ETBIR_User Embed............
---- item 1: map is 0.34002, precision@k is 0.09091, mrr is 1.00000
---- item 51: map is 0.27583, precision@k is 0.09091, mrr is 1.00000
---- item 101: map is 0.52632, precision@k is 0.09091, mrr is 1.00000
---- item 151: map is 0.36763, precision@k is 0.09091, mrr is 1.00000
---- item 201: map is 0.34346, precision@k is 0.09091, mrr is 1.00000
---- item 251: map is 0.50351, precision@k is 0.09091, mrr is 1.00000
---- item 301: map is 0.25781, precision@k is 0.09091, mrr is 1.00000
---- item 351: map is 0.52222, precision@k is 0.09091, mrr is 1.00000
---- item 401: map is 0.03321, precision@k is 0.00000, mrr is 0.02632
---- item 451: map is 0.35312, precision@k is 0.09091, mrr is 1.00000
---- item 501: map is 0.01071, precision@k is 0.00000, mrr is 0.01449
---- item 551: map is 0.61111, precision@k is 0.22222, mrr is 1.00000
---- item 601: map is 0.02381, precision@k is 0.00000, mrr is 0.01333
---- item 651: map is 0.03364, precision@k is 0.00000, mrr is 0.07143
---- item 701: map is 0.33996, precision@k is 0.09091, mrr is 1.00000
---- item 751: map is 0.00452, precision@k is 0.00000, mrr is 0.00308
---- item 801: map is 0.35471, precision@k is 0.09091, mrr is 1.00000
---- item 851: map is 0.04720, precision@k is 0.00000, mrr is 0.05556
[Stat]ETBIR_User model, Embed mode item tagging: Precision@K is 0.09473, MAP is: 0.28712, MRR is: 0.77601, in top 10 tags
256 users are loaded from /home/ll5fy/TUIR/dataset/yelp/byUser_70k_review/5foldsCVColdstart/4/...
260 users are loaded from /home/ll5fy/TUIR/dataset/yelp/byUser_70k_review/5foldsCVColdstart/0/...
244 users are loaded from /home/ll5fy/TUIR/dataset/yelp/byUser_70k_review/5foldsCVColdstart/1/...
266 users are loaded from /home/ll5fy/TUIR/dataset/yelp/byUser_70k_review/5foldsCVColdstart/2/...
264 users are loaded from /home/ll5fy/TUIR/dataset/yelp/byUser_70k_review/5foldsCVColdstart/3/...
[Info]Finish loading 861 items' weights in total 156639 items!
[Info]Begin tagging 861 items with ETBIR_User Embed............
---- item 1: map is 0.30176, precision@k is 0.09091, mrr is 1.00000
---- item 51: map is 0.27590, precision@k is 0.09091, mrr is 1.00000
---- item 101: map is 0.51449, precision@k is 0.09091, mrr is 1.00000
---- item 151: map is 0.23717, precision@k is 0.09091, mrr is 1.00000
---- item 201: map is 0.34489, precision@k is 0.09091, mrr is 1.00000
---- item 251: map is 0.01085, precision@k is 0.00000, mrr is 0.00752
---- item 301: map is 0.25890, precision@k is 0.09091, mrr is 1.00000
---- item 351: map is 0.52000, precision@k is 0.09091, mrr is 1.00000
---- item 401: map is 0.03077, precision@k is 0.00000, mrr is 0.02273
---- item 451: map is 0.35009, precision@k is 0.09091, mrr is 1.00000
---- item 501: map is 0.01130, precision@k is 0.00000, mrr is 0.01515
---- item 551: map is 0.58333, precision@k is 0.09091, mrr is 1.00000
---- item 601: map is 0.02654, precision@k is 0.00000, mrr is 0.01786
---- item 651: map is 0.04396, precision@k is 0.09091, mrr is 0.14286
---- item 701: map is 0.34201, precision@k is 0.09091, mrr is 1.00000
---- item 751: map is 0.00457, precision@k is 0.00000, mrr is 0.00307
---- item 801: map is 0.34980, precision@k is 0.09091, mrr is 1.00000
---- item 851: map is 0.05598, precision@k is 0.09091, mrr is 0.12500
[Stat]ETBIR_User model, Embed mode item tagging: Precision@K is 0.09450, MAP is: 0.28673, MRR is: 0.77710, in top 10 tags

[Stat]Running time (seconds) 27.45900
[Stat]MAP 0.287+/-0.000
[Stat]MRR 0.776+/-0.001
[Stat]Precision 0.095+/-0.001
