Load 6134 2-gram new features from /home/ll5fy/TUIR/dataset/yelp/yelp_features.txt...
Load 6134 2-gram new features from /home/ll5fy/TUIR/dataset/yelp/yelp_features.txt...
[Info]Start FIXED cross validation...
[Info]Load 553 tags, with 6134 features.
260 users are loaded from /home/ll5fy/TUIR/dataset/yelp/byUser_70k_review/5foldsCVColdstart/0/...
244 users are loaded from /home/ll5fy/TUIR/dataset/yelp/byUser_70k_review/5foldsCVColdstart/1/...
266 users are loaded from /home/ll5fy/TUIR/dataset/yelp/byUser_70k_review/5foldsCVColdstart/2/...
264 users are loaded from /home/ll5fy/TUIR/dataset/yelp/byUser_70k_review/5foldsCVColdstart/3/...
256 users are loaded from /home/ll5fy/TUIR/dataset/yelp/byUser_70k_review/5foldsCVColdstart/4/...
[Info]Finish loading 722 items' weights in total 156639 items!
[Info]Begin tagging 722 items with CTM Embed............
---- item 1: map is 0.07260, precision@k is 0.09091, mrr is 0.20000
---- item 51: map is 0.10188, precision@k is 0.09091, mrr is 0.20000
---- item 101: map is 0.10926, precision@k is 0.09091, mrr is 0.20000
---- item 151: map is 0.07567, precision@k is 0.09091, mrr is 0.20000
---- item 201: map is 0.05754, precision@k is 0.09091, mrr is 0.20000
---- item 251: map is 0.10330, precision@k is 0.09091, mrr is 0.20000
---- item 301: map is 0.07450, precision@k is 0.09091, mrr is 0.20000
---- item 351: map is 0.05904, precision@k is 0.09091, mrr is 0.20000
---- item 401: map is 0.05899, precision@k is 0.09091, mrr is 0.20000
---- item 451: map is 0.06061, precision@k is 0.09091, mrr is 0.20000
---- item 501: map is 0.07225, precision@k is 0.09091, mrr is 0.20000
---- item 551: map is 0.07077, precision@k is 0.09091, mrr is 0.20000
---- item 601: map is 0.10265, precision@k is 0.09091, mrr is 0.20000
---- item 651: map is 0.28658, precision@k is 0.18182, mrr is 0.50000
---- item 701: map is 0.10219, precision@k is 0.09091, mrr is 0.20000
[Stat]CTM model, Embed mode item tagging: Precision@K is 0.08965, MAP is: 0.08647, MRR is: 0.19720, in top 10 tags
244 users are loaded from /home/ll5fy/TUIR/dataset/yelp/byUser_70k_review/5foldsCVColdstart/1/...
260 users are loaded from /home/ll5fy/TUIR/dataset/yelp/byUser_70k_review/5foldsCVColdstart/0/...
266 users are loaded from /home/ll5fy/TUIR/dataset/yelp/byUser_70k_review/5foldsCVColdstart/2/...
264 users are loaded from /home/ll5fy/TUIR/dataset/yelp/byUser_70k_review/5foldsCVColdstart/3/...
256 users are loaded from /home/ll5fy/TUIR/dataset/yelp/byUser_70k_review/5foldsCVColdstart/4/...
[Info]Finish loading 732 items' weights in total 156639 items!
[Info]Begin tagging 732 items with CTM Embed............
---- item 1: map is 0.33961, precision@k is 0.09091, mrr is 1.00000
---- item 51: map is 0.35418, precision@k is 0.09091, mrr is 1.00000
---- item 101: map is 0.34436, precision@k is 0.09091, mrr is 1.00000
---- item 151: map is 0.22457, precision@k is 0.09091, mrr is 1.00000
---- item 201: map is 0.51493, precision@k is 0.09091, mrr is 1.00000
---- item 251: map is 0.54000, precision@k is 0.09091, mrr is 1.00000
---- item 301: map is 0.07605, precision@k is 0.09091, mrr is 0.14286
---- item 351: map is 0.51176, precision@k is 0.09091, mrr is 1.00000
---- item 401: map is 0.34454, precision@k is 0.09091, mrr is 1.00000
---- item 451: map is 0.03170, precision@k is 0.00000, mrr is 0.02632
---- item 501: map is 0.00893, precision@k is 0.00000, mrr is 0.00893
---- item 551: map is 0.00429, precision@k is 0.00000, mrr is 0.00279
---- item 601: map is 0.01766, precision@k is 0.00000, mrr is 0.02632
---- item 651: map is 0.34793, precision@k is 0.09091, mrr is 1.00000
---- item 701: map is 0.22858, precision@k is 0.09091, mrr is 1.00000
[Stat]CTM model, Embed mode item tagging: Precision@K is 0.09062, MAP is: 0.28516, MRR is: 0.77050, in top 10 tags
266 users are loaded from /home/ll5fy/TUIR/dataset/yelp/byUser_70k_review/5foldsCVColdstart/2/...
260 users are loaded from /home/ll5fy/TUIR/dataset/yelp/byUser_70k_review/5foldsCVColdstart/0/...
244 users are loaded from /home/ll5fy/TUIR/dataset/yelp/byUser_70k_review/5foldsCVColdstart/1/...
264 users are loaded from /home/ll5fy/TUIR/dataset/yelp/byUser_70k_review/5foldsCVColdstart/3/...
256 users are loaded from /home/ll5fy/TUIR/dataset/yelp/byUser_70k_review/5foldsCVColdstart/4/...
[Info]Finish loading 702 items' weights in total 156639 items!
[Info]Begin tagging 702 items with CTM Embed............
---- item 1: map is 0.34876, precision@k is 0.09091, mrr is 1.00000
---- item 51: map is 0.02492, precision@k is 0.00000, mrr is 0.01754
---- item 101: map is 0.00601, precision@k is 0.00000, mrr is 0.00595
---- item 151: map is 0.28077, precision@k is 0.09091, mrr is 1.00000
---- item 201: map is 0.18095, precision@k is 0.18182, mrr is 1.00000
---- item 251: map is 0.02870, precision@k is 0.00000, mrr is 0.01754
---- item 301: map is 0.34199, precision@k is 0.09091, mrr is 1.00000
---- item 351: map is 0.35080, precision@k is 0.09091, mrr is 1.00000
---- item 401: map is 0.18244, precision@k is 0.09091, mrr is 1.00000
---- item 451: map is 0.31182, precision@k is 0.18182, mrr is 1.00000
---- item 501: map is 0.02492, precision@k is 0.00000, mrr is 0.01754
---- item 551: map is 0.27320, precision@k is 0.09091, mrr is 1.00000
---- item 601: map is 0.02492, precision@k is 0.00000, mrr is 0.01754
---- item 651: map is 0.07779, precision@k is 0.09091, mrr is 0.20000
---- item 701: map is 0.50291, precision@k is 0.09091, mrr is 1.00000
[Stat]CTM model, Embed mode item tagging: Precision@K is 0.09174, MAP is: 0.28058, MRR is: 0.76196, in top 10 tags
264 users are loaded from /home/ll5fy/TUIR/dataset/yelp/byUser_70k_review/5foldsCVColdstart/3/...
260 users are loaded from /home/ll5fy/TUIR/dataset/yelp/byUser_70k_review/5foldsCVColdstart/0/...
244 users are loaded from /home/ll5fy/TUIR/dataset/yelp/byUser_70k_review/5foldsCVColdstart/1/...
266 users are loaded from /home/ll5fy/TUIR/dataset/yelp/byUser_70k_review/5foldsCVColdstart/2/...
256 users are loaded from /home/ll5fy/TUIR/dataset/yelp/byUser_70k_review/5foldsCVColdstart/4/...
[Info]Finish loading 717 items' weights in total 156639 items!
[Info]Begin tagging 717 items with CTM Embed............
---- item 1: map is 0.33867, precision@k is 0.09091, mrr is 1.00000
---- item 51: map is 0.34698, precision@k is 0.09091, mrr is 1.00000
---- item 101: map is 0.50469, precision@k is 0.09091, mrr is 1.00000
---- item 151: map is 0.50787, precision@k is 0.09091, mrr is 1.00000
---- item 201: map is 0.01996, precision@k is 0.00000, mrr is 0.01389
---- item 251: map is 0.50202, precision@k is 0.09091, mrr is 1.00000
---- item 301: map is 0.25813, precision@k is 0.09091, mrr is 1.00000
---- item 351: map is 0.02647, precision@k is 0.00000, mrr is 0.02273
---- item 401: map is 0.01421, precision@k is 0.00000, mrr is 0.00990
---- item 451: map is 0.50309, precision@k is 0.09091, mrr is 1.00000
---- item 501: map is 1.00000, precision@k is 1.00000, mrr is 1.00000
---- item 551: map is 0.34389, precision@k is 0.09091, mrr is 1.00000
---- item 601: map is 0.34174, precision@k is 0.09091, mrr is 1.00000
---- item 651: map is 0.01996, precision@k is 0.00000, mrr is 0.01389
---- item 701: map is 0.02700, precision@k is 0.00000, mrr is 0.01923
[Stat]CTM model, Embed mode item tagging: Precision@K is 0.09658, MAP is: 0.28896, MRR is: 0.77884, in top 10 tags
256 users are loaded from /home/ll5fy/TUIR/dataset/yelp/byUser_70k_review/5foldsCVColdstart/4/...
260 users are loaded from /home/ll5fy/TUIR/dataset/yelp/byUser_70k_review/5foldsCVColdstart/0/...
244 users are loaded from /home/ll5fy/TUIR/dataset/yelp/byUser_70k_review/5foldsCVColdstart/1/...
266 users are loaded from /home/ll5fy/TUIR/dataset/yelp/byUser_70k_review/5foldsCVColdstart/2/...
264 users are loaded from /home/ll5fy/TUIR/dataset/yelp/byUser_70k_review/5foldsCVColdstart/3/...
[Info]Finish loading 726 items' weights in total 156639 items!
[Info]Begin tagging 726 items with CTM Embed............
---- item 1: map is 0.34048, precision@k is 0.09091, mrr is 1.00000
---- item 51: map is 0.22568, precision@k is 0.09091, mrr is 1.00000
---- item 101: map is 0.33949, precision@k is 0.09091, mrr is 1.00000
---- item 151: map is 0.34756, precision@k is 0.09091, mrr is 1.00000
---- item 201: map is 0.50962, precision@k is 0.09091, mrr is 1.00000
---- item 251: map is 0.34756, precision@k is 0.09091, mrr is 1.00000
---- item 301: map is 0.05354, precision@k is 0.00000, mrr is 0.08333
---- item 351: map is 0.00265, precision@k is 0.00000, mrr is 0.00265
---- item 401: map is 0.36088, precision@k is 0.09091, mrr is 1.00000
---- item 451: map is 0.34429, precision@k is 0.09091, mrr is 1.00000
---- item 501: map is 0.26497, precision@k is 0.09091, mrr is 1.00000
---- item 551: map is 0.27435, precision@k is 0.09091, mrr is 1.00000
---- item 601: map is 0.26389, precision@k is 0.09091, mrr is 1.00000
---- item 651: map is 0.38500, precision@k is 0.09091, mrr is 1.00000
---- item 701: map is 0.26403, precision@k is 0.09091, mrr is 1.00000
[Stat]CTM model, Embed mode item tagging: Precision@K is 0.09709, MAP is: 0.28728, MRR is: 0.77301, in top 10 tags

[Stat]Running time (seconds) 31.04900
[Stat]MAP 0.246+/-0.080
[Stat]MRR 0.656+/-0.230
[Stat]Precision 0.093+/-0.003
