Load 6134 2-gram new features from /home/ll5fy/TUIR/dataset/yelp/yelp_features.txt...
Load 6134 2-gram new features from /home/ll5fy/TUIR/dataset/yelp/yelp_features.txt...
[Info]Start FIXED cross validation...
[Info]Load 553 tags, with 6134 features.
260 users are loaded from /home/ll5fy/TUIR/dataset/yelp/byUser_70k_review/5foldsCVColdstart/0/...
244 users are loaded from /home/ll5fy/TUIR/dataset/yelp/byUser_70k_review/5foldsCVColdstart/1/...
266 users are loaded from /home/ll5fy/TUIR/dataset/yelp/byUser_70k_review/5foldsCVColdstart/2/...
264 users are loaded from /home/ll5fy/TUIR/dataset/yelp/byUser_70k_review/5foldsCVColdstart/3/...
256 users are loaded from /home/ll5fy/TUIR/dataset/yelp/byUser_70k_review/5foldsCVColdstart/4/...
[Info]Finish loading 722 items' weights in total 156639 items!
[Info]Begin tagging 722 items with LDA_Variational Interpolation............
---- item 1: map is 0.28161, precision@k is 0.18182, mrr is 0.50000
---- item 51: map is 0.10182, precision@k is 0.09091, mrr is 0.20000
---- item 101: map is 0.10478, precision@k is 0.09091, mrr is 0.20000
---- item 151: map is 0.07778, precision@k is 0.09091, mrr is 0.20000
---- item 201: map is 0.33897, precision@k is 0.18182, mrr is 1.00000
---- item 251: map is 0.75000, precision@k is 0.50000, mrr is 1.00000
---- item 301: map is 0.07748, precision@k is 0.09091, mrr is 0.20000
---- item 351: map is 0.33840, precision@k is 0.18182, mrr is 1.00000
---- item 401: map is 0.07051, precision@k is 0.09091, mrr is 0.20000
---- item 451: map is 0.06680, precision@k is 0.09091, mrr is 0.20000
---- item 501: map is 0.07180, precision@k is 0.09091, mrr is 0.20000
---- item 551: map is 0.08988, precision@k is 0.09091, mrr is 0.25000
---- item 601: map is 0.12381, precision@k is 0.09091, mrr is 0.20000
---- item 651: map is 0.27427, precision@k is 0.18182, mrr is 0.50000
---- item 701: map is 0.10513, precision@k is 0.09091, mrr is 0.20000
[Stat]LDA_Variational model, Interpolation mode item tagging: Precision@K is 0.10617, MAP is: 0.12635, MRR is: 0.26906, in top 10 tags
244 users are loaded from /home/ll5fy/TUIR/dataset/yelp/byUser_70k_review/5foldsCVColdstart/1/...
260 users are loaded from /home/ll5fy/TUIR/dataset/yelp/byUser_70k_review/5foldsCVColdstart/0/...
266 users are loaded from /home/ll5fy/TUIR/dataset/yelp/byUser_70k_review/5foldsCVColdstart/2/...
264 users are loaded from /home/ll5fy/TUIR/dataset/yelp/byUser_70k_review/5foldsCVColdstart/3/...
256 users are loaded from /home/ll5fy/TUIR/dataset/yelp/byUser_70k_review/5foldsCVColdstart/4/...
[Info]Finish loading 732 items' weights in total 156639 items!
[Info]Begin tagging 732 items with LDA_Variational Interpolation............
---- item 1: map is 0.68590, precision@k is 0.18182, mrr is 1.00000
---- item 51: map is 0.35268, precision@k is 0.09091, mrr is 1.00000
---- item 101: map is 0.36950, precision@k is 0.09091, mrr is 1.00000
---- item 151: map is 0.45508, precision@k is 0.18182, mrr is 1.00000
---- item 201: map is 0.56250, precision@k is 0.09091, mrr is 1.00000
---- item 251: map is 0.53333, precision@k is 0.09091, mrr is 1.00000
---- item 301: map is 0.40998, precision@k is 0.18182, mrr is 1.00000
---- item 351: map is 0.50735, precision@k is 0.09091, mrr is 1.00000
---- item 401: map is 0.34533, precision@k is 0.09091, mrr is 1.00000
---- item 451: map is 0.23807, precision@k is 0.09091, mrr is 1.00000
---- item 501: map is 0.01099, precision@k is 0.00000, mrr is 0.01099
---- item 551: map is 0.00422, precision@k is 0.00000, mrr is 0.00254
---- item 601: map is 0.01785, precision@k is 0.00000, mrr is 0.02778
---- item 651: map is 0.17628, precision@k is 0.09091, mrr is 0.50000
---- item 701: map is 0.29455, precision@k is 0.18182, mrr is 1.00000
[Stat]LDA_Variational model, Interpolation mode item tagging: Precision@K is 0.15113, MAP is: 0.34900, MRR is: 0.77587, in top 10 tags
266 users are loaded from /home/ll5fy/TUIR/dataset/yelp/byUser_70k_review/5foldsCVColdstart/2/...
260 users are loaded from /home/ll5fy/TUIR/dataset/yelp/byUser_70k_review/5foldsCVColdstart/0/...
244 users are loaded from /home/ll5fy/TUIR/dataset/yelp/byUser_70k_review/5foldsCVColdstart/1/...
264 users are loaded from /home/ll5fy/TUIR/dataset/yelp/byUser_70k_review/5foldsCVColdstart/3/...
256 users are loaded from /home/ll5fy/TUIR/dataset/yelp/byUser_70k_review/5foldsCVColdstart/4/...
[Info]Finish loading 702 items' weights in total 156639 items!
[Info]Begin tagging 702 items with LDA_Variational Interpolation............
---- item 1: map is 0.37759, precision@k is 0.09091, mrr is 1.00000
---- item 51: map is 0.03999, precision@k is 0.00000, mrr is 0.04762
---- item 101: map is 0.00558, precision@k is 0.00000, mrr is 0.00476
---- item 151: map is 0.30662, precision@k is 0.18182, mrr is 0.50000
---- item 201: map is 0.21493, precision@k is 0.18182, mrr is 1.00000
---- item 251: map is 0.08614, precision@k is 0.09091, mrr is 0.33333
---- item 301: map is 0.40570, precision@k is 0.09091, mrr is 1.00000
---- item 351: map is 0.36455, precision@k is 0.09091, mrr is 1.00000
---- item 401: map is 0.47763, precision@k is 0.27273, mrr is 1.00000
---- item 451: map is 0.65613, precision@k is 0.27273, mrr is 1.00000
---- item 501: map is 0.03707, precision@k is 0.00000, mrr is 0.04000
---- item 551: map is 0.28980, precision@k is 0.09091, mrr is 1.00000
---- item 601: map is 0.14905, precision@k is 0.18182, mrr is 0.25000
---- item 651: map is 0.17138, precision@k is 0.09091, mrr is 0.33333
---- item 701: map is 0.50000, precision@k is 0.50000, mrr is 0.50000
[Stat]LDA_Variational model, Interpolation mode item tagging: Precision@K is 0.16327, MAP is: 0.35013, MRR is: 0.74631, in top 10 tags
264 users are loaded from /home/ll5fy/TUIR/dataset/yelp/byUser_70k_review/5foldsCVColdstart/3/...
260 users are loaded from /home/ll5fy/TUIR/dataset/yelp/byUser_70k_review/5foldsCVColdstart/0/...
244 users are loaded from /home/ll5fy/TUIR/dataset/yelp/byUser_70k_review/5foldsCVColdstart/1/...
266 users are loaded from /home/ll5fy/TUIR/dataset/yelp/byUser_70k_review/5foldsCVColdstart/2/...
256 users are loaded from /home/ll5fy/TUIR/dataset/yelp/byUser_70k_review/5foldsCVColdstart/4/...
[Info]Finish loading 717 items' weights in total 156639 items!
[Info]Begin tagging 717 items with LDA_Variational Interpolation............
---- item 1: map is 0.67778, precision@k is 0.18182, mrr is 1.00000
---- item 51: map is 0.34685, precision@k is 0.09091, mrr is 1.00000
---- item 101: map is 0.27632, precision@k is 0.09091, mrr is 0.50000
---- item 151: map is 0.25820, precision@k is 0.09091, mrr is 0.50000
---- item 201: map is 0.03213, precision@k is 0.00000, mrr is 0.03571
---- item 251: map is 0.25242, precision@k is 0.09091, mrr is 0.50000
---- item 301: map is 0.32698, precision@k is 0.18182, mrr is 1.00000
---- item 351: map is 0.02437, precision@k is 0.00000, mrr is 0.02632
---- item 401: map is 0.00662, precision@k is 0.00000, mrr is 0.00495
---- item 451: map is 0.51149, precision@k is 0.09091, mrr is 1.00000
---- item 501: map is 1.00000, precision@k is 1.00000, mrr is 1.00000
---- item 551: map is 0.44891, precision@k is 0.18182, mrr is 1.00000
---- item 601: map is 0.34257, precision@k is 0.09091, mrr is 1.00000
---- item 651: map is 0.03463, precision@k is 0.00000, mrr is 0.05556
---- item 701: map is 0.01702, precision@k is 0.00000, mrr is 0.01010
[Stat]LDA_Variational model, Interpolation mode item tagging: Precision@K is 0.17494, MAP is: 0.36190, MRR is: 0.76791, in top 10 tags
256 users are loaded from /home/ll5fy/TUIR/dataset/yelp/byUser_70k_review/5foldsCVColdstart/4/...
260 users are loaded from /home/ll5fy/TUIR/dataset/yelp/byUser_70k_review/5foldsCVColdstart/0/...
244 users are loaded from /home/ll5fy/TUIR/dataset/yelp/byUser_70k_review/5foldsCVColdstart/1/...
266 users are loaded from /home/ll5fy/TUIR/dataset/yelp/byUser_70k_review/5foldsCVColdstart/2/...
264 users are loaded from /home/ll5fy/TUIR/dataset/yelp/byUser_70k_review/5foldsCVColdstart/3/...
[Info]Finish loading 726 items' weights in total 156639 items!
[Info]Begin tagging 726 items with LDA_Variational Interpolation............
---- item 1: map is 0.68306, precision@k is 0.18182, mrr is 1.00000
---- item 51: map is 0.23577, precision@k is 0.09091, mrr is 1.00000
---- item 101: map is 0.36430, precision@k is 0.09091, mrr is 1.00000
---- item 151: map is 0.34920, precision@k is 0.09091, mrr is 1.00000
---- item 201: map is 1.00000, precision@k is 1.00000, mrr is 1.00000
---- item 251: map is 0.34905, precision@k is 0.09091, mrr is 1.00000
---- item 301: map is 0.39640, precision@k is 0.09091, mrr is 1.00000
---- item 351: map is 0.07143, precision@k is 0.00000, mrr is 0.07143
---- item 401: map is 0.37117, precision@k is 0.09091, mrr is 1.00000
---- item 451: map is 0.18883, precision@k is 0.09091, mrr is 0.50000
---- item 501: map is 0.52659, precision@k is 0.18182, mrr is 1.00000
---- item 551: map is 0.54385, precision@k is 0.18182, mrr is 1.00000
---- item 601: map is 0.43569, precision@k is 0.18182, mrr is 1.00000
---- item 651: map is 0.52632, precision@k is 0.18182, mrr is 1.00000
---- item 701: map is 0.50792, precision@k is 0.18182, mrr is 1.00000
[Stat]LDA_Variational model, Interpolation mode item tagging: Precision@K is 0.17902, MAP is: 0.36807, MRR is: 0.77378, in top 10 tags

[Stat]Running time (seconds) 306.38500
[Stat]MAP 0.311+/-0.093
[Stat]MRR 0.667+/-0.199
[Stat]Precision 0.155+/-0.026
