Load 6134 2-gram new features from /home/ll5fy/TUIR/dataset/yelp/yelp_features.txt...
Load 6134 2-gram new features from /home/ll5fy/TUIR/dataset/yelp/yelp_features.txt...
[Info]Start FIXED cross validation...
[Info]Load 553 tags, with 6134 features.
260 users are loaded from /home/ll5fy/TUIR/dataset/yelp/byUser_70k_review/5foldsCVColdstart/0/...
244 users are loaded from /home/ll5fy/TUIR/dataset/yelp/byUser_70k_review/5foldsCVColdstart/1/...
266 users are loaded from /home/ll5fy/TUIR/dataset/yelp/byUser_70k_review/5foldsCVColdstart/2/...
264 users are loaded from /home/ll5fy/TUIR/dataset/yelp/byUser_70k_review/5foldsCVColdstart/3/...
256 users are loaded from /home/ll5fy/TUIR/dataset/yelp/byUser_70k_review/5foldsCVColdstart/4/...
[Info]Finish loading 861 items' weights in total 156639 items!
[Info]Begin tagging 861 items with ETBIR_Item Interpolation............
---- item 1: map is 0.55820, precision@k is 0.18182, mrr is 1.00000
---- item 51: map is 0.36447, precision@k is 0.18182, mrr is 1.00000
---- item 101: map is 0.75000, precision@k is 0.50000, mrr is 1.00000
---- item 151: map is 0.15317, precision@k is 0.09091, mrr is 0.33333
---- item 201: map is 0.34489, precision@k is 0.09091, mrr is 1.00000
---- item 251: map is 0.19643, precision@k is 0.09091, mrr is 0.25000
---- item 301: map is 0.50615, precision@k is 0.18182, mrr is 1.00000
---- item 351: map is 0.75000, precision@k is 0.50000, mrr is 1.00000
---- item 401: map is 0.18245, precision@k is 0.18182, mrr is 0.50000
---- item 451: map is 0.57442, precision@k is 0.18182, mrr is 1.00000
---- item 501: map is 0.34374, precision@k is 0.09091, mrr is 1.00000
---- item 551: map is 0.62500, precision@k is 0.25000, mrr is 1.00000
---- item 601: map is 0.02619, precision@k is 0.00000, mrr is 0.02941
---- item 651: map is 0.02690, precision@k is 0.00000, mrr is 0.05263
---- item 701: map is 0.34541, precision@k is 0.09091, mrr is 1.00000
---- item 751: map is 0.00429, precision@k is 0.00000, mrr is 0.00270
---- item 801: map is 0.41498, precision@k is 0.18182, mrr is 1.00000
---- item 851: map is 0.09907, precision@k is 0.09091, mrr is 0.25000
[Stat]ETBIR_Item model, Interpolation mode item tagging: Precision@K is 0.20586, MAP is: 0.35992, MRR is: 0.68052, in top 10 tags
244 users are loaded from /home/ll5fy/TUIR/dataset/yelp/byUser_70k_review/5foldsCVColdstart/1/...
260 users are loaded from /home/ll5fy/TUIR/dataset/yelp/byUser_70k_review/5foldsCVColdstart/0/...
266 users are loaded from /home/ll5fy/TUIR/dataset/yelp/byUser_70k_review/5foldsCVColdstart/2/...
264 users are loaded from /home/ll5fy/TUIR/dataset/yelp/byUser_70k_review/5foldsCVColdstart/3/...
256 users are loaded from /home/ll5fy/TUIR/dataset/yelp/byUser_70k_review/5foldsCVColdstart/4/...
[Info]Finish loading 861 items' weights in total 156639 items!
[Info]Begin tagging 861 items with ETBIR_Item Interpolation............
---- item 1: map is 0.55844, precision@k is 0.18182, mrr is 1.00000
---- item 51: map is 0.36458, precision@k is 0.18182, mrr is 1.00000
---- item 101: map is 0.66667, precision@k is 0.33333, mrr is 1.00000
---- item 151: map is 0.16064, precision@k is 0.18182, mrr is 0.20000
---- item 201: map is 0.34485, precision@k is 0.09091, mrr is 1.00000
---- item 251: map is 0.21591, precision@k is 0.09091, mrr is 0.25000
---- item 301: map is 0.50672, precision@k is 0.18182, mrr is 1.00000
---- item 351: map is 0.75000, precision@k is 0.50000, mrr is 1.00000
---- item 401: map is 0.31457, precision@k is 0.27273, mrr is 0.50000
---- item 451: map is 0.51786, precision@k is 0.18182, mrr is 1.00000
---- item 501: map is 0.34579, precision@k is 0.09091, mrr is 1.00000
---- item 551: map is 0.58333, precision@k is 0.09091, mrr is 1.00000
---- item 601: map is 0.43359, precision@k is 0.18182, mrr is 1.00000
---- item 651: map is 0.02971, precision@k is 0.00000, mrr is 0.04348
---- item 701: map is 0.13196, precision@k is 0.09091, mrr is 0.33333
---- item 751: map is 0.00423, precision@k is 0.00000, mrr is 0.00262
---- item 801: map is 0.41554, precision@k is 0.18182, mrr is 1.00000
---- item 851: map is 0.10373, precision@k is 0.09091, mrr is 0.25000
[Stat]ETBIR_Item model, Interpolation mode item tagging: Precision@K is 0.22281, MAP is: 0.36811, MRR is: 0.65414, in top 10 tags
266 users are loaded from /home/ll5fy/TUIR/dataset/yelp/byUser_70k_review/5foldsCVColdstart/2/...
260 users are loaded from /home/ll5fy/TUIR/dataset/yelp/byUser_70k_review/5foldsCVColdstart/0/...
244 users are loaded from /home/ll5fy/TUIR/dataset/yelp/byUser_70k_review/5foldsCVColdstart/1/...
264 users are loaded from /home/ll5fy/TUIR/dataset/yelp/byUser_70k_review/5foldsCVColdstart/3/...
256 users are loaded from /home/ll5fy/TUIR/dataset/yelp/byUser_70k_review/5foldsCVColdstart/4/...
[Info]Finish loading 861 items' weights in total 156639 items!
[Info]Begin tagging 861 items with ETBIR_Item Interpolation............
---- item 1: map is 0.67356, precision@k is 0.18182, mrr is 1.00000
---- item 51: map is 0.34968, precision@k is 0.09091, mrr is 1.00000
---- item 101: map is 0.62500, precision@k is 0.25000, mrr is 1.00000
---- item 151: map is 0.13222, precision@k is 0.09091, mrr is 0.20000
---- item 201: map is 0.34368, precision@k is 0.09091, mrr is 1.00000
---- item 251: map is 0.22500, precision@k is 0.20000, mrr is 0.25000
---- item 301: map is 0.50546, precision@k is 0.18182, mrr is 1.00000
---- item 351: map is 0.83333, precision@k is 0.66667, mrr is 1.00000
---- item 401: map is 0.34843, precision@k is 0.27273, mrr is 0.50000
---- item 451: map is 0.51852, precision@k is 0.18182, mrr is 1.00000
---- item 501: map is 0.34500, precision@k is 0.09091, mrr is 1.00000
---- item 551: map is 0.58333, precision@k is 0.09091, mrr is 1.00000
---- item 601: map is 0.43505, precision@k is 0.18182, mrr is 1.00000
---- item 651: map is 0.03556, precision@k is 0.00000, mrr is 0.04348
---- item 701: map is 0.14456, precision@k is 0.09091, mrr is 0.33333
---- item 751: map is 0.00436, precision@k is 0.00000, mrr is 0.00271
---- item 801: map is 0.41476, precision@k is 0.18182, mrr is 1.00000
---- item 851: map is 0.10971, precision@k is 0.09091, mrr is 0.25000
[Stat]ETBIR_Item model, Interpolation mode item tagging: Precision@K is 0.21709, MAP is: 0.36322, MRR is: 0.64635, in top 10 tags
264 users are loaded from /home/ll5fy/TUIR/dataset/yelp/byUser_70k_review/5foldsCVColdstart/3/...
260 users are loaded from /home/ll5fy/TUIR/dataset/yelp/byUser_70k_review/5foldsCVColdstart/0/...
244 users are loaded from /home/ll5fy/TUIR/dataset/yelp/byUser_70k_review/5foldsCVColdstart/1/...
266 users are loaded from /home/ll5fy/TUIR/dataset/yelp/byUser_70k_review/5foldsCVColdstart/2/...
256 users are loaded from /home/ll5fy/TUIR/dataset/yelp/byUser_70k_review/5foldsCVColdstart/4/...
[Info]Finish loading 861 items' weights in total 156639 items!
[Info]Begin tagging 861 items with ETBIR_Item Interpolation............
---- item 1: map is 0.69697, precision@k is 0.18182, mrr is 1.00000
---- item 51: map is 0.36078, precision@k is 0.09091, mrr is 1.00000
---- item 101: map is 0.62500, precision@k is 0.25000, mrr is 1.00000
---- item 151: map is 0.12870, precision@k is 0.09091, mrr is 0.20000
---- item 201: map is 0.34499, precision@k is 0.09091, mrr is 1.00000
---- item 251: map is 0.41667, precision@k is 0.50000, mrr is 0.33333
---- item 301: map is 0.50538, precision@k is 0.18182, mrr is 1.00000
---- item 351: map is 1.00000, precision@k is 1.00000, mrr is 1.00000
---- item 401: map is 0.34954, precision@k is 0.27273, mrr is 0.50000
---- item 451: map is 0.41616, precision@k is 0.09091, mrr is 1.00000
---- item 501: map is 0.34454, precision@k is 0.09091, mrr is 1.00000
---- item 551: map is 0.56250, precision@k is 0.09091, mrr is 1.00000
---- item 601: map is 0.43551, precision@k is 0.18182, mrr is 1.00000
---- item 651: map is 0.04332, precision@k is 0.00000, mrr is 0.03846
---- item 701: map is 0.16694, precision@k is 0.09091, mrr is 0.33333
---- item 751: map is 0.00423, precision@k is 0.00000, mrr is 0.00260
---- item 801: map is 0.41603, precision@k is 0.18182, mrr is 1.00000
---- item 851: map is 0.10265, precision@k is 0.09091, mrr is 0.25000
[Stat]ETBIR_Item model, Interpolation mode item tagging: Precision@K is 0.21328, MAP is: 0.36135, MRR is: 0.64431, in top 10 tags
256 users are loaded from /home/ll5fy/TUIR/dataset/yelp/byUser_70k_review/5foldsCVColdstart/4/...
260 users are loaded from /home/ll5fy/TUIR/dataset/yelp/byUser_70k_review/5foldsCVColdstart/0/...
244 users are loaded from /home/ll5fy/TUIR/dataset/yelp/byUser_70k_review/5foldsCVColdstart/1/...
266 users are loaded from /home/ll5fy/TUIR/dataset/yelp/byUser_70k_review/5foldsCVColdstart/2/...
264 users are loaded from /home/ll5fy/TUIR/dataset/yelp/byUser_70k_review/5foldsCVColdstart/3/...
[Info]Finish loading 861 items' weights in total 156639 items!
[Info]Begin tagging 861 items with ETBIR_Item Interpolation............
---- item 1: map is 0.74702, precision@k is 0.57143, mrr is 1.00000
---- item 51: map is 0.34520, precision@k is 0.09091, mrr is 1.00000
---- item 101: map is 0.62500, precision@k is 0.25000, mrr is 1.00000
---- item 151: map is 0.49080, precision@k is 0.27273, mrr is 1.00000
---- item 201: map is 0.34468, precision@k is 0.09091, mrr is 1.00000
---- item 251: map is 0.22500, precision@k is 0.20000, mrr is 0.25000
---- item 301: map is 0.50613, precision@k is 0.18182, mrr is 1.00000
---- item 351: map is 1.00000, precision@k is 1.00000, mrr is 1.00000
---- item 401: map is 0.34865, precision@k is 0.27273, mrr is 0.50000
---- item 451: map is 0.40451, precision@k is 0.09091, mrr is 1.00000
---- item 501: map is 0.34423, precision@k is 0.09091, mrr is 1.00000
---- item 551: map is 0.54762, precision@k is 0.09091, mrr is 1.00000
---- item 601: map is 0.43728, precision@k is 0.18182, mrr is 1.00000
---- item 651: map is 0.04987, precision@k is 0.00000, mrr is 0.03846
---- item 701: map is 0.16422, precision@k is 0.09091, mrr is 0.33333
---- item 751: map is 0.00429, precision@k is 0.00000, mrr is 0.00270
---- item 801: map is 0.41588, precision@k is 0.18182, mrr is 1.00000
---- item 851: map is 0.10689, precision@k is 0.09091, mrr is 0.25000
[Stat]ETBIR_Item model, Interpolation mode item tagging: Precision@K is 0.21232, MAP is: 0.36033, MRR is: 0.64242, in top 10 tags

[Stat]Running time (seconds) 364.47900
[Stat]MAP 0.363+/-0.003
[Stat]MRR 0.654+/-0.014
[Stat]Precision 0.214+/-0.006
