Load 6134 2-gram new features from /home/ll5fy/TUIR/dataset/yelp/yelp_features.txt...
Load 6134 2-gram new features from /home/ll5fy/TUIR/dataset/yelp/yelp_features.txt...
[Info]Start FIXED cross validation...
[Info]Load 553 tags, with 6134 features.
260 users are loaded from /home/ll5fy/TUIR/dataset/yelp/byUser_70k_review/5foldsCVColdstart/0/...
244 users are loaded from /home/ll5fy/TUIR/dataset/yelp/byUser_70k_review/5foldsCVColdstart/1/...
266 users are loaded from /home/ll5fy/TUIR/dataset/yelp/byUser_70k_review/5foldsCVColdstart/2/...
264 users are loaded from /home/ll5fy/TUIR/dataset/yelp/byUser_70k_review/5foldsCVColdstart/3/...
256 users are loaded from /home/ll5fy/TUIR/dataset/yelp/byUser_70k_review/5foldsCVColdstart/4/...
[Info]Finish loading 861 items' weights in total 156639 items!
[Info]Begin tagging 861 items with ETBIR Interpolation............
---- item 1: map is 0.34754, precision@k is 0.09091, mrr is 1.00000
---- item 51: map is 0.52269, precision@k is 0.18182, mrr is 1.00000
---- item 101: map is 1.00000, precision@k is 1.00000, mrr is 1.00000
---- item 151: map is 0.35345, precision@k is 0.09091, mrr is 1.00000
---- item 201: map is 0.34327, precision@k is 0.09091, mrr is 1.00000
---- item 251: map is 0.04353, precision@k is 0.00000, mrr is 0.07143
---- item 301: map is 0.50457, precision@k is 0.18182, mrr is 1.00000
---- item 351: map is 0.51515, precision@k is 0.09091, mrr is 1.00000
---- item 401: map is 0.12862, precision@k is 0.09091, mrr is 0.50000
---- item 451: map is 0.71014, precision@k is 0.18182, mrr is 1.00000
---- item 501: map is 0.34753, precision@k is 0.09091, mrr is 1.00000
---- item 551: map is 1.00000, precision@k is 1.00000, mrr is 1.00000
---- item 601: map is 0.02485, precision@k is 0.00000, mrr is 0.01563
---- item 651: map is 0.04327, precision@k is 0.09091, mrr is 0.14286
---- item 701: map is 0.34031, precision@k is 0.09091, mrr is 1.00000
---- item 751: map is 0.00459, precision@k is 0.00000, mrr is 0.00313
---- item 801: map is 0.35112, precision@k is 0.09091, mrr is 1.00000
---- item 851: map is 0.09020, precision@k is 0.09091, mrr is 0.25000
[Stat]ETBIR model, Interpolation mode item tagging: Precision@K is 0.18104, MAP is: 0.35469, MRR is: 0.75373, in top 10 tags
244 users are loaded from /home/ll5fy/TUIR/dataset/yelp/byUser_70k_review/5foldsCVColdstart/1/...
260 users are loaded from /home/ll5fy/TUIR/dataset/yelp/byUser_70k_review/5foldsCVColdstart/0/...
266 users are loaded from /home/ll5fy/TUIR/dataset/yelp/byUser_70k_review/5foldsCVColdstart/2/...
264 users are loaded from /home/ll5fy/TUIR/dataset/yelp/byUser_70k_review/5foldsCVColdstart/3/...
256 users are loaded from /home/ll5fy/TUIR/dataset/yelp/byUser_70k_review/5foldsCVColdstart/4/...
[Info]Finish loading 861 items' weights in total 156639 items!
[Info]Begin tagging 861 items with ETBIR Interpolation............
---- item 1: map is 0.34629, precision@k is 0.09091, mrr is 1.00000
---- item 51: map is 0.52429, precision@k is 0.18182, mrr is 1.00000
---- item 101: map is 0.83333, precision@k is 0.66667, mrr is 1.00000
---- item 151: map is 0.19809, precision@k is 0.09091, mrr is 0.50000
---- item 201: map is 0.34236, precision@k is 0.09091, mrr is 1.00000
---- item 251: map is 0.13705, precision@k is 0.09091, mrr is 0.25000
---- item 301: map is 0.50519, precision@k is 0.18182, mrr is 1.00000
---- item 351: map is 0.52703, precision@k is 0.09091, mrr is 1.00000
---- item 401: map is 0.23331, precision@k is 0.18182, mrr is 0.50000
---- item 451: map is 0.60317, precision@k is 0.18182, mrr is 1.00000
---- item 501: map is 0.34647, precision@k is 0.09091, mrr is 1.00000
---- item 551: map is 1.00000, precision@k is 1.00000, mrr is 1.00000
---- item 601: map is 0.43639, precision@k is 0.18182, mrr is 1.00000
---- item 651: map is 0.03573, precision@k is 0.00000, mrr is 0.07692
---- item 701: map is 0.17481, precision@k is 0.09091, mrr is 0.50000
---- item 751: map is 0.00446, precision@k is 0.00000, mrr is 0.00280
---- item 801: map is 0.35219, precision@k is 0.09091, mrr is 1.00000
---- item 851: map is 0.08213, precision@k is 0.09091, mrr is 0.25000
[Stat]ETBIR model, Interpolation mode item tagging: Precision@K is 0.21452, MAP is: 0.38159, MRR is: 0.73890, in top 10 tags
266 users are loaded from /home/ll5fy/TUIR/dataset/yelp/byUser_70k_review/5foldsCVColdstart/2/...
260 users are loaded from /home/ll5fy/TUIR/dataset/yelp/byUser_70k_review/5foldsCVColdstart/0/...
244 users are loaded from /home/ll5fy/TUIR/dataset/yelp/byUser_70k_review/5foldsCVColdstart/1/...
264 users are loaded from /home/ll5fy/TUIR/dataset/yelp/byUser_70k_review/5foldsCVColdstart/3/...
256 users are loaded from /home/ll5fy/TUIR/dataset/yelp/byUser_70k_review/5foldsCVColdstart/4/...
[Info]Finish loading 861 items' weights in total 156639 items!
[Info]Begin tagging 861 items with ETBIR Interpolation............
---- item 1: map is 0.37229, precision@k is 0.09091, mrr is 1.00000
---- item 51: map is 0.44546, precision@k is 0.18182, mrr is 1.00000
---- item 101: map is 0.83333, precision@k is 0.66667, mrr is 1.00000
---- item 151: map is 0.19668, precision@k is 0.09091, mrr is 0.50000
---- item 201: map is 0.34434, precision@k is 0.09091, mrr is 1.00000
---- item 251: map is 0.13833, precision@k is 0.09091, mrr is 0.25000
---- item 301: map is 0.50477, precision@k is 0.18182, mrr is 1.00000
---- item 351: map is 0.54348, precision@k is 0.09091, mrr is 1.00000
---- item 401: map is 0.27316, precision@k is 0.18182, mrr is 0.50000
---- item 451: map is 0.60556, precision@k is 0.18182, mrr is 1.00000
---- item 501: map is 0.34833, precision@k is 0.09091, mrr is 1.00000
---- item 551: map is 1.00000, precision@k is 1.00000, mrr is 1.00000
---- item 601: map is 0.43847, precision@k is 0.18182, mrr is 1.00000
---- item 651: map is 0.03672, precision@k is 0.09091, mrr is 0.10000
---- item 701: map is 0.17404, precision@k is 0.09091, mrr is 0.50000
---- item 751: map is 0.00477, precision@k is 0.00000, mrr is 0.00314
---- item 801: map is 0.37013, precision@k is 0.09091, mrr is 1.00000
---- item 851: map is 0.12563, precision@k is 0.09091, mrr is 0.33333
[Stat]ETBIR model, Interpolation mode item tagging: Precision@K is 0.21741, MAP is: 0.37698, MRR is: 0.71024, in top 10 tags
264 users are loaded from /home/ll5fy/TUIR/dataset/yelp/byUser_70k_review/5foldsCVColdstart/3/...
260 users are loaded from /home/ll5fy/TUIR/dataset/yelp/byUser_70k_review/5foldsCVColdstart/0/...
244 users are loaded from /home/ll5fy/TUIR/dataset/yelp/byUser_70k_review/5foldsCVColdstart/1/...
266 users are loaded from /home/ll5fy/TUIR/dataset/yelp/byUser_70k_review/5foldsCVColdstart/2/...
256 users are loaded from /home/ll5fy/TUIR/dataset/yelp/byUser_70k_review/5foldsCVColdstart/4/...
[Info]Finish loading 861 items' weights in total 156639 items!
[Info]Begin tagging 861 items with ETBIR Interpolation............
---- item 1: map is 0.40929, precision@k is 0.18182, mrr is 1.00000
---- item 51: map is 0.45892, precision@k is 0.18182, mrr is 1.00000
---- item 101: map is 0.83333, precision@k is 0.66667, mrr is 1.00000
---- item 151: map is 0.20333, precision@k is 0.09091, mrr is 0.50000
---- item 201: map is 0.34344, precision@k is 0.09091, mrr is 1.00000
---- item 251: map is 0.50581, precision@k is 0.09091, mrr is 1.00000
---- item 301: map is 0.50435, precision@k is 0.18182, mrr is 1.00000
---- item 351: map is 0.62500, precision@k is 0.25000, mrr is 1.00000
---- item 401: map is 0.31893, precision@k is 0.27273, mrr is 0.50000
---- item 451: map is 0.49167, precision@k is 0.18182, mrr is 1.00000
---- item 501: map is 0.34818, precision@k is 0.09091, mrr is 1.00000
---- item 551: map is 0.83333, precision@k is 0.66667, mrr is 1.00000
---- item 601: map is 0.43776, precision@k is 0.18182, mrr is 1.00000
---- item 651: map is 0.03288, precision@k is 0.00000, mrr is 0.07143
---- item 701: map is 0.17497, precision@k is 0.09091, mrr is 0.50000
---- item 751: map is 0.00455, precision@k is 0.00000, mrr is 0.00306
---- item 801: map is 0.41471, precision@k is 0.18182, mrr is 1.00000
---- item 851: map is 0.08064, precision@k is 0.09091, mrr is 0.25000
[Stat]ETBIR model, Interpolation mode item tagging: Precision@K is 0.22538, MAP is: 0.38217, MRR is: 0.70163, in top 10 tags
256 users are loaded from /home/ll5fy/TUIR/dataset/yelp/byUser_70k_review/5foldsCVColdstart/4/...
260 users are loaded from /home/ll5fy/TUIR/dataset/yelp/byUser_70k_review/5foldsCVColdstart/0/...
244 users are loaded from /home/ll5fy/TUIR/dataset/yelp/byUser_70k_review/5foldsCVColdstart/1/...
266 users are loaded from /home/ll5fy/TUIR/dataset/yelp/byUser_70k_review/5foldsCVColdstart/2/...
264 users are loaded from /home/ll5fy/TUIR/dataset/yelp/byUser_70k_review/5foldsCVColdstart/3/...
[Info]Finish loading 861 items' weights in total 156639 items!
[Info]Begin tagging 861 items with ETBIR Interpolation............
---- item 1: map is 0.66667, precision@k is 0.50000, mrr is 1.00000
---- item 51: map is 0.44996, precision@k is 0.18182, mrr is 1.00000
---- item 101: map is 0.83333, precision@k is 0.66667, mrr is 1.00000
---- item 151: map is 0.61955, precision@k is 0.27273, mrr is 1.00000
---- item 201: map is 0.34361, precision@k is 0.09091, mrr is 1.00000
---- item 251: map is 0.14113, precision@k is 0.09091, mrr is 0.25000
---- item 301: map is 0.50492, precision@k is 0.18182, mrr is 1.00000
---- item 351: map is 0.66667, precision@k is 0.33333, mrr is 1.00000
---- item 401: map is 0.35095, precision@k is 0.27273, mrr is 0.50000
---- item 451: map is 0.48182, precision@k is 0.18182, mrr is 1.00000
---- item 501: map is 0.34664, precision@k is 0.09091, mrr is 1.00000
---- item 551: map is 0.83333, precision@k is 0.66667, mrr is 1.00000
---- item 601: map is 0.43834, precision@k is 0.18182, mrr is 1.00000
---- item 651: map is 0.03642, precision@k is 0.09091, mrr is 0.10000
---- item 701: map is 0.17569, precision@k is 0.09091, mrr is 0.50000
---- item 751: map is 0.00441, precision@k is 0.00000, mrr is 0.00288
---- item 801: map is 0.38431, precision@k is 0.09091, mrr is 1.00000
---- item 851: map is 0.10974, precision@k is 0.09091, mrr is 0.33333
[Stat]ETBIR model, Interpolation mode item tagging: Precision@K is 0.22460, MAP is: 0.37932, MRR is: 0.69164, in top 10 tags

[Stat]Running time (seconds) 368.59200
[Stat]MAP 0.375+/-0.010
[Stat]MRR 0.719+/-0.023
[Stat]Precision 0.213+/-0.016
