Load 6134 2-gram new features from /home/ll5fy/TUIR/dataset/yelp/yelp_features.txt...
Load 6134 2-gram new features from /home/ll5fy/TUIR/dataset/yelp/yelp_features.txt...
[Info]Start FIXED cross validation...
[Info]Load 553 tags, with 6134 features.
260 users are loaded from /home/ll5fy/TUIR/dataset/yelp/byUser_70k_review/5foldsCVColdstart/0/...
244 users are loaded from /home/ll5fy/TUIR/dataset/yelp/byUser_70k_review/5foldsCVColdstart/1/...
266 users are loaded from /home/ll5fy/TUIR/dataset/yelp/byUser_70k_review/5foldsCVColdstart/2/...
264 users are loaded from /home/ll5fy/TUIR/dataset/yelp/byUser_70k_review/5foldsCVColdstart/3/...
256 users are loaded from /home/ll5fy/TUIR/dataset/yelp/byUser_70k_review/5foldsCVColdstart/4/...
[Info]Finish loading 722 items' weights in total 156639 items!
[Info]Begin tagging 722 items with LDA_Variational Embed............
---- item 1: map is 0.07927, precision@k is 0.09091, mrr is 0.20000
---- item 51: map is 0.10182, precision@k is 0.09091, mrr is 0.20000
---- item 101: map is 0.10427, precision@k is 0.09091, mrr is 0.20000
---- item 151: map is 0.07778, precision@k is 0.09091, mrr is 0.20000
---- item 201: map is 0.06216, precision@k is 0.09091, mrr is 0.20000
---- item 251: map is 0.10909, precision@k is 0.09091, mrr is 0.20000
---- item 301: map is 0.07723, precision@k is 0.09091, mrr is 0.20000
---- item 351: map is 0.06163, precision@k is 0.09091, mrr is 0.20000
---- item 401: map is 0.06750, precision@k is 0.09091, mrr is 0.20000
---- item 451: map is 0.06451, precision@k is 0.09091, mrr is 0.20000
---- item 501: map is 0.07180, precision@k is 0.09091, mrr is 0.20000
---- item 551: map is 0.07280, precision@k is 0.09091, mrr is 0.20000
---- item 601: map is 0.11493, precision@k is 0.09091, mrr is 0.20000
---- item 651: map is 0.27368, precision@k is 0.18182, mrr is 0.50000
---- item 701: map is 0.10424, precision@k is 0.09091, mrr is 0.20000
[Stat]LDA_Variational model, Embed mode item tagging: Precision@K is 0.09126, MAP is: 0.08817, MRR is: 0.19691, in top 10 tags
244 users are loaded from /home/ll5fy/TUIR/dataset/yelp/byUser_70k_review/5foldsCVColdstart/1/...
260 users are loaded from /home/ll5fy/TUIR/dataset/yelp/byUser_70k_review/5foldsCVColdstart/0/...
266 users are loaded from /home/ll5fy/TUIR/dataset/yelp/byUser_70k_review/5foldsCVColdstart/2/...
264 users are loaded from /home/ll5fy/TUIR/dataset/yelp/byUser_70k_review/5foldsCVColdstart/3/...
256 users are loaded from /home/ll5fy/TUIR/dataset/yelp/byUser_70k_review/5foldsCVColdstart/4/...
[Info]Finish loading 732 items' weights in total 156639 items!
[Info]Begin tagging 732 items with LDA_Variational Embed............
---- item 1: map is 0.37923, precision@k is 0.09091, mrr is 1.00000
---- item 51: map is 0.35179, precision@k is 0.09091, mrr is 1.00000
---- item 101: map is 0.37075, precision@k is 0.09091, mrr is 1.00000
---- item 151: map is 0.27981, precision@k is 0.09091, mrr is 1.00000
---- item 201: map is 0.52000, precision@k is 0.09091, mrr is 1.00000
---- item 251: map is 0.53125, precision@k is 0.09091, mrr is 1.00000
---- item 301: map is 0.07230, precision@k is 0.09091, mrr is 0.16667
---- item 351: map is 0.50709, precision@k is 0.09091, mrr is 1.00000
---- item 401: map is 0.34533, precision@k is 0.09091, mrr is 1.00000
---- item 451: map is 0.02620, precision@k is 0.00000, mrr is 0.02857
---- item 501: map is 0.00775, precision@k is 0.00000, mrr is 0.00775
---- item 551: map is 0.00423, precision@k is 0.00000, mrr is 0.00256
---- item 601: map is 0.01786, precision@k is 0.00000, mrr is 0.02857
---- item 651: map is 0.34253, precision@k is 0.09091, mrr is 1.00000
---- item 701: map is 0.23953, precision@k is 0.09091, mrr is 1.00000
[Stat]LDA_Variational model, Embed mode item tagging: Precision@K is 0.09060, MAP is: 0.29408, MRR is: 0.77019, in top 10 tags
266 users are loaded from /home/ll5fy/TUIR/dataset/yelp/byUser_70k_review/5foldsCVColdstart/2/...
260 users are loaded from /home/ll5fy/TUIR/dataset/yelp/byUser_70k_review/5foldsCVColdstart/0/...
244 users are loaded from /home/ll5fy/TUIR/dataset/yelp/byUser_70k_review/5foldsCVColdstart/1/...
264 users are loaded from /home/ll5fy/TUIR/dataset/yelp/byUser_70k_review/5foldsCVColdstart/3/...
256 users are loaded from /home/ll5fy/TUIR/dataset/yelp/byUser_70k_review/5foldsCVColdstart/4/...
[Info]Finish loading 702 items' weights in total 156639 items!
[Info]Begin tagging 702 items with LDA_Variational Embed............
---- item 1: map is 0.37099, precision@k is 0.09091, mrr is 1.00000
---- item 51: map is 0.02469, precision@k is 0.00000, mrr is 0.01695
---- item 101: map is 0.00487, precision@k is 0.00000, mrr is 0.00476
---- item 151: map is 0.26561, precision@k is 0.09091, mrr is 1.00000
---- item 201: map is 0.21520, precision@k is 0.18182, mrr is 1.00000
---- item 251: map is 0.02699, precision@k is 0.00000, mrr is 0.01695
---- item 301: map is 0.40570, precision@k is 0.09091, mrr is 1.00000
---- item 351: map is 0.36388, precision@k is 0.09091, mrr is 1.00000
---- item 401: map is 0.34176, precision@k is 0.18182, mrr is 1.00000
---- item 451: map is 0.35966, precision@k is 0.18182, mrr is 1.00000
---- item 501: map is 0.02469, precision@k is 0.00000, mrr is 0.01695
---- item 551: map is 0.27818, precision@k is 0.09091, mrr is 1.00000
---- item 601: map is 0.02469, precision@k is 0.00000, mrr is 0.01695
---- item 651: map is 0.03470, precision@k is 0.00000, mrr is 0.08333
---- item 701: map is 0.59091, precision@k is 0.09091, mrr is 1.00000
[Stat]LDA_Variational model, Embed mode item tagging: Precision@K is 0.09111, MAP is: 0.29191, MRR is: 0.75963, in top 10 tags
264 users are loaded from /home/ll5fy/TUIR/dataset/yelp/byUser_70k_review/5foldsCVColdstart/3/...
260 users are loaded from /home/ll5fy/TUIR/dataset/yelp/byUser_70k_review/5foldsCVColdstart/0/...
244 users are loaded from /home/ll5fy/TUIR/dataset/yelp/byUser_70k_review/5foldsCVColdstart/1/...
266 users are loaded from /home/ll5fy/TUIR/dataset/yelp/byUser_70k_review/5foldsCVColdstart/2/...
256 users are loaded from /home/ll5fy/TUIR/dataset/yelp/byUser_70k_review/5foldsCVColdstart/4/...
[Info]Finish loading 717 items' weights in total 156639 items!
[Info]Begin tagging 717 items with LDA_Variational Embed............
---- item 1: map is 0.42766, precision@k is 0.18182, mrr is 1.00000
---- item 51: map is 0.34489, precision@k is 0.09091, mrr is 1.00000
---- item 101: map is 0.52083, precision@k is 0.09091, mrr is 1.00000
---- item 151: map is 0.50833, precision@k is 0.09091, mrr is 1.00000
---- item 201: map is 0.02145, precision@k is 0.00000, mrr is 0.01370
---- item 251: map is 0.50242, precision@k is 0.09091, mrr is 1.00000
---- item 301: map is 0.32609, precision@k is 0.18182, mrr is 1.00000
---- item 351: map is 0.02455, precision@k is 0.00000, mrr is 0.02632
---- item 401: map is 0.00662, precision@k is 0.00000, mrr is 0.00495
---- item 451: map is 0.51099, precision@k is 0.09091, mrr is 1.00000
---- item 501: map is 1.00000, precision@k is 1.00000, mrr is 1.00000
---- item 551: map is 0.34657, precision@k is 0.09091, mrr is 1.00000
---- item 601: map is 0.34255, precision@k is 0.09091, mrr is 1.00000
---- item 651: map is 0.02145, precision@k is 0.00000, mrr is 0.01370
---- item 701: map is 0.01417, precision@k is 0.00000, mrr is 0.00855
[Stat]LDA_Variational model, Embed mode item tagging: Precision@K is 0.10274, MAP is: 0.29961, MRR is: 0.77672, in top 10 tags
256 users are loaded from /home/ll5fy/TUIR/dataset/yelp/byUser_70k_review/5foldsCVColdstart/4/...
260 users are loaded from /home/ll5fy/TUIR/dataset/yelp/byUser_70k_review/5foldsCVColdstart/0/...
244 users are loaded from /home/ll5fy/TUIR/dataset/yelp/byUser_70k_review/5foldsCVColdstart/1/...
266 users are loaded from /home/ll5fy/TUIR/dataset/yelp/byUser_70k_review/5foldsCVColdstart/2/...
264 users are loaded from /home/ll5fy/TUIR/dataset/yelp/byUser_70k_review/5foldsCVColdstart/3/...
[Info]Finish loading 726 items' weights in total 156639 items!
[Info]Begin tagging 726 items with LDA_Variational Embed............
---- item 1: map is 0.37698, precision@k is 0.09091, mrr is 1.00000
---- item 51: map is 0.23584, precision@k is 0.09091, mrr is 1.00000
---- item 101: map is 0.34439, precision@k is 0.09091, mrr is 1.00000
---- item 151: map is 0.34920, precision@k is 0.09091, mrr is 1.00000
---- item 201: map is 0.51408, precision@k is 0.09091, mrr is 1.00000
---- item 251: map is 0.34920, precision@k is 0.09091, mrr is 1.00000
---- item 301: map is 0.05061, precision@k is 0.09091, mrr is 0.11111
---- item 351: map is 0.00270, precision@k is 0.00000, mrr is 0.00270
---- item 401: map is 0.37536, precision@k is 0.09091, mrr is 1.00000
---- item 451: map is 0.35538, precision@k is 0.09091, mrr is 1.00000
---- item 501: map is 0.29625, precision@k is 0.09091, mrr is 1.00000
---- item 551: map is 0.29160, precision@k is 0.09091, mrr is 1.00000
---- item 601: map is 0.27276, precision@k is 0.09091, mrr is 1.00000
---- item 651: map is 0.39701, precision@k is 0.09091, mrr is 1.00000
---- item 701: map is 0.30790, precision@k is 0.18182, mrr is 1.00000
[Stat]LDA_Variational model, Embed mode item tagging: Precision@K is 0.09874, MAP is: 0.29587, MRR is: 0.77331, in top 10 tags

[Stat]Running time (seconds) 125.93900
[Stat]MAP 0.254+/-0.083
[Stat]MRR 0.655+/-0.229
[Stat]Precision 0.095+/-0.005
