Load 6134 2-gram new features from /home/ll5fy/TUIR/dataset/yelp/yelp_features.txt...
Load 6134 2-gram new features from /home/ll5fy/TUIR/dataset/yelp/yelp_features.txt...
[Info]Start FIXED cross validation...
[Info]Load 553 tags, with 6134 features.
260 users are loaded from /home/ll5fy/TUIR/dataset/yelp/byUser_70k_review/5foldsCVColdstart/0/...
244 users are loaded from /home/ll5fy/TUIR/dataset/yelp/byUser_70k_review/5foldsCVColdstart/1/...
266 users are loaded from /home/ll5fy/TUIR/dataset/yelp/byUser_70k_review/5foldsCVColdstart/2/...
264 users are loaded from /home/ll5fy/TUIR/dataset/yelp/byUser_70k_review/5foldsCVColdstart/3/...
256 users are loaded from /home/ll5fy/TUIR/dataset/yelp/byUser_70k_review/5foldsCVColdstart/4/...
[Info]Finish loading 722 items' weights in total 156639 items!
[Info]Begin tagging 722 items with LDA_User Interpolation............
---- item 1: map is 0.30885, precision@k is 0.18182, mrr is 0.50000
---- item 51: map is 0.16854, precision@k is 0.09091, mrr is 0.33333
---- item 101: map is 0.17338, precision@k is 0.09091, mrr is 0.33333
---- item 151: map is 0.11374, precision@k is 0.09091, mrr is 0.25000
---- item 201: map is 0.36005, precision@k is 0.18182, mrr is 1.00000
---- item 251: map is 0.83333, precision@k is 0.66667, mrr is 1.00000
---- item 301: map is 0.09728, precision@k is 0.09091, mrr is 0.25000
---- item 351: map is 0.35635, precision@k is 0.18182, mrr is 1.00000
---- item 401: map is 0.08758, precision@k is 0.09091, mrr is 0.25000
---- item 451: map is 0.13581, precision@k is 0.09091, mrr is 0.33333
---- item 501: map is 0.11811, precision@k is 0.09091, mrr is 0.33333
---- item 551: map is 0.17385, precision@k is 0.09091, mrr is 0.50000
---- item 601: map is 0.17667, precision@k is 0.09091, mrr is 0.33333
---- item 651: map is 0.26177, precision@k is 0.18182, mrr is 0.50000
---- item 701: map is 0.13129, precision@k is 0.09091, mrr is 0.25000
[Stat]LDA_User model, Interpolation mode item tagging: Precision@K is 0.11088, MAP is: 0.16077, MRR is: 0.34520, in top 10 tags
244 users are loaded from /home/ll5fy/TUIR/dataset/yelp/byUser_70k_review/5foldsCVColdstart/1/...
260 users are loaded from /home/ll5fy/TUIR/dataset/yelp/byUser_70k_review/5foldsCVColdstart/0/...
266 users are loaded from /home/ll5fy/TUIR/dataset/yelp/byUser_70k_review/5foldsCVColdstart/2/...
264 users are loaded from /home/ll5fy/TUIR/dataset/yelp/byUser_70k_review/5foldsCVColdstart/3/...
256 users are loaded from /home/ll5fy/TUIR/dataset/yelp/byUser_70k_review/5foldsCVColdstart/4/...
[Info]Finish loading 732 items' weights in total 156639 items!
[Info]Begin tagging 732 items with LDA_User Interpolation............
---- item 1: map is 0.67843, precision@k is 0.18182, mrr is 1.00000
---- item 51: map is 0.34243, precision@k is 0.09091, mrr is 1.00000
---- item 101: map is 0.38355, precision@k is 0.09091, mrr is 1.00000
---- item 151: map is 0.42458, precision@k is 0.18182, mrr is 1.00000
---- item 201: map is 0.57143, precision@k is 0.09091, mrr is 1.00000
---- item 251: map is 0.52381, precision@k is 0.09091, mrr is 1.00000
---- item 301: map is 0.41938, precision@k is 0.18182, mrr is 1.00000
---- item 351: map is 0.51408, precision@k is 0.09091, mrr is 1.00000
---- item 401: map is 0.34776, precision@k is 0.09091, mrr is 1.00000
---- item 451: map is 0.23422, precision@k is 0.09091, mrr is 1.00000
---- item 501: map is 0.02273, precision@k is 0.00000, mrr is 0.02273
---- item 551: map is 0.00453, precision@k is 0.00000, mrr is 0.00270
---- item 601: map is 0.01511, precision@k is 0.00000, mrr is 0.02041
---- item 651: map is 0.18233, precision@k is 0.09091, mrr is 0.50000
---- item 701: map is 0.26643, precision@k is 0.18182, mrr is 1.00000
[Stat]LDA_User model, Interpolation mode item tagging: Precision@K is 0.15394, MAP is: 0.34507, MRR is: 0.77370, in top 10 tags
266 users are loaded from /home/ll5fy/TUIR/dataset/yelp/byUser_70k_review/5foldsCVColdstart/2/...
260 users are loaded from /home/ll5fy/TUIR/dataset/yelp/byUser_70k_review/5foldsCVColdstart/0/...
244 users are loaded from /home/ll5fy/TUIR/dataset/yelp/byUser_70k_review/5foldsCVColdstart/1/...
264 users are loaded from /home/ll5fy/TUIR/dataset/yelp/byUser_70k_review/5foldsCVColdstart/3/...
256 users are loaded from /home/ll5fy/TUIR/dataset/yelp/byUser_70k_review/5foldsCVColdstart/4/...
[Info]Finish loading 702 items' weights in total 156639 items!
[Info]Begin tagging 702 items with LDA_User Interpolation............
---- item 1: map is 0.36438, precision@k is 0.09091, mrr is 1.00000
---- item 51: map is 0.04626, precision@k is 0.00000, mrr is 0.07143
---- item 101: map is 0.00597, precision@k is 0.00000, mrr is 0.00490
---- item 151: map is 0.30631, precision@k is 0.18182, mrr is 0.50000
---- item 201: map is 0.20700, precision@k is 0.09091, mrr is 1.00000
---- item 251: map is 0.09475, precision@k is 0.09091, mrr is 0.33333
---- item 301: map is 0.37863, precision@k is 0.09091, mrr is 1.00000
---- item 351: map is 0.42329, precision@k is 0.18182, mrr is 1.00000
---- item 401: map is 0.40212, precision@k is 0.18182, mrr is 1.00000
---- item 451: map is 0.69282, precision@k is 0.27273, mrr is 1.00000
---- item 501: map is 0.04074, precision@k is 0.00000, mrr is 0.04762
---- item 551: map is 0.33622, precision@k is 0.18182, mrr is 1.00000
---- item 601: map is 0.20094, precision@k is 0.18182, mrr is 0.50000
---- item 651: map is 0.26676, precision@k is 0.18182, mrr is 0.50000
---- item 701: map is 0.39286, precision@k is 0.28571, mrr is 0.50000
[Stat]LDA_User model, Interpolation mode item tagging: Precision@K is 0.16782, MAP is: 0.35131, MRR is: 0.75069, in top 10 tags
264 users are loaded from /home/ll5fy/TUIR/dataset/yelp/byUser_70k_review/5foldsCVColdstart/3/...
260 users are loaded from /home/ll5fy/TUIR/dataset/yelp/byUser_70k_review/5foldsCVColdstart/0/...
244 users are loaded from /home/ll5fy/TUIR/dataset/yelp/byUser_70k_review/5foldsCVColdstart/1/...
266 users are loaded from /home/ll5fy/TUIR/dataset/yelp/byUser_70k_review/5foldsCVColdstart/2/...
256 users are loaded from /home/ll5fy/TUIR/dataset/yelp/byUser_70k_review/5foldsCVColdstart/4/...
[Info]Finish loading 717 items' weights in total 156639 items!
[Info]Begin tagging 717 items with LDA_User Interpolation............
---- item 1: map is 0.67677, precision@k is 0.18182, mrr is 1.00000
---- item 51: map is 0.34193, precision@k is 0.09091, mrr is 1.00000
---- item 101: map is 0.26316, precision@k is 0.09091, mrr is 0.50000
---- item 151: map is 0.25699, precision@k is 0.09091, mrr is 0.50000
---- item 201: map is 0.04432, precision@k is 0.00000, mrr is 0.06250
---- item 251: map is 0.25224, precision@k is 0.09091, mrr is 0.50000
---- item 301: map is 0.19704, precision@k is 0.09091, mrr is 0.50000
---- item 351: map is 0.02218, precision@k is 0.00000, mrr is 0.02778
---- item 401: map is 0.00682, precision@k is 0.00000, mrr is 0.00495
---- item 451: map is 0.51136, precision@k is 0.09091, mrr is 1.00000
---- item 501: map is 1.00000, precision@k is 1.00000, mrr is 1.00000
---- item 551: map is 0.50358, precision@k is 0.18182, mrr is 1.00000
---- item 601: map is 0.34134, precision@k is 0.09091, mrr is 1.00000
---- item 651: map is 0.05110, precision@k is 0.09091, mrr is 0.11111
---- item 701: map is 0.01932, precision@k is 0.00000, mrr is 0.01149
[Stat]LDA_User model, Interpolation mode item tagging: Precision@K is 0.18653, MAP is: 0.36905, MRR is: 0.77522, in top 10 tags
256 users are loaded from /home/ll5fy/TUIR/dataset/yelp/byUser_70k_review/5foldsCVColdstart/4/...
260 users are loaded from /home/ll5fy/TUIR/dataset/yelp/byUser_70k_review/5foldsCVColdstart/0/...
244 users are loaded from /home/ll5fy/TUIR/dataset/yelp/byUser_70k_review/5foldsCVColdstart/1/...
266 users are loaded from /home/ll5fy/TUIR/dataset/yelp/byUser_70k_review/5foldsCVColdstart/2/...
264 users are loaded from /home/ll5fy/TUIR/dataset/yelp/byUser_70k_review/5foldsCVColdstart/3/...
[Info]Finish loading 726 items' weights in total 156639 items!
[Info]Begin tagging 726 items with LDA_User Interpolation............
---- item 1: map is 0.67584, precision@k is 0.18182, mrr is 1.00000
---- item 51: map is 0.23073, precision@k is 0.09091, mrr is 1.00000
---- item 101: map is 0.38553, precision@k is 0.09091, mrr is 1.00000
---- item 151: map is 0.34632, precision@k is 0.09091, mrr is 1.00000
---- item 201: map is 1.00000, precision@k is 1.00000, mrr is 1.00000
---- item 251: map is 0.34638, precision@k is 0.09091, mrr is 1.00000
---- item 301: map is 0.41939, precision@k is 0.18182, mrr is 1.00000
---- item 351: map is 0.05263, precision@k is 0.00000, mrr is 0.05263
---- item 401: map is 0.36846, precision@k is 0.09091, mrr is 1.00000
---- item 451: map is 0.18709, precision@k is 0.09091, mrr is 0.50000
---- item 501: map is 0.52472, precision@k is 0.18182, mrr is 1.00000
---- item 551: map is 0.53602, precision@k is 0.18182, mrr is 1.00000
---- item 601: map is 0.52484, precision@k is 0.18182, mrr is 1.00000
---- item 651: map is 0.51282, precision@k is 0.18182, mrr is 1.00000
---- item 701: map is 0.50741, precision@k is 0.18182, mrr is 1.00000
[Stat]LDA_User model, Interpolation mode item tagging: Precision@K is 0.17953, MAP is: 0.36735, MRR is: 0.77140, in top 10 tags

[Stat]Running time (seconds) 308.24400
[Stat]MAP 0.319+/-0.080
[Stat]MRR 0.683+/-0.169
[Stat]Precision 0.160+/-0.027
