Load 6134 2-gram new features from /home/ll5fy/TUIR/dataset/yelp/yelp_features.txt...
Load 6134 2-gram new features from /home/ll5fy/TUIR/dataset/yelp/yelp_features.txt...
[Info]Start FIXED cross validation...
[Info]Load 553 tags, with 6134 features.
260 users are loaded from /home/ll5fy/TUIR/dataset/yelp/byUser_70k_review/5foldsCVColdstart/0/...
244 users are loaded from /home/ll5fy/TUIR/dataset/yelp/byUser_70k_review/5foldsCVColdstart/1/...
266 users are loaded from /home/ll5fy/TUIR/dataset/yelp/byUser_70k_review/5foldsCVColdstart/2/...
264 users are loaded from /home/ll5fy/TUIR/dataset/yelp/byUser_70k_review/5foldsCVColdstart/3/...
256 users are loaded from /home/ll5fy/TUIR/dataset/yelp/byUser_70k_review/5foldsCVColdstart/4/...
[Info]Finish loading 861 items' weights in total 156639 items!
[Info]Begin tagging 861 items with ETBIR_Item Interpolation............
---- item 1: map is 0.34697, precision@k is 0.09091, mrr is 1.00000
---- item 51: map is 0.53589, precision@k is 0.18182, mrr is 1.00000
---- item 101: map is 1.00000, precision@k is 1.00000, mrr is 1.00000
---- item 151: map is 0.36669, precision@k is 0.09091, mrr is 1.00000
---- item 201: map is 0.34480, precision@k is 0.09091, mrr is 1.00000
---- item 251: map is 0.01840, precision@k is 0.00000, mrr is 0.02000
---- item 301: map is 0.26755, precision@k is 0.09091, mrr is 1.00000
---- item 351: map is 0.51493, precision@k is 0.09091, mrr is 1.00000
---- item 401: map is 0.07511, precision@k is 0.09091, mrr is 0.25000
---- item 451: map is 0.59259, precision@k is 0.18182, mrr is 1.00000
---- item 501: map is 0.03648, precision@k is 0.00000, mrr is 0.06667
---- item 551: map is 1.00000, precision@k is 1.00000, mrr is 1.00000
---- item 601: map is 0.02197, precision@k is 0.00000, mrr is 0.01389
---- item 651: map is 0.03215, precision@k is 0.00000, mrr is 0.07143
---- item 701: map is 0.34363, precision@k is 0.09091, mrr is 1.00000
---- item 751: map is 0.00454, precision@k is 0.00000, mrr is 0.00305
---- item 801: map is 0.34982, precision@k is 0.09091, mrr is 1.00000
---- item 851: map is 0.05758, precision@k is 0.09091, mrr is 0.14286
[Stat]ETBIR_Item model, Interpolation mode item tagging: Precision@K is 0.15867, MAP is: 0.34374, MRR is: 0.76843, in top 10 tags
244 users are loaded from /home/ll5fy/TUIR/dataset/yelp/byUser_70k_review/5foldsCVColdstart/1/...
260 users are loaded from /home/ll5fy/TUIR/dataset/yelp/byUser_70k_review/5foldsCVColdstart/0/...
266 users are loaded from /home/ll5fy/TUIR/dataset/yelp/byUser_70k_review/5foldsCVColdstart/2/...
264 users are loaded from /home/ll5fy/TUIR/dataset/yelp/byUser_70k_review/5foldsCVColdstart/3/...
256 users are loaded from /home/ll5fy/TUIR/dataset/yelp/byUser_70k_review/5foldsCVColdstart/4/...
[Info]Finish loading 861 items' weights in total 156639 items!
[Info]Begin tagging 861 items with ETBIR_Item Interpolation............
---- item 1: map is 0.34758, precision@k is 0.09091, mrr is 1.00000
---- item 51: map is 0.53819, precision@k is 0.18182, mrr is 1.00000
---- item 101: map is 1.00000, precision@k is 1.00000, mrr is 1.00000
---- item 151: map is 0.20628, precision@k is 0.09091, mrr is 0.50000
---- item 201: map is 0.34551, precision@k is 0.09091, mrr is 1.00000
---- item 251: map is 0.01341, precision@k is 0.00000, mrr is 0.01042
---- item 301: map is 0.50608, precision@k is 0.18182, mrr is 1.00000
---- item 351: map is 0.51887, precision@k is 0.09091, mrr is 1.00000
---- item 401: map is 0.14599, precision@k is 0.09091, mrr is 0.50000
---- item 451: map is 0.71212, precision@k is 0.18182, mrr is 1.00000
---- item 501: map is 0.03295, precision@k is 0.00000, mrr is 0.05882
---- item 551: map is 1.00000, precision@k is 1.00000, mrr is 1.00000
---- item 601: map is 0.29301, precision@k is 0.09091, mrr is 1.00000
---- item 651: map is 0.03372, precision@k is 0.00000, mrr is 0.07143
---- item 701: map is 0.17757, precision@k is 0.09091, mrr is 0.50000
---- item 751: map is 0.00447, precision@k is 0.00000, mrr is 0.00282
---- item 801: map is 0.35392, precision@k is 0.09091, mrr is 1.00000
---- item 851: map is 0.07631, precision@k is 0.09091, mrr is 0.25000
[Stat]ETBIR_Item model, Interpolation mode item tagging: Precision@K is 0.19544, MAP is: 0.37179, MRR is: 0.75668, in top 10 tags
266 users are loaded from /home/ll5fy/TUIR/dataset/yelp/byUser_70k_review/5foldsCVColdstart/2/...
260 users are loaded from /home/ll5fy/TUIR/dataset/yelp/byUser_70k_review/5foldsCVColdstart/0/...
244 users are loaded from /home/ll5fy/TUIR/dataset/yelp/byUser_70k_review/5foldsCVColdstart/1/...
264 users are loaded from /home/ll5fy/TUIR/dataset/yelp/byUser_70k_review/5foldsCVColdstart/3/...
256 users are loaded from /home/ll5fy/TUIR/dataset/yelp/byUser_70k_review/5foldsCVColdstart/4/...
[Info]Finish loading 861 items' weights in total 156639 items!
[Info]Begin tagging 861 items with ETBIR_Item Interpolation............
---- item 1: map is 0.34584, precision@k is 0.09091, mrr is 1.00000
---- item 51: map is 0.53322, precision@k is 0.18182, mrr is 1.00000
---- item 101: map is 1.00000, precision@k is 1.00000, mrr is 1.00000
---- item 151: map is 0.19937, precision@k is 0.09091, mrr is 0.50000
---- item 201: map is 0.34361, precision@k is 0.09091, mrr is 1.00000
---- item 251: map is 0.11000, precision@k is 0.09091, mrr is 0.20000
---- item 301: map is 0.50551, precision@k is 0.18182, mrr is 1.00000
---- item 351: map is 0.52439, precision@k is 0.09091, mrr is 1.00000
---- item 401: map is 0.23234, precision@k is 0.18182, mrr is 0.50000
---- item 451: map is 0.61111, precision@k is 0.18182, mrr is 1.00000
---- item 501: map is 0.34759, precision@k is 0.09091, mrr is 1.00000
---- item 551: map is 1.00000, precision@k is 1.00000, mrr is 1.00000
---- item 601: map is 0.43748, precision@k is 0.18182, mrr is 1.00000
---- item 651: map is 0.02433, precision@k is 0.00000, mrr is 0.04000
---- item 701: map is 0.17562, precision@k is 0.09091, mrr is 0.50000
---- item 751: map is 0.00436, precision@k is 0.00000, mrr is 0.00270
---- item 801: map is 0.35605, precision@k is 0.09091, mrr is 1.00000
---- item 851: map is 0.07454, precision@k is 0.09091, mrr is 0.25000
[Stat]ETBIR_Item model, Interpolation mode item tagging: Precision@K is 0.20473, MAP is: 0.37751, MRR is: 0.74443, in top 10 tags
264 users are loaded from /home/ll5fy/TUIR/dataset/yelp/byUser_70k_review/5foldsCVColdstart/3/...
260 users are loaded from /home/ll5fy/TUIR/dataset/yelp/byUser_70k_review/5foldsCVColdstart/0/...
244 users are loaded from /home/ll5fy/TUIR/dataset/yelp/byUser_70k_review/5foldsCVColdstart/1/...
266 users are loaded from /home/ll5fy/TUIR/dataset/yelp/byUser_70k_review/5foldsCVColdstart/2/...
256 users are loaded from /home/ll5fy/TUIR/dataset/yelp/byUser_70k_review/5foldsCVColdstart/4/...
[Info]Finish loading 861 items' weights in total 156639 items!
[Info]Begin tagging 861 items with ETBIR_Item Interpolation............
---- item 1: map is 0.34936, precision@k is 0.09091, mrr is 1.00000
---- item 51: map is 0.53775, precision@k is 0.18182, mrr is 1.00000
---- item 101: map is 0.83333, precision@k is 0.66667, mrr is 1.00000
---- item 151: map is 0.20850, precision@k is 0.09091, mrr is 0.50000
---- item 201: map is 0.34355, precision@k is 0.09091, mrr is 1.00000
---- item 251: map is 0.50676, precision@k is 0.09091, mrr is 1.00000
---- item 301: map is 0.50437, precision@k is 0.18182, mrr is 1.00000
---- item 351: map is 0.54167, precision@k is 0.09091, mrr is 1.00000
---- item 401: map is 0.24920, precision@k is 0.18182, mrr is 0.50000
---- item 451: map is 0.51667, precision@k is 0.18182, mrr is 1.00000
---- item 501: map is 0.34664, precision@k is 0.09091, mrr is 1.00000
---- item 551: map is 1.00000, precision@k is 1.00000, mrr is 1.00000
---- item 601: map is 0.43747, precision@k is 0.18182, mrr is 1.00000
---- item 651: map is 0.02942, precision@k is 0.00000, mrr is 0.05882
---- item 701: map is 0.17595, precision@k is 0.09091, mrr is 0.50000
---- item 751: map is 0.00441, precision@k is 0.00000, mrr is 0.00287
---- item 801: map is 0.36492, precision@k is 0.09091, mrr is 1.00000
---- item 851: map is 0.07866, precision@k is 0.09091, mrr is 0.25000
[Stat]ETBIR_Item model, Interpolation mode item tagging: Precision@K is 0.21276, MAP is: 0.38247, MRR is: 0.73141, in top 10 tags
256 users are loaded from /home/ll5fy/TUIR/dataset/yelp/byUser_70k_review/5foldsCVColdstart/4/...
260 users are loaded from /home/ll5fy/TUIR/dataset/yelp/byUser_70k_review/5foldsCVColdstart/0/...
244 users are loaded from /home/ll5fy/TUIR/dataset/yelp/byUser_70k_review/5foldsCVColdstart/1/...
266 users are loaded from /home/ll5fy/TUIR/dataset/yelp/byUser_70k_review/5foldsCVColdstart/2/...
264 users are loaded from /home/ll5fy/TUIR/dataset/yelp/byUser_70k_review/5foldsCVColdstart/3/...
[Info]Finish loading 861 items' weights in total 156639 items!
[Info]Begin tagging 861 items with ETBIR_Item Interpolation............
---- item 1: map is 0.69643, precision@k is 0.27273, mrr is 1.00000
---- item 51: map is 0.54176, precision@k is 0.18182, mrr is 1.00000
---- item 101: map is 0.83333, precision@k is 0.66667, mrr is 1.00000
---- item 151: map is 0.49183, precision@k is 0.27273, mrr is 1.00000
---- item 201: map is 0.34481, precision@k is 0.09091, mrr is 1.00000
---- item 251: map is 0.13750, precision@k is 0.09091, mrr is 0.25000
---- item 301: map is 0.50498, precision@k is 0.18182, mrr is 1.00000
---- item 351: map is 0.53448, precision@k is 0.09091, mrr is 1.00000
---- item 401: map is 0.29533, precision@k is 0.18182, mrr is 0.50000
---- item 451: map is 0.51053, precision@k is 0.18182, mrr is 1.00000
---- item 501: map is 0.34651, precision@k is 0.09091, mrr is 1.00000
---- item 551: map is 1.00000, precision@k is 1.00000, mrr is 1.00000
---- item 601: map is 0.43657, precision@k is 0.18182, mrr is 1.00000
---- item 651: map is 0.03210, precision@k is 0.00000, mrr is 0.09091
---- item 701: map is 0.17534, precision@k is 0.09091, mrr is 0.50000
---- item 751: map is 0.00443, precision@k is 0.00000, mrr is 0.00279
---- item 801: map is 0.35218, precision@k is 0.09091, mrr is 1.00000
---- item 851: map is 0.08112, precision@k is 0.09091, mrr is 0.25000
[Stat]ETBIR_Item model, Interpolation mode item tagging: Precision@K is 0.21757, MAP is: 0.38245, MRR is: 0.72453, in top 10 tags

[Stat]Running time (seconds) 364.14600
[Stat]MAP 0.372+/-0.014
[Stat]MRR 0.745+/-0.016
[Stat]Precision 0.198+/-0.021
