Load 6134 2-gram new features from /home/ll5fy/TUIR/dataset/yelp/yelp_features.txt...
Load 6134 2-gram new features from /home/ll5fy/TUIR/dataset/yelp/yelp_features.txt...
[Info]Start FIXED cross validation...
[Info]Load 553 tags, with 6134 features.
260 users are loaded from /home/ll5fy/TUIR/dataset/yelp/byUser_70k_review/5foldsCVColdstart/0/...
244 users are loaded from /home/ll5fy/TUIR/dataset/yelp/byUser_70k_review/5foldsCVColdstart/1/...
266 users are loaded from /home/ll5fy/TUIR/dataset/yelp/byUser_70k_review/5foldsCVColdstart/2/...
264 users are loaded from /home/ll5fy/TUIR/dataset/yelp/byUser_70k_review/5foldsCVColdstart/3/...
256 users are loaded from /home/ll5fy/TUIR/dataset/yelp/byUser_70k_review/5foldsCVColdstart/4/...
[Info]Finish loading 722 items' weights in total 156639 items!
[Info]Begin tagging 722 items with LDA_Item Interpolation............
---- item 1: map is 0.50641, precision@k is 0.18182, mrr is 1.00000
---- item 51: map is 0.25188, precision@k is 0.09091, mrr is 0.50000
---- item 101: map is 0.83333, precision@k is 0.66667, mrr is 1.00000
---- item 151: map is 0.14400, precision@k is 0.09091, mrr is 0.33333
---- item 201: map is 0.34374, precision@k is 0.18182, mrr is 1.00000
---- item 251: map is 0.83333, precision@k is 0.66667, mrr is 1.00000
---- item 301: map is 0.07545, precision@k is 0.09091, mrr is 0.14286
---- item 351: map is 0.34137, precision@k is 0.18182, mrr is 1.00000
---- item 401: map is 0.31811, precision@k is 0.18182, mrr is 1.00000
---- item 451: map is 0.57753, precision@k is 0.27273, mrr is 1.00000
---- item 501: map is 0.17392, precision@k is 0.09091, mrr is 0.50000
---- item 551: map is 0.66997, precision@k is 0.18182, mrr is 1.00000
---- item 601: map is 0.41667, precision@k is 0.33333, mrr is 0.50000
---- item 651: map is 0.23928, precision@k is 0.18182, mrr is 0.50000
---- item 701: map is 0.70000, precision@k is 0.40000, mrr is 1.00000
[Stat]LDA_Item model, Interpolation mode item tagging: Precision@K is 0.19425, MAP is: 0.32596, MRR is: 0.62652, in top 10 tags
244 users are loaded from /home/ll5fy/TUIR/dataset/yelp/byUser_70k_review/5foldsCVColdstart/1/...
260 users are loaded from /home/ll5fy/TUIR/dataset/yelp/byUser_70k_review/5foldsCVColdstart/0/...
266 users are loaded from /home/ll5fy/TUIR/dataset/yelp/byUser_70k_review/5foldsCVColdstart/2/...
264 users are loaded from /home/ll5fy/TUIR/dataset/yelp/byUser_70k_review/5foldsCVColdstart/3/...
256 users are loaded from /home/ll5fy/TUIR/dataset/yelp/byUser_70k_review/5foldsCVColdstart/4/...
[Info]Finish loading 732 items' weights in total 156639 items!
[Info]Begin tagging 732 items with LDA_Item Interpolation............
---- item 1: map is 0.67667, precision@k is 0.18182, mrr is 1.00000
---- item 51: map is 0.41081, precision@k is 0.18182, mrr is 1.00000
---- item 101: map is 0.10332, precision@k is 0.09091, mrr is 0.16667
---- item 151: map is 0.36240, precision@k is 0.18182, mrr is 1.00000
---- item 201: map is 0.83333, precision@k is 0.66667, mrr is 1.00000
---- item 251: map is 0.35000, precision@k is 0.20000, mrr is 0.50000
---- item 301: map is 0.43146, precision@k is 0.18182, mrr is 1.00000
---- item 351: map is 0.33333, precision@k is 0.09091, mrr is 0.50000
---- item 401: map is 0.12429, precision@k is 0.09091, mrr is 0.33333
---- item 451: map is 0.27515, precision@k is 0.18182, mrr is 1.00000
---- item 501: map is 0.50000, precision@k is 0.50000, mrr is 0.50000
---- item 551: map is 0.00443, precision@k is 0.00000, mrr is 0.00277
---- item 601: map is 0.02587, precision@k is 0.00000, mrr is 0.02439
---- item 651: map is 0.32083, precision@k is 0.18182, mrr is 0.50000
---- item 701: map is 0.41503, precision@k is 0.18182, mrr is 1.00000
[Stat]LDA_Item model, Interpolation mode item tagging: Precision@K is 0.21833, MAP is: 0.37306, MRR is: 0.68585, in top 10 tags
266 users are loaded from /home/ll5fy/TUIR/dataset/yelp/byUser_70k_review/5foldsCVColdstart/2/...
260 users are loaded from /home/ll5fy/TUIR/dataset/yelp/byUser_70k_review/5foldsCVColdstart/0/...
244 users are loaded from /home/ll5fy/TUIR/dataset/yelp/byUser_70k_review/5foldsCVColdstart/1/...
264 users are loaded from /home/ll5fy/TUIR/dataset/yelp/byUser_70k_review/5foldsCVColdstart/3/...
256 users are loaded from /home/ll5fy/TUIR/dataset/yelp/byUser_70k_review/5foldsCVColdstart/4/...
[Info]Finish loading 702 items' weights in total 156639 items!
[Info]Begin tagging 702 items with LDA_Item Interpolation............
---- item 1: map is 0.55835, precision@k is 0.18182, mrr is 1.00000
---- item 51: map is 0.39596, precision@k is 0.27273, mrr is 0.50000
---- item 101: map is 0.50532, precision@k is 0.09091, mrr is 1.00000
---- item 151: map is 0.23666, precision@k is 0.18182, mrr is 0.50000
---- item 201: map is 0.18441, precision@k is 0.09091, mrr is 1.00000
---- item 251: map is 0.24788, precision@k is 0.27273, mrr is 0.50000
---- item 301: map is 0.13039, precision@k is 0.18182, mrr is 0.14286
---- item 351: map is 0.40093, precision@k is 0.09091, mrr is 1.00000
---- item 401: map is 0.47463, precision@k is 0.27273, mrr is 1.00000
---- item 451: map is 0.65407, precision@k is 0.27273, mrr is 1.00000
---- item 501: map is 0.34701, precision@k is 0.27273, mrr is 0.50000
---- item 551: map is 0.52708, precision@k is 0.27273, mrr is 1.00000
---- item 601: map is 0.25573, precision@k is 0.27273, mrr is 0.33333
---- item 651: map is 0.40490, precision@k is 0.18182, mrr is 1.00000
---- item 701: map is 0.36667, precision@k is 0.40000, mrr is 0.33333
[Stat]LDA_Item model, Interpolation mode item tagging: Precision@K is 0.22517, MAP is: 0.37432, MRR is: 0.66496, in top 10 tags
264 users are loaded from /home/ll5fy/TUIR/dataset/yelp/byUser_70k_review/5foldsCVColdstart/3/...
260 users are loaded from /home/ll5fy/TUIR/dataset/yelp/byUser_70k_review/5foldsCVColdstart/0/...
244 users are loaded from /home/ll5fy/TUIR/dataset/yelp/byUser_70k_review/5foldsCVColdstart/1/...
266 users are loaded from /home/ll5fy/TUIR/dataset/yelp/byUser_70k_review/5foldsCVColdstart/2/...
256 users are loaded from /home/ll5fy/TUIR/dataset/yelp/byUser_70k_review/5foldsCVColdstart/4/...
[Info]Finish loading 717 items' weights in total 156639 items!
[Info]Begin tagging 717 items with LDA_Item Interpolation............
---- item 1: map is 0.56508, precision@k is 0.18182, mrr is 1.00000
---- item 51: map is 0.55885, precision@k is 0.18182, mrr is 1.00000
---- item 101: map is 0.22619, precision@k is 0.28571, mrr is 0.16667
---- item 151: map is 0.09033, precision@k is 0.09091, mrr is 0.16667
---- item 201: map is 0.34570, precision@k is 0.27273, mrr is 0.50000
---- item 251: map is 0.07398, precision@k is 0.09091, mrr is 0.14286
---- item 301: map is 0.27846, precision@k is 0.18182, mrr is 0.33333
---- item 351: map is 0.02573, precision@k is 0.00000, mrr is 0.03125
---- item 401: map is 0.00706, precision@k is 0.00000, mrr is 0.00490
---- item 451: map is 0.66667, precision@k is 0.33333, mrr is 1.00000
---- item 501: map is 1.00000, precision@k is 1.00000, mrr is 1.00000
---- item 551: map is 0.67020, precision@k is 0.18182, mrr is 1.00000
---- item 601: map is 0.05614, precision@k is 0.09091, mrr is 0.14286
---- item 651: map is 0.34598, precision@k is 0.27273, mrr is 0.50000
---- item 701: map is 0.40829, precision@k is 0.36364, mrr is 1.00000
[Stat]LDA_Item model, Interpolation mode item tagging: Precision@K is 0.23227, MAP is: 0.37567, MRR is: 0.66729, in top 10 tags
256 users are loaded from /home/ll5fy/TUIR/dataset/yelp/byUser_70k_review/5foldsCVColdstart/4/...
260 users are loaded from /home/ll5fy/TUIR/dataset/yelp/byUser_70k_review/5foldsCVColdstart/0/...
244 users are loaded from /home/ll5fy/TUIR/dataset/yelp/byUser_70k_review/5foldsCVColdstart/1/...
266 users are loaded from /home/ll5fy/TUIR/dataset/yelp/byUser_70k_review/5foldsCVColdstart/2/...
264 users are loaded from /home/ll5fy/TUIR/dataset/yelp/byUser_70k_review/5foldsCVColdstart/3/...
[Info]Finish loading 726 items' weights in total 156639 items!
[Info]Begin tagging 726 items with LDA_Item Interpolation............
---- item 1: map is 0.56517, precision@k is 0.18182, mrr is 1.00000
---- item 51: map is 0.22368, precision@k is 0.09091, mrr is 1.00000
---- item 101: map is 0.44246, precision@k is 0.18182, mrr is 1.00000
---- item 151: map is 0.12565, precision@k is 0.09091, mrr is 0.33333
---- item 201: map is 0.70000, precision@k is 0.40000, mrr is 1.00000
---- item 251: map is 0.34811, precision@k is 0.09091, mrr is 1.00000
---- item 301: map is 0.41928, precision@k is 0.18182, mrr is 1.00000
---- item 351: map is 1.00000, precision@k is 1.00000, mrr is 1.00000
---- item 401: map is 0.37299, precision@k is 0.09091, mrr is 1.00000
---- item 451: map is 0.14911, precision@k is 0.09091, mrr is 0.33333
---- item 501: map is 0.63393, precision@k is 0.27273, mrr is 1.00000
---- item 551: map is 0.51231, precision@k is 0.27273, mrr is 1.00000
---- item 601: map is 0.43750, precision@k is 0.27273, mrr is 0.50000
---- item 651: map is 0.64286, precision@k is 0.42857, mrr is 1.00000
---- item 701: map is 0.50933, precision@k is 0.18182, mrr is 1.00000
[Stat]LDA_Item model, Interpolation mode item tagging: Precision@K is 0.22828, MAP is: 0.37449, MRR is: 0.66546, in top 10 tags

[Stat]Running time (seconds) 307.99700
[Stat]MAP 0.365+/-0.019
[Stat]MRR 0.662+/-0.019
[Stat]Precision 0.220+/-0.013
