Load 6134 2-gram new features from /home/ll5fy/TUIR/dataset/yelp/yelp_features.txt...
Load 6134 2-gram new features from /home/ll5fy/TUIR/dataset/yelp/yelp_features.txt...
[Info]Start FIXED cross validation...
[Info]Load 553 tags, with 6134 features.
260 users are loaded from /home/ll5fy/TUIR/dataset/yelp/byUser_70k_review/5foldsCVColdstart/0/...
244 users are loaded from /home/ll5fy/TUIR/dataset/yelp/byUser_70k_review/5foldsCVColdstart/1/...
266 users are loaded from /home/ll5fy/TUIR/dataset/yelp/byUser_70k_review/5foldsCVColdstart/2/...
264 users are loaded from /home/ll5fy/TUIR/dataset/yelp/byUser_70k_review/5foldsCVColdstart/3/...
256 users are loaded from /home/ll5fy/TUIR/dataset/yelp/byUser_70k_review/5foldsCVColdstart/4/...
[Info]Finish loading 722 items' weights in total 156639 items!
[Info]Begin tagging 722 items with CTM Interpolation............
---- item 1: map is 0.07683, precision@k is 0.09091, mrr is 0.20000
---- item 51: map is 0.10189, precision@k is 0.09091, mrr is 0.20000
---- item 101: map is 0.10361, precision@k is 0.09091, mrr is 0.20000
---- item 151: map is 0.07644, precision@k is 0.09091, mrr is 0.20000
---- item 201: map is 0.06755, precision@k is 0.09091, mrr is 0.20000
---- item 251: map is 0.66667, precision@k is 0.33333, mrr is 1.00000
---- item 301: map is 0.07423, precision@k is 0.09091, mrr is 0.20000
---- item 351: map is 0.33774, precision@k is 0.18182, mrr is 1.00000
---- item 401: map is 0.05627, precision@k is 0.09091, mrr is 0.16667
---- item 451: map is 0.05956, precision@k is 0.09091, mrr is 0.20000
---- item 501: map is 0.07158, precision@k is 0.09091, mrr is 0.20000
---- item 551: map is 0.07054, precision@k is 0.09091, mrr is 0.20000
---- item 601: map is 0.10337, precision@k is 0.09091, mrr is 0.20000
---- item 651: map is 0.27429, precision@k is 0.18182, mrr is 0.50000
---- item 701: map is 0.10213, precision@k is 0.09091, mrr is 0.20000
[Stat]CTM model, Interpolation mode item tagging: Precision@K is 0.10158, MAP is: 0.11603, MRR is: 0.25333, in top 10 tags
244 users are loaded from /home/ll5fy/TUIR/dataset/yelp/byUser_70k_review/5foldsCVColdstart/1/...
260 users are loaded from /home/ll5fy/TUIR/dataset/yelp/byUser_70k_review/5foldsCVColdstart/0/...
266 users are loaded from /home/ll5fy/TUIR/dataset/yelp/byUser_70k_review/5foldsCVColdstart/2/...
264 users are loaded from /home/ll5fy/TUIR/dataset/yelp/byUser_70k_review/5foldsCVColdstart/3/...
256 users are loaded from /home/ll5fy/TUIR/dataset/yelp/byUser_70k_review/5foldsCVColdstart/4/...
[Info]Finish loading 732 items' weights in total 156639 items!
[Info]Begin tagging 732 items with CTM Interpolation............
---- item 1: map is 0.67034, precision@k is 0.18182, mrr is 1.00000
---- item 51: map is 0.35703, precision@k is 0.09091, mrr is 1.00000
---- item 101: map is 0.34664, precision@k is 0.09091, mrr is 1.00000
---- item 151: map is 0.42615, precision@k is 0.18182, mrr is 1.00000
---- item 201: map is 0.75000, precision@k is 0.50000, mrr is 1.00000
---- item 251: map is 0.54000, precision@k is 0.09091, mrr is 1.00000
---- item 301: map is 0.44727, precision@k is 0.18182, mrr is 1.00000
---- item 351: map is 0.50671, precision@k is 0.09091, mrr is 1.00000
---- item 401: map is 0.34186, precision@k is 0.09091, mrr is 1.00000
---- item 451: map is 0.24206, precision@k is 0.09091, mrr is 1.00000
---- item 501: map is 0.03846, precision@k is 0.00000, mrr is 0.03846
---- item 551: map is 0.00476, precision@k is 0.00000, mrr is 0.00282
---- item 601: map is 0.01663, precision@k is 0.00000, mrr is 0.02041
---- item 651: map is 0.17623, precision@k is 0.09091, mrr is 0.50000
---- item 701: map is 0.32608, precision@k is 0.18182, mrr is 1.00000
[Stat]CTM model, Interpolation mode item tagging: Precision@K is 0.15472, MAP is: 0.34201, MRR is: 0.77187, in top 10 tags
266 users are loaded from /home/ll5fy/TUIR/dataset/yelp/byUser_70k_review/5foldsCVColdstart/2/...
260 users are loaded from /home/ll5fy/TUIR/dataset/yelp/byUser_70k_review/5foldsCVColdstart/0/...
244 users are loaded from /home/ll5fy/TUIR/dataset/yelp/byUser_70k_review/5foldsCVColdstart/1/...
264 users are loaded from /home/ll5fy/TUIR/dataset/yelp/byUser_70k_review/5foldsCVColdstart/3/...
256 users are loaded from /home/ll5fy/TUIR/dataset/yelp/byUser_70k_review/5foldsCVColdstart/4/...
[Info]Finish loading 702 items' weights in total 156639 items!
[Info]Begin tagging 702 items with CTM Interpolation............
---- item 1: map is 0.35876, precision@k is 0.09091, mrr is 1.00000
---- item 51: map is 0.06630, precision@k is 0.09091, mrr is 0.10000
---- item 101: map is 0.00549, precision@k is 0.00000, mrr is 0.00518
---- item 151: map is 0.30351, precision@k is 0.18182, mrr is 0.50000
---- item 201: map is 0.29960, precision@k is 0.18182, mrr is 1.00000
---- item 251: map is 0.10728, precision@k is 0.09091, mrr is 0.33333
---- item 301: map is 0.34526, precision@k is 0.09091, mrr is 1.00000
---- item 351: map is 0.34301, precision@k is 0.09091, mrr is 1.00000
---- item 401: map is 0.19864, precision@k is 0.09091, mrr is 1.00000
---- item 451: map is 0.51486, precision@k is 0.27273, mrr is 1.00000
---- item 501: map is 0.05774, precision@k is 0.00000, mrr is 0.08333
---- item 551: map is 0.25830, precision@k is 0.09091, mrr is 1.00000
---- item 601: map is 0.17202, precision@k is 0.18182, mrr is 0.33333
---- item 651: map is 0.40513, precision@k is 0.18182, mrr is 1.00000
---- item 701: map is 0.51031, precision@k is 0.09091, mrr is 1.00000
[Stat]CTM model, Interpolation mode item tagging: Precision@K is 0.15439, MAP is: 0.33485, MRR is: 0.75103, in top 10 tags
264 users are loaded from /home/ll5fy/TUIR/dataset/yelp/byUser_70k_review/5foldsCVColdstart/3/...
260 users are loaded from /home/ll5fy/TUIR/dataset/yelp/byUser_70k_review/5foldsCVColdstart/0/...
244 users are loaded from /home/ll5fy/TUIR/dataset/yelp/byUser_70k_review/5foldsCVColdstart/1/...
266 users are loaded from /home/ll5fy/TUIR/dataset/yelp/byUser_70k_review/5foldsCVColdstart/2/...
256 users are loaded from /home/ll5fy/TUIR/dataset/yelp/byUser_70k_review/5foldsCVColdstart/4/...
[Info]Finish loading 717 items' weights in total 156639 items!
[Info]Begin tagging 717 items with CTM Interpolation............
---- item 1: map is 0.70000, precision@k is 0.18182, mrr is 1.00000
---- item 51: map is 0.35555, precision@k is 0.09091, mrr is 1.00000
---- item 101: map is 0.29167, precision@k is 0.09091, mrr is 0.50000
---- item 151: map is 0.17436, precision@k is 0.09091, mrr is 0.33333
---- item 201: map is 0.04169, precision@k is 0.00000, mrr is 0.05263
---- item 251: map is 0.25217, precision@k is 0.09091, mrr is 0.50000
---- item 301: map is 0.49278, precision@k is 0.18182, mrr is 1.00000
---- item 351: map is 0.02513, precision@k is 0.00000, mrr is 0.01961
---- item 401: map is 0.00577, precision@k is 0.00000, mrr is 0.00485
---- item 451: map is 0.53704, precision@k is 0.09091, mrr is 1.00000
---- item 501: map is 1.00000, precision@k is 1.00000, mrr is 1.00000
---- item 551: map is 0.37373, precision@k is 0.09091, mrr is 1.00000
---- item 601: map is 0.34236, precision@k is 0.09091, mrr is 1.00000
---- item 651: map is 0.04587, precision@k is 0.00000, mrr is 0.09091
---- item 701: map is 0.01894, precision@k is 0.00000, mrr is 0.01351
[Stat]CTM model, Interpolation mode item tagging: Precision@K is 0.16834, MAP is: 0.35240, MRR is: 0.75777, in top 10 tags
256 users are loaded from /home/ll5fy/TUIR/dataset/yelp/byUser_70k_review/5foldsCVColdstart/4/...
260 users are loaded from /home/ll5fy/TUIR/dataset/yelp/byUser_70k_review/5foldsCVColdstart/0/...
244 users are loaded from /home/ll5fy/TUIR/dataset/yelp/byUser_70k_review/5foldsCVColdstart/1/...
266 users are loaded from /home/ll5fy/TUIR/dataset/yelp/byUser_70k_review/5foldsCVColdstart/2/...
264 users are loaded from /home/ll5fy/TUIR/dataset/yelp/byUser_70k_review/5foldsCVColdstart/3/...
[Info]Finish loading 726 items' weights in total 156639 items!
[Info]Begin tagging 726 items with CTM Interpolation............
---- item 1: map is 0.67292, precision@k is 0.18182, mrr is 1.00000
---- item 51: map is 0.22212, precision@k is 0.09091, mrr is 1.00000
---- item 101: map is 0.41538, precision@k is 0.18182, mrr is 1.00000
---- item 151: map is 0.34848, precision@k is 0.09091, mrr is 1.00000
---- item 201: map is 1.00000, precision@k is 1.00000, mrr is 1.00000
---- item 251: map is 0.34863, precision@k is 0.09091, mrr is 1.00000
---- item 301: map is 0.38742, precision@k is 0.09091, mrr is 1.00000
---- item 351: map is 0.50000, precision@k is 0.50000, mrr is 0.50000
---- item 401: map is 0.35484, precision@k is 0.09091, mrr is 1.00000
---- item 451: map is 0.18551, precision@k is 0.09091, mrr is 0.50000
---- item 501: map is 0.51574, precision@k is 0.18182, mrr is 1.00000
---- item 551: map is 0.51610, precision@k is 0.18182, mrr is 1.00000
---- item 601: map is 0.43839, precision@k is 0.18182, mrr is 1.00000
---- item 651: map is 0.51190, precision@k is 0.18182, mrr is 1.00000
---- item 701: map is 0.50960, precision@k is 0.18182, mrr is 1.00000
[Stat]CTM model, Interpolation mode item tagging: Precision@K is 0.17523, MAP is: 0.35783, MRR is: 0.76409, in top 10 tags

[Stat]Running time (seconds) 303.92700
[Stat]MAP 0.301+/-0.093
[Stat]MRR 0.660+/-0.203
[Stat]Precision 0.151+/-0.026
