Load 6134 2-gram new features from /home/ll5fy/TUIR/dataset/yelp/yelp_features.txt...
Load 6134 2-gram new features from /home/ll5fy/TUIR/dataset/yelp/yelp_features.txt...
[Info]Start FIXED cross validation...
[Info]Load 553 tags, with 6134 features.
260 users are loaded from /home/ll5fy/TUIR/dataset/yelp/byUser_70k_review/5foldsCVColdstart/0/...
244 users are loaded from /home/ll5fy/TUIR/dataset/yelp/byUser_70k_review/5foldsCVColdstart/1/...
266 users are loaded from /home/ll5fy/TUIR/dataset/yelp/byUser_70k_review/5foldsCVColdstart/2/...
264 users are loaded from /home/ll5fy/TUIR/dataset/yelp/byUser_70k_review/5foldsCVColdstart/3/...
256 users are loaded from /home/ll5fy/TUIR/dataset/yelp/byUser_70k_review/5foldsCVColdstart/4/...
[Info]Finish loading 722 items' weights in total 156639 items!
[Info]Begin tagging 722 items with LDA_User Interpolation............
---- item 1: map is 0.44868, precision@k is 0.18182, mrr is 1.00000
---- item 51: map is 0.25187, precision@k is 0.09091, mrr is 0.50000
---- item 101: map is 0.10667, precision@k is 0.09091, mrr is 0.20000
---- item 151: map is 0.07977, precision@k is 0.09091, mrr is 0.20000
---- item 201: map is 0.33992, precision@k is 0.18182, mrr is 1.00000
---- item 251: map is 1.00000, precision@k is 1.00000, mrr is 1.00000
---- item 301: map is 0.08228, precision@k is 0.09091, mrr is 0.20000
---- item 351: map is 0.33827, precision@k is 0.18182, mrr is 1.00000
---- item 401: map is 0.12955, precision@k is 0.18182, mrr is 0.16667
---- item 451: map is 0.22863, precision@k is 0.18182, mrr is 0.50000
---- item 501: map is 0.07200, precision@k is 0.09091, mrr is 0.20000
---- item 551: map is 0.17270, precision@k is 0.09091, mrr is 0.50000
---- item 601: map is 0.11282, precision@k is 0.09091, mrr is 0.20000
---- item 651: map is 0.23981, precision@k is 0.18182, mrr is 0.50000
---- item 701: map is 0.10645, precision@k is 0.09091, mrr is 0.20000
[Stat]LDA_User model, Interpolation mode item tagging: Precision@K is 0.13247, MAP is: 0.20057, MRR is: 0.42829, in top 10 tags
244 users are loaded from /home/ll5fy/TUIR/dataset/yelp/byUser_70k_review/5foldsCVColdstart/1/...
260 users are loaded from /home/ll5fy/TUIR/dataset/yelp/byUser_70k_review/5foldsCVColdstart/0/...
266 users are loaded from /home/ll5fy/TUIR/dataset/yelp/byUser_70k_review/5foldsCVColdstart/2/...
264 users are loaded from /home/ll5fy/TUIR/dataset/yelp/byUser_70k_review/5foldsCVColdstart/3/...
256 users are loaded from /home/ll5fy/TUIR/dataset/yelp/byUser_70k_review/5foldsCVColdstart/4/...
[Info]Finish loading 732 items' weights in total 156639 items!
[Info]Begin tagging 732 items with LDA_User Interpolation............
---- item 1: map is 0.67312, precision@k is 0.18182, mrr is 1.00000
---- item 51: map is 0.35664, precision@k is 0.09091, mrr is 1.00000
---- item 101: map is 0.19496, precision@k is 0.09091, mrr is 0.50000
---- item 151: map is 0.46407, precision@k is 0.18182, mrr is 1.00000
---- item 201: map is 1.00000, precision@k is 1.00000, mrr is 1.00000
---- item 251: map is 0.60000, precision@k is 0.20000, mrr is 1.00000
---- item 301: map is 0.44699, precision@k is 0.18182, mrr is 1.00000
---- item 351: map is 0.25752, precision@k is 0.09091, mrr is 0.50000
---- item 401: map is 0.34243, precision@k is 0.09091, mrr is 1.00000
---- item 451: map is 0.27443, precision@k is 0.18182, mrr is 1.00000
---- item 501: map is 0.05000, precision@k is 0.00000, mrr is 0.05000
---- item 551: map is 0.00433, precision@k is 0.00000, mrr is 0.00251
---- item 601: map is 0.01603, precision@k is 0.00000, mrr is 0.01786
---- item 651: map is 0.17711, precision@k is 0.09091, mrr is 0.50000
---- item 701: map is 0.41694, precision@k is 0.18182, mrr is 1.00000
[Stat]LDA_User model, Interpolation mode item tagging: Precision@K is 0.20179, MAP is: 0.37850, MRR is: 0.74242, in top 10 tags
266 users are loaded from /home/ll5fy/TUIR/dataset/yelp/byUser_70k_review/5foldsCVColdstart/2/...
260 users are loaded from /home/ll5fy/TUIR/dataset/yelp/byUser_70k_review/5foldsCVColdstart/0/...
244 users are loaded from /home/ll5fy/TUIR/dataset/yelp/byUser_70k_review/5foldsCVColdstart/1/...
264 users are loaded from /home/ll5fy/TUIR/dataset/yelp/byUser_70k_review/5foldsCVColdstart/3/...
256 users are loaded from /home/ll5fy/TUIR/dataset/yelp/byUser_70k_review/5foldsCVColdstart/4/...
[Info]Finish loading 702 items' weights in total 156639 items!
[Info]Begin tagging 702 items with LDA_User Interpolation............
---- item 1: map is 0.38710, precision@k is 0.09091, mrr is 1.00000
---- item 51: map is 0.25370, precision@k is 0.18182, mrr is 0.50000
---- item 101: map is 0.01165, precision@k is 0.00000, mrr is 0.01282
---- item 151: map is 0.31067, precision@k is 0.18182, mrr is 0.50000
---- item 201: map is 0.17365, precision@k is 0.09091, mrr is 1.00000
---- item 251: map is 0.24820, precision@k is 0.27273, mrr is 0.50000
---- item 301: map is 0.15572, precision@k is 0.09091, mrr is 0.33333
---- item 351: map is 0.67407, precision@k is 0.18182, mrr is 1.00000
---- item 401: map is 0.38949, precision@k is 0.27273, mrr is 1.00000
---- item 451: map is 0.65671, precision@k is 0.27273, mrr is 1.00000
---- item 501: map is 0.20190, precision@k is 0.18182, mrr is 0.50000
---- item 551: map is 0.75208, precision@k is 0.27273, mrr is 1.00000
---- item 601: map is 0.31223, precision@k is 0.27273, mrr is 0.50000
---- item 651: map is 0.38972, precision@k is 0.09091, mrr is 1.00000
---- item 701: map is 0.41667, precision@k is 0.50000, mrr is 0.33333
[Stat]LDA_User model, Interpolation mode item tagging: Precision@K is 0.20667, MAP is: 0.37856, MRR is: 0.71875, in top 10 tags
264 users are loaded from /home/ll5fy/TUIR/dataset/yelp/byUser_70k_review/5foldsCVColdstart/3/...
260 users are loaded from /home/ll5fy/TUIR/dataset/yelp/byUser_70k_review/5foldsCVColdstart/0/...
244 users are loaded from /home/ll5fy/TUIR/dataset/yelp/byUser_70k_review/5foldsCVColdstart/1/...
266 users are loaded from /home/ll5fy/TUIR/dataset/yelp/byUser_70k_review/5foldsCVColdstart/2/...
256 users are loaded from /home/ll5fy/TUIR/dataset/yelp/byUser_70k_review/5foldsCVColdstart/4/...
[Info]Finish loading 717 items' weights in total 156639 items!
[Info]Begin tagging 717 items with LDA_User Interpolation............
---- item 1: map is 0.67521, precision@k is 0.18182, mrr is 1.00000
---- item 51: map is 0.35757, precision@k is 0.09091, mrr is 1.00000
---- item 101: map is 0.15948, precision@k is 0.09091, mrr is 0.25000
---- item 151: map is 0.10694, precision@k is 0.09091, mrr is 0.20000
---- item 201: map is 0.20056, precision@k is 0.18182, mrr is 0.50000
---- item 251: map is 0.25240, precision@k is 0.09091, mrr is 0.50000
---- item 301: map is 0.26427, precision@k is 0.18182, mrr is 0.50000
---- item 351: map is 0.02536, precision@k is 0.00000, mrr is 0.03226
---- item 401: map is 0.00658, precision@k is 0.00000, mrr is 0.00472
---- item 451: map is 0.51149, precision@k is 0.09091, mrr is 1.00000
---- item 501: map is 1.00000, precision@k is 1.00000, mrr is 1.00000
---- item 551: map is 0.67100, precision@k is 0.18182, mrr is 1.00000
---- item 601: map is 0.17430, precision@k is 0.09091, mrr is 0.50000
---- item 651: map is 0.17628, precision@k is 0.18182, mrr is 0.50000
---- item 701: map is 0.07394, precision@k is 0.09091, mrr is 0.16667
[Stat]LDA_User model, Interpolation mode item tagging: Precision@K is 0.20867, MAP is: 0.37876, MRR is: 0.72446, in top 10 tags
256 users are loaded from /home/ll5fy/TUIR/dataset/yelp/byUser_70k_review/5foldsCVColdstart/4/...
260 users are loaded from /home/ll5fy/TUIR/dataset/yelp/byUser_70k_review/5foldsCVColdstart/0/...
244 users are loaded from /home/ll5fy/TUIR/dataset/yelp/byUser_70k_review/5foldsCVColdstart/1/...
266 users are loaded from /home/ll5fy/TUIR/dataset/yelp/byUser_70k_review/5foldsCVColdstart/2/...
264 users are loaded from /home/ll5fy/TUIR/dataset/yelp/byUser_70k_review/5foldsCVColdstart/3/...
[Info]Finish loading 726 items' weights in total 156639 items!
[Info]Begin tagging 726 items with LDA_User Interpolation............
---- item 1: map is 0.67454, precision@k is 0.18182, mrr is 1.00000
---- item 51: map is 0.23042, precision@k is 0.09091, mrr is 1.00000
---- item 101: map is 0.67742, precision@k is 0.18182, mrr is 1.00000
---- item 151: map is 0.34947, precision@k is 0.09091, mrr is 1.00000
---- item 201: map is 0.83333, precision@k is 0.66667, mrr is 1.00000
---- item 251: map is 0.34924, precision@k is 0.09091, mrr is 1.00000
---- item 301: map is 0.44695, precision@k is 0.18182, mrr is 1.00000
---- item 351: map is 1.00000, precision@k is 1.00000, mrr is 1.00000
---- item 401: map is 0.37000, precision@k is 0.09091, mrr is 1.00000
---- item 451: map is 0.19247, precision@k is 0.09091, mrr is 0.50000
---- item 501: map is 0.52814, precision@k is 0.18182, mrr is 1.00000
---- item 551: map is 0.54387, precision@k is 0.18182, mrr is 1.00000
---- item 601: map is 0.35290, precision@k is 0.18182, mrr is 0.50000
---- item 651: map is 0.56250, precision@k is 0.18182, mrr is 1.00000
---- item 701: map is 0.50843, precision@k is 0.18182, mrr is 1.00000
[Stat]LDA_User model, Interpolation mode item tagging: Precision@K is 0.22302, MAP is: 0.39383, MRR is: 0.73362, in top 10 tags

[Stat]Running time (seconds) 306.58100
[Stat]MAP 0.346+/-0.073
[Stat]MRR 0.670+/-0.121
[Stat]Precision 0.195+/-0.032
