Load 6134 2-gram new features from /home/ll5fy/TUIR/dataset/yelp/yelp_features.txt...
Load 6134 2-gram new features from /home/ll5fy/TUIR/dataset/yelp/yelp_features.txt...
[Info]Start FIXED cross validation...
[Info]Load 553 tags, with 6134 features.
260 users are loaded from /home/ll5fy/TUIR/dataset/yelp/byUser_70k_review/5foldsCVColdstart/0/...
244 users are loaded from /home/ll5fy/TUIR/dataset/yelp/byUser_70k_review/5foldsCVColdstart/1/...
266 users are loaded from /home/ll5fy/TUIR/dataset/yelp/byUser_70k_review/5foldsCVColdstart/2/...
264 users are loaded from /home/ll5fy/TUIR/dataset/yelp/byUser_70k_review/5foldsCVColdstart/3/...
256 users are loaded from /home/ll5fy/TUIR/dataset/yelp/byUser_70k_review/5foldsCVColdstart/4/...
[Info]Finish loading 722 items' weights in total 156639 items!
[Info]Begin tagging 722 items with LDA_User Interpolation............
---- item 1: map is 0.45169, precision@k is 0.18182, mrr is 1.00000
---- item 51: map is 0.25190, precision@k is 0.09091, mrr is 0.50000
---- item 101: map is 0.12941, precision@k is 0.09091, mrr is 0.20000
---- item 151: map is 0.08631, precision@k is 0.09091, mrr is 0.20000
---- item 201: map is 0.34243, precision@k is 0.18182, mrr is 1.00000
---- item 251: map is 0.83333, precision@k is 0.66667, mrr is 1.00000
---- item 301: map is 0.06380, precision@k is 0.09091, mrr is 0.14286
---- item 351: map is 0.32697, precision@k is 0.18182, mrr is 1.00000
---- item 401: map is 0.31850, precision@k is 0.18182, mrr is 1.00000
---- item 451: map is 0.45303, precision@k is 0.18182, mrr is 1.00000
---- item 501: map is 0.07222, precision@k is 0.09091, mrr is 0.20000
---- item 551: map is 0.36009, precision@k is 0.09091, mrr is 1.00000
---- item 601: map is 0.20833, precision@k is 0.25000, mrr is 0.16667
---- item 651: map is 0.26532, precision@k is 0.18182, mrr is 0.50000
---- item 701: map is 0.21111, precision@k is 0.22222, mrr is 0.20000
[Stat]LDA_User model, Interpolation mode item tagging: Precision@K is 0.15768, MAP is: 0.24981, MRR is: 0.50668, in top 10 tags
244 users are loaded from /home/ll5fy/TUIR/dataset/yelp/byUser_70k_review/5foldsCVColdstart/1/...
260 users are loaded from /home/ll5fy/TUIR/dataset/yelp/byUser_70k_review/5foldsCVColdstart/0/...
266 users are loaded from /home/ll5fy/TUIR/dataset/yelp/byUser_70k_review/5foldsCVColdstart/2/...
264 users are loaded from /home/ll5fy/TUIR/dataset/yelp/byUser_70k_review/5foldsCVColdstart/3/...
256 users are loaded from /home/ll5fy/TUIR/dataset/yelp/byUser_70k_review/5foldsCVColdstart/4/...
[Info]Finish loading 732 items' weights in total 156639 items!
[Info]Begin tagging 732 items with LDA_User Interpolation............
---- item 1: map is 0.67778, precision@k is 0.18182, mrr is 1.00000
---- item 51: map is 0.40023, precision@k is 0.09091, mrr is 1.00000
---- item 101: map is 0.13148, precision@k is 0.09091, mrr is 0.25000
---- item 151: map is 0.44111, precision@k is 0.18182, mrr is 1.00000
---- item 201: map is 0.83333, precision@k is 0.66667, mrr is 1.00000
---- item 251: map is 0.30263, precision@k is 0.09091, mrr is 0.50000
---- item 301: map is 0.44709, precision@k is 0.18182, mrr is 1.00000
---- item 351: map is 0.27000, precision@k is 0.09091, mrr is 0.50000
---- item 401: map is 0.17943, precision@k is 0.09091, mrr is 0.50000
---- item 451: map is 0.26688, precision@k is 0.18182, mrr is 1.00000
---- item 501: map is 0.50000, precision@k is 0.50000, mrr is 0.50000
---- item 551: map is 0.00432, precision@k is 0.00000, mrr is 0.00260
---- item 601: map is 0.02053, precision@k is 0.00000, mrr is 0.02500
---- item 651: map is 0.19726, precision@k is 0.09091, mrr is 0.50000
---- item 701: map is 0.41482, precision@k is 0.18182, mrr is 1.00000
[Stat]LDA_User model, Interpolation mode item tagging: Precision@K is 0.22073, MAP is: 0.38479, MRR is: 0.71786, in top 10 tags
266 users are loaded from /home/ll5fy/TUIR/dataset/yelp/byUser_70k_review/5foldsCVColdstart/2/...
260 users are loaded from /home/ll5fy/TUIR/dataset/yelp/byUser_70k_review/5foldsCVColdstart/0/...
244 users are loaded from /home/ll5fy/TUIR/dataset/yelp/byUser_70k_review/5foldsCVColdstart/1/...
264 users are loaded from /home/ll5fy/TUIR/dataset/yelp/byUser_70k_review/5foldsCVColdstart/3/...
256 users are loaded from /home/ll5fy/TUIR/dataset/yelp/byUser_70k_review/5foldsCVColdstart/4/...
[Info]Finish loading 702 items' weights in total 156639 items!
[Info]Begin tagging 702 items with LDA_User Interpolation............
---- item 1: map is 0.39176, precision@k is 0.09091, mrr is 1.00000
---- item 51: map is 0.31151, precision@k is 0.27273, mrr is 0.50000
---- item 101: map is 0.50481, precision@k is 0.09091, mrr is 1.00000
---- item 151: map is 0.27567, precision@k is 0.18182, mrr is 0.50000
---- item 201: map is 0.19390, precision@k is 0.09091, mrr is 1.00000
---- item 251: map is 0.24765, precision@k is 0.27273, mrr is 0.50000
---- item 301: map is 0.12372, precision@k is 0.09091, mrr is 0.20000
---- item 351: map is 0.39744, precision@k is 0.09091, mrr is 1.00000
---- item 401: map is 0.42370, precision@k is 0.27273, mrr is 1.00000
---- item 451: map is 0.65610, precision@k is 0.27273, mrr is 1.00000
---- item 501: map is 0.33085, precision@k is 0.27273, mrr is 0.50000
---- item 551: map is 0.54364, precision@k is 0.27273, mrr is 1.00000
---- item 601: map is 0.29747, precision@k is 0.27273, mrr is 0.50000
---- item 651: map is 0.40472, precision@k is 0.18182, mrr is 1.00000
---- item 701: map is 0.41667, precision@k is 0.50000, mrr is 0.33333
[Stat]LDA_User model, Interpolation mode item tagging: Precision@K is 0.21164, MAP is: 0.37523, MRR is: 0.69253, in top 10 tags
264 users are loaded from /home/ll5fy/TUIR/dataset/yelp/byUser_70k_review/5foldsCVColdstart/3/...
260 users are loaded from /home/ll5fy/TUIR/dataset/yelp/byUser_70k_review/5foldsCVColdstart/0/...
244 users are loaded from /home/ll5fy/TUIR/dataset/yelp/byUser_70k_review/5foldsCVColdstart/1/...
266 users are loaded from /home/ll5fy/TUIR/dataset/yelp/byUser_70k_review/5foldsCVColdstart/2/...
256 users are loaded from /home/ll5fy/TUIR/dataset/yelp/byUser_70k_review/5foldsCVColdstart/4/...
[Info]Finish loading 717 items' weights in total 156639 items!
[Info]Begin tagging 717 items with LDA_User Interpolation............
---- item 1: map is 0.67610, precision@k is 0.18182, mrr is 1.00000
---- item 51: map is 0.67085, precision@k is 0.18182, mrr is 1.00000
---- item 101: map is 0.23611, precision@k is 0.22222, mrr is 0.25000
---- item 151: map is 0.09043, precision@k is 0.09091, mrr is 0.16667
---- item 201: map is 0.28284, precision@k is 0.18182, mrr is 0.50000
---- item 251: map is 0.16915, precision@k is 0.09091, mrr is 0.33333
---- item 301: map is 0.26843, precision@k is 0.18182, mrr is 0.33333
---- item 351: map is 0.02209, precision@k is 0.00000, mrr is 0.02857
---- item 401: map is 0.00681, precision@k is 0.00000, mrr is 0.00485
---- item 451: map is 0.52273, precision@k is 0.09091, mrr is 1.00000
---- item 501: map is 1.00000, precision@k is 1.00000, mrr is 1.00000
---- item 551: map is 0.67067, precision@k is 0.18182, mrr is 1.00000
---- item 601: map is 0.12018, precision@k is 0.09091, mrr is 0.33333
---- item 651: map is 0.26293, precision@k is 0.18182, mrr is 0.50000
---- item 701: map is 0.33974, precision@k is 0.18182, mrr is 1.00000
[Stat]LDA_User model, Interpolation mode item tagging: Precision@K is 0.22545, MAP is: 0.38429, MRR is: 0.69659, in top 10 tags
256 users are loaded from /home/ll5fy/TUIR/dataset/yelp/byUser_70k_review/5foldsCVColdstart/4/...
260 users are loaded from /home/ll5fy/TUIR/dataset/yelp/byUser_70k_review/5foldsCVColdstart/0/...
244 users are loaded from /home/ll5fy/TUIR/dataset/yelp/byUser_70k_review/5foldsCVColdstart/1/...
266 users are loaded from /home/ll5fy/TUIR/dataset/yelp/byUser_70k_review/5foldsCVColdstart/2/...
264 users are loaded from /home/ll5fy/TUIR/dataset/yelp/byUser_70k_review/5foldsCVColdstart/3/...
[Info]Finish loading 726 items' weights in total 156639 items!
[Info]Begin tagging 726 items with LDA_User Interpolation............
---- item 1: map is 0.67584, precision@k is 0.18182, mrr is 1.00000
---- item 51: map is 0.22610, precision@k is 0.09091, mrr is 1.00000
---- item 101: map is 0.51471, precision@k is 0.18182, mrr is 1.00000
---- item 151: map is 0.18117, precision@k is 0.09091, mrr is 0.50000
---- item 201: map is 0.75000, precision@k is 0.50000, mrr is 1.00000
---- item 251: map is 0.34785, precision@k is 0.09091, mrr is 1.00000
---- item 301: map is 0.41941, precision@k is 0.18182, mrr is 1.00000
---- item 351: map is 1.00000, precision@k is 1.00000, mrr is 1.00000
---- item 401: map is 0.37290, precision@k is 0.09091, mrr is 1.00000
---- item 451: map is 0.20193, precision@k is 0.09091, mrr is 0.50000
---- item 501: map is 0.55572, precision@k is 0.18182, mrr is 1.00000
---- item 551: map is 0.50208, precision@k is 0.27273, mrr is 1.00000
---- item 601: map is 0.43452, precision@k is 0.27273, mrr is 0.50000
---- item 651: map is 0.64286, precision@k is 0.42857, mrr is 1.00000
---- item 701: map is 0.50890, precision@k is 0.18182, mrr is 1.00000
[Stat]LDA_User model, Interpolation mode item tagging: Precision@K is 0.22874, MAP is: 0.38219, MRR is: 0.68224, in top 10 tags

[Stat]Running time (seconds) 306.87700
[Stat]MAP 0.355+/-0.053
[Stat]MRR 0.659+/-0.077
[Stat]Precision 0.209+/-0.026
