Load 6134 2-gram new features from /home/ll5fy/TUIR/dataset/yelp/yelp_features.txt...
Load 6134 2-gram new features from /home/ll5fy/TUIR/dataset/yelp/yelp_features.txt...
[Info]Start FIXED cross validation...
[Info]Load 553 tags, with 6134 features.
260 users are loaded from /home/ll5fy/TUIR/dataset/yelp/byUser_70k_review/5foldsCVColdstart/0/...
244 users are loaded from /home/ll5fy/TUIR/dataset/yelp/byUser_70k_review/5foldsCVColdstart/1/...
266 users are loaded from /home/ll5fy/TUIR/dataset/yelp/byUser_70k_review/5foldsCVColdstart/2/...
264 users are loaded from /home/ll5fy/TUIR/dataset/yelp/byUser_70k_review/5foldsCVColdstart/3/...
256 users are loaded from /home/ll5fy/TUIR/dataset/yelp/byUser_70k_review/5foldsCVColdstart/4/...
[Info]Finish loading 722 items' weights in total 156639 items!
[Info]Begin tagging 722 items with CTM LM............
---- item 1: map is 0.00364, precision@k is 0.00000, mrr is 0.00183
---- item 51: map is 0.00657, precision@k is 0.00000, mrr is 0.00952
---- item 101: map is 0.00272, precision@k is 0.00000, mrr is 0.00181
---- item 151: map is 0.00678, precision@k is 0.00000, mrr is 0.01124
---- item 201: map is 0.00457, precision@k is 0.00000, mrr is 0.00193
---- item 251: map is 0.00272, precision@k is 0.00000, mrr is 0.00181
---- item 301: map is 0.00378, precision@k is 0.00000, mrr is 0.00209
---- item 351: map is 0.00681, precision@k is 0.00000, mrr is 0.01087
---- item 401: map is 0.00458, precision@k is 0.00000, mrr is 0.00192
---- item 451: map is 0.00453, precision@k is 0.00000, mrr is 0.00183
---- item 501: map is 0.01100, precision@k is 0.00000, mrr is 0.02381
---- item 551: map is 0.00366, precision@k is 0.00000, mrr is 0.00193
---- item 601: map is 0.00272, precision@k is 0.00000, mrr is 0.00182
---- item 651: map is 0.01528, precision@k is 0.00000, mrr is 0.05000
---- item 701: map is 0.00277, precision@k is 0.00000, mrr is 0.00192
[Stat]CTM model, LM mode item tagging: Precision@K is 0.00706, MAP is: 0.01633, MRR is: 0.04390, in top 10 tags
244 users are loaded from /home/ll5fy/TUIR/dataset/yelp/byUser_70k_review/5foldsCVColdstart/1/...
260 users are loaded from /home/ll5fy/TUIR/dataset/yelp/byUser_70k_review/5foldsCVColdstart/0/...
266 users are loaded from /home/ll5fy/TUIR/dataset/yelp/byUser_70k_review/5foldsCVColdstart/2/...
264 users are loaded from /home/ll5fy/TUIR/dataset/yelp/byUser_70k_review/5foldsCVColdstart/3/...
256 users are loaded from /home/ll5fy/TUIR/dataset/yelp/byUser_70k_review/5foldsCVColdstart/4/...
[Info]Finish loading 732 items' weights in total 156639 items!
[Info]Begin tagging 732 items with CTM LM............
---- item 1: map is 0.00364, precision@k is 0.00000, mrr is 0.00183
---- item 51: map is 0.11454, precision@k is 0.09091, mrr is 0.33333
---- item 101: map is 0.00390, precision@k is 0.00000, mrr is 0.00211
---- item 151: map is 0.07219, precision@k is 0.09091, mrr is 0.33333
---- item 201: map is 0.00272, precision@k is 0.00000, mrr is 0.00182
---- item 251: map is 0.00273, precision@k is 0.00000, mrr is 0.00183
---- item 301: map is 0.00374, precision@k is 0.00000, mrr is 0.00206
---- item 351: map is 0.00272, precision@k is 0.00000, mrr is 0.00182
---- item 401: map is 0.00371, precision@k is 0.00000, mrr is 0.00198
---- item 451: map is 0.00569, precision@k is 0.00000, mrr is 0.00236
---- item 501: map is 0.00183, precision@k is 0.00000, mrr is 0.00183
---- item 551: map is 0.01378, precision@k is 0.00000, mrr is 0.01724
---- item 601: map is 0.01341, precision@k is 0.00000, mrr is 0.03030
---- item 651: map is 0.00363, precision@k is 0.00000, mrr is 0.00183
---- item 701: map is 0.01049, precision@k is 0.00000, mrr is 0.02381
[Stat]CTM model, LM mode item tagging: Precision@K is 0.00659, MAP is: 0.01588, MRR is: 0.04296, in top 10 tags
266 users are loaded from /home/ll5fy/TUIR/dataset/yelp/byUser_70k_review/5foldsCVColdstart/2/...
260 users are loaded from /home/ll5fy/TUIR/dataset/yelp/byUser_70k_review/5foldsCVColdstart/0/...
244 users are loaded from /home/ll5fy/TUIR/dataset/yelp/byUser_70k_review/5foldsCVColdstart/1/...
264 users are loaded from /home/ll5fy/TUIR/dataset/yelp/byUser_70k_review/5foldsCVColdstart/3/...
256 users are loaded from /home/ll5fy/TUIR/dataset/yelp/byUser_70k_review/5foldsCVColdstart/4/...
[Info]Finish loading 702 items' weights in total 156639 items!
[Info]Begin tagging 702 items with CTM LM............
---- item 1: map is 0.00362, precision@k is 0.00000, mrr is 0.00182
---- item 51: map is 0.02461, precision@k is 0.00000, mrr is 0.05000
---- item 101: map is 0.00278, precision@k is 0.00000, mrr is 0.00194
---- item 151: map is 0.09841, precision@k is 0.09091, mrr is 0.33333
---- item 201: map is 0.01235, precision@k is 0.00000, mrr is 0.02941
---- item 251: map is 0.00758, precision@k is 0.00000, mrr is 0.00258
---- item 301: map is 0.00378, precision@k is 0.00000, mrr is 0.00209
---- item 351: map is 0.01096, precision@k is 0.00000, mrr is 0.02381
---- item 401: map is 0.00651, precision@k is 0.00000, mrr is 0.00230
---- item 451: map is 0.00453, precision@k is 0.00000, mrr is 0.00183
---- item 501: map is 0.00557, precision@k is 0.00000, mrr is 0.00226
---- item 551: map is 0.00679, precision@k is 0.00000, mrr is 0.01087
---- item 601: map is 0.01527, precision@k is 0.00000, mrr is 0.05000
---- item 651: map is 0.00374, precision@k is 0.00000, mrr is 0.00206
---- item 701: map is 0.00273, precision@k is 0.00000, mrr is 0.00183
[Stat]CTM model, LM mode item tagging: Precision@K is 0.00636, MAP is: 0.01502, MRR is: 0.04054, in top 10 tags
264 users are loaded from /home/ll5fy/TUIR/dataset/yelp/byUser_70k_review/5foldsCVColdstart/3/...
260 users are loaded from /home/ll5fy/TUIR/dataset/yelp/byUser_70k_review/5foldsCVColdstart/0/...
244 users are loaded from /home/ll5fy/TUIR/dataset/yelp/byUser_70k_review/5foldsCVColdstart/1/...
266 users are loaded from /home/ll5fy/TUIR/dataset/yelp/byUser_70k_review/5foldsCVColdstart/2/...
256 users are loaded from /home/ll5fy/TUIR/dataset/yelp/byUser_70k_review/5foldsCVColdstart/4/...
[Info]Finish loading 717 items' weights in total 156639 items!
[Info]Begin tagging 717 items with CTM LM............
---- item 1: map is 0.00364, precision@k is 0.00000, mrr is 0.00183
---- item 51: map is 0.11454, precision@k is 0.09091, mrr is 0.33333
---- item 101: map is 0.00272, precision@k is 0.00000, mrr is 0.00181
---- item 151: map is 0.01373, precision@k is 0.00000, mrr is 0.02381
---- item 201: map is 0.00575, precision@k is 0.00000, mrr is 0.00235
---- item 251: map is 0.00287, precision@k is 0.00000, mrr is 0.00204
---- item 301: map is 0.00459, precision@k is 0.00000, mrr is 0.00197
---- item 351: map is 0.01130, precision@k is 0.00000, mrr is 0.03030
---- item 401: map is 0.02683, precision@k is 0.00000, mrr is 0.05000
---- item 451: map is 0.00271, precision@k is 0.00000, mrr is 0.00181
---- item 501: map is 0.00181, precision@k is 0.00000, mrr is 0.00181
---- item 551: map is 0.00366, precision@k is 0.00000, mrr is 0.00193
---- item 601: map is 0.12895, precision@k is 0.09091, mrr is 0.33333
---- item 651: map is 0.00581, precision@k is 0.00000, mrr is 0.00254
---- item 701: map is 0.01516, precision@k is 0.00000, mrr is 0.05000
[Stat]CTM model, LM mode item tagging: Precision@K is 0.00623, MAP is: 0.01537, MRR is: 0.04082, in top 10 tags
256 users are loaded from /home/ll5fy/TUIR/dataset/yelp/byUser_70k_review/5foldsCVColdstart/4/...
260 users are loaded from /home/ll5fy/TUIR/dataset/yelp/byUser_70k_review/5foldsCVColdstart/0/...
244 users are loaded from /home/ll5fy/TUIR/dataset/yelp/byUser_70k_review/5foldsCVColdstart/1/...
266 users are loaded from /home/ll5fy/TUIR/dataset/yelp/byUser_70k_review/5foldsCVColdstart/2/...
264 users are loaded from /home/ll5fy/TUIR/dataset/yelp/byUser_70k_review/5foldsCVColdstart/3/...
[Info]Finish loading 726 items' weights in total 156639 items!
[Info]Begin tagging 726 items with CTM LM............
---- item 1: map is 0.00364, precision@k is 0.00000, mrr is 0.00183
---- item 51: map is 0.01528, precision@k is 0.00000, mrr is 0.02381
---- item 101: map is 0.00374, precision@k is 0.00000, mrr is 0.00216
---- item 151: map is 0.01131, precision@k is 0.00000, mrr is 0.02381
---- item 201: map is 0.00272, precision@k is 0.00000, mrr is 0.00182
---- item 251: map is 0.00424, precision@k is 0.00000, mrr is 0.00258
---- item 301: map is 0.00376, precision@k is 0.00000, mrr is 0.00208
---- item 351: map is 0.00181, precision@k is 0.00000, mrr is 0.00181
---- item 401: map is 0.00372, precision@k is 0.00000, mrr is 0.00196
---- item 451: map is 0.00614, precision@k is 0.00000, mrr is 0.00935
---- item 501: map is 0.00467, precision@k is 0.00000, mrr is 0.00221
---- item 551: map is 0.00455, precision@k is 0.00000, mrr is 0.00187
---- item 601: map is 0.00455, precision@k is 0.00000, mrr is 0.00189
---- item 651: map is 0.00364, precision@k is 0.00000, mrr is 0.00184
---- item 701: map is 0.00471, precision@k is 0.00000, mrr is 0.00238
[Stat]CTM model, LM mode item tagging: Precision@K is 0.00627, MAP is: 0.01470, MRR is: 0.04142, in top 10 tags

[Stat]Running time (seconds) 321.00700
[Stat]MAP 0.015+/-0.001
[Stat]MRR 0.042+/-0.001
[Stat]Precision 0.007+/-0.000
