Load 6134 2-gram new features from /home/ll5fy/TUIR/dataset/yelp/yelp_features.txt...
Load 6134 2-gram new features from /home/ll5fy/TUIR/dataset/yelp/yelp_features.txt...
[Info]Start FIXED cross validation...
[Info]Load 553 tags, with 6134 features.
260 users are loaded from /home/ll5fy/TUIR/dataset/yelp/byUser_70k_review/5foldsCVColdstart/0/...
244 users are loaded from /home/ll5fy/TUIR/dataset/yelp/byUser_70k_review/5foldsCVColdstart/1/...
266 users are loaded from /home/ll5fy/TUIR/dataset/yelp/byUser_70k_review/5foldsCVColdstart/2/...
264 users are loaded from /home/ll5fy/TUIR/dataset/yelp/byUser_70k_review/5foldsCVColdstart/3/...
256 users are loaded from /home/ll5fy/TUIR/dataset/yelp/byUser_70k_review/5foldsCVColdstart/4/...
[Info]Finish loading 861 items' weights in total 156639 items!
[Info]Begin tagging 861 items with ETBIR Interpolation............
---- item 1: map is 0.55857, precision@k is 0.18182, mrr is 1.00000
---- item 51: map is 0.38361, precision@k is 0.18182, mrr is 1.00000
---- item 101: map is 0.75000, precision@k is 0.50000, mrr is 1.00000
---- item 151: map is 0.16597, precision@k is 0.09091, mrr is 0.33333
---- item 201: map is 0.34449, precision@k is 0.09091, mrr is 1.00000
---- item 251: map is 0.19643, precision@k is 0.09091, mrr is 0.25000
---- item 301: map is 0.50544, precision@k is 0.18182, mrr is 1.00000
---- item 351: map is 0.75000, precision@k is 0.50000, mrr is 1.00000
---- item 401: map is 0.17883, precision@k is 0.18182, mrr is 0.50000
---- item 451: map is 0.57479, precision@k is 0.18182, mrr is 1.00000
---- item 501: map is 0.34447, precision@k is 0.09091, mrr is 1.00000
---- item 551: map is 0.62500, precision@k is 0.25000, mrr is 1.00000
---- item 601: map is 0.02294, precision@k is 0.00000, mrr is 0.01786
---- item 651: map is 0.02950, precision@k is 0.00000, mrr is 0.05556
---- item 701: map is 0.34445, precision@k is 0.09091, mrr is 1.00000
---- item 751: map is 0.00432, precision@k is 0.00000, mrr is 0.00274
---- item 801: map is 0.41522, precision@k is 0.18182, mrr is 1.00000
---- item 851: map is 0.09891, precision@k is 0.09091, mrr is 0.25000
[Stat]ETBIR model, Interpolation mode item tagging: Precision@K is 0.20691, MAP is: 0.36063, MRR is: 0.68001, in top 10 tags
244 users are loaded from /home/ll5fy/TUIR/dataset/yelp/byUser_70k_review/5foldsCVColdstart/1/...
260 users are loaded from /home/ll5fy/TUIR/dataset/yelp/byUser_70k_review/5foldsCVColdstart/0/...
266 users are loaded from /home/ll5fy/TUIR/dataset/yelp/byUser_70k_review/5foldsCVColdstart/2/...
264 users are loaded from /home/ll5fy/TUIR/dataset/yelp/byUser_70k_review/5foldsCVColdstart/3/...
256 users are loaded from /home/ll5fy/TUIR/dataset/yelp/byUser_70k_review/5foldsCVColdstart/4/...
[Info]Finish loading 861 items' weights in total 156639 items!
[Info]Begin tagging 861 items with ETBIR Interpolation............
---- item 1: map is 0.55831, precision@k is 0.18182, mrr is 1.00000
---- item 51: map is 0.36005, precision@k is 0.18182, mrr is 1.00000
---- item 101: map is 0.64286, precision@k is 0.28571, mrr is 1.00000
---- item 151: map is 0.17340, precision@k is 0.18182, mrr is 0.20000
---- item 201: map is 0.34361, precision@k is 0.09091, mrr is 1.00000
---- item 251: map is 0.21591, precision@k is 0.09091, mrr is 0.25000
---- item 301: map is 0.50577, precision@k is 0.18182, mrr is 1.00000
---- item 351: map is 0.83333, precision@k is 0.66667, mrr is 1.00000
---- item 401: map is 0.31542, precision@k is 0.27273, mrr is 0.50000
---- item 451: map is 0.51887, precision@k is 0.18182, mrr is 1.00000
---- item 501: map is 0.34546, precision@k is 0.09091, mrr is 1.00000
---- item 551: map is 0.58333, precision@k is 0.09091, mrr is 1.00000
---- item 601: map is 0.43443, precision@k is 0.18182, mrr is 1.00000
---- item 651: map is 0.03025, precision@k is 0.00000, mrr is 0.05000
---- item 701: map is 0.12923, precision@k is 0.09091, mrr is 0.33333
---- item 751: map is 0.00438, precision@k is 0.00000, mrr is 0.00275
---- item 801: map is 0.41465, precision@k is 0.18182, mrr is 1.00000
---- item 851: map is 0.10422, precision@k is 0.09091, mrr is 0.25000
[Stat]ETBIR model, Interpolation mode item tagging: Precision@K is 0.22161, MAP is: 0.36700, MRR is: 0.65359, in top 10 tags
266 users are loaded from /home/ll5fy/TUIR/dataset/yelp/byUser_70k_review/5foldsCVColdstart/2/...
260 users are loaded from /home/ll5fy/TUIR/dataset/yelp/byUser_70k_review/5foldsCVColdstart/0/...
244 users are loaded from /home/ll5fy/TUIR/dataset/yelp/byUser_70k_review/5foldsCVColdstart/1/...
264 users are loaded from /home/ll5fy/TUIR/dataset/yelp/byUser_70k_review/5foldsCVColdstart/3/...
256 users are loaded from /home/ll5fy/TUIR/dataset/yelp/byUser_70k_review/5foldsCVColdstart/4/...
[Info]Finish loading 861 items' weights in total 156639 items!
[Info]Begin tagging 861 items with ETBIR Interpolation............
---- item 1: map is 0.67352, precision@k is 0.18182, mrr is 1.00000
---- item 51: map is 0.36108, precision@k is 0.09091, mrr is 1.00000
---- item 101: map is 0.62500, precision@k is 0.25000, mrr is 1.00000
---- item 151: map is 0.12680, precision@k is 0.09091, mrr is 0.16667
---- item 201: map is 0.34437, precision@k is 0.09091, mrr is 1.00000
---- item 251: map is 0.22500, precision@k is 0.20000, mrr is 0.25000
---- item 301: map is 0.50596, precision@k is 0.18182, mrr is 1.00000
---- item 351: map is 0.83333, precision@k is 0.66667, mrr is 1.00000
---- item 401: map is 0.34938, precision@k is 0.27273, mrr is 0.50000
---- item 451: map is 0.52174, precision@k is 0.18182, mrr is 1.00000
---- item 501: map is 0.34483, precision@k is 0.09091, mrr is 1.00000
---- item 551: map is 0.57692, precision@k is 0.09091, mrr is 1.00000
---- item 601: map is 0.43422, precision@k is 0.18182, mrr is 1.00000
---- item 651: map is 0.03639, precision@k is 0.00000, mrr is 0.04348
---- item 701: map is 0.15683, precision@k is 0.09091, mrr is 0.33333
---- item 751: map is 0.00440, precision@k is 0.00000, mrr is 0.00263
---- item 801: map is 0.41522, precision@k is 0.18182, mrr is 1.00000
---- item 851: map is 0.10364, precision@k is 0.09091, mrr is 0.25000
[Stat]ETBIR model, Interpolation mode item tagging: Precision@K is 0.21843, MAP is: 0.36461, MRR is: 0.64721, in top 10 tags
264 users are loaded from /home/ll5fy/TUIR/dataset/yelp/byUser_70k_review/5foldsCVColdstart/3/...
260 users are loaded from /home/ll5fy/TUIR/dataset/yelp/byUser_70k_review/5foldsCVColdstart/0/...
244 users are loaded from /home/ll5fy/TUIR/dataset/yelp/byUser_70k_review/5foldsCVColdstart/1/...
266 users are loaded from /home/ll5fy/TUIR/dataset/yelp/byUser_70k_review/5foldsCVColdstart/2/...
256 users are loaded from /home/ll5fy/TUIR/dataset/yelp/byUser_70k_review/5foldsCVColdstart/4/...
[Info]Finish loading 861 items' weights in total 156639 items!
[Info]Begin tagging 861 items with ETBIR Interpolation............
---- item 1: map is 0.69369, precision@k is 0.18182, mrr is 1.00000
---- item 51: map is 0.33451, precision@k is 0.09091, mrr is 1.00000
---- item 101: map is 0.62500, precision@k is 0.25000, mrr is 1.00000
---- item 151: map is 0.09929, precision@k is 0.09091, mrr is 0.12500
---- item 201: map is 0.34327, precision@k is 0.09091, mrr is 1.00000
---- item 251: map is 0.41667, precision@k is 0.50000, mrr is 0.33333
---- item 301: map is 0.50477, precision@k is 0.18182, mrr is 1.00000
---- item 351: map is 1.00000, precision@k is 1.00000, mrr is 1.00000
---- item 401: map is 0.35047, precision@k is 0.27273, mrr is 0.50000
---- item 451: map is 0.40414, precision@k is 0.09091, mrr is 1.00000
---- item 501: map is 0.34421, precision@k is 0.09091, mrr is 1.00000
---- item 551: map is 0.56667, precision@k is 0.09091, mrr is 1.00000
---- item 601: map is 0.43916, precision@k is 0.18182, mrr is 1.00000
---- item 651: map is 0.04479, precision@k is 0.00000, mrr is 0.03846
---- item 701: map is 0.16345, precision@k is 0.09091, mrr is 0.33333
---- item 751: map is 0.00423, precision@k is 0.00000, mrr is 0.00272
---- item 801: map is 0.41465, precision@k is 0.18182, mrr is 1.00000
---- item 851: map is 0.10870, precision@k is 0.09091, mrr is 0.25000
[Stat]ETBIR model, Interpolation mode item tagging: Precision@K is 0.21279, MAP is: 0.35938, MRR is: 0.64310, in top 10 tags
256 users are loaded from /home/ll5fy/TUIR/dataset/yelp/byUser_70k_review/5foldsCVColdstart/4/...
260 users are loaded from /home/ll5fy/TUIR/dataset/yelp/byUser_70k_review/5foldsCVColdstart/0/...
244 users are loaded from /home/ll5fy/TUIR/dataset/yelp/byUser_70k_review/5foldsCVColdstart/1/...
266 users are loaded from /home/ll5fy/TUIR/dataset/yelp/byUser_70k_review/5foldsCVColdstart/2/...
264 users are loaded from /home/ll5fy/TUIR/dataset/yelp/byUser_70k_review/5foldsCVColdstart/3/...
[Info]Finish loading 861 items' weights in total 156639 items!
[Info]Begin tagging 861 items with ETBIR Interpolation............
---- item 1: map is 0.74702, precision@k is 0.57143, mrr is 1.00000
---- item 51: map is 0.34922, precision@k is 0.09091, mrr is 1.00000
---- item 101: map is 0.62500, precision@k is 0.25000, mrr is 1.00000
---- item 151: map is 0.48768, precision@k is 0.27273, mrr is 1.00000
---- item 201: map is 0.34368, precision@k is 0.09091, mrr is 1.00000
---- item 251: map is 0.22500, precision@k is 0.20000, mrr is 0.25000
---- item 301: map is 0.50590, precision@k is 0.18182, mrr is 1.00000
---- item 351: map is 1.00000, precision@k is 1.00000, mrr is 1.00000
---- item 401: map is 0.35082, precision@k is 0.27273, mrr is 0.50000
---- item 451: map is 0.40338, precision@k is 0.09091, mrr is 1.00000
---- item 501: map is 0.34384, precision@k is 0.09091, mrr is 1.00000
---- item 551: map is 0.55000, precision@k is 0.09091, mrr is 1.00000
---- item 601: map is 0.44142, precision@k is 0.18182, mrr is 1.00000
---- item 651: map is 0.04691, precision@k is 0.00000, mrr is 0.03846
---- item 701: map is 0.16682, precision@k is 0.09091, mrr is 0.33333
---- item 751: map is 0.00428, precision@k is 0.00000, mrr is 0.00277
---- item 801: map is 0.41510, precision@k is 0.18182, mrr is 1.00000
---- item 851: map is 0.10731, precision@k is 0.09091, mrr is 0.25000
[Stat]ETBIR model, Interpolation mode item tagging: Precision@K is 0.21217, MAP is: 0.36007, MRR is: 0.64261, in top 10 tags

[Stat]Running time (seconds) 367.40600
[Stat]MAP 0.362+/-0.003
[Stat]MRR 0.653+/-0.014
[Stat]Precision 0.214+/-0.005
