Load 6134 2-gram new features from /home/ll5fy/TUIR/dataset/yelp/yelp_features.txt...
Load 6134 2-gram new features from /home/ll5fy/TUIR/dataset/yelp/yelp_features.txt...
[Info]Start FIXED cross validation...
[Info]Load 553 tags, with 6134 features.
260 users are loaded from /home/ll5fy/TUIR/dataset/yelp/byUser_70k_review/5foldsCVColdstart/0/...
244 users are loaded from /home/ll5fy/TUIR/dataset/yelp/byUser_70k_review/5foldsCVColdstart/1/...
266 users are loaded from /home/ll5fy/TUIR/dataset/yelp/byUser_70k_review/5foldsCVColdstart/2/...
264 users are loaded from /home/ll5fy/TUIR/dataset/yelp/byUser_70k_review/5foldsCVColdstart/3/...
256 users are loaded from /home/ll5fy/TUIR/dataset/yelp/byUser_70k_review/5foldsCVColdstart/4/...
[Info]Finish loading 861 items' weights in total 156639 items!
[Info]Begin tagging 861 items with ETBIR_Item Interpolation............
---- item 1: map is 0.34892, precision@k is 0.09091, mrr is 1.00000
---- item 51: map is 0.54345, precision@k is 0.18182, mrr is 1.00000
---- item 101: map is 1.00000, precision@k is 1.00000, mrr is 1.00000
---- item 151: map is 0.37007, precision@k is 0.09091, mrr is 1.00000
---- item 201: map is 0.34387, precision@k is 0.09091, mrr is 1.00000
---- item 251: map is 0.01661, precision@k is 0.00000, mrr is 0.01818
---- item 301: map is 0.26795, precision@k is 0.09091, mrr is 1.00000
---- item 351: map is 0.51370, precision@k is 0.09091, mrr is 1.00000
---- item 401: map is 0.09412, precision@k is 0.09091, mrr is 0.33333
---- item 451: map is 0.60101, precision@k is 0.18182, mrr is 1.00000
---- item 501: map is 0.03599, precision@k is 0.00000, mrr is 0.07143
---- item 551: map is 1.00000, precision@k is 1.00000, mrr is 1.00000
---- item 601: map is 0.02397, precision@k is 0.00000, mrr is 0.01923
---- item 651: map is 0.03635, precision@k is 0.09091, mrr is 0.11111
---- item 701: map is 0.34220, precision@k is 0.09091, mrr is 1.00000
---- item 751: map is 0.00446, precision@k is 0.00000, mrr is 0.00296
---- item 801: map is 0.35239, precision@k is 0.09091, mrr is 1.00000
---- item 851: map is 0.07104, precision@k is 0.09091, mrr is 0.20000
[Stat]ETBIR_Item model, Interpolation mode item tagging: Precision@K is 0.16393, MAP is: 0.34631, MRR is: 0.76864, in top 10 tags
244 users are loaded from /home/ll5fy/TUIR/dataset/yelp/byUser_70k_review/5foldsCVColdstart/1/...
260 users are loaded from /home/ll5fy/TUIR/dataset/yelp/byUser_70k_review/5foldsCVColdstart/0/...
266 users are loaded from /home/ll5fy/TUIR/dataset/yelp/byUser_70k_review/5foldsCVColdstart/2/...
264 users are loaded from /home/ll5fy/TUIR/dataset/yelp/byUser_70k_review/5foldsCVColdstart/3/...
256 users are loaded from /home/ll5fy/TUIR/dataset/yelp/byUser_70k_review/5foldsCVColdstart/4/...
[Info]Finish loading 861 items' weights in total 156639 items!
[Info]Begin tagging 861 items with ETBIR_Item Interpolation............
---- item 1: map is 0.35113, precision@k is 0.09091, mrr is 1.00000
---- item 51: map is 0.55107, precision@k is 0.18182, mrr is 1.00000
---- item 101: map is 1.00000, precision@k is 1.00000, mrr is 1.00000
---- item 151: map is 0.21104, precision@k is 0.09091, mrr is 0.50000
---- item 201: map is 0.34439, precision@k is 0.09091, mrr is 1.00000
---- item 251: map is 0.01997, precision@k is 0.00000, mrr is 0.02381
---- item 301: map is 0.50577, precision@k is 0.18182, mrr is 1.00000
---- item 351: map is 0.51818, precision@k is 0.09091, mrr is 1.00000
---- item 401: map is 0.20348, precision@k is 0.18182, mrr is 0.50000
---- item 451: map is 0.59127, precision@k is 0.18182, mrr is 1.00000
---- item 501: map is 0.04345, precision@k is 0.00000, mrr is 0.09091
---- item 551: map is 1.00000, precision@k is 1.00000, mrr is 1.00000
---- item 601: map is 0.33734, precision@k is 0.18182, mrr is 1.00000
---- item 651: map is 0.03057, precision@k is 0.00000, mrr is 0.04762
---- item 701: map is 0.17687, precision@k is 0.09091, mrr is 0.50000
---- item 751: map is 0.00436, precision@k is 0.00000, mrr is 0.00279
---- item 801: map is 0.36053, precision@k is 0.09091, mrr is 1.00000
---- item 851: map is 0.06371, precision@k is 0.09091, mrr is 0.16667
[Stat]ETBIR_Item model, Interpolation mode item tagging: Precision@K is 0.20175, MAP is: 0.37261, MRR is: 0.74495, in top 10 tags
266 users are loaded from /home/ll5fy/TUIR/dataset/yelp/byUser_70k_review/5foldsCVColdstart/2/...
260 users are loaded from /home/ll5fy/TUIR/dataset/yelp/byUser_70k_review/5foldsCVColdstart/0/...
244 users are loaded from /home/ll5fy/TUIR/dataset/yelp/byUser_70k_review/5foldsCVColdstart/1/...
264 users are loaded from /home/ll5fy/TUIR/dataset/yelp/byUser_70k_review/5foldsCVColdstart/3/...
256 users are loaded from /home/ll5fy/TUIR/dataset/yelp/byUser_70k_review/5foldsCVColdstart/4/...
[Info]Finish loading 861 items' weights in total 156639 items!
[Info]Begin tagging 861 items with ETBIR_Item Interpolation............
---- item 1: map is 0.35277, precision@k is 0.09091, mrr is 1.00000
---- item 51: map is 0.54068, precision@k is 0.18182, mrr is 1.00000
---- item 101: map is 1.00000, precision@k is 1.00000, mrr is 1.00000
---- item 151: map is 0.19791, precision@k is 0.09091, mrr is 0.50000
---- item 201: map is 0.34459, precision@k is 0.09091, mrr is 1.00000
---- item 251: map is 0.10862, precision@k is 0.09091, mrr is 0.20000
---- item 301: map is 0.50590, precision@k is 0.18182, mrr is 1.00000
---- item 351: map is 0.51695, precision@k is 0.09091, mrr is 1.00000
---- item 401: map is 0.22761, precision@k is 0.18182, mrr is 0.50000
---- item 451: map is 0.58781, precision@k is 0.18182, mrr is 1.00000
---- item 501: map is 0.34683, precision@k is 0.09091, mrr is 1.00000
---- item 551: map is 1.00000, precision@k is 1.00000, mrr is 1.00000
---- item 601: map is 0.43522, precision@k is 0.18182, mrr is 1.00000
---- item 651: map is 0.02891, precision@k is 0.00000, mrr is 0.06250
---- item 701: map is 0.17577, precision@k is 0.09091, mrr is 0.50000
---- item 751: map is 0.00459, precision@k is 0.00000, mrr is 0.00308
---- item 801: map is 0.36260, precision@k is 0.09091, mrr is 1.00000
---- item 851: map is 0.08663, precision@k is 0.09091, mrr is 0.25000
[Stat]ETBIR_Item model, Interpolation mode item tagging: Precision@K is 0.20981, MAP is: 0.37676, MRR is: 0.73118, in top 10 tags
264 users are loaded from /home/ll5fy/TUIR/dataset/yelp/byUser_70k_review/5foldsCVColdstart/3/...
260 users are loaded from /home/ll5fy/TUIR/dataset/yelp/byUser_70k_review/5foldsCVColdstart/0/...
244 users are loaded from /home/ll5fy/TUIR/dataset/yelp/byUser_70k_review/5foldsCVColdstart/1/...
266 users are loaded from /home/ll5fy/TUIR/dataset/yelp/byUser_70k_review/5foldsCVColdstart/2/...
256 users are loaded from /home/ll5fy/TUIR/dataset/yelp/byUser_70k_review/5foldsCVColdstart/4/...
[Info]Finish loading 861 items' weights in total 156639 items!
[Info]Begin tagging 861 items with ETBIR_Item Interpolation............
---- item 1: map is 0.35433, precision@k is 0.09091, mrr is 1.00000
---- item 51: map is 0.54057, precision@k is 0.18182, mrr is 1.00000
---- item 101: map is 0.83333, precision@k is 0.66667, mrr is 1.00000
---- item 151: map is 0.21260, precision@k is 0.09091, mrr is 0.50000
---- item 201: map is 0.34535, precision@k is 0.09091, mrr is 1.00000
---- item 251: map is 0.50575, precision@k is 0.09091, mrr is 1.00000
---- item 301: map is 0.50492, precision@k is 0.18182, mrr is 1.00000
---- item 351: map is 0.53030, precision@k is 0.09091, mrr is 1.00000
---- item 401: map is 0.24200, precision@k is 0.18182, mrr is 0.50000
---- item 451: map is 0.47965, precision@k is 0.18182, mrr is 1.00000
---- item 501: map is 0.34476, precision@k is 0.09091, mrr is 1.00000
---- item 551: map is 1.00000, precision@k is 1.00000, mrr is 1.00000
---- item 601: map is 0.43317, precision@k is 0.18182, mrr is 1.00000
---- item 651: map is 0.03287, precision@k is 0.00000, mrr is 0.07692
---- item 701: map is 0.17761, precision@k is 0.09091, mrr is 0.50000
---- item 751: map is 0.00440, precision@k is 0.00000, mrr is 0.00281
---- item 801: map is 0.35690, precision@k is 0.09091, mrr is 1.00000
---- item 851: map is 0.08379, precision@k is 0.09091, mrr is 0.25000
[Stat]ETBIR_Item model, Interpolation mode item tagging: Precision@K is 0.21317, MAP is: 0.37474, MRR is: 0.71564, in top 10 tags
256 users are loaded from /home/ll5fy/TUIR/dataset/yelp/byUser_70k_review/5foldsCVColdstart/4/...
260 users are loaded from /home/ll5fy/TUIR/dataset/yelp/byUser_70k_review/5foldsCVColdstart/0/...
244 users are loaded from /home/ll5fy/TUIR/dataset/yelp/byUser_70k_review/5foldsCVColdstart/1/...
266 users are loaded from /home/ll5fy/TUIR/dataset/yelp/byUser_70k_review/5foldsCVColdstart/2/...
264 users are loaded from /home/ll5fy/TUIR/dataset/yelp/byUser_70k_review/5foldsCVColdstart/3/...
[Info]Finish loading 861 items' weights in total 156639 items!
[Info]Begin tagging 861 items with ETBIR_Item Interpolation............
---- item 1: map is 0.68056, precision@k is 0.27273, mrr is 1.00000
---- item 51: map is 0.53565, precision@k is 0.18182, mrr is 1.00000
---- item 101: map is 0.83333, precision@k is 0.66667, mrr is 1.00000
---- item 151: map is 0.48710, precision@k is 0.27273, mrr is 1.00000
---- item 201: map is 0.34463, precision@k is 0.09091, mrr is 1.00000
---- item 251: map is 0.13636, precision@k is 0.09091, mrr is 0.25000
---- item 301: map is 0.50558, precision@k is 0.18182, mrr is 1.00000
---- item 351: map is 0.54348, precision@k is 0.09091, mrr is 1.00000
---- item 401: map is 0.30883, precision@k is 0.27273, mrr is 0.50000
---- item 451: map is 0.47982, precision@k is 0.18182, mrr is 1.00000
---- item 501: map is 0.34379, precision@k is 0.09091, mrr is 1.00000
---- item 551: map is 1.00000, precision@k is 1.00000, mrr is 1.00000
---- item 601: map is 0.43365, precision@k is 0.18182, mrr is 1.00000
---- item 651: map is 0.02838, precision@k is 0.00000, mrr is 0.06667
---- item 701: map is 0.17497, precision@k is 0.09091, mrr is 0.50000
---- item 751: map is 0.00427, precision@k is 0.00000, mrr is 0.00280
---- item 801: map is 0.35553, precision@k is 0.09091, mrr is 1.00000
---- item 851: map is 0.08462, precision@k is 0.09091, mrr is 0.25000
[Stat]ETBIR_Item model, Interpolation mode item tagging: Precision@K is 0.21916, MAP is: 0.37983, MRR is: 0.71370, in top 10 tags

[Stat]Running time (seconds) 369.18400
[Stat]MAP 0.370+/-0.012
[Stat]MRR 0.735+/-0.020
[Stat]Precision 0.202+/-0.020
