Load 6134 2-gram new features from /home/ll5fy/TUIR/dataset/yelp/yelp_features.txt...
Load 6134 2-gram new features from /home/ll5fy/TUIR/dataset/yelp/yelp_features.txt...
[Info]Start FIXED cross validation...
[Info]Load 553 tags, with 6134 features.
260 users are loaded from /home/ll5fy/TUIR/dataset/yelp/byUser_70k_review/5foldsCVColdstart/0/...
244 users are loaded from /home/ll5fy/TUIR/dataset/yelp/byUser_70k_review/5foldsCVColdstart/1/...
266 users are loaded from /home/ll5fy/TUIR/dataset/yelp/byUser_70k_review/5foldsCVColdstart/2/...
264 users are loaded from /home/ll5fy/TUIR/dataset/yelp/byUser_70k_review/5foldsCVColdstart/3/...
256 users are loaded from /home/ll5fy/TUIR/dataset/yelp/byUser_70k_review/5foldsCVColdstart/4/...
[Info]Finish loading 722 items' weights in total 156639 items!
[Info]Begin tagging 722 items with LDA_Item Interpolation............
---- item 1: map is 0.50649, precision@k is 0.18182, mrr is 1.00000
---- item 51: map is 0.12687, precision@k is 0.09091, mrr is 0.25000
---- item 101: map is 0.75000, precision@k is 0.50000, mrr is 1.00000
---- item 151: map is 0.20634, precision@k is 0.09091, mrr is 0.50000
---- item 201: map is 0.35158, precision@k is 0.18182, mrr is 1.00000
---- item 251: map is 0.83333, precision@k is 0.66667, mrr is 1.00000
---- item 301: map is 0.09021, precision@k is 0.09091, mrr is 0.11111
---- item 351: map is 0.32524, precision@k is 0.18182, mrr is 1.00000
---- item 401: map is 0.29963, precision@k is 0.09091, mrr is 1.00000
---- item 451: map is 0.65294, precision@k is 0.27273, mrr is 1.00000
---- item 501: map is 0.34052, precision@k is 0.09091, mrr is 1.00000
---- item 551: map is 0.67015, precision@k is 0.18182, mrr is 1.00000
---- item 601: map is 0.61111, precision@k is 0.22222, mrr is 1.00000
---- item 651: map is 0.23004, precision@k is 0.18182, mrr is 0.50000
---- item 701: map is 0.70000, precision@k is 0.40000, mrr is 1.00000
[Stat]LDA_Item model, Interpolation mode item tagging: Precision@K is 0.20728, MAP is: 0.35002, MRR is: 0.64552, in top 10 tags
244 users are loaded from /home/ll5fy/TUIR/dataset/yelp/byUser_70k_review/5foldsCVColdstart/1/...
260 users are loaded from /home/ll5fy/TUIR/dataset/yelp/byUser_70k_review/5foldsCVColdstart/0/...
266 users are loaded from /home/ll5fy/TUIR/dataset/yelp/byUser_70k_review/5foldsCVColdstart/2/...
264 users are loaded from /home/ll5fy/TUIR/dataset/yelp/byUser_70k_review/5foldsCVColdstart/3/...
256 users are loaded from /home/ll5fy/TUIR/dataset/yelp/byUser_70k_review/5foldsCVColdstart/4/...
[Info]Finish loading 732 items' weights in total 156639 items!
[Info]Begin tagging 732 items with LDA_Item Interpolation............
---- item 1: map is 0.51087, precision@k is 0.18182, mrr is 1.00000
---- item 51: map is 0.56205, precision@k is 0.18182, mrr is 1.00000
---- item 101: map is 0.06483, precision@k is 0.00000, mrr is 0.08333
---- item 151: map is 0.33250, precision@k is 0.18182, mrr is 1.00000
---- item 201: map is 0.70000, precision@k is 0.40000, mrr is 1.00000
---- item 251: map is 0.41667, precision@k is 0.50000, mrr is 0.33333
---- item 301: map is 0.41028, precision@k is 0.18182, mrr is 1.00000
---- item 351: map is 0.36667, precision@k is 0.40000, mrr is 0.33333
---- item 401: map is 0.07137, precision@k is 0.09091, mrr is 0.16667
---- item 451: map is 0.32330, precision@k is 0.18182, mrr is 1.00000
---- item 501: map is 0.50000, precision@k is 0.50000, mrr is 0.50000
---- item 551: map is 0.00423, precision@k is 0.00000, mrr is 0.00265
---- item 601: map is 0.04117, precision@k is 0.00000, mrr is 0.07143
---- item 651: map is 0.50000, precision@k is 0.50000, mrr is 0.50000
---- item 701: map is 0.29936, precision@k is 0.18182, mrr is 1.00000
[Stat]LDA_Item model, Interpolation mode item tagging: Precision@K is 0.22149, MAP is: 0.36539, MRR is: 0.65157, in top 10 tags
266 users are loaded from /home/ll5fy/TUIR/dataset/yelp/byUser_70k_review/5foldsCVColdstart/2/...
260 users are loaded from /home/ll5fy/TUIR/dataset/yelp/byUser_70k_review/5foldsCVColdstart/0/...
244 users are loaded from /home/ll5fy/TUIR/dataset/yelp/byUser_70k_review/5foldsCVColdstart/1/...
264 users are loaded from /home/ll5fy/TUIR/dataset/yelp/byUser_70k_review/5foldsCVColdstart/3/...
256 users are loaded from /home/ll5fy/TUIR/dataset/yelp/byUser_70k_review/5foldsCVColdstart/4/...
[Info]Finish loading 702 items' weights in total 156639 items!
[Info]Begin tagging 702 items with LDA_Item Interpolation............
---- item 1: map is 0.69444, precision@k is 0.18182, mrr is 1.00000
---- item 51: map is 0.39453, precision@k is 0.27273, mrr is 0.50000
---- item 101: map is 0.50690, precision@k is 0.09091, mrr is 1.00000
---- item 151: map is 0.29671, precision@k is 0.27273, mrr is 0.50000
---- item 201: map is 0.18336, precision@k is 0.09091, mrr is 1.00000
---- item 251: map is 0.25174, precision@k is 0.27273, mrr is 0.50000
---- item 301: map is 0.10284, precision@k is 0.09091, mrr is 0.16667
---- item 351: map is 0.42329, precision@k is 0.18182, mrr is 1.00000
---- item 401: map is 0.48899, precision@k is 0.36364, mrr is 1.00000
---- item 451: map is 0.66370, precision@k is 0.27273, mrr is 1.00000
---- item 501: map is 0.39821, precision@k is 0.27273, mrr is 0.50000
---- item 551: map is 0.47702, precision@k is 0.27273, mrr is 1.00000
---- item 601: map is 0.24872, precision@k is 0.27273, mrr is 0.33333
---- item 651: map is 0.37679, precision@k is 0.09091, mrr is 1.00000
---- item 701: map is 0.27778, precision@k is 0.22222, mrr is 0.33333
[Stat]LDA_Item model, Interpolation mode item tagging: Precision@K is 0.22138, MAP is: 0.36487, MRR is: 0.64064, in top 10 tags
264 users are loaded from /home/ll5fy/TUIR/dataset/yelp/byUser_70k_review/5foldsCVColdstart/3/...
260 users are loaded from /home/ll5fy/TUIR/dataset/yelp/byUser_70k_review/5foldsCVColdstart/0/...
244 users are loaded from /home/ll5fy/TUIR/dataset/yelp/byUser_70k_review/5foldsCVColdstart/1/...
266 users are loaded from /home/ll5fy/TUIR/dataset/yelp/byUser_70k_review/5foldsCVColdstart/2/...
256 users are loaded from /home/ll5fy/TUIR/dataset/yelp/byUser_70k_review/5foldsCVColdstart/4/...
[Info]Finish loading 717 items' weights in total 156639 items!
[Info]Begin tagging 717 items with LDA_Item Interpolation............
---- item 1: map is 0.45796, precision@k is 0.18182, mrr is 1.00000
---- item 51: map is 0.44783, precision@k is 0.18182, mrr is 1.00000
---- item 101: map is 0.22619, precision@k is 0.28571, mrr is 0.16667
---- item 151: map is 0.08943, precision@k is 0.09091, mrr is 0.16667
---- item 201: map is 0.34438, precision@k is 0.27273, mrr is 0.50000
---- item 251: map is 0.05306, precision@k is 0.09091, mrr is 0.10000
---- item 301: map is 0.30521, precision@k is 0.18182, mrr is 0.33333
---- item 351: map is 0.04223, precision@k is 0.00000, mrr is 0.03846
---- item 401: map is 0.00987, precision@k is 0.00000, mrr is 0.01031
---- item 451: map is 1.00000, precision@k is 1.00000, mrr is 1.00000
---- item 501: map is 1.00000, precision@k is 1.00000, mrr is 1.00000
---- item 551: map is 0.67235, precision@k is 0.18182, mrr is 1.00000
---- item 601: map is 0.03842, precision@k is 0.00000, mrr is 0.06667
---- item 651: map is 0.34449, precision@k is 0.27273, mrr is 0.50000
---- item 701: map is 0.42623, precision@k is 0.36364, mrr is 1.00000
[Stat]LDA_Item model, Interpolation mode item tagging: Precision@K is 0.21738, MAP is: 0.36361, MRR is: 0.64819, in top 10 tags
256 users are loaded from /home/ll5fy/TUIR/dataset/yelp/byUser_70k_review/5foldsCVColdstart/4/...
260 users are loaded from /home/ll5fy/TUIR/dataset/yelp/byUser_70k_review/5foldsCVColdstart/0/...
244 users are loaded from /home/ll5fy/TUIR/dataset/yelp/byUser_70k_review/5foldsCVColdstart/1/...
266 users are loaded from /home/ll5fy/TUIR/dataset/yelp/byUser_70k_review/5foldsCVColdstart/2/...
264 users are loaded from /home/ll5fy/TUIR/dataset/yelp/byUser_70k_review/5foldsCVColdstart/3/...
[Info]Finish loading 726 items' weights in total 156639 items!
[Info]Begin tagging 726 items with LDA_Item Interpolation............
---- item 1: map is 0.46032, precision@k is 0.18182, mrr is 1.00000
---- item 51: map is 0.22107, precision@k is 0.09091, mrr is 1.00000
---- item 101: map is 0.42256, precision@k is 0.18182, mrr is 1.00000
---- item 151: map is 0.12447, precision@k is 0.09091, mrr is 0.33333
---- item 201: map is 0.66667, precision@k is 0.33333, mrr is 1.00000
---- item 251: map is 0.34770, precision@k is 0.09091, mrr is 1.00000
---- item 301: map is 0.40270, precision@k is 0.18182, mrr is 1.00000
---- item 351: map is 1.00000, precision@k is 1.00000, mrr is 1.00000
---- item 401: map is 0.39489, precision@k is 0.09091, mrr is 1.00000
---- item 451: map is 0.19499, precision@k is 0.18182, mrr is 0.33333
---- item 501: map is 0.46279, precision@k is 0.18182, mrr is 1.00000
---- item 551: map is 0.51255, precision@k is 0.27273, mrr is 1.00000
---- item 601: map is 0.41071, precision@k is 0.27273, mrr is 0.50000
---- item 651: map is 0.70000, precision@k is 0.60000, mrr is 1.00000
---- item 701: map is 0.51289, precision@k is 0.18182, mrr is 1.00000
[Stat]LDA_Item model, Interpolation mode item tagging: Precision@K is 0.21605, MAP is: 0.36368, MRR is: 0.64616, in top 10 tags

[Stat]Running time (seconds) 303.16400
[Stat]MAP 0.362+/-0.006
[Stat]MRR 0.646+/-0.004
[Stat]Precision 0.217+/-0.005
