Load 6134 2-gram new features from /home/ll5fy/TUIR/dataset/yelp/yelp_features.txt...
Load 6134 2-gram new features from /home/ll5fy/TUIR/dataset/yelp/yelp_features.txt...
[Info]Start FIXED cross validation...
[Info]Load 553 tags, with 6134 features.
260 users are loaded from /home/ll5fy/TUIR/dataset/yelp/byUser_70k_review/5foldsCVColdstart/0/...
244 users are loaded from /home/ll5fy/TUIR/dataset/yelp/byUser_70k_review/5foldsCVColdstart/1/...
266 users are loaded from /home/ll5fy/TUIR/dataset/yelp/byUser_70k_review/5foldsCVColdstart/2/...
264 users are loaded from /home/ll5fy/TUIR/dataset/yelp/byUser_70k_review/5foldsCVColdstart/3/...
256 users are loaded from /home/ll5fy/TUIR/dataset/yelp/byUser_70k_review/5foldsCVColdstart/4/...
[Info]Finish loading 722 items' weights in total 156639 items!
[Info]Begin tagging 722 items with LDA_Item Interpolation............
---- item 1: map is 0.45006, precision@k is 0.18182, mrr is 1.00000
---- item 51: map is 0.12690, precision@k is 0.09091, mrr is 0.25000
---- item 101: map is 0.10971, precision@k is 0.09091, mrr is 0.20000
---- item 151: map is 0.10457, precision@k is 0.09091, mrr is 0.20000
---- item 201: map is 0.34053, precision@k is 0.18182, mrr is 1.00000
---- item 251: map is 0.83333, precision@k is 0.66667, mrr is 1.00000
---- item 301: map is 0.06612, precision@k is 0.09091, mrr is 0.14286
---- item 351: map is 0.32798, precision@k is 0.18182, mrr is 1.00000
---- item 401: map is 0.13512, precision@k is 0.18182, mrr is 0.20000
---- item 451: map is 0.21241, precision@k is 0.18182, mrr is 0.33333
---- item 501: map is 0.07672, precision@k is 0.09091, mrr is 0.20000
---- item 551: map is 0.17650, precision@k is 0.09091, mrr is 0.50000
---- item 601: map is 0.12326, precision@k is 0.09091, mrr is 0.20000
---- item 651: map is 0.26767, precision@k is 0.18182, mrr is 0.50000
---- item 701: map is 0.09826, precision@k is 0.09091, mrr is 0.16667
[Stat]LDA_Item model, Interpolation mode item tagging: Precision@K is 0.12671, MAP is: 0.17889, MRR is: 0.36882, in top 10 tags
244 users are loaded from /home/ll5fy/TUIR/dataset/yelp/byUser_70k_review/5foldsCVColdstart/1/...
260 users are loaded from /home/ll5fy/TUIR/dataset/yelp/byUser_70k_review/5foldsCVColdstart/0/...
266 users are loaded from /home/ll5fy/TUIR/dataset/yelp/byUser_70k_review/5foldsCVColdstart/2/...
264 users are loaded from /home/ll5fy/TUIR/dataset/yelp/byUser_70k_review/5foldsCVColdstart/3/...
256 users are loaded from /home/ll5fy/TUIR/dataset/yelp/byUser_70k_review/5foldsCVColdstart/4/...
[Info]Finish loading 732 items' weights in total 156639 items!
[Info]Begin tagging 732 items with LDA_Item Interpolation............
---- item 1: map is 0.67493, precision@k is 0.18182, mrr is 1.00000
---- item 51: map is 0.35648, precision@k is 0.09091, mrr is 1.00000
---- item 101: map is 0.20455, precision@k is 0.09091, mrr is 0.50000
---- item 151: map is 0.42742, precision@k is 0.18182, mrr is 1.00000
---- item 201: map is 1.00000, precision@k is 1.00000, mrr is 1.00000
---- item 251: map is 0.53125, precision@k is 0.09091, mrr is 1.00000
---- item 301: map is 0.43110, precision@k is 0.18182, mrr is 1.00000
---- item 351: map is 0.26149, precision@k is 0.09091, mrr is 0.50000
---- item 401: map is 0.34438, precision@k is 0.09091, mrr is 1.00000
---- item 451: map is 0.26847, precision@k is 0.18182, mrr is 1.00000
---- item 501: map is 0.20000, precision@k is 0.20000, mrr is 0.20000
---- item 551: map is 0.00422, precision@k is 0.00000, mrr is 0.00248
---- item 601: map is 0.01541, precision@k is 0.00000, mrr is 0.01587
---- item 651: map is 0.18213, precision@k is 0.09091, mrr is 0.50000
---- item 701: map is 0.41709, precision@k is 0.18182, mrr is 1.00000
[Stat]LDA_Item model, Interpolation mode item tagging: Precision@K is 0.19918, MAP is: 0.37725, MRR is: 0.75557, in top 10 tags
266 users are loaded from /home/ll5fy/TUIR/dataset/yelp/byUser_70k_review/5foldsCVColdstart/2/...
260 users are loaded from /home/ll5fy/TUIR/dataset/yelp/byUser_70k_review/5foldsCVColdstart/0/...
244 users are loaded from /home/ll5fy/TUIR/dataset/yelp/byUser_70k_review/5foldsCVColdstart/1/...
264 users are loaded from /home/ll5fy/TUIR/dataset/yelp/byUser_70k_review/5foldsCVColdstart/3/...
256 users are loaded from /home/ll5fy/TUIR/dataset/yelp/byUser_70k_review/5foldsCVColdstart/4/...
[Info]Finish loading 702 items' weights in total 156639 items!
[Info]Begin tagging 702 items with LDA_Item Interpolation............
---- item 1: map is 0.43153, precision@k is 0.18182, mrr is 1.00000
---- item 51: map is 0.25380, precision@k is 0.18182, mrr is 0.50000
---- item 101: map is 0.01810, precision@k is 0.00000, mrr is 0.02703
---- item 151: map is 0.30627, precision@k is 0.18182, mrr is 0.50000
---- item 201: map is 0.20457, precision@k is 0.09091, mrr is 1.00000
---- item 251: map is 0.24713, precision@k is 0.27273, mrr is 0.50000
---- item 301: map is 0.21869, precision@k is 0.09091, mrr is 0.50000
---- item 351: map is 0.37880, precision@k is 0.09091, mrr is 1.00000
---- item 401: map is 0.48717, precision@k is 0.27273, mrr is 1.00000
---- item 451: map is 0.69187, precision@k is 0.27273, mrr is 1.00000
---- item 501: map is 0.20230, precision@k is 0.18182, mrr is 0.50000
---- item 551: map is 0.43537, precision@k is 0.27273, mrr is 1.00000
---- item 601: map is 0.31146, precision@k is 0.27273, mrr is 0.50000
---- item 651: map is 0.38916, precision@k is 0.09091, mrr is 1.00000
---- item 701: map is 0.41667, precision@k is 0.50000, mrr is 0.33333
[Stat]LDA_Item model, Interpolation mode item tagging: Precision@K is 0.20742, MAP is: 0.38118, MRR is: 0.72907, in top 10 tags
264 users are loaded from /home/ll5fy/TUIR/dataset/yelp/byUser_70k_review/5foldsCVColdstart/3/...
260 users are loaded from /home/ll5fy/TUIR/dataset/yelp/byUser_70k_review/5foldsCVColdstart/0/...
244 users are loaded from /home/ll5fy/TUIR/dataset/yelp/byUser_70k_review/5foldsCVColdstart/1/...
266 users are loaded from /home/ll5fy/TUIR/dataset/yelp/byUser_70k_review/5foldsCVColdstart/2/...
256 users are loaded from /home/ll5fy/TUIR/dataset/yelp/byUser_70k_review/5foldsCVColdstart/4/...
[Info]Finish loading 717 items' weights in total 156639 items!
[Info]Begin tagging 717 items with LDA_Item Interpolation............
---- item 1: map is 0.67610, precision@k is 0.18182, mrr is 1.00000
---- item 51: map is 0.35293, precision@k is 0.09091, mrr is 1.00000
---- item 101: map is 0.17500, precision@k is 0.09091, mrr is 0.25000
---- item 151: map is 0.10794, precision@k is 0.09091, mrr is 0.20000
---- item 201: map is 0.19972, precision@k is 0.18182, mrr is 0.50000
---- item 251: map is 0.25249, precision@k is 0.09091, mrr is 0.50000
---- item 301: map is 0.30377, precision@k is 0.18182, mrr is 0.50000
---- item 351: map is 0.02002, precision@k is 0.00000, mrr is 0.02778
---- item 401: map is 0.00633, precision@k is 0.00000, mrr is 0.00463
---- item 451: map is 0.51235, precision@k is 0.09091, mrr is 1.00000
---- item 501: map is 1.00000, precision@k is 1.00000, mrr is 1.00000
---- item 551: map is 0.67100, precision@k is 0.18182, mrr is 1.00000
---- item 601: map is 0.34172, precision@k is 0.09091, mrr is 1.00000
---- item 651: map is 0.19898, precision@k is 0.18182, mrr is 0.50000
---- item 701: map is 0.08113, precision@k is 0.09091, mrr is 0.20000
[Stat]LDA_Item model, Interpolation mode item tagging: Precision@K is 0.21411, MAP is: 0.38728, MRR is: 0.73630, in top 10 tags
256 users are loaded from /home/ll5fy/TUIR/dataset/yelp/byUser_70k_review/5foldsCVColdstart/4/...
260 users are loaded from /home/ll5fy/TUIR/dataset/yelp/byUser_70k_review/5foldsCVColdstart/0/...
244 users are loaded from /home/ll5fy/TUIR/dataset/yelp/byUser_70k_review/5foldsCVColdstart/1/...
266 users are loaded from /home/ll5fy/TUIR/dataset/yelp/byUser_70k_review/5foldsCVColdstart/2/...
264 users are loaded from /home/ll5fy/TUIR/dataset/yelp/byUser_70k_review/5foldsCVColdstart/3/...
[Info]Finish loading 726 items' weights in total 156639 items!
[Info]Begin tagging 726 items with LDA_Item Interpolation............
---- item 1: map is 0.67601, precision@k is 0.18182, mrr is 1.00000
---- item 51: map is 0.24049, precision@k is 0.09091, mrr is 1.00000
---- item 101: map is 0.56871, precision@k is 0.18182, mrr is 1.00000
---- item 151: map is 0.34738, precision@k is 0.09091, mrr is 1.00000
---- item 201: map is 0.83333, precision@k is 0.66667, mrr is 1.00000
---- item 251: map is 0.34731, precision@k is 0.09091, mrr is 1.00000
---- item 301: map is 0.44725, precision@k is 0.18182, mrr is 1.00000
---- item 351: map is 1.00000, precision@k is 1.00000, mrr is 1.00000
---- item 401: map is 0.38320, precision@k is 0.09091, mrr is 1.00000
---- item 451: map is 0.18576, precision@k is 0.09091, mrr is 0.50000
---- item 501: map is 0.55329, precision@k is 0.18182, mrr is 1.00000
---- item 551: map is 0.57022, precision@k is 0.18182, mrr is 1.00000
---- item 601: map is 0.36385, precision@k is 0.18182, mrr is 0.50000
---- item 651: map is 0.55556, precision@k is 0.18182, mrr is 1.00000
---- item 701: map is 0.50879, precision@k is 0.18182, mrr is 1.00000
[Stat]LDA_Item model, Interpolation mode item tagging: Precision@K is 0.22100, MAP is: 0.39292, MRR is: 0.73199, in top 10 tags

[Stat]Running time (seconds) 309.01900
[Stat]MAP 0.344+/-0.082
[Stat]MRR 0.664+/-0.148
[Stat]Precision 0.194+/-0.034
