Load 6134 2-gram new features from /home/ll5fy/TUIR/dataset/yelp/yelp_features.txt...
Load 6134 2-gram new features from /home/ll5fy/TUIR/dataset/yelp/yelp_features.txt...
[Info]Start FIXED cross validation...
[Info]Load 553 tags, with 6134 features.
260 users are loaded from /home/ll5fy/TUIR/dataset/yelp/byUser_70k_review/5foldsCVColdstart/0/...
244 users are loaded from /home/ll5fy/TUIR/dataset/yelp/byUser_70k_review/5foldsCVColdstart/1/...
266 users are loaded from /home/ll5fy/TUIR/dataset/yelp/byUser_70k_review/5foldsCVColdstart/2/...
264 users are loaded from /home/ll5fy/TUIR/dataset/yelp/byUser_70k_review/5foldsCVColdstart/3/...
256 users are loaded from /home/ll5fy/TUIR/dataset/yelp/byUser_70k_review/5foldsCVColdstart/4/...
[Info]Finish loading 722 items' weights in total 156639 items!
[Info]Begin tagging 722 items with LDA_User Embed............
---- item 1: map is 0.10797, precision@k is 0.09091, mrr is 0.25000
---- item 51: map is 0.12687, precision@k is 0.09091, mrr is 0.25000
---- item 101: map is 0.13038, precision@k is 0.09091, mrr is 0.25000
---- item 151: map is 0.12140, precision@k is 0.09091, mrr is 0.25000
---- item 201: map is 0.08398, precision@k is 0.09091, mrr is 0.25000
---- item 251: map is 0.16071, precision@k is 0.09091, mrr is 0.25000
---- item 301: map is 0.09867, precision@k is 0.09091, mrr is 0.25000
---- item 351: map is 0.08211, precision@k is 0.09091, mrr is 0.25000
---- item 401: map is 0.07986, precision@k is 0.09091, mrr is 0.25000
---- item 451: map is 0.08893, precision@k is 0.09091, mrr is 0.25000
---- item 501: map is 0.09023, precision@k is 0.09091, mrr is 0.25000
---- item 551: map is 0.09030, precision@k is 0.09091, mrr is 0.25000
---- item 601: map is 0.13235, precision@k is 0.09091, mrr is 0.25000
---- item 651: map is 0.26520, precision@k is 0.18182, mrr is 0.50000
---- item 701: map is 0.13062, precision@k is 0.09091, mrr is 0.25000
[Stat]LDA_User model, Embed mode item tagging: Precision@K is 0.09416, MAP is: 0.10452, MRR is: 0.23237, in top 10 tags
244 users are loaded from /home/ll5fy/TUIR/dataset/yelp/byUser_70k_review/5foldsCVColdstart/1/...
260 users are loaded from /home/ll5fy/TUIR/dataset/yelp/byUser_70k_review/5foldsCVColdstart/0/...
266 users are loaded from /home/ll5fy/TUIR/dataset/yelp/byUser_70k_review/5foldsCVColdstart/2/...
264 users are loaded from /home/ll5fy/TUIR/dataset/yelp/byUser_70k_review/5foldsCVColdstart/3/...
256 users are loaded from /home/ll5fy/TUIR/dataset/yelp/byUser_70k_review/5foldsCVColdstart/4/...
[Info]Finish loading 732 items' weights in total 156639 items!
[Info]Begin tagging 732 items with LDA_User Embed............
---- item 1: map is 0.38443, precision@k is 0.09091, mrr is 1.00000
---- item 51: map is 0.35633, precision@k is 0.09091, mrr is 1.00000
---- item 101: map is 0.38370, precision@k is 0.09091, mrr is 1.00000
---- item 151: map is 0.23597, precision@k is 0.09091, mrr is 1.00000
---- item 201: map is 0.52041, precision@k is 0.09091, mrr is 1.00000
---- item 251: map is 0.51818, precision@k is 0.09091, mrr is 1.00000
---- item 301: map is 0.07388, precision@k is 0.09091, mrr is 0.16667
---- item 351: map is 0.52381, precision@k is 0.09091, mrr is 1.00000
---- item 401: map is 0.35550, precision@k is 0.09091, mrr is 1.00000
---- item 451: map is 0.02386, precision@k is 0.00000, mrr is 0.02174
---- item 501: map is 0.01176, precision@k is 0.00000, mrr is 0.01176
---- item 551: map is 0.00430, precision@k is 0.00000, mrr is 0.00282
---- item 601: map is 0.01686, precision@k is 0.00000, mrr is 0.02174
---- item 651: map is 0.35421, precision@k is 0.09091, mrr is 1.00000
---- item 701: map is 0.22698, precision@k is 0.09091, mrr is 1.00000
[Stat]LDA_User model, Embed mode item tagging: Precision@K is 0.09195, MAP is: 0.29166, MRR is: 0.77085, in top 10 tags
266 users are loaded from /home/ll5fy/TUIR/dataset/yelp/byUser_70k_review/5foldsCVColdstart/2/...
260 users are loaded from /home/ll5fy/TUIR/dataset/yelp/byUser_70k_review/5foldsCVColdstart/0/...
244 users are loaded from /home/ll5fy/TUIR/dataset/yelp/byUser_70k_review/5foldsCVColdstart/1/...
264 users are loaded from /home/ll5fy/TUIR/dataset/yelp/byUser_70k_review/5foldsCVColdstart/3/...
256 users are loaded from /home/ll5fy/TUIR/dataset/yelp/byUser_70k_review/5foldsCVColdstart/4/...
[Info]Finish loading 702 items' weights in total 156639 items!
[Info]Begin tagging 702 items with LDA_User Embed............
---- item 1: map is 0.34643, precision@k is 0.09091, mrr is 1.00000
---- item 51: map is 0.02613, precision@k is 0.00000, mrr is 0.01818
---- item 101: map is 0.00516, precision@k is 0.00000, mrr is 0.00488
---- item 151: map is 0.26876, precision@k is 0.09091, mrr is 1.00000
---- item 201: map is 0.21626, precision@k is 0.09091, mrr is 1.00000
---- item 251: map is 0.02866, precision@k is 0.00000, mrr is 0.01818
---- item 301: map is 0.35394, precision@k is 0.09091, mrr is 1.00000
---- item 351: map is 0.39608, precision@k is 0.09091, mrr is 1.00000
---- item 401: map is 0.20933, precision@k is 0.09091, mrr is 1.00000
---- item 451: map is 0.37130, precision@k is 0.18182, mrr is 1.00000
---- item 501: map is 0.02613, precision@k is 0.00000, mrr is 0.01818
---- item 551: map is 0.30042, precision@k is 0.09091, mrr is 1.00000
---- item 601: map is 0.02613, precision@k is 0.00000, mrr is 0.01818
---- item 651: map is 0.09130, precision@k is 0.09091, mrr is 0.25000
---- item 701: map is 0.51852, precision@k is 0.09091, mrr is 1.00000
[Stat]LDA_User model, Embed mode item tagging: Precision@K is 0.09167, MAP is: 0.29087, MRR is: 0.76261, in top 10 tags
264 users are loaded from /home/ll5fy/TUIR/dataset/yelp/byUser_70k_review/5foldsCVColdstart/3/...
260 users are loaded from /home/ll5fy/TUIR/dataset/yelp/byUser_70k_review/5foldsCVColdstart/0/...
244 users are loaded from /home/ll5fy/TUIR/dataset/yelp/byUser_70k_review/5foldsCVColdstart/1/...
266 users are loaded from /home/ll5fy/TUIR/dataset/yelp/byUser_70k_review/5foldsCVColdstart/2/...
256 users are loaded from /home/ll5fy/TUIR/dataset/yelp/byUser_70k_review/5foldsCVColdstart/4/...
[Info]Finish loading 717 items' weights in total 156639 items!
[Info]Begin tagging 717 items with LDA_User Embed............
---- item 1: map is 0.39331, precision@k is 0.09091, mrr is 1.00000
---- item 51: map is 0.34281, precision@k is 0.09091, mrr is 1.00000
---- item 101: map is 0.51235, precision@k is 0.09091, mrr is 1.00000
---- item 151: map is 0.50676, precision@k is 0.09091, mrr is 1.00000
---- item 201: map is 0.02555, precision@k is 0.00000, mrr is 0.01961
---- item 251: map is 0.50240, precision@k is 0.09091, mrr is 1.00000
---- item 301: map is 0.29943, precision@k is 0.09091, mrr is 1.00000
---- item 351: map is 0.02222, precision@k is 0.00000, mrr is 0.02128
---- item 401: map is 0.00649, precision@k is 0.00000, mrr is 0.00488
---- item 451: map is 0.50870, precision@k is 0.09091, mrr is 1.00000
---- item 501: map is 1.00000, precision@k is 1.00000, mrr is 1.00000
---- item 551: map is 0.35261, precision@k is 0.09091, mrr is 1.00000
---- item 601: map is 0.34105, precision@k is 0.09091, mrr is 1.00000
---- item 651: map is 0.02555, precision@k is 0.00000, mrr is 0.01961
---- item 701: map is 0.01550, precision@k is 0.00000, mrr is 0.01064
[Stat]LDA_User model, Embed mode item tagging: Precision@K is 0.09738, MAP is: 0.29480, MRR is: 0.77747, in top 10 tags
256 users are loaded from /home/ll5fy/TUIR/dataset/yelp/byUser_70k_review/5foldsCVColdstart/4/...
260 users are loaded from /home/ll5fy/TUIR/dataset/yelp/byUser_70k_review/5foldsCVColdstart/0/...
244 users are loaded from /home/ll5fy/TUIR/dataset/yelp/byUser_70k_review/5foldsCVColdstart/1/...
266 users are loaded from /home/ll5fy/TUIR/dataset/yelp/byUser_70k_review/5foldsCVColdstart/2/...
264 users are loaded from /home/ll5fy/TUIR/dataset/yelp/byUser_70k_review/5foldsCVColdstart/3/...
[Info]Finish loading 726 items' weights in total 156639 items!
[Info]Begin tagging 726 items with LDA_User Embed............
---- item 1: map is 0.41634, precision@k is 0.18182, mrr is 1.00000
---- item 51: map is 0.23703, precision@k is 0.09091, mrr is 1.00000
---- item 101: map is 0.34749, precision@k is 0.09091, mrr is 1.00000
---- item 151: map is 0.34836, precision@k is 0.09091, mrr is 1.00000
---- item 201: map is 0.52041, precision@k is 0.09091, mrr is 1.00000
---- item 251: map is 0.34836, precision@k is 0.09091, mrr is 1.00000
---- item 301: map is 0.08324, precision@k is 0.09091, mrr is 0.20000
---- item 351: map is 0.00249, precision@k is 0.00000, mrr is 0.00249
---- item 401: map is 0.37899, precision@k is 0.09091, mrr is 1.00000
---- item 451: map is 0.35419, precision@k is 0.09091, mrr is 1.00000
---- item 501: map is 0.32812, precision@k is 0.18182, mrr is 1.00000
---- item 551: map is 0.28778, precision@k is 0.09091, mrr is 1.00000
---- item 601: map is 0.28024, precision@k is 0.09091, mrr is 1.00000
---- item 651: map is 0.40469, precision@k is 0.09091, mrr is 1.00000
---- item 701: map is 0.27844, precision@k is 0.09091, mrr is 1.00000
[Stat]LDA_User model, Embed mode item tagging: Precision@K is 0.10160, MAP is: 0.29391, MRR is: 0.77544, in top 10 tags

[Stat]Running time (seconds) 26.56200
[Stat]MAP 0.255+/-0.075
[Stat]MRR 0.664+/-0.216
[Stat]Precision 0.095+/-0.004
