Load 6134 2-gram new features from /home/ll5fy/TUIR/dataset/yelp/yelp_features.txt...
Load 6134 2-gram new features from /home/ll5fy/TUIR/dataset/yelp/yelp_features.txt...
[Info]Start FIXED cross validation...
[Info]Load 553 tags, with 6134 features.
260 users are loaded from /home/ll5fy/TUIR/dataset/yelp/byUser_70k_review/5foldsCVColdstart/0/...
244 users are loaded from /home/ll5fy/TUIR/dataset/yelp/byUser_70k_review/5foldsCVColdstart/1/...
266 users are loaded from /home/ll5fy/TUIR/dataset/yelp/byUser_70k_review/5foldsCVColdstart/2/...
264 users are loaded from /home/ll5fy/TUIR/dataset/yelp/byUser_70k_review/5foldsCVColdstart/3/...
256 users are loaded from /home/ll5fy/TUIR/dataset/yelp/byUser_70k_review/5foldsCVColdstart/4/...
[Info]Finish loading 861 items' weights in total 156639 items!
[Info]Begin tagging 861 items with ETBIR_User Interpolation............
---- item 1: map is 0.55822, precision@k is 0.18182, mrr is 1.00000
---- item 51: map is 0.40787, precision@k is 0.18182, mrr is 1.00000
---- item 101: map is 0.75000, precision@k is 0.50000, mrr is 1.00000
---- item 151: map is 0.17093, precision@k is 0.09091, mrr is 0.33333
---- item 201: map is 0.34618, precision@k is 0.09091, mrr is 1.00000
---- item 251: map is 0.17262, precision@k is 0.09091, mrr is 0.25000
---- item 301: map is 0.50608, precision@k is 0.18182, mrr is 1.00000
---- item 351: map is 0.75000, precision@k is 0.50000, mrr is 1.00000
---- item 401: map is 0.17779, precision@k is 0.18182, mrr is 0.50000
---- item 451: map is 0.57683, precision@k is 0.18182, mrr is 1.00000
---- item 501: map is 0.34559, precision@k is 0.09091, mrr is 1.00000
---- item 551: map is 0.62500, precision@k is 0.25000, mrr is 1.00000
---- item 601: map is 0.02326, precision@k is 0.00000, mrr is 0.02000
---- item 651: map is 0.02643, precision@k is 0.00000, mrr is 0.03448
---- item 701: map is 0.34436, precision@k is 0.09091, mrr is 1.00000
---- item 751: map is 0.00426, precision@k is 0.00000, mrr is 0.00272
---- item 801: map is 0.41634, precision@k is 0.18182, mrr is 1.00000
---- item 851: map is 0.09680, precision@k is 0.09091, mrr is 0.25000
[Stat]ETBIR_User model, Interpolation mode item tagging: Precision@K is 0.20518, MAP is: 0.35993, MRR is: 0.68047, in top 10 tags
244 users are loaded from /home/ll5fy/TUIR/dataset/yelp/byUser_70k_review/5foldsCVColdstart/1/...
260 users are loaded from /home/ll5fy/TUIR/dataset/yelp/byUser_70k_review/5foldsCVColdstart/0/...
266 users are loaded from /home/ll5fy/TUIR/dataset/yelp/byUser_70k_review/5foldsCVColdstart/2/...
264 users are loaded from /home/ll5fy/TUIR/dataset/yelp/byUser_70k_review/5foldsCVColdstart/3/...
256 users are loaded from /home/ll5fy/TUIR/dataset/yelp/byUser_70k_review/5foldsCVColdstart/4/...
[Info]Finish loading 861 items' weights in total 156639 items!
[Info]Begin tagging 861 items with ETBIR_User Interpolation............
---- item 1: map is 0.55870, precision@k is 0.18182, mrr is 1.00000
---- item 51: map is 0.36386, precision@k is 0.18182, mrr is 1.00000
---- item 101: map is 0.66667, precision@k is 0.33333, mrr is 1.00000
---- item 151: map is 0.16282, precision@k is 0.18182, mrr is 0.20000
---- item 201: map is 0.34484, precision@k is 0.09091, mrr is 1.00000
---- item 251: map is 0.21591, precision@k is 0.09091, mrr is 0.25000
---- item 301: map is 0.50643, precision@k is 0.18182, mrr is 1.00000
---- item 351: map is 0.83333, precision@k is 0.66667, mrr is 1.00000
---- item 401: map is 0.29899, precision@k is 0.27273, mrr is 0.50000
---- item 451: map is 0.51961, precision@k is 0.18182, mrr is 1.00000
---- item 501: map is 0.34527, precision@k is 0.09091, mrr is 1.00000
---- item 551: map is 0.58333, precision@k is 0.09091, mrr is 1.00000
---- item 601: map is 0.43195, precision@k is 0.18182, mrr is 1.00000
---- item 651: map is 0.03033, precision@k is 0.00000, mrr is 0.05000
---- item 701: map is 0.19354, precision@k is 0.09091, mrr is 0.50000
---- item 751: map is 0.00436, precision@k is 0.00000, mrr is 0.00277
---- item 801: map is 0.41581, precision@k is 0.18182, mrr is 1.00000
---- item 851: map is 0.10430, precision@k is 0.09091, mrr is 0.25000
[Stat]ETBIR_User model, Interpolation mode item tagging: Precision@K is 0.22130, MAP is: 0.36716, MRR is: 0.65350, in top 10 tags
266 users are loaded from /home/ll5fy/TUIR/dataset/yelp/byUser_70k_review/5foldsCVColdstart/2/...
260 users are loaded from /home/ll5fy/TUIR/dataset/yelp/byUser_70k_review/5foldsCVColdstart/0/...
244 users are loaded from /home/ll5fy/TUIR/dataset/yelp/byUser_70k_review/5foldsCVColdstart/1/...
264 users are loaded from /home/ll5fy/TUIR/dataset/yelp/byUser_70k_review/5foldsCVColdstart/3/...
256 users are loaded from /home/ll5fy/TUIR/dataset/yelp/byUser_70k_review/5foldsCVColdstart/4/...
[Info]Finish loading 861 items' weights in total 156639 items!
[Info]Begin tagging 861 items with ETBIR_User Interpolation............
---- item 1: map is 0.67473, precision@k is 0.18182, mrr is 1.00000
---- item 51: map is 0.34364, precision@k is 0.09091, mrr is 1.00000
---- item 101: map is 0.62500, precision@k is 0.25000, mrr is 1.00000
---- item 151: map is 0.11934, precision@k is 0.09091, mrr is 0.14286
---- item 201: map is 0.34391, precision@k is 0.09091, mrr is 1.00000
---- item 251: map is 0.22500, precision@k is 0.20000, mrr is 0.25000
---- item 301: map is 0.50670, precision@k is 0.18182, mrr is 1.00000
---- item 351: map is 0.83333, precision@k is 0.66667, mrr is 1.00000
---- item 401: map is 0.34886, precision@k is 0.27273, mrr is 0.50000
---- item 451: map is 0.51852, precision@k is 0.18182, mrr is 1.00000
---- item 501: map is 0.34384, precision@k is 0.09091, mrr is 1.00000
---- item 551: map is 0.57692, precision@k is 0.09091, mrr is 1.00000
---- item 601: map is 0.43396, precision@k is 0.18182, mrr is 1.00000
---- item 651: map is 0.03714, precision@k is 0.00000, mrr is 0.04545
---- item 701: map is 0.16727, precision@k is 0.09091, mrr is 0.33333
---- item 751: map is 0.00434, precision@k is 0.00000, mrr is 0.00269
---- item 801: map is 0.41522, precision@k is 0.18182, mrr is 1.00000
---- item 851: map is 0.10645, precision@k is 0.09091, mrr is 0.25000
[Stat]ETBIR_User model, Interpolation mode item tagging: Precision@K is 0.21847, MAP is: 0.36392, MRR is: 0.64646, in top 10 tags
264 users are loaded from /home/ll5fy/TUIR/dataset/yelp/byUser_70k_review/5foldsCVColdstart/3/...
260 users are loaded from /home/ll5fy/TUIR/dataset/yelp/byUser_70k_review/5foldsCVColdstart/0/...
244 users are loaded from /home/ll5fy/TUIR/dataset/yelp/byUser_70k_review/5foldsCVColdstart/1/...
266 users are loaded from /home/ll5fy/TUIR/dataset/yelp/byUser_70k_review/5foldsCVColdstart/2/...
256 users are loaded from /home/ll5fy/TUIR/dataset/yelp/byUser_70k_review/5foldsCVColdstart/4/...
[Info]Finish loading 861 items' weights in total 156639 items!
[Info]Begin tagging 861 items with ETBIR_User Interpolation............
---- item 1: map is 0.69167, precision@k is 0.18182, mrr is 1.00000
---- item 51: map is 0.36240, precision@k is 0.09091, mrr is 1.00000
---- item 101: map is 0.62500, precision@k is 0.25000, mrr is 1.00000
---- item 151: map is 0.10212, precision@k is 0.09091, mrr is 0.12500
---- item 201: map is 0.34512, precision@k is 0.09091, mrr is 1.00000
---- item 251: map is 0.41667, precision@k is 0.50000, mrr is 0.33333
---- item 301: map is 0.50504, precision@k is 0.18182, mrr is 1.00000
---- item 351: map is 1.00000, precision@k is 1.00000, mrr is 1.00000
---- item 401: map is 0.34917, precision@k is 0.27273, mrr is 0.50000
---- item 451: map is 0.41394, precision@k is 0.09091, mrr is 1.00000
---- item 501: map is 0.34504, precision@k is 0.09091, mrr is 1.00000
---- item 551: map is 0.56250, precision@k is 0.09091, mrr is 1.00000
---- item 601: map is 0.43793, precision@k is 0.18182, mrr is 1.00000
---- item 651: map is 0.04554, precision@k is 0.00000, mrr is 0.03846
---- item 701: map is 0.16345, precision@k is 0.09091, mrr is 0.33333
---- item 751: map is 0.00424, precision@k is 0.00000, mrr is 0.00263
---- item 801: map is 0.41595, precision@k is 0.18182, mrr is 1.00000
---- item 851: map is 0.10675, precision@k is 0.09091, mrr is 0.25000
[Stat]ETBIR_User model, Interpolation mode item tagging: Precision@K is 0.21222, MAP is: 0.35986, MRR is: 0.64341, in top 10 tags
256 users are loaded from /home/ll5fy/TUIR/dataset/yelp/byUser_70k_review/5foldsCVColdstart/4/...
260 users are loaded from /home/ll5fy/TUIR/dataset/yelp/byUser_70k_review/5foldsCVColdstart/0/...
244 users are loaded from /home/ll5fy/TUIR/dataset/yelp/byUser_70k_review/5foldsCVColdstart/1/...
266 users are loaded from /home/ll5fy/TUIR/dataset/yelp/byUser_70k_review/5foldsCVColdstart/2/...
264 users are loaded from /home/ll5fy/TUIR/dataset/yelp/byUser_70k_review/5foldsCVColdstart/3/...
[Info]Finish loading 861 items' weights in total 156639 items!
[Info]Begin tagging 861 items with ETBIR_User Interpolation............
---- item 1: map is 0.70952, precision@k is 0.57143, mrr is 1.00000
---- item 51: map is 0.35863, precision@k is 0.09091, mrr is 1.00000
---- item 101: map is 0.62500, precision@k is 0.25000, mrr is 1.00000
---- item 151: map is 0.48402, precision@k is 0.18182, mrr is 1.00000
---- item 201: map is 0.34463, precision@k is 0.09091, mrr is 1.00000
---- item 251: map is 0.22500, precision@k is 0.20000, mrr is 0.25000
---- item 301: map is 0.50619, precision@k is 0.18182, mrr is 1.00000
---- item 351: map is 1.00000, precision@k is 1.00000, mrr is 1.00000
---- item 401: map is 0.34886, precision@k is 0.27273, mrr is 0.50000
---- item 451: map is 0.40359, precision@k is 0.09091, mrr is 1.00000
---- item 501: map is 0.34507, precision@k is 0.09091, mrr is 1.00000
---- item 551: map is 0.55000, precision@k is 0.09091, mrr is 1.00000
---- item 601: map is 0.43748, precision@k is 0.18182, mrr is 1.00000
---- item 651: map is 0.04928, precision@k is 0.00000, mrr is 0.03846
---- item 701: map is 0.16253, precision@k is 0.09091, mrr is 0.33333
---- item 751: map is 0.00437, precision@k is 0.00000, mrr is 0.00277
---- item 801: map is 0.41522, precision@k is 0.18182, mrr is 1.00000
---- item 851: map is 0.10628, precision@k is 0.09091, mrr is 0.25000
[Stat]ETBIR_User model, Interpolation mode item tagging: Precision@K is 0.21232, MAP is: 0.36071, MRR is: 0.64289, in top 10 tags

[Stat]Running time (seconds) 366.39000
[Stat]MAP 0.362+/-0.003
[Stat]MRR 0.653+/-0.014
[Stat]Precision 0.214+/-0.006
