Load 6134 2-gram new features from /home/ll5fy/TUIR/dataset/yelp/yelp_features.txt...
Load 6134 2-gram new features from /home/ll5fy/TUIR/dataset/yelp/yelp_features.txt...
[Info]Start FIXED cross validation...
[Info]Load 553 tags, with 6134 features.
260 users are loaded from /home/ll5fy/TUIR/dataset/yelp/byUser_70k_review/5foldsCVColdstart/0/...
244 users are loaded from /home/ll5fy/TUIR/dataset/yelp/byUser_70k_review/5foldsCVColdstart/1/...
266 users are loaded from /home/ll5fy/TUIR/dataset/yelp/byUser_70k_review/5foldsCVColdstart/2/...
264 users are loaded from /home/ll5fy/TUIR/dataset/yelp/byUser_70k_review/5foldsCVColdstart/3/...
256 users are loaded from /home/ll5fy/TUIR/dataset/yelp/byUser_70k_review/5foldsCVColdstart/4/...
[Info]Finish loading 722 items' weights in total 156639 items!
[Info]Begin tagging 722 items with LDA_User Embed............
---- item 1: map is 0.08219, precision@k is 0.09091, mrr is 0.20000
---- item 51: map is 0.10187, precision@k is 0.09091, mrr is 0.20000
---- item 101: map is 0.10400, precision@k is 0.09091, mrr is 0.20000
---- item 151: map is 0.07929, precision@k is 0.09091, mrr is 0.20000
---- item 201: map is 0.06480, precision@k is 0.09091, mrr is 0.20000
---- item 251: map is 0.10980, precision@k is 0.09091, mrr is 0.20000
---- item 301: map is 0.07974, precision@k is 0.09091, mrr is 0.20000
---- item 351: map is 0.06334, precision@k is 0.09091, mrr is 0.20000
---- item 401: map is 0.06599, precision@k is 0.09091, mrr is 0.20000
---- item 451: map is 0.06337, precision@k is 0.09091, mrr is 0.20000
---- item 501: map is 0.07200, precision@k is 0.09091, mrr is 0.20000
---- item 551: map is 0.07157, precision@k is 0.09091, mrr is 0.20000
---- item 601: map is 0.10437, precision@k is 0.09091, mrr is 0.20000
---- item 651: map is 0.20602, precision@k is 0.18182, mrr is 0.33333
---- item 701: map is 0.10322, precision@k is 0.09091, mrr is 0.20000
[Stat]LDA_User model, Embed mode item tagging: Precision@K is 0.09174, MAP is: 0.08603, MRR is: 0.18779, in top 10 tags
244 users are loaded from /home/ll5fy/TUIR/dataset/yelp/byUser_70k_review/5foldsCVColdstart/1/...
260 users are loaded from /home/ll5fy/TUIR/dataset/yelp/byUser_70k_review/5foldsCVColdstart/0/...
266 users are loaded from /home/ll5fy/TUIR/dataset/yelp/byUser_70k_review/5foldsCVColdstart/2/...
264 users are loaded from /home/ll5fy/TUIR/dataset/yelp/byUser_70k_review/5foldsCVColdstart/3/...
256 users are loaded from /home/ll5fy/TUIR/dataset/yelp/byUser_70k_review/5foldsCVColdstart/4/...
[Info]Finish loading 732 items' weights in total 156639 items!
[Info]Begin tagging 732 items with LDA_User Embed............
---- item 1: map is 0.35830, precision@k is 0.09091, mrr is 1.00000
---- item 51: map is 0.34941, precision@k is 0.09091, mrr is 1.00000
---- item 101: map is 0.36284, precision@k is 0.09091, mrr is 1.00000
---- item 151: map is 0.29440, precision@k is 0.09091, mrr is 1.00000
---- item 201: map is 0.54000, precision@k is 0.09091, mrr is 1.00000
---- item 251: map is 0.61111, precision@k is 0.22222, mrr is 1.00000
---- item 301: map is 0.12332, precision@k is 0.09091, mrr is 0.33333
---- item 351: map is 0.50585, precision@k is 0.09091, mrr is 1.00000
---- item 401: map is 0.34239, precision@k is 0.09091, mrr is 1.00000
---- item 451: map is 0.02404, precision@k is 0.00000, mrr is 0.02041
---- item 501: map is 0.00833, precision@k is 0.00000, mrr is 0.00833
---- item 551: map is 0.00434, precision@k is 0.00000, mrr is 0.00254
---- item 601: map is 0.01576, precision@k is 0.00000, mrr is 0.01852
---- item 651: map is 0.34136, precision@k is 0.09091, mrr is 1.00000
---- item 701: map is 0.24561, precision@k is 0.09091, mrr is 1.00000
[Stat]LDA_User model, Embed mode item tagging: Precision@K is 0.09757, MAP is: 0.29811, MRR is: 0.77127, in top 10 tags
266 users are loaded from /home/ll5fy/TUIR/dataset/yelp/byUser_70k_review/5foldsCVColdstart/2/...
260 users are loaded from /home/ll5fy/TUIR/dataset/yelp/byUser_70k_review/5foldsCVColdstart/0/...
244 users are loaded from /home/ll5fy/TUIR/dataset/yelp/byUser_70k_review/5foldsCVColdstart/1/...
264 users are loaded from /home/ll5fy/TUIR/dataset/yelp/byUser_70k_review/5foldsCVColdstart/3/...
256 users are loaded from /home/ll5fy/TUIR/dataset/yelp/byUser_70k_review/5foldsCVColdstart/4/...
[Info]Finish loading 702 items' weights in total 156639 items!
[Info]Begin tagging 702 items with LDA_User Embed............
---- item 1: map is 0.37080, precision@k is 0.09091, mrr is 1.00000
---- item 51: map is 0.02436, precision@k is 0.00000, mrr is 0.01613
---- item 101: map is 0.00499, precision@k is 0.00000, mrr is 0.00515
---- item 151: map is 0.27597, precision@k is 0.09091, mrr is 1.00000
---- item 201: map is 0.17435, precision@k is 0.09091, mrr is 1.00000
---- item 251: map is 0.02775, precision@k is 0.00000, mrr is 0.01613
---- item 301: map is 0.35921, precision@k is 0.09091, mrr is 1.00000
---- item 351: map is 0.67413, precision@k is 0.18182, mrr is 1.00000
---- item 401: map is 0.25145, precision@k is 0.18182, mrr is 1.00000
---- item 451: map is 0.32276, precision@k is 0.18182, mrr is 1.00000
---- item 501: map is 0.02436, precision@k is 0.00000, mrr is 0.01613
---- item 551: map is 0.52708, precision@k is 0.18182, mrr is 1.00000
---- item 601: map is 0.02436, precision@k is 0.00000, mrr is 0.01613
---- item 651: map is 0.03769, precision@k is 0.00000, mrr is 0.09091
---- item 701: map is 0.52439, precision@k is 0.09091, mrr is 1.00000
[Stat]LDA_User model, Embed mode item tagging: Precision@K is 0.09870, MAP is: 0.30301, MRR is: 0.76041, in top 10 tags
264 users are loaded from /home/ll5fy/TUIR/dataset/yelp/byUser_70k_review/5foldsCVColdstart/3/...
260 users are loaded from /home/ll5fy/TUIR/dataset/yelp/byUser_70k_review/5foldsCVColdstart/0/...
244 users are loaded from /home/ll5fy/TUIR/dataset/yelp/byUser_70k_review/5foldsCVColdstart/1/...
266 users are loaded from /home/ll5fy/TUIR/dataset/yelp/byUser_70k_review/5foldsCVColdstart/2/...
256 users are loaded from /home/ll5fy/TUIR/dataset/yelp/byUser_70k_review/5foldsCVColdstart/4/...
[Info]Finish loading 717 items' weights in total 156639 items!
[Info]Begin tagging 717 items with LDA_User Embed............
---- item 1: map is 0.37690, precision@k is 0.09091, mrr is 1.00000
---- item 51: map is 0.34431, precision@k is 0.09091, mrr is 1.00000
---- item 101: map is 0.51064, precision@k is 0.09091, mrr is 1.00000
---- item 151: map is 0.50709, precision@k is 0.09091, mrr is 1.00000
---- item 201: map is 0.02450, precision@k is 0.00000, mrr is 0.01639
---- item 251: map is 0.50238, precision@k is 0.09091, mrr is 1.00000
---- item 301: map is 0.28691, precision@k is 0.09091, mrr is 1.00000
---- item 351: map is 0.02449, precision@k is 0.00000, mrr is 0.02778
---- item 401: map is 0.00657, precision@k is 0.00000, mrr is 0.00481
---- item 451: map is 0.50847, precision@k is 0.09091, mrr is 1.00000
---- item 501: map is 1.00000, precision@k is 1.00000, mrr is 1.00000
---- item 551: map is 0.40431, precision@k is 0.18182, mrr is 1.00000
---- item 601: map is 0.34094, precision@k is 0.09091, mrr is 1.00000
---- item 651: map is 0.02450, precision@k is 0.00000, mrr is 0.01639
---- item 701: map is 0.01547, precision@k is 0.00000, mrr is 0.01020
[Stat]LDA_User model, Embed mode item tagging: Precision@K is 0.09838, MAP is: 0.29973, MRR is: 0.77803, in top 10 tags
256 users are loaded from /home/ll5fy/TUIR/dataset/yelp/byUser_70k_review/5foldsCVColdstart/4/...
260 users are loaded from /home/ll5fy/TUIR/dataset/yelp/byUser_70k_review/5foldsCVColdstart/0/...
244 users are loaded from /home/ll5fy/TUIR/dataset/yelp/byUser_70k_review/5foldsCVColdstart/1/...
266 users are loaded from /home/ll5fy/TUIR/dataset/yelp/byUser_70k_review/5foldsCVColdstart/2/...
264 users are loaded from /home/ll5fy/TUIR/dataset/yelp/byUser_70k_review/5foldsCVColdstart/3/...
[Info]Finish loading 726 items' weights in total 156639 items!
[Info]Begin tagging 726 items with LDA_User Embed............
---- item 1: map is 0.36886, precision@k is 0.09091, mrr is 1.00000
---- item 51: map is 0.23180, precision@k is 0.09091, mrr is 1.00000
---- item 101: map is 0.34366, precision@k is 0.09091, mrr is 1.00000
---- item 151: map is 0.34978, precision@k is 0.09091, mrr is 1.00000
---- item 201: map is 0.51515, precision@k is 0.09091, mrr is 1.00000
---- item 251: map is 0.34978, precision@k is 0.09091, mrr is 1.00000
---- item 301: map is 0.03571, precision@k is 0.00000, mrr is 0.07143
---- item 351: map is 0.00225, precision@k is 0.00000, mrr is 0.00225
---- item 401: map is 0.36943, precision@k is 0.09091, mrr is 1.00000
---- item 451: map is 0.35677, precision@k is 0.09091, mrr is 1.00000
---- item 501: map is 0.29068, precision@k is 0.09091, mrr is 1.00000
---- item 551: map is 0.28750, precision@k is 0.09091, mrr is 1.00000
---- item 601: map is 0.27621, precision@k is 0.09091, mrr is 1.00000
---- item 651: map is 0.40502, precision@k is 0.09091, mrr is 1.00000
---- item 701: map is 0.29991, precision@k is 0.09091, mrr is 1.00000
[Stat]LDA_User model, Embed mode item tagging: Precision@K is 0.10608, MAP is: 0.30404, MRR is: 0.77318, in top 10 tags

[Stat]Running time (seconds) 25.23700
[Stat]MAP 0.258+/-0.086
[Stat]MRR 0.654+/-0.233
[Stat]Precision 0.098+/-0.005
