Load 6134 2-gram new features from /home/ll5fy/TUIR/dataset/yelp/yelp_features.txt...
Load 6134 2-gram new features from /home/ll5fy/TUIR/dataset/yelp/yelp_features.txt...
[Info]Start FIXED cross validation...
[Info]Load 553 tags, with 6134 features.
260 users are loaded from /home/ll5fy/TUIR/dataset/yelp/byUser_70k_review/5foldsCVColdstart/0/...
244 users are loaded from /home/ll5fy/TUIR/dataset/yelp/byUser_70k_review/5foldsCVColdstart/1/...
266 users are loaded from /home/ll5fy/TUIR/dataset/yelp/byUser_70k_review/5foldsCVColdstart/2/...
264 users are loaded from /home/ll5fy/TUIR/dataset/yelp/byUser_70k_review/5foldsCVColdstart/3/...
256 users are loaded from /home/ll5fy/TUIR/dataset/yelp/byUser_70k_review/5foldsCVColdstart/4/...
[Info]Finish loading 861 items' weights in total 156639 items!
[Info]Begin tagging 861 items with ETBIR Interpolation............
---- item 1: map is 0.34948, precision@k is 0.09091, mrr is 1.00000
---- item 51: map is 0.56328, precision@k is 0.18182, mrr is 1.00000
---- item 101: map is 1.00000, precision@k is 1.00000, mrr is 1.00000
---- item 151: map is 0.38062, precision@k is 0.09091, mrr is 1.00000
---- item 201: map is 0.34666, precision@k is 0.09091, mrr is 1.00000
---- item 251: map is 0.00842, precision@k is 0.00000, mrr is 0.00585
---- item 301: map is 0.26246, precision@k is 0.09091, mrr is 1.00000
---- item 351: map is 0.51282, precision@k is 0.09091, mrr is 1.00000
---- item 401: map is 0.03722, precision@k is 0.00000, mrr is 0.05556
---- item 451: map is 0.39211, precision@k is 0.09091, mrr is 1.00000
---- item 501: map is 0.01786, precision@k is 0.00000, mrr is 0.01471
---- item 551: map is 1.00000, precision@k is 1.00000, mrr is 1.00000
---- item 601: map is 0.02279, precision@k is 0.00000, mrr is 0.01961
---- item 651: map is 0.02809, precision@k is 0.00000, mrr is 0.04545
---- item 701: map is 0.34612, precision@k is 0.09091, mrr is 1.00000
---- item 751: map is 0.00433, precision@k is 0.00000, mrr is 0.00278
---- item 801: map is 0.35942, precision@k is 0.09091, mrr is 1.00000
---- item 851: map is 0.03873, precision@k is 0.00000, mrr is 0.05882
[Stat]ETBIR model, Interpolation mode item tagging: Precision@K is 0.13717, MAP is: 0.33324, MRR is: 0.77844, in top 10 tags
244 users are loaded from /home/ll5fy/TUIR/dataset/yelp/byUser_70k_review/5foldsCVColdstart/1/...
260 users are loaded from /home/ll5fy/TUIR/dataset/yelp/byUser_70k_review/5foldsCVColdstart/0/...
266 users are loaded from /home/ll5fy/TUIR/dataset/yelp/byUser_70k_review/5foldsCVColdstart/2/...
264 users are loaded from /home/ll5fy/TUIR/dataset/yelp/byUser_70k_review/5foldsCVColdstart/3/...
256 users are loaded from /home/ll5fy/TUIR/dataset/yelp/byUser_70k_review/5foldsCVColdstart/4/...
[Info]Finish loading 861 items' weights in total 156639 items!
[Info]Begin tagging 861 items with ETBIR Interpolation............
---- item 1: map is 0.34888, precision@k is 0.09091, mrr is 1.00000
---- item 51: map is 0.54583, precision@k is 0.18182, mrr is 1.00000
---- item 101: map is 1.00000, precision@k is 1.00000, mrr is 1.00000
---- item 151: map is 0.37074, precision@k is 0.09091, mrr is 1.00000
---- item 201: map is 0.34623, precision@k is 0.09091, mrr is 1.00000
---- item 251: map is 0.00930, precision@k is 0.00000, mrr is 0.00662
---- item 301: map is 0.26391, precision@k is 0.09091, mrr is 1.00000
---- item 351: map is 0.51282, precision@k is 0.09091, mrr is 1.00000
---- item 401: map is 0.10216, precision@k is 0.09091, mrr is 0.33333
---- item 451: map is 0.40842, precision@k is 0.09091, mrr is 1.00000
---- item 501: map is 0.01730, precision@k is 0.00000, mrr is 0.01220
---- item 551: map is 1.00000, precision@k is 1.00000, mrr is 1.00000
---- item 601: map is 0.14529, precision@k is 0.09091, mrr is 0.50000
---- item 651: map is 0.03267, precision@k is 0.00000, mrr is 0.07692
---- item 701: map is 0.34592, precision@k is 0.09091, mrr is 1.00000
---- item 751: map is 0.00434, precision@k is 0.00000, mrr is 0.00269
---- item 801: map is 0.35655, precision@k is 0.09091, mrr is 1.00000
---- item 851: map is 0.07307, precision@k is 0.09091, mrr is 0.20000
[Stat]ETBIR model, Interpolation mode item tagging: Precision@K is 0.15444, MAP is: 0.34627, MRR is: 0.77821, in top 10 tags
266 users are loaded from /home/ll5fy/TUIR/dataset/yelp/byUser_70k_review/5foldsCVColdstart/2/...
260 users are loaded from /home/ll5fy/TUIR/dataset/yelp/byUser_70k_review/5foldsCVColdstart/0/...
244 users are loaded from /home/ll5fy/TUIR/dataset/yelp/byUser_70k_review/5foldsCVColdstart/1/...
264 users are loaded from /home/ll5fy/TUIR/dataset/yelp/byUser_70k_review/5foldsCVColdstart/3/...
256 users are loaded from /home/ll5fy/TUIR/dataset/yelp/byUser_70k_review/5foldsCVColdstart/4/...
[Info]Finish loading 861 items' weights in total 156639 items!
[Info]Begin tagging 861 items with ETBIR Interpolation............
---- item 1: map is 0.34808, precision@k is 0.09091, mrr is 1.00000
---- item 51: map is 0.56071, precision@k is 0.18182, mrr is 1.00000
---- item 101: map is 1.00000, precision@k is 1.00000, mrr is 1.00000
---- item 151: map is 0.37554, precision@k is 0.09091, mrr is 1.00000
---- item 201: map is 0.34568, precision@k is 0.09091, mrr is 1.00000
---- item 251: map is 0.01433, precision@k is 0.00000, mrr is 0.01266
---- item 301: map is 0.26773, precision@k is 0.09091, mrr is 1.00000
---- item 351: map is 0.51316, precision@k is 0.09091, mrr is 1.00000
---- item 401: map is 0.17102, precision@k is 0.18182, mrr is 0.50000
---- item 451: map is 0.47009, precision@k is 0.18182, mrr is 1.00000
---- item 501: map is 0.01948, precision@k is 0.00000, mrr is 0.01961
---- item 551: map is 1.00000, precision@k is 1.00000, mrr is 1.00000
---- item 601: map is 0.27738, precision@k is 0.09091, mrr is 1.00000
---- item 651: map is 0.02967, precision@k is 0.00000, mrr is 0.07143
---- item 701: map is 0.34543, precision@k is 0.09091, mrr is 1.00000
---- item 751: map is 0.00457, precision@k is 0.00000, mrr is 0.00275
---- item 801: map is 0.35910, precision@k is 0.09091, mrr is 1.00000
---- item 851: map is 0.06229, precision@k is 0.09091, mrr is 0.14286
[Stat]ETBIR model, Interpolation mode item tagging: Precision@K is 0.17070, MAP is: 0.35572, MRR is: 0.77287, in top 10 tags
264 users are loaded from /home/ll5fy/TUIR/dataset/yelp/byUser_70k_review/5foldsCVColdstart/3/...
260 users are loaded from /home/ll5fy/TUIR/dataset/yelp/byUser_70k_review/5foldsCVColdstart/0/...
244 users are loaded from /home/ll5fy/TUIR/dataset/yelp/byUser_70k_review/5foldsCVColdstart/1/...
266 users are loaded from /home/ll5fy/TUIR/dataset/yelp/byUser_70k_review/5foldsCVColdstart/2/...
256 users are loaded from /home/ll5fy/TUIR/dataset/yelp/byUser_70k_review/5foldsCVColdstart/4/...
[Info]Finish loading 861 items' weights in total 156639 items!
[Info]Begin tagging 861 items with ETBIR Interpolation............
---- item 1: map is 0.34810, precision@k is 0.09091, mrr is 1.00000
---- item 51: map is 0.54565, precision@k is 0.18182, mrr is 1.00000
---- item 101: map is 1.00000, precision@k is 1.00000, mrr is 1.00000
---- item 151: map is 0.37022, precision@k is 0.09091, mrr is 1.00000
---- item 201: map is 0.34705, precision@k is 0.09091, mrr is 1.00000
---- item 251: map is 0.50485, precision@k is 0.09091, mrr is 1.00000
---- item 301: map is 0.27038, precision@k is 0.09091, mrr is 1.00000
---- item 351: map is 0.51449, precision@k is 0.09091, mrr is 1.00000
---- item 401: map is 0.18836, precision@k is 0.18182, mrr is 0.50000
---- item 451: map is 0.57407, precision@k is 0.18182, mrr is 1.00000
---- item 501: map is 0.02525, precision@k is 0.00000, mrr is 0.03704
---- item 551: map is 1.00000, precision@k is 1.00000, mrr is 1.00000
---- item 601: map is 0.29917, precision@k is 0.09091, mrr is 1.00000
---- item 651: map is 0.02717, precision@k is 0.00000, mrr is 0.05000
---- item 701: map is 0.17972, precision@k is 0.09091, mrr is 0.50000
---- item 751: map is 0.00425, precision@k is 0.00000, mrr is 0.00272
---- item 801: map is 0.35637, precision@k is 0.09091, mrr is 1.00000
---- item 851: map is 0.04374, precision@k is 0.00000, mrr is 0.07143
[Stat]ETBIR model, Interpolation mode item tagging: Precision@K is 0.17681, MAP is: 0.35952, MRR is: 0.76380, in top 10 tags
256 users are loaded from /home/ll5fy/TUIR/dataset/yelp/byUser_70k_review/5foldsCVColdstart/4/...
260 users are loaded from /home/ll5fy/TUIR/dataset/yelp/byUser_70k_review/5foldsCVColdstart/0/...
244 users are loaded from /home/ll5fy/TUIR/dataset/yelp/byUser_70k_review/5foldsCVColdstart/1/...
266 users are loaded from /home/ll5fy/TUIR/dataset/yelp/byUser_70k_review/5foldsCVColdstart/2/...
264 users are loaded from /home/ll5fy/TUIR/dataset/yelp/byUser_70k_review/5foldsCVColdstart/3/...
[Info]Finish loading 861 items' weights in total 156639 items!
[Info]Begin tagging 861 items with ETBIR Interpolation............
---- item 1: map is 0.39541, precision@k is 0.18182, mrr is 1.00000
---- item 51: map is 0.55125, precision@k is 0.18182, mrr is 1.00000
---- item 101: map is 1.00000, precision@k is 1.00000, mrr is 1.00000
---- item 151: map is 0.43740, precision@k is 0.18182, mrr is 1.00000
---- item 201: map is 0.34560, precision@k is 0.09091, mrr is 1.00000
---- item 251: map is 0.01582, precision@k is 0.00000, mrr is 0.01538
---- item 301: map is 0.26859, precision@k is 0.09091, mrr is 1.00000
---- item 351: map is 0.51493, precision@k is 0.09091, mrr is 1.00000
---- item 401: map is 0.22588, precision@k is 0.18182, mrr is 0.50000
---- item 451: map is 0.57442, precision@k is 0.18182, mrr is 1.00000
---- item 501: map is 0.04267, precision@k is 0.00000, mrr is 0.09091
---- item 551: map is 1.00000, precision@k is 1.00000, mrr is 1.00000
---- item 601: map is 0.36658, precision@k is 0.18182, mrr is 1.00000
---- item 651: map is 0.02934, precision@k is 0.00000, mrr is 0.07143
---- item 701: map is 0.17693, precision@k is 0.09091, mrr is 0.50000
---- item 751: map is 0.00429, precision@k is 0.00000, mrr is 0.00284
---- item 801: map is 0.35515, precision@k is 0.09091, mrr is 1.00000
---- item 851: map is 0.06045, precision@k is 0.09091, mrr is 0.14286
[Stat]ETBIR model, Interpolation mode item tagging: Precision@K is 0.18342, MAP is: 0.36541, MRR is: 0.76488, in top 10 tags

[Stat]Running time (seconds) 366.46800
[Stat]MAP 0.352+/-0.011
[Stat]MRR 0.772+/-0.006
[Stat]Precision 0.165+/-0.017
