Load 6134 2-gram new features from /home/ll5fy/TUIR/dataset/yelp/yelp_features.txt...
Load 6134 2-gram new features from /home/ll5fy/TUIR/dataset/yelp/yelp_features.txt...
[Info]Start FIXED cross validation...
[Info]Load 553 tags, with 6134 features.
260 users are loaded from /home/ll5fy/TUIR/dataset/yelp/byUser_70k_review/5foldsCVColdstart/0/...
244 users are loaded from /home/ll5fy/TUIR/dataset/yelp/byUser_70k_review/5foldsCVColdstart/1/...
266 users are loaded from /home/ll5fy/TUIR/dataset/yelp/byUser_70k_review/5foldsCVColdstart/2/...
264 users are loaded from /home/ll5fy/TUIR/dataset/yelp/byUser_70k_review/5foldsCVColdstart/3/...
256 users are loaded from /home/ll5fy/TUIR/dataset/yelp/byUser_70k_review/5foldsCVColdstart/4/...
[Info]Finish loading 861 items' weights in total 156639 items!
[Info]Begin tagging 861 items with ETBIR_Item Interpolation............
---- item 1: map is 0.55860, precision@k is 0.18182, mrr is 1.00000
---- item 51: map is 0.36149, precision@k is 0.18182, mrr is 1.00000
---- item 101: map is 0.75000, precision@k is 0.50000, mrr is 1.00000
---- item 151: map is 0.14809, precision@k is 0.09091, mrr is 0.33333
---- item 201: map is 0.34455, precision@k is 0.09091, mrr is 1.00000
---- item 251: map is 0.19167, precision@k is 0.09091, mrr is 0.25000
---- item 301: map is 0.50520, precision@k is 0.18182, mrr is 1.00000
---- item 351: map is 0.75000, precision@k is 0.50000, mrr is 1.00000
---- item 401: map is 0.17379, precision@k is 0.18182, mrr is 0.50000
---- item 451: map is 0.58586, precision@k is 0.18182, mrr is 1.00000
---- item 501: map is 0.34520, precision@k is 0.09091, mrr is 1.00000
---- item 551: map is 0.62500, precision@k is 0.25000, mrr is 1.00000
---- item 601: map is 0.02311, precision@k is 0.00000, mrr is 0.01449
---- item 651: map is 0.03173, precision@k is 0.00000, mrr is 0.07143
---- item 701: map is 0.34324, precision@k is 0.09091, mrr is 1.00000
---- item 751: map is 0.00446, precision@k is 0.00000, mrr is 0.00308
---- item 801: map is 0.41493, precision@k is 0.18182, mrr is 1.00000
---- item 851: map is 0.09791, precision@k is 0.09091, mrr is 0.25000
[Stat]ETBIR_Item model, Interpolation mode item tagging: Precision@K is 0.20601, MAP is: 0.35847, MRR is: 0.68018, in top 10 tags
244 users are loaded from /home/ll5fy/TUIR/dataset/yelp/byUser_70k_review/5foldsCVColdstart/1/...
260 users are loaded from /home/ll5fy/TUIR/dataset/yelp/byUser_70k_review/5foldsCVColdstart/0/...
266 users are loaded from /home/ll5fy/TUIR/dataset/yelp/byUser_70k_review/5foldsCVColdstart/2/...
264 users are loaded from /home/ll5fy/TUIR/dataset/yelp/byUser_70k_review/5foldsCVColdstart/3/...
256 users are loaded from /home/ll5fy/TUIR/dataset/yelp/byUser_70k_review/5foldsCVColdstart/4/...
[Info]Finish loading 861 items' weights in total 156639 items!
[Info]Begin tagging 861 items with ETBIR_Item Interpolation............
---- item 1: map is 0.55862, precision@k is 0.18182, mrr is 1.00000
---- item 51: map is 0.36822, precision@k is 0.18182, mrr is 1.00000
---- item 101: map is 0.64286, precision@k is 0.28571, mrr is 1.00000
---- item 151: map is 0.15237, precision@k is 0.18182, mrr is 0.20000
---- item 201: map is 0.34413, precision@k is 0.09091, mrr is 1.00000
---- item 251: map is 0.21591, precision@k is 0.09091, mrr is 0.25000
---- item 301: map is 0.50579, precision@k is 0.18182, mrr is 1.00000
---- item 351: map is 0.83333, precision@k is 0.66667, mrr is 1.00000
---- item 401: map is 0.30192, precision@k is 0.27273, mrr is 0.50000
---- item 451: map is 0.52632, precision@k is 0.18182, mrr is 1.00000
---- item 501: map is 0.34548, precision@k is 0.09091, mrr is 1.00000
---- item 551: map is 0.58333, precision@k is 0.09091, mrr is 1.00000
---- item 601: map is 0.43575, precision@k is 0.18182, mrr is 1.00000
---- item 651: map is 0.03179, precision@k is 0.00000, mrr is 0.04545
---- item 701: map is 0.17920, precision@k is 0.09091, mrr is 0.50000
---- item 751: map is 0.00439, precision@k is 0.00000, mrr is 0.00270
---- item 801: map is 0.41476, precision@k is 0.18182, mrr is 1.00000
---- item 851: map is 0.10414, precision@k is 0.09091, mrr is 0.25000
[Stat]ETBIR_Item model, Interpolation mode item tagging: Precision@K is 0.22188, MAP is: 0.36686, MRR is: 0.65356, in top 10 tags
266 users are loaded from /home/ll5fy/TUIR/dataset/yelp/byUser_70k_review/5foldsCVColdstart/2/...
260 users are loaded from /home/ll5fy/TUIR/dataset/yelp/byUser_70k_review/5foldsCVColdstart/0/...
244 users are loaded from /home/ll5fy/TUIR/dataset/yelp/byUser_70k_review/5foldsCVColdstart/1/...
264 users are loaded from /home/ll5fy/TUIR/dataset/yelp/byUser_70k_review/5foldsCVColdstart/3/...
256 users are loaded from /home/ll5fy/TUIR/dataset/yelp/byUser_70k_review/5foldsCVColdstart/4/...
[Info]Finish loading 861 items' weights in total 156639 items!
[Info]Begin tagging 861 items with ETBIR_Item Interpolation............
---- item 1: map is 0.67207, precision@k is 0.18182, mrr is 1.00000
---- item 51: map is 0.36782, precision@k is 0.09091, mrr is 1.00000
---- item 101: map is 0.64286, precision@k is 0.28571, mrr is 1.00000
---- item 151: map is 0.15309, precision@k is 0.18182, mrr is 0.20000
---- item 201: map is 0.34381, precision@k is 0.09091, mrr is 1.00000
---- item 251: map is 0.22500, precision@k is 0.20000, mrr is 0.25000
---- item 301: map is 0.50611, precision@k is 0.18182, mrr is 1.00000
---- item 351: map is 1.00000, precision@k is 1.00000, mrr is 1.00000
---- item 401: map is 0.34838, precision@k is 0.27273, mrr is 0.50000
---- item 451: map is 0.52000, precision@k is 0.18182, mrr is 1.00000
---- item 501: map is 0.34497, precision@k is 0.09091, mrr is 1.00000
---- item 551: map is 0.58333, precision@k is 0.09091, mrr is 1.00000
---- item 601: map is 0.43543, precision@k is 0.18182, mrr is 1.00000
---- item 651: map is 0.03830, precision@k is 0.00000, mrr is 0.04348
---- item 701: map is 0.14247, precision@k is 0.09091, mrr is 0.33333
---- item 751: map is 0.00450, precision@k is 0.00000, mrr is 0.00260
---- item 801: map is 0.41493, precision@k is 0.18182, mrr is 1.00000
---- item 851: map is 0.11052, precision@k is 0.09091, mrr is 0.25000
[Stat]ETBIR_Item model, Interpolation mode item tagging: Precision@K is 0.22118, MAP is: 0.36547, MRR is: 0.64751, in top 10 tags
264 users are loaded from /home/ll5fy/TUIR/dataset/yelp/byUser_70k_review/5foldsCVColdstart/3/...
260 users are loaded from /home/ll5fy/TUIR/dataset/yelp/byUser_70k_review/5foldsCVColdstart/0/...
244 users are loaded from /home/ll5fy/TUIR/dataset/yelp/byUser_70k_review/5foldsCVColdstart/1/...
266 users are loaded from /home/ll5fy/TUIR/dataset/yelp/byUser_70k_review/5foldsCVColdstart/2/...
256 users are loaded from /home/ll5fy/TUIR/dataset/yelp/byUser_70k_review/5foldsCVColdstart/4/...
[Info]Finish loading 861 items' weights in total 156639 items!
[Info]Begin tagging 861 items with ETBIR_Item Interpolation............
---- item 1: map is 0.69298, precision@k is 0.18182, mrr is 1.00000
---- item 51: map is 0.34328, precision@k is 0.09091, mrr is 1.00000
---- item 101: map is 0.62500, precision@k is 0.25000, mrr is 1.00000
---- item 151: map is 0.11156, precision@k is 0.09091, mrr is 0.14286
---- item 201: map is 0.34343, precision@k is 0.09091, mrr is 1.00000
---- item 251: map is 0.41667, precision@k is 0.50000, mrr is 0.33333
---- item 301: map is 0.50475, precision@k is 0.18182, mrr is 1.00000
---- item 351: map is 1.00000, precision@k is 1.00000, mrr is 1.00000
---- item 401: map is 0.34908, precision@k is 0.27273, mrr is 0.50000
---- item 451: map is 0.40823, precision@k is 0.09091, mrr is 1.00000
---- item 501: map is 0.34474, precision@k is 0.09091, mrr is 1.00000
---- item 551: map is 0.56667, precision@k is 0.09091, mrr is 1.00000
---- item 601: map is 0.43743, precision@k is 0.18182, mrr is 1.00000
---- item 651: map is 0.04755, precision@k is 0.00000, mrr is 0.03846
---- item 701: map is 0.15713, precision@k is 0.09091, mrr is 0.33333
---- item 751: map is 0.00435, precision@k is 0.00000, mrr is 0.00272
---- item 801: map is 0.41510, precision@k is 0.18182, mrr is 1.00000
---- item 851: map is 0.10925, precision@k is 0.09091, mrr is 0.25000
[Stat]ETBIR_Item model, Interpolation mode item tagging: Precision@K is 0.21305, MAP is: 0.36013, MRR is: 0.64314, in top 10 tags
256 users are loaded from /home/ll5fy/TUIR/dataset/yelp/byUser_70k_review/5foldsCVColdstart/4/...
260 users are loaded from /home/ll5fy/TUIR/dataset/yelp/byUser_70k_review/5foldsCVColdstart/0/...
244 users are loaded from /home/ll5fy/TUIR/dataset/yelp/byUser_70k_review/5foldsCVColdstart/1/...
266 users are loaded from /home/ll5fy/TUIR/dataset/yelp/byUser_70k_review/5foldsCVColdstart/2/...
264 users are loaded from /home/ll5fy/TUIR/dataset/yelp/byUser_70k_review/5foldsCVColdstart/3/...
[Info]Finish loading 861 items' weights in total 156639 items!
[Info]Begin tagging 861 items with ETBIR_Item Interpolation............
---- item 1: map is 0.73333, precision@k is 0.66667, mrr is 1.00000
---- item 51: map is 0.35030, precision@k is 0.09091, mrr is 1.00000
---- item 101: map is 0.62500, precision@k is 0.25000, mrr is 1.00000
---- item 151: map is 0.49275, precision@k is 0.27273, mrr is 1.00000
---- item 201: map is 0.34382, precision@k is 0.09091, mrr is 1.00000
---- item 251: map is 0.22500, precision@k is 0.20000, mrr is 0.25000
---- item 301: map is 0.50531, precision@k is 0.18182, mrr is 1.00000
---- item 351: map is 1.00000, precision@k is 1.00000, mrr is 1.00000
---- item 401: map is 0.35114, precision@k is 0.27273, mrr is 0.50000
---- item 451: map is 0.40584, precision@k is 0.09091, mrr is 1.00000
---- item 501: map is 0.34403, precision@k is 0.09091, mrr is 1.00000
---- item 551: map is 0.55882, precision@k is 0.09091, mrr is 1.00000
---- item 601: map is 0.44026, precision@k is 0.18182, mrr is 1.00000
---- item 651: map is 0.04541, precision@k is 0.00000, mrr is 0.03846
---- item 701: map is 0.16635, precision@k is 0.09091, mrr is 0.33333
---- item 751: map is 0.00438, precision@k is 0.00000, mrr is 0.00277
---- item 801: map is 0.41522, precision@k is 0.18182, mrr is 1.00000
---- item 851: map is 0.10493, precision@k is 0.09091, mrr is 0.25000
[Stat]ETBIR_Item model, Interpolation mode item tagging: Precision@K is 0.21287, MAP is: 0.36023, MRR is: 0.64259, in top 10 tags

[Stat]Running time (seconds) 370.14200
[Stat]MAP 0.362+/-0.003
[Stat]MRR 0.653+/-0.014
[Stat]Precision 0.215+/-0.006
