Load 6134 2-gram new features from /home/ll5fy/TUIR/dataset/yelp/yelp_features.txt...
Load 6134 2-gram new features from /home/ll5fy/TUIR/dataset/yelp/yelp_features.txt...
[Info]Start FIXED cross validation...
[Info]Load 553 tags, with 6134 features.
260 users are loaded from /home/ll5fy/TUIR/dataset/yelp/byUser_70k_review/5foldsCVColdstart/0/...
244 users are loaded from /home/ll5fy/TUIR/dataset/yelp/byUser_70k_review/5foldsCVColdstart/1/...
266 users are loaded from /home/ll5fy/TUIR/dataset/yelp/byUser_70k_review/5foldsCVColdstart/2/...
264 users are loaded from /home/ll5fy/TUIR/dataset/yelp/byUser_70k_review/5foldsCVColdstart/3/...
256 users are loaded from /home/ll5fy/TUIR/dataset/yelp/byUser_70k_review/5foldsCVColdstart/4/...
[Info]Finish loading 722 items' weights in total 156639 items!
[Info]Begin tagging 722 items with LDA_Item Interpolation............
---- item 1: map is 0.47304, precision@k is 0.18182, mrr is 1.00000
---- item 51: map is 0.12687, precision@k is 0.09091, mrr is 0.25000
---- item 101: map is 0.13735, precision@k is 0.09091, mrr is 0.25000
---- item 151: map is 0.11492, precision@k is 0.09091, mrr is 0.25000
---- item 201: map is 0.35800, precision@k is 0.18182, mrr is 1.00000
---- item 251: map is 1.00000, precision@k is 1.00000, mrr is 1.00000
---- item 301: map is 0.10119, precision@k is 0.09091, mrr is 0.25000
---- item 351: map is 0.35662, precision@k is 0.18182, mrr is 1.00000
---- item 401: map is 0.14697, precision@k is 0.18182, mrr is 0.25000
---- item 451: map is 0.41496, precision@k is 0.18182, mrr is 1.00000
---- item 501: map is 0.09119, precision@k is 0.09091, mrr is 0.25000
---- item 551: map is 0.34440, precision@k is 0.09091, mrr is 1.00000
---- item 601: map is 0.15625, precision@k is 0.09091, mrr is 0.25000
---- item 651: map is 0.37577, precision@k is 0.18182, mrr is 1.00000
---- item 701: map is 0.14318, precision@k is 0.09091, mrr is 0.25000
[Stat]LDA_Item model, Interpolation mode item tagging: Precision@K is 0.13559, MAP is: 0.20464, MRR is: 0.42293, in top 10 tags
244 users are loaded from /home/ll5fy/TUIR/dataset/yelp/byUser_70k_review/5foldsCVColdstart/1/...
260 users are loaded from /home/ll5fy/TUIR/dataset/yelp/byUser_70k_review/5foldsCVColdstart/0/...
266 users are loaded from /home/ll5fy/TUIR/dataset/yelp/byUser_70k_review/5foldsCVColdstart/2/...
264 users are loaded from /home/ll5fy/TUIR/dataset/yelp/byUser_70k_review/5foldsCVColdstart/3/...
256 users are loaded from /home/ll5fy/TUIR/dataset/yelp/byUser_70k_review/5foldsCVColdstart/4/...
[Info]Finish loading 732 items' weights in total 156639 items!
[Info]Begin tagging 732 items with LDA_Item Interpolation............
---- item 1: map is 0.67754, precision@k is 0.18182, mrr is 1.00000
---- item 51: map is 0.34358, precision@k is 0.09091, mrr is 1.00000
---- item 101: map is 0.22712, precision@k is 0.09091, mrr is 0.50000
---- item 151: map is 0.42457, precision@k is 0.18182, mrr is 1.00000
---- item 201: map is 1.00000, precision@k is 1.00000, mrr is 1.00000
---- item 251: map is 0.54167, precision@k is 0.09091, mrr is 1.00000
---- item 301: map is 0.44698, precision@k is 0.18182, mrr is 1.00000
---- item 351: map is 0.26282, precision@k is 0.09091, mrr is 0.50000
---- item 401: map is 0.34497, precision@k is 0.09091, mrr is 1.00000
---- item 451: map is 0.26029, precision@k is 0.18182, mrr is 1.00000
---- item 501: map is 0.08333, precision@k is 0.00000, mrr is 0.08333
---- item 551: map is 0.00424, precision@k is 0.00000, mrr is 0.00251
---- item 601: map is 0.01577, precision@k is 0.00000, mrr is 0.02000
---- item 651: map is 0.18317, precision@k is 0.09091, mrr is 0.50000
---- item 701: map is 0.41512, precision@k is 0.18182, mrr is 1.00000
[Stat]LDA_Item model, Interpolation mode item tagging: Precision@K is 0.20019, MAP is: 0.37927, MRR is: 0.75775, in top 10 tags
266 users are loaded from /home/ll5fy/TUIR/dataset/yelp/byUser_70k_review/5foldsCVColdstart/2/...
260 users are loaded from /home/ll5fy/TUIR/dataset/yelp/byUser_70k_review/5foldsCVColdstart/0/...
244 users are loaded from /home/ll5fy/TUIR/dataset/yelp/byUser_70k_review/5foldsCVColdstart/1/...
264 users are loaded from /home/ll5fy/TUIR/dataset/yelp/byUser_70k_review/5foldsCVColdstart/3/...
256 users are loaded from /home/ll5fy/TUIR/dataset/yelp/byUser_70k_review/5foldsCVColdstart/4/...
[Info]Finish loading 702 items' weights in total 156639 items!
[Info]Begin tagging 702 items with LDA_Item Interpolation............
---- item 1: map is 0.44649, precision@k is 0.18182, mrr is 1.00000
---- item 51: map is 0.25863, precision@k is 0.18182, mrr is 0.50000
---- item 101: map is 0.01508, precision@k is 0.00000, mrr is 0.02000
---- item 151: map is 0.30868, precision@k is 0.18182, mrr is 0.50000
---- item 201: map is 0.19505, precision@k is 0.09091, mrr is 1.00000
---- item 251: map is 0.24809, precision@k is 0.27273, mrr is 0.50000
---- item 301: map is 0.19900, precision@k is 0.09091, mrr is 0.50000
---- item 351: map is 0.37892, precision@k is 0.09091, mrr is 1.00000
---- item 401: map is 0.44000, precision@k is 0.27273, mrr is 1.00000
---- item 451: map is 0.61114, precision@k is 0.27273, mrr is 1.00000
---- item 501: map is 0.20766, precision@k is 0.18182, mrr is 0.50000
---- item 551: map is 0.39842, precision@k is 0.27273, mrr is 1.00000
---- item 601: map is 0.31280, precision@k is 0.27273, mrr is 0.50000
---- item 651: map is 0.40498, precision@k is 0.18182, mrr is 1.00000
---- item 701: map is 0.41667, precision@k is 0.50000, mrr is 0.33333
[Stat]LDA_Item model, Interpolation mode item tagging: Precision@K is 0.20392, MAP is: 0.37380, MRR is: 0.72252, in top 10 tags
264 users are loaded from /home/ll5fy/TUIR/dataset/yelp/byUser_70k_review/5foldsCVColdstart/3/...
260 users are loaded from /home/ll5fy/TUIR/dataset/yelp/byUser_70k_review/5foldsCVColdstart/0/...
244 users are loaded from /home/ll5fy/TUIR/dataset/yelp/byUser_70k_review/5foldsCVColdstart/1/...
266 users are loaded from /home/ll5fy/TUIR/dataset/yelp/byUser_70k_review/5foldsCVColdstart/2/...
256 users are loaded from /home/ll5fy/TUIR/dataset/yelp/byUser_70k_review/5foldsCVColdstart/4/...
[Info]Finish loading 717 items' weights in total 156639 items!
[Info]Begin tagging 717 items with LDA_Item Interpolation............
---- item 1: map is 0.67886, precision@k is 0.18182, mrr is 1.00000
---- item 51: map is 0.36174, precision@k is 0.09091, mrr is 1.00000
---- item 101: map is 0.16848, precision@k is 0.09091, mrr is 0.25000
---- item 151: map is 0.10610, precision@k is 0.09091, mrr is 0.20000
---- item 201: map is 0.19941, precision@k is 0.18182, mrr is 0.50000
---- item 251: map is 0.25226, precision@k is 0.09091, mrr is 0.50000
---- item 301: map is 0.31569, precision@k is 0.18182, mrr is 0.50000
---- item 351: map is 0.02205, precision@k is 0.00000, mrr is 0.02857
---- item 401: map is 0.00631, precision@k is 0.00000, mrr is 0.00448
---- item 451: map is 0.51961, precision@k is 0.09091, mrr is 1.00000
---- item 501: map is 1.00000, precision@k is 1.00000, mrr is 1.00000
---- item 551: map is 0.67040, precision@k is 0.18182, mrr is 1.00000
---- item 601: map is 0.17411, precision@k is 0.09091, mrr is 0.50000
---- item 651: map is 0.19827, precision@k is 0.18182, mrr is 0.50000
---- item 701: map is 0.09056, precision@k is 0.09091, mrr is 0.25000
[Stat]LDA_Item model, Interpolation mode item tagging: Precision@K is 0.20940, MAP is: 0.37896, MRR is: 0.72396, in top 10 tags
256 users are loaded from /home/ll5fy/TUIR/dataset/yelp/byUser_70k_review/5foldsCVColdstart/4/...
260 users are loaded from /home/ll5fy/TUIR/dataset/yelp/byUser_70k_review/5foldsCVColdstart/0/...
244 users are loaded from /home/ll5fy/TUIR/dataset/yelp/byUser_70k_review/5foldsCVColdstart/1/...
266 users are loaded from /home/ll5fy/TUIR/dataset/yelp/byUser_70k_review/5foldsCVColdstart/2/...
264 users are loaded from /home/ll5fy/TUIR/dataset/yelp/byUser_70k_review/5foldsCVColdstart/3/...
[Info]Finish loading 726 items' weights in total 156639 items!
[Info]Begin tagging 726 items with LDA_Item Interpolation............
---- item 1: map is 0.67576, precision@k is 0.18182, mrr is 1.00000
---- item 51: map is 0.22227, precision@k is 0.09091, mrr is 1.00000
---- item 101: map is 0.57516, precision@k is 0.18182, mrr is 1.00000
---- item 151: map is 0.34830, precision@k is 0.09091, mrr is 1.00000
---- item 201: map is 0.83333, precision@k is 0.66667, mrr is 1.00000
---- item 251: map is 0.34838, precision@k is 0.09091, mrr is 1.00000
---- item 301: map is 0.44722, precision@k is 0.18182, mrr is 1.00000
---- item 351: map is 1.00000, precision@k is 1.00000, mrr is 1.00000
---- item 401: map is 0.35830, precision@k is 0.09091, mrr is 1.00000
---- item 451: map is 0.20049, precision@k is 0.09091, mrr is 0.50000
---- item 501: map is 0.52695, precision@k is 0.18182, mrr is 1.00000
---- item 551: map is 0.52782, precision@k is 0.18182, mrr is 1.00000
---- item 601: map is 0.35387, precision@k is 0.18182, mrr is 0.50000
---- item 651: map is 0.53571, precision@k is 0.18182, mrr is 1.00000
---- item 701: map is 0.50922, precision@k is 0.18182, mrr is 1.00000
[Stat]LDA_Item model, Interpolation mode item tagging: Precision@K is 0.21767, MAP is: 0.38821, MRR is: 0.72463, in top 10 tags

[Stat]Running time (seconds) 308.02100
[Stat]MAP 0.345+/-0.070
[Stat]MRR 0.670+/-0.124
[Stat]Precision 0.193+/-0.029
